/ndn/h1-site/h1/C2Data-121-Type2;152306.0000;DATA;1611608000.132434
/ndn/h11-site/h11/C2Data-1331-Type1;117556.0000;DATA;1611608001.810507
/ndn/d14-site/d14/C2Data-3509-Type1;103620.0000;DATA;1611608002.422481
/ndn/d11-site/d11/C2Data-3146-Type2;148848.0000;DATA;1611608003.384492
/ndn/h4-site/h4/C2Data-484-Type2;120093.0000;DATA;1611608005.803500
/ndn/v12-site/v12/C2Data-6897-Type1;295473.0000;DATA;1611608006.017666
/ndn/s13-site/s13/C2Data-5203-Type2;104179.0000;NACK;1611608006.739502
/ndn/s1-site/s1/C2Data-3751-Type1;165786.0000;DATA;1611608007.172640
/ndn/v14-site/v14/C2Data-7139-Type1;119413.0000;DATA;1611608010.264429
/ndn/s4-site/s4/C2Data-4114-Type1;26052.0000;DATA;1611608010.654487
/ndn/v7-site/v7/C2Data-3172-Type3;268316.0000;DATA;1611608027.192552
/ndn/s6-site/s6/C2Data-2196-Type3;209381.0000;DATA;1611608030.031601
/ndn/v4-site/v4/C2Data-2989-Type3;325652.0000;DATA;1611608030.377482
/ndn/h3-site/h3/C2Data-364-Type2;153462.0000;DATA;1611608030.862482
/ndn/d14-site/d14/C2Data-3510-Type2;93670.0000;DATA;1611608031.189487
/ndn/v1-site/v1/C2Data-5567-Type2;290504.0000;DATA;1611608031.601437
/ndn/s10-site/s10/C2Data-4841-Type1;23808.0000;DATA;1611608032.091567
/ndn/v9-site/v9/C2Data-6535-Type1;236798.0000;DATA;1611608033.513493
/ndn/s12-site/s12/C2Data-5083-Type2;252167.0000;DATA;1611608033.755431
/ndn/s7-site/s7/C2Data-2257-Type3;70029.0000;DATA;1611608033.993519
/ndn/d6-site/d6/C2Data-1281-Type3;256476.0000;DATA;1611608033.902579
/ndn/d3-site/d3/C2Data-1098-Type3;167593.0000;DATA;1611608036.154445
/ndn/s13-site/s13/C2Data-5204-Type1;115436.0000;DATA;1611608036.308503
/ndn/v14-site/v14/C2Data-7140-Type2;46281.0000;DATA;1611608036.388432
/ndn/s5-site/s5/C2Data-4236-Type2;46771.0000;DATA;1611608038.182519
/ndn/d8-site/d8/C2Data-2784-Type2;47247.0000;DATA;1611608038.296462
/ndn/v2-site/v2/C2Data-2867-Type3;47340.0000;DATA;1611608042.795443
/ndn/s14-site/s14/C2Data-2684-Type3;120893.0000;DATA;1611608047.125475
/ndn/h6-site/h6/C2Data-728-Type1;166436.0000;DATA;1611608061.457594
/ndn/s12-site/s12/C2Data-5084-Type1;122324.0000;DATA;1611608061.744439
/ndn/s8-site/s8/C2Data-4600-Type1;71126.0000;DATA;1611608062.275492
/ndn/h3-site/h3/C2Data-365-Type2;275195.0000;DATA;1611608062.524418
/ndn/v14-site/v14/C2Data-7141-Type2;142906.0000;DATA;1611608066.357418
/ndn/s6-site/s6/C2Data-4358-Type1;292311.0000;DATA;1611608067.584676
/ndn/v2-site/v2/C2Data-5689-Type2;251228.0000;DATA;1611608067.939437
/ndn/s1-site/s1/C2Data-3753-Type2;120809.0000;DATA;1611608069.910418
/ndn/v13-site/v13/C2Data-7020-Type1;95492.0000;DATA;1611608070.602761
/ndn/h0-site/h0/C2Data-1-Type3;162345.0000;DATA;1611608084.381429
/ndn/d12-site/d12/C2Data-1648-Type3;217469.0000;DATA;1611608084.853545
/ndn/d6-site/d6/C2Data-1282-Type3;274731.0000;DATA;1611608085.307485
/ndn/d10-site/d10/C2Data-1526-Type3;234016.0000;DATA;1611608086.019830
/ndn/d9-site/d9/C2Data-1465-Type3;251745.0000;DATA;1611608087.143489
/ndn/v11-site/v11/C2Data-3417-Type3;122544.0000;DATA;1611608087.594432
/ndn/h14-site/h14/C2Data-1697-Type1;49795.0000;DATA;1611608090.032483
/ndn/s11-site/s11/C2Data-4964-Type1;270104.0000;DATA;1611608090.351113
/ndn/d2-site/d2/C2Data-1038-Type3;140817.0000;DATA;1611608090.641437
/ndn/d5-site/d5/C2Data-1221-Type3;118640.0000;DATA;1611608090.869496
/ndn/h1-site/h1/C2Data-124-Type2;149321.0000;DATA;1611608091.443454
/ndn/s7-site/s7/C2Data-2258-Type3;119260.0000;DATA;1611608091.589540
/ndn/v8-site/v8/C2Data-6416-Type1;235517.0000;DATA;1611608091.693561
/ndn/s2-site/s2/C2Data-1953-Type3;73445.0000;DATA;1611608091.982499
/ndn/h6-site/h6/C2Data-729-Type2;215707.0000;DATA;1611608093.748475
/ndn/v8-site/v8/C2Data-3234-Type3;129517.0000;DATA;1611608093.846413
/ndn/s14-site/s14/C2Data-5327-Type2;121769.0000;DATA;1611608094.296618
/ndn/v14-site/v14/C2Data-3600-Type3;46199.0000;DATA;1611608095.058473
/ndn/d11-site/d11/C2Data-1587-Type3;124049.0000;DATA;1611608095.715432
/ndn/s9-site/s9/C2Data-4722-Type2;48750.0000;DATA;1611608096.981113
/ndn/v6-site/v6/C2Data-6174-Type2;119573.0000;DATA;1611608097.072448
/ndn/s11-site/s11/C2Data-2502-Type3;116437.0000;DATA;1611608097.880432
/ndn/d9-site/d9/C2Data-2907-Type1;217893.0000;DATA;1611608097.972418
/ndn/s3-site/s3/C2Data-3996-Type2;118208.0000;DATA;1611608098.135442
/ndn/v2-site/v2/C2Data-800-Type4;246880.0000;DATA;1611608098.576506
/ndn/s2-site/s2/C2Data-3875-Type1;52705.0000;DATA;1611608099.549429
/ndn/d5-site/d5/C2Data-2423-Type1;194928.0000;DATA;1611608100.037477
/ndn/v3-site/v3/C2Data-5811-Type1;126550.0000;DATA;1611608101.871505
/ndn/v1-site/v1/C2Data-775-Type4;47980.0000;DATA;1611608103.156526
/ndn/v2-site/v2/C2Data-2868-Type3;46494.0000;DATA;1611608105.948492
/ndn/s6-site/s6/C2Data-2197-Type3;47836.0000;DATA;1611608107.966540
/ndn/d4-site/d4/C2Data-475-Type4;155430.0000;DATA;1611608117.734451
/ndn/d12-site/d12/C2Data-675-Type4;53234.0000;DATA;1611608118.461851
/ndn/s12-site/s12/C2Data-5086-Type1;264192.0000;DATA;1611608120.387602
/ndn/v13-site/v13/C2Data-7022-Type1;98317.0000;DATA;1611608122.478481
/ndn/v3-site/v3/C2Data-5812-Type1;50331.0000;DATA;1611608122.690483
/ndn/h14-site/h14/C2Data-1698-Type1;54387.0000;DATA;1611608122.800474
/ndn/h13-site/h13/C2Data-1577-Type2;125070.0000;DATA;1611608122.949709
/ndn/s0-site/s0/C2Data-3634-Type1;173425.0000;DATA;1611608123.021460
/ndn/s2-site/s2/C2Data-3876-Type2;94376.0000;DATA;1611608123.559450
/ndn/d13-site/d13/C2Data-3392-Type1;115589.0000;DATA;1611608123.560410
/ndn/s8-site/s8/C2Data-4602-Type1;70132.0000;DATA;1611608124.612420
/ndn/v5-site/v5/C2Data-6054-Type2;237346.0000;DATA;1611608124.492094
/ndn/s0-site/s0/C2Data-3634-Type2;163526.0000;DATA;1611608124.970545
/ndn/v11-site/v11/C2Data-6780-Type2;47586.0000;DATA;1611608126.670579
/ndn/v14-site/v14/C2Data-7143-Type1;46365.0000;DATA;1611608127.181485
/ndn/h1-site/h1/C2Data-125-Type2;119474.0000;DATA;1611608127.632601
/ndn/d10-site/d10/C2Data-625-Type4;47442.0000;DATA;1611608127.918492
/ndn/h2-site/h2/C2Data-246-Type2;24436.0000;DATA;1611608128.267444
/ndn/s1-site/s1/C2Data-3755-Type1;282317.0000;DATA;1611608128.756505
/ndn/h2-site/h2/C2Data-246-Type1;23402.0000;DATA;1611608129.233417
/ndn/d12-site/d12/C2Data-3271-Type1;121837.0000;DATA;1611608129.414429
/ndn/d11-site/d11/C2Data-3150-Type2;97821.0000;DATA;1611608129.579639
/ndn/h13-site/h13/C2Data-1577-Type1;123805.0000;DATA;1611608129.950516
/ndn/s3-site/s3/C2Data-3997-Type1;46636.0000;DATA;1611608130.286469
/ndn/h5-site/h5/C2Data-125-Type4;97497.0000;DATA;1611608132.192637
/ndn/h14-site/h14/C2Data-350-Type4;75406.0000;DATA;1611608133.151829
/ndn/h2-site/h2/C2Data-50-Type4;23906.0000;DATA;1611608136.750834
/ndn/d8-site/d8/C2Data-575-Type4;46411.0000;DATA;1611608138.541260
/ndn/s9-site/s9/C2Data-2381-Type3;46943.0000;DATA;1611608148.399494
/ndn/d10-site/d10/C2Data-1527-Type3;226730.0000;DATA;1611608149.035475
/ndn/s3-site/s3/C2Data-2015-Type3;92419.0000;DATA;1611608150.761515
/ndn/d5-site/d5/C2Data-2425-Type1;190327.0000;DATA;1611608151.105674
/ndn/s3-site/s3/C2Data-3998-Type2;115528.0000;DATA;1611608151.552506
/ndn/d10-site/d10/C2Data-3030-Type1;214124.0000;DATA;1611608151.796517
/ndn/d14-site/d14/C2Data-725-Type4;71153.0000;DATA;1611608152.067443
/ndn/v6-site/v6/C2Data-6176-Type2;125745.0000;DATA;1611608153.119503
/ndn/s9-site/s9/C2Data-4724-Type2;122332.0000;DATA;1611608153.837412
/ndn/s4-site/s4/C2Data-4119-Type1;25702.0000;DATA;1611608155.887443
/ndn/d8-site/d8/C2Data-1405-Type3;48606.0000;DATA;1611608155.906488
/ndn/h1-site/h1/C2Data-126-Type1;150790.0000;DATA;1611608157.314466
/ndn/v10-site/v10/C2Data-6660-Type2;241795.0000;DATA;1611608157.942419
/ndn/s5-site/s5/C2Data-4240-Type2;49711.0000;DATA;1611608158.297472
/ndn/s4-site/s4/C2Data-2076-Type3;27283.0000;DATA;1611608158.480453
/ndn/s0-site/s0/C2Data-3635-Type2;144854.0000;DATA;1611608158.952454
/ndn/h0-site/h0/C2Data-2-Type3;119815.0000;DATA;1611608159.125734
/ndn/d5-site/d5/C2Data-2425-Type2;117758.0000;DATA;1611608160.230645
/ndn/d12-site/d12/C2Data-3272-Type2;47622.0000;DATA;1611608160.860488
/ndn/d9-site/d9/C2Data-1466-Type3;47549.0000;DATA;1611608161.101512
/ndn/h10-site/h10/C2Data-612-Type3;195335.0000;DATA;1611608161.696599
/ndn/h2-site/h2/C2Data-247-Type1;24124.0000;DATA;1611608161.961417
/ndn/v11-site/v11/C2Data-6781-Type2;124124.0000;DATA;1611608161.954506
/ndn/s10-site/s10/C2Data-2442-Type3;25479.0000;DATA;1611608165.366498
/ndn/h14-site/h14/C2Data-856-Type3;46126.0000;DATA;1611608166.032455
/ndn/v3-site/v3/C2Data-2930-Type3;46398.0000;DATA;1611608167.059502
/ndn/s0-site/s0/C2Data-1832-Type3;47696.0000;DATA;1611608167.973648
/ndn/s12-site/s12/C2Data-5088-Type2;263671.0000;DATA;1611608180.661565
/ndn/d12-site/d12/C2Data-3273-Type2;217976.0000;DATA;1611608182.073741
/ndn/d1-site/d1/C2Data-1942-Type2;46012.0000;DATA;1611608182.250512
/ndn/d3-site/d3/C2Data-2184-Type1;266070.0000;DATA;1611608182.784427
/ndn/v9-site/v9/C2Data-6540-Type1;266008.0000;DATA;1611608184.429471
/ndn/s8-site/s8/C2Data-4604-Type2;70348.0000;DATA;1611608184.968408
/ndn/v4-site/v4/C2Data-5935-Type2;235070.0000;DATA;1611608186.696531
/ndn/d2-site/d2/C2Data-2063-Type2;165858.0000;DATA;1611608187.466554
/ndn/s1-site/s1/C2Data-3757-Type2;121945.0000;DATA;1611608189.419525
/ndn/d9-site/d9/C2Data-2910-Type1;119803.0000;DATA;1611608190.046466
/ndn/s11-site/s11/C2Data-4967-Type2;263742.0000;DATA;1611608190.040440
/ndn/d14-site/d14/C2Data-3515-Type1;94333.0000;DATA;1611608190.662428
/ndn/s10-site/s10/C2Data-4846-Type2;23727.0000;DATA;1611608191.333653
/ndn/h1-site/h1/C2Data-127-Type2;149610.0000;DATA;1611608191.661508
/ndn/h4-site/h4/C2Data-247-Type3;221350.0000;DATA;1611608204.122493
/ndn/h8-site/h8/C2Data-491-Type3;146268.0000;DATA;1611608209.635484
/ndn/h13-site/h13/C2Data-796-Type3;46322.0000;DATA;1611608211.439432
/ndn/h0-site/h0/C2Data-3-Type3;123736.0000;DATA;1611608212.673413
/ndn/s3-site/s3/C2Data-4000-Type1;171517.0000;DATA;1611608213.252406
/ndn/v0-site/v0/C2Data-5452-Type2;173778.0000;DATA;1611608214.110558
/ndn/d1-site/d1/C2Data-979-Type3;47555.0000;DATA;1611608215.613456
