/ndn/d0-site/d0/C2Data-1210-Type1;288749.0000;DATA;1612148039.095360
/ndn/s5-site/s5/C2Data-3025-Type1;155429.0000;DATA;1612148039.397429
/ndn/s3-site/s3/C2Data-2783-Type2;293313.0000;DATA;1612148039.875303
/ndn/s7-site/s7/C2Data-3267-Type2;78316.0000;DATA;1612148041.156184
/ndn/d3-site/d3/C2Data-1573-Type1;212268.0000;DATA;1612148042.775837
/ndn/h7-site/h7/C2Data-847-Type1;180588.0000;DATA;1612148042.978582
/ndn/h5-site/h5/C2Data-605-Type1;165982.0000;DATA;1612148044.317707
/ndn/v6-site/v6/C2Data-4356-Type2;148951.0000;DATA;1612148047.388640
/ndn/d3-site/d3/C2Data-1573-Type2;201696.0000;DATA;1612148047.376098
/ndn/h9-site/h9/C2Data-549-Type3;24571.0000;DATA;1612148068.496980
/ndn/v0-site/v0/C2Data-3631-Type2;121296.0000;DATA;1612148068.546304
/ndn/h4-site/h4/C2Data-485-Type2;170470.0000;DATA;1612148070.528263
/ndn/s1-site/s1/C2Data-1281-Type3;195287.0000;DATA;1612148072.103770
/ndn/d7-site/d7/C2Data-2058-Type2;48712.0000;DATA;1612148073.672479
/ndn/h8-site/h8/C2Data-969-Type2;196536.0000;DATA;1612148074.955585
/ndn/d4-site/d4/C2Data-854-Type3;96157.0000;DATA;1612148075.159646
/ndn/h1-site/h1/C2Data-122-Type2;170566.0000;DATA;1612148076.138596
/ndn/s0-site/s0/C2Data-2421-Type1;117603.0000;DATA;1612148077.057027
/ndn/v9-site/v9/C2Data-2379-Type3;27184.0000;DATA;1612148077.199043
/ndn/d1-site/d1/C2Data-1332-Type2;70628.0000;DATA;1612148077.721074
/ndn/v7-site/v7/C2Data-2257-Type3;71409.0000;DATA;1612148077.759790
/ndn/h1-site/h1/C2Data-122-Type1;146275.0000;DATA;1612148077.822665
/ndn/h7-site/h7/C2Data-848-Type1;172867.0000;DATA;1612148078.180180
/ndn/d7-site/d7/C2Data-2058-Type1;47087.0000;DATA;1612148078.363999
/ndn/d3-site/d3/C2Data-1574-Type2;192510.0000;DATA;1612148078.600987
/ndn/h3-site/h3/C2Data-364-Type2;126027.0000;DATA;1612148079.891996
/ndn/s8-site/s8/C2Data-1708-Type3;100217.0000;DATA;1612148079.954859
/ndn/v0-site/v0/C2Data-3631-Type1;122598.0000;DATA;1612148079.978556
/ndn/s5-site/s5/C2Data-1525-Type3;152609.0000;DATA;1612148082.156446
/ndn/h5-site/h5/C2Data-305-Type3;154425.0000;DATA;1612148083.674957
/ndn/h8-site/h8/C2Data-488-Type3;339468.0000;DATA;1612148086.179084
/ndn/s2-site/s2/C2Data-2664-Type1;163424.0000;DATA;1612148099.028954
/ndn/d2-site/d2/C2Data-1454-Type1;54397.0000;DATA;1612148100.823052
/ndn/h0-site/h0/C2Data-2-Type1;28828.0000;DATA;1612148102.815568
/ndn/h7-site/h7/C2Data-849-Type1;168546.0000;DATA;1612148106.055775
/ndn/v7-site/v7/C2Data-4479-Type2;83596.0000;DATA;1612148107.778268
/ndn/h9-site/h9/C2Data-1091-Type2;25083.0000;DATA;1612148108.901138
/ndn/v5-site/v5/C2Data-4237-Type2;277148.0000;DATA;1612148108.731596
/ndn/d1-site/d1/C2Data-1333-Type2;87242.0000;DATA;1612148109.926549
/ndn/h9-site/h9/C2Data-550-Type3;29645.0000;DATA;1612148124.190846
/ndn/v3-site/v3/C2Data-2014-Type3;74696.0000;DATA;1612148127.508821
/ndn/s4-site/s4/C2Data-1465-Type3;48292.0000;DATA;1612148127.547614
/ndn/s7-site/s7/C2Data-1648-Type3;6001111.0000;TIMEOUT;1612148123.047556
/ndn/d9-site/d9/C2Data-2302-Type1;58500.0000;DATA;1612148129.825476
/ndn/s1-site/s1/C2Data-1282-Type3;175253.0000;DATA;1612148129.962559
/ndn/v4-site/v4/C2Data-4117-Type2;218072.0000;DATA;1612148130.625570
/ndn/v7-site/v7/C2Data-4480-Type2;74867.0000;DATA;1612148132.225606
