/ndn/v11-site/v11/C2Data-6776-Type1;694.0000;DATA;1611609746.104199
/ndn/d9-site/d9/C2Data-2904-Type1;49549.0000;DATA;1611609746.135173
/ndn/v1-site/v1/C2Data-5566-Type1;549.0000;DATA;1611609750.065184
/ndn/h3-site/h3/C2Data-363-Type2;670.0000;DATA;1611609750.191120
/ndn/s4-site/s4/C2Data-4114-Type2;250037.0000;DATA;1611609753.151113
/ndn/s10-site/s10/C2Data-4840-Type2;588.0000;DATA;1611609754.721156
/ndn/v12-site/v12/C2Data-6897-Type1;455.0000;DATA;1611609755.204102
/ndn/v13-site/v13/C2Data-7018-Type1;23620.0000;DATA;1611609755.550157
/ndn/s13-site/s13/C2Data-2623-Type3;43808.0000;NACK;1611609768.505397
/ndn/s0-site/s0/C2Data-1830-Type3;138577.0000;DATA;1611609769.173182
/ndn/h7-site/h7/C2Data-427-Type3;27833.0000;DATA;1611609770.126163
/ndn/s4-site/s4/C2Data-2074-Type3;284274.0000;DATA;1611609770.091152
/ndn/s1-site/s1/C2Data-1891-Type3;151187.0000;DATA;1611609773.047163
/ndn/d1-site/d1/C2Data-976-Type3;329011.0000;DATA;1611609773.340116
/ndn/h0-site/h0/C2Data-1-Type1;221359.0000;DATA;1611609773.957195
/ndn/h13-site/h13/C2Data-793-Type3;663.0000;DATA;1611609774.391182
/ndn/h4-site/h4/C2Data-244-Type3;766.0000;DATA;1611609775.133135
/ndn/h11-site/h11/C2Data-1332-Type2;144965.0000;DATA;1611609775.216192
/ndn/d9-site/d9/C2Data-2905-Type2;27112.0000;DATA;1611609776.985206
/ndn/h2-site/h2/C2Data-243-Type2;237944.0000;DATA;1611609777.671226
/ndn/d3-site/d3/C2Data-2179-Type2;701.0000;DATA;1611609778.418149
/ndn/s11-site/s11/C2Data-4962-Type1;44044.0000;NACK;1611609779.012120
/ndn/s13-site/s13/C2Data-5204-Type2;46975.0000;NACK;1611609780.244184
/ndn/h1-site/h1/C2Data-122-Type2;80337.0000;DATA;1611609780.515126
/ndn/d5-site/d5/C2Data-2421-Type2;139645.0000;DATA;1611609780.572152
/ndn/v1-site/v1/C2Data-5567-Type1;589.0000;DATA;1611609781.645140
/ndn/d0-site/d0/C2Data-915-Type3;658.0000;DATA;1611609781.831132
/ndn/v5-site/v5/C2Data-3050-Type3;690.0000;DATA;1611609783.241111
/ndn/h5-site/h5/C2Data-606-Type2;550.0000;DATA;1611609783.366148
/ndn/s3-site/s3/C2Data-3994-Type2;140753.0000;DATA;1611609784.030280
/ndn/d13-site/d13/C2Data-1708-Type3;682.0000;DATA;1611609787.120153
/ndn/h1-site/h1/C2Data-61-Type3;603.0000;DATA;1611609787.207198
/ndn/h6-site/h6/C2Data-366-Type3;541.0000;DATA;1611609787.664152
/ndn/h3-site/h3/C2Data-183-Type3;518.0000;DATA;1611609788.596119
/ndn/s13-site/s13/C2Data-5205-Type2;47586.0000;DATA;1611609808.000150
/ndn/s7-site/s7/C2Data-4479-Type2;71727.0000;DATA;1611609808.731155
/ndn/s6-site/s6/C2Data-4358-Type2;124962.0000;DATA;1611609808.693147
/ndn/h5-site/h5/C2Data-607-Type2;114411.0000;DATA;1611609809.770109
/ndn/v8-site/v8/C2Data-6415-Type1;101373.0000;DATA;1611609811.966119
/ndn/h8-site/h8/C2Data-970-Type2;504.0000;DATA;1611609812.127121
/ndn/s10-site/s10/C2Data-4842-Type1;488.0000;DATA;1611609812.994107
/ndn/s7-site/s7/C2Data-2258-Type3;161395.0000;DATA;1611609827.964108
/ndn/d10-site/d10/C2Data-1526-Type3;176303.0000;DATA;1611609830.965108
/ndn/s5-site/s5/C2Data-2136-Type3;50261.0000;DATA;1611609831.490136
/ndn/h9-site/h9/C2Data-550-Type3;122352.0000;DATA;1611609831.617130
/ndn/d1-site/d1/C2Data-1939-Type1;211493.0000;DATA;1611609833.864204
/ndn/s5-site/s5/C2Data-4238-Type2;47608.0000;DATA;1611609834.202158
/ndn/v1-site/v1/C2Data-5569-Type1;54288.0000;DATA;1611609834.820118
/ndn/s3-site/s3/C2Data-2014-Type3;118719.0000;DATA;1611609835.557113
/ndn/d4-site/d4/C2Data-2302-Type2;118434.0000;DATA;1611609836.197352
/ndn/v2-site/v2/C2Data-5690-Type1;96916.0000;DATA;1611609836.666161
/ndn/d6-site/d6/C2Data-1282-Type3;657.0000;DATA;1611609837.628107
/ndn/v12-site/v12/C2Data-6900-Type2;843.0000;DATA;1611609838.654167
/ndn/h8-site/h8/C2Data-489-Type3;49132.0000;DATA;1611609838.916163
/ndn/d13-site/d13/C2Data-3391-Type1;122132.0000;DATA;1611609839.080165
/ndn/v11-site/v11/C2Data-6779-Type1;69019.0000;DATA;1611609840.741131
/ndn/s6-site/s6/C2Data-4359-Type2;503.0000;DATA;1611609840.984114
/ndn/d2-site/d2/C2Data-2060-Type1;75355.0000;DATA;1611609841.595136
/ndn/s14-site/s14/C2Data-5327-Type2;117512.0000;DATA;1611609842.155124
/ndn/v10-site/v10/C2Data-6658-Type1;47402.0000;DATA;1611609843.071149
/ndn/h13-site/h13/C2Data-1576-Type1;71525.0000;DATA;1611609843.319114
/ndn/s2-site/s2/C2Data-1953-Type3;664.0000;DATA;1611609843.427190
/ndn/h5-site/h5/C2Data-306-Type3;545.0000;DATA;1611609843.653164
/ndn/v3-site/v3/C2Data-5811-Type1;189019.0000;DATA;1611609845.401176
/ndn/v2-site/v2/C2Data-2868-Type3;609.0000;DATA;1611609847.688110
/ndn/h13-site/h13/C2Data-794-Type3;193545.0000;DATA;1611609849.497276
/ndn/s6-site/s6/C2Data-2197-Type3;587.0000;DATA;1611609851.669169
/ndn/h5-site/h5/C2Data-125-Type4;26637.0000;DATA;1611609856.946393
/ndn/d2-site/d2/C2Data-2061-Type2;70610.0000;DATA;1611609864.314120
/ndn/h11-site/h11/C2Data-275-Type4;75260.0000;DATA;1611609865.274210
/ndn/h4-site/h4/C2Data-488-Type2;192578.0000;DATA;1611609865.729127
/ndn/s6-site/s6/C2Data-4360-Type1;118710.0000;DATA;1611609866.097161
/ndn/s13-site/s13/C2Data-5207-Type1;139756.0000;DATA;1611609866.137235
/ndn/v5-site/v5/C2Data-6054-Type2;73349.0000;DATA;1611609867.138112
/ndn/v8-site/v8/C2Data-6417-Type1;612.0000;DATA;1611609867.762129
/ndn/v4-site/v4/C2Data-5933-Type2;975.0000;DATA;1611609868.101223
/ndn/h12-site/h12/C2Data-1456-Type1;658.0000;DATA;1611609868.772126
/ndn/v7-site/v7/C2Data-6296-Type2;712.0000;DATA;1611609875.437143
/ndn/d12-site/d12/C2Data-675-Type4;678.0000;DATA;1611609880.981118
/ndn/d3-site/d3/C2Data-450-Type4;540.0000;DATA;1611609883.628220
/ndn/v2-site/v2/C2Data-800-Type4;668.0000;DATA;1611609884.283294
/ndn/h14-site/h14/C2Data-856-Type3;230323.0000;DATA;1611609888.083155
/ndn/v7-site/v7/C2Data-3174-Type3;24489.0000;DATA;1611609888.506184
/ndn/s0-site/s0/C2Data-1832-Type3;148739.0000;DATA;1611609889.063167
/ndn/v0-site/v0/C2Data-2747-Type3;145012.0000;DATA;1611609889.149132
/ndn/v5-site/v5/C2Data-3052-Type3;578.0000;DATA;1611609892.468170
/ndn/v12-site/v12/C2Data-3479-Type3;583.0000;DATA;1611609893.228154
/ndn/d13-site/d13/C2Data-1710-Type3;70648.0000;DATA;1611609894.271179
/ndn/h6-site/h6/C2Data-368-Type3;25138.0000;DATA;1611609895.333145
/ndn/h6-site/h6/C2Data-150-Type4;681.0000;DATA;1611609896.122141
/ndn/v5-site/v5/C2Data-6055-Type1;592.0000;DATA;1611609899.036145
/ndn/d10-site/d10/C2Data-3030-Type2;187440.0000;DATA;1611609899.256122
/ndn/h8-site/h8/C2Data-490-Type3;128449.0000;DATA;1611609899.527145
/ndn/h3-site/h3/C2Data-368-Type2;572.0000;DATA;1611609900.512195
/ndn/s14-site/s14/C2Data-5329-Type2;23664.0000;DATA;1611609900.877167
/ndn/s6-site/s6/C2Data-4361-Type2;123041.0000;DATA;1611609901.917194
/ndn/v1-site/v1/C2Data-5571-Type2;604.0000;DATA;1611609902.545129
/ndn/d13-site/d13/C2Data-3393-Type1;118837.0000;DATA;1611609902.731196
/ndn/d4-site/d4/C2Data-2304-Type1;142589.0000;DATA;1611609903.531261
/ndn/h8-site/h8/C2Data-973-Type2;120131.0000;DATA;1611609905.048144
/ndn/d9-site/d9/C2Data-1466-Type3;647.0000;DATA;1611609908.032170
/ndn/s6-site/s6/C2Data-4362-Type1;121419.0000;DATA;1611609924.232134
/ndn/h1-site/h1/C2Data-127-Type1;98624.0000;DATA;1611609924.878568
/ndn/v1-site/v1/C2Data-5572-Type1;52799.0000;DATA;1611609927.298773
/ndn/h9-site/h9/C2Data-1095-Type1;76833.0000;DATA;1611609928.690157
/ndn/h11-site/h11/C2Data-1337-Type1;601.0000;DATA;1611609930.589126
/ndn/s10-site/s10/C2Data-4846-Type1;734.0000;DATA;1611609930.773146
/ndn/v11-site/v11/C2Data-6782-Type2;122837.0000;DATA;1611609930.926170
/ndn/v5-site/v5/C2Data-6056-Type1;28601.0000;DATA;1611609933.708140
/ndn/h8-site/h8/C2Data-974-Type2;46287.0000;DATA;1611609935.329195
/ndn/v12-site/v12/C2Data-3480-Type3;46551.0000;DATA;1611609949.376101
/ndn/v10-site/v10/C2Data-3358-Type3;55594.0000;DATA;1611609950.055564
/ndn/v0-site/v0/C2Data-2748-Type3;188415.0000;DATA;1611609951.268219
/ndn/h5-site/h5/C2Data-308-Type3;182708.0000;DATA;1611609951.277169
/ndn/d5-site/d5/C2Data-1223-Type3;150170.0000;DATA;1611609953.460126
/ndn/h8-site/h8/C2Data-975-Type1;120596.0000;DATA;1611609954.452154
/ndn/s3-site/s3/C2Data-4000-Type1;246311.0000;DATA;1611609956.039118
/ndn/s5-site/s5/C2Data-2138-Type3;609.0000;DATA;1611609956.348235
/ndn/s13-site/s13/C2Data-5210-Type1;144797.0000;DATA;1611609957.882108
/ndn/h3-site/h3/C2Data-370-Type1;577.0000;DATA;1611609958.244224
/ndn/h14-site/h14/C2Data-1701-Type1;152638.0000;DATA;1611609958.797105
/ndn/v8-site/v8/C2Data-6420-Type2;146484.0000;DATA;1611609959.087214
