/ndn/v10-site/v10/C2Data-6655-Type2;694.0000;NACK;1611603165.325701
/ndn/v6-site/v6/C2Data-6171-Type2;24230.0000;DATA;1611603165.759691
/ndn/s1-site/s1/C2Data-3751-Type2;230942.0000;DATA;1611603166.129757
/ndn/d4-site/d4/C2Data-2299-Type1;23618.0000;DATA;1611603167.605747
/ndn/h4-site/h4/C2Data-484-Type2;170304.0000;DATA;1611603169.058692
/ndn/v3-site/v3/C2Data-5808-Type2;105388.0000;DATA;1611603171.289766
/ndn/s7-site/s7/C2Data-4477-Type2;46566.0000;DATA;1611603172.627775
/ndn/v11-site/v11/C2Data-6776-Type1;24563.0000;DATA;1611603173.031785
/ndn/s1-site/s1/C2Data-3751-Type1;246586.0000;DATA;1611603172.986702
/ndn/v2-site/v2/C2Data-5687-Type1;142151.0000;DATA;1611603174.712841
/ndn/v8-site/v8/C2Data-6413-Type1;198431.0000;DATA;1611603175.462771
/ndn/v5-site/v5/C2Data-6050-Type1;199519.0000;DATA;1611603176.181769
/ndn/v0-site/v0/C2Data-5445-Type1;195264.0000;DATA;1611603177.081815
/ndn/d2-site/d2/C2Data-1037-Type3;46335.0000;DATA;1611603190.551754
/ndn/s9-site/s9/C2Data-2379-Type3;99582.0000;DATA;1611603191.032780
/ndn/v2-site/v2/C2Data-2867-Type3;152326.0000;DATA;1611603192.548760
/ndn/v3-site/v3/C2Data-2928-Type3;98568.0000;DATA;1611603192.606782
/ndn/v8-site/v8/C2Data-3233-Type3;212459.0000;DATA;1611603192.609823
/ndn/h13-site/h13/C2Data-793-Type3;70614.0000;DATA;1611603195.198692
/ndn/s0-site/s0/C2Data-1830-Type3;197575.0000;DATA;1611603195.722706
/ndn/h4-site/h4/C2Data-485-Type2;164630.0000;DATA;1611603195.907805
/ndn/s8-site/s8/C2Data-4599-Type1;20321.0000;DATA;1611603196.632732
/ndn/s14-site/s14/C2Data-5325-Type1;27570.0000;DATA;1611603197.342880
/ndn/s7-site/s7/C2Data-4478-Type2;47957.0000;DATA;1611603197.656820
/ndn/d7-site/d7/C2Data-2663-Type1;122395.0000;DATA;1611603198.259915
/ndn/v14-site/v14/C2Data-7140-Type2;98672.0000;DATA;1611603198.545775
/ndn/d1-site/d1/C2Data-1937-Type1;92992.0000;DATA;1611603198.954798
/ndn/h5-site/h5/C2Data-606-Type2;115291.0000;DATA;1611603200.081694
/ndn/s10-site/s10/C2Data-4841-Type1;99575.0000;DATA;1611603201.529813
/ndn/h12-site/h12/C2Data-732-Type3;116345.0000;DATA;1611603202.429786
/ndn/v13-site/v13/C2Data-3538-Type3;72104.0000;DATA;1611603203.248804
/ndn/v6-site/v6/C2Data-6172-Type2;24080.0000;DATA;1611603203.320777
/ndn/s14-site/s14/C2Data-2684-Type3;24485.0000;DATA;1611603203.359771
/ndn/v12-site/v12/C2Data-6898-Type2;164687.0000;DATA;1611603203.418688
/ndn/s2-site/s2/C2Data-3873-Type1;47580.0000;DATA;1611603204.605714
/ndn/s13-site/s13/C2Data-5204-Type2;240664.0000;DATA;1611603204.715734
/ndn/h3-site/h3/C2Data-364-Type2;147140.0000;DATA;1611603204.855777
/ndn/d2-site/d2/C2Data-2058-Type2;47790.0000;DATA;1611603204.994696
/ndn/h4-site/h4/C2Data-244-Type3;169201.0000;DATA;1611603205.776800
/ndn/h10-site/h10/C2Data-1211-Type2;165245.0000;DATA;1611603206.203793
/ndn/s2-site/s2/C2Data-3873-Type2;47470.0000;DATA;1611603206.660776
/ndn/d9-site/d9/C2Data-1464-Type3;141695.0000;DATA;1611603208.551785
/ndn/h10-site/h10/C2Data-610-Type3;138637.0000;DATA;1611603209.205840
/ndn/s12-site/s12/C2Data-5084-Type1;216445.0000;DATA;1611603225.341813
/ndn/v8-site/v8/C2Data-6415-Type1;187802.0000;DATA;1611603226.415754
/ndn/d1-site/d1/C2Data-1938-Type1;98805.0000;DATA;1611603229.621850
/ndn/d8-site/d8/C2Data-2785-Type2;69715.0000;DATA;1611603229.966823
/ndn/v13-site/v13/C2Data-7020-Type2;70929.0000;DATA;1611603230.005818
/ndn/v6-site/v6/C2Data-6173-Type1;24929.0000;DATA;1611603230.545756
/ndn/s0-site/s0/C2Data-3632-Type2;192994.0000;DATA;1611603232.080783
/ndn/v4-site/v4/C2Data-5931-Type1;188597.0000;DATA;1611603233.607858
/ndn/h11-site/h11/C2Data-1333-Type1;24403.0000;DATA;1611603234.101784
/ndn/d7-site/d7/C2Data-2664-Type2;117129.0000;DATA;1611603235.249835
/ndn/h8-site/h8/C2Data-970-Type1;161692.0000;DATA;1611603235.211792
/ndn/s11-site/s11/C2Data-2502-Type3;234194.0000;DATA;1611603250.086763
/ndn/s12-site/s12/C2Data-2563-Type3;135874.0000;DATA;1611603253.750839
/ndn/h14-site/h14/C2Data-1697-Type1;79111.0000;DATA;1611603256.868779
/ndn/d0-site/d0/C2Data-916-Type3;75964.0000;DATA;1611603257.572731
/ndn/d0-site/d0/C2Data-1818-Type2;71022.0000;DATA;1611603258.608841
/ndn/s8-site/s8/C2Data-4601-Type2;46764.0000;DATA;1611603258.838779
/ndn/s7-site/s7/C2Data-2258-Type3;6000488.0000;TIMEOUT;1611603253.051760
/ndn/v7-site/v7/C2Data-6295-Type1;152386.0000;DATA;1611603258.977698
/ndn/h11-site/h11/C2Data-1334-Type1;23617.0000;DATA;1611603261.448719
/ndn/v2-site/v2/C2Data-2868-Type3;151352.0000;DATA;1611603263.415774
/ndn/h9-site/h9/C2Data-550-Type3;142613.0000;DATA;1611603263.969829
/ndn/h4-site/h4/C2Data-487-Type2;166959.0000;DATA;1611603264.332775
/ndn/d2-site/d2/C2Data-2060-Type1;48220.0000;DATA;1611603264.490901
/ndn/v8-site/v8/C2Data-3234-Type3;185746.0000;DATA;1611603265.508806
/ndn/h9-site/h9/C2Data-1092-Type2;146082.0000;DATA;1611603266.022705
/ndn/h0-site/h0/C2Data-0-Type4;192908.0000;DATA;1611603267.753861
/ndn/h8-site/h8/C2Data-200-Type4;211748.0000;DATA;1611603274.403868
/ndn/v6-site/v6/C2Data-900-Type4;24322.0000;DATA;1611603277.790778
/ndn/d4-site/d4/C2Data-475-Type4;25825.0000;DATA;1611603278.388023
/ndn/d0-site/d0/C2Data-1819-Type1;71545.0000;DATA;1611603287.173720
/ndn/d12-site/d12/C2Data-3271-Type1;95507.0000;DATA;1611603290.081691
/ndn/d2-site/d2/C2Data-2061-Type1;51750.0000;DATA;1611603291.644913
/ndn/v1-site/v1/C2Data-5570-Type1;166136.0000;DATA;1611603292.321797
/ndn/v4-site/v4/C2Data-5933-Type1;198667.0000;DATA;1611603296.525711
/ndn/d9-site/d9/C2Data-2908-Type1;143171.0000;DATA;1611603296.882781
/ndn/v4-site/v4/C2Data-850-Type4;201322.0000;DATA;1611603297.245839
/ndn/s13-site/s13/C2Data-5207-Type1;6000285.0000;TIMEOUT;1611603293.718769
/ndn/s10-site/s10/C2Data-4844-Type1;6006785.0000;TIMEOUT;1611603294.228803
/ndn/s6-site/s6/C2Data-4360-Type1;6018133.0000;TIMEOUT;1611603294.828775
/ndn/s0-site/s0/C2Data-3634-Type2;6001316.0000;TIMEOUT;1611603296.198754
/ndn/d9-site/d9/C2Data-600-Type4;178374.0000;DATA;1611603306.858789
/ndn/h2-site/h2/C2Data-50-Type4;169582.0000;DATA;1611603308.071222
/ndn/v2-site/v2/C2Data-800-Type4;143312.0000;DATA;1611603308.763027
/ndn/v4-site/v4/C2Data-2991-Type3;198165.0000;DATA;1611603310.211774
/ndn/v13-site/v13/C2Data-3540-Type3;70229.0000;DATA;1611603312.122805
/ndn/v0-site/v0/C2Data-750-Type4;230945.0000;DATA;1611603313.658534
/ndn/d9-site/d9/C2Data-1466-Type3;155306.0000;DATA;1611603314.282984
/ndn/d7-site/d7/C2Data-1344-Type3;121450.0000;DATA;1611603314.863841
/ndn/v13-site/v13/C2Data-7023-Type2;71627.0000;DATA;1611603316.290782
/ndn/v11-site/v11/C2Data-6781-Type2;24036.0000;DATA;1611603317.440808
/ndn/d11-site/d11/C2Data-1588-Type3;115555.0000;DATA;1611603317.962854
/ndn/d4-site/d4/C2Data-2304-Type2;26891.0000;DATA;1611603320.535901
/ndn/v9-site/v9/C2Data-6539-Type1;193419.0000;DATA;1611603321.319775
/ndn/s2-site/s2/C2Data-3877-Type1;6000494.0000;TIMEOUT;1611603316.132912
/ndn/v12-site/v12/C2Data-6902-Type2;163753.0000;DATA;1611603322.598792
/ndn/v14-site/v14/C2Data-7144-Type2;93828.0000;DATA;1611603323.910815
/ndn/v0-site/v0/C2Data-2747-Type3;188393.0000;DATA;1611603323.913304
/ndn/v5-site/v5/C2Data-3052-Type3;189665.0000;DATA;1611603324.311449
/ndn/s12-site/s12/C2Data-2564-Type3;6000279.0000;TIMEOUT;1611603318.920719
/ndn/s14-site/s14/C2Data-5329-Type2;6000691.0000;TIMEOUT;1611603319.440805
/ndn/v11-site/v11/C2Data-3418-Type3;23830.0000;DATA;1611603325.725735
/ndn/h11-site/h11/C2Data-673-Type3;27274.0000;DATA;1611603325.985722
/ndn/v3-site/v3/C2Data-5813-Type2;94881.0000;DATA;1611603326.071624
/ndn/h8-site/h8/C2Data-973-Type2;171107.0000;DATA;1611603326.442826
/ndn/d11-site/d11/C2Data-3151-Type2;119531.0000;DATA;1611603326.522761
/ndn/v2-site/v2/C2Data-5692-Type2;139491.0000;DATA;1611603326.653960
/ndn/s12-site/s12/C2Data-5087-Type1;6001173.0000;TIMEOUT;1611603322.178842
/ndn/v3-site/v3/C2Data-2930-Type3;112518.0000;DATA;1611603331.849872
/ndn/s11-site/s11/C2Data-2503-Type3;6000793.0000;TIMEOUT;1611603329.073817
/ndn/v6-site/v6/C2Data-6177-Type2;24248.0000;DATA;1611603345.718780
/ndn/v8-site/v8/C2Data-6419-Type1;188526.0000;DATA;1611603346.346843
/ndn/v11-site/v11/C2Data-6782-Type1;24517.0000;DATA;1611603348.497800
/ndn/d0-site/d0/C2Data-1821-Type1;73402.0000;DATA;1611603349.605714
/ndn/h13-site/h13/C2Data-1579-Type2;72094.0000;DATA;1611603350.388772
/ndn/s12-site/s12/C2Data-5088-Type1;6000351.0000;TIMEOUT;1611603349.698794
/ndn/h0-site/h0/C2Data-6-Type1;194226.0000;DATA;1611603357.201779
/ndn/h12-site/h12/C2Data-735-Type3;121058.0000;DATA;1611603372.642826
/ndn/d5-site/d5/C2Data-1223-Type3;137734.0000;DATA;1611603373.018832
/ndn/h5-site/h5/C2Data-308-Type3;130491.0000;DATA;1611603375.129840
/ndn/d1-site/d1/C2Data-979-Type3;99799.0000;DATA;1611603375.225811
/ndn/s5-site/s5/C2Data-2138-Type3;6000256.0000;TIMEOUT;1611603369.543798
/ndn/v14-site/v14/C2Data-3602-Type3;93956.0000;DATA;1611603378.078776
/ndn/v0-site/v0/C2Data-2748-Type3;193942.0000;DATA;1611603379.314847
/ndn/v7-site/v7/C2Data-6299-Type2;144000.0000;DATA;1611603380.912802
