/ndn/v12-site/v12/C2Data-6897-Type1;450.0000;NACK;1611610900.717298
/ndn/v14-site/v14/C2Data-7139-Type1;566.0000;NACK;1611610901.586316
/ndn/v3-site/v3/C2Data-5808-Type1;95271.0000;DATA;1611610901.706316
/ndn/v4-site/v4/C2Data-5929-Type1;502.0000;NACK;1611610902.910342
/ndn/s14-site/s14/C2Data-5324-Type2;498.0000;NACK;1611610904.034321
/ndn/s4-site/s4/C2Data-4114-Type1;466.0000;NACK;1611610906.605355
/ndn/v5-site/v5/C2Data-6050-Type1;484.0000;NACK;1611610908.438308
/ndn/v10-site/v10/C2Data-6655-Type2;508.0000;NACK;1611610910.595368
/ndn/d9-site/d9/C2Data-2904-Type2;92973.0000;DATA;1611610911.756466
/ndn/v8-site/v8/C2Data-3233-Type3;71504.0000;DATA;1611610926.349308
/ndn/h13-site/h13/C2Data-793-Type3;106890.0000;DATA;1611610928.538317
/ndn/v0-site/v0/C2Data-5446-Type2;552.0000;NACK;1611610930.756337
/ndn/s2-site/s2/C2Data-3873-Type2;120601.0000;DATA;1611610931.824354
/ndn/h1-site/h1/C2Data-61-Type3;164276.0000;DATA;1611610935.636377
/ndn/d0-site/d0/C2Data-915-Type3;173756.0000;DATA;1611610936.662307
/ndn/h2-site/h2/C2Data-122-Type3;864.0000;NACK;1611610937.403732
/ndn/d1-site/d1/C2Data-1937-Type1;493.0000;NACK;1611610937.689355
/ndn/v3-site/v3/C2Data-2928-Type3;100100.0000;DATA;1611610937.624364
/ndn/s9-site/s9/C2Data-4720-Type1;76808.0000;DATA;1611610937.750411
/ndn/d2-site/d2/C2Data-2058-Type2;190309.0000;DATA;1611610937.734349
/ndn/d13-site/d13/C2Data-1708-Type3;151535.0000;DATA;1611610937.859364
/ndn/v13-site/v13/C2Data-3538-Type3;123175.0000;DATA;1611610938.295388
/ndn/v5-site/v5/C2Data-6051-Type1;577.0000;NACK;1611610939.051402
/ndn/h2-site/h2/C2Data-243-Type2;690.0000;NACK;1611610939.107308
/ndn/s3-site/s3/C2Data-3994-Type2;47389.0000;DATA;1611610939.342385
/ndn/h9-site/h9/C2Data-549-Type3;81532.0000;DATA;1611610940.312340
/ndn/v6-site/v6/C2Data-3111-Type3;144547.0000;DATA;1611610940.975373
/ndn/h5-site/h5/C2Data-305-Type3;48756.0000;DATA;1611610941.293323
/ndn/h1-site/h1/C2Data-122-Type2;172701.0000;DATA;1611610941.516375
/ndn/v3-site/v3/C2Data-5809-Type2;92230.0000;DATA;1611610942.310407
/ndn/h7-site/h7/C2Data-848-Type2;95373.0000;DATA;1611610942.320442
/ndn/v7-site/v7/C2Data-3172-Type3;385.0000;NACK;1611610943.373315
/ndn/h10-site/h10/C2Data-610-Type3;172839.0000;DATA;1611610945.418321
/ndn/h14-site/h14/C2Data-1696-Type2;479.0000;NACK;1611610960.867345
/ndn/v9-site/v9/C2Data-6536-Type2;24735.0000;DATA;1611610961.693316
/ndn/d8-site/d8/C2Data-2785-Type1;189843.0000;DATA;1611610961.764345
/ndn/d14-site/d14/C2Data-3511-Type2;166377.0000;DATA;1611610963.088335
/ndn/s10-site/s10/C2Data-4842-Type1;516.0000;NACK;1611610963.931324
/ndn/d2-site/d2/C2Data-2059-Type1;196641.0000;DATA;1611610963.770365
/ndn/s14-site/s14/C2Data-5326-Type2;197001.0000;DATA;1611610963.968366
/ndn/s2-site/s2/C2Data-3874-Type1;127316.0000;DATA;1611610964.894312
/ndn/s3-site/s3/C2Data-3995-Type2;50319.0000;DATA;1611610966.227378
/ndn/s3-site/s3/C2Data-3995-Type1;46837.0000;DATA;1611610966.477311
/ndn/v6-site/v6/C2Data-6173-Type1;138514.0000;DATA;1611610966.451322
/ndn/v12-site/v12/C2Data-6899-Type1;513.0000;NACK;1611610967.754353
/ndn/d10-site/d10/C2Data-3027-Type1;24442.0000;DATA;1611610969.510318
/ndn/s7-site/s7/C2Data-4479-Type1;6004331.0000;TIMEOUT;1611610971.547366
/ndn/h0-site/h0/C2Data-1-Type3;164438.0000;DATA;1611610986.210350
/ndn/h14-site/h14/C2Data-855-Type3;181541.0000;DATA;1611610986.919504
/ndn/d2-site/d2/C2Data-1038-Type3;207455.0000;DATA;1611610988.300361
/ndn/h3-site/h3/C2Data-184-Type3;211748.0000;DATA;1611610989.097311
/ndn/s11-site/s11/C2Data-2502-Type3;51904.0000;DATA;1611610989.478311
/ndn/d5-site/d5/C2Data-2423-Type2;26783.0000;DATA;1611610990.976308
/ndn/v13-site/v13/C2Data-3539-Type3;120848.0000;DATA;1611610991.340392
/ndn/h13-site/h13/C2Data-1576-Type2;94694.0000;DATA;1611610991.822374
/ndn/s12-site/s12/C2Data-5085-Type1;47433.0000;DATA;1611610992.508325
/ndn/v10-site/v10/C2Data-6658-Type1;144428.0000;DATA;1611610995.024338
/ndn/d9-site/d9/C2Data-1465-Type3;97158.0000;DATA;1611610995.541361
/ndn/h5-site/h5/C2Data-608-Type1;52395.0000;DATA;1611610995.702307
/ndn/d12-site/d12/C2Data-3270-Type1;165376.0000;DATA;1611610995.672339
/ndn/s9-site/s9/C2Data-4722-Type1;71144.0000;DATA;1611610998.311447
/ndn/v5-site/v5/C2Data-3051-Type3;254129.0000;DATA;1611610998.921344
/ndn/h14-site/h14/C2Data-1697-Type2;166790.0000;DATA;1611610999.389334
/ndn/d8-site/d8/C2Data-1404-Type3;191612.0000;DATA;1611610999.415360
/ndn/d13-site/d13/C2Data-3391-Type2;164387.0000;DATA;1611610999.694368
/ndn/s10-site/s10/C2Data-4843-Type1;186658.0000;DATA;1611611000.343364
/ndn/d3-site/d3/C2Data-2181-Type1;145165.0000;DATA;1611611001.212304
/ndn/d8-site/d8/C2Data-2786-Type1;189278.0000;DATA;1611611001.524359
/ndn/h11-site/h11/C2Data-1334-Type2;190802.0000;DATA;1611611001.615395
/ndn/s7-site/s7/C2Data-4480-Type1;6000775.0000;TIMEOUT;1611610996.290326
/ndn/d9-site/d9/C2Data-600-Type4;96325.0000;DATA;1611611002.195401
/ndn/s0-site/s0/C2Data-3633-Type2;6000385.0000;TIMEOUT;1611610996.301333
/ndn/v10-site/v10/C2Data-6658-Type2;159245.0000;DATA;1611611002.580340
/ndn/s0-site/s0/C2Data-3633-Type1;6000263.0000;TIMEOUT;1611610996.938309
/ndn/d7-site/d7/C2Data-1343-Type3;122584.0000;DATA;1611611003.034367
/ndn/d13-site/d13/C2Data-1709-Type3;164063.0000;DATA;1611611006.056284
/ndn/s2-site/s2/C2Data-3875-Type1;6002327.0000;TIMEOUT;1611611001.008316
/ndn/d11-site/d11/C2Data-1587-Type3;189398.0000;DATA;1611611007.867378
/ndn/s5-site/s5/C2Data-2136-Type3;6000341.0000;TIMEOUT;1611611002.455411
/ndn/d1-site/d1/C2Data-400-Type4;200239.0000;DATA;1611611010.525768
/ndn/s1-site/s1/C2Data-1892-Type3;6000492.0000;TIMEOUT;1611611004.996380
/ndn/v8-site/v8/C2Data-950-Type4;128520.0000;DATA;1611611014.161342
/ndn/h7-site/h7/C2Data-851-Type1;103376.0000;DATA;1611611021.780307
/ndn/d11-site/d11/C2Data-650-Type4;216746.0000;DATA;1611611022.483411
/ndn/d4-site/d4/C2Data-2303-Type2;192237.0000;DATA;1611611024.411373
/ndn/d7-site/d7/C2Data-2666-Type1;119299.0000;DATA;1611611025.188338
/ndn/d2-site/d2/C2Data-2061-Type2;187955.0000;DATA;1611611025.576358
/ndn/v2-site/v2/C2Data-5691-Type2;149179.0000;DATA;1611611027.705331
/ndn/h6-site/h6/C2Data-150-Type4;50875.0000;DATA;1611611028.007310
/ndn/h13-site/h13/C2Data-1577-Type2;100363.0000;DATA;1611611028.645324
/ndn/s1-site/s1/C2Data-3755-Type2;6000214.0000;TIMEOUT;1611611023.232359
/ndn/d1-site/d1/C2Data-1940-Type2;194933.0000;DATA;1611611029.067353
/ndn/v12-site/v12/C2Data-6901-Type1;243158.0000;DATA;1611611030.986377
/ndn/h5-site/h5/C2Data-609-Type2;46505.0000;DATA;1611611031.565349
/ndn/v4-site/v4/C2Data-5933-Type1;262899.0000;DATA;1611611032.250310
/ndn/s6-site/s6/C2Data-4360-Type1;6004285.0000;TIMEOUT;1611611026.747356
/ndn/s1-site/s1/C2Data-3755-Type1;6000660.0000;TIMEOUT;1611611031.858828
/ndn/d4-site/d4/C2Data-1161-Type3;188626.0000;DATA;1611611053.462343
/ndn/h2-site/h2/C2Data-50-Type4;215703.0000;DATA;1611611053.803357
/ndn/v4-site/v4/C2Data-5934-Type2;263132.0000;DATA;1611611054.017324
/ndn/d4-site/d4/C2Data-2304-Type2;198406.0000;DATA;1611611054.223412
/ndn/v10-site/v10/C2Data-6660-Type2;144238.0000;DATA;1611611056.324302
/ndn/d12-site/d12/C2Data-3272-Type2;170489.0000;DATA;1611611056.806418
/ndn/h7-site/h7/C2Data-429-Type3;96240.0000;DATA;1611611059.216417
/ndn/d13-site/d13/C2Data-3393-Type2;164325.0000;DATA;1611611059.564315
/ndn/v0-site/v0/C2Data-2747-Type3;143280.0000;DATA;1611611060.292801
/ndn/s6-site/s6/C2Data-2198-Type3;6000596.0000;TIMEOUT;1611611054.604331
/ndn/s3-site/s3/C2Data-3998-Type1;6001162.0000;TIMEOUT;1611611055.687393
/ndn/s14-site/s14/C2Data-5329-Type1;6000229.0000;TIMEOUT;1611611055.696353
/ndn/v12-site/v12/C2Data-6902-Type1;257520.0000;DATA;1611611062.596328
/ndn/d11-site/d11/C2Data-1588-Type3;198298.0000;DATA;1611611063.474348
/ndn/s13-site/s13/C2Data-5208-Type1;6000419.0000;TIMEOUT;1611611057.916390
/ndn/v12-site/v12/C2Data-3479-Type3;245853.0000;DATA;1611611063.932310
/ndn/v6-site/v6/C2Data-3113-Type3;174922.0000;DATA;1611611067.375932
/ndn/h6-site/h6/C2Data-368-Type3;50425.0000;DATA;1611611068.373403
/ndn/v2-site/v2/C2Data-2869-Type3;161051.0000;DATA;1611611068.429350
/ndn/d4-site/d4/C2Data-2305-Type2;195840.0000;DATA;1611611081.860325
/ndn/v8-site/v8/C2Data-6419-Type2;71158.0000;DATA;1611611087.553312
/ndn/d13-site/d13/C2Data-3394-Type1;165357.0000;DATA;1611611087.511367
/ndn/h9-site/h9/C2Data-1095-Type2;72015.0000;DATA;1611611089.210942
/ndn/v12-site/v12/C2Data-6903-Type1;247188.0000;DATA;1611611092.014351
/ndn/s4-site/s4/C2Data-4120-Type1;6000536.0000;TIMEOUT;1611611087.612821
/ndn/s13-site/s13/C2Data-5209-Type2;6007694.0000;TIMEOUT;1611611091.818335
/ndn/s3-site/s3/C2Data-3999-Type1;6000264.0000;TIMEOUT;1611611092.154318
/ndn/h1-site/h1/C2Data-64-Type3;169968.0000;DATA;1611611106.312349
/ndn/v4-site/v4/C2Data-2992-Type3;292687.0000;DATA;1611611107.289376
/ndn/v13-site/v13/C2Data-3541-Type3;128511.0000;DATA;1611611109.498399
/ndn/s11-site/s11/C2Data-2504-Type3;6000620.0000;TIMEOUT;1611611105.482310
/ndn/d10-site/d10/C2Data-3032-Type2;24447.0000;DATA;1611611112.551475
/ndn/h10-site/h10/C2Data-613-Type3;174863.0000;DATA;1611611113.734302
/ndn/v3-site/v3/C2Data-2931-Type3;96115.0000;DATA;1611611114.171506
/ndn/d4-site/d4/C2Data-1162-Type3;186435.0000;DATA;1611611114.263604
/ndn/s10-site/s10/C2Data-2443-Type3;6000294.0000;TIMEOUT;1611611108.460316
/ndn/d5-site/d5/C2Data-1223-Type3;23914.0000;DATA;1611611114.693308
/ndn/v8-site/v8/C2Data-3236-Type3;71038.0000;DATA;1611611116.036375
