/ndn/h10-site/h10/C2Data-1210-Type1;290760.0000;DATA;1611603165.635785
/ndn/v6-site/v6/C2Data-6171-Type2;120527.0000;DATA;1611603165.847771
/ndn/d10-site/d10/C2Data-3025-Type2;215268.0000;DATA;1611603166.477793
/ndn/h5-site/h5/C2Data-605-Type2;175542.0000;DATA;1611603167.717769
/ndn/h14-site/h14/C2Data-1694-Type1;53990.0000;DATA;1611603168.815803
/ndn/v10-site/v10/C2Data-6655-Type2;470.0000;NACK;1611603169.191784
/ndn/d9-site/d9/C2Data-2904-Type1;218456.0000;DATA;1611603169.251755
/ndn/v13-site/v13/C2Data-7018-Type1;95543.0000;DATA;1611603170.870788
/ndn/s12-site/s12/C2Data-5082-Type2;278615.0000;DATA;1611603171.311707
/ndn/s14-site/s14/C2Data-5324-Type2;151584.0000;DATA;1611603172.033732
/ndn/s3-site/s3/C2Data-3993-Type1;260647.0000;DATA;1611603173.988767
/ndn/v0-site/v0/C2Data-5445-Type1;268209.0000;DATA;1611603174.014852
/ndn/h1-site/h1/C2Data-121-Type2;146255.0000;DATA;1611603174.406798
/ndn/v4-site/v4/C2Data-5929-Type2;319411.0000;DATA;1611603175.813785
/ndn/s4-site/s4/C2Data-2074-Type3;23862.0000;DATA;1611603190.603749
/ndn/s3-site/s3/C2Data-2013-Type3;286052.0000;DATA;1611603193.449366
/ndn/v12-site/v12/C2Data-3477-Type3;545.0000;NACK;1611603194.897805
/ndn/h5-site/h5/C2Data-606-Type2;168829.0000;DATA;1611603195.242708
/ndn/d8-site/d8/C2Data-2784-Type2;197475.0000;DATA;1611603195.302744
/ndn/h3-site/h3/C2Data-183-Type3;263453.0000;DATA;1611603196.513822
/ndn/h1-site/h1/C2Data-61-Type3;142077.0000;DATA;1611603196.728728
/ndn/h0-site/h0/C2Data-1-Type1;246339.0000;DATA;1611603197.167825
/ndn/v2-site/v2/C2Data-5688-Type1;256897.0000;DATA;1611603197.906755
/ndn/v14-site/v14/C2Data-7140-Type2;145390.0000;DATA;1611603198.262751
/ndn/d13-site/d13/C2Data-3389-Type2;122870.0000;DATA;1611603198.342791
/ndn/s13-site/s13/C2Data-5204-Type2;289079.0000;DATA;1611603199.650738
/ndn/s4-site/s4/C2Data-4115-Type1;23875.0000;DATA;1611603201.151697
/ndn/s2-site/s2/C2Data-3873-Type2;94876.0000;DATA;1611603201.265866
/ndn/h12-site/h12/C2Data-732-Type3;26242.0000;DATA;1611603201.403857
/ndn/s8-site/s8/C2Data-4599-Type2;76419.0000;DATA;1611603202.162783
/ndn/s12-site/s12/C2Data-2562-Type3;256793.0000;DATA;1611603202.366748
/ndn/d14-site/d14/C2Data-3510-Type2;97445.0000;DATA;1611603202.600460
/ndn/h10-site/h10/C2Data-1211-Type1;283872.0000;DATA;1611603202.765742
/ndn/v12-site/v12/C2Data-6898-Type2;290177.0000;DATA;1611603202.780743
/ndn/v5-site/v5/C2Data-6051-Type2;316625.0000;DATA;1611603203.052752
/ndn/s3-site/s3/C2Data-3994-Type2;264396.0000;DATA;1611603203.445784
/ndn/s0-site/s0/C2Data-3631-Type2;237078.0000;DATA;1611603203.567812
/ndn/v1-site/v1/C2Data-2806-Type3;286282.0000;DATA;1611603204.552786
/ndn/h6-site/h6/C2Data-727-Type2;214897.0000;DATA;1611603205.725788
/ndn/d13-site/d13/C2Data-1708-Type3;119191.0000;DATA;1611603205.984749
/ndn/d10-site/d10/C2Data-3026-Type2;219389.0000;DATA;1611603207.038805
/ndn/h9-site/h9/C2Data-549-Type3;202721.0000;DATA;1611603208.821743
/ndn/d2-site/d2/C2Data-1037-Type3;165506.0000;DATA;1611603209.595763
/ndn/d0-site/d0/C2Data-915-Type3;193764.0000;DATA;1611603209.821790
/ndn/s0-site/s0/C2Data-1830-Type3;236604.0000;DATA;1611603211.626793
/ndn/d5-site/d5/C2Data-2422-Type1;197465.0000;DATA;1611603227.805761
/ndn/s10-site/s10/C2Data-4842-Type1;23955.0000;DATA;1611603228.051765
/ndn/d3-site/d3/C2Data-2180-Type1;266355.0000;DATA;1611603229.585772
/ndn/s4-site/s4/C2Data-4116-Type1;26098.0000;DATA;1611603229.992707
/ndn/v10-site/v10/C2Data-6657-Type2;231780.0000;DATA;1611603230.198787
/ndn/v4-site/v4/C2Data-5931-Type2;319496.0000;DATA;1611603230.415290
/ndn/d10-site/d10/C2Data-3027-Type1;211072.0000;DATA;1611603232.833804
/ndn/h6-site/h6/C2Data-728-Type2;223650.0000;DATA;1611603234.319771
/ndn/s7-site/s7/C2Data-4479-Type2;146746.0000;DATA;1611603234.615792
/ndn/d8-site/d8/C2Data-2785-Type1;189688.0000;DATA;1611603235.259824
/ndn/s2-site/s2/C2Data-3874-Type2;6008667.0000;TIMEOUT;1611603236.352763
/ndn/h9-site/h9/C2Data-550-Type3;195747.0000;DATA;1611603253.013721
/ndn/v12-site/v12/C2Data-6900-Type1;290729.0000;DATA;1611603256.128745
/ndn/v14-site/v14/C2Data-3600-Type3;148090.0000;DATA;1611603256.761789
/ndn/v12-site/v12/C2Data-3478-Type3;279597.0000;DATA;1611603258.491703
/ndn/v2-site/v2/C2Data-5690-Type2;273603.0000;DATA;1611603258.913797
/ndn/h3-site/h3/C2Data-184-Type3;266672.0000;DATA;1611603259.302775
/ndn/v13-site/v13/C2Data-7021-Type2;94983.0000;DATA;1611603259.867778
/ndn/v4-site/v4/C2Data-5932-Type1;310052.0000;DATA;1611603260.051748
/ndn/h5-site/h5/C2Data-306-Type3;164219.0000;DATA;1611603260.512778
/ndn/d2-site/d2/C2Data-1038-Type3;171637.0000;DATA;1611603261.360781
/ndn/h4-site/h4/C2Data-487-Type1;210076.0000;DATA;1611603261.471823
/ndn/h5-site/h5/C2Data-608-Type1;165457.0000;DATA;1611603262.071789
/ndn/v1-site/v1/C2Data-775-Type4;301038.0000;DATA;1611603262.267814
/ndn/d11-site/d11/C2Data-3149-Type1;235633.0000;DATA;1611603263.649835
/ndn/h8-site/h8/C2Data-200-Type4;213293.0000;DATA;1611603263.926781
/ndn/d0-site/d0/C2Data-916-Type3;190605.0000;DATA;1611603265.160842
/ndn/d3-site/d3/C2Data-450-Type4;258935.0000;DATA;1611603265.273807
/ndn/v11-site/v11/C2Data-6779-Type2;120750.0000;DATA;1611603265.537696
/ndn/h6-site/h6/C2Data-729-Type2;211487.0000;DATA;1611603265.588788
/ndn/v6-site/v6/C2Data-6174-Type1;118867.0000;DATA;1611603265.760765
/ndn/h13-site/h13/C2Data-1576-Type2;119715.0000;DATA;1611603266.157727
/ndn/s4-site/s4/C2Data-2075-Type3;6000268.0000;TIMEOUT;1611603262.785859
/ndn/s11-site/s11/C2Data-2502-Type3;6000366.0000;TIMEOUT;1611603263.297751
/ndn/d6-site/d6/C2Data-1282-Type3;284876.0000;DATA;1611603270.207895
/ndn/d12-site/d12/C2Data-675-Type4;241231.0000;DATA;1611603270.700721
/ndn/s9-site/s9/C2Data-2380-Type3;6000223.0000;TIMEOUT;1611603267.901427
/ndn/s1-site/s1/C2Data-1892-Type3;6009765.0000;TIMEOUT;1611603272.287776
/ndn/d1-site/d1/C2Data-400-Type4;26004.0000;DATA;1611603280.800724
/ndn/h13-site/h13/C2Data-325-Type4;158894.0000;DATA;1611603284.198948
/ndn/d8-site/d8/C2Data-2787-Type2;187510.0000;DATA;1611603285.801697
/ndn/v0-site/v0/C2Data-5449-Type1;262095.0000;DATA;1611603285.862894
/ndn/v3-site/v3/C2Data-5812-Type1;144788.0000;DATA;1611603287.029814
/ndn/d13-site/d13/C2Data-3392-Type2;119013.0000;DATA;1611603287.081910
/ndn/d9-site/d9/C2Data-600-Type4;207974.0000;DATA;1611603288.770792
/ndn/s3-site/s3/C2Data-3997-Type2;6003713.0000;TIMEOUT;1611603285.856795
/ndn/v14-site/v14/C2Data-7143-Type1;146062.0000;DATA;1611603291.815758
/ndn/d14-site/d14/C2Data-3513-Type2;97848.0000;DATA;1611603293.579827
/ndn/v11-site/v11/C2Data-6780-Type2;136187.0000;DATA;1611603295.859710
/ndn/v9-site/v9/C2Data-6538-Type1;254721.0000;DATA;1611603295.921816
/ndn/h5-site/h5/C2Data-125-Type4;167724.0000;DATA;1611603297.416115
/ndn/s13-site/s13/C2Data-5207-Type2;6001546.0000;TIMEOUT;1611603292.800803
/ndn/h0-site/h0/C2Data-0-Type4;260917.0000;DATA;1611603306.359813
/ndn/v5-site/v5/C2Data-3052-Type3;328775.0000;DATA;1611603309.994779
/ndn/d13-site/d13/C2Data-1710-Type3;153595.0000;DATA;1611603313.165827
/ndn/h6-site/h6/C2Data-368-Type3;210779.0000;DATA;1611603315.764798
/ndn/h8-site/h8/C2Data-973-Type2;221205.0000;DATA;1611603315.972802
/ndn/v1-site/v1/C2Data-5571-Type1;283136.0000;DATA;1611603316.083752
/ndn/v13-site/v13/C2Data-3540-Type3;92077.0000;DATA;1611603317.913641
/ndn/d8-site/d8/C2Data-2788-Type1;186782.0000;DATA;1611603318.282840
/ndn/s8-site/s8/C2Data-2320-Type3;6000440.0000;TIMEOUT;1611603313.595937
/ndn/h6-site/h6/C2Data-731-Type1;210508.0000;DATA;1611603319.725789
/ndn/h9-site/h9/C2Data-225-Type4;195094.0000;DATA;1611603319.863771
/ndn/d1-site/d1/C2Data-1941-Type2;24364.0000;DATA;1611603320.083790
/ndn/h9-site/h9/C2Data-1094-Type1;188465.0000;DATA;1611603321.539797
/ndn/d12-site/d12/C2Data-3272-Type1;219727.0000;DATA;1611603321.512832
/ndn/s7-site/s7/C2Data-2259-Type3;6000575.0000;TIMEOUT;1611603316.758796
/ndn/v14-site/v14/C2Data-7144-Type2;140563.0000;DATA;1611603322.772647
/ndn/d9-site/d9/C2Data-1466-Type3;211689.0000;DATA;1611603322.852807
/ndn/s5-site/s5/C2Data-4240-Type2;6000226.0000;TIMEOUT;1611603317.282803
/ndn/s5-site/s5/C2Data-2137-Type3;6000967.0000;TIMEOUT;1611603318.172817
/ndn/s3-site/s3/C2Data-3998-Type1;6000297.0000;TIMEOUT;1611603318.203790
/ndn/v7-site/v7/C2Data-3174-Type3;263392.0000;DATA;1611603324.035783
/ndn/h13-site/h13/C2Data-1578-Type1;117052.0000;DATA;1611603324.259691
/ndn/h14-site/h14/C2Data-856-Type3;50161.0000;DATA;1611603326.258779
/ndn/s1-site/s1/C2Data-1893-Type3;6000296.0000;TIMEOUT;1611603320.898746
/ndn/s13-site/s13/C2Data-5208-Type1;6000242.0000;TIMEOUT;1611603322.107495
/ndn/h12-site/h12/C2Data-734-Type3;35479.0000;DATA;1611603331.330779
/ndn/d9-site/d9/C2Data-2910-Type2;237053.0000;DATA;1611603345.381977
/ndn/v5-site/v5/C2Data-6056-Type1;313717.0000;DATA;1611603349.191818
/ndn/h12-site/h12/C2Data-1458-Type2;23563.0000;DATA;1611603352.709793
/ndn/h10-site/h10/C2Data-1216-Type1;299576.0000;DATA;1611603353.269715
/ndn/d7-site/d7/C2Data-2668-Type2;242596.0000;DATA;1611603353.856960
/ndn/d6-site/d6/C2Data-2547-Type2;264552.0000;DATA;1611603354.076724
/ndn/v1-site/v1/C2Data-5572-Type1;294333.0000;DATA;1611603354.310523
/ndn/v12-site/v12/C2Data-6903-Type2;284162.0000;DATA;1611603355.494684
/ndn/s9-site/s9/C2Data-4725-Type2;6000279.0000;TIMEOUT;1611603353.227789
/ndn/s6-site/s6/C2Data-4362-Type1;6000671.0000;TIMEOUT;1611603356.191768
/ndn/d3-site/d3/C2Data-1101-Type3;263239.0000;DATA;1611603375.855850
/ndn/d3-site/d3/C2Data-2185-Type2;274374.0000;DATA;1611603375.986854
/ndn/h10-site/h10/C2Data-613-Type3;288342.0000;DATA;1611603376.794785
/ndn/s2-site/s2/C2Data-1955-Type3;6001087.0000;TIMEOUT;1611603371.120618
/ndn/d12-site/d12/C2Data-3274-Type2;210078.0000;DATA;1611603377.536804
/ndn/h0-site/h0/C2Data-3-Type3;241445.0000;DATA;1611603378.375868
/ndn/h12-site/h12/C2Data-735-Type3;25125.0000;DATA;1611603380.022825
/ndn/d6-site/d6/C2Data-2548-Type1;264642.0000;DATA;1611603380.142712
/ndn/v13-site/v13/C2Data-7025-Type2;94166.0000;DATA;1611603380.414454
