/ndn/v4-site/v4/C2Data-5929-Type2;438.0000;NACK;1611610900.823391
/ndn/h11-site/h11/C2Data-1331-Type2;191493.0000;DATA;1611610900.815415
/ndn/h5-site/h5/C2Data-605-Type2;48971.0000;DATA;1611610901.688308
/ndn/h0-site/h0/C2Data-0-Type2;151621.0000;DATA;1611610905.457361
/ndn/d1-site/d1/C2Data-1936-Type2;550.0000;NACK;1611610907.791355
/ndn/v4-site/v4/C2Data-2989-Type3;199412.0000;DATA;1611610925.678305
/ndn/d2-site/d2/C2Data-1037-Type3;132944.0000;DATA;1611610926.037469
/ndn/d12-site/d12/C2Data-1647-Type3;101129.0000;DATA;1611610926.341356
/ndn/h7-site/h7/C2Data-427-Type3;209512.0000;DATA;1611610929.017310
/ndn/v7-site/v7/C2Data-3172-Type3;149924.0000;DATA;1611610931.962408
/ndn/d0-site/d0/C2Data-1816-Type2;97981.0000;DATA;1611610932.845399
/ndn/d13-site/d13/C2Data-3389-Type1;166578.0000;DATA;1611610933.193380
/ndn/d4-site/d4/C2Data-2300-Type2;184266.0000;DATA;1611610934.005303
/ndn/s0-site/s0/C2Data-3631-Type2;25008.0000;DATA;1611610934.422375
/ndn/d1-site/d1/C2Data-976-Type3;452.0000;NACK;1611610935.467565
/ndn/v7-site/v7/C2Data-6293-Type1;138340.0000;DATA;1611610935.643450
/ndn/s6-site/s6/C2Data-4357-Type2;79072.0000;DATA;1611610937.184330
/ndn/v2-site/v2/C2Data-2867-Type3;81437.0000;DATA;1611610937.498509
/ndn/s4-site/s4/C2Data-2074-Type3;580.0000;NACK;1611610937.866351
/ndn/v5-site/v5/C2Data-6051-Type2;191192.0000;DATA;1611610939.008341
/ndn/v8-site/v8/C2Data-3233-Type3;118025.0000;DATA;1611610939.791309
/ndn/d7-site/d7/C2Data-1342-Type3;47087.0000;DATA;1611610940.636386
/ndn/d4-site/d4/C2Data-2300-Type1;186575.0000;DATA;1611610941.146331
/ndn/s7-site/s7/C2Data-4478-Type2;222429.0000;DATA;1611610941.595392
/ndn/h11-site/h11/C2Data-671-Type3;191186.0000;DATA;1611610941.635306
/ndn/v10-site/v10/C2Data-3355-Type3;75110.0000;DATA;1611610943.531370
/ndn/h3-site/h3/C2Data-183-Type3;154177.0000;DATA;1611610944.014333
/ndn/h9-site/h9/C2Data-549-Type3;26132.0000;DATA;1611610946.634380
/ndn/d13-site/d13/C2Data-1708-Type3;180437.0000;DATA;1611610947.013364
/ndn/v12-site/v12/C2Data-3477-Type3;166793.0000;DATA;1611610948.219308
/ndn/d11-site/d11/C2Data-1586-Type3;125816.0000;DATA;1611610948.277310
/ndn/h2-site/h2/C2Data-244-Type1;522.0000;NACK;1611610963.274380
/ndn/s12-site/s12/C2Data-5084-Type1;145893.0000;DATA;1611610963.973324
/ndn/s13-site/s13/C2Data-5205-Type2;163874.0000;DATA;1611610964.284394
/ndn/h12-site/h12/C2Data-1454-Type2;534.0000;NACK;1611610965.802370
/ndn/h11-site/h11/C2Data-1333-Type2;70027.0000;DATA;1611610965.831477
/ndn/h9-site/h9/C2Data-1091-Type2;27853.0000;DATA;1611610967.245303
/ndn/v12-site/v12/C2Data-6899-Type2;162942.0000;DATA;1611610969.300311
/ndn/d12-site/d12/C2Data-3269-Type2;102913.0000;DATA;1611610971.239333
/ndn/h1-site/h1/C2Data-123-Type1;144223.0000;DATA;1611610971.617369
/ndn/v8-site/v8/C2Data-6415-Type2;118786.0000;DATA;1611610972.320350
/ndn/d13-site/d13/C2Data-1709-Type3;193177.0000;DATA;1611610986.064347
/ndn/v5-site/v5/C2Data-3051-Type3;219879.0000;DATA;1611610987.947992
/ndn/s3-site/s3/C2Data-2014-Type3;142843.0000;DATA;1611610988.478317
/ndn/d1-site/d1/C2Data-1939-Type2;34719.0000;DATA;1611610991.400384
/ndn/h0-site/h0/C2Data-1-Type3;130248.0000;DATA;1611610991.871402
/ndn/v10-site/v10/C2Data-3356-Type3;69128.0000;DATA;1611610992.950352
/ndn/s6-site/s6/C2Data-2197-Type3;6000946.0000;TIMEOUT;1611610988.475336
/ndn/d12-site/d12/C2Data-3270-Type1;97760.0000;DATA;1611610994.443397
/ndn/s8-site/s8/C2Data-2319-Type3;148604.0000;DATA;1611610994.815400
/ndn/v2-site/v2/C2Data-5690-Type2;71009.0000;DATA;1611610995.445308
/ndn/d9-site/d9/C2Data-1465-Type3;24703.0000;DATA;1611610996.254893
/ndn/v7-site/v7/C2Data-6295-Type1;140587.0000;DATA;1611610996.665396
/ndn/s0-site/s0/C2Data-1831-Type3;6000423.0000;TIMEOUT;1611610991.295388
/ndn/s7-site/s7/C2Data-4480-Type1;6000205.0000;TIMEOUT;1611610991.859423
/ndn/d6-site/d6/C2Data-1282-Type3;49088.0000;DATA;1611610998.455384
/ndn/v2-site/v2/C2Data-2868-Type3;72576.0000;DATA;1611610998.987369
/ndn/s13-site/s13/C2Data-5206-Type1;172364.0000;DATA;1611610999.126363
/ndn/d3-site/d3/C2Data-2181-Type2;47452.0000;DATA;1611610999.520331
/ndn/d11-site/d11/C2Data-1587-Type3;120158.0000;DATA;1611610999.562381
/ndn/h4-site/h4/C2Data-487-Type2;94582.0000;DATA;1611610999.842365
/ndn/v11-site/v11/C2Data-3417-Type3;171206.0000;DATA;1611610999.860366
/ndn/h12-site/h12/C2Data-1455-Type2;206735.0000;DATA;1611611000.167476
/ndn/h12-site/h12/C2Data-1455-Type1;219465.0000;DATA;1611611000.866392
/ndn/d8-site/d8/C2Data-1404-Type3;121978.0000;DATA;1611611001.415399
/ndn/v4-site/v4/C2Data-2990-Type3;189112.0000;DATA;1611611001.760340
/ndn/h10-site/h10/C2Data-250-Type4;71857.0000;DATA;1611611002.316316
/ndn/h5-site/h5/C2Data-306-Type3;48442.0000;DATA;1611611002.838358
/ndn/v14-site/v14/C2Data-3600-Type3;71896.0000;DATA;1611611003.387384
/ndn/s9-site/s9/C2Data-4722-Type1;6000273.0000;TIMEOUT;1611610998.826343
/ndn/s11-site/s11/C2Data-2502-Type3;6000236.0000;TIMEOUT;1611610999.995365
/ndn/v8-site/v8/C2Data-3234-Type3;122171.0000;DATA;1611611006.642526
/ndn/s9-site/s9/C2Data-2380-Type3;6001367.0000;TIMEOUT;1611611002.668385
/ndn/v8-site/v8/C2Data-950-Type4;133572.0000;DATA;1611611012.323340
/ndn/v6-site/v6/C2Data-900-Type4;155379.0000;DATA;1611611014.666874
/ndn/v5-site/v5/C2Data-875-Type4;194013.0000;DATA;1611611016.171473
/ndn/v14-site/v14/C2Data-1100-Type4;95294.0000;DATA;1611611017.310778
/ndn/d12-site/d12/C2Data-3271-Type2;100590.0000;DATA;1611611020.838369
/ndn/d7-site/d7/C2Data-550-Type4;51847.0000;DATA;1611611021.193351
/ndn/d0-site/d0/C2Data-1819-Type2;117685.0000;DATA;1611611022.570310
/ndn/s0-site/s0/C2Data-3634-Type1;6000279.0000;TIMEOUT;1611611020.888041
/ndn/d1-site/d1/C2Data-1940-Type2;220932.0000;DATA;1611611027.030306
/ndn/v7-site/v7/C2Data-6296-Type2;142223.0000;DATA;1611611028.310326
/ndn/h14-site/h14/C2Data-1698-Type1;161716.0000;DATA;1611611028.949378
/ndn/h4-site/h4/C2Data-488-Type2;97058.0000;DATA;1611611029.261382
/ndn/d9-site/d9/C2Data-2908-Type2;24117.0000;DATA;1611611029.613362
/ndn/s8-site/s8/C2Data-4602-Type1;6000198.0000;TIMEOUT;1611611027.185880
/ndn/d10-site/d10/C2Data-625-Type4;33607.0000;DATA;1611611036.805623
/ndn/d2-site/d2/C2Data-425-Type4;128110.0000;DATA;1611611043.210384
/ndn/h13-site/h13/C2Data-325-Type4;94775.0000;DATA;1611611045.488349
/ndn/d13-site/d13/C2Data-1710-Type3;167759.0000;DATA;1611611048.931351
/ndn/v7-site/v7/C2Data-925-Type4;143684.0000;DATA;1611611050.700365
/ndn/h5-site/h5/C2Data-610-Type1;48531.0000;DATA;1611611051.036322
/ndn/v1-site/v1/C2Data-5571-Type1;164345.0000;DATA;1611611051.104368
/ndn/h11-site/h11/C2Data-673-Type3;188306.0000;DATA;1611611051.429298
/ndn/h12-site/h12/C2Data-1457-Type1;209352.0000;DATA;1611611051.423393
/ndn/d14-site/d14/C2Data-725-Type4;167511.0000;DATA;1611611051.990342
/ndn/d8-site/d8/C2Data-1405-Type3;116631.0000;DATA;1611611052.658392
/ndn/d11-site/d11/C2Data-1588-Type3;118432.0000;DATA;1611611052.811388
/ndn/h6-site/h6/C2Data-368-Type3;97988.0000;DATA;1611611053.338358
/ndn/h10-site/h10/C2Data-1215-Type1;71847.0000;DATA;1611611054.105407
/ndn/v7-site/v7/C2Data-3174-Type3;149746.0000;DATA;1611611054.777568
/ndn/h11-site/h11/C2Data-1336-Type2;186350.0000;DATA;1611611054.912419
/ndn/v3-site/v3/C2Data-2930-Type3;103501.0000;DATA;1611611055.386418
/ndn/d6-site/d6/C2Data-2546-Type1;46834.0000;DATA;1611611056.735331
/ndn/d5-site/d5/C2Data-2425-Type1;71574.0000;DATA;1611611057.110397
/ndn/h9-site/h9/C2Data-1094-Type2;23507.0000;DATA;1611611058.835375
/ndn/d3-site/d3/C2Data-2183-Type2;49942.0000;DATA;1611611059.906403
/ndn/h7-site/h7/C2Data-852-Type1;142655.0000;DATA;1611611060.292386
/ndn/v13-site/v13/C2Data-7023-Type2;121181.0000;DATA;1611611061.874365
/ndn/h1-site/h1/C2Data-126-Type1;143042.0000;DATA;1611611061.896374
/ndn/v11-site/v11/C2Data-3418-Type3;164541.0000;DATA;1611611062.000342
/ndn/d7-site/d7/C2Data-2667-Type1;46291.0000;DATA;1611611062.292303
/ndn/s7-site/s7/C2Data-4482-Type1;6000241.0000;TIMEOUT;1611611056.956388
/ndn/s13-site/s13/C2Data-2625-Type3;6002276.0000;TIMEOUT;1611611057.623398
/ndn/s12-site/s12/C2Data-5087-Type2;6002242.0000;TIMEOUT;1611611058.194375
/ndn/d0-site/d0/C2Data-917-Type3;95766.0000;DATA;1611611066.953404
/ndn/d2-site/d2/C2Data-1039-Type3;125999.0000;DATA;1611611067.074409
/ndn/s8-site/s8/C2Data-4603-Type2;6000244.0000;TIMEOUT;1611611061.786330
/ndn/s4-site/s4/C2Data-2076-Type3;6003467.0000;TIMEOUT;1611611067.089310
/ndn/h11-site/h11/C2Data-1337-Type1;189030.0000;DATA;1611611081.455391
/ndn/d2-site/d2/C2Data-2063-Type2;120823.0000;DATA;1611611081.979394
/ndn/d12-site/d12/C2Data-3273-Type2;121153.0000;DATA;1611611083.056383
/ndn/d4-site/d4/C2Data-2305-Type2;198068.0000;DATA;1611611086.163390
/ndn/s6-site/s6/C2Data-4362-Type2;6001317.0000;TIMEOUT;1611611080.958344
/ndn/d14-site/d14/C2Data-3515-Type2;180933.0000;DATA;1611611087.793330
/ndn/d11-site/d11/C2Data-3152-Type2;123132.0000;DATA;1611611088.984406
/ndn/s0-site/s0/C2Data-3636-Type2;6000196.0000;TIMEOUT;1611611083.921366
/ndn/h2-site/h2/C2Data-248-Type2;216547.0000;DATA;1611611090.505328
/ndn/h5-site/h5/C2Data-611-Type2;46782.0000;DATA;1611611091.492388
/ndn/v2-site/v2/C2Data-5693-Type1;70753.0000;DATA;1611611091.959971
/ndn/v9-site/v9/C2Data-6540-Type2;123912.0000;DATA;1611611092.445527
/ndn/s1-site/s1/C2Data-3757-Type1;6003845.0000;TIMEOUT;1611611089.685355
/ndn/s1-site/s1/C2Data-3757-Type2;6003465.0000;TIMEOUT;1611611089.936412
/ndn/v1-site/v1/C2Data-2809-Type3;172597.0000;DATA;1611611104.759309
/ndn/h0-site/h0/C2Data-7-Type1;119335.0000;DATA;1611611110.668372
/ndn/v11-site/v11/C2Data-6783-Type1;167421.0000;DATA;1611611112.519336
/ndn/v0-site/v0/C2Data-5452-Type2;51238.0000;DATA;1611611112.812364
/ndn/s14-site/s14/C2Data-2687-Type3;6000789.0000;TIMEOUT;1611611107.131417
/ndn/s5-site/s5/C2Data-2138-Type3;6000216.0000;TIMEOUT;1611611107.983300
/ndn/v13-site/v13/C2Data-7025-Type2;122252.0000;DATA;1611611114.679435
/ndn/h5-site/h5/C2Data-612-Type2;47123.0000;DATA;1611611114.892344
/ndn/h5-site/h5/C2Data-612-Type1;46928.0000;DATA;1611611115.371328
/ndn/h2-site/h2/C2Data-249-Type2;214490.0000;DATA;1611611115.815313
