/ndn/s6-site/s6/C2Data-3146-Type2;98945.0000;DATA;1612719526.395922
/ndn/v8-site/v8/C2Data-4598-Type1;28233.0000;DATA;1612719526.685065
/ndn/d9-site/d9/C2Data-2299-Type2;145596.0000;DATA;1612719529.237368
/ndn/d0-site/d0/C2Data-1210-Type2;120925.0000;DATA;1612719529.646988
/ndn/d8-site/d8/C2Data-2178-Type2;173286.0000;DATA;1612719530.062168
/ndn/v8-site/v8/C2Data-4598-Type2;27648.0000;DATA;1612719532.960585
/ndn/s9-site/s9/C2Data-3509-Type1;163071.0000;DATA;1612719533.437435
/ndn/h9-site/h9/C2Data-1089-Type2;224156.0000;DATA;1612719534.601115
/ndn/d8-site/d8/C2Data-2178-Type1;145300.0000;DATA;1612719534.987385
/ndn/h8-site/h8/C2Data-968-Type2;97915.0000;DATA;1612719535.125040
/ndn/h2-site/h2/C2Data-242-Type2;109237.0000;DATA;1612719535.872874
/ndn/v8-site/v8/C2Data-2318-Type3;27635.0000;DATA;1612719550.376113
/ndn/h6-site/h6/C2Data-366-Type3;189743.0000;DATA;1612719555.499183
/ndn/s7-site/s7/C2Data-3268-Type1;72194.0000;DATA;1612719556.942963
/ndn/h3-site/h3/C2Data-364-Type1;71255.0000;DATA;1612719559.713419
/ndn/d7-site/d7/C2Data-2058-Type2;204926.0000;DATA;1612719559.747049
/ndn/v8-site/v8/C2Data-4599-Type2;25404.0000;DATA;1612719560.592863
/ndn/h3-site/h3/C2Data-364-Type2;79198.0000;DATA;1612719560.882793
/ndn/d0-site/d0/C2Data-1211-Type1;119112.0000;DATA;1612719561.687199
/ndn/s6-site/s6/C2Data-3147-Type1;102209.0000;DATA;1612719562.594401
/ndn/h9-site/h9/C2Data-549-Type3;175438.0000;DATA;1612719562.544219
/ndn/s1-site/s1/C2Data-2542-Type2;124452.0000;DATA;1612719563.218148
/ndn/s8-site/s8/C2Data-3389-Type2;109366.0000;DATA;1612719564.836468
/ndn/h0-site/h0/C2Data-1-Type2;135774.0000;DATA;1612719564.858476
/ndn/d3-site/d3/C2Data-793-Type3;187220.0000;DATA;1612719564.924853
/ndn/s6-site/s6/C2Data-3147-Type2;98109.0000;DATA;1612719565.305152
/ndn/d0-site/d0/C2Data-610-Type3;130174.0000;DATA;1612719565.918011
/ndn/d4-site/d4/C2Data-854-Type3;52685.0000;DATA;1612719569.046233
/ndn/s3-site/s3/C2Data-1403-Type3;189605.0000;DATA;1612719569.620660
/ndn/d2-site/d2/C2Data-732-Type3;139411.0000;DATA;1612719572.535039
/ndn/d4-site/d4/C2Data-1696-Type2;50682.0000;DATA;1612719586.446370
/ndn/v1-site/v1/C2Data-3753-Type2;30124.0000;DATA;1612719586.757132
/ndn/h4-site/h4/C2Data-486-Type1;53192.0000;DATA;1612719587.816732
/ndn/d9-site/d9/C2Data-2301-Type1;155678.0000;DATA;1612719588.490601
/ndn/v3-site/v3/C2Data-3995-Type1;128816.0000;DATA;1612719589.847887
/ndn/d9-site/d9/C2Data-2301-Type2;155149.0000;DATA;1612719593.921435
/ndn/v5-site/v5/C2Data-4237-Type1;176325.0000;DATA;1612719593.988290
/ndn/h2-site/h2/C2Data-244-Type1;95893.0000;DATA;1612719594.157136
/ndn/h0-site/h0/C2Data-2-Type2;130861.0000;DATA;1612719596.424230
/ndn/d0-site/d0/C2Data-1212-Type1;119897.0000;DATA;1612719597.467618
/ndn/h4-site/h4/C2Data-245-Type3;99009.0000;DATA;1612719611.721675
/ndn/d1-site/d1/C2Data-1334-Type2;150268.0000;DATA;1612719616.632797
/ndn/d6-site/d6/C2Data-1939-Type2;127283.0000;DATA;1612719617.583218
/ndn/h3-site/h3/C2Data-184-Type3;74062.0000;DATA;1612719618.348402
/ndn/h7-site/h7/C2Data-850-Type2;74847.0000;DATA;1612719618.673508
/ndn/s4-site/s4/C2Data-1465-Type3;184636.0000;DATA;1612719618.830605
/ndn/s8-site/s8/C2Data-3391-Type1;99557.0000;DATA;1612719619.578682
/ndn/s7-site/s7/C2Data-3270-Type2;6002195.0000;TIMEOUT;1612719617.060902
/ndn/v0-site/v0/C2Data-1831-Type3;26588.0000;DATA;1612719623.729215
/ndn/v6-site/v6/C2Data-2197-Type3;95909.0000;DATA;1612719624.927737
/ndn/v2-site/v2/C2Data-3875-Type2;185442.0000;DATA;1612719625.146134
/ndn/s9-site/s9/C2Data-3512-Type1;147470.0000;DATA;1612719627.957073
/ndn/d2-site/d2/C2Data-733-Type3;107671.0000;DATA;1612719633.246328
/ndn/s1-site/s1/C2Data-1282-Type3;194936.0000;DATA;1612719634.025300
/ndn/d7-site/d7/C2Data-2061-Type1;169887.0000;DATA;1612719646.112681
/ndn/d2-site/d2/C2Data-1456-Type2;127389.0000;DATA;1612719648.267995
/ndn/h8-site/h8/C2Data-972-Type1;129652.0000;DATA;1612719648.491055
/ndn/d4-site/d4/C2Data-1698-Type2;57865.0000;DATA;1612719651.114667
/ndn/v6-site/v6/C2Data-4360-Type1;103585.0000;DATA;1612719651.671539
/ndn/d7-site/d7/C2Data-2061-Type2;156611.0000;DATA;1612719652.237213
/ndn/d1-site/d1/C2Data-275-Type4;121156.0000;DATA;1612719652.924469
/ndn/v2-site/v2/C2Data-3876-Type2;151547.0000;DATA;1612719654.191503
/ndn/s8-site/s8/C2Data-3392-Type1;6000438.0000;TIMEOUT;1612719650.383387
/ndn/v0-site/v0/C2Data-500-Type4;240348.0000;DATA;1612719669.123370
/ndn/d0-site/d0/C2Data-250-Type4;130814.0000;DATA;1612719673.409097
/ndn/v8-site/v8/C2Data-2320-Type3;24891.0000;DATA;1612719675.049492
/ndn/v8-site/v8/C2Data-4603-Type1;29606.0000;DATA;1612719676.197643
/ndn/v1-site/v1/C2Data-1893-Type3;26131.0000;DATA;1612719682.054978
/ndn/d3-site/d3/C2Data-1578-Type1;147251.0000;DATA;1612719682.316198
/ndn/h9-site/h9/C2Data-551-Type3;187513.0000;DATA;1612719683.868158
/ndn/h2-site/h2/C2Data-124-Type3;103088.0000;DATA;1612719684.507858
/ndn/d5-site/d5/C2Data-1820-Type2;177156.0000;DATA;1612719685.279418
/ndn/v5-site/v5/C2Data-4240-Type2;182874.0000;DATA;1612719685.459024
/ndn/s3-site/s3/C2Data-2788-Type2;6003969.0000;TIMEOUT;1612719683.220190
/ndn/s6-site/s6/C2Data-3151-Type2;6000684.0000;TIMEOUT;1612719684.900149
/ndn/s9-site/s9/C2Data-3514-Type1;6000547.0000;TIMEOUT;1612719685.882734
/ndn/h3-site/h3/C2Data-185-Type3;84696.0000;DATA;1612719691.955537
/ndn/s2-site/s2/C2Data-2667-Type2;6002487.0000;TIMEOUT;1612719686.158487
/ndn/s2-site/s2/C2Data-2667-Type1;6000619.0000;TIMEOUT;1612719686.658871
/ndn/s8-site/s8/C2Data-1710-Type3;6012284.0000;TIMEOUT;1612719691.636287
/ndn/v0-site/v0/C2Data-3636-Type2;25710.0000;DATA;1612719706.251345
/ndn/v8-site/v8/C2Data-4604-Type1;29896.0000;DATA;1612719706.384717
/ndn/d8-site/d8/C2Data-2184-Type2;195982.0000;DATA;1612719709.237793
/ndn/d1-site/d1/C2Data-1337-Type2;129677.0000;DATA;1612719710.012464
/ndn/v6-site/v6/C2Data-4362-Type2;107282.0000;DATA;1612719711.100185
/ndn/s4-site/s4/C2Data-2910-Type1;6000995.0000;TIMEOUT;1612719708.866111
/ndn/s8-site/s8/C2Data-3394-Type2;6000437.0000;TIMEOUT;1612719708.949259
/ndn/s1-site/s1/C2Data-2547-Type1;6001924.0000;TIMEOUT;1612719713.914629
/ndn/s5-site/s5/C2Data-3031-Type2;6050286.0000;TIMEOUT;1612719714.225284
/ndn/h5-site/h5/C2Data-612-Type1;52983.0000;DATA;1612719738.167140
/ndn/d2-site/d2/C2Data-735-Type3;104612.0000;DATA;1612719738.269893
/ndn/v3-site/v3/C2Data-2016-Type3;137524.0000;DATA;1612719738.740898
/ndn/v1-site/v1/C2Data-3758-Type1;24536.0000;DATA;1612719742.279436
/ndn/d8-site/d8/C2Data-1101-Type3;150741.0000;DATA;1612719743.060868
/ndn/s9-site/s9/C2Data-1772-Type3;6001896.0000;TIMEOUT;1612719739.933000
/ndn/d6-site/d6/C2Data-979-Type3;125077.0000;DATA;1612719749.217789
/ndn/v1-site/v1/C2Data-1894-Type3;28139.0000;DATA;1612719749.781209
/ndn/s5-site/s5/C2Data-1528-Type3;6001404.0000;TIMEOUT;1612719750.720456
/ndn/d4-site/d4/C2Data-182-Type5;51282.0000;DATA;1612719756.926284
/ndn/d9-site/d9/C2Data-247-Type5;156978.0000;DATA;1612719761.879155
/ndn/v4-site/v4/C2Data-4122-Type2;184408.0000;DATA;1612719767.118006
/ndn/d8-site/d8/C2Data-2186-Type1;206323.0000;DATA;1612719770.501758
/ndn/h3-site/h3/C2Data-371-Type2;74534.0000;DATA;1612719772.988810
/ndn/h8-site/h8/C2Data-104-Type5;102009.0000;DATA;1612719773.239136
/ndn/h7-site/h7/C2Data-855-Type2;75650.0000;DATA;1612719775.485141
/ndn/d5-site/d5/C2Data-1823-Type1;146625.0000;DATA;1612719775.963094
/ndn/h4-site/h4/C2Data-492-Type2;48317.0000;DATA;1612719776.102922
/ndn/s4-site/s4/C2Data-2912-Type2;6002049.0000;TIMEOUT;1612719770.275081
/ndn/s6-site/s6/C2Data-3154-Type1;6006750.0000;TIMEOUT;1612719770.853261
/ndn/v0-site/v0/C2Data-3638-Type2;25068.0000;DATA;1612719777.766363
/ndn/s2-site/s2/C2Data-2670-Type1;6000816.0000;TIMEOUT;1612719771.782892
/ndn/d0-site/d0/C2Data-251-Type4;235306.0000;DATA;1612719785.079029
/ndn/h2-site/h2/C2Data-126-Type3;98781.0000;DATA;1612719790.673806
/ndn/v0-site/v0/C2Data-1834-Type3;35603.0000;DATA;1612719791.183163
/ndn/h7-site/h7/C2Data-431-Type3;76689.0000;DATA;1612719793.338047
/ndn/v6-site/v6/C2Data-4365-Type2;100312.0000;DATA;1612719796.659065
/ndn/v1-site/v1/C2Data-273-Type5;26737.0000;DATA;1612719796.801366
/ndn/d2-site/d2/C2Data-1461-Type2;101015.0000;DATA;1612719797.932882
/ndn/v9-site/v9/C2Data-377-Type5;127993.0000;DATA;1612719799.051172
/ndn/v2-site/v2/C2Data-3881-Type1;168141.0000;DATA;1612719801.214373
/ndn/h3-site/h3/C2Data-372-Type2;74971.0000;DATA;1612719801.984300
/ndn/s2-site/s2/C2Data-1346-Type3;6001039.0000;TIMEOUT;1612719797.422132
/ndn/h2-site/h2/C2Data-251-Type1;113040.0000;DATA;1612719803.779019
/ndn/h5-site/h5/C2Data-614-Type2;50153.0000;DATA;1612719804.170043
/ndn/d5-site/d5/C2Data-919-Type3;151504.0000;DATA;1612719806.890019
/ndn/v5-site/v5/C2Data-325-Type5;173219.0000;DATA;1612719807.196616
/ndn/v3-site/v3/C2Data-2017-Type3;123835.0000;DATA;1612719807.877754
/ndn/h6-site/h6/C2Data-151-Type4;109925.0000;DATA;1612719808.975338
/ndn/s7-site/s7/C2Data-3276-Type2;6002813.0000;TIMEOUT;1612719804.617300
/ndn/d4-site/d4/C2Data-858-Type3;56443.0000;DATA;1612719811.351040
/ndn/s4-site/s4/C2Data-1468-Type3;6002147.0000;TIMEOUT;1612719808.712100
/ndn/v0-site/v0/C2Data-501-Type4;31562.0000;DATA;1612719816.839621
/ndn/s8-site/s8/C2Data-1712-Type3;6000710.0000;TIMEOUT;1612719812.083253
/ndn/s1-site/s1/C2Data-1285-Type3;6001548.0000;TIMEOUT;1612719812.652070
/ndn/d8-site/d8/C2Data-234-Type5;181006.0000;DATA;1612719819.000098
/ndn/h7-site/h7/C2Data-176-Type4;72910.0000;DATA;1612719824.836982
/ndn/h9-site/h9/C2Data-226-Type4;181121.0000;DATA;1612719824.781728
/ndn/d0-site/d0/C2Data-1220-Type1;128503.0000;DATA;1612719826.638003
/ndn/h3-site/h3/C2Data-76-Type4;77790.0000;DATA;1612719828.480190
/ndn/v7-site/v7/C2Data-4487-Type2;83456.0000;DATA;1612719829.134537
/ndn/v5-site/v5/C2Data-4245-Type2;182555.0000;DATA;1612719829.593506
/ndn/h2-site/h2/C2Data-51-Type4;97196.0000;DATA;1612719830.863288
/ndn/d7-site/d7/C2Data-2067-Type1;186823.0000;DATA;1612719831.624099
/ndn/d2-site/d2/C2Data-1462-Type2;100263.0000;DATA;1612719834.615050
/ndn/s5-site/s5/C2Data-3035-Type2;6000921.0000;TIMEOUT;1612719828.830155
/ndn/h4-site/h4/C2Data-494-Type1;49938.0000;DATA;1612719836.507941
/ndn/v8-site/v8/C2Data-4608-Type1;37325.0000;DATA;1612719837.742242
/ndn/v9-site/v9/C2Data-2384-Type3;121822.0000;DATA;1612719851.938337
/ndn/d7-site/d7/C2Data-1042-Type3;148730.0000;DATA;1612719856.394086
/ndn/d3-site/d3/C2Data-1584-Type2;154712.0000;DATA;1612719856.501089
/ndn/h3-site/h3/C2Data-188-Type3;73033.0000;DATA;1612719857.021037
/ndn/h7-site/h7/C2Data-858-Type1;77897.0000;DATA;1612719857.196232
/ndn/h2-site/h2/C2Data-253-Type1;96709.0000;DATA;1612719857.505181
/ndn/d7-site/d7/C2Data-221-Type5;146369.0000;DATA;1612719858.193702
/ndn/h5-site/h5/C2Data-310-Type3;49037.0000;DATA;1612719863.785172
/ndn/v1-site/v1/C2Data-3762-Type2;26655.0000;DATA;1612719864.940060
/ndn/d5-site/d5/C2Data-1826-Type2;157579.0000;DATA;1612719865.521059
/ndn/d6-site/d6/C2Data-1947-Type2;129306.0000;DATA;1612719867.888244
/ndn/s5-site/s5/C2Data-3036-Type2;6000608.0000;TIMEOUT;1612719863.715032
/ndn/s7-site/s7/C2Data-1652-Type3;6001787.0000;TIMEOUT;1612719865.743204
/ndn/v6-site/v6/C2Data-2201-Type3;156020.0000;DATA;1612719873.626368
/ndn/s5-site/s5/C2Data-1530-Type3;6023244.0000;TIMEOUT;1612719870.769815
/ndn/s9-site/s9/C2Data-3521-Type1;6002560.0000;TIMEOUT;1612719888.549189
/ndn/v3-site/v3/C2Data-4005-Type1;131152.0000;DATA;1612719895.555364
/ndn/d0-site/d0/C2Data-1222-Type2;126682.0000;DATA;1612719897.653042
/ndn/s9-site/s9/C2Data-3521-Type2;6009484.0000;TIMEOUT;1612719893.414138
/ndn/s8-site/s8/C2Data-3400-Type1;6010208.0000;TIMEOUT;1612719893.544115
/ndn/s1-site/s1/C2Data-2553-Type2;6001683.0000;TIMEOUT;1612719893.927026
/ndn/h6-site/h6/C2Data-372-Type3;635936.0000;DATA;1612719913.032318
/ndn/h5-site/h5/C2Data-311-Type3;65212.0000;DATA;1612719914.807062
/ndn/d3-site/d3/C2Data-799-Type3;167332.0000;DATA;1612719915.410988
/ndn/d7-site/d7/C2Data-2070-Type2;167825.0000;DATA;1612719917.824367
/ndn/v7-site/v7/C2Data-4490-Type1;97470.0000;DATA;1612719918.251083
/ndn/s8-site/s8/C2Data-1714-Type3;6002891.0000;TIMEOUT;1612719914.886816
/ndn/d3-site/d3/C2Data-1586-Type2;164731.0000;DATA;1612719922.175328
/ndn/s3-site/s3/C2Data-1409-Type3;6001699.0000;TIMEOUT;1612719916.871085
/ndn/v7-site/v7/C2Data-2263-Type3;74882.0000;DATA;1612719923.693565
/ndn/s3-site/s3/C2Data-2796-Type2;6001860.0000;TIMEOUT;1612719919.618235
/ndn/v6-site/v6/C2Data-4369-Type2;108045.0000;DATA;1612719926.650858
/ndn/v1-site/v1/C2Data-1897-Type3;31407.0000;DATA;1612719927.573883
/ndn/v6-site/v6/C2Data-2202-Type3;98163.0000;DATA;1612719927.943558
/ndn/d5-site/d5/C2Data-377-Type4;163911.0000;DATA;1612719928.252458
/ndn/h7-site/h7/C2Data-177-Type4;87718.0000;DATA;1612719928.391555
/ndn/h4-site/h4/C2Data-250-Type3;52816.0000;DATA;1612719928.867343
/ndn/s0-site/s0/C2Data-1226-Type3;6000392.0000;TIMEOUT;1612719923.707090
/ndn/h8-site/h8/C2Data-494-Type3;113564.0000;DATA;1612719931.133261
/ndn/h9-site/h9/C2Data-227-Type4;180117.0000;DATA;1612719932.391365
/ndn/v9-site/v9/C2Data-727-Type4;132322.0000;DATA;1612719932.803120
/ndn/h2-site/h2/C2Data-128-Type3;99951.0000;DATA;1612719933.440129
/ndn/d1-site/d1/C2Data-277-Type4;135477.0000;DATA;1612719935.106026
/ndn/d4-site/d4/C2Data-352-Type4;51830.0000;DATA;1612719936.727495
/ndn/v1-site/v1/C2Data-3765-Type1;27604.0000;DATA;1612719946.307083
/ndn/v8-site/v8/C2Data-4612-Type1;25608.0000;DATA;1612719947.614393
/ndn/h3-site/h3/C2Data-377-Type2;81850.0000;DATA;1612719948.689219
/ndn/v0-site/v0/C2Data-3644-Type2;24605.0000;DATA;1612719950.777422
/ndn/d3-site/d3/C2Data-327-Type4;161133.0000;DATA;1612719950.724081
/ndn/d1-site/d1/C2Data-1345-Type1;531462.0000;DATA;1612719950.866090
/ndn/h2-site/h2/C2Data-256-Type2;100100.0000;DATA;1612719951.309617
/ndn/h3-site/h3/C2Data-377-Type1;74160.0000;DATA;1612719952.090703
/ndn/v5-site/v5/C2Data-4249-Type2;183541.0000;DATA;1612719953.577035
/ndn/s5-site/s5/C2Data-3039-Type2;6000511.0000;TIMEOUT;1612719949.096176
/ndn/d0-site/d0/C2Data-1224-Type2;122299.0000;DATA;1612719955.523027
/ndn/d5-site/d5/C2Data-922-Type3;176485.0000;DATA;1612719970.427043
/ndn/v3-site/v3/C2Data-577-Type4;134251.0000;DATA;1612719973.251799
/ndn/v1-site/v1/C2Data-1898-Type3;27741.0000;DATA;1612719975.805543
/ndn/v5-site/v5/C2Data-4250-Type1;196600.0000;DATA;1612719978.786977
/ndn/v6-site/v6/C2Data-2203-Type3;115916.0000;DATA;1612719980.727078
/ndn/h9-site/h9/C2Data-556-Type3;197067.0000;DATA;1612719981.266256
/ndn/h7-site/h7/C2Data-434-Type3;74968.0000;DATA;1612719981.445191
/ndn/h9-site/h9/C2Data-1104-Type1;180813.0000;DATA;1612719982.161136
/ndn/h3-site/h3/C2Data-378-Type1;87673.0000;DATA;1612719983.005802
/ndn/h5-site/h5/C2Data-620-Type1;51132.0000;DATA;1612719984.111933
/ndn/v0-site/v0/C2Data-3645-Type1;25282.0000;DATA;1612719984.582018
/ndn/h2-site/h2/C2Data-257-Type1;98173.0000;DATA;1612719985.161972
/ndn/v8-site/v8/C2Data-4613-Type2;26338.0000;DATA;1612719986.359166
/ndn/v4-site/v4/C2Data-2081-Type3;186602.0000;DATA;1612719987.233712
/ndn/v3-site/v3/C2Data-2020-Type3;146163.0000;DATA;1612719993.923018
/ndn/d0-site/d0/C2Data-70-Type6;284868.0000;DATA;1612719998.891365
/ndn/d0-site/d0/C2Data-1226-Type2;121189.0000;DATA;1612720007.351671
/ndn/d3-site/d3/C2Data-1589-Type1;187951.0000;DATA;1612720009.334245
/ndn/d7-site/d7/C2Data-2073-Type1;164291.0000;DATA;1612720009.466649
/ndn/d9-site/d9/C2Data-2315-Type2;152191.0000;DATA;1612720009.873440
/ndn/s9-site/s9/C2Data-3525-Type1;6001928.0000;TIMEOUT;1612720006.473201
/ndn/h0-site/h0/C2Data-16-Type2;130197.0000;DATA;1612720012.459406
/ndn/s0-site/s0/C2Data-2436-Type2;6000767.0000;TIMEOUT;1612720006.899174
/ndn/v7-site/v7/C2Data-4493-Type1;83359.0000;DATA;1612720014.066710
/ndn/d8-site/d8/C2Data-2194-Type1;163112.0000;DATA;1612720014.299958
/ndn/s6-site/s6/C2Data-3162-Type1;6000767.0000;TIMEOUT;1612720010.018593
/ndn/s1-site/s1/C2Data-2557-Type1;6004130.0000;TIMEOUT;1612720016.577389
/ndn/v0-site/v0/C2Data-1838-Type3;26541.0000;DATA;1612720032.225175
/ndn/h0-site/h0/C2Data-0-Type6;142656.0000;DATA;1612720034.270064
/ndn/d7-site/d7/C2Data-1045-Type3;146879.0000;DATA;1612720035.356037
/ndn/v1-site/v1/C2Data-3768-Type1;26060.0000;DATA;1612720038.200434
/ndn/d3-site/d3/C2Data-1590-Type2;164757.0000;DATA;1612720038.134141
/ndn/v7-site/v7/C2Data-4494-Type1;72345.0000;DATA;1612720039.993217
/ndn/d7-site/d7/C2Data-2074-Type1;152221.0000;DATA;1612720040.933378
/ndn/s7-site/s7/C2Data-3284-Type2;6001033.0000;TIMEOUT;1612720036.792246
/ndn/s6-site/s6/C2Data-3163-Type2;6001013.0000;TIMEOUT;1612720037.013061
/ndn/h9-site/h9/C2Data-1106-Type1;192522.0000;DATA;1612720043.462509
/ndn/h4-site/h4/C2Data-501-Type2;51758.0000;DATA;1612720044.365380
/ndn/d8-site/d8/C2Data-1106-Type3;144723.0000;DATA;1612720045.162406
/ndn/s3-site/s3/C2Data-1411-Type3;6000421.0000;TIMEOUT;1612720039.995878
/ndn/v2-site/v2/C2Data-1960-Type3;148662.0000;DATA;1612720046.226627
/ndn/d5-site/d5/C2Data-1832-Type1;151315.0000;DATA;1612720046.566312
/ndn/h5-site/h5/C2Data-313-Type3;50979.0000;DATA;1612720047.101537
/ndn/s0-site/s0/C2Data-2437-Type2;6001127.0000;TIMEOUT;1612720041.659497
/ndn/s2-site/s2/C2Data-2679-Type2;6000511.0000;TIMEOUT;1612720043.416658
/ndn/h7-site/h7/C2Data-92-Type5;90069.0000;DATA;1612720050.311537
/ndn/v4-site/v4/C2Data-313-Type5;206497.0000;DATA;1612720052.654097
/ndn/d4-site/d4/C2Data-183-Type5;55928.0000;DATA;1612720060.955855
/ndn/h6-site/h6/C2Data-744-Type1;110820.0000;DATA;1612720066.978933
/ndn/d5-site/d5/C2Data-196-Type5;163294.0000;DATA;1612720068.171909
/ndn/d4-site/d4/C2Data-1712-Type2;158814.0000;DATA;1612720068.940997
/ndn/v0-site/v0/C2Data-3648-Type2;27257.0000;DATA;1612720070.250913
/ndn/h2-site/h2/C2Data-260-Type1;112903.0000;DATA;1612720072.887454
/ndn/v3-site/v3/C2Data-4011-Type1;124001.0000;DATA;1612720073.648051
/ndn/s2-site/s2/C2Data-2680-Type1;6001020.0000;TIMEOUT;1612720068.907117
/ndn/v6-site/v6/C2Data-4374-Type2;108719.0000;DATA;1612720075.033852
/ndn/v4-site/v4/C2Data-603-Type4;177825.0000;DATA;1612720075.279145
/ndn/h4-site/h4/C2Data-502-Type1;62299.0000;DATA;1612720075.588009
/ndn/s0-site/s0/C2Data-2438-Type2;6000609.0000;TIMEOUT;1612720071.763678
/ndn/v6-site/v6/C2Data-339-Type5;103155.0000;DATA;1612720077.721074
/ndn/h8-site/h8/C2Data-203-Type4;97478.0000;DATA;1612720082.601812
/ndn/v7-site/v7/C2Data-678-Type4;110024.0000;DATA;1612720085.721015
/ndn/v0-site/v0/C2Data-503-Type4;26345.0000;DATA;1612720089.946101
/ndn/d6-site/d6/C2Data-985-Type3;133555.0000;DATA;1612720091.600014
/ndn/v1-site/v1/C2Data-528-Type4;37244.0000;DATA;1612720092.992322
/ndn/d5-site/d5/C2Data-924-Type3;149743.0000;DATA;1612720094.162203
/ndn/d8-site/d8/C2Data-1107-Type3;177279.0000;DATA;1612720095.567276
/ndn/v5-site/v5/C2Data-4254-Type1;170109.0000;DATA;1612720096.204060
/ndn/v9-site/v9/C2Data-378-Type5;121180.0000;DATA;1612720096.958231
/ndn/d0-site/d0/C2Data-1229-Type1;125482.0000;DATA;1612720097.713019
/ndn/v2-site/v2/C2Data-3891-Type2;162522.0000;DATA;1612720099.701146
/ndn/h6-site/h6/C2Data-745-Type2;122538.0000;DATA;1612720100.445751
/ndn/h6-site/h6/C2Data-375-Type3;111554.0000;DATA;1612720101.049455
/ndn/d2-site/d2/C2Data-157-Type5;607026.0000;DATA;1612720101.575052
