/ndn/h9-site/h9/C2Data-1089-Type1;216144.0000;DATA;1612717857.962521
/ndn/s3-site/s3/C2Data-2783-Type2;52893.0000;DATA;1612717860.272881
/ndn/v3-site/v3/C2Data-3993-Type1;298421.0000;DATA;1612717861.605737
/ndn/v6-site/v6/C2Data-4356-Type1;81613.0000;DATA;1612717862.200317
/ndn/s8-site/s8/C2Data-3388-Type2;95944.0000;DATA;1612717865.640031
/ndn/h3-site/h3/C2Data-363-Type2;99138.0000;DATA;1612717866.581241
/ndn/h4-site/h4/C2Data-484-Type1;147481.0000;DATA;1612717866.526851
/ndn/d5-site/d5/C2Data-1815-Type1;298235.0000;DATA;1612717867.201518
/ndn/v6-site/v6/C2Data-2196-Type3;99214.0000;DATA;1612717882.937294
/ndn/d6-site/d6/C2Data-976-Type3;99529.0000;DATA;1612717887.203869
/ndn/d8-site/d8/C2Data-2179-Type2;246104.0000;DATA;1612717887.723848
/ndn/s5-site/s5/C2Data-3026-Type1;127073.0000;DATA;1612717888.276946
/ndn/v2-site/v2/C2Data-3873-Type2;196574.0000;DATA;1612717888.874716
/ndn/d5-site/d5/C2Data-1816-Type2;313586.0000;DATA;1612717889.618918
/ndn/d3-site/d3/C2Data-1574-Type1;27377.0000;DATA;1612717890.576111
/ndn/h4-site/h4/C2Data-485-Type2;150441.0000;DATA;1612717893.246785
/ndn/h2-site/h2/C2Data-243-Type2;136869.0000;DATA;1612717894.280237
/ndn/d6-site/d6/C2Data-1937-Type2;52582.0000;DATA;1612717894.421069
/ndn/v4-site/v4/C2Data-2074-Type3;28307.0000;DATA;1612717896.140627
/ndn/v4-site/v4/C2Data-4115-Type2;45208.0000;DATA;1612717896.491318
/ndn/s4-site/s4/C2Data-1464-Type3;28172.0000;DATA;1612717897.247033
/ndn/h3-site/h3/C2Data-183-Type3;116178.0000;DATA;1612717897.300998
/ndn/d7-site/d7/C2Data-2058-Type1;158756.0000;DATA;1612717898.033385
/ndn/h9-site/h9/C2Data-549-Type3;112744.0000;DATA;1612717902.610862
/ndn/d2-site/d2/C2Data-1454-Type1;322084.0000;DATA;1612717918.222154
/ndn/d4-site/d4/C2Data-1696-Type1;227973.0000;DATA;1612717918.885126
/ndn/s6-site/s6/C2Data-3148-Type2;171653.0000;DATA;1612717921.233541
/ndn/d1-site/d1/C2Data-1333-Type2;51076.0000;DATA;1612717921.823948
/ndn/d5-site/d5/C2Data-1817-Type2;308969.0000;DATA;1612717922.961246
/ndn/h5-site/h5/C2Data-607-Type1;169865.0000;DATA;1612717925.055065
/ndn/h3-site/h3/C2Data-365-Type2;99752.0000;DATA;1612717926.059220
/ndn/v2-site/v2/C2Data-3874-Type1;121133.0000;DATA;1612717927.715463
/ndn/s7-site/s7/C2Data-1648-Type3;232127.0000;DATA;1612717942.281599
/ndn/h1-site/h1/C2Data-62-Type3;159547.0000;DATA;1612717943.225344
/ndn/h7-site/h7/C2Data-428-Type3;131099.0000;DATA;1612717943.301839
/ndn/s5-site/s5/C2Data-1526-Type3;260887.0000;DATA;1612717945.527228
/ndn/s5-site/s5/C2Data-3028-Type1;128801.0000;DATA;1612717947.205298
/ndn/s6-site/s6/C2Data-3149-Type1;248611.0000;DATA;1612717948.446884
/ndn/s8-site/s8/C2Data-3391-Type2;131032.0000;DATA;1612717950.492612
/ndn/s6-site/s6/C2Data-3149-Type2;222321.0000;DATA;1612717951.364343
/ndn/s2-site/s2/C2Data-1343-Type3;29653.0000;DATA;1612717953.197241
/ndn/s7-site/s7/C2Data-3270-Type1;142031.0000;DATA;1612717953.766205
/ndn/s4-site/s4/C2Data-2907-Type1;109448.0000;DATA;1612717954.014162
/ndn/v9-site/v9/C2Data-4722-Type2;71984.0000;DATA;1612717954.717261
/ndn/h4-site/h4/C2Data-487-Type2;75109.0000;DATA;1612717954.728082
/ndn/h3-site/h3/C2Data-184-Type3;119245.0000;DATA;1612717955.715146
/ndn/v4-site/v4/C2Data-4117-Type1;26847.0000;DATA;1612717956.627066
/ndn/h3-site/h3/C2Data-366-Type2;97600.0000;DATA;1612717958.636382
/ndn/d5-site/d5/C2Data-916-Type3;26947.0000;DATA;1612717959.403594
/ndn/v3-site/v3/C2Data-2014-Type3;83700.0000;DATA;1612717962.430257
/ndn/d2-site/d2/C2Data-300-Type4;331733.0000;DATA;1612717965.325704
/ndn/d9-site/d9/C2Data-2303-Type2;284889.0000;DATA;1612717979.143405
/ndn/v3-site/v3/C2Data-575-Type4;71219.0000;DATA;1612717979.589618
/ndn/h7-site/h7/C2Data-175-Type4;25188.0000;DATA;1612717979.754101
/ndn/s4-site/s4/C2Data-2908-Type1;195979.0000;DATA;1612717979.699806
/ndn/s9-site/s9/C2Data-3513-Type2;24146.0000;DATA;1612717980.204397
/ndn/s8-site/s8/C2Data-3392-Type1;126165.0000;DATA;1612717980.975372
/ndn/v6-site/v6/C2Data-4360-Type2;74091.0000;DATA;1612717981.310212
/ndn/h7-site/h7/C2Data-851-Type2;143071.0000;DATA;1612717983.560420
/ndn/v2-site/v2/C2Data-550-Type4;25884.0000;DATA;1612717984.624688
/ndn/s8-site/s8/C2Data-3392-Type2;120212.0000;DATA;1612717984.708381
/ndn/h1-site/h1/C2Data-25-Type4;115563.0000;DATA;1612718004.346157
/ndn/d9-site/d9/C2Data-2304-Type1;258575.0000;DATA;1612718008.038917
/ndn/d2-site/d2/C2Data-1457-Type1;298662.0000;DATA;1612718008.386696
/ndn/d0-site/d0/C2Data-1215-Type2;54226.0000;DATA;1612718009.188673
/ndn/s3-site/s3/C2Data-2788-Type1;60114.0000;DATA;1612718009.532561
/ndn/h9-site/h9/C2Data-551-Type3;49572.0000;DATA;1612718009.863597
/ndn/d0-site/d0/C2Data-1215-Type1;74157.0000;DATA;1612718010.015289
/ndn/h3-site/h3/C2Data-185-Type3;26494.0000;DATA;1612718010.653998
/ndn/v4-site/v4/C2Data-4119-Type1;26853.0000;DATA;1612718010.835125
/ndn/h6-site/h6/C2Data-731-Type2;126417.0000;DATA;1612718010.871477
/ndn/v3-site/v3/C2Data-3998-Type1;287145.0000;DATA;1612718010.930036
/ndn/d1-site/d1/C2Data-1336-Type1;151360.0000;DATA;1612718011.505203
/ndn/h8-site/h8/C2Data-490-Type3;95584.0000;DATA;1612718015.618507
/ndn/s1-site/s1/C2Data-2546-Type1;49702.0000;DATA;1612718015.905074
/ndn/s3-site/s3/C2Data-1405-Type3;50009.0000;DATA;1612718016.269108
/ndn/v6-site/v6/C2Data-4361-Type1;73734.0000;DATA;1612718017.303558
/ndn/d8-site/d8/C2Data-2183-Type2;229688.0000;DATA;1612718017.365367
/ndn/d0-site/d0/C2Data-612-Type3;79620.0000;DATA;1612718023.111816
/ndn/h2-site/h2/C2Data-248-Type2;125208.0000;DATA;1612718038.675121
/ndn/h0-site/h0/C2Data-6-Type2;471471.0000;DATA;1612718039.840063
/ndn/h7-site/h7/C2Data-853-Type1;122695.0000;DATA;1612718040.233235
/ndn/v4-site/v4/C2Data-4120-Type2;25672.0000;DATA;1612718041.265767
/ndn/v4-site/v4/C2Data-4120-Type1;24506.0000;DATA;1612718042.725558
/ndn/s4-site/s4/C2Data-2910-Type2;264335.0000;DATA;1612718045.444909
/ndn/v2-site/v2/C2Data-3878-Type1;24409.0000;DATA;1612718046.013623
/ndn/v7-site/v7/C2Data-4483-Type1;218334.0000;DATA;1612718046.350663
/ndn/d1-site/d1/C2Data-1338-Type1;150220.0000;DATA;1612718067.263043
/ndn/d9-site/d9/C2Data-2306-Type2;304649.0000;DATA;1612718068.214119
/ndn/s8-site/s8/C2Data-3395-Type1;106700.0000;DATA;1612718068.759133
/ndn/d3-site/d3/C2Data-1580-Type1;25499.0000;DATA;1612718069.266919
/ndn/h6-site/h6/C2Data-733-Type1;111425.0000;DATA;1612718070.248979
/ndn/v6-site/v6/C2Data-4363-Type1;58324.0000;DATA;1612718070.390427
/ndn/d7-site/d7/C2Data-2064-Type1;183519.0000;DATA;1612718070.267290
/ndn/d2-site/d2/C2Data-1459-Type2;287475.0000;DATA;1612718070.681130
/ndn/v2-site/v2/C2Data-3879-Type2;62617.0000;DATA;1612718070.921475
/ndn/s9-site/s9/C2Data-1772-Type3;25261.0000;DATA;1612718071.209617
/ndn/h3-site/h3/C2Data-186-Type3;73035.0000;DATA;1612718072.282971
/ndn/v3-site/v3/C2Data-4000-Type1;752011.0000;DATA;1612718071.747782
/ndn/d6-site/d6/C2Data-1943-Type2;98985.0000;DATA;1612718073.005446
/ndn/s5-site/s5/C2Data-1528-Type3;130460.0000;DATA;1612718072.987140
/ndn/d2-site/d2/C2Data-735-Type3;140038.0000;DATA;1612718073.051192
/ndn/v0-site/v0/C2Data-1833-Type3;26271.0000;DATA;1612718073.302400
/ndn/d1-site/d1/C2Data-674-Type3;47130.0000;DATA;1612718075.008949
/ndn/v7-site/v7/C2Data-4484-Type2;153408.0000;DATA;1612718075.901597
/ndn/s6-site/s6/C2Data-3153-Type2;174922.0000;DATA;1612718075.934568
/ndn/d3-site/d3/C2Data-1580-Type2;24541.0000;DATA;1612718076.217507
/ndn/d5-site/d5/C2Data-1822-Type1;277672.0000;DATA;1612718076.192923
/ndn/v8-site/v8/C2Data-4605-Type2;166349.0000;DATA;1612718078.386844
/ndn/h6-site/h6/C2Data-369-Type3;134870.0000;DATA;1612718080.132331
/ndn/v4-site/v4/C2Data-2077-Type3;29514.0000;DATA;1612718082.363282
/ndn/h7-site/h7/C2Data-430-Type3;24566.0000;DATA;1612718083.423402
/ndn/d3-site/d3/C2Data-169-Type5;49214.0000;DATA;1612718088.694549
/ndn/d4-site/d4/C2Data-1702-Type2;26582.0000;DATA;1612718098.034693
/ndn/h6-site/h6/C2Data-734-Type2;123607.0000;DATA;1612718097.958985
/ndn/d5-site/d5/C2Data-1823-Type1;25572.0000;DATA;1612718099.559886
/ndn/d9-site/d9/C2Data-247-Type5;316333.0000;DATA;1612718101.695567
/ndn/h2-site/h2/C2Data-250-Type2;126454.0000;DATA;1612718102.990261
/ndn/h0-site/h0/C2Data-8-Type2;212673.0000;DATA;1612718103.523734
/ndn/s1-site/s1/C2Data-2549-Type2;49756.0000;DATA;1612718103.795021
/ndn/s6-site/s6/C2Data-3154-Type1;201599.0000;DATA;1612718103.727937
/ndn/s2-site/s2/C2Data-2670-Type1;102710.0000;DATA;1612718104.134453
/ndn/h0-site/h0/C2Data-8-Type1;253179.0000;DATA;1612718106.123947
/ndn/d8-site/d8/C2Data-234-Type5;363691.0000;DATA;1612718111.204857
/ndn/d4-site/d4/C2Data-858-Type3;99188.0000;DATA;1612718123.910235
/ndn/d7-site/d7/C2Data-1041-Type3;99810.0000;DATA;1612718127.234415
/ndn/d0-site/d0/C2Data-251-Type4;73873.0000;DATA;1612718127.371945
/ndn/s1-site/s1/C2Data-2550-Type1;51110.0000;DATA;1612718128.262772
/ndn/d0-site/d0/C2Data-614-Type3;73291.0000;DATA;1612718128.250750
/ndn/s9-site/s9/C2Data-1773-Type3;24826.0000;DATA;1612718128.673931
/ndn/s1-site/s1/C2Data-2550-Type2;56357.0000;DATA;1612718130.019101
/ndn/s8-site/s8/C2Data-1712-Type3;55426.0000;DATA;1612718131.445502
/ndn/d8-site/d8/C2Data-2187-Type1;145559.0000;DATA;1612718132.374476
/ndn/v2-site/v2/C2Data-3881-Type2;100121.0000;DATA;1612718132.340298
/ndn/h5-site/h5/C2Data-309-Type3;168312.0000;DATA;1612718132.309385
/ndn/s2-site/s2/C2Data-1346-Type3;82043.0000;DATA;1612718132.498544
/ndn/h8-site/h8/C2Data-201-Type4;26598.0000;DATA;1612718132.630102
/ndn/d3-site/d3/C2Data-797-Type3;31212.0000;DATA;1612718134.892288
/ndn/v8-site/v8/C2Data-4607-Type1;181428.0000;DATA;1612718135.362482
/ndn/d9-site/d9/C2Data-476-Type4;131218.0000;DATA;1612718136.417732
/ndn/d9-site/d9/C2Data-2308-Type1;71378.0000;DATA;1612718136.793046
/ndn/d2-site/d2/C2Data-301-Type4;227826.0000;DATA;1612718137.264846
/ndn/v0-site/v0/C2Data-3639-Type1;177568.0000;DATA;1612718137.770932
/ndn/v1-site/v1/C2Data-3760-Type2;102775.0000;DATA;1612718138.264431
/ndn/s7-site/s7/C2Data-1651-Type3;23664.0000;DATA;1612718139.807049
/ndn/v8-site/v8/C2Data-701-Type4;134819.0000;DATA;1612718145.869203
/ndn/d5-site/d5/C2Data-376-Type4;158516.0000;DATA;1612718155.302993
/ndn/s5-site/s5/C2Data-3035-Type1;137341.0000;DATA;1612718158.041259
/ndn/d9-site/d9/C2Data-2309-Type2;298193.0000;DATA;1612718158.375110
/ndn/d8-site/d8/C2Data-451-Type4;26136.0000;DATA;1612718158.834828
/ndn/s1-site/s1/C2Data-2551-Type2;56003.0000;DATA;1612718158.797811
/ndn/s2-site/s2/C2Data-2672-Type2;133811.0000;DATA;1612718159.162022
/ndn/s5-site/s5/C2Data-3035-Type2;129280.0000;DATA;1612718160.111429
/ndn/h5-site/h5/C2Data-615-Type1;169074.0000;DATA;1612718160.586837
/ndn/v9-site/v9/C2Data-726-Type4;191519.0000;DATA;1612718160.903271
/ndn/d3-site/d3/C2Data-1583-Type1;25052.0000;DATA;1612718164.878322
/ndn/d2-site/d2/C2Data-1462-Type2;251138.0000;DATA;1612718165.618258
/ndn/v7-site/v7/C2Data-4487-Type1;77614.0000;DATA;1612718166.211959
/ndn/d1-site/d1/C2Data-1341-Type2;105816.0000;DATA;1612718168.497868
/ndn/h7-site/h7/C2Data-857-Type1;133106.0000;DATA;1612718168.554285
/ndn/h7-site/h7/C2Data-91-Type5;131838.0000;DATA;1612718171.595860
/ndn/v8-site/v8/C2Data-2323-Type3;151547.0000;DATA;1612718182.933533
/ndn/v3-site/v3/C2Data-2018-Type3;285563.0000;DATA;1612718184.086183
/ndn/s2-site/s2/C2Data-1347-Type3;74702.0000;DATA;1612718184.548968
/ndn/v1-site/v1/C2Data-1896-Type3;104013.0000;DATA;1612718185.499679
/ndn/h4-site/h4/C2Data-52-Type5;158365.0000;DATA;1612718186.584556
/ndn/h1-site/h1/C2Data-132-Type1;203310.0000;DATA;1612718187.603493
/ndn/h8-site/h8/C2Data-493-Type3;24367.0000;DATA;1612718188.887271
/ndn/v7-site/v7/C2Data-4488-Type2;225806.0000;DATA;1612718189.466225
/ndn/d0-site/d0/C2Data-615-Type3;59321.0000;DATA;1612718190.063932
/ndn/d5-site/d5/C2Data-920-Type3;116375.0000;DATA;1612718190.311414
/ndn/v4-site/v4/C2Data-4125-Type2;25619.0000;DATA;1612718190.734774
/ndn/s4-site/s4/C2Data-2915-Type1;223455.0000;DATA;1612718190.628205
/ndn/h2-site/h2/C2Data-253-Type1;127769.0000;DATA;1612718191.543432
/ndn/h1-site/h1/C2Data-132-Type2;24086.0000;DATA;1612718191.821206
/ndn/h8-site/h8/C2Data-979-Type1;105099.0000;DATA;1612718194.597257
/ndn/d6-site/d6/C2Data-981-Type3;27054.0000;DATA;1612718195.213555
/ndn/s8-site/s8/C2Data-1713-Type3;27193.0000;DATA;1612718195.962173
/ndn/h6-site/h6/C2Data-371-Type3;117417.0000;DATA;1612718196.020303
/ndn/v0-site/v0/C2Data-3641-Type1;201618.0000;DATA;1612718197.003078
/ndn/h4-site/h4/C2Data-249-Type3;168118.0000;DATA;1612718199.797941
/ndn/h0-site/h0/C2Data-5-Type3;278218.0000;DATA;1612718200.843140
/ndn/v0-site/v0/C2Data-1835-Type3;130266.0000;DATA;1612718201.591427
/ndn/h2-site/h2/C2Data-127-Type3;27521.0000;DATA;1612718202.218665
/ndn/s0-site/s0/C2Data-2432-Type2;118245.0000;DATA;1612718217.553553
/ndn/s3-site/s3/C2Data-2795-Type1;52100.0000;DATA;1612718218.665215
/ndn/v3-site/v3/C2Data-4005-Type2;325406.0000;DATA;1612718223.261232
/ndn/h8-site/h8/C2Data-980-Type1;140543.0000;DATA;1612718225.080110
/ndn/h7-site/h7/C2Data-859-Type2;131517.0000;DATA;1612718228.157162
/ndn/s1-site/s1/C2Data-2553-Type1;55039.0000;DATA;1612718228.791957
/ndn/s8-site/s8/C2Data-3400-Type1;6001023.0000;TIMEOUT;1612718228.921300
/ndn/s0-site/s0/C2Data-1226-Type3;108884.0000;DATA;1612718247.227716
/ndn/s6-site/s6/C2Data-1592-Type3;6002355.0000;TIMEOUT;1612718241.621100
/ndn/h8-site/h8/C2Data-981-Type1;99748.0000;DATA;1612718248.251156
/ndn/d8-site/d8/C2Data-2191-Type2;262662.0000;DATA;1612718249.497331
/ndn/d6-site/d6/C2Data-982-Type3;25823.0000;DATA;1612718250.367251
/ndn/v0-site/v0/C2Data-3643-Type1;192753.0000;DATA;1612718250.787832
/ndn/h3-site/h3/C2Data-376-Type1;24830.0000;DATA;1612718251.063389
/ndn/v8-site/v8/C2Data-2324-Type3;71591.0000;DATA;1612718251.759418
/ndn/h7-site/h7/C2Data-433-Type3;81344.0000;DATA;1612718252.618210
/ndn/h1-site/h1/C2Data-67-Type3;74715.0000;DATA;1612718254.364634
/ndn/d9-site/d9/C2Data-2312-Type2;274657.0000;DATA;1612718254.197399
/ndn/d9-site/d9/C2Data-1165-Type3;183142.0000;DATA;1612718254.480939
/ndn/v2-site/v2/C2Data-1958-Type3;34155.0000;DATA;1612718255.000254
/ndn/d0-site/d0/C2Data-1223-Type1;73065.0000;DATA;1612718255.792728
/ndn/d8-site/d8/C2Data-1104-Type3;227795.0000;DATA;1612718260.182847
/ndn/s4-site/s4/C2Data-1470-Type3;6000387.0000;TIMEOUT;1612718257.929076
/ndn/s1-site/s1/C2Data-1287-Type3;6012394.0000;TIMEOUT;1612718259.210879
/ndn/s8-site/s8/C2Data-1714-Type3;6008621.0000;TIMEOUT;1612718261.627014
/ndn/h9-site/h9/C2Data-227-Type4;25229.0000;DATA;1612718277.369246
/ndn/h5-site/h5/C2Data-619-Type2;318201.0000;DATA;1612718277.372199
/ndn/d2-site/d2/C2Data-302-Type4;120874.0000;DATA;1612718278.440003
/ndn/v1-site/v1/C2Data-3765-Type1;171283.0000;DATA;1612718281.836319
/ndn/d4-site/d4/C2Data-1708-Type1;129298.0000;DATA;1612718282.679905
/ndn/d6-site/d6/C2Data-1950-Type1;98110.0000;DATA;1612718287.547549
/ndn/s3-site/s3/C2Data-2797-Type2;6001279.0000;TIMEOUT;1612718285.349707
/ndn/h7-site/h7/C2Data-177-Type4;204763.0000;DATA;1612718294.732215
/ndn/v4-site/v4/C2Data-602-Type4;25590.0000;DATA;1612718294.935214
/ndn/d3-site/d3/C2Data-327-Type4;25485.0000;DATA;1612718305.146207
/ndn/v4-site/v4/C2Data-4129-Type1;25598.0000;DATA;1612718308.150577
/ndn/h3-site/h3/C2Data-378-Type2;119814.0000;DATA;1612718308.225028
/ndn/h6-site/h6/C2Data-152-Type4;26995.0000;DATA;1612718308.454994
/ndn/v6-site/v6/C2Data-2203-Type3;82144.0000;DATA;1612718308.723462
/ndn/d5-site/d5/C2Data-1830-Type2;315483.0000;DATA;1612718310.587038
/ndn/s8-site/s8/C2Data-1715-Type3;6001483.0000;TIMEOUT;1612718305.070236
/ndn/v1-site/v1/C2Data-3766-Type2;178715.0000;DATA;1612718311.962870
/ndn/v0-site/v0/C2Data-3645-Type2;170237.0000;DATA;1612718312.428117
/ndn/v6-site/v6/C2Data-4371-Type2;71952.0000;DATA;1612718314.069050
/ndn/v7-site/v7/C2Data-4492-Type1;192190.0000;DATA;1612718314.150261
/ndn/s1-site/s1/C2Data-1288-Type3;6000663.0000;TIMEOUT;1612718310.300998
/ndn/s6-site/s6/C2Data-1593-Type3;6000436.0000;TIMEOUT;1612718311.299095
/ndn/h1-site/h1/C2Data-136-Type1;149244.0000;DATA;1612718317.366940
/ndn/s1-site/s1/C2Data-2556-Type2;6026744.0000;TIMEOUT;1612718313.384398
/ndn/v8-site/v8/C2Data-2325-Type3;133298.0000;DATA;1612718319.460936
/ndn/v7-site/v7/C2Data-2264-Type3;30901.0000;DATA;1612718319.912274
/ndn/d9-site/d9/C2Data-1166-Type3;281122.0000;DATA;1612718319.791735
/ndn/s0-site/s0/C2Data-1227-Type3;6002014.0000;TIMEOUT;1612718315.694617
/ndn/s3-site/s3/C2Data-2798-Type1;6000757.0000;TIMEOUT;1612718317.535241
/ndn/v6-site/v6/C2Data-4372-Type2;75098.0000;DATA;1612718339.001302
/ndn/d5-site/d5/C2Data-1831-Type1;269605.0000;DATA;1612718339.052089
/ndn/h7-site/h7/C2Data-863-Type1;137480.0000;DATA;1612718339.568120
/ndn/d4-site/d4/C2Data-1710-Type1;216155.0000;DATA;1612718340.466138
/ndn/d3-site/d3/C2Data-1589-Type1;30834.0000;DATA;1612718341.193321
/ndn/h4-site/h4/C2Data-500-Type1;158465.0000;DATA;1612718345.908447
/ndn/s6-site/s6/C2Data-3162-Type1;6003377.0000;TIMEOUT;1612718340.112547
/ndn/v7-site/v7/C2Data-4493-Type1;186520.0000;DATA;1612718348.179990
/ndn/s9-site/s9/C2Data-3525-Type1;6012120.0000;TIMEOUT;1612718346.457623
/ndn/v8-site/v8/C2Data-2326-Type3;170847.0000;DATA;1612718362.333921
/ndn/h4-site/h4/C2Data-252-Type3;175791.0000;DATA;1612718364.635735
/ndn/v7-site/v7/C2Data-2265-Type3;121447.0000;DATA;1612718365.098072
/ndn/d1-site/d1/C2Data-1348-Type2;108280.0000;DATA;1612718367.367667
/ndn/h3-site/h3/C2Data-380-Type1;97835.0000;DATA;1612718367.823962
/ndn/d2-site/d2/C2Data-1469-Type1;246242.0000;DATA;1612718370.733393
/ndn/d0-site/d0/C2Data-1227-Type1;30118.0000;DATA;1612718371.350648
/ndn/s3-site/s3/C2Data-1411-Type3;6000760.0000;TIMEOUT;1612718365.845314
/ndn/v4-site/v4/C2Data-4131-Type2;31951.0000;DATA;1612718372.406120
/ndn/s0-site/s0/C2Data-1228-Type3;6001222.0000;TIMEOUT;1612718367.494056
/ndn/v2-site/v2/C2Data-154-Type6;119988.0000;DATA;1612718374.060105
/ndn/h0-site/h0/C2Data-0-Type6;249875.0000;DATA;1612718374.823393
/ndn/h6-site/h6/C2Data-743-Type1;121461.0000;DATA;1612718375.282208
/ndn/d6-site/d6/C2Data-984-Type3;24462.0000;DATA;1612718378.793755
/ndn/h0-site/h0/C2Data-8-Type3;122007.0000;DATA;1612718380.180008
/ndn/s6-site/s6/C2Data-1594-Type3;6002302.0000;TIMEOUT;1612718375.011992
/ndn/s0-site/s0/C2Data-2437-Type2;6002347.0000;TIMEOUT;1612718375.229360
/ndn/h0-site/h0/C2Data-1-Type5;251113.0000;DATA;1612718381.894659
/ndn/h1-site/h1/C2Data-69-Type3;31786.0000;DATA;1612718382.324632
/ndn/s6-site/s6/C2Data-3163-Type2;6003167.0000;TIMEOUT;1612718376.941139
/ndn/h1-site/h1/C2Data-14-Type5;223561.0000;DATA;1612718383.300256
/ndn/d4-site/d4/C2Data-862-Type3;365884.0000;DATA;1612718385.008196
/ndn/s9-site/s9/C2Data-1777-Type3;6006708.0000;TIMEOUT;1612718381.435414
/ndn/h9-site/h9/C2Data-1107-Type2;202185.0000;DATA;1612718399.040972
/ndn/h2-site/h2/C2Data-260-Type1;133963.0000;DATA;1612718400.023112
/ndn/v3-site/v3/C2Data-4011-Type2;277375.0000;DATA;1612718402.872138
/ndn/v1-site/v1/C2Data-528-Type4;189803.0000;DATA;1612718403.874793
/ndn/s1-site/s1/C2Data-2559-Type1;6000418.0000;TIMEOUT;1612718398.439216
/ndn/h5-site/h5/C2Data-623-Type2;74874.0000;DATA;1612718405.149806
/ndn/v9-site/v9/C2Data-4737-Type1;267804.0000;DATA;1612718406.242243
/ndn/d7-site/d7/C2Data-2075-Type2;178379.0000;DATA;1612718407.035259
/ndn/s3-site/s3/C2Data-2801-Type2;6001356.0000;TIMEOUT;1612718402.997715
/ndn/s4-site/s4/C2Data-2922-Type2;6000678.0000;TIMEOUT;1612718403.320612
/ndn/s3-site/s3/C2Data-2801-Type1;6246272.0000;TIMEOUT;1612718407.932147
/ndn/v4-site/v4/C2Data-2083-Type3;31024.0000;DATA;1612718424.085592
/ndn/v6-site/v6/C2Data-2205-Type3;80171.0000;DATA;1612718424.222701
/ndn/v1-site/v1/C2Data-3770-Type1;184385.0000;DATA;1612718427.254714
/ndn/d0-site/d0/C2Data-619-Type3;82645.0000;DATA;1612718428.106616
/ndn/d3-site/d3/C2Data-1592-Type1;28200.0000;DATA;1612718428.532296
