/ndn/h2-site/h2/C2Data-242-Type1;51143.0000;DATA;1612718697.378163
/ndn/s0-site/s0/C2Data-2420-Type1;25834.0000;DATA;1612718698.035632
/ndn/s3-site/s3/C2Data-2783-Type2;1302.0000;DATA;1612718699.953024
/ndn/v3-site/v3/C2Data-3993-Type1;129671.0000;DATA;1612718700.552817
/ndn/h8-site/h8/C2Data-968-Type1;122487.0000;DATA;1612718703.178137
/ndn/h5-site/h5/C2Data-305-Type3;115509.0000;DATA;1612718718.919395
/ndn/d3-site/d3/C2Data-793-Type3;57903.0000;DATA;1612718720.439899
/ndn/v5-site/v5/C2Data-2135-Type3;75521.0000;DATA;1612718720.529199
/ndn/h6-site/h6/C2Data-727-Type2;165924.0000;DATA;1612718722.894803
/ndn/s5-site/s5/C2Data-1525-Type3;47677.0000;DATA;1612718724.012950
/ndn/h3-site/h3/C2Data-364-Type1;25480.0000;DATA;1612718726.796419
/ndn/s8-site/s8/C2Data-1708-Type3;29338.0000;DATA;1612718728.077366
/ndn/s2-site/s2/C2Data-2663-Type1;24524.0000;DATA;1612718731.400765
/ndn/h6-site/h6/C2Data-727-Type1;146428.0000;DATA;1612718731.330458
/ndn/s9-site/s9/C2Data-3510-Type2;845.0000;DATA;1612718731.743370
/ndn/d2-site/d2/C2Data-1453-Type2;199330.0000;DATA;1612718732.705403
/ndn/s9-site/s9/C2Data-1769-Type3;2035.0000;DATA;1612718739.922854
/ndn/v4-site/v4/C2Data-2074-Type3;822.0000;DATA;1612718740.033322
/ndn/v3-site/v3/C2Data-3995-Type1;239425.0000;DATA;1612718755.696439
/ndn/v3-site/v3/C2Data-3995-Type2;218365.0000;DATA;1612718757.023947
/ndn/h1-site/h1/C2Data-123-Type1;108675.0000;DATA;1612718759.221463
/ndn/s5-site/s5/C2Data-3027-Type2;64049.0000;DATA;1612718760.282770
/ndn/h2-site/h2/C2Data-244-Type1;50231.0000;DATA;1612718761.386586
/ndn/d1-site/d1/C2Data-1333-Type2;787.0000;DATA;1612718762.299805
/ndn/v9-site/v9/C2Data-4721-Type1;187539.0000;DATA;1612718762.807873
/ndn/s3-site/s3/C2Data-2785-Type2;70798.0000;DATA;1612718763.679185
/ndn/h0-site/h0/C2Data-2-Type1;1163.0000;DATA;1612718763.862180
/ndn/h9-site/h9/C2Data-1091-Type1;27134.0000;DATA;1612718764.054829
/ndn/d5-site/d5/C2Data-1817-Type1;102531.0000;DATA;1612718764.563195
/ndn/s6-site/s6/C2Data-1587-Type3;205683.0000;DATA;1612718776.881251
/ndn/h2-site/h2/C2Data-123-Type3;56500.0000;DATA;1612718778.649069
/ndn/v7-site/v7/C2Data-2258-Type3;129080.0000;DATA;1612718778.654466
/ndn/s8-site/s8/C2Data-3391-Type1;48166.0000;DATA;1612718783.644479
/ndn/h7-site/h7/C2Data-428-Type3;123127.0000;DATA;1612718783.786558
/ndn/s0-site/s0/C2Data-2423-Type2;2318.0000;DATA;1612718785.361367
/ndn/d7-site/d7/C2Data-1038-Type3;2992.0000;DATA;1612718786.008915
/ndn/h1-site/h1/C2Data-124-Type2;27972.0000;DATA;1612718786.355071
/ndn/s8-site/s8/C2Data-1709-Type3;41015.0000;DATA;1612718787.907914
/ndn/v9-site/v9/C2Data-4722-Type2;178987.0000;DATA;1612718788.183778
/ndn/d7-site/d7/C2Data-2060-Type1;816.0000;DATA;1612718788.498780
/ndn/h0-site/h0/C2Data-3-Type1;189274.0000;DATA;1612718788.695441
/ndn/v3-site/v3/C2Data-2014-Type3;124403.0000;DATA;1612718789.514781
/ndn/d3-site/d3/C2Data-1576-Type2;912.0000;DATA;1612718790.839749
/ndn/v4-site/v4/C2Data-2075-Type3;79170.0000;DATA;1612718791.113872
/ndn/v0-site/v0/C2Data-1831-Type3;108519.0000;DATA;1612718798.903272
/ndn/h4-site/h4/C2Data-100-Type4;41028.0000;DATA;1612718806.589644
/ndn/d1-site/d1/C2Data-1335-Type1;76820.0000;DATA;1612718813.823025
/ndn/h9-site/h9/C2Data-225-Type4;28774.0000;DATA;1612718814.211020
/ndn/d4-site/d4/C2Data-1698-Type1;157206.0000;DATA;1612718814.578613
/ndn/h9-site/h9/C2Data-1093-Type1;135731.0000;DATA;1612718815.165975
/ndn/v9-site/v9/C2Data-4723-Type2;170590.0000;DATA;1612718815.520198
/ndn/v3-site/v3/C2Data-3997-Type2;140621.0000;DATA;1612718816.940490
/ndn/s0-site/s0/C2Data-2424-Type1;25908.0000;DATA;1612718817.620841
/ndn/v7-site/v7/C2Data-4481-Type2;74868.0000;DATA;1612718822.701119
/ndn/s3-site/s3/C2Data-2787-Type1;4085.0000;DATA;1612718823.952252
/ndn/v9-site/v9/C2Data-4723-Type1;166388.0000;DATA;1612718824.259406
/ndn/v7-site/v7/C2Data-2259-Type3;134276.0000;DATA;1612718839.544728
/ndn/s1-site/s1/C2Data-1283-Type3;11427.0000;DATA;1612718839.964996
/ndn/d6-site/d6/C2Data-400-Type4;1996.0000;DATA;1612718840.262791
/ndn/h7-site/h7/C2Data-429-Type3;24979.0000;DATA;1612718840.549946
/ndn/h5-site/h5/C2Data-307-Type3;102810.0000;DATA;1612718841.475093
/ndn/d0-site/d0/C2Data-612-Type3;104867.0000;DATA;1612718841.519819
/ndn/h1-site/h1/C2Data-63-Type3;108747.0000;DATA;1612718842.829803
/ndn/d1-site/d1/C2Data-275-Type4;933.0000;DATA;1612718843.779681
/ndn/h6-site/h6/C2Data-731-Type2;148384.0000;DATA;1612718843.646251
/ndn/s4-site/s4/C2Data-1466-Type3;29788.0000;DATA;1612718844.155305
/ndn/v9-site/v9/C2Data-4724-Type1;172985.0000;DATA;1612718845.550849
/ndn/v7-site/v7/C2Data-4482-Type2;164953.0000;DATA;1612718849.832288
/ndn/v1-site/v1/C2Data-3756-Type1;107491.0000;DATA;1612718850.361291
/ndn/s4-site/s4/C2Data-2909-Type1;156356.0000;DATA;1612718850.800725
/ndn/d4-site/d4/C2Data-856-Type3;25080.0000;DATA;1612718851.786535
/ndn/v5-site/v5/C2Data-4240-Type1;75617.0000;DATA;1612718852.447854
/ndn/s3-site/s3/C2Data-2788-Type1;76563.0000;DATA;1612718852.494957
/ndn/h7-site/h7/C2Data-852-Type2;96254.0000;DATA;1612718852.913810
/ndn/h4-site/h4/C2Data-489-Type2;101939.0000;DATA;1612718853.495251
/ndn/h3-site/h3/C2Data-185-Type3;2720.0000;DATA;1612718856.244057
/ndn/v5-site/v5/C2Data-2137-Type3;3525.0000;DATA;1612718856.449293
/ndn/v1-site/v1/C2Data-1893-Type3;50484.0000;DATA;1612718857.285195
/ndn/h4-site/h4/C2Data-490-Type2;101881.0000;DATA;1612718875.512019
/ndn/h5-site/h5/C2Data-611-Type2;116966.0000;DATA;1612718876.432096
/ndn/v0-site/v0/C2Data-3636-Type1;122211.0000;DATA;1612718878.191483
/ndn/h5-site/h5/C2Data-611-Type1;96837.0000;DATA;1612718880.546049
/ndn/h8-site/h8/C2Data-974-Type1;121426.0000;DATA;1612718883.137770
/ndn/s9-site/s9/C2Data-3515-Type1;2224.0000;DATA;1612718883.817331
/ndn/s3-site/s3/C2Data-1406-Type3;79921.0000;DATA;1612718900.139908
/ndn/s6-site/s6/C2Data-1589-Type3;123952.0000;DATA;1612718900.791979
/ndn/h3-site/h3/C2Data-186-Type3;25414.0000;DATA;1612718903.268538
/ndn/d9-site/d9/C2Data-2306-Type1;202316.0000;DATA;1612718903.583953
/ndn/d4-site/d4/C2Data-1701-Type2;166560.0000;DATA;1612718904.557500
/ndn/v0-site/v0/C2Data-3637-Type2;52381.0000;DATA;1612718905.872098
/ndn/h4-site/h4/C2Data-491-Type1;96436.0000;DATA;1612718906.157850
/ndn/d8-site/d8/C2Data-2185-Type2;145659.0000;DATA;1612718907.463828
/ndn/d7-site/d7/C2Data-2064-Type1;975.0000;DATA;1612718908.593701
/ndn/h6-site/h6/C2Data-733-Type2;156789.0000;DATA;1612718909.278726
/ndn/s8-site/s8/C2Data-3395-Type1;53922.0000;DATA;1612718910.846956
/ndn/h5-site/h5/C2Data-612-Type2;51096.0000;DATA;1612718910.869399
/ndn/d6-site/d6/C2Data-1943-Type2;73393.0000;DATA;1612718911.440710
/ndn/s6-site/s6/C2Data-3153-Type2;130780.0000;DATA;1612718911.871115
/ndn/v9-site/v9/C2Data-377-Type5;180254.0000;DATA;1612718911.885465
/ndn/s1-site/s1/C2Data-1284-Type3;852.0000;DATA;1612718912.311995
/ndn/h9-site/h9/C2Data-1096-Type1;126919.0000;DATA;1612718913.142851
/ndn/s9-site/s9/C2Data-3516-Type2;5369.0000;DATA;1612718914.012355
/ndn/h5-site/h5/C2Data-308-Type3;26103.0000;DATA;1612718920.312874
/ndn/h2-site/h2/C2Data-125-Type3;53919.0000;DATA;1612718920.594710
/ndn/v4-site/v4/C2Data-312-Type5;5347.0000;DATA;1612718928.811013
/ndn/s1-site/s1/C2Data-2549-Type2;33827.0000;DATA;1612718936.965867
/ndn/v7-site/v7/C2Data-676-Type4;187535.0000;DATA;1612718939.321023
/ndn/v0-site/v0/C2Data-3638-Type2;119837.0000;DATA;1612718940.688819
/ndn/v8-site/v8/C2Data-4606-Type1;72683.0000;DATA;1612718940.798917
/ndn/v0-site/v0/C2Data-3638-Type1;165729.0000;DATA;1612718942.327917
/ndn/v3-site/v3/C2Data-4001-Type1;272513.0000;DATA;1612718943.132832
/ndn/h6-site/h6/C2Data-151-Type4;163203.0000;DATA;1612718955.240538
/ndn/v1-site/v1/C2Data-273-Type5;76996.0000;DATA;1612718957.525481
/ndn/s2-site/s2/C2Data-1346-Type3;57611.0000;DATA;1612718957.688937
/ndn/s3-site/s3/C2Data-1407-Type3;74041.0000;DATA;1612718957.980602
/ndn/s8-site/s8/C2Data-1712-Type3;50807.0000;DATA;1612718958.414855
/ndn/h5-site/h5/C2Data-309-Type3;100188.0000;DATA;1612718959.622022
/ndn/v5-site/v5/C2Data-626-Type4;4382.0000;DATA;1612718961.443673
/ndn/d9-site/d9/C2Data-1163-Type3;73346.0000;DATA;1612718962.701213
/ndn/h0-site/h0/C2Data-0-Type5;176977.0000;DATA;1612718962.699034
/ndn/v0-site/v0/C2Data-501-Type4;121881.0000;DATA;1612718965.266948
/ndn/d2-site/d2/C2Data-736-Type3;196685.0000;DATA;1612718965.335383
/ndn/s0-site/s0/C2Data-2429-Type1;24615.0000;DATA;1612718965.992761
/ndn/d1-site/d1/C2Data-675-Type3;2150.0000;DATA;1612718967.640842
/ndn/d1-site/d1/C2Data-1340-Type2;1703.0000;DATA;1612718967.884826
/ndn/v3-site/v3/C2Data-4002-Type1;218217.0000;DATA;1612718969.966944
/ndn/v2-site/v2/C2Data-1956-Type3;2922.0000;DATA;1612718971.215602
/ndn/s9-site/s9/C2Data-3518-Type2;1673.0000;DATA;1612718971.353162
/ndn/d9-site/d9/C2Data-2308-Type1;224185.0000;DATA;1612718971.903030
/ndn/d0-site/d0/C2Data-614-Type3;1260.0000;DATA;1612718975.182710
/ndn/h3-site/h3/C2Data-39-Type5;24715.0000;DATA;1612718975.689428
/ndn/v1-site/v1/C2Data-526-Type4;87743.0000;DATA;1612718976.656427
/ndn/h1-site/h1/C2Data-26-Type4;25813.0000;DATA;1612718995.735898
/ndn/d8-site/d8/C2Data-234-Type5;1131.0000;DATA;1612719002.027667
/ndn/h3-site/h3/C2Data-373-Type2;948.0000;DATA;1612719002.271999
/ndn/s2-site/s2/C2Data-1347-Type3;51624.0000;DATA;1612719016.827251
/ndn/v1-site/v1/C2Data-1896-Type3;1191.0000;DATA;1612719023.567578
/ndn/h2-site/h2/C2Data-127-Type3;48582.0000;DATA;1612719023.791676
/ndn/v8-site/v8/C2Data-4609-Type2;75747.0000;DATA;1612719024.763224
/ndn/v3-site/v3/C2Data-4004-Type2;222836.0000;DATA;1612719025.946965
/ndn/s3-site/s3/C2Data-2794-Type2;1085.0000;DATA;1612719026.832028
/ndn/h6-site/h6/C2Data-737-Type1;144464.0000;DATA;1612719027.284201
/ndn/s4-site/s4/C2Data-2915-Type2;122019.0000;DATA;1612719028.125871
/ndn/s1-site/s1/C2Data-1286-Type3;1517.0000;DATA;1612719028.492922
/ndn/d8-site/d8/C2Data-2189-Type2;149642.0000;DATA;1612719028.750059
/ndn/d0-site/d0/C2Data-1221-Type1;100128.0000;DATA;1612719029.231905
/ndn/v0-site/v0/C2Data-3641-Type2;120243.0000;DATA;1612719031.909173
/ndn/v5-site/v5/C2Data-2140-Type3;48618.0000;DATA;1612719033.643799
/ndn/v0-site/v0/C2Data-1835-Type3;122169.0000;DATA;1612719034.121730
/ndn/v7-site/v7/C2Data-2262-Type3;76895.0000;DATA;1612719039.198235
/ndn/v4-site/v4/C2Data-2079-Type3;4453.0000;DATA;1612719039.552951
/ndn/h2-site/h2/C2Data-254-Type2;50892.0000;DATA;1612719053.436874
/ndn/v5-site/v5/C2Data-4247-Type1;74232.0000;DATA;1612719061.093734
/ndn/s3-site/s3/C2Data-2795-Type1;6001858.0000;TIMEOUT;1612719060.701634
/ndn/s4-site/s4/C2Data-2916-Type1;6014460.0000;TIMEOUT;1612719062.064813
/ndn/v8-site/v8/C2Data-2324-Type3;78181.0000;DATA;1612719077.094318
/ndn/v1-site/v1/C2Data-1897-Type3;103803.0000;DATA;1612719077.554555
/ndn/s7-site/s7/C2Data-1653-Type3;6001628.0000;TIMEOUT;1612719077.760621
/ndn/h1-site/h1/C2Data-134-Type1;115871.0000;DATA;1612719085.263892
/ndn/s6-site/s6/C2Data-1592-Type3;6001336.0000;TIMEOUT;1612719080.744397
/ndn/h3-site/h3/C2Data-376-Type1;881.0000;DATA;1612719086.920774
/ndn/h4-site/h4/C2Data-497-Type1;95985.0000;DATA;1612719086.964024
/ndn/v0-site/v0/C2Data-1836-Type3;24906.0000;DATA;1612719087.738194
/ndn/h9-site/h9/C2Data-555-Type3;866.0000;DATA;1612719088.287016
/ndn/d7-site/d7/C2Data-1043-Type3;1061.0000;DATA;1612719088.876214
/ndn/s3-site/s3/C2Data-1409-Type3;6001743.0000;TIMEOUT;1612719083.067990
/ndn/h5-site/h5/C2Data-618-Type2;74739.0000;DATA;1612719090.157772
/ndn/d9-site/d9/C2Data-2312-Type1;202223.0000;DATA;1612719093.483022
/ndn/v5-site/v5/C2Data-4248-Type2;49069.0000;DATA;1612719093.780079
/ndn/s2-site/s2/C2Data-2675-Type2;6000972.0000;TIMEOUT;1612719088.502935
/ndn/d5-site/d5/C2Data-1828-Type1;213896.0000;DATA;1612719094.463854
/ndn/v2-site/v2/C2Data-1958-Type3;4816.0000;DATA;1612719097.596070
/ndn/d5-site/d5/C2Data-377-Type4;80060.0000;DATA;1612719099.860880
/ndn/s5-site/s5/C2Data-1531-Type3;6001444.0000;TIMEOUT;1612719098.628328
/ndn/d2-site/d2/C2Data-302-Type4;129290.0000;DATA;1612719111.003584
/ndn/h5-site/h5/C2Data-619-Type1;117742.0000;DATA;1612719114.330162
/ndn/h4-site/h4/C2Data-102-Type4;25533.0000;DATA;1612719116.613026
/ndn/d9-site/d9/C2Data-2313-Type2;235895.0000;DATA;1612719119.488513
/ndn/d1-site/d1/C2Data-1345-Type1;73854.0000;DATA;1612719121.585892
/ndn/h7-site/h7/C2Data-177-Type4;25472.0000;DATA;1612719122.832630
/ndn/v7-site/v7/C2Data-677-Type4;128457.0000;DATA;1612719123.619314
/ndn/v7-site/v7/C2Data-4491-Type2;136280.0000;DATA;1612719123.966024
/ndn/s3-site/s3/C2Data-2797-Type1;6016239.0000;TIMEOUT;1612719118.975020
/ndn/s8-site/s8/C2Data-3402-Type1;6000596.0000;TIMEOUT;1612719120.751923
/ndn/h9-site/h9/C2Data-227-Type4;1272.0000;DATA;1612719131.899423
/ndn/h3-site/h3/C2Data-190-Type3;30411.0000;DATA;1612719137.200599
/ndn/v5-site/v5/C2Data-2142-Type3;112907.0000;DATA;1612719138.462476
/ndn/h7-site/h7/C2Data-862-Type2;134886.0000;DATA;1612719142.675412
/ndn/v4-site/v4/C2Data-602-Type4;4720.0000;DATA;1612719142.852353
/ndn/v0-site/v0/C2Data-1837-Type3;122244.0000;DATA;1612719143.017223
/ndn/h6-site/h6/C2Data-741-Type1;161907.0000;DATA;1612719143.418340
/ndn/h2-site/h2/C2Data-129-Type3;49078.0000;DATA;1612719144.443346
/ndn/d1-site/d1/C2Data-277-Type4;34399.0000;DATA;1612719145.011849
/ndn/h3-site/h3/C2Data-77-Type4;954.0000;DATA;1612719145.529034
/ndn/s4-site/s4/C2Data-1471-Type3;6000765.0000;TIMEOUT;1612719140.015837
/ndn/d2-site/d2/C2Data-1467-Type2;221135.0000;DATA;1612719146.008203
/ndn/h2-site/h2/C2Data-257-Type1;67352.0000;DATA;1612719148.361034
/ndn/v3-site/v3/C2Data-4008-Type1;143558.0000;DATA;1612719148.430965
/ndn/s7-site/s7/C2Data-1654-Type3;6001283.0000;TIMEOUT;1612719143.028698
/ndn/s4-site/s4/C2Data-2919-Type2;6002183.0000;TIMEOUT;1612719143.712449
/ndn/d3-site/d3/C2Data-800-Type3;58257.0000;DATA;1612719152.646773
/ndn/d4-site/d4/C2Data-1709-Type1;29204.0000;DATA;1612719154.311265
/ndn/v7-site/v7/C2Data-2264-Type3;155942.0000;DATA;1612719156.591964
/ndn/s2-site/s2/C2Data-2677-Type1;6001614.0000;TIMEOUT;1612719150.880507
/ndn/h5-site/h5/C2Data-621-Type2;101657.0000;DATA;1612719174.152832
/ndn/v3-site/v3/C2Data-4009-Type1;215697.0000;DATA;1612719174.695147
/ndn/d7-site/d7/C2Data-2073-Type2;98859.0000;DATA;1612719175.816661
/ndn/d8-site/d8/C2Data-2194-Type1;147557.0000;DATA;1612719176.262989
/ndn/v2-site/v2/C2Data-3888-Type2;104176.0000;DATA;1612719179.447632
/ndn/v2-site/v2/C2Data-3888-Type1;25451.0000;DATA;1612719181.896501
/ndn/s9-site/s9/C2Data-3525-Type1;6001963.0000;TIMEOUT;1612719181.374490
/ndn/v7-site/v7/C2Data-189-Type6;233346.0000;DATA;1612719187.334840
/ndn/s8-site/s8/C2Data-3404-Type1;6000832.0000;TIMEOUT;1612719181.797133
/ndn/d8-site/d8/C2Data-1106-Type3;154386.0000;DATA;1612719201.025682
/ndn/s1-site/s1/C2Data-1289-Type3;6001490.0000;TIMEOUT;1612719198.295813
/ndn/d3-site/d3/C2Data-1590-Type2;1124.0000;DATA;1612719207.082922
/ndn/s9-site/s9/C2Data-1777-Type3;6000792.0000;TIMEOUT;1612719202.102019
/ndn/h2-site/h2/C2Data-259-Type2;51706.0000;DATA;1612719210.423978
/ndn/h0-site/h0/C2Data-17-Type1;164999.0000;DATA;1612719211.319013
/ndn/d1-site/d1/C2Data-1348-Type1;72621.0000;DATA;1612719212.105033
/ndn/h2-site/h2/C2Data-259-Type1;67313.0000;DATA;1612719212.697319
/ndn/s7-site/s7/C2Data-1655-Type3;6002650.0000;TIMEOUT;1612719210.405957
/ndn/s8-site/s8/C2Data-3405-Type1;6002281.0000;TIMEOUT;1612719213.242698
/ndn/h5-site/h5/C2Data-313-Type3;94264.0000;DATA;1612719219.205796
/ndn/v1-site/v1/C2Data-274-Type5;110393.0000;DATA;1612719225.074727
/ndn/s3-site/s3/C2Data-1411-Type3;6001144.0000;TIMEOUT;1612719219.284168
/ndn/v5-site/v5/C2Data-4253-Type1;112340.0000;DATA;1612719232.959065
/ndn/v2-site/v2/C2Data-3890-Type2;100764.0000;DATA;1612719236.733106
/ndn/s2-site/s2/C2Data-2680-Type2;6000914.0000;TIMEOUT;1612719232.751916
/ndn/h0-site/h0/C2Data-18-Type2;190018.0000;DATA;1612719239.115485
/ndn/d6-site/d6/C2Data-112-Type6;126582.0000;DATA;1612719239.742561
/ndn/s0-site/s0/C2Data-2438-Type1;6002808.0000;TIMEOUT;1612719233.902902
/ndn/d2-site/d2/C2Data-1470-Type2;201054.0000;DATA;1612719240.484257
/ndn/d0-site/d0/C2Data-1228-Type2;96377.0000;DATA;1612719241.635793
/ndn/v0-site/v0/C2Data-3648-Type2;25998.0000;DATA;1612719242.292882
/ndn/v5-site/v5/C2Data-628-Type4;76923.0000;DATA;1612719242.319587
/ndn/d9-site/d9/C2Data-133-Type6;178049.0000;DATA;1612719243.962235
/ndn/v9-site/v9/C2Data-728-Type4;29666.0000;DATA;1612719250.268879
/ndn/d7-site/d7/C2Data-1046-Type3;146634.0000;DATA;1612719261.804606
/ndn/d9-site/d9/C2Data-1168-Type3;145311.0000;DATA;1612719263.140904
/ndn/v0-site/v0/C2Data-3649-Type1;133803.0000;DATA;1612719263.276928
/ndn/v8-site/v8/C2Data-2327-Type3;25084.0000;DATA;1612719264.471043
/ndn/h4-site/h4/C2Data-103-Type4;48400.0000;DATA;1612719264.512839
/ndn/d0-site/d0/C2Data-1229-Type1;104903.0000;DATA;1612719264.980328
/ndn/h3-site/h3/C2Data-382-Type1;35919.0000;DATA;1612719265.209005
/ndn/v4-site/v4/C2Data-4133-Type1;55214.0000;DATA;1612719266.241191
/ndn/d6-site/d6/C2Data-209-Type5;126256.0000;DATA;1612719266.394722
/ndn/h6-site/h6/C2Data-745-Type2;77329.0000;DATA;1612719267.974967
/ndn/v3-site/v3/C2Data-2022-Type3;213059.0000;DATA;1612719268.387632
