/ndn/h13-site/h13/C2Data-1573-Type2;145230.0000;DATA;1611608000.886479
/ndn/s13-site/s13/C2Data-5203-Type2;524.0000;NACK;1611608001.373492
/ndn/h1-site/h1/C2Data-121-Type2;140969.0000;DATA;1611608001.331442
/ndn/h9-site/h9/C2Data-1089-Type2;91587.0000;DATA;1611608003.988454
/ndn/s4-site/s4/C2Data-4114-Type2;509.0000;NACK;1611608004.471448
/ndn/v2-site/v2/C2Data-5687-Type1;52065.0000;DATA;1611608004.600501
/ndn/d3-site/d3/C2Data-2178-Type1;28231.0000;DATA;1611608004.906933
/ndn/s6-site/s6/C2Data-4356-Type1;23751.0000;DATA;1611608007.588461
/ndn/d14-site/d14/C2Data-3509-Type1;221054.0000;DATA;1611608007.528506
/ndn/v11-site/v11/C2Data-6776-Type2;565.0000;NACK;1611608007.936489
/ndn/h10-site/h10/C2Data-1210-Type1;46627.0000;DATA;1611608008.294441
/ndn/h12-site/h12/C2Data-1452-Type2;572.0000;NACK;1611608011.251505
/ndn/d0-site/d0/C2Data-1815-Type1;139161.0000;DATA;1611608011.904431
/ndn/v9-site/v9/C2Data-3294-Type3;535.0000;NACK;1611608027.310500
/ndn/d12-site/d12/C2Data-1647-Type3;72267.0000;DATA;1611608029.977439
/ndn/v14-site/v14/C2Data-3599-Type3;121551.0000;DATA;1611608030.768428
/ndn/h1-site/h1/C2Data-122-Type2;186558.0000;DATA;1611608030.809493
/ndn/s1-site/s1/C2Data-3752-Type2;167719.0000;DATA;1611608030.998459
/ndn/h4-site/h4/C2Data-485-Type2;71648.0000;DATA;1611608031.791496
/ndn/h3-site/h3/C2Data-364-Type1;165518.0000;DATA;1611608031.916438
/ndn/d2-site/d2/C2Data-1037-Type3;97588.0000;DATA;1611608032.172463
/ndn/v6-site/v6/C2Data-6172-Type2;421.0000;NACK;1611608032.318444
/ndn/h1-site/h1/C2Data-61-Type3;149719.0000;DATA;1611608032.279600
/ndn/d3-site/d3/C2Data-2179-Type2;23918.0000;DATA;1611608032.857664
/ndn/h11-site/h11/C2Data-671-Type3;138141.0000;DATA;1611608033.036518
/ndn/d3-site/d3/C2Data-2179-Type1;24029.0000;DATA;1611608033.627458
/ndn/h0-site/h0/C2Data-1-Type2;163719.0000;DATA;1611608033.694417
/ndn/d13-site/d13/C2Data-3389-Type1;72755.0000;DATA;1611608033.963400
/ndn/s14-site/s14/C2Data-2684-Type3;720.0000;NACK;1611608034.981472
/ndn/d4-site/d4/C2Data-2300-Type1;93033.0000;DATA;1611608034.947484
/ndn/v7-site/v7/C2Data-3172-Type3;603.0000;NACK;1611608035.098460
/ndn/v12-site/v12/C2Data-6898-Type2;453.0000;NACK;1611608035.110449
/ndn/h4-site/h4/C2Data-485-Type1;71808.0000;DATA;1611608035.630397
/ndn/v1-site/v1/C2Data-5567-Type2;560.0000;NACK;1611608035.943495
/ndn/d2-site/d2/C2Data-2058-Type1;139605.0000;DATA;1611608035.971512
/ndn/s7-site/s7/C2Data-2257-Type3;73634.0000;DATA;1611608036.497620
/ndn/d1-site/d1/C2Data-1937-Type1;503.0000;NACK;1611608036.622493
/ndn/s1-site/s1/C2Data-3752-Type1;220952.0000;DATA;1611608037.277477
/ndn/d11-site/d11/C2Data-3147-Type1;98438.0000;DATA;1611608038.278534
/ndn/v5-site/v5/C2Data-6051-Type2;521.0000;NACK;1611608039.465444
/ndn/v7-site/v7/C2Data-6293-Type1;527.0000;NACK;1611608039.703439
/ndn/s0-site/s0/C2Data-3631-Type1;24492.0000;DATA;1611608040.265487
/ndn/v8-site/v8/C2Data-6414-Type1;171757.0000;DATA;1611608041.319438
/ndn/s9-site/s9/C2Data-2379-Type3;69594.0000;DATA;1611608042.966439
/ndn/v2-site/v2/C2Data-2867-Type3;26893.0000;DATA;1611608043.550197
/ndn/h12-site/h12/C2Data-732-Type3;600.0000;NACK;1611608045.574459
/ndn/v8-site/v8/C2Data-3233-Type3;25205.0000;DATA;1611608046.249521
/ndn/d3-site/d3/C2Data-1098-Type3;23343.0000;DATA;1611608046.658491
/ndn/v5-site/v5/C2Data-6052-Type2;539.0000;NACK;1611608061.881055
/ndn/h8-site/h8/C2Data-970-Type2;46448.0000;DATA;1611608062.948451
/ndn/d12-site/d12/C2Data-3269-Type2;121211.0000;DATA;1611608063.952476
/ndn/s7-site/s7/C2Data-4479-Type2;162263.0000;DATA;1611608064.530588
/ndn/v6-site/v6/C2Data-6173-Type1;534.0000;NACK;1611608065.020417
/ndn/s8-site/s8/C2Data-4600-Type2;23567.0000;DATA;1611608067.397487
/ndn/h6-site/h6/C2Data-728-Type2;73720.0000;DATA;1611608067.916466
/ndn/h3-site/h3/C2Data-365-Type1;172974.0000;DATA;1611608068.027471
/ndn/v9-site/v9/C2Data-6536-Type2;24551.0000;DATA;1611608070.746495
/ndn/s2-site/s2/C2Data-1953-Type3;164971.0000;DATA;1611608084.332471
/ndn/v12-site/v12/C2Data-3478-Type3;23692.0000;DATA;1611608089.850618
/ndn/s6-site/s6/C2Data-4359-Type2;25371.0000;DATA;1611608090.311417
/ndn/d3-site/d3/C2Data-2181-Type1;24713.0000;DATA;1611608090.353593
/ndn/d1-site/d1/C2Data-977-Type3;565.0000;NACK;1611608090.816434
/ndn/v0-site/v0/C2Data-5448-Type1;27731.0000;DATA;1611608091.197787
/ndn/d11-site/d11/C2Data-3149-Type2;142501.0000;DATA;1611608091.603472
/ndn/d0-site/d0/C2Data-916-Type3;73928.0000;DATA;1611608092.534475
/ndn/d7-site/d7/C2Data-2665-Type1;69446.0000;DATA;1611608092.722405
/ndn/v13-site/v13/C2Data-3539-Type3;25583.0000;DATA;1611608095.573424
/ndn/s9-site/s9/C2Data-4722-Type1;101085.0000;DATA;1611608095.785462
/ndn/d1-site/d1/C2Data-1939-Type1;431.0000;NACK;1611608096.360449
/ndn/s13-site/s13/C2Data-5206-Type1;219247.0000;DATA;1611608096.390463
/ndn/v5-site/v5/C2Data-6053-Type2;72625.0000;DATA;1611608097.468465
/ndn/d14-site/d14/C2Data-1770-Type3;96648.0000;DATA;1611608098.214416
/ndn/v1-site/v1/C2Data-2807-Type3;69845.0000;DATA;1611608098.533410
/ndn/s12-site/s12/C2Data-5085-Type2;69843.0000;DATA;1611608098.804418
/ndn/v10-site/v10/C2Data-6658-Type1;71554.0000;DATA;1611608098.891458
/ndn/s9-site/s9/C2Data-2380-Type3;23947.0000;DATA;1611608099.913479
/ndn/v11-site/v11/C2Data-3417-Type3;51917.0000;DATA;1611608101.897435
/ndn/d11-site/d11/C2Data-1587-Type3;23311.0000;DATA;1611608102.448465
/ndn/v14-site/v14/C2Data-3600-Type3;50971.0000;DATA;1611608103.219477
/ndn/s6-site/s6/C2Data-2197-Type3;545.0000;DATA;1611608104.190448
/ndn/h14-site/h14/C2Data-855-Type3;101042.0000;DATA;1611608105.505709
/ndn/v1-site/v1/C2Data-775-Type4;125751.0000;DATA;1611608107.036494
/ndn/h8-site/h8/C2Data-489-Type3;58632.0000;DATA;1611608107.603475
/ndn/h11-site/h11/C2Data-672-Type3;27530.0000;DATA;1611608107.760132
/ndn/v10-site/v10/C2Data-1000-Type4;91915.0000;DATA;1611608117.486266
/ndn/v4-site/v4/C2Data-5933-Type1;223774.0000;DATA;1611608120.883770
/ndn/s12-site/s12/C2Data-5086-Type2;193261.0000;DATA;1611608122.838495
/ndn/h0-site/h0/C2Data-4-Type1;176865.0000;DATA;1611608123.450432
/ndn/d2-site/d2/C2Data-2061-Type2;71182.0000;DATA;1611608125.750507
/ndn/s8-site/s8/C2Data-4602-Type2;94861.0000;DATA;1611608127.472958
/ndn/d5-site/d5/C2Data-2424-Type2;95390.0000;DATA;1611608127.668536
/ndn/v2-site/v2/C2Data-5691-Type1;46288.0000;DATA;1611608127.982471
/ndn/d13-site/d13/C2Data-3392-Type1;185537.0000;DATA;1611608127.873692
/ndn/d7-site/d7/C2Data-2666-Type1;70041.0000;DATA;1611608131.217456
/ndn/h12-site/h12/C2Data-1456-Type1;197589.0000;DATA;1611608131.630509
/ndn/v9-site/v9/C2Data-6538-Type1;75773.0000;DATA;1611608131.913438
/ndn/v8-site/v8/C2Data-950-Type4;48730.0000;DATA;1611608139.053489
/ndn/d2-site/d2/C2Data-425-Type4;135276.0000;DATA;1611608139.538479
/ndn/h7-site/h7/C2Data-429-Type3;23829.0000;DATA;1611608146.177593
/ndn/v4-site/v4/C2Data-850-Type4;125735.0000;DATA;1611608147.372534
/ndn/h2-site/h2/C2Data-124-Type3;207897.0000;DATA;1611608147.762472
/ndn/v3-site/v3/C2Data-2930-Type3;156891.0000;DATA;1611608149.046443
/ndn/h13-site/h13/C2Data-1578-Type2;141025.0000;DATA;1611608150.161682
/ndn/h0-site/h0/C2Data-2-Type3;72878.0000;DATA;1611608150.299502
/ndn/h3-site/h3/C2Data-185-Type3;117361.0000;DATA;1611608150.304450
/ndn/s1-site/s1/C2Data-3756-Type2;212368.0000;DATA;1611608150.222459
/ndn/s13-site/s13/C2Data-2625-Type3;74790.0000;DATA;1611608151.086461
/ndn/s7-site/s7/C2Data-4482-Type1;96989.0000;DATA;1611608151.871406
/ndn/v7-site/v7/C2Data-6297-Type2;82109.0000;DATA;1611608155.464464
/ndn/v4-site/v4/C2Data-5934-Type1;220060.0000;DATA;1611608156.770185
/ndn/s13-site/s13/C2Data-5208-Type2;94678.0000;DATA;1611608157.044481
/ndn/v3-site/v3/C2Data-5813-Type2;23577.0000;DATA;1611608157.551436
/ndn/v13-site/v13/C2Data-7023-Type2;71110.0000;DATA;1611608157.596486
/ndn/d11-site/d11/C2Data-1588-Type3;50178.0000;DATA;1611608157.850402
/ndn/s0-site/s0/C2Data-3635-Type1;23753.0000;DATA;1611608157.982495
/ndn/h10-site/h10/C2Data-612-Type3;23498.0000;DATA;1611608158.376478
/ndn/v11-site/v11/C2Data-6781-Type2;189063.0000;DATA;1611608158.386442
/ndn/d3-site/d3/C2Data-2183-Type1;23909.0000;DATA;1611608158.972433
/ndn/v10-site/v10/C2Data-3357-Type3;70088.0000;DATA;1611608159.157458
/ndn/v4-site/v4/C2Data-2991-Type3;75798.0000;DATA;1611608159.878397
/ndn/d0-site/d0/C2Data-1820-Type1;117560.0000;DATA;1611608160.246513
/ndn/s12-site/s12/C2Data-5087-Type1;93001.0000;DATA;1611608160.409617
/ndn/d8-site/d8/C2Data-2789-Type2;142695.0000;DATA;1611608180.695521
/ndn/d11-site/d11/C2Data-3152-Type1;71469.0000;DATA;1611608181.191486
/ndn/h8-site/h8/C2Data-974-Type2;46927.0000;DATA;1611608181.651491
/ndn/d12-site/d12/C2Data-3273-Type1;119183.0000;DATA;1611608181.656449
/ndn/v3-site/v3/C2Data-5814-Type2;72885.0000;DATA;1611608182.828466
/ndn/h5-site/h5/C2Data-611-Type2;97135.0000;DATA;1611608184.909562
/ndn/d13-site/d13/C2Data-3394-Type1;138336.0000;DATA;1611608185.375465
/ndn/s5-site/s5/C2Data-4241-Type2;100375.0000;DATA;1611608187.394465
/ndn/h10-site/h10/C2Data-1216-Type2;23978.0000;DATA;1611608187.884448
/ndn/d5-site/d5/C2Data-2426-Type2;23565.0000;DATA;1611608188.022443
/ndn/s12-site/s12/C2Data-5088-Type2;71839.0000;DATA;1611608189.519498
/ndn/h3-site/h3/C2Data-369-Type2;47437.0000;DATA;1611608190.190507
/ndn/d5-site/d5/C2Data-2426-Type1;122850.0000;DATA;1611608191.132417
/ndn/h13-site/h13/C2Data-1579-Type2;74113.0000;DATA;1611608191.236477
/ndn/v2-site/v2/C2Data-5693-Type1;47002.0000;DATA;1611608191.524427
/ndn/s13-site/s13/C2Data-5209-Type1;74970.0000;DATA;1611608191.797483
/ndn/v7-site/v7/C2Data-3175-Type3;131337.0000;DATA;1611608206.025486
/ndn/h1-site/h1/C2Data-64-Type3;47452.0000;DATA;1611608211.456482
/ndn/h7-site/h7/C2Data-854-Type1;187664.0000;DATA;1611608211.662553
/ndn/s8-site/s8/C2Data-4605-Type2;46488.0000;DATA;1611608212.472439
/ndn/s5-site/s5/C2Data-4242-Type2;46953.0000;DATA;1611608212.523454
/ndn/v13-site/v13/C2Data-7025-Type2;48421.0000;DATA;1611608214.535415
/ndn/s4-site/s4/C2Data-4121-Type1;71583.0000;DATA;1611608214.643539
/ndn/h6-site/h6/C2Data-733-Type1;24575.0000;DATA;1611608215.761619
/ndn/v11-site/v11/C2Data-3419-Type3;148102.0000;DATA;1611608215.771961
