/ndn/v3-site/v3/C2Data-5808-Type2;122206.0000;DATA;1611606835.640269
/ndn/h7-site/h7/C2Data-847-Type2;25191.0000;DATA;1611606835.866208
/ndn/h2-site/h2/C2Data-242-Type2;397.0000;NACK;1611606836.780343
/ndn/s10-site/s10/C2Data-4840-Type2;83786.0000;NACK;1611606843.705190
/ndn/v5-site/v5/C2Data-3050-Type3;300667.0000;DATA;1611606856.690338
/ndn/h3-site/h3/C2Data-183-Type3;253343.0000;DATA;1611606859.863158
/ndn/s7-site/s7/C2Data-2257-Type3;240474.0000;DATA;1611606860.231000
/ndn/v4-site/v4/C2Data-5930-Type2;279986.0000;DATA;1611606862.275250
/ndn/h7-site/h7/C2Data-427-Type3;25738.0000;DATA;1611606863.769300
/ndn/d6-site/d6/C2Data-2542-Type1;164609.0000;DATA;1611606863.956272
/ndn/d7-site/d7/C2Data-2663-Type1;148090.0000;DATA;1611606863.980297
/ndn/s3-site/s3/C2Data-2013-Type3;93472.0000;DATA;1611606864.071348
/ndn/h12-site/h12/C2Data-1453-Type1;235354.0000;DATA;1611606864.886229
/ndn/s5-site/s5/C2Data-2135-Type3;162906.0000;DATA;1611606865.222180
/ndn/h6-site/h6/C2Data-366-Type3;26371.0000;DATA;1611606865.371308
/ndn/d0-site/d0/C2Data-1816-Type2;193816.0000;DATA;1611606867.110398
/ndn/s1-site/s1/C2Data-1891-Type3;48017.0000;DATA;1611606867.485294
/ndn/h2-site/h2/C2Data-122-Type3;237715.0000;DATA;1611606867.400284
/ndn/v11-site/v11/C2Data-6777-Type1;190754.0000;DATA;1611606868.822853
/ndn/s7-site/s7/C2Data-4478-Type2;235450.0000;DATA;1611606869.664272
/ndn/d10-site/d10/C2Data-3026-Type1;72656.0000;DATA;1611606870.762315
/ndn/s13-site/s13/C2Data-5204-Type2;46680.0000;DATA;1611606870.871210
/ndn/d9-site/d9/C2Data-2905-Type1;121173.0000;DATA;1611606870.898317
/ndn/h1-site/h1/C2Data-61-Type3;188806.0000;DATA;1611606872.009244
/ndn/v1-site/v1/C2Data-5567-Type1;269187.0000;DATA;1611606873.086321
/ndn/d1-site/d1/C2Data-976-Type3;212054.0000;DATA;1611606873.815280
/ndn/d6-site/d6/C2Data-2542-Type2;169863.0000;DATA;1611606874.232269
/ndn/d3-site/d3/C2Data-1098-Type3;168939.0000;DATA;1611606874.996285
/ndn/s13-site/s13/C2Data-2623-Type3;47874.0000;DATA;1611606875.723270
/ndn/h9-site/h9/C2Data-549-Type3;99381.0000;DATA;1611606876.853364
/ndn/d14-site/d14/C2Data-1769-Type3;209315.0000;DATA;1611606879.535280
/ndn/d6-site/d6/C2Data-1281-Type3;176540.0000;DATA;1611606879.946263
/ndn/h5-site/h5/C2Data-305-Type3;78034.0000;DATA;1611606880.100265
/ndn/h5-site/h5/C2Data-607-Type1;71826.0000;DATA;1611606893.922281
/ndn/h5-site/h5/C2Data-607-Type2;71568.0000;DATA;1611606894.727271
/ndn/h12-site/h12/C2Data-1454-Type2;235703.0000;DATA;1611606894.590235
/ndn/h3-site/h3/C2Data-365-Type1;240981.0000;DATA;1611606894.645270
/ndn/d6-site/d6/C2Data-2543-Type2;168282.0000;DATA;1611606896.196259
/ndn/v3-site/v3/C2Data-5810-Type1;126908.0000;DATA;1611606896.742318
/ndn/d0-site/d0/C2Data-1817-Type1;131114.0000;DATA;1611606897.675280
/ndn/d1-site/d1/C2Data-1938-Type2;189573.0000;DATA;1611606898.923531
/ndn/d13-site/d13/C2Data-3390-Type1;191215.0000;DATA;1611606900.331257
/ndn/v6-site/v6/C2Data-6173-Type2;145974.0000;NACK;1611606900.879310
/ndn/v13-site/v13/C2Data-7020-Type2;142450.0000;DATA;1611606901.333162
/ndn/d13-site/d13/C2Data-3390-Type2;193236.0000;DATA;1611606901.319235
/ndn/d2-site/d2/C2Data-2059-Type1;221875.0000;DATA;1611606901.584298
/ndn/s6-site/s6/C2Data-4358-Type2;6000580.0000;TIMEOUT;1611606896.275275
/ndn/s1-site/s1/C2Data-3753-Type1;48045.0000;DATA;1611606902.314390
/ndn/s5-site/s5/C2Data-2136-Type3;167031.0000;DATA;1611606920.858189
/ndn/h0-site/h0/C2Data-1-Type3;24644.0000;DATA;1611606922.252310
/ndn/d1-site/d1/C2Data-1939-Type1;208811.0000;DATA;1611606923.472293
/ndn/d8-site/d8/C2Data-1404-Type3;216078.0000;DATA;1611606924.051233
/ndn/h8-site/h8/C2Data-971-Type1;123456.0000;DATA;1611606926.260224
/ndn/h9-site/h9/C2Data-1092-Type2;95664.0000;DATA;1611606928.949283
/ndn/s10-site/s10/C2Data-4843-Type2;6000270.0000;TIMEOUT;1611606923.283234
/ndn/d13-site/d13/C2Data-3391-Type2;188214.0000;DATA;1611606931.948266
/ndn/s2-site/s2/C2Data-3875-Type1;6000397.0000;TIMEOUT;1611606926.165200
/ndn/v4-site/v4/C2Data-2990-Type3;289093.0000;DATA;1611606932.618235
/ndn/d2-site/d2/C2Data-425-Type4;225757.0000;DATA;1611606932.772287
/ndn/d5-site/d5/C2Data-1221-Type3;50862.0000;DATA;1611606936.437274
/ndn/d0-site/d0/C2Data-916-Type3;226070.0000;DATA;1611606937.210272
/ndn/s4-site/s4/C2Data-2075-Type3;6000902.0000;TIMEOUT;1611606931.729341
/ndn/s12-site/s12/C2Data-5085-Type1;6000419.0000;TIMEOUT;1611606932.248291
/ndn/s9-site/s9/C2Data-2380-Type3;6000431.0000;TIMEOUT;1611606932.290946
/ndn/s10-site/s10/C2Data-4843-Type1;6000746.0000;TIMEOUT;1611606932.391270
/ndn/d12-site/d12/C2Data-1648-Type3;185815.0000;DATA;1611606938.623297
/ndn/v1-site/v1/C2Data-775-Type4;291392.0000;DATA;1611606940.221224
/ndn/h0-site/h0/C2Data-0-Type4;27409.0000;DATA;1611606948.256256
/ndn/h3-site/h3/C2Data-75-Type4;243168.0000;DATA;1611606953.363253
/ndn/v13-site/v13/C2Data-7022-Type1;141674.0000;DATA;1611606954.180228
/ndn/h4-site/h4/C2Data-488-Type2;76484.0000;DATA;1611606954.543200
/ndn/h6-site/h6/C2Data-150-Type4;24028.0000;DATA;1611606955.238214
/ndn/v2-site/v2/C2Data-5691-Type2;174650.0000;DATA;1611606957.188262
/ndn/d12-site/d12/C2Data-675-Type4;191706.0000;DATA;1611606957.899173
/ndn/h14-site/h14/C2Data-1698-Type2;195906.0000;DATA;1611606958.639194
/ndn/d11-site/d11/C2Data-3150-Type1;220780.0000;DATA;1611606960.290228
/ndn/v10-site/v10/C2Data-6659-Type2;164741.0000;DATA;1611606960.540239
/ndn/v9-site/v9/C2Data-6538-Type2;92117.0000;DATA;1611606960.736255
/ndn/s3-site/s3/C2Data-3997-Type2;6000217.0000;TIMEOUT;1611606957.219496
/ndn/d7-site/d7/C2Data-2666-Type2;146640.0000;DATA;1611606963.491291
/ndn/d4-site/d4/C2Data-2303-Type1;214605.0000;DATA;1611606963.650309
/ndn/s8-site/s8/C2Data-4602-Type1;6000253.0000;TIMEOUT;1611606958.456219
/ndn/d11-site/d11/C2Data-650-Type4;247199.0000;DATA;1611606967.845336
/ndn/s14-site/s14/C2Data-5328-Type1;6003154.0000;TIMEOUT;1611606963.307380
/ndn/v10-site/v10/C2Data-1000-Type4;208013.0000;DATA;1611606973.287546
/ndn/v6-site/v6/C2Data-900-Type4;146953.0000;NACK;1611606978.054263
/ndn/d1-site/d1/C2Data-978-Type3;226937.0000;DATA;1611606979.986182
/ndn/d4-site/d4/C2Data-1161-Type3;233305.0000;DATA;1611606981.967216
/ndn/d14-site/d14/C2Data-3514-Type2;193074.0000;DATA;1611606982.766184
/ndn/d8-site/d8/C2Data-1405-Type3;224745.0000;DATA;1611606982.905248
/ndn/d0-site/d0/C2Data-375-Type4;189636.0000;DATA;1611606983.186266
/ndn/h3-site/h3/C2Data-185-Type3;236963.0000;DATA;1611606984.348298
/ndn/d5-site/d5/C2Data-2425-Type2;51152.0000;DATA;1611606985.890266
/ndn/d1-site/d1/C2Data-1941-Type2;220659.0000;DATA;1611606985.801269
/ndn/d7-site/d7/C2Data-1344-Type3;142940.0000;DATA;1611606986.282252
/ndn/h2-site/h2/C2Data-50-Type4;234932.0000;DATA;1611606986.303391
/ndn/d6-site/d6/C2Data-2546-Type1;175639.0000;DATA;1611606986.524258
/ndn/h11-site/h11/C2Data-275-Type4;211201.0000;DATA;1611606986.560244
/ndn/d0-site/d0/C2Data-1820-Type1;190596.0000;DATA;1611606987.253152
/ndn/h8-site/h8/C2Data-490-Type3;115662.0000;DATA;1611606987.484214
/ndn/h4-site/h4/C2Data-489-Type1;72718.0000;DATA;1611606988.204205
/ndn/h8-site/h8/C2Data-973-Type2;124237.0000;DATA;1611606988.541253
/ndn/d0-site/d0/C2Data-1820-Type2;189411.0000;DATA;1611606988.510253
/ndn/h10-site/h10/C2Data-1215-Type1;193198.0000;DATA;1611606991.207311
/ndn/s9-site/s9/C2Data-4724-Type2;6000298.0000;TIMEOUT;1611606985.471160
/ndn/d7-site/d7/C2Data-2667-Type2;143951.0000;DATA;1611606992.652197
/ndn/d2-site/d2/C2Data-1039-Type3;212267.0000;DATA;1611606994.039303
/ndn/d6-site/d6/C2Data-1283-Type3;169942.0000;DATA;1611606994.274322
/ndn/s10-site/s10/C2Data-2442-Type3;6000473.0000;TIMEOUT;1611606988.763183
/ndn/d14-site/d14/C2Data-1771-Type3;191062.0000;DATA;1611606994.684809
/ndn/v1-site/v1/C2Data-2808-Type3;268210.0000;DATA;1611606995.950295
/ndn/s4-site/s4/C2Data-2076-Type3;6000354.0000;TIMEOUT;1611606994.221264
/ndn/d11-site/d11/C2Data-3152-Type1;215290.0000;DATA;1611607012.302526
/ndn/v12-site/v12/C2Data-6903-Type2;264423.0000;DATA;1611607016.064190
/ndn/d2-site/d2/C2Data-2063-Type2;221153.0000;DATA;1611607016.151280
/ndn/d5-site/d5/C2Data-2426-Type1;50907.0000;DATA;1611607017.959249
/ndn/s2-site/s2/C2Data-3878-Type1;6001788.0000;TIMEOUT;1611607013.607302
/ndn/h4-site/h4/C2Data-490-Type1;72653.0000;DATA;1611607019.548315
/ndn/v4-site/v4/C2Data-5935-Type2;304623.0000;DATA;1611607019.898249
/ndn/d9-site/d9/C2Data-2910-Type1;119583.0000;DATA;1611607020.338271
/ndn/d7-site/d7/C2Data-2668-Type1;141723.0000;DATA;1611607020.611238
/ndn/d5-site/d5/C2Data-2426-Type2;49404.0000;DATA;1611607021.197270
/ndn/d7-site/d7/C2Data-2668-Type2;138394.0000;DATA;1611607021.667260
/ndn/v12-site/v12/C2Data-6903-Type1;257222.0000;DATA;1611607021.879169
/ndn/h13-site/h13/C2Data-796-Type3;146840.0000;DATA;1611607036.546307
/ndn/h10-site/h10/C2Data-1217-Type2;189788.0000;DATA;1611607043.468270
/ndn/v13-site/v13/C2Data-7025-Type2;140694.0000;DATA;1611607044.410177
/ndn/d7-site/d7/C2Data-2669-Type1;138938.0000;DATA;1611607045.019264
/ndn/v11-site/v11/C2Data-6783-Type2;194078.0000;DATA;1611607046.433306
/ndn/h5-site/h5/C2Data-612-Type1;69964.0000;DATA;1611607046.876328
/ndn/h12-site/h12/C2Data-1459-Type1;242728.0000;DATA;1611607046.802312
/ndn/s11-site/s11/C2Data-2504-Type3;6000326.0000;TIMEOUT;1611607041.927191
