/ndn/v8-site/v8/C2Data-6413-Type1;26905.0000;DATA;1611607421.243368
/ndn/d4-site/d4/C2Data-2299-Type2;209142.0000;DATA;1611607422.214473
/ndn/h5-site/h5/C2Data-605-Type2;73395.0000;DATA;1611607425.510378
/ndn/d7-site/d7/C2Data-2662-Type2;149611.0000;DATA;1611607426.523371
/ndn/h1-site/h1/C2Data-121-Type1;198865.0000;DATA;1611607426.655409
/ndn/v1-site/v1/C2Data-5566-Type2;99043.0000;DATA;1611607426.877263
/ndn/s14-site/s14/C2Data-5324-Type1;219316.0000;DATA;1611607426.862335
/ndn/v13-site/v13/C2Data-7018-Type1;148389.0000;DATA;1611607427.604457
/ndn/h9-site/h9/C2Data-1089-Type2;77172.0000;DATA;1611607427.930400
/ndn/s13-site/s13/C2Data-5203-Type1;54883.0000;DATA;1611607428.746403
/ndn/v6-site/v6/C2Data-6171-Type1;166541.0000;DATA;1611607429.681356
/ndn/v4-site/v4/C2Data-2989-Type3;323917.0000;DATA;1611607444.186425
/ndn/h9-site/h9/C2Data-549-Type3;122136.0000;DATA;1611607446.251360
/ndn/v13-site/v13/C2Data-3538-Type3;149881.0000;DATA;1611607447.096290
/ndn/h7-site/h7/C2Data-427-Type3;623.0000;DATA;1611607448.579360
/ndn/s1-site/s1/C2Data-3752-Type2;47581.0000;DATA;1611607450.509298
/ndn/d4-site/d4/C2Data-2300-Type1;46679.0000;DATA;1611607452.165271
/ndn/s13-site/s13/C2Data-2623-Type3;49915.0000;DATA;1611607452.954252
/ndn/s5-site/s5/C2Data-4236-Type2;172083.0000;DATA;1611607452.839278
/ndn/s3-site/s3/C2Data-3994-Type2;101186.0000;DATA;1611607452.958252
/ndn/v5-site/v5/C2Data-6051-Type1;288995.0000;DATA;1611607452.888319
/ndn/h8-site/h8/C2Data-969-Type2;47377.0000;DATA;1611607454.238332
/ndn/d1-site/d1/C2Data-1937-Type2;226127.0000;DATA;1611607455.149366
/ndn/v5-site/v5/C2Data-6051-Type2;195087.0000;DATA;1611607455.806279
/ndn/h12-site/h12/C2Data-732-Type3;117546.0000;DATA;1611607456.486265
/ndn/d9-site/d9/C2Data-2905-Type2;119262.0000;DATA;1611607457.179346
/ndn/s2-site/s2/C2Data-1952-Type3;139972.0000;DATA;1611607457.342355
/ndn/h10-site/h10/C2Data-610-Type3;26262.0000;DATA;1611607457.474266
/ndn/s0-site/s0/C2Data-3631-Type2;50729.0000;DATA;1611607457.565346
/ndn/h1-site/h1/C2Data-61-Type3;47618.0000;DATA;1611607458.438258
/ndn/s4-site/s4/C2Data-2074-Type3;23881.0000;DATA;1611607458.761312
/ndn/s13-site/s13/C2Data-5204-Type2;24035.0000;DATA;1611607458.884263
/ndn/d13-site/d13/C2Data-3389-Type1;188901.0000;DATA;1611607458.767392
/ndn/h1-site/h1/C2Data-122-Type1;115734.0000;DATA;1611607459.818284
/ndn/h10-site/h10/C2Data-1211-Type1;46267.0000;DATA;1611607460.346383
/ndn/v7-site/v7/C2Data-3172-Type3;46888.0000;DATA;1611607461.882351
/ndn/h6-site/h6/C2Data-366-Type3;23393.0000;DATA;1611607463.164326
/ndn/d3-site/d3/C2Data-1098-Type3;29335.0000;DATA;1611607464.782286
/ndn/s2-site/s2/C2Data-3874-Type2;146004.0000;DATA;1611607480.866324
/ndn/v13-site/v13/C2Data-7020-Type2;47518.0000;DATA;1611607481.253315
/ndn/h6-site/h6/C2Data-728-Type2;23667.0000;DATA;1611607481.505298
/ndn/h2-site/h2/C2Data-244-Type2;47274.0000;DATA;1611607482.056356
/ndn/s13-site/s13/C2Data-5205-Type2;48790.0000;DATA;1611607482.296362
/ndn/v10-site/v10/C2Data-6657-Type1;46054.0000;DATA;1611607484.166299
/ndn/d2-site/d2/C2Data-2059-Type2;234849.0000;DATA;1611607484.945327
/ndn/d7-site/d7/C2Data-2664-Type1;70706.0000;DATA;1611607486.550350
/ndn/h9-site/h9/C2Data-1091-Type1;111173.0000;DATA;1611607486.679272
/ndn/d12-site/d12/C2Data-3269-Type1;190645.0000;DATA;1611607486.815293
/ndn/d12-site/d12/C2Data-3269-Type2;50436.0000;DATA;1611607487.364309
/ndn/v14-site/v14/C2Data-7141-Type1;46126.0000;DATA;1611607487.643414
/ndn/d10-site/d10/C2Data-3027-Type1;46068.0000;DATA;1611607490.004404
/ndn/v8-site/v8/C2Data-6415-Type1;24156.0000;DATA;1611607490.837364
/ndn/d10-site/d10/C2Data-3027-Type2;23482.0000;DATA;1611607491.129344
/ndn/d3-site/d3/C2Data-2180-Type2;173725.0000;DATA;1611607490.999325
/ndn/v2-site/v2/C2Data-5689-Type2;48888.0000;DATA;1611607491.644313
/ndn/s11-site/s11/C2Data-2502-Type3;77330.0000;DATA;1611607505.782645
/ndn/v5-site/v5/C2Data-6053-Type1;289675.0000;DATA;1611607513.479259
/ndn/s14-site/s14/C2Data-5327-Type1;193794.0000;DATA;1611607514.347354
/ndn/d6-site/d6/C2Data-2544-Type2;173827.0000;DATA;1611607515.264253
/ndn/h4-site/h4/C2Data-487-Type1;50842.0000;DATA;1611607515.453420
/ndn/s8-site/s8/C2Data-4601-Type2;166958.0000;DATA;1611607515.404328
/ndn/d5-site/d5/C2Data-2423-Type2;54514.0000;DATA;1611607515.736281
/ndn/h5-site/h5/C2Data-608-Type2;70608.0000;DATA;1611607515.941400
/ndn/v3-site/v3/C2Data-5811-Type2;24307.0000;DATA;1611607516.007259
/ndn/d4-site/d4/C2Data-1160-Type3;190396.0000;DATA;1611607516.875417
/ndn/s13-site/s13/C2Data-5206-Type2;47553.0000;DATA;1611607517.131354
/ndn/v1-site/v1/C2Data-2807-Type3;143127.0000;DATA;1611607517.107317
/ndn/v3-site/v3/C2Data-5811-Type1;75140.0000;DATA;1611607517.389376
/ndn/s7-site/s7/C2Data-2258-Type3;47062.0000;DATA;1611607517.961329
/ndn/v9-site/v9/C2Data-6537-Type2;93101.0000;DATA;1611607518.594100
/ndn/d2-site/d2/C2Data-425-Type4;215421.0000;DATA;1611607518.600415
/ndn/h8-site/h8/C2Data-489-Type3;46831.0000;DATA;1611607518.965598
/ndn/d3-site/d3/C2Data-2181-Type2;115910.0000;DATA;1611607520.213294
/ndn/h13-site/h13/C2Data-1576-Type1;126471.0000;DATA;1611607520.289327
/ndn/s2-site/s2/C2Data-1953-Type3;685.0000;DATA;1611607520.554312
/ndn/d0-site/d0/C2Data-1818-Type1;71864.0000;DATA;1611607520.610384
/ndn/h9-site/h9/C2Data-225-Type4;99264.0000;DATA;1611607521.431264
/ndn/v2-site/v2/C2Data-5690-Type2;587.0000;DATA;1611607521.567363
/ndn/s1-site/s1/C2Data-1892-Type3;747.0000;DATA;1611607521.636303
/ndn/h9-site/h9/C2Data-1092-Type2;24522.0000;DATA;1611607521.792352
/ndn/s4-site/s4/C2Data-2075-Type3;24637.0000;DATA;1611607525.809283
/ndn/d10-site/d10/C2Data-1526-Type3;70959.0000;DATA;1611607526.356340
/ndn/v8-site/v8/C2Data-3234-Type3;25977.0000;DATA;1611607527.440317
/ndn/d11-site/d11/C2Data-650-Type4;263896.0000;DATA;1611607530.151312
/ndn/h11-site/h11/C2Data-275-Type4;279299.0000;DATA;1611607532.534317
/ndn/v0-site/v0/C2Data-750-Type4;258578.0000;DATA;1611607533.806478
/ndn/h4-site/h4/C2Data-100-Type4;49129.0000;DATA;1611607536.997714
/ndn/v13-site/v13/C2Data-7022-Type1;164242.0000;DATA;1611607540.139651
/ndn/h3-site/h3/C2Data-367-Type1;78126.0000;DATA;1611607544.084300
/ndn/h10-site/h10/C2Data-1214-Type2;72227.0000;DATA;1611607544.438401
/ndn/d2-site/d2/C2Data-2061-Type1;73560.0000;DATA;1611607546.516265
/ndn/v13-site/v13/C2Data-7022-Type2;71674.0000;DATA;1611607546.702284
/ndn/v5-site/v5/C2Data-6054-Type1;74528.0000;DATA;1611607548.096298
/ndn/v14-site/v14/C2Data-7143-Type2;70072.0000;DATA;1611607548.211375
/ndn/d7-site/d7/C2Data-2666-Type1;46481.0000;DATA;1611607549.333261
/ndn/v10-site/v10/C2Data-1000-Type4;69354.0000;DATA;1611607549.495239
/ndn/h9-site/h9/C2Data-1093-Type1;50014.0000;DATA;1611607551.103348
/ndn/v11-site/v11/C2Data-6780-Type1;183714.0000;DATA;1611607551.180318
/ndn/v12-site/v12/C2Data-3479-Type3;275839.0000;DATA;1611607565.961341
/ndn/d1-site/d1/C2Data-978-Type3;225447.0000;DATA;1611607566.541289
/ndn/d13-site/d13/C2Data-1710-Type3;202646.0000;DATA;1611607567.405302
/ndn/v7-site/v7/C2Data-3174-Type3;144658.0000;DATA;1611607567.971263
/ndn/s9-site/s9/C2Data-2381-Type3;70152.0000;DATA;1611607570.306370
/ndn/s0-site/s0/C2Data-1832-Type3;52268.0000;DATA;1611607571.029253
/ndn/h3-site/h3/C2Data-368-Type2;68505.0000;DATA;1611607571.276335
/ndn/d2-site/d2/C2Data-2062-Type1;219852.0000;DATA;1611607572.535317
/ndn/h5-site/h5/C2Data-307-Type3;48303.0000;DATA;1611607573.550308
/ndn/h10-site/h10/C2Data-612-Type3;71930.0000;DATA;1611607574.129348
/ndn/s6-site/s6/C2Data-4361-Type1;189031.0000;DATA;1611607574.572295
/ndn/d5-site/d5/C2Data-1222-Type3;46870.0000;DATA;1611607575.273331
/ndn/d1-site/d1/C2Data-1941-Type2;23380.0000;DATA;1611607575.722312
/ndn/h2-site/h2/C2Data-247-Type1;166765.0000;DATA;1611607575.792341
/ndn/s12-site/s12/C2Data-2564-Type3;98525.0000;DATA;1611607576.126310
/ndn/v5-site/v5/C2Data-3052-Type3;46328.0000;DATA;1611607576.584255
/ndn/v0-site/v0/C2Data-5450-Type1;166908.0000;DATA;1611607576.738262
/ndn/h4-site/h4/C2Data-246-Type3;46958.0000;DATA;1611607578.795330
/ndn/s14-site/s14/C2Data-5329-Type1;48827.0000;DATA;1611607579.284262
/ndn/s3-site/s3/C2Data-3998-Type2;92953.0000;DATA;1611607579.747325
/ndn/s9-site/s9/C2Data-4724-Type2;26869.0000;DATA;1611607580.527309
/ndn/v0-site/v0/C2Data-5450-Type2;167867.0000;DATA;1611607580.599357
/ndn/v13-site/v13/C2Data-7023-Type1;608.0000;DATA;1611607581.634257
/ndn/d1-site/d1/C2Data-1941-Type1;215570.0000;DATA;1611607581.656400
/ndn/s5-site/s5/C2Data-4240-Type2;72524.0000;DATA;1611607581.872317
/ndn/d3-site/d3/C2Data-1100-Type3;50803.0000;DATA;1611607582.805386
/ndn/s3-site/s3/C2Data-2015-Type3;104688.0000;DATA;1611607583.129334
/ndn/v0-site/v0/C2Data-2747-Type3;59308.0000;DATA;1611607585.719327
/ndn/s13-site/s13/C2Data-2625-Type3;50143.0000;DATA;1611607588.065337
/ndn/v11-site/v11/C2Data-6782-Type2;192335.0000;DATA;1611607600.576482
/ndn/d14-site/d14/C2Data-3515-Type1;193384.0000;DATA;1611607600.710375
/ndn/v12-site/v12/C2Data-6903-Type2;72346.0000;DATA;1611607602.794345
/ndn/h11-site/h11/C2Data-1337-Type2;194082.0000;DATA;1611607602.860336
/ndn/s3-site/s3/C2Data-3999-Type1;102166.0000;DATA;1611607603.961254
/ndn/d13-site/d13/C2Data-3394-Type2;184547.0000;DATA;1611607605.346314
/ndn/h3-site/h3/C2Data-369-Type2;146708.0000;DATA;1611607605.983334
/ndn/s0-site/s0/C2Data-3636-Type2;116924.0000;DATA;1611607606.205284
/ndn/d9-site/d9/C2Data-2910-Type2;75663.0000;DATA;1611607606.946336
/ndn/h6-site/h6/C2Data-732-Type2;25216.0000;DATA;1611607607.108355
/ndn/d13-site/d13/C2Data-3394-Type1;46926.0000;DATA;1611607608.603347
/ndn/d11-site/d11/C2Data-3152-Type2;118336.0000;DATA;1611607609.672277
/ndn/h2-site/h2/C2Data-248-Type2;48393.0000;DATA;1611607610.613320
/ndn/h9-site/h9/C2Data-1095-Type1;104294.0000;DATA;1611607611.726292
/ndn/d1-site/d1/C2Data-979-Type3;280996.0000;DATA;1611607624.298274
/ndn/s9-site/s9/C2Data-2382-Type3;73729.0000;DATA;1611607625.202792
/ndn/d0-site/d0/C2Data-918-Type3;198091.0000;DATA;1611607625.398253
/ndn/s14-site/s14/C2Data-2687-Type3;220964.0000;DATA;1611607625.425472
/ndn/h4-site/h4/C2Data-247-Type3;54629.0000;DATA;1611607628.507316
/ndn/s4-site/s4/C2Data-2077-Type3;72641.0000;DATA;1611607628.584338
/ndn/d14-site/d14/C2Data-1772-Type3;195790.0000;DATA;1611607629.877304
/ndn/v10-site/v10/C2Data-6662-Type2;164949.0000;DATA;1611607630.812405
/ndn/v0-site/v0/C2Data-5452-Type2;172268.0000;DATA;1611607631.606347
/ndn/v2-site/v2/C2Data-5694-Type2;172811.0000;DATA;1611607632.610328
/ndn/h7-site/h7/C2Data-854-Type1;437.0000;DATA;1611607632.788312
/ndn/h13-site/h13/C2Data-796-Type3;23673.0000;DATA;1611607633.629311
/ndn/h14-site/h14/C2Data-857-Type3;189891.0000;DATA;1611607634.336274
/ndn/v1-site/v1/C2Data-5573-Type1;269935.0000;DATA;1611607635.345425
