/ndn/d1-site/d1/C2Data-1936-Type2;471.0000;NACK;1611608001.405482
/ndn/s10-site/s10/C2Data-4840-Type1;534.0000;NACK;1611608001.651462
/ndn/v14-site/v14/C2Data-7139-Type1;240749.0000;DATA;1611608001.758495
/ndn/h2-site/h2/C2Data-242-Type1;479.0000;NACK;1611608002.470547
/ndn/s11-site/s11/C2Data-4961-Type1;481.0000;NACK;1611608002.593624
/ndn/s5-site/s5/C2Data-4235-Type2;119352.0000;DATA;1611608004.229421
/ndn/s6-site/s6/C2Data-4356-Type2;23394.0000;DATA;1611608005.070494
/ndn/d6-site/d6/C2Data-2541-Type1;209185.0000;DATA;1611608008.735534
/ndn/s13-site/s13/C2Data-5203-Type2;105935.0000;NACK;1611608010.299453
/ndn/v3-site/v3/C2Data-5808-Type1;275578.0000;DATA;1611608010.628504
/ndn/d2-site/d2/C2Data-2057-Type2;140362.0000;DATA;1611608010.970435
/ndn/s6-site/s6/C2Data-2196-Type3;160165.0000;DATA;1611608024.319428
/ndn/s13-site/s13/C2Data-2623-Type3;118408.0000;NACK;1611608025.511499
/ndn/s12-site/s12/C2Data-2562-Type3;116853.0000;NACK;1611608026.413514
/ndn/d2-site/d2/C2Data-1037-Type3;39348.0000;DATA;1611608029.574545
/ndn/v9-site/v9/C2Data-6535-Type2;110365.0000;NACK;1611608031.040425
/ndn/d8-site/d8/C2Data-2784-Type2;97919.0000;DATA;1611608031.771439
/ndn/s9-site/s9/C2Data-4720-Type1;149421.0000;DATA;1611608031.892507
/ndn/d13-site/d13/C2Data-1708-Type3;70735.0000;DATA;1611608032.437569
/ndn/d3-site/d3/C2Data-1098-Type3;118653.0000;DATA;1611608034.845468
/ndn/d7-site/d7/C2Data-2663-Type2;142352.0000;DATA;1611608035.059552
/ndn/d6-site/d6/C2Data-2542-Type2;48202.0000;DATA;1611608038.075572
/ndn/h9-site/h9/C2Data-549-Type3;23979.0000;DATA;1611608038.186593
/ndn/h5-site/h5/C2Data-606-Type2;119128.0000;DATA;1611608039.025475
/ndn/v12-site/v12/C2Data-3477-Type3;23285.0000;DATA;1611608039.822550
/ndn/s9-site/s9/C2Data-2379-Type3;145634.0000;DATA;1611608039.979023
/ndn/h12-site/h12/C2Data-1453-Type2;241930.0000;DATA;1611608040.230508
/ndn/d7-site/d7/C2Data-1342-Type3;124864.0000;DATA;1611608040.636524
/ndn/h12-site/h12/C2Data-732-Type3;23601.0000;DATA;1611608043.585520
/ndn/h7-site/h7/C2Data-427-Type3;93341.0000;DATA;1611608045.633429
/ndn/s2-site/s2/C2Data-1952-Type3;214735.0000;DATA;1611608047.632582
/ndn/h14-site/h14/C2Data-1696-Type2;244908.0000;DATA;1611608060.484526
/ndn/s8-site/s8/C2Data-4600-Type2;216661.0000;DATA;1611608061.570499
/ndn/h6-site/h6/C2Data-728-Type2;215151.0000;DATA;1611608063.375479
/ndn/s11-site/s11/C2Data-4963-Type1;53631.0000;DATA;1611608063.851990
/ndn/h3-site/h3/C2Data-365-Type2;46509.0000;DATA;1611608064.027971
/ndn/d3-site/d3/C2Data-2180-Type1;191372.0000;DATA;1611608066.071504
/ndn/s8-site/s8/C2Data-4600-Type1;144183.0000;DATA;1611608066.121508
/ndn/h12-site/h12/C2Data-1454-Type2;223458.0000;DATA;1611608067.843510
/ndn/v2-site/v2/C2Data-5689-Type2;118398.0000;DATA;1611608068.964446
/ndn/h11-site/h11/C2Data-1333-Type2;120559.0000;DATA;1611608070.677606
/ndn/v3-site/v3/C2Data-5810-Type1;246754.0000;DATA;1611608070.664521
/ndn/d10-site/d10/C2Data-3027-Type1;194158.0000;DATA;1611608071.364509
/ndn/h5-site/h5/C2Data-607-Type2;23594.0000;DATA;1611608071.610571
/ndn/d6-site/d6/C2Data-1282-Type3;210594.0000;DATA;1611608084.752444
/ndn/d8-site/d8/C2Data-1404-Type3;121369.0000;DATA;1611608085.410864
/ndn/d2-site/d2/C2Data-1038-Type3;110127.0000;DATA;1611608089.727430
/ndn/h4-site/h4/C2Data-245-Type3;276775.0000;DATA;1611608089.652430
/ndn/d3-site/d3/C2Data-2181-Type1;193102.0000;DATA;1611608090.515496
/ndn/v12-site/v12/C2Data-6900-Type1;23866.0000;DATA;1611608090.793509
/ndn/s7-site/s7/C2Data-4480-Type2;240100.0000;DATA;1611608091.799549
/ndn/v12-site/v12/C2Data-3478-Type3;28480.0000;DATA;1611608092.172443
/ndn/v10-site/v10/C2Data-6658-Type2;137587.0000;DATA;1611608092.255565
/ndn/v9-site/v9/C2Data-6537-Type2;290743.0000;DATA;1611608092.366539
/ndn/h5-site/h5/C2Data-608-Type1;216602.0000;DATA;1611608092.875576
/ndn/v14-site/v14/C2Data-3600-Type3;24205.0000;DATA;1611608093.090540
/ndn/s11-site/s11/C2Data-4964-Type2;307657.0000;DATA;1611608093.143503
/ndn/d2-site/d2/C2Data-2060-Type1;72587.0000;DATA;1611608093.638528
/ndn/s9-site/s9/C2Data-2380-Type3;24702.0000;DATA;1611608095.278569
/ndn/h0-site/h0/C2Data-3-Type1;48409.0000;DATA;1611608095.948435
/ndn/h14-site/h14/C2Data-855-Type3;138743.0000;DATA;1611608098.738474
/ndn/s11-site/s11/C2Data-4964-Type1;24790.0000;DATA;1611608099.178497
/ndn/h5-site/h5/C2Data-306-Type3;23624.0000;DATA;1611608101.731678
/ndn/s5-site/s5/C2Data-2136-Type3;70430.0000;DATA;1611608102.676500
/ndn/h0-site/h0/C2Data-1-Type3;51197.0000;DATA;1611608104.294485
/ndn/d11-site/d11/C2Data-1587-Type3;24011.0000;DATA;1611608104.757454
/ndn/d14-site/d14/C2Data-725-Type4;220532.0000;DATA;1611608111.859517
/ndn/h8-site/h8/C2Data-972-Type1;189615.0000;DATA;1611608121.479494
/ndn/s4-site/s4/C2Data-4118-Type1;242336.0000;DATA;1611608121.548532
/ndn/v13-site/v13/C2Data-1075-Type4;240048.0000;DATA;1611608123.018192
/ndn/h7-site/h7/C2Data-851-Type2;128097.0000;DATA;1611608124.027497
/ndn/h6-site/h6/C2Data-150-Type4;146012.0000;DATA;1611608124.425424
/ndn/s5-site/s5/C2Data-4239-Type1;23468.0000;DATA;1611608125.085428
/ndn/s14-site/s14/C2Data-5328-Type2;202546.0000;DATA;1611608126.569650
/ndn/d14-site/d14/C2Data-3513-Type2;214469.0000;DATA;1611608128.073521
/ndn/d11-site/d11/C2Data-3150-Type1;71689.0000;DATA;1611608129.167463
/ndn/v4-site/v4/C2Data-850-Type4;25908.0000;DATA;1611608129.883546
/ndn/h0-site/h0/C2Data-4-Type1;214904.0000;DATA;1611608129.786510
/ndn/v0-site/v0/C2Data-5449-Type1;220800.0000;DATA;1611608130.561654
/ndn/d4-site/d4/C2Data-2303-Type2;138349.0000;DATA;1611608131.143440
/ndn/d10-site/d10/C2Data-625-Type4;23429.0000;DATA;1611608139.682239
/ndn/v8-site/v8/C2Data-950-Type4;184418.0000;DATA;1611608141.885290
/ndn/s1-site/s1/C2Data-1893-Type3;220213.0000;DATA;1611608145.071535
/ndn/h13-site/h13/C2Data-795-Type3;251741.0000;DATA;1611608148.318438
/ndn/v7-site/v7/C2Data-925-Type4;24543.0000;DATA;1611608149.486481
/ndn/h12-site/h12/C2Data-300-Type4;147006.0000;DATA;1611608150.012461
/ndn/d9-site/d9/C2Data-600-Type4;25054.0000;DATA;1611608150.779486
/ndn/d0-site/d0/C2Data-375-Type4;49002.0000;DATA;1611608152.764484
/ndn/s0-site/s0/C2Data-3635-Type1;212865.0000;DATA;1611608153.435439
/ndn/d2-site/d2/C2Data-2062-Type1;138868.0000;DATA;1611608153.517431
/ndn/h6-site/h6/C2Data-368-Type3;47955.0000;DATA;1611608154.006531
/ndn/d8-site/d8/C2Data-2788-Type2;97734.0000;DATA;1611608154.132514
/ndn/s12-site/s12/C2Data-2564-Type3;129945.0000;DATA;1611608154.143446
/ndn/d12-site/d12/C2Data-3272-Type1;98117.0000;DATA;1611608154.765419
/ndn/s10-site/s10/C2Data-2442-Type3;240004.0000;DATA;1611608154.914515
/ndn/d3-site/d3/C2Data-2183-Type1;23477.0000;DATA;1611608157.057504
/ndn/d12-site/d12/C2Data-1649-Type3;48210.0000;DATA;1611608157.340536
/ndn/h14-site/h14/C2Data-1699-Type2;27188.0000;DATA;1611608157.862568
/ndn/v4-site/v4/C2Data-5934-Type2;24615.0000;DATA;1611608158.101458
/ndn/h0-site/h0/C2Data-5-Type2;49672.0000;DATA;1611608158.345583
/ndn/d1-site/d1/C2Data-978-Type3;96372.0000;DATA;1611608158.424492
/ndn/d6-site/d6/C2Data-2546-Type2;191317.0000;DATA;1611608158.872460
/ndn/h12-site/h12/C2Data-734-Type3;23449.0000;DATA;1611608159.211488
/ndn/d14-site/d14/C2Data-3514-Type2;150434.0000;DATA;1611608160.882616
/ndn/d2-site/d2/C2Data-1039-Type3;23135.0000;DATA;1611608162.562470
/ndn/d11-site/d11/C2Data-3152-Type2;71528.0000;DATA;1611608180.929563
/ndn/d12-site/d12/C2Data-3273-Type1;99537.0000;DATA;1611608181.269508
/ndn/v7-site/v7/C2Data-6298-Type2;47331.0000;DATA;1611608182.242623
/ndn/s10-site/s10/C2Data-4846-Type1;288759.0000;DATA;1611608182.164469
/ndn/v2-site/v2/C2Data-5693-Type2;143711.0000;DATA;1611608182.932466
/ndn/v0-site/v0/C2Data-5451-Type2;209263.0000;DATA;1611608183.959502
/ndn/d0-site/d0/C2Data-1821-Type2;127223.0000;DATA;1611608184.263494
/ndn/v8-site/v8/C2Data-6419-Type1;74523.0000;DATA;1611608184.692470
/ndn/d13-site/d13/C2Data-3394-Type1;94902.0000;DATA;1611608184.905537
/ndn/h12-site/h12/C2Data-1458-Type1;137564.0000;DATA;1611608185.348523
/ndn/v4-site/v4/C2Data-5935-Type1;27413.0000;DATA;1611608186.971452
/ndn/h9-site/h9/C2Data-1095-Type1;72319.0000;DATA;1611608186.986519
/ndn/d5-site/d5/C2Data-2426-Type2;257787.0000;DATA;1611608187.584466
/ndn/v1-site/v1/C2Data-5572-Type1;25891.0000;DATA;1611608188.068528
/ndn/h2-site/h2/C2Data-248-Type2;24669.0000;DATA;1611608190.110525
/ndn/h13-site/h13/C2Data-1579-Type2;26057.0000;DATA;1611608191.494512
/ndn/d10-site/d10/C2Data-3031-Type1;219457.0000;DATA;1611608191.874420
/ndn/h0-site/h0/C2Data-7-Type1;98602.0000;DATA;1611608210.662480
/ndn/d2-site/d2/C2Data-2064-Type2;144285.0000;DATA;1611608211.986520
/ndn/s7-site/s7/C2Data-4484-Type2;235320.0000;DATA;1611608212.267488
/ndn/d3-site/d3/C2Data-2185-Type1;123615.0000;DATA;1611608212.908434
/ndn/d12-site/d12/C2Data-3274-Type2;95187.0000;DATA;1611608213.559515
/ndn/h1-site/h1/C2Data-128-Type2;170467.0000;DATA;1611608214.095616
