/C2Data/h1/C2Data-21-Type2;93207.0000;DATA;1609199270.139143
/C2Data/d3/C2Data-147-Type2;20894.0000;NACK;1609199270.241001
/C2Data/d0/C2Data-84-Type2;24042.0000;DATA;1609199272.343935
/C2Data/v0/C2Data-252-Type2;126899.0000;DATA;1609199273.509705
/C2Data/s1/C2Data-189-Type2;78885.0000;DATA;1609199282.830993
/C2Data/v2/C2Data-295-Type2;96203.0000;DATA;1609199326.393460
/C2Data/s3/C2Data-121-Type3;38335.0000;DATA;1609199334.054235
/C2Data/v1/C2Data-143-Type3;693.0000;DATA;1609199342.278945
/C2Data/s1/C2Data-99-Type3;560.0000;DATA;1609199350.301224
/C2Data/s2/C2Data-212-Type1;133807.0000;DATA;1609199389.112568
/C2Data/d0/C2Data-86-Type1;26701.0000;DATA;1609199390.510539
/C2Data/h3/C2Data-34-Type3;612.0000;DATA;1609199433.421519
/C2Data/v3/C2Data-166-Type3;647.0000;DATA;1609199440.056488
/C2Data/s3/C2Data-234-Type1;23771.0000;DATA;1609199446.136910
/C2Data/h1/C2Data-12-Type3;617.0000;DATA;1609199447.031331
/C2Data/s1/C2Data-100-Type3;77241.0000;DATA;1609199449.229342
/C2Data/s1/C2Data-192-Type1;118495.0000;DATA;1609199452.712793
/C2Data/d3/C2Data-78-Type3;24269.0000;NACK;1609199455.617125
/C2Data/d0/C2Data-87-Type1;27800.0000;DATA;1609199456.033642
/C2Data/h2/C2Data-23-Type3;610.0000;DATA;1609199469.524013
/C2Data/v3/C2Data-55-Type4;626.0000;DATA;1609199475.624444
/C2Data/v0/C2Data-256-Type1;313009.0000;DATA;1609199503.495778
/C2Data/h1/C2Data-25-Type1;46488.0000;DATA;1609199516.203604
/C2Data/h3/C2Data-67-Type2;23733.0000;DATA;1609199521.529500
/C2Data/s1/C2Data-194-Type2;84607.0000;DATA;1609199563.498983
/C2Data/h3/C2Data-68-Type2;42545.0000;DATA;1609199564.849446
/C2Data/h2/C2Data-24-Type3;115392.0000;DATA;1609199570.328860
/C2Data/v1/C2Data-278-Type2;674.0000;DATA;1609199570.698532
/C2Data/s0/C2Data-173-Type1;24688.0000;DATA;1609199581.493653
/C2Data/h1/C2Data-13-Type3;613.0000;DATA;1609199583.904217
/C2Data/v1/C2Data-279-Type1;48321.0000;DATA;1609199624.886215
/C2Data/s1/C2Data-195-Type1;157028.0000;DATA;1609199625.900314
/C2Data/h1/C2Data-27-Type1;160469.0000;DATA;1609199628.404923
/C2Data/v3/C2Data-321-Type1;50461.0000;DATA;1609199639.054612
/C2Data/v2/C2Data-157-Type3;148191.0000;DATA;1609199685.921033
/C2Data/h0/C2Data-3-Type3;46471.0000;DATA;1609199688.137952
/C2Data/d0/C2Data-91-Type1;26152.0000;DATA;1609199688.713889
/C2Data/s0/C2Data-175-Type2;23326.0000;DATA;1609199691.481443
/C2Data/h3/C2Data-36-Type3;723.0000;DATA;1609199693.820294
/C2Data/d0/C2Data-12-Type5;60707.0000;DATA;1609199696.497200
/C2Data/d1/C2Data-58-Type3;669.0000;DATA;1609199698.275330
/C2Data/s2/C2Data-113-Type3;46591.0000;DATA;1609199702.484886
/C2Data/v1/C2Data-280-Type2;662.0000;DATA;1609199705.506957
/C2Data/h3/C2Data-71-Type2;26734.0000;DATA;1609199745.202394
/C2Data/d0/C2Data-92-Type2;34536.0000;DATA;1609199755.434326
/C2Data/d3/C2Data-36-Type4;21046.0000;NACK;1609199803.947990
/C2Data/v1/C2Data-282-Type2;49441.0000;DATA;1609199804.996675
/C2Data/s0/C2Data-177-Type2;29739.0000;DATA;1609199806.158651
/C2Data/d1/C2Data-15-Type5;46696.0000;DATA;1609199807.000729
/C2Data/h2/C2Data-51-Type1;126772.0000;DATA;1609199812.928283
/C2Data/h2/C2Data-11-Type4;203583.0000;DATA;1609199815.336775
