/ndn/s2-site/s2/C2Data-2662-Type2;111255.0000;DATA;1612719526.452852
/ndn/d6-site/d6/C2Data-1936-Type2;225342.0000;DATA;1612719531.221058
/ndn/s5-site/s5/C2Data-3025-Type2;101079.0000;DATA;1612719531.367341
/ndn/s2-site/s2/C2Data-2662-Type1;106763.0000;DATA;1612719531.509473
/ndn/d2-site/d2/C2Data-1452-Type2;123740.0000;DATA;1612719532.106312
/ndn/s3-site/s3/C2Data-2783-Type2;170757.0000;DATA;1612719532.353142
/ndn/h2-site/h2/C2Data-242-Type2;86558.0000;DATA;1612719533.723123
/ndn/h7-site/h7/C2Data-847-Type2;230930.0000;DATA;1612719534.390671
/ndn/s5-site/s5/C2Data-3025-Type1;106091.0000;DATA;1612719535.671054
/ndn/s8-site/s8/C2Data-3388-Type1;55270.0000;DATA;1612719537.844964
/ndn/s8-site/s8/C2Data-1708-Type3;51720.0000;DATA;1612719550.175227
/ndn/s4-site/s4/C2Data-1464-Type3;28750.0000;DATA;1612719553.141026
/ndn/d4-site/d4/C2Data-854-Type3;177772.0000;DATA;1612719554.018538
/ndn/h8-site/h8/C2Data-488-Type3;208771.0000;DATA;1612719556.143361
/ndn/h3-site/h3/C2Data-364-Type2;82134.0000;DATA;1612719557.024445
/ndn/s0-site/s0/C2Data-2421-Type1;75999.0000;DATA;1612719557.362478
/ndn/v8-site/v8/C2Data-4599-Type1;149518.0000;DATA;1612719558.051520
/ndn/h2-site/h2/C2Data-243-Type1;77318.0000;DATA;1612719558.932178
/ndn/h0-site/h0/C2Data-0-Type3;104152.0000;DATA;1612719559.473078
/ndn/h9-site/h9/C2Data-549-Type3;66602.0000;DATA;1612719559.790516
/ndn/h0-site/h0/C2Data-1-Type1;111600.0000;DATA;1612719560.256720
/ndn/v4-site/v4/C2Data-2074-Type3;172324.0000;DATA;1612719561.222341
/ndn/d9-site/d9/C2Data-1159-Type3;126433.0000;DATA;1612719562.332233
/ndn/h5-site/h5/C2Data-305-Type3;153680.0000;DATA;1612719563.032128
/ndn/s8-site/s8/C2Data-3389-Type2;48031.0000;DATA;1612719564.309152
/ndn/v5-site/v5/C2Data-2135-Type3;176675.0000;DATA;1612719566.114905
/ndn/s5-site/s5/C2Data-3026-Type1;97554.0000;DATA;1612719566.682693
/ndn/d6-site/d6/C2Data-976-Type3;225610.0000;DATA;1612719566.665462
/ndn/s1-site/s1/C2Data-2542-Type2;125562.0000;DATA;1612719567.679211
/ndn/d5-site/d5/C2Data-1816-Type1;118173.0000;DATA;1612719567.745167
/ndn/d5-site/d5/C2Data-915-Type3;169191.0000;DATA;1612719567.934295
/ndn/h4-site/h4/C2Data-244-Type3;218137.0000;DATA;1612719570.066049
/ndn/v6-site/v6/C2Data-2196-Type3;105970.0000;DATA;1612719572.251673
/ndn/h4-site/h4/C2Data-486-Type1;200849.0000;DATA;1612719586.608386
/ndn/s6-site/s6/C2Data-3148-Type1;127565.0000;DATA;1612719587.090449
/ndn/d3-site/d3/C2Data-1575-Type2;161428.0000;DATA;1612719589.320537
/ndn/v3-site/v3/C2Data-3995-Type1;166425.0000;DATA;1612719589.340746
/ndn/s1-site/s1/C2Data-2543-Type2;120873.0000;DATA;1612719594.413683
/ndn/s4-site/s4/C2Data-2906-Type1;27532.0000;DATA;1612719595.196451
/ndn/h8-site/h8/C2Data-970-Type2;208839.0000;DATA;1612719595.415214
/ndn/v3-site/v3/C2Data-2014-Type3;165490.0000;DATA;1612719610.385144
/ndn/d8-site/d8/C2Data-1099-Type3;82728.0000;DATA;1612719618.590406
/ndn/d7-site/d7/C2Data-2060-Type1;25512.0000;DATA;1612719618.648535
/ndn/h5-site/h5/C2Data-608-Type1;144334.0000;DATA;1612719618.675532
/ndn/v9-site/v9/C2Data-4722-Type1;99231.0000;DATA;1612719619.274027
/ndn/h5-site/h5/C2Data-608-Type2;149375.0000;DATA;1612719619.586867
/ndn/v0-site/v0/C2Data-3633-Type2;192409.0000;DATA;1612719623.272601
/ndn/s7-site/s7/C2Data-1648-Type3;6193839.0000;TIMEOUT;1612719618.292664
/ndn/v1-site/v1/C2Data-525-Type4;196194.0000;DATA;1612719628.095066
/ndn/h0-site/h0/C2Data-1-Type3;97189.0000;DATA;1612719629.034238
/ndn/h4-site/h4/C2Data-100-Type4;162633.0000;DATA;1612719630.722201
/ndn/v7-site/v7/C2Data-675-Type4;149868.0000;DATA;1612719634.889182
/ndn/v3-site/v3/C2Data-575-Type4;158560.0000;DATA;1612719641.739087
/ndn/h3-site/h3/C2Data-75-Type4;79054.0000;DATA;1612719641.835517
/ndn/s2-site/s2/C2Data-2666-Type2;104883.0000;DATA;1612719648.075429
/ndn/d9-site/d9/C2Data-475-Type4;130544.0000;DATA;1612719649.271970
/ndn/d2-site/d2/C2Data-300-Type4;121232.0000;DATA;1612719652.539886
/ndn/h4-site/h4/C2Data-488-Type2;160328.0000;DATA;1612719653.969518
/ndn/h8-site/h8/C2Data-972-Type1;197680.0000;DATA;1612719654.116701
/ndn/d4-site/d4/C2Data-1698-Type2;189127.0000;DATA;1612719655.072064
/ndn/h0-site/h0/C2Data-4-Type2;99140.0000;DATA;1612719657.398367
/ndn/h7-site/h7/C2Data-175-Type4;225048.0000;DATA;1612719672.435869
/ndn/v0-site/v0/C2Data-1832-Type3;176577.0000;DATA;1612719676.387557
/ndn/v7-site/v7/C2Data-4482-Type1;162757.0000;DATA;1612719677.994585
/ndn/s6-site/s6/C2Data-3151-Type1;6000532.0000;TIMEOUT;1612719676.130314
/ndn/s5-site/s5/C2Data-3030-Type2;6001811.0000;TIMEOUT;1612719676.621615
/ndn/s3-site/s3/C2Data-2788-Type2;6001235.0000;TIMEOUT;1612719678.366064
/ndn/s7-site/s7/C2Data-3272-Type2;6001985.0000;TIMEOUT;1612719681.222236
/ndn/s8-site/s8/C2Data-3393-Type2;6000991.0000;TIMEOUT;1612719684.586182
/ndn/s1-site/s1/C2Data-1283-Type3;6000863.0000;TIMEOUT;1612719689.964954
/ndn/h1-site/h1/C2Data-127-Type1;155338.0000;DATA;1612719707.603248
/ndn/s0-site/s0/C2Data-2426-Type1;6000682.0000;TIMEOUT;1612719706.817587
/ndn/h5-site/h5/C2Data-611-Type2;158646.0000;DATA;1612719714.297090
/ndn/h9-site/h9/C2Data-1095-Type1;49618.0000;DATA;1612719715.462246
/ndn/s5-site/s5/C2Data-3031-Type2;6001966.0000;TIMEOUT;1612719714.398530
/ndn/v7-site/v7/C2Data-2260-Type3;153001.0000;DATA;1612719730.798116
/ndn/d7-site/d7/C2Data-1040-Type3;29976.0000;DATA;1612719734.177946
/ndn/s2-site/s2/C2Data-1345-Type3;6000446.0000;TIMEOUT;1612719730.375425
/ndn/d8-site/d8/C2Data-1101-Type3;82675.0000;DATA;1612719738.433430
/ndn/h5-site/h5/C2Data-612-Type1;151265.0000;DATA;1612719740.204969
/ndn/s0-site/s0/C2Data-1223-Type3;6000782.0000;TIMEOUT;1612719734.447693
/ndn/s3-site/s3/C2Data-1406-Type3;6002610.0000;TIMEOUT;1612719735.777725
/ndn/s7-site/s7/C2Data-3274-Type1;6000532.0000;TIMEOUT;1612719736.399025
/ndn/d3-site/d3/C2Data-1580-Type1;155810.0000;DATA;1612719742.443957
/ndn/h6-site/h6/C2Data-733-Type1;217965.0000;DATA;1612719742.826145
/ndn/v7-site/v7/C2Data-4484-Type1;146078.0000;DATA;1612719745.669869
/ndn/s1-site/s1/C2Data-1284-Type3;6000664.0000;TIMEOUT;1612719739.823060
/ndn/s5-site/s5/C2Data-1528-Type3;6009740.0000;TIMEOUT;1612719741.084281
/ndn/d9-site/d9/C2Data-1162-Type3;145039.0000;DATA;1612719750.856995
/ndn/s6-site/s6/C2Data-3153-Type2;6000617.0000;TIMEOUT;1612719745.084199
/ndn/d1-site/d1/C2Data-674-Type3;25788.0000;DATA;1612719753.804100
/ndn/h8-site/h8/C2Data-976-Type1;218924.0000;DATA;1612719766.390883
/ndn/h4-site/h4/C2Data-492-Type2;149020.0000;DATA;1612719767.586962
/ndn/h0-site/h0/C2Data-8-Type2;101316.0000;DATA;1612719770.352197
/ndn/h8-site/h8/C2Data-976-Type2;192831.0000;DATA;1612719770.257099
/ndn/d0-site/d0/C2Data-1218-Type2;212732.0000;DATA;1612719770.975370
/ndn/s9-site/s9/C2Data-3517-Type1;6001334.0000;TIMEOUT;1612719767.451172
/ndn/d6-site/d6/C2Data-1944-Type1;254226.0000;DATA;1612719773.692982
/ndn/v5-site/v5/C2Data-4243-Type1;627588.0000;DATA;1612719774.389343
/ndn/s3-site/s3/C2Data-2791-Type1;6000665.0000;TIMEOUT;1612719769.219596
/ndn/v3-site/v3/C2Data-4001-Type1;161619.0000;DATA;1612719777.993653
/ndn/d9-site/d9/C2Data-476-Type4;134224.0000;DATA;1612719792.158532
/ndn/d3-site/d3/C2Data-797-Type3;156486.0000;DATA;1612719795.202078
/ndn/s0-site/s0/C2Data-1224-Type3;6002970.0000;TIMEOUT;1612719790.340552
/ndn/d0-site/d0/C2Data-1219-Type2;210239.0000;DATA;1612719798.015938
/ndn/d6-site/d6/C2Data-1945-Type1;218476.0000;DATA;1612719798.362128
/ndn/d3-site/d3/C2Data-1582-Type1;145329.0000;DATA;1612719799.432270
/ndn/d2-site/d2/C2Data-736-Type3;122552.0000;DATA;1612719799.914050
/ndn/v6-site/v6/C2Data-2200-Type3;97237.0000;DATA;1612719804.297264
/ndn/v7-site/v7/C2Data-4486-Type1;155276.0000;DATA;1612719805.817588
/ndn/h0-site/h0/C2Data-9-Type1;100588.0000;DATA;1612719806.093394
/ndn/h2-site/h2/C2Data-251-Type1;71575.0000;DATA;1612719807.080105
/ndn/s6-site/s6/C2Data-3155-Type2;6000691.0000;TIMEOUT;1612719801.428067
/ndn/d9-site/d9/C2Data-1163-Type3;144779.0000;DATA;1612719809.635428
/ndn/s9-site/s9/C2Data-3518-Type1;6001689.0000;TIMEOUT;1612719804.599768
/ndn/v3-site/v3/C2Data-576-Type4;151845.0000;DATA;1612719810.471394
/ndn/s8-site/s8/C2Data-3397-Type1;6003473.0000;TIMEOUT;1612719805.105039
/ndn/h4-site/h4/C2Data-248-Type3;172430.0000;DATA;1612719812.203121
/ndn/v4-site/v4/C2Data-312-Type5;176454.0000;DATA;1612719813.290741
/ndn/s1-site/s1/C2Data-1285-Type3;6000714.0000;TIMEOUT;1612719807.451370
/ndn/v8-site/v8/C2Data-701-Type4;209416.0000;DATA;1612719817.313058
/ndn/h4-site/h4/C2Data-494-Type1;160221.0000;DATA;1612719827.028307
/ndn/d4-site/d4/C2Data-1704-Type2;191111.0000;DATA;1612719827.680135
/ndn/v7-site/v7/C2Data-4487-Type1;167669.0000;DATA;1612719830.201604
/ndn/d2-site/d2/C2Data-301-Type4;149281.0000;DATA;1612719831.713070
/ndn/h5-site/h5/C2Data-615-Type1;160911.0000;DATA;1612719833.491783
/ndn/h6-site/h6/C2Data-78-Type5;206354.0000;DATA;1612719833.773781
/ndn/h0-site/h0/C2Data-10-Type1;110234.0000;DATA;1612719835.718653
/ndn/v3-site/v3/C2Data-4003-Type1;159739.0000;DATA;1612719836.244962
/ndn/h7-site/h7/C2Data-432-Type3;183356.0000;DATA;1612719855.568690
/ndn/v9-site/v9/C2Data-2384-Type3;104569.0000;DATA;1612719855.731997
/ndn/d0-site/d0/C2Data-615-Type3;253072.0000;DATA;1612719855.874550
/ndn/d0-site/d0/C2Data-1221-Type2;212795.0000;DATA;1612719859.034586
/ndn/s5-site/s5/C2Data-1530-Type3;6003085.0000;TIMEOUT;1612719853.500338
/ndn/d1-site/d1/C2Data-1342-Type2;35585.0000;DATA;1612719861.374542
/ndn/d1-site/d1/C2Data-1342-Type1;29938.0000;DATA;1612719861.377775
/ndn/s1-site/s1/C2Data-2552-Type1;6001230.0000;TIMEOUT;1612719856.991123
/ndn/d0-site/d0/C2Data-1221-Type1;204625.0000;DATA;1612719862.932979
/ndn/h2-site/h2/C2Data-253-Type2;77097.0000;DATA;1612719864.802574
/ndn/h9-site/h9/C2Data-1100-Type2;64924.0000;DATA;1612719865.584070
/ndn/h0-site/h0/C2Data-11-Type2;110162.0000;DATA;1612719867.649157
/ndn/s5-site/s5/C2Data-3036-Type2;6000376.0000;TIMEOUT;1612719861.928143
/ndn/d2-site/d2/C2Data-737-Type3;125272.0000;DATA;1612719869.027694
/ndn/v1-site/v1/C2Data-1896-Type3;163918.0000;DATA;1612719869.462907
/ndn/s8-site/s8/C2Data-1713-Type3;6002329.0000;TIMEOUT;1612719866.547896
/ndn/s9-site/s9/C2Data-3520-Type1;6001148.0000;TIMEOUT;1612719866.682055
/ndn/d3-site/d3/C2Data-798-Type3;182151.0000;DATA;1612719873.981542
/ndn/s4-site/s4/C2Data-1469-Type3;6002478.0000;TIMEOUT;1612719873.904233
/ndn/s2-site/s2/C2Data-1347-Type3;6010030.0000;TIMEOUT;1612719874.027679
/ndn/d7-site/d7/C2Data-2069-Type1;33605.0000;DATA;1612719886.894115
/ndn/d8-site/d8/C2Data-2190-Type2;71085.0000;DATA;1612719886.934032
/ndn/v6-site/v6/C2Data-4368-Type1;101803.0000;DATA;1612719887.347388
/ndn/h6-site/h6/C2Data-738-Type1;198167.0000;DATA;1612719890.427066
/ndn/s9-site/s9/C2Data-3521-Type2;6001396.0000;TIMEOUT;1612719886.732091
/ndn/s6-site/s6/C2Data-3158-Type1;6000910.0000;TIMEOUT;1612719887.165017
/ndn/v1-site/v1/C2Data-3763-Type1;146697.0000;DATA;1612719895.637016
/ndn/v7-site/v7/C2Data-4489-Type2;151599.0000;DATA;1612719896.032299
/ndn/h2-site/h2/C2Data-254-Type1;74567.0000;DATA;1612719896.364393
/ndn/s8-site/s8/C2Data-3400-Type2;6044358.0000;TIMEOUT;1612719896.329442
/ndn/s0-site/s0/C2Data-2432-Type2;6033810.0000;TIMEOUT;1612719896.721046
/ndn/h5-site/h5/C2Data-311-Type3;183189.0000;DATA;1612719911.258680
/ndn/d3-site/d3/C2Data-799-Type3;212586.0000;DATA;1612719911.980692
/ndn/v9-site/v9/C2Data-2385-Type3;103651.0000;DATA;1612719913.757379
/ndn/d0-site/d0/C2Data-616-Type3;243802.0000;DATA;1612719915.706685
/ndn/d1-site/d1/C2Data-1344-Type2;24783.0000;DATA;1612719921.388154
/ndn/v1-site/v1/C2Data-1897-Type3;166771.0000;DATA;1612719922.177692
/ndn/h8-site/h8/C2Data-494-Type3;205758.0000;DATA;1612719922.719250
/ndn/h4-site/h4/C2Data-497-Type1;151693.0000;DATA;1612719923.738888
/ndn/d7-site/d7/C2Data-427-Type4;40683.0000;DATA;1612719924.491170
/ndn/s7-site/s7/C2Data-3280-Type2;6001000.0000;TIMEOUT;1612719919.042033
/ndn/d8-site/d8/C2Data-2191-Type2;74577.0000;DATA;1612719925.591643
/ndn/v0-site/v0/C2Data-502-Type4;166738.0000;DATA;1612719926.098174
/ndn/h6-site/h6/C2Data-152-Type4;202586.0000;DATA;1612719926.768208
/ndn/h2-site/h2/C2Data-128-Type3;123720.0000;DATA;1612719928.111443
/ndn/h7-site/h7/C2Data-433-Type3;237210.0000;DATA;1612719930.860193
/ndn/v1-site/v1/C2Data-527-Type4;155438.0000;DATA;1612719931.426734
/ndn/h6-site/h6/C2Data-372-Type3;200016.0000;DATA;1612719932.076975
/ndn/d1-site/d1/C2Data-677-Type3;25119.0000;DATA;1612719933.120403
/ndn/h3-site/h3/C2Data-189-Type3;85307.0000;DATA;1612719933.919162
/ndn/s0-site/s0/C2Data-1226-Type3;6000684.0000;TIMEOUT;1612719930.293186
/ndn/v3-site/v3/C2Data-577-Type4;186430.0000;DATA;1612719941.456381
/ndn/h9-site/h9/C2Data-1103-Type2;55355.0000;DATA;1612719947.557939
/ndn/h7-site/h7/C2Data-861-Type2;193807.0000;DATA;1612719948.533093
/ndn/v4-site/v4/C2Data-602-Type4;171934.0000;DATA;1612719949.440050
/ndn/h1-site/h1/C2Data-135-Type1;143372.0000;DATA;1612719949.901635
/ndn/d5-site/d5/C2Data-377-Type4;123835.0000;DATA;1612719951.403181
/ndn/d8-site/d8/C2Data-2192-Type1;89411.0000;DATA;1612719952.290023
/ndn/d1-site/d1/C2Data-277-Type4;29341.0000;DATA;1612719952.809177
/ndn/h5-site/h5/C2Data-619-Type1;153450.0000;DATA;1612719952.852741
/ndn/h9-site/h9/C2Data-1103-Type1;51191.0000;DATA;1612719955.306104
/ndn/h8-site/h8/C2Data-982-Type1;200585.0000;DATA;1612719956.477212
/ndn/s4-site/s4/C2Data-2918-Type2;6000593.0000;TIMEOUT;1612719952.082245
/ndn/s0-site/s0/C2Data-2434-Type2;6001145.0000;TIMEOUT;1612719957.525982
/ndn/d8-site/d8/C2Data-452-Type4;98098.0000;DATA;1612719969.541242
/ndn/s1-site/s1/C2Data-1288-Type3;6001701.0000;TIMEOUT;1612719971.708627
/ndn/s6-site/s6/C2Data-1593-Type3;6001474.0000;TIMEOUT;1612719972.780072
/ndn/h4-site/h4/C2Data-102-Type4;147771.0000;DATA;1612719979.925051
/ndn/d9-site/d9/C2Data-2314-Type2;123404.0000;DATA;1612719979.966316
/ndn/v4-site/v4/C2Data-4129-Type1;169984.0000;DATA;1612719982.074569
/ndn/d8-site/d8/C2Data-2193-Type2;73167.0000;DATA;1612719982.238146
/ndn/s6-site/s6/C2Data-3161-Type1;6003472.0000;TIMEOUT;1612719976.537869
/ndn/v6-site/v6/C2Data-4371-Type1;100645.0000;DATA;1612719984.218783
/ndn/v4-site/v4/C2Data-4129-Type2;177902.0000;DATA;1612719984.168293
/ndn/d1-site/d1/C2Data-1346-Type1;24672.0000;DATA;1612719985.151558
/ndn/h3-site/h3/C2Data-190-Type3;79225.0000;DATA;1612719985.745856
/ndn/d3-site/d3/C2Data-1588-Type2;171989.0000;DATA;1612719987.309298
/ndn/d0-site/d0/C2Data-617-Type3;196774.0000;DATA;1612719988.683195
/ndn/s1-site/s1/C2Data-2556-Type2;6001471.0000;TIMEOUT;1612719983.080770
/ndn/v6-site/v6/C2Data-2203-Type3;152096.0000;DATA;1612719989.893349
/ndn/v9-site/v9/C2Data-2386-Type3;108184.0000;DATA;1612719990.404854
/ndn/d8-site/d8/C2Data-1105-Type3;78344.0000;DATA;1612719991.214698
/ndn/h6-site/h6/C2Data-373-Type3;236372.0000;DATA;1612719991.999672
/ndn/v3-site/v3/C2Data-2020-Type3;173350.0000;DATA;1612719993.103422
/ndn/v8-site/v8/C2Data-196-Type6;458477.0000;DATA;1612720005.169069
/ndn/d7-site/d7/C2Data-2073-Type1;27899.0000;DATA;1612720010.045246
/ndn/h1-site/h1/C2Data-137-Type1;182924.0000;DATA;1612720011.714383
/ndn/d6-site/d6/C2Data-1952-Type2;246280.0000;DATA;1612720012.111185
/ndn/v9-site/v9/C2Data-4735-Type1;105522.0000;DATA;1612720013.098378
/ndn/v0-site/v0/C2Data-3646-Type2;167877.0000;DATA;1612720013.260434
/ndn/h5-site/h5/C2Data-621-Type2;161803.0000;DATA;1612720014.924162
/ndn/v3-site/v3/C2Data-4009-Type1;155706.0000;DATA;1612720015.307941
/ndn/v6-site/v6/C2Data-4372-Type1;102338.0000;DATA;1612720016.622808
/ndn/s8-site/s8/C2Data-3404-Type1;6000825.0000;TIMEOUT;1612720015.055130
/ndn/h1-site/h1/C2Data-7-Type6;290224.0000;DATA;1612720020.967595
/ndn/s3-site/s3/C2Data-2799-Type2;6002920.0000;TIMEOUT;1612720015.991101
/ndn/s1-site/s1/C2Data-2557-Type1;6000917.0000;TIMEOUT;1612720016.605456
/ndn/s5-site/s5/C2Data-3041-Type1;6000714.0000;TIMEOUT;1612720016.779865
/ndn/d3-site/d3/C2Data-1590-Type2;144744.0000;DATA;1612720038.282389
/ndn/d7-site/d7/C2Data-1045-Type3;24576.0000;DATA;1612720040.972137
/ndn/s2-site/s2/C2Data-1350-Type3;6002335.0000;TIMEOUT;1612720035.005839
/ndn/s0-site/s0/C2Data-1228-Type3;6000668.0000;TIMEOUT;1612720035.209422
/ndn/v3-site/v3/C2Data-4010-Type1;147437.0000;DATA;1612720044.002973
/ndn/s2-site/s2/C2Data-2679-Type2;6001252.0000;TIMEOUT;1612720039.684820
/ndn/s6-site/s6/C2Data-1594-Type3;6002206.0000;TIMEOUT;1612720039.780277
/ndn/d6-site/d6/C2Data-1953-Type1;227949.0000;DATA;1612720046.155038
/ndn/v8-site/v8/C2Data-4615-Type2;124376.0000;DATA;1612720046.582994
/ndn/v6-site/v6/C2Data-4373-Type2;97368.0000;DATA;1612720046.631498
/ndn/d3-site/d3/C2Data-801-Type3;148072.0000;DATA;1612720046.858130
/ndn/s9-site/s9/C2Data-3526-Type1;6003988.0000;TIMEOUT;1612720041.871410
/ndn/h1-site/h1/C2Data-69-Type3;151639.0000;DATA;1612720048.110113
/ndn/s8-site/s8/C2Data-3405-Type1;6000527.0000;TIMEOUT;1612720044.418684
/ndn/s4-site/s4/C2Data-1472-Type3;6003689.0000;TIMEOUT;1612720044.936968
/ndn/v7-site/v7/C2Data-189-Type6;451891.0000;DATA;1612720064.621635
/ndn/h1-site/h1/C2Data-139-Type2;155824.0000;DATA;1612720067.447112
/ndn/h2-site/h2/C2Data-260-Type2;87235.0000;DATA;1612720067.799283
/ndn/v0-site/v0/C2Data-3648-Type2;182290.0000;DATA;1612720068.009945
/ndn/d8-site/d8/C2Data-2196-Type1;81475.0000;DATA;1612720068.169783
/ndn/d8-site/d8/C2Data-2196-Type2;72148.0000;DATA;1612720070.389323
/ndn/v1-site/v1/C2Data-3769-Type2;167127.0000;DATA;1612720071.301383
/ndn/h2-site/h2/C2Data-260-Type1;78717.0000;DATA;1612720073.059007
/ndn/d8-site/d8/C2Data-235-Type5;73815.0000;DATA;1612720073.745754
/ndn/v6-site/v6/C2Data-653-Type4;95808.0000;DATA;1612720073.818029
/ndn/h0-site/h0/C2Data-1-Type5;101404.0000;DATA;1612720082.930194
/ndn/d9-site/d9/C2Data-478-Type4;131284.0000;DATA;1612720086.008323
/ndn/v7-site/v7/C2Data-352-Type5;253192.0000;DATA;1612720087.403781
/ndn/d1-site/d1/C2Data-680-Type3;24999.0000;DATA;1612720093.878512
/ndn/d2-site/d2/C2Data-741-Type3;120899.0000;DATA;1612720094.527546
/ndn/d3-site/d3/C2Data-170-Type5;160794.0000;DATA;1612720094.925314
/ndn/h6-site/h6/C2Data-745-Type2;211162.0000;DATA;1612720096.178180
/ndn/h5-site/h5/C2Data-624-Type1;172627.0000;DATA;1612720096.727456
/ndn/h9-site/h9/C2Data-1108-Type2;54257.0000;DATA;1612720096.877562
/ndn/d9-site/d9/C2Data-2318-Type2;122988.0000;DATA;1612720097.161342
/ndn/s0-site/s0/C2Data-1229-Type3;6000981.0000;TIMEOUT;1612720092.333335
/ndn/d9-site/d9/C2Data-133-Type6;129351.0000;DATA;1612720099.296828
