/ndn/h6-site/h6/C2Data-726-Type1;201916.0000;DATA;1612145942.220211
/ndn/s0-site/s0/C2Data-2420-Type2;181455.0000;DATA;1612145943.359832
/ndn/s7-site/s7/C2Data-3267-Type1;76527.0000;DATA;1612145944.032201
/ndn/d8-site/d8/C2Data-2178-Type1;49927.0000;DATA;1612145944.091073
/ndn/d6-site/d6/C2Data-1936-Type2;96361.0000;DATA;1612145944.675209
/ndn/d8-site/d8/C2Data-2178-Type2;47561.0000;DATA;1612145945.257070
/ndn/h3-site/h3/C2Data-363-Type1;2628.0000;DATA;1612145945.743361
/ndn/d2-site/d2/C2Data-1452-Type2;46967.0000;DATA;1612145945.974882
/ndn/s5-site/s5/C2Data-3025-Type1;128160.0000;DATA;1612145947.567897
/ndn/v6-site/v6/C2Data-4356-Type1;26622.0000;DATA;1612145947.765440
/ndn/d4-site/d4/C2Data-854-Type3;97979.0000;DATA;1612145962.827251
/ndn/s3-site/s3/C2Data-1403-Type3;251010.0000;DATA;1612145966.140565
/ndn/h2-site/h2/C2Data-243-Type1;177013.0000;DATA;1612145966.878889
/ndn/v9-site/v9/C2Data-4720-Type1;25136.0000;DATA;1612145967.417907
/ndn/h8-site/h8/C2Data-488-Type3;76805.0000;DATA;1612145968.175927
/ndn/d2-site/d2/C2Data-732-Type3;48859.0000;DATA;1612145968.323213
/ndn/h5-site/h5/C2Data-305-Type3;121578.0000;DATA;1612145968.947156
/ndn/s5-site/s5/C2Data-3026-Type2;216956.0000;DATA;1612145969.168394
/ndn/d1-site/d1/C2Data-1332-Type2;123774.0000;DATA;1612145969.631523
/ndn/d2-site/d2/C2Data-1453-Type1;48380.0000;DATA;1612145970.080897
/ndn/s5-site/s5/C2Data-3026-Type1;200172.0000;DATA;1612145971.806161
/ndn/s3-site/s3/C2Data-2784-Type1;240057.0000;DATA;1612145973.475913
/ndn/s8-site/s8/C2Data-1708-Type3;27843.0000;DATA;1612145975.081011
/ndn/v8-site/v8/C2Data-4599-Type2;164314.0000;DATA;1612145976.041931
/ndn/d8-site/d8/C2Data-2179-Type1;47909.0000;DATA;1612145976.231065
/ndn/h1-site/h1/C2Data-61-Type3;25267.0000;DATA;1612145978.711485
/ndn/s1-site/s1/C2Data-1281-Type3;51204.0000;DATA;1612145979.910940
/ndn/s4-site/s4/C2Data-1464-Type3;3398.0000;DATA;1612145981.736896
/ndn/d7-site/d7/C2Data-1037-Type3;67350.0000;DATA;1612145983.241040
/ndn/v4-site/v4/C2Data-2074-Type3;74242.0000;DATA;1612145983.630933
/ndn/d7-site/d7/C2Data-2059-Type1;109081.0000;DATA;1612146001.621254
/ndn/s7-site/s7/C2Data-3269-Type2;49994.0000;DATA;1612146002.534889
/ndn/d7-site/d7/C2Data-2059-Type2;95976.0000;DATA;1612146002.819376
/ndn/h1-site/h1/C2Data-123-Type2;162883.0000;DATA;1612146003.683798
/ndn/h5-site/h5/C2Data-607-Type1;157695.0000;DATA;1612146003.725849
/ndn/s0-site/s0/C2Data-2422-Type1;192625.0000;DATA;1612146004.665895
/ndn/s7-site/s7/C2Data-3269-Type1;70945.0000;DATA;1612146006.297183
/ndn/h7-site/h7/C2Data-849-Type1;27974.0000;DATA;1612146008.176116
/ndn/h0-site/h0/C2Data-1-Type3;58717.0000;DATA;1612146021.583894
/ndn/h6-site/h6/C2Data-367-Type3;241040.0000;DATA;1612146024.372556
/ndn/s5-site/s5/C2Data-1526-Type3;133193.0000;DATA;1612146025.811882
/ndn/h7-site/h7/C2Data-850-Type1;154964.0000;DATA;1612146028.973738
/ndn/s7-site/s7/C2Data-3270-Type1;73514.0000;DATA;1612146029.169315
/ndn/s9-site/s9/C2Data-3512-Type1;290600.0000;DATA;1612146029.491364
/ndn/s0-site/s0/C2Data-2423-Type1;169500.0000;DATA;1612146029.754977
/ndn/s1-site/s1/C2Data-2544-Type1;212294.0000;DATA;1612146029.943890
