/ndn/s8-site/s8/C2Data-4598-Type1;168087.0000;DATA;1611609162.873561
/ndn/h9-site/h9/C2Data-1089-Type1;49766.0000;DATA;1611609164.017374
/ndn/s12-site/s12/C2Data-5082-Type2;578.0000;NACK;1611609165.712369
/ndn/v8-site/v8/C2Data-6413-Type1;529.0000;NACK;1611609166.184350
/ndn/h4-site/h4/C2Data-484-Type2;122214.0000;DATA;1611609166.697525
/ndn/v3-site/v3/C2Data-5808-Type1;487.0000;NACK;1611609168.098367
/ndn/d8-site/d8/C2Data-2783-Type1;73270.0000;DATA;1611609168.196443
/ndn/v14-site/v14/C2Data-7139-Type1;807.0000;NACK;1611609168.875304
/ndn/d9-site/d9/C2Data-2904-Type1;23682.0000;DATA;1611609172.428373
/ndn/h10-site/h10/C2Data-1210-Type1;47321.0000;DATA;1611609172.544342
/ndn/v0-site/v0/C2Data-5445-Type2;83495.0000;DATA;1611609172.748358
/ndn/s6-site/s6/C2Data-4356-Type1;46884.0000;DATA;1611609173.239298
/ndn/s10-site/s10/C2Data-4840-Type2;215467.0000;DATA;1611609174.155387
/ndn/s10-site/s10/C2Data-2440-Type3;226467.0000;DATA;1611609186.439987
/ndn/s7-site/s7/C2Data-2257-Type3;193790.0000;DATA;1611609188.107304
/ndn/h4-site/h4/C2Data-244-Type3;127408.0000;DATA;1611609188.627340
/ndn/v4-site/v4/C2Data-2989-Type3;140929.0000;DATA;1611609189.595298
/ndn/h9-site/h9/C2Data-549-Type3;53766.0000;DATA;1611609192.347354
/ndn/v8-site/v8/C2Data-6414-Type1;380.0000;NACK;1611609193.090673
/ndn/h12-site/h12/C2Data-732-Type3;245067.0000;DATA;1611609193.476335
/ndn/d9-site/d9/C2Data-2905-Type2;27562.0000;DATA;1611609194.723372
/ndn/s2-site/s2/C2Data-3873-Type2;141226.0000;DATA;1611609195.073353
/ndn/v7-site/v7/C2Data-3172-Type3;99451.0000;DATA;1611609195.179342
/ndn/d9-site/d9/C2Data-1464-Type3;28037.0000;DATA;1611609195.654367
/ndn/s5-site/s5/C2Data-4236-Type1;24925.0000;DATA;1611609196.002370
/ndn/v1-site/v1/C2Data-5567-Type2;119189.0000;DATA;1611609197.494358
/ndn/s1-site/s1/C2Data-1891-Type3;188643.0000;DATA;1611609198.285390
/ndn/v13-site/v13/C2Data-7019-Type1;141303.0000;DATA;1611609198.781361
/ndn/d10-site/d10/C2Data-1525-Type3;116759.0000;DATA;1611609199.368369
/ndn/d12-site/d12/C2Data-1647-Type3;48813.0000;DATA;1611609199.436468
/ndn/h1-site/h1/C2Data-61-Type3;95104.0000;DATA;1611609199.668414
/ndn/d0-site/d0/C2Data-1816-Type1;50767.0000;DATA;1611609200.024357
/ndn/h13-site/h13/C2Data-793-Type3;116847.0000;DATA;1611609200.799386
/ndn/v11-site/v11/C2Data-6777-Type1;130581.0000;DATA;1611609201.210342
/ndn/h12-site/h12/C2Data-1453-Type2;154726.0000;DATA;1611609202.745381
/ndn/v9-site/v9/C2Data-6535-Type2;139828.0000;DATA;1611609203.133552
/ndn/v6-site/v6/C2Data-6172-Type2;116548.0000;DATA;1611609203.274345
/ndn/s2-site/s2/C2Data-3873-Type1;143012.0000;DATA;1611609204.236366
/ndn/s0-site/s0/C2Data-3631-Type1;77319.0000;DATA;1611609204.398409
/ndn/v9-site/v9/C2Data-3294-Type3;156469.0000;DATA;1611609205.522394
/ndn/h6-site/h6/C2Data-366-Type3;31697.0000;DATA;1611609206.376336
/ndn/h10-site/h10/C2Data-610-Type3;48290.0000;DATA;1611609206.402334
/ndn/h11-site/h11/C2Data-671-Type3;248621.0000;DATA;1611609206.480355
/ndn/h7-site/h7/C2Data-427-Type3;167174.0000;DATA;1611609209.470380
/ndn/d8-site/d8/C2Data-2785-Type2;77368.0000;DATA;1611609224.759370
/ndn/h14-site/h14/C2Data-1696-Type2;191625.0000;DATA;1611609224.944365
/ndn/v7-site/v7/C2Data-6294-Type1;97574.0000;DATA;1611609226.427058
/ndn/v14-site/v14/C2Data-7141-Type2;96040.0000;DATA;1611609226.911370
/ndn/s1-site/s1/C2Data-3753-Type1;190700.0000;DATA;1611609228.399379
/ndn/v1-site/v1/C2Data-5568-Type2;120981.0000;DATA;1611609229.533305
/ndn/v0-site/v0/C2Data-5447-Type1;72405.0000;DATA;1611609231.079296
/ndn/v4-site/v4/C2Data-5931-Type2;138033.0000;DATA;1611609231.580349
/ndn/h12-site/h12/C2Data-1454-Type1;241701.0000;DATA;1611609231.715378
/ndn/d10-site/d10/C2Data-3027-Type2;114878.0000;DATA;1611609231.953287
/ndn/d11-site/d11/C2Data-1587-Type3;83235.0000;DATA;1611609248.165354
/ndn/s11-site/s11/C2Data-2502-Type3;178362.0000;DATA;1611609249.568367
/ndn/h7-site/h7/C2Data-428-Type3;182413.0000;DATA;1611609250.191293
/ndn/d5-site/d5/C2Data-1221-Type3;115603.0000;DATA;1611609251.310400
/ndn/h3-site/h3/C2Data-184-Type3;94778.0000;DATA;1611609252.279379
/ndn/v14-site/v14/C2Data-7142-Type1;96631.0000;DATA;1611609253.671413
/ndn/v10-site/v10/C2Data-3356-Type3;24377.0000;DATA;1611609254.540326
/ndn/v1-site/v1/C2Data-2807-Type3;116581.0000;DATA;1611609254.676943
/ndn/h4-site/h4/C2Data-487-Type2;120440.0000;DATA;1611609255.361301
/ndn/v4-site/v4/C2Data-5932-Type2;140484.0000;DATA;1611609255.564294
/ndn/h9-site/h9/C2Data-1092-Type1;47541.0000;DATA;1611609256.000392
/ndn/v14-site/v14/C2Data-7142-Type2;91873.0000;DATA;1611609256.129575
/ndn/h0-site/h0/C2Data-3-Type1;138826.0000;DATA;1611609256.942350
/ndn/h9-site/h9/C2Data-550-Type3;48895.0000;DATA;1611609257.719358
/ndn/d14-site/d14/C2Data-1770-Type3;153410.0000;DATA;1611609259.165524
/ndn/v5-site/v5/C2Data-6053-Type2;149460.0000;DATA;1611609259.313396
/ndn/v9-site/v9/C2Data-6537-Type1;142229.0000;DATA;1611609259.555504
/ndn/v12-site/v12/C2Data-3478-Type3;118284.0000;DATA;1611609260.457373
/ndn/d4-site/d4/C2Data-2302-Type2;142109.0000;DATA;1611609261.121376
/ndn/s0-site/s0/C2Data-3633-Type1;6000342.0000;TIMEOUT;1611609255.329381
/ndn/d0-site/d0/C2Data-1818-Type1;47012.0000;DATA;1611609261.452355
/ndn/s9-site/s9/C2Data-4722-Type2;94257.0000;DATA;1611609262.120350
/ndn/h7-site/h7/C2Data-850-Type2;168350.0000;DATA;1611609262.299387
/ndn/h6-site/h6/C2Data-729-Type2;120157.0000;DATA;1611609263.936336
/ndn/s2-site/s2/C2Data-1953-Type3;6000214.0000;TIMEOUT;1611609259.374358
/ndn/h5-site/h5/C2Data-306-Type3;75966.0000;DATA;1611609267.182411
/ndn/s1-site/s1/C2Data-3754-Type1;6000174.0000;TIMEOUT;1611609262.509357
/ndn/d10-site/d10/C2Data-1526-Type3;123447.0000;DATA;1611609269.093613
/ndn/s8-site/s8/C2Data-4601-Type1;6000725.0000;TIMEOUT;1611609263.400323
/ndn/h11-site/h11/C2Data-672-Type3;145808.0000;DATA;1611609269.532404
/ndn/h11-site/h11/C2Data-275-Type4;154886.0000;DATA;1611609271.874375
/ndn/s4-site/s4/C2Data-2075-Type3;6000540.0000;TIMEOUT;1611609266.357424
/ndn/d6-site/d6/C2Data-525-Type4;72898.0000;DATA;1611609277.943591
/ndn/h6-site/h6/C2Data-730-Type1;118245.0000;DATA;1611609285.599305
/ndn/v2-site/v2/C2Data-5691-Type1;24494.0000;DATA;1611609286.024350
/ndn/v10-site/v10/C2Data-6659-Type2;26015.0000;DATA;1611609286.073360
/ndn/h7-site/h7/C2Data-851-Type2;171356.0000;DATA;1611609286.279315
/ndn/d10-site/d10/C2Data-3029-Type2;129979.0000;DATA;1611609286.469344
/ndn/v14-site/v14/C2Data-7143-Type2;96343.0000;DATA;1611609286.760300
/ndn/v5-site/v5/C2Data-875-Type4;141398.0000;DATA;1611609286.820374
/ndn/v8-site/v8/C2Data-6417-Type1;140201.0000;DATA;1611609290.116323
/ndn/d0-site/d0/C2Data-1819-Type2;47685.0000;DATA;1611609290.947371
/ndn/h2-site/h2/C2Data-246-Type2;241899.0000;DATA;1611609293.078423
/ndn/h12-site/h12/C2Data-300-Type4;261006.0000;DATA;1611609295.885078
/ndn/v7-site/v7/C2Data-925-Type4;28850.0000;DATA;1611609298.363102
/ndn/d8-site/d8/C2Data-575-Type4;71941.0000;DATA;1611609301.177403
/ndn/v2-site/v2/C2Data-2869-Type3;24596.0000;DATA;1611609308.204398
/ndn/h9-site/h9/C2Data-225-Type4;85130.0000;DATA;1611609309.415378
/ndn/v3-site/v3/C2Data-2930-Type3;119911.0000;DATA;1611609312.945503
/ndn/v13-site/v13/C2Data-7023-Type1;144625.0000;DATA;1611609313.327381
/ndn/h11-site/h11/C2Data-1336-Type2;150232.0000;DATA;1611609313.703404
/ndn/d5-site/d5/C2Data-500-Type4;95898.0000;DATA;1611609314.762466
/ndn/h9-site/h9/C2Data-551-Type3;46541.0000;DATA;1611609315.415348
/ndn/h13-site/h13/C2Data-1578-Type1;120691.0000;DATA;1611609316.376356
/ndn/d6-site/d6/C2Data-1283-Type3;72613.0000;DATA;1611609316.839382
/ndn/v3-site/v3/C2Data-5813-Type1;119243.0000;DATA;1611609317.448431
/ndn/d2-site/d2/C2Data-2062-Type1;71954.0000;DATA;1611609317.829320
/ndn/s14-site/s14/C2Data-5329-Type1;6000584.0000;TIMEOUT;1611609312.590331
/ndn/v12-site/v12/C2Data-6902-Type1;126286.0000;DATA;1611609318.996296
/ndn/d10-site/d10/C2Data-1527-Type3;117366.0000;DATA;1611609319.780313
/ndn/h10-site/h10/C2Data-612-Type3;48601.0000;DATA;1611609320.015375
/ndn/h8-site/h8/C2Data-490-Type3;49306.0000;DATA;1611609321.032334
/ndn/v6-site/v6/C2Data-3113-Type3;117230.0000;DATA;1611609321.836457
/ndn/v5-site/v5/C2Data-6055-Type2;149501.0000;DATA;1611609322.455303
/ndn/s5-site/s5/C2Data-4240-Type2;6000225.0000;TIMEOUT;1611609317.243356
/ndn/v0-site/v0/C2Data-2747-Type3;69314.0000;DATA;1611609323.219412
/ndn/v14-site/v14/C2Data-3601-Type3;94492.0000;DATA;1611609323.236362
/ndn/s8-site/s8/C2Data-4603-Type1;6000683.0000;TIMEOUT;1611609318.649478
/ndn/v5-site/v5/C2Data-3052-Type3;144170.0000;DATA;1611609325.068551
/ndn/v13-site/v13/C2Data-3540-Type3;145692.0000;DATA;1611609326.036401
/ndn/s11-site/s11/C2Data-2503-Type3;6000512.0000;TIMEOUT;1611609321.143308
/ndn/d4-site/d4/C2Data-1161-Type3;140893.0000;DATA;1611609328.273344
/ndn/h6-site/h6/C2Data-368-Type3;120847.0000;DATA;1611609328.415326
/ndn/v2-site/v2/C2Data-5693-Type2;24104.0000;DATA;1611609344.268327
/ndn/v3-site/v3/C2Data-5814-Type1;116540.0000;DATA;1611609344.984394
/ndn/h9-site/h9/C2Data-1095-Type1;49118.0000;DATA;1611609345.082366
/ndn/h10-site/h10/C2Data-1216-Type1;50046.0000;DATA;1611609348.911388
/ndn/s8-site/s8/C2Data-4604-Type2;6000263.0000;TIMEOUT;1611609343.107365
/ndn/d9-site/d9/C2Data-2910-Type1;23733.0000;DATA;1611609349.462379
/ndn/s0-site/s0/C2Data-3636-Type2;6000529.0000;TIMEOUT;1611609343.890380
/ndn/d11-site/d11/C2Data-3152-Type1;73103.0000;DATA;1611609350.475425
/ndn/h9-site/h9/C2Data-1095-Type2;46619.0000;DATA;1611609351.937346
/ndn/s2-site/s2/C2Data-3878-Type1;6000317.0000;TIMEOUT;1611609348.674472
/ndn/s0-site/s0/C2Data-3636-Type1;6000899.0000;TIMEOUT;1611609349.165315
/ndn/s11-site/s11/C2Data-4967-Type1;6008799.0000;TIMEOUT;1611609353.989382
/ndn/v0-site/v0/C2Data-2748-Type3;69233.0000;DATA;1611609370.762177
/ndn/v14-site/v14/C2Data-3602-Type3;93396.0000;DATA;1611609370.962397
/ndn/v3-site/v3/C2Data-2931-Type3;123116.0000;DATA;1611609371.007300
/ndn/v8-site/v8/C2Data-3236-Type3;147574.0000;DATA;1611609372.010365
/ndn/v14-site/v14/C2Data-7146-Type1;92162.0000;DATA;1611609373.573391
/ndn/d12-site/d12/C2Data-3274-Type1;48652.0000;DATA;1611609374.939288
/ndn/h9-site/h9/C2Data-552-Type3;49547.0000;DATA;1611609375.641380
/ndn/s7-site/s7/C2Data-2260-Type3;6000440.0000;TIMEOUT;1611609369.772305
/ndn/v4-site/v4/C2Data-5936-Type2;147658.0000;DATA;1611609375.641939
/ndn/d5-site/d5/C2Data-1223-Type3;93397.0000;DATA;1611609376.264368
/ndn/h6-site/h6/C2Data-733-Type1;119277.0000;DATA;1611609376.280379
/ndn/h9-site/h9/C2Data-1096-Type1;46086.0000;DATA;1611609377.088430
/ndn/d1-site/d1/C2Data-979-Type3;206609.0000;DATA;1611609377.276332
/ndn/v10-site/v10/C2Data-6662-Type1;23494.0000;DATA;1611609378.347297
