/ndn/s14-site/s14/C2Data-5324-Type2;585.0000;NACK;1611611482.932134
/ndn/v4-site/v4/C2Data-5929-Type1;151337.0000;DATA;1611611483.943196
/ndn/h4-site/h4/C2Data-484-Type1;151186.0000;DATA;1611611485.759167
/ndn/h3-site/h3/C2Data-363-Type1;99447.0000;DATA;1611611490.464161
/ndn/s1-site/s1/C2Data-3751-Type2;213921.0000;DATA;1611611490.674180
/ndn/v12-site/v12/C2Data-6897-Type1;579.0000;NACK;1611611491.322149
/ndn/v4-site/v4/C2Data-5929-Type2;147503.0000;DATA;1611611492.539176
/ndn/d2-site/d2/C2Data-1037-Type3;69224.0000;DATA;1611611505.603168
/ndn/h14-site/h14/C2Data-854-Type3;434.0000;NACK;1611611507.799205
/ndn/d4-site/d4/C2Data-2300-Type1;148790.0000;DATA;1611611511.287112
/ndn/s5-site/s5/C2Data-4236-Type2;26557.0000;DATA;1611611511.487186
/ndn/s10-site/s10/C2Data-4841-Type2;447.0000;NACK;1611611511.803107
/ndn/v3-site/v3/C2Data-5809-Type1;142954.0000;DATA;1611611511.874230
/ndn/v8-site/v8/C2Data-3233-Type3;199812.0000;DATA;1611611513.664116
/ndn/d8-site/d8/C2Data-2784-Type2;73592.0000;DATA;1611611515.876186
/ndn/v1-site/v1/C2Data-5567-Type2;65712.0000;DATA;1611611516.296100
/ndn/h13-site/h13/C2Data-793-Type3;143207.0000;DATA;1611611517.093160
/ndn/v7-site/v7/C2Data-6293-Type1;92767.0000;DATA;1611611518.022262
/ndn/s10-site/s10/C2Data-4841-Type1;697.0000;NACK;1611611518.318113
/ndn/d2-site/d2/C2Data-2058-Type1;70525.0000;DATA;1611611518.516107
/ndn/s2-site/s2/C2Data-3873-Type1;140663.0000;DATA;1611611518.565208
/ndn/s9-site/s9/C2Data-2379-Type3;118835.0000;DATA;1611611518.821119
/ndn/s4-site/s4/C2Data-4115-Type2;246723.0000;DATA;1611611518.961211
/ndn/v7-site/v7/C2Data-3172-Type3;93324.0000;DATA;1611611519.155185
/ndn/d11-site/d11/C2Data-3147-Type1;75336.0000;DATA;1611611519.212159
/ndn/h11-site/h11/C2Data-671-Type3;139894.0000;DATA;1611611519.158106
/ndn/d12-site/d12/C2Data-1647-Type3;46939.0000;DATA;1611611519.458150
/ndn/h9-site/h9/C2Data-549-Type3;79376.0000;DATA;1611611519.593213
/ndn/h12-site/h12/C2Data-1453-Type2;239402.0000;DATA;1611611519.903193
/ndn/s4-site/s4/C2Data-2074-Type3;240440.0000;DATA;1611611520.096168
/ndn/v14-site/v14/C2Data-3599-Type3;116882.0000;DATA;1611611520.313212
/ndn/d1-site/d1/C2Data-976-Type3;216412.0000;DATA;1611611520.599104
/ndn/h6-site/h6/C2Data-366-Type3;139728.0000;DATA;1611611521.108173
/ndn/s7-site/s7/C2Data-2257-Type3;168547.0000;DATA;1611611521.118146
/ndn/s4-site/s4/C2Data-4115-Type1;238477.0000;DATA;1611611521.537139
/ndn/d9-site/d9/C2Data-1464-Type3;47073.0000;DATA;1611611522.221211
/ndn/h3-site/h3/C2Data-364-Type1;94818.0000;DATA;1611611522.377751
/ndn/h12-site/h12/C2Data-732-Type3;234476.0000;DATA;1611611522.398154
/ndn/s10-site/s10/C2Data-2440-Type3;216682.0000;DATA;1611611525.994698
/ndn/d3-site/d3/C2Data-1098-Type3;49068.0000;DATA;1611611526.556250
/ndn/d7-site/d7/C2Data-2664-Type1;26504.0000;DATA;1611611542.059171
/ndn/s10-site/s10/C2Data-4842-Type2;219325.0000;DATA;1611611543.170293
/ndn/s11-site/s11/C2Data-4963-Type2;189039.0000;DATA;1611611545.553130
/ndn/h12-site/h12/C2Data-1454-Type1;237046.0000;DATA;1611611548.099135
/ndn/v13-site/v13/C2Data-7020-Type2;169436.0000;DATA;1611611548.428209
/ndn/s13-site/s13/C2Data-5205-Type1;6000543.0000;TIMEOUT;1611611543.065222
/ndn/s9-site/s9/C2Data-4721-Type2;125439.0000;DATA;1611611549.702140
/ndn/v9-site/v9/C2Data-6536-Type2;161478.0000;DATA;1611611551.009134
/ndn/h11-site/h11/C2Data-1333-Type1;144652.0000;DATA;1611611551.794172
/ndn/h8-site/h8/C2Data-489-Type3;76330.0000;DATA;1611611567.745202
/ndn/v12-site/v12/C2Data-6900-Type2;119423.0000;DATA;1611611572.988146
/ndn/d1-site/d1/C2Data-977-Type3;219376.0000;DATA;1611611573.203138
/ndn/d2-site/d2/C2Data-2060-Type1;75357.0000;DATA;1611611577.731166
/ndn/h2-site/h2/C2Data-245-Type2;240419.0000;DATA;1611611578.079158
/ndn/s7-site/s7/C2Data-2258-Type3;6000249.0000;TIMEOUT;1611611574.223221
/ndn/d1-site/d1/C2Data-1939-Type2;209571.0000;DATA;1611611580.060122
/ndn/d13-site/d13/C2Data-1709-Type3;122140.0000;DATA;1611611580.558152
/ndn/v5-site/v5/C2Data-3051-Type3;140726.0000;DATA;1611611582.527244
/ndn/d0-site/d0/C2Data-375-Type4;47394.0000;DATA;1611611582.627124
/ndn/s2-site/s2/C2Data-1953-Type3;6000829.0000;TIMEOUT;1611611577.050102
/ndn/s10-site/s10/C2Data-4843-Type1;6001322.0000;TIMEOUT;1611611577.962198
/ndn/s3-site/s3/C2Data-3996-Type2;6000333.0000;TIMEOUT;1611611580.405175
/ndn/s3-site/s3/C2Data-2014-Type3;6000436.0000;TIMEOUT;1611611581.128137
/ndn/s12-site/s12/C2Data-5085-Type1;6000592.0000;TIMEOUT;1611611582.644116
/ndn/h6-site/h6/C2Data-150-Type4;203534.0000;DATA;1611611591.694134
/ndn/v2-site/v2/C2Data-800-Type4;89752.0000;DATA;1611611591.805219
/ndn/h3-site/h3/C2Data-75-Type4;99790.0000;DATA;1611611596.004147
/ndn/h1-site/h1/C2Data-25-Type4;97334.0000;DATA;1611611597.112801
/ndn/d1-site/d1/C2Data-1940-Type2;209772.0000;DATA;1611611601.574119
/ndn/v3-site/v3/C2Data-5812-Type1;151285.0000;DATA;1611611601.758179
/ndn/v8-site/v8/C2Data-6417-Type2;168839.0000;DATA;1611611602.752212
/ndn/d3-site/d3/C2Data-2182-Type1;46598.0000;DATA;1611611605.471118
/ndn/h6-site/h6/C2Data-730-Type2;146945.0000;DATA;1611611605.736169
/ndn/v14-site/v14/C2Data-7143-Type2;119775.0000;DATA;1611611606.011155
/ndn/h1-site/h1/C2Data-125-Type1;96137.0000;DATA;1611611606.152136
/ndn/v7-site/v7/C2Data-6296-Type2;93992.0000;DATA;1611611606.220205
/ndn/s8-site/s8/C2Data-4602-Type2;6000305.0000;TIMEOUT;1611611601.348161
/ndn/d11-site/d11/C2Data-3150-Type2;79642.0000;DATA;1611611608.152197
/ndn/h0-site/h0/C2Data-4-Type2;168807.0000;DATA;1611611608.848132
/ndn/v11-site/v11/C2Data-6780-Type1;121474.0000;DATA;1611611609.661263
/ndn/d7-site/d7/C2Data-2666-Type2;25422.0000;DATA;1611611612.008197
/ndn/v5-site/v5/C2Data-6054-Type1;147946.0000;DATA;1611611612.480199
/ndn/v3-site/v3/C2Data-5812-Type2;144189.0000;DATA;1611611612.739821
/ndn/v9-site/v9/C2Data-975-Type4;289500.0000;DATA;1611611622.714226
/ndn/h5-site/h5/C2Data-307-Type3;148306.0000;DATA;1611611626.123109
/ndn/d12-site/d12/C2Data-3272-Type2;47869.0000;DATA;1611611631.556202
/ndn/v14-site/v14/C2Data-1100-Type4;117094.0000;DATA;1611611631.515177
/ndn/h1-site/h1/C2Data-126-Type1;96995.0000;DATA;1611611631.804152
/ndn/s13-site/s13/C2Data-2625-Type3;6000204.0000;TIMEOUT;1611611626.128225
/ndn/s9-site/s9/C2Data-2381-Type3;6000347.0000;TIMEOUT;1611611626.680118
/ndn/d6-site/d6/C2Data-2546-Type1;70579.0000;DATA;1611611633.337121
/ndn/v8-site/v8/C2Data-950-Type4;167151.0000;DATA;1611611635.114185
/ndn/h14-site/h14/C2Data-1699-Type2;189954.0000;DATA;1611611635.117112
/ndn/v12-site/v12/C2Data-1050-Type4;126130.0000;DATA;1611611636.965143
/ndn/s14-site/s14/C2Data-2686-Type3;6000225.0000;TIMEOUT;1611611631.164127
/ndn/s7-site/s7/C2Data-4482-Type1;6001115.0000;TIMEOUT;1611611632.504163
/ndn/d12-site/d12/C2Data-1649-Type3;49388.0000;DATA;1611611640.336124
/ndn/v3-site/v3/C2Data-5813-Type2;137636.0000;DATA;1611611640.404233
/ndn/d1-site/d1/C2Data-1941-Type1;226277.0000;DATA;1611611640.575136
/ndn/v9-site/v9/C2Data-6539-Type1;167812.0000;DATA;1611611641.031268
/ndn/d7-site/d7/C2Data-2667-Type1;23665.0000;DATA;1611611642.325127
/ndn/s2-site/s2/C2Data-3877-Type1;6000716.0000;TIMEOUT;1611611639.623216
/ndn/v12-site/v12/C2Data-3479-Type3;136479.0000;DATA;1611611645.529219
/ndn/v4-site/v4/C2Data-2991-Type3;131857.0000;DATA;1611611646.451204
/ndn/h6-site/h6/C2Data-368-Type3;149862.0000;DATA;1611611646.944186
/ndn/v13-site/v13/C2Data-3540-Type3;168423.0000;DATA;1611611647.423115
/ndn/s4-site/s4/C2Data-2076-Type3;6000341.0000;TIMEOUT;1611611642.049163
/ndn/s9-site/s9/C2Data-4724-Type2;6000278.0000;TIMEOUT;1611611642.362160
/ndn/s11-site/s11/C2Data-2503-Type3;6009917.0000;TIMEOUT;1611611645.089272
/ndn/s12-site/s12/C2Data-2564-Type3;6000269.0000;TIMEOUT;1611611648.578588
/ndn/d4-site/d4/C2Data-2305-Type2;198347.0000;DATA;1611611662.812126
/ndn/s10-site/s10/C2Data-4846-Type2;6000620.0000;TIMEOUT;1611611662.105193
/ndn/v7-site/v7/C2Data-6298-Type2;93593.0000;DATA;1611611668.611152
/ndn/s1-site/s1/C2Data-3757-Type2;6003400.0000;TIMEOUT;1611611663.421187
/ndn/s2-site/s2/C2Data-3878-Type1;6000214.0000;TIMEOUT;1611611663.842207
/ndn/h10-site/h10/C2Data-1216-Type1;49743.0000;DATA;1611611670.575304
/ndn/h8-site/h8/C2Data-974-Type1;74048.0000;DATA;1611611671.804192
/ndn/v13-site/v13/C2Data-7024-Type1;168692.0000;DATA;1611611672.093145
/ndn/d1-site/d1/C2Data-979-Type3;225800.0000;DATA;1611611685.608196
/ndn/v8-site/v8/C2Data-3236-Type3;192731.0000;DATA;1611611687.096170
/ndn/h2-site/h2/C2Data-125-Type3;253599.0000;DATA;1611611687.202171
/ndn/v7-site/v7/C2Data-3175-Type3;97221.0000;DATA;1611611689.647145
/ndn/d7-site/d7/C2Data-2669-Type1;23601.0000;DATA;1611611691.284130
/ndn/h8-site/h8/C2Data-491-Type3;71379.0000;DATA;1611611693.592113
/ndn/d8-site/d8/C2Data-1406-Type3;69615.0000;DATA;1611611694.037188
/ndn/d0-site/d0/C2Data-1822-Type1;52717.0000;DATA;1611611694.226154
/ndn/h11-site/h11/C2Data-674-Type3;144608.0000;DATA;1611611694.912189
/ndn/d5-site/d5/C2Data-1223-Type3;127454.0000;DATA;1611611696.054103
