/ndn/s4-site/s4/C2Data-2904-Type1;209693.0000;DATA;1612145589.117700
/ndn/s5-site/s5/C2Data-3025-Type2;104693.0000;DATA;1612145590.948758
/ndn/d7-site/d7/C2Data-2057-Type2;204715.0000;DATA;1612145591.185540
/ndn/s6-site/s6/C2Data-3146-Type2;50991.0000;DATA;1612145592.607726
/ndn/d9-site/d9/C2Data-2299-Type2;53489.0000;DATA;1612145594.114256
/ndn/d5-site/d5/C2Data-1815-Type2;154136.0000;DATA;1612145595.041523
/ndn/s2-site/s2/C2Data-2662-Type2;66385.0000;DATA;1612145595.340620
/ndn/s4-site/s4/C2Data-2904-Type2;123296.0000;DATA;1612145595.612177
/ndn/s0-site/s0/C2Data-2420-Type2;25958.0000;DATA;1612145598.461474
/ndn/v9-site/v9/C2Data-4719-Type1;24208.0000;DATA;1612145599.035468
/ndn/v4-site/v4/C2Data-4114-Type1;24371.0000;DATA;1612145599.068367
/ndn/v4-site/v4/C2Data-4115-Type1;130030.0000;DATA;1612145617.706091
/ndn/h0-site/h0/C2Data-0-Type3;1184.0000;DATA;1612145618.532489
/ndn/v9-site/v9/C2Data-2379-Type3;97970.0000;DATA;1612145618.717659
/ndn/v8-site/v8/C2Data-4599-Type2;51521.0000;DATA;1612145618.885360
/ndn/v8-site/v8/C2Data-2318-Type3;49717.0000;DATA;1612145619.097981
/ndn/d0-site/d0/C2Data-1211-Type1;54362.0000;DATA;1612145620.378650
/ndn/h5-site/h5/C2Data-606-Type2;48778.0000;DATA;1612145620.824812
/ndn/v4-site/v4/C2Data-2074-Type3;95207.0000;DATA;1612145621.656678
/ndn/d9-site/d9/C2Data-2300-Type2;39776.0000;DATA;1612145621.954798
/ndn/v7-site/v7/C2Data-4478-Type2;72888.0000;DATA;1612145623.237600
/ndn/s7-site/s7/C2Data-3268-Type2;99368.0000;DATA;1612145624.294880
/ndn/h6-site/h6/C2Data-727-Type2;1166.0000;DATA;1612145624.526447
/ndn/v7-site/v7/C2Data-2257-Type3;60160.0000;DATA;1612145624.527639
/ndn/d4-site/d4/C2Data-1695-Type1;75348.0000;DATA;1612145625.051010
/ndn/s5-site/s5/C2Data-3026-Type2;99044.0000;DATA;1612145625.015931
/ndn/v2-site/v2/C2Data-1952-Type3;98029.0000;DATA;1612145627.572184
/ndn/d2-site/d2/C2Data-1453-Type1;122097.0000;DATA;1612145627.871606
/ndn/h2-site/h2/C2Data-122-Type3;199441.0000;DATA;1612145632.115309
/ndn/d9-site/d9/C2Data-1159-Type3;55096.0000;DATA;1612145633.112855
/ndn/s4-site/s4/C2Data-2906-Type2;205681.0000;DATA;1612145649.057726
/ndn/s8-site/s8/C2Data-3390-Type1;106763.0000;DATA;1612145649.687444
/ndn/v6-site/v6/C2Data-4358-Type2;136575.0000;DATA;1612145649.932014
/ndn/s4-site/s4/C2Data-2906-Type1;205140.0000;DATA;1612145650.072515
/ndn/s6-site/s6/C2Data-3148-Type1;2235.0000;DATA;1612145650.916508
/ndn/v3-site/v3/C2Data-3995-Type2;50492.0000;DATA;1612145653.370487
/ndn/h3-site/h3/C2Data-365-Type1;107777.0000;DATA;1612145653.834527
/ndn/h1-site/h1/C2Data-123-Type2;79841.0000;DATA;1612145654.282149
/ndn/s3-site/s3/C2Data-2785-Type2;81536.0000;DATA;1612145657.914664
/ndn/s0-site/s0/C2Data-2422-Type2;162085.0000;DATA;1612145658.179474
/ndn/h1-site/h1/C2Data-62-Type3;27840.0000;DATA;1612145672.701024
/ndn/s2-site/s2/C2Data-1343-Type3;4793.0000;DATA;1612145674.074332
/ndn/h3-site/h3/C2Data-184-Type3;212280.0000;DATA;1612145674.088940
/ndn/d1-site/d1/C2Data-672-Type3;171426.0000;DATA;1612145676.200702
/ndn/v4-site/v4/C2Data-4117-Type1;144184.0000;DATA;1612145679.157002
/ndn/v0-site/v0/C2Data-1831-Type3;792.0000;DATA;1612145680.735477
