/ndn/h1-site/h1/C2Data-121-Type2;143986.0000;DATA;1611610900.716353
/ndn/d6-site/d6/C2Data-2541-Type2;197682.0000;DATA;1611610901.275326
/ndn/v4-site/v4/C2Data-5929-Type1;25424.0000;DATA;1611610902.308411
/ndn/d11-site/d11/C2Data-3146-Type1;51323.0000;DATA;1611610902.646391
/ndn/v0-site/v0/C2Data-5445-Type1;469.0000;NACK;1611610902.965386
/ndn/h4-site/h4/C2Data-484-Type1;264269.0000;DATA;1611610903.049365
/ndn/d14-site/d14/C2Data-3509-Type1;203636.0000;DATA;1611610904.101434
/ndn/s7-site/s7/C2Data-4477-Type2;218267.0000;DATA;1611610907.008335
/ndn/s1-site/s1/C2Data-3751-Type1;310792.0000;DATA;1611610907.314449
/ndn/s5-site/s5/C2Data-4235-Type1;103601.0000;DATA;1611610909.469374
/ndn/s0-site/s0/C2Data-3630-Type2;199456.0000;DATA;1611610911.474332
/ndn/h8-site/h8/C2Data-968-Type1;175384.0000;DATA;1611610911.636317
/ndn/h9-site/h9/C2Data-1089-Type1;161058.0000;DATA;1611610911.781364
/ndn/v8-site/v8/C2Data-3233-Type3;283385.0000;DATA;1611610926.578362
/ndn/v11-site/v11/C2Data-3416-Type3;434.0000;NACK;1611610927.887318
/ndn/h13-site/h13/C2Data-793-Type3;290559.0000;DATA;1611610929.204513
/ndn/v9-site/v9/C2Data-6535-Type2;257315.0000;DATA;1611610930.719340
/ndn/v10-site/v10/C2Data-6656-Type1;25233.0000;DATA;1611610931.866410
/ndn/d2-site/d2/C2Data-2058-Type1;115858.0000;DATA;1611610932.899379
/ndn/h7-site/h7/C2Data-848-Type1;284475.0000;DATA;1611610932.982427
/ndn/h9-site/h9/C2Data-1090-Type1;164461.0000;DATA;1611610934.494327
/ndn/d0-site/d0/C2Data-915-Type3;98898.0000;DATA;1611610934.854347
/ndn/h11-site/h11/C2Data-1332-Type2;192182.0000;DATA;1611610935.271333
/ndn/d10-site/d10/C2Data-3026-Type2;234731.0000;DATA;1611610935.396400
/ndn/s14-site/s14/C2Data-5325-Type1;195153.0000;DATA;1611610935.441438
/ndn/s1-site/s1/C2Data-3752-Type2;305066.0000;DATA;1611610935.396942
/ndn/d9-site/d9/C2Data-2905-Type2;145216.0000;DATA;1611610935.837347
/ndn/s3-site/s3/C2Data-2013-Type3;290382.0000;DATA;1611610935.770368
/ndn/d6-site/d6/C2Data-2542-Type2;189325.0000;DATA;1611610936.120517
/ndn/s3-site/s3/C2Data-3994-Type1;282699.0000;DATA;1611610936.589375
/ndn/d14-site/d14/C2Data-1769-Type3;190305.0000;DATA;1611610936.730416
/ndn/s8-site/s8/C2Data-2318-Type3;214196.0000;DATA;1611610936.829486
/ndn/v6-site/v6/C2Data-6172-Type1;412.0000;NACK;1611610937.165668
/ndn/d3-site/d3/C2Data-1098-Type3;162233.0000;DATA;1611610937.347851
/ndn/d12-site/d12/C2Data-1647-Type3;70760.0000;DATA;1611610937.595619
/ndn/v2-site/v2/C2Data-5688-Type1;139522.0000;DATA;1611610937.951490
/ndn/v4-site/v4/C2Data-2989-Type3;24782.0000;DATA;1611610938.766309
/ndn/h10-site/h10/C2Data-610-Type3;172606.0000;DATA;1611610941.646349
/ndn/h5-site/h5/C2Data-305-Type3;194305.0000;DATA;1611610942.102418
/ndn/h8-site/h8/C2Data-488-Type3;166190.0000;DATA;1611610942.285357
/ndn/s7-site/s7/C2Data-4478-Type2;218897.0000;DATA;1611610942.448326
/ndn/s13-site/s13/C2Data-5204-Type2;305539.0000;DATA;1611610942.454485
/ndn/d9-site/d9/C2Data-1464-Type3;157858.0000;DATA;1611610943.707352
/ndn/s14-site/s14/C2Data-5326-Type2;186476.0000;DATA;1611610960.798111
/ndn/s10-site/s10/C2Data-4842-Type1;258187.0000;DATA;1611610960.873343
/ndn/h8-site/h8/C2Data-970-Type2;175715.0000;DATA;1611610961.064344
/ndn/d12-site/d12/C2Data-3269-Type1;70623.0000;DATA;1611610962.062369
/ndn/s0-site/s0/C2Data-3632-Type2;196321.0000;DATA;1611610962.013343
/ndn/s11-site/s11/C2Data-4963-Type1;289215.0000;DATA;1611610963.743330
/ndn/h14-site/h14/C2Data-1696-Type2;243323.0000;DATA;1611610963.803368
/ndn/s2-site/s2/C2Data-3874-Type1;195212.0000;DATA;1611610964.067398
/ndn/s8-site/s8/C2Data-4600-Type2;214132.0000;DATA;1611610964.232351
/ndn/s1-site/s1/C2Data-3753-Type1;307027.0000;DATA;1611610964.390493
/ndn/s9-site/s9/C2Data-4721-Type1;214460.0000;DATA;1611610964.999323
/ndn/d4-site/d4/C2Data-2301-Type1;187389.0000;DATA;1611610965.403344
/ndn/d7-site/d7/C2Data-2664-Type1;119779.0000;DATA;1611610967.597382
/ndn/d5-site/d5/C2Data-2422-Type1;232608.0000;DATA;1611610970.963342
/ndn/v8-site/v8/C2Data-6415-Type2;280922.0000;DATA;1611610971.686376
/ndn/h0-site/h0/C2Data-1-Type3;265998.0000;DATA;1611610988.120333
/ndn/v2-site/v2/C2Data-2868-Type3;140495.0000;DATA;1611610988.257405
/ndn/v10-site/v10/C2Data-3356-Type3;120144.0000;DATA;1611610989.873480
/ndn/h11-site/h11/C2Data-672-Type3;195096.0000;DATA;1611610990.955323
/ndn/h0-site/h0/C2Data-3-Type2;264860.0000;DATA;1611610991.066415
/ndn/h4-site/h4/C2Data-487-Type1;241468.0000;DATA;1611610991.171379
/ndn/v3-site/v3/C2Data-2929-Type3;233845.0000;DATA;1611610992.322462
/ndn/s7-site/s7/C2Data-2258-Type3;6000245.0000;TIMEOUT;1611610986.672373
/ndn/d6-site/d6/C2Data-2544-Type2;190459.0000;DATA;1611610993.442349
/ndn/h1-site/h1/C2Data-124-Type2;144735.0000;DATA;1611610994.172400
/ndn/d14-site/d14/C2Data-1770-Type3;187863.0000;DATA;1611610995.623373
/ndn/d0-site/d0/C2Data-916-Type3;93294.0000;DATA;1611610995.827371
/ndn/s1-site/s1/C2Data-3754-Type2;6000203.0000;TIMEOUT;1611610990.716520
/ndn/h8-site/h8/C2Data-971-Type1;162140.0000;DATA;1611610996.961376
/ndn/s6-site/s6/C2Data-4359-Type1;6001227.0000;TIMEOUT;1611610991.187344
/ndn/h12-site/h12/C2Data-1455-Type1;217844.0000;DATA;1611610997.313429
/ndn/s1-site/s1/C2Data-1892-Type3;6000326.0000;TIMEOUT;1611610991.578351
/ndn/v13-site/v13/C2Data-3539-Type3;209715.0000;DATA;1611610997.483518
/ndn/d9-site/d9/C2Data-1465-Type3;143190.0000;DATA;1611610999.111515
/ndn/h14-site/h14/C2Data-855-Type3;143308.0000;DATA;1611610999.465414
/ndn/d0-site/d0/C2Data-1818-Type2;93156.0000;DATA;1611610999.964401
/ndn/s11-site/s11/C2Data-4964-Type1;6000431.0000;TIMEOUT;1611610994.492405
/ndn/d8-site/d8/C2Data-2786-Type2;95414.0000;DATA;1611611001.246389
/ndn/h7-site/h7/C2Data-850-Type1;287715.0000;DATA;1611611001.283354
/ndn/d10-site/d10/C2Data-3028-Type2;240086.0000;DATA;1611611001.711375
/ndn/d1-site/d1/C2Data-1939-Type2;268333.0000;DATA;1611611002.131496
/ndn/h4-site/h4/C2Data-487-Type2;243807.0000;DATA;1611611002.411540
/ndn/v2-site/v2/C2Data-800-Type4;150380.0000;DATA;1611611003.933343
/ndn/d7-site/d7/C2Data-550-Type4;118984.0000;DATA;1611611003.997379
/ndn/d10-site/d10/C2Data-625-Type4;280535.0000;DATA;1611611006.298422
/ndn/d2-site/d2/C2Data-1038-Type3;116525.0000;DATA;1611611007.765339
/ndn/h3-site/h3/C2Data-184-Type3;23791.0000;DATA;1611611008.497390
/ndn/v11-site/v11/C2Data-3417-Type3;189582.0000;DATA;1611611008.639309
/ndn/s3-site/s3/C2Data-2014-Type3;6000346.0000;TIMEOUT;1611611005.045399
/ndn/h14-site/h14/C2Data-350-Type4;259231.0000;DATA;1611611012.202085
/ndn/d0-site/d0/C2Data-375-Type4;102590.0000;DATA;1611611012.738354
/ndn/h7-site/h7/C2Data-851-Type1;300757.0000;DATA;1611611021.078451
/ndn/v14-site/v14/C2Data-7143-Type2;215176.0000;DATA;1611611024.813374
/ndn/h1-site/h1/C2Data-25-Type4;148390.0000;DATA;1611611025.045374
/ndn/h0-site/h0/C2Data-0-Type4;268733.0000;DATA;1611611025.614319
/ndn/h5-site/h5/C2Data-609-Type1;186827.0000;DATA;1611611025.973361
/ndn/d12-site/d12/C2Data-3271-Type2;73551.0000;DATA;1611611027.187395
/ndn/v1-site/v1/C2Data-5570-Type1;50082.0000;DATA;1611611028.894196
/ndn/h10-site/h10/C2Data-1214-Type2;169819.0000;DATA;1611611028.843410
/ndn/s6-site/s6/C2Data-4360-Type2;6000673.0000;TIMEOUT;1611611023.480426
/ndn/s8-site/s8/C2Data-4602-Type2;6000291.0000;TIMEOUT;1611611024.333343
/ndn/d10-site/d10/C2Data-3029-Type2;239470.0000;DATA;1611611030.305442
/ndn/v13-site/v13/C2Data-7022-Type1;210230.0000;DATA;1611611031.439919
/ndn/d1-site/d1/C2Data-1940-Type1;260456.0000;DATA;1611611031.600516
/ndn/v0-site/v0/C2Data-5449-Type1;190104.0000;DATA;1611611031.751406
/ndn/s3-site/s3/C2Data-3997-Type2;6000565.0000;TIMEOUT;1611611031.589337
/ndn/h10-site/h10/C2Data-250-Type4;214557.0000;DATA;1611611043.597843
/ndn/v6-site/v6/C2Data-900-Type4;164906.0000;DATA;1611611044.048372
/ndn/v6-site/v6/C2Data-3113-Type3;172549.0000;DATA;1611611046.345422
/ndn/d4-site/d4/C2Data-1161-Type3;186792.0000;DATA;1611611050.817411
/ndn/h11-site/h11/C2Data-1336-Type2;192242.0000;DATA;1611611052.861380
/ndn/h7-site/h7/C2Data-852-Type2;285375.0000;DATA;1611611053.459044
/ndn/v13-site/v13/C2Data-3540-Type3;208545.0000;DATA;1611611053.951410
/ndn/d9-site/d9/C2Data-1466-Type3;147557.0000;DATA;1611611055.183407
/ndn/h12-site/h12/C2Data-1457-Type1;279708.0000;DATA;1611611055.438358
/ndn/v14-site/v14/C2Data-7144-Type1;216424.0000;DATA;1611611056.410396
/ndn/d3-site/d3/C2Data-2183-Type2;163593.0000;DATA;1611611056.767326
/ndn/d12-site/d12/C2Data-3272-Type2;74853.0000;DATA;1611611057.044432
/ndn/v0-site/v0/C2Data-2747-Type3;189603.0000;DATA;1611611057.233383
/ndn/d0-site/d0/C2Data-917-Type3;99547.0000;DATA;1611611058.019402
/ndn/s8-site/s8/C2Data-2320-Type3;6000799.0000;TIMEOUT;1611611052.266335
/ndn/d14-site/d14/C2Data-1771-Type3;192045.0000;DATA;1611611059.631416
/ndn/s12-site/s12/C2Data-5087-Type2;6000331.0000;TIMEOUT;1611611053.884991
/ndn/s9-site/s9/C2Data-4724-Type1;6000507.0000;TIMEOUT;1611611054.092339
/ndn/s9-site/s9/C2Data-2381-Type3;6000735.0000;TIMEOUT;1611611054.810442
/ndn/s10-site/s10/C2Data-4845-Type1;6000474.0000;TIMEOUT;1611611055.195315
/ndn/s10-site/s10/C2Data-4845-Type2;6000443.0000;TIMEOUT;1611611056.786414
/ndn/s3-site/s3/C2Data-2015-Type3;6002296.0000;TIMEOUT;1611611057.530369
/ndn/s12-site/s12/C2Data-2564-Type3;6000258.0000;TIMEOUT;1611611059.465645
/ndn/d12-site/d12/C2Data-1649-Type3;72140.0000;DATA;1611611065.563357
/ndn/s7-site/s7/C2Data-4482-Type2;6005531.0000;TIMEOUT;1611611059.801404
/ndn/h13-site/h13/C2Data-795-Type3;220305.0000;DATA;1611611066.884330
/ndn/v10-site/v10/C2Data-6661-Type2;126683.0000;DATA;1611611083.109324
/ndn/v5-site/v5/C2Data-6056-Type1;24463.0000;DATA;1611611086.831389
/ndn/d6-site/d6/C2Data-2547-Type2;189920.0000;DATA;1611611086.778421
/ndn/s9-site/s9/C2Data-4725-Type2;6000374.0000;TIMEOUT;1611611082.080347
/ndn/s12-site/s12/C2Data-5088-Type1;6000293.0000;TIMEOUT;1611611083.918389
/ndn/v2-site/v2/C2Data-5693-Type1;138771.0000;DATA;1611611090.659896
/ndn/s7-site/s7/C2Data-4483-Type1;6001604.0000;TIMEOUT;1611611084.951403
/ndn/d12-site/d12/C2Data-3273-Type1;77870.0000;DATA;1611611091.137402
/ndn/d11-site/d11/C2Data-3152-Type2;56294.0000;DATA;1611611092.498337
/ndn/s13-site/s13/C2Data-5209-Type2;6010639.0000;TIMEOUT;1611611089.482952
/ndn/s11-site/s11/C2Data-4967-Type1;6009901.0000;TIMEOUT;1611611090.374353
/ndn/h10-site/h10/C2Data-613-Type3;191220.0000;DATA;1611611107.231356
/ndn/v10-site/v10/C2Data-3358-Type3;126599.0000;DATA;1611611107.891469
/ndn/s10-site/s10/C2Data-2443-Type3;6000273.0000;TIMEOUT;1611611105.596314
/ndn/v7-site/v7/C2Data-6299-Type2;49927.0000;DATA;1611611112.682369
/ndn/v13-site/v13/C2Data-3541-Type3;215330.0000;DATA;1611611112.710333
/ndn/d12-site/d12/C2Data-3274-Type1;69476.0000;DATA;1611611114.160939
/ndn/h11-site/h11/C2Data-1338-Type1;191018.0000;DATA;1611611114.133326
/ndn/v11-site/v11/C2Data-3419-Type3;166757.0000;DATA;1611611114.474312
/ndn/d1-site/d1/C2Data-1943-Type1;264221.0000;DATA;1611611115.024330
/ndn/d8-site/d8/C2Data-2790-Type1;92495.0000;DATA;1611611115.332320
