/ndn/h1-site/h1/C2Data-121-Type2;583.0000;DATA;1611605089.852903
/ndn/s13-site/s13/C2Data-5203-Type2;577.0000;NACK;1611605091.832155
/ndn/s4-site/s4/C2Data-4114-Type1;480.0000;DATA;1611605092.750930
/ndn/h3-site/h3/C2Data-363-Type2;49310.0000;DATA;1611605093.987978
/ndn/v10-site/v10/C2Data-6655-Type1;539.0000;DATA;1611605094.534964
/ndn/d3-site/d3/C2Data-2178-Type2;115249.0000;DATA;1611605094.844952
/ndn/h11-site/h11/C2Data-1331-Type1;72027.0000;DATA;1611605095.031950
/ndn/h7-site/h7/C2Data-847-Type1;237338.0000;DATA;1611605094.929020
/ndn/h5-site/h5/C2Data-605-Type2;138951.0000;DATA;1611605096.015972
/ndn/h4-site/h4/C2Data-484-Type1;197082.0000;DATA;1611605097.513920
/ndn/s11-site/s11/C2Data-4961-Type1;676.0000;NACK;1611605099.605988
/ndn/s0-site/s0/C2Data-3630-Type1;148244.0000;DATA;1611605099.885010
/ndn/h4-site/h4/C2Data-244-Type3;188300.0000;DATA;1611605115.140840
/ndn/h3-site/h3/C2Data-183-Type3;563.0000;DATA;1611605116.801558
/ndn/d10-site/d10/C2Data-1525-Type3;75930.0000;DATA;1611605117.822009
/ndn/d9-site/d9/C2Data-1464-Type3;100988.0000;DATA;1611605118.784987
/ndn/v10-site/v10/C2Data-3355-Type3;50850.0000;DATA;1611605119.817952
/ndn/h6-site/h6/C2Data-727-Type1;141997.0000;DATA;1611605120.020978
/ndn/s11-site/s11/C2Data-4962-Type2;645.0000;NACK;1611605121.814004
/ndn/v9-site/v9/C2Data-6535-Type2;468.0000;NACK;1611605122.209988
/ndn/s4-site/s4/C2Data-4115-Type2;96728.0000;DATA;1611605122.637992
/ndn/d13-site/d13/C2Data-3389-Type2;48138.0000;DATA;1611605122.987936
/ndn/h7-site/h7/C2Data-848-Type1;51290.0000;DATA;1611605122.996904
/ndn/v7-site/v7/C2Data-3172-Type3;746.0000;DATA;1611605123.331963
/ndn/v0-site/v0/C2Data-5446-Type2;140678.0000;DATA;1611605123.341998
/ndn/s13-site/s13/C2Data-2623-Type3;630.0000;NACK;1611605123.821951
/ndn/h1-site/h1/C2Data-61-Type3;458.0000;DATA;1611605123.928891
/ndn/s12-site/s12/C2Data-5083-Type1;564.0000;NACK;1611605124.363943
/ndn/s4-site/s4/C2Data-2074-Type3;465.0000;DATA;1611605125.401988
/ndn/h5-site/h5/C2Data-606-Type2;145197.0000;DATA;1611605125.931972
/ndn/s7-site/s7/C2Data-4478-Type1;96494.0000;DATA;1611605128.861921
/ndn/h13-site/h13/C2Data-793-Type3;438.0000;DATA;1611605129.373041
/ndn/d13-site/d13/C2Data-3389-Type1;48131.0000;DATA;1611605130.377021
/ndn/s6-site/s6/C2Data-2196-Type3;51612.0000;DATA;1611605130.526959
/ndn/d0-site/d0/C2Data-915-Type3;702.0000;DATA;1611605132.630983
/ndn/v9-site/v9/C2Data-3294-Type3;497.0000;NACK;1611605133.694069
/ndn/v5-site/v5/C2Data-3050-Type3;700.0000;DATA;1611605133.731964
/ndn/s7-site/s7/C2Data-2257-Type3;585.0000;DATA;1611605133.907998
/ndn/v2-site/v2/C2Data-2867-Type3;492.0000;DATA;1611605135.347975
/ndn/s0-site/s0/C2Data-1830-Type3;580.0000;DATA;1611605135.869022
/ndn/d7-site/d7/C2Data-1342-Type3;733.0000;DATA;1611605136.083039
/ndn/s13-site/s13/C2Data-5205-Type2;224214.0000;DATA;1611605151.112969
/ndn/h14-site/h14/C2Data-1696-Type1;121173.0000;DATA;1611605151.254999
/ndn/s0-site/s0/C2Data-3632-Type1;148083.0000;DATA;1611605153.199961
/ndn/h4-site/h4/C2Data-486-Type1;123920.0000;DATA;1611605154.083008
/ndn/s1-site/s1/C2Data-3753-Type1;52401.0000;DATA;1611605155.964007
/ndn/h11-site/h11/C2Data-1333-Type1;479.0000;DATA;1611605156.629001
/ndn/d13-site/d13/C2Data-3390-Type1;46595.0000;DATA;1611605157.535990
/ndn/v10-site/v10/C2Data-6657-Type1;560.0000;DATA;1611605157.583043
/ndn/v12-site/v12/C2Data-6899-Type1;553.0000;DATA;1611605157.735034
/ndn/s1-site/s1/C2Data-3753-Type2;144147.0000;DATA;1611605157.809923
/ndn/v11-site/v11/C2Data-6778-Type2;696.0000;DATA;1611605160.933947
/ndn/s7-site/s7/C2Data-2258-Type3;488.0000;DATA;1611605174.058988
/ndn/v1-site/v1/C2Data-2807-Type3;139523.0000;DATA;1611605178.497987
/ndn/h12-site/h12/C2Data-1455-Type1;168831.0000;DATA;1611605179.382036
/ndn/v4-site/v4/C2Data-5932-Type1;46619.0000;DATA;1611605179.812911
/ndn/h11-site/h11/C2Data-1334-Type1;71360.0000;DATA;1611605179.855291
/ndn/s13-site/s13/C2Data-5206-Type2;144211.0000;DATA;1611605180.399983
/ndn/v1-site/v1/C2Data-5569-Type2;123612.0000;DATA;1611605180.713996
/ndn/v14-site/v14/C2Data-7142-Type1;124838.0000;DATA;1611605180.776139
/ndn/v14-site/v14/C2Data-7142-Type2;119869.0000;DATA;1611605181.354987
/ndn/v2-site/v2/C2Data-5690-Type2;70091.0000;DATA;1611605181.774004
/ndn/d11-site/d11/C2Data-1587-Type3;466.0000;DATA;1611605182.048002
/ndn/v4-site/v4/C2Data-5932-Type2;49403.0000;DATA;1611605182.537978
/ndn/d10-site/d10/C2Data-3028-Type2;190172.0000;DATA;1611605182.444932
/ndn/h9-site/h9/C2Data-1092-Type2;119056.0000;DATA;1611605182.652980
/ndn/h10-site/h10/C2Data-611-Type3;119932.0000;DATA;1611605182.956980
/ndn/v7-site/v7/C2Data-3173-Type3;52189.0000;DATA;1611605183.136957
/ndn/s0-site/s0/C2Data-1831-Type3;571.0000;DATA;1611605184.394925
/ndn/s6-site/s6/C2Data-2197-Type3;24752.0000;DATA;1611605184.913917
/ndn/v8-site/v8/C2Data-6416-Type2;23356.0000;DATA;1611605185.690972
/ndn/s0-site/s0/C2Data-3633-Type2;50454.0000;DATA;1611605186.245932
/ndn/v10-site/v10/C2Data-6658-Type1;69792.0000;DATA;1611605186.638022
/ndn/h12-site/h12/C2Data-1455-Type2;24026.0000;DATA;1611605186.710942
/ndn/s9-site/s9/C2Data-2380-Type3;549.0000;DATA;1611605187.581112
/ndn/d11-site/d11/C2Data-3149-Type2;492.0000;DATA;1611605187.640909
/ndn/h14-site/h14/C2Data-855-Type3;618.0000;DATA;1611605187.658927
/ndn/s7-site/s7/C2Data-4480-Type2;826.0000;DATA;1611605188.777972
/ndn/v10-site/v10/C2Data-3356-Type3;593.0000;DATA;1611605189.313234
/ndn/v4-site/v4/C2Data-2990-Type3;48020.0000;DATA;1611605190.751982
/ndn/h3-site/h3/C2Data-366-Type1;95559.0000;DATA;1611605190.721894
/ndn/v13-site/v13/C2Data-3539-Type3;519.0000;DATA;1611605192.329033
/ndn/s10-site/s10/C2Data-2441-Type3;579.0000;DATA;1611605194.690943
/ndn/h3-site/h3/C2Data-75-Type4;100217.0000;DATA;1611605194.970992
/ndn/d1-site/d1/C2Data-400-Type4;166890.0000;DATA;1611605195.805022
/ndn/v10-site/v10/C2Data-6659-Type2;80023.0000;DATA;1611605212.311001
/ndn/h9-site/h9/C2Data-1093-Type1;126424.0000;DATA;1611605212.423932
/ndn/v9-site/v9/C2Data-6538-Type2;201227.0000;DATA;1611605213.691949
/ndn/v13-site/v13/C2Data-7022-Type2;94393.0000;DATA;1611605214.022038
/ndn/h12-site/h12/C2Data-1456-Type2;76780.0000;DATA;1611605214.406926
/ndn/v8-site/v8/C2Data-6417-Type1;260009.0000;DATA;1611605216.210990
/ndn/s13-site/s13/C2Data-5207-Type2;25909.0000;DATA;1611605216.946922
/ndn/v7-site/v7/C2Data-6296-Type1;98719.0000;DATA;1611605218.227987
/ndn/d0-site/d0/C2Data-1819-Type1;602.0000;DATA;1611605218.553994
/ndn/v14-site/v14/C2Data-7143-Type1;498.0000;DATA;1611605219.893976
/ndn/d12-site/d12/C2Data-3271-Type2;618.0000;DATA;1611605220.523975
/ndn/h8-site/h8/C2Data-972-Type1;119571.0000;DATA;1611605220.834013
/ndn/v6-site/v6/C2Data-3113-Type3;46629.0000;DATA;1611605233.539030
/ndn/v14-site/v14/C2Data-3601-Type3;121316.0000;DATA;1611605233.785080
/ndn/d6-site/d6/C2Data-1283-Type3;140215.0000;DATA;1611605233.917986
/ndn/v5-site/v5/C2Data-3052-Type3;732.0000;DATA;1611605235.587011
/ndn/h2-site/h2/C2Data-124-Type3;183051.0000;DATA;1611605235.607967
/ndn/s12-site/s12/C2Data-2564-Type3;156440.0000;DATA;1611605238.659987
/ndn/s9-site/s9/C2Data-2381-Type3;77053.0000;DATA;1611605238.827977
/ndn/h5-site/h5/C2Data-610-Type2;145397.0000;DATA;1611605241.356991
/ndn/h5-site/h5/C2Data-125-Type4;46894.0000;DATA;1611605241.553957
/ndn/s8-site/s8/C2Data-4603-Type1;512.0000;DATA;1611605242.846050
/ndn/h10-site/h10/C2Data-1215-Type1;675.0000;DATA;1611605243.455987
/ndn/d14-site/d14/C2Data-1771-Type3;524.0000;DATA;1611605243.560056
/ndn/h1-site/h1/C2Data-126-Type1;541.0000;DATA;1611605244.243962
/ndn/s13-site/s13/C2Data-2625-Type3;24612.0000;DATA;1611605245.723977
/ndn/d9-site/d9/C2Data-2909-Type1;98506.0000;DATA;1611605246.539097
/ndn/s11-site/s11/C2Data-2503-Type3;46739.0000;DATA;1611605246.815941
/ndn/s9-site/s9/C2Data-4724-Type1;115929.0000;DATA;1611605246.789949
/ndn/v5-site/v5/C2Data-6055-Type2;440.0000;DATA;1611605246.930943
/ndn/h11-site/h11/C2Data-1336-Type1;48456.0000;DATA;1611605246.991984
/ndn/d13-site/d13/C2Data-1710-Type3;522.0000;DATA;1611605247.981018
/ndn/s14-site/s14/C2Data-5329-Type2;601.0000;DATA;1611605249.241899
/ndn/h14-site/h14/C2Data-856-Type3;564.0000;DATA;1611605249.383033
/ndn/d11-site/d11/C2Data-1588-Type3;581.0000;DATA;1611605249.984959
/ndn/s7-site/s7/C2Data-4482-Type1;690.0000;DATA;1611605250.287004
/ndn/s13-site/s13/C2Data-5208-Type1;119594.0000;DATA;1611605250.250919
/ndn/s10-site/s10/C2Data-2442-Type3;541.0000;DATA;1611605252.871976
/ndn/s1-site/s1/C2Data-1893-Type3;23588.0000;DATA;1611605253.666980
/ndn/h7-site/h7/C2Data-429-Type3;47959.0000;DATA;1611605253.872990
/ndn/h6-site/h6/C2Data-368-Type3;51315.0000;DATA;1611605257.103053
/ndn/s10-site/s10/C2Data-4846-Type2;145272.0000;DATA;1611605269.525997
/ndn/v7-site/v7/C2Data-6298-Type2;24459.0000;DATA;1611605269.893006
/ndn/v9-site/v9/C2Data-6540-Type2;212301.0000;DATA;1611605269.933981
/ndn/s13-site/s13/C2Data-5209-Type1;265390.0000;DATA;1611605271.991940
/ndn/s11-site/s11/C2Data-4967-Type1;121589.0000;DATA;1611605272.168988
/ndn/s6-site/s6/C2Data-4362-Type2;123273.0000;DATA;1611605274.935920
/ndn/s5-site/s5/C2Data-4241-Type2;590.0000;DATA;1611605276.437926
/ndn/h4-site/h4/C2Data-490-Type1;173172.0000;DATA;1611605277.740009
/ndn/v13-site/v13/C2Data-7024-Type1;97422.0000;DATA;1611605278.303992
/ndn/d3-site/d3/C2Data-2184-Type2;98155.0000;DATA;1611605278.643971
/ndn/s1-site/s1/C2Data-3757-Type2;47528.0000;DATA;1611605279.296921
/ndn/s13-site/s13/C2Data-5209-Type2;47461.0000;DATA;1611605279.565936
/ndn/s5-site/s5/C2Data-4241-Type1;46645.0000;DATA;1611605279.632003
/ndn/s9-site/s9/C2Data-2382-Type3;114933.0000;DATA;1611605295.703970
/ndn/v2-site/v2/C2Data-2870-Type3;76666.0000;DATA;1611605297.998992
/ndn/h1-site/h1/C2Data-128-Type1;23835.0000;DATA;1611605299.797978
/ndn/s12-site/s12/C2Data-5089-Type1;50081.0000;DATA;1611605300.103039
/ndn/v13-site/v13/C2Data-3541-Type3;95020.0000;DATA;1611605300.277951
/ndn/h13-site/h13/C2Data-796-Type3;84740.0000;DATA;1611605300.865942
/ndn/d4-site/d4/C2Data-2306-Type2;26070.0000;DATA;1611605301.149896
/ndn/d1-site/d1/C2Data-1943-Type2;105248.0000;DATA;1611605301.346015
/ndn/d5-site/d5/C2Data-2427-Type2;148426.0000;DATA;1611605302.402980
/ndn/h5-site/h5/C2Data-612-Type2;144704.0000;DATA;1611605303.257983
/ndn/s2-site/s2/C2Data-3879-Type2;69787.0000;DATA;1611605303.387963
/ndn/v10-site/v10/C2Data-3358-Type3;666.0000;DATA;1611605304.662075
/ndn/v7-site/v7/C2Data-3175-Type3;640.0000;DATA;1611605305.027982
