/ndn/s0-site/s0/C2Data-2420-Type2;104600.0000;DATA;1612148039.458330
/ndn/v5-site/v5/C2Data-4235-Type2;153500.0000;DATA;1612148040.122825
/ndn/v7-site/v7/C2Data-4477-Type2;75614.0000;DATA;1612148041.184878
/ndn/v9-site/v9/C2Data-4719-Type2;119247.0000;DATA;1612148042.017253
/ndn/d8-site/d8/C2Data-2178-Type2;176296.0000;DATA;1612148042.411297
/ndn/v3-site/v3/C2Data-3993-Type1;125405.0000;DATA;1612148042.940868
/ndn/h8-site/h8/C2Data-968-Type1;53926.0000;DATA;1612148043.788956
/ndn/h6-site/h6/C2Data-726-Type1;49480.0000;DATA;1612148044.320715
/ndn/d6-site/d6/C2Data-1936-Type1;82755.0000;DATA;1612148044.435384
/ndn/v1-site/v1/C2Data-3751-Type2;53391.0000;DATA;1612148046.541718
/ndn/v9-site/v9/C2Data-4719-Type1;120538.0000;DATA;1612148046.897347
/ndn/h5-site/h5/C2Data-605-Type2;24896.0000;DATA;1612148047.433236
/ndn/v2-site/v2/C2Data-3872-Type1;154798.0000;DATA;1612148049.208242
/ndn/d2-site/d2/C2Data-1452-Type1;98850.0000;DATA;1612148049.921324
/ndn/h0-site/h0/C2Data-0-Type3;198696.0000;DATA;1612148063.553930
/ndn/v1-site/v1/C2Data-1891-Type3;59949.0000;DATA;1612148068.262896
/ndn/h7-site/h7/C2Data-848-Type1;26348.0000;DATA;1612148068.994584
/ndn/s4-site/s4/C2Data-2905-Type2;174882.0000;DATA;1612148069.843526
/ndn/v9-site/v9/C2Data-4720-Type1;130223.0000;DATA;1612148072.193067
/ndn/d9-site/d9/C2Data-2300-Type2;172023.0000;DATA;1612148072.246706
/ndn/s9-site/s9/C2Data-3510-Type2;121147.0000;DATA;1612148073.685202
/ndn/d6-site/d6/C2Data-1937-Type1;83396.0000;DATA;1612148074.423657
/ndn/d5-site/d5/C2Data-1816-Type1;143755.0000;DATA;1612148075.104848
/ndn/v2-site/v2/C2Data-3873-Type2;144355.0000;DATA;1612148075.129277
/ndn/s5-site/s5/C2Data-3026-Type1;74094.0000;DATA;1612148075.478569
/ndn/s8-site/s8/C2Data-1708-Type3;97964.0000;DATA;1612148075.888595
/ndn/s7-site/s7/C2Data-3268-Type1;74041.0000;DATA;1612148076.342986
/ndn/v9-site/v9/C2Data-2379-Type3;117588.0000;DATA;1612148078.039961
/ndn/v8-site/v8/C2Data-4599-Type1;25200.0000;DATA;1612148079.139651
/ndn/h1-site/h1/C2Data-123-Type1;70584.0000;DATA;1612148098.421255
/ndn/s2-site/s2/C2Data-2664-Type2;178762.0000;DATA;1612148098.692245
/ndn/v4-site/v4/C2Data-4116-Type2;146930.0000;DATA;1612148099.161710
/ndn/v6-site/v6/C2Data-4358-Type1;98615.0000;DATA;1612148099.906890
/ndn/s1-site/s1/C2Data-2543-Type1;131117.0000;DATA;1612148100.213470
/ndn/v5-site/v5/C2Data-4237-Type1;146113.0000;DATA;1612148100.934020
/ndn/s4-site/s4/C2Data-2906-Type1;166073.0000;DATA;1612148101.959040
/ndn/v5-site/v5/C2Data-4237-Type2;155140.0000;DATA;1612148102.662675
/ndn/s9-site/s9/C2Data-3511-Type1;124788.0000;DATA;1612148104.361087
/ndn/d0-site/d0/C2Data-1212-Type1;78739.0000;DATA;1612148104.823229
/ndn/h0-site/h0/C2Data-2-Type2;139574.0000;DATA;1612148105.120284
/ndn/d6-site/d6/C2Data-1938-Type2;81091.0000;DATA;1612148105.307384
/ndn/d7-site/d7/C2Data-2059-Type1;142731.0000;DATA;1612148106.212746
/ndn/h9-site/h9/C2Data-1091-Type2;182271.0000;DATA;1612148107.221602
/ndn/h2-site/h2/C2Data-244-Type1;108234.0000;DATA;1612148107.613918
/ndn/h1-site/h1/C2Data-62-Type3;53805.0000;DATA;1612148122.856962
/ndn/v0-site/v0/C2Data-1831-Type3;25167.0000;DATA;1612148123.514684
/ndn/h2-site/h2/C2Data-123-Type3;125531.0000;DATA;1612148125.233117
/ndn/v1-site/v1/C2Data-1892-Type3;53826.0000;DATA;1612148128.070607
/ndn/d2-site/d2/C2Data-1455-Type1;102570.0000;DATA;1612148128.303562
/ndn/h7-site/h7/C2Data-850-Type2;24667.0000;DATA;1612148128.391139
/ndn/s3-site/s3/C2Data-1404-Type3;118084.0000;DATA;1612148129.061027
/ndn/v1-site/v1/C2Data-3754-Type1;51531.0000;DATA;1612148129.630564
/ndn/d6-site/d6/C2Data-977-Type3;90030.0000;DATA;1612148130.902577
/ndn/d7-site/d7/C2Data-2060-Type1;241841.0000;DATA;1612148131.887688
