/ndn/d7-site/d7/C2Data-2057-Type1;116113.0000;DATA;1612148038.345144
/ndn/d4-site/d4/C2Data-1694-Type1;97121.0000;DATA;1612148039.494390
/ndn/d3-site/d3/C2Data-1573-Type2;296730.0000;DATA;1612148040.145512
/ndn/h4-site/h4/C2Data-484-Type2;143869.0000;DATA;1612148042.027470
/ndn/v1-site/v1/C2Data-3751-Type2;148867.0000;DATA;1612148043.037748
/ndn/v8-site/v8/C2Data-4598-Type2;173644.0000;DATA;1612148043.937562
/ndn/h1-site/h1/C2Data-121-Type1;173573.0000;DATA;1612148044.645424
/ndn/v5-site/v5/C2Data-4235-Type1;304372.0000;DATA;1612148044.630616
/ndn/s7-site/s7/C2Data-3267-Type1;94039.0000;DATA;1612148046.279799
/ndn/h8-site/h8/C2Data-968-Type1;198660.0000;DATA;1612148047.048445
/ndn/v6-site/v6/C2Data-4356-Type1;204098.0000;DATA;1612148047.411891
/ndn/s1-site/s1/C2Data-2541-Type1;228577.0000;DATA;1612148047.383507
/ndn/d2-site/d2/C2Data-1452-Type1;47761.0000;DATA;1612148049.543216
/ndn/s9-site/s9/C2Data-1769-Type3;328123.0000;DATA;1612148062.792292
/ndn/h3-site/h3/C2Data-183-Type3;151080.0000;DATA;1612148064.165554
/ndn/d1-site/d1/C2Data-671-Type3;130089.0000;DATA;1612148065.206176
/ndn/h5-site/h5/C2Data-606-Type1;148932.0000;DATA;1612148068.487774
/ndn/h6-site/h6/C2Data-727-Type2;197402.0000;DATA;1612148069.132942
/ndn/h8-site/h8/C2Data-488-Type3;262102.0000;DATA;1612148071.758588
/ndn/v7-site/v7/C2Data-4478-Type1;74815.0000;DATA;1612148073.247850
/ndn/d4-site/d4/C2Data-1695-Type1;98054.0000;DATA;1612148073.464731
/ndn/v8-site/v8/C2Data-2318-Type3;172415.0000;DATA;1612148073.943681
/ndn/d9-site/d9/C2Data-1159-Type3;26298.0000;DATA;1612148074.525717
/ndn/h5-site/h5/C2Data-305-Type3;143855.0000;DATA;1612148077.406395
/ndn/d2-site/d2/C2Data-1453-Type2;51492.0000;DATA;1612148077.508961
/ndn/h4-site/h4/C2Data-244-Type3;142553.0000;DATA;1612148078.336160
/ndn/s0-site/s0/C2Data-1220-Type3;225241.0000;DATA;1612148083.403228
/ndn/v7-site/v7/C2Data-2257-Type3;78872.0000;DATA;1612148083.903812
/ndn/h9-site/h9/C2Data-549-Type3;85927.0000;DATA;1612148084.365510
/ndn/d9-site/d9/C2Data-2301-Type1;29704.0000;DATA;1612148099.488159
/ndn/h5-site/h5/C2Data-607-Type1;152830.0000;DATA;1612148099.896387
/ndn/s2-site/s2/C2Data-2664-Type2;205612.0000;DATA;1612148102.755556
/ndn/v9-site/v9/C2Data-4721-Type2;26745.0000;DATA;1612148104.455988
/ndn/v8-site/v8/C2Data-4600-Type2;187454.0000;DATA;1612148105.762299
/ndn/v7-site/v7/C2Data-4479-Type2;71810.0000;DATA;1612148106.130617
/ndn/s9-site/s9/C2Data-3511-Type2;236411.0000;DATA;1612148106.231955
/ndn/v6-site/v6/C2Data-4358-Type2;187941.0000;DATA;1612148106.975325
/ndn/d9-site/d9/C2Data-2301-Type2;26350.0000;DATA;1612148108.156614
/ndn/d6-site/d6/C2Data-1938-Type2;219991.0000;DATA;1612148108.263846
/ndn/v3-site/v3/C2Data-2014-Type3;26150.0000;DATA;1612148127.960720
/ndn/h4-site/h4/C2Data-245-Type3;160729.0000;DATA;1612148129.646713
/ndn/v4-site/v4/C2Data-4117-Type2;271483.0000;DATA;1612148132.195002
