/ndn/h9-site/h9/C2Data-1089-Type1;213647.0000;DATA;1612147341.069503
/ndn/s3-site/s3/C2Data-2783-Type2;54184.0000;DATA;1612147343.403610
/ndn/v3-site/v3/C2Data-3993-Type1;275904.0000;DATA;1612147344.731972
/ndn/v6-site/v6/C2Data-4356-Type1;102174.0000;DATA;1612147345.329028
/ndn/s8-site/s8/C2Data-3388-Type2;98194.0000;DATA;1612147348.768017
/ndn/h4-site/h4/C2Data-484-Type1;143829.0000;DATA;1612147349.654004
/ndn/h3-site/h3/C2Data-363-Type2;97224.0000;DATA;1612147349.711228
/ndn/d5-site/d5/C2Data-1815-Type1;281794.0000;DATA;1612147350.332125
/ndn/v6-site/v6/C2Data-2196-Type3;74788.0000;DATA;1612147366.065989
/ndn/d6-site/d6/C2Data-976-Type3;105121.0000;DATA;1612147370.335696
/ndn/d8-site/d8/C2Data-2179-Type2;227802.0000;DATA;1612147370.855283
/ndn/s5-site/s5/C2Data-3026-Type1;127811.0000;DATA;1612147371.406580
/ndn/v2-site/v2/C2Data-3873-Type2;176603.0000;DATA;1612147372.003104
/ndn/d5-site/d5/C2Data-1816-Type2;317523.0000;DATA;1612147372.748220
/ndn/d3-site/d3/C2Data-1574-Type1;24931.0000;DATA;1612147373.709639
/ndn/h4-site/h4/C2Data-485-Type2;143017.0000;DATA;1612147376.376124
/ndn/h2-site/h2/C2Data-243-Type2;123953.0000;DATA;1612147377.043655
/ndn/d6-site/d6/C2Data-1937-Type2;51348.0000;DATA;1612147377.472992
/ndn/v4-site/v4/C2Data-2074-Type3;24300.0000;DATA;1612147379.269390
/ndn/v4-site/v4/C2Data-4115-Type2;24135.0000;DATA;1612147379.620982
/ndn/s4-site/s4/C2Data-1464-Type3;23904.0000;DATA;1612147380.376375
/ndn/h3-site/h3/C2Data-183-Type3;98807.0000;DATA;1612147380.430133
/ndn/d7-site/d7/C2Data-2058-Type1;123979.0000;DATA;1612147381.162284
/ndn/h9-site/h9/C2Data-549-Type3;151620.0000;DATA;1612147385.734605
/ndn/d2-site/d2/C2Data-1454-Type1;262292.0000;DATA;1612147401.352582
/ndn/d4-site/d4/C2Data-1696-Type1;199933.0000;DATA;1612147402.013274
/ndn/s6-site/s6/C2Data-3148-Type2;182559.0000;DATA;1612147404.372508
/ndn/d1-site/d1/C2Data-1333-Type2;64091.0000;DATA;1612147404.952973
/ndn/d5-site/d5/C2Data-1817-Type2;324049.0000;DATA;1612147406.090635
/ndn/h5-site/h5/C2Data-607-Type1;166664.0000;DATA;1612147408.184029
/ndn/h3-site/h3/C2Data-365-Type2;96561.0000;DATA;1612147409.188769
/ndn/v2-site/v2/C2Data-3874-Type1;165663.0000;DATA;1612147410.842987
/ndn/s7-site/s7/C2Data-1648-Type3;234203.0000;DATA;1612147425.404233
/ndn/h1-site/h1/C2Data-62-Type3;176281.0000;DATA;1612147426.338581
/ndn/h7-site/h7/C2Data-428-Type3;158063.0000;DATA;1612147426.430804
/ndn/s5-site/s5/C2Data-1526-Type3;131673.0000;DATA;1612147428.666537
/ndn/s5-site/s5/C2Data-3028-Type1;139601.0000;DATA;1612147430.334082
/ndn/s6-site/s6/C2Data-3149-Type1;259315.0000;DATA;1612147431.575269
/ndn/s8-site/s8/C2Data-3391-Type2;121501.0000;DATA;1612147433.121128
/ndn/s6-site/s6/C2Data-3149-Type2;176845.0000;DATA;1612147434.493508
