/ndn/v0-site/v0/C2Data-5445-Type1;211303.0000;DATA;1611607421.747328
/ndn/d7-site/d7/C2Data-2662-Type1;119970.0000;DATA;1611607425.766407
/ndn/s10-site/s10/C2Data-4840-Type1;36479.0000;DATA;1611607426.432434
/ndn/v4-site/v4/C2Data-5929-Type1;95605.0000;DATA;1611607426.878446
/ndn/h0-site/h0/C2Data-0-Type1;162635.0000;DATA;1611607426.932390
/ndn/h1-site/h1/C2Data-121-Type1;614.0000;DATA;1611607427.824436
/ndn/h8-site/h8/C2Data-968-Type1;153123.0000;DATA;1611607431.576392
/ndn/s0-site/s0/C2Data-3630-Type1;75167.0000;DATA;1611607432.009449
/ndn/d13-site/d13/C2Data-1708-Type3;24020.0000;DATA;1611607444.807292
/ndn/s3-site/s3/C2Data-2013-Type3;535.0000;NACK;1611607445.896408
/ndn/v5-site/v5/C2Data-3050-Type3;95656.0000;DATA;1611607450.283339
/ndn/s10-site/s10/C2Data-2440-Type3;99108.0000;DATA;1611607450.702503
/ndn/d0-site/d0/C2Data-1816-Type2;69630.0000;DATA;1611607450.784963
/ndn/d3-site/d3/C2Data-1098-Type3;171405.0000;DATA;1611607450.839415
/ndn/h3-site/h3/C2Data-364-Type2;482.0000;DATA;1611607451.685284
/ndn/s4-site/s4/C2Data-4115-Type2;23402.0000;DATA;1611607452.045317
/ndn/s14-site/s14/C2Data-5325-Type1;46319.0000;DATA;1611607452.090330
/ndn/s9-site/s9/C2Data-4720-Type2;78674.0000;DATA;1611607452.499320
/ndn/d4-site/d4/C2Data-2300-Type2;28958.0000;DATA;1611607453.909342
/ndn/s13-site/s13/C2Data-5204-Type1;429.0000;NACK;1611607454.418331
/ndn/d14-site/d14/C2Data-3510-Type2;23378.0000;DATA;1611607455.536358
/ndn/s0-site/s0/C2Data-1830-Type3;93732.0000;DATA;1611607457.120385
/ndn/h4-site/h4/C2Data-485-Type2;741.0000;DATA;1611607458.366337
/ndn/h12-site/h12/C2Data-1453-Type2;23391.0000;DATA;1611607458.374598
/ndn/v4-site/v4/C2Data-5930-Type2;24637.0000;DATA;1611607458.677363
/ndn/s6-site/s6/C2Data-4357-Type1;182685.0000;DATA;1611607458.911366
/ndn/d14-site/d14/C2Data-3510-Type1;46416.0000;DATA;1611607459.122393
/ndn/d12-site/d12/C2Data-3268-Type1;113802.0000;DATA;1611607460.874358
/ndn/s6-site/s6/C2Data-2196-Type3;49727.0000;DATA;1611607464.040283
/ndn/h10-site/h10/C2Data-610-Type3;28343.0000;DATA;1611607465.900370
/ndn/v2-site/v2/C2Data-2867-Type3;23720.0000;DATA;1611607466.805279
/ndn/v7-site/v7/C2Data-3172-Type3;636.0000;DATA;1611607467.270318
/ndn/s8-site/s8/C2Data-4600-Type1;48306.0000;DATA;1611607480.162684
/ndn/s2-site/s2/C2Data-3874-Type1;24069.0000;DATA;1611607482.662330
/ndn/d6-site/d6/C2Data-2543-Type2;193757.0000;DATA;1611607482.549269
/ndn/v10-site/v10/C2Data-6657-Type2;125841.0000;DATA;1611607482.981282
/ndn/d9-site/d9/C2Data-2906-Type1;145632.0000;DATA;1611607483.762383
/ndn/s12-site/s12/C2Data-5084-Type1;708.0000;DATA;1611607484.709425
/ndn/d3-site/d3/C2Data-2180-Type1;96511.0000;DATA;1611607486.995315
/ndn/h12-site/h12/C2Data-1454-Type2;27219.0000;DATA;1611607488.515267
/ndn/h5-site/h5/C2Data-607-Type2;97192.0000;DATA;1611607490.078486
/ndn/h3-site/h3/C2Data-365-Type2;600.0000;DATA;1611607490.724383
/ndn/s7-site/s7/C2Data-4479-Type2;25109.0000;DATA;1611607491.068373
/ndn/v12-site/v12/C2Data-6899-Type2;669.0000;NACK;1611607491.681363
/ndn/h3-site/h3/C2Data-365-Type1;469.0000;DATA;1611607492.001289
/ndn/d13-site/d13/C2Data-1709-Type3;25000.0000;DATA;1611607504.654264
/ndn/d5-site/d5/C2Data-1221-Type3;130145.0000;DATA;1611607504.634334
/ndn/d2-site/d2/C2Data-1038-Type3;49456.0000;DATA;1611607508.735351
/ndn/v9-site/v9/C2Data-6537-Type1;99388.0000;DATA;1611607511.387361
/ndn/h13-site/h13/C2Data-1576-Type1;49902.0000;DATA;1611607512.342374
/ndn/s14-site/s14/C2Data-5327-Type2;638.0000;DATA;1611607514.945304
/ndn/h3-site/h3/C2Data-366-Type1;93684.0000;DATA;1611607515.943375
/ndn/s0-site/s0/C2Data-1831-Type3;50048.0000;DATA;1611607516.100378
/ndn/h8-site/h8/C2Data-200-Type4;145981.0000;DATA;1611607516.643280
/ndn/d9-site/d9/C2Data-1465-Type3;94717.0000;DATA;1611607517.279360
/ndn/h9-site/h9/C2Data-1092-Type2;46393.0000;DATA;1611607517.420261
/ndn/s5-site/s5/C2Data-2136-Type3;23496.0000;DATA;1611607517.632385
/ndn/s9-site/s9/C2Data-4722-Type2;48427.0000;DATA;1611607517.631335
/ndn/h5-site/h5/C2Data-608-Type1;47448.0000;DATA;1611607517.705310
/ndn/v12-site/v12/C2Data-1050-Type4;166383.0000;DATA;1611607518.167439
/ndn/v2-site/v2/C2Data-5690-Type1;140319.0000;DATA;1611607518.507361
/ndn/d11-site/d11/C2Data-1587-Type3;438.0000;DATA;1611607519.047301
/ndn/v8-site/v8/C2Data-6416-Type1;73905.0000;DATA;1611607519.222317
/ndn/h1-site/h1/C2Data-25-Type4;24597.0000;DATA;1611607519.628370
/ndn/v7-site/v7/C2Data-925-Type4;96333.0000;DATA;1611607519.861268
/ndn/h12-site/h12/C2Data-1455-Type1;25708.0000;DATA;1611607521.868391
/ndn/h11-site/h11/C2Data-672-Type3;642.0000;DATA;1611607523.307299
/ndn/d8-site/d8/C2Data-1404-Type3;578.0000;DATA;1611607524.439307
/ndn/h5-site/h5/C2Data-306-Type3;46515.0000;DATA;1611607524.908363
/ndn/v14-site/v14/C2Data-3600-Type3;611.0000;DATA;1611607526.023405
/ndn/d2-site/d2/C2Data-425-Type4;31905.0000;DATA;1611607536.563291
/ndn/h0-site/h0/C2Data-0-Type4;545.0000;DATA;1611607537.014345
/ndn/s13-site/s13/C2Data-5207-Type2;47070.0000;DATA;1611607541.534344
/ndn/v10-site/v10/C2Data-6659-Type1;119338.0000;DATA;1611607542.015280
/ndn/d12-site/d12/C2Data-3271-Type2;97113.0000;DATA;1611607542.202358
/ndn/v11-site/v11/C2Data-6780-Type2;629.0000;DATA;1611607542.933960
/ndn/v2-site/v2/C2Data-800-Type4;24596.0000;DATA;1611607543.936359
/ndn/h3-site/h3/C2Data-367-Type1;95457.0000;DATA;1611607544.454287
/ndn/d5-site/d5/C2Data-2424-Type2;118924.0000;DATA;1611607545.649371
/ndn/v2-site/v2/C2Data-5691-Type1;149917.0000;DATA;1611607545.814403
/ndn/h2-site/h2/C2Data-246-Type1;48785.0000;DATA;1611607546.945400
/ndn/h1-site/h1/C2Data-125-Type1;29022.0000;DATA;1611607548.937408
/ndn/h12-site/h12/C2Data-1456-Type2;46461.0000;DATA;1611607550.729309
/ndn/d2-site/d2/C2Data-2061-Type1;466.0000;DATA;1611607550.885283
/ndn/v2-site/v2/C2Data-5691-Type2;25659.0000;DATA;1611607551.053288
/ndn/h11-site/h11/C2Data-275-Type4;658.0000;DATA;1611607557.872257
/ndn/d0-site/d0/C2Data-917-Type3;69037.0000;DATA;1611607565.993368
/ndn/s1-site/s1/C2Data-1893-Type3;48667.0000;DATA;1611607566.338286
/ndn/d0-site/d0/C2Data-375-Type4;23764.0000;DATA;1611607566.609327
/ndn/v5-site/v5/C2Data-3052-Type3;31081.0000;DATA;1611607567.795919
/ndn/s13-site/s13/C2Data-5208-Type1;212319.0000;DATA;1611607570.239329
/ndn/s9-site/s9/C2Data-4724-Type2;70590.0000;DATA;1611607570.599412
/ndn/d5-site/d5/C2Data-500-Type4;94755.0000;DATA;1611607571.850366
/ndn/v1-site/v1/C2Data-5571-Type1;23896.0000;DATA;1611607572.813308
/ndn/v3-site/v3/C2Data-5813-Type1;70157.0000;DATA;1611607573.447361
/ndn/d3-site/d3/C2Data-2183-Type1;97390.0000;DATA;1611607573.919990
/ndn/d4-site/d4/C2Data-2304-Type1;560.0000;DATA;1611607574.140325
/ndn/v8-site/v8/C2Data-6418-Type2;563.0000;DATA;1611607575.778343
/ndn/h11-site/h11/C2Data-1336-Type1;454.0000;DATA;1611607576.209698
/ndn/h5-site/h5/C2Data-610-Type2;484.0000;DATA;1611607576.706282
/ndn/v1-site/v1/C2Data-5571-Type2;23542.0000;DATA;1611607577.020405
/ndn/s12-site/s12/C2Data-5087-Type1;756.0000;DATA;1611607578.879276
/ndn/v12-site/v12/C2Data-3479-Type3;27002.0000;DATA;1611607579.002405
/ndn/d14-site/d14/C2Data-3514-Type2;23567.0000;DATA;1611607579.036348
/ndn/s7-site/s7/C2Data-4482-Type2;505.0000;DATA;1611607580.142351
/ndn/h4-site/h4/C2Data-489-Type1;516.0000;DATA;1611607580.468302
/ndn/s10-site/s10/C2Data-4845-Type2;23571.0000;DATA;1611607581.155325
/ndn/v10-site/v10/C2Data-3357-Type3;23269.0000;DATA;1611607581.549430
/ndn/s12-site/s12/C2Data-2564-Type3;488.0000;DATA;1611607585.784459
/ndn/s8-site/s8/C2Data-2320-Type3;27485.0000;DATA;1611607587.602423
/ndn/s5-site/s5/C2Data-2137-Type3;727.0000;DATA;1611607587.986283
/ndn/d11-site/d11/C2Data-1588-Type3;23529.0000;DATA;1611607588.112382
/ndn/v12-site/v12/C2Data-6903-Type1;169474.0000;DATA;1611607600.557290
/ndn/d9-site/d9/C2Data-2910-Type1;140136.0000;DATA;1611607601.012378
/ndn/d6-site/d6/C2Data-2547-Type1;199374.0000;DATA;1611607603.228400
/ndn/d11-site/d11/C2Data-3152-Type1;100253.0000;DATA;1611607603.587315
/ndn/s4-site/s4/C2Data-4120-Type1;127579.0000;DATA;1611607604.869587
/ndn/h1-site/h1/C2Data-127-Type1;604.0000;DATA;1611607608.411356
/ndn/h0-site/h0/C2Data-6-Type2;554.0000;DATA;1611607609.616278
/ndn/d13-site/d13/C2Data-3394-Type2;570.0000;DATA;1611607609.854441
/ndn/d14-site/d14/C2Data-3515-Type1;46349.0000;DATA;1611607609.848275
/ndn/v1-site/v1/C2Data-2809-Type3;143699.0000;DATA;1611607624.248319
/ndn/s8-site/s8/C2Data-2321-Type3;49364.0000;DATA;1611607624.669190
/ndn/d8-site/d8/C2Data-1406-Type3;70242.0000;DATA;1611607624.942361
/ndn/h9-site/h9/C2Data-552-Type3;99901.0000;DATA;1611607628.949925
/ndn/v0-site/v0/C2Data-2748-Type3;93400.0000;DATA;1611607630.385352
/ndn/h0-site/h0/C2Data-7-Type2;170397.0000;DATA;1611607631.374328
/ndn/s14-site/s14/C2Data-5331-Type1;434.0000;DATA;1611607632.585424
/ndn/s9-site/s9/C2Data-4726-Type1;69892.0000;DATA;1611607633.558802
/ndn/v12-site/v12/C2Data-3480-Type3;95155.0000;DATA;1611607633.771403
/ndn/h13-site/h13/C2Data-1580-Type1;47154.0000;DATA;1611607634.239339
/ndn/h5-site/h5/C2Data-612-Type1;688.0000;DATA;1611607635.259292
