/ndn/h2-site/h2/C2Data-242-Type2;203812.0000;DATA;1611605089.892969
/ndn/h10-site/h10/C2Data-1210-Type1;96651.0000;DATA;1611605091.408982
/ndn/h9-site/h9/C2Data-1089-Type1;23426.0000;DATA;1611605092.823063
/ndn/h13-site/h13/C2Data-1573-Type1;117216.0000;DATA;1611605094.830947
/ndn/h3-site/h3/C2Data-363-Type2;619.0000;DATA;1611605095.017005
/ndn/h6-site/h6/C2Data-726-Type2;112358.0000;DATA;1611605095.272961
/ndn/v12-site/v12/C2Data-6897-Type2;573.0000;NACK;1611605096.651978
/ndn/s4-site/s4/C2Data-4114-Type1;195152.0000;DATA;1611605097.672947
/ndn/s11-site/s11/C2Data-4961-Type1;616.0000;NACK;1611605097.865910
/ndn/h8-site/h8/C2Data-968-Type2;23329.0000;DATA;1611605098.245085
/ndn/v2-site/v2/C2Data-5687-Type1;448.0000;DATA;1611605099.537951
/ndn/v4-site/v4/C2Data-5929-Type2;657.0000;DATA;1611605100.350928
/ndn/d5-site/d5/C2Data-1220-Type3;144189.0000;DATA;1611605113.608977
/ndn/h10-site/h10/C2Data-610-Type3;99636.0000;DATA;1611605113.889934
/ndn/h5-site/h5/C2Data-305-Type3;118056.0000;DATA;1611605116.013934
/ndn/d14-site/d14/C2Data-1769-Type3;102257.0000;DATA;1611605116.105969
/ndn/h13-site/h13/C2Data-793-Type3;23745.0000;DATA;1611605117.777473
/ndn/h9-site/h9/C2Data-549-Type3;26948.0000;DATA;1611605118.168011
/ndn/v3-site/v3/C2Data-5809-Type1;143560.0000;DATA;1611605120.875971
/ndn/d10-site/d10/C2Data-1525-Type3;464.0000;DATA;1611605121.600917
/ndn/d3-site/d3/C2Data-2179-Type1;101376.0000;DATA;1611605122.066053
/ndn/h6-site/h6/C2Data-727-Type1;521.0000;DATA;1611605122.197920
/ndn/v4-site/v4/C2Data-5930-Type1;97959.0000;DATA;1611605122.245123
/ndn/d1-site/d1/C2Data-1937-Type1;170560.0000;DATA;1611605122.213999
/ndn/d9-site/d9/C2Data-2905-Type1;73175.0000;DATA;1611605123.059921
/ndn/s0-site/s0/C2Data-3631-Type2;97760.0000;DATA;1611605123.941050
/ndn/s13-site/s13/C2Data-5204-Type1;647.0000;NACK;1611605124.812965
/ndn/v14-site/v14/C2Data-3599-Type3;46437.0000;DATA;1611605127.244987
/ndn/v0-site/v0/C2Data-5446-Type2;452.0000;DATA;1611605128.066162
/ndn/v13-site/v13/C2Data-3538-Type3;71117.0000;DATA;1611605128.041127
/ndn/v1-site/v1/C2Data-5567-Type1;48856.0000;DATA;1611605128.766931
/ndn/d6-site/d6/C2Data-1281-Type3;711.0000;DATA;1611605129.183010
/ndn/v14-site/v14/C2Data-7140-Type2;73814.0000;DATA;1611605129.292961
/ndn/s7-site/s7/C2Data-2257-Type3;557.0000;DATA;1611605129.445975
/ndn/s13-site/s13/C2Data-5204-Type2;595.0000;NACK;1611605130.360012
/ndn/d14-site/d14/C2Data-3510-Type1;71005.0000;DATA;1611605130.438991
/ndn/v12-site/v12/C2Data-3477-Type3;711.0000;DATA;1611605130.999944
/ndn/d7-site/d7/C2Data-1342-Type3;659.0000;DATA;1611605132.164955
/ndn/s8-site/s8/C2Data-2318-Type3;27575.0000;DATA;1611605134.560996
/ndn/d3-site/d3/C2Data-1098-Type3;748.0000;DATA;1611605136.611034
/ndn/s10-site/s10/C2Data-4842-Type1;23153.0000;DATA;1611605149.864976
/ndn/s8-site/s8/C2Data-4600-Type1;119595.0000;DATA;1611605150.579010
/ndn/d10-site/d10/C2Data-3027-Type2;172436.0000;DATA;1611605150.819992
/ndn/d8-site/d8/C2Data-2785-Type1;47788.0000;DATA;1611605151.674050
/ndn/v8-site/v8/C2Data-6415-Type2;187652.0000;DATA;1611605152.026001
/ndn/v7-site/v7/C2Data-6294-Type1;720.0000;DATA;1611605152.650030
/ndn/d12-site/d12/C2Data-3269-Type2;23396.0000;DATA;1611605153.610929
/ndn/d4-site/d4/C2Data-2301-Type1;25162.0000;DATA;1611605153.997981
/ndn/d8-site/d8/C2Data-2785-Type2;24692.0000;DATA;1611605154.389018
/ndn/v3-site/v3/C2Data-5810-Type2;138624.0000;DATA;1611605154.899002
/ndn/s5-site/s5/C2Data-4237-Type1;24205.0000;DATA;1611605155.817949
/ndn/h11-site/h11/C2Data-1333-Type1;652.0000;DATA;1611605156.266965
/ndn/s10-site/s10/C2Data-4842-Type2;669.0000;DATA;1611605157.545054
/ndn/s0-site/s0/C2Data-3632-Type1;121578.0000;DATA;1611605159.326055
/ndn/d6-site/d6/C2Data-2543-Type1;121953.0000;DATA;1611605160.100141
/ndn/v14-site/v14/C2Data-7141-Type2;69279.0000;DATA;1611605160.613070
/ndn/v0-site/v0/C2Data-5447-Type2;133862.0000;DATA;1611605160.746982
/ndn/h0-site/h0/C2Data-1-Type3;203242.0000;DATA;1611605173.319958
/ndn/s6-site/s6/C2Data-2197-Type3;26002.0000;DATA;1611605178.175961
/ndn/d4-site/d4/C2Data-1160-Type3;92926.0000;DATA;1611605180.861986
/ndn/s0-site/s0/C2Data-3633-Type1;103402.0000;DATA;1611605181.633945
/ndn/h14-site/h14/C2Data-855-Type3;92991.0000;DATA;1611605181.704086
/ndn/h8-site/h8/C2Data-489-Type3;47294.0000;DATA;1611605181.834100
/ndn/v2-site/v2/C2Data-2868-Type3;23468.0000;DATA;1611605182.075015
/ndn/h4-site/h4/C2Data-245-Type3;25684.0000;DATA;1611605184.750903
/ndn/v8-site/v8/C2Data-6416-Type2;195679.0000;DATA;1611605184.920004
/ndn/v4-site/v4/C2Data-5932-Type1;118075.0000;DATA;1611605185.954313
/ndn/v4-site/v4/C2Data-5932-Type2;665.0000;DATA;1611605186.635973
/ndn/h13-site/h13/C2Data-1576-Type1;120627.0000;DATA;1611605187.046911
/ndn/h12-site/h12/C2Data-1455-Type1;23368.0000;DATA;1611605188.196895
/ndn/d11-site/d11/C2Data-1587-Type3;607.0000;DATA;1611605188.591901
/ndn/h8-site/h8/C2Data-971-Type1;23659.0000;DATA;1611605188.738957
/ndn/h14-site/h14/C2Data-1697-Type1;149640.0000;DATA;1611605188.982107
/ndn/h9-site/h9/C2Data-550-Type3;26017.0000;DATA;1611605189.161973
/ndn/v14-site/v14/C2Data-3600-Type3;69235.0000;DATA;1611605189.413973
/ndn/d3-site/d3/C2Data-2181-Type1;101780.0000;DATA;1611605190.187962
/ndn/h6-site/h6/C2Data-729-Type1;25789.0000;DATA;1611605190.271909
/ndn/d6-site/d6/C2Data-1282-Type3;782.0000;DATA;1611605191.689002
/ndn/d9-site/d9/C2Data-1465-Type3;23757.0000;DATA;1611605192.449928
/ndn/s7-site/s7/C2Data-2258-Type3;428.0000;DATA;1611605192.505982
/ndn/h5-site/h5/C2Data-306-Type3;23640.0000;DATA;1611605192.572987
/ndn/v10-site/v10/C2Data-1000-Type4;649.0000;DATA;1611605202.504318
/ndn/d6-site/d6/C2Data-2545-Type2;119796.0000;DATA;1611605209.773905
/ndn/h7-site/h7/C2Data-851-Type2;230024.0000;DATA;1611605210.412932
/ndn/v6-site/v6/C2Data-900-Type4;682.0000;DATA;1611605211.135960
/ndn/v3-site/v3/C2Data-5812-Type1;121730.0000;DATA;1611605211.146000
/ndn/d1-site/d1/C2Data-1940-Type2;671.0000;DATA;1611605211.651953
/ndn/d7-site/d7/C2Data-2666-Type2;46864.0000;DATA;1611605212.065962
/ndn/s2-site/s2/C2Data-3876-Type2;99295.0000;DATA;1611605213.311928
/ndn/v7-site/v7/C2Data-6296-Type2;731.0000;DATA;1611605214.347970
/ndn/v10-site/v10/C2Data-6659-Type2;535.0000;DATA;1611605215.739982
/ndn/s10-site/s10/C2Data-4844-Type2;177758.0000;DATA;1611605215.865013
/ndn/h8-site/h8/C2Data-972-Type2;49419.0000;DATA;1611605216.446059
/ndn/s13-site/s13/C2Data-5207-Type2;94579.0000;DATA;1611605216.535022
/ndn/h2-site/h2/C2Data-246-Type1;23581.0000;DATA;1611605216.638009
/ndn/v8-site/v8/C2Data-950-Type4;92249.0000;DATA;1611605216.570990
/ndn/s3-site/s3/C2Data-3997-Type1;123731.0000;DATA;1611605217.001108
/ndn/s6-site/s6/C2Data-4360-Type1;98231.0000;DATA;1611605217.207052
/ndn/v3-site/v3/C2Data-5812-Type2;145154.0000;DATA;1611605217.567985
/ndn/h4-site/h4/C2Data-100-Type4;121507.0000;DATA;1611605218.629008
/ndn/h0-site/h0/C2Data-0-Type4;27020.0000;DATA;1611605219.061948
/ndn/v9-site/v9/C2Data-6538-Type1;121499.0000;DATA;1611605220.157111
/ndn/d9-site/d9/C2Data-600-Type4;590.0000;DATA;1611605221.434045
/ndn/d8-site/d8/C2Data-575-Type4;25884.0000;DATA;1611605223.284348
/ndn/s1-site/s1/C2Data-1893-Type3;26646.0000;DATA;1611605235.464838
/ndn/v11-site/v11/C2Data-3418-Type3;49380.0000;DATA;1611605235.999985
/ndn/d13-site/d13/C2Data-1710-Type3;69751.0000;DATA;1611605235.995046
/ndn/s0-site/s0/C2Data-1832-Type3;23618.0000;DATA;1611605236.372975
/ndn/h10-site/h10/C2Data-612-Type3;24936.0000;DATA;1611605237.293897
/ndn/v4-site/v4/C2Data-850-Type4;708.0000;DATA;1611605237.373960
/ndn/s13-site/s13/C2Data-2625-Type3;23545.0000;DATA;1611605239.082938
/ndn/h7-site/h7/C2Data-852-Type1;218266.0000;DATA;1611605239.252922
/ndn/d14-site/d14/C2Data-725-Type4;671.0000;DATA;1611605241.737970
/ndn/h1-site/h1/C2Data-25-Type4;563.0000;DATA;1611605242.805981
/ndn/v0-site/v0/C2Data-750-Type4;603.0000;DATA;1611605244.397905
/ndn/s7-site/s7/C2Data-4482-Type2;91801.0000;DATA;1611605244.657990
/ndn/d14-site/d14/C2Data-3514-Type2;94571.0000;DATA;1611605245.591988
/ndn/d10-site/d10/C2Data-1527-Type3;26733.0000;DATA;1611605245.858021
/ndn/h0-site/h0/C2Data-2-Type3;23737.0000;DATA;1611605245.971229
/ndn/h11-site/h11/C2Data-1336-Type2;628.0000;DATA;1611605246.232988
/ndn/h8-site/h8/C2Data-973-Type1;96420.0000;DATA;1611605247.279017
/ndn/d2-site/d2/C2Data-2062-Type2;672.0000;DATA;1611605247.592005
/ndn/s7-site/s7/C2Data-4482-Type1;117163.0000;DATA;1611605247.695970
/ndn/h14-site/h14/C2Data-1699-Type2;641.0000;DATA;1611605247.913039
/ndn/v1-site/v1/C2Data-5571-Type2;721.0000;DATA;1611605248.278007
/ndn/s6-site/s6/C2Data-4361-Type2;412.0000;DATA;1611605249.404956
/ndn/v5-site/v5/C2Data-3052-Type3;846.0000;DATA;1611605249.423998
/ndn/d11-site/d11/C2Data-1588-Type3;769.0000;DATA;1611605249.629956
/ndn/s12-site/s12/C2Data-5087-Type1;100412.0000;DATA;1611605249.785985
/ndn/h0-site/h0/C2Data-5-Type1;23517.0000;DATA;1611605250.171965
/ndn/h2-site/h2/C2Data-247-Type1;187657.0000;DATA;1611605250.759934
/ndn/d5-site/d5/C2Data-2426-Type1;142731.0000;DATA;1611605269.296079
/ndn/v7-site/v7/C2Data-6298-Type2;73795.0000;DATA;1611605269.497976
/ndn/v1-site/v1/C2Data-5572-Type2;82412.0000;DATA;1611605270.247967
/ndn/s8-site/s8/C2Data-4604-Type1;25362.0000;DATA;1611605270.442908
/ndn/h0-site/h0/C2Data-6-Type1;216275.0000;DATA;1611605271.027121
/ndn/d2-site/d2/C2Data-2063-Type2;524.0000;DATA;1611605272.075030
/ndn/v12-site/v12/C2Data-6903-Type1;107774.0000;DATA;1611605275.610940
/ndn/d9-site/d9/C2Data-2910-Type2;27031.0000;DATA;1611605278.009921
/ndn/s5-site/s5/C2Data-4241-Type2;739.0000;DATA;1611605278.378910
/ndn/s13-site/s13/C2Data-5209-Type1;241688.0000;DATA;1611605278.673960
/ndn/v4-site/v4/C2Data-5935-Type1;122302.0000;DATA;1611605278.982962
/ndn/h8-site/h8/C2Data-974-Type1;47453.0000;DATA;1611605280.126099
/ndn/v10-site/v10/C2Data-3358-Type3;52746.0000;DATA;1611605294.373948
/ndn/d11-site/d11/C2Data-3153-Type1;48593.0000;DATA;1611605300.827970
/ndn/d4-site/d4/C2Data-2306-Type2;95085.0000;DATA;1611605301.093959
/ndn/h10-site/h10/C2Data-613-Type3;727.0000;DATA;1611605301.337050
/ndn/v13-site/v13/C2Data-3541-Type3;24822.0000;DATA;1611605301.390963
/ndn/h12-site/h12/C2Data-735-Type3;667.0000;DATA;1611605302.601906
/ndn/v12-site/v12/C2Data-6904-Type2;99197.0000;DATA;1611605302.693979
/ndn/d9-site/d9/C2Data-1467-Type3;23209.0000;DATA;1611605303.706064
/ndn/d5-site/d5/C2Data-2427-Type1;140193.0000;DATA;1611605303.599935
/ndn/h12-site/h12/C2Data-1459-Type1;24145.0000;DATA;1611605304.015949
/ndn/s10-site/s10/C2Data-4847-Type1;640.0000;DATA;1611605304.611957
