/C2Data/v2/C2Data-294-Type2;164966.0000;DATA;1609269292.418965
/C2Data/v3/C2Data-315-Type1;97382.0000;DATA;1609269293.930134
/C2Data/v0/C2Data-252-Type2;24524.0000;DATA;1609269295.803857
/C2Data/s2/C2Data-210-Type1;24735.0000;DATA;1609269297.125867
/C2Data/h2/C2Data-42-Type1;43052.0000;DATA;1609269303.880653
/C2Data/v2/C2Data-154-Type3;104898.0000;DATA;1609269353.111830
/C2Data/h2/C2Data-43-Type2;651.0000;DATA;1609269355.422232
/C2Data/d1/C2Data-106-Type2;223236.0000;DATA;1609269356.057941
/C2Data/s3/C2Data-232-Type1;763.0000;DATA;1609269361.139211
/C2Data/h3/C2Data-33-Type3;112148.0000;NACK;1609269361.149637
/C2Data/s2/C2Data-211-Type2;23725.0000;DATA;1609269364.177608
/C2Data/d0/C2Data-44-Type3;25086.0000;DATA;1609269383.804458
/C2Data/v2/C2Data-296-Type2;63936.0000;DATA;1609269412.817857
/C2Data/s1/C2Data-191-Type1;251341.0000;DATA;1609269413.207157
/C2Data/d1/C2Data-107-Type1;124591.0000;DATA;1609269414.213155
/C2Data/v3/C2Data-317-Type2;164738.0000;DATA;1609269416.623933
/C2Data/s2/C2Data-212-Type1;746.0000;DATA;1609269419.819380
/C2Data/v1/C2Data-275-Type2;235302.0000;DATA;1609269431.775320
/C2Data/h3/C2Data-34-Type3;109062.0000;NACK;1609269459.850653
/C2Data/v3/C2Data-166-Type3;92603.0000;DATA;1609269465.673922
/C2Data/h2/C2Data-23-Type3;23935.0000;DATA;1609269470.039235
/C2Data/v1/C2Data-276-Type2;92601.0000;DATA;1609269475.618109
/C2Data/d1/C2Data-56-Type3;616.0000;DATA;1609269483.430754
/C2Data/h1/C2Data-12-Type3;592.0000;DATA;1609269485.514487
/C2Data/d3/C2Data-150-Type1;68112.0000;NACK;1609269489.651940
/C2Data/v2/C2Data-298-Type1;124215.0000;DATA;1609269536.970956
/C2Data/s3/C2Data-235-Type1;26332.0000;DATA;1609269544.773420
/C2Data/d0/C2Data-88-Type2;24966.0000;DATA;1609269546.435522
/C2Data/v2/C2Data-50-Type4;917.0000;DATA;1609269549.438761
/C2Data/s2/C2Data-214-Type2;111991.0000;DATA;1609269551.207875
/C2Data/v1/C2Data-45-Type4;649.0000;DATA;1609269566.634659
/C2Data/v1/C2Data-278-Type1;156207.0000;DATA;1609269594.455604
/C2Data/h2/C2Data-24-Type3;27918.0000;DATA;1609269595.256777
/C2Data/v1/C2Data-278-Type2;121340.0000;DATA;1609269596.761655
/C2Data/s1/C2Data-101-Type3;360885.0000;DATA;1609269597.419131
/C2Data/d1/C2Data-57-Type3;247186.0000;DATA;1609269597.788816
/C2Data/h2/C2Data-47-Type2;58088.0000;DATA;1609269598.253803
/C2Data/v3/C2Data-167-Type3;92144.0000;DATA;1609269598.353308
/C2Data/s2/C2Data-112-Type3;45436.0000;DATA;1609269603.374645
/C2Data/v3/C2Data-320-Type2;97511.0000;DATA;1609269611.336477
/C2Data/d3/C2Data-79-Type3;62285.0000;NACK;1609269611.441765
/C2Data/d0/C2Data-89-Type1;23753.0000;DATA;1609269611.513247
/C2Data/s0/C2Data-174-Type2;160679.0000;DATA;1609269652.521371
/C2Data/d1/C2Data-111-Type2;165153.0000;DATA;1609269661.406429
/C2Data/s2/C2Data-216-Type1;44834.0000;DATA;1609269664.446614
/C2Data/v2/C2Data-300-Type2;691.0000;DATA;1609269666.291174
/C2Data/v3/C2Data-321-Type1;77140.0000;DATA;1609269668.411448
/C2Data/s3/C2Data-237-Type1;62674.0000;DATA;1609269675.077751
/C2Data/d2/C2Data-69-Type3;95965.0000;DATA;1609269703.587859
/C2Data/h2/C2Data-25-Type3;643.0000;DATA;1609269719.224207
/C2Data/s1/C2Data-196-Type1;258125.0000;DATA;1609269726.165875
/C2Data/v2/C2Data-301-Type2;46630.0000;DATA;1609269732.529376
/C2Data/v3/C2Data-168-Type3;79438.0000;DATA;1609269733.916903
/C2Data/v2/C2Data-157-Type3;652.0000;DATA;1609269737.517089
/C2Data/h1/C2Data-14-Type3;590.0000;DATA;1609269744.382837
/C2Data/s2/C2Data-113-Type3;530.0000;DATA;1609269745.029365
/C2Data/s0/C2Data-91-Type3;100539.0000;DATA;1609269745.886794
/C2Data/s3/C2Data-239-Type2;57286.0000;DATA;1609269771.444440
/C2Data/v3/C2Data-323-Type2;92596.0000;DATA;1609269772.731534
/C2Data/s0/C2Data-176-Type1;78937.0000;DATA;1609269780.077115
/C2Data/s3/C2Data-239-Type1;24673.0000;DATA;1609269790.466327
/C2Data/d2/C2Data-31-Type4;693.0000;DATA;1609269793.695185
/C2Data/s0/C2Data-176-Type2;91255.0000;DATA;1609269793.736163
/C2Data/v0/C2Data-136-Type3;26292.0000;DATA;1609269822.854479
/C2Data/s2/C2Data-114-Type3;23961.0000;DATA;1609269823.456411
/C2Data/h2/C2Data-26-Type3;44662.0000;DATA;1609269830.024222
/C2Data/h2/C2Data-11-Type4;63086.0000;DATA;1609269833.832504
/C2Data/s1/C2Data-103-Type3;113122.0000;DATA;1609269838.326923
/C2Data/d1/C2Data-59-Type3;667.0000;DATA;1609269843.152168
