/ndn/v11-site/v11/C2Data-6776-Type1;499.0000;NACK;1611610327.668058
/ndn/d9-site/d9/C2Data-2904-Type1;48941.0000;DATA;1611610327.699031
/ndn/v1-site/v1/C2Data-5566-Type1;75925.0000;DATA;1611610331.629125
/ndn/h3-site/h3/C2Data-363-Type2;665.0000;DATA;1611610331.755041
/ndn/s4-site/s4/C2Data-4114-Type2;613.0000;NACK;1611610334.715153
/ndn/s10-site/s10/C2Data-4840-Type2;538.0000;NACK;1611610336.285055
/ndn/v12-site/v12/C2Data-6897-Type1;47795.0000;DATA;1611610336.768072
/ndn/v13-site/v13/C2Data-7018-Type1;27304.0000;DATA;1611610337.114063
/ndn/s13-site/s13/C2Data-2623-Type3;602.0000;NACK;1611610350.038697
/ndn/s0-site/s0/C2Data-1830-Type3;168587.0000;DATA;1611610350.737050
/ndn/s4-site/s4/C2Data-2074-Type3;559.0000;NACK;1611610351.655106
/ndn/h7-site/h7/C2Data-427-Type3;23331.0000;DATA;1611610351.690055
/ndn/s1-site/s1/C2Data-1891-Type3;242443.0000;DATA;1611610354.611122
/ndn/d1-site/d1/C2Data-976-Type3;539.0000;NACK;1611610354.904026
/ndn/h0-site/h0/C2Data-1-Type1;216381.0000;DATA;1611610355.521050
/ndn/h13-site/h13/C2Data-793-Type3;756.0000;DATA;1611610355.955024
/ndn/h4-site/h4/C2Data-244-Type3;772.0000;DATA;1611610356.697024
/ndn/h11-site/h11/C2Data-1332-Type2;156786.0000;DATA;1611610356.780024
/ndn/d9-site/d9/C2Data-2905-Type2;23481.0000;DATA;1611610358.549105
/ndn/h2-site/h2/C2Data-243-Type2;659.0000;NACK;1611610359.235034
/ndn/d3-site/d3/C2Data-2179-Type2;499.0000;DATA;1611610359.982038
/ndn/s11-site/s11/C2Data-4962-Type1;367.0000;NACK;1611610360.576036
/ndn/s13-site/s13/C2Data-5204-Type2;500.0000;NACK;1611610361.808064
/ndn/h1-site/h1/C2Data-122-Type2;72710.0000;DATA;1611610362.079085
/ndn/d5-site/d5/C2Data-2421-Type2;150369.0000;DATA;1611610362.136083
/ndn/v1-site/v1/C2Data-5567-Type1;53141.0000;DATA;1611610363.209032
/ndn/d0-site/d0/C2Data-915-Type3;807.0000;DATA;1611610363.395069
/ndn/v5-site/v5/C2Data-3050-Type3;480.0000;DATA;1611610364.805081
/ndn/h5-site/h5/C2Data-606-Type2;721.0000;DATA;1611610364.930069
/ndn/s3-site/s3/C2Data-3994-Type2;458.0000;NACK;1611610365.594092
/ndn/d13-site/d13/C2Data-1708-Type3;638.0000;DATA;1611610368.684045
/ndn/h1-site/h1/C2Data-61-Type3;614.0000;DATA;1611610368.771015
/ndn/h6-site/h6/C2Data-366-Type3;566.0000;DATA;1611610369.238552
/ndn/h3-site/h3/C2Data-183-Type3;527.0000;DATA;1611610370.160170
/ndn/s13-site/s13/C2Data-5205-Type2;535.0000;NACK;1611610389.564121
/ndn/s7-site/s7/C2Data-4479-Type2;72761.0000;DATA;1611610390.295217
/ndn/s6-site/s6/C2Data-4358-Type2;122578.0000;DATA;1611610390.257092
/ndn/h5-site/h5/C2Data-607-Type2;113413.0000;DATA;1611610391.334038
/ndn/v8-site/v8/C2Data-6415-Type1;97096.0000;DATA;1611610393.530112
/ndn/h8-site/h8/C2Data-970-Type2;392.0000;DATA;1611610393.691033
/ndn/s10-site/s10/C2Data-4842-Type1;651.0000;DATA;1611610394.558031
/ndn/s7-site/s7/C2Data-2258-Type3;167443.0000;DATA;1611610409.528026
/ndn/d10-site/d10/C2Data-1526-Type3;156666.0000;DATA;1611610412.529060
/ndn/s5-site/s5/C2Data-2136-Type3;48050.0000;DATA;1611610413.054034
/ndn/h9-site/h9/C2Data-550-Type3;122966.0000;DATA;1611610413.181207
/ndn/d1-site/d1/C2Data-1939-Type1;218119.0000;DATA;1611610415.428062
/ndn/s5-site/s5/C2Data-4238-Type2;50743.0000;DATA;1611610415.766162
/ndn/v1-site/v1/C2Data-5569-Type1;46974.0000;DATA;1611610416.384040
/ndn/s3-site/s3/C2Data-2014-Type3;553.0000;NACK;1611610417.121048
/ndn/d4-site/d4/C2Data-2302-Type2;126093.0000;DATA;1611610417.761098
/ndn/v2-site/v2/C2Data-5690-Type1;96589.0000;DATA;1611610418.230049
/ndn/d6-site/d6/C2Data-1282-Type3;548.0000;DATA;1611610419.192038
/ndn/v12-site/v12/C2Data-6900-Type2;801.0000;DATA;1611610420.218030
/ndn/h8-site/h8/C2Data-489-Type3;49195.0000;DATA;1611610420.480115
/ndn/d13-site/d13/C2Data-3391-Type1;116642.0000;DATA;1611610420.644140
/ndn/v11-site/v11/C2Data-6779-Type1;73057.0000;DATA;1611610422.305165
/ndn/s6-site/s6/C2Data-4359-Type2;4814.0000;DATA;1611610422.548274
/ndn/d2-site/d2/C2Data-2060-Type1;75848.0000;DATA;1611610423.159089
/ndn/s14-site/s14/C2Data-5327-Type2;119464.0000;DATA;1611610423.719076
/ndn/v10-site/v10/C2Data-6658-Type1;52224.0000;DATA;1611610424.635067
/ndn/h13-site/h13/C2Data-1576-Type1;71166.0000;DATA;1611610424.883028
/ndn/s2-site/s2/C2Data-1953-Type3;567.0000;DATA;1611610424.991112
/ndn/h5-site/h5/C2Data-306-Type3;666.0000;DATA;1611610425.217098
/ndn/v3-site/v3/C2Data-5811-Type1;196492.0000;DATA;1611610426.965109
/ndn/v2-site/v2/C2Data-2868-Type3;712.0000;DATA;1611610429.252036
/ndn/h13-site/h13/C2Data-794-Type3;170362.0000;DATA;1611610431.061083
/ndn/s6-site/s6/C2Data-2197-Type3;572.0000;DATA;1611610433.233033
/ndn/h5-site/h5/C2Data-125-Type4;37677.0000;DATA;1611610438.512904
/ndn/d2-site/d2/C2Data-2061-Type2;72100.0000;DATA;1611610445.878023
/ndn/h11-site/h11/C2Data-275-Type4;74978.0000;DATA;1611610446.838093
/ndn/h4-site/h4/C2Data-488-Type2;187686.0000;DATA;1611610447.293118
/ndn/s6-site/s6/C2Data-4360-Type1;123384.0000;DATA;1611610447.661040
/ndn/s13-site/s13/C2Data-5207-Type1;145272.0000;DATA;1611610447.701061
/ndn/v5-site/v5/C2Data-6054-Type2;72851.0000;DATA;1611610448.702126
/ndn/v8-site/v8/C2Data-6417-Type1;552.0000;DATA;1611610449.326072
/ndn/v4-site/v4/C2Data-5933-Type2;648.0000;DATA;1611610449.665037
/ndn/h12-site/h12/C2Data-1456-Type1;637.0000;DATA;1611610450.336067
/ndn/v7-site/v7/C2Data-6296-Type2;568.0000;DATA;1611610457.001031
/ndn/d12-site/d12/C2Data-675-Type4;543.0000;DATA;1611610462.545107
/ndn/d3-site/d3/C2Data-450-Type4;572.0000;DATA;1611610465.192137
/ndn/v2-site/v2/C2Data-800-Type4;638.0000;DATA;1611610465.839718
/ndn/h14-site/h14/C2Data-856-Type3;240902.0000;DATA;1611610469.647067
/ndn/v7-site/v7/C2Data-3174-Type3;23907.0000;DATA;1611610470.070127
/ndn/s0-site/s0/C2Data-1832-Type3;190225.0000;DATA;1611610470.627110
/ndn/v0-site/v0/C2Data-2747-Type3;151171.0000;DATA;1611610470.713070
/ndn/v5-site/v5/C2Data-3052-Type3;716.0000;DATA;1611610474.032079
/ndn/v12-site/v12/C2Data-3479-Type3;699.0000;DATA;1611610474.792066
/ndn/d13-site/d13/C2Data-1710-Type3;69811.0000;DATA;1611610475.835131
/ndn/h6-site/h6/C2Data-368-Type3;24400.0000;DATA;1611610476.897077
/ndn/h6-site/h6/C2Data-150-Type4;601.0000;DATA;1611610477.686046
/ndn/v5-site/v5/C2Data-6055-Type1;459.0000;DATA;1611610480.600037
/ndn/d10-site/d10/C2Data-3030-Type2;195974.0000;DATA;1611610480.820048
/ndn/h8-site/h8/C2Data-490-Type3;124438.0000;DATA;1611610481.091119
/ndn/h3-site/h3/C2Data-368-Type2;530.0000;DATA;1611610482.076132
/ndn/s14-site/s14/C2Data-5329-Type2;23464.0000;DATA;1611610482.441107
/ndn/s6-site/s6/C2Data-4361-Type2;147691.0000;DATA;1611610483.481101
/ndn/v1-site/v1/C2Data-5571-Type2;727.0000;DATA;1611610484.109081
/ndn/d13-site/d13/C2Data-3393-Type1;117643.0000;DATA;1611610484.295118
/ndn/d4-site/d4/C2Data-2304-Type1;149993.0000;DATA;1611610485.095130
/ndn/h8-site/h8/C2Data-973-Type2;119583.0000;DATA;1611610486.612073
/ndn/d9-site/d9/C2Data-1466-Type3;549.0000;DATA;1611610489.596075
/ndn/s6-site/s6/C2Data-4362-Type1;120922.0000;DATA;1611610505.796053
/ndn/h1-site/h1/C2Data-127-Type1;93760.0000;DATA;1611610506.142073
/ndn/v1-site/v1/C2Data-5572-Type1;47709.0000;DATA;1611610508.862872
/ndn/h9-site/h9/C2Data-1095-Type1;88129.0000;DATA;1611610510.254105
/ndn/h11-site/h11/C2Data-1337-Type1;448.0000;DATA;1611610512.153055
/ndn/s10-site/s10/C2Data-4846-Type1;608.0000;DATA;1611610512.337094
/ndn/v11-site/v11/C2Data-6782-Type2;123671.0000;DATA;1611610512.490077
/ndn/v5-site/v5/C2Data-6056-Type1;22846.0000;DATA;1611610515.272071
/ndn/h8-site/h8/C2Data-974-Type2;46159.0000;DATA;1611610516.893049
/ndn/v12-site/v12/C2Data-3480-Type3;62254.0000;DATA;1611610530.939489
/ndn/v10-site/v10/C2Data-3358-Type3;48032.0000;DATA;1611610531.621949
/ndn/v0-site/v0/C2Data-2748-Type3;147710.0000;DATA;1611610532.832128
/ndn/h5-site/h5/C2Data-308-Type3;155519.0000;DATA;1611610532.841029
/ndn/d5-site/d5/C2Data-1223-Type3;148649.0000;DATA;1611610535.024033
/ndn/h8-site/h8/C2Data-975-Type1;119164.0000;DATA;1611610536.016044
/ndn/s3-site/s3/C2Data-4000-Type1;241092.0000;DATA;1611610537.603110
/ndn/s5-site/s5/C2Data-2138-Type3;645.0000;DATA;1611610537.912087
/ndn/s13-site/s13/C2Data-5210-Type1;145745.0000;DATA;1611610539.446142
/ndn/h3-site/h3/C2Data-370-Type1;531.0000;DATA;1611610539.808100
/ndn/h14-site/h14/C2Data-1701-Type1;148163.0000;DATA;1611610540.361033
/ndn/v8-site/v8/C2Data-6420-Type2;150971.0000;DATA;1611610540.651090
