/ndn/h1-site/h1/C2Data-121-Type1;28331.0000;DATA;1612717857.368013
/ndn/h0-site/h0/C2Data-0-Type2;158265.0000;DATA;1612717857.957268
/ndn/s3-site/s3/C2Data-2783-Type2;170002.0000;DATA;1612717858.918910
/ndn/s2-site/s2/C2Data-2662-Type2;978.0000;DATA;1612717861.991036
/ndn/d1-site/d1/C2Data-1331-Type2;57244.0000;DATA;1612717861.966644
/ndn/v7-site/v7/C2Data-4477-Type1;100822.0000;DATA;1612717864.382256
/ndn/s6-site/s6/C2Data-3146-Type2;27735.0000;DATA;1612717864.477522
/ndn/s4-site/s4/C2Data-2904-Type2;4111.0000;DATA;1612717866.300561
/ndn/v6-site/v6/C2Data-4356-Type2;53101.0000;DATA;1612717866.521834
/ndn/s7-site/s7/C2Data-3267-Type1;51096.0000;DATA;1612717867.629226
/ndn/s9-site/s9/C2Data-1769-Type3;48194.0000;DATA;1612717887.250642
/ndn/v1-site/v1/C2Data-3752-Type1;25097.0000;DATA;1612717888.022091
/ndn/s2-site/s2/C2Data-2663-Type1;28997.0000;DATA;1612717888.039676
/ndn/d6-site/d6/C2Data-1937-Type1;103258.0000;DATA;1612717891.091979
/ndn/v7-site/v7/C2Data-2257-Type3;98514.0000;DATA;1612717891.200063
/ndn/s3-site/s3/C2Data-2784-Type2;24131.0000;DATA;1612717895.895145
/ndn/d0-site/d0/C2Data-1211-Type1;25161.0000;DATA;1612717897.359997
/ndn/s5-site/s5/C2Data-3026-Type1;3709.0000;DATA;1612717897.781059
/ndn/h1-site/h1/C2Data-122-Type1;1007.0000;DATA;1612717897.837166
/ndn/v5-site/v5/C2Data-4236-Type2;63659.0000;DATA;1612717899.131413
/ndn/v6-site/v6/C2Data-2196-Type3;2503.0000;DATA;1612717901.807407
/ndn/s7-site/s7/C2Data-1647-Type3;2705.0000;DATA;1612717904.194571
/ndn/d1-site/d1/C2Data-1333-Type1;99536.0000;DATA;1612717918.814435
/ndn/s6-site/s6/C2Data-3148-Type2;127503.0000;DATA;1612717918.864130
/ndn/d7-site/d7/C2Data-2059-Type1;4011.0000;DATA;1612717920.823682
/ndn/v6-site/v6/C2Data-4358-Type2;4647.0000;DATA;1612717921.798714
/ndn/h3-site/h3/C2Data-365-Type2;5333.0000;DATA;1612717924.765525
/ndn/h4-site/h4/C2Data-486-Type1;27074.0000;DATA;1612717925.573986
/ndn/h5-site/h5/C2Data-607-Type1;27415.0000;DATA;1612717926.466716
/ndn/s1-site/s1/C2Data-2543-Type1;105686.0000;DATA;1612717927.094221
/ndn/d4-site/d4/C2Data-1696-Type2;24760.0000;DATA;1612717928.302924
/ndn/d2-site/d2/C2Data-733-Type3;53776.0000;DATA;1612717941.979100
/ndn/d3-site/d3/C2Data-794-Type3;139662.0000;DATA;1612717945.835546
/ndn/s7-site/s7/C2Data-1648-Type3;2241.0000;DATA;1612717948.908305
/ndn/h5-site/h5/C2Data-608-Type1;28339.0000;DATA;1612717949.029284
/ndn/s0-site/s0/C2Data-2423-Type2;72325.0000;DATA;1612717949.544298
/ndn/v0-site/v0/C2Data-3633-Type2;5749.0000;DATA;1612717949.814987
/ndn/d0-site/d0/C2Data-1213-Type2;106761.0000;DATA;1612717951.874664
/ndn/d1-site/d1/C2Data-1334-Type2;2355.0000;DATA;1612717954.852976
/ndn/s3-site/s3/C2Data-1404-Type3;30689.0000;DATA;1612717955.579640
/ndn/v4-site/v4/C2Data-4117-Type1;165227.0000;DATA;1612717955.537749
/ndn/v4-site/v4/C2Data-2075-Type3;116004.0000;DATA;1612717956.365095
/ndn/h1-site/h1/C2Data-62-Type3;1234.0000;DATA;1612717963.253132
/ndn/d3-site/d3/C2Data-325-Type4;129081.0000;DATA;1612717971.511647
/ndn/h4-site/h4/C2Data-100-Type4;1402.0000;DATA;1612717974.168191
/ndn/v7-site/v7/C2Data-4481-Type2;104436.0000;DATA;1612717977.243155
/ndn/v3-site/v3/C2Data-3997-Type1;154153.0000;DATA;1612717977.427056
/ndn/h3-site/h3/C2Data-367-Type1;53772.0000;DATA;1612717978.034572
/ndn/d7-site/d7/C2Data-2061-Type1;964.0000;DATA;1612717980.646522
/ndn/h0-site/h0/C2Data-4-Type1;181787.0000;DATA;1612717983.136351
/ndn/v0-site/v0/C2Data-3634-Type2;1353.0000;DATA;1612717983.302372
/ndn/h5-site/h5/C2Data-609-Type2;24334.0000;DATA;1612717985.321110
/ndn/h3-site/h3/C2Data-367-Type2;64012.0000;DATA;1612717987.143057
/ndn/s5-site/s5/C2Data-3029-Type1;50970.0000;DATA;1612717988.005351
/ndn/h1-site/h1/C2Data-25-Type4;3618.0000;DATA;1612718000.760418
/ndn/h3-site/h3/C2Data-75-Type4;2998.0000;DATA;1612718002.236668
/ndn/v0-site/v0/C2Data-1832-Type3;61067.0000;DATA;1612718003.782803
/ndn/s1-site/s1/C2Data-1283-Type3;101526.0000;DATA;1612718004.371786
/ndn/d0-site/d0/C2Data-250-Type4;51001.0000;DATA;1612718005.893951
/ndn/s8-site/s8/C2Data-3393-Type2;77558.0000;DATA;1612718008.507263
/ndn/d4-site/d4/C2Data-856-Type3;73762.0000;DATA;1612718008.533285
/ndn/d2-site/d2/C2Data-1457-Type1;69896.0000;DATA;1612718008.649536
/ndn/s4-site/s4/C2Data-2909-Type1;186876.0000;DATA;1612718009.076998
/ndn/s7-site/s7/C2Data-1649-Type3;942.0000;DATA;1612718009.663018
/ndn/h3-site/h3/C2Data-368-Type1;53952.0000;DATA;1612718010.985274
/ndn/v5-site/v5/C2Data-4240-Type2;180391.0000;DATA;1612718011.347626
/ndn/s0-site/s0/C2Data-2425-Type2;133649.0000;DATA;1612718013.731117
/ndn/h2-site/h2/C2Data-124-Type3;3348.0000;DATA;1612718015.033621
/ndn/d1-site/d1/C2Data-673-Type3;102501.0000;DATA;1612718016.411349
/ndn/h0-site/h0/C2Data-5-Type1;61157.0000;DATA;1612718017.065319
/ndn/s8-site/s8/C2Data-1710-Type3;78315.0000;DATA;1612718017.484747
/ndn/v4-site/v4/C2Data-2076-Type3;49226.0000;DATA;1612718017.645280
/ndn/s3-site/s3/C2Data-2788-Type2;30113.0000;DATA;1612718018.509263
/ndn/v0-site/v0/C2Data-3635-Type2;71087.0000;DATA;1612718018.804744
/ndn/d6-site/d6/C2Data-1942-Type2;103489.0000;DATA;1612718037.588260
/ndn/d8-site/d8/C2Data-2184-Type1;185885.0000;DATA;1612718037.584195
/ndn/s5-site/s5/C2Data-3031-Type2;66411.0000;DATA;1612718037.807216
/ndn/h8-site/h8/C2Data-974-Type2;60773.0000;DATA;1612718038.199093
/ndn/v7-site/v7/C2Data-4483-Type2;109911.0000;DATA;1612718038.915219
/ndn/v3-site/v3/C2Data-3999-Type1;88124.0000;DATA;1612718041.441193
/ndn/h1-site/h1/C2Data-127-Type1;1182.0000;DATA;1612718042.587481
/ndn/d5-site/d5/C2Data-1821-Type2;176512.0000;DATA;1612718044.955166
/ndn/v5-site/v5/C2Data-4241-Type1;195864.0000;DATA;1612718045.303901
/ndn/h3-site/h3/C2Data-369-Type2;1459.0000;DATA;1612718048.339506
/ndn/s5-site/s5/C2Data-3031-Type1;48829.0000;DATA;1612718048.381511
/ndn/h3-site/h3/C2Data-369-Type1;58326.0000;DATA;1612718048.422933
/ndn/h9-site/h9/C2Data-1095-Type2;55594.0000;DATA;1612718049.099446
/ndn/d9-site/d9/C2Data-1162-Type3;189159.0000;DATA;1612718064.246559
/ndn/s3-site/s3/C2Data-2790-Type1;134139.0000;DATA;1612718068.218315
/ndn/d8-site/d8/C2Data-2185-Type1;56600.0000;DATA;1612718068.788848
/ndn/h2-site/h2/C2Data-249-Type1;86948.0000;DATA;1612718069.706967
/ndn/v6-site/v6/C2Data-4363-Type2;91473.0000;DATA;1612718069.823973
/ndn/h0-site/h0/C2Data-7-Type1;162887.0000;DATA;1612718070.349124
/ndn/s4-site/s4/C2Data-1467-Type3;746.0000;DATA;1612718071.758972
/ndn/v6-site/v6/C2Data-2199-Type3;75052.0000;DATA;1612718072.305029
/ndn/v5-site/v5/C2Data-4242-Type1;132240.0000;DATA;1612718074.556498
/ndn/d0-site/d0/C2Data-130-Type5;132315.0000;DATA;1612718077.884277
/ndn/d4-site/d4/C2Data-1701-Type1;55205.0000;DATA;1612718078.312059
/ndn/d7-site/d7/C2Data-1040-Type3;2830.0000;DATA;1612718079.984829
/ndn/d4-site/d4/C2Data-1702-Type2;94902.0000;DATA;1612718097.708255
/ndn/h2-site/h2/C2Data-250-Type2;83097.0000;DATA;1612718097.921751
/ndn/s6-site/s6/C2Data-3154-Type1;136796.0000;DATA;1612718099.301054
/ndn/d4-site/d4/C2Data-1702-Type1;50084.0000;DATA;1612718104.018462
/ndn/d7-site/d7/C2Data-2065-Type2;133741.0000;DATA;1612718104.491022
/ndn/v9-site/v9/C2Data-4727-Type1;149314.0000;DATA;1612718106.453349
/ndn/v5-site/v5/C2Data-4243-Type1;58518.0000;DATA;1612718106.833612
/ndn/d4-site/d4/C2Data-182-Type5;26276.0000;DATA;1612718109.310980
/ndn/h6-site/h6/C2Data-78-Type5;30484.0000;DATA;1612718112.636920
/ndn/v2-site/v2/C2Data-551-Type4;1404.0000;DATA;1612718126.029815
/ndn/d0-site/d0/C2Data-614-Type3;99234.0000;DATA;1612718126.106739
/ndn/v1-site/v1/C2Data-3760-Type2;42937.0000;DATA;1612718127.899629
/ndn/v3-site/v3/C2Data-576-Type4;54908.0000;DATA;1612718128.920376
/ndn/v2-site/v2/C2Data-286-Type5;135588.0000;DATA;1612718129.036449
/ndn/s3-site/s3/C2Data-1407-Type3;56154.0000;DATA;1612718130.354993
/ndn/s7-site/s7/C2Data-3276-Type1;96433.0000;DATA;1612718130.512178
/ndn/v7-site/v7/C2Data-4486-Type2;98116.0000;DATA;1612718131.049034
/ndn/h4-site/h4/C2Data-248-Type3;24783.0000;DATA;1612718132.372077
/ndn/s3-site/s3/C2Data-2792-Type2;101236.0000;DATA;1612718133.403000
/ndn/s6-site/s6/C2Data-1590-Type3;52101.0000;DATA;1612718134.045427
/ndn/v1-site/v1/C2Data-3760-Type1;44351.0000;DATA;1612718134.842420
/ndn/v5-site/v5/C2Data-4244-Type1;163430.0000;DATA;1612718136.401167
/ndn/v4-site/v4/C2Data-4123-Type2;49891.0000;DATA;1612718136.521997
/ndn/v2-site/v2/C2Data-1956-Type3;1061.0000;DATA;1612718136.813147
/ndn/v6-site/v6/C2Data-2200-Type3;1219.0000;DATA;1612718142.452080
/ndn/h3-site/h3/C2Data-187-Type3;1559.0000;DATA;1612718142.875434
/ndn/d3-site/d3/C2Data-797-Type3;51160.0000;DATA;1612718143.575043
/ndn/h5-site/h5/C2Data-309-Type3;1980.0000;DATA;1612718144.085587
/ndn/v9-site/v9/C2Data-2383-Type3;56047.0000;DATA;1612718144.423928
/ndn/d9-site/d9/C2Data-476-Type4;57137.0000;DATA;1612718147.339410
/ndn/v5-site/v5/C2Data-626-Type4;59680.0000;DATA;1612718149.618731
/ndn/v9-site/v9/C2Data-726-Type4;52041.0000;DATA;1612718153.557078
/ndn/d8-site/d8/C2Data-451-Type4;88377.0000;DATA;1612718155.116011
/ndn/d9-site/d9/C2Data-2309-Type2;147268.0000;DATA;1612718158.200938
/ndn/h2-site/h2/C2Data-252-Type2;77439.0000;DATA;1612718158.289678
/ndn/v9-site/v9/C2Data-4729-Type2;53036.0000;DATA;1612718158.977331
/ndn/v5-site/v5/C2Data-4245-Type2;166801.0000;DATA;1612718159.234204
/ndn/v6-site/v6/C2Data-4366-Type1;48663.0000;DATA;1612718160.580768
/ndn/d8-site/d8/C2Data-2188-Type1;49140.0000;DATA;1612718160.878106
/ndn/v1-site/v1/C2Data-3761-Type2;6028.0000;DATA;1612718162.329363
/ndn/h4-site/h4/C2Data-494-Type1;2314.0000;DATA;1612718162.587430
/ndn/h3-site/h3/C2Data-373-Type2;54684.0000;DATA;1612718164.367255
/ndn/d7-site/d7/C2Data-2067-Type2;814.0000;DATA;1612718165.865442
/ndn/d1-site/d1/C2Data-676-Type3;101205.0000;DATA;1612718183.559682
/ndn/d1-site/d1/C2Data-143-Type5;1317.0000;DATA;1612718183.839647
/ndn/v7-site/v7/C2Data-2262-Type3;48487.0000;DATA;1612718187.385690
/ndn/s7-site/s7/C2Data-3278-Type2;97349.0000;DATA;1612718187.529814
/ndn/v5-site/v5/C2Data-4246-Type2;49996.0000;DATA;1612718188.890945
/ndn/h5-site/h5/C2Data-616-Type2;28697.0000;DATA;1612718189.387090
/ndn/h3-site/h3/C2Data-374-Type2;54277.0000;DATA;1612718189.433516
/ndn/v7-site/v7/C2Data-4488-Type2;51429.0000;DATA;1612718190.743161
/ndn/s9-site/s9/C2Data-3520-Type2;127129.0000;DATA;1612718191.671999
/ndn/s3-site/s3/C2Data-2794-Type1;138150.0000;DATA;1612718192.340283
/ndn/s9-site/s9/C2Data-3520-Type1;157567.0000;DATA;1612718194.004977
/ndn/h9-site/h9/C2Data-1100-Type1;973.0000;DATA;1612718194.992985
/ndn/s2-site/s2/C2Data-2673-Type2;1277.0000;DATA;1612718196.594890
/ndn/v5-site/v5/C2Data-4246-Type1;147112.0000;DATA;1612718196.802296
/ndn/s7-site/s7/C2Data-1652-Type3;24833.0000;DATA;1612718198.116885
/ndn/v0-site/v0/C2Data-1835-Type3;814.0000;DATA;1612718198.875495
/ndn/v2-site/v2/C2Data-1957-Type3;137281.0000;DATA;1612718203.731358
/ndn/d0-site/d0/C2Data-1222-Type2;25539.0000;DATA;1612718218.407088
/ndn/d2-site/d2/C2Data-1464-Type1;50346.0000;DATA;1612718219.404442
/ndn/h6-site/h6/C2Data-738-Type2;106246.0000;DATA;1612718220.094775
/ndn/h5-site/h5/C2Data-617-Type2;34061.0000;DATA;1612718220.636259
/ndn/h0-site/h0/C2Data-12-Type1;157466.0000;DATA;1612718221.051347
/ndn/h8-site/h8/C2Data-980-Type1;80064.0000;DATA;1612718222.684064
/ndn/d6-site/d6/C2Data-1948-Type1;98824.0000;DATA;1612718225.218162
/ndn/h7-site/h7/C2Data-433-Type3;1468.0000;DATA;1612718246.059513
/ndn/d7-site/d7/C2Data-2070-Type1;135244.0000;DATA;1612718248.247533
/ndn/h5-site/h5/C2Data-618-Type2;34965.0000;DATA;1612718248.439746
/ndn/d0-site/d0/C2Data-616-Type3;118766.0000;DATA;1612718249.771709
/ndn/h7-site/h7/C2Data-860-Type2;49594.0000;DATA;1612718249.892344
/ndn/v3-site/v3/C2Data-4006-Type1;167552.0000;DATA;1612718251.508605
/ndn/h1-site/h1/C2Data-67-Type3;2136.0000;DATA;1612718252.721720
/ndn/h8-site/h8/C2Data-981-Type2;25535.0000;DATA;1612718254.408251
/ndn/s5-site/s5/C2Data-3038-Type1;6001575.0000;TIMEOUT;1612718251.780292
/ndn/h2-site/h2/C2Data-255-Type1;79799.0000;DATA;1612718258.680329
/ndn/v7-site/v7/C2Data-4490-Type1;109315.0000;DATA;1612718258.672300
/ndn/s9-site/s9/C2Data-3522-Type2;6001511.0000;TIMEOUT;1612718254.728936
/ndn/d7-site/d7/C2Data-1043-Type3;979.0000;DATA;1612718262.397910
/ndn/d1-site/d1/C2Data-677-Type3;5057.0000;DATA;1612718264.356088
/ndn/v4-site/v4/C2Data-602-Type4;52030.0000;DATA;1612718278.489045
/ndn/v6-site/v6/C2Data-4370-Type1;75847.0000;DATA;1612718280.074230
/ndn/v3-site/v3/C2Data-4007-Type1;48196.0000;DATA;1612718280.192630
/ndn/d9-site/d9/C2Data-477-Type4;53270.0000;DATA;1612718281.928926
/ndn/h1-site/h1/C2Data-135-Type2;843.0000;DATA;1612718283.100710
/ndn/h2-site/h2/C2Data-256-Type2;1921.0000;DATA;1612718284.159936
/ndn/s7-site/s7/C2Data-3281-Type1;6005565.0000;TIMEOUT;1612718278.406357
/ndn/v9-site/v9/C2Data-4733-Type1;167083.0000;DATA;1612718286.936113
/ndn/s0-site/s0/C2Data-2434-Type1;6002565.0000;TIMEOUT;1612718281.300273
/ndn/s7-site/s7/C2Data-3281-Type2;6000889.0000;TIMEOUT;1612718282.802918
/ndn/d5-site/d5/C2Data-1829-Type2;675550.0000;DATA;1612718288.988519
/ndn/s1-site/s1/C2Data-2555-Type1;6004937.0000;TIMEOUT;1612718287.966969
/ndn/d5-site/d5/C2Data-922-Type3;28449.0000;DATA;1612718304.811766
/ndn/h9-site/h9/C2Data-556-Type3;167283.0000;DATA;1612718305.010873
/ndn/h2-site/h2/C2Data-52-Type4;785.0000;DATA;1612718305.201423
/ndn/v3-site/v3/C2Data-2020-Type3;162318.0000;DATA;1612718305.313961
/ndn/h3-site/h3/C2Data-77-Type4;2009.0000;DATA;1612718306.707898
/ndn/h4-site/h4/C2Data-251-Type3;898.0000;DATA;1612718307.933618
/ndn/h1-site/h1/C2Data-68-Type3;1185.0000;DATA;1612718311.133684
/ndn/d0-site/d0/C2Data-617-Type3;119614.0000;DATA;1612718311.560667
/ndn/v5-site/v5/C2Data-4250-Type2;47501.0000;DATA;1612718311.942935
/ndn/h8-site/h8/C2Data-983-Type1;956.0000;DATA;1612718315.575691
/ndn/s9-site/s9/C2Data-1776-Type3;6002043.0000;TIMEOUT;1612718310.255151
/ndn/h1-site/h1/C2Data-136-Type1;26538.0000;DATA;1612718317.066892
/ndn/h0-site/h0/C2Data-0-Type6;159528.0000;DATA;1612718318.333454
/ndn/d3-site/d3/C2Data-800-Type3;76856.0000;DATA;1612718318.561998
/ndn/s1-site/s1/C2Data-1288-Type3;6001315.0000;TIMEOUT;1612718315.288041
/ndn/s3-site/s3/C2Data-2798-Type2;6003909.0000;TIMEOUT;1612718316.861131
/ndn/s5-site/s5/C2Data-1532-Type3;6047529.0000;TIMEOUT;1612718324.384010
/ndn/v7-site/v7/C2Data-4493-Type1;166180.0000;DATA;1612718337.523555
/ndn/d3-site/d3/C2Data-1589-Type1;122227.0000;DATA;1612718339.189756
/ndn/v1-site/v1/C2Data-3767-Type1;29083.0000;DATA;1612718342.148919
/ndn/v1-site/v1/C2Data-3767-Type2;25298.0000;DATA;1612718342.329939
/ndn/h8-site/h8/C2Data-984-Type1;72448.0000;DATA;1612718343.042985
/ndn/d9-site/d9/C2Data-2315-Type1;173913.0000;DATA;1612718347.338754
/ndn/s5-site/s5/C2Data-3041-Type2;6001019.0000;TIMEOUT;1612718343.002141
/ndn/s0-site/s0/C2Data-2436-Type2;6013435.0000;TIMEOUT;1612718344.096948
/ndn/s8-site/s8/C2Data-3404-Type2;6002252.0000;TIMEOUT;1612718348.602327
/ndn/s2-site/s2/C2Data-2678-Type2;6003997.0000;TIMEOUT;1612718348.666005
/ndn/v7-site/v7/C2Data-2265-Type3;55703.0000;DATA;1612718365.071080
/ndn/v2-site/v2/C2Data-1960-Type3;166072.0000;DATA;1612718366.137258
/ndn/h2-site/h2/C2Data-259-Type1;72318.0000;DATA;1612718368.058611
/ndn/v2-site/v2/C2Data-3889-Type2;163977.0000;DATA;1612718368.581930
/ndn/v9-site/v9/C2Data-4736-Type1;84795.0000;DATA;1612718369.279507
/ndn/h4-site/h4/C2Data-501-Type1;40456.0000;DATA;1612718370.028794
/ndn/s0-site/s0/C2Data-1228-Type3;6014052.0000;TIMEOUT;1612718365.242751
/ndn/s9-site/s9/C2Data-1777-Type3;6000677.0000;TIMEOUT;1612718368.073681
/ndn/d1-site/d1/C2Data-77-Type6;1489.0000;DATA;1612718374.368937
/ndn/s8-site/s8/C2Data-3405-Type2;6001132.0000;TIMEOUT;1612718369.968837
/ndn/v4-site/v4/C2Data-2082-Type3;51460.0000;DATA;1612718376.341685
/ndn/d5-site/d5/C2Data-923-Type3;125882.0000;DATA;1612718378.245531
/ndn/s2-site/s2/C2Data-2679-Type1;6001767.0000;TIMEOUT;1612718372.677685
/ndn/s8-site/s8/C2Data-3405-Type1;6000780.0000;TIMEOUT;1612718373.641968
/ndn/s0-site/s0/C2Data-2437-Type1;6003535.0000;TIMEOUT;1612718375.317392
/ndn/h0-site/h0/C2Data-8-Type3;54734.0000;DATA;1612718381.719924
/ndn/d4-site/d4/C2Data-183-Type5;88831.0000;DATA;1612718381.724110
/ndn/s4-site/s4/C2Data-2921-Type2;6003605.0000;TIMEOUT;1612718377.087941
/ndn/h8-site/h8/C2Data-496-Type3;3589.0000;DATA;1612718384.838230
/ndn/s3-site/s3/C2Data-1411-Type3;6008059.0000;TIMEOUT;1612718380.949658
/ndn/d8-site/d8/C2Data-235-Type5;239940.0000;DATA;1612718396.743188
/ndn/d1-site/d1/C2Data-1349-Type1;106171.0000;DATA;1612718397.151345
/ndn/v1-site/v1/C2Data-3769-Type2;28481.0000;DATA;1612718398.153052
/ndn/d6-site/d6/C2Data-1954-Type2;25089.0000;DATA;1612718399.885535
/ndn/h3-site/h3/C2Data-381-Type1;50957.0000;DATA;1612718401.766717
/ndn/s1-site/s1/C2Data-2559-Type2;6000585.0000;TIMEOUT;1612718398.653293
/ndn/v9-site/v9/C2Data-728-Type4;142648.0000;DATA;1612718405.181826
/ndn/d7-site/d7/C2Data-2075-Type1;130786.0000;DATA;1612718405.559028
/ndn/h7-site/h7/C2Data-865-Type2;25473.0000;DATA;1612718406.224118
/ndn/d8-site/d8/C2Data-2196-Type1;183492.0000;DATA;1612718407.753562
/ndn/h0-site/h0/C2Data-18-Type2;56461.0000;DATA;1612718408.835199
/ndn/v5-site/v5/C2Data-326-Type5;163017.0000;DATA;1612718410.203233
/ndn/h6-site/h6/C2Data-42-Type6;27046.0000;DATA;1612718419.055097
/ndn/h5-site/h5/C2Data-314-Type3;9523.0000;DATA;1612718423.103029
/ndn/h9-site/h9/C2Data-558-Type3;165864.0000;DATA;1612718427.476384
/ndn/v6-site/v6/C2Data-4375-Type2;76926.0000;DATA;1612718428.732713
/ndn/v5-site/v5/C2Data-628-Type4;78593.0000;DATA;1612718429.793241
/ndn/v9-site/v9/C2Data-2388-Type3;61712.0000;DATA;1612718430.604042
/ndn/d4-site/d4/C2Data-1713-Type2;1356.0000;DATA;1612718430.894108
/ndn/v7-site/v7/C2Data-678-Type4;25302.0000;DATA;1612718432.831969
