/ndn/d11-site/d11/C2Data-3146-Type2;75509.0000;DATA;1611605090.465000
/ndn/h3-site/h3/C2Data-363-Type1;218337.0000;DATA;1611605090.742012
/ndn/s2-site/s2/C2Data-3872-Type2;566.0000;DATA;1611605091.014959
/ndn/s7-site/s7/C2Data-4477-Type1;126129.0000;DATA;1611605092.583041
/ndn/s11-site/s11/C2Data-4961-Type1;547.0000;NACK;1611605093.522008
/ndn/v5-site/v5/C2Data-6050-Type1;21178.0000;NACK;1611605095.565927
/ndn/d5-site/d5/C2Data-2420-Type2;536.0000;DATA;1611605098.633088
/ndn/h2-site/h2/C2Data-242-Type1;552.0000;DATA;1611605099.118937
/ndn/h11-site/h11/C2Data-1331-Type1;104477.0000;DATA;1611605099.473997
/ndn/h9-site/h9/C2Data-1089-Type1;73127.0000;DATA;1611605099.540916
/ndn/v7-site/v7/C2Data-6292-Type2;25897.0000;NACK;1611605099.632908
/ndn/s14-site/s14/C2Data-5324-Type2;633.0000;DATA;1611605100.205022
/ndn/d2-site/d2/C2Data-1037-Type3;72491.0000;DATA;1611605115.705010
/ndn/s4-site/s4/C2Data-2074-Type3;78998.0000;DATA;1611605117.199999
/ndn/s6-site/s6/C2Data-2196-Type3;199846.0000;DATA;1611605117.157013
/ndn/s13-site/s13/C2Data-2623-Type3;479.0000;NACK;1611605118.178975
/ndn/s4-site/s4/C2Data-4115-Type2;115889.0000;DATA;1611605119.597992
/ndn/d11-site/d11/C2Data-3147-Type1;194863.0000;DATA;1611605119.745027
/ndn/h1-site/h1/C2Data-61-Type3;78313.0000;DATA;1611605119.966969
/ndn/h12-site/h12/C2Data-1453-Type2;115134.0000;DATA;1611605120.604911
/ndn/s11-site/s11/C2Data-4962-Type2;491.0000;NACK;1611605120.751969
/ndn/h7-site/h7/C2Data-848-Type2;143406.0000;DATA;1611605124.064920
/ndn/s8-site/s8/C2Data-4599-Type2;48141.0000;DATA;1611605124.526910
/ndn/s9-site/s9/C2Data-4720-Type2;688.0000;DATA;1611605125.641979
/ndn/s14-site/s14/C2Data-2684-Type3;696.0000;DATA;1611605126.571996
/ndn/s14-site/s14/C2Data-5325-Type1;96260.0000;DATA;1611605127.000011
/ndn/v11-site/v11/C2Data-6777-Type1;810.0000;NACK;1611605127.160961
/ndn/s8-site/s8/C2Data-4599-Type1;46860.0000;DATA;1611605127.375016
/ndn/h2-site/h2/C2Data-243-Type1;121922.0000;DATA;1611605127.424038
/ndn/h9-site/h9/C2Data-1090-Type2;70720.0000;DATA;1611605127.654026
/ndn/v5-site/v5/C2Data-3050-Type3;46578.0000;DATA;1611605128.055090
/ndn/d2-site/d2/C2Data-2058-Type2;74901.0000;DATA;1611605129.678005
/ndn/d7-site/d7/C2Data-1342-Type3;95775.0000;DATA;1611605129.900011
/ndn/d0-site/d0/C2Data-1816-Type1;119410.0000;DATA;1611605130.500030
/ndn/h3-site/h3/C2Data-183-Type3;51589.0000;DATA;1611605130.795986
/ndn/h7-site/h7/C2Data-427-Type3;673.0000;DATA;1611605131.468295
/ndn/v7-site/v7/C2Data-3172-Type3;52087.0000;DATA;1611605132.011931
/ndn/d6-site/d6/C2Data-1281-Type3;532.0000;DATA;1611605134.198030
/ndn/h11-site/h11/C2Data-671-Type3;507.0000;DATA;1611605136.700042
/ndn/v2-site/v2/C2Data-5689-Type1;119407.0000;DATA;1611605150.106031
/ndn/d7-site/d7/C2Data-2664-Type1;124266.0000;DATA;1611605150.586991
/ndn/s10-site/s10/C2Data-4842-Type2;104515.0000;DATA;1611605150.684062
/ndn/d7-site/d7/C2Data-2664-Type2;121325.0000;DATA;1611605151.924933
/ndn/s0-site/s0/C2Data-3632-Type2;126725.0000;DATA;1611605152.633034
/ndn/v1-site/v1/C2Data-5568-Type1;115456.0000;DATA;1611605155.438019
/ndn/h10-site/h10/C2Data-1212-Type2;172556.0000;DATA;1611605155.794013
/ndn/d5-site/d5/C2Data-2422-Type1;559.0000;DATA;1611605156.184910
/ndn/h3-site/h3/C2Data-365-Type2;77087.0000;DATA;1611605156.831023
/ndn/h1-site/h1/C2Data-123-Type2;70666.0000;DATA;1611605159.123975
/ndn/s2-site/s2/C2Data-3874-Type1;557.0000;DATA;1611605159.833957
/ndn/h3-site/h3/C2Data-365-Type1;143934.0000;DATA;1611605160.116912
/ndn/s9-site/s9/C2Data-4721-Type1;27710.0000;DATA;1611605160.246014
/ndn/d11-site/d11/C2Data-1587-Type3;146925.0000;DATA;1611605173.756099
/ndn/s11-site/s11/C2Data-2502-Type3;509.0000;DATA;1611605175.114930
/ndn/d13-site/d13/C2Data-1709-Type3;51064.0000;DATA;1611605176.402921
/ndn/v8-site/v8/C2Data-3234-Type3;683.0000;DATA;1611605179.210005
/ndn/v3-site/v3/C2Data-5811-Type2;565.0000;DATA;1611605180.249009
/ndn/h12-site/h12/C2Data-733-Type3;699.0000;DATA;1611605181.846076
/ndn/v9-site/v9/C2Data-6537-Type2;48138.0000;DATA;1611605181.824917
/ndn/d0-site/d0/C2Data-916-Type3;69083.0000;DATA;1611605182.163052
/ndn/h0-site/h0/C2Data-3-Type1;48830.0000;DATA;1611605183.388112
/ndn/s13-site/s13/C2Data-2624-Type3;162556.0000;DATA;1611605184.109016
/ndn/v7-site/v7/C2Data-6295-Type2;148410.0000;DATA;1611605184.762916
/ndn/v6-site/v6/C2Data-900-Type4;46883.0000;DATA;1611605185.875976
/ndn/h8-site/h8/C2Data-489-Type3;57721.0000;DATA;1611605187.374931
/ndn/d8-site/d8/C2Data-2786-Type2;116600.0000;DATA;1611605187.967002
/ndn/v9-site/v9/C2Data-3295-Type3;49550.0000;DATA;1611605188.092026
/ndn/d7-site/d7/C2Data-2665-Type2;118131.0000;DATA;1611605188.729949
/ndn/d4-site/d4/C2Data-2302-Type2;501.0000;DATA;1611605188.893010
/ndn/v13-site/v13/C2Data-7021-Type2;376.0000;DATA;1611605189.551006
/ndn/d7-site/d7/C2Data-550-Type4;120722.0000;DATA;1611605189.666071
/ndn/d6-site/d6/C2Data-1282-Type3;607.0000;DATA;1611605192.909040
/ndn/d8-site/d8/C2Data-1404-Type3;464.0000;DATA;1611605193.903978
/ndn/d6-site/d6/C2Data-525-Type4;55864.0000;DATA;1611605201.431965
/ndn/d1-site/d1/C2Data-400-Type4;538.0000;DATA;1611605203.361322
/ndn/h2-site/h2/C2Data-50-Type4;784.0000;DATA;1611605206.761610
/ndn/v10-site/v10/C2Data-1000-Type4;147714.0000;DATA;1611605206.949005
/ndn/v1-site/v1/C2Data-775-Type4;135478.0000;DATA;1611605207.336230
/ndn/v3-site/v3/C2Data-825-Type4;32193.0000;DATA;1611605208.361631
/ndn/s8-site/s8/C2Data-4602-Type1;47341.0000;DATA;1611605209.653962
/ndn/v1-site/v1/C2Data-5570-Type2;223305.0000;DATA;1611605210.259991
/ndn/v13-site/v13/C2Data-1075-Type4;24621.0000;DATA;1611605211.370072
/ndn/v7-site/v7/C2Data-6296-Type1;148568.0000;DATA;1611605211.544977
/ndn/s14-site/s14/C2Data-5328-Type1;95980.0000;DATA;1611605213.528685
/ndn/d7-site/d7/C2Data-2666-Type1;51724.0000;DATA;1611605214.682036
/ndn/s8-site/s8/C2Data-4602-Type2;568.0000;DATA;1611605215.955918
/ndn/h4-site/h4/C2Data-488-Type1;101288.0000;DATA;1611605220.818993
/ndn/h1-site/h1/C2Data-25-Type4;576.0000;DATA;1611605227.186912
/ndn/v6-site/v6/C2Data-3113-Type3;50728.0000;DATA;1611605234.705238
/ndn/h12-site/h12/C2Data-300-Type4;532.0000;DATA;1611605239.035977
/ndn/d1-site/d1/C2Data-1941-Type1;629.0000;DATA;1611605240.375063
/ndn/v3-site/v3/C2Data-5813-Type2;24313.0000;DATA;1611605241.644042
/ndn/h1-site/h1/C2Data-63-Type3;771.0000;DATA;1611605241.773998
/ndn/d0-site/d0/C2Data-375-Type4;46257.0000;DATA;1611605241.830071
/ndn/d0-site/d0/C2Data-917-Type3;47567.0000;DATA;1611605242.148008
/ndn/s7-site/s7/C2Data-2259-Type3;47683.0000;DATA;1611605242.645066
/ndn/h5-site/h5/C2Data-307-Type3;394.0000;DATA;1611605243.975959
/ndn/h12-site/h12/C2Data-1457-Type2;46648.0000;DATA;1611605243.973003
/ndn/d12-site/d12/C2Data-1649-Type3;139446.0000;DATA;1611605243.905962
/ndn/s14-site/s14/C2Data-5329-Type1;71898.0000;DATA;1611605243.979023
/ndn/s7-site/s7/C2Data-4482-Type1;99538.0000;DATA;1611605244.249975
/ndn/d5-site/d5/C2Data-2425-Type2;71509.0000;DATA;1611605245.016132
/ndn/h4-site/h4/C2Data-489-Type2;98105.0000;DATA;1611605245.486041
/ndn/d5-site/d5/C2Data-2425-Type1;73939.0000;DATA;1611605245.583110
/ndn/d13-site/d13/C2Data-3393-Type1;73427.0000;DATA;1611605246.423924
/ndn/v2-site/v2/C2Data-5692-Type1;23287.0000;DATA;1611605246.858000
/ndn/h14-site/h14/C2Data-856-Type3;706.0000;DATA;1611605248.220933
/ndn/v5-site/v5/C2Data-3052-Type3;46866.0000;DATA;1611605248.371969
/ndn/s3-site/s3/C2Data-3998-Type1;902.0000;DATA;1611605248.728995
/ndn/d4-site/d4/C2Data-1161-Type3;464.0000;DATA;1611605248.891954
/ndn/h10-site/h10/C2Data-1215-Type1;47162.0000;DATA;1611605249.604909
/ndn/d13-site/d13/C2Data-3393-Type2;558.0000;DATA;1611605250.267922
/ndn/d2-site/d2/C2Data-1039-Type3;74672.0000;DATA;1611605250.355957
/ndn/d1-site/d1/C2Data-978-Type3;775.0000;DATA;1611605250.662916
/ndn/v10-site/v10/C2Data-6660-Type2;47889.0000;DATA;1611605251.093859
/ndn/v12-site/v12/C2Data-3479-Type3;46390.0000;DATA;1611605252.766053
/ndn/v8-site/v8/C2Data-3235-Type3;52175.0000;DATA;1611605253.679102
/ndn/h6-site/h6/C2Data-368-Type3;618.0000;DATA;1611605254.335012
/ndn/d8-site/d8/C2Data-1405-Type3;80662.0000;DATA;1611605254.562020
/ndn/v4-site/v4/C2Data-2991-Type3;77381.0000;DATA;1611605255.074097
/ndn/s3-site/s3/C2Data-2015-Type3;628.0000;DATA;1611605255.599032
/ndn/v3-site/v3/C2Data-2930-Type3;640.0000;DATA;1611605256.176008
/ndn/h6-site/h6/C2Data-732-Type2;99998.0000;DATA;1611605269.214970
/ndn/s9-site/s9/C2Data-4725-Type2;24421.0000;DATA;1611605270.117999
/ndn/s1-site/s1/C2Data-3757-Type2;53106.0000;DATA;1611605271.563022
/ndn/v13-site/v13/C2Data-7024-Type2;24561.0000;DATA;1611605271.943905
/ndn/d0-site/d0/C2Data-1821-Type1;76729.0000;DATA;1611605272.139969
/ndn/h14-site/h14/C2Data-1700-Type1;554.0000;DATA;1611605274.720958
/ndn/s12-site/s12/C2Data-5088-Type2;521.0000;DATA;1611605275.006971
/ndn/h1-site/h1/C2Data-127-Type1;72386.0000;DATA;1611605275.877982
/ndn/d14-site/d14/C2Data-3515-Type2;608.0000;DATA;1611605276.203951
/ndn/h3-site/h3/C2Data-369-Type1;87483.0000;DATA;1611605276.330989
/ndn/d11-site/d11/C2Data-3152-Type2;174824.0000;DATA;1611605276.635009
/ndn/d9-site/d9/C2Data-2910-Type1;46526.0000;DATA;1611605278.158985
/ndn/s13-site/s13/C2Data-5209-Type2;702.0000;DATA;1611605278.479018
/ndn/s11-site/s11/C2Data-4967-Type1;51089.0000;DATA;1611605279.143921
/ndn/s10-site/s10/C2Data-4846-Type2;48310.0000;DATA;1611605279.205131
/ndn/h7-site/h7/C2Data-853-Type1;149274.0000;DATA;1611605279.525938
/ndn/v12-site/v12/C2Data-6903-Type2;71398.0000;DATA;1611605279.754979
/ndn/v10-site/v10/C2Data-6661-Type2;144453.0000;DATA;1611605280.086021
/ndn/v6-site/v6/C2Data-6177-Type2;644.0000;DATA;1611605280.262975
/ndn/v0-site/v0/C2Data-2748-Type3;147289.0000;DATA;1611605294.449039
/ndn/d1-site/d1/C2Data-979-Type3;514.0000;DATA;1611605295.919018
/ndn/s2-site/s2/C2Data-1955-Type3;26965.0000;DATA;1611605296.683954
/ndn/h10-site/h10/C2Data-1217-Type2;166971.0000;DATA;1611605299.140958
/ndn/s14-site/s14/C2Data-5331-Type1;70960.0000;DATA;1611605299.620961
/ndn/s5-site/s5/C2Data-4242-Type2;127642.0000;DATA;1611605300.852962
/ndn/d8-site/d8/C2Data-2790-Type1;134698.0000;DATA;1611605302.369939
/ndn/s6-site/s6/C2Data-4363-Type2;168654.0000;DATA;1611605302.687920
/ndn/d13-site/d13/C2Data-3395-Type2;70958.0000;DATA;1611605303.208974
/ndn/v1-site/v1/C2Data-5573-Type2;71414.0000;DATA;1611605303.677933
/ndn/v4-site/v4/C2Data-5936-Type1;237499.0000;DATA;1611605303.759926
/ndn/h4-site/h4/C2Data-491-Type2;69887.0000;DATA;1611605303.939969
/ndn/d5-site/d5/C2Data-1223-Type3;670.0000;DATA;1611605304.066897
/ndn/v5-site/v5/C2Data-6057-Type1;146074.0000;DATA;1611605304.498052
