/ndn/d9-site/d9/C2Data-2904-Type1;141346.0000;DATA;1611608000.769524
/ndn/d6-site/d6/C2Data-2541-Type2;24853.0000;DATA;1611608001.757470
/ndn/v6-site/v6/C2Data-6171-Type2;27707.0000;DATA;1611608003.851494
/ndn/s3-site/s3/C2Data-3993-Type2;61835.0000;NACK;1611608005.395844
/ndn/s2-site/s2/C2Data-3872-Type2;53319.0000;DATA;1611608006.637513
/ndn/v10-site/v10/C2Data-6655-Type1;24469.0000;DATA;1611608007.213552
/ndn/d14-site/d14/C2Data-3509-Type1;23412.0000;DATA;1611608008.375492
/ndn/v12-site/v12/C2Data-6897-Type1;23506.0000;DATA;1611608010.101690
/ndn/d13-site/d13/C2Data-3388-Type2;28565.0000;DATA;1611608011.337509
/ndn/h3-site/h3/C2Data-183-Type3;93626.0000;DATA;1611608026.198467
/ndn/h6-site/h6/C2Data-366-Type3;170510.0000;DATA;1611608027.116474
/ndn/v9-site/v9/C2Data-3294-Type3;117499.0000;DATA;1611608032.763530
/ndn/d3-site/d3/C2Data-2179-Type1;70773.0000;DATA;1611608033.514609
/ndn/h5-site/h5/C2Data-305-Type3;23654.0000;DATA;1611608033.981443
/ndn/v2-site/v2/C2Data-2867-Type3;24378.0000;DATA;1611608034.741678
/ndn/d11-site/d11/C2Data-3147-Type1;116401.0000;DATA;1611608035.901489
/ndn/d3-site/d3/C2Data-2179-Type2;24441.0000;DATA;1611608036.457441
/ndn/v4-site/v4/C2Data-2989-Type3;25623.0000;DATA;1611608037.485494
/ndn/s3-site/s3/C2Data-2013-Type3;23281.0000;DATA;1611608037.503568
/ndn/d0-site/d0/C2Data-1816-Type2;23695.0000;DATA;1611608038.197513
/ndn/h11-site/h11/C2Data-1332-Type2;23934.0000;DATA;1611608038.244429
/ndn/h10-site/h10/C2Data-610-Type3;23459.0000;DATA;1611608038.557419
/ndn/s14-site/s14/C2Data-5325-Type2;23565.0000;DATA;1611608038.979424
/ndn/d13-site/d13/C2Data-1708-Type3;23374.0000;DATA;1611608039.800421
/ndn/v0-site/v0/C2Data-5446-Type2;24006.0000;DATA;1611608040.276446
/ndn/h9-site/h9/C2Data-549-Type3;122252.0000;DATA;1611608040.954513
/ndn/h7-site/h7/C2Data-848-Type2;74535.0000;DATA;1611608041.531522
/ndn/v10-site/v10/C2Data-3355-Type3;24089.0000;DATA;1611608041.762496
/ndn/d1-site/d1/C2Data-976-Type3;24281.0000;DATA;1611608044.053485
/ndn/s12-site/s12/C2Data-5084-Type1;23959.0000;DATA;1611608060.881712
/ndn/s8-site/s8/C2Data-4600-Type2;47045.0000;DATA;1611608061.245625
/ndn/v5-site/v5/C2Data-6052-Type2;190217.0000;DATA;1611608062.119498
/ndn/s1-site/s1/C2Data-3753-Type1;117365.0000;DATA;1611608064.148476
/ndn/d0-site/d0/C2Data-1817-Type1;76756.0000;DATA;1611608066.723476
/ndn/d12-site/d12/C2Data-3269-Type2;74481.0000;DATA;1611608067.114567
/ndn/s5-site/s5/C2Data-4237-Type1;72795.0000;DATA;1611608067.773501
/ndn/h7-site/h7/C2Data-849-Type1;223434.0000;DATA;1611608067.779421
/ndn/h6-site/h6/C2Data-728-Type2;24703.0000;DATA;1611608067.990439
/ndn/v6-site/v6/C2Data-6173-Type1;23574.0000;DATA;1611608068.885429
/ndn/h12-site/h12/C2Data-1454-Type2;23575.0000;DATA;1611608069.641525
/ndn/s5-site/s5/C2Data-4237-Type2;94451.0000;DATA;1611608069.814498
/ndn/v7-site/v7/C2Data-6294-Type2;159490.0000;DATA;1611608070.910481
/ndn/v8-site/v8/C2Data-6415-Type2;137291.0000;DATA;1611608071.795543
/ndn/s4-site/s4/C2Data-2075-Type3;137293.0000;DATA;1611608084.144483
/ndn/s5-site/s5/C2Data-2136-Type3;99083.0000;DATA;1611608086.341453
/ndn/d6-site/d6/C2Data-1282-Type3;95098.0000;DATA;1611608089.527895
/ndn/v13-site/v13/C2Data-7021-Type1;74206.0000;DATA;1611608091.475494
/ndn/s3-site/s3/C2Data-3996-Type1;221074.0000;DATA;1611608091.415510
/ndn/v5-site/v5/C2Data-6053-Type2;145950.0000;DATA;1611608091.875487
/ndn/d7-site/d7/C2Data-2665-Type2;122521.0000;DATA;1611608092.001607
/ndn/h4-site/h4/C2Data-245-Type3;121230.0000;DATA;1611608092.959494
/ndn/v12-site/v12/C2Data-3478-Type3;97733.0000;DATA;1611608093.051533
/ndn/d8-site/d8/C2Data-2786-Type1;71310.0000;DATA;1611608093.446515
/ndn/d2-site/d2/C2Data-2060-Type1;32609.0000;DATA;1611608093.844506
/ndn/v10-site/v10/C2Data-3356-Type3;96299.0000;DATA;1611608095.556508
/ndn/d2-site/d2/C2Data-2060-Type2;52146.0000;DATA;1611608095.752492
/ndn/h12-site/h12/C2Data-1455-Type2;24082.0000;DATA;1611608095.888566
/ndn/h9-site/h9/C2Data-1092-Type1;122042.0000;DATA;1611608096.645452
/ndn/s12-site/s12/C2Data-5085-Type1;70118.0000;DATA;1611608097.007054
/ndn/s7-site/s7/C2Data-2258-Type3;26098.0000;DATA;1611608098.669561
/ndn/v6-site/v6/C2Data-900-Type4;26005.0000;DATA;1611608098.729510
/ndn/d5-site/d5/C2Data-2423-Type2;27339.0000;DATA;1611608099.072465
/ndn/v9-site/v9/C2Data-6537-Type1;23408.0000;DATA;1611608099.210462
/ndn/s11-site/s11/C2Data-4964-Type2;125611.0000;DATA;1611608099.859468
/ndn/s6-site/s6/C2Data-2197-Type3;23946.0000;DATA;1611608101.791511
/ndn/h9-site/h9/C2Data-550-Type3;25831.0000;DATA;1611608103.551461
/ndn/v2-site/v2/C2Data-2868-Type3;24701.0000;DATA;1611608104.718483
/ndn/v5-site/v5/C2Data-3051-Type3;96585.0000;DATA;1611608106.943519
/ndn/d8-site/d8/C2Data-1404-Type3;23498.0000;DATA;1611608107.143037
/ndn/h4-site/h4/C2Data-488-Type1;177241.0000;DATA;1611608120.200455
/ndn/v1-site/v1/C2Data-5570-Type1;174903.0000;DATA;1611608120.314490
/ndn/s13-site/s13/C2Data-5207-Type1;241350.0000;DATA;1611608121.312446
/ndn/h0-site/h0/C2Data-4-Type2;197398.0000;DATA;1611608121.702543
/ndn/v1-site/v1/C2Data-775-Type4;25880.0000;DATA;1611608123.635456
/ndn/h5-site/h5/C2Data-609-Type1;24008.0000;DATA;1611608124.446464
/ndn/d4-site/d4/C2Data-2303-Type1;24620.0000;DATA;1611608125.359485
/ndn/h12-site/h12/C2Data-1456-Type2;24383.0000;DATA;1611608126.663462
/ndn/s7-site/s7/C2Data-4481-Type2;24101.0000;DATA;1611608127.103687
/ndn/v12-site/v12/C2Data-1050-Type4;23542.0000;DATA;1611608127.496473
/ndn/d2-site/d2/C2Data-2061-Type2;47264.0000;DATA;1611608128.180511
/ndn/d11-site/d11/C2Data-3150-Type1;26909.0000;DATA;1611608128.353473
/ndn/h12-site/h12/C2Data-1456-Type1;23135.0000;DATA;1611608128.385525
/ndn/v3-site/v3/C2Data-5812-Type2;24468.0000;DATA;1611608130.025589
/ndn/h11-site/h11/C2Data-1335-Type2;24173.0000;DATA;1611608131.195446
/ndn/s6-site/s6/C2Data-4360-Type2;101528.0000;DATA;1611608131.766513
/ndn/h0-site/h0/C2Data-0-Type4;25695.0000;DATA;1611608134.478501
/ndn/h2-site/h2/C2Data-50-Type4;25030.0000;DATA;1611608138.396226
/ndn/v5-site/v5/C2Data-3052-Type3;25450.0000;DATA;1611608146.690538
/ndn/d0-site/d0/C2Data-375-Type4;25576.0000;DATA;1611608147.835455
/ndn/h2-site/h2/C2Data-247-Type1;123623.0000;DATA;1611608152.732492
/ndn/d7-site/d7/C2Data-2667-Type1;119965.0000;DATA;1611608154.567513
/ndn/s14-site/s14/C2Data-5329-Type1;23628.0000;DATA;1611608155.002529
/ndn/h3-site/h3/C2Data-368-Type2;99540.0000;DATA;1611608155.308420
/ndn/s8-site/s8/C2Data-2320-Type3;25823.0000;DATA;1611608156.652590
/ndn/h10-site/h10/C2Data-1215-Type2;167093.0000;DATA;1611608156.549523
/ndn/v12-site/v12/C2Data-3479-Type3;25704.0000;DATA;1611608157.334429
/ndn/s12-site/s12/C2Data-2564-Type3;23705.0000;DATA;1611608157.724501
/ndn/s13-site/s13/C2Data-2625-Type3;72555.0000;DATA;1611608158.900427
/ndn/h4-site/h4/C2Data-489-Type1;172602.0000;DATA;1611608159.627595
/ndn/v7-site/v7/C2Data-6297-Type1;143332.0000;DATA;1611608160.630422
/ndn/h6-site/h6/C2Data-368-Type3;73022.0000;DATA;1611608161.656473
/ndn/d2-site/d2/C2Data-1039-Type3;26189.0000;DATA;1611608163.068490
/ndn/h7-site/h7/C2Data-429-Type3;76955.0000;DATA;1611608163.583520
/ndn/d1-site/d1/C2Data-978-Type3;23177.0000;DATA;1611608163.744456
/ndn/d4-site/d4/C2Data-1161-Type3;44195.0000;DATA;1611608165.410523
/ndn/d4-site/d4/C2Data-2305-Type2;52085.0000;DATA;1611608180.108516
/ndn/v1-site/v1/C2Data-5572-Type2;81425.0000;DATA;1611608183.092474
/ndn/d2-site/d2/C2Data-2063-Type2;25214.0000;DATA;1611608187.637419
/ndn/d11-site/d11/C2Data-3152-Type2;23318.0000;DATA;1611608187.898677
/ndn/h0-site/h0/C2Data-6-Type2;27030.0000;DATA;1611608189.574699
/ndn/v10-site/v10/C2Data-6661-Type1;123891.0000;DATA;1611608190.112503
/ndn/h13-site/h13/C2Data-1579-Type2;24123.0000;DATA;1611608190.797518
/ndn/s2-site/s2/C2Data-1955-Type3;49770.0000;DATA;1611608207.889443
/ndn/h14-site/h14/C2Data-1701-Type1;75345.0000;DATA;1611608211.045725
/ndn/v3-site/v3/C2Data-2931-Type3;93089.0000;DATA;1611608211.307525
/ndn/s8-site/s8/C2Data-4605-Type2;46298.0000;DATA;1611608211.628466
/ndn/d7-site/d7/C2Data-2669-Type2;123252.0000;DATA;1611608211.887428
/ndn/d5-site/d5/C2Data-2427-Type2;144888.0000;DATA;1611608213.061503
/ndn/h3-site/h3/C2Data-370-Type1;23763.0000;DATA;1611608214.147467
/ndn/h7-site/h7/C2Data-854-Type2;118902.0000;DATA;1611608214.536558
/ndn/v10-site/v10/C2Data-3358-Type3;23256.0000;DATA;1611608214.669471
/ndn/v2-site/v2/C2Data-5694-Type2;115219.0000;DATA;1611608214.588495
/ndn/h9-site/h9/C2Data-1096-Type1;23429.0000;DATA;1611608214.703514
