/ndn/v12-site/v12/C2Data-6897-Type1;512.0000;NACK;1611607420.186269
/ndn/v14-site/v14/C2Data-7139-Type1;72215.0000;DATA;1611607421.055512
/ndn/v3-site/v3/C2Data-5808-Type1;96397.0000;DATA;1611607421.175363
/ndn/v4-site/v4/C2Data-5929-Type1;269880.0000;DATA;1611607422.379353
/ndn/s14-site/s14/C2Data-5324-Type2;168129.0000;DATA;1611607423.503383
/ndn/s4-site/s4/C2Data-4114-Type1;49985.0000;DATA;1611607426.074472
/ndn/v5-site/v5/C2Data-6050-Type1;127883.0000;DATA;1611607427.907256
/ndn/v10-site/v10/C2Data-6655-Type2;460.0000;NACK;1611607430.064477
/ndn/d9-site/d9/C2Data-2904-Type2;97304.0000;DATA;1611607431.225358
/ndn/v8-site/v8/C2Data-3233-Type3;81458.0000;DATA;1611607445.818275
/ndn/h13-site/h13/C2Data-793-Type3;110697.0000;DATA;1611607448.007344
/ndn/v0-site/v0/C2Data-5446-Type2;137720.0000;DATA;1611607450.225390
/ndn/s2-site/s2/C2Data-3873-Type2;118721.0000;DATA;1611607451.293306
/ndn/h1-site/h1/C2Data-61-Type3;102431.0000;DATA;1611607455.105298
/ndn/d0-site/d0/C2Data-915-Type3;97061.0000;DATA;1611607456.131266
/ndn/h2-site/h2/C2Data-122-Type3;23936.0000;DATA;1611607456.867310
/ndn/v3-site/v3/C2Data-2928-Type3;47422.0000;DATA;1611607457.093264
/ndn/d1-site/d1/C2Data-1937-Type1;47230.0000;DATA;1611607457.158335
/ndn/s9-site/s9/C2Data-4720-Type1;53131.0000;DATA;1611607457.219351
/ndn/d2-site/d2/C2Data-2058-Type2;126019.0000;DATA;1611607457.203266
/ndn/d13-site/d13/C2Data-1708-Type3;23426.0000;DATA;1611607457.328304
/ndn/v13-site/v13/C2Data-3538-Type3;27047.0000;DATA;1611607457.764305
/ndn/h2-site/h2/C2Data-243-Type2;143696.0000;DATA;1611607458.576425
/ndn/v5-site/v5/C2Data-6051-Type1;270370.0000;DATA;1611607458.520365
/ndn/s3-site/s3/C2Data-3994-Type2;539.0000;DATA;1611607458.811339
/ndn/h9-site/h9/C2Data-549-Type3;26036.0000;DATA;1611607459.781263
/ndn/v6-site/v6/C2Data-3111-Type3;23744.0000;DATA;1611607460.444271
/ndn/h5-site/h5/C2Data-305-Type3;26425.0000;DATA;1611607460.762263
/ndn/h1-site/h1/C2Data-122-Type2;27270.0000;DATA;1611607460.985330
/ndn/h7-site/h7/C2Data-848-Type2;24511.0000;DATA;1611607461.789293
/ndn/v3-site/v3/C2Data-5809-Type2;48707.0000;DATA;1611607461.779348
/ndn/v7-site/v7/C2Data-3172-Type3;31065.0000;DATA;1611607462.842257
/ndn/h10-site/h10/C2Data-610-Type3;29865.0000;DATA;1611607464.887266
/ndn/h14-site/h14/C2Data-1696-Type2;168591.0000;DATA;1611607480.336259
/ndn/v9-site/v9/C2Data-6536-Type2;23716.0000;DATA;1611607481.162401
/ndn/d8-site/d8/C2Data-2785-Type1;194827.0000;DATA;1611607481.233350
/ndn/d14-site/d14/C2Data-3511-Type2;168308.0000;DATA;1611607482.557447
/ndn/s10-site/s10/C2Data-4842-Type1;26531.0000;DATA;1611607483.400351
/ndn/d2-site/d2/C2Data-2059-Type1;197551.0000;DATA;1611607483.239300
/ndn/s14-site/s14/C2Data-5326-Type2;94842.0000;DATA;1611607483.437433
/ndn/s2-site/s2/C2Data-3874-Type1;49360.0000;DATA;1611607484.363362
/ndn/s3-site/s3/C2Data-3995-Type2;637.0000;DATA;1611607485.696359
/ndn/s3-site/s3/C2Data-3995-Type1;526.0000;DATA;1611607485.946265
/ndn/v6-site/v6/C2Data-6173-Type1;46616.0000;DATA;1611607485.920406
/ndn/v12-site/v12/C2Data-6899-Type1;622.0000;NACK;1611607487.223346
/ndn/d10-site/d10/C2Data-3027-Type1;23520.0000;DATA;1611607488.979261
/ndn/s7-site/s7/C2Data-4479-Type1;220211.0000;DATA;1611607491.016267
/ndn/h0-site/h0/C2Data-1-Type3;27514.0000;DATA;1611607505.679347
/ndn/h14-site/h14/C2Data-855-Type3;219157.0000;DATA;1611607506.388263
/ndn/d2-site/d2/C2Data-1038-Type3;95727.0000;DATA;1611607507.769267
/ndn/h3-site/h3/C2Data-184-Type3;24142.0000;DATA;1611607508.566262
/ndn/s11-site/s11/C2Data-2502-Type3;676.0000;DATA;1611607508.954074
/ndn/d5-site/d5/C2Data-2423-Type2;24533.0000;DATA;1611607510.445305
/ndn/v13-site/v13/C2Data-3539-Type3;24232.0000;DATA;1611607510.809355
/ndn/h13-site/h13/C2Data-1576-Type2;99048.0000;DATA;1611607511.291318
/ndn/s12-site/s12/C2Data-5085-Type1;46727.0000;DATA;1611607511.977333
/ndn/v10-site/v10/C2Data-6658-Type1;141477.0000;DATA;1611607514.493277
/ndn/d9-site/d9/C2Data-1465-Type3;23550.0000;DATA;1611607515.010322
/ndn/h5-site/h5/C2Data-608-Type1;24216.0000;DATA;1611607515.171363
/ndn/d12-site/d12/C2Data-3270-Type1;101954.0000;DATA;1611607515.141275
/ndn/s0-site/s0/C2Data-3633-Type2;26319.0000;DATA;1611607515.770325
/ndn/s7-site/s7/C2Data-4480-Type1;47932.0000;DATA;1611607515.759460
/ndn/s0-site/s0/C2Data-3633-Type1;118403.0000;DATA;1611607516.407260
/ndn/s9-site/s9/C2Data-4722-Type1;26326.0000;DATA;1611607517.780371
/ndn/v5-site/v5/C2Data-3051-Type3;95779.0000;DATA;1611607518.390356
/ndn/d8-site/d8/C2Data-1404-Type3;26903.0000;DATA;1611607518.884339
/ndn/h14-site/h14/C2Data-1697-Type2;141914.0000;DATA;1611607518.858356
/ndn/d13-site/d13/C2Data-3391-Type2;165687.0000;DATA;1611607519.163373
/ndn/s10-site/s10/C2Data-4843-Type1;155730.0000;DATA;1611607519.812318
/ndn/s2-site/s2/C2Data-3875-Type1;52336.0000;DATA;1611607520.477310
/ndn/d3-site/d3/C2Data-2181-Type1;27229.0000;DATA;1611607520.681254
/ndn/h11-site/h11/C2Data-1334-Type2;24660.0000;DATA;1611607521.084369
/ndn/d8-site/d8/C2Data-2786-Type1;194419.0000;DATA;1611607520.993323
/ndn/d9-site/d9/C2Data-600-Type4;100133.0000;DATA;1611607521.664382
/ndn/s5-site/s5/C2Data-2136-Type3;25298.0000;DATA;1611607521.924357
/ndn/v10-site/v10/C2Data-6658-Type2;24154.0000;DATA;1611607522.049292
/ndn/d7-site/d7/C2Data-1343-Type3;100297.0000;DATA;1611607522.503360
/ndn/s1-site/s1/C2Data-1892-Type3;27845.0000;DATA;1611607524.465311
/ndn/d13-site/d13/C2Data-1709-Type3;30414.0000;DATA;1611607525.525659
/ndn/d11-site/d11/C2Data-1587-Type3;25880.0000;DATA;1611607527.336348
/ndn/d1-site/d1/C2Data-400-Type4;145443.0000;DATA;1611607530.000324
/ndn/v8-site/v8/C2Data-950-Type4;26943.0000;DATA;1611607533.625342
/ndn/h7-site/h7/C2Data-851-Type1;23538.0000;DATA;1611607541.249267
/ndn/d11-site/d11/C2Data-650-Type4;23801.0000;DATA;1611607541.952339
/ndn/s1-site/s1/C2Data-3755-Type2;69605.0000;DATA;1611607542.701347
/ndn/d4-site/d4/C2Data-2303-Type2;165258.0000;DATA;1611607543.880327
/ndn/d7-site/d7/C2Data-2666-Type1;128790.0000;DATA;1611607544.657265
/ndn/d2-site/d2/C2Data-2061-Type2;187552.0000;DATA;1611607545.045267
/ndn/s6-site/s6/C2Data-4360-Type1;141428.0000;DATA;1611607546.216372
/ndn/v2-site/v2/C2Data-5691-Type2;25154.0000;DATA;1611607547.174418
/ndn/h6-site/h6/C2Data-150-Type4;25479.0000;DATA;1611607547.476267
/ndn/h13-site/h13/C2Data-1577-Type2;55164.0000;DATA;1611607548.114298
/ndn/d1-site/d1/C2Data-1940-Type2;52198.0000;DATA;1611607548.536308
/ndn/v12-site/v12/C2Data-6901-Type1;239522.0000;DATA;1611607550.455325
/ndn/h5-site/h5/C2Data-609-Type2;47090.0000;DATA;1611607551.034329
/ndn/s1-site/s1/C2Data-3755-Type1;69084.0000;DATA;1611607551.327767
/ndn/v4-site/v4/C2Data-5933-Type1;125145.0000;DATA;1611607551.719387
/ndn/d4-site/d4/C2Data-1161-Type3;23464.0000;DATA;1611607572.931301
/ndn/h2-site/h2/C2Data-50-Type4;25695.0000;DATA;1611607573.272332
/ndn/v4-site/v4/C2Data-5934-Type2;24108.0000;DATA;1611607573.486326
/ndn/d4-site/d4/C2Data-2304-Type2;170014.0000;DATA;1611607573.692330
/ndn/s6-site/s6/C2Data-2198-Type3;163350.0000;DATA;1611607574.073350
/ndn/s3-site/s3/C2Data-3998-Type1;594.0000;DATA;1611607575.156329
/ndn/s14-site/s14/C2Data-5329-Type1;97351.0000;DATA;1611607575.165399
/ndn/v10-site/v10/C2Data-6660-Type2;23957.0000;DATA;1611607575.793272
/ndn/d12-site/d12/C2Data-3272-Type2;25521.0000;DATA;1611607576.275268
/ndn/s13-site/s13/C2Data-5208-Type1;75040.0000;DATA;1611607577.385327
/ndn/h7-site/h7/C2Data-429-Type3;24051.0000;DATA;1611607578.685317
/ndn/d13-site/d13/C2Data-3393-Type2;162448.0000;DATA;1611607579.033272
/ndn/v0-site/v0/C2Data-2747-Type3;25812.0000;DATA;1611607579.761882
/ndn/v12-site/v12/C2Data-6902-Type1;241714.0000;DATA;1611607582.065332
/ndn/d11-site/d11/C2Data-1588-Type3;23352.0000;DATA;1611607582.943318
/ndn/v12-site/v12/C2Data-3479-Type3;24398.0000;DATA;1611607583.401278
/ndn/v6-site/v6/C2Data-3113-Type3;23384.0000;DATA;1611607586.833055
/ndn/h6-site/h6/C2Data-368-Type3;23940.0000;DATA;1611607587.842452
/ndn/v2-site/v2/C2Data-2869-Type3;134220.0000;DATA;1611607587.898297
/ndn/d4-site/d4/C2Data-2305-Type2;177290.0000;DATA;1611607601.329345
/ndn/v8-site/v8/C2Data-6419-Type2;71967.0000;DATA;1611607607.022310
/ndn/d13-site/d13/C2Data-3394-Type1;172131.0000;DATA;1611607606.980342
/ndn/s4-site/s4/C2Data-4120-Type1;118242.0000;DATA;1611607607.081947
/ndn/h9-site/h9/C2Data-1095-Type2;73493.0000;DATA;1611607608.679854
/ndn/s13-site/s13/C2Data-5209-Type2;613.0000;DATA;1611607611.287278
/ndn/v12-site/v12/C2Data-6903-Type1;23601.0000;DATA;1611607611.483302
/ndn/s3-site/s3/C2Data-3999-Type1;510.0000;DATA;1611607611.623318
/ndn/s11-site/s11/C2Data-2504-Type3;46691.0000;DATA;1611607624.951375
/ndn/h1-site/h1/C2Data-64-Type3;176862.0000;DATA;1611607625.781291
/ndn/v4-site/v4/C2Data-2992-Type3;262879.0000;DATA;1611607626.758344
/ndn/s10-site/s10/C2Data-2443-Type3;158180.0000;DATA;1611607627.929253
/ndn/v13-site/v13/C2Data-3541-Type3;50387.0000;DATA;1611607628.967256
/ndn/s7-site/s7/C2Data-2260-Type3;167002.0000;DATA;1611607630.149384
/ndn/s1-site/s1/C2Data-3758-Type2;70546.0000;DATA;1611607630.949281
/ndn/d10-site/d10/C2Data-3032-Type2;23933.0000;DATA;1611607632.020350
/ndn/h10-site/h10/C2Data-613-Type3;49813.0000;DATA;1611607633.203263
/ndn/v3-site/v3/C2Data-2931-Type3;23552.0000;DATA;1611607633.640323
/ndn/d4-site/d4/C2Data-1162-Type3;170690.0000;DATA;1611607633.732255
/ndn/s13-site/s13/C2Data-5210-Type2;401.0000;DATA;1611607634.107342
/ndn/d5-site/d5/C2Data-1223-Type3;25898.0000;DATA;1611607634.162348
/ndn/s0-site/s0/C2Data-3637-Type1;127795.0000;DATA;1611607634.385320
/ndn/v8-site/v8/C2Data-3236-Type3;24056.0000;DATA;1611607635.505334
