/ndn/h1-site/h1/C2Data-121-Type1;26495.0000;DATA;1612145587.664855
/ndn/h0-site/h0/C2Data-0-Type2;145578.0000;DATA;1612145588.184488
/ndn/s3-site/s3/C2Data-2783-Type2;124800.0000;DATA;1612145589.214912
/ndn/s2-site/s2/C2Data-2662-Type2;965.0000;DATA;1612145592.287956
/ndn/d1-site/d1/C2Data-1331-Type2;51301.0000;DATA;1612145592.262680
/ndn/v7-site/v7/C2Data-4477-Type1;103512.0000;DATA;1612145594.659700
/ndn/s6-site/s6/C2Data-3146-Type2;25052.0000;DATA;1612145594.773172
/ndn/s4-site/s4/C2Data-2904-Type2;2914.0000;DATA;1612145596.597674
/ndn/v6-site/v6/C2Data-4356-Type2;48589.0000;DATA;1612145596.817190
/ndn/s7-site/s7/C2Data-3267-Type1;49265.0000;DATA;1612145597.926140
/ndn/s9-site/s9/C2Data-1769-Type3;54025.0000;DATA;1612145617.542845
/ndn/v1-site/v1/C2Data-3752-Type1;27627.0000;DATA;1612145618.317833
/ndn/s2-site/s2/C2Data-2663-Type1;24848.0000;DATA;1612145618.336323
/ndn/d6-site/d6/C2Data-1937-Type1;98317.0000;DATA;1612145621.389049
/ndn/v7-site/v7/C2Data-2257-Type3;97338.0000;DATA;1612145621.497638
/ndn/s3-site/s3/C2Data-2784-Type2;25953.0000;DATA;1612145626.191232
/ndn/d0-site/d0/C2Data-1211-Type1;24718.0000;DATA;1612145627.658093
/ndn/s5-site/s5/C2Data-3026-Type1;873.0000;DATA;1612145628.076547
/ndn/h1-site/h1/C2Data-122-Type1;854.0000;DATA;1612145628.133486
/ndn/v5-site/v5/C2Data-4236-Type2;95083.0000;DATA;1612145629.427612
/ndn/v6-site/v6/C2Data-2196-Type3;3751.0000;DATA;1612145632.104263
/ndn/s7-site/s7/C2Data-1647-Type3;2407.0000;DATA;1612145634.489527
/ndn/d1-site/d1/C2Data-1333-Type1;106611.0000;DATA;1612145649.112251
/ndn/s6-site/s6/C2Data-3148-Type2;126235.0000;DATA;1612145649.159444
/ndn/d7-site/d7/C2Data-2059-Type1;7874.0000;DATA;1612145651.125023
/ndn/v6-site/v6/C2Data-4358-Type2;3703.0000;DATA;1612145652.093999
/ndn/h3-site/h3/C2Data-365-Type2;4546.0000;DATA;1612145655.059195
/ndn/h4-site/h4/C2Data-486-Type1;24484.0000;DATA;1612145655.870624
/ndn/h5-site/h5/C2Data-607-Type1;25147.0000;DATA;1612145656.759525
/ndn/s1-site/s1/C2Data-2543-Type1;101246.0000;DATA;1612145657.390356
/ndn/d4-site/d4/C2Data-1696-Type2;24184.0000;DATA;1612145658.599119
/ndn/d2-site/d2/C2Data-733-Type3;53156.0000;DATA;1612145672.265839
/ndn/d3-site/d3/C2Data-794-Type3;142268.0000;DATA;1612145676.129631
/ndn/s7-site/s7/C2Data-1648-Type3;1359.0000;DATA;1612145679.204939
/ndn/h5-site/h5/C2Data-608-Type1;35710.0000;DATA;1612145679.325467
/ndn/s0-site/s0/C2Data-2423-Type2;81300.0000;DATA;1612145679.839978
/ndn/v0-site/v0/C2Data-3633-Type2;4785.0000;DATA;1612145680.111697
/ndn/d0-site/d0/C2Data-1213-Type2;98384.0000;DATA;1612145682.171653
