/ndn/v0-site/v0/C2Data-5445-Type1;583.0000;NACK;1611610902.278308
/ndn/d7-site/d7/C2Data-2662-Type1;119677.0000;DATA;1611610906.297361
/ndn/s10-site/s10/C2Data-4840-Type1;20824.0000;NACK;1611610906.963421
/ndn/v4-site/v4/C2Data-5929-Type1;193591.0000;DATA;1611610907.408865
/ndn/h0-site/h0/C2Data-0-Type1;157285.0000;DATA;1611610907.463329
/ndn/h1-site/h1/C2Data-121-Type1;24336.0000;DATA;1611610908.356651
/ndn/h8-site/h8/C2Data-968-Type1;153839.0000;DATA;1611610912.107339
/ndn/s0-site/s0/C2Data-3630-Type1;173549.0000;DATA;1611610912.540339
/ndn/d13-site/d13/C2Data-1708-Type3;23853.0000;DATA;1611610925.338335
/ndn/s3-site/s3/C2Data-2013-Type3;199416.0000;DATA;1611610926.427379
/ndn/v5-site/v5/C2Data-3050-Type3;184531.0000;DATA;1611610930.814371
/ndn/s10-site/s10/C2Data-2440-Type3;21750.0000;NACK;1611610931.233332
/ndn/d0-site/d0/C2Data-1816-Type2;70585.0000;DATA;1611610931.315855
/ndn/d3-site/d3/C2Data-1098-Type3;165124.0000;DATA;1611610931.370400
/ndn/h3-site/h3/C2Data-364-Type2;144791.0000;DATA;1611610932.216372
/ndn/s14-site/s14/C2Data-5325-Type1;46848.0000;DATA;1611610932.621368
/ndn/s4-site/s4/C2Data-4115-Type2;115249.0000;DATA;1611610932.576319
/ndn/s9-site/s9/C2Data-4720-Type2;71050.0000;DATA;1611610933.030414
/ndn/d4-site/d4/C2Data-2300-Type2;46619.0000;DATA;1611610934.440401
/ndn/s13-site/s13/C2Data-5204-Type1;551.0000;NACK;1611610934.949330
/ndn/d14-site/d14/C2Data-3510-Type2;56038.0000;DATA;1611610936.067433
/ndn/s0-site/s0/C2Data-1830-Type3;165343.0000;DATA;1611610937.651395
/ndn/h12-site/h12/C2Data-1453-Type2;120206.0000;DATA;1611610938.905507
/ndn/h4-site/h4/C2Data-485-Type2;141080.0000;DATA;1611610938.897389
/ndn/v4-site/v4/C2Data-5930-Type2;190199.0000;DATA;1611610939.208537
/ndn/s6-site/s6/C2Data-4357-Type1;164745.0000;DATA;1611610939.442343
/ndn/d14-site/d14/C2Data-3510-Type1;52946.0000;DATA;1611610939.653323
/ndn/d12-site/d12/C2Data-3268-Type1;99123.0000;DATA;1611610941.405344
/ndn/s6-site/s6/C2Data-2196-Type3;171533.0000;DATA;1611610944.571312
/ndn/h10-site/h10/C2Data-610-Type3;187311.0000;DATA;1611610946.431351
/ndn/v2-site/v2/C2Data-2867-Type3;157756.0000;DATA;1611610947.336329
/ndn/v7-site/v7/C2Data-3172-Type3;145400.0000;DATA;1611610947.801516
/ndn/s8-site/s8/C2Data-4600-Type1;48350.0000;DATA;1611610960.693465
/ndn/s2-site/s2/C2Data-3874-Type1;24100.0000;DATA;1611610963.193366
/ndn/d6-site/d6/C2Data-2543-Type2;191097.0000;DATA;1611610963.080345
/ndn/v10-site/v10/C2Data-6657-Type2;120307.0000;DATA;1611610963.512330
/ndn/d9-site/d9/C2Data-2906-Type1;142033.0000;DATA;1611610964.293328
/ndn/s12-site/s12/C2Data-5084-Type1;183300.0000;DATA;1611610965.240422
/ndn/d3-site/d3/C2Data-2180-Type1;167516.0000;DATA;1611610967.526513
/ndn/h12-site/h12/C2Data-1454-Type2;115770.0000;DATA;1611610969.046347
/ndn/h5-site/h5/C2Data-607-Type2;95973.0000;DATA;1611610970.609423
/ndn/h3-site/h3/C2Data-365-Type2;146359.0000;DATA;1611610971.255382
/ndn/v12-site/v12/C2Data-6899-Type2;168865.0000;DATA;1611610972.212361
/ndn/h3-site/h3/C2Data-365-Type1;141685.0000;DATA;1611610972.532312
/ndn/s7-site/s7/C2Data-4479-Type2;6000341.0000;TIMEOUT;1611610971.599403
/ndn/d13-site/d13/C2Data-1709-Type3;23587.0000;DATA;1611610985.185340
/ndn/d5-site/d5/C2Data-1221-Type3;159818.0000;DATA;1611610985.165389
/ndn/d2-site/d2/C2Data-1038-Type3;46636.0000;DATA;1611610989.266340
/ndn/v9-site/v9/C2Data-6537-Type1;170349.0000;DATA;1611610991.918426
/ndn/h13-site/h13/C2Data-1576-Type1;48431.0000;DATA;1611610992.873393
/ndn/h3-site/h3/C2Data-366-Type1;146608.0000;DATA;1611610996.474318
/ndn/h8-site/h8/C2Data-200-Type4;139153.0000;DATA;1611610997.174355
/ndn/d9-site/d9/C2Data-1465-Type3;140898.0000;DATA;1611610997.810422
/ndn/h9-site/h9/C2Data-1092-Type2;115494.0000;DATA;1611610997.951317
/ndn/s9-site/s9/C2Data-4722-Type2;73818.0000;DATA;1611610998.162322
/ndn/s5-site/s5/C2Data-2136-Type3;96410.0000;DATA;1611610998.163312
/ndn/h5-site/h5/C2Data-608-Type1;98879.0000;DATA;1611610998.236376
/ndn/v12-site/v12/C2Data-1050-Type4;169871.0000;DATA;1611610998.698323
/ndn/v2-site/v2/C2Data-5690-Type1;146413.0000;DATA;1611610999.038389
/ndn/d11-site/d11/C2Data-1587-Type3;106478.0000;DATA;1611610999.578356
/ndn/v8-site/v8/C2Data-6416-Type1;162630.0000;DATA;1611610999.753576
/ndn/h1-site/h1/C2Data-25-Type4;23476.0000;DATA;1611611000.159410
/ndn/v7-site/v7/C2Data-925-Type4;139620.0000;DATA;1611611000.392401
/ndn/s14-site/s14/C2Data-5327-Type2;6000210.0000;TIMEOUT;1611610995.476330
/ndn/h12-site/h12/C2Data-1455-Type1;123790.0000;DATA;1611611002.399371
/ndn/s0-site/s0/C2Data-1831-Type3;6000571.0000;TIMEOUT;1611610996.631375
/ndn/h11-site/h11/C2Data-672-Type3;46564.0000;DATA;1611611003.838394
/ndn/d8-site/d8/C2Data-1404-Type3;75181.0000;DATA;1611611004.970419
/ndn/h5-site/h5/C2Data-306-Type3;164749.0000;DATA;1611611005.439364
/ndn/v14-site/v14/C2Data-3600-Type3;79160.0000;DATA;1611611006.554414
/ndn/d2-site/d2/C2Data-425-Type4;56120.0000;DATA;1611611017.094367
/ndn/h0-site/h0/C2Data-0-Type4;198044.0000;DATA;1611611017.545323
/ndn/s13-site/s13/C2Data-5207-Type2;213831.0000;DATA;1611611022.065419
/ndn/v10-site/v10/C2Data-6659-Type1;140996.0000;DATA;1611611022.546328
/ndn/d12-site/d12/C2Data-3271-Type2;96300.0000;DATA;1611611022.733421
/ndn/v11-site/v11/C2Data-6780-Type2;24687.0000;DATA;1611611023.464976
/ndn/v2-site/v2/C2Data-800-Type4;138709.0000;DATA;1611611024.467400
/ndn/h3-site/h3/C2Data-367-Type1;145888.0000;DATA;1611611024.985342
/ndn/d5-site/d5/C2Data-2424-Type2;116723.0000;DATA;1611611026.180376
/ndn/v2-site/v2/C2Data-5691-Type1;151242.0000;DATA;1611611026.345392
/ndn/h2-site/h2/C2Data-246-Type1;122357.0000;DATA;1611611027.476422
/ndn/h1-site/h1/C2Data-125-Type1;24013.0000;DATA;1611611029.468325
/ndn/h12-site/h12/C2Data-1456-Type2;124755.0000;DATA;1611611031.260376
/ndn/d2-site/d2/C2Data-2061-Type1;47688.0000;DATA;1611611031.416329
/ndn/v2-site/v2/C2Data-5691-Type2;140287.0000;DATA;1611611031.584403
/ndn/h11-site/h11/C2Data-275-Type4;66869.0000;DATA;1611611038.403354
/ndn/d0-site/d0/C2Data-917-Type3;76689.0000;DATA;1611611046.524382
/ndn/d0-site/d0/C2Data-375-Type4;73309.0000;DATA;1611611047.140511
/ndn/v5-site/v5/C2Data-3052-Type3;183482.0000;DATA;1611611048.326028
/ndn/d5-site/d5/C2Data-500-Type4;124073.0000;DATA;1611611052.381388
/ndn/s1-site/s1/C2Data-1893-Type3;6000535.0000;TIMEOUT;1611611046.869353
/ndn/v1-site/v1/C2Data-5571-Type1;166689.0000;DATA;1611611053.344344
/ndn/v3-site/v3/C2Data-5813-Type1;74207.0000;DATA;1611611053.978318
/ndn/d3-site/d3/C2Data-2183-Type1;171786.0000;DATA;1611611054.450972
/ndn/d4-site/d4/C2Data-2304-Type1;49302.0000;DATA;1611611054.671311
/ndn/v8-site/v8/C2Data-6418-Type2;168811.0000;DATA;1611611056.309317
/ndn/s13-site/s13/C2Data-5208-Type1;6000541.0000;TIMEOUT;1611611050.770324
/ndn/h11-site/h11/C2Data-1336-Type1;49843.0000;DATA;1611611056.740543
/ndn/s9-site/s9/C2Data-4724-Type2;6000354.0000;TIMEOUT;1611611051.130335
/ndn/h5-site/h5/C2Data-610-Type2;94020.0000;DATA;1611611057.237392
/ndn/v1-site/v1/C2Data-5571-Type2;162633.0000;DATA;1611611057.551394
/ndn/d14-site/d14/C2Data-3514-Type2;47636.0000;DATA;1611611059.567462
/ndn/v12-site/v12/C2Data-3479-Type3;169498.0000;DATA;1611611059.533420
/ndn/h4-site/h4/C2Data-489-Type1;144660.0000;DATA;1611611060.999394
/ndn/v10-site/v10/C2Data-3357-Type3;130323.0000;DATA;1611611062.080325
/ndn/s12-site/s12/C2Data-5087-Type1;6000395.0000;TIMEOUT;1611611059.410338
/ndn/s7-site/s7/C2Data-4482-Type2;6001518.0000;TIMEOUT;1611611060.673386
/ndn/s10-site/s10/C2Data-4845-Type2;6000291.0000;TIMEOUT;1611611061.686379
/ndn/d11-site/d11/C2Data-1588-Type3;117491.0000;DATA;1611611068.643338
/ndn/s12-site/s12/C2Data-2564-Type3;6000256.0000;TIMEOUT;1611611066.315393
/ndn/s8-site/s8/C2Data-2320-Type3;6000700.0000;TIMEOUT;1611611068.133379
/ndn/s5-site/s5/C2Data-2137-Type3;6000301.0000;TIMEOUT;1611611068.517367
/ndn/v12-site/v12/C2Data-6903-Type1;169780.0000;DATA;1611611081.088405
/ndn/d9-site/d9/C2Data-2910-Type1;140358.0000;DATA;1611611081.543399
/ndn/d6-site/d6/C2Data-2547-Type1;212992.0000;DATA;1611611083.759379
/ndn/d11-site/d11/C2Data-3152-Type1;121678.0000;DATA;1611611084.118429
/ndn/h1-site/h1/C2Data-127-Type1;23706.0000;DATA;1611611088.942341
/ndn/h0-site/h0/C2Data-6-Type2;175360.0000;DATA;1611611090.147319
/ndn/d13-site/d13/C2Data-3394-Type2;25349.0000;DATA;1611611090.385331
/ndn/d14-site/d14/C2Data-3515-Type1;48146.0000;DATA;1611611090.379323
/ndn/s4-site/s4/C2Data-4120-Type1;6001062.0000;TIMEOUT;1611611085.400348
/ndn/v1-site/v1/C2Data-2809-Type3;153900.0000;DATA;1611611104.779450
/ndn/d8-site/d8/C2Data-1406-Type3;78137.0000;DATA;1611611105.473328
/ndn/h9-site/h9/C2Data-552-Type3;129807.0000;DATA;1611611109.480345
/ndn/v0-site/v0/C2Data-2748-Type3;193305.0000;DATA;1611611110.916428
/ndn/s8-site/s8/C2Data-2321-Type3;6000520.0000;TIMEOUT;1611611105.201088
/ndn/h0-site/h0/C2Data-7-Type2;165522.0000;DATA;1611611111.905351
/ndn/v12-site/v12/C2Data-3480-Type3;164611.0000;DATA;1611611114.302403
/ndn/h13-site/h13/C2Data-1580-Type1;49578.0000;DATA;1611611114.770339
/ndn/h5-site/h5/C2Data-612-Type1;96618.0000;DATA;1611611115.790379
