/ndn/v8-site/v8/C2Data-6413-Type1;25780.0000;DATA;1611609163.548379
/ndn/d4-site/d4/C2Data-2299-Type2;257219.0000;DATA;1611609164.519361
/ndn/h5-site/h5/C2Data-605-Type2;69657.0000;DATA;1611609167.821333
/ndn/d7-site/d7/C2Data-2662-Type2;144150.0000;DATA;1611609168.828378
/ndn/v1-site/v1/C2Data-5566-Type2;676.0000;NACK;1611609169.182310
/ndn/h1-site/h1/C2Data-121-Type1;245396.0000;DATA;1611609168.960371
/ndn/s14-site/s14/C2Data-5324-Type1;213068.0000;DATA;1611609169.167369
/ndn/v13-site/v13/C2Data-7018-Type1;151174.0000;DATA;1611609169.909389
/ndn/h9-site/h9/C2Data-1089-Type2;98095.0000;DATA;1611609170.235362
/ndn/s13-site/s13/C2Data-5203-Type1;51214.0000;DATA;1611609171.051376
/ndn/v6-site/v6/C2Data-6171-Type1;550.0000;NACK;1611609171.986357
/ndn/v4-site/v4/C2Data-2989-Type3;475.0000;NACK;1611609186.491307
/ndn/h9-site/h9/C2Data-549-Type3;99503.0000;DATA;1611609188.556390
/ndn/v13-site/v13/C2Data-3538-Type3;153498.0000;DATA;1611609189.401317
/ndn/h7-site/h7/C2Data-427-Type3;25735.0000;DATA;1611609190.884368
/ndn/s1-site/s1/C2Data-3752-Type2;51286.0000;DATA;1611609192.814350
/ndn/d4-site/d4/C2Data-2300-Type1;217310.0000;DATA;1611609194.470304
/ndn/v5-site/v5/C2Data-6051-Type1;391.0000;NACK;1611609195.193328
/ndn/s13-site/s13/C2Data-2623-Type3;50683.0000;DATA;1611609195.259302
/ndn/s5-site/s5/C2Data-4236-Type2;172356.0000;DATA;1611609195.144464
/ndn/s3-site/s3/C2Data-3994-Type2;97568.0000;DATA;1611609195.263295
/ndn/h8-site/h8/C2Data-969-Type2;128491.0000;DATA;1611609196.543399
/ndn/d1-site/d1/C2Data-1937-Type2;213065.0000;DATA;1611609197.454366
/ndn/v5-site/v5/C2Data-6051-Type2;751.0000;NACK;1611609198.112152
/ndn/h12-site/h12/C2Data-732-Type3;203462.0000;DATA;1611609198.791304
/ndn/d9-site/d9/C2Data-2905-Type2;118055.0000;DATA;1611609199.484386
/ndn/s2-site/s2/C2Data-1952-Type3;139258.0000;DATA;1611609199.647398
/ndn/h10-site/h10/C2Data-610-Type3;187368.0000;DATA;1611609199.779290
/ndn/s0-site/s0/C2Data-3631-Type2;140016.0000;DATA;1611609199.870426
/ndn/h1-site/h1/C2Data-61-Type3;189563.0000;DATA;1611609200.743345
/ndn/s13-site/s13/C2Data-5204-Type2;50436.0000;DATA;1611609201.189476
/ndn/d13-site/d13/C2Data-3389-Type1;190251.0000;DATA;1611609201.072467
/ndn/s4-site/s4/C2Data-2074-Type3;237985.0000;DATA;1611609201.066381
/ndn/h1-site/h1/C2Data-122-Type1;188160.0000;DATA;1611609202.123390
/ndn/h10-site/h10/C2Data-1211-Type1;191312.0000;DATA;1611609202.651306
/ndn/v7-site/v7/C2Data-3172-Type3;253335.0000;DATA;1611609204.187394
/ndn/h6-site/h6/C2Data-366-Type3;25089.0000;DATA;1611609205.469392
/ndn/d3-site/d3/C2Data-1098-Type3;182441.0000;DATA;1611609207.087372
/ndn/s2-site/s2/C2Data-3874-Type2;144025.0000;DATA;1611609223.171378
/ndn/v13-site/v13/C2Data-7020-Type2;146981.0000;DATA;1611609223.558304
/ndn/h6-site/h6/C2Data-728-Type2;24834.0000;DATA;1611609223.810315
/ndn/h2-site/h2/C2Data-244-Type2;249816.0000;DATA;1611609224.361383
/ndn/s13-site/s13/C2Data-5205-Type2;48640.0000;DATA;1611609224.601357
/ndn/v10-site/v10/C2Data-6657-Type1;169977.0000;DATA;1611609226.471351
/ndn/d2-site/d2/C2Data-2059-Type2;218245.0000;DATA;1611609227.250387
/ndn/d7-site/d7/C2Data-2664-Type1;148317.0000;DATA;1611609228.855387
/ndn/h9-site/h9/C2Data-1091-Type1;98956.0000;DATA;1611609228.984308
/ndn/d12-site/d12/C2Data-3269-Type1;200004.0000;DATA;1611609229.120302
/ndn/d12-site/d12/C2Data-3269-Type2;186886.0000;DATA;1611609229.669638
/ndn/v14-site/v14/C2Data-7141-Type1;92623.0000;DATA;1611609229.948302
/ndn/d10-site/d10/C2Data-3027-Type1;70066.0000;DATA;1611609232.309324
/ndn/v8-site/v8/C2Data-6415-Type1;24056.0000;DATA;1611609233.142372
/ndn/d3-site/d3/C2Data-2180-Type2;160482.0000;DATA;1611609233.304390
/ndn/d10-site/d10/C2Data-3027-Type2;72302.0000;DATA;1611609233.434379
/ndn/v2-site/v2/C2Data-5689-Type2;199625.0000;DATA;1611609233.949593
/ndn/s11-site/s11/C2Data-2502-Type3;77518.0000;DATA;1611609248.087698
/ndn/v5-site/v5/C2Data-6053-Type1;283214.0000;DATA;1611609255.784325
/ndn/d6-site/d6/C2Data-2544-Type2;166495.0000;DATA;1611609257.569503
/ndn/h4-site/h4/C2Data-487-Type1;69050.0000;DATA;1611609257.758391
/ndn/s8-site/s8/C2Data-4601-Type2;168900.0000;DATA;1611609257.709358
/ndn/d5-site/d5/C2Data-2423-Type2;50052.0000;DATA;1611609258.041407
/ndn/h5-site/h5/C2Data-608-Type2;69284.0000;DATA;1611609258.246362
/ndn/v3-site/v3/C2Data-5811-Type2;118992.0000;DATA;1611609258.312325
/ndn/d4-site/d4/C2Data-1160-Type3;212126.0000;DATA;1611609259.180327
/ndn/v1-site/v1/C2Data-2807-Type3;258047.0000;DATA;1611609259.412439
/ndn/v3-site/v3/C2Data-5811-Type1;121611.0000;DATA;1611609259.694325
/ndn/v9-site/v9/C2Data-6537-Type2;97045.0000;DATA;1611609260.898911
/ndn/d2-site/d2/C2Data-425-Type4;215879.0000;DATA;1611609260.905360
/ndn/h8-site/h8/C2Data-489-Type3;120538.0000;DATA;1611609261.270350
/ndn/s14-site/s14/C2Data-5327-Type1;6000333.0000;TIMEOUT;1611609256.652397
/ndn/d3-site/d3/C2Data-2181-Type2;165503.0000;DATA;1611609262.518355
/ndn/h13-site/h13/C2Data-1576-Type1;125639.0000;DATA;1611609262.594363
/ndn/d0-site/d0/C2Data-1818-Type1;197800.0000;DATA;1611609262.915491
/ndn/h9-site/h9/C2Data-225-Type4;98000.0000;DATA;1611609263.736429
/ndn/v2-site/v2/C2Data-5690-Type2;170869.0000;DATA;1611609263.872372
/ndn/h9-site/h9/C2Data-1092-Type2;95350.0000;DATA;1611609264.097339
/ndn/s13-site/s13/C2Data-5206-Type2;6000211.0000;TIMEOUT;1611609259.436304
/ndn/s7-site/s7/C2Data-2258-Type3;6000230.0000;TIMEOUT;1611609260.266372
/ndn/d10-site/d10/C2Data-1526-Type3;74310.0000;DATA;1611609268.661652
/ndn/s2-site/s2/C2Data-1953-Type3;6000440.0000;TIMEOUT;1611609262.859364
/ndn/v8-site/v8/C2Data-3234-Type3;27227.0000;DATA;1611609269.745393
/ndn/s1-site/s1/C2Data-1892-Type3;6004061.0000;TIMEOUT;1611609263.941422
/ndn/d11-site/d11/C2Data-650-Type4;232905.0000;DATA;1611609272.456394
/ndn/s4-site/s4/C2Data-2075-Type3;6000263.0000;TIMEOUT;1611609268.114434
/ndn/h11-site/h11/C2Data-275-Type4;234101.0000;DATA;1611609274.839389
/ndn/v0-site/v0/C2Data-750-Type4;212276.0000;DATA;1611609276.102873
/ndn/h4-site/h4/C2Data-100-Type4;73732.0000;DATA;1611609279.302393
/ndn/v13-site/v13/C2Data-7022-Type1;158716.0000;DATA;1611609282.427702
/ndn/h3-site/h3/C2Data-367-Type1;239871.0000;DATA;1611609286.389396
/ndn/h10-site/h10/C2Data-1214-Type2;198057.0000;DATA;1611609286.743367
/ndn/d2-site/d2/C2Data-2061-Type1;209224.0000;DATA;1611609288.821327
/ndn/v13-site/v13/C2Data-7022-Type2;143648.0000;DATA;1611609289.007461
/ndn/v14-site/v14/C2Data-7143-Type2;96674.0000;DATA;1611609290.516434
/ndn/v5-site/v5/C2Data-6054-Type1;287315.0000;DATA;1611609290.401308
/ndn/d7-site/d7/C2Data-2666-Type1;155223.0000;DATA;1611609291.638481
/ndn/v10-site/v10/C2Data-1000-Type4;166703.0000;DATA;1611609291.801042
/ndn/h9-site/h9/C2Data-1093-Type1;96056.0000;DATA;1611609293.408380
/ndn/v11-site/v11/C2Data-6780-Type1;192177.0000;DATA;1611609293.485332
/ndn/v12-site/v12/C2Data-3479-Type3;279041.0000;DATA;1611609308.266377
/ndn/d1-site/d1/C2Data-978-Type3;228531.0000;DATA;1611609308.846342
/ndn/d13-site/d13/C2Data-1710-Type3;194014.0000;DATA;1611609309.710477
/ndn/v7-site/v7/C2Data-3174-Type3;264320.0000;DATA;1611609310.276356
/ndn/h3-site/h3/C2Data-368-Type2;216849.0000;DATA;1611609313.581448
/ndn/d2-site/d2/C2Data-2062-Type1;212625.0000;DATA;1611609314.840313
/ndn/h5-site/h5/C2Data-307-Type3;70917.0000;DATA;1611609315.855360
/ndn/h10-site/h10/C2Data-612-Type3;192244.0000;DATA;1611609316.434371
/ndn/d5-site/d5/C2Data-1222-Type3;50253.0000;DATA;1611609317.578339
/ndn/d1-site/d1/C2Data-1941-Type2;218640.0000;DATA;1611609318.027409
/ndn/h2-site/h2/C2Data-247-Type1;233250.0000;DATA;1611609318.097365
/ndn/s9-site/s9/C2Data-2381-Type3;6000636.0000;TIMEOUT;1611609312.611393
/ndn/v5-site/v5/C2Data-3052-Type3;294302.0000;DATA;1611609318.889300
/ndn/v0-site/v0/C2Data-5450-Type1;163120.0000;DATA;1611609319.043326
/ndn/s0-site/s0/C2Data-1832-Type3;6000929.0000;TIMEOUT;1611609313.334463
/ndn/h4-site/h4/C2Data-246-Type3;70596.0000;DATA;1611609321.100467
/ndn/s6-site/s6/C2Data-4361-Type1;6000391.0000;TIMEOUT;1611609316.877409
/ndn/v0-site/v0/C2Data-5450-Type2;170353.0000;DATA;1611609322.904419
/ndn/v13-site/v13/C2Data-7023-Type1;149541.0000;DATA;1611609323.939299
/ndn/d1-site/d1/C2Data-1941-Type1;213060.0000;DATA;1611609323.961363
/ndn/s12-site/s12/C2Data-2564-Type3;6001159.0000;TIMEOUT;1611609318.431313
/ndn/d3-site/d3/C2Data-1100-Type3;170494.0000;DATA;1611609325.110337
/ndn/s14-site/s14/C2Data-5329-Type1;6000264.0000;TIMEOUT;1611609321.589298
/ndn/s3-site/s3/C2Data-3998-Type2;6000428.0000;TIMEOUT;1611609322.052296
/ndn/v0-site/v0/C2Data-2747-Type3;170129.0000;DATA;1611609328.024304
/ndn/s9-site/s9/C2Data-4724-Type2;6000385.0000;TIMEOUT;1611609322.832333
/ndn/s5-site/s5/C2Data-4240-Type2;6000191.0000;TIMEOUT;1611609324.177406
/ndn/s3-site/s3/C2Data-2015-Type3;6000357.0000;TIMEOUT;1611609325.434346
/ndn/s13-site/s13/C2Data-2625-Type3;6007183.0000;TIMEOUT;1611609330.370380
/ndn/v11-site/v11/C2Data-6782-Type2;218389.0000;DATA;1611609342.881581
/ndn/d14-site/d14/C2Data-3515-Type1;196440.0000;DATA;1611609343.015344
/ndn/v12-site/v12/C2Data-6903-Type2;261855.0000;DATA;1611609345.099374
/ndn/h11-site/h11/C2Data-1337-Type2;219878.0000;DATA;1611609345.165387
/ndn/d13-site/d13/C2Data-3394-Type2;195070.0000;DATA;1611609347.651365
/ndn/h3-site/h3/C2Data-369-Type2;257568.0000;DATA;1611609348.288389
/ndn/d9-site/d9/C2Data-2910-Type2;118768.0000;DATA;1611609349.251317
/ndn/h6-site/h6/C2Data-732-Type2;24381.0000;DATA;1611609349.413340
/ndn/d13-site/d13/C2Data-3394-Type1;196970.0000;DATA;1611609350.908388
/ndn/d11-site/d11/C2Data-3152-Type2;212283.0000;DATA;1611609351.977440
/ndn/s3-site/s3/C2Data-3999-Type1;6001478.0000;TIMEOUT;1611609346.266304
/ndn/h2-site/h2/C2Data-248-Type2;242064.0000;DATA;1611609352.918331
/ndn/h9-site/h9/C2Data-1095-Type1;95449.0000;DATA;1611609354.031317
/ndn/s0-site/s0/C2Data-3636-Type2;6000271.0000;TIMEOUT;1611609348.510372
/ndn/d1-site/d1/C2Data-979-Type3;246819.0000;DATA;1611609366.603352
/ndn/d0-site/d0/C2Data-918-Type3;205054.0000;DATA;1611609367.703352
/ndn/h4-site/h4/C2Data-247-Type3;69478.0000;DATA;1611609370.812339
/ndn/d14-site/d14/C2Data-1772-Type3;201130.0000;DATA;1611609372.182385
/ndn/v10-site/v10/C2Data-6662-Type2;168462.0000;DATA;1611609373.117516
/ndn/s9-site/s9/C2Data-2382-Type3;6000395.0000;TIMEOUT;1611609367.507501
/ndn/s14-site/s14/C2Data-2687-Type3;6000299.0000;TIMEOUT;1611609367.730343
/ndn/v0-site/v0/C2Data-5452-Type2;163381.0000;DATA;1611609373.911391
/ndn/v2-site/v2/C2Data-5694-Type2;168365.0000;DATA;1611609374.915374
/ndn/h7-site/h7/C2Data-854-Type1;23409.0000;DATA;1611609375.093385
/ndn/h13-site/h13/C2Data-796-Type3;117984.0000;DATA;1611609375.934325
/ndn/h14-site/h14/C2Data-857-Type3;191846.0000;DATA;1611609376.641419
/ndn/s4-site/s4/C2Data-2077-Type3;6000999.0000;TIMEOUT;1611609370.889359
/ndn/v1-site/v1/C2Data-5573-Type1;263282.0000;DATA;1611609377.650395
