/ndn/h1-site/h1/C2Data-121-Type2;148952.0000;DATA;1611602585.046476
/ndn/d6-site/d6/C2Data-2541-Type2;198737.0000;DATA;1611602585.605844
/ndn/v4-site/v4/C2Data-5929-Type1;23643.0000;DATA;1611602586.638514
/ndn/d11-site/d11/C2Data-3146-Type1;49054.0000;DATA;1611602586.976553
/ndn/v0-site/v0/C2Data-5445-Type1;405.0000;NACK;1611602587.295556
/ndn/h4-site/h4/C2Data-484-Type1;250379.0000;DATA;1611602587.379449
/ndn/d14-site/d14/C2Data-3509-Type1;195358.0000;DATA;1611602588.431541
/ndn/s7-site/s7/C2Data-4477-Type2;211333.0000;DATA;1611602591.338483
/ndn/s1-site/s1/C2Data-3751-Type1;311040.0000;DATA;1611602591.644544
/ndn/s5-site/s5/C2Data-4235-Type1;94883.0000;DATA;1611602593.799520
/ndn/s0-site/s0/C2Data-3630-Type2;195667.0000;DATA;1611602595.804494
/ndn/h8-site/h8/C2Data-968-Type1;172852.0000;DATA;1611602595.966528
/ndn/h9-site/h9/C2Data-1089-Type1;160639.0000;DATA;1611602596.111462
/ndn/v8-site/v8/C2Data-3233-Type3;502.0000;NACK;1611602610.908541
/ndn/v11-site/v11/C2Data-3416-Type3;424.0000;NACK;1611602612.217694
/ndn/h13-site/h13/C2Data-793-Type3;248151.0000;DATA;1611602613.534550
/ndn/v9-site/v9/C2Data-6535-Type2;507.0000;NACK;1611602615.049526
/ndn/v10-site/v10/C2Data-6656-Type1;542.0000;NACK;1611602616.196535
/ndn/d2-site/d2/C2Data-2058-Type1;121982.0000;DATA;1611602617.229515
/ndn/h7-site/h7/C2Data-848-Type1;277577.0000;DATA;1611602617.312585
/ndn/h9-site/h9/C2Data-1090-Type1;172514.0000;DATA;1611602618.824598
/ndn/d0-site/d0/C2Data-915-Type3;100868.0000;DATA;1611602619.184533
/ndn/h11-site/h11/C2Data-1332-Type2;200143.0000;DATA;1611602619.601583
/ndn/s14-site/s14/C2Data-5325-Type1;187047.0000;DATA;1611602619.771452
/ndn/d10-site/d10/C2Data-3026-Type2;236532.0000;DATA;1611602619.726468
/ndn/s1-site/s1/C2Data-3752-Type2;316862.0000;DATA;1611602619.727123
/ndn/s3-site/s3/C2Data-2013-Type3;595.0000;NACK;1611602620.100536
/ndn/d9-site/d9/C2Data-2905-Type2;142567.0000;DATA;1611602620.167459
/ndn/d6-site/d6/C2Data-2542-Type2;186154.0000;DATA;1611602620.450562
/ndn/s3-site/s3/C2Data-3994-Type1;288851.0000;DATA;1611602620.919490
/ndn/d14-site/d14/C2Data-1769-Type3;198357.0000;DATA;1611602621.060563
/ndn/s8-site/s8/C2Data-2318-Type3;214384.0000;DATA;1611602621.159583
/ndn/v6-site/v6/C2Data-6172-Type1;164555.0000;DATA;1611602621.495546
/ndn/d3-site/d3/C2Data-1098-Type3;170756.0000;DATA;1611602621.627547
/ndn/d12-site/d12/C2Data-1647-Type3;73885.0000;DATA;1611602621.925709
/ndn/v2-site/v2/C2Data-5688-Type1;140988.0000;DATA;1611602622.281818
/ndn/v4-site/v4/C2Data-2989-Type3;25170.0000;DATA;1611602623.096565
/ndn/h10-site/h10/C2Data-610-Type3;165594.0000;DATA;1611602625.976495
/ndn/h5-site/h5/C2Data-305-Type3;193550.0000;DATA;1611602626.432536
/ndn/h8-site/h8/C2Data-488-Type3;167208.0000;DATA;1611602626.615493
/ndn/s7-site/s7/C2Data-4478-Type2;231859.0000;DATA;1611602626.778511
/ndn/s13-site/s13/C2Data-5204-Type2;322148.0000;DATA;1611602626.784504
/ndn/d9-site/d9/C2Data-1464-Type3;160119.0000;DATA;1611602628.037500
/ndn/s14-site/s14/C2Data-5326-Type2;188069.0000;DATA;1611602645.128248
/ndn/s10-site/s10/C2Data-4842-Type1;268994.0000;DATA;1611602645.203452
/ndn/h8-site/h8/C2Data-970-Type2;169757.0000;DATA;1611602645.394538
/ndn/d12-site/d12/C2Data-3269-Type1;71113.0000;DATA;1611602646.392535
/ndn/s0-site/s0/C2Data-3632-Type2;184472.0000;DATA;1611602646.343515
/ndn/s11-site/s11/C2Data-4963-Type1;288394.0000;DATA;1611602648.073569
/ndn/h14-site/h14/C2Data-1696-Type2;243999.0000;DATA;1611602648.133578
/ndn/s2-site/s2/C2Data-3874-Type1;195556.0000;DATA;1611602648.397509
/ndn/s8-site/s8/C2Data-4600-Type2;211048.0000;DATA;1611602648.562518
/ndn/s1-site/s1/C2Data-3753-Type1;307594.0000;DATA;1611602648.720479
/ndn/s9-site/s9/C2Data-4721-Type1;211515.0000;DATA;1611602649.329625
/ndn/d4-site/d4/C2Data-2301-Type1;194334.0000;DATA;1611602649.733637
/ndn/d7-site/d7/C2Data-2664-Type1;119252.0000;DATA;1611602651.927506
/ndn/d5-site/d5/C2Data-2422-Type1;221426.0000;DATA;1611602655.293524
/ndn/v8-site/v8/C2Data-6415-Type2;272393.0000;DATA;1611602656.016545
/ndn/h0-site/h0/C2Data-1-Type3;270493.0000;DATA;1611602672.450495
/ndn/v2-site/v2/C2Data-2868-Type3;137934.0000;DATA;1611602672.587556
/ndn/v10-site/v10/C2Data-3356-Type3;131672.0000;DATA;1611602674.203504
/ndn/h11-site/h11/C2Data-672-Type3;195049.0000;DATA;1611602675.285536
/ndn/h0-site/h0/C2Data-3-Type2;261363.0000;DATA;1611602675.396526
/ndn/h4-site/h4/C2Data-487-Type1;233203.0000;DATA;1611602675.501517
/ndn/v3-site/v3/C2Data-2929-Type3;238655.0000;DATA;1611602676.652462
/ndn/s7-site/s7/C2Data-2258-Type3;6000246.0000;TIMEOUT;1611602671.010651
/ndn/d6-site/d6/C2Data-2544-Type2;191817.0000;DATA;1611602677.772714
/ndn/h1-site/h1/C2Data-124-Type2;149165.0000;DATA;1611602678.502512
/ndn/d14-site/d14/C2Data-1770-Type3;193090.0000;DATA;1611602679.953754
/ndn/d0-site/d0/C2Data-916-Type3;97711.0000;DATA;1611602680.157538
/ndn/s1-site/s1/C2Data-3754-Type2;6000222.0000;TIMEOUT;1611602675.046490
/ndn/h8-site/h8/C2Data-971-Type1;164087.0000;DATA;1611602681.291506
/ndn/s6-site/s6/C2Data-4359-Type1;6000677.0000;TIMEOUT;1611602675.517484
/ndn/h12-site/h12/C2Data-1455-Type1;219124.0000;DATA;1611602681.643438
/ndn/s1-site/s1/C2Data-1892-Type3;6000383.0000;TIMEOUT;1611602675.908504
/ndn/v13-site/v13/C2Data-3539-Type3;214163.0000;DATA;1611602681.813564
/ndn/d9-site/d9/C2Data-1465-Type3;141288.0000;DATA;1611602683.441534
/ndn/h14-site/h14/C2Data-855-Type3;142901.0000;DATA;1611602683.795567
/ndn/d0-site/d0/C2Data-1818-Type2;92929.0000;DATA;1611602684.294590
/ndn/s11-site/s11/C2Data-4964-Type1;6000744.0000;TIMEOUT;1611602678.822492
/ndn/d8-site/d8/C2Data-2786-Type2;97022.0000;DATA;1611602685.576480
/ndn/h7-site/h7/C2Data-850-Type1;285506.0000;DATA;1611602685.613778
/ndn/d10-site/d10/C2Data-3028-Type2;238621.0000;DATA;1611602686.041727
/ndn/d1-site/d1/C2Data-1939-Type2;263188.0000;DATA;1611602686.461447
/ndn/h4-site/h4/C2Data-487-Type2;239645.0000;DATA;1611602686.741575
/ndn/v2-site/v2/C2Data-800-Type4;146379.0000;DATA;1611602688.263511
/ndn/d7-site/d7/C2Data-550-Type4;117670.0000;DATA;1611602688.327444
/ndn/d10-site/d10/C2Data-625-Type4;248213.0000;DATA;1611602690.628520
/ndn/d2-site/d2/C2Data-1038-Type3;125462.0000;DATA;1611602692.095495
/ndn/h3-site/h3/C2Data-184-Type3;24771.0000;DATA;1611602692.827476
/ndn/v11-site/v11/C2Data-3417-Type3;189308.0000;DATA;1611602692.969635
/ndn/s3-site/s3/C2Data-2014-Type3;6000277.0000;TIMEOUT;1611602689.375499
/ndn/h14-site/h14/C2Data-350-Type4;241712.0000;DATA;1611602696.534230
/ndn/d0-site/d0/C2Data-375-Type4;100317.0000;DATA;1611602697.068540
/ndn/h7-site/h7/C2Data-851-Type1;304338.0000;DATA;1611602705.408542
/ndn/v14-site/v14/C2Data-7143-Type2;213487.0000;DATA;1611602709.143557
/ndn/h1-site/h1/C2Data-25-Type4;148332.0000;DATA;1611602709.375463
/ndn/h0-site/h0/C2Data-0-Type4;264810.0000;DATA;1611602709.944477
/ndn/h5-site/h5/C2Data-609-Type1;199841.0000;DATA;1611602710.303545
/ndn/d12-site/d12/C2Data-3271-Type2;72270.0000;DATA;1611602711.517647
/ndn/v1-site/v1/C2Data-5570-Type1;46886.0000;DATA;1611602713.224006
/ndn/h10-site/h10/C2Data-1214-Type2;167220.0000;DATA;1611602713.173582
/ndn/s6-site/s6/C2Data-4360-Type2;6002001.0000;TIMEOUT;1611602707.810563
/ndn/s8-site/s8/C2Data-4602-Type2;6002292.0000;TIMEOUT;1611602708.663519
/ndn/d10-site/d10/C2Data-3029-Type2;240254.0000;DATA;1611602714.635516
/ndn/v13-site/v13/C2Data-7022-Type1;214092.0000;DATA;1611602715.770283
/ndn/d1-site/d1/C2Data-1940-Type1;264501.0000;DATA;1611602715.930579
/ndn/v0-site/v0/C2Data-5449-Type1;188092.0000;DATA;1611602716.081562
/ndn/s3-site/s3/C2Data-3997-Type2;6007889.0000;TIMEOUT;1611602715.919436
/ndn/h10-site/h10/C2Data-250-Type4;220108.0000;DATA;1611602727.931672
/ndn/v6-site/v6/C2Data-900-Type4;227637.0000;DATA;1611602728.378607
/ndn/v6-site/v6/C2Data-3113-Type3;173756.0000;DATA;1611602730.675535
/ndn/d4-site/d4/C2Data-1161-Type3;190546.0000;DATA;1611602735.147446
/ndn/h11-site/h11/C2Data-1336-Type2;188013.0000;DATA;1611602737.191724
/ndn/h7-site/h7/C2Data-852-Type2;283057.0000;DATA;1611602737.789346
/ndn/v13-site/v13/C2Data-3540-Type3;214647.0000;DATA;1611602738.281534
/ndn/d9-site/d9/C2Data-1466-Type3;146874.0000;DATA;1611602739.513630
/ndn/h12-site/h12/C2Data-1457-Type1;282890.0000;DATA;1611602739.768439
/ndn/v14-site/v14/C2Data-7144-Type1;211402.0000;DATA;1611602740.740526
/ndn/d3-site/d3/C2Data-2183-Type2;164755.0000;DATA;1611602741.097509
/ndn/d12-site/d12/C2Data-3272-Type2;72152.0000;DATA;1611602741.374542
/ndn/v0-site/v0/C2Data-2747-Type3;191167.0000;DATA;1611602741.563504
/ndn/d0-site/d0/C2Data-917-Type3;92152.0000;DATA;1611602742.349521
/ndn/s8-site/s8/C2Data-2320-Type3;6000321.0000;TIMEOUT;1611602736.596709
/ndn/d14-site/d14/C2Data-1771-Type3;187014.0000;DATA;1611602743.961564
/ndn/s12-site/s12/C2Data-5087-Type2;6000534.0000;TIMEOUT;1611602738.215406
/ndn/s9-site/s9/C2Data-4724-Type1;6000279.0000;TIMEOUT;1611602738.422486
/ndn/s9-site/s9/C2Data-2381-Type3;6000346.0000;TIMEOUT;1611602739.140506
/ndn/s10-site/s10/C2Data-4845-Type1;6000266.0000;TIMEOUT;1611602739.525560
/ndn/s10-site/s10/C2Data-4845-Type2;6000987.0000;TIMEOUT;1611602741.116531
/ndn/s3-site/s3/C2Data-2015-Type3;6000248.0000;TIMEOUT;1611602741.860497
/ndn/s12-site/s12/C2Data-2564-Type3;6001803.0000;TIMEOUT;1611602743.795484
/ndn/d12-site/d12/C2Data-1649-Type3;72385.0000;DATA;1611602749.893574
/ndn/s7-site/s7/C2Data-4482-Type2;6000299.0000;TIMEOUT;1611602744.131494
/ndn/h13-site/h13/C2Data-795-Type3;217012.0000;DATA;1611602751.214546
/ndn/v10-site/v10/C2Data-6661-Type2;141150.0000;DATA;1611602767.439656
/ndn/v5-site/v5/C2Data-6056-Type1;26665.0000;DATA;1611602771.161553
/ndn/d6-site/d6/C2Data-2547-Type2;191577.0000;DATA;1611602771.108546
/ndn/s9-site/s9/C2Data-4725-Type2;6001687.0000;TIMEOUT;1611602766.410516
/ndn/s12-site/s12/C2Data-5088-Type1;6000317.0000;TIMEOUT;1611602768.248507
/ndn/v2-site/v2/C2Data-5693-Type1;147229.0000;DATA;1611602774.990475
/ndn/s7-site/s7/C2Data-4483-Type1;6000412.0000;TIMEOUT;1611602769.281531
/ndn/d12-site/d12/C2Data-3273-Type1;73040.0000;DATA;1611602775.467531
/ndn/d11-site/d11/C2Data-3152-Type2;47204.0000;DATA;1611602776.828635
/ndn/s13-site/s13/C2Data-5209-Type2;6001515.0000;TIMEOUT;1611602773.813255
/ndn/s11-site/s11/C2Data-4967-Type1;6000522.0000;TIMEOUT;1611602774.704526
/ndn/h10-site/h10/C2Data-613-Type3;176292.0000;DATA;1611602791.561568
/ndn/v10-site/v10/C2Data-3358-Type3;119573.0000;DATA;1611602792.221758
/ndn/s10-site/s10/C2Data-2443-Type3;6000306.0000;TIMEOUT;1611602789.926475
/ndn/v7-site/v7/C2Data-6299-Type2;47135.0000;DATA;1611602797.012529
/ndn/v13-site/v13/C2Data-3541-Type3;221591.0000;DATA;1611602797.040572
/ndn/d12-site/d12/C2Data-3274-Type1;70405.0000;DATA;1611602798.491405
/ndn/h11-site/h11/C2Data-1338-Type1;191668.0000;DATA;1611602798.463472
/ndn/v11-site/v11/C2Data-3419-Type3;180534.0000;DATA;1611602798.804534
/ndn/d1-site/d1/C2Data-1943-Type1;255285.0000;DATA;1611602799.354448
/ndn/d8-site/d8/C2Data-2790-Type1;95759.0000;DATA;1611602799.662478
