/ndn/s7-site/s7/C2Data-3267-Type1;142636.0000;DATA;1612146638.510141
/ndn/h2-site/h2/C2Data-242-Type2;209159.0000;DATA;1612146639.841470
/ndn/h8-site/h8/C2Data-968-Type1;25922.0000;DATA;1612146641.809556
/ndn/v0-site/v0/C2Data-3630-Type1;72515.0000;DATA;1612146643.199521
/ndn/d9-site/d9/C2Data-2299-Type1;209423.0000;DATA;1612146644.894597
/ndn/v4-site/v4/C2Data-4114-Type1;121461.0000;DATA;1612146647.444762
/ndn/h4-site/h4/C2Data-484-Type1;51451.0000;DATA;1612146647.617144
/ndn/s0-site/s0/C2Data-2420-Type2;147175.0000;DATA;1612146648.821782
/ndn/d5-site/d5/C2Data-1815-Type2;206712.0000;DATA;1612146649.055763
/ndn/d4-site/d4/C2Data-1695-Type1;98158.0000;DATA;1612146668.567291
/ndn/h9-site/h9/C2Data-1090-Type1;228970.0000;DATA;1612146671.261571
/ndn/h9-site/h9/C2Data-549-Type3;221596.0000;DATA;1612146671.308187
/ndn/s5-site/s5/C2Data-3026-Type2;124980.0000;DATA;1612146675.310495
/ndn/d3-site/d3/C2Data-793-Type3;96966.0000;DATA;1612146675.404923
/ndn/v5-site/v5/C2Data-4236-Type2;132818.0000;DATA;1612146675.781092
/ndn/d1-site/d1/C2Data-1332-Type1;187412.0000;DATA;1612146675.794290
/ndn/h0-site/h0/C2Data-1-Type2;170205.0000;DATA;1612146676.705564
/ndn/s3-site/s3/C2Data-2784-Type1;71924.0000;DATA;1612146677.310469
/ndn/s3-site/s3/C2Data-2784-Type2;86628.0000;DATA;1612146677.459649
/ndn/s0-site/s0/C2Data-2421-Type1;144727.0000;DATA;1612146678.455301
/ndn/d9-site/d9/C2Data-2300-Type1;192298.0000;DATA;1612146678.501433
/ndn/d6-site/d6/C2Data-976-Type3;24857.0000;DATA;1612146678.794593
/ndn/s7-site/s7/C2Data-1647-Type3;146289.0000;DATA;1612146682.318576
/ndn/v7-site/v7/C2Data-4479-Type2;140226.0000;DATA;1612146700.656569
/ndn/s7-site/s7/C2Data-3269-Type1;139269.0000;DATA;1612146700.926789
/ndn/d7-site/d7/C2Data-2059-Type2;215117.0000;DATA;1612146701.158296
/ndn/v3-site/v3/C2Data-3995-Type2;185087.0000;DATA;1612146703.413177
/ndn/v3-site/v3/C2Data-3995-Type1;169604.0000;DATA;1612146708.009382
/ndn/d8-site/d8/C2Data-2180-Type2;203973.0000;DATA;1612146708.146948
/ndn/v0-site/v0/C2Data-3632-Type1;71882.0000;DATA;1612146708.481576
/ndn/s8-site/s8/C2Data-1709-Type3;144981.0000;DATA;1612146721.622754
/ndn/h4-site/h4/C2Data-487-Type2;53527.0000;DATA;1612146728.702469
