/ndn/v1-site/v1/C2Data-5566-Type1;25853.0000;DATA;1611603166.386869
/ndn/h5-site/h5/C2Data-605-Type1;169479.0000;DATA;1611603166.330719
/ndn/d13-site/d13/C2Data-3388-Type2;148694.0000;DATA;1611603169.397815
/ndn/h2-site/h2/C2Data-242-Type2;264780.0000;DATA;1611603169.427822
/ndn/s0-site/s0/C2Data-3630-Type1;170337.0000;DATA;1611603169.812788
/ndn/d5-site/d5/C2Data-2420-Type1;61720.0000;DATA;1611603169.970778
/ndn/h8-site/h8/C2Data-968-Type2;147173.0000;DATA;1611603170.227751
/ndn/s12-site/s12/C2Data-5082-Type1;273168.0000;DATA;1611603171.161887
/ndn/d10-site/d10/C2Data-3025-Type1;213743.0000;DATA;1611603171.716741
/ndn/v4-site/v4/C2Data-5929-Type2;49534.0000;DATA;1611603172.000784
/ndn/s13-site/s13/C2Data-5203-Type2;281347.0000;DATA;1611603174.226830
/ndn/s7-site/s7/C2Data-4477-Type1;196767.0000;DATA;1611603175.298733
/ndn/d13-site/d13/C2Data-1708-Type3;149018.0000;DATA;1611603190.640809
/ndn/h9-site/h9/C2Data-549-Type3;161631.0000;DATA;1611603191.981809
/ndn/h4-site/h4/C2Data-244-Type3;215832.0000;DATA;1611603192.447802
/ndn/v5-site/v5/C2Data-3050-Type3;47926.0000;DATA;1611603195.023833
/ndn/s9-site/s9/C2Data-4720-Type2;198719.0000;DATA;1611603195.327765
/ndn/d3-site/d3/C2Data-2179-Type2;143014.0000;DATA;1611603196.493828
/ndn/h14-site/h14/C2Data-1695-Type1;212549.0000;DATA;1611603198.042811
/ndn/s2-site/s2/C2Data-3873-Type1;164178.0000;DATA;1611603198.755802
/ndn/s1-site/s1/C2Data-1891-Type3;286663.0000;DATA;1611603199.905770
/ndn/v0-site/v0/C2Data-2745-Type3;169584.0000;DATA;1611603201.531983
/ndn/s0-site/s0/C2Data-3631-Type2;165061.0000;DATA;1611603202.020937
/ndn/v10-site/v10/C2Data-6656-Type1;95103.0000;DATA;1611603203.250854
/ndn/h1-site/h1/C2Data-122-Type1;117540.0000;DATA;1611603204.197940
/ndn/v2-site/v2/C2Data-2867-Type3;124724.0000;DATA;1611603204.716442
/ndn/s4-site/s4/C2Data-2074-Type3;262326.0000;DATA;1611603204.667803
/ndn/s10-site/s10/C2Data-2440-Type3;238871.0000;DATA;1611603207.132816
/ndn/s13-site/s13/C2Data-2623-Type3;292106.0000;DATA;1611603208.614878
/ndn/v5-site/v5/C2Data-6052-Type1;48571.0000;DATA;1611603225.361804
/ndn/d3-site/d3/C2Data-2180-Type2;140962.0000;DATA;1611603226.507798
/ndn/v12-site/v12/C2Data-6899-Type2;46572.0000;DATA;1611603227.102810
/ndn/h8-site/h8/C2Data-970-Type1;151640.0000;DATA;1611603228.241830
/ndn/v8-site/v8/C2Data-6415-Type2;233431.0000;DATA;1611603231.050982
/ndn/h5-site/h5/C2Data-607-Type1;170291.0000;DATA;1611603231.885796
/ndn/h9-site/h9/C2Data-1091-Type2;147218.0000;DATA;1611603232.589823
/ndn/d6-site/d6/C2Data-2543-Type2;165687.0000;DATA;1611603232.922808
/ndn/s2-site/s2/C2Data-3874-Type1;167926.0000;DATA;1611603233.988788
/ndn/h1-site/h1/C2Data-123-Type1;120742.0000;DATA;1611603235.097768
/ndn/h3-site/h3/C2Data-365-Type1;24191.0000;DATA;1611603235.830898
/ndn/d4-site/d4/C2Data-2301-Type2;176078.0000;DATA;1611603235.686767
/ndn/v12-site/v12/C2Data-3478-Type3;49649.0000;DATA;1611603251.842781
/ndn/d2-site/d2/C2Data-1038-Type3;95206.0000;DATA;1611603252.969811
/ndn/d0-site/d0/C2Data-916-Type3;72393.0000;DATA;1611603253.178064
/ndn/h11-site/h11/C2Data-672-Type3;167844.0000;DATA;1611603254.844764
/ndn/v9-site/v9/C2Data-6537-Type1;236546.0000;DATA;1611603256.311791
/ndn/v13-site/v13/C2Data-7021-Type1;193164.0000;DATA;1611603256.884737
/ndn/d2-site/d2/C2Data-2060-Type1;97999.0000;DATA;1611603257.126742
/ndn/s9-site/s9/C2Data-2380-Type3;189294.0000;DATA;1611603257.255805
/ndn/s11-site/s11/C2Data-2502-Type3;265731.0000;DATA;1611603257.684914
/ndn/s3-site/s3/C2Data-3996-Type1;262390.0000;DATA;1611603257.756795
/ndn/v11-site/v11/C2Data-3417-Type3;146049.0000;DATA;1611603258.380921
/ndn/h0-site/h0/C2Data-1-Type3;237357.0000;DATA;1611603259.785793
/ndn/d8-site/d8/C2Data-2786-Type1;70463.0000;DATA;1611603260.143716
/ndn/h9-site/h9/C2Data-550-Type3;142936.0000;DATA;1611603260.316776
/ndn/s6-site/s6/C2Data-2197-Type3;6000351.0000;TIMEOUT;1611603254.859765
/ndn/v14-site/v14/C2Data-3600-Type3;188947.0000;DATA;1611603261.040827
/ndn/d8-site/d8/C2Data-1404-Type3;69798.0000;DATA;1611603261.272780
/ndn/v6-site/v6/C2Data-6174-Type2;141434.0000;DATA;1611603261.763750
/ndn/v8-site/v8/C2Data-6416-Type1;236899.0000;DATA;1611603262.078742
/ndn/s9-site/s9/C2Data-4722-Type1;191503.0000;DATA;1611603262.600829
/ndn/s0-site/s0/C2Data-3633-Type2;6000301.0000;TIMEOUT;1611603257.398809
/ndn/h11-site/h11/C2Data-1334-Type1;168822.0000;DATA;1611603263.718722
/ndn/s8-site/s8/C2Data-4601-Type2;191241.0000;DATA;1611603263.994531
/ndn/s5-site/s5/C2Data-2136-Type3;71268.0000;DATA;1611603264.301753
/ndn/d2-site/d2/C2Data-2060-Type2;100638.0000;DATA;1611603264.774756
/ndn/s10-site/s10/C2Data-4843-Type2;6000338.0000;TIMEOUT;1611603259.609778
/ndn/d5-site/d5/C2Data-1221-Type3;189258.0000;DATA;1611603265.708859
/ndn/s12-site/s12/C2Data-2563-Type3;6000752.0000;TIMEOUT;1611603261.164814
/ndn/h0-site/h0/C2Data-3-Type1;249422.0000;DATA;1611603267.172833
/ndn/s12-site/s12/C2Data-5085-Type2;6000194.0000;TIMEOUT;1611603262.635736
/ndn/s7-site/s7/C2Data-4480-Type1;6000432.0000;TIMEOUT;1611603262.847604
/ndn/s3-site/s3/C2Data-3996-Type2;6000222.0000;TIMEOUT;1611603263.775812
/ndn/v3-site/v3/C2Data-2929-Type3;218653.0000;DATA;1611603272.028698
/ndn/v6-site/v6/C2Data-900-Type4;177709.0000;DATA;1611603273.993350
/ndn/s7-site/s7/C2Data-2258-Type3;6000253.0000;TIMEOUT;1611603271.006904
/ndn/d12-site/d12/C2Data-675-Type4;49488.0000;DATA;1611603283.061375
/ndn/h2-site/h2/C2Data-246-Type2;266634.0000;DATA;1611603290.189814
/ndn/h12-site/h12/C2Data-1456-Type1;268102.0000;DATA;1611603291.329805
/ndn/d9-site/d9/C2Data-600-Type4;118910.0000;DATA;1611603291.483781
/ndn/s3-site/s3/C2Data-3997-Type1;6000323.0000;TIMEOUT;1611603286.118774
/ndn/h10-site/h10/C2Data-1214-Type1;141933.0000;DATA;1611603294.990753
/ndn/h9-site/h9/C2Data-1093-Type1;142621.0000;DATA;1611603295.013894
/ndn/h14-site/h14/C2Data-1698-Type1;230614.0000;DATA;1611603295.889941
/ndn/h4-site/h4/C2Data-100-Type4;212895.0000;DATA;1611603296.185727
/ndn/h6-site/h6/C2Data-730-Type2;218735.0000;DATA;1611603296.808776
/ndn/h12-site/h12/C2Data-1456-Type2;263493.0000;DATA;1611603297.064815
/ndn/h14-site/h14/C2Data-350-Type4;285093.0000;DATA;1611603304.061838
/ndn/h2-site/h2/C2Data-50-Type4;315642.0000;DATA;1611603307.411792
/ndn/v14-site/v14/C2Data-1100-Type4;207505.0000;DATA;1611603310.324727
/ndn/d6-site/d6/C2Data-2546-Type1;163306.0000;DATA;1611603315.864878
/ndn/h11-site/h11/C2Data-1336-Type1;169030.0000;DATA;1611603315.932768
/ndn/h7-site/h7/C2Data-429-Type3;262209.0000;DATA;1611603316.036815
/ndn/h12-site/h12/C2Data-1457-Type2;262802.0000;DATA;1611603316.993759
/ndn/v3-site/v3/C2Data-5813-Type1;211929.0000;DATA;1611603317.101791
/ndn/v4-site/v4/C2Data-2991-Type3;47390.0000;DATA;1611603317.652805
/ndn/h4-site/h4/C2Data-489-Type1;220070.0000;DATA;1611603318.154874
/ndn/v12-site/v12/C2Data-6902-Type2;50310.0000;DATA;1611603318.701716
/ndn/h14-site/h14/C2Data-1699-Type2;209772.0000;DATA;1611603320.241883
/ndn/d2-site/d2/C2Data-2062-Type2;95214.0000;DATA;1611603321.165737
/ndn/s5-site/s5/C2Data-4240-Type2;6000261.0000;TIMEOUT;1611603315.333762
/ndn/s12-site/s12/C2Data-5087-Type2;6000209.0000;TIMEOUT;1611603316.600838
/ndn/h9-site/h9/C2Data-1094-Type2;144938.0000;DATA;1611603323.351108
/ndn/s8-site/s8/C2Data-4603-Type2;6000474.0000;TIMEOUT;1611603317.743723
/ndn/s13-site/s13/C2Data-5208-Type1;6000482.0000;TIMEOUT;1611603318.030812
/ndn/d1-site/d1/C2Data-1941-Type2;244573.0000;DATA;1611603323.794914
/ndn/h6-site/h6/C2Data-368-Type3;217491.0000;DATA;1611603324.156808
/ndn/h0-site/h0/C2Data-5-Type2;239074.0000;DATA;1611603325.205838
/ndn/s13-site/s13/C2Data-2625-Type3;6000339.0000;TIMEOUT;1611603319.738787
/ndn/h3-site/h3/C2Data-368-Type2;26246.0000;DATA;1611603325.739810
/ndn/h9-site/h9/C2Data-551-Type3;141469.0000;DATA;1611603325.841853
/ndn/d14-site/d14/C2Data-3514-Type2;169953.0000;DATA;1611603326.636818
/ndn/d5-site/d5/C2Data-1222-Type3;190946.0000;DATA;1611603327.111731
/ndn/v9-site/v9/C2Data-6539-Type1;246330.0000;DATA;1611603327.185744
/ndn/s6-site/s6/C2Data-4361-Type2;6000317.0000;TIMEOUT;1611603323.553830
/ndn/s14-site/s14/C2Data-5329-Type2;6000354.0000;TIMEOUT;1611603324.551770
/ndn/v14-site/v14/C2Data-3601-Type3;208945.0000;DATA;1611603331.806818
/ndn/s4-site/s4/C2Data-4119-Type2;6000675.0000;TIMEOUT;1611603326.989001
/ndn/v13-site/v13/C2Data-7024-Type1;191347.0000;DATA;1611603345.852601
/ndn/v8-site/v8/C2Data-6419-Type1;235590.0000;DATA;1611603345.820953
/ndn/d10-site/d10/C2Data-3031-Type1;211115.0000;DATA;1611603346.690716
/ndn/v1-site/v1/C2Data-5572-Type1;23924.0000;DATA;1611603349.530807
/ndn/v0-site/v0/C2Data-5451-Type2;178821.0000;DATA;1611603349.726753
/ndn/v14-site/v14/C2Data-7145-Type2;199269.0000;DATA;1611603349.727502
/ndn/d10-site/d10/C2Data-3031-Type2;216445.0000;DATA;1611603350.638709
/ndn/s8-site/s8/C2Data-4604-Type1;6000438.0000;TIMEOUT;1611603346.114824
/ndn/h8-site/h8/C2Data-974-Type1;140420.0000;DATA;1611603352.339734
/ndn/h0-site/h0/C2Data-6-Type1;233186.0000;DATA;1611603352.251792
/ndn/h1-site/h1/C2Data-127-Type1;116034.0000;DATA;1611603352.726866
/ndn/v10-site/v10/C2Data-6661-Type2;94297.0000;DATA;1611603353.567744
/ndn/s6-site/s6/C2Data-4362-Type1;6000856.0000;TIMEOUT;1611603349.309804
/ndn/s9-site/s9/C2Data-4725-Type2;6001684.0000;TIMEOUT;1611603351.729787
/ndn/s2-site/s2/C2Data-3878-Type2;6007248.0000;TIMEOUT;1611603354.851814
/ndn/d9-site/d9/C2Data-1467-Type3;118357.0000;DATA;1611603372.660843
/ndn/v1-site/v1/C2Data-5573-Type1;23998.0000;DATA;1611603376.139857
/ndn/h12-site/h12/C2Data-1459-Type1;259789.0000;DATA;1611603376.004834
/ndn/v6-site/v6/C2Data-6178-Type2;151604.0000;DATA;1611603376.326893
/ndn/h2-site/h2/C2Data-249-Type1;261321.0000;DATA;1611603377.503806
/ndn/d8-site/d8/C2Data-2790-Type2;73620.0000;DATA;1611603378.369818
/ndn/v3-site/v3/C2Data-5815-Type2;213526.0000;DATA;1611603380.584940
