/ndn/s7-site/s7/C2Data-3267-Type1;125674.0000;DATA;1612145588.686209
/ndn/h2-site/h2/C2Data-242-Type2;72459.0000;DATA;1612145590.018194
/ndn/h8-site/h8/C2Data-968-Type1;25787.0000;DATA;1612145591.985446
/ndn/v0-site/v0/C2Data-3630-Type1;78080.0000;DATA;1612145593.375706
/ndn/d9-site/d9/C2Data-2299-Type1;189848.0000;DATA;1612145595.069500
/ndn/v4-site/v4/C2Data-4114-Type1;143715.0000;DATA;1612145597.620553
/ndn/h4-site/h4/C2Data-484-Type1;25223.0000;DATA;1612145597.793282
/ndn/s0-site/s0/C2Data-2420-Type2;23892.0000;DATA;1612145598.996557
/ndn/d5-site/d5/C2Data-1815-Type2;34675.0000;DATA;1612145599.231741
/ndn/d4-site/d4/C2Data-1695-Type1;106292.0000;DATA;1612145618.743384
/ndn/h9-site/h9/C2Data-1090-Type1;225403.0000;DATA;1612145621.438127
/ndn/h9-site/h9/C2Data-549-Type3;211266.0000;DATA;1612145621.484089
/ndn/s5-site/s5/C2Data-3026-Type2;25001.0000;DATA;1612145625.486505
/ndn/d3-site/d3/C2Data-793-Type3;28885.0000;DATA;1612145625.580987
/ndn/v5-site/v5/C2Data-4236-Type2;25950.0000;DATA;1612145625.955869
/ndn/d1-site/d1/C2Data-1332-Type1;178191.0000;DATA;1612145625.975603
/ndn/h0-site/h0/C2Data-1-Type2;82703.0000;DATA;1612145626.881585
/ndn/s3-site/s3/C2Data-2784-Type1;32931.0000;DATA;1612145627.486422
/ndn/s3-site/s3/C2Data-2784-Type2;24703.0000;DATA;1612145627.635565
/ndn/d9-site/d9/C2Data-2300-Type1;24056.0000;DATA;1612145628.677450
/ndn/s0-site/s0/C2Data-2421-Type1;72809.0000;DATA;1612145628.630650
/ndn/d6-site/d6/C2Data-976-Type3;756.0000;DATA;1612145628.970452
/ndn/s7-site/s7/C2Data-1647-Type3;27791.0000;DATA;1612145632.493993
/ndn/v7-site/v7/C2Data-4479-Type2;151122.0000;DATA;1612145650.927000
/ndn/s7-site/s7/C2Data-3269-Type1;137751.0000;DATA;1612145651.120079
/ndn/d7-site/d7/C2Data-2059-Type2;140875.0000;DATA;1612145651.333632
/ndn/v3-site/v3/C2Data-3995-Type2;26116.0000;DATA;1612145653.590112
/ndn/v3-site/v3/C2Data-3995-Type1;31820.0000;DATA;1612145658.184497
/ndn/d8-site/d8/C2Data-2180-Type2;157927.0000;DATA;1612145658.321450
/ndn/v0-site/v0/C2Data-3632-Type1;71421.0000;DATA;1612145658.658113
/ndn/s8-site/s8/C2Data-1709-Type3;155962.0000;DATA;1612145671.799298
/ndn/h4-site/h4/C2Data-487-Type2;27563.0000;DATA;1612145678.878761
