/ndn/d2-site/d2/C2Data-1452-Type1;185357.0000;DATA;1612145937.276245
/ndn/d8-site/d8/C2Data-2178-Type1;125090.0000;DATA;1612145939.342179
/ndn/v5-site/v5/C2Data-4235-Type2;75743.0000;DATA;1612145939.531195
/ndn/s8-site/s8/C2Data-3388-Type1;24977.0000;DATA;1612145940.077248
/ndn/h1-site/h1/C2Data-121-Type1;87903.0000;DATA;1612145940.300171
/ndn/v8-site/v8/C2Data-4598-Type1;50226.0000;DATA;1612145940.734691
/ndn/h0-site/h0/C2Data-0-Type1;151140.0000;DATA;1612145942.207016
/ndn/s4-site/s4/C2Data-2904-Type1;1048.0000;DATA;1612145942.667796
/ndn/s4-site/s4/C2Data-2904-Type2;99040.0000;DATA;1612145943.443298
/ndn/v4-site/v4/C2Data-4114-Type1;76953.0000;DATA;1612145944.643097
/ndn/h4-site/h4/C2Data-484-Type2;70113.0000;DATA;1612145945.486041
/ndn/s3-site/s3/C2Data-2783-Type2;1566.0000;DATA;1612145946.347760
/ndn/v6-site/v6/C2Data-4356-Type1;784.0000;DATA;1612145947.850855
/ndn/d6-site/d6/C2Data-1936-Type2;2228.0000;DATA;1612145948.226018
/ndn/s5-site/s5/C2Data-3025-Type2;26934.0000;DATA;1612145948.523046
/ndn/d6-site/d6/C2Data-976-Type3;169959.0000;DATA;1612145962.145148
/ndn/d9-site/d9/C2Data-2300-Type1;173595.0000;DATA;1612145966.715915
/ndn/d2-site/d2/C2Data-1453-Type1;167732.0000;DATA;1612145967.130270
/ndn/d4-site/d4/C2Data-854-Type3;121087.0000;DATA;1612145967.672945
/ndn/v9-site/v9/C2Data-2379-Type3;25960.0000;DATA;1612145968.172710
/ndn/d7-site/d7/C2Data-2058-Type1;87676.0000;DATA;1612145969.311674
/ndn/v5-site/v5/C2Data-4236-Type2;74377.0000;DATA;1612145970.417591
/ndn/d6-site/d6/C2Data-1937-Type2;71428.0000;DATA;1612145972.622904
/ndn/h1-site/h1/C2Data-122-Type1;73448.0000;DATA;1612145973.094823
/ndn/s4-site/s4/C2Data-2905-Type1;1561.0000;DATA;1612145973.756920
/ndn/v2-site/v2/C2Data-1952-Type3;49722.0000;DATA;1612145973.881186
/ndn/s1-site/s1/C2Data-2542-Type1;66325.0000;DATA;1612145974.227388
/ndn/h6-site/h6/C2Data-727-Type2;745.0000;DATA;1612145975.997218
/ndn/h5-site/h5/C2Data-606-Type2;75459.0000;DATA;1612145976.024601
/ndn/v9-site/v9/C2Data-4720-Type1;181017.0000;DATA;1612145976.420729
/ndn/v8-site/v8/C2Data-4599-Type1;51005.0000;DATA;1612145976.609992
/ndn/s1-site/s1/C2Data-2542-Type2;749.0000;DATA;1612145976.654889
/ndn/v6-site/v6/C2Data-4357-Type1;25354.0000;DATA;1612145976.868817
/ndn/s0-site/s0/C2Data-1220-Type3;3486.0000;DATA;1612145980.306008
/ndn/d7-site/d7/C2Data-2059-Type2;165181.0000;DATA;1612145997.188204
/ndn/v1-site/v1/C2Data-3753-Type1;79240.0000;DATA;1612146001.663987
/ndn/s1-site/s1/C2Data-2543-Type1;1372.0000;DATA;1612146003.502391
/ndn/d5-site/d5/C2Data-1817-Type2;1785.0000;DATA;1612146004.160150
/ndn/s7-site/s7/C2Data-3269-Type2;93748.0000;DATA;1612146004.927102
/ndn/h9-site/h9/C2Data-1091-Type2;2277.0000;DATA;1612146006.835198
/ndn/d1-site/d1/C2Data-1333-Type1;63493.0000;DATA;1612146008.018141
/ndn/s3-site/s3/C2Data-1404-Type3;221416.0000;DATA;1612146023.904149
/ndn/s1-site/s1/C2Data-2544-Type1;51171.0000;DATA;1612146026.911902
/ndn/s7-site/s7/C2Data-1648-Type3;100045.0000;DATA;1612146027.275989
/ndn/s6-site/s6/C2Data-3149-Type2;192066.0000;DATA;1612146027.487005
/ndn/h4-site/h4/C2Data-487-Type2;79858.0000;DATA;1612146028.642924
/ndn/s4-site/s4/C2Data-2907-Type1;106945.0000;DATA;1612146028.818754
/ndn/h1-site/h1/C2Data-124-Type2;89685.0000;DATA;1612146028.898120
/ndn/h7-site/h7/C2Data-850-Type1;109433.0000;DATA;1612146028.931695
/ndn/v4-site/v4/C2Data-4117-Type1;72719.0000;DATA;1612146029.090932
/ndn/v0-site/v0/C2Data-3633-Type2;97108.0000;DATA;1612146029.155797
/ndn/h1-site/h1/C2Data-124-Type1;51377.0000;DATA;1612146031.673914
/ndn/d3-site/d3/C2Data-1576-Type1;1241.0000;DATA;1612146031.910094
/ndn/d2-site/d2/C2Data-1455-Type1;210375.0000;DATA;1612146031.824223
