/ndn/h1-site/h1/C2Data-121-Type2;148137.0000;DATA;1611602007.937151
/ndn/h11-site/h11/C2Data-1331-Type1;127217.0000;DATA;1611602009.615155
/ndn/d14-site/d14/C2Data-3509-Type1;97382.0000;DATA;1611602010.227162
/ndn/d11-site/d11/C2Data-3146-Type2;245146.0000;DATA;1611602011.189141
/ndn/h4-site/h4/C2Data-484-Type2;213647.0000;DATA;1611602013.608105
/ndn/v12-site/v12/C2Data-6897-Type1;536.0000;NACK;1611602013.822171
/ndn/s13-site/s13/C2Data-5203-Type2;472.0000;NACK;1611602014.544157
/ndn/s1-site/s1/C2Data-3751-Type1;285354.0000;DATA;1611602014.977136
/ndn/v14-site/v14/C2Data-7139-Type1;512.0000;NACK;1611602018.069104
/ndn/s4-site/s4/C2Data-4114-Type1;27417.0000;DATA;1611602018.459115
/ndn/v7-site/v7/C2Data-3172-Type3;494.0000;NACK;1611602034.997125
/ndn/s6-site/s6/C2Data-2196-Type3;283895.0000;DATA;1611602037.836153
/ndn/v4-site/v4/C2Data-2989-Type3;539.0000;NACK;1611602038.182180
/ndn/h3-site/h3/C2Data-364-Type2;264740.0000;DATA;1611602038.667172
/ndn/d14-site/d14/C2Data-3510-Type2;96200.0000;DATA;1611602038.994188
/ndn/v1-site/v1/C2Data-5567-Type2;404.0000;NACK;1611602039.406095
/ndn/s10-site/s10/C2Data-4841-Type1;23819.0000;DATA;1611602039.896150
/ndn/v9-site/v9/C2Data-6535-Type1;235032.0000;DATA;1611602041.318176
/ndn/s12-site/s12/C2Data-5083-Type2;260375.0000;DATA;1611602041.560269
/ndn/s7-site/s7/C2Data-2257-Type3;156740.0000;DATA;1611602041.798115
/ndn/d6-site/d6/C2Data-1281-Type3;262804.0000;DATA;1611602041.707125
/ndn/s13-site/s13/C2Data-5204-Type1;464.0000;NACK;1611602044.113132
/ndn/d3-site/d3/C2Data-1098-Type3;257899.0000;DATA;1611602043.958197
/ndn/v14-site/v14/C2Data-7140-Type2;143777.0000;DATA;1611602044.193086
/ndn/s5-site/s5/C2Data-4236-Type2;211850.0000;DATA;1611602045.987200
/ndn/d8-site/d8/C2Data-2784-Type2;184861.0000;DATA;1611602046.101162
/ndn/v2-site/v2/C2Data-2867-Type3;181458.0000;DATA;1611602050.600102
/ndn/s14-site/s14/C2Data-2684-Type3;172319.0000;DATA;1611602054.930154
/ndn/h6-site/h6/C2Data-728-Type1;210083.0000;DATA;1611602069.262196
/ndn/s12-site/s12/C2Data-5084-Type1;262030.0000;DATA;1611602069.549151
/ndn/s8-site/s8/C2Data-4600-Type1;75393.0000;DATA;1611602070.080199
/ndn/h3-site/h3/C2Data-365-Type2;280158.0000;DATA;1611602070.329168
/ndn/v14-site/v14/C2Data-7141-Type2;140302.0000;DATA;1611602074.162103
/ndn/v2-site/v2/C2Data-5689-Type2;260845.0000;DATA;1611602075.744105
/ndn/s1-site/s1/C2Data-3753-Type2;294026.0000;DATA;1611602077.715127
/ndn/v13-site/v13/C2Data-7020-Type1;95263.0000;DATA;1611602078.414083
/ndn/s6-site/s6/C2Data-4358-Type1;6086443.0000;TIMEOUT;1611602075.389274
/ndn/h0-site/h0/C2Data-1-Type3;282829.0000;DATA;1611602092.186108
/ndn/d12-site/d12/C2Data-1648-Type3;234097.0000;DATA;1611602092.658126
/ndn/d6-site/d6/C2Data-1282-Type3;261309.0000;DATA;1611602093.112191
/ndn/d10-site/d10/C2Data-1526-Type3;237409.0000;DATA;1611602093.831172
/ndn/d9-site/d9/C2Data-1465-Type3;225585.0000;DATA;1611602094.948193
/ndn/v11-site/v11/C2Data-3417-Type3;122625.0000;DATA;1611602095.399124
/ndn/h14-site/h14/C2Data-1697-Type1;46991.0000;DATA;1611602097.837179
/ndn/s11-site/s11/C2Data-4964-Type1;262608.0000;DATA;1611602098.155897
/ndn/d2-site/d2/C2Data-1038-Type3;168289.0000;DATA;1611602098.446135
/ndn/d5-site/d5/C2Data-1221-Type3;189020.0000;DATA;1611602098.674240
/ndn/h1-site/h1/C2Data-124-Type2;145337.0000;DATA;1611602099.248088
/ndn/v8-site/v8/C2Data-6416-Type1;235952.0000;DATA;1611602099.498098
/ndn/h6-site/h6/C2Data-729-Type2;209064.0000;DATA;1611602101.553239
/ndn/v8-site/v8/C2Data-3234-Type3;237003.0000;DATA;1611602101.651158
/ndn/v14-site/v14/C2Data-3600-Type3;143443.0000;DATA;1611602102.863160
/ndn/d11-site/d11/C2Data-1587-Type3;237761.0000;DATA;1611602103.520320
/ndn/s9-site/s9/C2Data-4722-Type2;141965.0000;DATA;1611602104.785941
/ndn/v6-site/v6/C2Data-6174-Type2;122024.0000;DATA;1611602104.877112
/ndn/s7-site/s7/C2Data-2258-Type3;6003822.0000;TIMEOUT;1611602099.394252
/ndn/s2-site/s2/C2Data-1953-Type3;6001564.0000;TIMEOUT;1611602099.787127
/ndn/s11-site/s11/C2Data-2502-Type3;262108.0000;DATA;1611602105.685147
/ndn/d9-site/d9/C2Data-2907-Type1;221154.0000;DATA;1611602105.777162
/ndn/v2-site/v2/C2Data-800-Type4;258120.0000;DATA;1611602106.381152
/ndn/d5-site/d5/C2Data-2423-Type1;192174.0000;DATA;1611602107.842164
/ndn/s14-site/s14/C2Data-5327-Type2;6001003.0000;TIMEOUT;1611602102.101288
/ndn/v3-site/v3/C2Data-5811-Type1;144239.0000;DATA;1611602109.676186
/ndn/v1-site/v1/C2Data-775-Type4;284187.0000;DATA;1611602110.961211
/ndn/s3-site/s3/C2Data-3996-Type2;6000294.0000;TIMEOUT;1611602105.940171
/ndn/s2-site/s2/C2Data-3875-Type1;6000279.0000;TIMEOUT;1611602107.354092
/ndn/v2-site/v2/C2Data-2868-Type3;273020.0000;DATA;1611602113.753246
/ndn/s6-site/s6/C2Data-2197-Type3;6001135.0000;TIMEOUT;1611602115.771270
/ndn/d4-site/d4/C2Data-475-Type4;140852.0000;DATA;1611602125.650642
/ndn/d12-site/d12/C2Data-675-Type4;278779.0000;DATA;1611602126.295128
/ndn/v13-site/v13/C2Data-7022-Type1;97977.0000;DATA;1611602130.283158
/ndn/v3-site/v3/C2Data-5812-Type1;145137.0000;DATA;1611602130.495135
/ndn/h14-site/h14/C2Data-1698-Type1;48584.0000;DATA;1611602130.605209
/ndn/h13-site/h13/C2Data-1577-Type2;124549.0000;DATA;1611602130.754127
/ndn/d13-site/d13/C2Data-3392-Type1;126420.0000;DATA;1611602131.365281
/ndn/v5-site/v5/C2Data-6054-Type2;313193.0000;DATA;1611602132.296873
/ndn/s12-site/s12/C2Data-5086-Type1;6000372.0000;TIMEOUT;1611602128.192146
/ndn/v11-site/v11/C2Data-6780-Type2;117112.0000;DATA;1611602134.475214
/ndn/v14-site/v14/C2Data-7143-Type1;154361.0000;DATA;1611602134.986188
/ndn/h1-site/h1/C2Data-125-Type2;141141.0000;DATA;1611602135.437137
/ndn/d10-site/d10/C2Data-625-Type4;219374.0000;DATA;1611602135.723193
/ndn/h2-site/h2/C2Data-246-Type2;24141.0000;DATA;1611602136.072121
/ndn/s0-site/s0/C2Data-3634-Type1;6000209.0000;TIMEOUT;1611602130.826230
/ndn/h2-site/h2/C2Data-246-Type1;24024.0000;DATA;1611602137.038115
/ndn/s2-site/s2/C2Data-3876-Type2;6000219.0000;TIMEOUT;1611602131.364092
/ndn/d12-site/d12/C2Data-3271-Type1;218076.0000;DATA;1611602137.219269
/ndn/d11-site/d11/C2Data-3150-Type2;232707.0000;DATA;1611602137.384115
/ndn/h13-site/h13/C2Data-1577-Type1;119917.0000;DATA;1611602137.755159
/ndn/s8-site/s8/C2Data-4602-Type1;6000291.0000;TIMEOUT;1611602132.417098
/ndn/s0-site/s0/C2Data-3634-Type2;6000711.0000;TIMEOUT;1611602132.775127
/ndn/h5-site/h5/C2Data-125-Type4;179376.0000;DATA;1611602139.996656
/ndn/h14-site/h14/C2Data-350-Type4;67034.0000;DATA;1611602140.949938
/ndn/s1-site/s1/C2Data-3755-Type1;6001041.0000;TIMEOUT;1611602136.561151
/ndn/s3-site/s3/C2Data-3997-Type1;6000745.0000;TIMEOUT;1611602138.091184
/ndn/h2-site/h2/C2Data-50-Type4;23724.0000;DATA;1611602144.555360
/ndn/d8-site/d8/C2Data-575-Type4;234144.0000;DATA;1611602146.358454
/ndn/d10-site/d10/C2Data-1527-Type3;232026.0000;DATA;1611602156.840139
/ndn/d5-site/d5/C2Data-2425-Type1;188307.0000;DATA;1611602158.910232
/ndn/d10-site/d10/C2Data-3030-Type1;218396.0000;DATA;1611602159.601182
/ndn/d14-site/d14/C2Data-725-Type4;92760.0000;DATA;1611602159.872099
/ndn/v6-site/v6/C2Data-6176-Type2;115856.0000;DATA;1611602160.924176
/ndn/s9-site/s9/C2Data-2381-Type3;6001060.0000;TIMEOUT;1611602156.204142
/ndn/d8-site/d8/C2Data-1405-Type3;189357.0000;DATA;1611602163.711147
/ndn/s3-site/s3/C2Data-2015-Type3;6000313.0000;TIMEOUT;1611602158.566099
/ndn/h1-site/h1/C2Data-126-Type1;147274.0000;DATA;1611602165.119218
/ndn/s3-site/s3/C2Data-3998-Type2;6000578.0000;TIMEOUT;1611602159.357140
/ndn/v10-site/v10/C2Data-6660-Type2;232199.0000;DATA;1611602165.747200
/ndn/h0-site/h0/C2Data-2-Type3;238127.0000;DATA;1611602166.930197
/ndn/s9-site/s9/C2Data-4724-Type2;6001130.0000;TIMEOUT;1611602161.642095
/ndn/d5-site/d5/C2Data-2425-Type2;192510.0000;DATA;1611602168.035230
/ndn/d12-site/d12/C2Data-3272-Type2;212250.0000;DATA;1611602168.665157
/ndn/d9-site/d9/C2Data-1466-Type3;212459.0000;DATA;1611602168.906107
/ndn/s4-site/s4/C2Data-4119-Type1;6000566.0000;TIMEOUT;1611602163.692206
/ndn/h2-site/h2/C2Data-247-Type1;25959.0000;DATA;1611602169.766111
/ndn/h10-site/h10/C2Data-612-Type3;292110.0000;DATA;1611602169.501139
/ndn/v11-site/v11/C2Data-6781-Type2;128683.0000;DATA;1611602169.759213
/ndn/s5-site/s5/C2Data-4240-Type2;6000292.0000;TIMEOUT;1611602166.102234
/ndn/s4-site/s4/C2Data-2076-Type3;6001499.0000;TIMEOUT;1611602166.285195
/ndn/s0-site/s0/C2Data-3635-Type2;6000255.0000;TIMEOUT;1611602166.757124
/ndn/h14-site/h14/C2Data-856-Type3;55016.0000;DATA;1611602173.837103
/ndn/v3-site/v3/C2Data-2930-Type3;156309.0000;DATA;1611602174.864179
/ndn/s10-site/s10/C2Data-2442-Type3;6000415.0000;TIMEOUT;1611602173.171121
/ndn/s0-site/s0/C2Data-1832-Type3;6024413.0000;TIMEOUT;1611602175.778095
/ndn/d12-site/d12/C2Data-3273-Type2;212084.0000;DATA;1611602189.878166
/ndn/d1-site/d1/C2Data-1942-Type2;54789.0000;DATA;1611602190.055210
/ndn/d3-site/d3/C2Data-2184-Type1;261827.0000;DATA;1611602190.589165
/ndn/v9-site/v9/C2Data-6540-Type1;251080.0000;DATA;1611602192.234114
/ndn/s12-site/s12/C2Data-5088-Type2;6009232.0000;TIMEOUT;1611602188.466099
/ndn/v4-site/v4/C2Data-5935-Type2;317584.0000;DATA;1611602194.501190
/ndn/d2-site/d2/C2Data-2063-Type2;166485.0000;DATA;1611602195.271131
/ndn/d9-site/d9/C2Data-2910-Type1;214941.0000;DATA;1611602197.851147
/ndn/d14-site/d14/C2Data-3515-Type1;99543.0000;DATA;1611602198.467453
/ndn/s8-site/s8/C2Data-4604-Type2;6000242.0000;TIMEOUT;1611602192.773200
/ndn/h1-site/h1/C2Data-127-Type2;140907.0000;DATA;1611602199.466198
/ndn/s1-site/s1/C2Data-3757-Type2;6000284.0000;TIMEOUT;1611602197.224148
/ndn/s11-site/s11/C2Data-4967-Type2;6001667.0000;TIMEOUT;1611602197.845304
/ndn/s10-site/s10/C2Data-4846-Type2;6002310.0000;TIMEOUT;1611602199.138164
/ndn/h4-site/h4/C2Data-247-Type3;218122.0000;DATA;1611602211.927177
/ndn/h8-site/h8/C2Data-491-Type3;242123.0000;DATA;1611602217.440164
/ndn/h13-site/h13/C2Data-796-Type3;120392.0000;DATA;1611602219.244117
/ndn/h0-site/h0/C2Data-3-Type3;237864.0000;DATA;1611602220.478119
/ndn/v0-site/v0/C2Data-5452-Type2;259174.0000;DATA;1611602221.915221
/ndn/d1-site/d1/C2Data-979-Type3;49001.0000;DATA;1611602223.418200
