/ndn/s8-site/s8/C2Data-4598-Type1;175328.0000;DATA;1611606832.683253
/ndn/h9-site/h9/C2Data-1089-Type1;47421.0000;DATA;1611606833.827209
/ndn/s12-site/s12/C2Data-5082-Type2;179746.0000;DATA;1611606835.522229
/ndn/v8-site/v8/C2Data-6413-Type1;596.0000;NACK;1611606835.994208
/ndn/h4-site/h4/C2Data-484-Type2;120974.0000;DATA;1611606836.507284
/ndn/v3-site/v3/C2Data-5808-Type1;124018.0000;DATA;1611606837.908331
/ndn/d8-site/d8/C2Data-2783-Type1;69606.0000;DATA;1611606838.006227
/ndn/v14-site/v14/C2Data-7139-Type1;95138.0000;DATA;1611606838.685222
/ndn/d9-site/d9/C2Data-2904-Type1;23934.0000;DATA;1611606842.238245
/ndn/h10-site/h10/C2Data-1210-Type1;51852.0000;DATA;1611606842.354233
/ndn/v0-site/v0/C2Data-5445-Type2;70904.0000;DATA;1611606842.558400
/ndn/s6-site/s6/C2Data-4356-Type1;46523.0000;DATA;1611606843.049239
/ndn/s10-site/s10/C2Data-4840-Type2;22089.0000;NACK;1611606843.965163
/ndn/s10-site/s10/C2Data-2440-Type3;21100.0000;NACK;1611606856.262854
/ndn/s7-site/s7/C2Data-2257-Type3;161960.0000;DATA;1611606857.917148
/ndn/h4-site/h4/C2Data-244-Type3;122779.0000;DATA;1611606858.437251
/ndn/v4-site/v4/C2Data-2989-Type3;145525.0000;DATA;1611606859.405165
/ndn/h9-site/h9/C2Data-549-Type3;49776.0000;DATA;1611606862.157177
/ndn/v8-site/v8/C2Data-6414-Type1;142975.0000;DATA;1611606862.901280
/ndn/h12-site/h12/C2Data-732-Type3;21028.0000;NACK;1611606863.286266
/ndn/d9-site/d9/C2Data-2905-Type2;24380.0000;DATA;1611606864.533205
/ndn/s2-site/s2/C2Data-3873-Type2;140413.0000;DATA;1611606864.883303
/ndn/v7-site/v7/C2Data-3172-Type3;97322.0000;DATA;1611606864.989235
/ndn/d9-site/d9/C2Data-1464-Type3;25439.0000;DATA;1611606865.464251
/ndn/s5-site/s5/C2Data-4236-Type1;23656.0000;DATA;1611606865.812288
/ndn/v1-site/v1/C2Data-5567-Type2;122065.0000;DATA;1611606867.304328
/ndn/s1-site/s1/C2Data-1891-Type3;194427.0000;DATA;1611606868.095282
/ndn/v13-site/v13/C2Data-7019-Type1;141624.0000;DATA;1611606868.591186
/ndn/d12-site/d12/C2Data-1647-Type3;48784.0000;DATA;1611606869.246231
/ndn/d10-site/d10/C2Data-1525-Type3;123312.0000;DATA;1611606869.178214
/ndn/h1-site/h1/C2Data-61-Type3;92517.0000;DATA;1611606869.478254
/ndn/d0-site/d0/C2Data-1816-Type1;50656.0000;DATA;1611606869.834208
/ndn/h13-site/h13/C2Data-793-Type3;121373.0000;DATA;1611606870.609300
/ndn/v11-site/v11/C2Data-6777-Type1;117889.0000;DATA;1611606871.020246
/ndn/h12-site/h12/C2Data-1453-Type2;159402.0000;DATA;1611606872.555262
/ndn/v9-site/v9/C2Data-6535-Type2;140498.0000;DATA;1611606872.943236
/ndn/v6-site/v6/C2Data-6172-Type2;109971.0000;NACK;1611606873.084160
/ndn/s2-site/s2/C2Data-3873-Type1;140854.0000;DATA;1611606874.046174
/ndn/s0-site/s0/C2Data-3631-Type1;76352.0000;DATA;1611606874.208215
/ndn/v9-site/v9/C2Data-3294-Type3;149549.0000;DATA;1611606875.332235
/ndn/h6-site/h6/C2Data-366-Type3;31538.0000;DATA;1611606876.186250
/ndn/h10-site/h10/C2Data-610-Type3;49402.0000;DATA;1611606876.212320
/ndn/h11-site/h11/C2Data-671-Type3;146360.0000;DATA;1611606876.290230
/ndn/h7-site/h7/C2Data-427-Type3;171107.0000;DATA;1611606879.280250
/ndn/d8-site/d8/C2Data-2785-Type2;73266.0000;DATA;1611606894.569243
/ndn/h14-site/h14/C2Data-1696-Type2;192314.0000;DATA;1611606894.754272
/ndn/v7-site/v7/C2Data-6294-Type1;98353.0000;DATA;1611606896.237022
/ndn/v14-site/v14/C2Data-7141-Type2;104576.0000;DATA;1611606896.721230
/ndn/s1-site/s1/C2Data-3753-Type1;196311.0000;DATA;1611606898.209300
/ndn/v1-site/v1/C2Data-5568-Type2;122287.0000;DATA;1611606899.343150
/ndn/v0-site/v0/C2Data-5447-Type1;74462.0000;DATA;1611606900.889413
/ndn/v4-site/v4/C2Data-5931-Type2;149711.0000;DATA;1611606901.390231
/ndn/h12-site/h12/C2Data-1454-Type1;243096.0000;DATA;1611606901.525231
/ndn/d10-site/d10/C2Data-3027-Type2;125210.0000;DATA;1611606901.763436
/ndn/d11-site/d11/C2Data-1587-Type3;78191.0000;DATA;1611606917.975218
/ndn/s11-site/s11/C2Data-2502-Type3;172863.0000;DATA;1611606919.378185
/ndn/h7-site/h7/C2Data-428-Type3;164149.0000;DATA;1611606920.001223
/ndn/d5-site/d5/C2Data-1221-Type3;102441.0000;DATA;1611606921.120262
/ndn/h3-site/h3/C2Data-184-Type3;99856.0000;DATA;1611606922.089238
/ndn/v14-site/v14/C2Data-7142-Type1;95372.0000;DATA;1611606923.481259
/ndn/v10-site/v10/C2Data-3356-Type3;26066.0000;DATA;1611606924.350226
/ndn/v1-site/v1/C2Data-2807-Type3;126197.0000;DATA;1611606924.487298
/ndn/h4-site/h4/C2Data-487-Type2;120055.0000;DATA;1611606925.171147
/ndn/v4-site/v4/C2Data-5932-Type2;142399.0000;DATA;1611606925.374155
/ndn/h9-site/h9/C2Data-1092-Type1;48369.0000;DATA;1611606925.810228
/ndn/v14-site/v14/C2Data-7142-Type2;97629.0000;DATA;1611606925.939362
/ndn/h0-site/h0/C2Data-3-Type1;141742.0000;DATA;1611606926.752145
/ndn/h9-site/h9/C2Data-550-Type3;47602.0000;DATA;1611606927.529279
/ndn/d14-site/d14/C2Data-1770-Type3;144143.0000;DATA;1611606928.975245
/ndn/v5-site/v5/C2Data-6053-Type2;138501.0000;DATA;1611606929.123228
/ndn/v9-site/v9/C2Data-6537-Type1;143735.0000;DATA;1611606929.365288
/ndn/v12-site/v12/C2Data-3478-Type3;119523.0000;DATA;1611606930.267248
/ndn/d4-site/d4/C2Data-2302-Type2;149133.0000;DATA;1611606930.931260
/ndn/s0-site/s0/C2Data-3633-Type1;6000230.0000;TIMEOUT;1611606925.139182
/ndn/d0-site/d0/C2Data-1818-Type1;48135.0000;DATA;1611606931.262226
/ndn/h7-site/h7/C2Data-850-Type2;171638.0000;DATA;1611606932.109222
/ndn/h6-site/h6/C2Data-729-Type2;124260.0000;DATA;1611606933.746159
/ndn/s2-site/s2/C2Data-1953-Type3;6000317.0000;TIMEOUT;1611606929.184248
/ndn/h5-site/h5/C2Data-306-Type3;72260.0000;DATA;1611606936.992204
/ndn/s9-site/s9/C2Data-4722-Type2;6000526.0000;TIMEOUT;1611606931.930199
/ndn/s1-site/s1/C2Data-3754-Type1;6000233.0000;TIMEOUT;1611606932.319258
/ndn/d10-site/d10/C2Data-1526-Type3;118561.0000;DATA;1611606938.903219
/ndn/s8-site/s8/C2Data-4601-Type1;6001863.0000;TIMEOUT;1611606933.210210
/ndn/h11-site/h11/C2Data-672-Type3;145227.0000;DATA;1611606939.342246
/ndn/h11-site/h11/C2Data-275-Type4;151652.0000;DATA;1611606941.684275
/ndn/s4-site/s4/C2Data-2075-Type3;6000889.0000;TIMEOUT;1611606936.167216
/ndn/d6-site/d6/C2Data-525-Type4;69616.0000;DATA;1611606947.754613
/ndn/h6-site/h6/C2Data-730-Type1;117645.0000;DATA;1611606955.409143
/ndn/v2-site/v2/C2Data-5691-Type1;28236.0000;DATA;1611606955.834219
/ndn/v10-site/v10/C2Data-6659-Type2;23735.0000;DATA;1611606955.883304
/ndn/h7-site/h7/C2Data-851-Type2;198506.0000;DATA;1611606956.089229
/ndn/d10-site/d10/C2Data-3029-Type2;130361.0000;DATA;1611606956.279254
/ndn/v14-site/v14/C2Data-7143-Type2;96090.0000;DATA;1611606956.570186
/ndn/v5-site/v5/C2Data-875-Type4;138665.0000;DATA;1611606956.630158
/ndn/v8-site/v8/C2Data-6417-Type1;144214.0000;DATA;1611606959.926250
/ndn/d0-site/d0/C2Data-1819-Type2;46522.0000;DATA;1611606960.757254
/ndn/h2-site/h2/C2Data-246-Type2;236145.0000;DATA;1611606962.888286
/ndn/h12-site/h12/C2Data-300-Type4;253520.0000;DATA;1611606965.694315
/ndn/v7-site/v7/C2Data-925-Type4;112689.0000;DATA;1611606968.174244
/ndn/d8-site/d8/C2Data-575-Type4;82426.0000;DATA;1611606970.987259
/ndn/v2-site/v2/C2Data-2869-Type3;24108.0000;DATA;1611606978.014265
/ndn/h9-site/h9/C2Data-225-Type4;47713.0000;DATA;1611606979.225245
/ndn/v3-site/v3/C2Data-2930-Type3;116711.0000;DATA;1611606982.755142
/ndn/v13-site/v13/C2Data-7023-Type1;147133.0000;DATA;1611606983.137190
/ndn/h11-site/h11/C2Data-1336-Type2;143857.0000;DATA;1611606983.513223
/ndn/d5-site/d5/C2Data-500-Type4;96200.0000;DATA;1611606984.572147
/ndn/h9-site/h9/C2Data-551-Type3;46389.0000;DATA;1611606985.225243
/ndn/h13-site/h13/C2Data-1578-Type1;118555.0000;DATA;1611606986.186306
/ndn/d6-site/d6/C2Data-1283-Type3;69676.0000;DATA;1611606986.649229
/ndn/v3-site/v3/C2Data-5813-Type1;122560.0000;DATA;1611606987.258145
/ndn/d2-site/d2/C2Data-2062-Type1;74197.0000;DATA;1611606987.639221
/ndn/s14-site/s14/C2Data-5329-Type1;6000298.0000;TIMEOUT;1611606982.400225
/ndn/v12-site/v12/C2Data-6902-Type1;120605.0000;DATA;1611606988.806198
/ndn/d10-site/d10/C2Data-1527-Type3;127347.0000;DATA;1611606989.590171
/ndn/h10-site/h10/C2Data-612-Type3;48356.0000;DATA;1611606989.825238
/ndn/h8-site/h8/C2Data-490-Type3;47443.0000;DATA;1611606990.842148
/ndn/v6-site/v6/C2Data-3113-Type3;114044.0000;NACK;1611606991.646148
/ndn/v5-site/v5/C2Data-6055-Type2;144810.0000;DATA;1611606992.265156
/ndn/s5-site/s5/C2Data-4240-Type2;6000215.0000;TIMEOUT;1611606987.053200
/ndn/v0-site/v0/C2Data-2747-Type3;73072.0000;DATA;1611606993.029245
/ndn/v14-site/v14/C2Data-3601-Type3;95824.0000;DATA;1611606993.046227
/ndn/s8-site/s8/C2Data-4603-Type1;6000563.0000;TIMEOUT;1611606988.459250
/ndn/v5-site/v5/C2Data-3052-Type3;142220.0000;DATA;1611606994.877344
/ndn/v13-site/v13/C2Data-3540-Type3;151432.0000;DATA;1611606995.846341
/ndn/s11-site/s11/C2Data-2503-Type3;6000215.0000;TIMEOUT;1611606990.953176
/ndn/d4-site/d4/C2Data-1161-Type3;155046.0000;DATA;1611606998.083273
/ndn/h6-site/h6/C2Data-368-Type3;121278.0000;DATA;1611606998.225208
/ndn/v2-site/v2/C2Data-5693-Type2;26223.0000;DATA;1611607014.078195
/ndn/v3-site/v3/C2Data-5814-Type1;125699.0000;DATA;1611607014.794220
/ndn/h9-site/h9/C2Data-1095-Type1;49024.0000;DATA;1611607014.892167
/ndn/h10-site/h10/C2Data-1216-Type1;59160.0000;DATA;1611607018.721153
/ndn/s8-site/s8/C2Data-4604-Type2;6000265.0000;TIMEOUT;1611607012.917218
/ndn/d9-site/d9/C2Data-2910-Type1;23641.0000;DATA;1611607019.272234
/ndn/s0-site/s0/C2Data-3636-Type2;6000312.0000;TIMEOUT;1611607013.700263
/ndn/d11-site/d11/C2Data-3152-Type1;74751.0000;DATA;1611607020.285279
/ndn/h9-site/h9/C2Data-1095-Type2;50138.0000;DATA;1611607021.747192
/ndn/s2-site/s2/C2Data-3878-Type1;6000409.0000;TIMEOUT;1611607018.484141
/ndn/s0-site/s0/C2Data-3636-Type1;6001501.0000;TIMEOUT;1611607018.975281
/ndn/s11-site/s11/C2Data-4967-Type1;6001105.0000;TIMEOUT;1611607023.799236
/ndn/v0-site/v0/C2Data-2748-Type3;76029.0000;DATA;1611607040.572484
/ndn/v14-site/v14/C2Data-3602-Type3;98867.0000;DATA;1611607040.772223
/ndn/v3-site/v3/C2Data-2931-Type3;120441.0000;DATA;1611607040.817228
/ndn/v8-site/v8/C2Data-3236-Type3;144510.0000;DATA;1611607041.820255
/ndn/v14-site/v14/C2Data-7146-Type1;98153.0000;DATA;1611607043.383248
/ndn/d12-site/d12/C2Data-3274-Type1;47304.0000;DATA;1611607044.749140
/ndn/h9-site/h9/C2Data-552-Type3;47169.0000;DATA;1611607045.451240
/ndn/s7-site/s7/C2Data-2260-Type3;6000456.0000;TIMEOUT;1611607039.582189
/ndn/v4-site/v4/C2Data-5936-Type2;141977.0000;DATA;1611607045.452120
/ndn/d5-site/d5/C2Data-1223-Type3;95015.0000;DATA;1611607046.074228
/ndn/h6-site/h6/C2Data-733-Type1;116641.0000;DATA;1611607046.090276
/ndn/h9-site/h9/C2Data-1096-Type1;47346.0000;DATA;1611607046.898224
/ndn/d1-site/d1/C2Data-979-Type3;233424.0000;DATA;1611607047.086237
/ndn/v10-site/v10/C2Data-6662-Type1;25390.0000;DATA;1611607048.157145
