/ndn/h9-site/h9/C2Data-1089-Type1;97840.0000;DATA;1612147691.286602
/ndn/s1-site/s1/C2Data-2541-Type2;73885.0000;DATA;1612147691.523626
/ndn/v5-site/v5/C2Data-4235-Type2;123317.0000;DATA;1612147692.215198
/ndn/h3-site/h3/C2Data-363-Type2;49566.0000;DATA;1612147693.076752
/ndn/h9-site/h9/C2Data-1089-Type2;97240.0000;DATA;1612147693.572081
/ndn/d6-site/d6/C2Data-1936-Type1;175745.0000;DATA;1612147697.561219
/ndn/s7-site/s7/C2Data-3267-Type2;172448.0000;DATA;1612147697.653324
/ndn/d5-site/d5/C2Data-1815-Type2;189872.0000;DATA;1612147697.741313
/ndn/h7-site/h7/C2Data-427-Type3;135866.0000;DATA;1612147713.899081
/ndn/s9-site/s9/C2Data-1769-Type3;118482.0000;DATA;1612147717.050519
/ndn/v9-site/v9/C2Data-2379-Type3;181471.0000;DATA;1612147717.290464
/ndn/h3-site/h3/C2Data-183-Type3;51866.0000;DATA;1612147717.443985
/ndn/s7-site/s7/C2Data-1647-Type3;261059.0000;DATA;1612147717.801452
/ndn/d6-site/d6/C2Data-1937-Type2;183854.0000;DATA;1612147720.110328
/ndn/d9-site/d9/C2Data-1159-Type3;193460.0000;DATA;1612147720.115350
/ndn/d5-site/d5/C2Data-1816-Type2;171916.0000;DATA;1612147722.975081
/ndn/v2-site/v2/C2Data-3873-Type1;74436.0000;DATA;1612147723.669257
/ndn/v1-site/v1/C2Data-3752-Type2;98307.0000;DATA;1612147724.619221
/ndn/d2-site/d2/C2Data-1453-Type2;169157.0000;DATA;1612147725.894668
/ndn/s3-site/s3/C2Data-2784-Type1;125699.0000;DATA;1612147727.249645
/ndn/d7-site/d7/C2Data-1037-Type3;89228.0000;DATA;1612147727.995013
/ndn/d6-site/d6/C2Data-976-Type3;183454.0000;DATA;1612147727.900174
/ndn/s0-site/s0/C2Data-1220-Type3;26399.0000;DATA;1612147728.742643
/ndn/s0-site/s0/C2Data-2421-Type1;25793.0000;DATA;1612147728.978557
/ndn/d7-site/d7/C2Data-2058-Type1;74106.0000;DATA;1612147729.471231
/ndn/s4-site/s4/C2Data-1464-Type3;153930.0000;DATA;1612147731.124458
/ndn/h9-site/h9/C2Data-549-Type3;129899.0000;DATA;1612147731.365743
/ndn/h0-site/h0/C2Data-0-Type3;186210.0000;DATA;1612147731.391819
/ndn/v7-site/v7/C2Data-2257-Type3;235150.0000;DATA;1612147732.060101
/ndn/v5-site/v5/C2Data-2135-Type3;190287.0000;DATA;1612147733.135389
/ndn/d6-site/d6/C2Data-1938-Type1;239833.0000;DATA;1612147752.590052
/ndn/s6-site/s6/C2Data-3148-Type2;170412.0000;DATA;1612147753.746052
/ndn/v2-site/v2/C2Data-3874-Type1;85950.0000;DATA;1612147758.312795
/ndn/h1-site/h1/C2Data-123-Type2;101565.0000;DATA;1612147759.773950
/ndn/s2-site/s2/C2Data-1343-Type3;53985.0000;DATA;1612147778.591061
/ndn/d5-site/d5/C2Data-916-Type3;191567.0000;DATA;1612147779.817410
/ndn/d2-site/d2/C2Data-733-Type3;201433.0000;DATA;1612147779.882563
/ndn/s5-site/s5/C2Data-3028-Type1;25379.0000;DATA;1612147781.183027
/ndn/v7-site/v7/C2Data-4480-Type2;179798.0000;DATA;1612147781.911918
/ndn/s6-site/s6/C2Data-3149-Type2;169719.0000;DATA;1612147782.671015
/ndn/d8-site/d8/C2Data-2181-Type1;133053.0000;DATA;1612147782.911253
/ndn/s4-site/s4/C2Data-2907-Type1;96046.0000;DATA;1612147784.247273
