/ndn/d1-site/d1/C2Data-1936-Type1;122411.0000;DATA;1611606254.698737
/ndn/h6-site/h6/C2Data-726-Type2;187625.0000;DATA;1611606254.731722
/ndn/v8-site/v8/C2Data-6413-Type2;472.0000;NACK;1611606255.276746
/ndn/s11-site/s11/C2Data-4961-Type2;225131.0000;DATA;1611606257.118752
/ndn/s8-site/s8/C2Data-4598-Type2;69648.0000;DATA;1611606259.660835
/ndn/v11-site/v11/C2Data-6776-Type1;25511.0000;DATA;1611606261.468725
/ndn/s9-site/s9/C2Data-4719-Type1;92876.0000;DATA;1611606262.665798
/ndn/d13-site/d13/C2Data-3388-Type2;23854.0000;DATA;1611606263.012835
/ndn/v1-site/v1/C2Data-5566-Type2;147610.0000;DATA;1611606263.242787
/ndn/s6-site/s6/C2Data-4356-Type2;147863.0000;DATA;1611606263.417684
/ndn/h2-site/h2/C2Data-242-Type2;143855.0000;DATA;1611606263.682832
/ndn/v9-site/v9/C2Data-6534-Type1;191317.0000;DATA;1611606264.182814
/ndn/v9-site/v9/C2Data-6534-Type2;193458.0000;DATA;1611606265.745131
/ndn/s13-site/s13/C2Data-2623-Type3;244746.0000;DATA;1611606281.358778
/ndn/v12-site/v12/C2Data-6898-Type1;141031.0000;DATA;1611606285.904761
/ndn/v14-site/v14/C2Data-3599-Type3;96763.0000;DATA;1611606287.027698
/ndn/v2-site/v2/C2Data-5688-Type1;134599.0000;DATA;1611606287.257815
/ndn/v5-site/v5/C2Data-6051-Type2;163381.0000;DATA;1611606287.290693
/ndn/h5-site/h5/C2Data-305-Type3;118450.0000;DATA;1611606287.363793
/ndn/s3-site/s3/C2Data-3994-Type2;209602.0000;DATA;1611606289.141880
/ndn/h9-site/h9/C2Data-549-Type3;140870.0000;DATA;1611606291.345724
/ndn/d6-site/d6/C2Data-1281-Type3;164501.0000;DATA;1611606291.341735
/ndn/h14-site/h14/C2Data-1695-Type2;93552.0000;DATA;1611606292.606796
/ndn/h8-site/h8/C2Data-969-Type1;140581.0000;DATA;1611606292.848775
/ndn/s7-site/s7/C2Data-4478-Type2;73204.0000;DATA;1611606292.927710
/ndn/v3-site/v3/C2Data-5809-Type1;94611.0000;DATA;1611606293.184828
/ndn/s12-site/s12/C2Data-5083-Type1;214642.0000;DATA;1611606293.523780
/ndn/d7-site/d7/C2Data-1342-Type3;92975.0000;DATA;1611606293.836784
/ndn/s2-site/s2/C2Data-3873-Type1;46966.0000;DATA;1611606295.739758
/ndn/h10-site/h10/C2Data-1211-Type1;142305.0000;DATA;1611606295.795854
/ndn/d2-site/d2/C2Data-1037-Type3;24752.0000;DATA;1611606299.171724
/ndn/h12-site/h12/C2Data-732-Type3;148442.0000;DATA;1611606301.052777
/ndn/d10-site/d10/C2Data-1525-Type3;168293.0000;DATA;1611606301.319764
/ndn/v9-site/v9/C2Data-3294-Type3;228934.0000;DATA;1611606301.423700
/ndn/h5-site/h5/C2Data-607-Type1;115872.0000;DATA;1611606314.228696
/ndn/v6-site/v6/C2Data-6173-Type1;23508.0000;DATA;1611606314.501831
/ndn/h9-site/h9/C2Data-1091-Type1;144926.0000;DATA;1611606314.976767
/ndn/h11-site/h11/C2Data-1333-Type2;47191.0000;DATA;1611606315.292718
/ndn/s7-site/s7/C2Data-4479-Type2;73259.0000;DATA;1611606316.023735
/ndn/d2-site/d2/C2Data-2059-Type2;24454.0000;DATA;1611606317.762811
/ndn/v10-site/v10/C2Data-6657-Type1;96845.0000;DATA;1611606320.989711
/ndn/s1-site/s1/C2Data-3753-Type2;240518.0000;DATA;1611606320.934817
/ndn/s8-site/s8/C2Data-4600-Type1;76192.0000;DATA;1611606322.259697
/ndn/d6-site/d6/C2Data-2543-Type2;166151.0000;DATA;1611606322.779730
/ndn/d3-site/d3/C2Data-2180-Type1;143600.0000;DATA;1611606323.253783
/ndn/s1-site/s1/C2Data-3753-Type1;238689.0000;DATA;1611606323.824861
/ndn/s12-site/s12/C2Data-5084-Type1;222587.0000;DATA;1611606325.026705
/ndn/s14-site/s14/C2Data-5326-Type2;6000304.0000;TIMEOUT;1611606324.091833
/ndn/s0-site/s0/C2Data-3632-Type1;6001896.0000;TIMEOUT;1611606326.026763
/ndn/s5-site/s5/C2Data-2136-Type3;70066.0000;DATA;1611606342.556680
/ndn/d10-site/d10/C2Data-1526-Type3;173000.0000;DATA;1611606342.785823
/ndn/h7-site/h7/C2Data-428-Type3;220483.0000;DATA;1611606343.187693
/ndn/s3-site/s3/C2Data-2014-Type3;218336.0000;DATA;1611606344.068747
/ndn/v11-site/v11/C2Data-6779-Type1;28786.0000;DATA;1611606344.783733
/ndn/h7-site/h7/C2Data-850-Type1;219680.0000;DATA;1611606344.622704
/ndn/d7-site/d7/C2Data-1343-Type3;97271.0000;DATA;1611606345.323741
/ndn/h12-site/h12/C2Data-1455-Type2;146630.0000;DATA;1611606345.674778
/ndn/v14-site/v14/C2Data-7142-Type1;102146.0000;DATA;1611606346.738765
/ndn/s3-site/s3/C2Data-3996-Type2;217553.0000;DATA;1611606346.751693
/ndn/d3-site/d3/C2Data-2181-Type1;141491.0000;DATA;1611606347.082830
/ndn/d2-site/d2/C2Data-2060-Type1;23843.0000;DATA;1611606347.489713
/ndn/d6-site/d6/C2Data-1282-Type3;162064.0000;DATA;1611606347.366787
/ndn/s0-site/s0/C2Data-1831-Type3;6000213.0000;TIMEOUT;1611606342.765754
/ndn/s13-site/s13/C2Data-5206-Type2;6000345.0000;TIMEOUT;1611606344.868848
/ndn/d1-site/d1/C2Data-977-Type3;120649.0000;DATA;1611606351.748746
/ndn/d14-site/d14/C2Data-3512-Type1;50612.0000;DATA;1611606352.017785
/ndn/d2-site/d2/C2Data-425-Type4;24749.0000;DATA;1611606352.526717
/ndn/h9-site/h9/C2Data-1092-Type1;142877.0000;DATA;1611606353.075735
/ndn/v4-site/v4/C2Data-5932-Type2;165862.0000;DATA;1611606353.248696
/ndn/s2-site/s2/C2Data-3875-Type1;6002231.0000;TIMEOUT;1611606347.424728
/ndn/d9-site/d9/C2Data-600-Type4;122412.0000;DATA;1611606353.523756
/ndn/d12-site/d12/C2Data-1648-Type3;69112.0000;DATA;1611606353.606839
/ndn/v14-site/v14/C2Data-1100-Type4;97457.0000;DATA;1611606354.821775
/ndn/d5-site/d5/C2Data-1221-Type3;142754.0000;DATA;1611606355.009740
/ndn/s10-site/s10/C2Data-4843-Type2;6000423.0000;TIMEOUT;1611606349.343764
/ndn/s10-site/s10/C2Data-4843-Type1;6000447.0000;TIMEOUT;1611606352.144771
/ndn/h5-site/h5/C2Data-306-Type3;125670.0000;DATA;1611606359.783858
/ndn/s14-site/s14/C2Data-5327-Type1;6000515.0000;TIMEOUT;1611606354.491775
/ndn/d8-site/d8/C2Data-1404-Type3;53225.0000;DATA;1611606360.767757
/ndn/v3-site/v3/C2Data-2929-Type3;99241.0000;DATA;1611606361.064720
/ndn/s12-site/s12/C2Data-5085-Type1;6000232.0000;TIMEOUT;1611606355.835706
/ndn/s1-site/s1/C2Data-1892-Type3;6002608.0000;TIMEOUT;1611606356.274813
/ndn/d10-site/d10/C2Data-625-Type4;186725.0000;DATA;1611606364.528480
/ndn/s11-site/s11/C2Data-2502-Type3;6000327.0000;TIMEOUT;1611606359.549735
/ndn/v10-site/v10/C2Data-1000-Type4;97185.0000;DATA;1611606365.889794
/ndn/d14-site/d14/C2Data-725-Type4;59232.0000;DATA;1611606367.838499
/ndn/v7-site/v7/C2Data-925-Type4;148744.0000;DATA;1611606369.388288
/ndn/d1-site/d1/C2Data-1940-Type1;125365.0000;DATA;1611606376.359771
/ndn/h6-site/h6/C2Data-730-Type1;173271.0000;DATA;1611606376.828814
/ndn/h10-site/h10/C2Data-1214-Type1;139364.0000;DATA;1611606379.314789
/ndn/v13-site/v13/C2Data-7022-Type1;70936.0000;DATA;1611606380.196718
/ndn/d0-site/d0/C2Data-1819-Type1;51527.0000;DATA;1611606380.851781
/ndn/h11-site/h11/C2Data-275-Type4;46458.0000;DATA;1611606382.099719
/ndn/s10-site/s10/C2Data-4844-Type1;6000333.0000;TIMEOUT;1611606376.428867
/ndn/d10-site/d10/C2Data-3029-Type1;162611.0000;DATA;1611606382.440709
/ndn/v1-site/v1/C2Data-5570-Type1;140044.0000;DATA;1611606383.688743
/ndn/v2-site/v2/C2Data-5691-Type2;117403.0000;DATA;1611606383.831748
/ndn/h5-site/h5/C2Data-609-Type1;120969.0000;DATA;1611606384.198772
/ndn/s8-site/s8/C2Data-4602-Type1;6000299.0000;TIMEOUT;1611606378.859797
/ndn/d4-site/d4/C2Data-2303-Type2;48628.0000;DATA;1611606385.144760
/ndn/s0-site/s0/C2Data-3634-Type2;6000306.0000;TIMEOUT;1611606379.644750
/ndn/s1-site/s1/C2Data-3755-Type2;6002610.0000;TIMEOUT;1611606381.167795
/ndn/s12-site/s12/C2Data-5086-Type1;6000289.0000;TIMEOUT;1611606384.364711
/ndn/v11-site/v11/C2Data-3418-Type3;24346.0000;DATA;1611606399.182807
/ndn/h7-site/h7/C2Data-175-Type4;208931.0000;DATA;1611606402.302796
/ndn/v7-site/v7/C2Data-3174-Type3;120796.0000;DATA;1611606402.851778
/ndn/h3-site/h3/C2Data-185-Type3;125672.0000;DATA;1611606403.981706
/ndn/v4-site/v4/C2Data-5934-Type1;163280.0000;DATA;1611606404.529749
/ndn/v2-site/v2/C2Data-5692-Type1;118411.0000;DATA;1611606404.848782
/ndn/v1-site/v1/C2Data-5571-Type2;147954.0000;DATA;1611606406.696782
/ndn/h12-site/h12/C2Data-1457-Type2;146779.0000;DATA;1611606406.759791
/ndn/d12-site/d12/C2Data-675-Type4;69321.0000;DATA;1611606409.088715
/ndn/h2-site/h2/C2Data-247-Type2;147281.0000;DATA;1611606410.147754
/ndn/s13-site/s13/C2Data-5208-Type2;6000258.0000;TIMEOUT;1611606404.539765
/ndn/d13-site/d13/C2Data-3393-Type2;23675.0000;DATA;1611606413.050776
/ndn/s1-site/s1/C2Data-3756-Type1;6000272.0000;TIMEOUT;1611606408.660731
/ndn/s2-site/s2/C2Data-1954-Type3;6000363.0000;TIMEOUT;1611606409.412845
/ndn/s2-site/s2/C2Data-3877-Type2;6000826.0000;TIMEOUT;1611606409.859788
/ndn/d13-site/d13/C2Data-1710-Type3;25213.0000;DATA;1611606416.432807
/ndn/h6-site/h6/C2Data-368-Type3;169820.0000;DATA;1611606416.907838
/ndn/s3-site/s3/C2Data-3998-Type1;6000250.0000;TIMEOUT;1611606411.398723
/ndn/s11-site/s11/C2Data-4966-Type2;6003110.0000;TIMEOUT;1611606413.122753
/ndn/h0-site/h0/C2Data-2-Type3;188359.0000;DATA;1611606420.514849
/ndn/d4-site/d4/C2Data-2305-Type1;46782.0000;DATA;1611606434.967830
/ndn/v6-site/v6/C2Data-6177-Type2;27154.0000;DATA;1611606436.324752
/ndn/h3-site/h3/C2Data-369-Type1;129468.0000;DATA;1611606436.438760
/ndn/h11-site/h11/C2Data-1337-Type2;53561.0000;DATA;1611606436.750751
/ndn/d5-site/d5/C2Data-2426-Type1;142248.0000;DATA;1611606437.641770
/ndn/h8-site/h8/C2Data-974-Type2;144273.0000;DATA;1611606441.597787
/ndn/h12-site/h12/C2Data-1458-Type2;144790.0000;DATA;1611606441.692721
/ndn/h3-site/h3/C2Data-369-Type2;123662.0000;DATA;1611606442.351788
/ndn/s12-site/s12/C2Data-5088-Type2;6000243.0000;TIMEOUT;1611606436.745854
/ndn/d13-site/d13/C2Data-3394-Type2;24421.0000;DATA;1611606443.272748
/ndn/s14-site/s14/C2Data-5330-Type1;6000314.0000;TIMEOUT;1611606438.467802
/ndn/h0-site/h0/C2Data-6-Type2;191329.0000;DATA;1611606444.375735
/ndn/s4-site/s4/C2Data-4120-Type1;6000887.0000;TIMEOUT;1611606439.271453
/ndn/h5-site/h5/C2Data-611-Type1;123282.0000;DATA;1611606445.151694
/ndn/v9-site/v9/C2Data-6540-Type2;190017.0000;DATA;1611606445.606839
/ndn/s10-site/s10/C2Data-4846-Type2;6002515.0000;TIMEOUT;1611606441.887798
/ndn/s7-site/s7/C2Data-4483-Type1;6000291.0000;TIMEOUT;1611606443.768739
/ndn/h12-site/h12/C2Data-735-Type3;148635.0000;DATA;1611606458.378796
/ndn/v11-site/v11/C2Data-3419-Type3;27650.0000;DATA;1611606460.155694
/ndn/v3-site/v3/C2Data-5815-Type2;92520.0000;DATA;1611606464.557774
/ndn/d2-site/d2/C2Data-2064-Type2;23901.0000;DATA;1611606465.227722
/ndn/v7-site/v7/C2Data-6299-Type2;122259.0000;DATA;1611606465.482683
/ndn/h3-site/h3/C2Data-370-Type1;116064.0000;DATA;1611606466.956878
/ndn/h8-site/h8/C2Data-975-Type1;144010.0000;DATA;1611606467.945820
/ndn/v9-site/v9/C2Data-6541-Type1;187391.0000;DATA;1611606467.962738
/ndn/h5-site/h5/C2Data-612-Type1;115154.0000;DATA;1611606468.611769
/ndn/h12-site/h12/C2Data-1459-Type1;138984.0000;DATA;1611606469.790708
/ndn/h10-site/h10/C2Data-613-Type3;140173.0000;DATA;1611606469.873821
