/ndn/d5-site/d5/C2Data-1815-Type2;24616.0000;DATA;1612146289.071961
/ndn/h3-site/h3/C2Data-363-Type1;214996.0000;DATA;1612146291.202780
/ndn/v8-site/v8/C2Data-4598-Type2;164542.0000;DATA;1612146292.677139
/ndn/h0-site/h0/C2Data-0-Type1;48731.0000;DATA;1612146293.837365
/ndn/s1-site/s1/C2Data-2541-Type1;236945.0000;DATA;1612146293.901027
/ndn/h6-site/h6/C2Data-726-Type1;174745.0000;DATA;1612146294.251896
/ndn/h7-site/h7/C2Data-847-Type1;150383.0000;DATA;1612146294.877410
/ndn/d8-site/d8/C2Data-2178-Type2;78670.0000;DATA;1612146295.111977
/ndn/s0-site/s0/C2Data-1220-Type3;200372.0000;DATA;1612146313.571233
/ndn/h2-site/h2/C2Data-122-Type3;217387.0000;DATA;1612146314.126375
/ndn/d1-site/d1/C2Data-671-Type3;155749.0000;DATA;1612146314.673337
/ndn/s3-site/s3/C2Data-1403-Type3;248037.0000;DATA;1612146317.386636
/ndn/s4-site/s4/C2Data-1464-Type3;118491.0000;DATA;1612146318.595849
/ndn/v5-site/v5/C2Data-4236-Type2;267085.0000;DATA;1612146318.575845
/ndn/s2-site/s2/C2Data-2663-Type1;191522.0000;DATA;1612146319.205718
/ndn/h6-site/h6/C2Data-727-Type1;192839.0000;DATA;1612146320.865259
/ndn/h1-site/h1/C2Data-61-Type3;120685.0000;DATA;1612146321.742790
/ndn/s7-site/s7/C2Data-1647-Type3;48156.0000;DATA;1612146323.162820
/ndn/h3-site/h3/C2Data-183-Type3;201380.0000;DATA;1612146325.780207
/ndn/d5-site/d5/C2Data-915-Type3;28588.0000;DATA;1612146331.690219
/ndn/h5-site/h5/C2Data-607-Type2;137443.0000;DATA;1612146348.214935
/ndn/h6-site/h6/C2Data-728-Type2;171623.0000;DATA;1612146348.428806
/ndn/d4-site/d4/C2Data-1696-Type1;82007.0000;DATA;1612146351.273669
/ndn/h7-site/h7/C2Data-849-Type2;166170.0000;DATA;1612146351.735064
/ndn/v7-site/v7/C2Data-4479-Type1;52249.0000;DATA;1612146352.004181
/ndn/d2-site/d2/C2Data-1454-Type1;30989.0000;DATA;1612146352.317522
/ndn/d9-site/d9/C2Data-2301-Type1;25066.0000;DATA;1612146353.153648
/ndn/s0-site/s0/C2Data-2422-Type2;192553.0000;DATA;1612146353.376975
/ndn/d9-site/d9/C2Data-2301-Type2;24740.0000;DATA;1612146354.117353
/ndn/h7-site/h7/C2Data-849-Type1;161806.0000;DATA;1612146354.288063
/ndn/d8-site/d8/C2Data-2180-Type1;84291.0000;DATA;1612146356.313139
/ndn/s4-site/s4/C2Data-1465-Type3;142714.0000;DATA;1612146370.302351
/ndn/s3-site/s3/C2Data-1404-Type3;241418.0000;DATA;1612146373.869351
/ndn/h4-site/h4/C2Data-487-Type2;146379.0000;DATA;1612146376.079595
/ndn/h4-site/h4/C2Data-245-Type3;119454.0000;DATA;1612146376.685997
/ndn/d6-site/d6/C2Data-1939-Type1;193967.0000;DATA;1612146378.081451
/ndn/d2-site/d2/C2Data-1455-Type2;28964.0000;DATA;1612146378.890032
/ndn/v1-site/v1/C2Data-1892-Type3;129794.0000;DATA;1612146380.692706
