/ndn/v7-site/v7/C2Data-4477-Type1;103310.0000;DATA;1612717026.853273
/ndn/v3-site/v3/C2Data-3993-Type2;102831.0000;DATA;1612717028.061235
/ndn/h8-site/h8/C2Data-968-Type2;245325.0000;DATA;1612717029.624319
/ndn/v2-site/v2/C2Data-3872-Type2;66861.0000;DATA;1612717034.059102
/ndn/s6-site/s6/C2Data-3146-Type2;74895.0000;DATA;1612717037.296998
/ndn/d3-site/d3/C2Data-1573-Type1;173191.0000;DATA;1612717037.966117
/ndn/d2-site/d2/C2Data-732-Type3;80464.0000;DATA;1612717055.026929
/ndn/d0-site/d0/C2Data-610-Type3;220047.0000;DATA;1612717056.997140
/ndn/d4-site/d4/C2Data-1695-Type2;131045.0000;DATA;1612717057.383011
/ndn/v2-site/v2/C2Data-3873-Type2;49073.0000;DATA;1612717058.184960
/ndn/d5-site/d5/C2Data-915-Type3;80820.0000;DATA;1612717058.266652
/ndn/d5-site/d5/C2Data-1816-Type1;70809.0000;DATA;1612717058.979463
/ndn/s5-site/s5/C2Data-3026-Type2;121497.0000;DATA;1612717060.326264
/ndn/v3-site/v3/C2Data-3994-Type1;97342.0000;DATA;1612717060.814766
/ndn/v4-site/v4/C2Data-4115-Type2;199342.0000;DATA;1612717061.990958
/ndn/h3-site/h3/C2Data-364-Type2;108356.0000;DATA;1612717062.697536
/ndn/s5-site/s5/C2Data-3026-Type1;133387.0000;DATA;1612717063.888632
/ndn/d6-site/d6/C2Data-976-Type3;670114.0000;DATA;1612717064.531982
/ndn/s3-site/s3/C2Data-2784-Type2;191201.0000;DATA;1612717067.728943
/ndn/d1-site/d1/C2Data-671-Type3;74136.0000;DATA;1612717069.213262
/ndn/s4-site/s4/C2Data-1464-Type3;32041.0000;DATA;1612717071.817515
/ndn/s9-site/s9/C2Data-1769-Type3;176700.0000;DATA;1612717072.753249
/ndn/d8-site/d8/C2Data-2180-Type1;25913.0000;DATA;1612717086.804195
/ndn/v2-site/v2/C2Data-3874-Type2;68144.0000;DATA;1612717087.603665
/ndn/d6-site/d6/C2Data-1938-Type2;269259.0000;DATA;1612717087.714085
/ndn/d1-site/d1/C2Data-1333-Type2;49405.0000;DATA;1612717088.030380
/ndn/d2-site/d2/C2Data-1454-Type2;73917.0000;DATA;1612717089.097596
/ndn/v0-site/v0/C2Data-3632-Type2;162079.0000;DATA;1612717094.261864
/ndn/v6-site/v6/C2Data-4358-Type1;147851.0000;DATA;1612717094.624018
/ndn/h1-site/h1/C2Data-123-Type2;215653.0000;DATA;1612717094.635127
/ndn/h6-site/h6/C2Data-728-Type2;249835.0000;DATA;1612717096.040145
/ndn/s9-site/s9/C2Data-3511-Type1;194168.0000;DATA;1612717098.120976
/ndn/v8-site/v8/C2Data-2319-Type3;157428.0000;DATA;1612717110.695991
/ndn/s9-site/s9/C2Data-1770-Type3;672707.0000;DATA;1612717111.744773
/ndn/v3-site/v3/C2Data-3996-Type1;99905.0000;DATA;1612717117.624383
/ndn/v7-site/v7/C2Data-4480-Type1;102927.0000;DATA;1612717118.964885
/ndn/d8-site/d8/C2Data-2181-Type1;29834.0000;DATA;1612717119.166565
/ndn/v1-site/v1/C2Data-3754-Type2;185727.0000;DATA;1612717121.064309
/ndn/s4-site/s4/C2Data-1465-Type3;29079.0000;DATA;1612717121.541045
/ndn/h2-site/h2/C2Data-245-Type2;131279.0000;DATA;1612717122.204455
/ndn/v1-site/v1/C2Data-3754-Type1;176000.0000;DATA;1612717122.493465
/ndn/s7-site/s7/C2Data-1648-Type3;6000539.0000;TIMEOUT;1612717117.220865
/ndn/s3-site/s3/C2Data-2786-Type1;199696.0000;DATA;1612717123.262730
/ndn/d2-site/d2/C2Data-300-Type4;85626.0000;DATA;1612717128.317140
/ndn/d3-site/d3/C2Data-794-Type3;282112.0000;DATA;1612717130.972849
/ndn/d9-site/d9/C2Data-1160-Type3;82093.0000;DATA;1612717131.380175
/ndn/v3-site/v3/C2Data-2014-Type3;133937.0000;DATA;1612717132.477005
/ndn/d8-site/d8/C2Data-450-Type4;28410.0000;DATA;1612717141.250163
/ndn/d1-site/d1/C2Data-275-Type4;55879.0000;DATA;1612717144.349166
/ndn/d6-site/d6/C2Data-1940-Type1;265882.0000;DATA;1612717148.318896
/ndn/v0-site/v0/C2Data-3634-Type2;157125.0000;DATA;1612717149.263009
/ndn/v1-site/v1/C2Data-3755-Type1;169271.0000;DATA;1612717150.954123
/ndn/h1-site/h1/C2Data-125-Type1;183564.0000;DATA;1612717152.913967
/ndn/d7-site/d7/C2Data-2061-Type1;28728.0000;DATA;1612717153.602672
/ndn/d8-site/d8/C2Data-2182-Type1;33060.0000;DATA;1612717153.904182
/ndn/s6-site/s6/C2Data-3150-Type2;105169.0000;DATA;1612717154.445183
/ndn/s3-site/s3/C2Data-2787-Type1;6004808.0000;TIMEOUT;1612717155.077510
/ndn/s9-site/s9/C2Data-3513-Type1;6001191.0000;TIMEOUT;1612717156.662615
/ndn/h6-site/h6/C2Data-150-Type4;239481.0000;DATA;1612717170.775368
/ndn/d3-site/d3/C2Data-795-Type3;185454.0000;DATA;1612717173.777808
/ndn/d8-site/d8/C2Data-1100-Type3;27482.0000;DATA;1612717174.908739
/ndn/d2-site/d2/C2Data-1457-Type1;91259.0000;DATA;1612717177.465503
/ndn/h1-site/h1/C2Data-126-Type1;185460.0000;DATA;1612717177.432647
/ndn/d4-site/d4/C2Data-350-Type4;137642.0000;DATA;1612717177.506067
/ndn/v3-site/v3/C2Data-3998-Type1;113790.0000;DATA;1612717178.125147
/ndn/h4-site/h4/C2Data-246-Type3;196348.0000;DATA;1612717178.340978
/ndn/d5-site/d5/C2Data-1820-Type2;87260.0000;DATA;1612717178.653317
/ndn/v1-site/v1/C2Data-3756-Type2;197586.0000;DATA;1612717180.018418
/ndn/h0-site/h0/C2Data-5-Type2;51448.0000;DATA;1612717182.242211
/ndn/d5-site/d5/C2Data-917-Type3;88096.0000;DATA;1612717182.465134
/ndn/s4-site/s4/C2Data-1466-Type3;6001860.0000;TIMEOUT;1612717176.942362
/ndn/s4-site/s4/C2Data-2909-Type1;6001683.0000;TIMEOUT;1612717178.556019
/ndn/v3-site/v3/C2Data-3998-Type2;96956.0000;DATA;1612717185.853625
/ndn/d1-site/d1/C2Data-1336-Type2;48980.0000;DATA;1612717188.212231
/ndn/s9-site/s9/C2Data-3514-Type2;6001027.0000;TIMEOUT;1612717183.845536
/ndn/s2-site/s2/C2Data-2667-Type2;6000527.0000;TIMEOUT;1612717186.364326
/ndn/s7-site/s7/C2Data-1649-Type3;6003367.0000;TIMEOUT;1612717189.605215
/ndn/v1-site/v1/C2Data-3757-Type1;169794.0000;DATA;1612717207.180074
/ndn/d7-site/d7/C2Data-2063-Type1;24656.0000;DATA;1612717211.834077
/ndn/v2-site/v2/C2Data-3878-Type2;48231.0000;DATA;1612717213.711022
/ndn/h2-site/h2/C2Data-248-Type2;96478.0000;DATA;1612717214.540626
/ndn/v0-site/v0/C2Data-3636-Type1;149864.0000;DATA;1612717215.696240
/ndn/d4-site/d4/C2Data-1700-Type2;129472.0000;DATA;1612717215.969640
/ndn/v5-site/v5/C2Data-4241-Type2;237586.0000;DATA;1612717216.581149
/ndn/h7-site/h7/C2Data-853-Type2;223967.0000;DATA;1612717216.808981
/ndn/s6-site/s6/C2Data-3152-Type1;6001544.0000;TIMEOUT;1612717212.705943
/ndn/s2-site/s2/C2Data-2668-Type2;6001988.0000;TIMEOUT;1612717216.144746
/ndn/v3-site/v3/C2Data-2016-Type3;105644.0000;DATA;1612717233.575053
/ndn/h5-site/h5/C2Data-612-Type2;690232.0000;DATA;1612717237.026525
/ndn/v0-site/v0/C2Data-1833-Type3;146318.0000;DATA;1612717237.810764
/ndn/h8-site/h8/C2Data-975-Type2;237063.0000;DATA;1612717239.409999
/ndn/s3-site/s3/C2Data-2790-Type2;6000785.0000;TIMEOUT;1612717238.375347
/ndn/s2-site/s2/C2Data-2669-Type2;6000738.0000;TIMEOUT;1612717239.970754
/ndn/d1-site/d1/C2Data-674-Type3;65046.0000;DATA;1612717248.641336
/ndn/s4-site/s4/C2Data-1467-Type3;6004306.0000;TIMEOUT;1612717242.954244
/ndn/s1-site/s1/C2Data-2548-Type1;6000541.0000;TIMEOUT;1612717242.980982
/ndn/d4-site/d4/C2Data-182-Type5;127711.0000;DATA;1612717249.049102
/ndn/s8-site/s8/C2Data-3395-Type2;6011693.0000;TIMEOUT;1612717243.377293
/ndn/s3-site/s3/C2Data-2790-Type1;6000598.0000;TIMEOUT;1612717245.515860
/ndn/s8-site/s8/C2Data-3395-Type1;6000575.0000;TIMEOUT;1612717247.502522
/ndn/d6-site/d6/C2Data-208-Type5;314348.0000;DATA;1612717255.390752
/ndn/s1-site/s1/C2Data-1284-Type3;6001241.0000;TIMEOUT;1612717253.438971
/ndn/d2-site/d2/C2Data-1460-Type1;74837.0000;DATA;1612717267.983108
/ndn/v2-site/v2/C2Data-3880-Type1;48772.0000;DATA;1612717272.959140
/ndn/s7-site/s7/C2Data-3275-Type1;6003566.0000;TIMEOUT;1612717267.458142
/ndn/h7-site/h7/C2Data-176-Type4;213501.0000;DATA;1612717273.865740
/ndn/v1-site/v1/C2Data-3759-Type1;185507.0000;DATA;1612717274.495939
/ndn/v7-site/v7/C2Data-4485-Type1;129897.0000;DATA;1612717274.594948
/ndn/h4-site/h4/C2Data-492-Type1;181464.0000;DATA;1612717275.394498
/ndn/s9-site/s9/C2Data-3517-Type2;6001323.0000;TIMEOUT;1612717271.210087
/ndn/h6-site/h6/C2Data-151-Type4;363247.0000;DATA;1612717281.099583
/ndn/v5-site/v5/C2Data-325-Type5;231426.0000;DATA;1612717285.826156
/ndn/h8-site/h8/C2Data-201-Type4;243478.0000;DATA;1612717285.876948
/ndn/v1-site/v1/C2Data-273-Type5;173966.0000;DATA;1612717287.603003
/ndn/d2-site/d2/C2Data-736-Type3;78097.0000;DATA;1612717292.464420
/ndn/v6-site/v6/C2Data-2200-Type3;128065.0000;DATA;1612717297.069728
/ndn/s1-site/s1/C2Data-1285-Type3;6002449.0000;TIMEOUT;1612717294.471961
/ndn/h2-site/h2/C2Data-51-Type4;101274.0000;DATA;1612717300.418986
/ndn/h0-site/h0/C2Data-1-Type4;48851.0000;DATA;1612717303.553343
/ndn/h6-site/h6/C2Data-370-Type3;245412.0000;DATA;1612717304.201060
/ndn/v6-site/v6/C2Data-4365-Type2;124152.0000;DATA;1612717304.482057
/ndn/d5-site/d5/C2Data-376-Type4;82259.0000;DATA;1612717305.139964
/ndn/d2-site/d2/C2Data-1461-Type2;74980.0000;DATA;1612717305.757368
/ndn/d0-site/d0/C2Data-1219-Type1;221361.0000;DATA;1612717305.898454
/ndn/d8-site/d8/C2Data-451-Type4;27445.0000;DATA;1612717306.095990
/ndn/v1-site/v1/C2Data-3760-Type2;170246.0000;DATA;1612717306.227394
/ndn/v4-site/v4/C2Data-4123-Type1;211136.0000;DATA;1612717306.949376
/ndn/v9-site/v9/C2Data-4728-Type1;55679.0000;DATA;1612717307.659312
/ndn/d3-site/d3/C2Data-797-Type3;171809.0000;DATA;1612717307.703340
/ndn/s1-site/s1/C2Data-2550-Type2;6326789.0000;TIMEOUT;1612717302.907363
/ndn/h5-site/h5/C2Data-309-Type3;676938.0000;DATA;1612717308.671898
/ndn/s4-site/s4/C2Data-1468-Type3;6000474.0000;TIMEOUT;1612717303.920415
/ndn/s0-site/s0/C2Data-2429-Type2;6003257.0000;TIMEOUT;1612717304.753470
/ndn/s5-site/s5/C2Data-3034-Type1;6000681.0000;TIMEOUT;1612717306.038027
/ndn/s6-site/s6/C2Data-3155-Type2;6008918.0000;TIMEOUT;1612717306.491002
/ndn/d6-site/d6/C2Data-980-Type3;344919.0000;DATA;1612717313.922365
/ndn/s9-site/s9/C2Data-1773-Type3;6001524.0000;TIMEOUT;1612717308.352794
/ndn/d9-site/d9/C2Data-476-Type4;82741.0000;DATA;1612717317.034605
/ndn/s0-site/s0/C2Data-1224-Type3;6001517.0000;TIMEOUT;1612717312.390964
/ndn/v1-site/v1/C2Data-526-Type4;180150.0000;DATA;1612717319.552678
/ndn/d5-site/d5/C2Data-1825-Type1;114224.0000;DATA;1612717327.056037
/ndn/h0-site/h0/C2Data-10-Type1;50973.0000;DATA;1612717327.554556
/ndn/h5-site/h5/C2Data-615-Type2;196063.0000;DATA;1612717328.819199
/ndn/h4-site/h4/C2Data-494-Type2;194662.0000;DATA;1612717334.439965
/ndn/v8-site/v8/C2Data-4608-Type2;148077.0000;DATA;1612717334.888094
/ndn/s9-site/s9/C2Data-3519-Type1;6001469.0000;TIMEOUT;1612717329.098981
/ndn/h8-site/h8/C2Data-978-Type2;255119.0000;DATA;1612717335.273499
/ndn/d0-site/d0/C2Data-1220-Type2;234487.0000;DATA;1612717335.568909
/ndn/v8-site/v8/C2Data-2323-Type3;203642.0000;DATA;1612717352.860056
/ndn/v0-site/v0/C2Data-3641-Type1;149458.0000;DATA;1612717358.004219
/ndn/v0-site/v0/C2Data-260-Type5;158025.0000;DATA;1612717358.718604
/ndn/d7-site/d7/C2Data-1042-Type3;26909.0000;DATA;1612717361.761739
/ndn/s3-site/s3/C2Data-2794-Type2;6001173.0000;TIMEOUT;1612717356.610465
/ndn/h8-site/h8/C2Data-979-Type2;232085.0000;DATA;1612717366.294689
/ndn/d6-site/d6/C2Data-1947-Type2;267292.0000;DATA;1612717366.696112
/ndn/s6-site/s6/C2Data-3157-Type2;6000941.0000;TIMEOUT;1612717362.644412
/ndn/s7-site/s7/C2Data-1652-Type3;6000394.0000;TIMEOUT;1612717363.725799
/ndn/v4-site/v4/C2Data-2079-Type3;201185.0000;DATA;1612717372.408981
/ndn/h0-site/h0/C2Data-5-Type3;60011.0000;DATA;1612717373.460547
/ndn/v6-site/v6/C2Data-4368-Type1;133526.0000;DATA;1612717392.559818
/ndn/s5-site/s5/C2Data-3037-Type1;6009739.0000;TIMEOUT;1612717394.121387
/ndn/s2-site/s2/C2Data-2674-Type1;6006154.0000;TIMEOUT;1612717394.155659
/ndn/s9-site/s9/C2Data-1775-Type3;6000483.0000;TIMEOUT;1612717411.558544
/ndn/d5-site/d5/C2Data-1828-Type2;83972.0000;DATA;1612717419.203604
/ndn/v3-site/v3/C2Data-4006-Type2;107913.0000;DATA;1612717419.350044
/ndn/d6-site/d6/C2Data-982-Type3;260782.0000;DATA;1612717419.595478
/ndn/v5-site/v5/C2Data-2141-Type3;198241.0000;DATA;1612717421.168546
/ndn/h2-site/h2/C2Data-255-Type2;99078.0000;DATA;1612717423.194134
/ndn/d5-site/d5/C2Data-1828-Type1;97423.0000;DATA;1612717424.220455
/ndn/d3-site/d3/C2Data-799-Type3;181535.0000;DATA;1612717425.244686
/ndn/h4-site/h4/C2Data-497-Type1;173116.0000;DATA;1612717426.510540
/ndn/s0-site/s0/C2Data-1226-Type3;6003737.0000;TIMEOUT;1612717420.963223
/ndn/d7-site/d7/C2Data-1043-Type3;41147.0000;DATA;1612717429.741206
/ndn/v7-site/v7/C2Data-2263-Type3;123951.0000;DATA;1612717430.760855
/ndn/d4-site/d4/C2Data-860-Type3;140292.0000;DATA;1612717431.414172
/ndn/h2-site/h2/C2Data-128-Type3;108596.0000;DATA;1612717433.134865
/ndn/d1-site/d1/C2Data-677-Type3;53181.0000;DATA;1612717433.908192
/ndn/s7-site/s7/C2Data-1653-Type3;6015017.0000;TIMEOUT;1612717433.170462
/ndn/v3-site/v3/C2Data-4007-Type1;211367.0000;DATA;1612717448.268046
/ndn/v4-site/v4/C2Data-4128-Type2;197905.0000;DATA;1612717449.515199
/ndn/v8-site/v8/C2Data-702-Type4;152509.0000;DATA;1612717449.755380
/ndn/d1-site/d1/C2Data-1345-Type2;59283.0000;DATA;1612717450.688522
/ndn/h0-site/h0/C2Data-14-Type1;51374.0000;DATA;1612717451.497283
/ndn/s1-site/s1/C2Data-2555-Type1;6000938.0000;TIMEOUT;1612717446.878216
/ndn/v3-site/v3/C2Data-577-Type4;106186.0000;DATA;1612717455.621221
/ndn/h4-site/h4/C2Data-102-Type4;216675.0000;DATA;1612717455.830763
/ndn/v0-site/v0/C2Data-3644-Type1;145445.0000;DATA;1612717457.331916
/ndn/v6-site/v6/C2Data-4370-Type2;124884.0000;DATA;1612717457.475852
/ndn/d9-site/d9/C2Data-477-Type4;128477.0000;DATA;1612717458.978355
/ndn/d2-site/d2/C2Data-302-Type4;75495.0000;DATA;1612717471.319146
/ndn/v7-site/v7/C2Data-677-Type4;101833.0000;DATA;1612717476.527073
/ndn/h1-site/h1/C2Data-136-Type1;180521.0000;DATA;1612717478.376778
/ndn/s9-site/s9/C2Data-1776-Type3;6000292.0000;TIMEOUT;1612717473.422309
/ndn/d9-site/d9/C2Data-2314-Type1;87778.0000;DATA;1612717479.888293
/ndn/d5-site/d5/C2Data-377-Type4;79614.0000;DATA;1612717480.631086
/ndn/h8-site/h8/C2Data-983-Type2;223774.0000;DATA;1612717483.500821
/ndn/s3-site/s3/C2Data-2798-Type2;6001196.0000;TIMEOUT;1612717479.224071
/ndn/d8-site/d8/C2Data-1105-Type3;41689.0000;DATA;1612717486.276852
/ndn/v3-site/v3/C2Data-4008-Type1;101868.0000;DATA;1612717486.688990
/ndn/s1-site/s1/C2Data-2556-Type2;6004096.0000;TIMEOUT;1612717481.439146
/ndn/v0-site/v0/C2Data-1837-Type3;197835.0000;DATA;1612717488.431907
/ndn/s5-site/s5/C2Data-3040-Type2;6000745.0000;TIMEOUT;1612717483.525427
/ndn/v6-site/v6/C2Data-182-Type6;174087.0000;DATA;1612717489.781841
/ndn/s9-site/s9/C2Data-3524-Type2;6001053.0000;TIMEOUT;1612717484.080616
/ndn/s3-site/s3/C2Data-2798-Type1;6001418.0000;TIMEOUT;1612717484.759996
/ndn/s5-site/s5/C2Data-1532-Type3;6000519.0000;TIMEOUT;1612717488.465213
/ndn/v9-site/v9/C2Data-4735-Type2;50456.0000;DATA;1612717506.561105
/ndn/h3-site/h3/C2Data-379-Type1;112200.0000;DATA;1612717508.880607
/ndn/v1-site/v1/C2Data-3767-Type2;171712.0000;DATA;1612717513.875994
/ndn/s2-site/s2/C2Data-2678-Type2;6000876.0000;TIMEOUT;1612717508.595663
/ndn/v0-site/v0/C2Data-3646-Type2;146150.0000;DATA;1612717517.898694
/ndn/v5-site/v5/C2Data-4251-Type1;219813.0000;DATA;1612717518.192266
/ndn/h7-site/h7/C2Data-49-Type6;237765.0000;DATA;1612717519.183325
/ndn/s6-site/s6/C2Data-3162-Type2;6000770.0000;TIMEOUT;1612717513.575920
/ndn/s1-site/s1/C2Data-2557-Type1;6001339.0000;TIMEOUT;1612717513.934322
/ndn/v4-site/v4/C2Data-2082-Type3;412789.0000;DATA;1612717532.455885
/ndn/h0-site/h0/C2Data-8-Type3;101263.0000;DATA;1612717534.087517
/ndn/d4-site/d4/C2Data-862-Type3;165116.0000;DATA;1612717535.698995
/ndn/h4-site/h4/C2Data-252-Type3;186427.0000;DATA;1612717536.365117
/ndn/d7-site/d7/C2Data-1045-Type3;29733.0000;DATA;1612717537.303295
/ndn/v8-site/v8/C2Data-2326-Type3;163482.0000;DATA;1612717537.988138
/ndn/s3-site/s3/C2Data-1411-Type3;6016020.0000;TIMEOUT;1612717532.894407
/ndn/v5-site/v5/C2Data-4252-Type2;215651.0000;DATA;1612717540.937821
/ndn/v7-site/v7/C2Data-189-Type6;98397.0000;DATA;1612717541.649443
/ndn/v4-site/v4/C2Data-4131-Type2;199896.0000;DATA;1612717542.899408
/ndn/d2-site/d2/C2Data-1469-Type2;72277.0000;DATA;1612717545.813487
/ndn/s0-site/s0/C2Data-1228-Type3;6000390.0000;TIMEOUT;1612717540.704005
/ndn/d0-site/d0/C2Data-1227-Type2;241344.0000;DATA;1612717547.753014
/ndn/s7-site/s7/C2Data-1655-Type3;6001243.0000;TIMEOUT;1612717542.986224
/ndn/v5-site/v5/C2Data-2143-Type3;240192.0000;DATA;1612717550.383110
/ndn/s2-site/s2/C2Data-2679-Type2;6002089.0000;TIMEOUT;1612717544.654380
/ndn/d1-site/d1/C2Data-144-Type5;49361.0000;DATA;1612717566.362395
/ndn/d1-site/d1/C2Data-1349-Type2;52139.0000;DATA;1612717567.524161
/ndn/v7-site/v7/C2Data-4495-Type2;97745.0000;DATA;1612717569.366297
/ndn/d3-site/d3/C2Data-1591-Type2;169018.0000;DATA;1612717571.214998
/ndn/s8-site/s8/C2Data-3406-Type2;6000799.0000;TIMEOUT;1612717566.470570
/ndn/d6-site/d6/C2Data-1954-Type1;265087.0000;DATA;1612717572.588504
/ndn/s7-site/s7/C2Data-3285-Type2;6000585.0000;TIMEOUT;1612717570.895581
/ndn/s4-site/s4/C2Data-2922-Type2;6001240.0000;TIMEOUT;1612717576.199454
/ndn/d2-site/d2/C2Data-157-Type5;76412.0000;DATA;1612717583.397308
/ndn/v5-site/v5/C2Data-326-Type5;316247.0000;DATA;1612717586.729521
/ndn/d1-site/d1/C2Data-77-Type6;126777.0000;DATA;1612717588.051715
/ndn/d5-site/d5/C2Data-378-Type4;75719.0000;DATA;1612717589.126754
/ndn/v7-site/v7/C2Data-2266-Type3;112110.0000;DATA;1612717593.721010
/ndn/h2-site/h2/C2Data-131-Type3;103942.0000;DATA;1612717595.495315
/ndn/h4-site/h4/C2Data-503-Type1;184758.0000;DATA;1612717596.488184
/ndn/d2-site/d2/C2Data-303-Type4;83551.0000;DATA;1612717597.746342
/ndn/d5-site/d5/C2Data-924-Type3;77857.0000;DATA;1612717598.009739
/ndn/d4-site/d4/C2Data-863-Type3;122095.0000;DATA;1612717602.083196
