/ndn/d13-site/d13/C2Data-3388-Type2;171140.0000;DATA;1611611482.472169
/ndn/h1-site/h1/C2Data-121-Type2;220068.0000;DATA;1611611482.774102
/ndn/d8-site/d8/C2Data-2783-Type1;196925.0000;DATA;1611611485.524201
/ndn/v1-site/v1/C2Data-5566-Type1;42903.0000;NACK;1611611485.880102
/ndn/s10-site/s10/C2Data-4840-Type1;565.0000;NACK;1611611485.963141
/ndn/v4-site/v4/C2Data-5929-Type1;42537.0000;NACK;1611611486.991127
/ndn/v6-site/v6/C2Data-6171-Type2;765.0000;NACK;1611611487.723789
/ndn/h13-site/h13/C2Data-1573-Type2;95000.0000;DATA;1611611487.684220
/ndn/v2-site/v2/C2Data-5687-Type1;142180.0000;DATA;1611611487.801485
/ndn/s1-site/s1/C2Data-3751-Type1;76194.0000;DATA;1611611488.723095
/ndn/d13-site/d13/C2Data-3388-Type1;182329.0000;DATA;1611611489.249115
/ndn/v5-site/v5/C2Data-6050-Type2;264137.0000;DATA;1611611489.280195
/ndn/v13-site/v13/C2Data-7018-Type1;124455.0000;DATA;1611611490.308624
/ndn/d14-site/d14/C2Data-3509-Type1;167520.0000;DATA;1611611490.569154
/ndn/d7-site/d7/C2Data-2662-Type1;121051.0000;DATA;1611611490.645208
/ndn/s3-site/s3/C2Data-3993-Type2;99105.0000;DATA;1611611491.750096
/ndn/d6-site/d6/C2Data-2541-Type2;144087.0000;DATA;1611611492.213112
/ndn/v2-site/v2/C2Data-5688-Type1;142963.0000;DATA;1611611511.469206
/ndn/h11-site/h11/C2Data-671-Type3;188375.0000;DATA;1611611511.953192
/ndn/d3-site/d3/C2Data-1098-Type3;145561.0000;DATA;1611611512.536148
/ndn/d14-site/d14/C2Data-3510-Type2;168267.0000;DATA;1611611512.519153
/ndn/h10-site/h10/C2Data-610-Type3;166843.0000;DATA;1611611512.933214
/ndn/v14-site/v14/C2Data-3599-Type3;70569.0000;DATA;1611611513.249103
/ndn/v1-site/v1/C2Data-5567-Type1;260306.0000;DATA;1611611513.143190
/ndn/h3-site/h3/C2Data-183-Type3;247537.0000;DATA;1611611513.608177
/ndn/h3-site/h3/C2Data-364-Type1;218651.0000;DATA;1611611513.896093
/ndn/s3-site/s3/C2Data-3994-Type2;94426.0000;DATA;1611611515.952163
/ndn/s4-site/s4/C2Data-2074-Type3;484.0000;NACK;1611611516.489135
/ndn/v6-site/v6/C2Data-3111-Type3;493.0000;NACK;1611611516.985127
/ndn/v2-site/v2/C2Data-2867-Type3;149219.0000;DATA;1611611518.924740
/ndn/d0-site/d0/C2Data-915-Type3;169204.0000;DATA;1611611518.962098
/ndn/h5-site/h5/C2Data-606-Type1;47785.0000;DATA;1611611519.177252
/ndn/d7-site/d7/C2Data-2663-Type1;125175.0000;DATA;1611611519.551103
/ndn/d9-site/d9/C2Data-1464-Type3;91633.0000;DATA;1611611521.459119
/ndn/d8-site/d8/C2Data-2784-Type2;190655.0000;DATA;1611611522.452127
/ndn/v7-site/v7/C2Data-3172-Type3;254017.0000;DATA;1611611523.280221
/ndn/s5-site/s5/C2Data-2135-Type3;157675.0000;DATA;1611611523.546247
/ndn/s1-site/s1/C2Data-1891-Type3;70975.0000;DATA;1611611524.596190
/ndn/s14-site/s14/C2Data-2684-Type3;216170.0000;DATA;1611611525.716110
/ndn/h13-site/h13/C2Data-793-Type3;121989.0000;DATA;1611611527.847160
/ndn/h4-site/h4/C2Data-244-Type3;56283.0000;DATA;1611611528.569165
/ndn/v3-site/v3/C2Data-5810-Type2;93483.0000;DATA;1611611541.312103
/ndn/v7-site/v7/C2Data-6294-Type2;211457.0000;DATA;1611611541.528293
/ndn/s12-site/s12/C2Data-5084-Type2;92439.0000;DATA;1611611541.721115
/ndn/s6-site/s6/C2Data-4358-Type1;170657.0000;DATA;1611611541.944136
/ndn/d4-site/d4/C2Data-2301-Type1;194596.0000;DATA;1611611544.582118
/ndn/h4-site/h4/C2Data-486-Type2;48389.0000;DATA;1611611544.947194
/ndn/d0-site/d0/C2Data-1817-Type1;178446.0000;DATA;1611611546.563194
/ndn/v7-site/v7/C2Data-6294-Type1;216861.0000;DATA;1611611546.533113
/ndn/v5-site/v5/C2Data-6052-Type2;258909.0000;DATA;1611611546.992193
/ndn/v9-site/v9/C2Data-6536-Type1;72677.0000;DATA;1611611547.716157
/ndn/d10-site/d10/C2Data-3027-Type2;51410.0000;DATA;1611611548.666203
/ndn/v9-site/v9/C2Data-6536-Type2;75784.0000;DATA;1611611549.393196
/ndn/h5-site/h5/C2Data-607-Type1;47545.0000;DATA;1611611549.474299
/ndn/s2-site/s2/C2Data-3874-Type2;117883.0000;DATA;1611611549.570152
/ndn/v5-site/v5/C2Data-6052-Type1;265275.0000;DATA;1611611549.547307
/ndn/h1-site/h1/C2Data-123-Type1;168109.0000;DATA;1611611549.732101
/ndn/v1-site/v1/C2Data-5568-Type1;271753.0000;DATA;1611611551.363183
/ndn/v0-site/v0/C2Data-5447-Type2;143275.0000;DATA;1611611552.429133
/ndn/h2-site/h2/C2Data-244-Type2;219070.0000;DATA;1611611552.379224
/ndn/s0-site/s0/C2Data-3632-Type1;6000300.0000;TIMEOUT;1611611548.604099
/ndn/h3-site/h3/C2Data-184-Type3;221159.0000;DATA;1611611565.627121
/ndn/h0-site/h0/C2Data-1-Type3;26702.0000;DATA;1611611567.546132
/ndn/v13-site/v13/C2Data-3539-Type3;122176.0000;DATA;1611611570.016108
/ndn/d5-site/d5/C2Data-1221-Type3;24141.0000;DATA;1611611571.527186
/ndn/v4-site/v4/C2Data-5932-Type1;268086.0000;DATA;1611611571.728043
/ndn/v3-site/v3/C2Data-5811-Type2;96447.0000;DATA;1611611574.020195
/ndn/s12-site/s12/C2Data-5085-Type1;93982.0000;DATA;1611611574.050175
/ndn/d6-site/d6/C2Data-1282-Type3;141398.0000;DATA;1611611574.225102
/ndn/d9-site/d9/C2Data-2907-Type2;98446.0000;DATA;1611611574.277108
/ndn/s9-site/s9/C2Data-4722-Type1;69627.0000;DATA;1611611574.751999
/ndn/h1-site/h1/C2Data-62-Type3;169202.0000;DATA;1611611576.090107
/ndn/h14-site/h14/C2Data-855-Type3;165313.0000;DATA;1611611576.367122
/ndn/v8-site/v8/C2Data-3234-Type3;24143.0000;DATA;1611611577.377124
/ndn/v5-site/v5/C2Data-6053-Type1;262876.0000;DATA;1611611577.459199
/ndn/v11-site/v11/C2Data-3417-Type3;161779.0000;DATA;1611611578.159103
/ndn/s2-site/s2/C2Data-1953-Type3;6000257.0000;TIMEOUT;1611611573.197134
/ndn/v14-site/v14/C2Data-3600-Type3;71254.0000;DATA;1611611579.175146
/ndn/d0-site/d0/C2Data-916-Type3;166771.0000;DATA;1611611580.578118
/ndn/h11-site/h11/C2Data-672-Type3;189242.0000;DATA;1611611581.097106
/ndn/v7-site/v7/C2Data-6295-Type2;212421.0000;DATA;1611611581.208105
/ndn/s1-site/s1/C2Data-3754-Type1;6000474.0000;TIMEOUT;1611611576.645040
/ndn/d0-site/d0/C2Data-1818-Type1;165818.0000;DATA;1611611582.569124
/ndn/v13-site/v13/C2Data-7021-Type1;127377.0000;DATA;1611611583.025100
/ndn/s3-site/s3/C2Data-3996-Type1;6000362.0000;TIMEOUT;1611611577.723143
/ndn/h8-site/h8/C2Data-489-Type3;98773.0000;DATA;1611611583.801146
/ndn/v4-site/v4/C2Data-850-Type4;260789.0000;DATA;1611611584.442200
/ndn/s14-site/s14/C2Data-5327-Type1;6002131.0000;TIMEOUT;1611611579.318157
/ndn/s0-site/s0/C2Data-1831-Type3;6000209.0000;TIMEOUT;1611611582.799150
/ndn/s5-site/s5/C2Data-2136-Type3;6001216.0000;TIMEOUT;1611611583.163202
/ndn/v6-site/v6/C2Data-900-Type4;175681.0000;DATA;1611611591.401558
/ndn/v5-site/v5/C2Data-875-Type4;267557.0000;DATA;1611611595.503136
/ndn/h14-site/h14/C2Data-1698-Type2;165534.0000;DATA;1611611601.513165
/ndn/v3-site/v3/C2Data-5812-Type1;95566.0000;DATA;1611611603.004158
/ndn/d4-site/d4/C2Data-2303-Type2;192339.0000;DATA;1611611605.688165
/ndn/v4-site/v4/C2Data-5933-Type1;274354.0000;DATA;1611611606.229136
/ndn/v8-site/v8/C2Data-6417-Type1;24054.0000;DATA;1611611607.238155
/ndn/h0-site/h0/C2Data-0-Type4;24542.0000;DATA;1611611610.231180
/ndn/s13-site/s13/C2Data-5207-Type2;6000319.0000;TIMEOUT;1611611605.017160
/ndn/v13-site/v13/C2Data-7022-Type2;118503.0000;DATA;1611611610.988097
/ndn/s2-site/s2/C2Data-3876-Type2;6000672.0000;TIMEOUT;1611611605.652126
/ndn/h0-site/h0/C2Data-4-Type2;23746.0000;DATA;1611611612.023128
/ndn/v13-site/v13/C2Data-7022-Type1;119290.0000;DATA;1611611612.324182
/ndn/s10-site/s10/C2Data-4844-Type1;6003597.0000;TIMEOUT;1611611608.324175
/ndn/s3-site/s3/C2Data-3997-Type1;6000334.0000;TIMEOUT;1611611608.920101
/ndn/v7-site/v7/C2Data-925-Type4;244411.0000;DATA;1611611616.929720
/ndn/s5-site/s5/C2Data-4239-Type1;6000614.0000;TIMEOUT;1611611611.705834
/ndn/h14-site/h14/C2Data-350-Type4;170248.0000;DATA;1611611619.243135
/ndn/h12-site/h12/C2Data-300-Type4;210080.0000;DATA;1611611630.146134
/ndn/v6-site/v6/C2Data-3113-Type3;152019.0000;DATA;1611611632.265105
/ndn/h3-site/h3/C2Data-368-Type2;218093.0000;DATA;1611611632.316173
/ndn/h4-site/h4/C2Data-100-Type4;47880.0000;DATA;1611611632.790191
/ndn/v4-site/v4/C2Data-2991-Type3;256908.0000;DATA;1611611632.681158
/ndn/h7-site/h7/C2Data-852-Type1;51755.0000;DATA;1611611634.451189
/ndn/h11-site/h11/C2Data-1336-Type1;190471.0000;DATA;1611611634.802152
/ndn/h11-site/h11/C2Data-275-Type4;190447.0000;DATA;1611611635.159104
/ndn/d9-site/d9/C2Data-1466-Type3;94216.0000;DATA;1611611635.843101
/ndn/d8-site/d8/C2Data-575-Type4;190374.0000;DATA;1611611636.029088
/ndn/d5-site/d5/C2Data-2425-Type1;23978.0000;DATA;1611611636.224130
/ndn/v9-site/v9/C2Data-6539-Type1;71850.0000;DATA;1611611636.605102
/ndn/h0-site/h0/C2Data-2-Type3;24543.0000;DATA;1611611637.183258
/ndn/d0-site/d0/C2Data-1820-Type2;163475.0000;DATA;1611611637.204133
/ndn/s14-site/s14/C2Data-5329-Type2;6000340.0000;TIMEOUT;1611611632.411120
/ndn/v9-site/v9/C2Data-3296-Type3;75787.0000;DATA;1611611638.460137
/ndn/d1-site/d1/C2Data-978-Type3;188490.0000;DATA;1611611638.744100
/ndn/d4-site/d4/C2Data-1161-Type3;188063.0000;DATA;1611611639.784013
/ndn/h12-site/h12/C2Data-734-Type3;215144.0000;DATA;1611611640.799102
/ndn/v2-site/v2/C2Data-5692-Type1;144340.0000;DATA;1611611640.956197
/ndn/d11-site/d11/C2Data-3151-Type1;186294.0000;DATA;1611611641.439103
/ndn/h2-site/h2/C2Data-247-Type2;208362.0000;DATA;1611611641.712133
/ndn/v4-site/v4/C2Data-5934-Type2;263969.0000;DATA;1611611641.764101
/ndn/s9-site/s9/C2Data-4724-Type2;6000288.0000;TIMEOUT;1611611636.239147
/ndn/v10-site/v10/C2Data-3357-Type3;161554.0000;DATA;1611611644.246175
/ndn/s1-site/s1/C2Data-1893-Type3;6000319.0000;TIMEOUT;1611611638.925174
/ndn/v7-site/v7/C2Data-3174-Type3;221935.0000;DATA;1611611646.072160
/ndn/d13-site/d13/C2Data-1710-Type3;181799.0000;DATA;1611611646.227123
/ndn/s13-site/s13/C2Data-5208-Type1;6000325.0000;TIMEOUT;1611611641.216117
/ndn/s8-site/s8/C2Data-4603-Type1;6000230.0000;TIMEOUT;1611611641.510200
/ndn/s2-site/s2/C2Data-1954-Type3;6000274.0000;TIMEOUT;1611611643.167094
/ndn/s5-site/s5/C2Data-2137-Type3;6000431.0000;TIMEOUT;1611611645.436146
/ndn/h2-site/h2/C2Data-248-Type1;222871.0000;DATA;1611611661.488122
/ndn/v6-site/v6/C2Data-6177-Type2;155682.0000;DATA;1611611662.146226
/ndn/d0-site/d0/C2Data-1821-Type1;166955.0000;DATA;1611611664.731104
/ndn/h14-site/h14/C2Data-1700-Type1;163596.0000;DATA;1611611664.992180
/ndn/v5-site/v5/C2Data-6056-Type1;254998.0000;DATA;1611611664.913145
/ndn/d14-site/d14/C2Data-3515-Type2;170625.0000;DATA;1611611666.117143
/ndn/d2-site/d2/C2Data-2063-Type1;194591.0000;DATA;1611611666.766188
/ndn/d2-site/d2/C2Data-2063-Type2;188426.0000;DATA;1611611667.969162
/ndn/h12-site/h12/C2Data-1458-Type2;219692.0000;DATA;1611611669.253186
/ndn/d5-site/d5/C2Data-2426-Type2;24262.0000;DATA;1611611671.000175
/ndn/s6-site/s6/C2Data-4362-Type2;6000398.0000;TIMEOUT;1611611665.922729
/ndn/s14-site/s14/C2Data-5330-Type2;6001029.0000;TIMEOUT;1611611667.807292
/ndn/v3-site/v3/C2Data-2931-Type3;100125.0000;DATA;1611611689.031163
/ndn/h8-site/h8/C2Data-975-Type2;97865.0000;DATA;1611611693.384096
/ndn/d6-site/d6/C2Data-2548-Type1;145402.0000;DATA;1611611693.755266
/ndn/d8-site/d8/C2Data-1406-Type3;151695.0000;DATA;1611611694.022110
