/ndn/d1-site/d1/C2Data-1936-Type2;462.0000;NACK;1611610902.031317
/ndn/s10-site/s10/C2Data-4840-Type1;448.0000;NACK;1611610902.277368
/ndn/v14-site/v14/C2Data-7139-Type1;445.0000;NACK;1611610902.384303
/ndn/h2-site/h2/C2Data-242-Type1;451.0000;NACK;1611610903.096400
/ndn/s11-site/s11/C2Data-4961-Type1;475.0000;NACK;1611610903.219388
/ndn/s5-site/s5/C2Data-4235-Type2;124169.0000;DATA;1611610904.855337
/ndn/s6-site/s6/C2Data-4356-Type2;202387.0000;DATA;1611610905.696343
/ndn/d6-site/d6/C2Data-2541-Type1;228360.0000;DATA;1611610909.361374
/ndn/s13-site/s13/C2Data-5203-Type2;357.0000;NACK;1611610910.925320
/ndn/v3-site/v3/C2Data-5808-Type1;268389.0000;DATA;1611610911.254362
/ndn/d2-site/d2/C2Data-2057-Type2;148285.0000;DATA;1611610911.596330
/ndn/s6-site/s6/C2Data-2196-Type3;232831.0000;DATA;1611610924.945379
/ndn/s13-site/s13/C2Data-2623-Type3;745.0000;NACK;1611610926.137418
/ndn/s12-site/s12/C2Data-2562-Type3;321167.0000;DATA;1611610927.039362
/ndn/d2-site/d2/C2Data-1037-Type3;145307.0000;DATA;1611610930.200389
/ndn/v9-site/v9/C2Data-6535-Type2;287265.0000;DATA;1611610931.666322
/ndn/d8-site/d8/C2Data-2784-Type2;120341.0000;DATA;1611610932.397306
/ndn/s9-site/s9/C2Data-4720-Type1;230537.0000;DATA;1611610932.518489
/ndn/d13-site/d13/C2Data-1708-Type3;193634.0000;DATA;1611610933.063321
/ndn/d3-site/d3/C2Data-1098-Type3;191414.0000;DATA;1611610935.471375
/ndn/d7-site/d7/C2Data-2663-Type2;138999.0000;DATA;1611610935.685458
/ndn/d6-site/d6/C2Data-2542-Type2;210455.0000;DATA;1611610938.701319
/ndn/h9-site/h9/C2Data-549-Type3;185406.0000;DATA;1611610938.812325
/ndn/h5-site/h5/C2Data-606-Type2;213878.0000;DATA;1611610939.651348
/ndn/v12-site/v12/C2Data-3477-Type3;23640.0000;DATA;1611610940.448416
/ndn/s9-site/s9/C2Data-2379-Type3;237426.0000;DATA;1611610940.604866
/ndn/h12-site/h12/C2Data-1453-Type2;313900.0000;DATA;1611610940.856365
/ndn/d7-site/d7/C2Data-1342-Type3;140196.0000;DATA;1611610941.262354
/ndn/h12-site/h12/C2Data-732-Type3;337021.0000;DATA;1611610944.211335
/ndn/h7-site/h7/C2Data-427-Type3;332263.0000;DATA;1611610946.259399
/ndn/s2-site/s2/C2Data-1952-Type3;222711.0000;DATA;1611610948.258327
/ndn/h14-site/h14/C2Data-1696-Type2;263439.0000;DATA;1611610961.110387
/ndn/s8-site/s8/C2Data-4600-Type2;245281.0000;DATA;1611610962.196417
/ndn/h6-site/h6/C2Data-728-Type2;269806.0000;DATA;1611610964.001391
/ndn/h3-site/h3/C2Data-365-Type2;48440.0000;DATA;1611610964.653923
/ndn/s11-site/s11/C2Data-4963-Type1;312350.0000;DATA;1611610964.477939
/ndn/d3-site/d3/C2Data-2180-Type1;197188.0000;DATA;1611610966.697387
/ndn/s8-site/s8/C2Data-4600-Type1;253592.0000;DATA;1611610966.747340
/ndn/h12-site/h12/C2Data-1454-Type2;311004.0000;DATA;1611610968.469407
/ndn/v2-site/v2/C2Data-5689-Type2;174618.0000;DATA;1611610969.590345
/ndn/h11-site/h11/C2Data-1333-Type2;223950.0000;DATA;1611610971.303322
/ndn/v3-site/v3/C2Data-5810-Type1;269252.0000;DATA;1611610971.290389
/ndn/d10-site/d10/C2Data-3027-Type1;264834.0000;DATA;1611610971.990367
/ndn/h5-site/h5/C2Data-607-Type2;217887.0000;DATA;1611610972.236335
/ndn/d6-site/d6/C2Data-1282-Type3;230784.0000;DATA;1611610985.378382
/ndn/d8-site/d8/C2Data-1404-Type3;122025.0000;DATA;1611610986.037904
/ndn/d2-site/d2/C2Data-1038-Type3;148160.0000;DATA;1611610990.353323
/ndn/h4-site/h4/C2Data-245-Type3;261982.0000;DATA;1611610990.278320
/ndn/d3-site/d3/C2Data-2181-Type1;190426.0000;DATA;1611610991.141370
/ndn/v12-site/v12/C2Data-6900-Type1;24112.0000;DATA;1611610991.419379
/ndn/v12-site/v12/C2Data-3478-Type3;24474.0000;DATA;1611610992.798367
/ndn/v10-site/v10/C2Data-6658-Type2;150574.0000;DATA;1611610992.881448
/ndn/v9-site/v9/C2Data-6537-Type2;289590.0000;DATA;1611610992.992321
/ndn/h5-site/h5/C2Data-608-Type1;218973.0000;DATA;1611610993.501386
/ndn/v14-site/v14/C2Data-3600-Type3;203955.0000;DATA;1611610993.716360
/ndn/d2-site/d2/C2Data-2060-Type1;147470.0000;DATA;1611610994.264418
/ndn/s9-site/s9/C2Data-2380-Type3;233647.0000;DATA;1611610995.904328
/ndn/h0-site/h0/C2Data-3-Type1;290516.0000;DATA;1611610996.574325
/ndn/s7-site/s7/C2Data-4480-Type2;6000345.0000;TIMEOUT;1611610992.425338
/ndn/h14-site/h14/C2Data-855-Type3;256185.0000;DATA;1611610999.364453
/ndn/s11-site/s11/C2Data-4964-Type2;6000218.0000;TIMEOUT;1611610993.769331
/ndn/h5-site/h5/C2Data-306-Type3;224591.0000;DATA;1611611002.357337
/ndn/h0-site/h0/C2Data-1-Type3;316719.0000;DATA;1611611004.920409
/ndn/d11-site/d11/C2Data-1587-Type3;73963.0000;DATA;1611611005.383338
/ndn/s11-site/s11/C2Data-4964-Type1;6004537.0000;TIMEOUT;1611610999.804380
/ndn/s5-site/s5/C2Data-2136-Type3;6000235.0000;TIMEOUT;1611611003.302369
/ndn/d14-site/d14/C2Data-725-Type4;241745.0000;DATA;1611611012.485483
/ndn/h8-site/h8/C2Data-972-Type1;187874.0000;DATA;1611611022.105363
/ndn/s4-site/s4/C2Data-4118-Type1;314860.0000;DATA;1611611022.174363
/ndn/v13-site/v13/C2Data-1075-Type4;249480.0000;DATA;1611611023.643944
/ndn/h7-site/h7/C2Data-851-Type2;301199.0000;DATA;1611611024.653405
/ndn/h6-site/h6/C2Data-150-Type4;259160.0000;DATA;1611611025.051420
/ndn/d14-site/d14/C2Data-3513-Type2;219613.0000;DATA;1611611028.699364
/ndn/d11-site/d11/C2Data-3150-Type1;71958.0000;DATA;1611611029.793349
/ndn/v4-site/v4/C2Data-850-Type4;25026.0000;DATA;1611611030.509392
/ndn/h0-site/h0/C2Data-4-Type1;294592.0000;DATA;1611611030.412368
/ndn/v0-site/v0/C2Data-5449-Type1;209882.0000;DATA;1611611031.187426
/ndn/s5-site/s5/C2Data-4239-Type1;6000396.0000;TIMEOUT;1611611025.711454
/ndn/d4-site/d4/C2Data-2303-Type2;214830.0000;DATA;1611611031.769390
/ndn/s14-site/s14/C2Data-5328-Type2;6001867.0000;TIMEOUT;1611611027.195309
/ndn/d10-site/d10/C2Data-625-Type4;357143.0000;DATA;1611611040.305051
/ndn/v8-site/v8/C2Data-950-Type4;400255.0000;DATA;1611611042.502028
/ndn/h13-site/h13/C2Data-795-Type3;253402.0000;DATA;1611611048.944358
/ndn/v7-site/v7/C2Data-925-Type4;46489.0000;DATA;1611611050.112356
/ndn/h12-site/h12/C2Data-300-Type4;302848.0000;DATA;1611611050.638326
/ndn/d9-site/d9/C2Data-600-Type4;165441.0000;DATA;1611611051.405391
/ndn/s1-site/s1/C2Data-1893-Type3;6000263.0000;TIMEOUT;1611611045.697408
/ndn/d0-site/d0/C2Data-375-Type4;123196.0000;DATA;1611611053.390468
/ndn/d2-site/d2/C2Data-2062-Type1;142252.0000;DATA;1611611054.143324
/ndn/d8-site/d8/C2Data-2788-Type2;120981.0000;DATA;1611611054.758385
/ndn/h6-site/h6/C2Data-368-Type3;259086.0000;DATA;1611611054.632318
/ndn/d12-site/d12/C2Data-3272-Type1;95626.0000;DATA;1611611055.391340
/ndn/d3-site/d3/C2Data-2183-Type1;183211.0000;DATA;1611611057.683404
/ndn/d12-site/d12/C2Data-1649-Type3;95692.0000;DATA;1611611057.966527
/ndn/h14-site/h14/C2Data-1699-Type2;259137.0000;DATA;1611611058.488321
/ndn/v4-site/v4/C2Data-5934-Type2;25165.0000;DATA;1611611058.727351
/ndn/h0-site/h0/C2Data-5-Type2;287059.0000;DATA;1611611058.971353
/ndn/d1-site/d1/C2Data-978-Type3;289763.0000;DATA;1611611059.050375
/ndn/d6-site/d6/C2Data-2546-Type2;214386.0000;DATA;1611611059.498437
/ndn/s0-site/s0/C2Data-3635-Type1;6000511.0000;TIMEOUT;1611611054.061419
/ndn/h12-site/h12/C2Data-734-Type3;313494.0000;DATA;1611611059.837416
/ndn/s12-site/s12/C2Data-2564-Type3;6000763.0000;TIMEOUT;1611611054.769370
/ndn/s10-site/s10/C2Data-2442-Type3;6000221.0000;TIMEOUT;1611611055.540407
/ndn/d14-site/d14/C2Data-3514-Type2;213752.0000;DATA;1611611061.508316
/ndn/d2-site/d2/C2Data-1039-Type3;140039.0000;DATA;1611611063.188317
/ndn/d11-site/d11/C2Data-3152-Type2;74295.0000;DATA;1611611081.555331
/ndn/d12-site/d12/C2Data-3273-Type1;96800.0000;DATA;1611611081.895380
/ndn/v7-site/v7/C2Data-6298-Type2;51025.0000;DATA;1611611082.868413
/ndn/v2-site/v2/C2Data-5693-Type2;165844.0000;DATA;1611611083.558403
/ndn/v0-site/v0/C2Data-5451-Type2;216264.0000;DATA;1611611084.585354
/ndn/d0-site/d0/C2Data-1821-Type2;136491.0000;DATA;1611611084.889417
/ndn/v8-site/v8/C2Data-6419-Type1;290245.0000;DATA;1611611085.318353
/ndn/d13-site/d13/C2Data-3394-Type1;189650.0000;DATA;1611611085.531451
/ndn/h12-site/h12/C2Data-1458-Type1;311264.0000;DATA;1611611085.974415
/ndn/v4-site/v4/C2Data-5935-Type1;26546.0000;DATA;1611611087.597333
/ndn/h9-site/h9/C2Data-1095-Type1;190220.0000;DATA;1611611087.612346
/ndn/d5-site/d5/C2Data-2426-Type2;240482.0000;DATA;1611611088.210419
/ndn/v1-site/v1/C2Data-5572-Type1;26032.0000;DATA;1611611088.694319
/ndn/s10-site/s10/C2Data-4846-Type1;6000460.0000;TIMEOUT;1611611082.790336
/ndn/h2-site/h2/C2Data-248-Type2;310648.0000;DATA;1611611090.736382
/ndn/h13-site/h13/C2Data-1579-Type2;248195.0000;DATA;1611611092.120411
/ndn/d10-site/d10/C2Data-3031-Type1;277561.0000;DATA;1611611092.500311
/ndn/h0-site/h0/C2Data-7-Type1;190637.0000;DATA;1611611111.288360
/ndn/d2-site/d2/C2Data-2064-Type2;142639.0000;DATA;1611611112.612375
/ndn/d3-site/d3/C2Data-2185-Type1;188891.0000;DATA;1611611113.534381
/ndn/d12-site/d12/C2Data-3274-Type2;97177.0000;DATA;1611611114.185425
/ndn/h1-site/h1/C2Data-128-Type2;164863.0000;DATA;1611611114.721334
