/ndn/h3-site/h3/C2Data-363-Type2;66513.0000;DATA;1612717029.607951
/ndn/v2-site/v2/C2Data-3872-Type2;37580.0000;DATA;1612717029.752120
/ndn/s9-site/s9/C2Data-3509-Type1;123160.0000;DATA;1612717030.274277
/ndn/s5-site/s5/C2Data-3025-Type2;83428.0000;DATA;1612717031.751818
/ndn/v7-site/v7/C2Data-4477-Type1;156599.0000;DATA;1612717036.064906
/ndn/d9-site/d9/C2Data-2299-Type1;119000.0000;DATA;1612717037.169016
/ndn/v5-site/v5/C2Data-4235-Type1;147549.0000;DATA;1612717037.227949
/ndn/v2-site/v2/C2Data-1952-Type3;39088.0000;DATA;1612717050.445467
/ndn/h8-site/h8/C2Data-488-Type3;174857.0000;DATA;1612717052.052205
/ndn/h3-site/h3/C2Data-183-Type3;53846.0000;DATA;1612717052.368940
/ndn/v4-site/v4/C2Data-2074-Type3;153783.0000;DATA;1612717052.439052
/ndn/d7-site/d7/C2Data-1037-Type3;29379.0000;DATA;1612717053.812071
/ndn/v2-site/v2/C2Data-3873-Type2;24718.0000;DATA;1612717058.488214
/ndn/h5-site/h5/C2Data-305-Type3;120248.0000;DATA;1612717060.383078
/ndn/h7-site/h7/C2Data-427-Type3;147899.0000;DATA;1612717060.460572
/ndn/h9-site/h9/C2Data-549-Type3;53496.0000;DATA;1612717060.598258
/ndn/v6-site/v6/C2Data-2196-Type3;77795.0000;DATA;1612717063.416897
/ndn/v3-site/v3/C2Data-3994-Type1;144330.0000;DATA;1612717063.399058
/ndn/d3-site/d3/C2Data-1574-Type2;124568.0000;DATA;1612717066.287619
/ndn/v5-site/v5/C2Data-4236-Type2;154555.0000;DATA;1612717067.364143
/ndn/s8-site/s8/C2Data-1708-Type3;26139.0000;DATA;1612717067.798951
/ndn/s9-site/s9/C2Data-1769-Type3;130728.0000;DATA;1612717069.574539
/ndn/s0-site/s0/C2Data-1220-Type3;63507.0000;DATA;1612717071.011058
/ndn/v5-site/v5/C2Data-2135-Type3;153266.0000;DATA;1612717072.664339
/ndn/s8-site/s8/C2Data-3390-Type2;29789.0000;DATA;1612717087.889941
/ndn/h0-site/h0/C2Data-2-Type2;98659.0000;DATA;1612717088.142445
/ndn/d4-site/d4/C2Data-1696-Type1;171397.0000;DATA;1612717088.469670
/ndn/h9-site/h9/C2Data-1091-Type1;49166.0000;DATA;1612717090.847932
/ndn/s1-site/s1/C2Data-2543-Type1;96501.0000;DATA;1612717092.701210
/ndn/h4-site/h4/C2Data-486-Type2;128705.0000;DATA;1612717092.755041
/ndn/v0-site/v0/C2Data-3632-Type1;176019.0000;DATA;1612717093.903418
/ndn/h8-site/h8/C2Data-970-Type1;175393.0000;DATA;1612717094.892568
/ndn/s6-site/s6/C2Data-3148-Type2;120249.0000;DATA;1612717097.540168
/ndn/h2-site/h2/C2Data-244-Type2;51328.0000;DATA;1612717097.645969
/ndn/s5-site/s5/C2Data-1526-Type3;99017.0000;DATA;1612717115.554975
/ndn/s1-site/s1/C2Data-1282-Type3;120842.0000;DATA;1612717115.579943
/ndn/s9-site/s9/C2Data-3512-Type2;121249.0000;DATA;1612717118.402958
/ndn/d3-site/d3/C2Data-1576-Type1;124902.0000;DATA;1612717119.820929
/ndn/h1-site/h1/C2Data-62-Type3;131048.0000;DATA;1612717120.245099
/ndn/h8-site/h8/C2Data-489-Type3;178619.0000;DATA;1612717120.500581
/ndn/v5-site/v5/C2Data-4238-Type2;146378.0000;DATA;1612717122.670952
/ndn/d7-site/d7/C2Data-2060-Type1;26255.0000;DATA;1612717123.078958
/ndn/d4-site/d4/C2Data-1697-Type2;174012.0000;DATA;1612717123.467290
/ndn/v3-site/v3/C2Data-2014-Type3;147563.0000;DATA;1612717124.645070
/ndn/v2-site/v2/C2Data-550-Type4;31763.0000;DATA;1612717126.762002
/ndn/d2-site/d2/C2Data-733-Type3;128023.0000;DATA;1612717127.607788
/ndn/h5-site/h5/C2Data-306-Type3;132052.0000;DATA;1612717131.308782
/ndn/s3-site/s3/C2Data-1404-Type3;6002323.0000;TIMEOUT;1612717125.477208
/ndn/s5-site/s5/C2Data-3028-Type2;6002356.0000;TIMEOUT;1612717126.533590
/ndn/s3-site/s3/C2Data-2786-Type1;6000669.0000;TIMEOUT;1612717127.292753
/ndn/h6-site/h6/C2Data-150-Type4;227768.0000;DATA;1612717139.819366
/ndn/v0-site/v0/C2Data-500-Type4;198852.0000;DATA;1612717140.035821
/ndn/v3-site/v3/C2Data-3997-Type2;160759.0000;DATA;1612717146.876439
/ndn/h2-site/h2/C2Data-246-Type1;65576.0000;DATA;1612717147.515886
/ndn/v2-site/v2/C2Data-3876-Type1;28371.0000;DATA;1612717150.267289
/ndn/v0-site/v0/C2Data-3634-Type2;149252.0000;DATA;1612717150.155126
/ndn/d7-site/d7/C2Data-2061-Type1;33587.0000;DATA;1612717152.470234
/ndn/v8-site/v8/C2Data-4602-Type2;107173.0000;DATA;1612717153.432850
/ndn/v7-site/v7/C2Data-4481-Type1;150630.0000;DATA;1612717153.959553
/ndn/h6-site/h6/C2Data-730-Type1;214108.0000;DATA;1612717154.872961
/ndn/h8-site/h8/C2Data-972-Type2;183879.0000;DATA;1612717156.576397
/ndn/s0-site/s0/C2Data-2424-Type2;6000789.0000;TIMEOUT;1612717152.126676
/ndn/s1-site/s1/C2Data-2545-Type2;6002411.0000;TIMEOUT;1612717152.519514
/ndn/s6-site/s6/C2Data-3150-Type1;6015510.0000;TIMEOUT;1612717156.781387
/ndn/s8-site/s8/C2Data-3392-Type2;6002075.0000;TIMEOUT;1612717158.070971
/ndn/s9-site/s9/C2Data-3513-Type1;6001576.0000;TIMEOUT;1612717158.083523
/ndn/d9-site/d9/C2Data-475-Type4;124625.0000;DATA;1612717174.799101
/ndn/v2-site/v2/C2Data-1954-Type3;36118.0000;DATA;1612717178.474166
/ndn/h8-site/h8/C2Data-973-Type1;179789.0000;DATA;1612717178.722572
/ndn/d9-site/d9/C2Data-2304-Type2;145808.0000;DATA;1612717179.290124
/ndn/h9-site/h9/C2Data-1094-Type1;51934.0000;DATA;1612717179.947349
/ndn/d2-site/d2/C2Data-1457-Type1;127426.0000;DATA;1612717181.569824
/ndn/h7-site/h7/C2Data-175-Type4;179735.0000;DATA;1612717182.358087
/ndn/d4-site/d4/C2Data-1699-Type1;197271.0000;DATA;1612717183.161184
/ndn/s0-site/s0/C2Data-2425-Type2;6000894.0000;TIMEOUT;1612717179.807979
/ndn/s7-site/s7/C2Data-3272-Type2;6000957.0000;TIMEOUT;1612717180.726121
/ndn/s9-site/s9/C2Data-1771-Type3;6001711.0000;TIMEOUT;1612717180.752368
/ndn/s4-site/s4/C2Data-2909-Type2;6000563.0000;TIMEOUT;1612717181.085142
/ndn/s3-site/s3/C2Data-1405-Type3;6000664.0000;TIMEOUT;1612717183.776356
/ndn/s6-site/s6/C2Data-3151-Type1;6000904.0000;TIMEOUT;1612717185.747869
/ndn/s7-site/s7/C2Data-1649-Type3;6002402.0000;TIMEOUT;1612717188.287996
/ndn/v3-site/v3/C2Data-2015-Type3;155067.0000;DATA;1612717194.261058
/ndn/h6-site/h6/C2Data-732-Type1;181757.0000;DATA;1612717207.530056
/ndn/d9-site/d9/C2Data-2305-Type2;130079.0000;DATA;1612717209.283203
/ndn/d8-site/d8/C2Data-2184-Type2;79646.0000;DATA;1612717211.662604
/ndn/s3-site/s3/C2Data-2789-Type2;6001045.0000;TIMEOUT;1612717206.438957
/ndn/d8-site/d8/C2Data-2184-Type1;82737.0000;DATA;1612717216.333645
/ndn/v5-site/v5/C2Data-2138-Type3;159655.0000;DATA;1612717231.538424
/ndn/v3-site/v3/C2Data-2016-Type3;154880.0000;DATA;1612717235.855818
/ndn/d0-site/d0/C2Data-1217-Type1;201450.0000;DATA;1612717236.717526
/ndn/v8-site/v8/C2Data-4605-Type1;616467.0000;DATA;1612717237.008321
/ndn/v1-site/v1/C2Data-3758-Type1;148542.0000;DATA;1612717239.733067
/ndn/v0-site/v0/C2Data-1833-Type3;182901.0000;DATA;1612717239.760010
/ndn/s5-site/s5/C2Data-1528-Type3;6001690.0000;TIMEOUT;1612717234.475132
/ndn/h4-site/h4/C2Data-491-Type1;118349.0000;DATA;1612717241.058863
/ndn/v3-site/v3/C2Data-4000-Type2;158241.0000;DATA;1612717241.546989
/ndn/d6-site/d6/C2Data-1943-Type1;258419.0000;DATA;1612717241.858055
/ndn/v9-site/v9/C2Data-4726-Type1;112054.0000;DATA;1612717242.617100
/ndn/d7-site/d7/C2Data-1040-Type3;26058.0000;DATA;1612717243.094956
/ndn/s9-site/s9/C2Data-3516-Type2;6001220.0000;TIMEOUT;1612717237.662839
/ndn/s7-site/s7/C2Data-1650-Type3;6001265.0000;TIMEOUT;1612717237.774471
/ndn/d3-site/d3/C2Data-796-Type3;139513.0000;DATA;1612717244.394527
/ndn/s0-site/s0/C2Data-1223-Type3;6000680.0000;TIMEOUT;1612717239.406775
/ndn/v8-site/v8/C2Data-364-Type5;103663.0000;DATA;1612717245.724467
/ndn/h3-site/h3/C2Data-186-Type3;61575.0000;DATA;1612717245.972963
/ndn/s6-site/s6/C2Data-1589-Type3;6000600.0000;TIMEOUT;1612717241.550703
/ndn/h7-site/h7/C2Data-430-Type3;150842.0000;DATA;1612717249.067939
/ndn/s1-site/s1/C2Data-2548-Type1;6007880.0000;TIMEOUT;1612717243.375094
/ndn/d6-site/d6/C2Data-979-Type3;211769.0000;DATA;1612717250.475151
/ndn/d5-site/d5/C2Data-195-Type5;147251.0000;DATA;1612717252.999937
/ndn/v7-site/v7/C2Data-351-Type5;297286.0000;DATA;1612717263.001618
/ndn/d4-site/d4/C2Data-182-Type5;179067.0000;DATA;1612717267.767801
/ndn/d6-site/d6/C2Data-1944-Type1;104277.0000;DATA;1612717274.060669
/ndn/d4-site/d4/C2Data-351-Type4;189733.0000;DATA;1612717274.825858
/ndn/h1-site/h1/C2Data-129-Type1;122759.0000;DATA;1612717278.318166
/ndn/s5-site/s5/C2Data-3033-Type1;6003812.0000;TIMEOUT;1612717272.596403
/ndn/d7-site/d7/C2Data-1041-Type3;27690.0000;DATA;1612717291.166101
/ndn/v2-site/v2/C2Data-1956-Type3;26758.0000;DATA;1612717292.737105
/ndn/d9-site/d9/C2Data-1163-Type3;162237.0000;DATA;1612717292.961787
/ndn/d3-site/d3/C2Data-797-Type3;133537.0000;DATA;1612717294.613284
/ndn/v7-site/v7/C2Data-4486-Type1;148050.0000;DATA;1612717297.401873
/ndn/v9-site/v9/C2Data-726-Type4;97244.0000;DATA;1612717298.372069
/ndn/h6-site/h6/C2Data-78-Type5;194685.0000;DATA;1612717298.976428
/ndn/d8-site/d8/C2Data-2187-Type1;71480.0000;DATA;1612717299.838412
/ndn/h4-site/h4/C2Data-493-Type1;126070.0000;DATA;1612717301.450453
/ndn/s2-site/s2/C2Data-2671-Type2;6006062.0000;TIMEOUT;1612717296.528482
/ndn/d5-site/d5/C2Data-376-Type4;132720.0000;DATA;1612717302.700609
/ndn/h8-site/h8/C2Data-977-Type2;172504.0000;DATA;1612717302.703359
/ndn/v9-site/v9/C2Data-4728-Type1;117708.0000;DATA;1612717303.695503
/ndn/v2-site/v2/C2Data-3881-Type2;26060.0000;DATA;1612717305.547003
/ndn/h7-site/h7/C2Data-856-Type1;145198.0000;DATA;1612717306.504308
/ndn/d0-site/d0/C2Data-251-Type4;175239.0000;DATA;1612717307.295403
/ndn/v5-site/v5/C2Data-4244-Type1;150557.0000;DATA;1612717307.451113
/ndn/h2-site/h2/C2Data-251-Type2;53130.0000;DATA;1612717307.784120
/ndn/h4-site/h4/C2Data-493-Type2;119353.0000;DATA;1612717307.907546
/ndn/d5-site/d5/C2Data-1824-Type1;119283.0000;DATA;1612717308.361036
/ndn/s7-site/s7/C2Data-3276-Type1;6001665.0000;TIMEOUT;1612717303.718481
/ndn/s1-site/s1/C2Data-2550-Type1;6001813.0000;TIMEOUT;1612717304.077708
/ndn/h8-site/h8/C2Data-201-Type4;170846.0000;DATA;1612717310.476546
/ndn/d8-site/d8/C2Data-451-Type4;76686.0000;DATA;1612717310.576988
/ndn/h2-site/h2/C2Data-126-Type3;53741.0000;DATA;1612717312.650356
/ndn/d2-site/d2/C2Data-1462-Type1;132223.0000;DATA;1612717326.399897
/ndn/h6-site/h6/C2Data-736-Type1;170761.0000;DATA;1612717328.277322
/ndn/h1-site/h1/C2Data-131-Type2;146817.0000;DATA;1612717330.631706
/ndn/d5-site/d5/C2Data-1825-Type2;148960.0000;DATA;1612717332.905006
/ndn/v9-site/v9/C2Data-377-Type5;102520.0000;DATA;1612717333.255188
/ndn/s0-site/s0/C2Data-2430-Type2;6000489.0000;TIMEOUT;1612717330.677605
/ndn/s4-site/s4/C2Data-2914-Type1;6002029.0000;TIMEOUT;1612717331.623351
/ndn/v0-site/v0/C2Data-260-Type5;151044.0000;DATA;1612717337.487485
/ndn/v5-site/v5/C2Data-4245-Type2;648485.0000;DATA;1612717338.269045
/ndn/d0-site/d0/C2Data-1220-Type1;665857.0000;DATA;1612717338.275262
/ndn/d2-site/d2/C2Data-737-Type3;171063.0000;DATA;1612717350.415209
/ndn/d9-site/d9/C2Data-1164-Type3;126730.0000;DATA;1612717350.730732
/ndn/v1-site/v1/C2Data-273-Type5;128893.0000;DATA;1612717354.051114
/ndn/v6-site/v6/C2Data-4367-Type1;75335.0000;DATA;1612717356.665827
/ndn/v5-site/v5/C2Data-4246-Type2;157401.0000;DATA;1612717356.663380
/ndn/v4-site/v4/C2Data-2079-Type3;149812.0000;DATA;1612717358.521224
/ndn/d3-site/d3/C2Data-1584-Type2;123803.0000;DATA;1612717359.754273
/ndn/h9-site/h9/C2Data-554-Type3;54282.0000;DATA;1612717360.344920
/ndn/d0-site/d0/C2Data-615-Type3;185373.0000;DATA;1612717362.081997
/ndn/d9-site/d9/C2Data-2310-Type1;135103.0000;DATA;1612717362.406123
/ndn/d5-site/d5/C2Data-1826-Type1;204188.0000;DATA;1612717363.172481
/ndn/h6-site/h6/C2Data-737-Type1;262364.0000;DATA;1612717363.161657
/ndn/h3-site/h3/C2Data-188-Type3;50506.0000;DATA;1612717367.232174
/ndn/s7-site/s7/C2Data-3278-Type2;6002315.0000;TIMEOUT;1612717361.643098
/ndn/v9-site/v9/C2Data-4730-Type2;207997.0000;DATA;1612717367.627473
/ndn/s9-site/s9/C2Data-3520-Type2;6000625.0000;TIMEOUT;1612717363.899259
/ndn/s8-site/s8/C2Data-1713-Type3;6006713.0000;TIMEOUT;1612717364.126898
/ndn/h1-site/h1/C2Data-66-Type3;124971.0000;DATA;1612717370.154667
/ndn/s4-site/s4/C2Data-1469-Type3;6001914.0000;TIMEOUT;1612717364.301582
/ndn/s0-site/s0/C2Data-2431-Type1;6024372.0000;TIMEOUT;1612717366.357218
/ndn/d9-site/d9/C2Data-2311-Type2;125521.0000;DATA;1612717389.685758
/ndn/v1-site/v1/C2Data-3763-Type2;137371.0000;DATA;1612717389.710167
/ndn/v5-site/v5/C2Data-4247-Type1;162288.0000;DATA;1612717389.689385
/ndn/v2-site/v2/C2Data-3884-Type1;26931.0000;DATA;1612717391.961973
/ndn/s3-site/s3/C2Data-2795-Type1;6002058.0000;TIMEOUT;1612717386.489708
/ndn/h2-site/h2/C2Data-254-Type2;51033.0000;DATA;1612717393.739167
/ndn/v8-site/v8/C2Data-4610-Type2;99010.0000;DATA;1612717395.210283
/ndn/v7-site/v7/C2Data-4489-Type2;169801.0000;DATA;1612717396.729290
/ndn/s3-site/s3/C2Data-2795-Type2;6000703.0000;TIMEOUT;1612717393.687909
/ndn/h9-site/h9/C2Data-555-Type3;55960.0000;DATA;1612717410.968105
/ndn/h7-site/h7/C2Data-433-Type3;159294.0000;DATA;1612717411.414923
/ndn/h0-site/h0/C2Data-13-Type1;97096.0000;DATA;1612717416.420736
/ndn/v6-site/v6/C2Data-4369-Type2;83720.0000;DATA;1612717418.633047
/ndn/s1-site/s1/C2Data-1287-Type3;6004151.0000;TIMEOUT;1612717413.809003
/ndn/h2-site/h2/C2Data-128-Type3;67622.0000;DATA;1612717420.006833
/ndn/v1-site/v1/C2Data-3764-Type1;139129.0000;DATA;1612717420.793478
/ndn/d5-site/d5/C2Data-377-Type4;126233.0000;DATA;1612717422.765184
/ndn/s3-site/s3/C2Data-2796-Type2;6001535.0000;TIMEOUT;1612717417.089963
/ndn/h1-site/h1/C2Data-134-Type1;123130.0000;DATA;1612717425.640955
/ndn/s6-site/s6/C2Data-1592-Type3;6000376.0000;TIMEOUT;1612717420.219251
/ndn/v9-site/v9/C2Data-2385-Type3;99519.0000;DATA;1612717426.989185
/ndn/h6-site/h6/C2Data-372-Type3;169152.0000;DATA;1612717427.668115
/ndn/h8-site/h8/C2Data-981-Type2;178383.0000;DATA;1612717428.240396
/ndn/s9-site/s9/C2Data-1775-Type3;6001260.0000;TIMEOUT;1612717422.631444
/ndn/v7-site/v7/C2Data-677-Type4;162763.0000;DATA;1612717428.879423
/ndn/s5-site/s5/C2Data-1531-Type3;6001169.0000;TIMEOUT;1612717425.360454
/ndn/s0-site/s0/C2Data-1226-Type3;6001600.0000;TIMEOUT;1612717426.530589
/ndn/s6-site/s6/C2Data-3159-Type2;6001193.0000;TIMEOUT;1612717426.533292
/ndn/d7-site/d7/C2Data-1043-Type3;26527.0000;DATA;1612717434.287684
/ndn/s2-site/s2/C2Data-1348-Type3;6001197.0000;TIMEOUT;1612717429.525960
/ndn/d9-site/d9/C2Data-477-Type4;155844.0000;DATA;1612717437.710218
/ndn/d4-site/d4/C2Data-352-Type4;176506.0000;DATA;1612717437.938165
/ndn/d8-site/d8/C2Data-452-Type4;125539.0000;DATA;1612717444.207525
/ndn/d2-site/d2/C2Data-302-Type4;125700.0000;DATA;1612717447.471888
/ndn/h1-site/h1/C2Data-135-Type1;132864.0000;DATA;1612717449.766773
/ndn/h7-site/h7/C2Data-861-Type1;154921.0000;DATA;1612717450.931098
/ndn/h5-site/h5/C2Data-619-Type2;120538.0000;DATA;1612717451.794977
/ndn/v5-site/v5/C2Data-4249-Type1;163068.0000;DATA;1612717452.303727
/ndn/v7-site/v7/C2Data-4491-Type1;156983.0000;DATA;1612717452.704595
/ndn/h9-site/h9/C2Data-1103-Type1;49945.0000;DATA;1612717453.681519
/ndn/h3-site/h3/C2Data-77-Type4;50338.0000;DATA;1612717457.599039
/ndn/v8-site/v8/C2Data-4612-Type1;110803.0000;DATA;1612717457.855066
/ndn/d4-site/d4/C2Data-1708-Type1;172879.0000;DATA;1612717457.850362
/ndn/h2-site/h2/C2Data-52-Type4;54300.0000;DATA;1612717469.297407
/ndn/v9-site/v9/C2Data-727-Type4;123258.0000;DATA;1612717472.907653
/ndn/h9-site/h9/C2Data-1104-Type1;51412.0000;DATA;1612717478.216563
/ndn/h8-site/h8/C2Data-983-Type2;177875.0000;DATA;1612717478.279141
/ndn/d7-site/d7/C2Data-2072-Type1;26982.0000;DATA;1612717478.475775
/ndn/v2-site/v2/C2Data-1959-Type3;27916.0000;DATA;1612717479.547006
/ndn/v3-site/v3/C2Data-2020-Type3;148497.0000;DATA;1612717479.440589
/ndn/v5-site/v5/C2Data-4250-Type1;146921.0000;DATA;1612717480.076127
/ndn/h3-site/h3/C2Data-190-Type3;58245.0000;DATA;1612717481.428972
/ndn/h8-site/h8/C2Data-983-Type1;176010.0000;DATA;1612717481.845010
/ndn/v4-site/v4/C2Data-602-Type4;153899.0000;DATA;1612717481.927294
/ndn/s7-site/s7/C2Data-1654-Type3;6002261.0000;TIMEOUT;1612717476.923394
/ndn/s2-site/s2/C2Data-1349-Type3;6031399.0000;TIMEOUT;1612717477.433921
/ndn/s5-site/s5/C2Data-3040-Type2;6000671.0000;TIMEOUT;1612717478.199415
/ndn/d8-site/d8/C2Data-2193-Type2;73141.0000;DATA;1612717484.132971
/ndn/d8-site/d8/C2Data-1105-Type3;80984.0000;DATA;1612717491.368083
/ndn/s2-site/s2/C2Data-2677-Type2;6001178.0000;TIMEOUT;1612717485.770544
/ndn/s2-site/s2/C2Data-2677-Type1;6001329.0000;TIMEOUT;1612717486.123191
/ndn/d5-site/d5/C2Data-922-Type3;146376.0000;DATA;1612717494.002416
/ndn/d0-site/d0/C2Data-70-Type6;178764.0000;DATA;1612717506.719109
/ndn/d5-site/d5/C2Data-1831-Type2;123918.0000;DATA;1612717510.105951
/ndn/d8-site/d8/C2Data-2194-Type2;77587.0000;DATA;1612717510.880939
/ndn/v7-site/v7/C2Data-4493-Type2;160267.0000;DATA;1612717514.215952
/ndn/d4-site/d4/C2Data-1710-Type1;177791.0000;DATA;1612717515.400954
/ndn/s6-site/s6/C2Data-3162-Type2;6000542.0000;TIMEOUT;1612717512.977856
/ndn/s8-site/s8/C2Data-3404-Type2;6001368.0000;TIMEOUT;1612717517.720214
/ndn/d2-site/d2/C2Data-84-Type6;128770.0000;DATA;1612717531.873694
/ndn/v9-site/v9/C2Data-2387-Type3;112371.0000;DATA;1612717533.795446
/ndn/h1-site/h1/C2Data-69-Type3;218365.0000;DATA;1612717536.103820
/ndn/v6-site/v6/C2Data-2204-Type3;80396.0000;DATA;1612717538.068821
/ndn/v9-site/v9/C2Data-4736-Type1;105447.0000;DATA;1612717541.415947
/ndn/v2-site/v2/C2Data-1960-Type3;29930.0000;DATA;1612717542.497076
/ndn/v5-site/v5/C2Data-2143-Type3;148309.0000;DATA;1612717545.179969
/ndn/h4-site/h4/C2Data-501-Type1;125211.0000;DATA;1612717546.000042
/ndn/v3-site/v3/C2Data-4010-Type2;157972.0000;DATA;1612717546.014178
/ndn/s3-site/s3/C2Data-2800-Type2;6001534.0000;TIMEOUT;1612717542.159801
/ndn/d4-site/d4/C2Data-183-Type5;185317.0000;DATA;1612717549.272898
/ndn/h0-site/h0/C2Data-1-Type5;126450.0000;DATA;1612717552.396338
/ndn/s2-site/s2/C2Data-2679-Type1;6002272.0000;TIMEOUT;1612717546.743227
/ndn/h6-site/h6/C2Data-744-Type1;184272.0000;DATA;1612717567.353154
/ndn/h5-site/h5/C2Data-623-Type1;125143.0000;DATA;1612717569.874702
/ndn/h4-site/h4/C2Data-502-Type2;146478.0000;DATA;1612717573.634092
/ndn/h6-site/h6/C2Data-744-Type2;170311.0000;DATA;1612717573.806295
/ndn/v3-site/v3/C2Data-4011-Type2;156318.0000;DATA;1612717574.532065
/ndn/s0-site/s0/C2Data-2438-Type2;6001228.0000;TIMEOUT;1612717569.944124
/ndn/d3-site/d3/C2Data-1591-Type2;133969.0000;DATA;1612717576.192951
/ndn/h8-site/h8/C2Data-986-Type1;195089.0000;DATA;1612717577.151738
/ndn/s8-site/s8/C2Data-3406-Type1;6008988.0000;TIMEOUT;1612717571.890417
/ndn/s4-site/s4/C2Data-2922-Type2;6000726.0000;TIMEOUT;1612717575.524050
/ndn/s9-site/s9/C2Data-3527-Type1;6001723.0000;TIMEOUT;1612717576.448348
/ndn/h5-site/h5/C2Data-314-Type3;142911.0000;DATA;1612717592.218777
/ndn/d6-site/d6/C2Data-403-Type4;207528.0000;DATA;1612717593.695177
/ndn/h9-site/h9/C2Data-228-Type4;49150.0000;DATA;1612717594.308853
/ndn/v4-site/v4/C2Data-313-Type5;154736.0000;DATA;1612717594.350735
/ndn/h6-site/h6/C2Data-42-Type6;193778.0000;DATA;1612717596.207067
/ndn/d7-site/d7/C2Data-2076-Type1;26443.0000;DATA;1612717596.741296
/ndn/s0-site/s0/C2Data-1229-Type3;6002957.0000;TIMEOUT;1612717592.018010
/ndn/s7-site/s7/C2Data-1656-Type3;6006357.0000;TIMEOUT;1612717592.234729
/ndn/h7-site/h7/C2Data-178-Type4;146504.0000;DATA;1612717598.499138
/ndn/d8-site/d8/C2Data-2197-Type1;75129.0000;DATA;1612717598.712231
/ndn/h3-site/h3/C2Data-78-Type4;59463.0000;DATA;1612717599.698637
