/ndn/v3-site/v3/C2Data-5808-Type2;151035.0000;DATA;1611609744.493147
/ndn/d4-site/d4/C2Data-2299-Type1;243592.0000;DATA;1611609745.100123
/ndn/h8-site/h8/C2Data-968-Type1;107362.0000;DATA;1611609747.587203
/ndn/h12-site/h12/C2Data-1452-Type2;403.0000;NACK;1611609747.993145
/ndn/d2-site/d2/C2Data-2057-Type2;165740.0000;DATA;1611609747.945069
/ndn/s8-site/s8/C2Data-4598-Type1;202244.0000;DATA;1611609748.481339
/ndn/h5-site/h5/C2Data-605-Type1;98853.0000;DATA;1611609748.888121
/ndn/v1-site/v1/C2Data-5566-Type1;647.0000;NACK;1611609749.790112
/ndn/d9-site/d9/C2Data-2904-Type1;72021.0000;DATA;1611609752.410145
/ndn/h10-site/h10/C2Data-1210-Type2;224700.0000;DATA;1611609752.596120
/ndn/v14-site/v14/C2Data-7139-Type1;97676.0000;DATA;1611609754.633164
/ndn/d9-site/d9/C2Data-1464-Type3;152846.0000;DATA;1611609768.846155
/ndn/v8-site/v8/C2Data-3233-Type3;23837.0000;DATA;1611609770.521192
/ndn/v9-site/v9/C2Data-3294-Type3;74474.0000;DATA;1611609770.993201
/ndn/v9-site/v9/C2Data-6535-Type1;72927.0000;DATA;1611609773.883141
/ndn/v8-site/v8/C2Data-6414-Type1;23268.0000;DATA;1611609775.254154
/ndn/h13-site/h13/C2Data-1574-Type1;140031.0000;DATA;1611609775.656199
/ndn/v5-site/v5/C2Data-6051-Type1;689.0000;NACK;1611609776.921234
/ndn/v10-site/v10/C2Data-6656-Type1;522.0000;NACK;1611609777.381156
/ndn/s1-site/s1/C2Data-3752-Type2;572.0000;DATA;1611609778.114165
/ndn/h4-site/h4/C2Data-485-Type2;72103.0000;DATA;1611609778.642117
/ndn/v4-site/v4/C2Data-5930-Type1;468.0000;NACK;1611609779.171163
/ndn/h0-site/h0/C2Data-0-Type3;27122.0000;DATA;1611609779.502183
/ndn/d5-site/d5/C2Data-2421-Type1;70007.0000;DATA;1611609779.620133
/ndn/d2-site/d2/C2Data-1037-Type3;84808.0000;DATA;1611609780.495194
/ndn/d0-site/d0/C2Data-1816-Type1;166870.0000;DATA;1611609782.071186
/ndn/d3-site/d3/C2Data-2179-Type1;188936.0000;DATA;1611609782.344123
/ndn/h1-site/h1/C2Data-61-Type3;23536.0000;DATA;1611609782.595204
/ndn/v9-site/v9/C2Data-6535-Type2;72383.0000;DATA;1611609783.596160
/ndn/h8-site/h8/C2Data-969-Type2;23522.0000;DATA;1611609783.751195
/ndn/d8-site/d8/C2Data-1403-Type3;239345.0000;DATA;1611609783.876122
/ndn/h2-site/h2/C2Data-122-Type3;203183.0000;DATA;1611609784.090109
/ndn/s10-site/s10/C2Data-4841-Type1;191385.0000;DATA;1611609784.222181
/ndn/s10-site/s10/C2Data-2440-Type3;166960.0000;DATA;1611609784.871199
/ndn/d1-site/d1/C2Data-1937-Type1;140101.0000;DATA;1611609785.393129
/ndn/d7-site/d7/C2Data-1342-Type3;91555.0000;DATA;1611609788.263161
/ndn/h11-site/h11/C2Data-671-Type3;46646.0000;DATA;1611609790.804116
/ndn/h10-site/h10/C2Data-610-Type3;23477.0000;DATA;1611609791.113191
/ndn/v9-site/v9/C2Data-6536-Type2;71162.0000;DATA;1611609807.096177
/ndn/v13-site/v13/C2Data-7020-Type1;99358.0000;DATA;1611609809.072193
/ndn/s4-site/s4/C2Data-4116-Type1;186095.0000;DATA;1611609810.622170
/ndn/s10-site/s10/C2Data-4842-Type2;71381.0000;DATA;1611609812.574176
/ndn/d8-site/d8/C2Data-2785-Type1;239873.0000;DATA;1611609812.448201
/ndn/h3-site/h3/C2Data-365-Type2;118885.0000;DATA;1611609813.581105
/ndn/d6-site/d6/C2Data-2543-Type1;99884.0000;DATA;1611609813.806200
/ndn/s5-site/s5/C2Data-4237-Type1;189629.0000;DATA;1611609813.923127
/ndn/v8-site/v8/C2Data-3234-Type3;23752.0000;DATA;1611609829.687158
/ndn/s12-site/s12/C2Data-2563-Type3;75886.0000;DATA;1611609831.982209
/ndn/h14-site/h14/C2Data-855-Type3;77704.0000;DATA;1611609832.627363
/ndn/s6-site/s6/C2Data-2197-Type3;119023.0000;DATA;1611609833.539275
/ndn/v4-site/v4/C2Data-5932-Type2;318734.0000;DATA;1611609834.138158
/ndn/s2-site/s2/C2Data-1953-Type3;47908.0000;DATA;1611609836.121170
/ndn/v2-site/v2/C2Data-5690-Type2;146094.0000;DATA;1611609836.546115
/ndn/h12-site/h12/C2Data-1455-Type2;190316.0000;DATA;1611609837.098118
/ndn/v11-site/v11/C2Data-3417-Type3;72271.0000;DATA;1611609838.089205
/ndn/h5-site/h5/C2Data-608-Type1;70497.0000;DATA;1611609838.483207
/ndn/v12-site/v12/C2Data-6900-Type1;215147.0000;DATA;1611609838.391201
/ndn/h0-site/h0/C2Data-1-Type3;25440.0000;DATA;1611609839.303182
/ndn/d14-site/d14/C2Data-1770-Type3;215060.0000;DATA;1611609839.138178
/ndn/v1-site/v1/C2Data-5569-Type1;71648.0000;DATA;1611609839.433182
/ndn/s8-site/s8/C2Data-4601-Type1;93379.0000;DATA;1611609839.413520
/ndn/d2-site/d2/C2Data-1038-Type3;69129.0000;DATA;1611609841.303217
/ndn/h5-site/h5/C2Data-608-Type2;23891.0000;DATA;1611609841.906185
/ndn/s14-site/s14/C2Data-5327-Type1;26293.0000;DATA;1611609842.150166
/ndn/d13-site/d13/C2Data-1709-Type3;91984.0000;DATA;1611609842.342194
/ndn/v5-site/v5/C2Data-6053-Type1;25480.0000;DATA;1611609842.460235
/ndn/v7-site/v7/C2Data-925-Type4;72095.0000;DATA;1611609842.419152
/ndn/v2-site/v2/C2Data-2868-Type3;80004.0000;DATA;1611609842.790109
/ndn/d4-site/d4/C2Data-2302-Type2;71777.0000;DATA;1611609843.743680
/ndn/s3-site/s3/C2Data-2014-Type3;70437.0000;DATA;1611609843.835198
/ndn/s11-site/s11/C2Data-4964-Type1;49860.0000;DATA;1611609845.082158
/ndn/s5-site/s5/C2Data-2136-Type3;46479.0000;DATA;1611609845.166164
/ndn/h11-site/h11/C2Data-672-Type3;49044.0000;DATA;1611609845.237167
/ndn/h4-site/h4/C2Data-487-Type2;69172.0000;DATA;1611609845.262198
/ndn/s11-site/s11/C2Data-4964-Type2;46977.0000;DATA;1611609845.542125
/ndn/s9-site/s9/C2Data-2380-Type3;52298.0000;DATA;1611609849.405197
/ndn/h2-site/h2/C2Data-123-Type3;71954.0000;DATA;1611609849.872164
/ndn/v14-site/v14/C2Data-1100-Type4;84679.0000;DATA;1611609854.908137
/ndn/v2-site/v2/C2Data-800-Type4;79998.0000;DATA;1611609856.329175
/ndn/h0-site/h0/C2Data-4-Type2;25216.0000;DATA;1611609865.962141
/ndn/s11-site/s11/C2Data-4965-Type1;46656.0000;DATA;1611609866.089158
/ndn/d9-site/d9/C2Data-2908-Type1;145271.0000;DATA;1611609866.033208
/ndn/h8-site/h8/C2Data-972-Type1;141739.0000;DATA;1611609866.536764
/ndn/v8-site/v8/C2Data-6417-Type2;23781.0000;DATA;1611609866.740188
/ndn/v3-site/v3/C2Data-5812-Type2;95318.0000;DATA;1611609867.067176
/ndn/s10-site/s10/C2Data-4844-Type1;192425.0000;DATA;1611609867.534117
/ndn/d0-site/d0/C2Data-375-Type4;77529.0000;DATA;1611609868.990178
/ndn/d11-site/d11/C2Data-3150-Type1;49121.0000;DATA;1611609872.153133
/ndn/v13-site/v13/C2Data-7022-Type2;26201.0000;DATA;1611609872.206126
/ndn/d0-site/d0/C2Data-1819-Type2;71791.0000;DATA;1611609872.394119
/ndn/v0-site/v0/C2Data-5449-Type1;196718.0000;DATA;1611609872.697238
/ndn/v6-site/v6/C2Data-6175-Type2;163284.0000;NACK;1611609873.427148
/ndn/d12-site/d12/C2Data-3271-Type2;104864.0000;DATA;1611609873.684118
/ndn/v11-site/v11/C2Data-1025-Type4;110174.0000;DATA;1611609887.237133
/ndn/h3-site/h3/C2Data-75-Type4;48430.0000;DATA;1611609888.734209
/ndn/s2-site/s2/C2Data-1954-Type3;172218.0000;DATA;1611609890.632125
/ndn/v3-site/v3/C2Data-5813-Type1;143098.0000;DATA;1611609894.376143
/ndn/v7-site/v7/C2Data-3174-Type3;23626.0000;DATA;1611609895.370170
/ndn/d9-site/d9/C2Data-600-Type4;70151.0000;DATA;1611609895.461157
/ndn/d3-site/d3/C2Data-2183-Type1;198573.0000;DATA;1611609895.386116
/ndn/d12-site/d12/C2Data-3272-Type2;188159.0000;DATA;1611609895.732120
/ndn/h14-site/h14/C2Data-1699-Type2;213395.0000;DATA;1611609896.033295
/ndn/h6-site/h6/C2Data-150-Type4;46517.0000;DATA;1611609896.358144
/ndn/v6-site/v6/C2Data-6176-Type1;171749.0000;NACK;1611609896.374114
/ndn/h6-site/h6/C2Data-731-Type1;48728.0000;DATA;1611609896.709112
/ndn/h10-site/h10/C2Data-250-Type4;77635.0000;DATA;1611609897.986117
/ndn/v2-site/v2/C2Data-5692-Type1;97390.0000;DATA;1611609898.040110
/ndn/s6-site/s6/C2Data-4361-Type2;92008.0000;DATA;1611609899.362769
/ndn/s10-site/s10/C2Data-4845-Type1;73447.0000;DATA;1611609899.637114
/ndn/v6-site/v6/C2Data-6176-Type2;165235.0000;NACK;1611609900.205199
/ndn/d7-site/d7/C2Data-1344-Type3;46451.0000;DATA;1611609901.143135
/ndn/s11-site/s11/C2Data-2503-Type3;46187.0000;DATA;1611609901.210113
/ndn/h4-site/h4/C2Data-489-Type1;52940.0000;DATA;1611609901.357148
/ndn/v13-site/v13/C2Data-7023-Type1;100965.0000;DATA;1611609901.545152
/ndn/h9-site/h9/C2Data-1094-Type1;94023.0000;DATA;1611609901.628149
/ndn/s0-site/s0/C2Data-3635-Type2;97191.0000;DATA;1611609901.673238
/ndn/h6-site/h6/C2Data-368-Type3;49094.0000;DATA;1611609902.175146
/ndn/h8-site/h8/C2Data-973-Type2;47955.0000;DATA;1611609902.569157
/ndn/s10-site/s10/C2Data-2442-Type3;50074.0000;DATA;1611609902.675128
/ndn/s14-site/s14/C2Data-5329-Type1;25594.0000;DATA;1611609903.678192
/ndn/s8-site/s8/C2Data-2320-Type3;191898.0000;DATA;1611609904.206139
/ndn/v12-site/v12/C2Data-6902-Type2;172480.0000;DATA;1611609905.182269
/ndn/v2-site/v2/C2Data-5692-Type2;142921.0000;DATA;1611609905.452160
/ndn/d6-site/d6/C2Data-1283-Type3;47274.0000;DATA;1611609907.095172
/ndn/v5-site/v5/C2Data-3052-Type3;28050.0000;DATA;1611609908.885781
/ndn/s3-site/s3/C2Data-2015-Type3;643.0000;DATA;1611609909.404207
/ndn/s12-site/s12/C2Data-5088-Type2;77607.0000;DATA;1611609924.056181
/ndn/h12-site/h12/C2Data-1458-Type2;94851.0000;DATA;1611609924.243150
/ndn/v5-site/v5/C2Data-6056-Type2;141492.0000;DATA;1611609925.289721
/ndn/d10-site/d10/C2Data-3031-Type1;72283.0000;DATA;1611609925.918187
/ndn/h4-site/h4/C2Data-490-Type1;98004.0000;DATA;1611609927.845158
/ndn/v12-site/v12/C2Data-6903-Type2;24935.0000;DATA;1611609927.985118
/ndn/v7-site/v7/C2Data-6298-Type2;217576.0000;DATA;1611609928.038121
/ndn/s10-site/s10/C2Data-4846-Type1;96346.0000;DATA;1611609928.181701
/ndn/d3-site/d3/C2Data-2184-Type2;192857.0000;DATA;1611609928.798141
/ndn/d8-site/d8/C2Data-2789-Type1;218019.0000;DATA;1611609931.211157
/ndn/d12-site/d12/C2Data-3273-Type2;146942.0000;DATA;1611609932.115206
/ndn/h6-site/h6/C2Data-732-Type1;48979.0000;DATA;1611609932.964182
/ndn/s11-site/s11/C2Data-4967-Type1;48492.0000;DATA;1611609934.214155
/ndn/s8-site/s8/C2Data-4604-Type2;96723.0000;DATA;1611609935.244154
/ndn/v2-site/v2/C2Data-2870-Type3;198631.0000;DATA;1611609948.100120
/ndn/d8-site/d8/C2Data-1406-Type3;242485.0000;DATA;1611609948.709174
/ndn/h12-site/h12/C2Data-735-Type3;194057.0000;DATA;1611609951.615117
/ndn/s3-site/s3/C2Data-2016-Type3;72697.0000;DATA;1611609953.950043
/ndn/v11-site/v11/C2Data-3419-Type3;101265.0000;DATA;1611609954.324167
/ndn/s11-site/s11/C2Data-2504-Type3;550.0000;DATA;1611609954.752270
/ndn/d2-site/d2/C2Data-2064-Type2;72042.0000;DATA;1611609955.461211
/ndn/s12-site/s12/C2Data-5089-Type1;71927.0000;DATA;1611609956.201170
/ndn/s1-site/s1/C2Data-3758-Type1;23944.0000;DATA;1611609956.459117
/ndn/h4-site/h4/C2Data-491-Type1;92297.0000;DATA;1611609958.135124
/ndn/v8-site/v8/C2Data-6420-Type1;23749.0000;DATA;1611609958.257178
/ndn/v4-site/v4/C2Data-5936-Type2;92854.0000;DATA;1611609958.432182
