/ndn/d7-site/d7/C2Data-2057-Type1;108810.0000;DATA;1612717857.309144
/ndn/d4-site/d4/C2Data-1694-Type1;165402.0000;DATA;1612717858.458564
/ndn/d3-site/d3/C2Data-1573-Type2;324979.0000;DATA;1612717859.112395
/ndn/h4-site/h4/C2Data-484-Type2;97412.0000;DATA;1612717860.993010
/ndn/v1-site/v1/C2Data-3751-Type2;180855.0000;DATA;1612717862.005067
/ndn/v8-site/v8/C2Data-4598-Type2;197911.0000;DATA;1612717862.905750
/ndn/h1-site/h1/C2Data-121-Type1;166923.0000;DATA;1612717863.612438
/ndn/v5-site/v5/C2Data-4235-Type1;291438.0000;DATA;1612717863.593868
/ndn/s7-site/s7/C2Data-3267-Type1;92326.0000;DATA;1612717865.255847
/ndn/h8-site/h8/C2Data-968-Type1;167176.0000;DATA;1612717866.014891
/ndn/s1-site/s1/C2Data-2541-Type1;25761.0000;DATA;1612717866.354753
/ndn/v6-site/v6/C2Data-4356-Type1;194497.0000;DATA;1612717866.368825
/ndn/d2-site/d2/C2Data-1452-Type1;50770.0000;DATA;1612717868.510064
/ndn/s9-site/s9/C2Data-1769-Type3;466901.0000;DATA;1612717881.798497
/ndn/h3-site/h3/C2Data-183-Type3;175280.0000;DATA;1612717883.133772
/ndn/d1-site/d1/C2Data-671-Type3;249677.0000;DATA;1612717884.170364
/ndn/h5-site/h5/C2Data-606-Type1;147650.0000;DATA;1612717887.457229
/ndn/h6-site/h6/C2Data-727-Type2;173364.0000;DATA;1612717888.099053
/ndn/h8-site/h8/C2Data-488-Type3;27889.0000;DATA;1612717890.724889
/ndn/v7-site/v7/C2Data-4478-Type1;73950.0000;DATA;1612717892.214891
/ndn/d4-site/d4/C2Data-1695-Type1;96901.0000;DATA;1612717892.430742
/ndn/v8-site/v8/C2Data-2318-Type3;146942.0000;DATA;1612717892.910906
/ndn/d9-site/d9/C2Data-1159-Type3;35466.0000;DATA;1612717893.490982
/ndn/h5-site/h5/C2Data-305-Type3;76842.0000;DATA;1612717896.376196
/ndn/d2-site/d2/C2Data-1453-Type2;90698.0000;DATA;1612717896.475285
/ndn/h4-site/h4/C2Data-244-Type3;98689.0000;DATA;1612717897.302232
/ndn/s0-site/s0/C2Data-1220-Type3;27748.0000;DATA;1612717902.371352
/ndn/v7-site/v7/C2Data-2257-Type3;32693.0000;DATA;1612717902.873414
/ndn/h9-site/h9/C2Data-549-Type3;27444.0000;DATA;1612717903.344570
/ndn/d9-site/d9/C2Data-2301-Type1;26042.0000;DATA;1612717918.469267
/ndn/h5-site/h5/C2Data-607-Type1;149139.0000;DATA;1612717918.865882
/ndn/s2-site/s2/C2Data-2664-Type2;271244.0000;DATA;1612717921.722903
/ndn/v9-site/v9/C2Data-4721-Type2;25516.0000;DATA;1612717923.424841
/ndn/v8-site/v8/C2Data-4600-Type2;190190.0000;DATA;1612717924.726848
/ndn/v7-site/v7/C2Data-4479-Type2;71997.0000;DATA;1612717925.098662
/ndn/s9-site/s9/C2Data-3511-Type2;262965.0000;DATA;1612717925.198292
/ndn/v6-site/v6/C2Data-4358-Type2;183967.0000;DATA;1612717925.937810
/ndn/d9-site/d9/C2Data-2301-Type2;27294.0000;DATA;1612717927.124541
/ndn/d6-site/d6/C2Data-1938-Type2;70453.0000;DATA;1612717927.230168
/ndn/v3-site/v3/C2Data-2014-Type3;28261.0000;DATA;1612717946.924936
/ndn/h4-site/h4/C2Data-245-Type3;76119.0000;DATA;1612717948.615851
/ndn/v4-site/v4/C2Data-4117-Type2;48206.0000;DATA;1612717951.166432
/ndn/s7-site/s7/C2Data-3270-Type2;90196.0000;DATA;1612717951.567026
/ndn/d3-site/d3/C2Data-1576-Type2;270692.0000;DATA;1612717954.431221
/ndn/s1-site/s1/C2Data-2544-Type2;216198.0000;DATA;1612717954.731955
/ndn/v4-site/v4/C2Data-600-Type4;284570.0000;DATA;1612717955.835893
/ndn/d2-site/d2/C2Data-733-Type3;52750.0000;DATA;1612717957.580493
/ndn/s7-site/s7/C2Data-3270-Type1;72476.0000;DATA;1612717957.852083
/ndn/h5-site/h5/C2Data-125-Type4;179188.0000;DATA;1612717958.341210
/ndn/v6-site/v6/C2Data-2197-Type3;30946.0000;DATA;1612717962.726828
/ndn/h0-site/h0/C2Data-1-Type3;38143.0000;DATA;1612717963.198891
/ndn/s1-site/s1/C2Data-1282-Type3;26831.0000;DATA;1612717963.743659
/ndn/s5-site/s5/C2Data-1526-Type3;27773.0000;DATA;1612717964.375200
/ndn/v9-site/v9/C2Data-725-Type4;31719.0000;DATA;1612717976.468007
/ndn/v9-site/v9/C2Data-4723-Type1;26367.0000;DATA;1612717977.633628
/ndn/v1-site/v1/C2Data-3755-Type1;161085.0000;DATA;1612717977.668164
/ndn/s7-site/s7/C2Data-3271-Type2;72741.0000;DATA;1612717979.498844
/ndn/d7-site/d7/C2Data-2061-Type2;102846.0000;DATA;1612717979.965238
/ndn/d1-site/d1/C2Data-1335-Type2;25684.0000;DATA;1612717980.087596
/ndn/d0-site/d0/C2Data-1214-Type2;236783.0000;DATA;1612717980.429944
/ndn/d3-site/d3/C2Data-1577-Type2;265861.0000;DATA;1612717981.070165
/ndn/s1-site/s1/C2Data-2545-Type1;229387.0000;DATA;1612717984.261159
/ndn/h4-site/h4/C2Data-100-Type4;167842.0000;DATA;1612717984.670634
/ndn/s0-site/s0/C2Data-2424-Type2;122737.0000;DATA;1612717987.858316
/ndn/h1-site/h1/C2Data-125-Type1;171407.0000;DATA;1612717988.460126
/ndn/d6-site/d6/C2Data-400-Type4;215897.0000;DATA;1612717991.004822
/ndn/h7-site/h7/C2Data-175-Type4;130605.0000;DATA;1612717992.127020
/ndn/d1-site/d1/C2Data-275-Type4;118952.0000;DATA;1612717997.198198
/ndn/d8-site/d8/C2Data-450-Type4;29878.0000;DATA;1612717997.869032
/ndn/v8-site/v8/C2Data-700-Type4;167973.0000;DATA;1612718005.608338
/ndn/h5-site/h5/C2Data-610-Type2;158870.0000;DATA;1612718007.874285
/ndn/v9-site/v9/C2Data-4724-Type1;25609.0000;DATA;1612718009.846176
/ndn/d2-site/d2/C2Data-1457-Type1;53681.0000;DATA;1612718009.961427
/ndn/h3-site/h3/C2Data-368-Type1;106952.0000;DATA;1612718010.003514
/ndn/d0-site/d0/C2Data-612-Type3;73115.0000;DATA;1612718011.824168
/ndn/h1-site/h1/C2Data-126-Type2;151349.0000;DATA;1612718012.212974
/ndn/d8-site/d8/C2Data-2183-Type1;52261.0000;DATA;1612718012.593388
/ndn/h2-site/h2/C2Data-124-Type3;26005.0000;DATA;1612718013.457914
/ndn/d2-site/d2/C2Data-1457-Type2;50129.0000;DATA;1612718016.772433
/ndn/d7-site/d7/C2Data-2062-Type1;97295.0000;DATA;1612718016.733788
/ndn/s6-site/s6/C2Data-3151-Type2;52005.0000;DATA;1612718018.651155
/ndn/s1-site/s1/C2Data-2546-Type1;24606.0000;DATA;1612718018.997527
/ndn/s7-site/s7/C2Data-3272-Type2;76592.0000;DATA;1612718019.023897
/ndn/v0-site/v0/C2Data-1832-Type3;198425.0000;DATA;1612718020.415290
/ndn/s4-site/s4/C2Data-1466-Type3;35415.0000;DATA;1612718023.659067
/ndn/s8-site/s8/C2Data-1710-Type3;35045.0000;DATA;1612718024.244074
/ndn/v9-site/v9/C2Data-4725-Type2;24907.0000;DATA;1612718038.219624
/ndn/s2-site/s2/C2Data-2668-Type1;25853.0000;DATA;1612718038.723250
/ndn/v6-site/v6/C2Data-4362-Type1;203293.0000;DATA;1612718039.575007
/ndn/v1-site/v1/C2Data-3757-Type2;159297.0000;DATA;1612718042.242825
/ndn/h2-site/h2/C2Data-248-Type1;170243.0000;DATA;1612718042.747860
/ndn/v8-site/v8/C2Data-4604-Type2;180400.0000;DATA;1612718045.046771
/ndn/h0-site/h0/C2Data-6-Type2;23757.0000;DATA;1612718048.583962
/ndn/s6-site/s6/C2Data-1589-Type3;50917.0000;DATA;1612718061.801320
/ndn/v3-site/v3/C2Data-2016-Type3;27224.0000;DATA;1612718063.902864
/ndn/h4-site/h4/C2Data-247-Type3;144580.0000;DATA;1612718063.980264
/ndn/d7-site/d7/C2Data-1040-Type3;38708.0000;DATA;1612718067.007593
/ndn/s5-site/s5/C2Data-1528-Type3;146754.0000;DATA;1612718068.368942
/ndn/s7-site/s7/C2Data-3274-Type1;77526.0000;DATA;1612718069.152294
/ndn/v3-site/v3/C2Data-4000-Type2;24957.0000;DATA;1612718069.247005
/ndn/s4-site/s4/C2Data-1467-Type3;99821.0000;DATA;1612718069.432951
/ndn/d7-site/d7/C2Data-2064-Type2;51713.0000;DATA;1612718073.071487
/ndn/h5-site/h5/C2Data-308-Type3;147401.0000;DATA;1612718073.531293
/ndn/h5-site/h5/C2Data-612-Type2;74463.0000;DATA;1612718074.463897
/ndn/v1-site/v1/C2Data-1894-Type3;75521.0000;DATA;1612718074.560042
/ndn/d8-site/d8/C2Data-2185-Type2;26977.0000;DATA;1612718075.638704
/ndn/v9-site/v9/C2Data-4726-Type1;24515.0000;DATA;1612718076.146399
/ndn/v3-site/v3/C2Data-4000-Type1;25901.0000;DATA;1612718077.073398
/ndn/d3-site/d3/C2Data-1580-Type1;137327.0000;DATA;1612718077.306061
/ndn/d1-site/d1/C2Data-1338-Type2;78311.0000;DATA;1612718078.957991
/ndn/d9-site/d9/C2Data-1162-Type3;26556.0000;DATA;1612718079.222149
/ndn/h2-site/h2/C2Data-125-Type3;182727.0000;DATA;1612718079.623085
/ndn/s3-site/s3/C2Data-1406-Type3;137942.0000;DATA;1612718080.771531
/ndn/d1-site/d1/C2Data-143-Type5;103572.0000;DATA;1612718081.266086
/ndn/h6-site/h6/C2Data-369-Type3;96638.0000;DATA;1612718083.910328
/ndn/v5-site/v5/C2Data-2138-Type3;56701.0000;DATA;1612718084.465828
/ndn/d0-site/d0/C2Data-130-Type5;207281.0000;DATA;1612718095.111296
/ndn/d1-site/d1/C2Data-1339-Type2;121720.0000;DATA;1612718098.194507
/ndn/s5-site/s5/C2Data-3033-Type1;256708.0000;DATA;1612718100.028976
/ndn/s2-site/s2/C2Data-2670-Type1;49050.0000;DATA;1612718100.926012
/ndn/h2-site/h2/C2Data-250-Type1;204077.0000;DATA;1612718101.102593
/ndn/d9-site/d9/C2Data-2307-Type1;35153.0000;DATA;1612718102.827012
/ndn/s2-site/s2/C2Data-2670-Type2;174881.0000;DATA;1612718103.147886
/ndn/h4-site/h4/C2Data-492-Type1;152957.0000;DATA;1612718104.169116
/ndn/d2-site/d2/C2Data-156-Type5;55028.0000;DATA;1612718109.494951
/ndn/v4-site/v4/C2Data-601-Type4;540154.0000;DATA;1612718113.505201
/ndn/v9-site/v9/C2Data-377-Type5;27480.0000;DATA;1612718116.716838
/ndn/d3-site/d3/C2Data-326-Type4;54592.0000;DATA;1612718117.011803
/ndn/h8-site/h8/C2Data-104-Type5;103424.0000;DATA;1612718117.220986
/ndn/h8-site/h8/C2Data-201-Type4;95671.0000;DATA;1612718117.446810
/ndn/h0-site/h0/C2Data-0-Type5;36072.0000;DATA;1612718121.139056
/ndn/v0-site/v0/C2Data-1834-Type3;121780.0000;DATA;1612718124.288244
/ndn/h5-site/h5/C2Data-309-Type3;83831.0000;DATA;1612718128.471908
/ndn/v0-site/v0/C2Data-501-Type4;76103.0000;DATA;1612718129.257234
/ndn/v1-site/v1/C2Data-3760-Type2;151340.0000;DATA;1612718129.827176
/ndn/d3-site/d3/C2Data-1582-Type1;25643.0000;DATA;1612718132.272877
/ndn/h7-site/h7/C2Data-431-Type3;104258.0000;DATA;1612718132.570229
/ndn/d7-site/d7/C2Data-1041-Type3;36311.0000;DATA;1612718133.356855
/ndn/s5-site/s5/C2Data-3034-Type1;194640.0000;DATA;1612718133.397563
/ndn/d2-site/d2/C2Data-736-Type3;47671.0000;DATA;1612718133.625902
/ndn/s6-site/s6/C2Data-3155-Type1;28081.0000;DATA;1612718134.471986
/ndn/h4-site/h4/C2Data-493-Type1;160042.0000;DATA;1612718135.221269
/ndn/d6-site/d6/C2Data-1945-Type2;76021.0000;DATA;1612718136.312427
/ndn/d6-site/d6/C2Data-980-Type3;98951.0000;DATA;1612718136.659647
/ndn/s8-site/s8/C2Data-1712-Type3;97582.0000;DATA;1612718136.705779
/ndn/h1-site/h1/C2Data-26-Type4;149849.0000;DATA;1612718136.770858
/ndn/v2-site/v2/C2Data-3881-Type1;131850.0000;DATA;1612718137.565891
/ndn/v9-site/v9/C2Data-726-Type4;27624.0000;DATA;1612718138.716669
/ndn/d0-site/d0/C2Data-251-Type4;447089.0000;DATA;1612718138.957759
/ndn/h9-site/h9/C2Data-553-Type3;49646.0000;DATA;1612718143.512909
/ndn/d8-site/d8/C2Data-234-Type5;62491.0000;DATA;1612718146.437306
/ndn/h2-site/h2/C2Data-51-Type4;71749.0000;DATA;1612718153.452816
/ndn/v1-site/v1/C2Data-3761-Type2;150078.0000;DATA;1612718158.256255
/ndn/v0-site/v0/C2Data-3640-Type2;120844.0000;DATA;1612718159.712479
/ndn/d9-site/d9/C2Data-476-Type4;29484.0000;DATA;1612718161.807929
/ndn/d7-site/d7/C2Data-2067-Type2;26412.0000;DATA;1612718163.817087
/ndn/h5-site/h5/C2Data-615-Type2;79597.0000;DATA;1612718165.527834
/ndn/v9-site/v9/C2Data-4729-Type1;24856.0000;DATA;1612718166.831000
/ndn/s9-site/s9/C2Data-3519-Type1;34324.0000;DATA;1612718167.004209
/ndn/d4-site/d4/C2Data-1704-Type1;97657.0000;DATA;1612718166.947715
/ndn/s7-site/s7/C2Data-3277-Type2;116752.0000;DATA;1612718168.980809
/ndn/h7-site/h7/C2Data-432-Type3;191197.0000;DATA;1612718182.610155
/ndn/d3-site/d3/C2Data-798-Type3;274153.0000;DATA;1612718187.155101
/ndn/h0-site/h0/C2Data-11-Type1;49660.0000;DATA;1612718188.885551
/ndn/d8-site/d8/C2Data-2189-Type2;58735.0000;DATA;1612718190.434852
/ndn/v5-site/v5/C2Data-4246-Type1;260281.0000;DATA;1612718190.616497
/ndn/d8-site/d8/C2Data-2189-Type1;49797.0000;DATA;1612718195.858153
/ndn/d7-site/d7/C2Data-1042-Type3;25163.0000;DATA;1612718195.899041
/ndn/v4-site/v4/C2Data-4125-Type1;276501.0000;DATA;1612718196.775354
/ndn/s2-site/s2/C2Data-1347-Type3;219907.0000;DATA;1612718199.242268
/ndn/d6-site/d6/C2Data-981-Type3;29948.0000;DATA;1612718201.625499
/ndn/s6-site/s6/C2Data-1591-Type3;53197.0000;DATA;1612718201.977464
/ndn/v0-site/v0/C2Data-1835-Type3;27193.0000;DATA;1612718202.213369
/ndn/d2-site/d2/C2Data-1464-Type2;67688.0000;DATA;1612718217.525428
/ndn/d9-site/d9/C2Data-2311-Type2;28154.0000;DATA;1612718218.340842
/ndn/h3-site/h3/C2Data-375-Type2;181654.0000;DATA;1612718218.432786
/ndn/s3-site/s3/C2Data-2795-Type2;72711.0000;DATA;1612718221.407331
/ndn/s8-site/s8/C2Data-3400-Type2;176268.0000;DATA;1612718222.232924
/ndn/s6-site/s6/C2Data-3158-Type2;65350.0000;DATA;1612718222.558909
/ndn/s5-site/s5/C2Data-3037-Type2;213732.0000;DATA;1612718225.056011
/ndn/d2-site/d2/C2Data-1464-Type1;60450.0000;DATA;1612718227.027885
/ndn/d8-site/d8/C2Data-2190-Type1;51681.0000;DATA;1612718228.855144
/ndn/h9-site/h9/C2Data-1101-Type2;46961.0000;DATA;1612718228.936971
/ndn/h7-site/h7/C2Data-433-Type3;165370.0000;DATA;1612718245.529909
/ndn/s0-site/s0/C2Data-1226-Type3;223596.0000;DATA;1612718246.085966
/ndn/v6-site/v6/C2Data-2202-Type3;200123.0000;DATA;1612718246.744663
/ndn/d4-site/d4/C2Data-860-Type3;109005.0000;DATA;1612718247.177464
/ndn/d8-site/d8/C2Data-2191-Type2;61436.0000;DATA;1612718248.115846
/ndn/s2-site/s2/C2Data-2675-Type1;213688.0000;DATA;1612718249.382201
/ndn/v2-site/v2/C2Data-3885-Type2;49871.0000;DATA;1612718250.247157
/ndn/d4-site/d4/C2Data-1707-Type2;100320.0000;DATA;1612718250.599153
/ndn/d2-site/d2/C2Data-1465-Type2;57910.0000;DATA;1612718250.731025
/ndn/s2-site/s2/C2Data-1348-Type3;39498.0000;DATA;1612718251.610922
/ndn/v2-site/v2/C2Data-3885-Type1;121065.0000;DATA;1612718253.187545
/ndn/d9-site/d9/C2Data-2312-Type2;24984.0000;DATA;1612718254.406967
/ndn/s5-site/s5/C2Data-1531-Type3;6000656.0000;TIMEOUT;1612718250.211578
/ndn/v0-site/v0/C2Data-3643-Type1;127889.0000;DATA;1612718257.414550
/ndn/v1-site/v1/C2Data-3764-Type2;158939.0000;DATA;1612718258.299945
/ndn/v0-site/v0/C2Data-1836-Type3;122413.0000;DATA;1612718258.604557
/ndn/v3-site/v3/C2Data-4006-Type1;28647.0000;DATA;1612718259.054915
/ndn/s6-site/s6/C2Data-3159-Type2;6000532.0000;TIMEOUT;1612718254.274377
/ndn/s2-site/s2/C2Data-2675-Type2;6001777.0000;TIMEOUT;1612718254.271700
/ndn/s8-site/s8/C2Data-3401-Type1;6000302.0000;TIMEOUT;1612718254.307974
/ndn/s8-site/s8/C2Data-3401-Type2;6002065.0000;TIMEOUT;1612718254.630046
/ndn/s1-site/s1/C2Data-1287-Type3;6001753.0000;TIMEOUT;1612718255.413024
/ndn/d8-site/d8/C2Data-452-Type4;57515.0000;DATA;1612718268.740139
/ndn/d6-site/d6/C2Data-402-Type4;82595.0000;DATA;1612718268.931633
/ndn/s7-site/s7/C2Data-1653-Type3;6001143.0000;TIMEOUT;1612718263.542774
/ndn/s4-site/s4/C2Data-1470-Type3;6000517.0000;TIMEOUT;1612718263.981378
/ndn/v4-site/v4/C2Data-602-Type4;333046.0000;DATA;1612718270.359001
/ndn/v7-site/v7/C2Data-4491-Type2;76316.0000;DATA;1612718277.707603
/ndn/d7-site/d7/C2Data-2071-Type1;115176.0000;DATA;1612718279.241260
/ndn/v6-site/v6/C2Data-4370-Type1;175974.0000;DATA;1612718280.062991
/ndn/d3-site/d3/C2Data-1587-Type2;274731.0000;DATA;1612718280.303957
/ndn/d0-site/d0/C2Data-252-Type4;274181.0000;DATA;1612718280.748525
/ndn/d2-site/d2/C2Data-1466-Type1;68496.0000;DATA;1612718281.263206
/ndn/v6-site/v6/C2Data-652-Type4;54043.0000;DATA;1612718281.349457
/ndn/d1-site/d1/C2Data-1345-Type1;126406.0000;DATA;1612718287.586871
/ndn/s4-site/s4/C2Data-2918-Type2;6001580.0000;TIMEOUT;1612718283.531050
/ndn/h9-site/h9/C2Data-227-Type4;25538.0000;DATA;1612718298.579784
/ndn/d9-site/d9/C2Data-2314-Type1;25133.0000;DATA;1612718308.391884
/ndn/h4-site/h4/C2Data-251-Type3;175285.0000;DATA;1612718309.638997
/ndn/v9-site/v9/C2Data-4734-Type2;25371.0000;DATA;1612718310.333502
/ndn/v1-site/v1/C2Data-3766-Type1;151897.0000;DATA;1612718310.262824
/ndn/h7-site/h7/C2Data-862-Type1;174346.0000;DATA;1612718310.362338
/ndn/h6-site/h6/C2Data-741-Type2;199046.0000;DATA;1612718312.376580
/ndn/h5-site/h5/C2Data-620-Type2;142068.0000;DATA;1612718313.737201
/ndn/h3-site/h3/C2Data-378-Type1;174595.0000;DATA;1612718314.764153
/ndn/v6-site/v6/C2Data-2203-Type3;28548.0000;DATA;1612718315.373220
/ndn/h1-site/h1/C2Data-68-Type3;92749.0000;DATA;1612718315.362161
/ndn/s5-site/s5/C2Data-1532-Type3;6002553.0000;TIMEOUT;1612718310.030960
/ndn/h8-site/h8/C2Data-983-Type1;197668.0000;DATA;1612718317.512694
/ndn/s7-site/s7/C2Data-3282-Type2;6002142.0000;TIMEOUT;1612718313.472384
/ndn/s0-site/s0/C2Data-2435-Type2;6000624.0000;TIMEOUT;1612718313.467802
/ndn/s7-site/s7/C2Data-3282-Type1;6001831.0000;TIMEOUT;1612718315.547479
/ndn/s9-site/s9/C2Data-3524-Type1;6003796.0000;TIMEOUT;1612718316.522396
/ndn/v1-site/v1/C2Data-3767-Type1;155095.0000;DATA;1612718337.895245
/ndn/d3-site/d3/C2Data-1589-Type2;287100.0000;DATA;1612718341.835827
/ndn/h8-site/h8/C2Data-984-Type2;213241.0000;DATA;1612718344.650592
/ndn/v4-site/v4/C2Data-4130-Type2;101606.0000;DATA;1612718345.794156
/ndn/s5-site/s5/C2Data-3041-Type1;6000893.0000;TIMEOUT;1612718341.502518
/ndn/s7-site/s7/C2Data-3283-Type2;6001360.0000;TIMEOUT;1612718346.347911
/ndn/v2-site/v2/C2Data-1960-Type3;116614.0000;DATA;1612718362.595701
/ndn/v9-site/v9/C2Data-2387-Type3;39199.0000;DATA;1612718365.834898
/ndn/h8-site/h8/C2Data-496-Type3;164602.0000;DATA;1612718365.715362
/ndn/h2-site/h2/C2Data-130-Type3;205574.0000;DATA;1612718366.318313
/ndn/d9-site/d9/C2Data-2316-Type1;29174.0000;DATA;1612718368.045719
/ndn/v8-site/v8/C2Data-4615-Type1;174756.0000;DATA;1612718367.919974
/ndn/s2-site/s2/C2Data-1350-Type3;6002113.0000;TIMEOUT;1612718363.148507
/ndn/d7-site/d7/C2Data-2074-Type1;103097.0000;DATA;1612718370.297967
/ndn/s8-site/s8/C2Data-1716-Type3;6000342.0000;TIMEOUT;1612718367.848001
/ndn/v0-site/v0/C2Data-1838-Type3;74697.0000;DATA;1612718374.016076
/ndn/s3-site/s3/C2Data-2800-Type1;6001299.0000;TIMEOUT;1612718368.931098
/ndn/v9-site/v9/C2Data-4736-Type1;25116.0000;DATA;1612718375.126516
/ndn/s2-site/s2/C2Data-2679-Type2;6002267.0000;TIMEOUT;1612718370.075001
/ndn/h7-site/h7/C2Data-92-Type5;171095.0000;DATA;1612718376.723528
/ndn/v7-site/v7/C2Data-4494-Type2;73321.0000;DATA;1612718378.149619
/ndn/s1-site/s1/C2Data-1289-Type3;6000647.0000;TIMEOUT;1612718373.902203
/ndn/s6-site/s6/C2Data-1594-Type3;6001523.0000;TIMEOUT;1612718374.512022
/ndn/v7-site/v7/C2Data-2265-Type3;123334.0000;DATA;1612718380.762304
/ndn/s2-site/s2/C2Data-2679-Type1;6002378.0000;TIMEOUT;1612718376.064601
/ndn/s9-site/s9/C2Data-1777-Type3;6001265.0000;TIMEOUT;1612718377.023373
/ndn/v1-site/v1/C2Data-1899-Type3;73948.0000;DATA;1612718383.719339
/ndn/d6-site/d6/C2Data-112-Type6;80621.0000;DATA;1612718394.263479
/ndn/d4-site/d4/C2Data-1712-Type1;125645.0000;DATA;1612718399.443331
/ndn/h8-site/h8/C2Data-986-Type2;210079.0000;DATA;1612718402.816944
/ndn/d0-site/d0/C2Data-1228-Type2;232161.0000;DATA;1612718402.857920
/ndn/h1-site/h1/C2Data-28-Type4;158187.0000;DATA;1612718403.497046
/ndn/h0-site/h0/C2Data-18-Type1;50842.0000;DATA;1612718405.772361
/ndn/s5-site/s5/C2Data-3043-Type1;6000445.0000;TIMEOUT;1612718405.248863
/ndn/d9-site/d9/C2Data-248-Type5;30226.0000;DATA;1612718414.565141
/ndn/d1-site/d1/C2Data-278-Type4;131989.0000;DATA;1612718427.907087
/ndn/d6-site/d6/C2Data-985-Type3;96760.0000;DATA;1612718431.757904
/ndn/d1-site/d1/C2Data-1350-Type1;53433.0000;DATA;1612718432.553894
/ndn/d3-site/d3/C2Data-170-Type5;149139.0000;DATA;1612718432.880001
/ndn/v9-site/v9/C2Data-2388-Type3;26345.0000;DATA;1612718433.096199
