/ndn/s9-site/s9/C2Data-4719-Type2;93205.0000;DATA;1611610326.774136
/ndn/s13-site/s13/C2Data-5203-Type1;47937.0000;DATA;1611610328.928078
/ndn/v0-site/v0/C2Data-5445-Type1;426.0000;NACK;1611610328.991160
/ndn/s7-site/s7/C2Data-4477-Type2;68905.0000;DATA;1611610330.161053
/ndn/s0-site/s0/C2Data-3630-Type1;72542.0000;DATA;1611610331.202062
/ndn/d13-site/d13/C2Data-3388-Type2;49850.0000;DATA;1611610331.394181
/ndn/s2-site/s2/C2Data-3872-Type2;26378.0000;DATA;1611610332.642102
/ndn/v12-site/v12/C2Data-6897-Type1;523.0000;NACK;1611610332.821080
/ndn/s6-site/s6/C2Data-4356-Type2;191060.0000;DATA;1611610332.686091
/ndn/s10-site/s10/C2Data-4840-Type2;477.0000;NACK;1611610332.931070
/ndn/v2-site/v2/C2Data-5687-Type2;103728.0000;DATA;1611610334.044102
/ndn/s7-site/s7/C2Data-4477-Type1;229978.0000;DATA;1611610335.212293
/ndn/s4-site/s4/C2Data-4114-Type2;449.0000;NACK;1611610335.922099
/ndn/s1-site/s1/C2Data-1891-Type3;48332.0000;DATA;1611610353.057134
/ndn/h11-site/h11/C2Data-671-Type3;273163.0000;DATA;1611610354.680062
/ndn/s11-site/s11/C2Data-4962-Type1;24906.0000;DATA;1611610356.689049
/ndn/s4-site/s4/C2Data-4115-Type1;562.0000;NACK;1611610357.033055
/ndn/s10-site/s10/C2Data-4841-Type1;520.0000;NACK;1611610357.167059
/ndn/s11-site/s11/C2Data-2501-Type3;24865.0000;DATA;1611610357.342074
/ndn/h5-site/h5/C2Data-606-Type1;73470.0000;DATA;1611610357.443132
/ndn/h5-site/h5/C2Data-305-Type3;75109.0000;DATA;1611610357.786039
/ndn/v8-site/v8/C2Data-3233-Type3;47564.0000;DATA;1611610358.404720
/ndn/d12-site/d12/C2Data-1647-Type3;121427.0000;DATA;1611610359.374053
/ndn/v5-site/v5/C2Data-3050-Type3;610.0000;NACK;1611610359.945085
/ndn/d3-site/d3/C2Data-2179-Type2;69112.0000;DATA;1611610359.928110
/ndn/h3-site/h3/C2Data-183-Type3;62461.0000;DATA;1611610361.107061
/ndn/d1-site/d1/C2Data-1937-Type2;397.0000;NACK;1611610362.001072
/ndn/h1-site/h1/C2Data-122-Type2;23528.0000;DATA;1611610362.500056
/ndn/s1-site/s1/C2Data-3752-Type1;47362.0000;DATA;1611610362.731142
/ndn/s8-site/s8/C2Data-4599-Type1;120410.0000;DATA;1611610364.476137
/ndn/d6-site/d6/C2Data-2542-Type1;176769.0000;DATA;1611610364.551116
/ndn/v4-site/v4/C2Data-2989-Type3;557.0000;NACK;1611610365.044113
/ndn/v2-site/v2/C2Data-5688-Type2;167270.0000;DATA;1611610365.591108
/ndn/v6-site/v6/C2Data-6172-Type2;70380.0000;DATA;1611610365.708074
/ndn/v7-site/v7/C2Data-3172-Type3;497.0000;NACK;1611610366.210078
/ndn/v1-site/v1/C2Data-5567-Type1;690.0000;NACK;1611610366.279080
/ndn/d3-site/d3/C2Data-1098-Type3;46219.0000;DATA;1611610370.435118
/ndn/h6-site/h6/C2Data-366-Type3;47475.0000;DATA;1611610370.710113
/ndn/d2-site/d2/C2Data-1037-Type3;46223.0000;DATA;1611610370.963081
/ndn/d11-site/d11/C2Data-3148-Type1;222783.0000;DATA;1611610385.891157
/ndn/v7-site/v7/C2Data-6294-Type1;550.0000;NACK;1611610386.394096
/ndn/v10-site/v10/C2Data-6657-Type1;171469.0000;DATA;1611610386.851077
/ndn/h10-site/h10/C2Data-1212-Type1;199993.0000;DATA;1611610387.338056
/ndn/d4-site/d4/C2Data-2301-Type2;233142.0000;DATA;1611610392.786111
/ndn/s4-site/s4/C2Data-4116-Type2;524.0000;NACK;1611610393.816116
/ndn/h14-site/h14/C2Data-1696-Type1;366.0000;NACK;1611610394.140075
/ndn/v1-site/v1/C2Data-5568-Type1;263095.0000;DATA;1611610395.135072
/ndn/v12-site/v12/C2Data-3478-Type3;152043.0000;DATA;1611610410.858151
/ndn/s1-site/s1/C2Data-1892-Type3;53808.0000;DATA;1611610411.139806
/ndn/v3-site/v3/C2Data-2929-Type3;115918.0000;DATA;1611610412.949114
/ndn/h8-site/h8/C2Data-489-Type3;123005.0000;DATA;1611610413.521084
/ndn/h3-site/h3/C2Data-184-Type3;24866.0000;DATA;1611610414.458091
/ndn/s0-site/s0/C2Data-3633-Type2;106112.0000;DATA;1611610416.116222
/ndn/d7-site/d7/C2Data-2665-Type1;159224.0000;DATA;1611610416.629070
/ndn/h5-site/h5/C2Data-608-Type1;73762.0000;DATA;1611610416.853137
/ndn/d8-site/d8/C2Data-1404-Type3;196560.0000;DATA;1611610416.745068
/ndn/v10-site/v10/C2Data-6658-Type2;168338.0000;DATA;1611610416.969128
/ndn/v1-site/v1/C2Data-5569-Type1;213632.0000;DATA;1611610418.872105
/ndn/s4-site/s4/C2Data-2075-Type3;592.0000;NACK;1611610419.111084
/ndn/d5-site/d5/C2Data-1221-Type3;48198.0000;DATA;1611610419.893045
/ndn/d10-site/d10/C2Data-3028-Type1;24325.0000;DATA;1611610420.555068
/ndn/s11-site/s11/C2Data-2502-Type3;449.0000;DATA;1611610420.630107
/ndn/s7-site/s7/C2Data-4480-Type2;259386.0000;DATA;1611610421.530084
/ndn/d3-site/d3/C2Data-2181-Type1;164112.0000;DATA;1611610422.057140
/ndn/d4-site/d4/C2Data-2302-Type2;205727.0000;DATA;1611610422.272613
/ndn/s13-site/s13/C2Data-5206-Type2;553.0000;DATA;1611610423.487054
/ndn/d14-site/d14/C2Data-725-Type4;170773.0000;DATA;1611610425.240049
/ndn/h6-site/h6/C2Data-150-Type4;71110.0000;DATA;1611610425.509120
/ndn/h2-site/h2/C2Data-123-Type3;71211.0000;DATA;1611610426.307059
/ndn/s10-site/s10/C2Data-4843-Type2;70960.0000;DATA;1611610426.367054
/ndn/s5-site/s5/C2Data-2136-Type3;52207.0000;DATA;1611610429.694055
/ndn/d0-site/d0/C2Data-916-Type3;28961.0000;DATA;1611610432.477069
/ndn/d6-site/d6/C2Data-525-Type4;68426.0000;DATA;1611610437.163058
/ndn/d3-site/d3/C2Data-450-Type4;82856.0000;DATA;1611610439.251367
/ndn/d2-site/d2/C2Data-425-Type4;58534.0000;DATA;1611610443.338084
/ndn/d0-site/d0/C2Data-1819-Type2;101636.0000;DATA;1611610447.049069
/ndn/h14-site/h14/C2Data-1698-Type2;50219.0000;DATA;1611610451.604166
/ndn/v12-site/v12/C2Data-1050-Type4;71343.0000;DATA;1611610452.354070
/ndn/d12-site/d12/C2Data-3271-Type1;190365.0000;DATA;1611610452.877130
/ndn/s8-site/s8/C2Data-4602-Type1;48791.0000;DATA;1611610454.131090
/ndn/s10-site/s10/C2Data-4844-Type1;69521.0000;DATA;1611610455.287053
/ndn/h6-site/h6/C2Data-730-Type2;46819.0000;DATA;1611610455.519062
/ndn/h4-site/h4/C2Data-488-Type2;23359.0000;DATA;1611610455.992058
/ndn/d4-site/d4/C2Data-2303-Type2;46474.0000;DATA;1611610456.035096
/ndn/h14-site/h14/C2Data-1698-Type1;72539.0000;DATA;1611610456.523053
/ndn/d8-site/d8/C2Data-575-Type4;160638.0000;DATA;1611610459.644090
/ndn/h0-site/h0/C2Data-0-Type4;48173.0000;DATA;1611610462.986931
/ndn/v5-site/v5/C2Data-875-Type4;29687.0000;DATA;1611610463.517126
/ndn/h14-site/h14/C2Data-350-Type4;25143.0000;DATA;1611610467.816815
/ndn/v14-site/v14/C2Data-1100-Type4;23760.0000;DATA;1611610470.284085
/ndn/v4-site/v4/C2Data-5934-Type2;284868.0000;DATA;1611610477.563045
/ndn/d9-site/d9/C2Data-2909-Type1;117968.0000;DATA;1611610477.981111
/ndn/v8-site/v8/C2Data-6418-Type1;92773.0000;DATA;1611610478.300271
/ndn/d2-site/d2/C2Data-1039-Type3;98361.0000;DATA;1611610478.742035
/ndn/h4-site/h4/C2Data-100-Type4;23330.0000;DATA;1611610480.037104
/ndn/v5-site/v5/C2Data-6055-Type1;291649.0000;DATA;1611610480.378040
/ndn/h5-site/h5/C2Data-610-Type2;73803.0000;DATA;1611610481.364088
/ndn/s3-site/s3/C2Data-3998-Type1;460.0000;DATA;1611610481.802062
/ndn/h10-site/h10/C2Data-1215-Type1;118077.0000;DATA;1611610481.871092
/ndn/s12-site/s12/C2Data-5087-Type1;568.0000;DATA;1611610484.572098
/ndn/h0-site/h0/C2Data-2-Type3;46248.0000;DATA;1611610484.592105
/ndn/h2-site/h2/C2Data-247-Type2;75229.0000;DATA;1611610484.792054
/ndn/s7-site/s7/C2Data-4482-Type1;218236.0000;DATA;1611610486.083103
/ndn/s9-site/s9/C2Data-4724-Type2;25248.0000;DATA;1611610487.079055
/ndn/v3-site/v3/C2Data-2930-Type3;74583.0000;DATA;1611610487.216137
/ndn/s1-site/s1/C2Data-1893-Type3;58100.0000;DATA;1611610488.746083
/ndn/h11-site/h11/C2Data-673-Type3;84405.0000;DATA;1611610490.102972
/ndn/s12-site/s12/C2Data-2564-Type3;632.0000;DATA;1611610491.124107
/ndn/v14-site/v14/C2Data-3601-Type3;26390.0000;DATA;1611610491.813053
/ndn/v13-site/v13/C2Data-3540-Type3;73034.0000;DATA;1611610491.834059
/ndn/d12-site/d12/C2Data-1649-Type3;154196.0000;DATA;1611610492.160094
/ndn/h4-site/h4/C2Data-490-Type1;25921.0000;DATA;1611610506.876073
/ndn/v0-site/v0/C2Data-5451-Type1;46667.0000;DATA;1611610508.862128
/ndn/s1-site/s1/C2Data-3757-Type2;46464.0000;DATA;1611610510.483118
/ndn/h9-site/h9/C2Data-1095-Type1;96643.0000;DATA;1611610510.554190
/ndn/v4-site/v4/C2Data-5935-Type1;25428.0000;DATA;1611610511.213104
/ndn/v5-site/v5/C2Data-6056-Type2;47228.0000;DATA;1611610511.220052
/ndn/h1-site/h1/C2Data-127-Type2;195489.0000;DATA;1611610512.369059
/ndn/s8-site/s8/C2Data-4604-Type1;170827.0000;DATA;1611610512.540059
/ndn/v3-site/v3/C2Data-5814-Type2;73259.0000;DATA;1611610512.701118
/ndn/h8-site/h8/C2Data-974-Type2;91948.0000;DATA;1611610513.958070
/ndn/v8-site/v8/C2Data-6419-Type2;46351.0000;DATA;1611610514.014051
/ndn/v5-site/v5/C2Data-6056-Type1;308653.0000;DATA;1611610515.114111
/ndn/s12-site/s12/C2Data-5088-Type2;411.0000;DATA;1611610516.812044
/ndn/h10-site/h10/C2Data-1216-Type2;77179.0000;DATA;1611610516.806096
/ndn/h9-site/h9/C2Data-552-Type3;105852.0000;DATA;1611610532.516038
/ndn/h5-site/h5/C2Data-612-Type2;76941.0000;DATA;1611610535.890098
/ndn/d2-site/d2/C2Data-2064-Type2;209786.0000;DATA;1611610536.302069
/ndn/s11-site/s11/C2Data-2504-Type3;561.0000;DATA;1611610536.690177
/ndn/h1-site/h1/C2Data-128-Type1;194149.0000;DATA;1611610536.751109
/ndn/h2-site/h2/C2Data-125-Type3;172541.0000;DATA;1611610538.131157
/ndn/s11-site/s11/C2Data-4968-Type2;25837.0000;DATA;1611610538.497135
/ndn/s9-site/s9/C2Data-4726-Type1;46806.0000;DATA;1611610539.176055
/ndn/v2-site/v2/C2Data-2870-Type3;49353.0000;DATA;1611610539.388046
/ndn/v14-site/v14/C2Data-7146-Type2;97003.0000;DATA;1611610539.520192
