/ndn/v13-site/v13/C2Data-7018-Type1;71520.0000;DATA;1611607420.926391
/ndn/d8-site/d8/C2Data-2783-Type1;145224.0000;DATA;1611607420.957411
/ndn/h9-site/h9/C2Data-1089-Type2;24354.0000;DATA;1611607421.851377
/ndn/v0-site/v0/C2Data-5445-Type1;509.0000;NACK;1611607422.665379
/ndn/h14-site/h14/C2Data-1694-Type2;992.0000;DATA;1611607423.639400
/ndn/v3-site/v3/C2Data-5808-Type1;540.0000;DATA;1611607424.637399
/ndn/s10-site/s10/C2Data-4840-Type1;951.0000;DATA;1611607425.380640
/ndn/h6-site/h6/C2Data-726-Type2;598.0000;DATA;1611607427.211377
/ndn/v8-site/v8/C2Data-6413-Type2;491.0000;NACK;1611607429.440334
/ndn/d1-site/d1/C2Data-1936-Type2;632.0000;DATA;1611607431.426386
/ndn/s7-site/s7/C2Data-2257-Type3;115898.0000;DATA;1611607447.080357
/ndn/h13-site/h13/C2Data-793-Type3;605.0000;DATA;1611607449.376316
/ndn/h10-site/h10/C2Data-1211-Type1;118390.0000;DATA;1611607451.299332
/ndn/v7-site/v7/C2Data-6293-Type1;170134.0000;DATA;1611607451.499304
/ndn/h4-site/h4/C2Data-485-Type1;51606.0000;DATA;1611607452.529327
/ndn/h12-site/h12/C2Data-1453-Type1;824.0000;DATA;1611607453.101350
/ndn/h14-site/h14/C2Data-1695-Type1;93219.0000;DATA;1611607453.446284
/ndn/h3-site/h3/C2Data-183-Type3;620.0000;DATA;1611607454.057319
/ndn/v8-site/v8/C2Data-6414-Type1;512.0000;NACK;1611607454.381353
/ndn/v3-site/v3/C2Data-5809-Type1;676.0000;DATA;1611607454.449294
/ndn/h4-site/h4/C2Data-244-Type3;660.0000;DATA;1611607455.590253
/ndn/v8-site/v8/C2Data-6414-Type2;553.0000;NACK;1611607456.806359
/ndn/s6-site/s6/C2Data-2196-Type3;603.0000;DATA;1611607458.454341
/ndn/d0-site/d0/C2Data-1816-Type1;695.0000;DATA;1611607458.590264
/ndn/d12-site/d12/C2Data-3268-Type2;69700.0000;DATA;1611607459.393360
/ndn/v10-site/v10/C2Data-6656-Type1;92206.0000;DATA;1611607460.290321
/ndn/s14-site/s14/C2Data-5325-Type1;52927.0000;DATA;1611607460.864267
/ndn/v13-site/v13/C2Data-3538-Type3;439.0000;DATA;1611607462.910311
/ndn/h6-site/h6/C2Data-366-Type3;475.0000;DATA;1611607464.596276
/ndn/v3-site/v3/C2Data-2928-Type3;650.0000;DATA;1611607467.230263
/ndn/v7-site/v7/C2Data-6294-Type1;167983.0000;DATA;1611607480.240426
/ndn/d8-site/d8/C2Data-2785-Type2;143007.0000;DATA;1611607481.578293
/ndn/d11-site/d11/C2Data-3148-Type2;145967.0000;DATA;1611607481.584341
/ndn/h8-site/h8/C2Data-970-Type1;55761.0000;DATA;1611607482.818435
/ndn/d10-site/d10/C2Data-3027-Type1;52933.0000;DATA;1611607486.229382
/ndn/v11-site/v11/C2Data-6778-Type2;121871.0000;DATA;1611607486.196336
/ndn/s12-site/s12/C2Data-5084-Type2;23352.0000;DATA;1611607487.161258
/ndn/s4-site/s4/C2Data-4116-Type2;744.0000;DATA;1611607487.197264
/ndn/d4-site/d4/C2Data-2301-Type1;695.0000;DATA;1611607488.190302
/ndn/d12-site/d12/C2Data-1648-Type3;597.0000;DATA;1611607505.931351
/ndn/s11-site/s11/C2Data-2502-Type3;708.0000;DATA;1611607506.974359
/ndn/d0-site/d0/C2Data-916-Type3;134305.0000;DATA;1611607507.632330
/ndn/d6-site/d6/C2Data-1282-Type3;654.0000;DATA;1611607508.630271
/ndn/d9-site/d9/C2Data-1465-Type3;651.0000;DATA;1611607509.746424
/ndn/s7-site/s7/C2Data-4480-Type1;121780.0000;DATA;1611607512.397267
/ndn/s3-site/s3/C2Data-3996-Type1;528.0000;DATA;1611607512.860277
/ndn/s10-site/s10/C2Data-4843-Type2;533.0000;DATA;1611607513.340263
/ndn/h14-site/h14/C2Data-1697-Type1;96135.0000;DATA;1611607513.601263
/ndn/d13-site/d13/C2Data-1709-Type3;46528.0000;DATA;1611607514.199374
/ndn/h9-site/h9/C2Data-1092-Type1;27259.0000;DATA;1611607514.333277
/ndn/h2-site/h2/C2Data-123-Type3;47014.0000;DATA;1611607515.723365
/ndn/d4-site/d4/C2Data-2302-Type1;139104.0000;DATA;1611607516.539331
/ndn/h6-site/h6/C2Data-729-Type2;492.0000;DATA;1611607516.842290
/ndn/v8-site/v8/C2Data-3234-Type3;828.0000;DATA;1611607517.858325
/ndn/h6-site/h6/C2Data-729-Type1;46981.0000;DATA;1611607518.791396
/ndn/v3-site/v3/C2Data-5811-Type2;407.0000;DATA;1611607519.010374
/ndn/d0-site/d0/C2Data-1818-Type1;72225.0000;DATA;1611607520.121258
/ndn/v2-site/v2/C2Data-2868-Type3;724.0000;DATA;1611607520.262273
/ndn/d14-site/d14/C2Data-1770-Type3;534.0000;DATA;1611607521.625697
/ndn/v3-site/v3/C2Data-2929-Type3;762.0000;DATA;1611607522.898350
/ndn/s0-site/s0/C2Data-1831-Type3;602.0000;DATA;1611607526.259295
/ndn/d6-site/d6/C2Data-525-Type4;95010.0000;DATA;1611607526.198327
/ndn/h0-site/h0/C2Data-0-Type4;646.0000;DATA;1611607528.613638
/ndn/h10-site/h10/C2Data-1214-Type2;119867.0000;DATA;1611607541.427012
/ndn/s12-site/s12/C2Data-5086-Type1;497.0000;DATA;1611607541.748312
/ndn/h12-site/h12/C2Data-1456-Type1;165021.0000;DATA;1611607541.983344
/ndn/v8-site/v8/C2Data-6417-Type1;458.0000;DATA;1611607542.432302
/ndn/s5-site/s5/C2Data-4239-Type1;69905.0000;DATA;1611607542.398340
/ndn/d10-site/d10/C2Data-3029-Type2;46697.0000;DATA;1611607542.650411
/ndn/v11-site/v11/C2Data-6780-Type2;47917.0000;DATA;1611607543.137295
/ndn/s1-site/s1/C2Data-3755-Type2;127502.0000;DATA;1611607543.394343
/ndn/h4-site/h4/C2Data-488-Type1;497.0000;DATA;1611607543.673289
/ndn/s8-site/s8/C2Data-4602-Type2;95585.0000;DATA;1611607544.236338
/ndn/d11-site/d11/C2Data-3150-Type2;143654.0000;DATA;1611607544.498330
/ndn/d2-site/d2/C2Data-2061-Type1;143475.0000;DATA;1611607545.102258
/ndn/d8-site/d8/C2Data-575-Type4;119446.0000;DATA;1611607546.118453
/ndn/d6-site/d6/C2Data-2545-Type1;96521.0000;DATA;1611607546.206268
/ndn/v5-site/v5/C2Data-6054-Type1;217889.0000;DATA;1611607547.054332
/ndn/s2-site/s2/C2Data-3876-Type2;487.0000;DATA;1611607547.955286
/ndn/d14-site/d14/C2Data-3513-Type1;120220.0000;DATA;1611607547.945333
/ndn/h11-site/h11/C2Data-1335-Type2;145144.0000;DATA;1611607547.922301
/ndn/d8-site/d8/C2Data-2787-Type2;429.0000;DATA;1611607548.831320
/ndn/h13-site/h13/C2Data-1577-Type2;709.0000;DATA;1611607550.216341
/ndn/h1-site/h1/C2Data-125-Type1;95952.0000;DATA;1611607551.365298
/ndn/s3-site/s3/C2Data-3997-Type1;491.0000;DATA;1611607551.557298
/ndn/s7-site/s7/C2Data-4481-Type1;117081.0000;DATA;1611607551.891346
/ndn/h14-site/h14/C2Data-350-Type4;649.0000;DATA;1611607554.014220
/ndn/v11-site/v11/C2Data-1025-Type4;78990.0000;DATA;1611607557.418489
/ndn/v0-site/v0/C2Data-750-Type4;645.0000;DATA;1611607559.588446
/ndn/v3-site/v3/C2Data-825-Type4;59410.0000;DATA;1611607561.406568
/ndn/h10-site/h10/C2Data-250-Type4;769.0000;DATA;1611607561.565597
/ndn/d4-site/d4/C2Data-1161-Type3;145058.0000;DATA;1611607564.614315
/ndn/v14-site/v14/C2Data-1100-Type4;669.0000;DATA;1611607567.329595
/ndn/s9-site/s9/C2Data-2381-Type3;673.0000;DATA;1611607567.959325
/ndn/s13-site/s13/C2Data-2625-Type3;560.0000;DATA;1611607568.313601
/ndn/v14-site/v14/C2Data-3601-Type3;451.0000;DATA;1611607568.839329
/ndn/d5-site/d5/C2Data-500-Type4;698.0000;DATA;1611607569.677361
/ndn/d10-site/d10/C2Data-1527-Type3;638.0000;DATA;1611607569.744267
/ndn/v7-site/v7/C2Data-6297-Type2;811.0000;DATA;1611607573.097266
/ndn/s9-site/s9/C2Data-4724-Type2;27077.0000;DATA;1611607573.329315
/ndn/d2-site/d2/C2Data-2062-Type2;143881.0000;DATA;1611607573.461253
/ndn/h4-site/h4/C2Data-246-Type3;50598.0000;DATA;1611607574.670267
/ndn/h11-site/h11/C2Data-1336-Type1;694.0000;DATA;1611607574.784368
/ndn/s11-site/s11/C2Data-2503-Type3;567.0000;DATA;1611607574.817334
/ndn/v14-site/v14/C2Data-7144-Type1;23772.0000;DATA;1611607575.196269
/ndn/v8-site/v8/C2Data-6418-Type2;536.0000;DATA;1611607575.586291
/ndn/s7-site/s7/C2Data-2259-Type3;51604.0000;DATA;1611607576.495251
/ndn/h12-site/h12/C2Data-1457-Type1;163385.0000;DATA;1611607576.741308
/ndn/s14-site/s14/C2Data-5329-Type2;839.0000;DATA;1611607577.124263
/ndn/h10-site/h10/C2Data-1215-Type1;730.0000;DATA;1611607578.092332
/ndn/s10-site/s10/C2Data-4845-Type1;143864.0000;DATA;1611607578.039289
/ndn/s12-site/s12/C2Data-2564-Type3;696.0000;DATA;1611607578.723306
/ndn/h8-site/h8/C2Data-973-Type2;466.0000;DATA;1611607579.188271
/ndn/v9-site/v9/C2Data-6539-Type2;408.0000;DATA;1611607579.533343
/ndn/v6-site/v6/C2Data-6176-Type2;599.0000;DATA;1611607579.808393
/ndn/d0-site/d0/C2Data-917-Type3;117702.0000;DATA;1611607579.824336
/ndn/h0-site/h0/C2Data-2-Type3;510.0000;DATA;1611607581.600320
/ndn/h0-site/h0/C2Data-5-Type2;680.0000;DATA;1611607581.632290
/ndn/s2-site/s2/C2Data-1954-Type3;693.0000;DATA;1611607583.947280
/ndn/v12-site/v12/C2Data-6903-Type2;112131.0000;DATA;1611607600.884332
/ndn/s14-site/s14/C2Data-5330-Type2;148507.0000;DATA;1611607602.185278
/ndn/s10-site/s10/C2Data-4846-Type1;98545.0000;DATA;1611607603.875357
/ndn/d9-site/d9/C2Data-2910-Type2;574.0000;DATA;1611607604.160344
/ndn/s6-site/s6/C2Data-4362-Type2;602.0000;DATA;1611607604.620258
/ndn/v8-site/v8/C2Data-6419-Type1;71013.0000;DATA;1611607606.799284
/ndn/s6-site/s6/C2Data-4362-Type1;119869.0000;DATA;1611607606.828340
/ndn/v11-site/v11/C2Data-6782-Type2;539.0000;DATA;1611607607.159253
/ndn/v4-site/v4/C2Data-5935-Type1;119873.0000;DATA;1611607611.038250
/ndn/h8-site/h8/C2Data-974-Type1;50992.0000;DATA;1611607611.266445
/ndn/s0-site/s0/C2Data-1833-Type3;70351.0000;DATA;1611607625.659545
/ndn/v11-site/v11/C2Data-3419-Type3;130553.0000;DATA;1611607625.795866
/ndn/v0-site/v0/C2Data-2748-Type3;646.0000;DATA;1611607627.915319
/ndn/d5-site/d5/C2Data-1223-Type3;798.0000;DATA;1611607629.156529
/ndn/h8-site/h8/C2Data-491-Type3;654.0000;DATA;1611607629.543305
/ndn/v10-site/v10/C2Data-3358-Type3;92812.0000;DATA;1611607630.438386
/ndn/v13-site/v13/C2Data-7025-Type2;72919.0000;DATA;1611607631.028522
/ndn/h3-site/h3/C2Data-370-Type1;175430.0000;DATA;1611607631.460262
/ndn/v6-site/v6/C2Data-6178-Type2;98688.0000;DATA;1611607631.931251
/ndn/d12-site/d12/C2Data-3274-Type2;118607.0000;DATA;1611607632.177343
/ndn/d1-site/d1/C2Data-1943-Type2;141204.0000;DATA;1611607632.322357
/ndn/h1-site/h1/C2Data-64-Type3;727.0000;DATA;1611607633.096273
/ndn/v9-site/v9/C2Data-6541-Type1;74137.0000;DATA;1611607633.260373
/ndn/v4-site/v4/C2Data-2992-Type3;664.0000;DATA;1611607633.655304
/ndn/h14-site/h14/C2Data-1701-Type2;593.0000;DATA;1611607633.749347
/ndn/h2-site/h2/C2Data-125-Type3;596.0000;DATA;1611607633.863270
/ndn/d2-site/d2/C2Data-2064-Type1;142767.0000;DATA;1611607633.876389
/ndn/d1-site/d1/C2Data-979-Type3;755.0000;DATA;1611607634.069368
/ndn/v8-site/v8/C2Data-6420-Type2;70290.0000;DATA;1611607634.697306
/ndn/d9-site/d9/C2Data-2911-Type1;50579.0000;DATA;1611607634.991287
/ndn/v10-site/v10/C2Data-6662-Type2;599.0000;DATA;1611607635.261253
