/ndn/d5-site/d5/C2Data-1815-Type2;304722.0000;DATA;1612719527.471332
/ndn/v2-site/v2/C2Data-3872-Type1;169254.0000;DATA;1612719528.598461
/ndn/h9-site/h9/C2Data-1089-Type2;196930.0000;DATA;1612719531.968051
/ndn/v1-site/v1/C2Data-3751-Type1;167142.0000;DATA;1612719532.283881
/ndn/s9-site/s9/C2Data-3509-Type1;42134.0000;DATA;1612719536.365579
/ndn/h6-site/h6/C2Data-726-Type2;128514.0000;DATA;1612719536.509814
/ndn/v6-site/v6/C2Data-2196-Type3;75009.0000;DATA;1612719551.973126
/ndn/s7-site/s7/C2Data-1647-Type3;284417.0000;DATA;1612719554.285364
/ndn/h8-site/h8/C2Data-488-Type3;104331.0000;DATA;1612719555.727493
/ndn/s9-site/s9/C2Data-3510-Type1;27868.0000;DATA;1612719556.194640
/ndn/d1-site/d1/C2Data-671-Type3;160085.0000;DATA;1612719557.286709
/ndn/d8-site/d8/C2Data-2179-Type1;239261.0000;DATA;1612719557.218221
/ndn/s3-site/s3/C2Data-2784-Type2;49060.0000;DATA;1612719558.752730
/ndn/d0-site/d0/C2Data-1211-Type2;127524.0000;DATA;1612719558.793916
/ndn/s4-site/s4/C2Data-1464-Type3;143378.0000;DATA;1612719561.490739
/ndn/s8-site/s8/C2Data-1708-Type3;124356.0000;DATA;1612719562.368424
/ndn/d6-site/d6/C2Data-976-Type3;95053.0000;DATA;1612719562.433299
/ndn/h7-site/h7/C2Data-427-Type3;124591.0000;DATA;1612719562.657077
/ndn/h1-site/h1/C2Data-122-Type2;170295.0000;DATA;1612719563.365765
/ndn/v2-site/v2/C2Data-3873-Type2;173247.0000;DATA;1612719563.971500
/ndn/d0-site/d0/C2Data-1211-Type1;76471.0000;DATA;1612719567.725143
/ndn/v8-site/v8/C2Data-2318-Type3;183713.0000;DATA;1612719571.772288
/ndn/s5-site/s5/C2Data-1525-Type3;125588.0000;DATA;1612719572.358230
/ndn/v9-site/v9/C2Data-2379-Type3;471043.0000;DATA;1612719572.944123
/ndn/s8-site/s8/C2Data-3390-Type1;124898.0000;DATA;1612719587.159386
/ndn/h0-site/h0/C2Data-2-Type2;306136.0000;DATA;1612719587.370137
/ndn/h7-site/h7/C2Data-849-Type2;172563.0000;DATA;1612719587.590700
/ndn/d1-site/d1/C2Data-1333-Type1;149825.0000;DATA;1612719588.883739
/ndn/d8-site/d8/C2Data-2180-Type1;243601.0000;DATA;1612719591.623851
/ndn/h0-site/h0/C2Data-2-Type1;269090.0000;DATA;1612719594.146187
/ndn/v3-site/v3/C2Data-3995-Type1;305422.0000;DATA;1612719595.380234
/ndn/d2-site/d2/C2Data-1454-Type1;257690.0000;DATA;1612719596.365157
/ndn/h9-site/h9/C2Data-1091-Type2;198280.0000;DATA;1612719597.402300
/ndn/d5-site/d5/C2Data-1817-Type2;292469.0000;DATA;1612719597.437043
/ndn/d7-site/d7/C2Data-1038-Type3;251491.0000;DATA;1612719612.149621
/ndn/d2-site/d2/C2Data-733-Type3;291435.0000;DATA;1612719614.863406
/ndn/h0-site/h0/C2Data-3-Type2;256917.0000;DATA;1612719619.640037
/ndn/d5-site/d5/C2Data-916-Type3;271047.0000;DATA;1612719620.058416
/ndn/d7-site/d7/C2Data-2060-Type1;182874.0000;DATA;1612719620.891752
/ndn/d1-site/d1/C2Data-1334-Type2;162477.0000;DATA;1612719621.474196
/ndn/s7-site/s7/C2Data-1648-Type3;6002502.0000;TIMEOUT;1612719615.646853
/ndn/d3-site/d3/C2Data-1576-Type1;29274.0000;DATA;1612719621.814905
/ndn/h8-site/h8/C2Data-971-Type2;106535.0000;DATA;1612719622.880177
/ndn/s3-site/s3/C2Data-1404-Type3;55512.0000;DATA;1612719623.293809
/ndn/h3-site/h3/C2Data-75-Type4;113221.0000;DATA;1612719624.709058
/ndn/v9-site/v9/C2Data-4722-Type2;255150.0000;DATA;1612719624.515384
/ndn/d5-site/d5/C2Data-1818-Type2;271764.0000;DATA;1612719624.539013
/ndn/v2-site/v2/C2Data-3875-Type2;188105.0000;DATA;1612719625.459255
/ndn/d4-site/d4/C2Data-1697-Type2;195773.0000;DATA;1612719625.728153
/ndn/h6-site/h6/C2Data-367-Type3;116772.0000;DATA;1612719625.841399
/ndn/s2-site/s2/C2Data-2665-Type1;137268.0000;DATA;1612719627.419998
/ndn/h2-site/h2/C2Data-123-Type3;123312.0000;DATA;1612719627.545156
/ndn/h3-site/h3/C2Data-184-Type3;108239.0000;DATA;1612719629.772664
/ndn/s2-site/s2/C2Data-1343-Type3;127972.0000;DATA;1612719629.797785
/ndn/s3-site/s3/C2Data-2786-Type1;6004720.0000;TIMEOUT;1612719625.494100
/ndn/v3-site/v3/C2Data-2014-Type3;357329.0000;DATA;1612719632.445254
/ndn/v7-site/v7/C2Data-2258-Type3;294054.0000;DATA;1612719633.798954
/ndn/h3-site/h3/C2Data-367-Type1;99681.0000;DATA;1612719650.425288
/ndn/v5-site/v5/C2Data-4239-Type2;26349.0000;DATA;1612719650.856036
/ndn/d4-site/d4/C2Data-1698-Type1;217250.0000;DATA;1612719651.822722
/ndn/v2-site/v2/C2Data-3876-Type1;186584.0000;DATA;1612719653.478505
/ndn/s1-site/s1/C2Data-2545-Type2;6001162.0000;TIMEOUT;1612719648.337249
/ndn/v1-site/v1/C2Data-3755-Type2;187298.0000;DATA;1612719655.033399
/ndn/s4-site/s4/C2Data-2908-Type2;6000439.0000;TIMEOUT;1612719649.658159
/ndn/h9-site/h9/C2Data-225-Type4;205817.0000;DATA;1612719658.196437
/ndn/s6-site/s6/C2Data-3150-Type2;6019111.0000;TIMEOUT;1612719656.163146
/ndn/v6-site/v6/C2Data-2198-Type3;82895.0000;DATA;1612719670.912403
/ndn/h3-site/h3/C2Data-185-Type3;103810.0000;DATA;1612719671.397588
/ndn/h4-site/h4/C2Data-100-Type4;151265.0000;DATA;1612719676.414491
/ndn/d6-site/d6/C2Data-978-Type3;97265.0000;DATA;1612719677.682845
/ndn/h0-site/h0/C2Data-2-Type3;247026.0000;DATA;1612719679.755105
/ndn/v9-site/v9/C2Data-4724-Type1;266904.0000;DATA;1612719680.659089
/ndn/d7-site/d7/C2Data-2062-Type2;205517.0000;DATA;1612719680.968166
/ndn/v8-site/v8/C2Data-4603-Type2;163359.0000;DATA;1612719681.518415
/ndn/v0-site/v0/C2Data-1832-Type3;193467.0000;DATA;1612719681.893775
/ndn/h6-site/h6/C2Data-731-Type1;123083.0000;DATA;1612719683.424538
/ndn/v2-site/v2/C2Data-3877-Type2;174415.0000;DATA;1612719683.645476
/ndn/s6-site/s6/C2Data-3151-Type1;6000660.0000;TIMEOUT;1612719678.448018
/ndn/d9-site/d9/C2Data-2304-Type2;277628.0000;DATA;1612719685.673465
/ndn/d7-site/d7/C2Data-1039-Type3;176861.0000;DATA;1612719685.900063
/ndn/h0-site/h0/C2Data-5-Type1;251960.0000;DATA;1612719685.894105
/ndn/d8-site/d8/C2Data-1100-Type3;221733.0000;DATA;1612719691.649767
/ndn/s3-site/s3/C2Data-2788-Type1;6002303.0000;TIMEOUT;1612719686.563853
/ndn/s0-site/s0/C2Data-2425-Type1;6000640.0000;TIMEOUT;1612719686.621954
/ndn/s4-site/s4/C2Data-2909-Type2;6002776.0000;TIMEOUT;1612719687.420191
/ndn/h0-site/h0/C2Data-6-Type1;272744.0000;DATA;1612719707.493373
/ndn/d9-site/d9/C2Data-2305-Type1;315479.0000;DATA;1612719709.221419
/ndn/d3-site/d3/C2Data-1579-Type2;29217.0000;DATA;1612719711.701652
/ndn/s3-site/s3/C2Data-2789-Type1;6000456.0000;TIMEOUT;1612719706.270675
/ndn/d0-site/d0/C2Data-1216-Type1;74520.0000;DATA;1612719715.051675
/ndn/v1-site/v1/C2Data-3757-Type2;178582.0000;DATA;1612719715.952023
/ndn/h7-site/h7/C2Data-853-Type1;128963.0000;DATA;1612719716.754396
/ndn/s9-site/s9/C2Data-3515-Type1;6006746.0000;TIMEOUT;1612719715.793717
/ndn/s0-site/s0/C2Data-2426-Type2;6001431.0000;TIMEOUT;1612719716.678963
/ndn/d8-site/d8/C2Data-1101-Type3;327990.0000;DATA;1612719730.186877
/ndn/h7-site/h7/C2Data-430-Type3;134216.0000;DATA;1612719730.452029
/ndn/d7-site/d7/C2Data-1040-Type3;169066.0000;DATA;1612719731.660909
/ndn/v5-site/v5/C2Data-2138-Type3;30308.0000;DATA;1612719732.878871
/ndn/s6-site/s6/C2Data-1589-Type3;6000645.0000;TIMEOUT;1612719731.963491
/ndn/s2-site/s2/C2Data-1345-Type3;6000409.0000;TIMEOUT;1612719732.452488
/ndn/h2-site/h2/C2Data-249-Type1;124379.0000;DATA;1612719738.688702
/ndn/d9-site/d9/C2Data-2306-Type1;271765.0000;DATA;1612719742.183721
/ndn/s7-site/s7/C2Data-3274-Type2;6001587.0000;TIMEOUT;1612719737.898636
/ndn/h0-site/h0/C2Data-7-Type1;254383.0000;DATA;1612719744.062129
/ndn/s4-site/s4/C2Data-2911-Type2;6001532.0000;TIMEOUT;1612719738.609723
/ndn/h9-site/h9/C2Data-1096-Type1;204759.0000;DATA;1612719744.995421
/ndn/s5-site/s5/C2Data-3032-Type1;6000714.0000;TIMEOUT;1612719743.346164
/ndn/v2-site/v2/C2Data-1955-Type3;185066.0000;DATA;1612719752.465037
/ndn/h8-site/h8/C2Data-491-Type3;97485.0000;DATA;1612719752.700675
/ndn/h2-site/h2/C2Data-26-Type5;128213.0000;DATA;1612719753.010006
/ndn/s9-site/s9/C2Data-1772-Type3;6000577.0000;TIMEOUT;1612719752.623961
/ndn/d1-site/d1/C2Data-143-Type5;166036.0000;DATA;1612719760.799813
/ndn/d5-site/d5/C2Data-195-Type5;286709.0000;DATA;1612719761.922680
/ndn/d7-site/d7/C2Data-221-Type5;178240.0000;DATA;1612719764.639792
/ndn/h0-site/h0/C2Data-8-Type1;246273.0000;DATA;1612719766.909141
/ndn/v8-site/v8/C2Data-4606-Type2;147300.0000;DATA;1612719767.511938
/ndn/d2-site/d2/C2Data-1460-Type2;263467.0000;DATA;1612719767.988713
/ndn/d5-site/d5/C2Data-1823-Type1;326641.0000;DATA;1612719768.007581
/ndn/h8-site/h8/C2Data-976-Type1;96739.0000;DATA;1612719771.118093
/ndn/h8-site/h8/C2Data-976-Type2;102636.0000;DATA;1612719771.628983
/ndn/v6-site/v6/C2Data-4364-Type1;74547.0000;DATA;1612719773.211829
/ndn/h8-site/h8/C2Data-201-Type4;113847.0000;DATA;1612719774.112488
/ndn/v9-site/v9/C2Data-4727-Type1;243682.0000;DATA;1612719774.422134
/ndn/s4-site/s4/C2Data-2912-Type1;6002428.0000;TIMEOUT;1612719770.648000
/ndn/d8-site/d8/C2Data-451-Type4;231405.0000;DATA;1612719780.204675
/ndn/d7-site/d7/C2Data-426-Type4;172783.0000;DATA;1612719793.681670
/ndn/v6-site/v6/C2Data-651-Type4;81990.0000;DATA;1612719795.919914
/ndn/d7-site/d7/C2Data-2066-Type2;187301.0000;DATA;1612719796.739526
/ndn/v5-site/v5/C2Data-4244-Type2;24790.0000;DATA;1612719797.290132
/ndn/s6-site/s6/C2Data-1590-Type3;6017054.0000;TIMEOUT;1612719792.136335
/ndn/h0-site/h0/C2Data-9-Type2;248059.0000;DATA;1612719798.107707
/ndn/s1-site/s1/C2Data-1285-Type3;6001868.0000;TIMEOUT;1612719793.026173
/ndn/h7-site/h7/C2Data-856-Type2;123803.0000;DATA;1612719799.378066
/ndn/h3-site/h3/C2Data-372-Type1;105325.0000;DATA;1612719801.402119
/ndn/h8-site/h8/C2Data-977-Type2;99791.0000;DATA;1612719801.799651
/ndn/s9-site/s9/C2Data-1773-Type3;6000997.0000;TIMEOUT;1612719796.440648
/ndn/h5-site/h5/C2Data-126-Type4;170140.0000;DATA;1612719802.652724
/ndn/h6-site/h6/C2Data-370-Type3;122893.0000;DATA;1612719803.024159
/ndn/v8-site/v8/C2Data-2322-Type3;148101.0000;DATA;1612719803.079837
/ndn/h4-site/h4/C2Data-248-Type3;148745.0000;DATA;1612719804.532699
/ndn/h6-site/h6/C2Data-78-Type5;128902.0000;DATA;1612719805.408119
/ndn/s9-site/s9/C2Data-3518-Type2;6001389.0000;TIMEOUT;1612719799.919382
/ndn/h7-site/h7/C2Data-856-Type1;121183.0000;DATA;1612719806.639098
/ndn/s7-site/s7/C2Data-3276-Type1;6000692.0000;TIMEOUT;1612719801.268544
/ndn/s4-site/s4/C2Data-1468-Type3;6001256.0000;TIMEOUT;1612719801.713716
/ndn/h6-site/h6/C2Data-151-Type4;124801.0000;DATA;1612719808.255895
/ndn/s5-site/s5/C2Data-3034-Type1;6001249.0000;TIMEOUT;1612719804.846328
/ndn/s7-site/s7/C2Data-1651-Type3;6001589.0000;TIMEOUT;1612719806.456480
/ndn/d1-site/d1/C2Data-276-Type4;361749.0000;DATA;1612719819.822076
/ndn/v1-site/v1/C2Data-3761-Type2;197902.0000;DATA;1612719827.543101
/ndn/v6-site/v6/C2Data-4366-Type2;92187.0000;DATA;1612719829.032507
/ndn/d5-site/d5/C2Data-376-Type4;289278.0000;DATA;1612719829.824129
/ndn/v5-site/v5/C2Data-4245-Type1;38006.0000;DATA;1612719830.430506
/ndn/s9-site/s9/C2Data-3519-Type1;6002263.0000;TIMEOUT;1612719827.282505
/ndn/h3-site/h3/C2Data-373-Type2;107179.0000;DATA;1612719834.277119
/ndn/s7-site/s7/C2Data-3277-Type2;6003340.0000;TIMEOUT;1612719828.402625
/ndn/v3-site/v3/C2Data-4003-Type2;300384.0000;DATA;1612719837.565412
/ndn/h8-site/h8/C2Data-978-Type2;104077.0000;DATA;1612719837.975443
/ndn/s4-site/s4/C2Data-2914-Type1;6000982.0000;TIMEOUT;1612719834.595949
/ndn/s0-site/s0/C2Data-2430-Type1;6002119.0000;TIMEOUT;1612719835.308542
/ndn/s6-site/s6/C2Data-3156-Type2;6002864.0000;TIMEOUT;1612719838.058476
/ndn/s2-site/s2/C2Data-2672-Type2;6002683.0000;TIMEOUT;1612719838.070764
/ndn/d6-site/d6/C2Data-981-Type3;98701.0000;DATA;1612719853.231828
/ndn/v2-site/v2/C2Data-3883-Type2;193365.0000;DATA;1612719856.543009
/ndn/h8-site/h8/C2Data-979-Type2;98954.0000;DATA;1612719856.952504
/ndn/v2-site/v2/C2Data-3883-Type1;175037.0000;DATA;1612719857.478672
/ndn/h1-site/h1/C2Data-132-Type2;194695.0000;DATA;1612719857.515107
/ndn/h1-site/h1/C2Data-66-Type3;188616.0000;DATA;1612719857.857500
/ndn/v6-site/v6/C2Data-338-Type5;84358.0000;DATA;1612719858.627501
/ndn/s5-site/s5/C2Data-1530-Type3;6004235.0000;TIMEOUT;1612719854.920244
/ndn/d3-site/d3/C2Data-798-Type3;29824.0000;DATA;1612719861.080361
/ndn/s2-site/s2/C2Data-2673-Type2;6000382.0000;TIMEOUT;1612719858.406521
/ndn/d7-site/d7/C2Data-2068-Type1;198811.0000;DATA;1612719865.950989
/ndn/s7-site/s7/C2Data-1652-Type3;6001367.0000;TIMEOUT;1612719861.992864
/ndn/h6-site/h6/C2Data-737-Type1;123731.0000;DATA;1612719868.079952
/ndn/s8-site/s8/C2Data-1713-Type3;6141731.0000;TIMEOUT;1612719862.603066
/ndn/v9-site/v9/C2Data-2384-Type3;252742.0000;DATA;1612719869.098446
/ndn/s9-site/s9/C2Data-3520-Type1;6000633.0000;TIMEOUT;1612719864.537139
/ndn/v0-site/v0/C2Data-1835-Type3;219390.0000;DATA;1612719872.765768
/ndn/s0-site/s0/C2Data-1225-Type3;6007714.0000;TIMEOUT;1612719871.195323
/ndn/h4-site/h4/C2Data-496-Type2;160281.0000;DATA;1612719888.152359
/ndn/d5-site/d5/C2Data-1827-Type1;277016.0000;DATA;1612719888.316602
/ndn/h3-site/h3/C2Data-375-Type2;101235.0000;DATA;1612719891.830752
/ndn/d4-site/d4/C2Data-1706-Type2;198432.0000;DATA;1612719894.832312
/ndn/v8-site/v8/C2Data-4610-Type1;143432.0000;DATA;1612719894.986395
/ndn/s5-site/s5/C2Data-3037-Type2;6002339.0000;TIMEOUT;1612719890.745766
/ndn/d0-site/d0/C2Data-1222-Type1;75975.0000;DATA;1612719896.855119
/ndn/s7-site/s7/C2Data-3279-Type2;6001377.0000;TIMEOUT;1612719893.065382
/ndn/s6-site/s6/C2Data-3158-Type1;6001718.0000;TIMEOUT;1612719895.682321
/ndn/d0-site/d0/C2Data-616-Type3;76197.0000;DATA;1612719910.326392
/ndn/d5-site/d5/C2Data-921-Type3;324245.0000;DATA;1612719911.213115
/ndn/v2-site/v2/C2Data-1958-Type3;681559.0000;DATA;1612719912.973893
/ndn/d4-site/d4/C2Data-1707-Type1;223223.0000;DATA;1612719916.561828
/ndn/v6-site/v6/C2Data-4369-Type2;75295.0000;DATA;1612719917.726178
/ndn/s9-site/s9/C2Data-1775-Type3;6000736.0000;TIMEOUT;1612719912.207085
/ndn/d2-site/d2/C2Data-1465-Type1;268866.0000;DATA;1612719920.458195
/ndn/d4-site/d4/C2Data-352-Type4;197452.0000;DATA;1612719922.613494
/ndn/h9-site/h9/C2Data-227-Type4;586016.0000;DATA;1612719923.124201
/ndn/v8-site/v8/C2Data-2324-Type3;157362.0000;DATA;1612719924.549037
/ndn/v1-site/v1/C2Data-3764-Type2;169346.0000;DATA;1612719925.800858
/ndn/v9-site/v9/C2Data-4732-Type1;256667.0000;DATA;1612719925.931389
/ndn/d3-site/d3/C2Data-799-Type3;33928.0000;DATA;1612719926.596352
/ndn/v6-site/v6/C2Data-2202-Type3;78478.0000;DATA;1612719927.120189
/ndn/s3-site/s3/C2Data-2796-Type1;6003986.0000;TIMEOUT;1612719921.235053
/ndn/h6-site/h6/C2Data-152-Type4;122306.0000;DATA;1612719927.989024
/ndn/s1-site/s1/C2Data-2554-Type1;6001161.0000;TIMEOUT;1612719924.592423
/ndn/v0-site/v0/C2Data-1836-Type3;188839.0000;DATA;1612719931.583172
/ndn/d6-site/d6/C2Data-982-Type3;100308.0000;DATA;1612719932.179513
/ndn/h1-site/h1/C2Data-67-Type3;173966.0000;DATA;1612719932.839496
/ndn/h2-site/h2/C2Data-52-Type4;121529.0000;DATA;1612719937.200319
/ndn/s1-site/s1/C2Data-1287-Type3;6001747.0000;TIMEOUT;1612719932.844933
/ndn/v7-site/v7/C2Data-677-Type4;229976.0000;DATA;1612719947.458789
/ndn/d4-site/d4/C2Data-1708-Type2;242781.0000;DATA;1612719951.670107
/ndn/v0-site/v0/C2Data-3644-Type2;195106.0000;DATA;1612719956.061492
/ndn/s0-site/s0/C2Data-2434-Type2;6001489.0000;TIMEOUT;1612719950.867711
/ndn/d3-site/d3/C2Data-1587-Type1;24939.0000;DATA;1612719957.616083
/ndn/s8-site/s8/C2Data-3402-Type2;6053878.0000;TIMEOUT;1612719953.091418
/ndn/s8-site/s8/C2Data-3402-Type1;6001256.0000;TIMEOUT;1612719953.650622
/ndn/d6-site/d6/C2Data-402-Type4;119244.0000;DATA;1612719964.035908
/ndn/v2-site/v2/C2Data-552-Type4;189014.0000;DATA;1612719966.923023
/ndn/d2-site/d2/C2Data-302-Type4;290548.0000;DATA;1612719971.242925
/ndn/d1-site/d1/C2Data-678-Type3;241062.0000;DATA;1612719973.535217
/ndn/d0-site/d0/C2Data-617-Type3;78997.0000;DATA;1612719974.311069
/ndn/v0-site/v0/C2Data-502-Type4;208928.0000;DATA;1612719976.852869
/ndn/s9-site/s9/C2Data-1776-Type3;6000833.0000;TIMEOUT;1612719971.238621
/ndn/v3-site/v3/C2Data-4008-Type1;272680.0000;DATA;1612719978.954516
/ndn/d3-site/d3/C2Data-327-Type4;27051.0000;DATA;1612719979.707728
/ndn/h7-site/h7/C2Data-177-Type4;183395.0000;DATA;1612719980.303403
/ndn/h6-site/h6/C2Data-373-Type3;182241.0000;DATA;1612719980.335058
/ndn/d3-site/d3/C2Data-800-Type3;27943.0000;DATA;1612719982.272650
/ndn/v0-site/v0/C2Data-3645-Type1;169517.0000;DATA;1612719985.107881
/ndn/h1-site/h1/C2Data-68-Type3;187609.0000;DATA;1612719988.749782
/ndn/v8-site/v8/C2Data-2325-Type3;165120.0000;DATA;1612719989.456377
/ndn/s0-site/s0/C2Data-2435-Type1;6000690.0000;TIMEOUT;1612719983.849142
/ndn/s3-site/s3/C2Data-2798-Type1;6001336.0000;TIMEOUT;1612719985.295285
/ndn/s4-site/s4/C2Data-1471-Type3;6001616.0000;TIMEOUT;1612719991.175459
/ndn/d2-site/d2/C2Data-1468-Type2;253130.0000;DATA;1612720007.319387
/ndn/d4-site/d4/C2Data-1710-Type1;196981.0000;DATA;1612720009.823024
/ndn/s2-site/s2/C2Data-2678-Type2;6001766.0000;TIMEOUT;1612720006.385025
/ndn/s3-site/s3/C2Data-2799-Type1;6000692.0000;TIMEOUT;1612720006.993271
/ndn/d6-site/d6/C2Data-1952-Type2;103135.0000;DATA;1612720013.837627
/ndn/d7-site/d7/C2Data-2073-Type2;224715.0000;DATA;1612720014.363705
/ndn/d1-site/d1/C2Data-1347-Type2;154536.0000;DATA;1612720015.086206
/ndn/s9-site/s9/C2Data-3525-Type1;6010924.0000;TIMEOUT;1612720010.953932
/ndn/s4-site/s4/C2Data-2920-Type2;6002249.0000;TIMEOUT;1612720011.043749
/ndn/d0-site/d0/C2Data-1226-Type1;76279.0000;DATA;1612720017.055396
/ndn/s6-site/s6/C2Data-3162-Type2;6003217.0000;TIMEOUT;1612720014.290970
/ndn/s5-site/s5/C2Data-3041-Type1;6002107.0000;TIMEOUT;1612720015.257309
/ndn/v7-site/v7/C2Data-2265-Type3;251942.0000;DATA;1612720035.857912
/ndn/s6-site/s6/C2Data-1594-Type3;6001588.0000;TIMEOUT;1612720031.297414
/ndn/d0-site/d0/C2Data-1227-Type1;78731.0000;DATA;1612720040.028399
/ndn/d6-site/d6/C2Data-1953-Type2;97374.0000;DATA;1612720040.142281
/ndn/s7-site/s7/C2Data-1655-Type3;6003980.0000;TIMEOUT;1612720034.338753
/ndn/s9-site/s9/C2Data-1777-Type3;6002620.0000;TIMEOUT;1612720034.543188
/ndn/v5-site/v5/C2Data-4252-Type2;34331.0000;DATA;1612720041.404721
/ndn/s2-site/s2/C2Data-2679-Type1;6005967.0000;TIMEOUT;1612720037.867042
/ndn/d0-site/d0/C2Data-618-Type3;73318.0000;DATA;1612720044.346219
/ndn/s8-site/s8/C2Data-3405-Type2;6000762.0000;TIMEOUT;1612720039.566204
/ndn/d6-site/d6/C2Data-984-Type3;102602.0000;DATA;1612720046.047551
/ndn/h3-site/h3/C2Data-380-Type1;101018.0000;DATA;1612720046.690032
/ndn/s0-site/s0/C2Data-1228-Type3;6000928.0000;TIMEOUT;1612720041.027448
/ndn/v0-site/v0/C2Data-1838-Type3;193638.0000;DATA;1612720047.189825
/ndn/h7-site/h7/C2Data-92-Type5;125889.0000;DATA;1612720048.611377
/ndn/s8-site/s8/C2Data-1716-Type3;6000836.0000;TIMEOUT;1612720047.467772
/ndn/s2-site/s2/C2Data-1350-Type3;6001957.0000;TIMEOUT;1612720047.817057
/ndn/d5-site/d5/C2Data-923-Type3;329116.0000;DATA;1612720053.485800
/ndn/s3-site/s3/C2Data-1411-Type3;6000518.0000;TIMEOUT;1612720052.581204
/ndn/v7-site/v7/C2Data-189-Type6;350121.0000;DATA;1612720059.350330
/ndn/v8-site/v8/C2Data-4616-Type2;391635.0000;DATA;1612720068.709203
/ndn/d3-site/d3/C2Data-91-Type6;35961.0000;DATA;1612720070.343250
/ndn/s6-site/s6/C2Data-3164-Type1;6001888.0000;TIMEOUT;1612720073.790808
/ndn/v3-site/v3/C2Data-578-Type4;278483.0000;DATA;1612720080.539509
/ndn/d2-site/d2/C2Data-303-Type4;293287.0000;DATA;1612720081.078614
/ndn/s3-site/s3/C2Data-2801-Type1;6002846.0000;TIMEOUT;1612720075.414639
/ndn/s0-site/s0/C2Data-2438-Type1;6000981.0000;TIMEOUT;1612720076.952715
/ndn/v1-site/v1/C2Data-274-Type5;241373.0000;DATA;1612720087.653848
/ndn/v2-site/v2/C2Data-1961-Type3;180524.0000;DATA;1612720090.705397
/ndn/h4-site/h4/C2Data-503-Type2;152430.0000;DATA;1612720096.454910
/ndn/v1-site/v1/C2Data-1900-Type3;169136.0000;DATA;1612720096.962635
/ndn/v7-site/v7/C2Data-2266-Type3;240085.0000;DATA;1612720097.827184
/ndn/d4-site/d4/C2Data-98-Type6;209569.0000;DATA;1612720097.922405
/ndn/d1-site/d1/C2Data-680-Type3;155717.0000;DATA;1612720098.597031
/ndn/d6-site/d6/C2Data-403-Type4;100713.0000;DATA;1612720099.589836
/ndn/h9-site/h9/C2Data-1108-Type1;213261.0000;DATA;1612720099.705358
/ndn/h5-site/h5/C2Data-66-Type5;203270.0000;DATA;1612720101.025467
/ndn/d5-site/d5/C2Data-1834-Type1;754144.0000;DATA;1612720101.408315
