/C2Data/v1/C2Data-273-Type1;27393.0000;DATA;1609203416.776925
/C2Data/h0/C2Data-0-Type3;147441.0000;DATA;1609203459.281065
/C2Data/s1/C2Data-99-Type3;47875.0000;DATA;1609203460.947231
/C2Data/d2/C2Data-127-Type1;98589.0000;DATA;1609203462.805814
/C2Data/h0/C2Data-1-Type1;109678.0000;DATA;1609203466.063948
/C2Data/h1/C2Data-11-Type3;139446.0000;DATA;1609203467.822712
/C2Data/d3/C2Data-148-Type2;21120.0000;NACK;1609203475.289480
/C2Data/h2/C2Data-43-Type1;27785.0000;DATA;1609203475.456062
/C2Data/d1/C2Data-55-Type3;55343.0000;DATA;1609203479.701287
/C2Data/d0/C2Data-85-Type2;32542.0000;DATA;1609203485.719927
/C2Data/s3/C2Data-233-Type2;153193.0000;DATA;1609203523.333189
/C2Data/s3/C2Data-233-Type1;123037.0000;DATA;1609203537.701332
/C2Data/s0/C2Data-89-Type3;56594.0000;DATA;1609203582.291378
/C2Data/s1/C2Data-100-Type3;25010.0000;DATA;1609203583.281366
/C2Data/h1/C2Data-24-Type2;118730.0000;DATA;1609203589.608106
/C2Data/h3/C2Data-66-Type2;136153.0000;DATA;1609203593.417767
/C2Data/s2/C2Data-213-Type1;62313.0000;DATA;1609203598.069626
/C2Data/d0/C2Data-87-Type2;116954.0000;DATA;1609203599.309868
/C2Data/v1/C2Data-144-Type3;24523.0000;DATA;1609203609.053976
/C2Data/h3/C2Data-15-Type4;167925.0000;DATA;1609203639.542825
/C2Data/d1/C2Data-109-Type2;39461.0000;DATA;1609203643.504721
/C2Data/d0/C2Data-88-Type2;83747.0000;DATA;1609203644.115752
/C2Data/d2/C2Data-130-Type1;46968.0000;DATA;1609203646.027576
/C2Data/v1/C2Data-277-Type1;24357.0000;DATA;1609203647.724437
/C2Data/s1/C2Data-193-Type2;25318.0000;DATA;1609203651.140127
/C2Data/h0/C2Data-4-Type2;85603.0000;DATA;1609203664.785925
/C2Data/h3/C2Data-35-Type3;46932.0000;DATA;1609203701.472282
/C2Data/v1/C2Data-278-Type1;40607.0000;DATA;1609203702.728152
/C2Data/d2/C2Data-131-Type1;27371.0000;DATA;1609203708.553226
/C2Data/s1/C2Data-194-Type1;26743.0000;DATA;1609203709.602673
/C2Data/v1/C2Data-45-Type4;63882.0000;DATA;1609203712.167398
/C2Data/v1/C2Data-145-Type3;24094.0000;DATA;1609203716.437367
/C2Data/v2/C2Data-299-Type1;143208.0000;DATA;1609203722.445855
/C2Data/h2/C2Data-47-Type1;339264.0000;DATA;1609203723.911935
/C2Data/d0/C2Data-46-Type3;91920.0000;DATA;1609203733.940467
/C2Data/d3/C2Data-153-Type1;111115.0000;NACK;1609203776.954973
/C2Data/v2/C2Data-300-Type1;44767.0000;DATA;1609203778.551540
/C2Data/v1/C2Data-279-Type2;27189.0000;DATA;1609203779.178698
/C2Data/h3/C2Data-69-Type1;100025.0000;DATA;1609203784.586220
/C2Data/v1/C2Data-146-Type3;23774.0000;DATA;1609203814.195397
/C2Data/h2/C2Data-49-Type2;123615.0000;DATA;1609203828.465792
/C2Data/s3/C2Data-124-Type3;187678.0000;DATA;1609203828.599958
/C2Data/v2/C2Data-157-Type3;23745.0000;DATA;1609203856.920871
/C2Data/h1/C2Data-14-Type3;46696.0000;DATA;1609203857.709419
/C2Data/h2/C2Data-50-Type1;237022.0000;DATA;1609203892.299934
/C2Data/d3/C2Data-155-Type2;41580.0000;NACK;1609203893.614080
/C2Data/d0/C2Data-92-Type1;116053.0000;DATA;1609203903.500316
/C2Data/s2/C2Data-218-Type2;230053.0000;DATA;1609203903.727976
/C2Data/d2/C2Data-18-Type5;58794.0000;DATA;1609203912.198447
/C2Data/s1/C2Data-103-Type3;91423.0000;DATA;1609203931.506953
/C2Data/v0/C2Data-41-Type4;359263.0000;DATA;1609203932.416230
/C2Data/h3/C2Data-9-Type5;56488.0000;DATA;1609203935.193339
/C2Data/d0/C2Data-93-Type1;89147.0000;DATA;1609203946.194426
/C2Data/h0/C2Data-1-Type4;95320.0000;DATA;1609203947.933650
/C2Data/v1/C2Data-282-Type1;28889.0000;DATA;1609203950.363676
