/ndn/h9-site/h9/C2Data-1089-Type1;214098.0000;DATA;1612717027.154181
/ndn/s3-site/s3/C2Data-2783-Type2;54590.0000;DATA;1612717029.485899
/ndn/v3-site/v3/C2Data-3993-Type1;303970.0000;DATA;1612717030.817720
/ndn/v6-site/v6/C2Data-4356-Type1;73679.0000;DATA;1612717031.412009
/ndn/s8-site/s8/C2Data-3388-Type2;133955.0000;DATA;1612717034.852241
/ndn/h3-site/h3/C2Data-363-Type2;108887.0000;DATA;1612717035.794365
/ndn/h4-site/h4/C2Data-484-Type1;163729.0000;DATA;1612717035.738698
/ndn/d5-site/d5/C2Data-1815-Type1;283846.0000;DATA;1612717036.423106
/ndn/v6-site/v6/C2Data-2196-Type3;75047.0000;DATA;1612717052.150786
/ndn/d6-site/d6/C2Data-976-Type3;102530.0000;DATA;1612717056.425072
/ndn/d8-site/d8/C2Data-2179-Type2;227758.0000;DATA;1612717056.935399
/ndn/s5-site/s5/C2Data-3026-Type1;121914.0000;DATA;1612717057.490892
/ndn/v2-site/v2/C2Data-3873-Type2;170450.0000;DATA;1612717058.087322
/ndn/d5-site/d5/C2Data-1816-Type2;285639.0000;DATA;1612717058.832428
/ndn/d3-site/d3/C2Data-1574-Type1;27418.0000;DATA;1612717059.798754
/ndn/h4-site/h4/C2Data-485-Type2;149475.0000;DATA;1612717062.459017
/ndn/h2-site/h2/C2Data-243-Type2;142772.0000;DATA;1612717063.128388
/ndn/d6-site/d6/C2Data-1937-Type2;111522.0000;DATA;1612717063.557869
/ndn/v4-site/v4/C2Data-2074-Type3;25756.0000;DATA;1612717065.353210
/ndn/v4-site/v4/C2Data-4115-Type2;25190.0000;DATA;1612717065.704685
/ndn/h3-site/h3/C2Data-183-Type3;100918.0000;DATA;1612717066.514853
/ndn/s4-site/s4/C2Data-1464-Type3;207801.0000;DATA;1612717066.460529
/ndn/d7-site/d7/C2Data-2058-Type1;170798.0000;DATA;1612717067.246116
/ndn/h9-site/h9/C2Data-549-Type3;233587.0000;DATA;1612717071.821391
/ndn/d2-site/d2/C2Data-1454-Type1;268897.0000;DATA;1612717087.434199
/ndn/d4-site/d4/C2Data-1696-Type1;200911.0000;DATA;1612717088.099729
/ndn/s6-site/s6/C2Data-3148-Type2;240972.0000;DATA;1612717090.445593
/ndn/d1-site/d1/C2Data-1333-Type2;150354.0000;DATA;1612717091.037056
/ndn/d5-site/d5/C2Data-1817-Type2;283008.0000;DATA;1612717092.181936
/ndn/h5-site/h5/C2Data-607-Type1;186331.0000;DATA;1612717094.268630
/ndn/h3-site/h3/C2Data-365-Type2;119190.0000;DATA;1612717095.272020
/ndn/v2-site/v2/C2Data-3874-Type1;173863.0000;DATA;1612717096.927104
/ndn/h7-site/h7/C2Data-428-Type3;295937.0000;DATA;1612717112.603760
/ndn/h1-site/h1/C2Data-62-Type3;348282.0000;DATA;1612717112.583859
/ndn/s5-site/s5/C2Data-1526-Type3;283041.0000;DATA;1612717114.739881
/ndn/s5-site/s5/C2Data-3028-Type1;128425.0000;DATA;1612717116.418546
/ndn/s7-site/s7/C2Data-1648-Type3;6000846.0000;TIMEOUT;1612717111.488088
/ndn/s6-site/s6/C2Data-3149-Type1;263343.0000;DATA;1612717117.659477
/ndn/s8-site/s8/C2Data-3391-Type2;135662.0000;DATA;1612717119.206188
/ndn/s6-site/s6/C2Data-3149-Type2;284427.0000;DATA;1612717120.578288
/ndn/s2-site/s2/C2Data-1343-Type3;126037.0000;DATA;1612717122.409813
/ndn/s4-site/s4/C2Data-2907-Type1;202622.0000;DATA;1612717123.227407
/ndn/h4-site/h4/C2Data-487-Type2;144607.0000;DATA;1612717123.941653
/ndn/v9-site/v9/C2Data-4722-Type2;248316.0000;DATA;1612717123.934624
/ndn/h3-site/h3/C2Data-184-Type3;98593.0000;DATA;1612717124.927889
/ndn/v4-site/v4/C2Data-4117-Type1;27326.0000;DATA;1612717125.840477
/ndn/h3-site/h3/C2Data-366-Type2;601722.0000;DATA;1612717128.311278
/ndn/s7-site/s7/C2Data-3270-Type1;6001621.0000;TIMEOUT;1612717122.981422
/ndn/d5-site/d5/C2Data-916-Type3;308935.0000;DATA;1612717128.617694
/ndn/v3-site/v3/C2Data-2014-Type3;296015.0000;DATA;1612717131.644451
/ndn/d2-site/d2/C2Data-300-Type4;268758.0000;DATA;1612717134.505110
/ndn/d9-site/d9/C2Data-2303-Type2;285298.0000;DATA;1612717148.356676
/ndn/v3-site/v3/C2Data-575-Type4;270859.0000;DATA;1612717148.801174
/ndn/h7-site/h7/C2Data-175-Type4;129117.0000;DATA;1612717148.964783
/ndn/s9-site/s9/C2Data-3513-Type2;25307.0000;DATA;1612717149.417076
/ndn/v6-site/v6/C2Data-4360-Type2;76520.0000;DATA;1612717150.523105
/ndn/h7-site/h7/C2Data-851-Type2;134218.0000;DATA;1612717152.788049
/ndn/v2-site/v2/C2Data-550-Type4;173721.0000;DATA;1612717153.837789
/ndn/s4-site/s4/C2Data-2908-Type1;6001241.0000;TIMEOUT;1612717148.912688
/ndn/s8-site/s8/C2Data-3392-Type1;6000852.0000;TIMEOUT;1612717150.188260
/ndn/s8-site/s8/C2Data-3392-Type2;6315190.0000;TIMEOUT;1612717153.921122
/ndn/h1-site/h1/C2Data-25-Type4;200689.0000;DATA;1612717173.557649
/ndn/d9-site/d9/C2Data-2304-Type1;278961.0000;DATA;1612717177.253637
/ndn/d2-site/d2/C2Data-1457-Type1;256939.0000;DATA;1612717177.598880
/ndn/d0-site/d0/C2Data-1215-Type2;85477.0000;DATA;1612717178.398968
/ndn/h9-site/h9/C2Data-551-Type3;195424.0000;DATA;1612717179.075005
/ndn/d0-site/d0/C2Data-1215-Type1;89741.0000;DATA;1612717179.226756
/ndn/h3-site/h3/C2Data-185-Type3;98562.0000;DATA;1612717179.867157
/ndn/v4-site/v4/C2Data-4119-Type1;27870.0000;DATA;1612717180.048025
/ndn/h6-site/h6/C2Data-731-Type2;138564.0000;DATA;1612717180.084065
/ndn/v3-site/v3/C2Data-3998-Type1;301645.0000;DATA;1612717180.143542
/ndn/d1-site/d1/C2Data-1336-Type1;143936.0000;DATA;1612717180.718483
/ndn/s3-site/s3/C2Data-2788-Type1;6000816.0000;TIMEOUT;1612717178.746140
/ndn/h8-site/h8/C2Data-490-Type3;106045.0000;DATA;1612717184.831997
/ndn/v6-site/v6/C2Data-4361-Type1;72733.0000;DATA;1612717186.516784
/ndn/d8-site/d8/C2Data-2183-Type2;247894.0000;DATA;1612717186.578810
/ndn/s1-site/s1/C2Data-2546-Type1;6002522.0000;TIMEOUT;1612717185.120295
/ndn/s3-site/s3/C2Data-1405-Type3;6012823.0000;TIMEOUT;1612717185.478741
/ndn/d0-site/d0/C2Data-612-Type3;81896.0000;DATA;1612717192.090460
/ndn/h2-site/h2/C2Data-248-Type2;122720.0000;DATA;1612717207.889080
/ndn/h0-site/h0/C2Data-6-Type2;245882.0000;DATA;1612717209.054457
/ndn/h7-site/h7/C2Data-853-Type1;127627.0000;DATA;1612717209.295375
/ndn/v4-site/v4/C2Data-4120-Type2;29635.0000;DATA;1612717210.480631
/ndn/v4-site/v4/C2Data-4120-Type1;24856.0000;DATA;1612717211.939788
/ndn/v2-site/v2/C2Data-3878-Type1;173360.0000;DATA;1612717215.216441
/ndn/v7-site/v7/C2Data-4483-Type1;224020.0000;DATA;1612717215.561075
/ndn/s4-site/s4/C2Data-2910-Type2;6012731.0000;TIMEOUT;1612717214.658826
/ndn/d1-site/d1/C2Data-1338-Type1;152157.0000;DATA;1612717236.473375
/ndn/d9-site/d9/C2Data-2306-Type2;276733.0000;DATA;1612717237.128948
/ndn/d3-site/d3/C2Data-1580-Type1;34431.0000;DATA;1612717238.479170
/ndn/h6-site/h6/C2Data-733-Type1;107879.0000;DATA;1612717239.456077
/ndn/d7-site/d7/C2Data-2064-Type1;182827.0000;DATA;1612717239.470272
/ndn/v6-site/v6/C2Data-4363-Type1;75108.0000;DATA;1612717239.601683
/ndn/d2-site/d2/C2Data-1459-Type2;367128.0000;DATA;1612717239.894178
/ndn/v2-site/v2/C2Data-3879-Type2;170127.0000;DATA;1612717240.140622
/ndn/h3-site/h3/C2Data-186-Type3;105101.0000;DATA;1612717241.128819
/ndn/v3-site/v3/C2Data-4000-Type1;290975.0000;DATA;1612717240.960907
/ndn/d6-site/d6/C2Data-1943-Type2;98604.0000;DATA;1612717242.216281
/ndn/d2-site/d2/C2Data-735-Type3;275838.0000;DATA;1612717242.264019
/ndn/v0-site/v0/C2Data-1833-Type3;174281.0000;DATA;1612717242.514616
/ndn/s8-site/s8/C2Data-3395-Type1;6002196.0000;TIMEOUT;1612717237.964510
/ndn/d1-site/d1/C2Data-674-Type3;176555.0000;DATA;1612717244.222597
/ndn/v7-site/v7/C2Data-4484-Type2;225433.0000;DATA;1612717245.118815
/ndn/d3-site/d3/C2Data-1580-Type2;34735.0000;DATA;1612717245.431241
/ndn/d5-site/d5/C2Data-1822-Type1;299172.0000;DATA;1612717245.406524
/ndn/s9-site/s9/C2Data-1772-Type3;6002344.0000;TIMEOUT;1612717240.421735
/ndn/v8-site/v8/C2Data-4605-Type2;159400.0000;DATA;1612717247.599728
/ndn/s5-site/s5/C2Data-1528-Type3;6002587.0000;TIMEOUT;1612717242.199564
/ndn/h6-site/h6/C2Data-369-Type3;138275.0000;DATA;1612717249.342411
/ndn/s6-site/s6/C2Data-3153-Type2;6001943.0000;TIMEOUT;1612717245.147267
/ndn/v4-site/v4/C2Data-2077-Type3;28124.0000;DATA;1612717251.575089
/ndn/h7-site/h7/C2Data-430-Type3;153357.0000;DATA;1612717252.636060
/ndn/d3-site/d3/C2Data-169-Type5;34615.0000;DATA;1612717257.888227
/ndn/h6-site/h6/C2Data-734-Type2;123346.0000;DATA;1612717267.171960
/ndn/d4-site/d4/C2Data-1702-Type2;192551.0000;DATA;1612717267.247061
/ndn/d5-site/d5/C2Data-1823-Type1;279369.0000;DATA;1612717268.772689
/ndn/d9-site/d9/C2Data-247-Type5;284176.0000;DATA;1612717270.908594
/ndn/h2-site/h2/C2Data-250-Type2;130491.0000;DATA;1612717272.203100
/ndn/h0-site/h0/C2Data-8-Type2;242888.0000;DATA;1612717272.734899
/ndn/h0-site/h0/C2Data-8-Type1;276617.0000;DATA;1612717275.337042
/ndn/s6-site/s6/C2Data-3154-Type1;6000586.0000;TIMEOUT;1612717272.941228
/ndn/s1-site/s1/C2Data-2549-Type2;6003799.0000;TIMEOUT;1612717273.008126
/ndn/s2-site/s2/C2Data-2670-Type1;6001595.0000;TIMEOUT;1612717273.347025
/ndn/d8-site/d8/C2Data-234-Type5;368923.0000;DATA;1612717280.347753
/ndn/d4-site/d4/C2Data-858-Type3;202131.0000;DATA;1612717293.124562
/ndn/d7-site/d7/C2Data-1041-Type3;174717.0000;DATA;1612717296.447467
/ndn/d0-site/d0/C2Data-251-Type4;71915.0000;DATA;1612717296.584714
/ndn/d0-site/d0/C2Data-614-Type3;77950.0000;DATA;1612717297.463004
/ndn/h5-site/h5/C2Data-309-Type3;175317.0000;DATA;1612717301.300269
/ndn/v2-site/v2/C2Data-3881-Type2;187415.0000;DATA;1612717301.367546
/ndn/d8-site/d8/C2Data-2187-Type1;242258.0000;DATA;1612717301.429130
/ndn/h8-site/h8/C2Data-201-Type4;143209.0000;DATA;1612717301.840141
/ndn/s1-site/s1/C2Data-2550-Type1;6001096.0000;TIMEOUT;1612717297.475130
/ndn/s9-site/s9/C2Data-1773-Type3;6001216.0000;TIMEOUT;1612717297.886805
/ndn/d3-site/d3/C2Data-797-Type3;28864.0000;DATA;1612717304.103665
/ndn/v8-site/v8/C2Data-4607-Type1;152032.0000;DATA;1612717304.574077
/ndn/s1-site/s1/C2Data-2550-Type2;6000787.0000;TIMEOUT;1612717299.239688
/ndn/d9-site/d9/C2Data-476-Type4;267151.0000;DATA;1612717305.632581
/ndn/d9-site/d9/C2Data-2308-Type1;282070.0000;DATA;1612717306.006297
/ndn/s8-site/s8/C2Data-1712-Type3;6003182.0000;TIMEOUT;1612717300.659149
/ndn/d2-site/d2/C2Data-301-Type4;241206.0000;DATA;1612717306.479296
/ndn/v0-site/v0/C2Data-3639-Type1;181854.0000;DATA;1612717306.984985
/ndn/v1-site/v1/C2Data-3760-Type2;185222.0000;DATA;1612717307.457601
/ndn/s2-site/s2/C2Data-1346-Type3;6003345.0000;TIMEOUT;1612717301.661695
/ndn/s7-site/s7/C2Data-1651-Type3;6001371.0000;TIMEOUT;1612717309.304907
/ndn/v8-site/v8/C2Data-701-Type4;269764.0000;DATA;1612717315.082394
/ndn/d5-site/d5/C2Data-376-Type4;335923.0000;DATA;1612717324.511777
/ndn/d9-site/d9/C2Data-2309-Type2;268597.0000;DATA;1612717327.587921
/ndn/d8-site/d8/C2Data-451-Type4;215521.0000;DATA;1612717328.286941
/ndn/h5-site/h5/C2Data-615-Type1;218542.0000;DATA;1612717329.799382
/ndn/v9-site/v9/C2Data-726-Type4;279898.0000;DATA;1612717330.115402
/ndn/s5-site/s5/C2Data-3035-Type1;6000995.0000;TIMEOUT;1612717327.253673
/ndn/d3-site/d3/C2Data-1583-Type1;25166.0000;DATA;1612717334.091100
/ndn/s1-site/s1/C2Data-2551-Type2;6001348.0000;TIMEOUT;1612717328.273210
/ndn/s2-site/s2/C2Data-2672-Type2;6000863.0000;TIMEOUT;1612717328.363656
/ndn/d2-site/d2/C2Data-1462-Type2;216950.0000;DATA;1612717334.831132
/ndn/s5-site/s5/C2Data-3035-Type2;6006328.0000;TIMEOUT;1612717329.326440
/ndn/v7-site/v7/C2Data-4487-Type1;239738.0000;DATA;1612717335.429915
/ndn/d1-site/d1/C2Data-1341-Type2;627875.0000;DATA;1612717337.709358
/ndn/h7-site/h7/C2Data-857-Type1;626405.0000;DATA;1612717337.766252
/ndn/h7-site/h7/C2Data-91-Type5;134364.0000;DATA;1612717340.808957
/ndn/v8-site/v8/C2Data-2323-Type3;161492.0000;DATA;1612717352.155036
/ndn/v3-site/v3/C2Data-2018-Type3;286807.0000;DATA;1612717353.295252
/ndn/v1-site/v1/C2Data-1896-Type3;194623.0000;DATA;1612717354.660758
/ndn/h4-site/h4/C2Data-52-Type5;152309.0000;DATA;1612717355.796590
/ndn/h1-site/h1/C2Data-132-Type1;195238.0000;DATA;1612717356.817456
/ndn/h8-site/h8/C2Data-493-Type3;97470.0000;DATA;1612717357.748288
/ndn/v7-site/v7/C2Data-4488-Type2;228516.0000;DATA;1612717358.678997
/ndn/d0-site/d0/C2Data-615-Type3;92962.0000;DATA;1612717359.276853
/ndn/s2-site/s2/C2Data-1347-Type3;6000798.0000;TIMEOUT;1612717353.762613
/ndn/d5-site/d5/C2Data-920-Type3;308050.0000;DATA;1612717359.523162
/ndn/v4-site/v4/C2Data-4125-Type2;25791.0000;DATA;1612717359.948423
/ndn/h2-site/h2/C2Data-253-Type1;139142.0000;DATA;1612717360.755482
/ndn/h1-site/h1/C2Data-132-Type2;170985.0000;DATA;1612717361.034085
/ndn/h8-site/h8/C2Data-979-Type1;93750.0000;DATA;1612717363.810246
/ndn/d6-site/d6/C2Data-981-Type3;99662.0000;DATA;1612717364.427454
/ndn/h6-site/h6/C2Data-371-Type3;145605.0000;DATA;1612717365.233558
/ndn/s4-site/s4/C2Data-2915-Type1;6002712.0000;TIMEOUT;1612717359.841489
/ndn/v0-site/v0/C2Data-3641-Type1;179578.0000;DATA;1612717366.215793
/ndn/h4-site/h4/C2Data-249-Type3;192244.0000;DATA;1612717369.011821
/ndn/h0-site/h0/C2Data-5-Type3;255220.0000;DATA;1612717370.058090
/ndn/v0-site/v0/C2Data-1835-Type3;220712.0000;DATA;1612717370.800122
/ndn/s8-site/s8/C2Data-1713-Type3;6000861.0000;TIMEOUT;1612717365.176024
/ndn/h2-site/h2/C2Data-127-Type3;139702.0000;DATA;1612717371.425559
/ndn/s0-site/s0/C2Data-2432-Type2;6001497.0000;TIMEOUT;1612717386.841388
/ndn/v3-site/v3/C2Data-4005-Type2;284349.0000;DATA;1612717392.576690
/ndn/s3-site/s3/C2Data-2795-Type1;6001398.0000;TIMEOUT;1612717387.879128
/ndn/h8-site/h8/C2Data-980-Type1;117566.0000;DATA;1612717394.293355
/ndn/h7-site/h7/C2Data-859-Type2;131547.0000;DATA;1612717397.370612
/ndn/s1-site/s1/C2Data-2553-Type1;6001011.0000;TIMEOUT;1612717398.006021
/ndn/s8-site/s8/C2Data-3400-Type1;6001503.0000;TIMEOUT;1612717398.134239
/ndn/s6-site/s6/C2Data-1592-Type3;6000462.0000;TIMEOUT;1612717410.831647
/ndn/h8-site/h8/C2Data-981-Type1;107668.0000;DATA;1612717417.463795
/ndn/d8-site/d8/C2Data-2191-Type2;235077.0000;DATA;1612717418.710815
/ndn/d6-site/d6/C2Data-982-Type3;98907.0000;DATA;1612717419.580054
/ndn/v0-site/v0/C2Data-3643-Type1;198445.0000;DATA;1612717420.008652
/ndn/h3-site/h3/C2Data-376-Type1;109752.0000;DATA;1612717420.276242
/ndn/v8-site/v8/C2Data-2324-Type3;164872.0000;DATA;1612717420.972230
/ndn/h7-site/h7/C2Data-433-Type3;126048.0000;DATA;1612717421.831427
/ndn/s0-site/s0/C2Data-1226-Type3;6000672.0000;TIMEOUT;1612717416.447445
/ndn/d9-site/d9/C2Data-2312-Type2;271261.0000;DATA;1612717422.953515
/ndn/h1-site/h1/C2Data-67-Type3;32670.0000;DATA;1612717423.454132
/ndn/d9-site/d9/C2Data-1165-Type3;284504.0000;DATA;1612717423.694175
/ndn/v2-site/v2/C2Data-1958-Type3;208607.0000;DATA;1612717424.224396
/ndn/d0-site/d0/C2Data-1223-Type1;75318.0000;DATA;1612717425.005181
/ndn/d8-site/d8/C2Data-1104-Type3;219095.0000;DATA;1612717429.394966
/ndn/s4-site/s4/C2Data-1470-Type3;6001089.0000;TIMEOUT;1612717427.142439
/ndn/s1-site/s1/C2Data-1287-Type3;6009945.0000;TIMEOUT;1612717428.423134
/ndn/s8-site/s8/C2Data-1714-Type3;6005890.0000;TIMEOUT;1612717430.840417
/ndn/h9-site/h9/C2Data-227-Type4;213912.0000;DATA;1612717446.408549
/ndn/h5-site/h5/C2Data-619-Type2;198851.0000;DATA;1612717446.420777
/ndn/d2-site/d2/C2Data-302-Type4;502175.0000;DATA;1612717447.653385
/ndn/v1-site/v1/C2Data-3765-Type1;179676.0000;DATA;1612717451.047598
/ndn/d4-site/d4/C2Data-1708-Type1;213833.0000;DATA;1612717451.893258
/ndn/d6-site/d6/C2Data-1950-Type1;101783.0000;DATA;1612717456.764761
/ndn/s3-site/s3/C2Data-2797-Type2;6017841.0000;TIMEOUT;1612717454.562747
/ndn/v4-site/v4/C2Data-602-Type4;29404.0000;DATA;1612717464.158426
/ndn/h7-site/h7/C2Data-177-Type4;234719.0000;DATA;1612717463.943520
/ndn/d3-site/d3/C2Data-327-Type4;31289.0000;DATA;1612717474.358998
/ndn/v4-site/v4/C2Data-4129-Type1;41734.0000;DATA;1612717477.363143
/ndn/h3-site/h3/C2Data-378-Type2;109285.0000;DATA;1612717477.439684
/ndn/h6-site/h6/C2Data-152-Type4;130274.0000;DATA;1612717477.668976
/ndn/v6-site/v6/C2Data-2203-Type3;75048.0000;DATA;1612717477.935667
/ndn/d5-site/d5/C2Data-1830-Type2;270381.0000;DATA;1612717479.800035
/ndn/s8-site/s8/C2Data-1715-Type3;6000593.0000;TIMEOUT;1612717474.283228
/ndn/v1-site/v1/C2Data-3766-Type2;204216.0000;DATA;1612717481.174157
/ndn/v0-site/v0/C2Data-3645-Type2;184087.0000;DATA;1612717481.639972
/ndn/v6-site/v6/C2Data-4371-Type2;74432.0000;DATA;1612717483.517284
/ndn/v7-site/v7/C2Data-4492-Type1;222710.0000;DATA;1612717483.523254
/ndn/s1-site/s1/C2Data-1288-Type3;6000482.0000;TIMEOUT;1612717479.514279
/ndn/s6-site/s6/C2Data-1593-Type3;6001477.0000;TIMEOUT;1612717480.512439
/ndn/h1-site/h1/C2Data-136-Type1;173303.0000;DATA;1612717486.580368
/ndn/s1-site/s1/C2Data-2556-Type2;6000849.0000;TIMEOUT;1612717482.315055
/ndn/v8-site/v8/C2Data-2325-Type3;168709.0000;DATA;1612717488.672290
/ndn/d9-site/d9/C2Data-1166-Type3;293136.0000;DATA;1612717489.003138
/ndn/v7-site/v7/C2Data-2264-Type3;322515.0000;DATA;1612717489.125763
/ndn/s0-site/s0/C2Data-1227-Type3;6001684.0000;TIMEOUT;1612717484.907083
/ndn/s3-site/s3/C2Data-2798-Type1;6000329.0000;TIMEOUT;1612717486.748231
/ndn/v6-site/v6/C2Data-4372-Type2;85605.0000;DATA;1612717508.212646
/ndn/d5-site/d5/C2Data-1831-Type1;317179.0000;DATA;1612717508.254038
/ndn/h7-site/h7/C2Data-863-Type1;131233.0000;DATA;1612717508.781094
/ndn/d4-site/d4/C2Data-1710-Type1;195449.0000;DATA;1612717509.679104
/ndn/d3-site/d3/C2Data-1589-Type1;29927.0000;DATA;1612717510.424317
/ndn/h4-site/h4/C2Data-500-Type1;142902.0000;DATA;1612717515.120995
/ndn/s6-site/s6/C2Data-3162-Type1;6000831.0000;TIMEOUT;1612717509.328991
/ndn/v7-site/v7/C2Data-4493-Type1;247924.0000;DATA;1612717517.394710
/ndn/s9-site/s9/C2Data-3525-Type1;6003040.0000;TIMEOUT;1612717515.669003
/ndn/v8-site/v8/C2Data-2326-Type3;276688.0000;DATA;1612717531.547739
/ndn/h4-site/h4/C2Data-252-Type3;291490.0000;DATA;1612717533.847830
/ndn/v7-site/v7/C2Data-2265-Type3;295428.0000;DATA;1612717534.310209
/ndn/d1-site/d1/C2Data-1348-Type2;150033.0000;DATA;1612717536.582372
/ndn/h3-site/h3/C2Data-380-Type1;112007.0000;DATA;1612717537.036979
/ndn/d2-site/d2/C2Data-1469-Type1;246701.0000;DATA;1612717539.946670
/ndn/d0-site/d0/C2Data-1227-Type1;111184.0000;DATA;1612717540.563734
/ndn/s3-site/s3/C2Data-1411-Type3;6010619.0000;TIMEOUT;1612717535.058245
/ndn/v4-site/v4/C2Data-4131-Type2;32084.0000;DATA;1612717541.618834
/ndn/s0-site/s0/C2Data-1228-Type3;6000674.0000;TIMEOUT;1612717536.709226
/ndn/v2-site/v2/C2Data-154-Type6;170941.0000;DATA;1612717543.276791
/ndn/h0-site/h0/C2Data-0-Type6;284079.0000;DATA;1612717544.036136
/ndn/h6-site/h6/C2Data-743-Type1;144624.0000;DATA;1612717544.495053
/ndn/d6-site/d6/C2Data-984-Type3;98265.0000;DATA;1612717548.007042
/ndn/h0-site/h0/C2Data-8-Type3;260354.0000;DATA;1612717549.392995
/ndn/s6-site/s6/C2Data-1594-Type3;6000820.0000;TIMEOUT;1612717544.227439
/ndn/s0-site/s0/C2Data-2437-Type2;6005041.0000;TIMEOUT;1612717544.442817
/ndn/h0-site/h0/C2Data-1-Type5;265159.0000;DATA;1612717551.107054
/ndn/h1-site/h1/C2Data-69-Type3;217493.0000;DATA;1612717551.539437
/ndn/s6-site/s6/C2Data-3163-Type2;6001169.0000;TIMEOUT;1612717546.156186
/ndn/h1-site/h1/C2Data-14-Type5;182636.0000;DATA;1612717552.514235
/ndn/d4-site/d4/C2Data-862-Type3;312685.0000;DATA;1612717554.221335
/ndn/s9-site/s9/C2Data-1777-Type3;6002959.0000;TIMEOUT;1612717550.649019
/ndn/h9-site/h9/C2Data-1107-Type2;198585.0000;DATA;1612717568.253640
/ndn/h2-site/h2/C2Data-260-Type1;129599.0000;DATA;1612717569.236052
/ndn/v3-site/v3/C2Data-4011-Type2;311478.0000;DATA;1612717572.081112
/ndn/v1-site/v1/C2Data-528-Type4;184148.0000;DATA;1612717573.086796
/ndn/s1-site/s1/C2Data-2559-Type1;6004089.0000;TIMEOUT;1612717567.651429
/ndn/h5-site/h5/C2Data-623-Type2;190473.0000;DATA;1612717574.074190
/ndn/v9-site/v9/C2Data-4737-Type1;249403.0000;DATA;1612717575.456071
/ndn/d7-site/d7/C2Data-2075-Type2;187289.0000;DATA;1612717576.248627
/ndn/s3-site/s3/C2Data-2801-Type2;6003491.0000;TIMEOUT;1612717572.210968
/ndn/s4-site/s4/C2Data-2922-Type2;6001140.0000;TIMEOUT;1612717572.537339
/ndn/s3-site/s3/C2Data-2801-Type1;6004772.0000;TIMEOUT;1612717577.144757
/ndn/v4-site/v4/C2Data-2083-Type3;24803.0000;DATA;1612717593.303487
/ndn/v6-site/v6/C2Data-2205-Type3;80913.0000;DATA;1612717593.435750
/ndn/v1-site/v1/C2Data-3770-Type1;190203.0000;DATA;1612717596.467869
/ndn/d0-site/d0/C2Data-619-Type3;76474.0000;DATA;1612717597.320228
/ndn/d3-site/d3/C2Data-1592-Type1;31986.0000;DATA;1612717597.742967
