/ndn/s9-site/s9/C2Data-3509-Type1;160725.0000;DATA;1612716189.805753
/ndn/h2-site/h2/C2Data-242-Type2;143044.0000;DATA;1612716191.512633
/ndn/d5-site/d5/C2Data-1815-Type1;121713.0000;DATA;1612716192.059787
/ndn/h0-site/h0/C2Data-0-Type1;130256.0000;DATA;1612716193.498457
/ndn/h0-site/h0/C2Data-0-Type2;97143.0000;DATA;1612716193.621954
/ndn/d9-site/d9/C2Data-2299-Type2;130756.0000;DATA;1612716193.899754
/ndn/h3-site/h3/C2Data-363-Type2;102025.0000;DATA;1612716194.615975
/ndn/s8-site/s8/C2Data-3388-Type1;121177.0000;DATA;1612716194.619559
/ndn/v2-site/v2/C2Data-3872-Type1;193426.0000;DATA;1612716197.494604
/ndn/d8-site/d8/C2Data-2178-Type1;129064.0000;DATA;1612716200.417204
/ndn/v8-site/v8/C2Data-4598-Type1;48655.0000;DATA;1612716201.220947
/ndn/s0-site/s0/C2Data-1220-Type3;119338.0000;DATA;1612716215.536093
/ndn/h5-site/h5/C2Data-305-Type3;29453.0000;DATA;1612716216.778285
/ndn/d2-site/d2/C2Data-732-Type3;75026.0000;DATA;1612716219.924688
/ndn/v3-site/v3/C2Data-3994-Type2;120744.0000;DATA;1612716220.042644
/ndn/h8-site/h8/C2Data-969-Type2;71063.0000;DATA;1612716220.439883
/ndn/s7-site/s7/C2Data-1647-Type3;49351.0000;DATA;1612716223.142114
/ndn/d2-site/d2/C2Data-1453-Type1;73847.0000;DATA;1612716223.150082
/ndn/d3-site/d3/C2Data-793-Type3;146348.0000;DATA;1612716223.925306
/ndn/h7-site/h7/C2Data-848-Type1;47831.0000;DATA;1612716224.158409
/ndn/s9-site/s9/C2Data-1769-Type3;146080.0000;DATA;1612716224.253908
/ndn/h4-site/h4/C2Data-485-Type1;29365.0000;DATA;1612716224.894590
/ndn/s3-site/s3/C2Data-2784-Type2;128662.0000;DATA;1612716225.454935
/ndn/v7-site/v7/C2Data-2257-Type3;57381.0000;DATA;1612716225.709852
/ndn/d9-site/d9/C2Data-1159-Type3;124488.0000;DATA;1612716228.107399
/ndn/h1-site/h1/C2Data-122-Type2;30614.0000;DATA;1612716229.189006
/ndn/d1-site/d1/C2Data-671-Type3;182007.0000;DATA;1612716236.935078
/ndn/v7-site/v7/C2Data-4479-Type2;50008.0000;DATA;1612716249.966177
/ndn/h8-site/h8/C2Data-970-Type1;88836.0000;DATA;1612716250.824397
/ndn/d7-site/d7/C2Data-2059-Type1;184658.0000;DATA;1612716251.689340
/ndn/s5-site/s5/C2Data-3027-Type2;105365.0000;DATA;1612716253.747014
/ndn/h0-site/h0/C2Data-2-Type1;110897.0000;DATA;1612716257.697748
/ndn/v5-site/v5/C2Data-4237-Type1;183319.0000;DATA;1612716257.903639
/ndn/v7-site/v7/C2Data-2258-Type3;54703.0000;DATA;1612716274.733651
/ndn/v5-site/v5/C2Data-2136-Type3;234196.0000;DATA;1612716275.312731
/ndn/s4-site/s4/C2Data-1465-Type3;186778.0000;DATA;1612716275.658141
/ndn/h3-site/h3/C2Data-184-Type3;203391.0000;DATA;1612716277.649053
/ndn/h0-site/h0/C2Data-1-Type3;105694.0000;DATA;1612716278.553566
/ndn/d8-site/d8/C2Data-1099-Type3;182900.0000;DATA;1612716278.904965
/ndn/v8-site/v8/C2Data-2319-Type3;59859.0000;DATA;1612716279.315893
/ndn/h4-site/h4/C2Data-245-Type3;25688.0000;DATA;1612716279.504889
/ndn/d2-site/d2/C2Data-1455-Type2;93815.0000;DATA;1612716279.872166
/ndn/s2-site/s2/C2Data-1343-Type3;84786.0000;DATA;1612716283.145925
/ndn/d1-site/d1/C2Data-1334-Type1;157284.0000;DATA;1612716283.444641
/ndn/h1-site/h1/C2Data-124-Type1;25979.0000;DATA;1612716283.725152
/ndn/h8-site/h8/C2Data-971-Type2;72481.0000;DATA;1612716284.023626
/ndn/s6-site/s6/C2Data-3149-Type1;570911.0000;DATA;1612716285.117132
/ndn/h9-site/h9/C2Data-1092-Type1;153203.0000;DATA;1612716286.372944
/ndn/d3-site/d3/C2Data-1576-Type1;147625.0000;DATA;1612716286.597118
/ndn/v6-site/v6/C2Data-2197-Type3;136441.0000;DATA;1612716287.133529
/ndn/d6-site/d6/C2Data-1939-Type2;101680.0000;DATA;1612716287.531501
/ndn/s5-site/s5/C2Data-3028-Type1;6001042.0000;TIMEOUT;1612716282.028155
/ndn/v5-site/v5/C2Data-4238-Type1;171339.0000;DATA;1612716288.393349
/ndn/s5-site/s5/C2Data-3028-Type2;6000491.0000;TIMEOUT;1612716282.801970
/ndn/h2-site/h2/C2Data-245-Type2;133045.0000;DATA;1612716290.584144
/ndn/h3-site/h3/C2Data-366-Type2;97530.0000;DATA;1612716290.990083
/ndn/d2-site/d2/C2Data-733-Type3;74185.0000;DATA;1612716291.843711
/ndn/v5-site/v5/C2Data-625-Type4;235634.0000;DATA;1612716292.729017
/ndn/h0-site/h0/C2Data-0-Type4;110486.0000;DATA;1612716298.368253
/ndn/d0-site/d0/C2Data-250-Type4;101957.0000;DATA;1612716303.939178
/ndn/d6-site/d6/C2Data-1940-Type2;97445.0000;DATA;1612716311.652641
/ndn/h5-site/h5/C2Data-609-Type2;29566.0000;DATA;1612716312.166232
/ndn/d4-site/d4/C2Data-1698-Type1;25887.0000;DATA;1612716312.178505
/ndn/v1-site/v1/C2Data-525-Type4;32482.0000;DATA;1612716312.731033
/ndn/d8-site/d8/C2Data-2182-Type1;125670.0000;DATA;1612716315.493059
/ndn/v3-site/v3/C2Data-3997-Type1;101661.0000;DATA;1612716316.769189
/ndn/s4-site/s4/C2Data-2908-Type2;6001077.0000;TIMEOUT;1612716312.567914
/ndn/s8-site/s8/C2Data-3392-Type2;6000630.0000;TIMEOUT;1612716314.231743
/ndn/s3-site/s3/C2Data-2787-Type1;6004447.0000;TIMEOUT;1612716317.103215
/ndn/s1-site/s1/C2Data-2545-Type2;6047915.0000;TIMEOUT;1612716319.295757
/ndn/d7-site/d7/C2Data-1039-Type3;180170.0000;DATA;1612716337.501904
/ndn/h3-site/h3/C2Data-185-Type3;122075.0000;DATA;1612716338.740757
/ndn/v8-site/v8/C2Data-4603-Type1;85514.0000;DATA;1612716340.354816
/ndn/v5-site/v5/C2Data-4240-Type1;173817.0000;DATA;1612716341.006429
/ndn/d7-site/d7/C2Data-2062-Type2;190654.0000;DATA;1612716342.108150
/ndn/v5-site/v5/C2Data-2137-Type3;183348.0000;DATA;1612716346.491093
/ndn/s3-site/s3/C2Data-1405-Type3;6000758.0000;TIMEOUT;1612716342.201079
/ndn/v1-site/v1/C2Data-1893-Type3;26291.0000;DATA;1612716348.826086
/ndn/v7-site/v7/C2Data-2259-Type3;49565.0000;DATA;1612716348.920334
/ndn/h9-site/h9/C2Data-551-Type3;154703.0000;DATA;1612716349.270151
/ndn/h2-site/h2/C2Data-124-Type3;146218.0000;DATA;1612716350.498939
/ndn/s7-site/s7/C2Data-1649-Type3;6006907.0000;TIMEOUT;1612716344.791657
/ndn/d7-site/d7/C2Data-2062-Type1;192170.0000;DATA;1612716350.636796
/ndn/d5-site/d5/C2Data-917-Type3;127326.0000;DATA;1612716353.147988
/ndn/s9-site/s9/C2Data-1771-Type3;6001205.0000;TIMEOUT;1612716348.102970
/ndn/s9-site/s9/C2Data-3514-Type2;6002360.0000;TIMEOUT;1612716350.995629
/ndn/d6-site/d6/C2Data-1942-Type2;109022.0000;DATA;1612716370.950222
/ndn/h5-site/h5/C2Data-611-Type1;24861.0000;DATA;1612716372.408971
/ndn/h5-site/h5/C2Data-611-Type2;25223.0000;DATA;1612716372.471468
/ndn/h0-site/h0/C2Data-6-Type2;97863.0000;DATA;1612716375.636025
/ndn/h9-site/h9/C2Data-1095-Type2;148663.0000;DATA;1612716379.235406
/ndn/s3-site/s3/C2Data-2789-Type2;6004856.0000;TIMEOUT;1612716374.350260
/ndn/s1-site/s1/C2Data-2547-Type1;6000655.0000;TIMEOUT;1612716380.109501
/ndn/s5-site/s5/C2Data-3031-Type2;6036387.0000;TIMEOUT;1612716380.910202
/ndn/h1-site/h1/C2Data-64-Type3;26067.0000;DATA;1612716395.331259
/ndn/h9-site/h9/C2Data-552-Type3;175539.0000;DATA;1612716400.183439
/ndn/v1-site/v1/C2Data-3758-Type2;27000.0000;DATA;1612716401.172511
/ndn/d6-site/d6/C2Data-979-Type3;97327.0000;DATA;1612716402.282605
/ndn/h1-site/h1/C2Data-128-Type2;30115.0000;DATA;1612716402.540045
/ndn/s5-site/s5/C2Data-3032-Type2;6000658.0000;TIMEOUT;1612716399.627109
/ndn/v4-site/v4/C2Data-312-Type5;183013.0000;DATA;1612716406.393796
/ndn/h6-site/h6/C2Data-369-Type3;72832.0000;DATA;1612716406.973970
/ndn/h4-site/h4/C2Data-491-Type2;25196.0000;DATA;1612716407.037192
/ndn/d5-site/d5/C2Data-1822-Type2;164435.0000;DATA;1612716407.567983
/ndn/d7-site/d7/C2Data-2064-Type1;179417.0000;DATA;1612716408.986508
/ndn/d3-site/d3/C2Data-169-Type5;149364.0000;DATA;1612716409.095969
/ndn/v5-site/v5/C2Data-4242-Type1;177599.0000;DATA;1612716409.130087
/ndn/d4-site/d4/C2Data-1701-Type1;30662.0000;DATA;1612716409.652331
/ndn/s3-site/s3/C2Data-2790-Type2;6001527.0000;TIMEOUT;1612716405.171639
/ndn/v8-site/v8/C2Data-2321-Type3;55596.0000;DATA;1612716411.643833
/ndn/s9-site/s9/C2Data-3516-Type1;6001247.0000;TIMEOUT;1612716405.686176
/ndn/s6-site/s6/C2Data-3153-Type2;6000305.0000;TIMEOUT;1612716407.024299
/ndn/d8-site/d8/C2Data-1101-Type3;129691.0000;DATA;1612716412.919323
/ndn/s7-site/s7/C2Data-3274-Type1;6000775.0000;TIMEOUT;1612716408.037315
/ndn/s6-site/s6/C2Data-1589-Type3;6001868.0000;TIMEOUT;1612716408.427075
/ndn/s4-site/s4/C2Data-2911-Type2;6003605.0000;TIMEOUT;1612716410.184634
/ndn/s0-site/s0/C2Data-1223-Type3;6000622.0000;TIMEOUT;1612716410.684781
/ndn/h7-site/h7/C2Data-430-Type3;59286.0000;DATA;1612716417.015424
/ndn/h2-site/h2/C2Data-250-Type1;124503.0000;DATA;1612716429.763913
/ndn/h7-site/h7/C2Data-855-Type1;50135.0000;DATA;1612716430.546935
/ndn/d8-site/d8/C2Data-2186-Type2;131055.0000;DATA;1612716431.078488
/ndn/s0-site/s0/C2Data-2428-Type2;6000338.0000;TIMEOUT;1612716430.250736
/ndn/v9-site/v9/C2Data-4727-Type2;96023.0000;DATA;1612716438.735448
/ndn/h7-site/h7/C2Data-855-Type2;66761.0000;DATA;1612716440.357575
/ndn/h6-site/h6/C2Data-78-Type5;87549.0000;DATA;1612716449.801333
/ndn/v8-site/v8/C2Data-701-Type4;50598.0000;DATA;1612716456.311525
/ndn/v3-site/v3/C2Data-576-Type4;144349.0000;DATA;1612716456.375019
/ndn/h6-site/h6/C2Data-735-Type2;572175.0000;DATA;1612716460.924055
/ndn/v3-site/v3/C2Data-299-Type5;105107.0000;DATA;1612716461.472971
/ndn/d1-site/d1/C2Data-675-Type3;147738.0000;DATA;1612716461.461901
/ndn/h5-site/h5/C2Data-309-Type3;26208.0000;DATA;1612716464.919066
/ndn/v2-site/v2/C2Data-3881-Type1;34774.0000;DATA;1612716465.145105
/ndn/d9-site/d9/C2Data-1163-Type3;122238.0000;DATA;1612716465.132913
/ndn/h4-site/h4/C2Data-248-Type3;25626.0000;DATA;1612716465.613206
/ndn/v8-site/v8/C2Data-4607-Type1;48911.0000;DATA;1612716466.706912
/ndn/v4-site/v4/C2Data-601-Type4;185878.0000;DATA;1612716467.974909
/ndn/h9-site/h9/C2Data-553-Type3;153420.0000;DATA;1612716468.735553
/ndn/s9-site/s9/C2Data-1773-Type3;6001414.0000;TIMEOUT;1612716463.020812
/ndn/v9-site/v9/C2Data-726-Type4;97368.0000;DATA;1612716469.529750
/ndn/v8-site/v8/C2Data-4607-Type2;65054.0000;DATA;1612716470.149248
/ndn/v7-site/v7/C2Data-4486-Type1;50883.0000;DATA;1612716470.396065
/ndn/d3-site/d3/C2Data-326-Type4;151944.0000;DATA;1612716470.383236
/ndn/s6-site/s6/C2Data-1590-Type3;6000946.0000;TIMEOUT;1612716465.048059
/ndn/s3-site/s3/C2Data-1407-Type3;6001355.0000;TIMEOUT;1612716465.127327
/ndn/s7-site/s7/C2Data-1651-Type3;6001652.0000;TIMEOUT;1612716465.653303
/ndn/s3-site/s3/C2Data-2792-Type2;6001034.0000;TIMEOUT;1612716466.803206
/ndn/h6-site/h6/C2Data-370-Type3;84354.0000;DATA;1612716473.560303
/ndn/s5-site/s5/C2Data-1529-Type3;6002622.0000;TIMEOUT;1612716469.168659
/ndn/v8-site/v8/C2Data-2322-Type3;53298.0000;DATA;1612716476.611029
/ndn/d0-site/d0/C2Data-251-Type4;106161.0000;DATA;1612716479.552750
/ndn/v1-site/v1/C2Data-526-Type4;29739.0000;DATA;1612716480.066839
/ndn/v2-site/v2/C2Data-286-Type5;179866.0000;DATA;1612716479.944952
/ndn/h8-site/h8/C2Data-104-Type5;138546.0000;DATA;1612716484.005209
/ndn/h6-site/h6/C2Data-151-Type4;79161.0000;DATA;1612716487.913007
/ndn/v3-site/v3/C2Data-4003-Type1;101188.0000;DATA;1612716492.905952
/ndn/h3-site/h3/C2Data-76-Type4;100657.0000;DATA;1612716494.230226
/ndn/d9-site/d9/C2Data-2309-Type2;124138.0000;DATA;1612716494.265592
/ndn/h1-site/h1/C2Data-131-Type1;26202.0000;DATA;1612716495.515759
/ndn/h6-site/h6/C2Data-736-Type2;89363.0000;DATA;1612716498.818977
/ndn/v7-site/v7/C2Data-4487-Type1;58904.0000;DATA;1612716500.366535
/ndn/d4-site/d4/C2Data-182-Type5;186395.0000;DATA;1612716504.439995
/ndn/v8-site/v8/C2Data-2323-Type3;49587.0000;DATA;1612716513.946848
/ndn/v6-site/v6/C2Data-2201-Type3;134248.0000;DATA;1612716518.153632
/ndn/d8-site/d8/C2Data-2189-Type1;226812.0000;DATA;1612716519.588979
/ndn/d6-site/d6/C2Data-1947-Type1;114478.0000;DATA;1612716519.772340
/ndn/v5-site/v5/C2Data-4246-Type2;201964.0000;DATA;1612716520.040214
/ndn/h9-site/h9/C2Data-1100-Type1;169606.0000;DATA;1612716522.555366
/ndn/d4-site/d4/C2Data-1705-Type2;35088.0000;DATA;1612716523.488411
/ndn/h4-site/h4/C2Data-495-Type2;4138.0000;DATA;1612716524.233656
/ndn/d5-site/d5/C2Data-1826-Type2;121798.0000;DATA;1612716525.270152
/ndn/v9-site/v9/C2Data-2384-Type3;99839.0000;DATA;1612716528.101969
/ndn/v7-site/v7/C2Data-4488-Type1;49608.0000;DATA;1612716528.751071
/ndn/d4-site/d4/C2Data-1705-Type1;26931.0000;DATA;1612716531.469177
/ndn/s2-site/s2/C2Data-1347-Type3;6001624.0000;TIMEOUT;1612716526.172593
/ndn/d6-site/d6/C2Data-981-Type3;99229.0000;DATA;1612716532.919337
/ndn/s0-site/s0/C2Data-1225-Type3;6000673.0000;TIMEOUT;1612716530.980439
/ndn/v2-site/v2/C2Data-3884-Type2;668592.0000;DATA;1612716550.930193
/ndn/d2-site/d2/C2Data-1464-Type1;73437.0000;DATA;1612716551.175700
/ndn/v9-site/v9/C2Data-4731-Type1;107383.0000;DATA;1612716554.295513
/ndn/h9-site/h9/C2Data-1101-Type2;165667.0000;DATA;1612716557.200024
/ndn/d2-site/d2/C2Data-1464-Type2;76087.0000;DATA;1612716557.519202
/ndn/d1-site/d1/C2Data-1343-Type1;154406.0000;DATA;1612716560.010681
/ndn/s0-site/s0/C2Data-2432-Type2;6001585.0000;TIMEOUT;1612716556.877925
/ndn/s7-site/s7/C2Data-3279-Type2;6006357.0000;TIMEOUT;1612716558.639018
/ndn/s7-site/s7/C2Data-3279-Type1;6003812.0000;TIMEOUT;1612716559.605632
/ndn/v5-site/v5/C2Data-4248-Type2;177791.0000;DATA;1612716579.541015
/ndn/h6-site/h6/C2Data-739-Type2;75798.0000;DATA;1612716581.183206
/ndn/s0-site/s0/C2Data-1226-Type3;6004861.0000;TIMEOUT;1612716576.851158
/ndn/d2-site/d2/C2Data-302-Type4;77463.0000;DATA;1612716585.598909
/ndn/h3-site/h3/C2Data-376-Type1;97652.0000;DATA;1612716585.799012
/ndn/h5-site/h5/C2Data-618-Type1;28248.0000;DATA;1612716586.835137
/ndn/h5-site/h5/C2Data-618-Type2;25324.0000;DATA;1612716586.987794
/ndn/s7-site/s7/C2Data-1653-Type3;6001420.0000;TIMEOUT;1612716581.632435
/ndn/v5-site/v5/C2Data-4248-Type1;179866.0000;DATA;1612716587.397128
/ndn/v6-site/v6/C2Data-2202-Type3;132782.0000;DATA;1612716587.776034
/ndn/v5-site/v5/C2Data-2141-Type3;173616.0000;DATA;1612716589.176125
/ndn/v7-site/v7/C2Data-4490-Type2;49763.0000;DATA;1612716590.245102
/ndn/v9-site/v9/C2Data-2385-Type3;99128.0000;DATA;1612716590.427193
/ndn/d8-site/d8/C2Data-452-Type4;133988.0000;DATA;1612716591.015009
/ndn/h2-site/h2/C2Data-128-Type3;118903.0000;DATA;1612716591.599039
/ndn/v7-site/v7/C2Data-2263-Type3;52748.0000;DATA;1612716592.414434
/ndn/s7-site/s7/C2Data-3280-Type2;6000556.0000;TIMEOUT;1612716588.909720
/ndn/h3-site/h3/C2Data-77-Type4;98770.0000;DATA;1612716596.997505
/ndn/s1-site/s1/C2Data-1287-Type3;6003570.0000;TIMEOUT;1612716592.981970
/ndn/h4-site/h4/C2Data-498-Type2;25880.0000;DATA;1612716609.551067
/ndn/v1-site/v1/C2Data-527-Type4;26486.0000;DATA;1612716609.888994
/ndn/h2-site/h2/C2Data-256-Type2;139476.0000;DATA;1612716617.738592
/ndn/h8-site/h8/C2Data-982-Type1;80355.0000;DATA;1612716618.163341
/ndn/s4-site/s4/C2Data-2918-Type1;6000406.0000;TIMEOUT;1612716613.639821
/ndn/s8-site/s8/C2Data-3402-Type2;6000702.0000;TIMEOUT;1612716614.877010
/ndn/d1-site/d1/C2Data-277-Type4;147319.0000;DATA;1612716628.726369
/ndn/v8-site/v8/C2Data-2325-Type3;49473.0000;DATA;1612716634.969022
/ndn/v8-site/v8/C2Data-702-Type4;59318.0000;DATA;1612716635.152434
/ndn/v9-site/v9/C2Data-727-Type4;106456.0000;DATA;1612716638.414355
/ndn/h3-site/h3/C2Data-190-Type3;101553.0000;DATA;1612716641.290594
/ndn/d0-site/d0/C2Data-1225-Type1;103545.0000;DATA;1612716644.621961
/ndn/s4-site/s4/C2Data-1471-Type3;6002229.0000;TIMEOUT;1612716640.432560
/ndn/s2-site/s2/C2Data-2677-Type2;6003494.0000;TIMEOUT;1612716641.831603
/ndn/d9-site/d9/C2Data-2314-Type2;120418.0000;DATA;1612716648.669946
/ndn/d1-site/d1/C2Data-1346-Type2;193366.0000;DATA;1612716649.223970
/ndn/s0-site/s0/C2Data-2435-Type2;6001078.0000;TIMEOUT;1612716644.824033
/ndn/d5-site/d5/C2Data-1830-Type1;125608.0000;DATA;1612716651.518377
/ndn/s0-site/s0/C2Data-1227-Type3;6003771.0000;TIMEOUT;1612716646.906832
/ndn/v7-site/v7/C2Data-2264-Type3;49763.0000;DATA;1612716654.162785
/ndn/s6-site/s6/C2Data-1593-Type3;6003337.0000;TIMEOUT;1612716648.562946
/ndn/v3-site/v3/C2Data-2020-Type3;113657.0000;DATA;1612716655.930179
/ndn/s2-site/s2/C2Data-2677-Type1;6002251.0000;TIMEOUT;1612716650.218798
/ndn/h6-site/h6/C2Data-742-Type2;72689.0000;DATA;1612716672.959950
/ndn/v3-site/v3/C2Data-4009-Type1;98516.0000;DATA;1612716674.426752
/ndn/h3-site/h3/C2Data-379-Type2;104127.0000;DATA;1612716674.959186
/ndn/v2-site/v2/C2Data-3888-Type1;174680.0000;DATA;1612716677.211837
/ndn/s8-site/s8/C2Data-3404-Type2;6000577.0000;TIMEOUT;1612716674.629891
/ndn/s9-site/s9/C2Data-3525-Type1;6004111.0000;TIMEOUT;1612716675.330975
/ndn/s1-site/s1/C2Data-2557-Type1;6001117.0000;TIMEOUT;1612716676.561949
/ndn/s4-site/s4/C2Data-2920-Type2;6024163.0000;TIMEOUT;1612716679.041901
/ndn/v1-site/v1/C2Data-1899-Type3;28766.0000;DATA;1612716697.100182
/ndn/h5-site/h5/C2Data-622-Type2;26781.0000;DATA;1612716700.427234
/ndn/h9-site/h9/C2Data-1106-Type2;149653.0000;DATA;1612716700.819667
/ndn/v4-site/v4/C2Data-2082-Type3;167459.0000;DATA;1612716701.147777
/ndn/d3-site/d3/C2Data-801-Type3;143062.0000;DATA;1612716701.643727
/ndn/h7-site/h7/C2Data-864-Type2;50034.0000;DATA;1612716702.149153
/ndn/v3-site/v3/C2Data-2021-Type3;98304.0000;DATA;1612716702.117201
/ndn/h7-site/h7/C2Data-49-Type6;50069.0000;DATA;1612716702.271898
/ndn/s9-site/s9/C2Data-3526-Type1;6001166.0000;TIMEOUT;1612716699.682912
/ndn/s1-site/s1/C2Data-2558-Type2;6000383.0000;TIMEOUT;1612716699.914203
/ndn/d0-site/d0/C2Data-1227-Type1;97149.0000;DATA;1612716705.939004
/ndn/d4-site/d4/C2Data-862-Type3;29595.0000;DATA;1612716709.395379
/ndn/s5-site/s5/C2Data-3042-Type1;6000555.0000;TIMEOUT;1612716704.604893
/ndn/h6-site/h6/C2Data-374-Type3;81424.0000;DATA;1612716710.648595
/ndn/s1-site/s1/C2Data-1289-Type3;6000829.0000;TIMEOUT;1612716706.351937
/ndn/h8-site/h8/C2Data-496-Type3;83125.0000;DATA;1612716712.717310
/ndn/d1-site/d1/C2Data-144-Type5;184537.0000;DATA;1612716715.172887
/ndn/h0-site/h0/C2Data-8-Type3;103504.0000;DATA;1612716716.283339
/ndn/s2-site/s2/C2Data-2679-Type2;6001833.0000;TIMEOUT;1612716710.636948
/ndn/h1-site/h1/C2Data-69-Type3;40625.0000;DATA;1612716717.203532
/ndn/s6-site/s6/C2Data-1594-Type3;6020288.0000;TIMEOUT;1612716713.499157
/ndn/v8-site/v8/C2Data-196-Type6;58509.0000;DATA;1612716721.452844
/ndn/v9-site/v9/C2Data-203-Type6;170119.0000;DATA;1612716726.727928
/ndn/v8-site/v8/C2Data-4616-Type1;120118.0000;DATA;1612716730.359898
/ndn/h7-site/h7/C2Data-92-Type5;54784.0000;DATA;1612716732.015656
/ndn/h2-site/h2/C2Data-260-Type2;136407.0000;DATA;1612716732.247933
/ndn/v6-site/v6/C2Data-4374-Type1;136579.0000;DATA;1612716733.838287
/ndn/h3-site/h3/C2Data-381-Type2;106852.0000;DATA;1612716735.653249
/ndn/h0-site/h0/C2Data-18-Type1;105596.0000;DATA;1612716736.297824
/ndn/v5-site/v5/C2Data-4253-Type2;226981.0000;DATA;1612716736.338387
/ndn/v4-site/v4/C2Data-4132-Type2;176839.0000;DATA;1612716737.516034
/ndn/d2-site/d2/C2Data-84-Type6;76278.0000;DATA;1612716737.632041
/ndn/d2-site/d2/C2Data-1470-Type2;87825.0000;DATA;1612716739.040439
/ndn/h8-site/h8/C2Data-105-Type5;76553.0000;DATA;1612716739.103225
/ndn/s5-site/s5/C2Data-3043-Type1;6000759.0000;TIMEOUT;1612716735.850095
/ndn/d6-site/d6/C2Data-1955-Type1;100186.0000;DATA;1612716759.730967
/ndn/v2-site/v2/C2Data-1961-Type3;205613.0000;DATA;1612716759.825815
/ndn/d4-site/d4/C2Data-183-Type5;28032.0000;DATA;1612716760.343603
/ndn/h4-site/h4/C2Data-503-Type2;34122.0000;DATA;1612716762.510372
/ndn/v6-site/v6/C2Data-4375-Type2;139669.0000;DATA;1612716763.416416
/ndn/s9-site/s9/C2Data-1778-Type3;6002759.0000;TIMEOUT;1612716758.006519
/ndn/h1-site/h1/C2Data-140-Type1;25332.0000;DATA;1612716764.347598
