/ndn/s4-site/s4/C2Data-2904-Type1;193720.0000;DATA;1612714526.428019
/ndn/s5-site/s5/C2Data-3025-Type2;118097.0000;DATA;1612714528.258995
/ndn/d7-site/d7/C2Data-2057-Type2;174118.0000;DATA;1612714528.496042
/ndn/s6-site/s6/C2Data-3146-Type2;57752.0000;DATA;1612714529.918829
/ndn/d9-site/d9/C2Data-2299-Type2;64765.0000;DATA;1612714531.427674
/ndn/d5-site/d5/C2Data-1815-Type2;1000.0000;DATA;1612714532.352646
/ndn/s2-site/s2/C2Data-2662-Type2;49610.0000;DATA;1612714532.650964
/ndn/s4-site/s4/C2Data-2904-Type2;96228.0000;DATA;1612714532.922395
/ndn/s0-site/s0/C2Data-2420-Type2;25436.0000;DATA;1612714535.772917
/ndn/v9-site/v9/C2Data-4719-Type1;25598.0000;DATA;1612714536.346089
/ndn/v4-site/v4/C2Data-4114-Type1;23987.0000;DATA;1612714536.378102
/ndn/v4-site/v4/C2Data-4115-Type1;132809.0000;DATA;1612714555.015293
/ndn/h0-site/h0/C2Data-0-Type3;3729.0000;DATA;1612714555.843345
/ndn/v9-site/v9/C2Data-2379-Type3;101533.0000;DATA;1612714556.028688
/ndn/v8-site/v8/C2Data-4599-Type2;52717.0000;DATA;1612714556.194999
/ndn/v8-site/v8/C2Data-2318-Type3;59476.0000;DATA;1612714556.411766
/ndn/d0-site/d0/C2Data-1211-Type1;52938.0000;DATA;1612714557.689167
/ndn/h5-site/h5/C2Data-606-Type2;52732.0000;DATA;1612714558.125633
/ndn/v4-site/v4/C2Data-2074-Type3;97403.0000;DATA;1612714558.966733
/ndn/d9-site/d9/C2Data-2300-Type2;23999.0000;DATA;1612714559.265773
/ndn/v7-site/v7/C2Data-4478-Type2;77921.0000;DATA;1612714560.548025
/ndn/s7-site/s7/C2Data-3268-Type2;105914.0000;DATA;1612714561.606856
/ndn/h6-site/h6/C2Data-727-Type2;1932.0000;DATA;1612714561.835182
/ndn/v7-site/v7/C2Data-2257-Type3;52334.0000;DATA;1612714561.837993
/ndn/d4-site/d4/C2Data-1695-Type1;72912.0000;DATA;1612714562.360296
/ndn/s5-site/s5/C2Data-3026-Type2;101510.0000;DATA;1612714562.327266
/ndn/v2-site/v2/C2Data-1952-Type3;101277.0000;DATA;1612714564.882757
/ndn/d2-site/d2/C2Data-1453-Type1;128638.0000;DATA;1612714565.182059
/ndn/h2-site/h2/C2Data-122-Type3;143153.0000;DATA;1612714569.426291
/ndn/d9-site/d9/C2Data-1159-Type3;57652.0000;DATA;1612714570.422618
/ndn/s4-site/s4/C2Data-2906-Type2;197448.0000;DATA;1612714586.369381
/ndn/s8-site/s8/C2Data-3390-Type1;103127.0000;DATA;1612714586.998021
/ndn/v6-site/v6/C2Data-4358-Type2;123453.0000;DATA;1612714587.241055
/ndn/s4-site/s4/C2Data-2906-Type1;213579.0000;DATA;1612714587.378092
/ndn/s6-site/s6/C2Data-3148-Type1;3245.0000;DATA;1612714588.133125
/ndn/v3-site/v3/C2Data-3995-Type2;61682.0000;DATA;1612714590.681013
/ndn/h3-site/h3/C2Data-365-Type1;108721.0000;DATA;1612714591.147559
/ndn/h1-site/h1/C2Data-123-Type2;78303.0000;DATA;1612714591.584606
/ndn/s3-site/s3/C2Data-2785-Type2;76351.0000;DATA;1612714595.224349
/ndn/s0-site/s0/C2Data-2422-Type2;162025.0000;DATA;1612714595.492590
/ndn/h1-site/h1/C2Data-62-Type3;33285.0000;DATA;1612714610.011295
/ndn/s2-site/s2/C2Data-1343-Type3;3852.0000;DATA;1612714611.391566
/ndn/h3-site/h3/C2Data-184-Type3;221094.0000;DATA;1612714611.399386
/ndn/d1-site/d1/C2Data-672-Type3;158813.0000;DATA;1612714613.547414
/ndn/v4-site/v4/C2Data-4117-Type1;131092.0000;DATA;1612714616.467347
/ndn/v0-site/v0/C2Data-1831-Type3;1199.0000;DATA;1612714618.046735
/ndn/d9-site/d9/C2Data-2302-Type1;14399.0000;DATA;1612714621.337334
/ndn/v1-site/v1/C2Data-525-Type4;73217.0000;DATA;1612714622.451127
/ndn/v0-site/v0/C2Data-3633-Type1;12095.0000;DATA;1612714622.855012
/ndn/h5-site/h5/C2Data-306-Type3;76657.0000;DATA;1612714622.816913
/ndn/h0-site/h0/C2Data-3-Type2;29651.0000;DATA;1612714623.237924
/ndn/v7-site/v7/C2Data-4480-Type2;61236.0000;DATA;1612714625.408163
/ndn/d7-site/d7/C2Data-425-Type4;172511.0000;DATA;1612714626.534139
/ndn/d0-site/d0/C2Data-250-Type4;53959.0000;DATA;1612714627.571664
/ndn/s1-site/s1/C2Data-1282-Type3;201262.0000;DATA;1612714627.767315
/ndn/s8-site/s8/C2Data-1709-Type3;987.0000;DATA;1612714631.964588
/ndn/d4-site/d4/C2Data-350-Type4;2664.0000;DATA;1612714637.419553
/ndn/v3-site/v3/C2Data-3997-Type1;60774.0000;DATA;1612714645.399812
/ndn/s2-site/s2/C2Data-2666-Type2;78314.0000;DATA;1612714646.303427
/ndn/v4-site/v4/C2Data-4118-Type1;97656.0000;DATA;1612714646.721529
/ndn/v3-site/v3/C2Data-3997-Type2;123145.0000;DATA;1612714647.357703
/ndn/v5-site/v5/C2Data-4239-Type2;943.0000;DATA;1612714649.062943
/ndn/h0-site/h0/C2Data-4-Type2;147697.0000;DATA;1612714649.882711
/ndn/s8-site/s8/C2Data-3392-Type1;61926.0000;DATA;1612714653.081063
/ndn/h0-site/h0/C2Data-4-Type1;48283.0000;DATA;1612714653.626331
/ndn/s3-site/s3/C2Data-2787-Type2;74372.0000;DATA;1612714653.619249
/ndn/h9-site/h9/C2Data-1093-Type1;193234.0000;DATA;1612714653.677201
/ndn/h2-site/h2/C2Data-246-Type1;122380.0000;DATA;1612714653.930023
/ndn/s4-site/s4/C2Data-1466-Type3;194652.0000;DATA;1612714669.983308
/ndn/d8-site/d8/C2Data-2183-Type2;198714.0000;DATA;1612714676.953422
/ndn/d3-site/d3/C2Data-1578-Type1;99975.0000;DATA;1612714677.050122
/ndn/s8-site/s8/C2Data-3393-Type2;50628.0000;DATA;1612714677.909844
/ndn/h9-site/h9/C2Data-1094-Type1;162060.0000;DATA;1612714678.568648
/ndn/h8-site/h8/C2Data-973-Type1;1902.0000;DATA;1612714679.923794
/ndn/d8-site/d8/C2Data-1100-Type3;1532.0000;DATA;1612714680.838138
/ndn/s2-site/s2/C2Data-2667-Type1;50502.0000;DATA;1612714680.925089
/ndn/h9-site/h9/C2Data-1094-Type2;203957.0000;DATA;1612714681.500157
/ndn/h0-site/h0/C2Data-5-Type1;73044.0000;DATA;1612714682.058265
/ndn/d4-site/d4/C2Data-856-Type3;54499.0000;DATA;1612714682.914443
/ndn/v4-site/v4/C2Data-2076-Type3;20578.0000;DATA;1612714683.841326
/ndn/d7-site/d7/C2Data-1039-Type3;73967.0000;DATA;1612714686.398466
/ndn/s3-site/s3/C2Data-1405-Type3;3823.0000;DATA;1612714688.559455
/ndn/h9-site/h9/C2Data-551-Type3;3377.0000;DATA;1612714688.786227
/ndn/h2-site/h2/C2Data-124-Type3;1721.0000;DATA;1612714690.418508
/ndn/h2-site/h2/C2Data-248-Type2;134542.0000;DATA;1612714705.177355
/ndn/s5-site/s5/C2Data-3031-Type1;103616.0000;DATA;1612714706.036004
/ndn/h5-site/h5/C2Data-611-Type1;51547.0000;DATA;1612714706.308335
/ndn/s9-site/s9/C2Data-3515-Type1;99641.0000;DATA;1612714710.051704
/ndn/v2-site/v2/C2Data-3878-Type2;123007.0000;DATA;1612714710.138396
/ndn/s6-site/s6/C2Data-3152-Type1;133542.0000;DATA;1612714710.267274
/ndn/v9-site/v9/C2Data-4725-Type1;174080.0000;DATA;1612714710.530408
/ndn/s3-site/s3/C2Data-2789-Type2;2936.0000;DATA;1612714710.715225
/ndn/d8-site/d8/C2Data-2184-Type1;1030.0000;DATA;1612714712.026109
/ndn/h8-site/h8/C2Data-974-Type2;2666.0000;DATA;1612714712.572752
/ndn/s8-site/s8/C2Data-1711-Type3;132677.0000;DATA;1612714732.390896
/ndn/s5-site/s5/C2Data-3032-Type1;101707.0000;DATA;1612714735.086511
/ndn/h9-site/h9/C2Data-1096-Type1;195040.0000;DATA;1612714735.150970
/ndn/s0-site/s0/C2Data-2427-Type2;123544.0000;DATA;1612714736.969608
/ndn/s2-site/s2/C2Data-1345-Type3;90297.0000;DATA;1612714737.689790
/ndn/d3-site/d3/C2Data-1580-Type1;97518.0000;DATA;1612714739.933083
/ndn/d2-site/d2/C2Data-735-Type3;921.0000;DATA;1612714740.348622
/ndn/s1-site/s1/C2Data-1284-Type3;49011.0000;DATA;1612714740.643239
/ndn/h2-site/h2/C2Data-26-Type5;135336.0000;DATA;1612714740.839250
/ndn/h2-site/h2/C2Data-249-Type2;126870.0000;DATA;1612714741.100756
/ndn/s3-site/s3/C2Data-2790-Type2;1469.0000;DATA;1612714741.318735
/ndn/v7-site/v7/C2Data-4484-Type1;1205.0000;DATA;1612714741.579058
/ndn/h8-site/h8/C2Data-975-Type2;1117.0000;DATA;1612714741.817491
/ndn/s6-site/s6/C2Data-1589-Type3;1222.0000;DATA;1612714744.176732
/ndn/d9-site/d9/C2Data-2306-Type1;191941.0000;DATA;1612714744.480033
/ndn/d1-site/d1/C2Data-1338-Type1;167690.0000;DATA;1612714745.290011
/ndn/s2-site/s2/C2Data-2669-Type1;73735.0000;DATA;1612714745.900596
/ndn/v5-site/v5/C2Data-2138-Type3;923.0000;DATA;1612714746.125916
/ndn/d4-site/d4/C2Data-182-Type5;103426.0000;DATA;1612714750.955885
/ndn/s3-site/s3/C2Data-1406-Type3;1061.0000;DATA;1612714752.483961
/ndn/h6-site/h6/C2Data-78-Type5;3244.0000;DATA;1612714764.096031
/ndn/d1-site/d1/C2Data-1339-Type1;142462.0000;DATA;1612714766.752100
/ndn/d2-site/d2/C2Data-1460-Type1;135761.0000;DATA;1612714768.411480
/ndn/d4-site/d4/C2Data-1702-Type1;75733.0000;DATA;1612714771.247746
/ndn/s5-site/s5/C2Data-3033-Type2;128139.0000;DATA;1612714771.762299
/ndn/s2-site/s2/C2Data-2670-Type2;56342.0000;DATA;1612714772.671615
/ndn/h5-site/h5/C2Data-613-Type1;53393.0000;DATA;1612714773.531071
/ndn/v1-site/v1/C2Data-3759-Type2;80627.0000;DATA;1612714774.303206
/ndn/h1-site/h1/C2Data-129-Type1;88061.0000;DATA;1612714774.640397
/ndn/s9-site/s9/C2Data-3517-Type1;1433.0000;DATA;1612714774.758260
/ndn/h3-site/h3/C2Data-76-Type4;2371.0000;DATA;1612714783.060802
/ndn/h6-site/h6/C2Data-151-Type4;2500.0000;DATA;1612714786.403227
/ndn/h6-site/h6/C2Data-370-Type3;36757.0000;DATA;1612714789.422319
/ndn/s5-site/s5/C2Data-1529-Type3;52821.0000;DATA;1612714791.084155
/ndn/d2-site/d2/C2Data-301-Type4;62696.0000;DATA;1612714792.778258
/ndn/v9-site/v9/C2Data-726-Type4;57698.0000;DATA;1612714794.775814
/ndn/d2-site/d2/C2Data-1461-Type1;143473.0000;DATA;1612714795.739417
/ndn/s3-site/s3/C2Data-1407-Type3;77872.0000;DATA;1612714797.231419
/ndn/v4-site/v4/C2Data-4123-Type1;102531.0000;DATA;1612714799.782219
/ndn/v8-site/v8/C2Data-2322-Type3;930.0000;DATA;1612714800.892101
/ndn/h4-site/h4/C2Data-493-Type1;27424.0000;DATA;1612714801.060681
/ndn/d2-site/d2/C2Data-1461-Type2;48687.0000;DATA;1612714801.164789
/ndn/d1-site/d1/C2Data-1340-Type2;1517.0000;DATA;1612714803.655867
/ndn/s1-site/s1/C2Data-2550-Type2;140697.0000;DATA;1612714803.671117
/ndn/v5-site/v5/C2Data-4244-Type2;121890.0000;DATA;1612714803.750215
/ndn/s4-site/s4/C2Data-2913-Type2;217528.0000;DATA;1612714804.178021
/ndn/d8-site/d8/C2Data-1102-Type3;938.0000;DATA;1612714805.269437
/ndn/s9-site/s9/C2Data-1773-Type3;1077.0000;DATA;1612714811.955518
/ndn/v2-site/v2/C2Data-551-Type4;2637.0000;DATA;1612714814.723986
/ndn/h5-site/h5/C2Data-126-Type4;2610.0000;DATA;1612714815.445754
/ndn/d3-site/d3/C2Data-169-Type5;1736.0000;DATA;1612714823.109989
/ndn/d1-site/d1/C2Data-143-Type5;1821.0000;DATA;1612714825.652097
/ndn/d3-site/d3/C2Data-1583-Type1;97454.0000;DATA;1612714827.779910
/ndn/s4-site/s4/C2Data-2914-Type1;133101.0000;DATA;1612714828.254132
/ndn/s8-site/s8/C2Data-3398-Type1;127583.0000;DATA;1612714832.521232
/ndn/s3-site/s3/C2Data-2793-Type1;2496.0000;DATA;1612714836.651620
/ndn/h0-site/h0/C2Data-10-Type1;157317.0000;DATA;1612714836.466547
/ndn/h9-site/h9/C2Data-117-Type5;120707.0000;DATA;1612714842.655169
/ndn/v1-site/v1/C2Data-1896-Type3;153887.0000;DATA;1612714849.572115
/ndn/s7-site/s7/C2Data-1652-Type3;108933.0000;DATA;1612714850.313179
/ndn/v7-site/v7/C2Data-2262-Type3;104350.0000;DATA;1612714851.439513
/ndn/s6-site/s6/C2Data-1591-Type3;96000.0000;DATA;1612714852.764083
/ndn/d7-site/d7/C2Data-2068-Type2;183494.0000;DATA;1612714855.407508
/ndn/s0-site/s0/C2Data-2431-Type2;122171.0000;DATA;1612714855.499246
/ndn/d2-site/d2/C2Data-1463-Type1;135079.0000;DATA;1612714855.666048
/ndn/v6-site/v6/C2Data-4367-Type1;100358.0000;DATA;1612714856.084130
/ndn/h1-site/h1/C2Data-66-Type3;58236.0000;DATA;1612714858.391014
/ndn/v0-site/v0/C2Data-1835-Type3;956.0000;DATA;1612714861.103699
/ndn/d1-site/d1/C2Data-1342-Type1;164078.0000;DATA;1612714863.685660
/ndn/h3-site/h3/C2Data-374-Type2;1354.0000;DATA;1612714864.042214
/ndn/v8-site/v8/C2Data-4609-Type2;49922.0000;DATA;1612714866.040063
/ndn/s8-site/s8/C2Data-3399-Type1;123860.0000;DATA;1612714866.449021
/ndn/s1-site/s1/C2Data-1286-Type3;24162.0000;DATA;1612714866.826158
/ndn/d4-site/d4/C2Data-859-Type3;4166.0000;DATA;1612714867.814570
/ndn/h1-site/h1/C2Data-133-Type2;90192.0000;DATA;1612714884.943703
/ndn/s4-site/s4/C2Data-2916-Type2;110378.0000;DATA;1612714887.197985
/ndn/v7-site/v7/C2Data-4489-Type2;797.0000;DATA;1612714892.287015
/ndn/v0-site/v0/C2Data-3642-Type2;1221.0000;DATA;1612714894.124157
/ndn/h0-site/h0/C2Data-12-Type2;120821.0000;DATA;1612714895.453975
/ndn/d3-site/d3/C2Data-799-Type3;101936.0000;DATA;1612714908.920956
/ndn/h2-site/h2/C2Data-128-Type3;133301.0000;DATA;1612714912.505657
/ndn/d9-site/d9/C2Data-1165-Type3;9370.0000;DATA;1612714915.875140
/ndn/d7-site/d7/C2Data-1043-Type3;175741.0000;DATA;1612714917.234169
/ndn/v3-site/v3/C2Data-2019-Type3;3184.0000;DATA;1612714918.132754
/ndn/h1-site/h1/C2Data-134-Type1;51779.0000;DATA;1612714918.250372
/ndn/s4-site/s4/C2Data-1470-Type3;6002364.0000;TIMEOUT;1612714912.686749
/ndn/d9-site/d9/C2Data-2312-Type1;50718.0000;DATA;1612714923.329440
/ndn/d6-site/d6/C2Data-1949-Type1;847.0000;DATA;1612714924.468415
/ndn/v0-site/v0/C2Data-3643-Type1;55396.0000;DATA;1612714925.026544
/ndn/d4-site/d4/C2Data-1707-Type2;2965.0000;DATA;1612714926.390982
/ndn/v8-site/v8/C2Data-702-Type4;52933.0000;DATA;1612714927.280694
/ndn/s1-site/s1/C2Data-2554-Type2;6003544.0000;TIMEOUT;1612714921.743649
/ndn/s0-site/s0/C2Data-1226-Type3;6019983.0000;TIMEOUT;1612714927.593965
/ndn/d5-site/d5/C2Data-377-Type4;122565.0000;DATA;1612714943.958729
/ndn/v9-site/v9/C2Data-4733-Type2;187174.0000;DATA;1612714945.893715
/ndn/d6-site/d6/C2Data-1950-Type2;51223.0000;DATA;1612714946.317890
/ndn/d1-site/d1/C2Data-1345-Type1;161300.0000;DATA;1612714947.090273
/ndn/d7-site/d7/C2Data-2071-Type2;1022.0000;DATA;1612714950.730658
/ndn/s1-site/s1/C2Data-2555-Type2;6000490.0000;TIMEOUT;1612714945.654317
/ndn/h8-site/h8/C2Data-202-Type4;25372.0000;DATA;1612714952.158694
/ndn/v8-site/v8/C2Data-4612-Type1;54770.0000;DATA;1612714952.537097
/ndn/s3-site/s3/C2Data-2797-Type2;6000495.0000;TIMEOUT;1612714947.182406
/ndn/s1-site/s1/C2Data-2555-Type1;6000979.0000;TIMEOUT;1612714947.583224
/ndn/s0-site/s0/C2Data-2434-Type1;6001400.0000;TIMEOUT;1612714948.231341
/ndn/v7-site/v7/C2Data-4491-Type1;107168.0000;DATA;1612714954.725034
/ndn/h2-site/h2/C2Data-256-Type1;136625.0000;DATA;1612714955.522976
/ndn/h0-site/h0/C2Data-14-Type2;153235.0000;DATA;1612714956.335583
/ndn/s2-site/s2/C2Data-2676-Type1;6004346.0000;TIMEOUT;1612714954.441972
/ndn/d8-site/d8/C2Data-452-Type4;48969.0000;DATA;1612714972.836718
/ndn/v9-site/v9/C2Data-2386-Type3;53830.0000;DATA;1612714973.352545
/ndn/d6-site/d6/C2Data-983-Type3;55143.0000;DATA;1612714975.064961
/ndn/h0-site/h0/C2Data-15-Type1;175726.0000;DATA;1612714975.304256
/ndn/v3-site/v3/C2Data-4008-Type1;154926.0000;DATA;1612714976.059385
/ndn/d3-site/d3/C2Data-800-Type3;106923.0000;DATA;1612714976.165807
/ndn/s4-site/s4/C2Data-1471-Type3;6002681.0000;TIMEOUT;1612714970.500743
/ndn/v1-site/v1/C2Data-1898-Type3;1141.0000;DATA;1612714978.643510
/ndn/h4-site/h4/C2Data-251-Type3;25512.0000;DATA;1612714978.992414
/ndn/v5-site/v5/C2Data-627-Type4;3952.0000;DATA;1612714979.530640
/ndn/v2-site/v2/C2Data-1959-Type3;150661.0000;DATA;1612714979.789775
/ndn/s0-site/s0/C2Data-1227-Type3;6000836.0000;TIMEOUT;1612714974.518782
/ndn/v0-site/v0/C2Data-502-Type4;1434.0000;DATA;1612714980.602202
/ndn/v1-site/v1/C2Data-3766-Type1;63464.0000;DATA;1612714980.588001
/ndn/d5-site/d5/C2Data-1830-Type2;49964.0000;DATA;1612714981.523417
/ndn/s0-site/s0/C2Data-2435-Type1;6003349.0000;TIMEOUT;1612714976.042973
/ndn/d0-site/d0/C2Data-617-Type3;13683.0000;DATA;1612714982.123385
/ndn/v6-site/v6/C2Data-2203-Type3;1070.0000;DATA;1612714984.232954
/ndn/d2-site/d2/C2Data-739-Type3;126809.0000;DATA;1612714986.586950
/ndn/s7-site/s7/C2Data-1654-Type3;6002488.0000;TIMEOUT;1612714983.087375
/ndn/h2-site/h2/C2Data-129-Type3;110404.0000;DATA;1612714991.054987
/ndn/d4-site/d4/C2Data-1710-Type2;78413.0000;DATA;1612715005.252267
/ndn/v4-site/v4/C2Data-4130-Type2;165485.0000;DATA;1612715006.065091
/ndn/h6-site/h6/C2Data-742-Type2;1804.0000;DATA;1612715009.942198
/ndn/v9-site/v9/C2Data-4735-Type2;155128.0000;DATA;1612715010.607846
/ndn/v7-site/v7/C2Data-4493-Type2;47909.0000;DATA;1612715011.224183
/ndn/d7-site/d7/C2Data-2073-Type1;848.0000;DATA;1612715011.954199
/ndn/h2-site/h2/C2Data-258-Type1;167172.0000;DATA;1612715011.867987
/ndn/v1-site/v1/C2Data-3767-Type2;53297.0000;DATA;1612715012.280247
/ndn/d6-site/d6/C2Data-112-Type6;991.0000;DATA;1612715016.332622
/ndn/v7-site/v7/C2Data-2265-Type3;103803.0000;DATA;1612715028.978901
/ndn/v8-site/v8/C2Data-196-Type6;49413.0000;DATA;1612715034.260268
/ndn/d4-site/d4/C2Data-1711-Type1;75433.0000;DATA;1612715034.847349
/ndn/d1-site/d1/C2Data-1348-Type2;153022.0000;DATA;1612715034.868273
/ndn/s2-site/s2/C2Data-1350-Type3;6003784.0000;TIMEOUT;1612715029.854973
/ndn/h9-site/h9/C2Data-1106-Type1;203645.0000;DATA;1612715036.321201
/ndn/v6-site/v6/C2Data-2204-Type3;59687.0000;DATA;1612715038.415033
/ndn/d3-site/d3/C2Data-1590-Type2;99768.0000;DATA;1612715040.069697
/ndn/h3-site/h3/C2Data-380-Type1;114498.0000;DATA;1612715040.696613
/ndn/h0-site/h0/C2Data-17-Type1;144318.0000;DATA;1612715041.008644
/ndn/v8-site/v8/C2Data-4615-Type1;52828.0000;DATA;1612715043.126744
/ndn/s7-site/s7/C2Data-1655-Type3;6001651.0000;TIMEOUT;1612715037.324101
/ndn/s5-site/s5/C2Data-1533-Type3;6001949.0000;TIMEOUT;1612715037.640051
/ndn/d0-site/d0/C2Data-1227-Type1;920.0000;DATA;1612715043.736281
/ndn/s0-site/s0/C2Data-1228-Type3;6002924.0000;TIMEOUT;1612715037.779074
/ndn/v5-site/v5/C2Data-4252-Type1;127018.0000;DATA;1612715044.558807
/ndn/h0-site/h0/C2Data-8-Type3;52686.0000;DATA;1612715044.760260
/ndn/h0-site/h0/C2Data-1-Type5;159728.0000;DATA;1612715047.016168
/ndn/v8-site/v8/C2Data-2326-Type3;2665.0000;DATA;1612715049.205363
/ndn/s6-site/s6/C2Data-1594-Type3;6005902.0000;TIMEOUT;1612715044.286827
/ndn/s6-site/s6/C2Data-3163-Type2;6001247.0000;TIMEOUT;1612715045.170910
/ndn/h5-site/h5/C2Data-66-Type5;47868.0000;DATA;1612715065.453242
/ndn/h1-site/h1/C2Data-139-Type1;93954.0000;DATA;1612715067.014993
/ndn/d3-site/d3/C2Data-1591-Type1;115934.0000;DATA;1612715068.538860
/ndn/v6-site/v6/C2Data-4374-Type1;56352.0000;DATA;1612715069.090120
/ndn/d5-site/d5/C2Data-1833-Type2;151135.0000;DATA;1612715070.660613
/ndn/s0-site/s0/C2Data-2438-Type2;6001044.0000;TIMEOUT;1612715065.285890
/ndn/v5-site/v5/C2Data-4253-Type2;1911.0000;DATA;1612715071.764449
/ndn/d1-site/d1/C2Data-278-Type4;186215.0000;DATA;1612715071.648632
/ndn/v1-site/v1/C2Data-3769-Type2;46410.0000;DATA;1612715071.964903
/ndn/h3-site/h3/C2Data-381-Type2;58687.0000;DATA;1612715072.324161
/ndn/v5-site/v5/C2Data-4253-Type1;52534.0000;DATA;1612715073.227834
/ndn/s6-site/s6/C2Data-3164-Type2;6001176.0000;TIMEOUT;1612715069.001222
/ndn/d3-site/d3/C2Data-328-Type4;100049.0000;DATA;1612715074.954015
/ndn/s4-site/s4/C2Data-2922-Type1;6000920.0000;TIMEOUT;1612715069.634705
/ndn/v8-site/v8/C2Data-703-Type4;53713.0000;DATA;1612715081.539115
/ndn/s2-site/s2/C2Data-2680-Type1;6001538.0000;TIMEOUT;1612715075.739191
/ndn/s4-site/s4/C2Data-2922-Type2;6001954.0000;TIMEOUT;1612715076.463353
/ndn/d4-site/d4/C2Data-353-Type4;837.0000;DATA;1612715084.003160
/ndn/v2-site/v2/C2Data-154-Type6;30417.0000;DATA;1612715089.774122
/ndn/v6-site/v6/C2Data-2205-Type3;133709.0000;DATA;1612715091.012451
/ndn/v0-site/v0/C2Data-140-Type6;60563.0000;DATA;1612715095.110623
/ndn/h3-site/h3/C2Data-382-Type1;98852.0000;DATA;1612715095.269932
/ndn/v0-site/v0/C2Data-3649-Type2;55810.0000;DATA;1612715095.831560
/ndn/d7-site/d7/C2Data-222-Type5;1435.0000;DATA;1612715096.256148
/ndn/v4-site/v4/C2Data-4133-Type2;114343.0000;DATA;1612715097.936505
/ndn/h6-site/h6/C2Data-745-Type1;27405.0000;DATA;1612715099.469861
/ndn/s5-site/s5/C2Data-1534-Type3;6004897.0000;TIMEOUT;1612715094.123244
/ndn/v7-site/v7/C2Data-2266-Type3;1006.0000;DATA;1612715100.728933
