/ndn/d13-site/d13/C2Data-3388-Type2;166895.0000;DATA;1611605090.402988
/ndn/h1-site/h1/C2Data-121-Type2;171753.0000;DATA;1611605090.704929
/ndn/d8-site/d8/C2Data-2783-Type1;47931.0000;DATA;1611605093.455019
/ndn/v1-site/v1/C2Data-5566-Type1;443.0000;NACK;1611605093.811092
/ndn/s10-site/s10/C2Data-4840-Type1;542.0000;NACK;1611605093.893957
/ndn/v4-site/v4/C2Data-5929-Type1;528.0000;NACK;1611605094.921999
/ndn/v6-site/v6/C2Data-6171-Type2;547.0000;NACK;1611605095.644910
/ndn/h13-site/h13/C2Data-1573-Type2;48089.0000;DATA;1611605095.614916
/ndn/v2-site/v2/C2Data-5687-Type1;448.0000;NACK;1611605095.665920
/ndn/s1-site/s1/C2Data-3751-Type1;451.0000;DATA;1611605096.654014
/ndn/v5-site/v5/C2Data-6050-Type2;696.0000;NACK;1611605097.210957
/ndn/d13-site/d13/C2Data-3388-Type1;233260.0000;DATA;1611605097.179944
/ndn/v13-site/v13/C2Data-7018-Type1;572.0000;NACK;1611605098.239688
/ndn/d14-site/d14/C2Data-3509-Type1;55394.0000;DATA;1611605098.499927
/ndn/d7-site/d7/C2Data-2662-Type1;118671.0000;DATA;1611605098.575956
/ndn/s3-site/s3/C2Data-3993-Type2;24640.0000;NACK;1611605099.680912
/ndn/d6-site/d6/C2Data-2541-Type2;51182.0000;DATA;1611605100.144134
/ndn/v2-site/v2/C2Data-5688-Type1;150100.0000;DATA;1611605119.400086
/ndn/h11-site/h11/C2Data-671-Type3;26248.0000;DATA;1611605119.884035
/ndn/d14-site/d14/C2Data-3510-Type2;143970.0000;DATA;1611605120.449989
/ndn/d3-site/d3/C2Data-1098-Type3;143851.0000;DATA;1611605120.466938
/ndn/h10-site/h10/C2Data-610-Type3;46512.0000;DATA;1611605120.863989
/ndn/v14-site/v14/C2Data-3599-Type3;50161.0000;DATA;1611605121.179928
/ndn/v1-site/v1/C2Data-5567-Type1;232835.0000;DATA;1611605121.073992
/ndn/h3-site/h3/C2Data-183-Type3;573.0000;DATA;1611605121.539003
/ndn/h3-site/h3/C2Data-364-Type1;71625.0000;DATA;1611605121.826971
/ndn/s3-site/s3/C2Data-3994-Type2;95282.0000;DATA;1611605123.882980
/ndn/s4-site/s4/C2Data-2074-Type3;23645.0000;DATA;1611605124.419908
/ndn/v6-site/v6/C2Data-3111-Type3;86955.0000;NACK;1611605124.916027
/ndn/v2-site/v2/C2Data-2867-Type3;24893.0000;DATA;1611605126.855821
/ndn/d0-site/d0/C2Data-915-Type3;29273.0000;DATA;1611605126.892956
/ndn/h5-site/h5/C2Data-606-Type1;46986.0000;DATA;1611605127.108132
/ndn/d7-site/d7/C2Data-2663-Type1;121788.0000;DATA;1611605127.482075
/ndn/d9-site/d9/C2Data-1464-Type3;799.0000;DATA;1611605129.389956
/ndn/d8-site/d8/C2Data-2784-Type2;23968.0000;DATA;1611605130.383056
/ndn/v7-site/v7/C2Data-3172-Type3;633.0000;DATA;1611605131.214025
/ndn/s5-site/s5/C2Data-2135-Type3;604.0000;DATA;1611605131.477017
/ndn/s1-site/s1/C2Data-1891-Type3;781.0000;DATA;1611605132.527001
/ndn/s14-site/s14/C2Data-2684-Type3;23139.0000;DATA;1611605133.646917
/ndn/h13-site/h13/C2Data-793-Type3;25414.0000;DATA;1611605135.777981
/ndn/h4-site/h4/C2Data-244-Type3;28425.0000;DATA;1611605136.518206
/ndn/v3-site/v3/C2Data-5810-Type2;101223.0000;DATA;1611605149.242993
/ndn/v7-site/v7/C2Data-6294-Type2;209134.0000;DATA;1611605149.458950
/ndn/s12-site/s12/C2Data-5084-Type2;93070.0000;DATA;1611605149.651935
/ndn/s6-site/s6/C2Data-4358-Type1;168846.0000;DATA;1611605149.875017
/ndn/d4-site/d4/C2Data-2301-Type1;196808.0000;DATA;1611605152.513035
/ndn/h4-site/h4/C2Data-486-Type2;24849.0000;DATA;1611605152.878026
/ndn/v7-site/v7/C2Data-6294-Type1;27236.0000;DATA;1611605154.463993
/ndn/d0-site/d0/C2Data-1817-Type1;127452.0000;DATA;1611605154.493909
/ndn/v5-site/v5/C2Data-6052-Type2;117841.0000;DATA;1611605154.922982
/ndn/v9-site/v9/C2Data-6536-Type1;70519.0000;DATA;1611605155.646991
/ndn/s0-site/s0/C2Data-3632-Type1;23228.0000;DATA;1611605156.534922
/ndn/d10-site/d10/C2Data-3027-Type2;23558.0000;DATA;1611605156.597021
/ndn/v9-site/v9/C2Data-6536-Type2;31019.0000;DATA;1611605157.323993
/ndn/h5-site/h5/C2Data-607-Type1;50102.0000;DATA;1611605157.404941
/ndn/s2-site/s2/C2Data-3874-Type2;854.0000;DATA;1611605157.501034
/ndn/v5-site/v5/C2Data-6052-Type1;267865.0000;DATA;1611605157.477991
/ndn/h1-site/h1/C2Data-123-Type1;163380.0000;DATA;1611605157.662967
/ndn/v1-site/v1/C2Data-5568-Type1;25897.0000;DATA;1611605159.293951
/ndn/h2-site/h2/C2Data-244-Type2;706.0000;DATA;1611605160.310027
/ndn/v0-site/v0/C2Data-5447-Type2;144574.0000;DATA;1611605160.360081
/ndn/h3-site/h3/C2Data-184-Type3;240515.0000;DATA;1611605173.557938
/ndn/h0-site/h0/C2Data-1-Type3;695.0000;DATA;1611605175.476997
/ndn/v13-site/v13/C2Data-3539-Type3;47214.0000;DATA;1611605177.947203
/ndn/d5-site/d5/C2Data-1221-Type3;24551.0000;DATA;1611605179.458000
/ndn/v4-site/v4/C2Data-5932-Type1;23396.0000;DATA;1611605179.658590
/ndn/s2-site/s2/C2Data-1953-Type3;46113.0000;DATA;1611605181.127933
/ndn/s12-site/s12/C2Data-5085-Type1;24775.0000;DATA;1611605181.980963
/ndn/v3-site/v3/C2Data-5811-Type2;94521.0000;DATA;1611605181.951021
/ndn/d6-site/d6/C2Data-1282-Type3;23327.0000;DATA;1611605182.155961
/ndn/d9-site/d9/C2Data-2907-Type2;93375.0000;DATA;1611605182.208127
/ndn/s9-site/s9/C2Data-4722-Type1;72722.0000;DATA;1611605182.682617
/ndn/h1-site/h1/C2Data-62-Type3;175320.0000;DATA;1611605184.021012
/ndn/h14-site/h14/C2Data-855-Type3;526.0000;DATA;1611605184.297988
/ndn/s1-site/s1/C2Data-3754-Type1;74687.0000;DATA;1611605184.575583
/ndn/v8-site/v8/C2Data-3234-Type3;762.0000;DATA;1611605185.307960
/ndn/v5-site/v5/C2Data-6053-Type1;517.0000;DATA;1611605185.390007
/ndn/s3-site/s3/C2Data-3996-Type1;100132.0000;DATA;1611605185.653935
/ndn/v11-site/v11/C2Data-3417-Type3;851.0000;DATA;1611605186.089973
/ndn/v14-site/v14/C2Data-3600-Type3;47676.0000;DATA;1611605187.106006
/ndn/s14-site/s14/C2Data-5327-Type1;767.0000;DATA;1611605187.249009
/ndn/d0-site/d0/C2Data-916-Type3;49050.0000;DATA;1611605188.508957
/ndn/v7-site/v7/C2Data-6295-Type2;26155.0000;DATA;1611605189.138995
/ndn/h11-site/h11/C2Data-672-Type3;197036.0000;DATA;1611605189.027962
/ndn/d0-site/d0/C2Data-1818-Type1;576.0000;DATA;1611605190.500026
/ndn/s0-site/s0/C2Data-1831-Type3;49701.0000;DATA;1611605190.729996
/ndn/v13-site/v13/C2Data-7021-Type1;46759.0000;DATA;1611605190.956104
/ndn/s5-site/s5/C2Data-2136-Type3;731.0000;DATA;1611605191.093995
/ndn/h8-site/h8/C2Data-489-Type3;552.0000;DATA;1611605191.732005
/ndn/v4-site/v4/C2Data-850-Type4;72167.0000;DATA;1611605192.372969
/ndn/v6-site/v6/C2Data-900-Type4;27600.0000;DATA;1611605199.329940
/ndn/v5-site/v5/C2Data-875-Type4;180094.0000;DATA;1611605203.434003
/ndn/h14-site/h14/C2Data-1698-Type2;177774.0000;DATA;1611605209.443998
/ndn/v3-site/v3/C2Data-5812-Type1;47975.0000;DATA;1611605210.934999
/ndn/s13-site/s13/C2Data-5207-Type2;72377.0000;DATA;1611605212.947980
/ndn/s2-site/s2/C2Data-3876-Type2;49365.0000;DATA;1611605213.582958
/ndn/d4-site/d4/C2Data-2303-Type2;24443.0000;DATA;1611605213.619010
/ndn/v4-site/v4/C2Data-5933-Type1;123655.0000;DATA;1611605214.160082
/ndn/v8-site/v8/C2Data-6417-Type1;3186.0000;DATA;1611605215.168999
/ndn/s10-site/s10/C2Data-4844-Type1;610.0000;DATA;1611605216.254990
/ndn/s3-site/s3/C2Data-3997-Type1;23683.0000;DATA;1611605216.851017
/ndn/h0-site/h0/C2Data-0-Type4;586.0000;DATA;1611605218.162000
/ndn/v13-site/v13/C2Data-7022-Type2;591.0000;DATA;1611605218.919098
/ndn/s5-site/s5/C2Data-4239-Type1;24179.0000;DATA;1611605219.634691
/ndn/h0-site/h0/C2Data-4-Type2;741.0000;DATA;1611605219.953997
/ndn/v13-site/v13/C2Data-7022-Type1;124183.0000;DATA;1611605220.254952
/ndn/v7-site/v7/C2Data-925-Type4;705.0000;DATA;1611605224.894221
/ndn/h14-site/h14/C2Data-350-Type4;23822.0000;DATA;1611605227.173969
/ndn/h12-site/h12/C2Data-300-Type4;46304.0000;DATA;1611605238.076918
/ndn/v6-site/v6/C2Data-3113-Type3;92843.0000;DATA;1611605240.195916
/ndn/h3-site/h3/C2Data-368-Type2;74908.0000;DATA;1611605240.247018
/ndn/s14-site/s14/C2Data-5329-Type2;195159.0000;DATA;1611605240.341940
/ndn/h4-site/h4/C2Data-100-Type4;743.0000;DATA;1611605240.720975
/ndn/v4-site/v4/C2Data-2991-Type3;176183.0000;DATA;1611605240.611965
/ndn/h7-site/h7/C2Data-852-Type1;645.0000;DATA;1611605242.382003
/ndn/h11-site/h11/C2Data-1336-Type1;186745.0000;DATA;1611605242.733010
/ndn/h11-site/h11/C2Data-275-Type4;624.0000;DATA;1611605243.089919
/ndn/d9-site/d9/C2Data-1466-Type3;92167.0000;DATA;1611605243.773908
/ndn/d8-site/d8/C2Data-575-Type4;23577.0000;DATA;1611605243.959928
/ndn/s9-site/s9/C2Data-4724-Type2;695.0000;DATA;1611605244.169985
/ndn/d5-site/d5/C2Data-2425-Type1;24689.0000;DATA;1611605244.155122
/ndn/v9-site/v9/C2Data-6539-Type1;26204.0000;DATA;1611605244.535970
/ndn/h0-site/h0/C2Data-2-Type3;582.0000;DATA;1611605245.114002
/ndn/d0-site/d0/C2Data-1820-Type2;47958.0000;DATA;1611605245.135004
/ndn/v9-site/v9/C2Data-3296-Type3;24348.0000;DATA;1611605246.391001
/ndn/d1-site/d1/C2Data-978-Type3;777.0000;DATA;1611605246.674909
/ndn/s1-site/s1/C2Data-1893-Type3;618.0000;DATA;1611605246.855989
/ndn/d4-site/d4/C2Data-1161-Type3;600.0000;DATA;1611605247.714430
/ndn/h12-site/h12/C2Data-734-Type3;47134.0000;DATA;1611605248.730003
/ndn/v2-site/v2/C2Data-5692-Type1;150194.0000;DATA;1611605248.887001
/ndn/s13-site/s13/C2Data-5208-Type1;69624.0000;DATA;1611605249.146994
/ndn/d11-site/d11/C2Data-3151-Type1;194450.0000;DATA;1611605249.369926
/ndn/s8-site/s8/C2Data-4603-Type1;142841.0000;DATA;1611605249.440977
/ndn/h2-site/h2/C2Data-247-Type2;27246.0000;DATA;1611605249.643013
/ndn/v4-site/v4/C2Data-5934-Type2;24066.0000;DATA;1611605249.695103
/ndn/s2-site/s2/C2Data-1954-Type3;529.0000;DATA;1611605251.098022
/ndn/v10-site/v10/C2Data-3357-Type3;47925.0000;DATA;1611605252.176957
/ndn/s5-site/s5/C2Data-2137-Type3;26632.0000;DATA;1611605253.367026
/ndn/v7-site/v7/C2Data-3174-Type3;737.0000;DATA;1611605254.003002
/ndn/d13-site/d13/C2Data-1710-Type3;643.0000;DATA;1611605254.159802
/ndn/h2-site/h2/C2Data-248-Type1;214443.0000;DATA;1611605269.418916
/ndn/v6-site/v6/C2Data-6177-Type2;148172.0000;DATA;1611605270.077001
/ndn/d0-site/d0/C2Data-1821-Type1;173217.0000;DATA;1611605272.661997
/ndn/v5-site/v5/C2Data-6056-Type1;168423.0000;DATA;1611605272.844004
/ndn/h14-site/h14/C2Data-1700-Type1;142250.0000;DATA;1611605272.923018
/ndn/s6-site/s6/C2Data-4362-Type2;46023.0000;DATA;1611605273.853812
/ndn/d14-site/d14/C2Data-3515-Type2;167428.0000;DATA;1611605274.048014
/ndn/d2-site/d2/C2Data-2063-Type1;191327.0000;DATA;1611605274.696996
/ndn/s14-site/s14/C2Data-5330-Type2;47119.0000;DATA;1611605275.737979
/ndn/d2-site/d2/C2Data-2063-Type2;628.0000;DATA;1611605275.899990
/ndn/h12-site/h12/C2Data-1458-Type2;484.0000;DATA;1611605277.183994
/ndn/d5-site/d5/C2Data-2426-Type2;808.0000;DATA;1611605278.931019
/ndn/v3-site/v3/C2Data-2931-Type3;109130.0000;DATA;1611605296.962101
/ndn/h8-site/h8/C2Data-975-Type2;94485.0000;DATA;1611605301.315060
/ndn/d6-site/d6/C2Data-2548-Type1;145706.0000;DATA;1611605301.686001
/ndn/d8-site/d8/C2Data-1406-Type3;523.0000;DATA;1611605301.953108
/ndn/s11-site/s11/C2Data-4968-Type2;103383.0000;DATA;1611605302.184993
/ndn/s0-site/s0/C2Data-3637-Type2;120393.0000;DATA;1611605302.940936
/ndn/s7-site/s7/C2Data-4484-Type2;94381.0000;DATA;1611605303.321029
/ndn/s13-site/s13/C2Data-5210-Type2;70794.0000;DATA;1611605304.577022
/ndn/s6-site/s6/C2Data-2199-Type3;651.0000;DATA;1611605305.087916
