/ndn/d6-site/d6/C2Data-1936-Type2;131552.0000;DATA;1612719529.191904
/ndn/v2-site/v2/C2Data-3872-Type1;184674.0000;DATA;1612719530.817764
/ndn/s4-site/s4/C2Data-2904-Type2;155794.0000;DATA;1612719531.316003
/ndn/s7-site/s7/C2Data-3267-Type2;30689.0000;DATA;1612719533.836401
/ndn/h6-site/h6/C2Data-726-Type2;126665.0000;DATA;1612719533.800123
/ndn/v1-site/v1/C2Data-3751-Type2;65904.0000;DATA;1612719534.735399
/ndn/h6-site/h6/C2Data-726-Type1;105758.0000;DATA;1612719536.248281
/ndn/d2-site/d2/C2Data-1452-Type2;49618.0000;DATA;1612719536.805022
/ndn/d9-site/d9/C2Data-2299-Type1;98731.0000;DATA;1612719537.397647
/ndn/s9-site/s9/C2Data-3509-Type1;167275.0000;DATA;1612719537.341214
/ndn/h8-site/h8/C2Data-968-Type1;96368.0000;DATA;1612719537.757295
/ndn/d5-site/d5/C2Data-915-Type3;102605.0000;DATA;1612719552.395232
/ndn/v6-site/v6/C2Data-2196-Type3;263854.0000;DATA;1612719553.560359
/ndn/h6-site/h6/C2Data-366-Type3;101105.0000;DATA;1612719555.121783
/ndn/h4-site/h4/C2Data-244-Type3;51523.0000;DATA;1612719556.402877
/ndn/v2-site/v2/C2Data-1952-Type3;208376.0000;DATA;1612719558.814121
/ndn/d6-site/d6/C2Data-976-Type3;180779.0000;DATA;1612719558.831761
/ndn/v7-site/v7/C2Data-4478-Type2;35102.0000;DATA;1612719559.482572
/ndn/s8-site/s8/C2Data-1708-Type3;152724.0000;DATA;1612719559.930981
/ndn/d9-site/d9/C2Data-2300-Type1;102400.0000;DATA;1612719562.147304
/ndn/v8-site/v8/C2Data-2318-Type3;74215.0000;DATA;1612719562.583974
/ndn/d5-site/d5/C2Data-1816-Type2;102432.0000;DATA;1612719564.047818
/ndn/h8-site/h8/C2Data-969-Type2;106988.0000;DATA;1612719564.424224
/ndn/v5-site/v5/C2Data-4236-Type1;219051.0000;DATA;1612719565.041606
/ndn/v3-site/v3/C2Data-3994-Type2;84490.0000;DATA;1612719565.690164
/ndn/s0-site/s0/C2Data-2421-Type1;165906.0000;DATA;1612719566.441625
/ndn/h8-site/h8/C2Data-488-Type3;120857.0000;DATA;1612719573.981918
/ndn/v6-site/v6/C2Data-4358-Type1;151810.0000;DATA;1612719588.861242
/ndn/v9-site/v9/C2Data-4721-Type2;79170.0000;DATA;1612719590.410147
/ndn/s4-site/s4/C2Data-2906-Type1;157268.0000;DATA;1612719591.648506
/ndn/v2-site/v2/C2Data-3874-Type2;197444.0000;DATA;1612719591.880287
/ndn/v1-site/v1/C2Data-3753-Type2;48927.0000;DATA;1612719592.342335
/ndn/v5-site/v5/C2Data-4237-Type2;198106.0000;DATA;1612719596.094626
/ndn/h5-site/h5/C2Data-607-Type1;51121.0000;DATA;1612719596.603035
/ndn/v4-site/v4/C2Data-4116-Type2;265229.0000;DATA;1612719597.611308
/ndn/h3-site/h3/C2Data-184-Type3;151361.0000;DATA;1612719615.012098
/ndn/s8-site/s8/C2Data-1709-Type3;152538.0000;DATA;1612719615.220192
/ndn/d0-site/d0/C2Data-1213-Type1;121840.0000;DATA;1612719616.471327
/ndn/h3-site/h3/C2Data-366-Type2;124116.0000;DATA;1612719617.964211
/ndn/h5-site/h5/C2Data-306-Type3;51899.0000;DATA;1612719621.911054
/ndn/v2-site/v2/C2Data-550-Type4;188057.0000;DATA;1612719622.918347
/ndn/h0-site/h0/C2Data-3-Type2;74590.0000;DATA;1612719626.341574
/ndn/v3-site/v3/C2Data-575-Type4;71232.0000;DATA;1612719626.877028
/ndn/s4-site/s4/C2Data-1465-Type3;154908.0000;DATA;1612719626.829070
/ndn/s4-site/s4/C2Data-2907-Type2;187879.0000;DATA;1612719627.736661
/ndn/h2-site/h2/C2Data-50-Type4;160084.0000;DATA;1612719627.799998
/ndn/v7-site/v7/C2Data-4481-Type2;24843.0000;DATA;1612719648.412106
/ndn/v0-site/v0/C2Data-3634-Type2;25347.0000;DATA;1612719649.048447
/ndn/d5-site/d5/C2Data-1819-Type2;101712.0000;DATA;1612719649.279138
/ndn/h8-site/h8/C2Data-972-Type1;98376.0000;DATA;1612719654.046286
/ndn/h2-site/h2/C2Data-246-Type2;145977.0000;DATA;1612719654.900971
/ndn/v4-site/v4/C2Data-4118-Type2;212674.0000;DATA;1612719656.684298
/ndn/h5-site/h5/C2Data-609-Type2;52252.0000;DATA;1612719656.887515
/ndn/d8-site/d8/C2Data-2182-Type1;107164.0000;DATA;1612719656.881301
/ndn/s7-site/s7/C2Data-3271-Type2;6001685.0000;TIMEOUT;1612719654.585761
/ndn/h6-site/h6/C2Data-150-Type4;202999.0000;DATA;1612719662.643858
/ndn/h4-site/h4/C2Data-100-Type4;55881.0000;DATA;1612719664.075427
/ndn/v4-site/v4/C2Data-600-Type4;319665.0000;DATA;1612719669.447587
/ndn/v9-site/v9/C2Data-725-Type4;81601.0000;DATA;1612719671.812125
/ndn/h1-site/h1/C2Data-63-Type3;57450.0000;DATA;1612719673.885689
/ndn/v9-site/v9/C2Data-2381-Type3;80832.0000;DATA;1612719673.905062
/ndn/v2-site/v2/C2Data-1954-Type3;172671.0000;DATA;1612719674.939458
/ndn/v4-site/v4/C2Data-4119-Type1;197873.0000;DATA;1612719677.060362
/ndn/v3-site/v3/C2Data-3998-Type2;70455.0000;DATA;1612719677.838922
/ndn/h7-site/h7/C2Data-175-Type4;72177.0000;DATA;1612719677.862853
/ndn/v1-site/v1/C2Data-525-Type4;61715.0000;DATA;1612719678.594421
/ndn/h0-site/h0/C2Data-5-Type1;74462.0000;DATA;1612719678.815041
/ndn/d6-site/d6/C2Data-1941-Type1;139384.0000;DATA;1612719679.131460
/ndn/d5-site/d5/C2Data-917-Type3;112914.0000;DATA;1612719679.225769
/ndn/h9-site/h9/C2Data-1094-Type1;126022.0000;DATA;1612719679.276294
/ndn/v7-site/v7/C2Data-4482-Type2;26719.0000;DATA;1612719680.993076
/ndn/v2-site/v2/C2Data-3877-Type2;192196.0000;DATA;1612719683.079025
/ndn/h8-site/h8/C2Data-973-Type1;102306.0000;DATA;1612719684.366963
/ndn/v6-site/v6/C2Data-2198-Type3;150113.0000;DATA;1612719684.333681
/ndn/d1-site/d1/C2Data-1336-Type1;209812.0000;DATA;1612719684.723091
/ndn/s8-site/s8/C2Data-3393-Type1;6001573.0000;TIMEOUT;1612719679.617339
/ndn/v0-site/v0/C2Data-3635-Type2;25670.0000;DATA;1612719687.154996
/ndn/s5-site/s5/C2Data-1527-Type3;6001295.0000;TIMEOUT;1612719681.451524
/ndn/s7-site/s7/C2Data-3272-Type2;6012993.0000;TIMEOUT;1612719681.664536
/ndn/d7-site/d7/C2Data-2062-Type2;145804.0000;DATA;1612719687.762159
/ndn/h4-site/h4/C2Data-246-Type3;79131.0000;DATA;1612719688.149692
/ndn/s6-site/s6/C2Data-3151-Type1;6005352.0000;TIMEOUT;1612719682.903449
/ndn/s8-site/s8/C2Data-1710-Type3;6001408.0000;TIMEOUT;1612719693.981279
/ndn/v3-site/v3/C2Data-3999-Type1;74392.0000;DATA;1612719706.235417
/ndn/d8-site/d8/C2Data-2184-Type2;112891.0000;DATA;1612719707.130024
/ndn/h6-site/h6/C2Data-732-Type1;113714.0000;DATA;1612719707.590097
/ndn/d0-site/d0/C2Data-1216-Type2;146691.0000;DATA;1612719708.608033
/ndn/h9-site/h9/C2Data-1095-Type1;153089.0000;DATA;1612719708.668638
/ndn/v8-site/v8/C2Data-4604-Type1;154668.0000;DATA;1612719711.931695
/ndn/h3-site/h3/C2Data-369-Type2;120021.0000;DATA;1612719713.411195
/ndn/h9-site/h9/C2Data-1095-Type2;135207.0000;DATA;1612719714.914880
/ndn/v1-site/v1/C2Data-3757-Type2;53642.0000;DATA;1612719717.074723
/ndn/v3-site/v3/C2Data-3999-Type2;80255.0000;DATA;1612719717.117073
/ndn/h7-site/h7/C2Data-430-Type3;269190.0000;DATA;1612719734.973658
/ndn/v4-site/v4/C2Data-2077-Type3;314233.0000;DATA;1612719735.260813
/ndn/d5-site/d5/C2Data-1822-Type1;98420.0000;DATA;1612719739.372849
/ndn/v2-site/v2/C2Data-1955-Type3;229003.0000;DATA;1612719740.434512
/ndn/d6-site/d6/C2Data-979-Type3;120300.0000;DATA;1612719742.033898
/ndn/d8-site/d8/C2Data-1101-Type3;98578.0000;DATA;1612719744.283101
/ndn/d0-site/d0/C2Data-613-Type3;122975.0000;DATA;1612719745.566671
/ndn/d2-site/d2/C2Data-735-Type3;50341.0000;DATA;1612719745.938018
/ndn/d7-site/d7/C2Data-2064-Type2;159326.0000;DATA;1612719746.615066
/ndn/d7-site/d7/C2Data-2064-Type1;160985.0000;DATA;1612719746.845587
/ndn/h0-site/h0/C2Data-7-Type2;77218.0000;DATA;1612719747.211525
/ndn/s0-site/s0/C2Data-1223-Type3;6000594.0000;TIMEOUT;1612719741.463262
/ndn/d0-site/d0/C2Data-1218-Type1;148102.0000;DATA;1612719766.343421
/ndn/h2-site/h2/C2Data-250-Type1;145062.0000;DATA;1612719766.991030
/ndn/v9-site/v9/C2Data-4727-Type1;72182.0000;DATA;1612719767.996695
/ndn/d0-site/d0/C2Data-1218-Type2;137298.0000;DATA;1612719769.783689
/ndn/h3-site/h3/C2Data-371-Type1;126426.0000;DATA;1612719770.022138
/ndn/v0-site/v0/C2Data-260-Type5;26701.0000;DATA;1612719770.242134
/ndn/s4-site/s4/C2Data-2912-Type2;6001768.0000;TIMEOUT;1612719766.374035
/ndn/d8-site/d8/C2Data-2186-Type1;101387.0000;DATA;1612719773.282435
/ndn/s3-site/s3/C2Data-2791-Type1;6001153.0000;TIMEOUT;1612719769.503848
/ndn/v2-site/v2/C2Data-3880-Type2;168975.0000;DATA;1612719776.051075
/ndn/h1-site/h1/C2Data-129-Type1;69802.0000;DATA;1612719776.347693
/ndn/v6-site/v6/C2Data-4364-Type1;159074.0000;DATA;1612719776.349579
/ndn/v3-site/v3/C2Data-576-Type4;75163.0000;DATA;1612719777.093164
/ndn/s9-site/s9/C2Data-3517-Type1;6010886.0000;TIMEOUT;1612719776.276024
/ndn/s0-site/s0/C2Data-2428-Type2;6004935.0000;TIMEOUT;1612719777.058368
/ndn/h9-site/h9/C2Data-553-Type3;202168.0000;DATA;1612719790.356480
/ndn/h7-site/h7/C2Data-431-Type3;76005.0000;DATA;1612719793.082214
/ndn/h6-site/h6/C2Data-370-Type3;129102.0000;DATA;1612719794.064179
/ndn/h8-site/h8/C2Data-201-Type4;98179.0000;DATA;1612719795.753953
/ndn/d9-site/d9/C2Data-1163-Type3;97057.0000;DATA;1612719796.649245
/ndn/h2-site/h2/C2Data-26-Type5;145084.0000;DATA;1612719796.671910
/ndn/h3-site/h3/C2Data-187-Type3;119895.0000;DATA;1612719796.728000
/ndn/d9-site/d9/C2Data-476-Type4;100179.0000;DATA;1612719798.500034
/ndn/d6-site/d6/C2Data-980-Type3;120996.0000;DATA;1612719800.356045
/ndn/h3-site/h3/C2Data-372-Type1;140908.0000;DATA;1612719801.181641
/ndn/d2-site/d2/C2Data-301-Type4;48456.0000;DATA;1612719803.587082
/ndn/d8-site/d8/C2Data-2187-Type1;102178.0000;DATA;1612719803.912062
/ndn/v4-site/v4/C2Data-4123-Type2;199030.0000;DATA;1612719804.299076
/ndn/h5-site/h5/C2Data-309-Type3;58733.0000;DATA;1612719804.619477
/ndn/v6-site/v6/C2Data-4365-Type1;150890.0000;DATA;1612719804.507504
/ndn/s9-site/s9/C2Data-1773-Type3;6000388.0000;TIMEOUT;1612719803.183789
/ndn/s3-site/s3/C2Data-2792-Type1;6000930.0000;TIMEOUT;1612719803.335846
/ndn/s4-site/s4/C2Data-1468-Type3;6001421.0000;TIMEOUT;1612719803.390942
/ndn/d1-site/d1/C2Data-675-Type3;184437.0000;DATA;1612719814.104211
/ndn/s2-site/s2/C2Data-1346-Type3;6005523.0000;TIMEOUT;1612719812.028998
/ndn/h5-site/h5/C2Data-126-Type4;54079.0000;DATA;1612719826.297944
/ndn/d8-site/d8/C2Data-2188-Type1;100747.0000;DATA;1612719827.419923
/ndn/v3-site/v3/C2Data-299-Type5;76915.0000;DATA;1612719828.730127
/ndn/v0-site/v0/C2Data-3640-Type2;32938.0000;DATA;1612719828.984361
/ndn/v2-site/v2/C2Data-551-Type4;235259.0000;DATA;1612719830.533095
/ndn/d9-site/d9/C2Data-2309-Type1;104607.0000;DATA;1612719831.344612
/ndn/d2-site/d2/C2Data-1462-Type1;49612.0000;DATA;1612719831.808016
/ndn/h8-site/h8/C2Data-104-Type5;104249.0000;DATA;1612719832.622454
/ndn/v5-site/v5/C2Data-4245-Type2;209643.0000;DATA;1612719832.576749
/ndn/s7-site/s7/C2Data-3277-Type1;6000948.0000;TIMEOUT;1612719827.968060
/ndn/v4-site/v4/C2Data-4124-Type1;205492.0000;DATA;1612719834.624330
/ndn/s0-site/s0/C2Data-2430-Type2;6001585.0000;TIMEOUT;1612719829.785005
/ndn/s0-site/s0/C2Data-2430-Type1;6001154.0000;TIMEOUT;1612719830.085416
/ndn/s1-site/s1/C2Data-2551-Type2;6003950.0000;TIMEOUT;1612719830.774282
/ndn/v2-site/v2/C2Data-3882-Type1;186614.0000;DATA;1612719837.415862
/ndn/s9-site/s9/C2Data-3519-Type1;6003001.0000;TIMEOUT;1612719833.568994
/ndn/s5-site/s5/C2Data-3035-Type1;6022992.0000;TIMEOUT;1612719834.070052
/ndn/d9-site/d9/C2Data-247-Type5;282747.0000;DATA;1612719844.736799
/ndn/d8-site/d8/C2Data-2189-Type2;109783.0000;DATA;1612719857.836002
/ndn/v2-site/v2/C2Data-3883-Type1;228541.0000;DATA;1612719858.606671
/ndn/v6-site/v6/C2Data-4367-Type2;157552.0000;DATA;1612719859.806380
/ndn/s0-site/s0/C2Data-2431-Type1;6001567.0000;TIMEOUT;1612719858.781380
/ndn/s1-site/s1/C2Data-1286-Type3;6004466.0000;TIMEOUT;1612719860.915086
/ndn/h3-site/h3/C2Data-188-Type3;121626.0000;DATA;1612719869.428575
/ndn/s6-site/s6/C2Data-3157-Type1;6001886.0000;TIMEOUT;1612719864.407458
/ndn/d0-site/d0/C2Data-615-Type3;128087.0000;DATA;1612719870.330569
/ndn/s5-site/s5/C2Data-3036-Type1;6000358.0000;TIMEOUT;1612719865.032842
/ndn/s2-site/s2/C2Data-2673-Type2;6006056.0000;TIMEOUT;1612719866.624019
/ndn/d5-site/d5/C2Data-920-Type3;104762.0000;DATA;1612719873.476605
/ndn/d8-site/d8/C2Data-2190-Type1;100052.0000;DATA;1612719886.482652
/ndn/v0-site/v0/C2Data-3642-Type2;31610.0000;DATA;1612719890.905367
/ndn/v1-site/v1/C2Data-3763-Type1;53490.0000;DATA;1612719892.300064
/ndn/v2-site/v2/C2Data-3884-Type1;173803.0000;DATA;1612719892.260998
/ndn/d3-site/d3/C2Data-1585-Type1;171856.0000;DATA;1612719897.642796
/ndn/v2-site/v2/C2Data-3884-Type2;172611.0000;DATA;1612719898.018246
/ndn/s9-site/s9/C2Data-3521-Type1;6001361.0000;TIMEOUT;1612719896.243143
/ndn/s3-site/s3/C2Data-2795-Type1;6002387.0000;TIMEOUT;1612719897.966416
/ndn/h4-site/h4/C2Data-250-Type3;62464.0000;DATA;1612719911.487451
/ndn/d6-site/d6/C2Data-982-Type3;126313.0000;DATA;1612719914.598677
/ndn/s1-site/s1/C2Data-1287-Type3;6000415.0000;TIMEOUT;1612719910.302978
/ndn/h8-site/h8/C2Data-981-Type2;104209.0000;DATA;1612719916.234363
/ndn/s5-site/s5/C2Data-1531-Type3;6005258.0000;TIMEOUT;1612719910.908338
/ndn/v7-site/v7/C2Data-4490-Type2;29878.0000;DATA;1612719918.553056
/ndn/h2-site/h2/C2Data-128-Type3;159733.0000;DATA;1612719921.947341
/ndn/v5-site/v5/C2Data-4248-Type2;201978.0000;DATA;1612719922.006131
/ndn/d6-site/d6/C2Data-1949-Type1;140305.0000;DATA;1612719923.139051
/ndn/h6-site/h6/C2Data-739-Type2;103097.0000;DATA;1612719924.986519
/ndn/d3-site/d3/C2Data-1586-Type1;170271.0000;DATA;1612719925.086367
/ndn/s8-site/s8/C2Data-3401-Type1;6000784.0000;TIMEOUT;1612719919.315040
/ndn/v6-site/v6/C2Data-2202-Type3;167800.0000;DATA;1612719925.912173
/ndn/s8-site/s8/C2Data-3401-Type2;6000638.0000;TIMEOUT;1612719921.581005
/ndn/v2-site/v2/C2Data-3885-Type2;202788.0000;DATA;1612719928.050417
/ndn/s9-site/s9/C2Data-3522-Type2;6000561.0000;TIMEOUT;1612719923.730138
/ndn/d3-site/d3/C2Data-327-Type4;204021.0000;DATA;1612719930.225305
/ndn/h6-site/h6/C2Data-152-Type4;111914.0000;DATA;1612719930.477448
/ndn/s9-site/s9/C2Data-3522-Type1;6004695.0000;TIMEOUT;1612719926.447742
/ndn/s7-site/s7/C2Data-3280-Type2;6000544.0000;TIMEOUT;1612719927.169235
/ndn/s4-site/s4/C2Data-2917-Type1;6000613.0000;TIMEOUT;1612719927.750133
/ndn/d5-site/d5/C2Data-377-Type4;111837.0000;DATA;1612719948.005021
/ndn/h8-site/h8/C2Data-982-Type2;108373.0000;DATA;1612719950.742270
/ndn/v4-site/v4/C2Data-602-Type4;203749.0000;DATA;1612719952.579028
/ndn/d2-site/d2/C2Data-1466-Type2;53699.0000;DATA;1612719953.832979
/ndn/d7-site/d7/C2Data-427-Type4;149440.0000;DATA;1612719954.098429
/ndn/h1-site/h1/C2Data-135-Type1;50131.0000;DATA;1612719955.178116
/ndn/d1-site/d1/C2Data-1345-Type2;186514.0000;DATA;1612719957.496882
/ndn/v0-site/v0/C2Data-3644-Type1;30724.0000;DATA;1612719957.666630
/ndn/d7-site/d7/C2Data-1044-Type3;164151.0000;DATA;1612719974.377028
/ndn/h9-site/h9/C2Data-227-Type4;136308.0000;DATA;1612719976.737208
/ndn/s9-site/s9/C2Data-1776-Type3;6000689.0000;TIMEOUT;1612719970.932867
/ndn/h0-site/h0/C2Data-15-Type1;76957.0000;DATA;1612719979.691707
/ndn/v3-site/v3/C2Data-2020-Type3;73995.0000;DATA;1612719980.094059
/ndn/s2-site/s2/C2Data-1349-Type3;6009204.0000;TIMEOUT;1612719974.196609
/ndn/d3-site/d3/C2Data-1588-Type2;172947.0000;DATA;1612719981.004180
/ndn/h4-site/h4/C2Data-251-Type3;53963.0000;DATA;1612719982.649679
/ndn/v8-site/v8/C2Data-2325-Type3;75583.0000;DATA;1612719982.900088
/ndn/v9-site/v9/C2Data-4734-Type2;74533.0000;DATA;1612719982.971618
/ndn/h0-site/h0/C2Data-15-Type2;73763.0000;DATA;1612719986.010805
/ndn/v6-site/v6/C2Data-2203-Type3;158822.0000;DATA;1612719987.406484
/ndn/s9-site/s9/C2Data-3524-Type1;6000383.0000;TIMEOUT;1612719982.211151
/ndn/s0-site/s0/C2Data-2435-Type1;6001612.0000;TIMEOUT;1612719985.159851
/ndn/h9-site/h9/C2Data-556-Type3;126699.0000;DATA;1612719991.445164
/ndn/s4-site/s4/C2Data-1471-Type3;6003596.0000;TIMEOUT;1612719987.467020
/ndn/h7-site/h7/C2Data-863-Type2;88752.0000;DATA;1612720007.110518
/ndn/d8-site/d8/C2Data-2194-Type2;125794.0000;DATA;1612720007.654889
/ndn/v6-site/v6/C2Data-4372-Type1;148197.0000;DATA;1612720008.046079
/ndn/v4-site/v4/C2Data-4130-Type2;224485.0000;DATA;1612720008.407083
/ndn/h1-site/h1/C2Data-137-Type1;59700.0000;DATA;1612720011.495988
/ndn/s8-site/s8/C2Data-3404-Type2;6001683.0000;TIMEOUT;1612720011.207297
/ndn/s6-site/s6/C2Data-3162-Type2;6001362.0000;TIMEOUT;1612720011.637061
/ndn/s0-site/s0/C2Data-2436-Type2;6010532.0000;TIMEOUT;1612720012.365126
/ndn/v9-site/v9/C2Data-2387-Type3;72705.0000;DATA;1612720036.330539
/ndn/d8-site/d8/C2Data-2195-Type1;106771.0000;DATA;1612720036.375205
/ndn/v9-site/v9/C2Data-4736-Type1;82210.0000;DATA;1612720037.929444
/ndn/d9-site/d9/C2Data-2316-Type1;98456.0000;DATA;1612720039.247003
/ndn/v6-site/v6/C2Data-2204-Type3;141972.0000;DATA;1612720039.572286
/ndn/v2-site/v2/C2Data-1960-Type3;166452.0000;DATA;1612720039.583842
/ndn/v5-site/v5/C2Data-4252-Type1;93777.0000;DATA;1612720040.495769
/ndn/v8-site/v8/C2Data-2326-Type3;78468.0000;DATA;1612720041.172463
/ndn/s2-site/s2/C2Data-1350-Type3;6000673.0000;TIMEOUT;1612720035.711466
/ndn/v3-site/v3/C2Data-4010-Type1;74454.0000;DATA;1612720042.307215
/ndn/h3-site/h3/C2Data-380-Type1;119938.0000;DATA;1612720043.078939
/ndn/d7-site/d7/C2Data-222-Type5;144268.0000;DATA;1612720043.322416
/ndn/s2-site/s2/C2Data-2679-Type2;6000778.0000;TIMEOUT;1612720037.666588
/ndn/h1-site/h1/C2Data-138-Type1;51325.0000;DATA;1612720044.116652
/ndn/s7-site/s7/C2Data-3284-Type1;6001129.0000;TIMEOUT;1612720038.635795
/ndn/d7-site/d7/C2Data-2074-Type2;168903.0000;DATA;1612720045.287981
/ndn/s6-site/s6/C2Data-1594-Type3;6001731.0000;TIMEOUT;1612720040.298887
/ndn/s9-site/s9/C2Data-1777-Type3;6000669.0000;TIMEOUT;1612720040.493827
/ndn/v5-site/v5/C2Data-326-Type5;236239.0000;DATA;1612720046.311083
/ndn/d8-site/d8/C2Data-1106-Type3;98086.0000;DATA;1612720046.500916
/ndn/s5-site/s5/C2Data-3042-Type1;6000413.0000;TIMEOUT;1612720044.257458
/ndn/h3-site/h3/C2Data-191-Type3;140161.0000;DATA;1612720050.812299
/ndn/d3-site/d3/C2Data-801-Type3;184355.0000;DATA;1612720052.163005
/ndn/s1-site/s1/C2Data-1289-Type3;6000387.0000;TIMEOUT;1612720054.049061
/ndn/v7-site/v7/C2Data-189-Type6;28373.0000;DATA;1612720065.806042
/ndn/d6-site/d6/C2Data-1954-Type2;119823.0000;DATA;1612720066.698288
/ndn/v9-site/v9/C2Data-4737-Type1;85517.0000;DATA;1612720069.599117
/ndn/h3-site/h3/C2Data-40-Type5;135711.0000;DATA;1612720069.820453
/ndn/h5-site/h5/C2Data-623-Type1;52418.0000;DATA;1612720070.508003
/ndn/h8-site/h8/C2Data-986-Type2;117647.0000;DATA;1612720072.274712
/ndn/s5-site/s5/C2Data-3043-Type2;6000454.0000;TIMEOUT;1612720068.052724
/ndn/h3-site/h3/C2Data-381-Type2;133054.0000;DATA;1612720074.890416
/ndn/h2-site/h2/C2Data-260-Type1;159068.0000;DATA;1612720074.986005
/ndn/h5-site/h5/C2Data-623-Type2;48887.0000;DATA;1612720076.153864
/ndn/d2-site/d2/C2Data-1470-Type1;51491.0000;DATA;1612720077.019513
/ndn/s1-site/s1/C2Data-2559-Type2;6003700.0000;TIMEOUT;1612720072.228015
/ndn/v4-site/v4/C2Data-313-Type5;201384.0000;DATA;1612720078.220705
/ndn/v1-site/v1/C2Data-528-Type4;59370.0000;DATA;1612720078.970530
/ndn/d3-site/d3/C2Data-328-Type4;514959.0000;DATA;1612720079.757940
/ndn/s7-site/s7/C2Data-3285-Type1;6000987.0000;TIMEOUT;1612720074.668036
/ndn/v6-site/v6/C2Data-653-Type4;169635.0000;DATA;1612720083.505792
/ndn/h0-site/h0/C2Data-3-Type4;98575.0000;DATA;1612720089.114477
/ndn/d6-site/d6/C2Data-985-Type3;139776.0000;DATA;1612720090.351869
/ndn/d5-site/d5/C2Data-924-Type3;115721.0000;DATA;1612720092.086292
/ndn/h1-site/h1/C2Data-28-Type4;51645.0000;DATA;1612720093.097038
/ndn/v2-site/v2/C2Data-154-Type6;189826.0000;DATA;1612720093.438411
/ndn/v2-site/v2/C2Data-553-Type4;171212.0000;DATA;1612720093.700617
/ndn/h6-site/h6/C2Data-375-Type3;97848.0000;DATA;1612720094.407403
/ndn/v9-site/v9/C2Data-2388-Type3;72986.0000;DATA;1612720095.342178
/ndn/d7-site/d7/C2Data-2076-Type1;175076.0000;DATA;1612720096.503016
/ndn/h1-site/h1/C2Data-14-Type5;71844.0000;DATA;1612720096.628900
/ndn/v4-site/v4/C2Data-4133-Type1;204415.0000;DATA;1612720101.210032
/ndn/s1-site/s1/C2Data-2560-Type1;6000761.0000;TIMEOUT;1612720096.263029
