/ndn/h4-site/h4/C2Data-484-Type2;73118.0000;DATA;1612145589.218204
/ndn/d2-site/d2/C2Data-1452-Type1;26582.0000;DATA;1612145592.276548
/ndn/h3-site/h3/C2Data-363-Type1;116115.0000;DATA;1612145593.108279
/ndn/s6-site/s6/C2Data-3146-Type2;49432.0000;DATA;1612145594.713327
/ndn/s7-site/s7/C2Data-3267-Type2;33917.0000;DATA;1612145595.525317
/ndn/s2-site/s2/C2Data-2662-Type2;103023.0000;DATA;1612145595.741711
/ndn/s5-site/s5/C2Data-3025-Type1;152975.0000;DATA;1612145596.803892
/ndn/v0-site/v0/C2Data-3630-Type2;53828.0000;DATA;1612145597.376163
/ndn/d7-site/d7/C2Data-2057-Type2;122946.0000;DATA;1612145598.757504
/ndn/d7-site/d7/C2Data-1037-Type3;135893.0000;DATA;1612145614.036798
/ndn/v9-site/v9/C2Data-2379-Type3;54220.0000;DATA;1612145615.149266
/ndn/s5-site/s5/C2Data-1525-Type3;161768.0000;DATA;1612145615.337811
/ndn/s7-site/s7/C2Data-1647-Type3;28734.0000;DATA;1612145616.348544
/ndn/h1-site/h1/C2Data-122-Type1;92635.0000;DATA;1612145620.186268
/ndn/d1-site/d1/C2Data-671-Type3;72801.0000;DATA;1612145621.645091
/ndn/h9-site/h9/C2Data-1090-Type2;104036.0000;DATA;1612145622.246531
/ndn/v6-site/v6/C2Data-4357-Type1;100765.0000;DATA;1612145622.744605
/ndn/h1-site/h1/C2Data-122-Type2;74626.0000;DATA;1612145624.420641
/ndn/s0-site/s0/C2Data-2421-Type1;182007.0000;DATA;1612145624.815539
/ndn/v1-site/v1/C2Data-1891-Type3;74060.0000;DATA;1612145624.994265
/ndn/s8-site/s8/C2Data-1708-Type3;76209.0000;DATA;1612145625.167353
/ndn/h8-site/h8/C2Data-969-Type1;123386.0000;DATA;1612145625.525116
/ndn/s8-site/s8/C2Data-3389-Type2;156023.0000;DATA;1612145627.788529
/ndn/d7-site/d7/C2Data-2058-Type2;72541.0000;DATA;1612145628.851113
/ndn/d8-site/d8/C2Data-1098-Type3;80149.0000;DATA;1612145631.144674
/ndn/v8-site/v8/C2Data-2318-Type3;30364.0000;DATA;1612145633.693967
/ndn/s3-site/s3/C2Data-1403-Type3;25963.0000;DATA;1612145634.029127
/ndn/h4-site/h4/C2Data-486-Type2;88215.0000;DATA;1612145647.736565
/ndn/v9-site/v9/C2Data-4721-Type2;54155.0000;DATA;1612145648.680290
/ndn/h4-site/h4/C2Data-486-Type1;47579.0000;DATA;1612145651.788573
/ndn/d2-site/d2/C2Data-1454-Type1;30950.0000;DATA;1612145655.017225
/ndn/v8-site/v8/C2Data-4600-Type1;95059.0000;DATA;1612145655.112730
/ndn/d3-site/d3/C2Data-1575-Type2;192820.0000;DATA;1612145655.312295
/ndn/d0-site/d0/C2Data-1212-Type1;71491.0000;DATA;1612145655.574486
/ndn/d8-site/d8/C2Data-2180-Type2;72629.0000;DATA;1612145656.233321
/ndn/d3-site/d3/C2Data-1575-Type1;216623.0000;DATA;1612145657.181496
/ndn/s7-site/s7/C2Data-3269-Type1;24056.0000;DATA;1612145657.676544
/ndn/s2-site/s2/C2Data-1343-Type3;124595.0000;DATA;1612145671.741497
/ndn/h4-site/h4/C2Data-245-Type3;73687.0000;DATA;1612145672.365577
/ndn/d2-site/d2/C2Data-733-Type3;27336.0000;DATA;1612145678.913511
/ndn/h7-site/h7/C2Data-850-Type2;89162.0000;DATA;1612145679.522895
/ndn/s3-site/s3/C2Data-2786-Type2;218120.0000;DATA;1612145679.417489
/ndn/d7-site/d7/C2Data-2060-Type2;125202.0000;DATA;1612145681.952565
/ndn/s2-site/s2/C2Data-2665-Type1;123848.0000;DATA;1612145683.297590
