/ndn/h1-site/h1/C2Data-121-Type2;144470.0000;DATA;1611607420.227356
/ndn/h11-site/h11/C2Data-1331-Type1;129332.0000;DATA;1611607421.905754
/ndn/d14-site/d14/C2Data-3509-Type1;94556.0000;DATA;1611607422.517422
/ndn/d11-site/d11/C2Data-3146-Type2;152870.0000;DATA;1611607423.479365
/ndn/h4-site/h4/C2Data-484-Type2;120859.0000;DATA;1611607425.898369
/ndn/v12-site/v12/C2Data-6897-Type1;837.0000;NACK;1611607426.112375
/ndn/s13-site/s13/C2Data-5203-Type2;549.0000;NACK;1611607426.834403
/ndn/s1-site/s1/C2Data-3751-Type1;193018.0000;DATA;1611607427.267374
/ndn/v14-site/v14/C2Data-7139-Type1;725.0000;NACK;1611607430.359463
/ndn/s4-site/s4/C2Data-4114-Type1;24984.0000;DATA;1611607430.749417
/ndn/v7-site/v7/C2Data-3172-Type3;217395.0000;DATA;1611607447.287266
/ndn/s6-site/s6/C2Data-2196-Type3;120545.0000;DATA;1611607450.126346
/ndn/v4-site/v4/C2Data-2989-Type3;210852.0000;DATA;1611607450.472311
/ndn/h3-site/h3/C2Data-364-Type2;149278.0000;DATA;1611607450.957338
/ndn/d14-site/d14/C2Data-3510-Type2;96846.0000;DATA;1611607451.284323
/ndn/v1-site/v1/C2Data-5567-Type2;292420.0000;DATA;1611607451.696276
/ndn/s10-site/s10/C2Data-4841-Type1;23734.0000;DATA;1611607452.186335
/ndn/v9-site/v9/C2Data-6535-Type1;393.0000;NACK;1611607453.608343
/ndn/s12-site/s12/C2Data-5083-Type2;484.0000;NACK;1611607453.850314
/ndn/s7-site/s7/C2Data-2257-Type3;119746.0000;DATA;1611607454.088297
/ndn/d6-site/d6/C2Data-1281-Type3;257634.0000;DATA;1611607453.997266
/ndn/s13-site/s13/C2Data-5204-Type1;412.0000;NACK;1611607456.403310
/ndn/d3-site/d3/C2Data-1098-Type3;174983.0000;DATA;1611607456.248385
/ndn/v14-site/v14/C2Data-7140-Type2;646.0000;NACK;1611607456.483261
/ndn/s5-site/s5/C2Data-4236-Type2;46678.0000;DATA;1611607458.277343
/ndn/d8-site/d8/C2Data-2784-Type2;47783.0000;DATA;1611607458.391269
/ndn/v2-site/v2/C2Data-2867-Type3;51420.0000;DATA;1611607462.890257
/ndn/s14-site/s14/C2Data-2684-Type3;120480.0000;DATA;1611607467.220288
/ndn/h6-site/h6/C2Data-728-Type1;163158.0000;DATA;1611607481.552338
/ndn/s12-site/s12/C2Data-5084-Type1;118559.0000;DATA;1611607481.839275
/ndn/s8-site/s8/C2Data-4600-Type1;71122.0000;DATA;1611607482.370366
/ndn/h3-site/h3/C2Data-365-Type2;280781.0000;DATA;1611607482.619259
/ndn/v14-site/v14/C2Data-7141-Type2;151432.0000;DATA;1611607486.452256
/ndn/s6-site/s6/C2Data-4358-Type1;283032.0000;DATA;1611607487.679306
/ndn/v2-site/v2/C2Data-5689-Type2;242183.0000;DATA;1611607488.034339
/ndn/s1-site/s1/C2Data-3753-Type2;122995.0000;DATA;1611607490.005357
/ndn/v13-site/v13/C2Data-7020-Type1;96915.0000;DATA;1611607490.705074
/ndn/h0-site/h0/C2Data-1-Type3;173745.0000;DATA;1611607504.476301
/ndn/d12-site/d12/C2Data-1648-Type3;227040.0000;DATA;1611607504.948356
/ndn/d6-site/d6/C2Data-1282-Type3;270680.0000;DATA;1611607505.402320
/ndn/d10-site/d10/C2Data-1526-Type3;221059.0000;DATA;1611607506.114605
/ndn/d9-site/d9/C2Data-1465-Type3;233345.0000;DATA;1611607507.238325
/ndn/v11-site/v11/C2Data-3417-Type3;126935.0000;DATA;1611607507.689315
/ndn/h14-site/h14/C2Data-1697-Type1;47444.0000;DATA;1611607510.127309
/ndn/s11-site/s11/C2Data-4964-Type1;267313.0000;DATA;1611607510.446103
/ndn/d2-site/d2/C2Data-1038-Type3;142758.0000;DATA;1611607510.736299
/ndn/d5-site/d5/C2Data-1221-Type3;117806.0000;DATA;1611607510.964373
/ndn/h1-site/h1/C2Data-124-Type2;142335.0000;DATA;1611607511.538286
/ndn/s7-site/s7/C2Data-2258-Type3;125725.0000;DATA;1611607511.684258
/ndn/v8-site/v8/C2Data-6416-Type1;241003.0000;DATA;1611607511.788523
/ndn/s2-site/s2/C2Data-1953-Type3;70884.0000;DATA;1611607512.077334
/ndn/h6-site/h6/C2Data-729-Type2;217859.0000;DATA;1611607513.843400
/ndn/v8-site/v8/C2Data-3234-Type3;120780.0000;DATA;1611607513.941280
/ndn/s14-site/s14/C2Data-5327-Type2;121727.0000;DATA;1611607514.391273
/ndn/v14-site/v14/C2Data-3600-Type3;51706.0000;DATA;1611607515.153336
/ndn/d11-site/d11/C2Data-1587-Type3;117595.0000;DATA;1611607515.810388
/ndn/s9-site/s9/C2Data-4722-Type2;46410.0000;DATA;1611607517.076143
/ndn/v6-site/v6/C2Data-6174-Type2;117079.0000;DATA;1611607517.167292
/ndn/s11-site/s11/C2Data-2502-Type3;117105.0000;DATA;1611607517.975329
/ndn/d9-site/d9/C2Data-2907-Type1;217033.0000;DATA;1611607518.067321
/ndn/s3-site/s3/C2Data-3996-Type2;124363.0000;DATA;1611607518.230372
/ndn/v2-site/v2/C2Data-800-Type4;237194.0000;DATA;1611607518.671361
/ndn/s2-site/s2/C2Data-3875-Type1;48554.0000;DATA;1611607519.644309
/ndn/d5-site/d5/C2Data-2423-Type1;194490.0000;DATA;1611607520.132327
/ndn/v3-site/v3/C2Data-5811-Type1;144793.0000;DATA;1611607521.966321
/ndn/v1-site/v1/C2Data-775-Type4;52868.0000;DATA;1611607523.251335
/ndn/v2-site/v2/C2Data-2868-Type3;51898.0000;DATA;1611607526.043324
/ndn/s6-site/s6/C2Data-2197-Type3;46275.0000;DATA;1611607528.061417
/ndn/d4-site/d4/C2Data-475-Type4;151137.0000;DATA;1611607537.807342
/ndn/d12-site/d12/C2Data-675-Type4;55631.0000;DATA;1611607538.555084
/ndn/s12-site/s12/C2Data-5086-Type1;254689.0000;DATA;1611607540.482305
/ndn/v13-site/v13/C2Data-7022-Type1;92240.0000;DATA;1611607542.573349
/ndn/v3-site/v3/C2Data-5812-Type1;46394.0000;DATA;1611607542.785290
/ndn/h14-site/h14/C2Data-1698-Type1;46375.0000;DATA;1611607542.895341
/ndn/h13-site/h13/C2Data-1577-Type2;117332.0000;DATA;1611607543.044332
/ndn/s0-site/s0/C2Data-3634-Type1;163012.0000;DATA;1611607543.116296
/ndn/s2-site/s2/C2Data-3876-Type2;94235.0000;DATA;1611607543.654265
/ndn/d13-site/d13/C2Data-3392-Type1;118634.0000;DATA;1611607543.655260
/ndn/s8-site/s8/C2Data-4602-Type1;69930.0000;DATA;1611607544.707269
/ndn/v5-site/v5/C2Data-6054-Type2;235110.0000;DATA;1611607544.587162
/ndn/s0-site/s0/C2Data-3634-Type2;164891.0000;DATA;1611607545.065257
/ndn/v11-site/v11/C2Data-6780-Type2;46626.0000;DATA;1611607546.765268
/ndn/v14-site/v14/C2Data-7143-Type1;49520.0000;DATA;1611607547.276280
/ndn/h1-site/h1/C2Data-125-Type2;114873.0000;DATA;1611607547.727274
/ndn/d10-site/d10/C2Data-625-Type4;46337.0000;DATA;1611607548.013297
/ndn/h2-site/h2/C2Data-246-Type2;24429.0000;DATA;1611607548.362313
/ndn/s1-site/s1/C2Data-3755-Type1;294774.0000;DATA;1611607548.851312
/ndn/h2-site/h2/C2Data-246-Type1;23671.0000;DATA;1611607549.328302
/ndn/d12-site/d12/C2Data-3271-Type1;117023.0000;DATA;1611607549.509262
/ndn/d11-site/d11/C2Data-3150-Type2;96339.0000;DATA;1611607549.674274
/ndn/h13-site/h13/C2Data-1577-Type1;118528.0000;DATA;1611607550.045373
/ndn/s3-site/s3/C2Data-3997-Type1;48451.0000;DATA;1611607550.381321
/ndn/h5-site/h5/C2Data-125-Type4;115692.0000;DATA;1611607552.286904
/ndn/h14-site/h14/C2Data-350-Type4;63850.0000;DATA;1611607553.245818
/ndn/h2-site/h2/C2Data-50-Type4;26580.0000;DATA;1611607556.845373
/ndn/d8-site/d8/C2Data-575-Type4;52510.0000;DATA;1611607558.626314
/ndn/s9-site/s9/C2Data-2381-Type3;47274.0000;DATA;1611607568.494297
/ndn/d10-site/d10/C2Data-1527-Type3;227845.0000;DATA;1611607569.130295
/ndn/s3-site/s3/C2Data-2015-Type3;98328.0000;DATA;1611607570.856430
/ndn/d5-site/d5/C2Data-2425-Type1;192647.0000;DATA;1611607571.200322
/ndn/s3-site/s3/C2Data-3998-Type2;121770.0000;DATA;1611607571.647398
/ndn/d10-site/d10/C2Data-3030-Type1;217409.0000;DATA;1611607571.891357
/ndn/d14-site/d14/C2Data-725-Type4;73006.0000;DATA;1611607572.162422
/ndn/v6-site/v6/C2Data-6176-Type2;117562.0000;DATA;1611607573.214358
/ndn/s9-site/s9/C2Data-4724-Type2;117533.0000;DATA;1611607573.932332
/ndn/s4-site/s4/C2Data-4119-Type1;25999.0000;DATA;1611607575.982328
/ndn/d8-site/d8/C2Data-1405-Type3;49166.0000;DATA;1611607576.001297
/ndn/h1-site/h1/C2Data-126-Type1;144306.0000;DATA;1611607577.409328
/ndn/v10-site/v10/C2Data-6660-Type2;244260.0000;DATA;1611607578.037296
/ndn/s5-site/s5/C2Data-4240-Type2;51194.0000;DATA;1611607578.392273
/ndn/s4-site/s4/C2Data-2076-Type3;23255.0000;DATA;1611607578.575264
/ndn/s0-site/s0/C2Data-3635-Type2;143402.0000;DATA;1611607579.047290
/ndn/h0-site/h0/C2Data-2-Type3;123340.0000;DATA;1611607579.220330
/ndn/d5-site/d5/C2Data-2425-Type2;121101.0000;DATA;1611607580.325448
/ndn/d12-site/d12/C2Data-3272-Type2;49230.0000;DATA;1611607580.955324
/ndn/d9-site/d9/C2Data-1466-Type3;47209.0000;DATA;1611607581.196367
/ndn/h10-site/h10/C2Data-612-Type3;150792.0000;DATA;1611607581.791402
/ndn/h2-site/h2/C2Data-247-Type1;23808.0000;DATA;1611607582.056268
/ndn/v11-site/v11/C2Data-6781-Type2;118590.0000;DATA;1611607582.049420
/ndn/s10-site/s10/C2Data-2442-Type3;28906.0000;DATA;1611607585.461347
/ndn/h14-site/h14/C2Data-856-Type3;49335.0000;DATA;1611607586.127321
/ndn/v3-site/v3/C2Data-2930-Type3;49252.0000;DATA;1611607587.154342
/ndn/s0-site/s0/C2Data-1832-Type3;54416.0000;DATA;1611607588.068390
/ndn/s12-site/s12/C2Data-5088-Type2;261910.0000;DATA;1611607600.756294
/ndn/d12-site/d12/C2Data-3273-Type2;218364.0000;DATA;1611607602.168253
/ndn/d1-site/d1/C2Data-1942-Type2;47509.0000;DATA;1611607602.345288
/ndn/d3-site/d3/C2Data-2184-Type1;266116.0000;DATA;1611607602.879256
/ndn/v9-site/v9/C2Data-6540-Type1;249786.0000;DATA;1611607604.524395
/ndn/s8-site/s8/C2Data-4604-Type2;71413.0000;DATA;1611607605.063253
/ndn/v4-site/v4/C2Data-5935-Type2;211964.0000;DATA;1611607606.791301
/ndn/d2-site/d2/C2Data-2063-Type2;166343.0000;DATA;1611607607.561287
/ndn/s1-site/s1/C2Data-3757-Type2;116356.0000;DATA;1611607609.514367
/ndn/d9-site/d9/C2Data-2910-Type1;121794.0000;DATA;1611607610.141265
/ndn/s11-site/s11/C2Data-4967-Type2;272458.0000;DATA;1611607610.135333
/ndn/d14-site/d14/C2Data-3515-Type1;98067.0000;DATA;1611607610.757294
/ndn/s10-site/s10/C2Data-4846-Type2;25228.0000;DATA;1611607611.428366
/ndn/h1-site/h1/C2Data-127-Type2;149235.0000;DATA;1611607611.756277
/ndn/h4-site/h4/C2Data-247-Type3;218321.0000;DATA;1611607624.217361
/ndn/h8-site/h8/C2Data-491-Type3;199625.0000;DATA;1611607629.730314
/ndn/h13-site/h13/C2Data-796-Type3;49540.0000;DATA;1611607631.534323
/ndn/h0-site/h0/C2Data-3-Type3;116507.0000;DATA;1611607632.768333
/ndn/s3-site/s3/C2Data-4000-Type1;186351.0000;DATA;1611607633.347259
/ndn/v0-site/v0/C2Data-5452-Type2;162969.0000;DATA;1611607634.205363
/ndn/d1-site/d1/C2Data-979-Type3;49665.0000;DATA;1611607635.708326
