/ndn/s3-site/s3/C2Data-2783-Type1;254710.0000;DATA;1612145937.165762
/ndn/v6-site/v6/C2Data-4356-Type2;210146.0000;DATA;1612145940.015576
/ndn/s0-site/s0/C2Data-2420-Type1;166181.0000;DATA;1612145940.498777
/ndn/d3-site/d3/C2Data-1573-Type1;221272.0000;DATA;1612145945.845619
/ndn/s4-site/s4/C2Data-2904-Type1;95516.0000;DATA;1612145947.074493
/ndn/d9-site/d9/C2Data-1159-Type3;55816.0000;DATA;1612145962.202215
/ndn/v0-site/v0/C2Data-1830-Type3;114577.0000;DATA;1612145965.341241
/ndn/h9-site/h9/C2Data-1090-Type1;72693.0000;DATA;1612145969.094630
/ndn/h8-site/h8/C2Data-488-Type3;2342.0000;DATA;1612145970.957350
/ndn/d4-site/d4/C2Data-1695-Type2;1520.0000;DATA;1612145971.942068
/ndn/d9-site/d9/C2Data-2300-Type1;47444.0000;DATA;1612145971.968012
/ndn/d1-site/d1/C2Data-671-Type3;774.0000;DATA;1612145972.181891
/ndn/d4-site/d4/C2Data-854-Type3;26071.0000;DATA;1612145972.681938
/ndn/v8-site/v8/C2Data-4599-Type1;120493.0000;DATA;1612145972.871306
/ndn/h3-site/h3/C2Data-183-Type3;26495.0000;DATA;1612145974.200978
/ndn/h7-site/h7/C2Data-848-Type1;78621.0000;DATA;1612145974.485924
/ndn/v1-site/v1/C2Data-3752-Type2;147323.0000;DATA;1612145976.285709
/ndn/v4-site/v4/C2Data-4115-Type2;217016.0000;DATA;1612145977.299620
/ndn/s9-site/s9/C2Data-1769-Type3;71438.0000;DATA;1612145977.645248
/ndn/d6-site/d6/C2Data-976-Type3;30554.0000;DATA;1612145982.471798
/ndn/s0-site/s0/C2Data-1220-Type3;69867.0000;DATA;1612145984.215865
/ndn/d5-site/d5/C2Data-1817-Type2;53611.0000;DATA;1612145997.643958
/ndn/v8-site/v8/C2Data-4600-Type1;124622.0000;DATA;1612145997.559702
/ndn/v1-site/v1/C2Data-3753-Type1;97618.0000;DATA;1612146002.858070
/ndn/h1-site/h1/C2Data-123-Type2;24370.0000;DATA;1612146006.919707
/ndn/s3-site/s3/C2Data-2785-Type2;139601.0000;DATA;1612146008.150278
/ndn/s6-site/s6/C2Data-3149-Type2;24406.0000;DATA;1612146027.910430
/ndn/d5-site/d5/C2Data-1818-Type2;52701.0000;DATA;1612146028.014135
/ndn/s3-site/s3/C2Data-2786-Type1;196643.0000;DATA;1612146028.419708
/ndn/v0-site/v0/C2Data-1831-Type3;24154.0000;DATA;1612146028.635586
/ndn/v9-site/v9/C2Data-4722-Type1;35111.0000;DATA;1612146029.295878
/ndn/v3-site/v3/C2Data-3996-Type2;25033.0000;DATA;1612146029.362988
/ndn/d4-site/d4/C2Data-855-Type3;50584.0000;DATA;1612146029.949277
/ndn/s0-site/s0/C2Data-2423-Type2;184826.0000;DATA;1612146030.556980
/ndn/s9-site/s9/C2Data-3512-Type1;155303.0000;DATA;1612146030.682907
/ndn/v9-site/v9/C2Data-2380-Type3;30625.0000;DATA;1612146030.954915
/ndn/v3-site/v3/C2Data-3996-Type1;25468.0000;DATA;1612146031.567454
/ndn/d6-site/d6/C2Data-1939-Type2;101441.0000;DATA;1612146031.709580
