/ndn/v0-site/v0/C2Data-5445-Type1;697.0000;NACK;1611607421.204402
/ndn/d11-site/d11/C2Data-3146-Type2;49061.0000;DATA;1611607422.485366
/ndn/v8-site/v8/C2Data-6413-Type1;419.0000;NACK;1611607423.209357
/ndn/s1-site/s1/C2Data-3751-Type1;23475.0000;DATA;1611607425.075422
/ndn/d5-site/d5/C2Data-2420-Type2;24545.0000;DATA;1611607426.091044
/ndn/v9-site/v9/C2Data-6534-Type2;819.0000;NACK;1611607427.573395
/ndn/s11-site/s11/C2Data-4961-Type2;483.0000;NACK;1611607428.547334
/ndn/h1-site/h1/C2Data-121-Type1;24033.0000;DATA;1611607429.647292
/ndn/h3-site/h3/C2Data-183-Type3;196111.0000;DATA;1611607444.918341
/ndn/s6-site/s6/C2Data-2196-Type3;23534.0000;DATA;1611607449.237373
/ndn/s0-site/s0/C2Data-1830-Type3;69694.0000;DATA;1611607451.772474
/ndn/d3-site/d3/C2Data-2179-Type1;117638.0000;DATA;1611607453.010375
/ndn/s8-site/s8/C2Data-4599-Type1;74363.0000;DATA;1611607453.131950
/ndn/s11-site/s11/C2Data-4962-Type1;559.0000;NACK;1611607453.441381
/ndn/h1-site/h1/C2Data-122-Type2;23476.0000;DATA;1611607453.619424
/ndn/h10-site/h10/C2Data-610-Type3;24760.0000;DATA;1611607453.778387
/ndn/d3-site/d3/C2Data-1098-Type3;24683.0000;DATA;1611607454.927941
/ndn/v12-site/v12/C2Data-6898-Type2;633.0000;NACK;1611607455.352356
/ndn/h1-site/h1/C2Data-122-Type1;100051.0000;DATA;1611607455.679309
/ndn/d4-site/d4/C2Data-2300-Type2;69947.0000;DATA;1611607456.383306
/ndn/v2-site/v2/C2Data-5688-Type1;121061.0000;DATA;1611607456.468285
/ndn/d13-site/d13/C2Data-3389-Type2;26874.0000;DATA;1611607457.473326
/ndn/d1-site/d1/C2Data-1937-Type1;23559.0000;DATA;1611607457.839376
/ndn/h9-site/h9/C2Data-549-Type3;26602.0000;DATA;1611607457.916300
/ndn/h11-site/h11/C2Data-671-Type3;26130.0000;DATA;1611607458.040285
/ndn/v7-site/v7/C2Data-6293-Type1;120800.0000;DATA;1611607458.225413
/ndn/d13-site/d13/C2Data-1708-Type3;26073.0000;DATA;1611607460.106118
/ndn/d1-site/d1/C2Data-1937-Type2;24649.0000;DATA;1611607461.746318
/ndn/h4-site/h4/C2Data-244-Type3;24634.0000;DATA;1611607464.036381
/ndn/v8-site/v8/C2Data-3233-Type3;504.0000;NACK;1611607465.705373
/ndn/s14-site/s14/C2Data-5326-Type2;96078.0000;DATA;1611607481.087363
/ndn/d8-site/d8/C2Data-2785-Type2;149436.0000;DATA;1611607481.148323
/ndn/h2-site/h2/C2Data-244-Type2;23873.0000;DATA;1611607481.357523
/ndn/v12-site/v12/C2Data-6899-Type1;517.0000;NACK;1611607482.296879
/ndn/v10-site/v10/C2Data-6657-Type2;136865.0000;DATA;1611607482.767366
/ndn/s1-site/s1/C2Data-3753-Type2;150696.0000;DATA;1611607484.205281
/ndn/s13-site/s13/C2Data-5205-Type2;28423.0000;DATA;1611607486.176374
/ndn/v2-site/v2/C2Data-5689-Type1;132244.0000;DATA;1611607487.243320
/ndn/s8-site/s8/C2Data-4600-Type2;23483.0000;DATA;1611607487.854300
/ndn/d6-site/d6/C2Data-2543-Type1;117821.0000;DATA;1611607488.611340
/ndn/h12-site/h12/C2Data-733-Type3;145641.0000;DATA;1611607510.226399
/ndn/s13-site/s13/C2Data-5206-Type1;140554.0000;DATA;1611607511.064335
/ndn/s9-site/s9/C2Data-4722-Type1;24165.0000;DATA;1611607511.780430
/ndn/h7-site/h7/C2Data-428-Type3;23811.0000;DATA;1611607512.084282
/ndn/s13-site/s13/C2Data-5206-Type2;539.0000;DATA;1611607512.431335
/ndn/s5-site/s5/C2Data-4238-Type2;119898.0000;DATA;1611607513.437391
/ndn/d8-site/d8/C2Data-1404-Type3;95643.0000;DATA;1611607513.468390
/ndn/v9-site/v9/C2Data-6537-Type1;536.0000;DATA;1611607514.230380
/ndn/d14-site/d14/C2Data-3512-Type2;95943.0000;DATA;1611607515.312366
/ndn/v8-site/v8/C2Data-6416-Type1;93740.0000;DATA;1611607517.012322
/ndn/s5-site/s5/C2Data-4238-Type1;118522.0000;DATA;1611607517.039329
/ndn/s3-site/s3/C2Data-3996-Type2;497.0000;DATA;1611607517.708280
/ndn/v11-site/v11/C2Data-1025-Type4;98737.0000;DATA;1611607517.746307
/ndn/h2-site/h2/C2Data-245-Type2;70881.0000;DATA;1611607518.154313
/ndn/h12-site/h12/C2Data-1455-Type1;71701.0000;DATA;1611607519.774485
/ndn/s9-site/s9/C2Data-4722-Type2;23740.0000;DATA;1611607519.998331
/ndn/h12-site/h12/C2Data-1455-Type2;24973.0000;DATA;1611607520.028389
/ndn/v13-site/v13/C2Data-7021-Type1;25171.0000;DATA;1611607520.127406
/ndn/v8-site/v8/C2Data-3234-Type3;461.0000;DATA;1611607520.509276
/ndn/d0-site/d0/C2Data-916-Type3;23366.0000;DATA;1611607520.721458
/ndn/s3-site/s3/C2Data-3996-Type1;23839.0000;DATA;1611607520.927317
/ndn/s5-site/s5/C2Data-2136-Type3;23414.0000;DATA;1611607521.609387
/ndn/h8-site/h8/C2Data-489-Type3;24941.0000;DATA;1611607522.775285
/ndn/d1-site/d1/C2Data-977-Type3;27205.0000;DATA;1611607523.499390
/ndn/h4-site/h4/C2Data-100-Type4;26024.0000;DATA;1611607528.415379
/ndn/d13-site/d13/C2Data-3392-Type2;92318.0000;DATA;1611607540.505284
/ndn/s11-site/s11/C2Data-4965-Type1;115444.0000;DATA;1611607540.665290
/ndn/v11-site/v11/C2Data-6780-Type2;98043.0000;DATA;1611607541.142367
/ndn/v12-site/v12/C2Data-1050-Type4;140215.0000;DATA;1611607541.414316
/ndn/v7-site/v7/C2Data-6296-Type2;23578.0000;DATA;1611607542.123394
/ndn/h2-site/h2/C2Data-50-Type4;534.0000;DATA;1611607542.589299
/ndn/s0-site/s0/C2Data-3634-Type1;69602.0000;DATA;1611607543.112348
/ndn/h13-site/h13/C2Data-1577-Type1;25398.0000;DATA;1611607544.521401
/ndn/h8-site/h8/C2Data-972-Type1;74227.0000;DATA;1611607548.250321
/ndn/d14-site/d14/C2Data-725-Type4;23371.0000;DATA;1611607548.614479
/ndn/d12-site/d12/C2Data-3271-Type1;24604.0000;DATA;1611607550.019371
/ndn/s9-site/s9/C2Data-4723-Type2;25348.0000;DATA;1611607550.261359
/ndn/h1-site/h1/C2Data-25-Type4;23471.0000;DATA;1611607550.304405
/ndn/h6-site/h6/C2Data-730-Type1;72872.0000;DATA;1611607550.474289
/ndn/h14-site/h14/C2Data-1698-Type2;23996.0000;DATA;1611607550.695401
/ndn/h5-site/h5/C2Data-609-Type1;24650.0000;DATA;1611607551.745349
/ndn/d7-site/d7/C2Data-2666-Type2;23499.0000;DATA;1611607551.989398
/ndn/h2-site/h2/C2Data-246-Type1;75029.0000;DATA;1611607552.113376
/ndn/d11-site/d11/C2Data-650-Type4;23621.0000;DATA;1611607560.029394
/ndn/d0-site/d0/C2Data-375-Type4;25867.0000;DATA;1611607561.419329
/ndn/h12-site/h12/C2Data-734-Type3;70349.0000;DATA;1611607568.419264
/ndn/s4-site/s4/C2Data-2076-Type3;71270.0000;DATA;1611607568.893354
/ndn/h1-site/h1/C2Data-126-Type2;92446.0000;DATA;1611607570.586279
/ndn/s3-site/s3/C2Data-2015-Type3;542.0000;DATA;1611607571.297446
/ndn/d0-site/d0/C2Data-1820-Type2;153060.0000;DATA;1611607571.484297
/ndn/d2-site/d2/C2Data-2062-Type1;47353.0000;DATA;1611607573.090474
/ndn/v2-site/v2/C2Data-5692-Type1;100163.0000;DATA;1611607573.144100
/ndn/d7-site/d7/C2Data-2667-Type1;111692.0000;DATA;1611607573.143341
/ndn/v9-site/v9/C2Data-6539-Type2;675.0000;DATA;1611607575.476319
/ndn/d9-site/d9/C2Data-1466-Type3;25329.0000;DATA;1611607575.914274
/ndn/s12-site/s12/C2Data-5087-Type1;118852.0000;DATA;1611607576.724363
/ndn/d12-site/d12/C2Data-1649-Type3;163991.0000;DATA;1611607577.293347
/ndn/s5-site/s5/C2Data-4240-Type2;102087.0000;DATA;1611607577.591281
/ndn/h0-site/h0/C2Data-5-Type2;23359.0000;DATA;1611607578.166364
/ndn/d9-site/d9/C2Data-2909-Type2;73416.0000;DATA;1611607578.448297
/ndn/h12-site/h12/C2Data-1457-Type1;23917.0000;DATA;1611607578.867310
/ndn/v8-site/v8/C2Data-6418-Type1;23285.0000;DATA;1611607579.797359
/ndn/v1-site/v1/C2Data-5571-Type2;95136.0000;DATA;1611607579.988328
/ndn/s5-site/s5/C2Data-2137-Type3;24354.0000;DATA;1611607580.387385
/ndn/s12-site/s12/C2Data-5087-Type2;461.0000;DATA;1611607580.476288
/ndn/v6-site/v6/C2Data-3113-Type3;23504.0000;DATA;1611607580.814339
/ndn/h13-site/h13/C2Data-795-Type3;26825.0000;DATA;1611607584.135378
/ndn/h0-site/h0/C2Data-2-Type3;28032.0000;DATA;1611607584.994379
/ndn/v12-site/v12/C2Data-3479-Type3;23436.0000;DATA;1611607586.531363
/ndn/v9-site/v9/C2Data-6540-Type2;26461.0000;DATA;1611607602.587359
/ndn/d8-site/d8/C2Data-2789-Type1;202986.0000;DATA;1611607603.365449
/ndn/v1-site/v1/C2Data-5572-Type2;145776.0000;DATA;1611607603.575326
/ndn/d1-site/d1/C2Data-1942-Type1;73844.0000;DATA;1611607604.485296
/ndn/s9-site/s9/C2Data-4725-Type2;28666.0000;DATA;1611607605.952271
/ndn/h2-site/h2/C2Data-248-Type2;142054.0000;DATA;1611607608.166268
/ndn/d10-site/d10/C2Data-3031-Type2;23370.0000;DATA;1611607609.521274
/ndn/d10-site/d10/C2Data-3031-Type1;73517.0000;DATA;1611607609.474375
/ndn/d11-site/d11/C2Data-3152-Type1;100361.0000;DATA;1611607610.206376
/ndn/v8-site/v8/C2Data-6419-Type1;514.0000;DATA;1611607610.581259
/ndn/s13-site/s13/C2Data-5209-Type2;712.0000;DATA;1611607611.045720
/ndn/d4-site/d4/C2Data-2305-Type2;23479.0000;DATA;1611607611.263556
/ndn/v12-site/v12/C2Data-6903-Type1;25606.0000;DATA;1611607612.104346
/ndn/h1-site/h1/C2Data-64-Type3;24492.0000;DATA;1611607628.692316
/ndn/s13-site/s13/C2Data-5210-Type1;146958.0000;DATA;1611607630.144375
/ndn/d12-site/d12/C2Data-3274-Type1;145855.0000;DATA;1611607631.204288
/ndn/h2-site/h2/C2Data-249-Type2;143169.0000;DATA;1611607631.451376
/ndn/h13-site/h13/C2Data-796-Type3;27844.0000;DATA;1611607631.733378
/ndn/v4-site/v4/C2Data-5936-Type2;236593.0000;DATA;1611607631.926359
/ndn/s7-site/s7/C2Data-4484-Type2;95814.0000;DATA;1611607632.529508
/ndn/d5-site/d5/C2Data-1223-Type3;23370.0000;DATA;1611607632.940368
/ndn/s13-site/s13/C2Data-2626-Type3;24423.0000;DATA;1611607633.772332
/ndn/d14-site/d14/C2Data-3516-Type1;95994.0000;DATA;1611607633.730395
/ndn/v11-site/v11/C2Data-3419-Type3;23579.0000;DATA;1611607633.941326
/ndn/s6-site/s6/C2Data-2199-Type3;24582.0000;DATA;1611607635.329322
/ndn/d0-site/d0/C2Data-1822-Type1;120481.0000;DATA;1611607635.302390
/ndn/v0-site/v0/C2Data-5452-Type1;120558.0000;DATA;1611607635.616310
