/ndn/d7-site/d7/C2Data-2057-Type1;98654.0000;DATA;1612715358.590587
/ndn/d4-site/d4/C2Data-1694-Type1;96114.0000;DATA;1612715359.737115
/ndn/d3-site/d3/C2Data-1573-Type2;256070.0000;DATA;1612715360.390084
/ndn/h4-site/h4/C2Data-484-Type2;98806.0000;DATA;1612715362.269579
/ndn/v1-site/v1/C2Data-3751-Type2;145740.0000;DATA;1612715363.281687
/ndn/v8-site/v8/C2Data-4598-Type2;207429.0000;DATA;1612715364.181818
/ndn/h1-site/h1/C2Data-121-Type1;162656.0000;DATA;1612715364.891205
/ndn/v5-site/v5/C2Data-4235-Type1;289320.0000;DATA;1612715364.871025
/ndn/s7-site/s7/C2Data-3267-Type1;26191.0000;DATA;1612715366.525825
/ndn/h8-site/h8/C2Data-968-Type1;145605.0000;DATA;1612715367.291724
/ndn/s1-site/s1/C2Data-2541-Type1;25403.0000;DATA;1612715367.628571
/ndn/v6-site/v6/C2Data-4356-Type1;200217.0000;DATA;1612715367.655980
/ndn/d2-site/d2/C2Data-1452-Type1;51762.0000;DATA;1612715369.787012
/ndn/s9-site/s9/C2Data-1769-Type3;533141.0000;DATA;1612715383.031209
/ndn/h3-site/h3/C2Data-183-Type3;145172.0000;DATA;1612715384.409601
/ndn/d1-site/d1/C2Data-671-Type3;137485.0000;DATA;1612715385.449821
/ndn/h5-site/h5/C2Data-606-Type1;160193.0000;DATA;1612715388.735141
/ndn/h6-site/h6/C2Data-727-Type2;144184.0000;DATA;1612715389.376028
/ndn/h8-site/h8/C2Data-488-Type3;25555.0000;DATA;1612715392.001680
/ndn/v7-site/v7/C2Data-4478-Type1;76388.0000;DATA;1612715393.491590
/ndn/d4-site/d4/C2Data-1695-Type1;100999.0000;DATA;1612715393.706673
/ndn/v8-site/v8/C2Data-2318-Type3;148908.0000;DATA;1612715394.188316
/ndn/d9-site/d9/C2Data-1159-Type3;23793.0000;DATA;1612715394.769296
/ndn/h5-site/h5/C2Data-305-Type3;27788.0000;DATA;1612715397.650477
/ndn/d2-site/d2/C2Data-1453-Type2;48555.0000;DATA;1612715397.752268
/ndn/h4-site/h4/C2Data-244-Type3;101615.0000;DATA;1612715398.579642
/ndn/s0-site/s0/C2Data-1220-Type3;27966.0000;DATA;1612715403.651078
/ndn/v7-site/v7/C2Data-2257-Type3;51403.0000;DATA;1612715404.147526
/ndn/h9-site/h9/C2Data-549-Type3;31048.0000;DATA;1612715404.610003
/ndn/d9-site/d9/C2Data-2301-Type1;31988.0000;DATA;1612715419.739131
/ndn/h5-site/h5/C2Data-607-Type1;144272.0000;DATA;1612715420.143763
/ndn/s2-site/s2/C2Data-2664-Type2;194419.0000;DATA;1612715422.999578
/ndn/v9-site/v9/C2Data-4721-Type2;40137.0000;DATA;1612715424.702413
/ndn/v8-site/v8/C2Data-4600-Type2;173892.0000;DATA;1612715426.000723
/ndn/v7-site/v7/C2Data-4479-Type2;77064.0000;DATA;1612715426.374611
/ndn/s9-site/s9/C2Data-3511-Type2;238655.0000;DATA;1612715426.478105
/ndn/v6-site/v6/C2Data-4358-Type2;197901.0000;DATA;1612715427.214607
/ndn/d9-site/d9/C2Data-2301-Type2;31105.0000;DATA;1612715428.400136
/ndn/d6-site/d6/C2Data-1938-Type2;55215.0000;DATA;1612715428.506625
/ndn/v3-site/v3/C2Data-2014-Type3;535431.0000;DATA;1612715448.201295
/ndn/h4-site/h4/C2Data-245-Type3;27118.0000;DATA;1612715449.894948
/ndn/v4-site/v4/C2Data-4117-Type2;52657.0000;DATA;1612715452.440161
/ndn/s7-site/s7/C2Data-3270-Type2;69915.0000;DATA;1612715452.843683
/ndn/d3-site/d3/C2Data-1576-Type2;290916.0000;DATA;1612715455.709491
/ndn/s1-site/s1/C2Data-2544-Type2;739421.0000;DATA;1612715456.025093
/ndn/v4-site/v4/C2Data-600-Type4;273923.0000;DATA;1612715457.113353
/ndn/d2-site/d2/C2Data-733-Type3;53118.0000;DATA;1612715458.855548
/ndn/s7-site/s7/C2Data-3270-Type1;73260.0000;DATA;1612715459.128639
/ndn/h5-site/h5/C2Data-125-Type4;146473.0000;DATA;1612715459.617031
/ndn/v6-site/v6/C2Data-2197-Type3;23824.0000;DATA;1612715464.002806
/ndn/h0-site/h0/C2Data-1-Type3;27038.0000;DATA;1612715464.475624
/ndn/s1-site/s1/C2Data-1282-Type3;28434.0000;DATA;1612715465.039057
/ndn/s5-site/s5/C2Data-1526-Type3;25433.0000;DATA;1612715465.652205
/ndn/v9-site/v9/C2Data-725-Type4;27783.0000;DATA;1612715477.743270
/ndn/v9-site/v9/C2Data-4723-Type1;29463.0000;DATA;1612715478.909591
/ndn/v1-site/v1/C2Data-3755-Type1;163749.0000;DATA;1612715478.944376
/ndn/s7-site/s7/C2Data-3271-Type2;75974.0000;DATA;1612715480.774865
/ndn/d7-site/d7/C2Data-2061-Type2;108129.0000;DATA;1612715481.239261
/ndn/d1-site/d1/C2Data-1335-Type2;26374.0000;DATA;1612715481.363757
/ndn/d0-site/d0/C2Data-1214-Type2;226770.0000;DATA;1612715481.706573
/ndn/d3-site/d3/C2Data-1577-Type2;252584.0000;DATA;1612715482.347320
/ndn/s1-site/s1/C2Data-2545-Type1;227766.0000;DATA;1612715485.537568
/ndn/h4-site/h4/C2Data-100-Type4;148690.0000;DATA;1612715485.946583
/ndn/s0-site/s0/C2Data-2424-Type2;145495.0000;DATA;1612715489.136187
/ndn/h1-site/h1/C2Data-125-Type1;143204.0000;DATA;1612715489.723416
/ndn/d6-site/d6/C2Data-400-Type4;205773.0000;DATA;1612715492.273253
/ndn/h7-site/h7/C2Data-175-Type4;32986.0000;DATA;1612715493.405775
/ndn/d1-site/d1/C2Data-275-Type4;352559.0000;DATA;1612715498.474475
/ndn/d8-site/d8/C2Data-450-Type4;53293.0000;DATA;1612715499.140663
/ndn/v8-site/v8/C2Data-700-Type4;176644.0000;DATA;1612715506.885915
/ndn/h5-site/h5/C2Data-610-Type2;166934.0000;DATA;1612715509.150592
/ndn/v9-site/v9/C2Data-4724-Type1;26343.0000;DATA;1612715511.123050
/ndn/d2-site/d2/C2Data-1457-Type1;47352.0000;DATA;1612715511.237585
/ndn/h3-site/h3/C2Data-368-Type1;99231.0000;DATA;1612715511.280315
/ndn/d0-site/d0/C2Data-612-Type3;24375.0000;DATA;1612715513.101796
/ndn/h1-site/h1/C2Data-126-Type2;149701.0000;DATA;1612715513.489580
/ndn/d8-site/d8/C2Data-2183-Type1;50292.0000;DATA;1612715513.871208
/ndn/h2-site/h2/C2Data-124-Type3;24909.0000;DATA;1612715514.734587
/ndn/d7-site/d7/C2Data-2062-Type1;96378.0000;DATA;1612715518.012427
/ndn/d2-site/d2/C2Data-1457-Type2;50180.0000;DATA;1612715518.049028
/ndn/s6-site/s6/C2Data-3151-Type2;49728.0000;DATA;1612715519.928598
/ndn/s1-site/s1/C2Data-2546-Type1;25208.0000;DATA;1612715520.273550
/ndn/s7-site/s7/C2Data-3272-Type2;50133.0000;DATA;1612715520.301572
/ndn/v0-site/v0/C2Data-1832-Type3;125069.0000;DATA;1612715521.692852
/ndn/s4-site/s4/C2Data-1466-Type3;29641.0000;DATA;1612715524.939970
/ndn/s8-site/s8/C2Data-1710-Type3;29158.0000;DATA;1612715525.552225
/ndn/v9-site/v9/C2Data-4725-Type2;25150.0000;DATA;1612715539.439182
/ndn/s2-site/s2/C2Data-2668-Type1;209301.0000;DATA;1612715540.000329
/ndn/v6-site/v6/C2Data-4362-Type1;202194.0000;DATA;1612715540.854123
/ndn/v1-site/v1/C2Data-3757-Type2;171611.0000;DATA;1612715543.168031
/ndn/h2-site/h2/C2Data-248-Type1;174888.0000;DATA;1612715544.023181
/ndn/v8-site/v8/C2Data-4604-Type2;178957.0000;DATA;1612715546.327632
/ndn/h0-site/h0/C2Data-6-Type2;32134.0000;DATA;1612715549.861288
/ndn/s6-site/s6/C2Data-1589-Type3;60003.0000;DATA;1612715563.079536
/ndn/v3-site/v3/C2Data-2016-Type3;54818.0000;DATA;1612715564.808113
/ndn/h4-site/h4/C2Data-247-Type3;157578.0000;DATA;1612715565.255576
/ndn/d7-site/d7/C2Data-1040-Type3;31080.0000;DATA;1612715568.286780
/ndn/s5-site/s5/C2Data-1528-Type3;125147.0000;DATA;1612715569.647156
/ndn/s7-site/s7/C2Data-3274-Type1;51391.0000;DATA;1612715570.429172
/ndn/v3-site/v3/C2Data-4000-Type2;26790.0000;DATA;1612715570.523660
/ndn/s4-site/s4/C2Data-1467-Type3;111087.0000;DATA;1612715570.709903
/ndn/d7-site/d7/C2Data-2064-Type2;50636.0000;DATA;1612715574.347939
/ndn/h5-site/h5/C2Data-308-Type3;148886.0000;DATA;1612715574.968539
/ndn/h5-site/h5/C2Data-612-Type2;50659.0000;DATA;1612715575.744252
/ndn/v1-site/v1/C2Data-1894-Type3;55485.0000;DATA;1612715575.837368
/ndn/d8-site/d8/C2Data-2185-Type2;27300.0000;DATA;1612715576.844559
/ndn/v9-site/v9/C2Data-4726-Type1;33470.0000;DATA;1612715577.422856
/ndn/v3-site/v3/C2Data-4000-Type1;29087.0000;DATA;1612715578.663056
/ndn/d3-site/d3/C2Data-1580-Type1;118172.0000;DATA;1612715578.730835
/ndn/d1-site/d1/C2Data-1338-Type2;63239.0000;DATA;1612715580.238603
/ndn/d9-site/d9/C2Data-1162-Type3;24281.0000;DATA;1612715580.498726
/ndn/h2-site/h2/C2Data-125-Type3;202851.0000;DATA;1612715580.909394
/ndn/s3-site/s3/C2Data-1406-Type3;129089.0000;DATA;1612715582.042370
/ndn/d1-site/d1/C2Data-143-Type5;107853.0000;DATA;1612715582.552752
/ndn/h6-site/h6/C2Data-369-Type3;99725.0000;DATA;1612715585.185376
/ndn/v5-site/v5/C2Data-2138-Type3;123767.0000;DATA;1612715585.741206
/ndn/d0-site/d0/C2Data-130-Type5;265975.0000;DATA;1612715596.398363
/ndn/d1-site/d1/C2Data-1339-Type2;121622.0000;DATA;1612715599.472546
/ndn/s5-site/s5/C2Data-3033-Type1;222135.0000;DATA;1612715601.310452
/ndn/s2-site/s2/C2Data-2670-Type1;256941.0000;DATA;1612715602.200825
/ndn/h2-site/h2/C2Data-250-Type1;228495.0000;DATA;1612715602.378993
/ndn/d9-site/d9/C2Data-2307-Type1;31089.0000;DATA;1612715604.107371
/ndn/s2-site/s2/C2Data-2670-Type2;25010.0000;DATA;1612715604.424490
/ndn/h4-site/h4/C2Data-492-Type1;141708.0000;DATA;1612715605.445692
/ndn/d2-site/d2/C2Data-156-Type5;63953.0000;DATA;1612715610.775389
/ndn/v4-site/v4/C2Data-601-Type4;321686.0000;DATA;1612715614.783923
/ndn/v9-site/v9/C2Data-377-Type5;27777.0000;DATA;1612715617.991654
/ndn/d3-site/d3/C2Data-326-Type4;49526.0000;DATA;1612715618.269183
/ndn/h8-site/h8/C2Data-104-Type5;69460.0000;DATA;1612715618.507668
/ndn/h8-site/h8/C2Data-201-Type4;63876.0000;DATA;1612715618.723106
/ndn/h0-site/h0/C2Data-0-Type5;28245.0000;DATA;1612715622.429805
/ndn/v0-site/v0/C2Data-1834-Type3;121398.0000;DATA;1612715625.565537
/ndn/h5-site/h5/C2Data-309-Type3;27371.0000;DATA;1612715629.747131
/ndn/v0-site/v0/C2Data-501-Type4;24984.0000;DATA;1612715630.534305
/ndn/v1-site/v1/C2Data-3760-Type2;147769.0000;DATA;1612715631.103861
/ndn/d3-site/d3/C2Data-1582-Type1;28176.0000;DATA;1612715633.234779
/ndn/h7-site/h7/C2Data-431-Type3;98258.0000;DATA;1612715633.845764
/ndn/d7-site/d7/C2Data-1041-Type3;26527.0000;DATA;1612715634.557856
/ndn/s5-site/s5/C2Data-3034-Type1;239503.0000;DATA;1612715634.590649
/ndn/d2-site/d2/C2Data-736-Type3;52464.0000;DATA;1612715634.903419
/ndn/s6-site/s6/C2Data-3155-Type1;49574.0000;DATA;1612715635.749331
/ndn/h4-site/h4/C2Data-493-Type1;146719.0000;DATA;1612715636.498784
/ndn/d6-site/d6/C2Data-1945-Type2;30333.0000;DATA;1612715637.590391
/ndn/s8-site/s8/C2Data-1712-Type3;49910.0000;DATA;1612715637.982886
/ndn/d6-site/d6/C2Data-980-Type3;97573.0000;DATA;1612715637.936535
/ndn/h1-site/h1/C2Data-26-Type4;142099.0000;DATA;1612715638.045739
/ndn/v2-site/v2/C2Data-3881-Type1;131406.0000;DATA;1612715638.843101
/ndn/v9-site/v9/C2Data-726-Type4;24866.0000;DATA;1612715639.992615
/ndn/d0-site/d0/C2Data-251-Type4;136052.0000;DATA;1612715640.218887
/ndn/h9-site/h9/C2Data-553-Type3;49659.0000;DATA;1612715645.040184
/ndn/d8-site/d8/C2Data-234-Type5;57736.0000;DATA;1612715647.685084
/ndn/h2-site/h2/C2Data-51-Type4;100656.0000;DATA;1612715654.723497
/ndn/v1-site/v1/C2Data-3761-Type2;155074.0000;DATA;1612715659.534356
/ndn/v0-site/v0/C2Data-3640-Type2;100835.0000;DATA;1612715661.197728
/ndn/d9-site/d9/C2Data-476-Type4;25199.0000;DATA;1612715663.084560
/ndn/d7-site/d7/C2Data-2067-Type2;26218.0000;DATA;1612715665.094269
/ndn/h5-site/h5/C2Data-615-Type2;57143.0000;DATA;1612715666.793340
/ndn/v9-site/v9/C2Data-4729-Type1;25373.0000;DATA;1612715667.639113
/ndn/d4-site/d4/C2Data-1704-Type1;101575.0000;DATA;1612715667.867833
/ndn/s9-site/s9/C2Data-3519-Type1;27188.0000;DATA;1612715668.134531
/ndn/s7-site/s7/C2Data-3277-Type2;73498.0000;DATA;1612715670.259482
/ndn/h7-site/h7/C2Data-432-Type3;316132.0000;DATA;1612715683.884157
/ndn/d3-site/d3/C2Data-798-Type3;253102.0000;DATA;1612715688.431613
/ndn/h0-site/h0/C2Data-11-Type1;50107.0000;DATA;1612715689.802888
/ndn/d8-site/d8/C2Data-2189-Type2;66745.0000;DATA;1612715691.712438
/ndn/v5-site/v5/C2Data-4246-Type1;241452.0000;DATA;1612715691.894871
/ndn/d8-site/d8/C2Data-2189-Type1;49303.0000;DATA;1612715697.134528
/ndn/d7-site/d7/C2Data-1042-Type3;38808.0000;DATA;1612715697.175834
/ndn/v4-site/v4/C2Data-4125-Type1;280873.0000;DATA;1612715698.051606
/ndn/s2-site/s2/C2Data-1347-Type3;26602.0000;DATA;1612715700.518763
/ndn/d6-site/d6/C2Data-981-Type3;52353.0000;DATA;1612715702.903649
/ndn/s6-site/s6/C2Data-1591-Type3;67401.0000;DATA;1612715703.240768
/ndn/v0-site/v0/C2Data-1835-Type3;50801.0000;DATA;1612715703.477928
/ndn/d2-site/d2/C2Data-1464-Type2;50385.0000;DATA;1612715718.797495
/ndn/d9-site/d9/C2Data-2311-Type2;25536.0000;DATA;1612715719.613698
/ndn/h3-site/h3/C2Data-375-Type2;259307.0000;DATA;1612715719.710330
/ndn/s8-site/s8/C2Data-3400-Type2;153427.0000;DATA;1612715723.510008
/ndn/s6-site/s6/C2Data-3158-Type2;25645.0000;DATA;1612715723.835564
/ndn/s5-site/s5/C2Data-3037-Type2;189580.0000;DATA;1612715726.333186
/ndn/d2-site/d2/C2Data-1464-Type1;53747.0000;DATA;1612715728.305616
/ndn/s3-site/s3/C2Data-2795-Type2;6000717.0000;TIMEOUT;1612715722.684024
/ndn/d8-site/d8/C2Data-2190-Type1;50858.0000;DATA;1612715730.131869
/ndn/h9-site/h9/C2Data-1101-Type2;48109.0000;DATA;1612715730.214370
/ndn/h7-site/h7/C2Data-433-Type3;174446.0000;DATA;1612715746.805382
/ndn/s0-site/s0/C2Data-1226-Type3;199590.0000;DATA;1612715747.362807
/ndn/v6-site/v6/C2Data-2202-Type3;212042.0000;DATA;1612715748.020616
/ndn/d4-site/d4/C2Data-860-Type3;95931.0000;DATA;1612715748.455830
/ndn/d8-site/d8/C2Data-2191-Type2;51478.0000;DATA;1612715749.393385
/ndn/v2-site/v2/C2Data-3885-Type2;49349.0000;DATA;1612715751.525716
/ndn/d4-site/d4/C2Data-1707-Type2;100428.0000;DATA;1612715751.875843
/ndn/d2-site/d2/C2Data-1465-Type2;51550.0000;DATA;1612715752.012094
/ndn/s2-site/s2/C2Data-1348-Type3;180632.0000;DATA;1612715752.887237
/ndn/v2-site/v2/C2Data-3885-Type1;120056.0000;DATA;1612715754.463651
/ndn/d9-site/d9/C2Data-2312-Type2;29417.0000;DATA;1612715755.691939
/ndn/s2-site/s2/C2Data-2675-Type1;6000931.0000;TIMEOUT;1612715750.659300
/ndn/s5-site/s5/C2Data-1531-Type3;6000422.0000;TIMEOUT;1612715751.487883
/ndn/v0-site/v0/C2Data-3643-Type1;124362.0000;DATA;1612715758.691598
/ndn/v1-site/v1/C2Data-3764-Type2;171504.0000;DATA;1612715759.577321
/ndn/v0-site/v0/C2Data-1836-Type3;122416.0000;DATA;1612715759.880568
/ndn/v3-site/v3/C2Data-4006-Type1;26121.0000;DATA;1612715760.331650
/ndn/s2-site/s2/C2Data-2675-Type2;6009144.0000;TIMEOUT;1612715755.103745
/ndn/s6-site/s6/C2Data-3159-Type2;6000641.0000;TIMEOUT;1612715755.126721
/ndn/s8-site/s8/C2Data-3401-Type1;6001279.0000;TIMEOUT;1612715755.388418
/ndn/s8-site/s8/C2Data-3401-Type2;6002102.0000;TIMEOUT;1612715755.909701
/ndn/s1-site/s1/C2Data-1287-Type3;6033055.0000;TIMEOUT;1612715756.690789
/ndn/d8-site/d8/C2Data-452-Type4;64076.0000;DATA;1612715770.013097
/ndn/d6-site/d6/C2Data-402-Type4;30611.0000;DATA;1612715770.202821
/ndn/s7-site/s7/C2Data-1653-Type3;6000833.0000;TIMEOUT;1612715764.817335
/ndn/s4-site/s4/C2Data-1470-Type3;6001466.0000;TIMEOUT;1612715765.257707
/ndn/v4-site/v4/C2Data-602-Type4;496448.0000;DATA;1612715771.645881
/ndn/v7-site/v7/C2Data-4491-Type2;100055.0000;DATA;1612715778.980978
/ndn/d7-site/d7/C2Data-2071-Type1;139293.0000;DATA;1612715780.521839
/ndn/v6-site/v6/C2Data-4370-Type1;226559.0000;DATA;1612715781.337795
/ndn/d3-site/d3/C2Data-1587-Type2;244644.0000;DATA;1612715781.580067
/ndn/d0-site/d0/C2Data-252-Type4;261582.0000;DATA;1612715782.026665
/ndn/d2-site/d2/C2Data-1466-Type1;65080.0000;DATA;1612715782.539836
/ndn/v6-site/v6/C2Data-652-Type4;50468.0000;DATA;1612715782.625607
/ndn/d1-site/d1/C2Data-1345-Type1;138392.0000;DATA;1612715788.862202
/ndn/s4-site/s4/C2Data-2918-Type2;6002129.0000;TIMEOUT;1612715784.811174
/ndn/h9-site/h9/C2Data-227-Type4;24237.0000;DATA;1612715799.855604
/ndn/d9-site/d9/C2Data-2314-Type1;26364.0000;DATA;1612715809.668515
/ndn/h4-site/h4/C2Data-251-Type3;149133.0000;DATA;1612715810.916505
/ndn/v9-site/v9/C2Data-4734-Type2;24463.0000;DATA;1612715811.607628
/ndn/v1-site/v1/C2Data-3766-Type1;149742.0000;DATA;1612715811.538479
/ndn/h7-site/h7/C2Data-862-Type1;170733.0000;DATA;1612715811.638566
/ndn/h6-site/h6/C2Data-741-Type2;196534.0000;DATA;1612715813.652867
/ndn/h5-site/h5/C2Data-620-Type2;164844.0000;DATA;1612715814.913886
/ndn/h3-site/h3/C2Data-378-Type1;184086.0000;DATA;1612715816.042934
/ndn/v6-site/v6/C2Data-2203-Type3;31902.0000;DATA;1612715816.649656
/ndn/h1-site/h1/C2Data-68-Type3;29513.0000;DATA;1612715816.638663
/ndn/s5-site/s5/C2Data-1532-Type3;6004760.0000;TIMEOUT;1612715811.308365
/ndn/h8-site/h8/C2Data-983-Type1;203428.0000;DATA;1612715818.789562
/ndn/s0-site/s0/C2Data-2435-Type2;6000291.0000;TIMEOUT;1612715814.580774
/ndn/s7-site/s7/C2Data-3282-Type2;6001279.0000;TIMEOUT;1612715814.620773
/ndn/s7-site/s7/C2Data-3282-Type1;6004046.0000;TIMEOUT;1612715816.825276
/ndn/s9-site/s9/C2Data-3524-Type1;6000704.0000;TIMEOUT;1612715817.797600
/ndn/v1-site/v1/C2Data-3767-Type1;180356.0000;DATA;1612715839.176160
/ndn/d3-site/d3/C2Data-1589-Type2;250018.0000;DATA;1612715843.111586
/ndn/h8-site/h8/C2Data-984-Type2;226429.0000;DATA;1612715845.931429
/ndn/v4-site/v4/C2Data-4130-Type2;115998.0000;DATA;1612715847.071427
/ndn/s5-site/s5/C2Data-3041-Type1;6002639.0000;TIMEOUT;1612715842.772002
/ndn/s7-site/s7/C2Data-3283-Type2;6000689.0000;TIMEOUT;1612715847.624939
/ndn/v2-site/v2/C2Data-1960-Type3;127151.0000;DATA;1612715863.872188
/ndn/v9-site/v9/C2Data-2387-Type3;25293.0000;DATA;1612715867.111596
/ndn/h8-site/h8/C2Data-496-Type3;154005.0000;DATA;1612715866.991813
/ndn/h2-site/h2/C2Data-130-Type3;211150.0000;DATA;1612715867.596546
/ndn/d9-site/d9/C2Data-2316-Type1;25872.0000;DATA;1612715869.322803
/ndn/v8-site/v8/C2Data-4615-Type1;176430.0000;DATA;1612715869.199080
/ndn/s2-site/s2/C2Data-1350-Type3;6005180.0000;TIMEOUT;1612715864.449867
/ndn/d7-site/d7/C2Data-2074-Type1;116574.0000;DATA;1612715871.572243
/ndn/s8-site/s8/C2Data-1716-Type3;6000397.0000;TIMEOUT;1612715869.124712
/ndn/v0-site/v0/C2Data-1838-Type3;48359.0000;DATA;1612715875.293214
/ndn/s3-site/s3/C2Data-2800-Type1;6001076.0000;TIMEOUT;1612715870.209293
/ndn/v9-site/v9/C2Data-4736-Type1;24437.0000;DATA;1612715876.401995
/ndn/s2-site/s2/C2Data-2679-Type2;6001629.0000;TIMEOUT;1612715871.351754
/ndn/h7-site/h7/C2Data-92-Type5;173384.0000;DATA;1612715878.000008
/ndn/v7-site/v7/C2Data-4494-Type2;81398.0000;DATA;1612715879.420511
/ndn/s1-site/s1/C2Data-1289-Type3;6001615.0000;TIMEOUT;1612715875.178787
/ndn/s6-site/s6/C2Data-1594-Type3;6001698.0000;TIMEOUT;1612715875.788572
/ndn/v7-site/v7/C2Data-2265-Type3;111599.0000;DATA;1612715882.038969
/ndn/s2-site/s2/C2Data-2679-Type1;6037527.0000;TIMEOUT;1612715877.340125
/ndn/s9-site/s9/C2Data-1777-Type3;6000573.0000;TIMEOUT;1612715878.304367
/ndn/v1-site/v1/C2Data-1899-Type3;51372.0000;DATA;1612715884.995604
/ndn/d6-site/d6/C2Data-112-Type6;31515.0000;DATA;1612715895.539275
/ndn/d4-site/d4/C2Data-1712-Type1;107840.0000;DATA;1612715900.725665
/ndn/h8-site/h8/C2Data-986-Type2;193732.0000;DATA;1612715904.092667
/ndn/d0-site/d0/C2Data-1228-Type2;218603.0000;DATA;1612715904.134552
/ndn/h1-site/h1/C2Data-28-Type4;173651.0000;DATA;1612715904.772763
/ndn/h0-site/h0/C2Data-18-Type1;49322.0000;DATA;1612715907.048611
/ndn/s5-site/s5/C2Data-3043-Type1;6002357.0000;TIMEOUT;1612715906.484698
/ndn/d9-site/d9/C2Data-248-Type5;31672.0000;DATA;1612715915.790793
/ndn/d1-site/d1/C2Data-278-Type4;132094.0000;DATA;1612715929.187923
/ndn/d6-site/d6/C2Data-985-Type3;98403.0000;DATA;1612715933.033668
/ndn/d1-site/d1/C2Data-1350-Type1;48770.0000;DATA;1612715933.830903
/ndn/d3-site/d3/C2Data-170-Type5;122650.0000;DATA;1612715934.156692
/ndn/v9-site/v9/C2Data-2388-Type3;25056.0000;DATA;1612715934.373277
