/ndn/h10-site/h10/C2Data-1210-Type1;283475.0000;DATA;1611606832.625176
/ndn/v6-site/v6/C2Data-6171-Type2;105275.0000;NACK;1611606832.837227
/ndn/d10-site/d10/C2Data-3025-Type2;220440.0000;DATA;1611606833.467284
/ndn/h5-site/h5/C2Data-605-Type2;184645.0000;DATA;1611606834.707266
/ndn/h14-site/h14/C2Data-1694-Type1;48909.0000;DATA;1611606835.805171
/ndn/v10-site/v10/C2Data-6655-Type2;504.0000;NACK;1611606836.181269
/ndn/d9-site/d9/C2Data-2904-Type1;222376.0000;DATA;1611606836.241247
/ndn/v13-site/v13/C2Data-7018-Type1;93118.0000;DATA;1611606837.860324
/ndn/s12-site/s12/C2Data-5082-Type2;275553.0000;DATA;1611606838.301283
/ndn/s14-site/s14/C2Data-5324-Type2;432.0000;NACK;1611606839.023178
/ndn/s3-site/s3/C2Data-3993-Type1;270725.0000;DATA;1611606840.978246
/ndn/v0-site/v0/C2Data-5445-Type1;267993.0000;DATA;1611606841.004351
/ndn/h1-site/h1/C2Data-121-Type2;161585.0000;DATA;1611606841.396256
/ndn/v4-site/v4/C2Data-5929-Type2;309636.0000;DATA;1611606842.803229
/ndn/s4-site/s4/C2Data-2074-Type3;25915.0000;DATA;1611606857.593205
/ndn/s3-site/s3/C2Data-2013-Type3;306492.0000;DATA;1611606860.438505
/ndn/v12-site/v12/C2Data-3477-Type3;290776.0000;DATA;1611606861.887307
/ndn/h5-site/h5/C2Data-606-Type2;165638.0000;DATA;1611606862.232236
/ndn/d8-site/d8/C2Data-2784-Type2;187362.0000;DATA;1611606862.292274
/ndn/h3-site/h3/C2Data-183-Type3;262813.0000;DATA;1611606863.503325
/ndn/h1-site/h1/C2Data-61-Type3;159681.0000;DATA;1611606863.718220
/ndn/h0-site/h0/C2Data-1-Type1;237214.0000;DATA;1611606864.157264
/ndn/v2-site/v2/C2Data-5688-Type1;262958.0000;DATA;1611606864.896217
/ndn/v14-site/v14/C2Data-7140-Type2;142866.0000;DATA;1611606865.252254
/ndn/d13-site/d13/C2Data-3389-Type2;116969.0000;DATA;1611606865.332268
/ndn/s13-site/s13/C2Data-5204-Type2;287367.0000;DATA;1611606866.640326
/ndn/s4-site/s4/C2Data-4115-Type1;23766.0000;DATA;1611606868.140923
/ndn/s2-site/s2/C2Data-3873-Type2;99515.0000;DATA;1611606868.255259
/ndn/h12-site/h12/C2Data-732-Type3;25759.0000;DATA;1611606868.393185
/ndn/s8-site/s8/C2Data-4599-Type2;74594.0000;DATA;1611606869.152244
/ndn/s12-site/s12/C2Data-2562-Type3;260079.0000;DATA;1611606869.356271
/ndn/d14-site/d14/C2Data-3510-Type2;94224.0000;DATA;1611606869.589959
/ndn/h10-site/h10/C2Data-1211-Type1;287921.0000;DATA;1611606869.755223
/ndn/v12-site/v12/C2Data-6898-Type2;292022.0000;DATA;1611606869.770219
/ndn/v5-site/v5/C2Data-6051-Type2;307098.0000;DATA;1611606870.042394
/ndn/s3-site/s3/C2Data-3994-Type2;265009.0000;DATA;1611606870.435274
/ndn/s0-site/s0/C2Data-3631-Type2;236506.0000;DATA;1611606870.557378
/ndn/v1-site/v1/C2Data-2806-Type3;278430.0000;DATA;1611606871.542257
/ndn/h6-site/h6/C2Data-727-Type2;213633.0000;DATA;1611606872.715154
/ndn/d13-site/d13/C2Data-1708-Type3;120741.0000;DATA;1611606872.974209
/ndn/d10-site/d10/C2Data-3026-Type2;216091.0000;DATA;1611606874.028263
/ndn/h9-site/h9/C2Data-549-Type3;242915.0000;DATA;1611606875.811179
/ndn/d2-site/d2/C2Data-1037-Type3;174538.0000;DATA;1611606876.585220
/ndn/d0-site/d0/C2Data-915-Type3;187429.0000;DATA;1611606876.811243
/ndn/s0-site/s0/C2Data-1830-Type3;245705.0000;DATA;1611606878.616210
/ndn/d5-site/d5/C2Data-2422-Type1;196954.0000;DATA;1611606894.795306
/ndn/s10-site/s10/C2Data-4842-Type1;24078.0000;DATA;1611606895.041353
/ndn/d3-site/d3/C2Data-2180-Type1;265178.0000;DATA;1611606896.575259
/ndn/s4-site/s4/C2Data-4116-Type1;24082.0000;DATA;1611606896.982190
/ndn/v10-site/v10/C2Data-6657-Type2;253907.0000;DATA;1611606897.188242
/ndn/v4-site/v4/C2Data-5931-Type2;323483.0000;DATA;1611606897.405101
/ndn/d10-site/d10/C2Data-3027-Type1;219967.0000;DATA;1611606899.823222
/ndn/h6-site/h6/C2Data-728-Type2;219435.0000;DATA;1611606901.309230
/ndn/s7-site/s7/C2Data-4479-Type2;147083.0000;DATA;1611606901.605280
/ndn/d8-site/d8/C2Data-2785-Type1;193690.0000;DATA;1611606902.249237
/ndn/s2-site/s2/C2Data-3874-Type2;6031460.0000;TIMEOUT;1611606903.342247
/ndn/h9-site/h9/C2Data-550-Type3;193651.0000;DATA;1611606920.003259
/ndn/v12-site/v12/C2Data-6900-Type1;282803.0000;DATA;1611606923.118198
/ndn/v14-site/v14/C2Data-3600-Type3;145036.0000;DATA;1611606923.751260
/ndn/v12-site/v12/C2Data-3478-Type3;305355.0000;DATA;1611606925.481183
/ndn/v2-site/v2/C2Data-5690-Type2;260599.0000;DATA;1611606925.903238
/ndn/h3-site/h3/C2Data-184-Type3;272829.0000;DATA;1611606926.292318
/ndn/v13-site/v13/C2Data-7021-Type2;95452.0000;DATA;1611606926.857199
/ndn/v4-site/v4/C2Data-5932-Type1;308931.0000;DATA;1611606927.041281
/ndn/h5-site/h5/C2Data-306-Type3;170352.0000;DATA;1611606927.502236
/ndn/d2-site/d2/C2Data-1038-Type3;166450.0000;DATA;1611606928.350246
/ndn/h4-site/h4/C2Data-487-Type1;213084.0000;DATA;1611606928.461263
/ndn/h5-site/h5/C2Data-608-Type1;163901.0000;DATA;1611606929.061301
/ndn/v1-site/v1/C2Data-775-Type4;289975.0000;DATA;1611606929.257243
/ndn/d11-site/d11/C2Data-3149-Type1;237018.0000;DATA;1611606930.639198
/ndn/h8-site/h8/C2Data-200-Type4;213129.0000;DATA;1611606930.916167
/ndn/d0-site/d0/C2Data-916-Type3;187373.0000;DATA;1611606932.150210
/ndn/d3-site/d3/C2Data-450-Type4;268151.0000;DATA;1611606932.263311
/ndn/v11-site/v11/C2Data-6779-Type2;115136.0000;DATA;1611606932.527196
/ndn/h6-site/h6/C2Data-729-Type2;214761.0000;DATA;1611606932.578155
/ndn/v6-site/v6/C2Data-6174-Type1;103856.0000;NACK;1611606932.750228
/ndn/h13-site/h13/C2Data-1576-Type2;121337.0000;DATA;1611606933.147185
/ndn/s4-site/s4/C2Data-2075-Type3;6000396.0000;TIMEOUT;1611606929.775183
/ndn/s11-site/s11/C2Data-2502-Type3;6000700.0000;TIMEOUT;1611606930.287203
/ndn/d6-site/d6/C2Data-1282-Type3;297159.0000;DATA;1611606937.197197
/ndn/d12-site/d12/C2Data-675-Type4;222712.0000;DATA;1611606937.690262
/ndn/s9-site/s9/C2Data-2380-Type3;6000321.0000;TIMEOUT;1611606934.890776
/ndn/s1-site/s1/C2Data-1892-Type3;6000330.0000;TIMEOUT;1611606939.277243
/ndn/d1-site/d1/C2Data-400-Type4;23697.0000;DATA;1611606947.790308
/ndn/h13-site/h13/C2Data-325-Type4;175523.0000;DATA;1611606951.187996
/ndn/d8-site/d8/C2Data-2787-Type2;201039.0000;DATA;1611606952.791258
/ndn/v0-site/v0/C2Data-5449-Type1;283264.0000;DATA;1611606952.852159
/ndn/v3-site/v3/C2Data-5812-Type1;152381.0000;DATA;1611606954.019241
/ndn/d13-site/d13/C2Data-3392-Type2;118936.0000;DATA;1611606954.071323
/ndn/d9-site/d9/C2Data-600-Type4;209905.0000;DATA;1611606955.760257
/ndn/s3-site/s3/C2Data-3997-Type2;6000280.0000;TIMEOUT;1611606952.846247
/ndn/v14-site/v14/C2Data-7143-Type1;144589.0000;DATA;1611606958.805240
/ndn/d14-site/d14/C2Data-3513-Type2;94668.0000;DATA;1611606960.569162
/ndn/v11-site/v11/C2Data-6780-Type2;116887.0000;DATA;1611606962.849245
/ndn/v9-site/v9/C2Data-6538-Type1;236615.0000;DATA;1611606962.911259
/ndn/h5-site/h5/C2Data-125-Type4;177677.0000;DATA;1611606964.416329
/ndn/s13-site/s13/C2Data-5207-Type2;6002103.0000;TIMEOUT;1611606959.790211
/ndn/h0-site/h0/C2Data-0-Type4;291484.0000;DATA;1611606973.349265
/ndn/v5-site/v5/C2Data-3052-Type3;325708.0000;DATA;1611606976.984247
/ndn/d13-site/d13/C2Data-1710-Type3;118896.0000;DATA;1611606980.155256
/ndn/h6-site/h6/C2Data-368-Type3;215891.0000;DATA;1611606982.754192
/ndn/h8-site/h8/C2Data-973-Type2;215707.0000;DATA;1611606982.962183
/ndn/v1-site/v1/C2Data-5571-Type1;284681.0000;DATA;1611606983.073258
/ndn/v13-site/v13/C2Data-3540-Type3;95877.0000;DATA;1611606984.902993
/ndn/d8-site/d8/C2Data-2788-Type1;190426.0000;DATA;1611606985.272244
/ndn/s8-site/s8/C2Data-2320-Type3;6000979.0000;TIMEOUT;1611606980.585227
/ndn/h6-site/h6/C2Data-731-Type1;214882.0000;DATA;1611606986.715236
/ndn/h9-site/h9/C2Data-225-Type4;184418.0000;DATA;1611606986.853235
/ndn/d1-site/d1/C2Data-1941-Type2;23441.0000;DATA;1611606987.073217
/ndn/h9-site/h9/C2Data-1094-Type1;190949.0000;DATA;1611606988.529250
/ndn/d12-site/d12/C2Data-3272-Type1;222495.0000;DATA;1611606988.502228
/ndn/s7-site/s7/C2Data-2259-Type3;6001299.0000;TIMEOUT;1611606983.748169
/ndn/v14-site/v14/C2Data-7144-Type2;145587.0000;DATA;1611606989.761766
/ndn/d9-site/d9/C2Data-1466-Type3;207034.0000;DATA;1611606989.842242
/ndn/s5-site/s5/C2Data-4240-Type2;6000252.0000;TIMEOUT;1611606984.272226
/ndn/s5-site/s5/C2Data-2137-Type3;6000488.0000;TIMEOUT;1611606985.162205
/ndn/s3-site/s3/C2Data-3998-Type1;6000805.0000;TIMEOUT;1611606985.193238
/ndn/v7-site/v7/C2Data-3174-Type3;259821.0000;DATA;1611606991.025240
/ndn/h13-site/h13/C2Data-1578-Type1;122185.0000;DATA;1611606991.249163
/ndn/h14-site/h14/C2Data-856-Type3;48049.0000;DATA;1611606993.248367
/ndn/s1-site/s1/C2Data-1893-Type3;6000545.0000;TIMEOUT;1611606987.888184
/ndn/s13-site/s13/C2Data-5208-Type1;6004734.0000;TIMEOUT;1611606989.102716
/ndn/h12-site/h12/C2Data-734-Type3;26334.0000;DATA;1611606998.320244
/ndn/d9-site/d9/C2Data-2910-Type2;227895.0000;DATA;1611607012.371318
/ndn/v5-site/v5/C2Data-6056-Type1;315242.0000;DATA;1611607016.181207
/ndn/h12-site/h12/C2Data-1458-Type2;23946.0000;DATA;1611607019.699236
/ndn/h10-site/h10/C2Data-1216-Type1;286288.0000;DATA;1611607020.259208
/ndn/d7-site/d7/C2Data-2668-Type2;254776.0000;DATA;1611607020.846252
/ndn/d6-site/d6/C2Data-2547-Type2;266603.0000;DATA;1611607021.066183
/ndn/v1-site/v1/C2Data-5572-Type1;280541.0000;DATA;1611607021.299906
/ndn/v12-site/v12/C2Data-6903-Type2;284755.0000;DATA;1611607022.484194
/ndn/s9-site/s9/C2Data-4725-Type2;6000373.0000;TIMEOUT;1611607020.217248
/ndn/s6-site/s6/C2Data-4362-Type1;6000268.0000;TIMEOUT;1611607023.181187
/ndn/d3-site/d3/C2Data-1101-Type3;258859.0000;DATA;1611607042.845261
/ndn/d3-site/d3/C2Data-2185-Type2;261780.0000;DATA;1611607042.976266
/ndn/h10-site/h10/C2Data-613-Type3;290276.0000;DATA;1611607043.784254
/ndn/s2-site/s2/C2Data-1955-Type3;6001724.0000;TIMEOUT;1611607038.134200
/ndn/d12-site/d12/C2Data-3274-Type2;220189.0000;DATA;1611607044.526281
/ndn/h0-site/h0/C2Data-3-Type3;237215.0000;DATA;1611607045.365208
/ndn/h12-site/h12/C2Data-735-Type3;24383.0000;DATA;1611607047.012319
/ndn/d6-site/d6/C2Data-2548-Type1;264519.0000;DATA;1611607047.132194
/ndn/v13-site/v13/C2Data-7025-Type2;95889.0000;DATA;1611607047.402302
