/ndn/h4-site/h4/C2Data-484-Type2;75980.0000;DATA;1612718693.892511
/ndn/v4-site/v4/C2Data-4114-Type1;98608.0000;DATA;1612718696.694519
/ndn/d1-site/d1/C2Data-1331-Type2;24516.0000;DATA;1612718697.712895
/ndn/h0-site/h0/C2Data-0-Type2;97204.0000;DATA;1612718699.563749
/ndn/s7-site/s7/C2Data-3267-Type1;151259.0000;DATA;1612718699.548981
/ndn/d7-site/d7/C2Data-2057-Type1;229402.0000;DATA;1612718700.582694
/ndn/v5-site/v5/C2Data-4235-Type1;73866.0000;DATA;1612718702.128215
/ndn/h7-site/h7/C2Data-847-Type2;486538.0000;DATA;1612718703.966744
/ndn/h8-site/h8/C2Data-488-Type3;25304.0000;DATA;1612718723.365009
/ndn/v9-site/v9/C2Data-2379-Type3;53534.0000;DATA;1612718725.261181
/ndn/v6-site/v6/C2Data-4357-Type2;126489.0000;DATA;1612718725.781923
/ndn/d1-site/d1/C2Data-671-Type3;99301.0000;DATA;1612718726.791157
/ndn/d0-site/d0/C2Data-1211-Type2;89695.0000;DATA;1612718727.445859
/ndn/s0-site/s0/C2Data-2421-Type2;147840.0000;DATA;1612718727.829847
/ndn/s6-site/s6/C2Data-3147-Type2;171599.0000;DATA;1612718728.738760
/ndn/s3-site/s3/C2Data-2784-Type2;25416.0000;DATA;1612718729.194771
/ndn/v3-site/v3/C2Data-3994-Type2;100462.0000;DATA;1612718730.015337
/ndn/h1-site/h1/C2Data-122-Type1;107361.0000;DATA;1612718730.558204
/ndn/h6-site/h6/C2Data-727-Type1;25843.0000;DATA;1612718731.147428
/ndn/s9-site/s9/C2Data-3510-Type2;39516.0000;DATA;1612718733.448822
/ndn/v7-site/v7/C2Data-4478-Type1;174711.0000;DATA;1612718733.502959
/ndn/s4-site/s4/C2Data-1464-Type3;46182.0000;DATA;1612718733.916049
/ndn/d8-site/d8/C2Data-2179-Type1;49601.0000;DATA;1612718734.023781
/ndn/v0-site/v0/C2Data-3631-Type1;98880.0000;DATA;1612718734.218768
/ndn/s7-site/s7/C2Data-3269-Type1;23947.0000;DATA;1612718756.938562
/ndn/s8-site/s8/C2Data-3390-Type1;176119.0000;DATA;1612718763.074960
/ndn/d2-site/d2/C2Data-733-Type3;49713.0000;DATA;1612718777.907737
/ndn/s2-site/s2/C2Data-1343-Type3;140384.0000;DATA;1612718778.933788
/ndn/s0-site/s0/C2Data-2423-Type2;171652.0000;DATA;1612718782.708487
/ndn/s5-site/s5/C2Data-3028-Type2;163031.0000;DATA;1612718783.213789
/ndn/v0-site/v0/C2Data-1831-Type3;79167.0000;DATA;1612718785.180403
/ndn/s2-site/s2/C2Data-2665-Type2;135297.0000;DATA;1612718785.868076
/ndn/h1-site/h1/C2Data-124-Type1;120052.0000;DATA;1612718786.957834
/ndn/d0-site/d0/C2Data-1213-Type2;24515.0000;DATA;1612718787.758485
/ndn/d3-site/d3/C2Data-1576-Type2;76299.0000;DATA;1612718787.810154
/ndn/s2-site/s2/C2Data-2665-Type1;94335.0000;DATA;1612718788.885350
/ndn/d3-site/d3/C2Data-794-Type3;73412.0000;DATA;1612718789.597516
/ndn/v7-site/v7/C2Data-4480-Type1;109192.0000;DATA;1612718790.755214
/ndn/s3-site/s3/C2Data-1404-Type3;25010.0000;DATA;1612718792.315158
/ndn/d8-site/d8/C2Data-1099-Type3;52194.0000;DATA;1612718792.202737
/ndn/v1-site/v1/C2Data-3754-Type2;123570.0000;DATA;1612718792.164382
/ndn/v0-site/v0/C2Data-3633-Type1;102578.0000;DATA;1612718793.118740
/ndn/h5-site/h5/C2Data-306-Type3;53194.0000;DATA;1612718794.040771
/ndn/s8-site/s8/C2Data-1709-Type3;150792.0000;DATA;1612718796.701433
/ndn/d8-site/d8/C2Data-450-Type4;73924.0000;DATA;1612718799.268873
/ndn/h8-site/h8/C2Data-200-Type4;27624.0000;DATA;1612718814.810628
/ndn/v2-site/v2/C2Data-3876-Type2;171128.0000;DATA;1612718817.418737
/ndn/v7-site/v7/C2Data-4481-Type2;101662.0000;DATA;1612718820.474459
/ndn/s9-site/s9/C2Data-3513-Type2;24854.0000;DATA;1612718821.039011
/ndn/s7-site/s7/C2Data-3271-Type2;117419.0000;DATA;1612718821.640842
/ndn/h2-site/h2/C2Data-50-Type4;175193.0000;DATA;1612718822.806565
/ndn/s8-site/s8/C2Data-3392-Type1;183078.0000;DATA;1612718822.930813
/ndn/h5-site/h5/C2Data-609-Type2;98290.0000;DATA;1612718823.400954
/ndn/v4-site/v4/C2Data-4118-Type1;27577.0000;DATA;1612718823.956960
/ndn/v7-site/v7/C2Data-675-Type4;151200.0000;DATA;1612718824.048111
/ndn/v9-site/v9/C2Data-4723-Type2;49506.0000;DATA;1612718824.251110
/ndn/v2-site/v2/C2Data-3876-Type1;134186.0000;DATA;1612718824.531966
/ndn/v3-site/v3/C2Data-2015-Type3;209420.0000;DATA;1612718837.387430
/ndn/v5-site/v5/C2Data-2137-Type3;98624.0000;DATA;1612718837.554226
/ndn/s1-site/s1/C2Data-2546-Type2;98538.0000;DATA;1612718843.031507
/ndn/s1-site/s1/C2Data-1283-Type3;99995.0000;DATA;1612718843.143349
/ndn/s6-site/s6/C2Data-3151-Type2;170859.0000;DATA;1612718843.557218
/ndn/v4-site/v4/C2Data-2076-Type3;73995.0000;DATA;1612718844.334568
/ndn/v0-site/v0/C2Data-1832-Type3;102120.0000;DATA;1612718845.420807
/ndn/d5-site/d5/C2Data-1820-Type1;234888.0000;DATA;1612718845.313801
/ndn/h9-site/h9/C2Data-551-Type3;24471.0000;DATA;1612718845.804698
/ndn/s5-site/s5/C2Data-3030-Type2;110027.0000;DATA;1612718847.792045
/ndn/s7-site/s7/C2Data-3272-Type2;135754.0000;DATA;1612718848.731592
/ndn/h7-site/h7/C2Data-852-Type1;29504.0000;DATA;1612718850.158129
/ndn/h3-site/h3/C2Data-185-Type3;121828.0000;DATA;1612718850.521092
/ndn/s3-site/s3/C2Data-1405-Type3;27107.0000;DATA;1612718851.491589
/ndn/v8-site/v8/C2Data-4603-Type1;104022.0000;DATA;1612718852.260766
/ndn/v7-site/v7/C2Data-2259-Type3;48424.0000;DATA;1612718852.860373
/ndn/s3-site/s3/C2Data-2788-Type1;53651.0000;DATA;1612718854.008980
/ndn/d3-site/d3/C2Data-795-Type3;30791.0000;DATA;1612718858.049040
/ndn/d8-site/d8/C2Data-2184-Type1;102827.0000;DATA;1612718875.506783
/ndn/s2-site/s2/C2Data-2668-Type1;161240.0000;DATA;1612718876.815297
/ndn/d0-site/d0/C2Data-1216-Type2;27240.0000;DATA;1612718877.841564
/ndn/v5-site/v5/C2Data-4241-Type2;103761.0000;DATA;1612718878.659125
/ndn/v2-site/v2/C2Data-3878-Type1;101553.0000;DATA;1612718883.614723
/ndn/d0-site/d0/C2Data-613-Type3;27121.0000;DATA;1612718897.477794
/ndn/s9-site/s9/C2Data-1772-Type3;79076.0000;DATA;1612718897.908295
/ndn/s5-site/s5/C2Data-1528-Type3;146205.0000;DATA;1612718898.265804
/ndn/v3-site/v3/C2Data-2016-Type3;97347.0000;DATA;1612718899.530648
/ndn/h0-site/h0/C2Data-7-Type2;203866.0000;DATA;1612718902.965858
/ndn/d2-site/d2/C2Data-735-Type3;173075.0000;DATA;1612718903.529145
/ndn/v2-site/v2/C2Data-3879-Type2;230582.0000;DATA;1612718903.609985
/ndn/v6-site/v6/C2Data-4363-Type1;126914.0000;DATA;1612718904.298506
/ndn/v6-site/v6/C2Data-4363-Type2;24601.0000;DATA;1612718904.867369
/ndn/s1-site/s1/C2Data-2548-Type1;107946.0000;DATA;1612718905.272800
/ndn/s4-site/s4/C2Data-2911-Type1;251008.0000;DATA;1612718906.261627
/ndn/h6-site/h6/C2Data-733-Type2;26357.0000;DATA;1612718906.833738
/ndn/h9-site/h9/C2Data-1096-Type1;146141.0000;DATA;1612718906.836800
/ndn/v8-site/v8/C2Data-4605-Type2;97722.0000;DATA;1612718908.173298
/ndn/v2-site/v2/C2Data-1955-Type3;149524.0000;DATA;1612718909.397856
/ndn/d4-site/d4/C2Data-1701-Type1;123101.0000;DATA;1612718909.708142
/ndn/d8-site/d8/C2Data-234-Type5;241898.0000;DATA;1612718909.811891
/ndn/d0-site/d0/C2Data-1217-Type2;28393.0000;DATA;1612718911.702935
/ndn/v5-site/v5/C2Data-4242-Type1;24633.0000;DATA;1612718912.091330
/ndn/h7-site/h7/C2Data-854-Type2;49219.0000;DATA;1612718912.278998
/ndn/s7-site/s7/C2Data-3274-Type2;47552.0000;DATA;1612718912.373973
/ndn/s5-site/s5/C2Data-3032-Type1;149675.0000;DATA;1612718912.365808
/ndn/v1-site/v1/C2Data-273-Type5;142220.0000;DATA;1612718914.986857
/ndn/h7-site/h7/C2Data-430-Type3;26460.0000;DATA;1612718917.795145
/ndn/v3-site/v3/C2Data-299-Type5;586936.0000;DATA;1612718924.632279
/ndn/v9-site/v9/C2Data-377-Type5;137711.0000;DATA;1612718926.197117
/ndn/v8-site/v8/C2Data-364-Type5;109752.0000;DATA;1612718926.924091
/ndn/s5-site/s5/C2Data-3033-Type1;159876.0000;DATA;1612718934.559199
/ndn/d7-site/d7/C2Data-221-Type5;100063.0000;DATA;1612718935.611735
/ndn/s8-site/s8/C2Data-3396-Type1;145701.0000;DATA;1612718935.868226
/ndn/d5-site/d5/C2Data-1823-Type2;238305.0000;DATA;1612718936.335332
/ndn/v9-site/v9/C2Data-4727-Type2;254732.0000;DATA;1612718936.603867
/ndn/s3-site/s3/C2Data-2791-Type2;51948.0000;DATA;1612718937.617417
/ndn/d1-site/d1/C2Data-276-Type4;213209.0000;DATA;1612718939.331026
/ndn/v2-site/v2/C2Data-3880-Type1;25575.0000;DATA;1612718941.477513
/ndn/h5-site/h5/C2Data-613-Type1;55612.0000;DATA;1612718941.696813
/ndn/s2-site/s2/C2Data-2670-Type2;54177.0000;DATA;1612718942.890711
/ndn/h1-site/h1/C2Data-129-Type2;137555.0000;DATA;1612718943.480293
/ndn/v4-site/v4/C2Data-4122-Type2;74979.0000;DATA;1612718944.359464
/ndn/h3-site/h3/C2Data-76-Type4;164863.0000;DATA;1612718945.489172
/ndn/h7-site/h7/C2Data-176-Type4;28187.0000;DATA;1612718951.855215
/ndn/d3-site/d3/C2Data-169-Type5;31119.0000;DATA;1612718956.339717
/ndn/s9-site/s9/C2Data-1773-Type3;71816.0000;DATA;1612718957.317191
/ndn/d8-site/d8/C2Data-1102-Type3;232957.0000;DATA;1612718959.984546
/ndn/d1-site/d1/C2Data-1340-Type2;207204.0000;DATA;1612718964.496818
/ndn/h8-site/h8/C2Data-977-Type1;26697.0000;DATA;1612718966.625166
/ndn/s3-site/s3/C2Data-2792-Type2;47491.0000;DATA;1612718968.662074
/ndn/d9-site/d9/C2Data-2308-Type1;223289.0000;DATA;1612718969.092794
/ndn/v4-site/v4/C2Data-4123-Type1;24436.0000;DATA;1612718969.759454
/ndn/d2-site/d2/C2Data-736-Type3;47924.0000;DATA;1612718971.106008
/ndn/v6-site/v6/C2Data-4365-Type2;124801.0000;DATA;1612718971.412799
/ndn/s8-site/s8/C2Data-3397-Type2;180606.0000;DATA;1612718971.738335
/ndn/h9-site/h9/C2Data-553-Type3;319448.0000;DATA;1612718977.395050
/ndn/v6-site/v6/C2Data-2200-Type3;28755.0000;DATA;1612718979.344598
/ndn/d9-site/d9/C2Data-476-Type4;29225.0000;DATA;1612718987.144061
/ndn/v8-site/v8/C2Data-4608-Type2;99374.0000;DATA;1612718994.340193
/ndn/v5-site/v5/C2Data-4245-Type1;96210.0000;DATA;1612718995.659452
/ndn/s0-site/s0/C2Data-2430-Type2;157577.0000;DATA;1612718995.892853
/ndn/h0-site/h0/C2Data-1-Type4;246198.0000;DATA;1612718998.237004
/ndn/v8-site/v8/C2Data-4608-Type1;125550.0000;DATA;1612718999.247765
/ndn/v2-site/v2/C2Data-3882-Type1;229650.0000;DATA;1612719002.870811
/ndn/d1-site/d1/C2Data-143-Type5;105231.0000;DATA;1612719008.046819
/ndn/v0-site/v0/C2Data-260-Type5;132515.0000;DATA;1612719012.911164
/ndn/s0-site/s0/C2Data-1225-Type3;148041.0000;DATA;1612719018.865478
/ndn/d4-site/d4/C2Data-859-Type3;134228.0000;DATA;1612719022.843373
/ndn/v6-site/v6/C2Data-4367-Type2;133490.0000;DATA;1612719023.986918
/ndn/d0-site/d0/C2Data-1221-Type1;25220.0000;DATA;1612719024.878807
/ndn/d4-site/d4/C2Data-1705-Type2;124426.0000;DATA;1612719024.972793
/ndn/d5-site/d5/C2Data-920-Type3;221533.0000;DATA;1612719025.325213
/ndn/d9-site/d9/C2Data-2310-Type2;203544.0000;DATA;1612719025.614752
/ndn/d2-site/d2/C2Data-1463-Type2;174571.0000;DATA;1612719025.923201
/ndn/h6-site/h6/C2Data-737-Type2;28245.0000;DATA;1612719026.276167
/ndn/d2-site/d2/C2Data-1463-Type1;49468.0000;DATA;1612719026.885991
/ndn/h3-site/h3/C2Data-374-Type1;149347.0000;DATA;1612719027.136932
/ndn/h1-site/h1/C2Data-132-Type1;97238.0000;DATA;1612719028.112899
/ndn/v1-site/v1/C2Data-3762-Type2;125900.0000;DATA;1612719028.235413
/ndn/d9-site/d9/C2Data-247-Type5;63485.0000;DATA;1612719028.559414
/ndn/h0-site/h0/C2Data-5-Type3;49148.0000;DATA;1612719028.911940
/ndn/d3-site/d3/C2Data-1584-Type2;77901.0000;DATA;1612719029.447130
/ndn/s9-site/s9/C2Data-3520-Type1;97940.0000;DATA;1612719030.076781
/ndn/h8-site/h8/C2Data-979-Type2;31005.0000;DATA;1612719030.489218
/ndn/v7-site/v7/C2Data-2262-Type3;51151.0000;DATA;1612719030.622093
/ndn/d4-site/d4/C2Data-1705-Type1;119060.0000;DATA;1612719030.831867
/ndn/v9-site/v9/C2Data-2384-Type3;28809.0000;DATA;1612719031.367779
/ndn/d1-site/d1/C2Data-676-Type3;97078.0000;DATA;1612719031.660781
/ndn/v3-site/v3/C2Data-2018-Type3;50794.0000;DATA;1612719031.752809
/ndn/d5-site/d5/C2Data-1826-Type2;24696.0000;DATA;1612719032.191548
/ndn/d0-site/d0/C2Data-615-Type3;24671.0000;DATA;1612719035.991878
/ndn/s6-site/s6/C2Data-1591-Type3;56931.0000;DATA;1612719036.189082
/ndn/s7-site/s7/C2Data-3278-Type1;6000572.0000;TIMEOUT;1612719030.490673
/ndn/d7-site/d7/C2Data-2069-Type1;239276.0000;DATA;1612719052.879909
/ndn/v4-site/v4/C2Data-4126-Type2;102304.0000;DATA;1612719055.243784
/ndn/h3-site/h3/C2Data-375-Type2;26168.0000;DATA;1612719058.031734
/ndn/s7-site/s7/C2Data-3279-Type2;6038118.0000;TIMEOUT;1612719063.853215
/ndn/h4-site/h4/C2Data-497-Type1;74417.0000;DATA;1612719084.702921
/ndn/d7-site/d7/C2Data-2070-Type1;173564.0000;DATA;1612719085.071564
/ndn/v6-site/v6/C2Data-2202-Type3;114933.0000;DATA;1612719085.147786
/ndn/d0-site/d0/C2Data-616-Type3;25861.0000;DATA;1612719085.255794
/ndn/d4-site/d4/C2Data-1707-Type2;126058.0000;DATA;1612719085.686012
/ndn/h0-site/h0/C2Data-13-Type2;254551.0000;DATA;1612719086.574479
/ndn/s4-site/s4/C2Data-1470-Type3;6001579.0000;TIMEOUT;1612719081.508117
/ndn/h7-site/h7/C2Data-860-Type1;53209.0000;DATA;1612719087.714805
/ndn/d1-site/d1/C2Data-1344-Type1;164944.0000;DATA;1612719087.732695
/ndn/v1-site/v1/C2Data-1897-Type3;41377.0000;DATA;1612719088.972812
/ndn/h9-site/h9/C2Data-1102-Type2;256263.0000;DATA;1612719089.039797
/ndn/d3-site/d3/C2Data-1586-Type1;73804.0000;DATA;1612719089.291237
/ndn/s4-site/s4/C2Data-2917-Type2;6001502.0000;TIMEOUT;1612719084.721857
/ndn/s2-site/s2/C2Data-1348-Type3;99948.0000;DATA;1612719091.207468
/ndn/s9-site/s9/C2Data-3522-Type2;6007131.0000;TIMEOUT;1612719086.870203
/ndn/s7-site/s7/C2Data-3280-Type1;6002463.0000;TIMEOUT;1612719086.946180
/ndn/v6-site/v6/C2Data-4369-Type2;107356.0000;DATA;1612719092.938045
/ndn/v8-site/v8/C2Data-4611-Type1;50787.0000;DATA;1612719093.324689
/ndn/d2-site/d2/C2Data-302-Type4;102574.0000;DATA;1612719093.968053
/ndn/h2-site/h2/C2Data-255-Type2;183178.0000;DATA;1612719094.076372
/ndn/s0-site/s0/C2Data-2433-Type1;6001081.0000;TIMEOUT;1612719088.583754
/ndn/v0-site/v0/C2Data-1836-Type3;25733.0000;DATA;1612719099.441303
/ndn/v2-site/v2/C2Data-1958-Type3;100859.0000;DATA;1612719099.364334
/ndn/d4-site/d4/C2Data-1708-Type1;156309.0000;DATA;1612719113.821172
/ndn/v5-site/v5/C2Data-4249-Type1;25688.0000;DATA;1612719116.522093
/ndn/v6-site/v6/C2Data-4370-Type1;152437.0000;DATA;1612719117.650034
/ndn/d3-site/d3/C2Data-327-Type4;34470.0000;DATA;1612719121.915361
/ndn/h8-site/h8/C2Data-982-Type2;25186.0000;DATA;1612719122.883112
/ndn/s8-site/s8/C2Data-3402-Type1;6049831.0000;TIMEOUT;1612719121.541768
/ndn/d7-site/d7/C2Data-1044-Type3;218638.0000;DATA;1612719142.932790
/ndn/h4-site/h4/C2Data-499-Type1;79213.0000;DATA;1612719143.141950
/ndn/h5-site/h5/C2Data-312-Type3;106886.0000;DATA;1612719146.934787
/ndn/v9-site/v9/C2Data-727-Type4;99520.0000;DATA;1612719147.159891
/ndn/d7-site/d7/C2Data-2072-Type1;26891.0000;DATA;1612719148.720933
/ndn/h0-site/h0/C2Data-15-Type1;213277.0000;DATA;1612719149.315365
/ndn/d7-site/d7/C2Data-2072-Type2;99745.0000;DATA;1612719151.938125
/ndn/d1-site/d1/C2Data-678-Type3;100221.0000;DATA;1612719152.876831
/ndn/s9-site/s9/C2Data-1776-Type3;6006948.0000;TIMEOUT;1612719147.526045
/ndn/s6-site/s6/C2Data-3161-Type1;6006419.0000;TIMEOUT;1612719149.800106
/ndn/s9-site/s9/C2Data-3524-Type2;6001043.0000;TIMEOUT;1612719150.449089
/ndn/h0-site/h0/C2Data-7-Type3;27311.0000;DATA;1612719156.595126
/ndn/v5-site/v5/C2Data-4251-Type2;147476.0000;DATA;1612719172.716020
/ndn/h4-site/h4/C2Data-500-Type1;82013.0000;DATA;1612719173.246811
/ndn/h0-site/h0/C2Data-16-Type2;194957.0000;DATA;1612719174.017834
/ndn/v3-site/v3/C2Data-4009-Type2;50382.0000;DATA;1612719176.686171
/ndn/s0-site/s0/C2Data-2436-Type2;6001949.0000;TIMEOUT;1612719172.881112
/ndn/s8-site/s8/C2Data-3404-Type1;6017807.0000;TIMEOUT;1612719181.098680
/ndn/s3-site/s3/C2Data-2799-Type2;6003532.0000;TIMEOUT;1612719183.279290
/ndn/v1-site/v1/C2Data-3768-Type2;143349.0000;DATA;1612719208.579197
/ndn/v2-site/v2/C2Data-3889-Type2;141248.0000;DATA;1612719209.338966
/ndn/v0-site/v0/C2Data-1838-Type3;51821.0000;DATA;1612719209.886022
/ndn/s3-site/s3/C2Data-2800-Type1;6001319.0000;TIMEOUT;1612719204.797795
/ndn/h0-site/h0/C2Data-17-Type2;195960.0000;DATA;1612719210.715592
/ndn/d2-site/d2/C2Data-157-Type5;171792.0000;DATA;1612719211.919799
/ndn/s7-site/s7/C2Data-3284-Type1;6012633.0000;TIMEOUT;1612719206.367030
/ndn/h7-site/h7/C2Data-864-Type2;47096.0000;DATA;1612719213.240740
/ndn/d4-site/d4/C2Data-1711-Type1;129487.0000;DATA;1612719213.465475
/ndn/d1-site/d1/C2Data-1348-Type1;121708.0000;DATA;1612719213.986305
/ndn/s8-site/s8/C2Data-1716-Type3;6003077.0000;TIMEOUT;1612719209.081114
/ndn/s5-site/s5/C2Data-3042-Type1;6000460.0000;TIMEOUT;1612719209.232846
/ndn/s6-site/s6/C2Data-1594-Type3;6012895.0000;TIMEOUT;1612719216.104369
/ndn/s1-site/s1/C2Data-1289-Type3;6019919.0000;TIMEOUT;1612719216.176957
/ndn/d9-site/d9/C2Data-248-Type5;239418.0000;DATA;1612719233.883852
/ndn/h8-site/h8/C2Data-986-Type2;29882.0000;DATA;1612719235.074738
/ndn/h0-site/h0/C2Data-18-Type2;203537.0000;DATA;1612719235.458279
/ndn/v5-site/v5/C2Data-326-Type5;26567.0000;DATA;1612719236.935023
/ndn/v5-site/v5/C2Data-4253-Type1;24971.0000;DATA;1612719239.224447
/ndn/v4-site/v4/C2Data-4132-Type1;29773.0000;DATA;1612719242.392745
/ndn/d4-site/d4/C2Data-183-Type5;172894.0000;DATA;1612719252.665867
/ndn/h2-site/h2/C2Data-131-Type3;182408.0000;DATA;1612719260.069124
/ndn/d0-site/d0/C2Data-619-Type3;26746.0000;DATA;1612719262.785857
/ndn/v4-site/v4/C2Data-2083-Type3;102597.0000;DATA;1612719264.054913
/ndn/s7-site/s7/C2Data-1656-Type3;6002229.0000;TIMEOUT;1612719260.012844
