/C2Data/d2/C2Data-126-Type1;82120.0000;DATA;1609267442.370006
/C2Data/s1/C2Data-189-Type1;249377.0000;DATA;1609267447.216744
/C2Data/d2/C2Data-126-Type2;101385.0000;DATA;1609267450.034002
/C2Data/v3/C2Data-315-Type1;117794.0000;DATA;1609267454.916714
/C2Data/s3/C2Data-231-Type2;72476.0000;DATA;1609267459.948692
/C2Data/h1/C2Data-21-Type1;24110.0000;DATA;1609267463.341666
/C2Data/v3/C2Data-165-Type3;256101.0000;DATA;1609267495.642074
/C2Data/v1/C2Data-143-Type3;157936.0000;DATA;1609267504.360997
/C2Data/v1/C2Data-274-Type1;251745.0000;DATA;1609267504.988739
/C2Data/s0/C2Data-169-Type2;137100.0000;DATA;1609267510.518467
/C2Data/h3/C2Data-33-Type3;130721.0000;NACK;1609267513.602107
/C2Data/s2/C2Data-110-Type3;23889.0000;DATA;1609267519.565745
/C2Data/v2/C2Data-295-Type1;23868.0000;DATA;1609267519.825367
/C2Data/v3/C2Data-317-Type1;284299.0000;DATA;1609267564.401252
/C2Data/d2/C2Data-128-Type2;208820.0000;DATA;1609267567.397134
/C2Data/h1/C2Data-23-Type2;24150.0000;DATA;1609267570.114468
/C2Data/h3/C2Data-65-Type2;82410.0000;NACK;1609267582.637518
/C2Data/d0/C2Data-45-Type3;90920.0000;DATA;1609267614.380086
/C2Data/h0/C2Data-3-Type1;27437.0000;DATA;1609267626.796640
/C2Data/h0/C2Data-3-Type2;57879.0000;DATA;1609267626.832176
/C2Data/s0/C2Data-89-Type3;254420.0000;DATA;1609267629.898357
/C2Data/h3/C2Data-66-Type1;110026.0000;NACK;1609267633.840277
/C2Data/v3/C2Data-55-Type4;115284.0000;DATA;1609267642.809079
/C2Data/s1/C2Data-100-Type3;142649.0000;DATA;1609267654.026234
/C2Data/d1/C2Data-109-Type1;114978.0000;DATA;1609267690.072126
/C2Data/v3/C2Data-319-Type2;115023.0000;DATA;1609267692.689603
/C2Data/h2/C2Data-46-Type1;20836.0000;NACK;1609267695.825360
/C2Data/h2/C2Data-46-Type2;21495.0000;NACK;1609267704.676039
/C2Data/h0/C2Data-0-Type4;48222.0000;DATA;1609267710.347592
/C2Data/v2/C2Data-50-Type4;86378.0000;DATA;1609267729.859874
/C2Data/s2/C2Data-112-Type3;27115.0000;DATA;1609267732.907694
/C2Data/h2/C2Data-24-Type3;20999.0000;NACK;1609267738.351410
/C2Data/h1/C2Data-26-Type1;42698.0000;DATA;1609267751.860124
/C2Data/h3/C2Data-68-Type1;129873.0000;NACK;1609267753.773129
/C2Data/h1/C2Data-26-Type2;25790.0000;DATA;1609267756.474154
/C2Data/h2/C2Data-47-Type1;21583.0000;NACK;1609267758.690230
/C2Data/v3/C2Data-320-Type1;210183.0000;DATA;1609267759.485136
/C2Data/h0/C2Data-5-Type2;25728.0000;DATA;1609267763.467405
/C2Data/d0/C2Data-89-Type2;56009.0000;DATA;1609267763.655632
/C2Data/h1/C2Data-27-Type1;29848.0000;DATA;1609267812.066274
/C2Data/d1/C2Data-111-Type1;115823.0000;DATA;1609267815.043973
/C2Data/s1/C2Data-195-Type2;290245.0000;DATA;1609267820.108824
/C2Data/h1/C2Data-28-Type1;37351.0000;DATA;1609267878.750454
/C2Data/h1/C2Data-14-Type3;33370.0000;DATA;1609267880.143179
/C2Data/d3/C2Data-80-Type3;266999.0000;DATA;1609267880.992338
/C2Data/s2/C2Data-218-Type1;23755.0000;DATA;1609267929.608106
/C2Data/v1/C2Data-281-Type2;275123.0000;DATA;1609267940.928803
/C2Data/h2/C2Data-50-Type2;21092.0000;NACK;1609267948.262066
/C2Data/d2/C2Data-134-Type1;109515.0000;DATA;1609267955.331069
/C2Data/h0/C2Data-4-Type3;24032.0000;DATA;1609267988.165739
/C2Data/h3/C2Data-37-Type3;172310.0000;NACK;1609267994.744202
/C2Data/h1/C2Data-30-Type1;28949.0000;DATA;1609268021.229169
