/ndn/d4-site/d4/C2Data-1694-Type1;149755.0000;DATA;1612714525.326964
/ndn/h1-site/h1/C2Data-121-Type1;100871.0000;DATA;1612714526.070932
/ndn/d1-site/d1/C2Data-1331-Type2;178228.0000;DATA;1612714527.623428
/ndn/h0-site/h0/C2Data-0-Type1;210696.0000;DATA;1612714528.354923
/ndn/d7-site/d7/C2Data-2057-Type2;153071.0000;DATA;1612714530.585029
/ndn/v2-site/v2/C2Data-3872-Type2;144547.0000;DATA;1612714531.388245
/ndn/s7-site/s7/C2Data-3267-Type2;120548.0000;DATA;1612714532.862612
/ndn/s3-site/s3/C2Data-1403-Type3;34475.0000;DATA;1612714550.150397
/ndn/s7-site/s7/C2Data-1647-Type3;175771.0000;DATA;1612714551.479063
/ndn/h0-site/h0/C2Data-0-Type3;78786.0000;DATA;1612714553.287744
/ndn/s2-site/s2/C2Data-2663-Type2;125142.0000;DATA;1612714557.678948
/ndn/s4-site/s4/C2Data-1464-Type3;192000.0000;DATA;1612714560.069711
/ndn/d9-site/d9/C2Data-2300-Type1;129992.0000;DATA;1612714560.904080
/ndn/s7-site/s7/C2Data-3268-Type1;150252.0000;DATA;1612714561.234033
/ndn/s2-site/s2/C2Data-1342-Type3;129163.0000;DATA;1612714561.980947
/ndn/d1-site/d1/C2Data-1332-Type1;145687.0000;DATA;1612714563.940209
/ndn/v0-site/v0/C2Data-3631-Type2;100888.0000;DATA;1612714564.466819
/ndn/s3-site/s3/C2Data-2784-Type1;1192.0000;DATA;1612714565.426707
/ndn/h5-site/h5/C2Data-305-Type3;1708.0000;DATA;1612714565.459141
/ndn/d1-site/d1/C2Data-1333-Type2;172727.0000;DATA;1612714587.448593
/ndn/v6-site/v6/C2Data-4358-Type1;99633.0000;DATA;1612714588.566936
/ndn/s0-site/s0/C2Data-2422-Type2;133748.0000;DATA;1612714591.877137
/ndn/v5-site/v5/C2Data-4237-Type1;5285.0000;DATA;1612714592.085967
/ndn/h8-site/h8/C2Data-970-Type2;25409.0000;DATA;1612714592.435873
/ndn/s1-site/s1/C2Data-2543-Type1;89617.0000;DATA;1612714592.523114
/ndn/h4-site/h4/C2Data-245-Type3;75063.0000;DATA;1612714614.775096
/ndn/d1-site/d1/C2Data-1334-Type1;174472.0000;DATA;1612714614.771936
/ndn/v6-site/v6/C2Data-4359-Type2;98404.0000;DATA;1612714615.050164
/ndn/h4-site/h4/C2Data-487-Type2;77001.0000;DATA;1612714615.972912
/ndn/v3-site/v3/C2Data-2014-Type3;171675.0000;DATA;1612714617.293206
/ndn/h5-site/h5/C2Data-608-Type1;104380.0000;DATA;1612714617.784950
/ndn/s7-site/s7/C2Data-1648-Type3;928.0000;DATA;1612714618.001319
/ndn/v0-site/v0/C2Data-3633-Type1;123491.0000;DATA;1612714619.197169
/ndn/v8-site/v8/C2Data-4601-Type1;102557.0000;DATA;1612714619.981450
/ndn/v3-site/v3/C2Data-3996-Type1;232383.0000;DATA;1612714620.234122
/ndn/h1-site/h1/C2Data-25-Type4;131643.0000;DATA;1612714622.280694
/ndn/s7-site/s7/C2Data-3270-Type1;3516.0000;DATA;1612714622.595981
/ndn/h2-site/h2/C2Data-245-Type2;181618.0000;DATA;1612714622.613064
/ndn/s6-site/s6/C2Data-1587-Type3;97403.0000;DATA;1612714622.991584
/ndn/v0-site/v0/C2Data-1831-Type3;49885.0000;DATA;1612714623.913712
/ndn/h8-site/h8/C2Data-971-Type1;27093.0000;DATA;1612714623.982793
/ndn/v5-site/v5/C2Data-4238-Type2;1866.0000;DATA;1612714625.177096
/ndn/d9-site/d9/C2Data-2302-Type2;109126.0000;DATA;1612714625.914573
/ndn/s1-site/s1/C2Data-1282-Type3;6238.0000;DATA;1612714631.372130
/ndn/v3-site/v3/C2Data-575-Type4;147813.0000;DATA;1612714634.046108
/ndn/h4-site/h4/C2Data-100-Type4;41608.0000;DATA;1612714644.268813
/ndn/d8-site/d8/C2Data-2182-Type2;219535.0000;DATA;1612714645.069777
/ndn/h3-site/h3/C2Data-367-Type2;137541.0000;DATA;1612714645.415560
/ndn/h2-site/h2/C2Data-246-Type1;175609.0000;DATA;1612714647.417704
/ndn/d4-site/d4/C2Data-1698-Type2;136161.0000;DATA;1612714647.664093
/ndn/v8-site/v8/C2Data-4602-Type1;102190.0000;DATA;1612714648.739922
/ndn/s9-site/s9/C2Data-3513-Type1;51791.0000;DATA;1612714649.133159
/ndn/h6-site/h6/C2Data-150-Type4;1265.0000;DATA;1612714649.212053
/ndn/h3-site/h3/C2Data-75-Type4;82930.0000;DATA;1612714649.560099
/ndn/s6-site/s6/C2Data-3150-Type1;174962.0000;DATA;1612714649.919395
/ndn/v9-site/v9/C2Data-4723-Type2;201491.0000;DATA;1612714649.860943
/ndn/d6-site/d6/C2Data-1940-Type1;32315.0000;DATA;1612714651.490863
/ndn/s2-site/s2/C2Data-2666-Type2;60656.0000;DATA;1612714651.885811
/ndn/h0-site/h0/C2Data-4-Type2;49039.0000;DATA;1612714653.958892
/ndn/d8-site/d8/C2Data-2182-Type1;103654.0000;DATA;1612714654.020913
/ndn/s7-site/s7/C2Data-3271-Type2;52008.0000;DATA;1612714654.719022
/ndn/d5-site/d5/C2Data-1819-Type1;284640.0000;DATA;1612714656.424591
/ndn/v9-site/v9/C2Data-2381-Type3;229382.0000;DATA;1612714671.678026
/ndn/h9-site/h9/C2Data-551-Type3;251551.0000;DATA;1612714672.816165
/ndn/h4-site/h4/C2Data-246-Type3;80436.0000;DATA;1612714673.405046
/ndn/v1-site/v1/C2Data-3756-Type1;121604.0000;DATA;1612714674.803951
/ndn/h5-site/h5/C2Data-610-Type1;101773.0000;DATA;1612714675.474147
/ndn/d4-site/d4/C2Data-350-Type4;68679.0000;DATA;1612714677.781086
/ndn/s2-site/s2/C2Data-2667-Type2;143417.0000;DATA;1612714678.215071
/ndn/h4-site/h4/C2Data-489-Type2;91551.0000;DATA;1612714678.563951
/ndn/h2-site/h2/C2Data-124-Type3;146823.0000;DATA;1612714679.102984
/ndn/v3-site/v3/C2Data-3998-Type2;140073.0000;DATA;1612714682.304671
/ndn/h7-site/h7/C2Data-429-Type3;53600.0000;DATA;1612714682.910006
/ndn/s7-site/s7/C2Data-1649-Type3;96070.0000;DATA;1612714683.708603
/ndn/v5-site/v5/C2Data-2137-Type3;1001.0000;DATA;1612714684.579989
/ndn/v5-site/v5/C2Data-4241-Type1;87515.0000;DATA;1612714705.522021
/ndn/s7-site/s7/C2Data-3273-Type2;158059.0000;DATA;1612714707.701351
/ndn/h6-site/h6/C2Data-732-Type2;48834.0000;DATA;1612714713.241795
/ndn/s4-site/s4/C2Data-2910-Type1;239571.0000;DATA;1612714713.243836
/ndn/s2-site/s2/C2Data-2668-Type2;626191.0000;DATA;1612714713.331701
/ndn/d1-site/d1/C2Data-1337-Type1;147336.0000;DATA;1612714714.078026
/ndn/d7-site/d7/C2Data-1040-Type3;72535.0000;DATA;1612714733.241990
/ndn/v0-site/v0/C2Data-1833-Type3;99544.0000;DATA;1612714734.794877
/ndn/v6-site/v6/C2Data-4363-Type2;110543.0000;DATA;1612714734.924286
/ndn/v5-site/v5/C2Data-4242-Type2;1366.0000;DATA;1612714735.771096
/ndn/s1-site/s1/C2Data-1284-Type3;73972.0000;DATA;1612714735.816735
/ndn/v2-site/v2/C2Data-3879-Type1;212011.0000;DATA;1612714738.969971
/ndn/s1-site/s1/C2Data-2548-Type1;1521.0000;DATA;1612714739.883624
/ndn/h4-site/h4/C2Data-491-Type1;74495.0000;DATA;1612714741.306604
/ndn/s4-site/s4/C2Data-1467-Type3;126035.0000;DATA;1612714741.894048
/ndn/s2-site/s2/C2Data-1345-Type3;52666.0000;DATA;1612714742.324480
/ndn/d8-site/d8/C2Data-2185-Type2;232893.0000;DATA;1612714746.463642
/ndn/v7-site/v7/C2Data-351-Type5;167758.0000;DATA;1612714748.957055
/ndn/v9-site/v9/C2Data-377-Type5;133334.0000;DATA;1612714752.890683
/ndn/v3-site/v3/C2Data-299-Type5;7939.0000;DATA;1612714759.419727
/ndn/s7-site/s7/C2Data-3275-Type1;187162.0000;DATA;1612714766.494434
/ndn/d1-site/d1/C2Data-1339-Type1;222336.0000;DATA;1612714766.509753
/ndn/s1-site/s1/C2Data-2549-Type2;92496.0000;DATA;1612714766.821100
/ndn/v6-site/v6/C2Data-4364-Type1;99464.0000;DATA;1612714767.121406
/ndn/v2-site/v2/C2Data-3880-Type1;133441.0000;DATA;1612714769.528091
/ndn/d3-site/d3/C2Data-1581-Type1;54697.0000;DATA;1612714772.630137
/ndn/h5-site/h5/C2Data-613-Type2;97319.0000;DATA;1612714773.100862
/ndn/h8-site/h8/C2Data-976-Type1;2681.0000;DATA;1612714774.747229
/ndn/s4-site/s4/C2Data-2912-Type2;149273.0000;DATA;1612714774.741175
/ndn/v2-site/v2/C2Data-3880-Type2;174276.0000;DATA;1612714776.694536
/ndn/h0-site/h0/C2Data-0-Type5;228912.0000;DATA;1612714785.121015
/ndn/d1-site/d1/C2Data-675-Type3;199228.0000;DATA;1612714790.020772
/ndn/s1-site/s1/C2Data-1285-Type3;83106.0000;DATA;1612714793.559737
/ndn/d9-site/d9/C2Data-247-Type5;115669.0000;DATA;1612714794.311526
/ndn/d9-site/d9/C2Data-476-Type4;49434.0000;DATA;1612714794.893606
/ndn/h7-site/h7/C2Data-856-Type1;59091.0000;DATA;1612714795.237308
/ndn/h8-site/h8/C2Data-104-Type5;25925.0000;DATA;1612714795.377485
/ndn/d7-site/d7/C2Data-1041-Type3;76854.0000;DATA;1612714796.982267
/ndn/v7-site/v7/C2Data-2261-Type3;147354.0000;DATA;1612714796.921432
/ndn/s2-site/s2/C2Data-1346-Type3;106886.0000;DATA;1612714797.232868
/ndn/s8-site/s8/C2Data-1712-Type3;97943.0000;DATA;1612714797.788240
/ndn/s0-site/s0/C2Data-1224-Type3;125195.0000;DATA;1612714797.797189
/ndn/h8-site/h8/C2Data-492-Type3;25075.0000;DATA;1612714799.011986
/ndn/d3-site/d3/C2Data-1582-Type2;1354.0000;DATA;1612714799.397061
/ndn/v3-site/v3/C2Data-4002-Type2;97274.0000;DATA;1612714799.836182
/ndn/v9-site/v9/C2Data-4728-Type2;211054.0000;DATA;1612714799.896989
/ndn/d8-site/d8/C2Data-1102-Type3;50405.0000;DATA;1612714800.912091
/ndn/h4-site/h4/C2Data-248-Type3;27780.0000;DATA;1612714801.783926
/ndn/h4-site/h4/C2Data-493-Type2;81557.0000;DATA;1612714802.757663
/ndn/v0-site/v0/C2Data-3639-Type2;116343.0000;DATA;1612714802.821040
/ndn/h4-site/h4/C2Data-101-Type4;1085.0000;DATA;1612714804.095561
/ndn/d5-site/d5/C2Data-919-Type3;104832.0000;DATA;1612714806.186020
/ndn/v7-site/v7/C2Data-4486-Type2;101266.0000;DATA;1612714806.245652
/ndn/s6-site/s6/C2Data-1590-Type3;1804.0000;DATA;1612714807.383010
/ndn/v3-site/v3/C2Data-576-Type4;108483.0000;DATA;1612714808.038331
/ndn/s4-site/s4/C2Data-1468-Type3;83306.0000;DATA;1612714809.178518
/ndn/s9-site/s9/C2Data-1773-Type3;7361.0000;DATA;1612714810.436322
/ndn/v5-site/v5/C2Data-626-Type4;2057.0000;DATA;1612714820.270815
/ndn/v9-site/v9/C2Data-726-Type4;58335.0000;DATA;1612714823.529073
/ndn/d6-site/d6/C2Data-208-Type5;38351.0000;DATA;1612714824.536938
/ndn/d4-site/d4/C2Data-1704-Type2;153690.0000;DATA;1612714827.934546
/ndn/v9-site/v9/C2Data-4729-Type1;115828.0000;DATA;1612714829.327258
/ndn/d7-site/d7/C2Data-221-Type5;80701.0000;DATA;1612714829.953511
/ndn/s6-site/s6/C2Data-3156-Type1;302104.0000;DATA;1612714830.744584
/ndn/v7-site/v7/C2Data-4487-Type1;209679.0000;DATA;1612714831.091242
/ndn/v4-site/v4/C2Data-312-Type5;43951.0000;DATA;1612714831.504966
/ndn/s4-site/s4/C2Data-2914-Type1;127131.0000;DATA;1612714831.882868
/ndn/v6-site/v6/C2Data-4366-Type2;78685.0000;DATA;1612714833.153526
/ndn/s0-site/s0/C2Data-2430-Type2;6542.0000;DATA;1612714834.481675
/ndn/v3-site/v3/C2Data-4003-Type1;186880.0000;DATA;1612714835.143539
/ndn/s3-site/s3/C2Data-2793-Type1;988.0000;DATA;1612714835.812981
/ndn/h0-site/h0/C2Data-10-Type2;245793.0000;DATA;1612714835.816993
/ndn/d2-site/d2/C2Data-737-Type3;281096.0000;DATA;1612714851.721818
/ndn/v9-site/v9/C2Data-2384-Type3;107891.0000;DATA;1612714853.436617
/ndn/h1-site/h1/C2Data-132-Type2;120527.0000;DATA;1612714855.070986
/ndn/v5-site/v5/C2Data-4246-Type1;85238.0000;DATA;1612714855.817748
/ndn/d8-site/d8/C2Data-2189-Type2;123025.0000;DATA;1612714862.516372
/ndn/h4-site/h4/C2Data-495-Type2;87386.0000;DATA;1612714864.020722
/ndn/s7-site/s7/C2Data-3278-Type1;6000394.0000;TIMEOUT;1612714858.345029
/ndn/d3-site/d3/C2Data-1584-Type1;51719.0000;DATA;1612714866.650246
/ndn/v4-site/v4/C2Data-2079-Type3;4252.0000;DATA;1612714868.164059
/ndn/v7-site/v7/C2Data-4489-Type2;161626.0000;DATA;1612714885.436615
/ndn/s4-site/s4/C2Data-2916-Type1;245290.0000;DATA;1612714886.189022
/ndn/h3-site/h3/C2Data-375-Type2;118844.0000;DATA;1612714887.066114
/ndn/s3-site/s3/C2Data-2795-Type1;24366.0000;DATA;1612714888.037413
/ndn/s7-site/s7/C2Data-3279-Type1;6001471.0000;TIMEOUT;1612714886.751028
/ndn/s5-site/s5/C2Data-3037-Type2;80348.0000;DATA;1612714893.791569
/ndn/v8-site/v8/C2Data-4610-Type2;103956.0000;DATA;1612714895.975395
/ndn/h7-site/h7/C2Data-433-Type3;59353.0000;DATA;1612714909.892276
/ndn/h1-site/h1/C2Data-67-Type3;185961.0000;DATA;1612714910.708970
/ndn/v3-site/v3/C2Data-2019-Type3;410802.0000;DATA;1612714912.743636
/ndn/h9-site/h9/C2Data-555-Type3;198959.0000;DATA;1612714915.184088
/ndn/s5-site/s5/C2Data-1531-Type3;6019950.0000;TIMEOUT;1612714910.545215
/ndn/d6-site/d6/C2Data-982-Type3;4624.0000;DATA;1612714916.684074
/ndn/d7-site/d7/C2Data-2070-Type1;146858.0000;DATA;1612714918.884952
/ndn/d5-site/d5/C2Data-1828-Type2;217849.0000;DATA;1612714919.303261
/ndn/v4-site/v4/C2Data-4127-Type2;76269.0000;DATA;1612714920.117769
/ndn/v2-site/v2/C2Data-3885-Type2;198176.0000;DATA;1612714920.861976
/ndn/v8-site/v8/C2Data-4611-Type2;48328.0000;DATA;1612714921.328430
/ndn/h6-site/h6/C2Data-152-Type4;1401.0000;DATA;1612714927.833736
/ndn/h0-site/h0/C2Data-6-Type3;185010.0000;DATA;1612714928.226786
/ndn/s8-site/s8/C2Data-1714-Type3;6004079.0000;TIMEOUT;1612714924.876844
/ndn/d9-site/d9/C2Data-1165-Type3;67473.0000;DATA;1612714931.023871
/ndn/h2-site/h2/C2Data-52-Type4;89062.0000;DATA;1612714943.062618
/ndn/h4-site/h4/C2Data-498-Type1;74453.0000;DATA;1612714946.315963
/ndn/v0-site/v0/C2Data-502-Type4;126931.0000;DATA;1612714947.020709
/ndn/h2-site/h2/C2Data-256-Type1;151713.0000;DATA;1612714948.617023
/ndn/h9-site/h9/C2Data-1103-Type2;215876.0000;DATA;1612714949.136501
/ndn/d7-site/d7/C2Data-2071-Type1;127606.0000;DATA;1612714949.309911
/ndn/d9-site/d9/C2Data-2313-Type1;251308.0000;DATA;1612714951.365472
/ndn/h3-site/h3/C2Data-377-Type2;116239.0000;DATA;1612714955.942949
/ndn/s8-site/s8/C2Data-3402-Type1;6003999.0000;TIMEOUT;1612714951.318185
/ndn/d8-site/d8/C2Data-1105-Type3;267349.0000;DATA;1612714970.731593
/ndn/v1-site/v1/C2Data-1898-Type3;135128.0000;DATA;1612714973.681002
/ndn/v9-site/v9/C2Data-2386-Type3;119805.0000;DATA;1612714974.396334
/ndn/h4-site/h4/C2Data-499-Type2;75352.0000;DATA;1612714975.287405
/ndn/s4-site/s4/C2Data-1471-Type3;6015256.0000;TIMEOUT;1612714969.404143
/ndn/v8-site/v8/C2Data-702-Type4;47928.0000;DATA;1612714975.688050
/ndn/d4-site/d4/C2Data-352-Type4;7880.0000;DATA;1612714977.493830
/ndn/h5-site/h5/C2Data-620-Type2;99975.0000;DATA;1612714977.847546
/ndn/h4-site/h4/C2Data-499-Type1;53103.0000;DATA;1612714978.108444
/ndn/d7-site/d7/C2Data-2072-Type1;180421.0000;DATA;1612714979.372078
/ndn/h7-site/h7/C2Data-862-Type2;52088.0000;DATA;1612714979.728641
/ndn/d8-site/d8/C2Data-2193-Type2;250639.0000;DATA;1612714982.140128
/ndn/d9-site/d9/C2Data-2314-Type2;120206.0000;DATA;1612714984.037956
/ndn/s0-site/s0/C2Data-2435-Type2;6005188.0000;TIMEOUT;1612714979.919990
/ndn/h7-site/h7/C2Data-434-Type3;51576.0000;DATA;1612714986.479253
/ndn/s3-site/s3/C2Data-2798-Type2;6003002.0000;TIMEOUT;1612714981.221412
/ndn/s1-site/s1/C2Data-2556-Type2;6004757.0000;TIMEOUT;1612714983.195414
/ndn/s9-site/s9/C2Data-3524-Type1;6003069.0000;TIMEOUT;1612714984.462843
/ndn/s0-site/s0/C2Data-1227-Type3;6007528.0000;TIMEOUT;1612714990.928919
/ndn/d3-site/d3/C2Data-1589-Type2;50089.0000;DATA;1612715006.850449
/ndn/v3-site/v3/C2Data-4009-Type2;206878.0000;DATA;1612715008.544234
/ndn/d7-site/d7/C2Data-2073-Type2;100143.0000;DATA;1612715010.179750
/ndn/v8-site/v8/C2Data-4614-Type1;106715.0000;DATA;1612715010.709178
/ndn/s2-site/s2/C2Data-2678-Type2;6003000.0000;TIMEOUT;1612715008.503035
/ndn/v0-site/v0/C2Data-3646-Type1;120675.0000;DATA;1612715015.656734
/ndn/s4-site/s4/C2Data-2920-Type1;6009081.0000;TIMEOUT;1612715011.751683
/ndn/d8-site/d8/C2Data-126-Type6;380508.0000;DATA;1612715022.710466
/ndn/d9-site/d9/C2Data-1167-Type3;237529.0000;DATA;1612715033.852654
/ndn/h9-site/h9/C2Data-557-Type3;265204.0000;DATA;1612715035.052640
/ndn/v0-site/v0/C2Data-3647-Type1;100229.0000;DATA;1612715035.964394
/ndn/v9-site/v9/C2Data-2387-Type3;122956.0000;DATA;1612715036.859363
/ndn/d5-site/d5/C2Data-1832-Type1;226130.0000;DATA;1612715036.961986
/ndn/v5-site/v5/C2Data-4252-Type2;50035.0000;DATA;1612715037.989117
/ndn/s8-site/s8/C2Data-1716-Type3;6000998.0000;TIMEOUT;1612715034.501464
/ndn/v7-site/v7/C2Data-2265-Type3;10280.0000;DATA;1612715040.820382
/ndn/d4-site/d4/C2Data-1711-Type2;95982.0000;DATA;1612715040.837167
/ndn/s3-site/s3/C2Data-2800-Type1;6000538.0000;TIMEOUT;1612715035.612953
/ndn/s4-site/s4/C2Data-1472-Type3;6008613.0000;TIMEOUT;1612715035.901814
/ndn/d5-site/d5/C2Data-1832-Type2;220737.0000;DATA;1612715041.677221
/ndn/h4-site/h4/C2Data-501-Type1;73715.0000;DATA;1612715042.801272
/ndn/v2-site/v2/C2Data-3889-Type2;133664.0000;DATA;1612715042.862912
/ndn/v2-site/v2/C2Data-3889-Type1;140383.0000;DATA;1612715043.334325
/ndn/v4-site/v4/C2Data-4131-Type1;88924.0000;DATA;1612715045.533651
/ndn/s8-site/s8/C2Data-3405-Type1;6001040.0000;TIMEOUT;1612715041.335952
/ndn/s1-site/s1/C2Data-2558-Type1;6001321.0000;TIMEOUT;1612715041.992007
/ndn/v0-site/v0/C2Data-1838-Type3;828.0000;DATA;1612715051.151345
/ndn/v1-site/v1/C2Data-1899-Type3;154739.0000;DATA;1612715052.275335
/ndn/s5-site/s5/C2Data-1533-Type3;6009514.0000;TIMEOUT;1612715048.333608
/ndn/s0-site/s0/C2Data-1228-Type3;6016074.0000;TIMEOUT;1612715050.048260
/ndn/v7-site/v7/C2Data-4495-Type2;151479.0000;DATA;1612715064.879420
/ndn/v6-site/v6/C2Data-4374-Type2;97387.0000;DATA;1612715065.936212
/ndn/h5-site/h5/C2Data-623-Type1;95957.0000;DATA;1612715066.324067
/ndn/h9-site/h9/C2Data-118-Type5;237231.0000;DATA;1612715068.017641
/ndn/v5-site/v5/C2Data-4253-Type1;49433.0000;DATA;1612715068.528876
/ndn/v4-site/v4/C2Data-4132-Type2;1228.0000;DATA;1612715068.930053
/ndn/h5-site/h5/C2Data-623-Type2;104301.0000;DATA;1612715070.113645
/ndn/d4-site/d4/C2Data-1712-Type2;99604.0000;DATA;1612715070.282996
/ndn/v3-site/v3/C2Data-4011-Type2;1546.0000;DATA;1612715073.674692
/ndn/d3-site/d3/C2Data-1591-Type2;49918.0000;DATA;1612715075.580020
/ndn/s9-site/s9/C2Data-3527-Type1;6007594.0000;TIMEOUT;1612715073.417627
/ndn/d5-site/d5/C2Data-378-Type4;240954.0000;DATA;1612715081.837583
/ndn/s7-site/s7/C2Data-3285-Type1;6001653.0000;TIMEOUT;1612715076.632926
/ndn/v7-site/v7/C2Data-352-Type5;106484.0000;DATA;1612715082.930503
/ndn/d4-site/d4/C2Data-863-Type3;147323.0000;DATA;1612715088.815096
/ndn/v9-site/v9/C2Data-2388-Type3;239055.0000;DATA;1612715090.317441
/ndn/d9-site/d9/C2Data-1168-Type3;274409.0000;DATA;1612715090.395296
/ndn/d3-site/d3/C2Data-802-Type3;79889.0000;DATA;1612715092.536021
/ndn/h0-site/h0/C2Data-9-Type3;111237.0000;DATA;1612715092.677977
/ndn/h7-site/h7/C2Data-436-Type3;70834.0000;DATA;1612715094.690317
/ndn/d8-site/d8/C2Data-2197-Type1;234015.0000;DATA;1612715096.576990
/ndn/h1-site/h1/C2Data-28-Type4;114802.0000;DATA;1612715098.935038
/ndn/d3-site/d3/C2Data-1592-Type2;904.0000;DATA;1612715099.312979
