/C2Data/d1/C2Data-105-Type2;146487.0000;DATA;1609195599.301795
/C2Data/d1/C2Data-105-Type1;152987.0000;DATA;1609195616.150384
/C2Data/d1/C2Data-106-Type1;239894.0000;DATA;1609195658.121004
/C2Data/s1/C2Data-190-Type2;190689.0000;DATA;1609195659.336774
/C2Data/h0/C2Data-0-Type3;54775.0000;DATA;1609195664.490052
/C2Data/v2/C2Data-295-Type1;26305.0000;DATA;1609195678.150875
/C2Data/v3/C2Data-165-Type3;144293.0000;DATA;1609195683.508763
/C2Data/d2/C2Data-66-Type3;91631.0000;DATA;1609195684.896270
/C2Data/d3/C2Data-77-Type3;103805.0000;NACK;1609195685.651612
/C2Data/v2/C2Data-154-Type3;23792.0000;DATA;1609195693.572091
/C2Data/s0/C2Data-170-Type2;122412.0000;DATA;1609195725.304321
/C2Data/d3/C2Data-149-Type1;110860.0000;NACK;1609195731.049643
/C2Data/s1/C2Data-191-Type2;186893.0000;DATA;1609195733.700967
/C2Data/d1/C2Data-107-Type1;149457.0000;DATA;1609195735.916020
/C2Data/s3/C2Data-233-Type1;78866.0000;DATA;1609195741.656340
/C2Data/s2/C2Data-111-Type3;55986.0000;NACK;1609195769.058428
/C2Data/v0/C2Data-255-Type1;31131.0000;DATA;1609195786.213824
/C2Data/s1/C2Data-100-Type3;203005.0000;DATA;1609195788.931769
/C2Data/v0/C2Data-133-Type3;32858.0000;DATA;1609195795.734883
/C2Data/h3/C2Data-15-Type4;136523.0000;DATA;1609195834.157621
/C2Data/d3/C2Data-151-Type2;112596.0000;NACK;1609195841.034029
/C2Data/d1/C2Data-109-Type1;179525.0000;DATA;1609195846.754592
/C2Data/d3/C2Data-151-Type1;125992.0000;NACK;1609195848.433717
/C2Data/h2/C2Data-10-Type4;24955.0000;DATA;1609195852.302065
/C2Data/d0/C2Data-88-Type1;90427.0000;DATA;1609195854.814197
/C2Data/v1/C2Data-277-Type1;167476.0000;DATA;1609195854.914233
/C2Data/h2/C2Data-46-Type2;25517.0000;DATA;1609195859.983247
/C2Data/s1/C2Data-194-Type1;201510.0000;DATA;1609195901.793324
/C2Data/v0/C2Data-257-Type1;24604.0000;DATA;1609195902.152927
/C2Data/h3/C2Data-68-Type1;116780.0000;DATA;1609195913.098035
/C2Data/s3/C2Data-123-Type3;80017.0000;DATA;1609195917.596354
/C2Data/v3/C2Data-320-Type2;152448.0000;DATA;1609195918.517254
/C2Data/s3/C2Data-236-Type2;78936.0000;DATA;1609195918.678449
/C2Data/s1/C2Data-195-Type2;227979.0000;DATA;1609195971.125341
/C2Data/h3/C2Data-69-Type2;139428.0000;DATA;1609195972.424307
/C2Data/v1/C2Data-279-Type2;156155.0000;DATA;1609195973.940721
/C2Data/h2/C2Data-49-Type1;25211.0000;DATA;1609196022.804829
/C2Data/v0/C2Data-135-Type3;23681.0000;DATA;1609196024.139576
/C2Data/d1/C2Data-112-Type2;140381.0000;DATA;1609196024.784712
/C2Data/s3/C2Data-124-Type3;73941.0000;DATA;1609196042.678280
/C2Data/h0/C2Data-3-Type3;49116.0000;DATA;1609196043.714853
/C2Data/s1/C2Data-102-Type3;213649.0000;DATA;1609196046.371909
/C2Data/d1/C2Data-113-Type1;150147.0000;DATA;1609196085.549524
/C2Data/h3/C2Data-71-Type2;124902.0000;DATA;1609196087.365087
/C2Data/d1/C2Data-113-Type2;146202.0000;DATA;1609196096.812210
/C2Data/v3/C2Data-323-Type2;146828.0000;DATA;1609196104.056071
/C2Data/d2/C2Data-31-Type4;147837.0000;DATA;1609196104.561954
/C2Data/d2/C2Data-134-Type2;108401.0000;DATA;1609196111.259900
/C2Data/d1/C2Data-59-Type3;147498.0000;DATA;1609196134.392948
/C2Data/v1/C2Data-282-Type2;165787.0000;DATA;1609196157.085252
/C2Data/s1/C2Data-198-Type2;6007467.0000;TIMEOUT;1609196163.658585
