/ndn/d9-site/d9/C2Data-2904-Type1;147190.0000;DATA;1611602585.725680
/ndn/d6-site/d6/C2Data-2541-Type2;192535.0000;DATA;1611602586.713819
/ndn/v6-site/v6/C2Data-6171-Type2;23752.0000;DATA;1611602588.807509
/ndn/s3-site/s3/C2Data-3993-Type2;215812.0000;DATA;1611602590.350565
/ndn/s2-site/s2/C2Data-3872-Type2;47856.0000;DATA;1611602591.593554
/ndn/v10-site/v10/C2Data-6655-Type1;477.0000;NACK;1611602592.169522
/ndn/d14-site/d14/C2Data-3509-Type1;25691.0000;DATA;1611602593.331549
/ndn/v12-site/v12/C2Data-6897-Type1;626.0000;NACK;1611602595.057527
/ndn/d13-site/d13/C2Data-3388-Type2;24352.0000;DATA;1611602596.293447
/ndn/h3-site/h3/C2Data-183-Type3;141563.0000;DATA;1611602611.154479
/ndn/h6-site/h6/C2Data-366-Type3;163396.0000;DATA;1611602612.072447
/ndn/v9-site/v9/C2Data-3294-Type3;472.0000;NACK;1611602617.719491
/ndn/d3-site/d3/C2Data-2179-Type1;170136.0000;DATA;1611602618.470580
/ndn/h5-site/h5/C2Data-305-Type3;120624.0000;DATA;1611602618.937500
/ndn/v2-site/v2/C2Data-2867-Type3;81726.0000;DATA;1611602619.697484
/ndn/d11-site/d11/C2Data-3147-Type1;119923.0000;DATA;1611602620.857758
/ndn/d3-site/d3/C2Data-2179-Type2;163876.0000;DATA;1611602621.413500
/ndn/v4-site/v4/C2Data-2989-Type3;202179.0000;DATA;1611602622.441569
/ndn/s3-site/s3/C2Data-2013-Type3;219609.0000;DATA;1611602622.459476
/ndn/d0-site/d0/C2Data-1816-Type2;74996.0000;DATA;1611602623.153465
/ndn/h11-site/h11/C2Data-1332-Type2;48659.0000;DATA;1611602623.200482
/ndn/h10-site/h10/C2Data-610-Type3;165620.0000;DATA;1611602623.513471
/ndn/s14-site/s14/C2Data-5325-Type2;49682.0000;DATA;1611602623.935508
/ndn/d13-site/d13/C2Data-1708-Type3;25084.0000;DATA;1611602624.756478
/ndn/v0-site/v0/C2Data-5446-Type2;198083.0000;DATA;1611602625.232462
/ndn/h9-site/h9/C2Data-549-Type3;139785.0000;DATA;1611602625.910504
/ndn/h7-site/h7/C2Data-848-Type2;216380.0000;DATA;1611602626.487542
/ndn/v10-site/v10/C2Data-3355-Type3;125604.0000;DATA;1611602626.718536
/ndn/d1-site/d1/C2Data-976-Type3;100395.0000;DATA;1611602629.009489
/ndn/s12-site/s12/C2Data-5084-Type1;224734.0000;DATA;1611602645.837607
/ndn/s8-site/s8/C2Data-4600-Type2;47042.0000;DATA;1611602646.201529
/ndn/v5-site/v5/C2Data-6052-Type2;198963.0000;DATA;1611602647.075530
/ndn/s1-site/s1/C2Data-3753-Type1;243016.0000;DATA;1611602649.104498
/ndn/d0-site/d0/C2Data-1817-Type1;69463.0000;DATA;1611602651.679558
/ndn/d12-site/d12/C2Data-3269-Type2;98295.0000;DATA;1611602652.070506
/ndn/s5-site/s5/C2Data-4237-Type1;97222.0000;DATA;1611602652.729630
/ndn/h7-site/h7/C2Data-849-Type1;207651.0000;DATA;1611602652.735454
/ndn/h6-site/h6/C2Data-728-Type2;166295.0000;DATA;1611602652.946534
/ndn/v6-site/v6/C2Data-6173-Type1;23772.0000;DATA;1611602653.841752
/ndn/h12-site/h12/C2Data-1454-Type2;121769.0000;DATA;1611602654.597661
/ndn/s5-site/s5/C2Data-4237-Type2;96772.0000;DATA;1611602654.770507
/ndn/v7-site/v7/C2Data-6294-Type2;152596.0000;DATA;1611602655.866515
/ndn/v8-site/v8/C2Data-6415-Type2;193289.0000;DATA;1611602656.751509
/ndn/s4-site/s4/C2Data-2075-Type3;128838.0000;DATA;1611602669.100558
/ndn/s5-site/s5/C2Data-2136-Type3;100326.0000;DATA;1611602671.297466
/ndn/d6-site/d6/C2Data-1282-Type3;185077.0000;DATA;1611602674.490002
/ndn/v13-site/v13/C2Data-7021-Type1;73027.0000;DATA;1611602676.431476
/ndn/s3-site/s3/C2Data-3996-Type1;223192.0000;DATA;1611602676.371527
/ndn/v5-site/v5/C2Data-6053-Type2;196443.0000;DATA;1611602676.831472
/ndn/d7-site/d7/C2Data-2665-Type2;117122.0000;DATA;1611602676.957625
/ndn/h4-site/h4/C2Data-245-Type3;170274.0000;DATA;1611602677.915510
/ndn/v12-site/v12/C2Data-3478-Type3;169804.0000;DATA;1611602678.007526
/ndn/d8-site/d8/C2Data-2786-Type1;72595.0000;DATA;1611602678.402552
/ndn/d2-site/d2/C2Data-2060-Type1;47926.0000;DATA;1611602678.800548
/ndn/v10-site/v10/C2Data-3356-Type3;118139.0000;DATA;1611602680.512532
/ndn/d2-site/d2/C2Data-2060-Type2;48552.0000;DATA;1611602680.708458
/ndn/h12-site/h12/C2Data-1455-Type2;119832.0000;DATA;1611602680.844492
/ndn/h9-site/h9/C2Data-1092-Type1;139636.0000;DATA;1611602681.601492
/ndn/v6-site/v6/C2Data-900-Type4;23727.0000;DATA;1611602683.685484
/ndn/d5-site/d5/C2Data-2423-Type2;143227.0000;DATA;1611602684.028445
/ndn/v9-site/v9/C2Data-6537-Type1;191141.0000;DATA;1611602684.166539
/ndn/s12-site/s12/C2Data-5085-Type1;6001116.0000;TIMEOUT;1611602681.963379
/ndn/h9-site/h9/C2Data-550-Type3;145190.0000;DATA;1611602688.507487
/ndn/s7-site/s7/C2Data-2258-Type3;6000479.0000;TIMEOUT;1611602683.625508
/ndn/v2-site/v2/C2Data-2868-Type3;149835.0000;DATA;1611602689.674489
/ndn/s11-site/s11/C2Data-4964-Type2;6000292.0000;TIMEOUT;1611602684.815508
/ndn/v5-site/v5/C2Data-3051-Type3;188743.0000;DATA;1611602691.899521
/ndn/d8-site/d8/C2Data-1404-Type3;75074.0000;DATA;1611602692.099451
/ndn/s6-site/s6/C2Data-2197-Type3;6002563.0000;TIMEOUT;1611602686.747572
/ndn/h4-site/h4/C2Data-488-Type1;176831.0000;DATA;1611602705.156523
/ndn/v1-site/v1/C2Data-5570-Type1;171965.0000;DATA;1611602705.270537
/ndn/h0-site/h0/C2Data-4-Type2;205116.0000;DATA;1611602706.658561
/ndn/v1-site/v1/C2Data-775-Type4;166605.0000;DATA;1611602708.591596
/ndn/h5-site/h5/C2Data-609-Type1;120099.0000;DATA;1611602709.402561
/ndn/d4-site/d4/C2Data-2303-Type1;47496.0000;DATA;1611602710.315551
/ndn/h12-site/h12/C2Data-1456-Type2;120788.0000;DATA;1611602711.619544
/ndn/s13-site/s13/C2Data-5207-Type1;6001008.0000;TIMEOUT;1611602706.268519
/ndn/v12-site/v12/C2Data-1050-Type4;164664.0000;DATA;1611602712.452574
/ndn/d2-site/d2/C2Data-2061-Type2;50597.0000;DATA;1611602713.136498
/ndn/d11-site/d11/C2Data-3150-Type1;122160.0000;DATA;1611602713.309631
/ndn/h12-site/h12/C2Data-1456-Type1;117773.0000;DATA;1611602713.341548
/ndn/v3-site/v3/C2Data-5812-Type2;93858.0000;DATA;1611602714.981536
/ndn/h11-site/h11/C2Data-1335-Type2;47176.0000;DATA;1611602716.151666
/ndn/s7-site/s7/C2Data-4481-Type2;6002081.0000;TIMEOUT;1611602712.059464
/ndn/h0-site/h0/C2Data-0-Type4;203674.0000;DATA;1611602719.437655
/ndn/s6-site/s6/C2Data-4360-Type2;6000608.0000;TIMEOUT;1611602716.722559
/ndn/h2-site/h2/C2Data-50-Type4;153109.0000;DATA;1611602723.358245
/ndn/v5-site/v5/C2Data-3052-Type3;191858.0000;DATA;1611602731.646589
/ndn/d0-site/d0/C2Data-375-Type4;71832.0000;DATA;1611602732.791442
/ndn/h2-site/h2/C2Data-247-Type1;122610.0000;DATA;1611602737.688655
/ndn/d7-site/d7/C2Data-2667-Type1;122778.0000;DATA;1611602739.523543
/ndn/h3-site/h3/C2Data-368-Type2;143133.0000;DATA;1611602740.264508
/ndn/h10-site/h10/C2Data-1215-Type2;173765.0000;DATA;1611602741.505538
/ndn/v12-site/v12/C2Data-3479-Type3;161573.0000;DATA;1611602742.290402
/ndn/h4-site/h4/C2Data-489-Type1;165972.0000;DATA;1611602744.580745
/ndn/v7-site/v7/C2Data-6297-Type1;147866.0000;DATA;1611602745.586479
/ndn/s14-site/s14/C2Data-5329-Type1;6000475.0000;TIMEOUT;1611602739.958510
/ndn/h6-site/h6/C2Data-368-Type3;172294.0000;DATA;1611602746.612504
/ndn/s8-site/s8/C2Data-2320-Type3;6000927.0000;TIMEOUT;1611602741.608549
/ndn/d2-site/d2/C2Data-1039-Type3;52856.0000;DATA;1611602748.024481
/ndn/s12-site/s12/C2Data-2564-Type3;6000315.0000;TIMEOUT;1611602742.680548
/ndn/d1-site/d1/C2Data-978-Type3;52937.0000;DATA;1611602748.700442
/ndn/h7-site/h7/C2Data-429-Type3;216233.0000;DATA;1611602748.539664
/ndn/s13-site/s13/C2Data-2625-Type3;6000525.0000;TIMEOUT;1611602743.856535
/ndn/d4-site/d4/C2Data-1161-Type3;49200.0000;DATA;1611602750.366577
/ndn/d4-site/d4/C2Data-2305-Type2;47561.0000;DATA;1611602765.064478
/ndn/v1-site/v1/C2Data-5572-Type2;166986.0000;DATA;1611602768.048642
/ndn/d2-site/d2/C2Data-2063-Type2;48730.0000;DATA;1611602772.593775
/ndn/d11-site/d11/C2Data-3152-Type2;122649.0000;DATA;1611602772.854455
/ndn/h0-site/h0/C2Data-6-Type2;131719.0000;DATA;1611602774.530524
/ndn/v10-site/v10/C2Data-6661-Type1;120394.0000;DATA;1611602775.068538
/ndn/h13-site/h13/C2Data-1579-Type2;77585.0000;DATA;1611602775.753539
/ndn/h14-site/h14/C2Data-1701-Type1;71022.0000;DATA;1611602796.001441
/ndn/v3-site/v3/C2Data-2931-Type3;95267.0000;DATA;1611602796.263531
/ndn/d7-site/d7/C2Data-2669-Type2;120416.0000;DATA;1611602796.843540
/ndn/d5-site/d5/C2Data-2427-Type2;139239.0000;DATA;1611602798.017526
/ndn/s2-site/s2/C2Data-1955-Type3;6000278.0000;TIMEOUT;1611602792.845618
/ndn/h3-site/h3/C2Data-370-Type1;149314.0000;DATA;1611602799.103582
/ndn/v2-site/v2/C2Data-5694-Type2;139834.0000;DATA;1611602799.544566
/ndn/h7-site/h7/C2Data-854-Type2;211614.0000;DATA;1611602799.492573
/ndn/v10-site/v10/C2Data-3358-Type3;117924.0000;DATA;1611602799.625440
/ndn/h9-site/h9/C2Data-1096-Type1;138007.0000;DATA;1611602799.659529
