/ndn/d9-site/d9/C2Data-2904-Type1;153481.0000;DATA;1611606254.871899
/ndn/d6-site/d6/C2Data-2541-Type2;198041.0000;DATA;1611606255.859570
/ndn/v6-site/v6/C2Data-6171-Type2;23781.0000;DATA;1611606257.953778
/ndn/s3-site/s3/C2Data-3993-Type2;208784.0000;DATA;1611606259.496844
/ndn/s2-site/s2/C2Data-3872-Type2;49754.0000;DATA;1611606260.739774
/ndn/v10-site/v10/C2Data-6655-Type1;506.0000;NACK;1611606261.315772
/ndn/d14-site/d14/C2Data-3509-Type1;24520.0000;DATA;1611606262.477939
/ndn/v12-site/v12/C2Data-6897-Type1;163655.0000;DATA;1611606264.203912
/ndn/d13-site/d13/C2Data-3388-Type2;24525.0000;DATA;1611606265.439920
/ndn/h3-site/h3/C2Data-183-Type3;147975.0000;DATA;1611606280.300805
/ndn/h6-site/h6/C2Data-366-Type3;166235.0000;DATA;1611606281.218760
/ndn/v9-site/v9/C2Data-3294-Type3;196378.0000;DATA;1611606286.865853
/ndn/d3-site/d3/C2Data-2179-Type1;162701.0000;DATA;1611606287.616715
/ndn/h5-site/h5/C2Data-305-Type3;120543.0000;DATA;1611606288.083759
/ndn/v2-site/v2/C2Data-2867-Type3;80085.0000;DATA;1611606288.843867
/ndn/d11-site/d11/C2Data-3147-Type1;116520.0000;DATA;1611606290.003715
/ndn/d3-site/d3/C2Data-2179-Type2;161908.0000;DATA;1611606290.559710
/ndn/v4-site/v4/C2Data-2989-Type3;196593.0000;DATA;1611606291.587763
/ndn/s3-site/s3/C2Data-2013-Type3;222979.0000;DATA;1611606291.605780
/ndn/d0-site/d0/C2Data-1816-Type2;71339.0000;DATA;1611606292.299805
/ndn/h11-site/h11/C2Data-1332-Type2;50039.0000;DATA;1611606292.346736
/ndn/h10-site/h10/C2Data-610-Type3;161525.0000;DATA;1611606292.659766
/ndn/s14-site/s14/C2Data-5325-Type2;48153.0000;DATA;1611606293.081956
/ndn/d13-site/d13/C2Data-1708-Type3;24228.0000;DATA;1611606293.902839
/ndn/v0-site/v0/C2Data-5446-Type2;195708.0000;DATA;1611606294.378768
/ndn/h9-site/h9/C2Data-549-Type3;143159.0000;DATA;1611606295.056825
/ndn/h7-site/h7/C2Data-848-Type2;217894.0000;DATA;1611606295.633758
/ndn/v10-site/v10/C2Data-3355-Type3;123731.0000;DATA;1611606295.864859
/ndn/d1-site/d1/C2Data-976-Type3;96064.0000;DATA;1611606298.155876
/ndn/s12-site/s12/C2Data-5084-Type1;218094.0000;DATA;1611606314.983753
/ndn/s8-site/s8/C2Data-4600-Type2;48968.0000;DATA;1611606315.347828
/ndn/v5-site/v5/C2Data-6052-Type2;192053.0000;DATA;1611606316.221996
/ndn/s1-site/s1/C2Data-3753-Type1;237619.0000;DATA;1611606318.250781
/ndn/d0-site/d0/C2Data-1817-Type1;72081.0000;DATA;1611606320.826078
/ndn/d12-site/d12/C2Data-3269-Type2;92342.0000;DATA;1611606321.216851
/ndn/s5-site/s5/C2Data-4237-Type1;101067.0000;DATA;1611606321.875871
/ndn/h7-site/h7/C2Data-849-Type1;222081.0000;DATA;1611606321.881747
/ndn/h6-site/h6/C2Data-728-Type2;169188.0000;DATA;1611606322.092774
/ndn/v6-site/v6/C2Data-6173-Type1;24133.0000;DATA;1611606322.987767
/ndn/h12-site/h12/C2Data-1454-Type2;115846.0000;DATA;1611606323.743806
/ndn/s5-site/s5/C2Data-4237-Type2;95720.0000;DATA;1611606323.916846
/ndn/v7-site/v7/C2Data-6294-Type2;139481.0000;DATA;1611606325.012808
/ndn/v8-site/v8/C2Data-6415-Type2;191947.0000;DATA;1611606325.897785
/ndn/s5-site/s5/C2Data-2136-Type3;98960.0000;DATA;1611606340.443762
/ndn/d6-site/d6/C2Data-1282-Type3;195918.0000;DATA;1611606343.635248
/ndn/s4-site/s4/C2Data-2075-Type3;6000459.0000;TIMEOUT;1611606338.246751
/ndn/v13-site/v13/C2Data-7021-Type1;73414.0000;DATA;1611606345.577742
/ndn/s3-site/s3/C2Data-3996-Type1;212276.0000;DATA;1611606345.517786
/ndn/v5-site/v5/C2Data-6053-Type2;199346.0000;DATA;1611606345.977816
/ndn/d7-site/d7/C2Data-2665-Type2;125892.0000;DATA;1611606346.103729
/ndn/h4-site/h4/C2Data-245-Type3;166718.0000;DATA;1611606347.061941
/ndn/v12-site/v12/C2Data-3478-Type3;165452.0000;DATA;1611606347.153850
/ndn/d8-site/d8/C2Data-2786-Type1;71967.0000;DATA;1611606347.548801
/ndn/d2-site/d2/C2Data-2060-Type1;50462.0000;DATA;1611606347.946795
/ndn/v10-site/v10/C2Data-3356-Type3;117625.0000;DATA;1611606349.658816
/ndn/d2-site/d2/C2Data-2060-Type2;47298.0000;DATA;1611606349.854808
/ndn/h12-site/h12/C2Data-1455-Type2;125616.0000;DATA;1611606349.990774
/ndn/h9-site/h9/C2Data-1092-Type1;141523.0000;DATA;1611606350.747698
/ndn/v6-site/v6/C2Data-900-Type4;23519.0000;DATA;1611606352.831761
/ndn/d5-site/d5/C2Data-2423-Type2;145146.0000;DATA;1611606353.174777
/ndn/v9-site/v9/C2Data-6537-Type1;185210.0000;DATA;1611606353.312795
/ndn/s12-site/s12/C2Data-5085-Type1;6001049.0000;TIMEOUT;1611606351.109932
/ndn/h9-site/h9/C2Data-550-Type3;138386.0000;DATA;1611606357.653788
/ndn/s7-site/s7/C2Data-2258-Type3;6000402.0000;TIMEOUT;1611606352.771814
/ndn/v2-site/v2/C2Data-2868-Type3;146615.0000;DATA;1611606358.820794
/ndn/s11-site/s11/C2Data-4964-Type2;6000381.0000;TIMEOUT;1611606353.961788
/ndn/v5-site/v5/C2Data-3051-Type3;196036.0000;DATA;1611606361.045735
/ndn/d8-site/d8/C2Data-1404-Type3;70387.0000;DATA;1611606361.245807
/ndn/s6-site/s6/C2Data-2197-Type3;6000948.0000;TIMEOUT;1611606355.893707
/ndn/h4-site/h4/C2Data-488-Type1;166648.0000;DATA;1611606374.302697
/ndn/v1-site/v1/C2Data-5570-Type1;168942.0000;DATA;1611606374.416806
/ndn/h0-site/h0/C2Data-4-Type2;196591.0000;DATA;1611606375.804836
/ndn/v1-site/v1/C2Data-775-Type4;168418.0000;DATA;1611606377.737761
/ndn/h5-site/h5/C2Data-609-Type1;119915.0000;DATA;1611606378.548787
/ndn/d4-site/d4/C2Data-2303-Type1;47930.0000;DATA;1611606379.461793
/ndn/h12-site/h12/C2Data-1456-Type2;117008.0000;DATA;1611606380.765954
/ndn/s13-site/s13/C2Data-5207-Type1;6000215.0000;TIMEOUT;1611606375.414774
/ndn/v12-site/v12/C2Data-1050-Type4;166704.0000;DATA;1611606381.598834
/ndn/d2-site/d2/C2Data-2061-Type2;51928.0000;DATA;1611606382.282765
/ndn/d11-site/d11/C2Data-3150-Type1;118737.0000;DATA;1611606382.455809
/ndn/h12-site/h12/C2Data-1456-Type1;122426.0000;DATA;1611606382.487806
/ndn/v3-site/v3/C2Data-5812-Type2;92163.0000;DATA;1611606384.127840
/ndn/h11-site/h11/C2Data-1335-Type2;48621.0000;DATA;1611606385.297760
/ndn/s7-site/s7/C2Data-4481-Type2;6000326.0000;TIMEOUT;1611606381.205706
/ndn/h0-site/h0/C2Data-0-Type4;189344.0000;DATA;1611606388.588514
/ndn/s6-site/s6/C2Data-4360-Type2;6001446.0000;TIMEOUT;1611606385.868807
/ndn/h2-site/h2/C2Data-50-Type4;177579.0000;DATA;1611606392.490658
/ndn/v5-site/v5/C2Data-3052-Type3;186305.0000;DATA;1611606400.792792
/ndn/d0-site/d0/C2Data-375-Type4;76896.0000;DATA;1611606401.937832
/ndn/h2-site/h2/C2Data-247-Type1;129214.0000;DATA;1611606406.834821
/ndn/d7-site/d7/C2Data-2667-Type1;117794.0000;DATA;1611606408.669848
/ndn/h3-site/h3/C2Data-368-Type2;142520.0000;DATA;1611606409.410827
/ndn/h10-site/h10/C2Data-1215-Type2;167341.0000;DATA;1611606410.651831
/ndn/v12-site/v12/C2Data-3479-Type3;173706.0000;DATA;1611606411.436271
/ndn/h4-site/h4/C2Data-489-Type1;174553.0000;DATA;1611606413.729321
/ndn/v7-site/v7/C2Data-6297-Type1;140915.0000;DATA;1611606414.732764
/ndn/s14-site/s14/C2Data-5329-Type1;6002053.0000;TIMEOUT;1611606409.104785
/ndn/h6-site/h6/C2Data-368-Type3;166797.0000;DATA;1611606415.758893
/ndn/s8-site/s8/C2Data-2320-Type3;6000776.0000;TIMEOUT;1611606410.754826
/ndn/d2-site/d2/C2Data-1039-Type3;50466.0000;DATA;1611606417.170749
/ndn/s12-site/s12/C2Data-2564-Type3;6000206.0000;TIMEOUT;1611606411.826732
/ndn/d1-site/d1/C2Data-978-Type3;62875.0000;DATA;1611606417.846875
/ndn/h7-site/h7/C2Data-429-Type3;215485.0000;DATA;1611606417.690163
/ndn/s13-site/s13/C2Data-2625-Type3;6000794.0000;TIMEOUT;1611606413.002768
/ndn/d4-site/d4/C2Data-1161-Type3;49457.0000;DATA;1611606419.512798
/ndn/d4-site/d4/C2Data-2305-Type2;50042.0000;DATA;1611606434.210845
/ndn/v1-site/v1/C2Data-5572-Type2;171293.0000;DATA;1611606437.194767
/ndn/d2-site/d2/C2Data-2063-Type2;48981.0000;DATA;1611606441.739696
/ndn/d11-site/d11/C2Data-3152-Type2;129662.0000;DATA;1611606442.000780
/ndn/h0-site/h0/C2Data-6-Type2;131815.0000;DATA;1611606443.676744
/ndn/v10-site/v10/C2Data-6661-Type1;117696.0000;DATA;1611606444.214727
/ndn/h13-site/h13/C2Data-1579-Type2;69396.0000;DATA;1611606444.899800
/ndn/h14-site/h14/C2Data-1701-Type1;72261.0000;DATA;1611606465.147816
/ndn/v3-site/v3/C2Data-2931-Type3;95197.0000;DATA;1611606465.409803
/ndn/d7-site/d7/C2Data-2669-Type2;121237.0000;DATA;1611606465.989803
/ndn/d5-site/d5/C2Data-2427-Type2;152831.0000;DATA;1611606467.163796
/ndn/s2-site/s2/C2Data-1955-Type3;6000257.0000;TIMEOUT;1611606461.991712
/ndn/h3-site/h3/C2Data-370-Type1;145900.0000;DATA;1611606468.249921
/ndn/v2-site/v2/C2Data-5694-Type2;144622.0000;DATA;1611606468.690750
/ndn/h7-site/h7/C2Data-854-Type2;211098.0000;DATA;1611606468.638771
/ndn/v10-site/v10/C2Data-3358-Type3;126611.0000;DATA;1611606468.771725
/ndn/h9-site/h9/C2Data-1096-Type1;146778.0000;DATA;1611606468.805816
