/ndn/d8-site/d8/C2Data-2783-Type1;175313.0000;DATA;1611606254.261714
/ndn/s6-site/s6/C2Data-4356-Type2;264177.0000;DATA;1611606261.461703
/ndn/v10-site/v10/C2Data-6655-Type2;510.0000;NACK;1611606261.859694
/ndn/h4-site/h4/C2Data-484-Type2;188117.0000;DATA;1611606263.000779
/ndn/s11-site/s11/C2Data-4961-Type2;242103.0000;DATA;1611606263.042763
/ndn/v14-site/v14/C2Data-3599-Type3;125859.0000;DATA;1611606278.184424
/ndn/s13-site/s13/C2Data-2623-Type3;259596.0000;DATA;1611606281.004703
/ndn/h10-site/h10/C2Data-610-Type3;252831.0000;DATA;1611606284.103714
/ndn/h13-site/h13/C2Data-793-Type3;94009.0000;DATA;1611606284.665747
/ndn/s5-site/s5/C2Data-4236-Type2;186716.0000;DATA;1611606285.130762
/ndn/v1-site/v1/C2Data-5567-Type2;50043.0000;DATA;1611606285.922777
/ndn/s6-site/s6/C2Data-4357-Type2;258385.0000;DATA;1611606287.478737
/ndn/d0-site/d0/C2Data-915-Type3;166133.0000;DATA;1611606288.931753
/ndn/v7-site/v7/C2Data-6293-Type2;228893.0000;DATA;1611606289.182920
/ndn/h5-site/h5/C2Data-606-Type2;139981.0000;DATA;1611606289.299799
/ndn/d3-site/d3/C2Data-2179-Type1;244783.0000;DATA;1611606290.740771
/ndn/d8-site/d8/C2Data-1403-Type3;170672.0000;DATA;1611606291.990718
/ndn/s2-site/s2/C2Data-3873-Type2;72294.0000;DATA;1611606294.775767
/ndn/h2-site/h2/C2Data-122-Type3;24389.0000;DATA;1611606294.964745
/ndn/s14-site/s14/C2Data-5325-Type1;132604.0000;DATA;1611606296.089745
/ndn/d5-site/d5/C2Data-1220-Type3;168739.0000;DATA;1611606300.697688
/ndn/s14-site/s14/C2Data-2684-Type3;121012.0000;DATA;1611606301.929761
/ndn/h0-site/h0/C2Data-2-Type2;213817.0000;DATA;1611606314.955787
/ndn/s12-site/s12/C2Data-5084-Type1;238078.0000;DATA;1611606317.577746
/ndn/h11-site/h11/C2Data-1333-Type1;94287.0000;DATA;1611606318.786773
/ndn/d5-site/d5/C2Data-2422-Type1;130768.0000;DATA;1611606321.195774
/ndn/h13-site/h13/C2Data-1575-Type1;102201.0000;DATA;1611606322.142716
/ndn/d9-site/d9/C2Data-2906-Type2;195613.0000;DATA;1611606322.246761
/ndn/s8-site/s8/C2Data-4600-Type1;49103.0000;DATA;1611606323.474687
/ndn/s7-site/s7/C2Data-4479-Type2;117796.0000;DATA;1611606324.053772
/ndn/h2-site/h2/C2Data-244-Type2;23909.0000;DATA;1611606325.702783
/ndn/h5-site/h5/C2Data-306-Type3;151016.0000;DATA;1611606342.680786
/ndn/s1-site/s1/C2Data-1892-Type3;6001647.0000;TIMEOUT;1611606342.943829
/ndn/h4-site/h4/C2Data-245-Type3;189420.0000;DATA;1611606350.198809
/ndn/v13-site/v13/C2Data-3539-Type3;73453.0000;DATA;1611606350.872738
/ndn/s5-site/s5/C2Data-2136-Type3;188117.0000;DATA;1611606351.248718
/ndn/d7-site/d7/C2Data-2665-Type1;214434.0000;DATA;1611606351.490811
/ndn/d2-site/d2/C2Data-425-Type4;143427.0000;DATA;1611606351.576690
/ndn/s2-site/s2/C2Data-3875-Type1;6000414.0000;TIMEOUT;1611606348.986687
/ndn/s4-site/s4/C2Data-2075-Type3;6000335.0000;TIMEOUT;1611606349.043683
/ndn/s6-site/s6/C2Data-4359-Type2;6000226.0000;TIMEOUT;1611606350.972890
/ndn/s2-site/s2/C2Data-3875-Type2;6000277.0000;TIMEOUT;1611606351.722812
/ndn/h4-site/h4/C2Data-100-Type4;186375.0000;DATA;1611606357.574767
/ndn/h13-site/h13/C2Data-325-Type4;94147.0000;DATA;1611606359.105683
/ndn/s5-site/s5/C2Data-4238-Type2;6000240.0000;TIMEOUT;1611606354.190782
/ndn/v4-site/v4/C2Data-2990-Type3;311440.0000;DATA;1611606360.207849
/ndn/s6-site/s6/C2Data-2197-Type3;6002179.0000;TIMEOUT;1611606355.530690
/ndn/s3-site/s3/C2Data-3996-Type2;6000669.0000;TIMEOUT;1611606355.826797
/ndn/d9-site/d9/C2Data-600-Type4;223383.0000;DATA;1611606363.542756
/ndn/h6-site/h6/C2Data-150-Type4;231270.0000;DATA;1611606364.580679
/ndn/v8-site/v8/C2Data-950-Type4;225450.0000;DATA;1611606369.673724
/ndn/d10-site/d10/C2Data-625-Type4;253273.0000;DATA;1611606369.878964
/ndn/h14-site/h14/C2Data-1698-Type1;25459.0000;DATA;1611606374.363767
/ndn/d4-site/d4/C2Data-2303-Type1;122484.0000;DATA;1611606375.329762
/ndn/d8-site/d8/C2Data-575-Type4;173775.0000;DATA;1611606376.093730
/ndn/v11-site/v11/C2Data-6780-Type2;97053.0000;DATA;1611606376.394809
/ndn/h13-site/h13/C2Data-1577-Type2;94729.0000;DATA;1611606380.529697
/ndn/v0-site/v0/C2Data-750-Type4;244215.0000;DATA;1611606380.471693
/ndn/s5-site/s5/C2Data-4239-Type2;6000333.0000;TIMEOUT;1611606375.956683
/ndn/h12-site/h12/C2Data-1456-Type2;47963.0000;DATA;1611606382.208799
/ndn/d0-site/d0/C2Data-1819-Type1;163767.0000;DATA;1611606382.184686
/ndn/h14-site/h14/C2Data-1698-Type2;27027.0000;DATA;1611606382.618765
/ndn/v4-site/v4/C2Data-850-Type4;291233.0000;DATA;1611606384.464869
/ndn/h9-site/h9/C2Data-1093-Type2;165993.0000;DATA;1611606384.915875
/ndn/h14-site/h14/C2Data-350-Type4;23970.0000;DATA;1611606386.030761
/ndn/s5-site/s5/C2Data-4239-Type1;6001144.0000;TIMEOUT;1611606381.331763
/ndn/s3-site/s3/C2Data-3997-Type1;6003924.0000;TIMEOUT;1611606381.805814
/ndn/s12-site/s12/C2Data-5086-Type2;6000391.0000;TIMEOUT;1611606382.650612
/ndn/v3-site/v3/C2Data-825-Type4;122206.0000;DATA;1611606390.474497
/ndn/d0-site/d0/C2Data-375-Type4;180438.0000;DATA;1611606390.684721
/ndn/h10-site/h10/C2Data-250-Type4;315199.0000;DATA;1611606392.163554
/ndn/d8-site/d8/C2Data-1405-Type3;171359.0000;DATA;1611606399.839719
/ndn/v10-site/v10/C2Data-3357-Type3;224344.0000;DATA;1611606401.045768
/ndn/v12-site/v12/C2Data-3479-Type3;265307.0000;DATA;1611606402.436694
/ndn/d4-site/d4/C2Data-1161-Type3;116161.0000;DATA;1611606404.196784
/ndn/v1-site/v1/C2Data-775-Type4;264077.0000;DATA;1611606404.188736
/ndn/s11-site/s11/C2Data-2503-Type3;6000261.0000;TIMEOUT;1611606398.711735
/ndn/d14-site/d14/C2Data-3514-Type2;70918.0000;DATA;1611606404.783760
/ndn/s0-site/s0/C2Data-1832-Type3;6000339.0000;TIMEOUT;1611606399.283776
/ndn/d12-site/d12/C2Data-675-Type4;186868.0000;DATA;1611606405.355732
/ndn/d8-site/d8/C2Data-2788-Type2;164347.0000;DATA;1611606406.008702
/ndn/s9-site/s9/C2Data-2381-Type3;6000708.0000;TIMEOUT;1611606400.240735
/ndn/v0-site/v0/C2Data-2747-Type3;235125.0000;DATA;1611606406.392744
/ndn/d5-site/d5/C2Data-2425-Type1;165767.0000;DATA;1611606407.014803
/ndn/v14-site/v14/C2Data-1100-Type4;116186.0000;DATA;1611606407.242859
/ndn/d7-site/d7/C2Data-2667-Type1;148319.0000;DATA;1611606408.689680
/ndn/v3-site/v3/C2Data-2930-Type3;118568.0000;DATA;1611606409.422741
/ndn/v10-site/v10/C2Data-6660-Type1;214171.0000;DATA;1611606409.385812
/ndn/d13-site/d13/C2Data-1710-Type3;94098.0000;DATA;1611606409.546747
/ndn/h7-site/h7/C2Data-429-Type3;238027.0000;DATA;1611606409.755854
/ndn/d12-site/d12/C2Data-3272-Type2;187088.0000;DATA;1611606410.055802
/ndn/d3-site/d3/C2Data-2183-Type2;239162.0000;DATA;1611606410.994751
/ndn/s4-site/s4/C2Data-4119-Type1;6000246.0000;TIMEOUT;1611606406.078739
/ndn/h11-site/h11/C2Data-1336-Type2;95100.0000;DATA;1611606412.694705
/ndn/s0-site/s0/C2Data-3635-Type1;6000255.0000;TIMEOUT;1611606406.992701
/ndn/s6-site/s6/C2Data-4361-Type2;6000322.0000;TIMEOUT;1611606407.637763
/ndn/v5-site/v5/C2Data-3052-Type3;283846.0000;DATA;1611606413.366690
/ndn/s12-site/s12/C2Data-5087-Type2;6003422.0000;TIMEOUT;1611606407.805701
/ndn/d11-site/d11/C2Data-3151-Type1;214226.0000;DATA;1611606415.230766
/ndn/s6-site/s6/C2Data-4361-Type1;6000272.0000;TIMEOUT;1611606409.498822
/ndn/d12-site/d12/C2Data-3272-Type1;188586.0000;DATA;1611606415.867827
/ndn/v6-site/v6/C2Data-3113-Type3;99680.0000;DATA;1611606416.367803
/ndn/v1-site/v1/C2Data-2808-Type3;288047.0000;DATA;1611606417.436816
/ndn/v4-site/v4/C2Data-2991-Type3;300784.0000;DATA;1611606418.074765
/ndn/s1-site/s1/C2Data-1893-Type3;6000703.0000;TIMEOUT;1611606413.129734
/ndn/s8-site/s8/C2Data-4603-Type1;6000796.0000;TIMEOUT;1611606415.620599
/ndn/d0-site/d0/C2Data-1821-Type1;161840.0000;DATA;1611606435.226784
/ndn/h6-site/h6/C2Data-732-Type1;203497.0000;DATA;1611606435.376755
/ndn/h7-site/h7/C2Data-853-Type2;241922.0000;DATA;1611606438.323850
/ndn/d14-site/d14/C2Data-3515-Type1;73321.0000;DATA;1611606439.126766
/ndn/h3-site/h3/C2Data-369-Type2;246569.0000;DATA;1611606439.793773
/ndn/d13-site/d13/C2Data-3394-Type2;101828.0000;DATA;1611606440.468776
/ndn/h4-site/h4/C2Data-490-Type1;189382.0000;DATA;1611606442.043780
/ndn/d3-site/d3/C2Data-2184-Type1;241966.0000;DATA;1611606442.995755
/ndn/h10-site/h10/C2Data-1216-Type2;256187.0000;DATA;1611606443.273719
/ndn/h0-site/h0/C2Data-6-Type2;216307.0000;DATA;1611606445.520723
/ndn/s7-site/s7/C2Data-4483-Type2;6002615.0000;TIMEOUT;1611606442.811790
/ndn/s3-site/s3/C2Data-3999-Type2;6000384.0000;TIMEOUT;1611606443.092696
/ndn/d4-site/d4/C2Data-1162-Type3;96845.0000;DATA;1611606458.745798
/ndn/h1-site/h1/C2Data-64-Type3;151527.0000;DATA;1611606459.069765
/ndn/h14-site/h14/C2Data-857-Type3;24454.0000;DATA;1611606464.229761
/ndn/v11-site/v11/C2Data-6783-Type1;100233.0000;DATA;1611606464.252815
/ndn/h13-site/h13/C2Data-796-Type3;95864.0000;DATA;1611606465.633757
/ndn/h0-site/h0/C2Data-7-Type1;211708.0000;DATA;1611606467.919814
/ndn/v7-site/v7/C2Data-3175-Type3;242058.0000;DATA;1611606468.284749
/ndn/v6-site/v6/C2Data-6178-Type1;97641.0000;DATA;1611606468.810693
/ndn/v6-site/v6/C2Data-3114-Type3;96769.0000;DATA;1611606469.478770
/ndn/s4-site/s4/C2Data-2077-Type3;6000622.0000;TIMEOUT;1611606463.600714
/ndn/s5-site/s5/C2Data-2138-Type3;6000351.0000;TIMEOUT;1611606464.001940
