/ndn/h2-site/h2/C2Data-242-Type2;194017.0000;DATA;1611608580.503803
/ndn/h10-site/h10/C2Data-1210-Type1;93435.0000;DATA;1611608582.019739
/ndn/h9-site/h9/C2Data-1089-Type1;97992.0000;DATA;1611608583.433795
/ndn/h13-site/h13/C2Data-1573-Type1;130062.0000;DATA;1611608585.441844
/ndn/h3-site/h3/C2Data-363-Type2;69478.0000;DATA;1611608585.627832
/ndn/h6-site/h6/C2Data-726-Type2;171252.0000;DATA;1611608585.883820
/ndn/v12-site/v12/C2Data-6897-Type2;502.0000;NACK;1611608587.262806
/ndn/s4-site/s4/C2Data-4114-Type1;198061.0000;DATA;1611608588.283798
/ndn/s11-site/s11/C2Data-4961-Type1;223742.0000;DATA;1611608588.476776
/ndn/h8-site/h8/C2Data-968-Type2;105014.0000;DATA;1611608588.855842
/ndn/v2-site/v2/C2Data-5687-Type1;76270.0000;DATA;1611608590.148786
/ndn/v4-site/v4/C2Data-5929-Type2;606.0000;NACK;1611608590.961808
/ndn/d5-site/d5/C2Data-1220-Type3;194633.0000;DATA;1611608604.219854
/ndn/h10-site/h10/C2Data-610-Type3;115641.0000;DATA;1611608604.500780
/ndn/h5-site/h5/C2Data-305-Type3;118019.0000;DATA;1611608606.624791
/ndn/d14-site/d14/C2Data-1769-Type3;92778.0000;DATA;1611608606.716785
/ndn/h13-site/h13/C2Data-793-Type3;117404.0000;DATA;1611608608.387422
/ndn/h9-site/h9/C2Data-549-Type3;106909.0000;DATA;1611608608.778818
/ndn/v3-site/v3/C2Data-5809-Type1;171608.0000;DATA;1611608611.486856
/ndn/d10-site/d10/C2Data-1525-Type3;169347.0000;DATA;1611608612.211768
/ndn/d3-site/d3/C2Data-2179-Type1;94462.0000;DATA;1611608612.676828
/ndn/v4-site/v4/C2Data-5930-Type1;387.0000;NACK;1611608612.855969
/ndn/h6-site/h6/C2Data-727-Type1;165735.0000;DATA;1611608612.808769
/ndn/d1-site/d1/C2Data-1937-Type1;163928.0000;DATA;1611608612.824810
/ndn/d9-site/d9/C2Data-2905-Type1;71176.0000;DATA;1611608613.670807
/ndn/s0-site/s0/C2Data-3631-Type2;116057.0000;DATA;1611608614.551801
/ndn/s13-site/s13/C2Data-5204-Type1;462.0000;NACK;1611608615.423829
/ndn/v14-site/v14/C2Data-3599-Type3;140339.0000;DATA;1611608617.855819
/ndn/v13-site/v13/C2Data-3538-Type3;116574.0000;DATA;1611608618.651850
/ndn/v0-site/v0/C2Data-5446-Type2;117757.0000;DATA;1611608618.676838
/ndn/v1-site/v1/C2Data-5567-Type1;99144.0000;DATA;1611608619.377846
/ndn/d6-site/d6/C2Data-1281-Type3;116337.0000;DATA;1611608619.793852
/ndn/v14-site/v14/C2Data-7140-Type2;145972.0000;DATA;1611608619.903791
/ndn/s7-site/s7/C2Data-2257-Type3;115023.0000;DATA;1611608620.056839
/ndn/s13-site/s13/C2Data-5204-Type2;714.0000;NACK;1611608620.970828
/ndn/d14-site/d14/C2Data-3510-Type1;96731.0000;DATA;1611608621.049807
/ndn/v12-site/v12/C2Data-3477-Type3;368.0000;NACK;1611608621.610759
/ndn/d7-site/d7/C2Data-1342-Type3;48666.0000;DATA;1611608622.775739
/ndn/s8-site/s8/C2Data-2318-Type3;120365.0000;DATA;1611608625.171768
/ndn/d3-site/d3/C2Data-1098-Type3;94594.0000;DATA;1611608627.226838
/ndn/s10-site/s10/C2Data-4842-Type1;164362.0000;DATA;1611608640.475745
/ndn/s8-site/s8/C2Data-4600-Type1;118610.0000;DATA;1611608641.189747
/ndn/d10-site/d10/C2Data-3027-Type2;167923.0000;DATA;1611608641.430847
/ndn/d8-site/d8/C2Data-2785-Type1;23801.0000;DATA;1611608642.284745
/ndn/v8-site/v8/C2Data-6415-Type2;185861.0000;DATA;1611608642.636834
/ndn/v7-site/v7/C2Data-6294-Type1;69947.0000;DATA;1611608643.260898
/ndn/d12-site/d12/C2Data-3269-Type2;27130.0000;DATA;1611608644.221749
/ndn/d4-site/d4/C2Data-2301-Type1;96802.0000;DATA;1611608644.608874
/ndn/d8-site/d8/C2Data-2785-Type2;24844.0000;DATA;1611608644.999780
/ndn/v3-site/v3/C2Data-5810-Type2;144082.0000;DATA;1611608645.509811
/ndn/s5-site/s5/C2Data-4237-Type1;24609.0000;DATA;1611608646.428799
/ndn/h11-site/h11/C2Data-1333-Type1;100901.0000;DATA;1611608646.877799
/ndn/d6-site/d6/C2Data-2543-Type1;119051.0000;DATA;1611608650.710444
/ndn/v14-site/v14/C2Data-7141-Type2;144215.0000;DATA;1611608651.223771
/ndn/v0-site/v0/C2Data-5447-Type2;127456.0000;DATA;1611608651.357809
/ndn/s10-site/s10/C2Data-4842-Type2;6000286.0000;TIMEOUT;1611608648.155761
/ndn/s0-site/s0/C2Data-3632-Type1;6034346.0000;TIMEOUT;1611608649.936803
/ndn/h0-site/h0/C2Data-1-Type3;194620.0000;DATA;1611608663.930773
/ndn/d4-site/d4/C2Data-1160-Type3;94165.0000;DATA;1611608671.472830
/ndn/h14-site/h14/C2Data-855-Type3;142041.0000;DATA;1611608672.314822
/ndn/h8-site/h8/C2Data-489-Type3;93519.0000;DATA;1611608672.444831
/ndn/v2-site/v2/C2Data-2868-Type3;73710.0000;DATA;1611608672.685805
/ndn/s6-site/s6/C2Data-2197-Type3;6000273.0000;TIMEOUT;1611608668.786776
/ndn/h4-site/h4/C2Data-245-Type3;167359.0000;DATA;1611608675.361850
/ndn/v8-site/v8/C2Data-6416-Type2;187765.0000;DATA;1611608675.530761
/ndn/v4-site/v4/C2Data-5932-Type1;119104.0000;DATA;1611608676.565549
/ndn/v4-site/v4/C2Data-5932-Type2;123272.0000;DATA;1611608677.246847
/ndn/h13-site/h13/C2Data-1576-Type1;119584.0000;DATA;1611608677.657840
/ndn/s0-site/s0/C2Data-3633-Type1;6000391.0000;TIMEOUT;1611608672.244836
/ndn/h12-site/h12/C2Data-1455-Type1;190172.0000;DATA;1611608678.807919
/ndn/d11-site/d11/C2Data-1587-Type3;48585.0000;DATA;1611608679.202739
/ndn/h8-site/h8/C2Data-971-Type1;95544.0000;DATA;1611608679.349802
/ndn/h14-site/h14/C2Data-1697-Type1;142369.0000;DATA;1611608679.592866
/ndn/h9-site/h9/C2Data-550-Type3;93866.0000;DATA;1611608679.772804
/ndn/v14-site/v14/C2Data-3600-Type3;149304.0000;DATA;1611608680.024780
/ndn/d3-site/d3/C2Data-2181-Type1;95768.0000;DATA;1611608680.798754
/ndn/h6-site/h6/C2Data-729-Type1;166341.0000;DATA;1611608680.882904
/ndn/d6-site/d6/C2Data-1282-Type3;116622.0000;DATA;1611608682.299804
/ndn/d9-site/d9/C2Data-1465-Type3;71980.0000;DATA;1611608683.060840
/ndn/h5-site/h5/C2Data-306-Type3;120685.0000;DATA;1611608683.183791
/ndn/s7-site/s7/C2Data-2258-Type3;6000418.0000;TIMEOUT;1611608683.116787
/ndn/v10-site/v10/C2Data-1000-Type4;73662.0000;DATA;1611608693.108802
/ndn/d6-site/d6/C2Data-2545-Type2;120936.0000;DATA;1611608700.384737
/ndn/h7-site/h7/C2Data-851-Type2;227602.0000;DATA;1611608701.023778
/ndn/v6-site/v6/C2Data-900-Type4;72394.0000;DATA;1611608701.746836
/ndn/v3-site/v3/C2Data-5812-Type1;140356.0000;DATA;1611608701.756762
/ndn/d1-site/d1/C2Data-1940-Type2;173529.0000;DATA;1611608702.262859
/ndn/d7-site/d7/C2Data-2666-Type2;47170.0000;DATA;1611608702.676832
/ndn/v7-site/v7/C2Data-6296-Type2;79979.0000;DATA;1611608704.958814
/ndn/v10-site/v10/C2Data-6659-Type2;48520.0000;DATA;1611608706.350823
/ndn/h8-site/h8/C2Data-972-Type2;92421.0000;DATA;1611608707.057260
/ndn/v8-site/v8/C2Data-950-Type4;189288.0000;DATA;1611608707.181867
/ndn/s13-site/s13/C2Data-5207-Type2;238326.0000;DATA;1611608707.145833
/ndn/h2-site/h2/C2Data-246-Type1;189393.0000;DATA;1611608707.248823
/ndn/v3-site/v3/C2Data-5812-Type2;138129.0000;DATA;1611608708.178889
/ndn/h4-site/h4/C2Data-100-Type4;169323.0000;DATA;1611608709.239803
/ndn/h0-site/h0/C2Data-0-Type4;202142.0000;DATA;1611608709.672835
/ndn/s2-site/s2/C2Data-3876-Type2;6000541.0000;TIMEOUT;1611608703.922809
/ndn/v9-site/v9/C2Data-6538-Type1;188270.0000;DATA;1611608710.767789
/ndn/d9-site/d9/C2Data-600-Type4;71582.0000;DATA;1611608712.044794
/ndn/s10-site/s10/C2Data-4844-Type2;6001153.0000;TIMEOUT;1611608706.475828
/ndn/s3-site/s3/C2Data-3997-Type1;6000734.0000;TIMEOUT;1611608707.611935
/ndn/s6-site/s6/C2Data-4360-Type1;6011704.0000;TIMEOUT;1611608707.817815
/ndn/d8-site/d8/C2Data-575-Type4;28642.0000;DATA;1611608713.890454
/ndn/d13-site/d13/C2Data-1710-Type3;77925.0000;DATA;1611608726.605740
/ndn/v11-site/v11/C2Data-3418-Type3;82879.0000;DATA;1611608726.610818
/ndn/h10-site/h10/C2Data-612-Type3;96235.0000;DATA;1611608727.904793
/ndn/v4-site/v4/C2Data-850-Type4;123801.0000;DATA;1611608727.984810
/ndn/h7-site/h7/C2Data-852-Type1;220978.0000;DATA;1611608729.863764
/ndn/s1-site/s1/C2Data-1893-Type3;6000272.0000;TIMEOUT;1611608726.073885
/ndn/d14-site/d14/C2Data-725-Type4;94267.0000;DATA;1611608732.348829
/ndn/s0-site/s0/C2Data-1832-Type3;6000503.0000;TIMEOUT;1611608726.983778
/ndn/h1-site/h1/C2Data-25-Type4;47241.0000;DATA;1611608733.416801
/ndn/v0-site/v0/C2Data-750-Type4;118906.0000;DATA;1611608735.008747
/ndn/s13-site/s13/C2Data-2625-Type3;6001457.0000;TIMEOUT;1611608729.693787
/ndn/d14-site/d14/C2Data-3514-Type2;99541.0000;DATA;1611608736.202817
/ndn/d10-site/d10/C2Data-1527-Type3;166001.0000;DATA;1611608736.468836
/ndn/h0-site/h0/C2Data-2-Type3;188539.0000;DATA;1611608736.579825
/ndn/h11-site/h11/C2Data-1336-Type2;97670.0000;DATA;1611608736.843827
/ndn/h8-site/h8/C2Data-973-Type1;95992.0000;DATA;1611608737.889843
/ndn/d2-site/d2/C2Data-2062-Type2;24990.0000;DATA;1611608738.202852
/ndn/h14-site/h14/C2Data-1699-Type2;139259.0000;DATA;1611608738.523812
/ndn/v1-site/v1/C2Data-5571-Type2;93728.0000;DATA;1611608738.888830
/ndn/v5-site/v5/C2Data-3052-Type3;117505.0000;DATA;1611608740.034815
/ndn/d11-site/d11/C2Data-1588-Type3;46620.0000;DATA;1611608740.240752
/ndn/h0-site/h0/C2Data-5-Type1;186609.0000;DATA;1611608740.782854
/ndn/s7-site/s7/C2Data-4482-Type2;6000403.0000;TIMEOUT;1611608735.268752
/ndn/h2-site/h2/C2Data-247-Type1;189484.0000;DATA;1611608741.370838
/ndn/s7-site/s7/C2Data-4482-Type1;6000455.0000;TIMEOUT;1611608738.306751
/ndn/s6-site/s6/C2Data-4361-Type2;6001405.0000;TIMEOUT;1611608740.015802
/ndn/s12-site/s12/C2Data-5087-Type1;6004940.0000;TIMEOUT;1611608740.396837
/ndn/d5-site/d5/C2Data-2426-Type1;153712.0000;DATA;1611608759.906763
/ndn/v7-site/v7/C2Data-6298-Type2;76440.0000;DATA;1611608760.108795
/ndn/v1-site/v1/C2Data-5572-Type2;91962.0000;DATA;1611608760.858815
/ndn/h0-site/h0/C2Data-6-Type1;191822.0000;DATA;1611608761.637823
/ndn/d2-site/d2/C2Data-2063-Type2;24086.0000;DATA;1611608762.685801
/ndn/v12-site/v12/C2Data-6903-Type1;99065.0000;DATA;1611608766.221780
/ndn/s8-site/s8/C2Data-4604-Type1;6001079.0000;TIMEOUT;1611608761.053996
/ndn/d9-site/d9/C2Data-2910-Type2;71939.0000;DATA;1611608768.620812
/ndn/v4-site/v4/C2Data-5935-Type1;121374.0000;DATA;1611608769.593955
/ndn/h8-site/h8/C2Data-974-Type1;97490.0000;DATA;1611608770.736815
/ndn/s5-site/s5/C2Data-4241-Type2;6006567.0000;TIMEOUT;1611608768.989919
/ndn/s13-site/s13/C2Data-5209-Type1;6001380.0000;TIMEOUT;1611608769.284769
/ndn/v10-site/v10/C2Data-3358-Type3;48198.0000;DATA;1611608784.984732
/ndn/d11-site/d11/C2Data-3153-Type1;48165.0000;DATA;1611608791.438928
/ndn/d4-site/d4/C2Data-2306-Type2;97481.0000;DATA;1611608791.704812
/ndn/h10-site/h10/C2Data-613-Type3;93158.0000;DATA;1611608791.947837
/ndn/v13-site/v13/C2Data-3541-Type3;117773.0000;DATA;1611608792.001926
/ndn/v12-site/v12/C2Data-6904-Type2;94495.0000;DATA;1611608793.304879
/ndn/h12-site/h12/C2Data-735-Type3;191734.0000;DATA;1611608793.212737
/ndn/d5-site/d5/C2Data-2427-Type1;144991.0000;DATA;1611608794.210831
/ndn/d9-site/d9/C2Data-1467-Type3;71928.0000;DATA;1611608794.316901
/ndn/h12-site/h12/C2Data-1459-Type1;192339.0000;DATA;1611608794.626855
