/ndn/d0-site/d0/C2Data-1210-Type1;226704.0000;DATA;1612720359.419973
/ndn/s5-site/s5/C2Data-3025-Type1;149136.0000;DATA;1612720359.725322
/ndn/s3-site/s3/C2Data-2783-Type2;221179.0000;DATA;1612720360.200656
/ndn/s7-site/s7/C2Data-3267-Type2;74053.0000;DATA;1612720361.481390
/ndn/h7-site/h7/C2Data-847-Type1;159008.0000;DATA;1612720363.388500
/ndn/d3-site/d3/C2Data-1573-Type1;202352.0000;DATA;1612720363.359977
/ndn/h5-site/h5/C2Data-605-Type1;157650.0000;DATA;1612720364.643752
/ndn/v6-site/v6/C2Data-4356-Type2;151056.0000;DATA;1612720367.718865
/ndn/d3-site/d3/C2Data-1573-Type2;197375.0000;DATA;1612720367.698549
/ndn/h9-site/h9/C2Data-549-Type3;29712.0000;DATA;1612720388.825055
/ndn/v0-site/v0/C2Data-3631-Type2;126558.0000;DATA;1612720388.869704
/ndn/h4-site/h4/C2Data-485-Type2;179669.0000;DATA;1612720390.855096
/ndn/s1-site/s1/C2Data-1281-Type3;170403.0000;DATA;1612720392.429681
/ndn/d7-site/d7/C2Data-2058-Type2;51621.0000;DATA;1612720393.997464
/ndn/h8-site/h8/C2Data-969-Type2;194414.0000;DATA;1612720395.280848
/ndn/d4-site/d4/C2Data-854-Type3;101139.0000;DATA;1612720395.485091
/ndn/h1-site/h1/C2Data-122-Type2;163163.0000;DATA;1612720396.465599
/ndn/s0-site/s0/C2Data-2421-Type1;130526.0000;DATA;1612720397.382545
/ndn/v9-site/v9/C2Data-2379-Type3;25710.0000;DATA;1612720397.524669
/ndn/d1-site/d1/C2Data-1332-Type2;74192.0000;DATA;1612720398.046752
/ndn/v7-site/v7/C2Data-2257-Type3;73093.0000;DATA;1612720398.085023
/ndn/h1-site/h1/C2Data-122-Type1;166818.0000;DATA;1612720398.148012
/ndn/h7-site/h7/C2Data-848-Type1;173522.0000;DATA;1612720398.505010
/ndn/d7-site/d7/C2Data-2058-Type1;70715.0000;DATA;1612720398.690001
/ndn/d3-site/d3/C2Data-1574-Type2;223559.0000;DATA;1612720398.926208
/ndn/h3-site/h3/C2Data-364-Type2;149297.0000;DATA;1612720400.217251
/ndn/s8-site/s8/C2Data-1708-Type3;104475.0000;DATA;1612720400.278431
/ndn/v0-site/v0/C2Data-3631-Type1;137481.0000;DATA;1612720400.303305
/ndn/s5-site/s5/C2Data-1525-Type3;149842.0000;DATA;1612720402.481254
/ndn/h5-site/h5/C2Data-305-Type3;206563.0000;DATA;1612720403.998553
/ndn/h8-site/h8/C2Data-488-Type3;253028.0000;DATA;1612720406.504779
/ndn/s2-site/s2/C2Data-2664-Type1;148590.0000;DATA;1612720419.732056
/ndn/d2-site/d2/C2Data-1454-Type1;56098.0000;DATA;1612720421.148196
/ndn/h0-site/h0/C2Data-2-Type1;28913.0000;DATA;1612720423.140987
/ndn/h7-site/h7/C2Data-849-Type1;180273.0000;DATA;1612720426.380978
/ndn/v7-site/v7/C2Data-4479-Type2;79547.0000;DATA;1612720428.104049
/ndn/h9-site/h9/C2Data-1091-Type2;28398.0000;DATA;1612720429.226460
/ndn/v5-site/v5/C2Data-4237-Type2;233189.0000;DATA;1612720429.057945
/ndn/d1-site/d1/C2Data-1333-Type2;73582.0000;DATA;1612720430.251301
/ndn/h9-site/h9/C2Data-550-Type3;25219.0000;DATA;1612720445.029548
/ndn/v3-site/v3/C2Data-2014-Type3;78453.0000;DATA;1612720447.834980
/ndn/s4-site/s4/C2Data-1465-Type3;53428.0000;DATA;1612720447.874329
/ndn/s7-site/s7/C2Data-1648-Type3;6002707.0000;TIMEOUT;1612720443.373102
/ndn/d9-site/d9/C2Data-2302-Type1;74597.0000;DATA;1612720450.153349
/ndn/s1-site/s1/C2Data-1282-Type3;178279.0000;DATA;1612720450.288031
/ndn/v4-site/v4/C2Data-4117-Type2;226298.0000;DATA;1612720450.951236
/ndn/v7-site/v7/C2Data-4480-Type2;82153.0000;DATA;1612720452.550887
/ndn/h1-site/h1/C2Data-124-Type2;154167.0000;DATA;1612720454.525326
/ndn/d4-site/d4/C2Data-1697-Type2;15422.0000;DATA;1612720455.726526
/ndn/s4-site/s4/C2Data-2907-Type2;52586.0000;DATA;1612720455.770945
/ndn/h6-site/h6/C2Data-729-Type2;214768.0000;DATA;1612720457.098170
/ndn/v5-site/v5/C2Data-4238-Type2;264709.0000;DATA;1612720458.044081
/ndn/s8-site/s8/C2Data-3391-Type1;105533.0000;DATA;1612720459.514981
/ndn/h6-site/h6/C2Data-150-Type4;216336.0000;DATA;1612720461.207599
/ndn/v8-site/v8/C2Data-700-Type4;178171.0000;DATA;1612720461.497707
/ndn/h1-site/h1/C2Data-62-Type3;156159.0000;DATA;1612720461.600071
/ndn/s5-site/s5/C2Data-1526-Type3;6001367.0000;TIMEOUT;1612720459.411774
/ndn/h3-site/h3/C2Data-367-Type2;123216.0000;DATA;1612720480.746030
/ndn/d4-site/d4/C2Data-1698-Type1;115028.0000;DATA;1612720482.953976
/ndn/v8-site/v8/C2Data-4602-Type2;174806.0000;DATA;1612720483.992054
/ndn/v4-site/v4/C2Data-4118-Type1;229778.0000;DATA;1612720484.897399
/ndn/d1-site/d1/C2Data-1335-Type1;73236.0000;DATA;1612720485.695020
/ndn/v9-site/v9/C2Data-4723-Type1;24412.0000;DATA;1612720489.161257
/ndn/d4-site/d4/C2Data-350-Type4;105118.0000;DATA;1612720489.482670
/ndn/s7-site/s7/C2Data-3271-Type1;6001546.0000;TIMEOUT;1612720484.102547
/ndn/h9-site/h9/C2Data-551-Type3;25081.0000;DATA;1612720502.627047
/ndn/d2-site/d2/C2Data-734-Type3;90987.0000;DATA;1612720507.081053
/ndn/d7-site/d7/C2Data-1039-Type3;51216.0000;DATA;1612720508.347365
/ndn/d5-site/d5/C2Data-917-Type3;50324.0000;DATA;1612720508.571251
/ndn/d0-site/d0/C2Data-1215-Type1;239087.0000;DATA;1612720508.824262
/ndn/d2-site/d2/C2Data-300-Type4;52024.0000;DATA;1612720510.268258
/ndn/v3-site/v3/C2Data-2015-Type3;77909.0000;DATA;1612720511.219659
/ndn/v9-site/v9/C2Data-2381-Type3;28834.0000;DATA;1612720512.790581
/ndn/h2-site/h2/C2Data-50-Type4;172476.0000;DATA;1612720513.705439
/ndn/s5-site/s5/C2Data-3030-Type1;6010953.0000;TIMEOUT;1612720509.180367
/ndn/s1-site/s1/C2Data-2546-Type1;6015542.0000;TIMEOUT;1612720511.057011
/ndn/d0-site/d0/C2Data-612-Type3;242508.0000;DATA;1612720517.665594
/ndn/v7-site/v7/C2Data-2259-Type3;86973.0000;DATA;1612720518.115295
/ndn/h6-site/h6/C2Data-368-Type3;192171.0000;DATA;1612720520.052981
/ndn/s1-site/s1/C2Data-2546-Type2;6001470.0000;TIMEOUT;1612720517.411666
/ndn/h0-site/h0/C2Data-2-Type3;29511.0000;DATA;1612720524.586368
/ndn/s9-site/s9/C2Data-3514-Type2;6000514.0000;TIMEOUT;1612720519.919409
/ndn/d5-site/d5/C2Data-1821-Type2;54889.0000;DATA;1612720539.953665
/ndn/d1-site/d1/C2Data-1337-Type1;77323.0000;DATA;1612720540.498292
/ndn/h3-site/h3/C2Data-369-Type2;133416.0000;DATA;1612720541.206157
/ndn/d4-site/d4/C2Data-1700-Type1;104175.0000;DATA;1612720541.326003
/ndn/d0-site/d0/C2Data-1216-Type2;223925.0000;DATA;1612720544.877954
/ndn/v6-site/v6/C2Data-4362-Type2;173703.0000;DATA;1612720546.309046
/ndn/s6-site/s6/C2Data-3152-Type1;6001889.0000;TIMEOUT;1612720545.723985
/ndn/s3-site/s3/C2Data-2789-Type1;6001881.0000;TIMEOUT;1612720547.858862
/ndn/s7-site/s7/C2Data-3273-Type2;6000997.0000;TIMEOUT;1612720549.825068
/ndn/d2-site/d2/C2Data-735-Type3;56857.0000;DATA;1612720563.405961
/ndn/v1-site/v1/C2Data-1894-Type3;184544.0000;DATA;1612720563.979647
/ndn/v3-site/v3/C2Data-4000-Type1;75478.0000;DATA;1612720572.829776
/ndn/h7-site/h7/C2Data-854-Type2;195293.0000;DATA;1612720573.677644
/ndn/v6-site/v6/C2Data-2199-Type3;158590.0000;DATA;1612720574.228944
/ndn/s7-site/s7/C2Data-3274-Type1;6000780.0000;TIMEOUT;1612720568.616018
/ndn/v3-site/v3/C2Data-2016-Type3;90843.0000;DATA;1612720574.687822
/ndn/h8-site/h8/C2Data-975-Type1;204336.0000;DATA;1612720575.609784
/ndn/d6-site/d6/C2Data-1943-Type1;223257.0000;DATA;1612720575.847037
/ndn/h7-site/h7/C2Data-854-Type1;175298.0000;DATA;1612720578.221772
/ndn/h3-site/h3/C2Data-39-Type5;130027.0000;DATA;1612720578.900349
/ndn/d3-site/d3/C2Data-1580-Type1;214467.0000;DATA;1612720579.495507
/ndn/h8-site/h8/C2Data-491-Type3;204349.0000;DATA;1612720581.653640
/ndn/h9-site/h9/C2Data-552-Type3;27932.0000;DATA;1612720582.123980
/ndn/s1-site/s1/C2Data-2548-Type1;6003021.0000;TIMEOUT;1612720577.647761
/ndn/s3-site/s3/C2Data-2790-Type1;6000750.0000;TIMEOUT;1612720578.240122
/ndn/s7-site/s7/C2Data-1650-Type3;6006109.0000;TIMEOUT;1612720581.548968
/ndn/s4-site/s4/C2Data-1467-Type3;6000559.0000;TIMEOUT;1612720581.759033
/ndn/d5-site/d5/C2Data-1823-Type1;58740.0000;DATA;1612720600.205031
/ndn/v7-site/v7/C2Data-4485-Type1;73658.0000;DATA;1612720602.332672
/ndn/h4-site/h4/C2Data-492-Type2;165115.0000;DATA;1612720603.459179
/ndn/h9-site/h9/C2Data-117-Type5;25964.0000;DATA;1612720603.817561
/ndn/s8-site/s8/C2Data-3396-Type2;6000967.0000;TIMEOUT;1612720599.558088
/ndn/s7-site/s7/C2Data-3275-Type2;6001865.0000;TIMEOUT;1612720600.489719
/ndn/v0-site/v0/C2Data-501-Type4;128348.0000;DATA;1612720606.936676
/ndn/v9-site/v9/C2Data-4727-Type2;28762.0000;DATA;1612720607.708963
/ndn/s2-site/s2/C2Data-2670-Type1;6001149.0000;TIMEOUT;1612720601.852093
/ndn/d4-site/d4/C2Data-1702-Type1;121655.0000;DATA;1612720609.606446
/ndn/h8-site/h8/C2Data-104-Type5;230691.0000;DATA;1612720612.169418
/ndn/h8-site/h8/C2Data-201-Type4;243929.0000;DATA;1612720612.878902
/ndn/s0-site/s0/C2Data-2428-Type2;6001886.0000;TIMEOUT;1612720608.145266
/ndn/d3-site/d3/C2Data-326-Type4;239042.0000;DATA;1612720615.600104
/ndn/s4-site/s4/C2Data-2912-Type1;6003601.0000;TIMEOUT;1612720610.260997
/ndn/h0-site/h0/C2Data-1-Type4;25937.0000;DATA;1612720622.723623
/ndn/h8-site/h8/C2Data-492-Type3;245154.0000;DATA;1612720626.388919
/ndn/v0-site/v0/C2Data-1834-Type3;123633.0000;DATA;1612720629.019131
/ndn/h4-site/h4/C2Data-101-Type4;149424.0000;DATA;1612720629.814018
/ndn/h2-site/h2/C2Data-251-Type2;125613.0000;DATA;1612720629.841206
/ndn/d5-site/d5/C2Data-376-Type4;72300.0000;DATA;1612720630.257113
/ndn/d0-site/d0/C2Data-614-Type3;227442.0000;DATA;1612720630.802426
/ndn/s5-site/s5/C2Data-1529-Type3;6000527.0000;TIMEOUT;1612720625.239257
/ndn/v5-site/v5/C2Data-4244-Type1;226126.0000;DATA;1612720631.641576
/ndn/h6-site/h6/C2Data-735-Type1;255480.0000;DATA;1612720632.073994
/ndn/d2-site/d2/C2Data-736-Type3;49102.0000;DATA;1612720633.062900
/ndn/v0-site/v0/C2Data-3639-Type2;121742.0000;DATA;1612720633.055874
/ndn/d0-site/d0/C2Data-1219-Type1;221401.0000;DATA;1612720633.076036
/ndn/h1-site/h1/C2Data-130-Type2;155453.0000;DATA;1612720633.710871
/ndn/h4-site/h4/C2Data-493-Type2;154822.0000;DATA;1612720634.617945
/ndn/h8-site/h8/C2Data-977-Type1;210641.0000;DATA;1612720634.713896
/ndn/s0-site/s0/C2Data-1224-Type3;6000766.0000;TIMEOUT;1612720630.060607
/ndn/v4-site/v4/C2Data-4123-Type2;233687.0000;DATA;1612720637.624743
/ndn/v8-site/v8/C2Data-2322-Type3;173012.0000;DATA;1612720638.092988
/ndn/d1-site/d1/C2Data-1340-Type2;76756.0000;DATA;1612720638.811013
/ndn/v6-site/v6/C2Data-4365-Type2;145083.0000;DATA;1612720640.418003
/ndn/v4-site/v4/C2Data-2078-Type3;287837.0000;DATA;1612720642.334852
/ndn/s2-site/s2/C2Data-2671-Type2;6000903.0000;TIMEOUT;1612720638.397024
/ndn/v1-site/v1/C2Data-526-Type4;177880.0000;DATA;1612720650.294227
/ndn/s8-site/s8/C2Data-1712-Type3;6001740.0000;TIMEOUT;1612720644.815087
/ndn/h6-site/h6/C2Data-151-Type4;278256.0000;DATA;1612720651.677052
/ndn/d1-site/d1/C2Data-143-Type5;77044.0000;DATA;1612720661.067072
/ndn/h5-site/h5/C2Data-615-Type2;162741.0000;DATA;1612720661.680270
/ndn/d0-site/d0/C2Data-1220-Type1;266916.0000;DATA;1612720663.800024
/ndn/d9-site/d9/C2Data-2309-Type2;52666.0000;DATA;1612720665.121405
/ndn/d4-site/d4/C2Data-1704-Type2;132862.0000;DATA;1612720666.017063
/ndn/s8-site/s8/C2Data-3398-Type1;6014953.0000;TIMEOUT;1612720665.695926
/ndn/s1-site/s1/C2Data-2551-Type1;6001282.0000;TIMEOUT;1612720665.886924
/ndn/s6-site/s6/C2Data-3156-Type1;6002949.0000;TIMEOUT;1612720668.087941
/ndn/d1-site/d1/C2Data-1342-Type2;73165.0000;DATA;1612720690.173131
/ndn/d4-site/d4/C2Data-1705-Type1;98611.0000;DATA;1612720691.117936
/ndn/h4-site/h4/C2Data-495-Type2;148387.0000;DATA;1612720693.132139
/ndn/h2-site/h2/C2Data-26-Type5;127533.0000;DATA;1612720693.538501
/ndn/d6-site/d6/C2Data-981-Type3;221308.0000;DATA;1612720694.224960
/ndn/h9-site/h9/C2Data-554-Type3;31648.0000;DATA;1612720694.767353
/ndn/s4-site/s4/C2Data-2915-Type1;6001541.0000;TIMEOUT;1612720689.336932
/ndn/d9-site/d9/C2Data-1164-Type3;68821.0000;DATA;1612720696.569744
/ndn/s8-site/s8/C2Data-3399-Type2;6000938.0000;TIMEOUT;1612720690.976849
/ndn/v0-site/v0/C2Data-3641-Type1;137365.0000;DATA;1612720698.405372
/ndn/v0-site/v0/C2Data-1835-Type3;132591.0000;DATA;1612720698.556360
/ndn/d2-site/d2/C2Data-1463-Type1;63637.0000;DATA;1612720699.612493
/ndn/v6-site/v6/C2Data-2201-Type3;155425.0000;DATA;1612720704.710618
/ndn/h0-site/h0/C2Data-5-Type3;28224.0000;DATA;1612720706.309247
/ndn/v2-site/v2/C2Data-1957-Type3;76954.0000;DATA;1612720706.370451
/ndn/s5-site/s5/C2Data-1530-Type3;6009889.0000;TIMEOUT;1612720702.374758
/ndn/s4-site/s4/C2Data-1469-Type3;6000919.0000;TIMEOUT;1612720702.478695
/ndn/d9-site/d9/C2Data-2311-Type2;49376.0000;DATA;1612720719.671995
/ndn/v9-site/v9/C2Data-4731-Type2;31548.0000;DATA;1612720720.550819
/ndn/d1-site/d1/C2Data-1343-Type2;76239.0000;DATA;1612720722.196926
/ndn/d2-site/d2/C2Data-1464-Type2;55410.0000;DATA;1612720727.245860
/ndn/d3-site/d3/C2Data-1585-Type2;247259.0000;DATA;1612720727.577757
/ndn/s8-site/s8/C2Data-3400-Type2;6013082.0000;TIMEOUT;1612720725.612890
/ndn/h6-site/h6/C2Data-372-Type3;228695.0000;DATA;1612720747.836298
/ndn/h4-site/h4/C2Data-497-Type1;146365.0000;DATA;1612720749.891267
/ndn/d3-site/d3/C2Data-1586-Type1;198749.0000;DATA;1612720749.994142
/ndn/s6-site/s6/C2Data-1592-Type3;6001464.0000;TIMEOUT;1612720745.107162
/ndn/d7-site/d7/C2Data-1043-Type3;49592.0000;DATA;1612720751.252521
/ndn/v7-site/v7/C2Data-2263-Type3;93701.0000;DATA;1612720751.588242
/ndn/d7-site/d7/C2Data-2070-Type1;57608.0000;DATA;1612720754.277143
/ndn/v3-site/v3/C2Data-4006-Type1;72664.0000;DATA;1612720754.690796
/ndn/d0-site/d0/C2Data-1223-Type2;219430.0000;DATA;1612720757.102956
/ndn/v8-site/v8/C2Data-4611-Type2;179951.0000;DATA;1612720758.461626
/ndn/h0-site/h0/C2Data-13-Type2;27947.0000;DATA;1612720759.510732
/ndn/h2-site/h2/C2Data-255-Type2;135642.0000;DATA;1612720759.560057
/ndn/s0-site/s0/C2Data-2433-Type1;6001864.0000;TIMEOUT;1612720754.590776
/ndn/s9-site/s9/C2Data-3522-Type2;6003969.0000;TIMEOUT;1612720759.452726
/ndn/d9-site/d9/C2Data-477-Type4;49089.0000;DATA;1612720766.110062
/ndn/h7-site/h7/C2Data-177-Type4;269930.0000;DATA;1612720769.538612
/ndn/d5-site/d5/C2Data-377-Type4;54561.0000;DATA;1612720780.516674
/ndn/h5-site/h5/C2Data-619-Type2;153999.0000;DATA;1612720782.162388
/ndn/v6-site/v6/C2Data-4370-Type2;92575.0000;DATA;1612720783.185698
/ndn/h0-site/h0/C2Data-14-Type2;29310.0000;DATA;1612720786.712982
/ndn/v3-site/v3/C2Data-4007-Type2;113430.0000;DATA;1612720787.522928
/ndn/d7-site/d7/C2Data-2071-Type1;63659.0000;DATA;1612720788.517320
/ndn/s7-site/s7/C2Data-3281-Type2;6001425.0000;TIMEOUT;1612720784.056098
/ndn/s1-site/s1/C2Data-2555-Type1;6006996.0000;TIMEOUT;1612720786.846928
/ndn/h1-site/h1/C2Data-68-Type3;283798.0000;DATA;1612720803.396967
/ndn/d7-site/d7/C2Data-427-Type4;54034.0000;DATA;1612720805.392580
/ndn/h3-site/h3/C2Data-77-Type4;133047.0000;DATA;1612720808.261640
/ndn/d2-site/d2/C2Data-739-Type3;54854.0000;DATA;1612720809.955311
/ndn/d2-site/d2/C2Data-1467-Type2;52321.0000;DATA;1612720813.485241
/ndn/h4-site/h4/C2Data-499-Type1;149757.0000;DATA;1612720813.660933
/ndn/v9-site/v9/C2Data-727-Type4;29430.0000;DATA;1612720814.237027
/ndn/h8-site/h8/C2Data-983-Type2;209188.0000;DATA;1612720814.274316
/ndn/h2-site/h2/C2Data-257-Type2;123812.0000;DATA;1612720817.971015
/ndn/v9-site/v9/C2Data-4734-Type2;26103.0000;DATA;1612720818.943124
/ndn/s0-site/s0/C2Data-2435-Type2;6000789.0000;TIMEOUT;1612720813.200636
/ndn/h9-site/h9/C2Data-1104-Type2;25697.0000;DATA;1612720820.263208
/ndn/s9-site/s9/C2Data-1776-Type3;6004419.0000;TIMEOUT;1612720818.227404
/ndn/s1-site/s1/C2Data-1288-Type3;6002749.0000;TIMEOUT;1612720822.554932
/ndn/h1-site/h1/C2Data-137-Type2;146026.0000;DATA;1612720838.650622
/ndn/v3-site/v3/C2Data-4009-Type1;83942.0000;DATA;1612720840.392009
/ndn/v1-site/v1/C2Data-3767-Type2;167705.0000;DATA;1612720847.385960
/ndn/v7-site/v7/C2Data-4493-Type2;95380.0000;DATA;1612720848.144306
/ndn/s7-site/s7/C2Data-3283-Type2;6014101.0000;TIMEOUT;1612720846.915944
/ndn/s6-site/s6/C2Data-3162-Type1;6001693.0000;TIMEOUT;1612720849.584914
/ndn/d3-site/d3/C2Data-801-Type3;191686.0000;DATA;1612720867.921982
/ndn/h0-site/h0/C2Data-8-Type3;30629.0000;DATA;1612720868.482705
/ndn/v0-site/v0/C2Data-3647-Type2;139010.0000;DATA;1612720870.320595
/ndn/v2-site/v2/C2Data-3889-Type1;74345.0000;DATA;1612720872.108416
/ndn/v4-site/v4/C2Data-2082-Type3;224325.0000;DATA;1612720872.253787
/ndn/v1-site/v1/C2Data-1899-Type3;165113.0000;DATA;1612720873.847257
/ndn/h8-site/h8/C2Data-496-Type3;196393.0000;DATA;1612720873.974190
/ndn/h2-site/h2/C2Data-259-Type1;122489.0000;DATA;1612720875.539752
/ndn/v6-site/v6/C2Data-4373-Type1;158424.0000;DATA;1612720876.402584
/ndn/h4-site/h4/C2Data-501-Type2;143846.0000;DATA;1612720877.420133
/ndn/v3-site/v3/C2Data-4010-Type1;72890.0000;DATA;1612720878.138637
/ndn/s4-site/s4/C2Data-2921-Type2;6001917.0000;TIMEOUT;1612720874.611866
/ndn/v6-site/v6/C2Data-339-Type5;155755.0000;DATA;1612720881.353543
/ndn/h4-site/h4/C2Data-53-Type5;155845.0000;DATA;1612720884.729916
/ndn/s5-site/s5/C2Data-3042-Type1;6000614.0000;TIMEOUT;1612720879.296326
/ndn/s6-site/s6/C2Data-1594-Type3;6006008.0000;TIMEOUT;1612720885.250628
/ndn/h4-site/h4/C2Data-502-Type1;146610.0000;DATA;1612720906.520052
/ndn/s3-site/s3/C2Data-2801-Type2;6001996.0000;TIMEOUT;1612720901.481385
/ndn/v3-site/v3/C2Data-4011-Type1;73512.0000;DATA;1612720907.639706
/ndn/s6-site/s6/C2Data-3164-Type1;6000503.0000;TIMEOUT;1612720902.985700
/ndn/d9-site/d9/C2Data-478-Type4;48559.0000;DATA;1612720909.047298
/ndn/s8-site/s8/C2Data-3406-Type2;6002468.0000;TIMEOUT;1612720905.275207
/ndn/h1-site/h1/C2Data-28-Type4;159936.0000;DATA;1612720916.821945
/ndn/h4-site/h4/C2Data-253-Type3;155691.0000;DATA;1612720923.532020
/ndn/h6-site/h6/C2Data-375-Type3;205799.0000;DATA;1612720925.440344
/ndn/d9-site/d9/C2Data-1168-Type3;49178.0000;DATA;1612720925.975411
/ndn/v5-site/v5/C2Data-326-Type5;309391.0000;DATA;1612720927.369497
/ndn/v8-site/v8/C2Data-4617-Type1;183618.0000;DATA;1612720928.729414
/ndn/d0-site/d0/C2Data-253-Type4;734572.0000;DATA;1612720929.273439
/ndn/v0-site/v0/C2Data-3649-Type1;124835.0000;DATA;1612720929.918440
/ndn/d3-site/d3/C2Data-802-Type3;199674.0000;DATA;1612720930.718286
/ndn/d2-site/d2/C2Data-1471-Type2;49653.0000;DATA;1612720931.177457
/ndn/v2-site/v2/C2Data-1961-Type3;73414.0000;DATA;1612720932.157666
/ndn/v7-site/v7/C2Data-4496-Type1;92149.0000;DATA;1612720932.167574
/ndn/d6-site/d6/C2Data-112-Type6;219091.0000;DATA;1612720932.389624
/ndn/v2-site/v2/C2Data-553-Type4;83132.0000;DATA;1612720933.204066
/ndn/d2-site/d2/C2Data-303-Type4;51620.0000;DATA;1612720934.077004
/ndn/d7-site/d7/C2Data-2076-Type2;49286.0000;DATA;1612720934.274703
