/ndn/v8-site/v8/C2Data-6413-Type1;27903.0000;DATA;1611611482.299152
/ndn/d4-site/d4/C2Data-2299-Type2;214924.0000;DATA;1611611483.270220
/ndn/h5-site/h5/C2Data-605-Type2;69286.0000;DATA;1611611486.566138
/ndn/d7-site/d7/C2Data-2662-Type2;143875.0000;DATA;1611611487.579196
/ndn/s14-site/s14/C2Data-5324-Type1;461.0000;NACK;1611611487.918204
/ndn/h1-site/h1/C2Data-121-Type1;236252.0000;DATA;1611611487.722989
/ndn/v1-site/v1/C2Data-5566-Type2;256732.0000;DATA;1611611487.933176
/ndn/v13-site/v13/C2Data-7018-Type1;141862.0000;DATA;1611611488.660136
/ndn/h9-site/h9/C2Data-1089-Type2;94657.0000;DATA;1611611488.986178
/ndn/s13-site/s13/C2Data-5203-Type1;49042.0000;DATA;1611611489.802184
/ndn/v6-site/v6/C2Data-6171-Type1;368.0000;NACK;1611611490.737124
/ndn/v4-site/v4/C2Data-2989-Type3;307792.0000;DATA;1611611505.242125
/ndn/h9-site/h9/C2Data-549-Type3;120682.0000;DATA;1611611507.307148
/ndn/v13-site/v13/C2Data-3538-Type3;148610.0000;DATA;1611611508.152120
/ndn/h7-site/h7/C2Data-427-Type3;23456.0000;DATA;1611611509.635142
/ndn/s1-site/s1/C2Data-3752-Type2;47570.0000;DATA;1611611511.565144
/ndn/d4-site/d4/C2Data-2300-Type1;215846.0000;DATA;1611611513.221431
/ndn/s13-site/s13/C2Data-2623-Type3;51096.0000;DATA;1611611514.010099
/ndn/s5-site/s5/C2Data-4236-Type2;171732.0000;DATA;1611611513.895107
/ndn/s3-site/s3/C2Data-3994-Type2;95873.0000;DATA;1611611514.014103
/ndn/v5-site/v5/C2Data-6051-Type1;290701.0000;DATA;1611611513.944129
/ndn/h8-site/h8/C2Data-969-Type2;120471.0000;DATA;1611611515.294159
/ndn/d1-site/d1/C2Data-1937-Type2;479.0000;NACK;1611611516.205167
/ndn/v5-site/v5/C2Data-6051-Type2;281160.0000;DATA;1611611516.862144
/ndn/h12-site/h12/C2Data-732-Type3;424.0000;NACK;1611611517.542108
/ndn/d9-site/d9/C2Data-2905-Type2;116417.0000;DATA;1611611518.235143
/ndn/s2-site/s2/C2Data-1952-Type3;144978.0000;DATA;1611611518.398088
/ndn/h10-site/h10/C2Data-610-Type3;187517.0000;DATA;1611611518.530092
/ndn/s0-site/s0/C2Data-3631-Type2;137681.0000;DATA;1611611518.621177
/ndn/h1-site/h1/C2Data-61-Type3;197265.0000;DATA;1611611519.494101
/ndn/s13-site/s13/C2Data-5204-Type2;47599.0000;DATA;1611611519.940105
/ndn/d13-site/d13/C2Data-3389-Type1;188478.0000;DATA;1611611519.823215
/ndn/s4-site/s4/C2Data-2074-Type3;234732.0000;DATA;1611611519.817101
/ndn/h1-site/h1/C2Data-122-Type1;189858.0000;DATA;1611611520.874172
/ndn/h10-site/h10/C2Data-1211-Type1;186802.0000;DATA;1611611521.402134
/ndn/v7-site/v7/C2Data-3172-Type3;243160.0000;DATA;1611611522.938109
/ndn/h6-site/h6/C2Data-366-Type3;26742.0000;DATA;1611611524.220178
/ndn/d3-site/d3/C2Data-1098-Type3;199865.0000;DATA;1611611525.838158
/ndn/s2-site/s2/C2Data-3874-Type2;153704.0000;DATA;1611611541.922121
/ndn/v13-site/v13/C2Data-7020-Type2;143615.0000;DATA;1611611542.309100
/ndn/h6-site/h6/C2Data-728-Type2;25077.0000;DATA;1611611542.561189
/ndn/h2-site/h2/C2Data-244-Type2;237021.0000;DATA;1611611543.112185
/ndn/v10-site/v10/C2Data-6657-Type1;170175.0000;DATA;1611611545.222211
/ndn/d2-site/d2/C2Data-2059-Type2;217390.0000;DATA;1611611546.001185
/ndn/d7-site/d7/C2Data-2664-Type1;141824.0000;DATA;1611611547.606162
/ndn/h9-site/h9/C2Data-1091-Type1;96935.0000;DATA;1611611547.735106
/ndn/d12-site/d12/C2Data-3269-Type1;197847.0000;DATA;1611611547.871151
/ndn/d12-site/d12/C2Data-3269-Type2;196143.0000;DATA;1611611548.420157
/ndn/v14-site/v14/C2Data-7141-Type1;92223.0000;DATA;1611611548.699095
/ndn/s13-site/s13/C2Data-5205-Type2;6001096.0000;TIMEOUT;1611611543.352097
/ndn/d10-site/d10/C2Data-3027-Type1;69544.0000;DATA;1611611551.060173
/ndn/v8-site/v8/C2Data-6415-Type1;23767.0000;DATA;1611611551.893166
/ndn/d3-site/d3/C2Data-2180-Type2;169812.0000;DATA;1611611552.055176
/ndn/d10-site/d10/C2Data-3027-Type2;75701.0000;DATA;1611611552.185099
/ndn/v2-site/v2/C2Data-5689-Type2;197501.0000;DATA;1611611552.700183
/ndn/s11-site/s11/C2Data-2502-Type3;142497.0000;DATA;1611611566.837759
/ndn/v5-site/v5/C2Data-6053-Type1;288066.0000;DATA;1611611574.535188
/ndn/d6-site/d6/C2Data-2544-Type2;169877.0000;DATA;1611611576.320182
/ndn/h4-site/h4/C2Data-487-Type1;69367.0000;DATA;1611611576.509173
/ndn/s8-site/s8/C2Data-4601-Type2;168210.0000;DATA;1611611576.460158
/ndn/d5-site/d5/C2Data-2423-Type2;46812.0000;DATA;1611611576.792111
/ndn/h5-site/h5/C2Data-608-Type2;71077.0000;DATA;1611611576.997132
/ndn/v3-site/v3/C2Data-5811-Type2;115851.0000;DATA;1611611577.063180
/ndn/d4-site/d4/C2Data-1160-Type3;211720.0000;DATA;1611611577.931184
/ndn/v1-site/v1/C2Data-2807-Type3;255665.0000;DATA;1611611578.163182
/ndn/v3-site/v3/C2Data-5811-Type1;127543.0000;DATA;1611611578.445136
/ndn/v9-site/v9/C2Data-6537-Type2;98318.0000;DATA;1611611579.649717
/ndn/d2-site/d2/C2Data-425-Type4;221437.0000;DATA;1611611579.656206
/ndn/h8-site/h8/C2Data-489-Type3;118561.0000;DATA;1611611580.021132
/ndn/s14-site/s14/C2Data-5327-Type1;6000727.0000;TIMEOUT;1611611575.403174
/ndn/d3-site/d3/C2Data-2181-Type2;168233.0000;DATA;1611611581.269149
/ndn/h13-site/h13/C2Data-1576-Type1;120010.0000;DATA;1611611581.345163
/ndn/d0-site/d0/C2Data-1818-Type1;193324.0000;DATA;1611611581.666099
/ndn/h9-site/h9/C2Data-225-Type4;100454.0000;DATA;1611611582.487121
/ndn/v2-site/v2/C2Data-5690-Type2;176477.0000;DATA;1611611582.623098
/ndn/h9-site/h9/C2Data-1092-Type2;93870.0000;DATA;1611611582.848198
/ndn/s13-site/s13/C2Data-5206-Type2;6001211.0000;TIMEOUT;1611611578.187104
/ndn/s7-site/s7/C2Data-2258-Type3;6001902.0000;TIMEOUT;1611611579.017186
/ndn/d10-site/d10/C2Data-1526-Type3;74918.0000;DATA;1611611587.412178
/ndn/s2-site/s2/C2Data-1953-Type3;6002035.0000;TIMEOUT;1611611581.610175
/ndn/v8-site/v8/C2Data-3234-Type3;25391.0000;DATA;1611611588.496118
/ndn/s1-site/s1/C2Data-1892-Type3;6000317.0000;TIMEOUT;1611611582.692114
/ndn/d11-site/d11/C2Data-650-Type4;270332.0000;DATA;1611611591.207143
/ndn/s4-site/s4/C2Data-2075-Type3;6002008.0000;TIMEOUT;1611611586.865182
/ndn/h11-site/h11/C2Data-275-Type4;215372.0000;DATA;1611611593.590161
/ndn/v0-site/v0/C2Data-750-Type4;233881.0000;DATA;1611611594.855892
/ndn/h4-site/h4/C2Data-100-Type4;89876.0000;DATA;1611611598.053122
/ndn/v13-site/v13/C2Data-7022-Type1;204588.0000;DATA;1611611601.178401
/ndn/h3-site/h3/C2Data-367-Type1;239264.0000;DATA;1611611605.140120
/ndn/h10-site/h10/C2Data-1214-Type2;185421.0000;DATA;1611611605.494187
/ndn/d2-site/d2/C2Data-2061-Type1;211801.0000;DATA;1611611607.572106
/ndn/v13-site/v13/C2Data-7022-Type2;144278.0000;DATA;1611611607.758148
/ndn/v14-site/v14/C2Data-7143-Type2;96370.0000;DATA;1611611609.267093
/ndn/v5-site/v5/C2Data-6054-Type1;301109.0000;DATA;1611611609.152091
/ndn/d7-site/d7/C2Data-2666-Type1;144426.0000;DATA;1611611610.389119
/ndn/v10-site/v10/C2Data-1000-Type4;174552.0000;DATA;1611611610.557929
/ndn/h9-site/h9/C2Data-1093-Type1;94183.0000;DATA;1611611612.159179
/ndn/v11-site/v11/C2Data-6780-Type1;187170.0000;DATA;1611611612.236102
/ndn/v12-site/v12/C2Data-3479-Type3;265677.0000;DATA;1611611627.017165
/ndn/d1-site/d1/C2Data-978-Type3;218058.0000;DATA;1611611627.597254
/ndn/d13-site/d13/C2Data-1710-Type3;188413.0000;DATA;1611611628.461107
/ndn/v7-site/v7/C2Data-3174-Type3;234944.0000;DATA;1611611629.027154
/ndn/h3-site/h3/C2Data-368-Type2;219258.0000;DATA;1611611632.332121
/ndn/d2-site/d2/C2Data-2062-Type1;215717.0000;DATA;1611611633.591094
/ndn/h5-site/h5/C2Data-307-Type3;80943.0000;DATA;1611611634.606146
/ndn/h10-site/h10/C2Data-612-Type3;189173.0000;DATA;1611611635.185163
/ndn/d5-site/d5/C2Data-1222-Type3;46833.0000;DATA;1611611636.329232
/ndn/d1-site/d1/C2Data-1941-Type2;217989.0000;DATA;1611611636.778208
/ndn/h2-site/h2/C2Data-247-Type1;237328.0000;DATA;1611611636.848134
/ndn/s9-site/s9/C2Data-2381-Type3;6000298.0000;TIMEOUT;1611611631.362139
/ndn/v5-site/v5/C2Data-3052-Type3;282189.0000;DATA;1611611637.640097
/ndn/v0-site/v0/C2Data-5450-Type1;163975.0000;DATA;1611611637.794120
/ndn/s0-site/s0/C2Data-1832-Type3;6004969.0000;TIMEOUT;1611611632.085168
/ndn/h4-site/h4/C2Data-246-Type3;74096.0000;DATA;1611611639.851226
/ndn/s6-site/s6/C2Data-4361-Type1;6000372.0000;TIMEOUT;1611611635.628146
/ndn/v0-site/v0/C2Data-5450-Type2;163884.0000;DATA;1611611641.655182
/ndn/v13-site/v13/C2Data-7023-Type1;156756.0000;DATA;1611611642.690096
/ndn/d1-site/d1/C2Data-1941-Type1;215071.0000;DATA;1611611642.712241
/ndn/s12-site/s12/C2Data-2564-Type3;6000370.0000;TIMEOUT;1611611637.182140
/ndn/d3-site/d3/C2Data-1100-Type3;170759.0000;DATA;1611611643.861192
/ndn/s14-site/s14/C2Data-5329-Type1;6000472.0000;TIMEOUT;1611611640.340097
/ndn/s3-site/s3/C2Data-3998-Type2;6001322.0000;TIMEOUT;1611611640.803100
/ndn/v0-site/v0/C2Data-2747-Type3;169947.0000;DATA;1611611646.775114
/ndn/s9-site/s9/C2Data-4724-Type2;6003265.0000;TIMEOUT;1611611641.583172
/ndn/s5-site/s5/C2Data-4240-Type2;6000273.0000;TIMEOUT;1611611642.928114
/ndn/s3-site/s3/C2Data-2015-Type3;6000713.0000;TIMEOUT;1611611644.185265
/ndn/s13-site/s13/C2Data-2625-Type3;6004134.0000;TIMEOUT;1611611649.121195
/ndn/v11-site/v11/C2Data-6782-Type2;190634.0000;DATA;1611611661.632119
/ndn/d14-site/d14/C2Data-3515-Type1;197026.0000;DATA;1611611661.766174
/ndn/v12-site/v12/C2Data-6903-Type2;269030.0000;DATA;1611611663.850105
/ndn/h11-site/h11/C2Data-1337-Type2;217971.0000;DATA;1611611663.916189
/ndn/d13-site/d13/C2Data-3394-Type2;196169.0000;DATA;1611611666.402223
/ndn/h3-site/h3/C2Data-369-Type2;237560.0000;DATA;1611611667.039146
/ndn/d9-site/d9/C2Data-2910-Type2;117886.0000;DATA;1611611668.002152
/ndn/h6-site/h6/C2Data-732-Type2;29485.0000;DATA;1611611668.164096
/ndn/d13-site/d13/C2Data-3394-Type1;197755.0000;DATA;1611611669.659198
/ndn/d11-site/d11/C2Data-3152-Type2;214686.0000;DATA;1611611670.728105
/ndn/s3-site/s3/C2Data-3999-Type1;6000245.0000;TIMEOUT;1611611665.017133
/ndn/h2-site/h2/C2Data-248-Type2;236464.0000;DATA;1611611671.669093
/ndn/h9-site/h9/C2Data-1095-Type1;96822.0000;DATA;1611611672.782136
/ndn/s0-site/s0/C2Data-3636-Type2;6000268.0000;TIMEOUT;1611611667.261111
/ndn/d1-site/d1/C2Data-979-Type3;213312.0000;DATA;1611611685.354138
/ndn/d0-site/d0/C2Data-918-Type3;206887.0000;DATA;1611611686.454152
/ndn/h4-site/h4/C2Data-247-Type3;74755.0000;DATA;1611611689.563137
/ndn/d14-site/d14/C2Data-1772-Type3;234539.0000;DATA;1611611690.933176
/ndn/v10-site/v10/C2Data-6662-Type2;172212.0000;DATA;1611611691.868094
/ndn/s9-site/s9/C2Data-2382-Type3;6000346.0000;TIMEOUT;1611611686.259185
/ndn/s14-site/s14/C2Data-2687-Type3;6000313.0000;TIMEOUT;1611611686.481129
/ndn/v0-site/v0/C2Data-5452-Type2;161732.0000;DATA;1611611692.662170
/ndn/v2-site/v2/C2Data-5694-Type2;166508.0000;DATA;1611611693.666159
/ndn/h7-site/h7/C2Data-854-Type1;23611.0000;DATA;1611611693.844136
/ndn/h13-site/h13/C2Data-796-Type3;123586.0000;DATA;1611611694.685133
/ndn/h14-site/h14/C2Data-857-Type3;193780.0000;DATA;1611611695.392098
/ndn/s4-site/s4/C2Data-2077-Type3;6003865.0000;TIMEOUT;1611611689.640156
/ndn/v1-site/v1/C2Data-5573-Type1;263783.0000;DATA;1611611696.401119
