/ndn/d8-site/d8/C2Data-2783-Type1;178046.0000;DATA;1611611481.310112
/ndn/s6-site/s6/C2Data-4356-Type2;186889.0000;DATA;1611611488.510159
/ndn/v10-site/v10/C2Data-6655-Type2;218493.0000;DATA;1611611488.908134
/ndn/h4-site/h4/C2Data-484-Type2;191526.0000;DATA;1611611490.049149
/ndn/s11-site/s11/C2Data-4961-Type2;243766.0000;DATA;1611611490.091140
/ndn/v14-site/v14/C2Data-3599-Type3;130111.0000;DATA;1611611505.231147
/ndn/s13-site/s13/C2Data-2623-Type3;255354.0000;DATA;1611611508.053186
/ndn/h10-site/h10/C2Data-610-Type3;263609.0000;DATA;1611611511.152134
/ndn/h13-site/h13/C2Data-793-Type3;93868.0000;DATA;1611611511.714120
/ndn/s5-site/s5/C2Data-4236-Type2;193867.0000;DATA;1611611512.179117
/ndn/v1-site/v1/C2Data-5567-Type2;59929.0000;DATA;1611611512.971111
/ndn/s6-site/s6/C2Data-4357-Type2;266465.0000;DATA;1611611514.527207
/ndn/d0-site/d0/C2Data-915-Type3;165539.0000;DATA;1611611515.980102
/ndn/v7-site/v7/C2Data-6293-Type2;236864.0000;DATA;1611611516.231138
/ndn/h5-site/h5/C2Data-606-Type2;143482.0000;DATA;1611611516.348118
/ndn/d3-site/d3/C2Data-2179-Type1;234506.0000;DATA;1611611517.789357
/ndn/d8-site/d8/C2Data-1403-Type3;170855.0000;DATA;1611611519.038682
/ndn/s2-site/s2/C2Data-3873-Type2;72935.0000;DATA;1611611521.824100
/ndn/h2-site/h2/C2Data-122-Type3;23930.0000;DATA;1611611522.013156
/ndn/s14-site/s14/C2Data-5325-Type1;157578.0000;DATA;1611611523.138172
/ndn/d5-site/d5/C2Data-1220-Type3;160619.0000;DATA;1611611527.746196
/ndn/s14-site/s14/C2Data-2684-Type3;122171.0000;DATA;1611611528.978130
/ndn/h0-site/h0/C2Data-2-Type2;213432.0000;DATA;1611611542.004143
/ndn/s12-site/s12/C2Data-5084-Type1;241529.0000;DATA;1611611544.626235
/ndn/h11-site/h11/C2Data-1333-Type1;98656.0000;DATA;1611611545.835149
/ndn/d5-site/d5/C2Data-2422-Type1;136389.0000;DATA;1611611548.244171
/ndn/h13-site/h13/C2Data-1575-Type1;96772.0000;DATA;1611611549.191131
/ndn/d9-site/d9/C2Data-2906-Type2;191508.0000;DATA;1611611549.295091
/ndn/s8-site/s8/C2Data-4600-Type1;47785.0000;DATA;1611611550.523101
/ndn/s7-site/s7/C2Data-4479-Type2;116200.0000;DATA;1611611551.102173
/ndn/h2-site/h2/C2Data-244-Type2;24604.0000;DATA;1611611552.751173
/ndn/h5-site/h5/C2Data-306-Type3;145743.0000;DATA;1611611569.729122
/ndn/s1-site/s1/C2Data-1892-Type3;6000392.0000;TIMEOUT;1611611569.992156
/ndn/s4-site/s4/C2Data-2075-Type3;24417.0000;DATA;1611611576.092088
/ndn/h4-site/h4/C2Data-245-Type3;193620.0000;DATA;1611611577.247096
/ndn/v13-site/v13/C2Data-3539-Type3;73360.0000;DATA;1611611577.921271
/ndn/s5-site/s5/C2Data-2136-Type3;187485.0000;DATA;1611611578.297211
/ndn/d7-site/d7/C2Data-2665-Type1;219334.0000;DATA;1611611578.539247
/ndn/d2-site/d2/C2Data-425-Type4;140892.0000;DATA;1611611578.625141
/ndn/s2-site/s2/C2Data-3875-Type1;6001503.0000;TIMEOUT;1611611576.035090
/ndn/s6-site/s6/C2Data-4359-Type2;6000342.0000;TIMEOUT;1611611578.021155
/ndn/s2-site/s2/C2Data-3875-Type2;6000272.0000;TIMEOUT;1611611578.771152
/ndn/h4-site/h4/C2Data-100-Type4;192363.0000;DATA;1611611584.623173
/ndn/h13-site/h13/C2Data-325-Type4;101184.0000;DATA;1611611586.154094
/ndn/s5-site/s5/C2Data-4238-Type2;6000964.0000;TIMEOUT;1611611581.239163
/ndn/v4-site/v4/C2Data-2990-Type3;291060.0000;DATA;1611611587.256088
/ndn/s6-site/s6/C2Data-2197-Type3;6000370.0000;TIMEOUT;1611611582.579089
/ndn/s3-site/s3/C2Data-3996-Type2;6000658.0000;TIMEOUT;1611611582.875139
/ndn/d9-site/d9/C2Data-600-Type4;243214.0000;DATA;1611611590.591109
/ndn/h6-site/h6/C2Data-150-Type4;292487.0000;DATA;1611611591.629093
/ndn/v8-site/v8/C2Data-950-Type4;225330.0000;DATA;1611611596.722166
/ndn/d10-site/d10/C2Data-625-Type4;207603.0000;DATA;1611611596.927413
/ndn/h14-site/h14/C2Data-1698-Type1;23541.0000;DATA;1611611601.412195
/ndn/d4-site/d4/C2Data-2303-Type1;124788.0000;DATA;1611611602.378124
/ndn/d8-site/d8/C2Data-575-Type4;166502.0000;DATA;1611611603.142176
/ndn/v11-site/v11/C2Data-6780-Type2;97061.0000;DATA;1611611603.443140
/ndn/h13-site/h13/C2Data-1577-Type2;102436.0000;DATA;1611611607.578138
/ndn/v0-site/v0/C2Data-750-Type4;238310.0000;DATA;1611611607.520097
/ndn/s5-site/s5/C2Data-4239-Type2;6001427.0000;TIMEOUT;1611611603.005092
/ndn/h12-site/h12/C2Data-1456-Type2;47942.0000;DATA;1611611609.257092
/ndn/d0-site/d0/C2Data-1819-Type1;179169.0000;DATA;1611611609.233087
/ndn/h14-site/h14/C2Data-1698-Type2;27615.0000;DATA;1611611609.667116
/ndn/v4-site/v4/C2Data-850-Type4;280099.0000;DATA;1611611611.513090
/ndn/h9-site/h9/C2Data-1093-Type2;168946.0000;DATA;1611611611.964083
/ndn/h14-site/h14/C2Data-350-Type4;23998.0000;DATA;1611611613.079158
/ndn/s5-site/s5/C2Data-4239-Type1;6001531.0000;TIMEOUT;1611611608.380171
/ndn/s3-site/s3/C2Data-3997-Type1;6000835.0000;TIMEOUT;1611611608.854147
/ndn/s12-site/s12/C2Data-5086-Type2;6002319.0000;TIMEOUT;1611611609.698645
/ndn/v3-site/v3/C2Data-825-Type4;162631.0000;DATA;1611611617.523055
/ndn/d0-site/d0/C2Data-375-Type4;179995.0000;DATA;1611611617.733161
/ndn/h10-site/h10/C2Data-250-Type4;262944.0000;DATA;1611611619.218652
/ndn/d8-site/d8/C2Data-1405-Type3;186916.0000;DATA;1611611626.888101
/ndn/v10-site/v10/C2Data-3357-Type3;224740.0000;DATA;1611611628.094153
/ndn/v12-site/v12/C2Data-3479-Type3;409567.0000;DATA;1611611629.485212
/ndn/d4-site/d4/C2Data-1161-Type3;117488.0000;DATA;1611611631.245107
/ndn/v1-site/v1/C2Data-775-Type4;256180.0000;DATA;1611611631.237099
/ndn/s11-site/s11/C2Data-2503-Type3;6004860.0000;TIMEOUT;1611611625.760115
/ndn/d14-site/d14/C2Data-3514-Type2;75681.0000;DATA;1611611631.832168
/ndn/s0-site/s0/C2Data-1832-Type3;6000227.0000;TIMEOUT;1611611626.332092
/ndn/d12-site/d12/C2Data-675-Type4;189030.0000;DATA;1611611632.404156
/ndn/d8-site/d8/C2Data-2788-Type2;161668.0000;DATA;1611611633.057153
/ndn/s9-site/s9/C2Data-2381-Type3;6000379.0000;TIMEOUT;1611611627.289087
/ndn/v0-site/v0/C2Data-2747-Type3;237177.0000;DATA;1611611633.441127
/ndn/d5-site/d5/C2Data-2425-Type1;164067.0000;DATA;1611611634.063117
/ndn/v14-site/v14/C2Data-1100-Type4;117326.0000;DATA;1611611634.291095
/ndn/d7-site/d7/C2Data-2667-Type1;153016.0000;DATA;1611611635.738100
/ndn/v3-site/v3/C2Data-2930-Type3;123249.0000;DATA;1611611636.471101
/ndn/v10-site/v10/C2Data-6660-Type1;214249.0000;DATA;1611611636.434140
/ndn/d13-site/d13/C2Data-1710-Type3;94993.0000;DATA;1611611636.595216
/ndn/h7-site/h7/C2Data-429-Type3;237545.0000;DATA;1611611636.804091
/ndn/d12-site/d12/C2Data-3272-Type2;191873.0000;DATA;1611611637.104208
/ndn/d3-site/d3/C2Data-2183-Type2;238717.0000;DATA;1611611638.043187
/ndn/s4-site/s4/C2Data-4119-Type1;6000321.0000;TIMEOUT;1611611633.127125
/ndn/h11-site/h11/C2Data-1336-Type2;94581.0000;DATA;1611611639.743096
/ndn/s0-site/s0/C2Data-3635-Type1;6000267.0000;TIMEOUT;1611611634.041154
/ndn/s6-site/s6/C2Data-4361-Type2;6000277.0000;TIMEOUT;1611611634.686162
/ndn/v5-site/v5/C2Data-3052-Type3;279615.0000;DATA;1611611640.415185
/ndn/s12-site/s12/C2Data-5087-Type2;6000317.0000;TIMEOUT;1611611634.854091
/ndn/d11-site/d11/C2Data-3151-Type1;214781.0000;DATA;1611611642.279168
/ndn/s6-site/s6/C2Data-4361-Type1;6000298.0000;TIMEOUT;1611611636.547110
/ndn/d12-site/d12/C2Data-3272-Type1;187351.0000;DATA;1611611642.916122
/ndn/v6-site/v6/C2Data-3113-Type3;94423.0000;DATA;1611611643.416162
/ndn/v1-site/v1/C2Data-2808-Type3;273929.0000;DATA;1611611644.485141
/ndn/v4-site/v4/C2Data-2991-Type3;310702.0000;DATA;1611611645.123150
/ndn/s1-site/s1/C2Data-1893-Type3;6000236.0000;TIMEOUT;1611611640.178143
/ndn/s8-site/s8/C2Data-4603-Type1;6000601.0000;TIMEOUT;1611611642.668162
/ndn/d0-site/d0/C2Data-1821-Type1;179383.0000;DATA;1611611662.275123
/ndn/h6-site/h6/C2Data-732-Type1;200486.0000;DATA;1611611662.425123
/ndn/h7-site/h7/C2Data-853-Type2;233742.0000;DATA;1611611665.372130
/ndn/d14-site/d14/C2Data-3515-Type1;73067.0000;DATA;1611611666.175176
/ndn/h3-site/h3/C2Data-369-Type2;252045.0000;DATA;1611611666.842166
/ndn/d13-site/d13/C2Data-3394-Type2;94362.0000;DATA;1611611667.517159
/ndn/h4-site/h4/C2Data-490-Type1;188850.0000;DATA;1611611669.092160
/ndn/d3-site/d3/C2Data-2184-Type1;240567.0000;DATA;1611611670.044106
/ndn/h10-site/h10/C2Data-1216-Type2;268578.0000;DATA;1611611670.322087
/ndn/h0-site/h0/C2Data-6-Type2;211615.0000;DATA;1611611672.569163
/ndn/s7-site/s7/C2Data-4483-Type2;6004125.0000;TIMEOUT;1611611669.860139
/ndn/s3-site/s3/C2Data-3999-Type2;6000713.0000;TIMEOUT;1611611670.141090
/ndn/d4-site/d4/C2Data-1162-Type3;106149.0000;DATA;1611611685.794133
/ndn/h1-site/h1/C2Data-64-Type3;147554.0000;DATA;1611611686.118167
/ndn/h14-site/h14/C2Data-857-Type3;24938.0000;DATA;1611611691.278112
/ndn/v11-site/v11/C2Data-6783-Type1;95868.0000;DATA;1611611691.301139
/ndn/h13-site/h13/C2Data-796-Type3;92862.0000;DATA;1611611692.682124
/ndn/h0-site/h0/C2Data-7-Type1;214131.0000;DATA;1611611694.968147
/ndn/v7-site/v7/C2Data-3175-Type3;240336.0000;DATA;1611611695.333097
/ndn/v6-site/v6/C2Data-6178-Type1;95739.0000;DATA;1611611695.859091
/ndn/v6-site/v6/C2Data-3114-Type3;97037.0000;DATA;1611611696.527148
/ndn/s4-site/s4/C2Data-2077-Type3;6000263.0000;TIMEOUT;1611611690.649216
/ndn/s5-site/s5/C2Data-2138-Type3;6000938.0000;TIMEOUT;1611611691.047829
