/ndn/v2-site/v2/C2Data-3872-Type1;148892.0000;DATA;1612719529.922439
/ndn/s9-site/s9/C2Data-3509-Type2;24979.0000;DATA;1612719530.757075
/ndn/s2-site/s2/C2Data-2662-Type2;96981.0000;DATA;1612719532.262163
/ndn/s8-site/s8/C2Data-3388-Type2;98433.0000;DATA;1612719535.287922
/ndn/h4-site/h4/C2Data-484-Type1;140572.0000;DATA;1612719536.219062
/ndn/v5-site/v5/C2Data-2135-Type3;29027.0000;DATA;1612719557.416801
/ndn/h0-site/h0/C2Data-1-Type2;240432.0000;DATA;1612719559.469854
/ndn/h8-site/h8/C2Data-969-Type1;73166.0000;DATA;1612719560.065324
/ndn/v8-site/v8/C2Data-2318-Type3;121532.0000;DATA;1612719560.123863
/ndn/h8-site/h8/C2Data-969-Type2;77195.0000;DATA;1612719561.329196
/ndn/h5-site/h5/C2Data-305-Type3;150904.0000;DATA;1612719562.229110
/ndn/h3-site/h3/C2Data-183-Type3;77321.0000;DATA;1612719566.717717
/ndn/h2-site/h2/C2Data-122-Type3;98015.0000;DATA;1612719566.750790
/ndn/s2-site/s2/C2Data-2663-Type1;105197.0000;DATA;1612719567.893053
/ndn/v7-site/v7/C2Data-2257-Type3;229944.0000;DATA;1612719570.504177
/ndn/s5-site/s5/C2Data-1525-Type3;100056.0000;DATA;1612719573.464686
/ndn/h0-site/h0/C2Data-0-Type3;239357.0000;DATA;1612719573.554013
/ndn/s6-site/s6/C2Data-3148-Type1;277268.0000;DATA;1612719587.620260
/ndn/h4-site/h4/C2Data-486-Type1;157857.0000;DATA;1612719590.125067
/ndn/s4-site/s4/C2Data-2906-Type2;202164.0000;DATA;1612719591.963045
/ndn/d7-site/d7/C2Data-2059-Type2;164047.0000;DATA;1612719593.187996
/ndn/v7-site/v7/C2Data-4479-Type1;198296.0000;DATA;1612719596.514129
/ndn/h5-site/h5/C2Data-607-Type2;143821.0000;DATA;1612719596.725071
/ndn/s1-site/s1/C2Data-2543-Type1;28133.0000;DATA;1612719598.031861
/ndn/s3-site/s3/C2Data-1404-Type3;27501.0000;DATA;1612719610.178988
/ndn/d2-site/d2/C2Data-733-Type3;237911.0000;DATA;1612719610.314792
/ndn/d0-site/d0/C2Data-611-Type3;51674.0000;DATA;1612719616.182167
/ndn/s2-site/s2/C2Data-1343-Type3;100929.0000;DATA;1612719616.784756
/ndn/v7-site/v7/C2Data-4480-Type1;200644.0000;DATA;1612719616.726123
/ndn/s0-site/s0/C2Data-1221-Type3;87336.0000;DATA;1612719619.744101
/ndn/v2-site/v2/C2Data-550-Type4;143561.0000;DATA;1612719625.349546
/ndn/s5-site/s5/C2Data-3028-Type2;6001650.0000;TIMEOUT;1612719621.327959
/ndn/h7-site/h7/C2Data-175-Type4;120398.0000;DATA;1612719627.686658
/ndn/d4-site/d4/C2Data-1697-Type1;217110.0000;DATA;1612719627.592254
/ndn/h9-site/h9/C2Data-550-Type3;176410.0000;DATA;1612719627.991669
/ndn/h2-site/h2/C2Data-123-Type3;97472.0000;DATA;1612719628.479343
/ndn/d8-site/d8/C2Data-1099-Type3;220778.0000;DATA;1612719628.604656
/ndn/v0-site/v0/C2Data-500-Type4;157851.0000;DATA;1612719631.567621
/ndn/h6-site/h6/C2Data-150-Type4;111357.0000;DATA;1612719636.388869
/ndn/s8-site/s8/C2Data-1709-Type3;6002191.0000;TIMEOUT;1612719633.278596
/ndn/h0-site/h0/C2Data-0-Type4;230975.0000;DATA;1612719646.972311
/ndn/s1-site/s1/C2Data-2545-Type2;29490.0000;DATA;1612719647.518072
/ndn/h8-site/h8/C2Data-972-Type2;103770.0000;DATA;1612719648.869648
/ndn/h7-site/h7/C2Data-851-Type1;112076.0000;DATA;1612719651.826387
/ndn/h3-site/h3/C2Data-75-Type4;79998.0000;DATA;1612719652.508055
/ndn/d1-site/d1/C2Data-275-Type4;125340.0000;DATA;1612719653.746822
/ndn/h0-site/h0/C2Data-4-Type1;222627.0000;DATA;1612719655.446048
/ndn/s3-site/s3/C2Data-2787-Type2;6000972.0000;TIMEOUT;1612719656.725697
/ndn/h1-site/h1/C2Data-126-Type1;160122.0000;DATA;1612719678.728571
/ndn/v5-site/v5/C2Data-625-Type4;28158.0000;DATA;1612719680.929432
/ndn/h4-site/h4/C2Data-246-Type3;138251.0000;DATA;1612719680.927998
/ndn/v7-site/v7/C2Data-4482-Type1;248039.0000;DATA;1612719680.880565
/ndn/h9-site/h9/C2Data-1094-Type1;168121.0000;DATA;1612719682.209144
/ndn/d9-site/d9/C2Data-2304-Type2;244490.0000;DATA;1612719684.328942
/ndn/h3-site/h3/C2Data-368-Type2;75867.0000;DATA;1612719685.640819
/ndn/v3-site/v3/C2Data-3998-Type1;267045.0000;DATA;1612719687.493270
/ndn/s5-site/s5/C2Data-3030-Type1;6002704.0000;TIMEOUT;1612719685.212666
/ndn/s4-site/s4/C2Data-2909-Type2;6000454.0000;TIMEOUT;1612719687.498325
/ndn/s8-site/s8/C2Data-1710-Type3;6001370.0000;TIMEOUT;1612719690.454512
/ndn/h9-site/h9/C2Data-1095-Type2;198074.0000;DATA;1612719706.771256
/ndn/v4-site/v4/C2Data-4120-Type1;33540.0000;DATA;1612719708.023259
/ndn/h1-site/h1/C2Data-127-Type2;175128.0000;DATA;1612719708.848620
/ndn/v2-site/v2/C2Data-3878-Type1;166748.0000;DATA;1612719713.526207
/ndn/h1-site/h1/C2Data-127-Type1;160550.0000;DATA;1612719716.133921
/ndn/h5-site/h5/C2Data-611-Type2;197014.0000;DATA;1612719716.523018
/ndn/s7-site/s7/C2Data-3273-Type1;6015786.0000;TIMEOUT;1612719714.906919
/ndn/s3-site/s3/C2Data-2789-Type2;6006435.0000;TIMEOUT;1612719715.780235
/ndn/d1-site/d1/C2Data-674-Type3;143059.0000;DATA;1612719734.602086
/ndn/v4-site/v4/C2Data-2077-Type3;25433.0000;DATA;1612719737.704689
/ndn/h0-site/h0/C2Data-7-Type2;235047.0000;DATA;1612719739.691026
/ndn/v0-site/v0/C2Data-1833-Type3;146666.0000;DATA;1612719740.131396
/ndn/v3-site/v3/C2Data-4000-Type2;275400.0000;DATA;1612719741.411673
/ndn/v8-site/v8/C2Data-364-Type5;79503.0000;DATA;1612719745.503025
/ndn/d7-site/d7/C2Data-1040-Type3;149364.0000;DATA;1612719745.460017
/ndn/d8-site/d8/C2Data-2185-Type2;197369.0000;DATA;1612719745.957046
/ndn/d4-site/d4/C2Data-857-Type3;189691.0000;DATA;1612719747.041538
/ndn/s9-site/s9/C2Data-3516-Type1;6000365.0000;TIMEOUT;1612719741.629009
/ndn/d0-site/d0/C2Data-613-Type3;61842.0000;DATA;1612719750.285329
/ndn/s6-site/s6/C2Data-3153-Type1;6000978.0000;TIMEOUT;1612719744.934829
/ndn/s9-site/s9/C2Data-1772-Type3;6001558.0000;TIMEOUT;1612719745.275612
/ndn/h9-site/h9/C2Data-117-Type5;178081.0000;DATA;1612719756.837840
/ndn/v3-site/v3/C2Data-299-Type5;378180.0000;DATA;1612719758.780469
/ndn/d4-site/d4/C2Data-1702-Type2;186399.0000;DATA;1612719766.736077
/ndn/s2-site/s2/C2Data-2670-Type2;6002667.0000;TIMEOUT;1612719771.655811
/ndn/s7-site/s7/C2Data-3275-Type2;6002767.0000;TIMEOUT;1612719777.748804
/ndn/h2-site/h2/C2Data-51-Type4;111322.0000;DATA;1612719786.070727
/ndn/d1-site/d1/C2Data-276-Type4;174293.0000;DATA;1612719792.527891
/ndn/d4-site/d4/C2Data-858-Type3;171935.0000;DATA;1612719793.742024
/ndn/h4-site/h4/C2Data-101-Type4;133788.0000;DATA;1612719797.600997
/ndn/d0-site/d0/C2Data-1219-Type2;53383.0000;DATA;1612719800.724016
/ndn/v2-site/v2/C2Data-1956-Type3;158545.0000;DATA;1612719801.221151
/ndn/h2-site/h2/C2Data-251-Type1;97856.0000;DATA;1612719801.321532
/ndn/h2-site/h2/C2Data-126-Type3;96084.0000;DATA;1612719801.871889
/ndn/d6-site/d6/C2Data-980-Type3;75613.0000;DATA;1612719803.083568
/ndn/h6-site/h6/C2Data-151-Type4;97695.0000;DATA;1612719803.037552
/ndn/s2-site/s2/C2Data-2671-Type2;6006219.0000;TIMEOUT;1612719798.074721
/ndn/s6-site/s6/C2Data-3155-Type2;6000554.0000;TIMEOUT;1612719798.325035
/ndn/v3-site/v3/C2Data-4002-Type1;258132.0000;DATA;1612719805.714109
/ndn/d5-site/d5/C2Data-919-Type3;262131.0000;DATA;1612719805.736020
/ndn/d0-site/d0/C2Data-1219-Type1;50760.0000;DATA;1612719807.946989
/ndn/s7-site/s7/C2Data-1651-Type3;6000568.0000;TIMEOUT;1612719804.637899
/ndn/h7-site/h7/C2Data-431-Type3;99250.0000;DATA;1612719813.309729
/ndn/s4-site/s4/C2Data-1468-Type3;6001557.0000;TIMEOUT;1612719812.848695
/ndn/h7-site/h7/C2Data-857-Type1;105481.0000;DATA;1612719826.565086
/ndn/h7-site/h7/C2Data-176-Type4;99378.0000;DATA;1612719830.798460
/ndn/s1-site/s1/C2Data-2551-Type1;6003287.0000;TIMEOUT;1612719827.232982
/ndn/v5-site/v5/C2Data-4245-Type2;33902.0000;DATA;1612719833.501669
/ndn/h6-site/h6/C2Data-736-Type2;117129.0000;DATA;1612719834.737316
/ndn/s8-site/s8/C2Data-3398-Type1;6000439.0000;TIMEOUT;1612719829.424122
/ndn/s0-site/s0/C2Data-2430-Type1;6084536.0000;TIMEOUT;1612719833.702107
/ndn/s7-site/s7/C2Data-3277-Type1;6009514.0000;TIMEOUT;1612719834.692668
/ndn/v2-site/v2/C2Data-286-Type5;148502.0000;DATA;1612719851.903056
/ndn/h8-site/h8/C2Data-493-Type3;76407.0000;DATA;1612719855.379421
/ndn/h7-site/h7/C2Data-432-Type3;103732.0000;DATA;1612719855.369783
/ndn/s3-site/s3/C2Data-1408-Type3;6000485.0000;TIMEOUT;1612719850.700249
/ndn/v9-site/v9/C2Data-4730-Type1;229994.0000;DATA;1612719857.965492
/ndn/h0-site/h0/C2Data-0-Type5;222775.0000;DATA;1612719859.059745
/ndn/h1-site/h1/C2Data-132-Type1;157117.0000;DATA;1612719859.632011
/ndn/v5-site/v5/C2Data-2140-Type3;26609.0000;DATA;1612719862.254138
/ndn/h0-site/h0/C2Data-11-Type1;227999.0000;DATA;1612719862.414989
/ndn/v3-site/v3/C2Data-2018-Type3;263622.0000;DATA;1612719863.218468
/ndn/v2-site/v2/C2Data-3883-Type2;154563.0000;DATA;1612719863.489062
/ndn/d1-site/d1/C2Data-676-Type3;121754.0000;DATA;1612719863.898096
/ndn/h2-site/h2/C2Data-127-Type3;102386.0000;DATA;1612719865.120024
/ndn/s0-site/s0/C2Data-2431-Type2;6002331.0000;TIMEOUT;1612719860.131468
/ndn/d0-site/d0/C2Data-1221-Type1;51964.0000;DATA;1612719867.979065
/ndn/s1-site/s1/C2Data-2552-Type2;6000758.0000;TIMEOUT;1612719862.582040
/ndn/s7-site/s7/C2Data-3278-Type1;6001741.0000;TIMEOUT;1612719864.587032
/ndn/s2-site/s2/C2Data-2673-Type2;6000993.0000;TIMEOUT;1612719866.248409
/ndn/d0-site/d0/C2Data-615-Type3;53541.0000;DATA;1612719872.292292
/ndn/s7-site/s7/C2Data-3278-Type2;6002229.0000;TIMEOUT;1612719867.882034
/ndn/s5-site/s5/C2Data-1530-Type3;6012356.0000;TIMEOUT;1612719868.886774
/ndn/h7-site/h7/C2Data-859-Type1;99638.0000;DATA;1612719886.713743
/ndn/d9-site/d9/C2Data-2311-Type1;239158.0000;DATA;1612719893.756032
/ndn/v2-site/v2/C2Data-3884-Type2;153019.0000;DATA;1612719894.987656
/ndn/h3-site/h3/C2Data-375-Type1;72733.0000;DATA;1612719897.033022
/ndn/d7-site/d7/C2Data-2069-Type1;144094.0000;DATA;1612719898.030294
/ndn/s1-site/s1/C2Data-2553-Type2;6000626.0000;TIMEOUT;1612719893.570137
/ndn/s3-site/s3/C2Data-2795-Type2;6006644.0000;TIMEOUT;1612719894.398637
/ndn/s4-site/s4/C2Data-2916-Type1;6000553.0000;TIMEOUT;1612719897.135018
/ndn/v0-site/v0/C2Data-1836-Type3;158896.0000;DATA;1612719915.414943
/ndn/d6-site/d6/C2Data-982-Type3;75725.0000;DATA;1612719916.295646
/ndn/d4-site/d4/C2Data-860-Type3;174882.0000;DATA;1612719916.856298
/ndn/v6-site/v6/C2Data-2202-Type3;56416.0000;DATA;1612719918.597698
/ndn/h3-site/h3/C2Data-376-Type1;82652.0000;DATA;1612719918.790270
/ndn/v0-site/v0/C2Data-3643-Type1;79409.0000;DATA;1612719919.878882
/ndn/d8-site/d8/C2Data-2191-Type2;194321.0000;DATA;1612719919.789631
/ndn/d2-site/d2/C2Data-1465-Type2;217758.0000;DATA;1612719920.135114
/ndn/d1-site/d1/C2Data-1344-Type2;130359.0000;DATA;1612719920.509630
/ndn/d4-site/d4/C2Data-1707-Type1;186235.0000;DATA;1612719920.857006
/ndn/d7-site/d7/C2Data-1043-Type3;143303.0000;DATA;1612719921.446859
/ndn/h5-site/h5/C2Data-618-Type1;145984.0000;DATA;1612719922.725534
/ndn/h1-site/h1/C2Data-67-Type3;168266.0000;DATA;1612719923.065778
/ndn/v9-site/v9/C2Data-727-Type4;239299.0000;DATA;1612719924.652072
/ndn/v8-site/v8/C2Data-2324-Type3;129142.0000;DATA;1612719925.097171
/ndn/d7-site/d7/C2Data-2070-Type2;147325.0000;DATA;1612719925.779055
/ndn/v6-site/v6/C2Data-4369-Type2;63520.0000;DATA;1612719926.353014
/ndn/s0-site/s0/C2Data-2433-Type1;6000505.0000;TIMEOUT;1612719921.669918
/ndn/s8-site/s8/C2Data-1714-Type3;6001263.0000;TIMEOUT;1612719922.089849
/ndn/s4-site/s4/C2Data-1470-Type3;6001591.0000;TIMEOUT;1612719922.264113
/ndn/s8-site/s8/C2Data-3401-Type2;6003089.0000;TIMEOUT;1612719924.030228
/ndn/s8-site/s8/C2Data-3401-Type1;6001543.0000;TIMEOUT;1612719924.871124
/ndn/h0-site/h0/C2Data-6-Type3;233942.0000;DATA;1612719931.285146
/ndn/s2-site/s2/C2Data-1348-Type3;6000465.0000;TIMEOUT;1612719925.593720
/ndn/h3-site/h3/C2Data-77-Type4;79133.0000;DATA;1612719940.185578
/ndn/v8-site/v8/C2Data-702-Type4;207726.0000;DATA;1612719943.263080
/ndn/h8-site/h8/C2Data-982-Type2;76896.0000;DATA;1612719947.667076
/ndn/v2-site/v2/C2Data-3886-Type2;149716.0000;DATA;1612719952.075999
/ndn/h1-site/h1/C2Data-135-Type2;147772.0000;DATA;1612719952.703319
/ndn/s9-site/s9/C2Data-3523-Type2;6002575.0000;TIMEOUT;1612719946.851990
/ndn/h5-site/h5/C2Data-619-Type2;148092.0000;DATA;1612719953.211155
/ndn/d0-site/d0/C2Data-1224-Type1;48288.0000;DATA;1612719954.906332
/ndn/v0-site/v0/C2Data-3644-Type1;151410.0000;DATA;1612719958.262858
/ndn/s3-site/s3/C2Data-2797-Type1;6001403.0000;TIMEOUT;1612719954.153673
/ndn/s8-site/s8/C2Data-3402-Type2;6010824.0000;TIMEOUT;1612719954.806373
/ndn/v6-site/v6/C2Data-2203-Type3;51586.0000;DATA;1612719978.229793
/ndn/d5-site/d5/C2Data-1830-Type1;257937.0000;DATA;1612719978.663233
/ndn/v7-site/v7/C2Data-2264-Type3;197499.0000;DATA;1612719979.781507
/ndn/d7-site/d7/C2Data-2072-Type2;157644.0000;DATA;1612719979.897042
/ndn/h5-site/h5/C2Data-620-Type2;147101.0000;DATA;1612719983.665468
/ndn/d9-site/d9/C2Data-2314-Type1;241426.0000;DATA;1612719984.468716
/ndn/h2-site/h2/C2Data-257-Type2;103985.0000;DATA;1612719985.480104
/ndn/h9-site/h9/C2Data-1104-Type1;185496.0000;DATA;1612719986.425011
/ndn/s9-site/s9/C2Data-3524-Type2;6002289.0000;TIMEOUT;1612719981.384458
/ndn/d8-site/d8/C2Data-1105-Type3;221503.0000;DATA;1612719987.595295
/ndn/h6-site/h6/C2Data-373-Type3;102080.0000;DATA;1612719989.316101
/ndn/s5-site/s5/C2Data-3040-Type2;6000842.0000;TIMEOUT;1612719987.010072
/ndn/v2-site/v2/C2Data-1959-Type3;203917.0000;DATA;1612719994.064553
/ndn/s9-site/s9/C2Data-1776-Type3;6007992.0000;TIMEOUT;1612719989.198846
/ndn/s6-site/s6/C2Data-1593-Type3;6000838.0000;TIMEOUT;1612719990.948456
/ndn/s2-site/s2/C2Data-1349-Type3;6003144.0000;TIMEOUT;1612719992.128539
/ndn/s5-site/s5/C2Data-1532-Type3;6000532.0000;TIMEOUT;1612719993.399026
/ndn/s8-site/s8/C2Data-1715-Type3;6001858.0000;TIMEOUT;1612719993.901009
/ndn/d1-site/d1/C2Data-1347-Type2;143808.0000;DATA;1612720009.523063
/ndn/v4-site/v4/C2Data-4130-Type2;32432.0000;DATA;1612720011.593611
/ndn/v5-site/v5/C2Data-4251-Type1;25805.0000;DATA;1612720013.448062
/ndn/d6-site/d6/C2Data-1952-Type2;73615.0000;DATA;1612720015.238084
/ndn/s2-site/s2/C2Data-2678-Type2;6001734.0000;TIMEOUT;1612720009.698007
/ndn/v4-site/v4/C2Data-4130-Type1;34636.0000;DATA;1612720016.336648
/ndn/s2-site/s2/C2Data-2678-Type1;6000852.0000;TIMEOUT;1612720013.952407
/ndn/s0-site/s0/C2Data-2436-Type2;6021229.0000;TIMEOUT;1612720017.481343
/ndn/d6-site/d6/C2Data-984-Type3;121874.0000;DATA;1612720034.842073
/ndn/h3-site/h3/C2Data-191-Type3;74394.0000;DATA;1612720036.334802
/ndn/h8-site/h8/C2Data-985-Type2;76542.0000;DATA;1612720036.872185
/ndn/d9-site/d9/C2Data-1167-Type3;250225.0000;DATA;1612720036.709295
/ndn/v8-site/v8/C2Data-4615-Type1;128737.0000;DATA;1612720038.344149
/ndn/v3-site/v3/C2Data-2021-Type3;249356.0000;DATA;1612720039.272404
/ndn/d8-site/d8/C2Data-2195-Type1;219074.0000;DATA;1612720040.089645
/ndn/h9-site/h9/C2Data-1106-Type1;186027.0000;DATA;1612720040.269439
/ndn/v0-site/v0/C2Data-1838-Type3;148126.0000;DATA;1612720043.042355
/ndn/s4-site/s4/C2Data-2921-Type2;6000772.0000;TIMEOUT;1612720037.787179
/ndn/s9-site/s9/C2Data-1777-Type3;6001166.0000;TIMEOUT;1612720038.469348
/ndn/v2-site/v2/C2Data-3889-Type1;85053.0000;DATA;1612720044.771100
/ndn/s3-site/s3/C2Data-2800-Type2;6001105.0000;TIMEOUT;1612720039.389148
/ndn/v7-site/v7/C2Data-2265-Type3;201651.0000;DATA;1612720045.759209
/ndn/h1-site/h1/C2Data-69-Type3;147988.0000;DATA;1612720046.177230
/ndn/h7-site/h7/C2Data-864-Type1;99934.0000;DATA;1612720047.947912
/ndn/h5-site/h5/C2Data-313-Type3;148305.0000;DATA;1612720049.078031
/ndn/d5-site/d5/C2Data-923-Type3;255519.0000;DATA;1612720049.487970
/ndn/v9-site/v9/C2Data-2387-Type3;243561.0000;DATA;1612720050.117581
/ndn/v7-site/v7/C2Data-189-Type6;217199.0000;DATA;1612720050.179410
/ndn/s9-site/s9/C2Data-3526-Type1;6001494.0000;TIMEOUT;1612720045.360365
/ndn/s6-site/s6/C2Data-1594-Type3;6002629.0000;TIMEOUT;1612720045.896504
/ndn/h0-site/h0/C2Data-8-Type3;236922.0000;DATA;1612720051.909244
/ndn/v9-site/v9/C2Data-203-Type6;237794.0000;DATA;1612720052.167471
/ndn/s4-site/s4/C2Data-1472-Type3;6023968.0000;TIMEOUT;1612720048.210850
/ndn/s8-site/s8/C2Data-1716-Type3;6010766.0000;TIMEOUT;1612720051.940834
/ndn/v2-site/v2/C2Data-287-Type5;227952.0000;DATA;1612720062.639074
/ndn/d8-site/d8/C2Data-235-Type5;275330.0000;DATA;1612720068.959959
/ndn/d8-site/d8/C2Data-126-Type6;200273.0000;DATA;1612720069.037988
/ndn/d4-site/d4/C2Data-98-Type6;186309.0000;DATA;1612720069.452355
/ndn/h7-site/h7/C2Data-865-Type1;103444.0000;DATA;1612720069.810872
/ndn/h8-site/h8/C2Data-986-Type2;76625.0000;DATA;1612720071.082279
/ndn/v7-site/v7/C2Data-4495-Type1;194532.0000;DATA;1612720071.684924
/ndn/v2-site/v2/C2Data-3890-Type2;155152.0000;DATA;1612720072.436987
/ndn/v6-site/v6/C2Data-182-Type6;68970.0000;DATA;1612720073.563003
/ndn/s0-site/s0/C2Data-2438-Type2;6000758.0000;TIMEOUT;1612720068.376841
/ndn/s4-site/s4/C2Data-2922-Type2;6000408.0000;TIMEOUT;1612720068.487506
/ndn/s0-site/s0/C2Data-2438-Type1;6000745.0000;TIMEOUT;1612720068.599878
/ndn/d2-site/d2/C2Data-1470-Type1;232030.0000;DATA;1612720074.837999
/ndn/s9-site/s9/C2Data-3527-Type2;6002415.0000;TIMEOUT;1612720069.204111
/ndn/v3-site/v3/C2Data-161-Type6;275755.0000;DATA;1612720075.153172
/ndn/h8-site/h8/C2Data-986-Type1;76808.0000;DATA;1612720076.145501
/ndn/h7-site/h7/C2Data-92-Type5;107831.0000;DATA;1612720076.513631
/ndn/v9-site/v9/C2Data-4737-Type1;228731.0000;DATA;1612720077.272520
/ndn/s1-site/s1/C2Data-2559-Type1;6004061.0000;TIMEOUT;1612720074.558352
/ndn/h1-site/h1/C2Data-14-Type5;152929.0000;DATA;1612720082.585193
/ndn/h5-site/h5/C2Data-35-Type6;146093.0000;DATA;1612720082.920146
/ndn/h4-site/h4/C2Data-53-Type5;128839.0000;DATA;1612720084.411084
/ndn/d9-site/d9/C2Data-478-Type4;331844.0000;DATA;1612720086.467236
/ndn/d2-site/d2/C2Data-84-Type6;243451.0000;DATA;1612720090.870216
/ndn/h4-site/h4/C2Data-253-Type3;120654.0000;DATA;1612720094.476144
/ndn/v8-site/v8/C2Data-4617-Type1;141812.0000;DATA;1612720096.592484
/ndn/h4-site/h4/C2Data-503-Type1;139860.0000;DATA;1612720096.731890
/ndn/h6-site/h6/C2Data-745-Type2;104892.0000;DATA;1612720097.986118
/ndn/v4-site/v4/C2Data-2083-Type3;25185.0000;DATA;1612720098.154404
/ndn/d6-site/d6/C2Data-985-Type3;79221.0000;DATA;1612720098.561188
/ndn/h8-site/h8/C2Data-497-Type3;77421.0000;DATA;1612720098.614160
/ndn/h9-site/h9/C2Data-1108-Type1;177262.0000;DATA;1612720099.543146
/ndn/v6-site/v6/C2Data-4375-Type2;50061.0000;DATA;1612720100.286122
/ndn/d7-site/d7/C2Data-428-Type4;161200.0000;DATA;1612720101.093951
