/ndn/s3-site/s3/C2Data-3993-Type2;553.0000;NACK;1611605090.080942
/ndn/h3-site/h3/C2Data-363-Type2;124079.0000;DATA;1611605092.367449
/ndn/h2-site/h2/C2Data-242-Type2;149339.0000;DATA;1611605092.987055
/ndn/h8-site/h8/C2Data-968-Type1;23450.0000;DATA;1611605093.752012
/ndn/v2-site/v2/C2Data-5687-Type2;613.0000;DATA;1611605093.926932
/ndn/v3-site/v3/C2Data-5808-Type2;602.0000;NACK;1611605094.810035
/ndn/h10-site/h10/C2Data-1210-Type2;23869.0000;DATA;1611605096.385895
/ndn/v6-site/v6/C2Data-6171-Type2;21386.0000;NACK;1611605097.940080
/ndn/s2-site/s2/C2Data-3872-Type1;126436.0000;DATA;1611605098.622081
/ndn/h14-site/h14/C2Data-1694-Type2;24583.0000;DATA;1611605100.355897
/ndn/h10-site/h10/C2Data-1210-Type1;37984.0000;DATA;1611605100.430017
/ndn/s6-site/s6/C2Data-2196-Type3;69742.0000;DATA;1611605113.381929
/ndn/s0-site/s0/C2Data-1830-Type3;54542.0000;DATA;1611605114.616979
/ndn/d0-site/d0/C2Data-915-Type3;75096.0000;DATA;1611605115.723140
/ndn/d2-site/d2/C2Data-1037-Type3;736.0000;DATA;1611605117.404912
/ndn/v12-site/v12/C2Data-3477-Type3;26007.0000;DATA;1611605118.951973
/ndn/h8-site/h8/C2Data-969-Type1;23898.0000;DATA;1611605120.666005
/ndn/v14-site/v14/C2Data-7140-Type1;23196.0000;DATA;1611605121.698985
/ndn/v9-site/v9/C2Data-3294-Type3;457.0000;NACK;1611605121.768574
/ndn/s7-site/s7/C2Data-4478-Type2;139203.0000;DATA;1611605121.750978
/ndn/h4-site/h4/C2Data-485-Type1;51307.0000;DATA;1611605122.347995
/ndn/v1-site/v1/C2Data-5567-Type1;444.0000;DATA;1611605122.778947
/ndn/s14-site/s14/C2Data-5325-Type1;145690.0000;DATA;1611605123.103905
/ndn/s12-site/s12/C2Data-5083-Type2;441.0000;NACK;1611605124.503951
/ndn/h7-site/h7/C2Data-427-Type3;651.0000;DATA;1611605124.871928
/ndn/s11-site/s11/C2Data-2501-Type3;486.0000;NACK;1611605124.900003
/ndn/d8-site/d8/C2Data-2784-Type1;94911.0000;DATA;1611605125.079973
/ndn/d13-site/d13/C2Data-3389-Type1;619.0000;DATA;1611605126.050941
/ndn/v8-site/v8/C2Data-3233-Type3;424.0000;NACK;1611605127.842105
/ndn/h4-site/h4/C2Data-244-Type3;566.0000;DATA;1611605127.976990
/ndn/h12-site/h12/C2Data-1453-Type1;216972.0000;DATA;1611605127.880017
/ndn/v7-site/v7/C2Data-6293-Type1;751.0000;DATA;1611605128.619056
/ndn/s14-site/s14/C2Data-5325-Type2;96138.0000;DATA;1611605128.947990
/ndn/h3-site/h3/C2Data-364-Type2;724.0000;DATA;1611605129.295022
/ndn/h7-site/h7/C2Data-848-Type1;145567.0000;DATA;1611605129.249023
/ndn/d5-site/d5/C2Data-1220-Type3;713.0000;DATA;1611605130.073195
/ndn/s14-site/s14/C2Data-2684-Type3;23530.0000;DATA;1611605130.089065
/ndn/v1-site/v1/C2Data-5567-Type2;24328.0000;DATA;1611605130.940049
/ndn/v6-site/v6/C2Data-3111-Type3;132509.0000;DATA;1611605133.384962
/ndn/v5-site/v5/C2Data-3050-Type3;589.0000;DATA;1611605133.643983
/ndn/v14-site/v14/C2Data-3599-Type3;637.0000;DATA;1611605133.720010
/ndn/h1-site/h1/C2Data-61-Type3;23427.0000;DATA;1611605134.243010
/ndn/v11-site/v11/C2Data-3416-Type3;25143.0000;DATA;1611605135.161985
/ndn/s3-site/s3/C2Data-2013-Type3;637.0000;NACK;1611605136.178044
/ndn/s1-site/s1/C2Data-3753-Type1;180904.0000;DATA;1611605149.253033
/ndn/h6-site/h6/C2Data-728-Type1;539.0000;DATA;1611605150.601985
/ndn/d1-site/d1/C2Data-1938-Type1;231868.0000;DATA;1611605152.285927
/ndn/v8-site/v8/C2Data-6415-Type1;50038.0000;DATA;1611605153.201913
/ndn/d6-site/d6/C2Data-2543-Type2;23563.0000;DATA;1611605153.641995
/ndn/v7-site/v7/C2Data-6294-Type2;625.0000;DATA;1611605153.954938
/ndn/h12-site/h12/C2Data-1454-Type1;141892.0000;DATA;1611605156.534005
/ndn/s2-site/s2/C2Data-3874-Type1;119197.0000;DATA;1611605156.864090
/ndn/h9-site/h9/C2Data-1091-Type1;24968.0000;DATA;1611605157.886056
/ndn/s2-site/s2/C2Data-3874-Type2;23345.0000;DATA;1611605158.935990
/ndn/h14-site/h14/C2Data-1696-Type1;50394.0000;DATA;1611605158.923003
/ndn/s5-site/s5/C2Data-4237-Type1;13374.0000;DATA;1611605159.288046
/ndn/d4-site/d4/C2Data-2301-Type2;97376.0000;DATA;1611605159.937995
/ndn/d11-site/d11/C2Data-1587-Type3;91214.0000;DATA;1611605173.395001
/ndn/v7-site/v7/C2Data-3173-Type3;121833.0000;DATA;1611605173.451082
/ndn/s0-site/s0/C2Data-1831-Type3;46895.0000;DATA;1611605174.125005
/ndn/d2-site/d2/C2Data-1038-Type3;98755.0000;DATA;1611605175.271025
/ndn/d10-site/d10/C2Data-1526-Type3;727.0000;DATA;1611605178.696034
/ndn/d0-site/d0/C2Data-916-Type3;853.0000;DATA;1611605178.996008
/ndn/v14-site/v14/C2Data-3600-Type3;475.0000;DATA;1611605179.463900
/ndn/d1-site/d1/C2Data-1939-Type2;187418.0000;DATA;1611605179.701031
/ndn/s2-site/s2/C2Data-1953-Type3;26454.0000;DATA;1611605180.049937
/ndn/h9-site/h9/C2Data-1092-Type1;27706.0000;DATA;1611605180.057091
/ndn/v2-site/v2/C2Data-5690-Type2;50723.0000;DATA;1611605180.202980
/ndn/s2-site/s2/C2Data-3875-Type2;46745.0000;DATA;1611605180.292936
/ndn/d7-site/d7/C2Data-1343-Type3;23606.0000;DATA;1611605180.936088
/ndn/h3-site/h3/C2Data-366-Type1;24630.0000;DATA;1611605184.566030
/ndn/d3-site/d3/C2Data-2181-Type2;75183.0000;DATA;1611605184.528116
/ndn/d5-site/d5/C2Data-2423-Type2;50002.0000;DATA;1611605185.613009
/ndn/v6-site/v6/C2Data-6174-Type1;154607.0000;DATA;1611605186.222969
/ndn/d11-site/d11/C2Data-3149-Type2;25649.0000;DATA;1611605186.471173
/ndn/s5-site/s5/C2Data-2136-Type3;653.0000;DATA;1611605188.301960
/ndn/s3-site/s3/C2Data-3996-Type1;71531.0000;DATA;1611605188.438912
/ndn/v4-site/v4/C2Data-5932-Type1;73518.0000;DATA;1611605189.141942
/ndn/d7-site/d7/C2Data-2665-Type1;23412.0000;DATA;1611605189.200654
/ndn/h14-site/h14/C2Data-1697-Type1;23425.0000;DATA;1611605189.926960
/ndn/h8-site/h8/C2Data-971-Type2;24409.0000;DATA;1611605190.833019
/ndn/v8-site/v8/C2Data-3234-Type3;52929.0000;DATA;1611605192.022979
/ndn/h8-site/h8/C2Data-489-Type3;647.0000;DATA;1611605192.765210
/ndn/h6-site/h6/C2Data-367-Type3;97698.0000;DATA;1611605194.560977
/ndn/d12-site/d12/C2Data-675-Type4;103814.0000;DATA;1611605207.793036
/ndn/v5-site/v5/C2Data-875-Type4;1265.0000;DATA;1611605209.275841
/ndn/h2-site/h2/C2Data-50-Type4;23884.0000;DATA;1611605213.639904
/ndn/h2-site/h2/C2Data-246-Type2;138431.0000;DATA;1611605213.986026
/ndn/d8-site/d8/C2Data-2787-Type2;971.0000;DATA;1611605214.718909
/ndn/h13-site/h13/C2Data-1577-Type1;95926.0000;DATA;1611605214.841955
/ndn/v14-site/v14/C2Data-1100-Type4;656.0000;DATA;1611605216.685980
/ndn/d14-site/d14/C2Data-3513-Type1;172730.0000;DATA;1611605217.216999
/ndn/s10-site/s10/C2Data-4844-Type1;141959.0000;DATA;1611605218.345989
/ndn/h10-site/h10/C2Data-1214-Type1;75109.0000;DATA;1611605220.314008
/ndn/v2-site/v2/C2Data-800-Type4;852.0000;DATA;1611605226.748009
/ndn/v6-site/v6/C2Data-900-Type4;23744.0000;DATA;1611605229.908961
/ndn/h10-site/h10/C2Data-250-Type4;23319.0000;DATA;1611605231.717000
/ndn/v6-site/v6/C2Data-3113-Type3;94894.0000;DATA;1611605233.675016
/ndn/v5-site/v5/C2Data-3052-Type3;611.0000;DATA;1611605236.664074
/ndn/h9-site/h9/C2Data-551-Type3;23766.0000;DATA;1611605237.786898
/ndn/h7-site/h7/C2Data-175-Type4;720.0000;DATA;1611605239.360027
/ndn/d1-site/d1/C2Data-1941-Type1;189680.0000;DATA;1611605239.182933
/ndn/s1-site/s1/C2Data-3756-Type1;167304.0000;DATA;1611605239.515982
/ndn/d6-site/d6/C2Data-525-Type4;23551.0000;DATA;1611605239.837999
/ndn/d13-site/d13/C2Data-1710-Type3;566.0000;DATA;1611605240.655979
/ndn/v1-site/v1/C2Data-2808-Type3;24149.0000;DATA;1611605240.857919
/ndn/h2-site/h2/C2Data-247-Type2;210700.0000;DATA;1611605241.126021
/ndn/v10-site/v10/C2Data-6660-Type2;46578.0000;DATA;1611605242.250915
/ndn/v13-site/v13/C2Data-7023-Type2;120513.0000;DATA;1611605242.246000
/ndn/s13-site/s13/C2Data-2625-Type3;572.0000;DATA;1611605243.143990
/ndn/v0-site/v0/C2Data-2747-Type3;23644.0000;DATA;1611605243.198995
/ndn/s2-site/s2/C2Data-3877-Type2;123189.0000;DATA;1611605244.352984
/ndn/s0-site/s0/C2Data-3635-Type1;23432.0000;DATA;1611605244.741064
/ndn/v13-site/v13/C2Data-7023-Type1;120824.0000;DATA;1611605245.571465
/ndn/v2-site/v2/C2Data-5692-Type2;25542.0000;DATA;1611605246.326025
/ndn/h6-site/h6/C2Data-731-Type1;488.0000;DATA;1611605246.606042
/ndn/s0-site/s0/C2Data-1832-Type3;23321.0000;DATA;1611605247.577003
/ndn/h1-site/h1/C2Data-126-Type2;24945.0000;DATA;1611605248.301020
/ndn/h13-site/h13/C2Data-795-Type3;50110.0000;DATA;1611605249.259057
/ndn/s3-site/s3/C2Data-3998-Type2;633.0000;DATA;1611605249.365988
/ndn/v2-site/v2/C2Data-5692-Type1;675.0000;DATA;1611605250.041982
/ndn/d0-site/d0/C2Data-917-Type3;319.0000;DATA;1611605250.044996
/ndn/h9-site/h9/C2Data-1094-Type2;529.0000;DATA;1611605250.075970
/ndn/d8-site/d8/C2Data-1405-Type3;452.0000;DATA;1611605250.476904
/ndn/d4-site/d4/C2Data-1161-Type3;96346.0000;DATA;1611605252.723039
/ndn/d2-site/d2/C2Data-1039-Type3;746.0000;DATA;1611605254.417993
/ndn/h0-site/h0/C2Data-2-Type3;710.0000;DATA;1611605255.362957
/ndn/h12-site/h12/C2Data-1458-Type2;223881.0000;DATA;1611605269.135227
/ndn/v14-site/v14/C2Data-7145-Type2;69870.0000;DATA;1611605269.367037
/ndn/v5-site/v5/C2Data-6056-Type2;27731.0000;DATA;1611605270.149031
/ndn/v3-site/v3/C2Data-5814-Type2;96932.0000;DATA;1611605271.856958
/ndn/d4-site/d4/C2Data-2305-Type2;52812.0000;DATA;1611605272.208976
/ndn/d6-site/d6/C2Data-2547-Type1;24824.0000;DATA;1611605273.177008
/ndn/s8-site/s8/C2Data-4604-Type2;139910.0000;DATA;1611605273.452940
/ndn/v0-site/v0/C2Data-5451-Type2;69295.0000;DATA;1611605275.117164
/ndn/d13-site/d13/C2Data-3394-Type2;141724.0000;DATA;1611605276.643044
/ndn/s8-site/s8/C2Data-4604-Type1;55372.0000;DATA;1611605276.884900
/ndn/d2-site/d2/C2Data-2063-Type2;733.0000;DATA;1611605277.758983
/ndn/v7-site/v7/C2Data-6298-Type1;662.0000;DATA;1611605278.253925
/ndn/h8-site/h8/C2Data-974-Type1;25162.0000;DATA;1611605279.425002
/ndn/v13-site/v13/C2Data-7024-Type1;732.0000;DATA;1611605280.389097
/ndn/d7-site/d7/C2Data-2668-Type2;695.0000;DATA;1611605280.490966
/ndn/d1-site/d1/C2Data-1942-Type1;147889.0000;DATA;1611605280.986003
/ndn/v13-site/v13/C2Data-3541-Type3;126305.0000;DATA;1611605293.876044
/ndn/d2-site/d2/C2Data-1040-Type3;100374.0000;DATA;1611605294.327997
/ndn/d0-site/d0/C2Data-918-Type3;609.0000;DATA;1611605295.927099
/ndn/h4-site/h4/C2Data-247-Type3;53573.0000;DATA;1611605296.814983
/ndn/s13-site/s13/C2Data-5210-Type2;172251.0000;DATA;1611605299.248388
/ndn/h14-site/h14/C2Data-1701-Type2;23438.0000;DATA;1611605301.821875
/ndn/s5-site/s5/C2Data-2138-Type3;591.0000;DATA;1611605303.770949
