/ndn/d9-site/d9/C2Data-2299-Type1;29253.0000;DATA;1612717860.313572
/ndn/h2-site/h2/C2Data-242-Type2;152575.0000;DATA;1612717860.434725
/ndn/s0-site/s0/C2Data-2420-Type1;144744.0000;DATA;1612717861.039005
/ndn/d2-site/d2/C2Data-1452-Type2;26928.0000;DATA;1612717861.307755
/ndn/v6-site/v6/C2Data-4356-Type2;25160.0000;DATA;1612717864.655355
/ndn/d1-site/d1/C2Data-1331-Type1;100103.0000;DATA;1612717864.830122
/ndn/h0-site/h0/C2Data-0-Type1;24660.0000;DATA;1612717866.666610
/ndn/h9-site/h9/C2Data-549-Type3;59109.0000;DATA;1612717882.082761
/ndn/s6-site/s6/C2Data-1586-Type3;28340.0000;DATA;1612717883.086773
/ndn/d5-site/d5/C2Data-915-Type3;25452.0000;DATA;1612717883.102898
/ndn/h8-site/h8/C2Data-488-Type3;148552.0000;DATA;1612717883.208267
/ndn/v6-site/v6/C2Data-4357-Type2;177515.0000;DATA;1612717890.039042
/ndn/s5-site/s5/C2Data-1525-Type3;209848.0000;DATA;1612717891.395340
/ndn/d4-site/d4/C2Data-1695-Type2;55672.0000;DATA;1612717892.165613
/ndn/v3-site/v3/C2Data-3994-Type1;71626.0000;DATA;1612717892.656109
/ndn/s8-site/s8/C2Data-1708-Type3;119521.0000;DATA;1612717893.004961
/ndn/s0-site/s0/C2Data-2421-Type2;171694.0000;DATA;1612717893.380034
/ndn/d3-site/d3/C2Data-1574-Type2;27444.0000;DATA;1612717894.485984
/ndn/s9-site/s9/C2Data-3510-Type2;88023.0000;DATA;1612717896.574145
/ndn/s3-site/s3/C2Data-1403-Type3;51080.0000;DATA;1612717897.090499
/ndn/v7-site/v7/C2Data-2257-Type3;1717.0000;DATA;1612717897.162593
/ndn/s4-site/s4/C2Data-1464-Type3;1345.0000;DATA;1612717897.338554
/ndn/d4-site/d4/C2Data-1695-Type1;74013.0000;DATA;1612717897.803708
/ndn/d5-site/d5/C2Data-1816-Type1;26770.0000;DATA;1612717898.831427
/ndn/d2-site/d2/C2Data-732-Type3;46654.0000;DATA;1612717899.527114
/ndn/v5-site/v5/C2Data-2135-Type3;72285.0000;DATA;1612717902.915142
/ndn/d8-site/d8/C2Data-2180-Type1;27246.0000;DATA;1612717918.104611
/ndn/s5-site/s5/C2Data-3027-Type1;192239.0000;DATA;1612717918.018372
/ndn/v4-site/v4/C2Data-4116-Type1;315436.0000;DATA;1612717922.511125
/ndn/s5-site/s5/C2Data-3027-Type2;192187.0000;DATA;1612717922.861941
/ndn/h6-site/h6/C2Data-728-Type1;218371.0000;DATA;1612717923.417180
/ndn/h9-site/h9/C2Data-1091-Type2;55449.0000;DATA;1612717923.810953
/ndn/s7-site/s7/C2Data-3269-Type2;49684.0000;DATA;1612717924.056239
/ndn/v3-site/v3/C2Data-3995-Type2;53428.0000;DATA;1612717924.497423
/ndn/s1-site/s1/C2Data-2543-Type2;227358.0000;DATA;1612717925.416966
/ndn/v7-site/v7/C2Data-4479-Type1;27020.0000;DATA;1612717925.803957
/ndn/s0-site/s0/C2Data-2422-Type2;1137.0000;DATA;1612717925.969302
/ndn/s3-site/s3/C2Data-2785-Type1;51162.0000;DATA;1612717926.093969
/ndn/d0-site/d0/C2Data-1212-Type2;219774.0000;DATA;1612717927.955914
/ndn/h2-site/h2/C2Data-244-Type1;140830.0000;DATA;1612717928.653948
/ndn/s1-site/s1/C2Data-1282-Type3;203382.0000;DATA;1612717942.330074
/ndn/d1-site/d1/C2Data-1334-Type2;107777.0000;DATA;1612717948.290788
/ndn/d5-site/d5/C2Data-916-Type3;1276.0000;DATA;1612717949.233718
/ndn/v8-site/v8/C2Data-4601-Type2;159098.0000;DATA;1612717949.426961
/ndn/h7-site/h7/C2Data-850-Type1;49452.0000;DATA;1612717950.651828
/ndn/h8-site/h8/C2Data-489-Type3;171982.0000;DATA;1612717950.506252
/ndn/d2-site/d2/C2Data-1455-Type1;38997.0000;DATA;1612717953.299099
/ndn/h4-site/h4/C2Data-245-Type3;1931.0000;DATA;1612717954.220713
/ndn/v3-site/v3/C2Data-3996-Type1;60316.0000;DATA;1612717955.950327
/ndn/s7-site/s7/C2Data-3270-Type2;834.0000;DATA;1612717956.142036
/ndn/h3-site/h3/C2Data-366-Type1;146611.0000;DATA;1612717957.739343
/ndn/s8-site/s8/C2Data-3391-Type1;42271.0000;DATA;1612717958.444038
/ndn/s1-site/s1/C2Data-2544-Type1;149176.0000;DATA;1612717958.680920
/ndn/h9-site/h9/C2Data-550-Type3;30087.0000;DATA;1612717959.023879
/ndn/h2-site/h2/C2Data-50-Type4;154264.0000;DATA;1612717960.014538
/ndn/v6-site/v6/C2Data-2197-Type3;148069.0000;DATA;1612717960.826440
/ndn/h0-site/h0/C2Data-1-Type3;2897.0000;DATA;1612717963.460352
/ndn/v1-site/v1/C2Data-525-Type4;245197.0000;DATA;1612717966.361275
/ndn/h0-site/h0/C2Data-0-Type4;44779.0000;DATA;1612717977.066452
/ndn/d4-site/d4/C2Data-350-Type4;49125.0000;DATA;1612717977.362678
/ndn/h5-site/h5/C2Data-609-Type2;147107.0000;DATA;1612717977.518422
/ndn/h4-site/h4/C2Data-488-Type2;120862.0000;DATA;1612717978.483986
/ndn/d1-site/d1/C2Data-1335-Type2;96443.0000;DATA;1612717979.214371
/ndn/h6-site/h6/C2Data-150-Type4;56902.0000;DATA;1612717981.906930
/ndn/h1-site/h1/C2Data-125-Type2;124575.0000;DATA;1612717982.166402
/ndn/v8-site/v8/C2Data-4602-Type1;147790.0000;DATA;1612717985.141033
/ndn/v7-site/v7/C2Data-4481-Type1;893.0000;DATA;1612717987.135941
/ndn/h1-site/h1/C2Data-25-Type4;112286.0000;DATA;1612717994.673704
/ndn/h4-site/h4/C2Data-100-Type4;1374.0000;DATA;1612718001.998086
/ndn/s7-site/s7/C2Data-1649-Type3;59077.0000;DATA;1612718002.244620
/ndn/v3-site/v3/C2Data-2015-Type3;53112.0000;DATA;1612718002.287887
/ndn/v7-site/v7/C2Data-2259-Type3;48969.0000;DATA;1612718004.824668
/ndn/s1-site/s1/C2Data-1283-Type3;216310.0000;DATA;1612718006.350970
/ndn/d9-site/d9/C2Data-2304-Type1;38376.0000;DATA;1612718007.362362
/ndn/h5-site/h5/C2Data-610-Type1;146198.0000;DATA;1612718007.448049
/ndn/s0-site/s0/C2Data-2425-Type2;178116.0000;DATA;1612718007.431270
/ndn/v3-site/v3/C2Data-3998-Type2;51736.0000;DATA;1612718008.316848
/ndn/v0-site/v0/C2Data-3635-Type2;128573.0000;DATA;1612718008.758555
/ndn/d7-site/d7/C2Data-2062-Type1;76083.0000;DATA;1612718010.818255
/ndn/d4-site/d4/C2Data-1699-Type2;78352.0000;DATA;1612718012.754762
/ndn/s1-site/s1/C2Data-2546-Type1;25159.0000;DATA;1612718014.684821
/ndn/d2-site/d2/C2Data-734-Type3;25305.0000;DATA;1612718017.282459
/ndn/h6-site/h6/C2Data-731-Type1;122922.0000;DATA;1612718017.687876
/ndn/v2-site/v2/C2Data-3877-Type1;119530.0000;DATA;1612718018.047308
/ndn/v0-site/v0/C2Data-1832-Type3;4150.0000;DATA;1612718020.653152
/ndn/s2-site/s2/C2Data-2668-Type1;173909.0000;DATA;1612718037.208684
/ndn/s9-site/s9/C2Data-3515-Type1;87616.0000;DATA;1612718039.347569
/ndn/v3-site/v3/C2Data-3999-Type2;54418.0000;DATA;1612718039.441025
/ndn/v5-site/v5/C2Data-4241-Type1;878.0000;DATA;1612718040.681487
/ndn/v0-site/v0/C2Data-3636-Type1;106674.0000;DATA;1612718042.575651
/ndn/s7-site/s7/C2Data-3273-Type1;61677.0000;DATA;1612718045.355170
/ndn/d4-site/d4/C2Data-1700-Type1;74697.0000;DATA;1612718046.595475
/ndn/v3-site/v3/C2Data-3999-Type1;52492.0000;DATA;1612718046.806782
/ndn/s1-site/s1/C2Data-2547-Type2;150282.0000;DATA;1612718047.465053
/ndn/s4-site/s4/C2Data-2910-Type2;77601.0000;DATA;1612718048.335423
/ndn/d7-site/d7/C2Data-1040-Type3;86058.0000;DATA;1612718062.319459
/ndn/s2-site/s2/C2Data-1345-Type3;98483.0000;DATA;1612718065.321410
/ndn/h6-site/h6/C2Data-733-Type1;119169.0000;DATA;1612718070.580996
/ndn/v8-site/v8/C2Data-2321-Type3;172219.0000;DATA;1612718070.541810
/ndn/d6-site/d6/C2Data-979-Type3;92001.0000;DATA;1612718070.874112
/ndn/v4-site/v4/C2Data-4121-Type2;249064.0000;DATA;1612718071.277583
/ndn/h2-site/h2/C2Data-249-Type1;153642.0000;DATA;1612718073.690991
/ndn/s6-site/s6/C2Data-1589-Type3;2527.0000;DATA;1612718076.816018
/ndn/v6-site/v6/C2Data-4363-Type2;156375.0000;DATA;1612718076.837121
/ndn/v0-site/v0/C2Data-1833-Type3;50571.0000;DATA;1612718078.076527
/ndn/d6-site/d6/C2Data-1943-Type2;49554.0000;DATA;1612718078.494533
/ndn/h2-site/h2/C2Data-26-Type5;36330.0000;DATA;1612718083.171862
/ndn/s5-site/s5/C2Data-1528-Type3;3687.0000;DATA;1612718084.440401
/ndn/s0-site/s0/C2Data-1223-Type3;3478.0000;DATA;1612718084.726711
/ndn/s4-site/s4/C2Data-1467-Type3;1794.0000;DATA;1612718084.906396
/ndn/h7-site/h7/C2Data-855-Type1;162337.0000;DATA;1612718097.524080
/ndn/v3-site/v3/C2Data-299-Type5;55340.0000;DATA;1612718097.718682
/ndn/h0-site/h0/C2Data-8-Type1;27525.0000;DATA;1612718099.233143
/ndn/v7-site/v7/C2Data-4485-Type1;67602.0000;DATA;1612718099.713294
/ndn/h7-site/h7/C2Data-91-Type5;155009.0000;DATA;1612718101.580261
/ndn/d2-site/d2/C2Data-1460-Type1;25303.0000;DATA;1612718103.214750
/ndn/v8-site/v8/C2Data-4606-Type1;177750.0000;DATA;1612718103.807045
/ndn/s0-site/s0/C2Data-2428-Type1;154625.0000;DATA;1612718104.334076
/ndn/s0-site/s0/C2Data-2428-Type2;156777.0000;DATA;1612718104.423078
/ndn/v1-site/v1/C2Data-526-Type4;144127.0000;DATA;1612718106.687494
/ndn/h9-site/h9/C2Data-1097-Type2;51323.0000;DATA;1612718107.536925
/ndn/h8-site/h8/C2Data-976-Type1;253033.0000;DATA;1612718107.856538
/ndn/d1-site/d1/C2Data-276-Type4;142473.0000;DATA;1612718111.764199
/ndn/d7-site/d7/C2Data-221-Type5;96637.0000;DATA;1612718120.039893
/ndn/v0-site/v0/C2Data-1834-Type3;1901.0000;DATA;1612718127.798133
/ndn/d3-site/d3/C2Data-1582-Type1;254764.0000;DATA;1612718128.334027
/ndn/d7-site/d7/C2Data-1041-Type3;79651.0000;DATA;1612718130.550659
/ndn/s5-site/s5/C2Data-1529-Type3;24443.0000;DATA;1612718131.081499
/ndn/h8-site/h8/C2Data-104-Type5;818.0000;DATA;1612718131.592771
/ndn/s0-site/s0/C2Data-2429-Type1;148821.0000;DATA;1612718132.248028
/ndn/h8-site/h8/C2Data-977-Type2;124748.0000;DATA;1612718133.593616
/ndn/s9-site/s9/C2Data-1773-Type3;1026.0000;DATA;1612718133.744169
/ndn/s6-site/s6/C2Data-3155-Type1;26110.0000;DATA;1612718133.783116
/ndn/d1-site/d1/C2Data-675-Type3;24079.0000;DATA;1612718133.788801
/ndn/v4-site/v4/C2Data-4123-Type1;254775.0000;DATA;1612718133.872904
/ndn/s0-site/s0/C2Data-1224-Type3;24511.0000;DATA;1612718134.337382
/ndn/v7-site/v7/C2Data-4486-Type2;49389.0000;DATA;1612718134.407504
/ndn/v1-site/v1/C2Data-3760-Type1;137228.0000;DATA;1612718135.773794
/ndn/s5-site/s5/C2Data-3034-Type1;1676.0000;DATA;1612718135.905177
/ndn/d1-site/d1/C2Data-143-Type5;2512.0000;DATA;1612718136.008739
/ndn/s4-site/s4/C2Data-1468-Type3;24118.0000;DATA;1612718136.573953
/ndn/h4-site/h4/C2Data-248-Type3;94782.0000;DATA;1612718136.922283
/ndn/h5-site/h5/C2Data-309-Type3;1065.0000;DATA;1612718142.923097
/ndn/d8-site/d8/C2Data-451-Type4;27315.0000;DATA;1612718146.610986
/ndn/d4-site/d4/C2Data-182-Type5;55515.0000;DATA;1612718147.131652
/ndn/d9-site/d9/C2Data-247-Type5;4077.0000;DATA;1612718148.649852
/ndn/h1-site/h1/C2Data-13-Type5;129755.0000;DATA;1612718157.350018
/ndn/h0-site/h0/C2Data-10-Type1;26031.0000;DATA;1612718159.535882
/ndn/v1-site/v1/C2Data-3761-Type1;135331.0000;DATA;1612718159.539536
/ndn/s2-site/s2/C2Data-2672-Type1;180979.0000;DATA;1612718160.084904
/ndn/v6-site/v6/C2Data-4366-Type1;189060.0000;DATA;1612718160.149923
/ndn/s6-site/s6/C2Data-3156-Type2;26134.0000;DATA;1612718160.433837
/ndn/h8-site/h8/C2Data-978-Type1;178500.0000;DATA;1612718160.739335
/ndn/s2-site/s2/C2Data-2672-Type2;179432.0000;DATA;1612718161.339065
/ndn/d8-site/d8/C2Data-2188-Type1;28304.0000;DATA;1612718161.848312
/ndn/s1-site/s1/C2Data-2551-Type2;26876.0000;DATA;1612718166.081685
/ndn/d7-site/d7/C2Data-1042-Type3;77864.0000;DATA;1612718181.893491
/ndn/d6-site/d6/C2Data-981-Type3;51982.0000;DATA;1612718185.505353
/ndn/s8-site/s8/C2Data-3399-Type1;138799.0000;DATA;1612718189.886953
/ndn/d5-site/d5/C2Data-1826-Type2;34114.0000;DATA;1612718192.129207
/ndn/v5-site/v5/C2Data-4246-Type1;1601.0000;DATA;1612718195.640150
/ndn/d1-site/d1/C2Data-676-Type3;29982.0000;DATA;1612718196.012995
/ndn/h1-site/h1/C2Data-66-Type3;56694.0000;DATA;1612718197.159065
/ndn/v8-site/v8/C2Data-2323-Type3;37935.0000;DATA;1612718197.539858
/ndn/h8-site/h8/C2Data-979-Type2;53046.0000;DATA;1612718197.953802
/ndn/s0-site/s0/C2Data-2431-Type2;997.0000;DATA;1612718199.110723
/ndn/s8-site/s8/C2Data-1713-Type3;112179.0000;DATA;1612718199.462899
/ndn/v0-site/v0/C2Data-1835-Type3;63931.0000;DATA;1612718200.342812
/ndn/v4-site/v4/C2Data-2079-Type3;96706.0000;DATA;1612718200.530926
/ndn/h2-site/h2/C2Data-127-Type3;1207.0000;DATA;1612718200.936775
/ndn/s7-site/s7/C2Data-3278-Type1;6008245.0000;TIMEOUT;1612718196.506999
/ndn/h4-site/h4/C2Data-249-Type3;220759.0000;DATA;1612718203.979166
/ndn/d7-site/d7/C2Data-2069-Type1;76424.0000;DATA;1612718219.725635
/ndn/h8-site/h8/C2Data-980-Type2;171317.0000;DATA;1612718221.349032
/ndn/v4-site/v4/C2Data-4126-Type2;222890.0000;DATA;1612718222.034263
/ndn/d7-site/d7/C2Data-2069-Type2;101606.0000;DATA;1612718223.226274
/ndn/v7-site/v7/C2Data-4489-Type2;53296.0000;DATA;1612718225.446521
/ndn/h2-site/h2/C2Data-254-Type1;147406.0000;DATA;1612718225.877371
/ndn/v3-site/v3/C2Data-4005-Type1;51096.0000;DATA;1612718226.418916
/ndn/d1-site/d1/C2Data-1343-Type2;30158.0000;DATA;1612718227.217829
/ndn/d8-site/d8/C2Data-1104-Type3;24770.0000;DATA;1612718242.151323
/ndn/s2-site/s2/C2Data-1348-Type3;185955.0000;DATA;1612718243.895705
/ndn/v6-site/v6/C2Data-4369-Type1;183496.0000;DATA;1612718247.879394
/ndn/s8-site/s8/C2Data-1714-Type3;6003011.0000;TIMEOUT;1612718245.053306
/ndn/d1-site/d1/C2Data-1344-Type2;105972.0000;DATA;1612718251.686199
/ndn/d0-site/d0/C2Data-1223-Type2;168609.0000;DATA;1612718253.445628
/ndn/h8-site/h8/C2Data-981-Type2;78710.0000;DATA;1612718254.162302
/ndn/h9-site/h9/C2Data-555-Type3;54160.0000;DATA;1612718254.304427
/ndn/v8-site/v8/C2Data-2324-Type3;153331.0000;DATA;1612718254.603792
/ndn/v8-site/v8/C2Data-702-Type4;166527.0000;DATA;1612718254.606893
/ndn/h9-site/h9/C2Data-1102-Type2;61316.0000;DATA;1612718254.818567
/ndn/s3-site/s3/C2Data-1409-Type3;6000967.0000;TIMEOUT;1612718250.285866
/ndn/d5-site/d5/C2Data-921-Type3;1059.0000;DATA;1612718259.176202
/ndn/h2-site/h2/C2Data-128-Type3;115379.0000;DATA;1612718259.552633
/ndn/v4-site/v4/C2Data-2080-Type3;289137.0000;DATA;1612718261.706007
/ndn/h3-site/h3/C2Data-189-Type3;3170.0000;DATA;1612718263.575162
/ndn/d0-site/d0/C2Data-616-Type3;96373.0000;DATA;1612718264.147958
/ndn/s7-site/s7/C2Data-1653-Type3;6001235.0000;TIMEOUT;1612718262.102683
/ndn/v7-site/v7/C2Data-4491-Type2;1214.0000;DATA;1612718277.840623
/ndn/v2-site/v2/C2Data-3886-Type2;123959.0000;DATA;1612718280.739771
/ndn/v1-site/v1/C2Data-3765-Type1;127552.0000;DATA;1612718282.304676
/ndn/h5-site/h5/C2Data-619-Type2;68590.0000;DATA;1612718282.429112
/ndn/h1-site/h1/C2Data-135-Type1;79234.0000;DATA;1612718286.678137
/ndn/v0-site/v0/C2Data-3644-Type1;110778.0000;DATA;1612718287.315179
/ndn/d3-site/d3/C2Data-1587-Type2;6478.0000;DATA;1612718287.523335
/ndn/h3-site/h3/C2Data-377-Type1;154339.0000;DATA;1612718287.700606
/ndn/h6-site/h6/C2Data-740-Type1;677622.0000;DATA;1612718289.006728
/ndn/s9-site/s9/C2Data-3523-Type2;6001496.0000;TIMEOUT;1612718285.744336
/ndn/d8-site/d8/C2Data-452-Type4;933.0000;DATA;1612718293.877021
/ndn/v3-site/v3/C2Data-2020-Type3;56155.0000;DATA;1612718301.330410
/ndn/v6-site/v6/C2Data-2203-Type3;171999.0000;DATA;1612718307.575266
/ndn/d7-site/d7/C2Data-2072-Type2;74013.0000;DATA;1612718309.128738
/ndn/v7-site/v7/C2Data-4492-Type1;52123.0000;DATA;1612718309.337218
/ndn/h0-site/h0/C2Data-15-Type1;25173.0000;DATA;1612718309.564713
/ndn/h8-site/h8/C2Data-983-Type1;188639.0000;DATA;1612718309.873558
/ndn/v0-site/v0/C2Data-3645-Type2;102045.0000;DATA;1612718310.237421
/ndn/v5-site/v5/C2Data-2142-Type3;174157.0000;DATA;1612718310.842402
/ndn/d2-site/d2/C2Data-739-Type3;25340.0000;DATA;1612718311.121948
/ndn/h4-site/h4/C2Data-251-Type3;1006.0000;DATA;1612718311.354165
/ndn/v8-site/v8/C2Data-2325-Type3;77185.0000;DATA;1612718314.562006
/ndn/s5-site/s5/C2Data-1532-Type3;6001270.0000;TIMEOUT;1612718309.067971
/ndn/h6-site/h6/C2Data-741-Type1;170144.0000;DATA;1612718315.091686
/ndn/h9-site/h9/C2Data-1104-Type2;25893.0000;DATA;1612718315.557460
/ndn/d8-site/d8/C2Data-2193-Type1;29484.0000;DATA;1612718316.490046
/ndn/h0-site/h0/C2Data-15-Type2;62079.0000;DATA;1612718316.847024
/ndn/s8-site/s8/C2Data-1715-Type3;6000446.0000;TIMEOUT;1612718311.157987
/ndn/h1-site/h1/C2Data-136-Type1;125259.0000;DATA;1612718318.609666
/ndn/d9-site/d9/C2Data-2314-Type1;25641.0000;DATA;1612718318.716371
/ndn/h9-site/h9/C2Data-556-Type3;28367.0000;DATA;1612718318.859572
/ndn/s0-site/s0/C2Data-2435-Type1;6003432.0000;TIMEOUT;1612718314.035192
/ndn/s6-site/s6/C2Data-3161-Type1;6001105.0000;TIMEOUT;1612718315.138664
/ndn/v2-site/v2/C2Data-1959-Type3;1219.0000;DATA;1612718321.873224
/ndn/s5-site/s5/C2Data-3040-Type1;6022680.0000;TIMEOUT;1612718317.599018
/ndn/s7-site/s7/C2Data-3282-Type2;6006367.0000;TIMEOUT;1612718317.975922
/ndn/d1-site/d1/C2Data-1347-Type2;104643.0000;DATA;1612718340.057394
/ndn/v7-site/v7/C2Data-189-Type6;66150.0000;DATA;1612718340.190386
/ndn/d8-site/d8/C2Data-2194-Type1;33241.0000;DATA;1612718347.278299
/ndn/s7-site/s7/C2Data-3283-Type2;6007619.0000;TIMEOUT;1612718345.404932
/ndn/d7-site/d7/C2Data-1045-Type3;73324.0000;DATA;1612718362.282775
/ndn/v5-site/v5/C2Data-2143-Type3;242069.0000;DATA;1612718363.221977
/ndn/s1-site/s1/C2Data-1289-Type3;6005481.0000;TIMEOUT;1612718366.039845
/ndn/v2-site/v2/C2Data-1960-Type3;1835.0000;DATA;1612718373.342966
/ndn/h3-site/h3/C2Data-191-Type3;25977.0000;DATA;1612718374.082903
/ndn/s4-site/s4/C2Data-2921-Type1;6001990.0000;TIMEOUT;1612718368.351982
/ndn/v8-site/v8/C2Data-4615-Type2;28572.0000;DATA;1612718374.806463
/ndn/s6-site/s6/C2Data-3163-Type2;6000786.0000;TIMEOUT;1612718370.887542
/ndn/s4-site/s4/C2Data-2921-Type2;6001435.0000;TIMEOUT;1612718371.004939
/ndn/d5-site/d5/C2Data-1832-Type2;895.0000;DATA;1612718377.395953
/ndn/h8-site/h8/C2Data-985-Type1;181732.0000;DATA;1612718378.164331
/ndn/h6-site/h6/C2Data-743-Type1;211006.0000;DATA;1612718378.665760
/ndn/v0-site/v0/C2Data-1838-Type3;900.0000;DATA;1612718379.269534
/ndn/s0-site/s0/C2Data-1228-Type3;6003533.0000;TIMEOUT;1612718375.602403
/ndn/v6-site/v6/C2Data-2204-Type3;106182.0000;DATA;1612718382.520653
/ndn/v3-site/v3/C2Data-2021-Type3;59385.0000;DATA;1612718383.470569
/ndn/s3-site/s3/C2Data-1411-Type3;6003350.0000;TIMEOUT;1612718378.016611
/ndn/s2-site/s2/C2Data-2679-Type1;6002339.0000;TIMEOUT;1612718378.276023
/ndn/s8-site/s8/C2Data-1716-Type3;6003303.0000;TIMEOUT;1612718383.418602
/ndn/d8-site/d8/C2Data-235-Type5;27063.0000;DATA;1612718392.463613
/ndn/h7-site/h7/C2Data-865-Type1;144461.0000;DATA;1612718397.649231
/ndn/h0-site/h0/C2Data-18-Type1;25009.0000;DATA;1612718398.732133
/ndn/v1-site/v1/C2Data-3769-Type1;142916.0000;DATA;1612718400.061123
/ndn/d2-site/d2/C2Data-1470-Type1;29394.0000;DATA;1612718402.523600
/ndn/h6-site/h6/C2Data-744-Type1;102359.0000;DATA;1612718402.479528
/ndn/d3-site/d3/C2Data-1591-Type1;150192.0000;DATA;1612718405.398833
/ndn/d9-site/d9/C2Data-2317-Type2;25759.0000;DATA;1612718406.771946
/ndn/s2-site/s2/C2Data-2680-Type1;6000964.0000;TIMEOUT;1612718400.880110
/ndn/h9-site/h9/C2Data-228-Type4;25775.0000;DATA;1612718413.557426
/ndn/s4-site/s4/C2Data-2922-Type1;6000991.0000;TIMEOUT;1612718408.100936
/ndn/s4-site/s4/C2Data-2922-Type2;6001623.0000;TIMEOUT;1612718408.562308
/ndn/h5-site/h5/C2Data-314-Type3;81040.0000;DATA;1612718423.837349
/ndn/v0-site/v0/C2Data-1839-Type3;54659.0000;DATA;1612718426.133713
/ndn/d7-site/d7/C2Data-1046-Type3;26838.0000;DATA;1612718427.277055
/ndn/h1-site/h1/C2Data-70-Type3;129326.0000;DATA;1612718427.725968
/ndn/h7-site/h7/C2Data-866-Type2;152484.0000;DATA;1612718428.001622
/ndn/v5-site/v5/C2Data-2144-Type3;253320.0000;DATA;1612718429.450570
/ndn/d0-site/d0/C2Data-131-Type5;234364.0000;DATA;1612718431.428461
/ndn/d0-site/d0/C2Data-1229-Type1;116760.0000;DATA;1612718432.021605
