/ndn/v8-site/v8/C2Data-6413-Type1;24920.0000;DATA;1611606833.358244
/ndn/d4-site/d4/C2Data-2299-Type2;244862.0000;DATA;1611606834.329295
/ndn/h5-site/h5/C2Data-605-Type2;72880.0000;DATA;1611606837.625287
/ndn/d7-site/d7/C2Data-2662-Type2;139987.0000;DATA;1611606838.638258
/ndn/h1-site/h1/C2Data-121-Type1;247564.0000;DATA;1611606838.770218
/ndn/s14-site/s14/C2Data-5324-Type1;63217.0000;NACK;1611606838.977238
/ndn/v1-site/v1/C2Data-5566-Type2;273613.0000;DATA;1611606838.992150
/ndn/v13-site/v13/C2Data-7018-Type1;181460.0000;DATA;1611606839.719235
/ndn/h9-site/h9/C2Data-1089-Type2;97325.0000;DATA;1611606840.045259
/ndn/s13-site/s13/C2Data-5203-Type1;48088.0000;DATA;1611606840.861247
/ndn/v6-site/v6/C2Data-6171-Type1;146192.0000;NACK;1611606841.796228
/ndn/v4-site/v4/C2Data-2989-Type3;314264.0000;DATA;1611606856.301670
/ndn/h9-site/h9/C2Data-549-Type3;93073.0000;DATA;1611606858.366285
/ndn/v13-site/v13/C2Data-3538-Type3;138332.0000;DATA;1611606859.211283
/ndn/h7-site/h7/C2Data-427-Type3;28492.0000;DATA;1611606860.694235
/ndn/s1-site/s1/C2Data-3752-Type2;54237.0000;DATA;1611606862.624299
/ndn/d4-site/d4/C2Data-2300-Type1;220257.0000;DATA;1611606864.280148
/ndn/s13-site/s13/C2Data-2623-Type3;51864.0000;DATA;1611606865.069185
/ndn/s5-site/s5/C2Data-4236-Type2;179750.0000;DATA;1611606864.954191
/ndn/s3-site/s3/C2Data-3994-Type2;97384.0000;DATA;1611606865.073195
/ndn/v5-site/v5/C2Data-6051-Type1;278551.0000;DATA;1611606865.003222
/ndn/h8-site/h8/C2Data-969-Type2;124405.0000;DATA;1611606866.353250
/ndn/d1-site/d1/C2Data-1937-Type2;217807.0000;DATA;1611606867.264312
/ndn/v5-site/v5/C2Data-6051-Type2;287472.0000;DATA;1611606867.921288
/ndn/h12-site/h12/C2Data-732-Type3;211389.0000;DATA;1611606868.601224
/ndn/d9-site/d9/C2Data-2905-Type2;122440.0000;DATA;1611606869.294203
/ndn/s2-site/s2/C2Data-1952-Type3;137538.0000;DATA;1611606869.457279
/ndn/h10-site/h10/C2Data-610-Type3;188699.0000;DATA;1611606869.589158
/ndn/s0-site/s0/C2Data-3631-Type2;139706.0000;DATA;1611606869.680249
/ndn/h1-site/h1/C2Data-61-Type3;204840.0000;DATA;1611606870.553166
/ndn/s13-site/s13/C2Data-5204-Type2;47785.0000;DATA;1611606870.999162
/ndn/d13-site/d13/C2Data-3389-Type1;188613.0000;DATA;1611606870.882389
/ndn/s4-site/s4/C2Data-2074-Type3;238437.0000;DATA;1611606870.876395
/ndn/h1-site/h1/C2Data-122-Type1;193445.0000;DATA;1611606871.933234
/ndn/h10-site/h10/C2Data-1211-Type1;192159.0000;DATA;1611606872.461158
/ndn/v7-site/v7/C2Data-3172-Type3;249200.0000;DATA;1611606873.997251
/ndn/h6-site/h6/C2Data-366-Type3;24268.0000;DATA;1611606875.279242
/ndn/d3-site/d3/C2Data-1098-Type3;166947.0000;DATA;1611606876.897254
/ndn/s2-site/s2/C2Data-3874-Type2;149719.0000;DATA;1611606892.981191
/ndn/v13-site/v13/C2Data-7020-Type2;149666.0000;DATA;1611606893.368258
/ndn/h6-site/h6/C2Data-728-Type2;23790.0000;DATA;1611606893.620236
/ndn/h2-site/h2/C2Data-244-Type2;250092.0000;DATA;1611606894.171228
/ndn/v10-site/v10/C2Data-6657-Type1;168083.0000;DATA;1611606896.281206
/ndn/d2-site/d2/C2Data-2059-Type2;217837.0000;DATA;1611606897.060235
/ndn/d7-site/d7/C2Data-2664-Type1;152512.0000;DATA;1611606898.665297
/ndn/h9-site/h9/C2Data-1091-Type1;100163.0000;DATA;1611606898.794260
/ndn/d12-site/d12/C2Data-3269-Type1;196694.0000;DATA;1611606898.930261
/ndn/d12-site/d12/C2Data-3269-Type2;201443.0000;DATA;1611606899.479219
/ndn/v14-site/v14/C2Data-7141-Type1;94104.0000;DATA;1611606899.758356
/ndn/s13-site/s13/C2Data-5205-Type2;6000564.0000;TIMEOUT;1611606894.411271
/ndn/d10-site/d10/C2Data-3027-Type1;73503.0000;DATA;1611606902.119237
/ndn/v8-site/v8/C2Data-6415-Type1;23947.0000;DATA;1611606902.952247
/ndn/d3-site/d3/C2Data-2180-Type2;164679.0000;DATA;1611606903.114246
/ndn/d10-site/d10/C2Data-3027-Type2;74550.0000;DATA;1611606903.244194
/ndn/v2-site/v2/C2Data-5689-Type2;167309.0000;DATA;1611606903.759170
/ndn/s11-site/s11/C2Data-2502-Type3;70537.0000;DATA;1611606917.902087
/ndn/v5-site/v5/C2Data-6053-Type1;320861.0000;DATA;1611606925.594302
/ndn/d6-site/d6/C2Data-2544-Type2;178065.0000;DATA;1611606927.379276
/ndn/h4-site/h4/C2Data-487-Type1;74045.0000;DATA;1611606927.568250
/ndn/s8-site/s8/C2Data-4601-Type2;170049.0000;DATA;1611606927.519210
/ndn/d5-site/d5/C2Data-2423-Type2;49528.0000;DATA;1611606927.851313
/ndn/h5-site/h5/C2Data-608-Type2;71365.0000;DATA;1611606928.056265
/ndn/v3-site/v3/C2Data-5811-Type2;117044.0000;DATA;1611606928.122270
/ndn/d4-site/d4/C2Data-1160-Type3;208288.0000;DATA;1611606928.990228
/ndn/v1-site/v1/C2Data-2807-Type3;260980.0000;DATA;1611606929.222230
/ndn/v3-site/v3/C2Data-5811-Type1;120882.0000;DATA;1611606929.504232
/ndn/v9-site/v9/C2Data-6537-Type2;93562.0000;DATA;1611606930.709115
/ndn/d2-site/d2/C2Data-425-Type4;210228.0000;DATA;1611606930.715226
/ndn/h8-site/h8/C2Data-489-Type3;116735.0000;DATA;1611606931.080150
/ndn/s14-site/s14/C2Data-5327-Type1;6000475.0000;TIMEOUT;1611606926.462222
/ndn/d3-site/d3/C2Data-2181-Type2;172144.0000;DATA;1611606932.328246
/ndn/h13-site/h13/C2Data-1576-Type1;116281.0000;DATA;1611606932.404171
/ndn/d0-site/d0/C2Data-1818-Type1;188661.0000;DATA;1611606932.725174
/ndn/h9-site/h9/C2Data-225-Type4;98912.0000;DATA;1611606933.546331
/ndn/v2-site/v2/C2Data-5690-Type2;166462.0000;DATA;1611606933.682302
/ndn/h9-site/h9/C2Data-1092-Type2;96901.0000;DATA;1611606933.907244
/ndn/s13-site/s13/C2Data-5206-Type2;6000455.0000;TIMEOUT;1611606929.246160
/ndn/s7-site/s7/C2Data-2258-Type3;6002017.0000;TIMEOUT;1611606930.076275
/ndn/d10-site/d10/C2Data-1526-Type3;70262.0000;DATA;1611606938.471252
/ndn/s2-site/s2/C2Data-1953-Type3;6000287.0000;TIMEOUT;1611606932.669225
/ndn/v8-site/v8/C2Data-3234-Type3;25918.0000;DATA;1611606939.555259
/ndn/s1-site/s1/C2Data-1892-Type3;6000216.0000;TIMEOUT;1611606933.751309
/ndn/d11-site/d11/C2Data-650-Type4;251255.0000;DATA;1611606942.266239
/ndn/s4-site/s4/C2Data-2075-Type3;6000643.0000;TIMEOUT;1611606937.924339
/ndn/h11-site/h11/C2Data-275-Type4;231694.0000;DATA;1611606944.649382
/ndn/v0-site/v0/C2Data-750-Type4;233316.0000;DATA;1611606945.916515
/ndn/h4-site/h4/C2Data-100-Type4;77410.0000;DATA;1611606949.112267
/ndn/v13-site/v13/C2Data-7022-Type1;183944.0000;DATA;1611606952.238447
/ndn/h3-site/h3/C2Data-367-Type1;239435.0000;DATA;1611606956.199319
/ndn/h10-site/h10/C2Data-1214-Type2;190945.0000;DATA;1611606956.553173
/ndn/d2-site/d2/C2Data-2061-Type1;218587.0000;DATA;1611606958.631166
/ndn/v13-site/v13/C2Data-7022-Type2;151733.0000;DATA;1611606958.817229
/ndn/v14-site/v14/C2Data-7143-Type2;92602.0000;DATA;1611606960.326152
/ndn/v5-site/v5/C2Data-6054-Type1;286402.0000;DATA;1611606960.211353
/ndn/d7-site/d7/C2Data-2666-Type1;145010.0000;DATA;1611606961.448426
/ndn/v10-site/v10/C2Data-1000-Type4;169067.0000;DATA;1611606961.610883
/ndn/h9-site/h9/C2Data-1093-Type1;97634.0000;DATA;1611606963.218254
/ndn/v11-site/v11/C2Data-6780-Type1;191157.0000;DATA;1611606963.295280
/ndn/v12-site/v12/C2Data-3479-Type3;277072.0000;DATA;1611606978.076240
/ndn/d1-site/d1/C2Data-978-Type3;220446.0000;DATA;1611606978.656161
/ndn/d13-site/d13/C2Data-1710-Type3;213301.0000;DATA;1611606979.520165
/ndn/v7-site/v7/C2Data-3174-Type3;236116.0000;DATA;1611606980.086291
/ndn/h3-site/h3/C2Data-368-Type2;213260.0000;DATA;1611606983.391189
/ndn/d2-site/d2/C2Data-2062-Type1;223778.0000;DATA;1611606984.650226
/ndn/h5-site/h5/C2Data-307-Type3;70162.0000;DATA;1611606985.665159
/ndn/h10-site/h10/C2Data-612-Type3;188137.0000;DATA;1611606986.244177
/ndn/d5-site/d5/C2Data-1222-Type3;46922.0000;DATA;1611606987.388240
/ndn/d1-site/d1/C2Data-1941-Type2;215843.0000;DATA;1611606987.837231
/ndn/h2-site/h2/C2Data-247-Type1;236227.0000;DATA;1611606987.907233
/ndn/s9-site/s9/C2Data-2381-Type3;6002245.0000;TIMEOUT;1611606982.421219
/ndn/v5-site/v5/C2Data-3052-Type3;290171.0000;DATA;1611606988.699213
/ndn/v0-site/v0/C2Data-5450-Type1;173927.0000;DATA;1611606988.853258
/ndn/s0-site/s0/C2Data-1832-Type3;6000718.0000;TIMEOUT;1611606983.144232
/ndn/h4-site/h4/C2Data-246-Type3;71356.0000;DATA;1611606990.910296
/ndn/s6-site/s6/C2Data-4361-Type1;6000600.0000;TIMEOUT;1611606986.687223
/ndn/v0-site/v0/C2Data-5450-Type2;165693.0000;DATA;1611606992.714258
/ndn/v13-site/v13/C2Data-7023-Type1;151710.0000;DATA;1611606993.749173
/ndn/d1-site/d1/C2Data-1941-Type1;209541.0000;DATA;1611606993.771300
/ndn/s12-site/s12/C2Data-2564-Type3;6000251.0000;TIMEOUT;1611606988.241197
/ndn/d3-site/d3/C2Data-1100-Type3;163321.0000;DATA;1611606994.920182
/ndn/s14-site/s14/C2Data-5329-Type1;6020808.0000;TIMEOUT;1611606991.399245
/ndn/s3-site/s3/C2Data-3998-Type2;6000450.0000;TIMEOUT;1611606991.862266
/ndn/v0-site/v0/C2Data-2747-Type3;164360.0000;DATA;1611606997.834221
/ndn/s9-site/s9/C2Data-4724-Type2;6000502.0000;TIMEOUT;1611606992.642227
/ndn/s5-site/s5/C2Data-4240-Type2;6000369.0000;TIMEOUT;1611606993.987250
/ndn/s3-site/s3/C2Data-2015-Type3;6026482.0000;TIMEOUT;1611606995.244277
/ndn/s13-site/s13/C2Data-2625-Type3;6009609.0000;TIMEOUT;1611607000.180213
/ndn/v11-site/v11/C2Data-6782-Type2;193534.0000;DATA;1611607012.691274
/ndn/d14-site/d14/C2Data-3515-Type1;188411.0000;DATA;1611607012.825219
/ndn/v12-site/v12/C2Data-6903-Type2;260035.0000;DATA;1611607014.909156
/ndn/h11-site/h11/C2Data-1337-Type2;210906.0000;DATA;1611607014.975238
/ndn/d13-site/d13/C2Data-3394-Type2;199316.0000;DATA;1611607017.461202
/ndn/h3-site/h3/C2Data-369-Type2;254301.0000;DATA;1611607018.098266
/ndn/d9-site/d9/C2Data-2910-Type2;117565.0000;DATA;1611607019.061184
/ndn/h6-site/h6/C2Data-732-Type2;24269.0000;DATA;1611607019.223233
/ndn/d13-site/d13/C2Data-3394-Type1;203295.0000;DATA;1611607020.718287
/ndn/d11-site/d11/C2Data-3152-Type2;220021.0000;DATA;1611607021.787142
/ndn/s3-site/s3/C2Data-3999-Type1;6000351.0000;TIMEOUT;1611607016.076195
/ndn/h2-site/h2/C2Data-248-Type2;237035.0000;DATA;1611607022.728242
/ndn/h9-site/h9/C2Data-1095-Type1;102510.0000;DATA;1611607023.841216
/ndn/s0-site/s0/C2Data-3636-Type2;6004174.0000;TIMEOUT;1611607018.320227
/ndn/d1-site/d1/C2Data-979-Type3;235660.0000;DATA;1611607036.413274
/ndn/d0-site/d0/C2Data-918-Type3;202834.0000;DATA;1611607037.513153
/ndn/h4-site/h4/C2Data-247-Type3;81111.0000;DATA;1611607040.622254
/ndn/d14-site/d14/C2Data-1772-Type3;195303.0000;DATA;1611607041.992243
/ndn/v10-site/v10/C2Data-6662-Type2;164807.0000;DATA;1611607042.927199
/ndn/s9-site/s9/C2Data-2382-Type3;6000326.0000;TIMEOUT;1611607037.338849
/ndn/s14-site/s14/C2Data-2687-Type3;6001423.0000;TIMEOUT;1611607037.540238
/ndn/v0-site/v0/C2Data-5452-Type2;167894.0000;DATA;1611607043.721238
/ndn/v2-site/v2/C2Data-5694-Type2;166913.0000;DATA;1611607044.725303
/ndn/h7-site/h7/C2Data-854-Type1;23767.0000;DATA;1611607044.903226
/ndn/h13-site/h13/C2Data-796-Type3;122319.0000;DATA;1611607045.744217
/ndn/h14-site/h14/C2Data-857-Type3;190452.0000;DATA;1611607046.451189
/ndn/s4-site/s4/C2Data-2077-Type3;6000277.0000;TIMEOUT;1611607040.699240
/ndn/v1-site/v1/C2Data-5573-Type1;261852.0000;DATA;1611607047.460321
