/ndn/v0-site/v0/C2Data-5445-Type1;502.0000;NACK;1611608581.344943
/ndn/d7-site/d7/C2Data-2662-Type1;119207.0000;DATA;1611608585.363920
/ndn/s10-site/s10/C2Data-4840-Type1;100233.0000;DATA;1611608586.029846
/ndn/v4-site/v4/C2Data-5929-Type1;598.0000;NACK;1611608586.475724
/ndn/h0-site/h0/C2Data-0-Type1;153577.0000;DATA;1611608586.529866
/ndn/h1-site/h1/C2Data-121-Type1;23695.0000;DATA;1611608587.422521
/ndn/h8-site/h8/C2Data-968-Type1;149610.0000;DATA;1611608591.173807
/ndn/s0-site/s0/C2Data-3630-Type1;168576.0000;DATA;1611608591.606795
/ndn/d13-site/d13/C2Data-1708-Type3;23793.0000;DATA;1611608604.404837
/ndn/s3-site/s3/C2Data-2013-Type3;210362.0000;DATA;1611608605.493861
/ndn/v5-site/v5/C2Data-3050-Type3;694.0000;NACK;1611608609.880813
/ndn/s10-site/s10/C2Data-2440-Type3;94530.0000;DATA;1611608610.299801
/ndn/d0-site/d0/C2Data-1816-Type2;72428.0000;DATA;1611608610.382736
/ndn/d3-site/d3/C2Data-1098-Type3;163184.0000;DATA;1611608610.436794
/ndn/h3-site/h3/C2Data-364-Type2;139683.0000;DATA;1611608611.282800
/ndn/s14-site/s14/C2Data-5325-Type1;50927.0000;DATA;1611608611.687923
/ndn/s4-site/s4/C2Data-4115-Type2;122773.0000;DATA;1611608611.642784
/ndn/s9-site/s9/C2Data-4720-Type2;68996.0000;DATA;1611608612.096853
/ndn/d4-site/d4/C2Data-2300-Type2;47510.0000;DATA;1611608613.506855
/ndn/s13-site/s13/C2Data-5204-Type1;515.0000;NACK;1611608614.015817
/ndn/d14-site/d14/C2Data-3510-Type2;47469.0000;DATA;1611608615.133855
/ndn/s0-site/s0/C2Data-1830-Type3;169482.0000;DATA;1611608616.717863
/ndn/h12-site/h12/C2Data-1453-Type2;116941.0000;DATA;1611608617.972056
/ndn/h4-site/h4/C2Data-485-Type2;141784.0000;DATA;1611608617.963892
/ndn/v4-site/v4/C2Data-5930-Type2;460.0000;NACK;1611608618.274831
/ndn/s6-site/s6/C2Data-4357-Type1;162564.0000;DATA;1611608618.508824
/ndn/d14-site/d14/C2Data-3510-Type1;49944.0000;DATA;1611608618.719982
/ndn/d12-site/d12/C2Data-3268-Type1;94123.0000;DATA;1611608620.471783
/ndn/s6-site/s6/C2Data-2196-Type3;191551.0000;DATA;1611608623.637747
/ndn/h10-site/h10/C2Data-610-Type3;211665.0000;DATA;1611608625.497870
/ndn/v2-site/v2/C2Data-2867-Type3;170755.0000;DATA;1611608626.402810
/ndn/v7-site/v7/C2Data-3172-Type3;151899.0000;DATA;1611608626.867795
/ndn/s8-site/s8/C2Data-4600-Type1;53502.0000;DATA;1611608639.760642
/ndn/s2-site/s2/C2Data-3874-Type1;25249.0000;DATA;1611608642.259793
/ndn/d6-site/d6/C2Data-2543-Type2;193670.0000;DATA;1611608642.146837
/ndn/v10-site/v10/C2Data-6657-Type2;115236.0000;DATA;1611608642.578966
/ndn/d9-site/d9/C2Data-2906-Type1;143409.0000;DATA;1611608643.359909
/ndn/s12-site/s12/C2Data-5084-Type1;193377.0000;DATA;1611608644.306856
/ndn/d3-site/d3/C2Data-2180-Type1;164244.0000;DATA;1611608646.592875
/ndn/h12-site/h12/C2Data-1454-Type2;116990.0000;DATA;1611608648.112769
/ndn/h5-site/h5/C2Data-607-Type2;103004.0000;DATA;1611608649.675883
/ndn/h3-site/h3/C2Data-365-Type2;137602.0000;DATA;1611608650.321777
/ndn/v12-site/v12/C2Data-6899-Type2;171273.0000;DATA;1611608651.278788
/ndn/h3-site/h3/C2Data-365-Type1;143153.0000;DATA;1611608651.598862
/ndn/s7-site/s7/C2Data-4479-Type2;6003958.0000;TIMEOUT;1611608650.665850
/ndn/d13-site/d13/C2Data-1709-Type3;24694.0000;DATA;1611608664.251767
/ndn/d5-site/d5/C2Data-1221-Type3;122447.0000;DATA;1611608664.231824
/ndn/d2-site/d2/C2Data-1038-Type3;49385.0000;DATA;1611608668.332830
/ndn/v9-site/v9/C2Data-6537-Type1;179270.0000;DATA;1611608670.984920
/ndn/h13-site/h13/C2Data-1576-Type1;49131.0000;DATA;1611608671.939878
/ndn/h3-site/h3/C2Data-366-Type1;147422.0000;DATA;1611608675.540802
/ndn/h8-site/h8/C2Data-200-Type4;145347.0000;DATA;1611608676.240766
/ndn/d9-site/d9/C2Data-1465-Type3;138176.0000;DATA;1611608676.876838
/ndn/h9-site/h9/C2Data-1092-Type2;117568.0000;DATA;1611608677.017946
/ndn/s9-site/s9/C2Data-4722-Type2;69559.0000;DATA;1611608677.228806
/ndn/s5-site/s5/C2Data-2136-Type3;93017.0000;DATA;1611608677.229763
/ndn/h5-site/h5/C2Data-608-Type1;94357.0000;DATA;1611608677.302841
/ndn/v12-site/v12/C2Data-1050-Type4;168001.0000;DATA;1611608677.764836
/ndn/v2-site/v2/C2Data-5690-Type1;144773.0000;DATA;1611608678.104856
/ndn/d11-site/d11/C2Data-1587-Type3;103637.0000;DATA;1611608678.644816
/ndn/v8-site/v8/C2Data-6416-Type1;164924.0000;DATA;1611608678.819919
/ndn/h1-site/h1/C2Data-25-Type4;23954.0000;DATA;1611608679.225875
/ndn/v7-site/v7/C2Data-925-Type4;138741.0000;DATA;1611608679.458804
/ndn/s14-site/s14/C2Data-5327-Type2;6000307.0000;TIMEOUT;1611608674.542793
/ndn/h12-site/h12/C2Data-1455-Type1;117908.0000;DATA;1611608681.465796
/ndn/s0-site/s0/C2Data-1831-Type3;6000296.0000;TIMEOUT;1611608675.697960
/ndn/h11-site/h11/C2Data-672-Type3;55430.0000;DATA;1611608682.904874
/ndn/d8-site/d8/C2Data-1404-Type3;78042.0000;DATA;1611608684.036814
/ndn/h5-site/h5/C2Data-306-Type3;101353.0000;DATA;1611608684.505805
/ndn/v14-site/v14/C2Data-3600-Type3;73300.0000;DATA;1611608685.620872
/ndn/d2-site/d2/C2Data-425-Type4;50210.0000;DATA;1611608696.160754
/ndn/h0-site/h0/C2Data-0-Type4;171932.0000;DATA;1611608696.611875
/ndn/s13-site/s13/C2Data-5207-Type2;214022.0000;DATA;1611608701.131855
/ndn/v10-site/v10/C2Data-6659-Type1;117531.0000;DATA;1611608701.612771
/ndn/d12-site/d12/C2Data-3271-Type2;94261.0000;DATA;1611608701.799844
/ndn/v11-site/v11/C2Data-6780-Type2;29329.0000;DATA;1611608702.531578
/ndn/v2-site/v2/C2Data-800-Type4;138551.0000;DATA;1611608703.533877
/ndn/h3-site/h3/C2Data-367-Type1;142775.0000;DATA;1611608704.051778
/ndn/d5-site/d5/C2Data-2424-Type2;125217.0000;DATA;1611608705.246844
/ndn/v2-site/v2/C2Data-5691-Type1;140574.0000;DATA;1611608705.411840
/ndn/h2-site/h2/C2Data-246-Type1;118059.0000;DATA;1611608706.542859
/ndn/h1-site/h1/C2Data-125-Type1;24522.0000;DATA;1611608708.534836
/ndn/h12-site/h12/C2Data-1456-Type2;120626.0000;DATA;1611608710.326804
/ndn/d2-site/d2/C2Data-2061-Type1;50734.0000;DATA;1611608710.482771
/ndn/v2-site/v2/C2Data-5691-Type2;141981.0000;DATA;1611608710.650784
/ndn/h11-site/h11/C2Data-275-Type4;49253.0000;DATA;1611608717.469804
/ndn/d0-site/d0/C2Data-917-Type3;72674.0000;DATA;1611608725.590841
/ndn/d0-site/d0/C2Data-375-Type4;73197.0000;DATA;1611608726.206795
/ndn/v5-site/v5/C2Data-3052-Type3;214024.0000;DATA;1611608727.397343
/ndn/d5-site/d5/C2Data-500-Type4;121152.0000;DATA;1611608731.447872
/ndn/s1-site/s1/C2Data-1893-Type3;6003147.0000;TIMEOUT;1611608725.935842
/ndn/v1-site/v1/C2Data-5571-Type1;163585.0000;DATA;1611608732.410819
/ndn/v3-site/v3/C2Data-5813-Type1;69936.0000;DATA;1611608733.044769
/ndn/d3-site/d3/C2Data-2183-Type1;167767.0000;DATA;1611608733.517485
/ndn/d4-site/d4/C2Data-2304-Type1;47130.0000;DATA;1611608733.737823
/ndn/v8-site/v8/C2Data-6418-Type2;162731.0000;DATA;1611608735.375765
/ndn/s13-site/s13/C2Data-5208-Type1;6000565.0000;TIMEOUT;1611608729.836990
/ndn/h11-site/h11/C2Data-1336-Type1;46182.0000;DATA;1611608735.806809
/ndn/s9-site/s9/C2Data-4724-Type2;6000580.0000;TIMEOUT;1611608730.196877
/ndn/h5-site/h5/C2Data-610-Type2;97950.0000;DATA;1611608736.303806
/ndn/v1-site/v1/C2Data-5571-Type2;163485.0000;DATA;1611608736.617821
/ndn/d14-site/d14/C2Data-3514-Type2;48602.0000;DATA;1611608738.633939
/ndn/v12-site/v12/C2Data-3479-Type3;165736.0000;DATA;1611608738.599779
/ndn/h4-site/h4/C2Data-489-Type1;142078.0000;DATA;1611608740.065869
/ndn/v10-site/v10/C2Data-3357-Type3;123879.0000;DATA;1611608741.147036
/ndn/s12-site/s12/C2Data-5087-Type1;6000275.0000;TIMEOUT;1611608738.476861
/ndn/s7-site/s7/C2Data-4482-Type2;6000315.0000;TIMEOUT;1611608739.739830
/ndn/s10-site/s10/C2Data-4845-Type2;6000861.0000;TIMEOUT;1611608740.752875
/ndn/d11-site/d11/C2Data-1588-Type3;123192.0000;DATA;1611608747.709769
/ndn/s12-site/s12/C2Data-2564-Type3;6003231.0000;TIMEOUT;1611608745.381856
/ndn/s8-site/s8/C2Data-2320-Type3;6000378.0000;TIMEOUT;1611608747.199810
/ndn/s5-site/s5/C2Data-2137-Type3;6000457.0000;TIMEOUT;1611608747.583821
/ndn/v12-site/v12/C2Data-6903-Type1;177616.0000;DATA;1611608760.154845
/ndn/d9-site/d9/C2Data-2910-Type1;142827.0000;DATA;1611608760.609806
/ndn/d6-site/d6/C2Data-2547-Type1;197345.0000;DATA;1611608762.825776
/ndn/d11-site/d11/C2Data-3152-Type1;117018.0000;DATA;1611608763.184940
/ndn/h1-site/h1/C2Data-127-Type1;25703.0000;DATA;1611608768.008804
/ndn/h0-site/h0/C2Data-6-Type2;165707.0000;DATA;1611608769.213957
/ndn/d13-site/d13/C2Data-3394-Type2;30710.0000;DATA;1611608769.451777
/ndn/d14-site/d14/C2Data-3515-Type1;49769.0000;DATA;1611608769.445773
/ndn/s4-site/s4/C2Data-4120-Type1;6000840.0000;TIMEOUT;1611608764.466890
/ndn/v1-site/v1/C2Data-2809-Type3;156429.0000;DATA;1611608783.845865
/ndn/d8-site/d8/C2Data-1406-Type3;113499.0000;DATA;1611608784.539863
/ndn/h9-site/h9/C2Data-552-Type3;118406.0000;DATA;1611608788.545674
/ndn/v0-site/v0/C2Data-2748-Type3;195858.0000;DATA;1611608789.982810
/ndn/s8-site/s8/C2Data-2321-Type3;6003059.0000;TIMEOUT;1611608784.265871
/ndn/h0-site/h0/C2Data-7-Type2;167114.0000;DATA;1611608790.971816
/ndn/v12-site/v12/C2Data-3480-Type3;168857.0000;DATA;1611608793.368868
/ndn/h13-site/h13/C2Data-1580-Type1;47034.0000;DATA;1611608793.836769
/ndn/h5-site/h5/C2Data-612-Type1;92595.0000;DATA;1611608794.856831
