/ndn/h13-site/h13/C2Data-1573-Type2;160606.0000;DATA;1611608580.578803
/ndn/s13-site/s13/C2Data-5203-Type2;361.0000;NACK;1611608581.065798
/ndn/h1-site/h1/C2Data-121-Type2;169157.0000;DATA;1611608581.023762
/ndn/h9-site/h9/C2Data-1089-Type2;79079.0000;DATA;1611608583.680777
/ndn/s4-site/s4/C2Data-4114-Type2;515.0000;NACK;1611608584.163831
/ndn/v2-site/v2/C2Data-5687-Type1;49371.0000;DATA;1611608584.292945
/ndn/d3-site/d3/C2Data-2178-Type1;24356.0000;DATA;1611608584.599499
/ndn/s6-site/s6/C2Data-4356-Type1;23928.0000;DATA;1611608587.280821
/ndn/d14-site/d14/C2Data-3509-Type1;223415.0000;DATA;1611608587.220842
/ndn/v11-site/v11/C2Data-6776-Type2;546.0000;NACK;1611608587.628827
/ndn/h10-site/h10/C2Data-1210-Type1;46954.0000;DATA;1611608587.986771
/ndn/h12-site/h12/C2Data-1452-Type2;260096.0000;DATA;1611608590.943849
/ndn/d0-site/d0/C2Data-1815-Type1;121055.0000;DATA;1611608591.596765
/ndn/v9-site/v9/C2Data-3294-Type3;174946.0000;DATA;1611608607.002843
/ndn/d12-site/d12/C2Data-1647-Type3;120306.0000;DATA;1611608609.669781
/ndn/v14-site/v14/C2Data-3599-Type3;116205.0000;DATA;1611608610.460861
/ndn/h1-site/h1/C2Data-122-Type2;164439.0000;DATA;1611608610.501793
/ndn/s1-site/s1/C2Data-3752-Type2;211629.0000;DATA;1611608610.690790
/ndn/h4-site/h4/C2Data-485-Type2;141579.0000;DATA;1611608611.483784
/ndn/h3-site/h3/C2Data-364-Type1;167896.0000;DATA;1611608611.608839
/ndn/d2-site/d2/C2Data-1037-Type3;141724.0000;DATA;1611608611.864803
/ndn/v6-site/v6/C2Data-6172-Type2;557.0000;NACK;1611608612.010798
/ndn/h1-site/h1/C2Data-61-Type3;166677.0000;DATA;1611608611.971896
/ndn/d3-site/d3/C2Data-2179-Type2;23773.0000;DATA;1611608612.549839
/ndn/h11-site/h11/C2Data-671-Type3;213079.0000;DATA;1611608612.728936
/ndn/d3-site/d3/C2Data-2179-Type1;23956.0000;DATA;1611608613.319762
/ndn/h0-site/h0/C2Data-1-Type2;162019.0000;DATA;1611608613.386754
/ndn/d13-site/d13/C2Data-3389-Type1;185829.0000;DATA;1611608613.655988
/ndn/v7-site/v7/C2Data-3172-Type3;550.0000;NACK;1611608614.790940
/ndn/v12-site/v12/C2Data-6898-Type2;375.0000;NACK;1611608614.802837
/ndn/d4-site/d4/C2Data-2300-Type1;207767.0000;DATA;1611608614.639898
/ndn/s14-site/s14/C2Data-2684-Type3;210850.0000;DATA;1611608614.673833
/ndn/h4-site/h4/C2Data-485-Type1;143294.0000;DATA;1611608615.322785
/ndn/v1-site/v1/C2Data-5567-Type2;434.0000;NACK;1611608615.635844
/ndn/d2-site/d2/C2Data-2058-Type1;137424.0000;DATA;1611608615.663833
/ndn/s7-site/s7/C2Data-2257-Type3;236763.0000;DATA;1611608616.189818
/ndn/d1-site/d1/C2Data-1937-Type1;234741.0000;DATA;1611608616.314791
/ndn/s1-site/s1/C2Data-3752-Type1;214288.0000;DATA;1611608616.969811
/ndn/d11-site/d11/C2Data-3147-Type1;141025.0000;DATA;1611608617.970781
/ndn/v5-site/v5/C2Data-6051-Type2;463.0000;NACK;1611608619.157808
/ndn/v7-site/v7/C2Data-6293-Type1;84467.0000;NACK;1611608619.395826
/ndn/s0-site/s0/C2Data-3631-Type1;23543.0000;DATA;1611608619.957835
/ndn/v8-site/v8/C2Data-6414-Type1;166350.0000;DATA;1611608621.011842
/ndn/s9-site/s9/C2Data-2379-Type3;143106.0000;DATA;1611608622.658820
/ndn/v2-site/v2/C2Data-2867-Type3;46828.0000;DATA;1611608623.242431
/ndn/h12-site/h12/C2Data-732-Type3;267053.0000;DATA;1611608625.266825
/ndn/v8-site/v8/C2Data-3233-Type3;171996.0000;DATA;1611608625.941776
/ndn/d3-site/d3/C2Data-1098-Type3;23582.0000;DATA;1611608626.350837
/ndn/v5-site/v5/C2Data-6052-Type2;623.0000;NACK;1611608641.573207
/ndn/h8-site/h8/C2Data-970-Type2;46625.0000;DATA;1611608642.640760
/ndn/d12-site/d12/C2Data-3269-Type2;122167.0000;DATA;1611608643.644857
/ndn/s7-site/s7/C2Data-4479-Type2;242040.0000;DATA;1611608644.222746
/ndn/v6-site/v6/C2Data-6173-Type1;227849.0000;DATA;1611608644.712838
/ndn/s8-site/s8/C2Data-4600-Type2;192658.0000;DATA;1611608647.089864
/ndn/h6-site/h6/C2Data-728-Type2;141286.0000;DATA;1611608647.608807
/ndn/h3-site/h3/C2Data-365-Type1;168976.0000;DATA;1611608647.719809
/ndn/v9-site/v9/C2Data-6536-Type2;165993.0000;DATA;1611608650.438742
/ndn/v12-site/v12/C2Data-3478-Type3;186781.0000;DATA;1611608669.543122
/ndn/s2-site/s2/C2Data-1953-Type3;6000183.0000;TIMEOUT;1611608664.024807
/ndn/d3-site/d3/C2Data-2181-Type1;24166.0000;DATA;1611608670.045782
/ndn/d1-site/d1/C2Data-977-Type3;236092.0000;DATA;1611608670.508792
/ndn/v0-site/v0/C2Data-5448-Type1;25161.0000;DATA;1611608670.889750
/ndn/d11-site/d11/C2Data-3149-Type2;143814.0000;DATA;1611608671.295793
/ndn/d0-site/d0/C2Data-916-Type3;122044.0000;DATA;1611608672.226826
/ndn/d7-site/d7/C2Data-2665-Type1;71430.0000;DATA;1611608672.414743
/ndn/v13-site/v13/C2Data-3539-Type3;165513.0000;DATA;1611608675.265800
/ndn/s9-site/s9/C2Data-4722-Type1;116402.0000;DATA;1611608675.477822
/ndn/s6-site/s6/C2Data-4359-Type2;6000573.0000;TIMEOUT;1611608670.003820
/ndn/s13-site/s13/C2Data-5206-Type1;216814.0000;DATA;1611608676.082830
/ndn/d1-site/d1/C2Data-1939-Type1;246364.0000;DATA;1611608676.052482
/ndn/v5-site/v5/C2Data-6053-Type2;214890.0000;DATA;1611608677.160836
/ndn/d14-site/d14/C2Data-1770-Type3;211084.0000;DATA;1611608677.906766
/ndn/v1-site/v1/C2Data-2807-Type3;196320.0000;DATA;1611608678.226012
/ndn/v10-site/v10/C2Data-6658-Type1;73283.0000;DATA;1611608678.583804
/ndn/v11-site/v11/C2Data-3417-Type3;189916.0000;DATA;1611608681.589844
/ndn/d11-site/d11/C2Data-1587-Type3;140054.0000;DATA;1611608682.140833
/ndn/v14-site/v14/C2Data-3600-Type3;124578.0000;DATA;1611608682.911774
/ndn/s12-site/s12/C2Data-5085-Type2;6000392.0000;TIMEOUT;1611608678.496762
/ndn/h14-site/h14/C2Data-855-Type3;213569.0000;DATA;1611608685.197855
/ndn/s9-site/s9/C2Data-2380-Type3;6000275.0000;TIMEOUT;1611608679.605858
/ndn/v1-site/v1/C2Data-775-Type4;188634.0000;DATA;1611608686.728818
/ndn/h8-site/h8/C2Data-489-Type3;50960.0000;DATA;1611608687.295812
/ndn/h11-site/h11/C2Data-672-Type3;228245.0000;DATA;1611608687.449953
/ndn/s6-site/s6/C2Data-2197-Type3;6000299.0000;TIMEOUT;1611608683.882830
/ndn/v10-site/v10/C2Data-1000-Type4;96910.0000;DATA;1611608697.134543
/ndn/v4-site/v4/C2Data-5933-Type1;221412.0000;DATA;1611608700.576061
/ndn/h0-site/h0/C2Data-4-Type1;173604.0000;DATA;1611608703.142743
/ndn/d2-site/d2/C2Data-2061-Type2;146402.0000;DATA;1611608705.442821
/ndn/d5-site/d5/C2Data-2424-Type2;117776.0000;DATA;1611608707.360838
/ndn/v2-site/v2/C2Data-5691-Type1;48570.0000;DATA;1611608707.674782
/ndn/d13-site/d13/C2Data-3392-Type1;192724.0000;DATA;1611608707.565809
/ndn/s12-site/s12/C2Data-5086-Type2;6000195.0000;TIMEOUT;1611608702.530796
/ndn/d7-site/d7/C2Data-2666-Type1;71860.0000;DATA;1611608710.909798
/ndn/h12-site/h12/C2Data-1456-Type1;259339.0000;DATA;1611608711.322891
/ndn/v9-site/v9/C2Data-6538-Type1;174434.0000;DATA;1611608711.605867
/ndn/s8-site/s8/C2Data-4602-Type2;6000730.0000;TIMEOUT;1611608707.165273
/ndn/v8-site/v8/C2Data-950-Type4;180818.0000;DATA;1611608718.745742
/ndn/d2-site/d2/C2Data-425-Type4;158699.0000;DATA;1611608719.230938
/ndn/h7-site/h7/C2Data-429-Type3;201559.0000;DATA;1611608725.869854
/ndn/v4-site/v4/C2Data-850-Type4;236444.0000;DATA;1611608727.064795
/ndn/h2-site/h2/C2Data-124-Type3;261389.0000;DATA;1611608727.454799
/ndn/v3-site/v3/C2Data-2930-Type3;142630.0000;DATA;1611608728.738815
/ndn/h13-site/h13/C2Data-1578-Type2;141556.0000;DATA;1611608729.853755
/ndn/h3-site/h3/C2Data-185-Type3;163773.0000;DATA;1611608729.996761
/ndn/h0-site/h0/C2Data-2-Type3;172927.0000;DATA;1611608729.991813
/ndn/v7-site/v7/C2Data-6297-Type2;164336.0000;DATA;1611608735.156804
/ndn/s1-site/s1/C2Data-3756-Type2;6000384.0000;TIMEOUT;1611608729.914853
/ndn/v4-site/v4/C2Data-5934-Type1;214141.0000;DATA;1611608736.462283
/ndn/s13-site/s13/C2Data-2625-Type3;6000403.0000;TIMEOUT;1611608730.778804
/ndn/v3-site/v3/C2Data-5813-Type2;139213.0000;DATA;1611608737.243778
/ndn/v13-site/v13/C2Data-7023-Type2;163354.0000;DATA;1611608737.288886
/ndn/s7-site/s7/C2Data-4482-Type1;6000230.0000;TIMEOUT;1611608731.563744
/ndn/d11-site/d11/C2Data-1588-Type3;141538.0000;DATA;1611608737.542743
/ndn/h10-site/h10/C2Data-612-Type3;49452.0000;DATA;1611608738.068849
/ndn/v11-site/v11/C2Data-6781-Type2;195063.0000;DATA;1611608738.078767
/ndn/d3-site/d3/C2Data-2183-Type1;24828.0000;DATA;1611608738.664827
/ndn/v10-site/v10/C2Data-3357-Type3;69272.0000;DATA;1611608738.849762
/ndn/v4-site/v4/C2Data-2991-Type3;208338.0000;DATA;1611608739.570782
/ndn/d0-site/d0/C2Data-1820-Type1;116947.0000;DATA;1611608739.938863
/ndn/s13-site/s13/C2Data-5208-Type2;6000251.0000;TIMEOUT;1611608736.736805
/ndn/s0-site/s0/C2Data-3635-Type1;6000235.0000;TIMEOUT;1611608737.674836
/ndn/s12-site/s12/C2Data-5087-Type1;6000416.0000;TIMEOUT;1611608740.101822
/ndn/d8-site/d8/C2Data-2789-Type2;141449.0000;DATA;1611608760.387836
/ndn/d11-site/d11/C2Data-3152-Type1;144945.0000;DATA;1611608760.883792
/ndn/h8-site/h8/C2Data-974-Type2;49736.0000;DATA;1611608761.343795
/ndn/d12-site/d12/C2Data-3273-Type1;122015.0000;DATA;1611608761.348770
/ndn/v3-site/v3/C2Data-5814-Type2;150137.0000;DATA;1611608762.520805
/ndn/h5-site/h5/C2Data-611-Type2;101442.0000;DATA;1611608764.601758
/ndn/d13-site/d13/C2Data-3394-Type1;198241.0000;DATA;1611608765.067841
/ndn/h10-site/h10/C2Data-1216-Type2;47195.0000;DATA;1611608767.576790
/ndn/d5-site/d5/C2Data-2426-Type2;122468.0000;DATA;1611608767.714787
/ndn/h3-site/h3/C2Data-369-Type2;169013.0000;DATA;1611608769.882835
/ndn/d5-site/d5/C2Data-2426-Type1;121712.0000;DATA;1611608770.824739
/ndn/h13-site/h13/C2Data-1579-Type2;146322.0000;DATA;1611608770.928832
/ndn/v2-site/v2/C2Data-5693-Type1;47562.0000;DATA;1611608771.216865
/ndn/s5-site/s5/C2Data-4241-Type2;6000281.0000;TIMEOUT;1611608767.086849
/ndn/s12-site/s12/C2Data-5088-Type2;6000446.0000;TIMEOUT;1611608769.211773
/ndn/s13-site/s13/C2Data-5209-Type1;6003621.0000;TIMEOUT;1611608771.489795
/ndn/v7-site/v7/C2Data-3175-Type3;195576.0000;DATA;1611608785.717870
/ndn/h1-site/h1/C2Data-64-Type3;173841.0000;DATA;1611608791.148895
/ndn/h7-site/h7/C2Data-854-Type1;187248.0000;DATA;1611608791.354758
/ndn/v13-site/v13/C2Data-7025-Type2;167349.0000;DATA;1611608794.227833
/ndn/h6-site/h6/C2Data-733-Type1;144742.0000;DATA;1611608795.453897
/ndn/v11-site/v11/C2Data-3419-Type3;198577.0000;DATA;1611608795.464459
