/ndn/h1-site/h1/C2Data-121-Type2;147757.0000;DATA;1611610325.506050
/ndn/h11-site/h11/C2Data-1331-Type1;120060.0000;DATA;1611610327.184089
/ndn/d14-site/d14/C2Data-3509-Type1;95784.0000;DATA;1611610327.796072
/ndn/d11-site/d11/C2Data-3146-Type2;144188.0000;DATA;1611610328.758086
/ndn/h4-site/h4/C2Data-484-Type2;162368.0000;DATA;1611610331.177091
/ndn/v12-site/v12/C2Data-6897-Type1;690.0000;NACK;1611610331.391173
/ndn/s13-site/s13/C2Data-5203-Type2;434.0000;NACK;1611610332.113130
/ndn/s1-site/s1/C2Data-3751-Type1;175598.0000;DATA;1611610332.546058
/ndn/v14-site/v14/C2Data-7139-Type1;457.0000;NACK;1611610335.638082
/ndn/s4-site/s4/C2Data-4114-Type1;24283.0000;DATA;1611610336.028085
/ndn/v7-site/v7/C2Data-3172-Type3;594.0000;NACK;1611610352.566059
/ndn/s6-site/s6/C2Data-2196-Type3;123445.0000;DATA;1611610355.405040
/ndn/v4-site/v4/C2Data-2989-Type3;684.0000;NACK;1611610355.751062
/ndn/h3-site/h3/C2Data-364-Type2;138452.0000;DATA;1611610356.236108
/ndn/d14-site/d14/C2Data-3510-Type2;95090.0000;DATA;1611610356.563073
/ndn/v1-site/v1/C2Data-5567-Type2;609.0000;NACK;1611610356.975058
/ndn/s10-site/s10/C2Data-4841-Type1;25599.0000;DATA;1611610357.465087
/ndn/v9-site/v9/C2Data-6535-Type1;676.0000;NACK;1611610358.887092
/ndn/s12-site/s12/C2Data-5083-Type2;363.0000;NACK;1611610359.129077
/ndn/s7-site/s7/C2Data-2257-Type3;76410.0000;DATA;1611610359.367057
/ndn/d6-site/d6/C2Data-1281-Type3;259028.0000;DATA;1611610359.276038
/ndn/d3-site/d3/C2Data-1098-Type3;122726.0000;DATA;1611610361.527135
/ndn/s13-site/s13/C2Data-5204-Type1;870.0000;NACK;1611610361.682152
/ndn/v14-site/v14/C2Data-7140-Type2;46363.0000;DATA;1611610361.762076
/ndn/s5-site/s5/C2Data-4236-Type2;48609.0000;DATA;1611610363.556035
/ndn/d8-site/d8/C2Data-2784-Type2;47587.0000;DATA;1611610363.670044
/ndn/v2-site/v2/C2Data-2867-Type3;48167.0000;DATA;1611610368.169053
/ndn/s14-site/s14/C2Data-2684-Type3;127046.0000;DATA;1611610372.499075
/ndn/h6-site/h6/C2Data-728-Type1;172019.0000;DATA;1611610386.831125
/ndn/s12-site/s12/C2Data-5084-Type1;491.0000;NACK;1611610387.118077
/ndn/s8-site/s8/C2Data-4600-Type1;72535.0000;DATA;1611610387.649271
/ndn/h3-site/h3/C2Data-365-Type2;287256.0000;DATA;1611610387.898083
/ndn/v14-site/v14/C2Data-7141-Type2;143127.0000;DATA;1611610391.731036
/ndn/s6-site/s6/C2Data-4358-Type1;290099.0000;DATA;1611610392.958046
/ndn/v2-site/v2/C2Data-5689-Type2;239994.0000;DATA;1611610393.313049
/ndn/s1-site/s1/C2Data-3753-Type2;118710.0000;DATA;1611610395.284038
/ndn/v13-site/v13/C2Data-7020-Type1;98202.0000;DATA;1611610395.982294
/ndn/h0-site/h0/C2Data-1-Type3;172760.0000;DATA;1611610409.755038
/ndn/d12-site/d12/C2Data-1648-Type3;236358.0000;DATA;1611610410.227133
/ndn/d6-site/d6/C2Data-1282-Type3;284598.0000;DATA;1611610410.681065
/ndn/d10-site/d10/C2Data-1526-Type3;224815.0000;DATA;1611610411.396515
/ndn/d9-site/d9/C2Data-1465-Type3;237379.0000;DATA;1611610412.517038
/ndn/v11-site/v11/C2Data-3417-Type3;121815.0000;DATA;1611610412.968054
/ndn/h14-site/h14/C2Data-1697-Type1;49991.0000;DATA;1611610415.406040
/ndn/s11-site/s11/C2Data-4964-Type1;559.0000;NACK;1611610415.724723
/ndn/d2-site/d2/C2Data-1038-Type3;144535.0000;DATA;1611610416.015039
/ndn/d5-site/d5/C2Data-1221-Type3;118455.0000;DATA;1611610416.243118
/ndn/h1-site/h1/C2Data-124-Type2;143345.0000;DATA;1611610416.817087
/ndn/s7-site/s7/C2Data-2258-Type3;120219.0000;DATA;1611610416.963046
/ndn/v8-site/v8/C2Data-6416-Type1;231898.0000;DATA;1611610417.067083
/ndn/s2-site/s2/C2Data-1953-Type3;70069.0000;DATA;1611610417.356059
/ndn/h6-site/h6/C2Data-729-Type2;217502.0000;DATA;1611610419.122039
/ndn/v8-site/v8/C2Data-3234-Type3;126712.0000;DATA;1611610419.220033
/ndn/s14-site/s14/C2Data-5327-Type2;116285.0000;DATA;1611610419.670055
/ndn/v14-site/v14/C2Data-3600-Type3;46483.0000;DATA;1611610420.432092
/ndn/d11-site/d11/C2Data-1587-Type3;115808.0000;DATA;1611610421.089039
/ndn/s9-site/s9/C2Data-4722-Type2;49344.0000;DATA;1611610422.354738
/ndn/v6-site/v6/C2Data-6174-Type2;116303.0000;DATA;1611610422.446230
/ndn/s11-site/s11/C2Data-2502-Type3;116045.0000;DATA;1611610423.254043
/ndn/d9-site/d9/C2Data-2907-Type1;211104.0000;DATA;1611610423.346077
/ndn/s3-site/s3/C2Data-3996-Type2;150515.0000;DATA;1611610423.509095
/ndn/v2-site/v2/C2Data-800-Type4;244657.0000;DATA;1611610423.950103
/ndn/s2-site/s2/C2Data-3875-Type1;48468.0000;DATA;1611610424.923045
/ndn/d5-site/d5/C2Data-2423-Type1;195263.0000;DATA;1611610425.411046
/ndn/v3-site/v3/C2Data-5811-Type1;124826.0000;DATA;1611610427.245068
/ndn/v1-site/v1/C2Data-775-Type4;51143.0000;DATA;1611610428.530075
/ndn/v2-site/v2/C2Data-2868-Type3;54322.0000;DATA;1611610431.322059
/ndn/s6-site/s6/C2Data-2197-Type3;46801.0000;DATA;1611610433.340073
/ndn/d4-site/d4/C2Data-475-Type4;151132.0000;DATA;1611610443.086038
/ndn/d12-site/d12/C2Data-675-Type4;156355.0000;DATA;1611610443.833463
/ndn/s12-site/s12/C2Data-5086-Type1;257921.0000;DATA;1611610445.761035
/ndn/v13-site/v13/C2Data-7022-Type1;101098.0000;DATA;1611610447.852107
/ndn/v3-site/v3/C2Data-5812-Type1;73368.0000;DATA;1611610448.064080
/ndn/h14-site/h14/C2Data-1698-Type1;55712.0000;DATA;1611610448.174098
/ndn/h13-site/h13/C2Data-1577-Type2;121071.0000;DATA;1611610448.323096
/ndn/s0-site/s0/C2Data-3634-Type1;178656.0000;DATA;1611610448.395033
/ndn/s2-site/s2/C2Data-3876-Type2;95433.0000;DATA;1611610448.933040
/ndn/d13-site/d13/C2Data-3392-Type1;119263.0000;DATA;1611610448.934057
/ndn/s8-site/s8/C2Data-4602-Type1;72610.0000;DATA;1611610449.986042
/ndn/v5-site/v5/C2Data-6054-Type2;237330.0000;DATA;1611610449.865895
/ndn/s0-site/s0/C2Data-3634-Type2;160065.0000;DATA;1611610450.344069
/ndn/v11-site/v11/C2Data-6780-Type2;47318.0000;DATA;1611610452.044106
/ndn/v14-site/v14/C2Data-7143-Type1;50687.0000;DATA;1611610452.555027
/ndn/h1-site/h1/C2Data-125-Type2;118724.0000;DATA;1611610453.006041
/ndn/d10-site/d10/C2Data-625-Type4;46449.0000;DATA;1611610453.292143
/ndn/h2-site/h2/C2Data-246-Type2;23431.0000;DATA;1611610453.641108
/ndn/s1-site/s1/C2Data-3755-Type1;300423.0000;DATA;1611610454.130061
/ndn/h2-site/h2/C2Data-246-Type1;24726.0000;DATA;1611610454.607094
/ndn/d12-site/d12/C2Data-3271-Type1;121891.0000;DATA;1611610454.788043
/ndn/d11-site/d11/C2Data-3150-Type2;106011.0000;DATA;1611610454.953040
/ndn/h13-site/h13/C2Data-1577-Type1;116367.0000;DATA;1611610455.324051
/ndn/s3-site/s3/C2Data-3997-Type1;46655.0000;DATA;1611610455.660067
/ndn/h5-site/h5/C2Data-125-Type4;91962.0000;DATA;1611610457.566244
/ndn/h14-site/h14/C2Data-350-Type4;65394.0000;DATA;1611610458.545689
/ndn/h2-site/h2/C2Data-50-Type4;27515.0000;DATA;1611610462.142324
/ndn/d8-site/d8/C2Data-575-Type4;49553.0000;DATA;1611610463.901771
/ndn/s9-site/s9/C2Data-2381-Type3;47619.0000;DATA;1611610473.773134
/ndn/d10-site/d10/C2Data-1527-Type3;221624.0000;DATA;1611610474.409234
/ndn/s3-site/s3/C2Data-2015-Type3;102246.0000;DATA;1611610476.135140
/ndn/d5-site/d5/C2Data-2425-Type1;200960.0000;DATA;1611610476.479067
/ndn/s3-site/s3/C2Data-3998-Type2;117844.0000;DATA;1611610476.926046
/ndn/d10-site/d10/C2Data-3030-Type1;220046.0000;DATA;1611610477.170068
/ndn/d14-site/d14/C2Data-725-Type4;69025.0000;DATA;1611610477.441115
/ndn/v6-site/v6/C2Data-6176-Type2;115452.0000;DATA;1611610478.493122
/ndn/s9-site/s9/C2Data-4724-Type2;123767.0000;DATA;1611610479.211037
/ndn/s4-site/s4/C2Data-4119-Type1;25240.0000;DATA;1611610481.261083
/ndn/d8-site/d8/C2Data-1405-Type3;48780.0000;DATA;1611610481.280081
/ndn/h1-site/h1/C2Data-126-Type1;138440.0000;DATA;1611610482.688039
/ndn/v10-site/v10/C2Data-6660-Type2;265653.0000;DATA;1611610483.316040
/ndn/s5-site/s5/C2Data-4240-Type2;50775.0000;DATA;1611610483.671066
/ndn/s4-site/s4/C2Data-2076-Type3;25602.0000;DATA;1611610483.854077
/ndn/s0-site/s0/C2Data-3635-Type2;143777.0000;DATA;1611610484.326093
/ndn/h0-site/h0/C2Data-2-Type3;122219.0000;DATA;1611610484.499109
/ndn/d5-site/d5/C2Data-2425-Type2;121932.0000;DATA;1611610485.604077
/ndn/d12-site/d12/C2Data-3272-Type2;47368.0000;DATA;1611610486.234076
/ndn/d9-site/d9/C2Data-1466-Type3;46503.0000;DATA;1611610486.475055
/ndn/h10-site/h10/C2Data-612-Type3;141059.0000;DATA;1611610487.070063
/ndn/h2-site/h2/C2Data-247-Type1;23408.0000;DATA;1611610487.335030
/ndn/v11-site/v11/C2Data-6781-Type2;115876.0000;DATA;1611610487.328067
/ndn/s10-site/s10/C2Data-2442-Type3;23749.0000;DATA;1611610490.740082
/ndn/h14-site/h14/C2Data-856-Type3;46932.0000;DATA;1611610491.406080
/ndn/v3-site/v3/C2Data-2930-Type3;50231.0000;DATA;1611610492.433050
/ndn/s0-site/s0/C2Data-1832-Type3;53932.0000;DATA;1611610493.347033
/ndn/s12-site/s12/C2Data-5088-Type2;262126.0000;DATA;1611610506.035082
/ndn/d12-site/d12/C2Data-3273-Type2;213479.0000;DATA;1611610507.447039
/ndn/d1-site/d1/C2Data-1942-Type2;49966.0000;DATA;1611610507.624068
/ndn/d3-site/d3/C2Data-2184-Type1;260861.0000;DATA;1611610508.158161
/ndn/v9-site/v9/C2Data-6540-Type1;233790.0000;DATA;1611610509.803066
/ndn/s8-site/s8/C2Data-4604-Type2;72045.0000;DATA;1611610510.342074
/ndn/v4-site/v4/C2Data-5935-Type2;224302.0000;DATA;1611610512.070073
/ndn/d2-site/d2/C2Data-2063-Type2;160854.0000;DATA;1611610512.840042
/ndn/s1-site/s1/C2Data-3757-Type2;116981.0000;DATA;1611610514.793072
/ndn/d9-site/d9/C2Data-2910-Type1;116777.0000;DATA;1611610515.420079
/ndn/s11-site/s11/C2Data-4967-Type2;262885.0000;DATA;1611610515.414101
/ndn/d14-site/d14/C2Data-3515-Type1;96913.0000;DATA;1611610516.036031
/ndn/s10-site/s10/C2Data-4846-Type2;24896.0000;DATA;1611610516.707111
/ndn/h1-site/h1/C2Data-127-Type2;160744.0000;DATA;1611610517.035070
/ndn/h4-site/h4/C2Data-247-Type3;230783.0000;DATA;1611610529.496082
/ndn/h8-site/h8/C2Data-491-Type3;140603.0000;DATA;1611610535.009050
/ndn/h13-site/h13/C2Data-796-Type3;50668.0000;DATA;1611610536.813056
/ndn/h0-site/h0/C2Data-3-Type3;126133.0000;DATA;1611610538.047050
/ndn/s3-site/s3/C2Data-4000-Type1;179325.0000;DATA;1611610538.626056
/ndn/v0-site/v0/C2Data-5452-Type2;174832.0000;DATA;1611610539.484126
/ndn/d1-site/d1/C2Data-979-Type3;50937.0000;DATA;1611610540.987090
