/ndn/s3-site/s3/C2Data-3993-Type2;149534.0000;DATA;1611611482.150145
/ndn/h3-site/h3/C2Data-363-Type2;124477.0000;DATA;1611611484.435575
/ndn/h2-site/h2/C2Data-242-Type2;576.0000;NACK;1611611485.056171
/ndn/h8-site/h8/C2Data-968-Type1;25187.0000;DATA;1611611485.821129
/ndn/v2-site/v2/C2Data-5687-Type2;50269.0000;DATA;1611611485.996266
/ndn/v3-site/v3/C2Data-5808-Type2;96817.0000;DATA;1611611486.879146
/ndn/h10-site/h10/C2Data-1210-Type2;72321.0000;DATA;1611611488.455104
/ndn/v6-site/v6/C2Data-6171-Type2;642.0000;NACK;1611611490.008182
/ndn/s2-site/s2/C2Data-3872-Type1;116313.0000;DATA;1611611490.691331
/ndn/h14-site/h14/C2Data-1694-Type2;462.0000;NACK;1611611492.425109
/ndn/h10-site/h10/C2Data-1210-Type1;82002.0000;DATA;1611611492.499175
/ndn/s6-site/s6/C2Data-2196-Type3;76557.0000;DATA;1611611505.450246
/ndn/s0-site/s0/C2Data-1830-Type3;50812.0000;DATA;1611611506.686106
/ndn/d0-site/d0/C2Data-915-Type3;79720.0000;DATA;1611611507.792104
/ndn/d2-site/d2/C2Data-1037-Type3;98997.0000;DATA;1611611509.474137
/ndn/v12-site/v12/C2Data-3477-Type3;721.0000;NACK;1611611511.021114
/ndn/h8-site/h8/C2Data-969-Type1;24510.0000;DATA;1611611512.735166
/ndn/v14-site/v14/C2Data-7140-Type1;75669.0000;DATA;1611611513.768112
/ndn/v9-site/v9/C2Data-3294-Type3;124383.0000;DATA;1611611513.837772
/ndn/s7-site/s7/C2Data-4478-Type2;190550.0000;DATA;1611611513.820173
/ndn/h4-site/h4/C2Data-485-Type1;93165.0000;DATA;1611611514.417111
/ndn/v1-site/v1/C2Data-5567-Type1;142969.0000;DATA;1611611514.848089
/ndn/s14-site/s14/C2Data-5325-Type1;476.0000;NACK;1611611515.173200
/ndn/s12-site/s12/C2Data-5083-Type2;143547.0000;DATA;1611611516.573143
/ndn/h7-site/h7/C2Data-427-Type3;146782.0000;DATA;1611611516.941128
/ndn/s11-site/s11/C2Data-2501-Type3;144359.0000;DATA;1611611516.969138
/ndn/d8-site/d8/C2Data-2784-Type1;96076.0000;DATA;1611611517.149117
/ndn/d13-site/d13/C2Data-3389-Type1;149177.0000;DATA;1611611518.119919
/ndn/v8-site/v8/C2Data-3233-Type3;122950.0000;DATA;1611611519.911131
/ndn/h4-site/h4/C2Data-244-Type3;99438.0000;DATA;1611611520.046181
/ndn/h12-site/h12/C2Data-1453-Type1;218423.0000;DATA;1611611519.949109
/ndn/v7-site/v7/C2Data-6293-Type1;120378.0000;DATA;1611611520.688194
/ndn/s14-site/s14/C2Data-5325-Type2;169625.0000;DATA;1611611521.017175
/ndn/h7-site/h7/C2Data-848-Type1;137876.0000;DATA;1611611521.318157
/ndn/h3-site/h3/C2Data-364-Type2;114482.0000;DATA;1611611521.364099
/ndn/d5-site/d5/C2Data-1220-Type3;69196.0000;DATA;1611611522.142108
/ndn/s14-site/s14/C2Data-2684-Type3;168327.0000;DATA;1611611522.158092
/ndn/v1-site/v1/C2Data-5567-Type2;139430.0000;DATA;1611611523.009165
/ndn/v6-site/v6/C2Data-3111-Type3;137954.0000;DATA;1611611525.454173
/ndn/v14-site/v14/C2Data-3599-Type3;105429.0000;DATA;1611611525.789164
/ndn/v5-site/v5/C2Data-3050-Type3;194321.0000;DATA;1611611525.713179
/ndn/h1-site/h1/C2Data-61-Type3;124676.0000;DATA;1611611526.312131
/ndn/v11-site/v11/C2Data-3416-Type3;143123.0000;DATA;1611611527.231170
/ndn/s3-site/s3/C2Data-2013-Type3;143054.0000;DATA;1611611528.247149
/ndn/s1-site/s1/C2Data-3753-Type1;165090.0000;DATA;1611611541.322117
/ndn/h6-site/h6/C2Data-728-Type1;80489.0000;DATA;1611611542.671109
/ndn/d1-site/d1/C2Data-1938-Type1;194418.0000;DATA;1611611544.355129
/ndn/v8-site/v8/C2Data-6415-Type1;120455.0000;DATA;1611611545.271132
/ndn/d6-site/d6/C2Data-2543-Type2;74038.0000;DATA;1611611545.711135
/ndn/v7-site/v7/C2Data-6294-Type2;119237.0000;DATA;1611611546.024170
/ndn/h12-site/h12/C2Data-1454-Type1;215770.0000;DATA;1611611548.603123
/ndn/s2-site/s2/C2Data-3874-Type1;117559.0000;DATA;1611611548.933108
/ndn/h9-site/h9/C2Data-1091-Type1;25076.0000;DATA;1611611549.955105
/ndn/s2-site/s2/C2Data-3874-Type2;119522.0000;DATA;1611611551.005135
/ndn/h14-site/h14/C2Data-1696-Type1;161274.0000;DATA;1611611550.992187
/ndn/s5-site/s5/C2Data-4237-Type1;28719.0000;DATA;1611611551.357648
/ndn/d4-site/d4/C2Data-2301-Type2;170458.0000;DATA;1611611552.007174
/ndn/d11-site/d11/C2Data-1587-Type3;100998.0000;DATA;1611611565.464185
/ndn/v7-site/v7/C2Data-3173-Type3;114308.0000;DATA;1611611565.520164
/ndn/d2-site/d2/C2Data-1038-Type3;94936.0000;DATA;1611611567.340184
/ndn/d10-site/d10/C2Data-1526-Type3;101734.0000;DATA;1611611570.765151
/ndn/d0-site/d0/C2Data-916-Type3;87044.0000;DATA;1611611571.065135
/ndn/v14-site/v14/C2Data-3600-Type3;70794.0000;DATA;1611611571.533105
/ndn/d1-site/d1/C2Data-1939-Type2;187958.0000;DATA;1611611571.770140
/ndn/h9-site/h9/C2Data-1092-Type1;24228.0000;DATA;1611611572.126192
/ndn/s0-site/s0/C2Data-1831-Type3;6002398.0000;TIMEOUT;1611611566.194136
/ndn/v2-site/v2/C2Data-5690-Type2;47409.0000;DATA;1611611572.272131
/ndn/d7-site/d7/C2Data-1343-Type3;24172.0000;DATA;1611611573.005141
/ndn/d3-site/d3/C2Data-2181-Type2;72160.0000;DATA;1611611576.597204
/ndn/h3-site/h3/C2Data-366-Type1;124957.0000;DATA;1611611576.635124
/ndn/d5-site/d5/C2Data-2423-Type2;71221.0000;DATA;1611611577.682178
/ndn/s2-site/s2/C2Data-1953-Type3;6000229.0000;TIMEOUT;1611611572.119168
/ndn/s2-site/s2/C2Data-3875-Type2;6000623.0000;TIMEOUT;1611611572.362160
/ndn/v6-site/v6/C2Data-6174-Type1;139122.0000;DATA;1611611578.292110
/ndn/d11-site/d11/C2Data-3149-Type2;99178.0000;DATA;1611611578.540337
/ndn/s5-site/s5/C2Data-2136-Type3;46947.0000;DATA;1611611580.371105
/ndn/d7-site/d7/C2Data-2665-Type1;23579.0000;DATA;1611611581.270110
/ndn/v4-site/v4/C2Data-5932-Type1;166811.0000;DATA;1611611581.211099
/ndn/h14-site/h14/C2Data-1697-Type1;173655.0000;DATA;1611611581.996143
/ndn/h8-site/h8/C2Data-971-Type2;23887.0000;DATA;1611611582.902189
/ndn/v8-site/v8/C2Data-3234-Type3;121503.0000;DATA;1611611584.092158
/ndn/h8-site/h8/C2Data-489-Type3;24010.0000;DATA;1611611584.834176
/ndn/s3-site/s3/C2Data-3996-Type1;6000359.0000;TIMEOUT;1611611580.508140
/ndn/h6-site/h6/C2Data-367-Type3;96041.0000;DATA;1611611586.630167
/ndn/d12-site/d12/C2Data-675-Type4;98599.0000;DATA;1611611599.862147
/ndn/v5-site/v5/C2Data-875-Type4;170800.0000;DATA;1611611601.310595
/ndn/h2-site/h2/C2Data-50-Type4;210958.0000;DATA;1611611605.709112
/ndn/h2-site/h2/C2Data-246-Type2;213455.0000;DATA;1611611606.055146
/ndn/d8-site/d8/C2Data-2787-Type2;99277.0000;DATA;1611611606.788097
/ndn/h13-site/h13/C2Data-1577-Type1;129969.0000;DATA;1611611606.911095
/ndn/v14-site/v14/C2Data-1100-Type4;69179.0000;DATA;1611611608.755123
/ndn/d14-site/d14/C2Data-3513-Type1;181911.0000;DATA;1611611609.286107
/ndn/h10-site/h10/C2Data-1214-Type1;72026.0000;DATA;1611611612.383101
/ndn/s10-site/s10/C2Data-4844-Type1;6000865.0000;TIMEOUT;1611611610.415178
/ndn/v2-site/v2/C2Data-800-Type4;53480.0000;DATA;1611611618.817181
/ndn/v6-site/v6/C2Data-900-Type4;186612.0000;DATA;1611611621.978147
/ndn/h10-site/h10/C2Data-250-Type4;79263.0000;DATA;1611611623.786118
/ndn/v6-site/v6/C2Data-3113-Type3;144841.0000;DATA;1611611625.744186
/ndn/v5-site/v5/C2Data-3052-Type3;184386.0000;DATA;1611611628.733102
/ndn/h9-site/h9/C2Data-551-Type3;23593.0000;DATA;1611611629.856103
/ndn/d1-site/d1/C2Data-1941-Type1;191441.0000;DATA;1611611631.252110
/ndn/h7-site/h7/C2Data-175-Type4;146092.0000;DATA;1611611631.429138
/ndn/d6-site/d6/C2Data-525-Type4;72485.0000;DATA;1611611631.907100
/ndn/d13-site/d13/C2Data-1710-Type3;139920.0000;DATA;1611611632.725118
/ndn/v1-site/v1/C2Data-2808-Type3;168108.0000;DATA;1611611632.927101
/ndn/h2-site/h2/C2Data-247-Type2;208877.0000;DATA;1611611633.195158
/ndn/v10-site/v10/C2Data-6660-Type2;49805.0000;DATA;1611611634.320161
/ndn/v13-site/v13/C2Data-7023-Type2;120699.0000;DATA;1611611634.315218
/ndn/v0-site/v0/C2Data-2747-Type3;74504.0000;DATA;1611611635.268110
/ndn/s1-site/s1/C2Data-3756-Type1;6000291.0000;TIMEOUT;1611611631.585193
/ndn/v13-site/v13/C2Data-7023-Type1;120452.0000;DATA;1611611637.640583
/ndn/v2-site/v2/C2Data-5692-Type2;50465.0000;DATA;1611611638.395136
/ndn/h6-site/h6/C2Data-731-Type1;93111.0000;DATA;1611611638.675151
/ndn/h1-site/h1/C2Data-126-Type2;119303.0000;DATA;1611611640.370109
/ndn/s13-site/s13/C2Data-2625-Type3;6000658.0000;TIMEOUT;1611611635.213127
/ndn/h13-site/h13/C2Data-795-Type3;96984.0000;DATA;1611611641.328192
/ndn/v2-site/v2/C2Data-5692-Type1;47465.0000;DATA;1611611642.111187
/ndn/h9-site/h9/C2Data-1094-Type2;23712.0000;DATA;1611611642.145164
/ndn/d0-site/d0/C2Data-917-Type3;69099.0000;DATA;1611611642.114100
/ndn/s2-site/s2/C2Data-3877-Type2;6000199.0000;TIMEOUT;1611611636.422177
/ndn/d8-site/d8/C2Data-1405-Type3;96566.0000;DATA;1611611642.546108
/ndn/s0-site/s0/C2Data-3635-Type1;6000327.0000;TIMEOUT;1611611636.810362
/ndn/d4-site/d4/C2Data-1161-Type3;163188.0000;DATA;1611611644.792119
/ndn/s0-site/s0/C2Data-1832-Type3;6003255.0000;TIMEOUT;1611611639.646194
/ndn/d2-site/d2/C2Data-1039-Type3;95120.0000;DATA;1611611646.487189
/ndn/s3-site/s3/C2Data-3998-Type2;6000257.0000;TIMEOUT;1611611641.435116
/ndn/h0-site/h0/C2Data-2-Type3;119842.0000;DATA;1611611647.432110
/ndn/h12-site/h12/C2Data-1458-Type2;219064.0000;DATA;1611611661.203586
/ndn/v14-site/v14/C2Data-7145-Type2;102129.0000;DATA;1611611661.436100
/ndn/v5-site/v5/C2Data-6056-Type2;182981.0000;DATA;1611611662.218167
/ndn/v3-site/v3/C2Data-5814-Type2;94160.0000;DATA;1611611663.926101
/ndn/d4-site/d4/C2Data-2305-Type2;170823.0000;DATA;1611611664.278153
/ndn/d6-site/d6/C2Data-2547-Type1;71071.0000;DATA;1611611665.246153
/ndn/v0-site/v0/C2Data-5451-Type2;74203.0000;DATA;1611611667.179942
/ndn/d13-site/d13/C2Data-3394-Type2;144588.0000;DATA;1611611668.712100
/ndn/d2-site/d2/C2Data-2063-Type2;97082.0000;DATA;1611611669.828149
/ndn/v7-site/v7/C2Data-6298-Type1;121895.0000;DATA;1611611670.323087
/ndn/h8-site/h8/C2Data-974-Type1;24057.0000;DATA;1611611671.494148
/ndn/s8-site/s8/C2Data-4604-Type2;6002054.0000;TIMEOUT;1611611665.522162
/ndn/v13-site/v13/C2Data-7024-Type1;122514.0000;DATA;1611611672.458173
/ndn/d7-site/d7/C2Data-2668-Type2;24096.0000;DATA;1611611672.560180
/ndn/d1-site/d1/C2Data-1942-Type1;198325.0000;DATA;1611611673.055160
/ndn/s8-site/s8/C2Data-4604-Type1;6000375.0000;TIMEOUT;1611611668.954093
/ndn/v13-site/v13/C2Data-3541-Type3;122716.0000;DATA;1611611685.945166
/ndn/d2-site/d2/C2Data-1040-Type3;96706.0000;DATA;1611611686.397160
/ndn/d0-site/d0/C2Data-918-Type3;72993.0000;DATA;1611611687.996112
/ndn/h4-site/h4/C2Data-247-Type3;99807.0000;DATA;1611611688.884122
/ndn/h14-site/h14/C2Data-1701-Type2;162491.0000;DATA;1611611693.890781
