/ndn/h4-site/h4/C2Data-484-Type2;80206.0000;DATA;1612718694.411237
/ndn/d2-site/d2/C2Data-1452-Type1;863.0000;DATA;1612718697.470001
/ndn/h3-site/h3/C2Data-363-Type1;112187.0000;DATA;1612718698.302088
/ndn/s6-site/s6/C2Data-3146-Type2;26243.0000;DATA;1612718699.905356
/ndn/s7-site/s7/C2Data-3267-Type2;26944.0000;DATA;1612718700.717433
/ndn/s2-site/s2/C2Data-2662-Type2;98877.0000;DATA;1612718700.935397
/ndn/s5-site/s5/C2Data-3025-Type1;147787.0000;DATA;1612718701.997204
/ndn/v0-site/v0/C2Data-3630-Type2;54049.0000;DATA;1612718702.569390
/ndn/d7-site/d7/C2Data-2057-Type2;571507.0000;DATA;1612718703.950758
/ndn/d7-site/d7/C2Data-1037-Type3;168518.0000;DATA;1612718719.232685
/ndn/v9-site/v9/C2Data-2379-Type3;57990.0000;DATA;1612718720.436455
/ndn/s5-site/s5/C2Data-1525-Type3;152645.0000;DATA;1612718720.532876
/ndn/s7-site/s7/C2Data-1647-Type3;27835.0000;DATA;1612718721.541126
/ndn/h1-site/h1/C2Data-122-Type1;88453.0000;DATA;1612718725.379144
/ndn/d1-site/d1/C2Data-671-Type3;82110.0000;DATA;1612718726.838675
/ndn/h9-site/h9/C2Data-1090-Type2;172632.0000;DATA;1612718727.440662
/ndn/v6-site/v6/C2Data-4357-Type1;102733.0000;DATA;1612718727.938634
/ndn/h1-site/h1/C2Data-122-Type2;74075.0000;DATA;1612718729.613917
/ndn/s0-site/s0/C2Data-2421-Type1;177191.0000;DATA;1612718730.021267
/ndn/v1-site/v1/C2Data-1891-Type3;73156.0000;DATA;1612718730.185852
/ndn/s8-site/s8/C2Data-1708-Type3;24499.0000;DATA;1612718730.360032
/ndn/h8-site/h8/C2Data-969-Type1;121172.0000;DATA;1612718730.717845
/ndn/s8-site/s8/C2Data-3389-Type2;73720.0000;DATA;1612718732.982563
/ndn/d7-site/d7/C2Data-2058-Type2;87879.0000;DATA;1612718734.044495
/ndn/d8-site/d8/C2Data-1098-Type3;74776.0000;DATA;1612718736.338939
/ndn/v8-site/v8/C2Data-2318-Type3;52166.0000;DATA;1612718738.885280
/ndn/s3-site/s3/C2Data-1403-Type3;39939.0000;DATA;1612718739.222583
/ndn/h4-site/h4/C2Data-486-Type2;94874.0000;DATA;1612718752.930097
/ndn/v9-site/v9/C2Data-4721-Type2;56346.0000;DATA;1612718753.890490
/ndn/h4-site/h4/C2Data-486-Type1;49098.0000;DATA;1612718756.982613
/ndn/d2-site/d2/C2Data-1454-Type1;35423.0000;DATA;1612718760.210364
/ndn/v8-site/v8/C2Data-4600-Type1;119570.0000;DATA;1612718760.308614
/ndn/d3-site/d3/C2Data-1575-Type2;207065.0000;DATA;1612718760.504854
/ndn/d0-site/d0/C2Data-1212-Type1;75964.0000;DATA;1612718760.767834
/ndn/d8-site/d8/C2Data-2180-Type2;73153.0000;DATA;1612718761.424149
/ndn/d3-site/d3/C2Data-1575-Type1;215008.0000;DATA;1612718762.375413
/ndn/s7-site/s7/C2Data-3269-Type1;27775.0000;DATA;1612718762.869841
/ndn/s2-site/s2/C2Data-1343-Type3;123306.0000;DATA;1612718776.934262
/ndn/h4-site/h4/C2Data-245-Type3;72981.0000;DATA;1612718777.912272
/ndn/d2-site/d2/C2Data-733-Type3;4263.0000;DATA;1612718784.108362
/ndn/s3-site/s3/C2Data-2786-Type2;174494.0000;DATA;1612718784.610852
/ndn/h7-site/h7/C2Data-850-Type2;74268.0000;DATA;1612718784.719148
/ndn/d7-site/d7/C2Data-2060-Type2;133960.0000;DATA;1612718787.145819
/ndn/s2-site/s2/C2Data-2665-Type1;143946.0000;DATA;1612718788.490782
/ndn/s1-site/s1/C2Data-2544-Type1;197428.0000;DATA;1612718789.573014
/ndn/v0-site/v0/C2Data-3633-Type2;50183.0000;DATA;1612718790.033768
/ndn/d2-site/d2/C2Data-1455-Type2;1029.0000;DATA;1612718791.525338
/ndn/d8-site/d8/C2Data-2181-Type1;72489.0000;DATA;1612718792.191187
/ndn/s9-site/s9/C2Data-3512-Type2;209041.0000;DATA;1612718792.615343
/ndn/v5-site/v5/C2Data-625-Type4;192472.0000;DATA;1612718793.939058
/ndn/v8-site/v8/C2Data-4601-Type1;122723.0000;DATA;1612718794.430665
/ndn/h0-site/h0/C2Data-0-Type4;1039.0000;DATA;1612718807.098772
/ndn/h1-site/h1/C2Data-25-Type4;78248.0000;DATA;1612718813.771691
/ndn/d3-site/d3/C2Data-1577-Type2;211692.0000;DATA;1612718814.523648
/ndn/d1-site/d1/C2Data-1335-Type2;153968.0000;DATA;1612718814.673242
/ndn/h3-site/h3/C2Data-367-Type1;118882.0000;DATA;1612718815.887920
/ndn/s9-site/s9/C2Data-3513-Type2;76149.0000;DATA;1612718816.286537
/ndn/v1-site/v1/C2Data-3755-Type2;104461.0000;DATA;1612718817.273963
/ndn/h2-site/h2/C2Data-246-Type1;135900.0000;DATA;1612718817.206813
/ndn/d2-site/d2/C2Data-1456-Type1;803.0000;DATA;1612718819.526041
/ndn/v4-site/v4/C2Data-4118-Type2;219009.0000;DATA;1612718822.056834
/ndn/v2-site/v2/C2Data-550-Type4;5046.0000;DATA;1612718823.815526
/ndn/h9-site/h9/C2Data-1093-Type2;29163.0000;DATA;1612718824.457359
/ndn/v3-site/v3/C2Data-2015-Type3;1229.0000;DATA;1612718837.788259
/ndn/h6-site/h6/C2Data-150-Type4;31618.0000;DATA;1612718839.831483
/ndn/v6-site/v6/C2Data-2198-Type3;159888.0000;DATA;1612718841.470765
/ndn/h2-site/h2/C2Data-124-Type3;176452.0000;DATA;1612718841.504229
/ndn/v9-site/v9/C2Data-2381-Type3;1162.0000;DATA;1612718842.460753
/ndn/h4-site/h4/C2Data-489-Type1;83366.0000;DATA;1612718843.138750
/ndn/h3-site/h3/C2Data-75-Type4;104673.0000;DATA;1612718845.654810
/ndn/s4-site/s4/C2Data-1466-Type3;108485.0000;DATA;1612718845.897978
/ndn/v2-site/v2/C2Data-1954-Type3;785.0000;DATA;1612718846.125923
/ndn/d0-site/d0/C2Data-1215-Type2;163055.0000;DATA;1612718847.010782
/ndn/h9-site/h9/C2Data-1094-Type1;2404.0000;DATA;1612718848.297876
/ndn/h5-site/h5/C2Data-610-Type1;88371.0000;DATA;1612718848.295137
/ndn/s3-site/s3/C2Data-1405-Type3;25687.0000;DATA;1612718848.585627
/ndn/s8-site/s8/C2Data-3393-Type2;106282.0000;DATA;1612718848.803795
/ndn/h5-site/h5/C2Data-610-Type2;29389.0000;DATA;1612718849.156592
/ndn/h1-site/h1/C2Data-126-Type2;34159.0000;DATA;1612718849.223922
/ndn/d7-site/d7/C2Data-1039-Type3;86296.0000;DATA;1612718850.312845
/ndn/d8-site/d8/C2Data-2183-Type1;89584.0000;DATA;1612718850.751742
/ndn/s0-site/s0/C2Data-1222-Type3;195725.0000;DATA;1612718851.499422
/ndn/s7-site/s7/C2Data-3272-Type2;24571.0000;DATA;1612718851.848348
/ndn/h2-site/h2/C2Data-247-Type2;179383.0000;DATA;1612718851.860332
/ndn/s3-site/s3/C2Data-2788-Type2;26551.0000;DATA;1612718852.165800
/ndn/h3-site/h3/C2Data-368-Type1;149621.0000;DATA;1612718852.313024
/ndn/v5-site/v5/C2Data-2137-Type3;54650.0000;DATA;1612718853.787659
/ndn/d9-site/d9/C2Data-2304-Type2;2014.0000;DATA;1612718854.188221
/ndn/d0-site/d0/C2Data-612-Type3;27581.0000;DATA;1612718858.186882
/ndn/v6-site/v6/C2Data-4362-Type2;176006.0000;DATA;1612718874.818599
/ndn/s0-site/s0/C2Data-2426-Type1;188306.0000;DATA;1612718876.459453
/ndn/d3-site/d3/C2Data-1579-Type1;200748.0000;DATA;1612718877.876988
/ndn/d2-site/d2/C2Data-1458-Type1;26141.0000;DATA;1612718879.065261
/ndn/d9-site/d9/C2Data-2305-Type2;74218.0000;DATA;1612718879.533310
/ndn/h7-site/h7/C2Data-853-Type1;80469.0000;DATA;1612718879.802869
/ndn/s3-site/s3/C2Data-2789-Type1;171333.0000;DATA;1612718882.937078
/ndn/v0-site/v0/C2Data-3636-Type1;56355.0000;DATA;1612718883.404767
/ndn/v5-site/v5/C2Data-4241-Type2;148686.0000;DATA;1612718883.965172
/ndn/s1-site/s1/C2Data-2547-Type2;108535.0000;DATA;1612718884.150469
/ndn/h9-site/h9/C2Data-1095-Type1;112242.0000;DATA;1612718884.368324
/ndn/s1-site/s1/C2Data-1284-Type3;265753.0000;DATA;1612718897.159523
/ndn/d0-site/d0/C2Data-613-Type3;155331.0000;DATA;1612718902.187342
/ndn/s2-site/s2/C2Data-2669-Type2;127044.0000;DATA;1612718902.645035
/ndn/s0-site/s0/C2Data-1223-Type3;105049.0000;DATA;1612718902.967737
/ndn/d6-site/d6/C2Data-979-Type3;75327.0000;DATA;1612718903.091520
/ndn/h0-site/h0/C2Data-7-Type2;999.0000;DATA;1612718903.273965
/ndn/d2-site/d2/C2Data-735-Type3;984.0000;DATA;1612718903.638279
/ndn/v2-site/v2/C2Data-3879-Type1;147607.0000;DATA;1612718904.843448
/ndn/s5-site/s5/C2Data-1528-Type3;96991.0000;DATA;1612718908.372139
/ndn/v2-site/v2/C2Data-3879-Type2;49330.0000;DATA;1612718908.838525
/ndn/s4-site/s4/C2Data-2911-Type2;126416.0000;DATA;1612718909.576885
/ndn/h6-site/h6/C2Data-369-Type3;50191.0000;DATA;1612718910.348929
/ndn/d9-site/d9/C2Data-1162-Type3;869.0000;DATA;1612718911.883892
/ndn/d5-site/d5/C2Data-918-Type3;78244.0000;DATA;1612718911.954237
/ndn/h8-site/h8/C2Data-975-Type1;26618.0000;DATA;1612718912.120340
/ndn/v9-site/v9/C2Data-4726-Type2;53226.0000;DATA;1612718912.639862
/ndn/h2-site/h2/C2Data-249-Type2;118642.0000;DATA;1612718912.933033
/ndn/v9-site/v9/C2Data-2382-Type3;856.0000;DATA;1612718918.418265
/ndn/v3-site/v3/C2Data-2016-Type3;3763.0000;DATA;1612718918.905323
/ndn/h9-site/h9/C2Data-117-Type5;102635.0000;DATA;1612718919.485587
/ndn/d8-site/d8/C2Data-2186-Type1;84886.0000;DATA;1612718935.759874
/ndn/s0-site/s0/C2Data-2428-Type2;55147.0000;DATA;1612718935.930517
/ndn/h5-site/h5/C2Data-613-Type1;109946.0000;DATA;1612718938.517151
/ndn/d6-site/d6/C2Data-1944-Type1;144915.0000;DATA;1612718939.490001
/ndn/v9-site/v9/C2Data-4727-Type1;2161.0000;DATA;1612718943.247103
/ndn/v6-site/v6/C2Data-4364-Type2;159038.0000;DATA;1612718944.554448
/ndn/h3-site/h3/C2Data-76-Type4;154952.0000;DATA;1612718949.020808
/ndn/d0-site/d0/C2Data-130-Type5;26917.0000;DATA;1612718955.953727
/ndn/d8-site/d8/C2Data-451-Type4;74296.0000;DATA;1612718957.313489
/ndn/v3-site/v3/C2Data-576-Type4;2731.0000;DATA;1612718962.066516
/ndn/v9-site/v9/C2Data-726-Type4;1330.0000;DATA;1612718963.682830
/ndn/h5-site/h5/C2Data-126-Type4;72123.0000;DATA;1612718963.948485
/ndn/s8-site/s8/C2Data-1712-Type3;101660.0000;DATA;1612718964.138576
/ndn/d9-site/d9/C2Data-476-Type4;1641.0000;DATA;1612718965.322068
/ndn/h0-site/h0/C2Data-0-Type5;1236.0000;DATA;1612718966.112867
/ndn/h9-site/h9/C2Data-553-Type3;2072.0000;DATA;1612718966.898468
/ndn/h7-site/h7/C2Data-91-Type5;27515.0000;DATA;1612718967.299178
/ndn/d0-site/d0/C2Data-614-Type3;42006.0000;DATA;1612718967.413615
/ndn/s7-site/s7/C2Data-1651-Type3;27340.0000;DATA;1612718969.034863
/ndn/s3-site/s3/C2Data-1407-Type3;56688.0000;DATA;1612718969.151827
/ndn/d7-site/d7/C2Data-2066-Type1;123695.0000;DATA;1612718969.576798
/ndn/d2-site/d2/C2Data-301-Type4;1482.0000;DATA;1612718973.336400
/ndn/v0-site/v0/C2Data-1834-Type3;27637.0000;DATA;1612718973.732150
/ndn/v6-site/v6/C2Data-2200-Type3;102977.0000;DATA;1612718973.979445
/ndn/d1-site/d1/C2Data-675-Type3;28588.0000;DATA;1612718977.987839
/ndn/d1-site/d1/C2Data-276-Type4;28200.0000;DATA;1612718979.890460
/ndn/d8-site/d8/C2Data-1102-Type3;5210.0000;DATA;1612718980.623174
/ndn/d3-site/d3/C2Data-169-Type5;138993.0000;DATA;1612718980.960128
/ndn/d0-site/d0/C2Data-251-Type4;30026.0000;DATA;1612718984.835207
/ndn/d3-site/d3/C2Data-326-Type4;34426.0000;DATA;1612718988.632249
/ndn/h6-site/h6/C2Data-78-Type5;78222.0000;DATA;1612718992.712979
/ndn/s0-site/s0/C2Data-2430-Type1;175285.0000;DATA;1612718994.998530
/ndn/d4-site/d4/C2Data-1704-Type1;25466.0000;DATA;1612718996.886694
/ndn/v5-site/v5/C2Data-4245-Type1;168635.0000;DATA;1612718997.167281
/ndn/v9-site/v9/C2Data-4729-Type1;2804.0000;DATA;1612718997.595794
/ndn/d5-site/d5/C2Data-1825-Type2;82141.0000;DATA;1612718999.750866
/ndn/h0-site/h0/C2Data-10-Type2;55791.0000;DATA;1612719001.312717
/ndn/h2-site/h2/C2Data-252-Type2;100086.0000;DATA;1612719002.007548
/ndn/s0-site/s0/C2Data-2430-Type2;24599.0000;DATA;1612719002.422292
/ndn/d8-site/d8/C2Data-2188-Type2;74511.0000;DATA;1612719002.372085
/ndn/d8-site/d8/C2Data-234-Type5;1332.0000;DATA;1612719018.900564
/ndn/h6-site/h6/C2Data-737-Type1;126193.0000;DATA;1612719023.164844
/ndn/d0-site/d0/C2Data-1221-Type1;161730.0000;DATA;1612719024.170193
/ndn/d9-site/d9/C2Data-2310-Type2;72827.0000;DATA;1612719024.755955
/ndn/v8-site/v8/C2Data-4609-Type2;99977.0000;DATA;1612719024.910549
/ndn/h7-site/h7/C2Data-858-Type2;106497.0000;DATA;1612719025.026454
/ndn/d6-site/d6/C2Data-1947-Type2;161370.0000;DATA;1612719025.166730
/ndn/h8-site/h8/C2Data-979-Type2;133765.0000;DATA;1612719026.257214
/ndn/h5-site/h5/C2Data-616-Type2;253042.0000;DATA;1612719026.336914
/ndn/h2-site/h2/C2Data-127-Type3;620165.0000;DATA;1612719029.840935
/ndn/v3-site/v3/C2Data-4004-Type1;902.0000;DATA;1612719031.307817
/ndn/s4-site/s4/C2Data-2915-Type2;129052.0000;DATA;1612719032.699579
/ndn/v4-site/v4/C2Data-2079-Type3;29370.0000;DATA;1612719033.516546
/ndn/h7-site/h7/C2Data-432-Type3;27585.0000;DATA;1612719034.468742
/ndn/d3-site/d3/C2Data-798-Type3;26412.0000;DATA;1612719034.676531
/ndn/h3-site/h3/C2Data-188-Type3;24405.0000;DATA;1612719036.656674
/ndn/d0-site/d0/C2Data-615-Type3;27204.0000;DATA;1612719038.045113
/ndn/v1-site/v1/C2Data-1896-Type3;79412.0000;DATA;1612719040.465886
/ndn/h7-site/h7/C2Data-859-Type1;74744.0000;DATA;1612719054.607140
/ndn/v8-site/v8/C2Data-4610-Type2;119083.0000;DATA;1612719054.902239
/ndn/v6-site/v6/C2Data-4368-Type1;147671.0000;DATA;1612719055.109004
/ndn/s0-site/s0/C2Data-2432-Type1;218120.0000;DATA;1612719056.461981
/ndn/d4-site/d4/C2Data-1706-Type1;27140.0000;DATA;1612719057.434217
/ndn/v5-site/v5/C2Data-4247-Type2;241781.0000;DATA;1612719057.284367
/ndn/s8-site/s8/C2Data-3400-Type2;182720.0000;DATA;1612719059.218402
/ndn/h2-site/h2/C2Data-254-Type2;191331.0000;DATA;1612719059.622778
/ndn/s6-site/s6/C2Data-3158-Type2;54905.0000;DATA;1612719061.679276
/ndn/d4-site/d4/C2Data-1706-Type2;26556.0000;DATA;1612719062.913501
/ndn/d1-site/d1/C2Data-1343-Type2;96986.0000;DATA;1612719063.489766
/ndn/h1-site/h1/C2Data-67-Type3;29068.0000;DATA;1612719082.596677
/ndn/h7-site/h7/C2Data-433-Type3;24624.0000;DATA;1612719084.015684
/ndn/d9-site/d9/C2Data-2312-Type1;77293.0000;DATA;1612719084.065785
/ndn/h4-site/h4/C2Data-250-Type3;26896.0000;DATA;1612719086.591796
/ndn/v2-site/v2/C2Data-1958-Type3;86798.0000;DATA;1612719086.562581
/ndn/s0-site/s0/C2Data-1226-Type3;64653.0000;DATA;1612719086.795318
/ndn/h6-site/h6/C2Data-372-Type3;27224.0000;DATA;1612719089.873993
/ndn/d6-site/d6/C2Data-1949-Type2;147182.0000;DATA;1612719089.877266
/ndn/d6-site/d6/C2Data-982-Type3;28641.0000;DATA;1612719090.054461
/ndn/h9-site/h9/C2Data-555-Type3;73409.0000;DATA;1612719090.045821
/ndn/d7-site/d7/C2Data-1043-Type3;79602.0000;DATA;1612719091.563372
/ndn/s8-site/s8/C2Data-1714-Type3;6001305.0000;TIMEOUT;1612719086.980283
/ndn/v4-site/v4/C2Data-602-Type4;256337.0000;DATA;1612719093.161440
/ndn/s1-site/s1/C2Data-2554-Type2;6001365.0000;TIMEOUT;1612719088.272677
/ndn/h2-site/h2/C2Data-128-Type3;24869.0000;DATA;1612719094.688984
/ndn/s6-site/s6/C2Data-1592-Type3;6002304.0000;TIMEOUT;1612719088.735865
/ndn/s2-site/s2/C2Data-2675-Type2;6001908.0000;TIMEOUT;1612719089.701106
/ndn/s1-site/s1/C2Data-2554-Type1;6012145.0000;TIMEOUT;1612719090.535988
/ndn/s4-site/s4/C2Data-2917-Type2;6000531.0000;TIMEOUT;1612719091.163609
/ndn/s4-site/s4/C2Data-2917-Type1;6002014.0000;TIMEOUT;1612719092.934927
/ndn/s4-site/s4/C2Data-1470-Type3;6000767.0000;TIMEOUT;1612719093.697489
/ndn/h4-site/h4/C2Data-102-Type4;73756.0000;DATA;1612719113.017499
/ndn/v8-site/v8/C2Data-4612-Type1;74891.0000;DATA;1612719114.230836
/ndn/v8-site/v8/C2Data-702-Type4;28359.0000;DATA;1612719114.430001
/ndn/d8-site/d8/C2Data-2192-Type2;85276.0000;DATA;1612719114.663512
/ndn/h5-site/h5/C2Data-619-Type1;90869.0000;DATA;1612719117.571474
/ndn/h2-site/h2/C2Data-256-Type2;128245.0000;DATA;1612719117.684983
/ndn/d9-site/d9/C2Data-477-Type4;1132.0000;DATA;1612719119.992605
/ndn/s5-site/s5/C2Data-3039-Type2;6022734.0000;TIMEOUT;1612719114.237940
/ndn/v5-site/v5/C2Data-4249-Type1;299046.0000;DATA;1612719120.998084
/ndn/s1-site/s1/C2Data-2555-Type1;6001413.0000;TIMEOUT;1612719117.542517
/ndn/v9-site/v9/C2Data-727-Type4;2363.0000;DATA;1612719126.511591
/ndn/d8-site/d8/C2Data-452-Type4;1210.0000;DATA;1612719134.040607
/ndn/v0-site/v0/C2Data-502-Type4;30593.0000;DATA;1612719138.219598
/ndn/h7-site/h7/C2Data-177-Type4;26139.0000;DATA;1612719138.803642
/ndn/h9-site/h9/C2Data-1104-Type2;116742.0000;DATA;1612719143.445812
/ndn/h7-site/h7/C2Data-862-Type2;39845.0000;DATA;1612719144.560821
/ndn/d5-site/d5/C2Data-1830-Type1;71350.0000;DATA;1612719145.045040
/ndn/h4-site/h4/C2Data-499-Type2;89057.0000;DATA;1612719148.550277
/ndn/d7-site/d7/C2Data-2072-Type2;72972.0000;DATA;1612719150.023288
/ndn/d0-site/d0/C2Data-617-Type3;75507.0000;DATA;1612719150.819639
/ndn/d9-site/d9/C2Data-2314-Type2;88746.0000;DATA;1612719151.244796
/ndn/s8-site/s8/C2Data-3403-Type2;6001519.0000;TIMEOUT;1612719145.891016
/ndn/v9-site/v9/C2Data-2386-Type3;1075.0000;DATA;1612719152.357565
/ndn/d8-site/d8/C2Data-1105-Type3;1006.0000;DATA;1612719157.997842
/ndn/s7-site/s7/C2Data-1654-Type3;6003243.0000;TIMEOUT;1612719152.967472
/ndn/h2-site/h2/C2Data-258-Type2;185001.0000;DATA;1612719176.443984
/ndn/d2-site/d2/C2Data-1468-Type1;26031.0000;DATA;1612719181.572897
/ndn/s3-site/s3/C2Data-2799-Type2;6000416.0000;TIMEOUT;1612719177.275981
/ndn/v4-site/v4/C2Data-2082-Type3;285372.0000;DATA;1612719199.504007
/ndn/v5-site/v5/C2Data-2143-Type3;209365.0000;DATA;1612719204.198497
/ndn/d8-site/d8/C2Data-2195-Type2;24596.0000;DATA;1612719204.775953
/ndn/h5-site/h5/C2Data-313-Type3;76481.0000;DATA;1612719205.015078
/ndn/h8-site/h8/C2Data-496-Type3;30949.0000;DATA;1612719205.430153
/ndn/d0-site/d0/C2Data-618-Type3;24189.0000;DATA;1612719210.839977
/ndn/s4-site/s4/C2Data-2921-Type2;6001412.0000;TIMEOUT;1612719205.186817
/ndn/h4-site/h4/C2Data-501-Type2;50164.0000;DATA;1612719211.198898
/ndn/h3-site/h3/C2Data-380-Type2;197619.0000;DATA;1612719214.250797
/ndn/s3-site/s3/C2Data-1411-Type3;6026306.0000;TIMEOUT;1612719210.487921
/ndn/s0-site/s0/C2Data-2437-Type1;6003534.0000;TIMEOUT;1612719211.924701
/ndn/s9-site/s9/C2Data-1777-Type3;6016370.0000;TIMEOUT;1612719220.416502
/ndn/h4-site/h4/C2Data-502-Type2;81905.0000;DATA;1612719234.583440
/ndn/d5-site/d5/C2Data-1833-Type2;55020.0000;DATA;1612719234.938563
/ndn/v4-site/v4/C2Data-4132-Type1;168590.0000;DATA;1612719235.288892
/ndn/d1-site/d1/C2Data-1349-Type2;104555.0000;DATA;1612719235.978165
/ndn/h1-site/h1/C2Data-139-Type1;77294.0000;DATA;1612719237.417379
/ndn/v4-site/v4/C2Data-313-Type5;217307.0000;DATA;1612719238.955324
/ndn/v2-site/v2/C2Data-553-Type4;155095.0000;DATA;1612719239.160762
/ndn/v5-site/v5/C2Data-4253-Type2;235548.0000;DATA;1612719239.205377
/ndn/s0-site/s0/C2Data-2438-Type2;6000406.0000;TIMEOUT;1612719233.744138
/ndn/h9-site/h9/C2Data-1107-Type1;101312.0000;DATA;1612719240.008431
/ndn/v6-site/v6/C2Data-653-Type4;144155.0000;DATA;1612719240.474526
/ndn/h9-site/h9/C2Data-228-Type4;111509.0000;DATA;1612719241.945252
/ndn/v8-site/v8/C2Data-703-Type4;95423.0000;DATA;1612719242.025600
/ndn/d5-site/d5/C2Data-1833-Type1;83227.0000;DATA;1612719243.915075
/ndn/h5-site/h5/C2Data-623-Type1;112219.0000;DATA;1612719244.156835
/ndn/s5-site/s5/C2Data-3043-Type1;6021931.0000;TIMEOUT;1612719240.916563
/ndn/h6-site/h6/C2Data-153-Type4;131801.0000;DATA;1612719249.004344
/ndn/s0-site/s0/C2Data-2438-Type1;6006038.0000;TIMEOUT;1612719244.511538
/ndn/h5-site/h5/C2Data-314-Type3;81612.0000;DATA;1612719256.709622
/ndn/h5-site/h5/C2Data-128-Type4;87740.0000;DATA;1612719258.910963
/ndn/d5-site/d5/C2Data-378-Type4;1017.0000;DATA;1612719262.846369
/ndn/s9-site/s9/C2Data-1778-Type3;6001016.0000;TIMEOUT;1612719258.108462
/ndn/d7-site/d7/C2Data-1046-Type3;49117.0000;DATA;1612719264.620386
/ndn/d0-site/d0/C2Data-70-Type6;27450.0000;DATA;1612719265.431540
/ndn/d4-site/d4/C2Data-1713-Type2;25713.0000;DATA;1612719266.073090
/ndn/h4-site/h4/C2Data-503-Type1;28967.0000;DATA;1612719266.469979
/ndn/d2-site/d2/C2Data-157-Type5;893.0000;DATA;1612719266.928859
/ndn/h2-site/h2/C2Data-131-Type3;176901.0000;DATA;1612719267.455692
/ndn/v8-site/v8/C2Data-2327-Type3;25301.0000;DATA;1612719267.690587
/ndn/d5-site/d5/C2Data-1834-Type1;1577.0000;DATA;1612719268.591483
