/ndn/v3-site/v3/C2Data-5808-Type2;111859.0000;DATA;1611611481.543103
/ndn/v1-site/v1/C2Data-5566-Type1;237736.0000;DATA;1611611482.623173
/ndn/s5-site/s5/C2Data-4235-Type2;174078.0000;DATA;1611611485.318299
/ndn/v14-site/v14/C2Data-7139-Type2;102711.0000;DATA;1611611486.168154
/ndn/v10-site/v10/C2Data-6655-Type1;387.0000;NACK;1611611486.975148
/ndn/v8-site/v8/C2Data-6413-Type1;189568.0000;DATA;1611611488.035196
/ndn/s13-site/s13/C2Data-5203-Type2;238675.0000;DATA;1611611488.152237
/ndn/d11-site/d11/C2Data-3146-Type2;198340.0000;DATA;1611611488.722110
/ndn/s1-site/s1/C2Data-3751-Type2;72842.0000;DATA;1611611489.092106
/ndn/s4-site/s4/C2Data-4114-Type2;53457.0000;DATA;1611611491.440267
/ndn/d8-site/d8/C2Data-2783-Type2;141656.0000;DATA;1611611492.032135
/ndn/h11-site/h11/C2Data-671-Type3;72866.0000;DATA;1611611509.465187
/ndn/h6-site/h6/C2Data-727-Type1;167991.0000;DATA;1611611511.546194
/ndn/d9-site/d9/C2Data-1464-Type3;170314.0000;DATA;1611611512.394110
/ndn/s5-site/s5/C2Data-4236-Type2;170104.0000;DATA;1611611512.874150
/ndn/d11-site/d11/C2Data-3147-Type2;192522.0000;DATA;1611611513.097126
/ndn/d3-site/d3/C2Data-2179-Type2;222713.0000;DATA;1611611513.293095
/ndn/h10-site/h10/C2Data-1211-Type1;233734.0000;DATA;1611611514.308236
/ndn/d3-site/d3/C2Data-2179-Type1;210952.0000;DATA;1611611514.794129
/ndn/d5-site/d5/C2Data-2421-Type2;144326.0000;DATA;1611611515.650182
/ndn/v4-site/v4/C2Data-5930-Type2;264433.0000;DATA;1611611515.569186
/ndn/v13-site/v13/C2Data-7019-Type2;46400.0000;DATA;1611611519.391138
/ndn/v9-site/v9/C2Data-6535-Type2;190541.0000;DATA;1611611519.397945
/ndn/v7-site/v7/C2Data-6293-Type1;212095.0000;DATA;1611611519.655587
/ndn/s10-site/s10/C2Data-2440-Type3;23783.0000;DATA;1611611521.130185
/ndn/v10-site/v10/C2Data-3355-Type3;189551.0000;DATA;1611611521.851187
/ndn/d7-site/d7/C2Data-1342-Type3;191936.0000;DATA;1611611521.857106
/ndn/d2-site/d2/C2Data-2058-Type2;120515.0000;DATA;1611611522.179130
/ndn/h0-site/h0/C2Data-1-Type1;184592.0000;DATA;1611611522.479148
/ndn/d5-site/d5/C2Data-2421-Type1;141182.0000;DATA;1611611522.997193
/ndn/v8-site/v8/C2Data-3233-Type3;231678.0000;DATA;1611611523.400219
/ndn/d1-site/d1/C2Data-976-Type3;25027.0000;DATA;1611611524.075217
/ndn/v2-site/v2/C2Data-2867-Type3;219282.0000;DATA;1611611523.881199
/ndn/s6-site/s6/C2Data-2196-Type3;234357.0000;DATA;1611611524.432159
/ndn/v13-site/v13/C2Data-3538-Type3;49300.0000;DATA;1611611525.986169
/ndn/h6-site/h6/C2Data-366-Type3;176906.0000;DATA;1611611526.814177
/ndn/s2-site/s2/C2Data-3874-Type2;48351.0000;DATA;1611611543.842123
/ndn/v2-site/v2/C2Data-5689-Type1;224032.0000;DATA;1611611545.377103
/ndn/v1-site/v1/C2Data-5568-Type2;238243.0000;DATA;1611611545.584141
/ndn/d8-site/d8/C2Data-2785-Type1;142323.0000;DATA;1611611547.254116
/ndn/s3-site/s3/C2Data-3995-Type2;210936.0000;DATA;1611611547.451180
/ndn/h12-site/h12/C2Data-1454-Type2;48226.0000;DATA;1611611547.825150
/ndn/v8-site/v8/C2Data-6415-Type1;189877.0000;DATA;1611611550.974132
/ndn/h11-site/h11/C2Data-1333-Type2;73211.0000;DATA;1611611553.136139
/ndn/s1-site/s1/C2Data-3753-Type2;6024944.0000;TIMEOUT;1611611551.457152
/ndn/h2-site/h2/C2Data-123-Type3;47626.0000;DATA;1611611570.870189
/ndn/d6-site/d6/C2Data-1282-Type3;215458.0000;DATA;1611611571.238114
/ndn/s9-site/s9/C2Data-4722-Type2;97582.0000;DATA;1611611572.973190
/ndn/h5-site/h5/C2Data-306-Type3;120864.0000;DATA;1611611573.055205
/ndn/d0-site/d0/C2Data-916-Type3;141439.0000;DATA;1611611573.872118
/ndn/h11-site/h11/C2Data-1334-Type1;72408.0000;DATA;1611611574.728147
/ndn/h4-site/h4/C2Data-245-Type3;168434.0000;DATA;1611611575.760199
/ndn/d2-site/d2/C2Data-1038-Type3;120103.0000;DATA;1611611577.057191
/ndn/h11-site/h11/C2Data-1334-Type2;71292.0000;DATA;1611611577.265166
/ndn/d11-site/d11/C2Data-3149-Type2;188600.0000;DATA;1611611577.205278
/ndn/s12-site/s12/C2Data-5085-Type1;206910.0000;DATA;1611611577.846103
/ndn/d10-site/d10/C2Data-1526-Type3;166971.0000;DATA;1611611578.782120
/ndn/h4-site/h4/C2Data-100-Type4;163227.0000;DATA;1611611579.140243
/ndn/v8-site/v8/C2Data-3234-Type3;196141.0000;DATA;1611611579.134242
/ndn/h11-site/h11/C2Data-672-Type3;71687.0000;DATA;1611611583.304430
/ndn/h10-site/h10/C2Data-250-Type4;237069.0000;DATA;1611611583.490187
/ndn/s1-site/s1/C2Data-3754-Type1;6000515.0000;TIMEOUT;1611611578.777133
/ndn/v13-site/v13/C2Data-3539-Type3;47860.0000;DATA;1611611585.094124
/ndn/v2-site/v2/C2Data-2868-Type3;214195.0000;DATA;1611611585.482136
/ndn/v5-site/v5/C2Data-875-Type4;262305.0000;DATA;1611611585.542114
/ndn/s5-site/s5/C2Data-4238-Type1;6000422.0000;TIMEOUT;1611611580.633106
/ndn/s0-site/s0/C2Data-1831-Type3;6001185.0000;TIMEOUT;1611611581.660123
/ndn/v13-site/v13/C2Data-1075-Type4;72533.0000;DATA;1611611587.927104
/ndn/v4-site/v4/C2Data-2990-Type3;279022.0000;DATA;1611611588.067011
/ndn/s1-site/s1/C2Data-1892-Type3;6000221.0000;TIMEOUT;1611611582.767111
/ndn/s12-site/s12/C2Data-2563-Type3;6004796.0000;TIMEOUT;1611611585.675157
/ndn/v10-site/v10/C2Data-1000-Type4;355601.0000;DATA;1611611596.207971
/ndn/h8-site/h8/C2Data-200-Type4;194826.0000;DATA;1611611599.119102
/ndn/v2-site/v2/C2Data-5691-Type1;216532.0000;DATA;1611611601.347214
/ndn/v12-site/v12/C2Data-6901-Type1;243181.0000;DATA;1611611601.737116
/ndn/d10-site/d10/C2Data-3029-Type1;169750.0000;DATA;1611611602.483280
/ndn/d3-site/d3/C2Data-2182-Type2;216941.0000;DATA;1611611603.573112
/ndn/d10-site/d10/C2Data-625-Type4;171334.0000;DATA;1611611603.777099
/ndn/v14-site/v14/C2Data-7143-Type1;93487.0000;DATA;1611611604.241156
/ndn/d6-site/d6/C2Data-525-Type4;212578.0000;DATA;1611611604.277160
/ndn/h13-site/h13/C2Data-325-Type4;72735.0000;DATA;1611611606.872108
/ndn/v3-site/v3/C2Data-5812-Type1;94473.0000;DATA;1611611607.516195
/ndn/d1-site/d1/C2Data-1940-Type2;25179.0000;DATA;1611611610.253109
/ndn/h9-site/h9/C2Data-1093-Type1;142160.0000;DATA;1611611610.640191
/ndn/s9-site/s9/C2Data-4723-Type2;6000206.0000;TIMEOUT;1611611604.863112
/ndn/d9-site/d9/C2Data-600-Type4;166275.0000;DATA;1611611610.764127
/ndn/v7-site/v7/C2Data-925-Type4;214937.0000;DATA;1611611611.062201
/ndn/s1-site/s1/C2Data-3755-Type2;6000189.0000;TIMEOUT;1611611605.539200
/ndn/s10-site/s10/C2Data-4844-Type1;6000252.0000;TIMEOUT;1611611606.157178
/ndn/d3-site/d3/C2Data-2182-Type1;212921.0000;DATA;1611611612.331121
/ndn/d8-site/d8/C2Data-575-Type4;142570.0000;DATA;1611611612.448208
/ndn/s6-site/s6/C2Data-4360-Type1;6000283.0000;TIMEOUT;1611611608.623158
/ndn/d6-site/d6/C2Data-1283-Type3;229586.0000;DATA;1611611628.277154
/ndn/v14-site/v14/C2Data-3601-Type3;97745.0000;DATA;1611611629.304139
/ndn/d11-site/d11/C2Data-1588-Type3;193514.0000;DATA;1611611630.206140
/ndn/h12-site/h12/C2Data-734-Type3;48178.0000;DATA;1611611631.166111
/ndn/v1-site/v1/C2Data-5571-Type2;240149.0000;DATA;1611611632.517113
/ndn/d0-site/d0/C2Data-375-Type4;143034.0000;DATA;1611611633.039112
/ndn/v4-site/v4/C2Data-5934-Type1;268756.0000;DATA;1611611633.539218
/ndn/d13-site/d13/C2Data-1710-Type3;69201.0000;DATA;1611611633.975136
/ndn/v3-site/v3/C2Data-2930-Type3;98096.0000;DATA;1611611634.370154
/ndn/v6-site/v6/C2Data-3113-Type3;73414.0000;DATA;1611611634.506288
/ndn/h4-site/h4/C2Data-489-Type1;172120.0000;DATA;1611611634.888125
/ndn/s12-site/s12/C2Data-2564-Type3;6000366.0000;TIMEOUT;1611611629.958106
/ndn/s11-site/s11/C2Data-2503-Type3;6000548.0000;TIMEOUT;1611611631.292167
/ndn/v6-site/v6/C2Data-6176-Type2;73176.0000;DATA;1611611642.906149
/ndn/s3-site/s3/C2Data-3998-Type1;6000755.0000;TIMEOUT;1611611641.751149
/ndn/s3-site/s3/C2Data-3998-Type2;6000246.0000;TIMEOUT;1611611642.762095
/ndn/s13-site/s13/C2Data-2625-Type3;6011337.0000;TIMEOUT;1611611647.579163
/ndn/s8-site/s8/C2Data-2320-Type3;6000229.0000;TIMEOUT;1611611648.756165
/ndn/v13-site/v13/C2Data-7024-Type2;48241.0000;DATA;1611611662.008157
/ndn/h12-site/h12/C2Data-1458-Type2;70310.0000;DATA;1611611667.421178
/ndn/v2-site/v2/C2Data-5693-Type2;211097.0000;DATA;1611611667.859113
/ndn/s13-site/s13/C2Data-5209-Type2;6000628.0000;TIMEOUT;1611611662.624131
/ndn/h10-site/h10/C2Data-1216-Type1;267563.0000;DATA;1611611668.803156
/ndn/s6-site/s6/C2Data-4362-Type2;6000287.0000;TIMEOUT;1611611663.784163
/ndn/s3-site/s3/C2Data-3999-Type1;6000236.0000;TIMEOUT;1611611664.415210
/ndn/h2-site/h2/C2Data-248-Type1;46463.0000;DATA;1611611671.123136
/ndn/s12-site/s12/C2Data-5088-Type2;6000230.0000;TIMEOUT;1611611665.366297
/ndn/h6-site/h6/C2Data-732-Type1;165585.0000;DATA;1611611672.855096
/ndn/h10-site/h10/C2Data-1216-Type2;244900.0000;DATA;1611611673.086191
/ndn/h13-site/h13/C2Data-796-Type3;75213.0000;DATA;1611611685.859165
/ndn/v0-site/v0/C2Data-2748-Type3;149068.0000;DATA;1611611688.984178
/ndn/v10-site/v10/C2Data-3358-Type3;224193.0000;DATA;1611611689.680116
/ndn/d8-site/d8/C2Data-1406-Type3;187801.0000;DATA;1611611689.768136
/ndn/h13-site/h13/C2Data-1580-Type2;68974.0000;DATA;1611611691.199107
/ndn/v11-site/v11/C2Data-6783-Type1;73842.0000;DATA;1611611691.313154
/ndn/v7-site/v7/C2Data-6299-Type2;212458.0000;DATA;1611611691.396197
/ndn/h8-site/h8/C2Data-975-Type1;176594.0000;DATA;1611611691.982170
/ndn/s6-site/s6/C2Data-2199-Type3;6000485.0000;TIMEOUT;1611611687.274190
/ndn/v1-site/v1/C2Data-5573-Type2;239677.0000;DATA;1611611693.186155
/ndn/h5-site/h5/C2Data-612-Type2;122208.0000;DATA;1611611693.541209
/ndn/h8-site/h8/C2Data-975-Type2;172851.0000;DATA;1611611694.280115
/ndn/d7-site/d7/C2Data-1345-Type3;188494.0000;DATA;1611611696.294181
/ndn/h5-site/h5/C2Data-308-Type3;119673.0000;DATA;1611611696.833115
