/ndn/v0-site/v0/C2Data-5445-Type1;599.0000;NACK;1611608001.652540
/ndn/d7-site/d7/C2Data-2662-Type1;117041.0000;DATA;1611608005.672255
/ndn/s10-site/s10/C2Data-4840-Type1;92386.0000;DATA;1611608006.337489
/ndn/v4-site/v4/C2Data-5929-Type1;197682.0000;DATA;1611608006.783239
/ndn/h0-site/h0/C2Data-0-Type1;156696.0000;DATA;1611608006.837485
/ndn/h1-site/h1/C2Data-121-Type1;23324.0000;DATA;1611608007.734026
/ndn/h8-site/h8/C2Data-968-Type1;160735.0000;DATA;1611608011.481420
/ndn/s0-site/s0/C2Data-3630-Type1;90363.0000;DATA;1611608011.914571
/ndn/d13-site/d13/C2Data-1708-Type3;26645.0000;DATA;1611608024.712460
/ndn/s3-site/s3/C2Data-2013-Type3;239271.0000;DATA;1611608025.801490
/ndn/v5-site/v5/C2Data-3050-Type3;95344.0000;DATA;1611608030.188523
/ndn/s10-site/s10/C2Data-2440-Type3;95312.0000;DATA;1611608030.607455
/ndn/d0-site/d0/C2Data-1816-Type2;73799.0000;DATA;1611608030.690097
/ndn/d3-site/d3/C2Data-1098-Type3;165264.0000;DATA;1611608030.744705
/ndn/h3-site/h3/C2Data-364-Type2;802.0000;DATA;1611608031.590423
/ndn/s4-site/s4/C2Data-4115-Type2;25504.0000;DATA;1611608031.950424
/ndn/s14-site/s14/C2Data-5325-Type1;52211.0000;DATA;1611608031.995423
/ndn/s9-site/s9/C2Data-4720-Type2;74088.0000;DATA;1611608032.404500
/ndn/d4-site/d4/C2Data-2300-Type2;23453.0000;DATA;1611608033.814452
/ndn/s13-site/s13/C2Data-5204-Type1;222984.0000;DATA;1611608034.323553
/ndn/d14-site/d14/C2Data-3510-Type2;23414.0000;DATA;1611608035.441458
/ndn/s0-site/s0/C2Data-1830-Type3;99927.0000;DATA;1611608037.025495
/ndn/h4-site/h4/C2Data-485-Type2;426.0000;DATA;1611608038.271546
/ndn/h12-site/h12/C2Data-1453-Type2;23448.0000;DATA;1611608038.280162
/ndn/v4-site/v4/C2Data-5930-Type2;30855.0000;DATA;1611608038.582440
/ndn/s6-site/s6/C2Data-4357-Type1;165486.0000;DATA;1611608038.816435
/ndn/d14-site/d14/C2Data-3510-Type1;46474.0000;DATA;1611608039.027423
/ndn/d12-site/d12/C2Data-3268-Type1;96705.0000;DATA;1611608040.779540
/ndn/s6-site/s6/C2Data-2196-Type3;23778.0000;DATA;1611608043.945437
/ndn/h10-site/h10/C2Data-610-Type3;23351.0000;DATA;1611608045.805576
/ndn/v2-site/v2/C2Data-2867-Type3;23617.0000;DATA;1611608046.710515
/ndn/v7-site/v7/C2Data-3172-Type3;581.0000;DATA;1611608047.175512
/ndn/s8-site/s8/C2Data-4600-Type1;90035.0000;DATA;1611608060.061979
/ndn/s2-site/s2/C2Data-3874-Type1;25746.0000;DATA;1611608062.567528
/ndn/d6-site/d6/C2Data-2543-Type2;186779.0000;DATA;1611608062.454479
/ndn/v10-site/v10/C2Data-6657-Type2;119362.0000;DATA;1611608062.886425
/ndn/d9-site/d9/C2Data-2906-Type1;139235.0000;DATA;1611608063.667632
/ndn/s12-site/s12/C2Data-5084-Type1;639.0000;DATA;1611608064.614467
/ndn/d3-site/d3/C2Data-2180-Type1;98311.0000;DATA;1611608066.900489
/ndn/h12-site/h12/C2Data-1454-Type2;26106.0000;DATA;1611608068.420556
/ndn/h5-site/h5/C2Data-607-Type2;92270.0000;DATA;1611608069.983508
/ndn/h3-site/h3/C2Data-365-Type2;516.0000;DATA;1611608070.629599
/ndn/s7-site/s7/C2Data-4479-Type2;24287.0000;DATA;1611608070.973528
/ndn/v12-site/v12/C2Data-6899-Type2;96773.0000;DATA;1611608071.586472
/ndn/h3-site/h3/C2Data-365-Type1;520.0000;DATA;1611608071.906538
/ndn/d13-site/d13/C2Data-1709-Type3;25306.0000;DATA;1611608084.559531
/ndn/d5-site/d5/C2Data-1221-Type3;169651.0000;DATA;1611608084.539556
/ndn/d2-site/d2/C2Data-1038-Type3;49898.0000;DATA;1611608088.640456
/ndn/v9-site/v9/C2Data-6537-Type1;102663.0000;DATA;1611608091.292497
/ndn/h13-site/h13/C2Data-1576-Type1;47647.0000;DATA;1611608092.247510
/ndn/s14-site/s14/C2Data-5327-Type2;607.0000;DATA;1611608094.850436
/ndn/h3-site/h3/C2Data-366-Type1;93327.0000;DATA;1611608095.848438
/ndn/s0-site/s0/C2Data-1831-Type3;48479.0000;DATA;1611608096.005754
/ndn/h8-site/h8/C2Data-200-Type4;141608.0000;DATA;1611608096.548532
/ndn/d9-site/d9/C2Data-1465-Type3;92023.0000;DATA;1611608097.184499
/ndn/h9-site/h9/C2Data-1092-Type2;46237.0000;DATA;1611608097.325436
/ndn/s5-site/s5/C2Data-2136-Type3;23805.0000;DATA;1611608097.537576
/ndn/s9-site/s9/C2Data-4722-Type2;47985.0000;DATA;1611608097.536729
/ndn/h5-site/h5/C2Data-608-Type1;48611.0000;DATA;1611608097.610497
/ndn/v12-site/v12/C2Data-1050-Type4;168313.0000;DATA;1611608098.072516
/ndn/v2-site/v2/C2Data-5690-Type1;144259.0000;DATA;1611608098.412511
/ndn/d11-site/d11/C2Data-1587-Type3;491.0000;DATA;1611608098.952449
/ndn/v8-site/v8/C2Data-6416-Type1;72633.0000;DATA;1611608099.127539
/ndn/h1-site/h1/C2Data-25-Type4;26472.0000;DATA;1611608099.533474
/ndn/v7-site/v7/C2Data-925-Type4;92264.0000;DATA;1611608099.766491
/ndn/h12-site/h12/C2Data-1455-Type1;23906.0000;DATA;1611608101.773592
/ndn/h11-site/h11/C2Data-672-Type3;23450.0000;DATA;1611608103.212539
/ndn/d8-site/d8/C2Data-1404-Type3;644.0000;DATA;1611608104.344495
/ndn/h5-site/h5/C2Data-306-Type3;46389.0000;DATA;1611608104.813509
/ndn/v14-site/v14/C2Data-3600-Type3;822.0000;DATA;1611608105.928483
/ndn/d2-site/d2/C2Data-425-Type4;26727.0000;DATA;1611608116.479916
/ndn/h0-site/h0/C2Data-0-Type4;528.0000;DATA;1611608116.919454
/ndn/s13-site/s13/C2Data-5207-Type2;46854.0000;DATA;1611608121.439504
/ndn/v10-site/v10/C2Data-6659-Type1;122718.0000;DATA;1611608121.920432
/ndn/d12-site/d12/C2Data-3271-Type2;97499.0000;DATA;1611608122.107594
/ndn/v11-site/v11/C2Data-6780-Type2;533.0000;DATA;1611608122.839445
/ndn/v2-site/v2/C2Data-800-Type4;24008.0000;DATA;1611608123.841489
/ndn/h3-site/h3/C2Data-367-Type1;98572.0000;DATA;1611608124.359460
/ndn/d5-site/d5/C2Data-2424-Type2;131697.0000;DATA;1611608125.554447
/ndn/v2-site/v2/C2Data-5691-Type1;141282.0000;DATA;1611608125.719536
/ndn/h2-site/h2/C2Data-246-Type1;46854.0000;DATA;1611608126.850500
/ndn/h1-site/h1/C2Data-125-Type1;23824.0000;DATA;1611608128.842455
/ndn/h12-site/h12/C2Data-1456-Type2;47457.0000;DATA;1611608130.634436
/ndn/d2-site/d2/C2Data-2061-Type1;471.0000;DATA;1611608130.790492
/ndn/v2-site/v2/C2Data-5691-Type2;24967.0000;DATA;1611608130.958478
/ndn/h11-site/h11/C2Data-275-Type4;23541.0000;DATA;1611608137.777429
/ndn/d0-site/d0/C2Data-917-Type3;72964.0000;DATA;1611608145.898484
/ndn/s1-site/s1/C2Data-1893-Type3;50616.0000;DATA;1611608146.243498
/ndn/d0-site/d0/C2Data-375-Type4;25294.0000;DATA;1611608146.514467
/ndn/v5-site/v5/C2Data-3052-Type3;27176.0000;DATA;1611608147.702855
/ndn/s13-site/s13/C2Data-5208-Type1;212221.0000;DATA;1611608150.144454
/ndn/s9-site/s9/C2Data-4724-Type2;71214.0000;DATA;1611608150.504437
/ndn/d5-site/d5/C2Data-500-Type4;96275.0000;DATA;1611608151.755516
/ndn/v1-site/v1/C2Data-5571-Type1;23665.0000;DATA;1611608152.718456
/ndn/v3-site/v3/C2Data-5813-Type1;692.0000;DATA;1611608153.352411
/ndn/d3-site/d3/C2Data-2183-Type1;100489.0000;DATA;1611608153.825230
/ndn/d4-site/d4/C2Data-2304-Type1;570.0000;DATA;1611608154.045529
/ndn/v8-site/v8/C2Data-6418-Type2;547.0000;DATA;1611608155.683474
/ndn/h11-site/h11/C2Data-1336-Type1;47802.0000;DATA;1611608156.114439
/ndn/h5-site/h5/C2Data-610-Type2;545.0000;DATA;1611608156.611468
/ndn/v1-site/v1/C2Data-5571-Type2;23837.0000;DATA;1611608156.925472
/ndn/s12-site/s12/C2Data-5087-Type1;608.0000;DATA;1611608158.784557
/ndn/v12-site/v12/C2Data-3479-Type3;25002.0000;DATA;1611608158.907488
/ndn/d14-site/d14/C2Data-3514-Type2;23323.0000;DATA;1611608158.941602
/ndn/s7-site/s7/C2Data-4482-Type2;24797.0000;DATA;1611608160.047503
/ndn/h4-site/h4/C2Data-489-Type1;676.0000;DATA;1611608160.373441
/ndn/s10-site/s10/C2Data-4845-Type2;24372.0000;DATA;1611608161.060578
/ndn/v10-site/v10/C2Data-3357-Type3;25900.0000;DATA;1611608161.454488
/ndn/s12-site/s12/C2Data-2564-Type3;637.0000;DATA;1611608165.689462
/ndn/s8-site/s8/C2Data-2320-Type3;25884.0000;DATA;1611608167.507535
/ndn/s5-site/s5/C2Data-2137-Type3;637.0000;DATA;1611608167.891528
/ndn/d11-site/d11/C2Data-1588-Type3;23456.0000;DATA;1611608168.017616
/ndn/v12-site/v12/C2Data-6903-Type1;170886.0000;DATA;1611608180.462431
/ndn/d9-site/d9/C2Data-2910-Type1;142794.0000;DATA;1611608180.917447
/ndn/d6-site/d6/C2Data-2547-Type1;193357.0000;DATA;1611608183.133462
/ndn/d11-site/d11/C2Data-3152-Type1;93019.0000;DATA;1611608183.492419
/ndn/s4-site/s4/C2Data-4120-Type1;118624.0000;DATA;1611608184.774646
/ndn/h1-site/h1/C2Data-127-Type1;666.0000;DATA;1611608188.316561
/ndn/h0-site/h0/C2Data-6-Type2;645.0000;DATA;1611608189.521430
/ndn/d13-site/d13/C2Data-3394-Type2;567.0000;DATA;1611608189.759568
/ndn/d14-site/d14/C2Data-3515-Type1;46173.0000;DATA;1611608189.753457
/ndn/v1-site/v1/C2Data-2809-Type3;156767.0000;DATA;1611608204.153480
/ndn/s8-site/s8/C2Data-2321-Type3;50214.0000;DATA;1611608204.586516
/ndn/d8-site/d8/C2Data-1406-Type3;73586.0000;DATA;1611608204.847512
/ndn/h9-site/h9/C2Data-552-Type3;99956.0000;DATA;1611608208.851779
/ndn/v0-site/v0/C2Data-2748-Type3;96127.0000;DATA;1611608210.290477
/ndn/h0-site/h0/C2Data-7-Type2;165831.0000;DATA;1611608211.279439
/ndn/s14-site/s14/C2Data-5331-Type1;607.0000;DATA;1611608212.490663
/ndn/s9-site/s9/C2Data-4726-Type1;70712.0000;DATA;1611608213.464233
/ndn/v12-site/v12/C2Data-3480-Type3;97885.0000;DATA;1611608213.676496
/ndn/h13-site/h13/C2Data-1580-Type1;51928.0000;DATA;1611608214.144461
/ndn/h5-site/h5/C2Data-612-Type1;615.0000;DATA;1611608215.164430
