/ndn/h11-site/h11/C2Data-1331-Type2;121651.0000;DATA;1611609162.480320
/ndn/h13-site/h13/C2Data-1573-Type1;149210.0000;DATA;1611609162.827341
/ndn/s1-site/s1/C2Data-3751-Type1;243476.0000;DATA;1611609163.413720
/ndn/h4-site/h4/C2Data-484-Type2;162519.0000;DATA;1611609163.523350
/ndn/s11-site/s11/C2Data-4961-Type1;538.0000;NACK;1611609164.701304
/ndn/h12-site/h12/C2Data-1452-Type1;216421.0000;DATA;1611609167.093564
/ndn/s1-site/s1/C2Data-3751-Type2;201164.0000;DATA;1611609170.390373
/ndn/v13-site/v13/C2Data-7018-Type1;146842.0000;DATA;1611609171.731362
/ndn/d9-site/d9/C2Data-2904-Type1;75413.0000;DATA;1611609173.815355
/ndn/d14-site/d14/C2Data-3509-Type2;124308.0000;DATA;1611609174.417933
/ndn/h4-site/h4/C2Data-244-Type3;164912.0000;DATA;1611609188.926873
/ndn/d0-site/d0/C2Data-915-Type3;25243.0000;DATA;1611609189.273914
/ndn/v10-site/v10/C2Data-3355-Type3;49921.0000;DATA;1611609192.252312
/ndn/h6-site/h6/C2Data-366-Type3;172863.0000;DATA;1611609192.686305
/ndn/d2-site/d2/C2Data-2058-Type2;48160.0000;DATA;1611609193.904393
/ndn/s6-site/s6/C2Data-2196-Type3;93782.0000;DATA;1611609194.062336
/ndn/d9-site/d9/C2Data-2905-Type2;72036.0000;DATA;1611609195.124344
/ndn/h13-site/h13/C2Data-793-Type3;145751.0000;DATA;1611609196.565355
/ndn/v6-site/v6/C2Data-6172-Type1;94692.0000;DATA;1611609196.912318
/ndn/d1-site/d1/C2Data-976-Type3;190411.0000;DATA;1611609198.182406
/ndn/d1-site/d1/C2Data-1937-Type1;186971.0000;DATA;1611609198.508301
/ndn/s3-site/s3/C2Data-2013-Type3;215886.0000;DATA;1611609198.930357
/ndn/v5-site/v5/C2Data-3050-Type3;99739.0000;DATA;1611609199.963324
/ndn/s4-site/s4/C2Data-4115-Type2;213474.0000;DATA;1611609200.961322
/ndn/s4-site/s4/C2Data-2074-Type3;215646.0000;DATA;1611609200.980306
/ndn/v14-site/v14/C2Data-7140-Type2;149692.0000;DATA;1611609202.233446
/ndn/h0-site/h0/C2Data-1-Type1;185321.0000;DATA;1611609202.549449
/ndn/v3-site/v3/C2Data-5809-Type1;167303.0000;DATA;1611609202.608387
/ndn/d7-site/d7/C2Data-1342-Type3;48550.0000;DATA;1611609205.383327
/ndn/d7-site/d7/C2Data-2664-Type1;48712.0000;DATA;1611609226.029397
/ndn/h1-site/h1/C2Data-123-Type2;70986.0000;DATA;1611609226.882302
/ndn/s0-site/s0/C2Data-3632-Type2;116161.0000;DATA;1611609227.769388
/ndn/s6-site/s6/C2Data-4358-Type2;6001191.0000;TIMEOUT;1611609230.694357
/ndn/s9-site/s9/C2Data-2380-Type3;147626.0000;DATA;1611609250.388463
/ndn/d8-site/d8/C2Data-2786-Type1;26785.0000;DATA;1611609252.542374
/ndn/d2-site/d2/C2Data-2060-Type1;54686.0000;DATA;1611609253.128440
/ndn/h0-site/h0/C2Data-3-Type2;191371.0000;DATA;1611609253.827432
/ndn/v2-site/v2/C2Data-2868-Type3;73689.0000;DATA;1611609254.302387
/ndn/h3-site/h3/C2Data-366-Type1;46209.0000;DATA;1611609254.765327
/ndn/s8-site/s8/C2Data-4601-Type1;145963.0000;DATA;1611609256.330358
/ndn/h4-site/h4/C2Data-487-Type2;166818.0000;DATA;1611609256.365359
/ndn/v13-site/v13/C2Data-7021-Type2;139863.0000;DATA;1611609256.951318
/ndn/h3-site/h3/C2Data-366-Type2;46888.0000;DATA;1611609257.282361
/ndn/s11-site/s11/C2Data-4964-Type1;212036.0000;DATA;1611609257.124428
/ndn/d9-site/d9/C2Data-1465-Type3;71147.0000;DATA;1611609258.495378
/ndn/s14-site/s14/C2Data-2685-Type3;6000156.0000;TIMEOUT;1611609252.620341
/ndn/v4-site/v4/C2Data-5932-Type2;95045.0000;DATA;1611609258.898376
/ndn/d8-site/d8/C2Data-1404-Type3;24918.0000;DATA;1611609259.278336
/ndn/v5-site/v5/C2Data-875-Type4;93383.0000;DATA;1611609259.809319
/ndn/h5-site/h5/C2Data-125-Type4;120461.0000;DATA;1611609261.262397
/ndn/d0-site/d0/C2Data-1818-Type1;27088.0000;DATA;1611609262.597417
/ndn/v12-site/v12/C2Data-6900-Type1;75165.0000;DATA;1611609262.863411
/ndn/h7-site/h7/C2Data-428-Type3;215097.0000;DATA;1611609265.417494
/ndn/v13-site/v13/C2Data-3539-Type3;141391.0000;DATA;1611609266.161457
/ndn/v6-site/v6/C2Data-900-Type4;100670.0000;DATA;1611609266.496369
/ndn/h8-site/h8/C2Data-200-Type4;101611.0000;DATA;1611609266.662297
/ndn/v3-site/v3/C2Data-2929-Type3;170943.0000;DATA;1611609266.653323
/ndn/h14-site/h14/C2Data-350-Type4;175016.0000;DATA;1611609268.910363
/ndn/s5-site/s5/C2Data-4238-Type1;6000729.0000;TIMEOUT;1611609263.327391
/ndn/d2-site/d2/C2Data-425-Type4;46768.0000;DATA;1611609272.346357
/ndn/s4-site/s4/C2Data-2075-Type3;6010396.0000;TIMEOUT;1611609269.686326
/ndn/d3-site/d3/C2Data-450-Type4;95362.0000;DATA;1611609277.126356
/ndn/h1-site/h1/C2Data-125-Type1;74559.0000;DATA;1611609282.821301
/ndn/v1-site/v1/C2Data-775-Type4;71464.0000;DATA;1611609285.038317
/ndn/h14-site/h14/C2Data-1698-Type2;166684.0000;DATA;1611609285.163313
/ndn/v3-site/v3/C2Data-5812-Type1;172468.0000;DATA;1611609285.162388
/ndn/h2-site/h2/C2Data-246-Type1;220293.0000;DATA;1611609288.082429
/ndn/d1-site/d1/C2Data-1940-Type1;191332.0000;DATA;1611609288.561329
/ndn/d7-site/d7/C2Data-2666-Type2;49360.0000;DATA;1611609289.129308
/ndn/d10-site/d10/C2Data-625-Type4;170413.0000;DATA;1611609290.219305
/ndn/v13-site/v13/C2Data-1075-Type4;138463.0000;DATA;1611609290.389575
/ndn/d9-site/d9/C2Data-2908-Type2;71178.0000;DATA;1611609291.624401
/ndn/s11-site/s11/C2Data-4965-Type2;6000970.0000;TIMEOUT;1611609286.833406
/ndn/d7-site/d7/C2Data-2666-Type1;53029.0000;DATA;1611609293.588407
/ndn/h0-site/h0/C2Data-4-Type1;186766.0000;DATA;1611609293.857337
/ndn/s0-site/s0/C2Data-3634-Type2;6000278.0000;TIMEOUT;1611609289.857323
/ndn/s10-site/s10/C2Data-4844-Type1;6001787.0000;TIMEOUT;1611609289.969634
/ndn/v7-site/v7/C2Data-925-Type4;50473.0000;DATA;1611609301.118923
/ndn/h10-site/h10/C2Data-250-Type4;122828.0000;DATA;1611609302.406369
/ndn/v7-site/v7/C2Data-3174-Type3;49848.0000;DATA;1611609310.349315
/ndn/h2-site/h2/C2Data-124-Type3;166001.0000;DATA;1611609310.234389
/ndn/d1-site/d1/C2Data-978-Type3;183519.0000;DATA;1611609310.988361
/ndn/v4-site/v4/C2Data-2991-Type3;102253.0000;DATA;1611609312.793297
/ndn/d0-site/d0/C2Data-917-Type3;24672.0000;DATA;1611609313.411375
/ndn/h7-site/h7/C2Data-429-Type3;215847.0000;DATA;1611609314.123304
/ndn/h7-site/h7/C2Data-852-Type2;209868.0000;DATA;1611609314.452333
/ndn/d5-site/d5/C2Data-2425-Type1;138442.0000;DATA;1611609315.123313
/ndn/h0-site/h0/C2Data-2-Type3;191366.0000;DATA;1611609315.237307
/ndn/h9-site/h9/C2Data-1094-Type2;98841.0000;DATA;1611609315.331320
/ndn/d8-site/d8/C2Data-2788-Type2;25612.0000;DATA;1611609316.036394
/ndn/v0-site/v0/C2Data-2747-Type3;122751.0000;DATA;1611609316.104292
/ndn/s8-site/s8/C2Data-2320-Type3;6000773.0000;TIMEOUT;1611609310.515363
/ndn/h2-site/h2/C2Data-247-Type1;212670.0000;DATA;1611609316.740474
/ndn/s13-site/s13/C2Data-2625-Type3;6000628.0000;TIMEOUT;1611609311.083380
/ndn/h10-site/h10/C2Data-612-Type3;94120.0000;DATA;1611609318.122493
/ndn/d8-site/d8/C2Data-1405-Type3;25611.0000;DATA;1611609319.347325
/ndn/s8-site/s8/C2Data-4603-Type1;6000206.0000;TIMEOUT;1611609315.222315
/ndn/h10-site/h10/C2Data-1215-Type1;94582.0000;DATA;1611609321.220295
/ndn/v5-site/v5/C2Data-6055-Type2;93299.0000;DATA;1611609323.123308
/ndn/d2-site/d2/C2Data-2062-Type2;47472.0000;DATA;1611609323.281381
/ndn/s14-site/s14/C2Data-5329-Type2;6000253.0000;TIMEOUT;1611609317.375361
/ndn/d9-site/d9/C2Data-1466-Type3;92942.0000;DATA;1611609325.880378
/ndn/s11-site/s11/C2Data-4966-Type1;6000722.0000;TIMEOUT;1611609320.130362
/ndn/s9-site/s9/C2Data-2381-Type3;6000668.0000;TIMEOUT;1611609326.199435
/ndn/s10-site/s10/C2Data-2442-Type3;6000257.0000;TIMEOUT;1611609326.602474
/ndn/h14-site/h14/C2Data-1700-Type2;190157.0000;DATA;1611609342.893719
/ndn/v1-site/v1/C2Data-5572-Type2;69427.0000;DATA;1611609343.570307
/ndn/d13-site/d13/C2Data-3394-Type1;100854.0000;DATA;1611609343.681537
/ndn/s13-site/s13/C2Data-5209-Type2;6000368.0000;TIMEOUT;1611609342.895304
/ndn/h4-site/h4/C2Data-490-Type2;167789.0000;DATA;1611609349.602430
/ndn/s3-site/s3/C2Data-3999-Type2;6000207.0000;TIMEOUT;1611609343.878306
/ndn/h1-site/h1/C2Data-127-Type1;70731.0000;DATA;1611609350.504295
/ndn/v11-site/v11/C2Data-6782-Type1;94951.0000;DATA;1611609350.830391
/ndn/v4-site/v4/C2Data-5935-Type2;98876.0000;DATA;1611609351.700464
/ndn/h12-site/h12/C2Data-1458-Type2;209105.0000;DATA;1611609352.400348
/ndn/v13-site/v13/C2Data-7024-Type2;144140.0000;DATA;1611609353.294350
/ndn/v4-site/v4/C2Data-5935-Type1;96972.0000;DATA;1611609354.180344
/ndn/h2-site/h2/C2Data-248-Type2;215087.0000;DATA;1611609354.359353
/ndn/s1-site/s1/C2Data-3757-Type1;6000246.0000;TIMEOUT;1611609349.634384
/ndn/v7-site/v7/C2Data-3175-Type3;52791.0000;DATA;1611609368.100310
/ndn/v4-site/v4/C2Data-2992-Type3;92940.0000;DATA;1611609372.695375
/ndn/h2-site/h2/C2Data-125-Type3;214483.0000;DATA;1611609373.079420
/ndn/s1-site/s1/C2Data-1894-Type3;6000396.0000;TIMEOUT;1611609367.681372
/ndn/v2-site/v2/C2Data-5694-Type1;71414.0000;DATA;1611609373.799380
/ndn/s9-site/s9/C2Data-2382-Type3;6000337.0000;TIMEOUT;1611609368.021336
/ndn/s7-site/s7/C2Data-2260-Type3;6000252.0000;TIMEOUT;1611609368.894216
/ndn/d7-site/d7/C2Data-2669-Type2;51754.0000;DATA;1611609377.622420
