/ndn/d4-site/d4/C2Data-1694-Type1;139565.0000;DATA;1612715358.981389
/ndn/h1-site/h1/C2Data-121-Type1;96148.0000;DATA;1612715359.745230
/ndn/d1-site/d1/C2Data-1331-Type2;171909.0000;DATA;1612715361.292070
/ndn/h0-site/h0/C2Data-0-Type1;249695.0000;DATA;1612715362.023597
/ndn/d7-site/d7/C2Data-2057-Type2;147740.0000;DATA;1612715364.254568
/ndn/v2-site/v2/C2Data-3872-Type2;127728.0000;DATA;1612715365.064782
/ndn/s7-site/s7/C2Data-3267-Type2;125832.0000;DATA;1612715366.535829
/ndn/s3-site/s3/C2Data-1403-Type3;105417.0000;DATA;1612715383.819999
/ndn/s7-site/s7/C2Data-1647-Type3;160094.0000;DATA;1612715385.143207
/ndn/h0-site/h0/C2Data-0-Type3;115871.0000;DATA;1612715386.958962
/ndn/s2-site/s2/C2Data-2663-Type2;123381.0000;DATA;1612715391.349564
/ndn/s4-site/s4/C2Data-1464-Type3;196501.0000;DATA;1612715393.736222
/ndn/d9-site/d9/C2Data-2300-Type1;125644.0000;DATA;1612715394.572556
/ndn/s7-site/s7/C2Data-3268-Type1;147664.0000;DATA;1612715394.904708
/ndn/s2-site/s2/C2Data-1342-Type3;148176.0000;DATA;1612715395.650815
/ndn/d1-site/d1/C2Data-1332-Type1;126583.0000;DATA;1612715397.610238
/ndn/v0-site/v0/C2Data-3631-Type2;150249.0000;DATA;1612715398.135863
/ndn/s3-site/s3/C2Data-2784-Type1;978.0000;DATA;1612715399.094703
/ndn/h5-site/h5/C2Data-305-Type3;1511.0000;DATA;1612715399.129536
/ndn/d1-site/d1/C2Data-1333-Type2;174934.0000;DATA;1612715421.121770
/ndn/v6-site/v6/C2Data-4358-Type1;98839.0000;DATA;1612715422.236603
/ndn/s0-site/s0/C2Data-2422-Type2;129505.0000;DATA;1612715425.545268
/ndn/v5-site/v5/C2Data-4237-Type1;2612.0000;DATA;1612715425.745944
/ndn/h8-site/h8/C2Data-970-Type2;28268.0000;DATA;1612715426.099725
/ndn/s1-site/s1/C2Data-2543-Type1;76595.0000;DATA;1612715426.192568
/ndn/h4-site/h4/C2Data-245-Type3;74794.0000;DATA;1612715448.793204
/ndn/v6-site/v6/C2Data-4359-Type2;104365.0000;DATA;1612715448.803810
/ndn/d1-site/d1/C2Data-1334-Type1;177104.0000;DATA;1612715448.791914
/ndn/h4-site/h4/C2Data-487-Type2;74522.0000;DATA;1612715449.641986
/ndn/v3-site/v3/C2Data-2014-Type3;198159.0000;DATA;1612715450.963237
/ndn/s7-site/s7/C2Data-1648-Type3;2419.0000;DATA;1612715451.813579
/ndn/h5-site/h5/C2Data-608-Type1;105715.0000;DATA;1612715451.763384
/ndn/v0-site/v0/C2Data-3633-Type1;95777.0000;DATA;1612715452.866736
/ndn/v8-site/v8/C2Data-4601-Type1;97699.0000;DATA;1612715453.650709
/ndn/v3-site/v3/C2Data-3996-Type1;178563.0000;DATA;1612715453.903762
/ndn/h1-site/h1/C2Data-25-Type4;144314.0000;DATA;1612715455.952261
/ndn/s7-site/s7/C2Data-3270-Type1;1879.0000;DATA;1612715456.265531
/ndn/h2-site/h2/C2Data-245-Type2;147906.0000;DATA;1612715456.717374
/ndn/s6-site/s6/C2Data-1587-Type3;100965.0000;DATA;1612715456.823321
/ndn/v0-site/v0/C2Data-1831-Type3;50251.0000;DATA;1612715457.582726
/ndn/h8-site/h8/C2Data-971-Type1;28229.0000;DATA;1612715457.651783
/ndn/v5-site/v5/C2Data-4238-Type2;953.0000;DATA;1612715458.845631
/ndn/d9-site/d9/C2Data-2302-Type2;100934.0000;DATA;1612715459.583617
/ndn/s1-site/s1/C2Data-1282-Type3;2300.0000;DATA;1612715465.046129
/ndn/v3-site/v3/C2Data-575-Type4;253710.0000;DATA;1612715467.727161
/ndn/h4-site/h4/C2Data-100-Type4;32735.0000;DATA;1612715477.908260
/ndn/d8-site/d8/C2Data-2182-Type2;227539.0000;DATA;1612715478.739149
/ndn/h3-site/h3/C2Data-367-Type2;179388.0000;DATA;1612715479.084950
/ndn/h2-site/h2/C2Data-246-Type1;153843.0000;DATA;1612715481.084018
/ndn/d4-site/d4/C2Data-1698-Type2;132687.0000;DATA;1612715481.334776
/ndn/v8-site/v8/C2Data-4602-Type1;96690.0000;DATA;1612715482.409916
/ndn/s9-site/s9/C2Data-3513-Type1;48316.0000;DATA;1612715482.803084
/ndn/h6-site/h6/C2Data-150-Type4;1020.0000;DATA;1612715482.882681
/ndn/h3-site/h3/C2Data-75-Type4;75692.0000;DATA;1612715483.229812
/ndn/v9-site/v9/C2Data-4723-Type2;206548.0000;DATA;1612715483.520586
/ndn/s6-site/s6/C2Data-3150-Type1;178378.0000;DATA;1612715483.571310
/ndn/d6-site/d6/C2Data-1940-Type1;29122.0000;DATA;1612715485.161613
/ndn/s2-site/s2/C2Data-2666-Type2;52572.0000;DATA;1612715485.555180
/ndn/h0-site/h0/C2Data-4-Type2;52508.0000;DATA;1612715487.627595
/ndn/d8-site/d8/C2Data-2182-Type1;101978.0000;DATA;1612715487.689617
/ndn/s7-site/s7/C2Data-3271-Type2;51290.0000;DATA;1612715488.388552
/ndn/d5-site/d5/C2Data-1819-Type1;215500.0000;DATA;1612715490.096902
/ndn/v9-site/v9/C2Data-2381-Type3;225683.0000;DATA;1612715505.347555
/ndn/h9-site/h9/C2Data-551-Type3;315307.0000;DATA;1612715506.486237
/ndn/h4-site/h4/C2Data-246-Type3;79332.0000;DATA;1612715507.075334
/ndn/v1-site/v1/C2Data-3756-Type1;120062.0000;DATA;1612715508.474188
/ndn/h5-site/h5/C2Data-610-Type1;107398.0000;DATA;1612715509.143571
/ndn/d4-site/d4/C2Data-350-Type4;53753.0000;DATA;1612715511.451122
/ndn/s2-site/s2/C2Data-2667-Type2;123201.0000;DATA;1612715511.884747
/ndn/h4-site/h4/C2Data-489-Type2;85982.0000;DATA;1612715512.234390
/ndn/h2-site/h2/C2Data-124-Type3;178478.0000;DATA;1612715512.772561
/ndn/v3-site/v3/C2Data-3998-Type2;124999.0000;DATA;1612715515.975325
/ndn/h7-site/h7/C2Data-429-Type3;49938.0000;DATA;1612715516.578666
/ndn/s7-site/s7/C2Data-1649-Type3;97309.0000;DATA;1612715517.214593
/ndn/v5-site/v5/C2Data-2137-Type3;826.0000;DATA;1612715518.248912
/ndn/v5-site/v5/C2Data-4241-Type1;91557.0000;DATA;1612715539.189664
/ndn/s7-site/s7/C2Data-3273-Type2;152544.0000;DATA;1612715541.371377
/ndn/h6-site/h6/C2Data-732-Type2;47825.0000;DATA;1612715546.911285
/ndn/s2-site/s2/C2Data-2668-Type2;132398.0000;DATA;1612715547.000575
/ndn/s4-site/s4/C2Data-2910-Type1;230136.0000;DATA;1612715546.912810
/ndn/d1-site/d1/C2Data-1337-Type1;124849.0000;DATA;1612715547.747742
/ndn/d7-site/d7/C2Data-1040-Type3;83715.0000;DATA;1612715566.911581
/ndn/v0-site/v0/C2Data-1833-Type3;97068.0000;DATA;1612715568.463608
/ndn/v6-site/v6/C2Data-4363-Type2;103309.0000;DATA;1612715568.594910
/ndn/v5-site/v5/C2Data-4242-Type2;1370.0000;DATA;1612715569.441505
/ndn/s1-site/s1/C2Data-1284-Type3;76705.0000;DATA;1612715569.486448
/ndn/v2-site/v2/C2Data-3879-Type1;224754.0000;DATA;1612715572.639662
/ndn/s1-site/s1/C2Data-2548-Type1;826.0000;DATA;1612715573.553511
/ndn/h4-site/h4/C2Data-491-Type1;72542.0000;DATA;1612715575.002253
/ndn/s4-site/s4/C2Data-1467-Type3;126589.0000;DATA;1612715575.563983
/ndn/s2-site/s2/C2Data-1345-Type3;50571.0000;DATA;1612715575.992575
/ndn/d8-site/d8/C2Data-2185-Type2;245348.0000;DATA;1612715580.136946
/ndn/v7-site/v7/C2Data-351-Type5;204591.0000;DATA;1612715582.626455
/ndn/v9-site/v9/C2Data-377-Type5;86795.0000;DATA;1612715586.564635
/ndn/v3-site/v3/C2Data-299-Type5;869.0000;DATA;1612715593.087743
/ndn/s7-site/s7/C2Data-3275-Type1;194519.0000;DATA;1612715600.164340
/ndn/d1-site/d1/C2Data-1339-Type1;210912.0000;DATA;1612715600.179520
/ndn/s1-site/s1/C2Data-2549-Type2;70873.0000;DATA;1612715600.491195
/ndn/v6-site/v6/C2Data-4364-Type1;103912.0000;DATA;1612715600.785380
/ndn/v2-site/v2/C2Data-3880-Type1;141744.0000;DATA;1612715603.231721
/ndn/d3-site/d3/C2Data-1581-Type1;59433.0000;DATA;1612715606.300469
/ndn/h5-site/h5/C2Data-613-Type2;114976.0000;DATA;1612715606.770626
/ndn/h8-site/h8/C2Data-976-Type1;9883.0000;DATA;1612715608.416635
/ndn/s4-site/s4/C2Data-2912-Type2;127820.0000;DATA;1612715608.411275
/ndn/v2-site/v2/C2Data-3880-Type2;136179.0000;DATA;1612715610.361461
/ndn/h0-site/h0/C2Data-0-Type5;503516.0000;DATA;1612715618.790431
/ndn/d1-site/d1/C2Data-675-Type3;184622.0000;DATA;1612715623.684282
/ndn/s1-site/s1/C2Data-1285-Type3;109923.0000;DATA;1612715627.229015
/ndn/d9-site/d9/C2Data-247-Type5;105172.0000;DATA;1612715627.907813
/ndn/d9-site/d9/C2Data-476-Type4;51783.0000;DATA;1612715628.860332
/ndn/h7-site/h7/C2Data-856-Type1;51970.0000;DATA;1612715628.913427
/ndn/h8-site/h8/C2Data-104-Type5;25556.0000;DATA;1612715629.047610
/ndn/d7-site/d7/C2Data-1041-Type3;74027.0000;DATA;1612715630.652298
/ndn/v7-site/v7/C2Data-2261-Type3;144436.0000;DATA;1612715630.587002
/ndn/s2-site/s2/C2Data-1346-Type3;107193.0000;DATA;1612715630.902143
/ndn/s8-site/s8/C2Data-1712-Type3;101733.0000;DATA;1612715631.458162
/ndn/s0-site/s0/C2Data-1224-Type3;124565.0000;DATA;1612715631.469346
/ndn/h8-site/h8/C2Data-492-Type3;24708.0000;DATA;1612715632.681428
/ndn/d3-site/d3/C2Data-1582-Type2;990.0000;DATA;1612715633.066637
/ndn/v3-site/v3/C2Data-4002-Type2;97926.0000;DATA;1612715633.506746
/ndn/v9-site/v9/C2Data-4728-Type2;192676.0000;DATA;1612715633.566884
/ndn/d8-site/d8/C2Data-1102-Type3;50031.0000;DATA;1612715634.579316
/ndn/h4-site/h4/C2Data-248-Type3;23941.0000;DATA;1612715635.440528
/ndn/h4-site/h4/C2Data-493-Type2;71872.0000;DATA;1612715636.427242
/ndn/v0-site/v0/C2Data-3639-Type2;101340.0000;DATA;1612715636.490682
/ndn/h4-site/h4/C2Data-101-Type4;814.0000;DATA;1612715637.764568
/ndn/d5-site/d5/C2Data-919-Type3;98452.0000;DATA;1612715639.853877
/ndn/v7-site/v7/C2Data-4486-Type2;98251.0000;DATA;1612715639.913189
/ndn/s6-site/s6/C2Data-1590-Type3;1524.0000;DATA;1612715641.051460
/ndn/v3-site/v3/C2Data-576-Type4;142044.0000;DATA;1612715641.706667
/ndn/s4-site/s4/C2Data-1468-Type3;100653.0000;DATA;1612715642.843258
/ndn/s9-site/s9/C2Data-1773-Type3;2427.0000;DATA;1612715644.098293
/ndn/v5-site/v5/C2Data-626-Type4;4370.0000;DATA;1612715653.926616
/ndn/v9-site/v9/C2Data-726-Type4;70280.0000;DATA;1612715657.199849
/ndn/d6-site/d6/C2Data-208-Type5;29210.0000;DATA;1612715658.213175
/ndn/d4-site/d4/C2Data-1704-Type2;129066.0000;DATA;1612715661.603616
/ndn/v9-site/v9/C2Data-4729-Type1;97019.0000;DATA;1612715662.995799
/ndn/d7-site/d7/C2Data-221-Type5;5553.0000;DATA;1612715663.619590
/ndn/s6-site/s6/C2Data-3156-Type1;336697.0000;DATA;1612715664.416908
/ndn/v7-site/v7/C2Data-4487-Type1;198245.0000;DATA;1612715664.768224
/ndn/v4-site/v4/C2Data-312-Type5;790.0000;DATA;1612715665.175274
/ndn/s4-site/s4/C2Data-2914-Type1;128344.0000;DATA;1612715665.552106
/ndn/v6-site/v6/C2Data-4366-Type2;76791.0000;DATA;1612715666.825128
/ndn/s0-site/s0/C2Data-2430-Type2;3778.0000;DATA;1612715668.151327
/ndn/v3-site/v3/C2Data-4003-Type1;203221.0000;DATA;1612715668.812616
/ndn/s3-site/s3/C2Data-2793-Type1;1137.0000;DATA;1612715669.482599
/ndn/h0-site/h0/C2Data-10-Type2;234688.0000;DATA;1612715669.487407
/ndn/d2-site/d2/C2Data-737-Type3;112901.0000;DATA;1612715685.392768
/ndn/v9-site/v9/C2Data-2384-Type3;96135.0000;DATA;1612715687.123743
/ndn/h1-site/h1/C2Data-132-Type2;134116.0000;DATA;1612715688.741537
/ndn/v5-site/v5/C2Data-4246-Type1;90213.0000;DATA;1612715689.486871
/ndn/d8-site/d8/C2Data-2189-Type2;121777.0000;DATA;1612715696.185584
/ndn/h4-site/h4/C2Data-495-Type2;85281.0000;DATA;1612715697.689781
/ndn/s7-site/s7/C2Data-3278-Type1;6000521.0000;TIMEOUT;1612715692.013228
/ndn/d3-site/d3/C2Data-1584-Type1;66603.0000;DATA;1612715700.320350
/ndn/v4-site/v4/C2Data-2079-Type3;826.0000;DATA;1612715701.833602
/ndn/v7-site/v7/C2Data-4489-Type2;160444.0000;DATA;1612715719.106805
/ndn/s4-site/s4/C2Data-2916-Type1;230071.0000;DATA;1612715719.865340
/ndn/h3-site/h3/C2Data-375-Type2;130339.0000;DATA;1612715720.736823
/ndn/s3-site/s3/C2Data-2795-Type1;29792.0000;DATA;1612715721.706619
/ndn/s7-site/s7/C2Data-3279-Type1;6001022.0000;TIMEOUT;1612715720.417033
/ndn/s5-site/s5/C2Data-3037-Type2;73136.0000;DATA;1612715727.461966
/ndn/v8-site/v8/C2Data-4610-Type2;116924.0000;DATA;1612715729.653017
/ndn/h7-site/h7/C2Data-433-Type3;50227.0000;DATA;1612715743.561881
/ndn/h1-site/h1/C2Data-67-Type3;124390.0000;DATA;1612715744.378611
/ndn/v3-site/v3/C2Data-2019-Type3;264899.0000;DATA;1612715746.413060
/ndn/h9-site/h9/C2Data-555-Type3;174600.0000;DATA;1612715748.850601
/ndn/s5-site/s5/C2Data-1531-Type3;6003647.0000;TIMEOUT;1612715744.229927
/ndn/d6-site/d6/C2Data-982-Type3;3042.0000;DATA;1612715750.351402
/ndn/d7-site/d7/C2Data-2070-Type1;1012.0000;DATA;1612715752.554779
/ndn/d5-site/d5/C2Data-1828-Type2;194603.0000;DATA;1612715752.973512
/ndn/v4-site/v4/C2Data-4127-Type2;89572.0000;DATA;1612715753.786731
/ndn/v2-site/v2/C2Data-3885-Type2;514916.0000;DATA;1612715754.533554
/ndn/v8-site/v8/C2Data-4611-Type2;52089.0000;DATA;1612715755.070542
/ndn/h6-site/h6/C2Data-152-Type4;2427.0000;DATA;1612715761.500554
/ndn/h0-site/h0/C2Data-6-Type3;177248.0000;DATA;1612715761.894135
/ndn/s8-site/s8/C2Data-1714-Type3;6000946.0000;TIMEOUT;1612715758.547538
/ndn/d9-site/d9/C2Data-1165-Type3;48947.0000;DATA;1612715764.691994
/ndn/h2-site/h2/C2Data-52-Type4;82402.0000;DATA;1612715776.729471
/ndn/h4-site/h4/C2Data-498-Type1;71606.0000;DATA;1612715779.985572
/ndn/v0-site/v0/C2Data-502-Type4;113446.0000;DATA;1612715780.675627
/ndn/h2-site/h2/C2Data-256-Type1;222647.0000;DATA;1612715782.286341
/ndn/h9-site/h9/C2Data-1103-Type2;203154.0000;DATA;1612715782.805996
/ndn/d7-site/d7/C2Data-2071-Type1;134542.0000;DATA;1612715782.979365
/ndn/d9-site/d9/C2Data-2313-Type1;237127.0000;DATA;1612715785.033734
/ndn/h3-site/h3/C2Data-377-Type2;125874.0000;DATA;1612715789.612675
/ndn/s8-site/s8/C2Data-3402-Type1;6006019.0000;TIMEOUT;1612715784.987953
/ndn/d8-site/d8/C2Data-1105-Type3;242733.0000;DATA;1612715804.397405
/ndn/v1-site/v1/C2Data-1898-Type3;159691.0000;DATA;1612715807.351416
/ndn/v9-site/v9/C2Data-2386-Type3;54184.0000;DATA;1612715808.066701
/ndn/h4-site/h4/C2Data-499-Type2;74630.0000;DATA;1612715808.956691
/ndn/s4-site/s4/C2Data-1471-Type3;6001718.0000;TIMEOUT;1612715803.075788
/ndn/v8-site/v8/C2Data-702-Type4;33240.0000;DATA;1612715809.358115
/ndn/d4-site/d4/C2Data-352-Type4;1399.0000;DATA;1612715810.867925
/ndn/h5-site/h5/C2Data-620-Type2;99058.0000;DATA;1612715811.516949
/ndn/h4-site/h4/C2Data-499-Type1;48909.0000;DATA;1612715811.776651
/ndn/d7-site/d7/C2Data-2072-Type1;164368.0000;DATA;1612715813.040597
/ndn/h7-site/h7/C2Data-862-Type2;47772.0000;DATA;1612715813.398315
/ndn/d8-site/d8/C2Data-2193-Type2;238353.0000;DATA;1612715815.799439
/ndn/d9-site/d9/C2Data-2314-Type2;108388.0000;DATA;1612715817.707628
/ndn/s0-site/s0/C2Data-2435-Type2;6000561.0000;TIMEOUT;1612715813.589905
/ndn/h7-site/h7/C2Data-434-Type3;73246.0000;DATA;1612715820.148454
/ndn/s3-site/s3/C2Data-2798-Type2;6001977.0000;TIMEOUT;1612715814.892627
/ndn/s1-site/s1/C2Data-2556-Type2;6001058.0000;TIMEOUT;1612715816.866503
/ndn/s9-site/s9/C2Data-3524-Type1;6426549.0000;TIMEOUT;1612715818.127770
/ndn/s0-site/s0/C2Data-1227-Type3;6013872.0000;TIMEOUT;1612715824.625030
/ndn/d3-site/d3/C2Data-1589-Type2;52364.0000;DATA;1612715840.519755
/ndn/v3-site/v3/C2Data-4009-Type2;272936.0000;DATA;1612715842.210905
/ndn/d7-site/d7/C2Data-2073-Type2;129809.0000;DATA;1612715843.831645
/ndn/v8-site/v8/C2Data-4614-Type1;99718.0000;DATA;1612715844.380150
/ndn/s2-site/s2/C2Data-2678-Type2;6008409.0000;TIMEOUT;1612715842.172611
/ndn/v0-site/v0/C2Data-3646-Type1;105490.0000;DATA;1612715849.350645
/ndn/s4-site/s4/C2Data-2920-Type1;6002385.0000;TIMEOUT;1612715845.421107
/ndn/d8-site/d8/C2Data-126-Type6;338220.0000;DATA;1612715856.372985
/ndn/d9-site/d9/C2Data-1167-Type3;283555.0000;DATA;1612715867.525118
/ndn/h9-site/h9/C2Data-557-Type3;192242.0000;DATA;1612715868.722697
/ndn/v0-site/v0/C2Data-3647-Type1;136904.0000;DATA;1612715869.634026
/ndn/v9-site/v9/C2Data-2387-Type3;125278.0000;DATA;1612715870.526036
/ndn/d5-site/d5/C2Data-1832-Type1;233563.0000;DATA;1612715870.630727
/ndn/v5-site/v5/C2Data-4252-Type2;52091.0000;DATA;1612715871.658606
/ndn/s8-site/s8/C2Data-1716-Type3;6000939.0000;TIMEOUT;1612715868.172243
/ndn/v7-site/v7/C2Data-2265-Type3;1958.0000;DATA;1612715874.489038
/ndn/d4-site/d4/C2Data-1711-Type2;94502.0000;DATA;1612715874.503991
/ndn/s3-site/s3/C2Data-2800-Type1;6001477.0000;TIMEOUT;1612715869.283515
/ndn/s4-site/s4/C2Data-1472-Type3;6002517.0000;TIMEOUT;1612715869.570969
/ndn/d5-site/d5/C2Data-1832-Type2;242666.0000;DATA;1612715875.350557
/ndn/v2-site/v2/C2Data-3889-Type2;1384.0000;DATA;1612715876.531721
/ndn/h4-site/h4/C2Data-501-Type1;78114.0000;DATA;1612715876.471637
/ndn/v2-site/v2/C2Data-3889-Type1;124527.0000;DATA;1612715877.003990
/ndn/v4-site/v4/C2Data-4131-Type1;77030.0000;DATA;1612715879.202819
/ndn/s8-site/s8/C2Data-3405-Type1;6006085.0000;TIMEOUT;1612715875.005582
/ndn/s1-site/s1/C2Data-2558-Type1;6005372.0000;TIMEOUT;1612715875.662253
/ndn/v0-site/v0/C2Data-1838-Type3;798.0000;DATA;1612715884.820902
/ndn/v1-site/v1/C2Data-1899-Type3;121236.0000;DATA;1612715885.959231
/ndn/s5-site/s5/C2Data-1533-Type3;6001201.0000;TIMEOUT;1612715882.002597
/ndn/s0-site/s0/C2Data-1228-Type3;6002170.0000;TIMEOUT;1612715883.711108
/ndn/v7-site/v7/C2Data-4495-Type2;156690.0000;DATA;1612715898.549217
/ndn/v6-site/v6/C2Data-4374-Type2;104054.0000;DATA;1612715899.606914
/ndn/h5-site/h5/C2Data-623-Type1;94545.0000;DATA;1612715899.992798
/ndn/h9-site/h9/C2Data-118-Type5;239309.0000;DATA;1612715901.686871
/ndn/v5-site/v5/C2Data-4253-Type1;49106.0000;DATA;1612715902.198318
/ndn/v4-site/v4/C2Data-4132-Type2;2337.0000;DATA;1612715902.599686
/ndn/h5-site/h5/C2Data-623-Type2;99125.0000;DATA;1612715903.783981
/ndn/d4-site/d4/C2Data-1712-Type2;99870.0000;DATA;1612715903.952572
/ndn/v3-site/v3/C2Data-4011-Type2;1374.0000;DATA;1612715907.343554
/ndn/d3-site/d3/C2Data-1591-Type2;48845.0000;DATA;1612715909.252669
/ndn/s9-site/s9/C2Data-3527-Type1;6002423.0000;TIMEOUT;1612715907.083605
/ndn/d5-site/d5/C2Data-378-Type4;256168.0000;DATA;1612715915.507109
/ndn/s7-site/s7/C2Data-3285-Type1;6005341.0000;TIMEOUT;1612715910.307730
/ndn/v7-site/v7/C2Data-352-Type5;127942.0000;DATA;1612715916.615257
/ndn/d4-site/d4/C2Data-863-Type3;176696.0000;DATA;1612715922.487790
/ndn/v9-site/v9/C2Data-2388-Type3;701494.0000;DATA;1612715923.987147
/ndn/d9-site/d9/C2Data-1168-Type3;719230.0000;DATA;1612715924.065386
/ndn/d3-site/d3/C2Data-802-Type3;52909.0000;DATA;1612715926.205687
/ndn/h0-site/h0/C2Data-9-Type3;96869.0000;DATA;1612715926.347863
/ndn/h7-site/h7/C2Data-436-Type3;56386.0000;DATA;1612715928.359160
/ndn/d8-site/d8/C2Data-2197-Type1;227962.0000;DATA;1612715930.246667
/ndn/h1-site/h1/C2Data-28-Type4;127680.0000;DATA;1612715932.604815
/ndn/d3-site/d3/C2Data-1592-Type2;1030.0000;DATA;1612715932.982573
