/ndn/d1-site/d1/C2Data-1936-Type2;528.0000;NACK;1611602586.361569
/ndn/s10-site/s10/C2Data-4840-Type1;569.0000;NACK;1611602586.607516
/ndn/v14-site/v14/C2Data-7139-Type1;494.0000;NACK;1611602586.714624
/ndn/h2-site/h2/C2Data-242-Type1;493.0000;NACK;1611602587.426530
/ndn/s11-site/s11/C2Data-4961-Type1;537.0000;NACK;1611602587.549571
/ndn/s5-site/s5/C2Data-4235-Type2;126149.0000;DATA;1611602589.185579
/ndn/s6-site/s6/C2Data-4356-Type2;193234.0000;DATA;1611602590.026550
/ndn/d6-site/d6/C2Data-2541-Type1;212158.0000;DATA;1611602593.691524
/ndn/s13-site/s13/C2Data-5203-Type2;417.0000;NACK;1611602595.255476
/ndn/v3-site/v3/C2Data-5808-Type1;270053.0000;DATA;1611602595.584536
/ndn/d2-site/d2/C2Data-2057-Type2;147239.0000;DATA;1611602595.926498
/ndn/s6-site/s6/C2Data-2196-Type3;202455.0000;DATA;1611602609.286434
/ndn/s13-site/s13/C2Data-2623-Type3;530.0000;NACK;1611602610.467564
/ndn/s12-site/s12/C2Data-2562-Type3;455.0000;NACK;1611602611.369564
/ndn/d2-site/d2/C2Data-1037-Type3;147605.0000;DATA;1611602614.530546
/ndn/v9-site/v9/C2Data-6535-Type2;435.0000;NACK;1611602615.996426
/ndn/d8-site/d8/C2Data-2784-Type2;119449.0000;DATA;1611602616.727467
/ndn/s9-site/s9/C2Data-4720-Type1;234247.0000;DATA;1611602616.848555
/ndn/d13-site/d13/C2Data-1708-Type3;187153.0000;DATA;1611602617.393702
/ndn/d3-site/d3/C2Data-1098-Type3;189043.0000;DATA;1611602619.801454
/ndn/d7-site/d7/C2Data-2663-Type2;140310.0000;DATA;1611602620.015445
/ndn/d6-site/d6/C2Data-2542-Type2;212970.0000;DATA;1611602623.031476
/ndn/h9-site/h9/C2Data-549-Type3;188111.0000;DATA;1611602623.142453
/ndn/h5-site/h5/C2Data-606-Type2;214763.0000;DATA;1611602623.981438
/ndn/v12-site/v12/C2Data-3477-Type3;24746.0000;DATA;1611602624.778512
/ndn/s9-site/s9/C2Data-2379-Type3;241978.0000;DATA;1611602624.935269
/ndn/h12-site/h12/C2Data-1453-Type2;309959.0000;DATA;1611602625.186527
/ndn/d7-site/d7/C2Data-1342-Type3;143711.0000;DATA;1611602625.592523
/ndn/h12-site/h12/C2Data-732-Type3;334828.0000;DATA;1611602628.541535
/ndn/h7-site/h7/C2Data-427-Type3;354596.0000;DATA;1611602630.589474
/ndn/s2-site/s2/C2Data-1952-Type3;212656.0000;DATA;1611602632.588480
/ndn/h14-site/h14/C2Data-1696-Type2;259530.0000;DATA;1611602645.440559
/ndn/s8-site/s8/C2Data-4600-Type2;284170.0000;DATA;1611602646.526607
/ndn/h6-site/h6/C2Data-728-Type2;265682.0000;DATA;1611602648.331644
/ndn/h3-site/h3/C2Data-365-Type2;50219.0000;DATA;1611602648.983762
/ndn/s11-site/s11/C2Data-4963-Type1;312267.0000;DATA;1611602648.808092
/ndn/d3-site/d3/C2Data-2180-Type1;198598.0000;DATA;1611602651.027520
/ndn/s8-site/s8/C2Data-4600-Type1;280016.0000;DATA;1611602651.077732
/ndn/h12-site/h12/C2Data-1454-Type2;302676.0000;DATA;1611602652.799505
/ndn/v2-site/v2/C2Data-5689-Type2;167113.0000;DATA;1611602653.920534
/ndn/h11-site/h11/C2Data-1333-Type2;222675.0000;DATA;1611602655.633472
/ndn/v3-site/v3/C2Data-5810-Type1;264655.0000;DATA;1611602655.620556
/ndn/d10-site/d10/C2Data-3027-Type1;270134.0000;DATA;1611602656.320509
/ndn/h5-site/h5/C2Data-607-Type2;222014.0000;DATA;1611602656.566464
/ndn/d6-site/d6/C2Data-1282-Type3;236322.0000;DATA;1611602669.708554
/ndn/d8-site/d8/C2Data-1404-Type3;117866.0000;DATA;1611602670.369970
/ndn/d2-site/d2/C2Data-1038-Type3;146514.0000;DATA;1611602674.683721
/ndn/h4-site/h4/C2Data-245-Type3;262910.0000;DATA;1611602674.608470
/ndn/d3-site/d3/C2Data-2181-Type1;191416.0000;DATA;1611602675.471548
/ndn/v12-site/v12/C2Data-6900-Type1;25043.0000;DATA;1611602675.749498
/ndn/v12-site/v12/C2Data-3478-Type3;26491.0000;DATA;1611602677.128458
/ndn/v10-site/v10/C2Data-6658-Type2;138956.0000;DATA;1611602677.211509
/ndn/v9-site/v9/C2Data-6537-Type2;289435.0000;DATA;1611602677.322480
/ndn/h5-site/h5/C2Data-608-Type1;214749.0000;DATA;1611602677.831459
/ndn/v14-site/v14/C2Data-3600-Type3;217597.0000;DATA;1611602678.046554
/ndn/s11-site/s11/C2Data-4964-Type2;306981.0000;DATA;1611602678.099446
/ndn/d2-site/d2/C2Data-2060-Type1;141329.0000;DATA;1611602678.594508
/ndn/s9-site/s9/C2Data-2380-Type3;234860.0000;DATA;1611602680.234450
/ndn/h0-site/h0/C2Data-3-Type1;285327.0000;DATA;1611602680.904469
/ndn/s7-site/s7/C2Data-4480-Type2;6000382.0000;TIMEOUT;1611602676.755473
/ndn/h14-site/h14/C2Data-855-Type3;257480.0000;DATA;1611602683.694511
/ndn/h5-site/h5/C2Data-306-Type3;213823.0000;DATA;1611602686.687482
/ndn/h0-site/h0/C2Data-1-Type3;282639.0000;DATA;1611602689.250539
/ndn/d11-site/d11/C2Data-1587-Type3;72821.0000;DATA;1611602689.713636
/ndn/s11-site/s11/C2Data-4964-Type1;6003639.0000;TIMEOUT;1611602684.134606
/ndn/s5-site/s5/C2Data-2136-Type3;6002683.0000;TIMEOUT;1611602687.632529
/ndn/d14-site/d14/C2Data-725-Type4;246723.0000;DATA;1611602696.815544
/ndn/h8-site/h8/C2Data-972-Type1;190774.0000;DATA;1611602706.435497
/ndn/v13-site/v13/C2Data-1075-Type4;237453.0000;DATA;1611602707.974097
/ndn/h7-site/h7/C2Data-851-Type2;319074.0000;DATA;1611602708.983525
/ndn/h6-site/h6/C2Data-150-Type4;269298.0000;DATA;1611602709.381432
/ndn/s4-site/s4/C2Data-4118-Type1;6000243.0000;TIMEOUT;1611602706.504531
/ndn/d14-site/d14/C2Data-3513-Type2;211506.0000;DATA;1611602713.029517
/ndn/d11-site/d11/C2Data-3150-Type1;71369.0000;DATA;1611602714.123450
/ndn/v4-site/v4/C2Data-850-Type4;23862.0000;DATA;1611602714.839591
/ndn/h0-site/h0/C2Data-4-Type1;291327.0000;DATA;1611602714.742478
/ndn/v0-site/v0/C2Data-5449-Type1;222388.0000;DATA;1611602715.517658
/ndn/s5-site/s5/C2Data-4239-Type1;6000617.0000;TIMEOUT;1611602710.041448
/ndn/d4-site/d4/C2Data-2303-Type2;211400.0000;DATA;1611602716.099534
/ndn/s14-site/s14/C2Data-5328-Type2;6002743.0000;TIMEOUT;1611602711.525592
/ndn/d10-site/d10/C2Data-625-Type4;262974.0000;DATA;1611602724.635104
/ndn/v8-site/v8/C2Data-950-Type4;310328.0000;DATA;1611602726.833836
/ndn/h13-site/h13/C2Data-795-Type3;253732.0000;DATA;1611602733.274509
/ndn/v7-site/v7/C2Data-925-Type4;48331.0000;DATA;1611602734.442441
/ndn/h12-site/h12/C2Data-300-Type4;309398.0000;DATA;1611602734.968495
/ndn/d9-site/d9/C2Data-600-Type4;174231.0000;DATA;1611602735.735485
/ndn/s1-site/s1/C2Data-1893-Type3;6000210.0000;TIMEOUT;1611602730.027532
/ndn/d0-site/d0/C2Data-375-Type4;121134.0000;DATA;1611602737.720623
/ndn/d2-site/d2/C2Data-2062-Type1;143414.0000;DATA;1611602738.473457
/ndn/d8-site/d8/C2Data-2788-Type2;117509.0000;DATA;1611602739.088508
/ndn/h6-site/h6/C2Data-368-Type3;268651.0000;DATA;1611602738.962493
/ndn/d12-site/d12/C2Data-3272-Type1;95906.0000;DATA;1611602739.721462
/ndn/d3-site/d3/C2Data-2183-Type1;187853.0000;DATA;1611602742.013516
/ndn/d12-site/d12/C2Data-1649-Type3;92558.0000;DATA;1611602742.296450
/ndn/v4-site/v4/C2Data-5934-Type2;24181.0000;DATA;1611602743.057483
/ndn/h14-site/h14/C2Data-1699-Type2;262014.0000;DATA;1611602742.818497
/ndn/h0-site/h0/C2Data-5-Type2;276771.0000;DATA;1611602743.301559
/ndn/d1-site/d1/C2Data-978-Type3;277389.0000;DATA;1611602743.380522
/ndn/d6-site/d6/C2Data-2546-Type2;211344.0000;DATA;1611602743.828560
/ndn/s0-site/s0/C2Data-3635-Type1;6000571.0000;TIMEOUT;1611602738.391605
/ndn/h12-site/h12/C2Data-734-Type3;312143.0000;DATA;1611602744.167575
/ndn/s12-site/s12/C2Data-2564-Type3;6000254.0000;TIMEOUT;1611602739.099518
/ndn/s10-site/s10/C2Data-2442-Type3;6000744.0000;TIMEOUT;1611602739.870499
/ndn/d14-site/d14/C2Data-3514-Type2;217063.0000;DATA;1611602745.838436
/ndn/d2-site/d2/C2Data-1039-Type3;143154.0000;DATA;1611602747.518562
/ndn/d11-site/d11/C2Data-3152-Type2;72354.0000;DATA;1611602765.885453
/ndn/d12-site/d12/C2Data-3273-Type1;95633.0000;DATA;1611602766.225477
/ndn/v7-site/v7/C2Data-6298-Type2;49158.0000;DATA;1611602767.198489
/ndn/v2-site/v2/C2Data-5693-Type2;166975.0000;DATA;1611602767.888469
/ndn/v0-site/v0/C2Data-5451-Type2;214318.0000;DATA;1611602768.915498
/ndn/d0-site/d0/C2Data-1821-Type2;122963.0000;DATA;1611602769.219527
/ndn/v8-site/v8/C2Data-6419-Type1;255036.0000;DATA;1611602769.648564
/ndn/d13-site/d13/C2Data-3394-Type1;199677.0000;DATA;1611602769.861673
/ndn/h12-site/h12/C2Data-1458-Type1;312054.0000;DATA;1611602770.304531
/ndn/v4-site/v4/C2Data-5935-Type1;23448.0000;DATA;1611602771.927444
/ndn/h9-site/h9/C2Data-1095-Type1;195446.0000;DATA;1611602771.942434
/ndn/d5-site/d5/C2Data-2426-Type2;248876.0000;DATA;1611602772.540530
/ndn/v1-site/v1/C2Data-5572-Type1;24676.0000;DATA;1611602773.024561
/ndn/s10-site/s10/C2Data-4846-Type1;6000447.0000;TIMEOUT;1611602767.120559
/ndn/h2-site/h2/C2Data-248-Type2;314426.0000;DATA;1611602775.066559
/ndn/h13-site/h13/C2Data-1579-Type2;251568.0000;DATA;1611602776.450531
/ndn/d10-site/d10/C2Data-3031-Type1;264186.0000;DATA;1611602776.830449
/ndn/h0-site/h0/C2Data-7-Type1;188055.0000;DATA;1611602795.618529
/ndn/d2-site/d2/C2Data-2064-Type2;146849.0000;DATA;1611602796.942492
/ndn/d3-site/d3/C2Data-2185-Type1;189625.0000;DATA;1611602797.864567
/ndn/d12-site/d12/C2Data-3274-Type2;94923.0000;DATA;1611602798.515474
/ndn/h1-site/h1/C2Data-128-Type2;165026.0000;DATA;1611602799.051442
