/ndn/v2-site/v2/C2Data-3872-Type1;145827.0000;DATA;1612148041.999918
/ndn/s9-site/s9/C2Data-3509-Type2;33665.0000;DATA;1612148042.835522
/ndn/s2-site/s2/C2Data-2662-Type2;125186.0000;DATA;1612148044.339644
/ndn/s8-site/s8/C2Data-3388-Type2;96739.0000;DATA;1612148047.366527
/ndn/h4-site/h4/C2Data-484-Type1;124939.0000;DATA;1612148048.297169
/ndn/v5-site/v5/C2Data-2135-Type3;24848.0000;DATA;1612148069.494702
/ndn/h0-site/h0/C2Data-1-Type2;227827.0000;DATA;1612148071.536962
/ndn/h8-site/h8/C2Data-969-Type1;74256.0000;DATA;1612148072.146672
/ndn/v8-site/v8/C2Data-2318-Type3;138909.0000;DATA;1612148072.198668
/ndn/h8-site/h8/C2Data-969-Type2;72653.0000;DATA;1612148073.405840
/ndn/h5-site/h5/C2Data-305-Type3;144446.0000;DATA;1612148074.307165
/ndn/h3-site/h3/C2Data-183-Type3;74694.0000;DATA;1612148078.794416
/ndn/h2-site/h2/C2Data-122-Type3;97972.0000;DATA;1612148078.823846
/ndn/s2-site/s2/C2Data-2663-Type1;99200.0000;DATA;1612148079.971579
/ndn/v7-site/v7/C2Data-2257-Type3;218996.0000;DATA;1612148082.578297
/ndn/s5-site/s5/C2Data-1525-Type3;96353.0000;DATA;1612148085.539716
/ndn/h0-site/h0/C2Data-0-Type3;221182.0000;DATA;1612148085.631934
/ndn/s6-site/s6/C2Data-3148-Type1;219064.0000;DATA;1612148099.698889
/ndn/h4-site/h4/C2Data-486-Type1;150879.0000;DATA;1612148102.200744
/ndn/s4-site/s4/C2Data-2906-Type2;165684.0000;DATA;1612148104.041701
/ndn/d7-site/d7/C2Data-2059-Type2;150511.0000;DATA;1612148105.262489
/ndn/v7-site/v7/C2Data-4479-Type1;189158.0000;DATA;1612148108.591432
/ndn/h5-site/h5/C2Data-607-Type2;204084.0000;DATA;1612148108.802671
/ndn/s1-site/s1/C2Data-2543-Type1;28140.0000;DATA;1612148110.103958
/ndn/s3-site/s3/C2Data-1404-Type3;28918.0000;DATA;1612148122.363489
/ndn/d2-site/d2/C2Data-733-Type3;227076.0000;DATA;1612148122.385442
/ndn/d0-site/d0/C2Data-611-Type3;51300.0000;DATA;1612148128.259569
/ndn/s2-site/s2/C2Data-1343-Type3;100016.0000;DATA;1612148128.861976
/ndn/v7-site/v7/C2Data-4480-Type1;204930.0000;DATA;1612148128.803874
/ndn/s0-site/s0/C2Data-1221-Type3;159979.0000;DATA;1612148131.820589
