/ndn/d4-site/d4/C2Data-1694-Type1;124122.0000;DATA;1612146286.296767
/ndn/h1-site/h1/C2Data-121-Type1;131528.0000;DATA;1612146287.057450
/ndn/d1-site/d1/C2Data-1331-Type2;187480.0000;DATA;1612146288.607179
/ndn/h0-site/h0/C2Data-0-Type1;242205.0000;DATA;1612146289.339750
/ndn/d7-site/d7/C2Data-2057-Type2;219500.0000;DATA;1612146291.570755
/ndn/v2-site/v2/C2Data-3872-Type2;237597.0000;DATA;1612146292.377445
/ndn/s7-site/s7/C2Data-3267-Type2;146395.0000;DATA;1612146293.849991
/ndn/s3-site/s3/C2Data-1403-Type3;57980.0000;DATA;1612146311.143584
/ndn/s7-site/s7/C2Data-1647-Type3;164161.0000;DATA;1612146312.465789
/ndn/h0-site/h0/C2Data-0-Type3;207071.0000;DATA;1612146314.273266
/ndn/s2-site/s2/C2Data-2663-Type2;122768.0000;DATA;1612146318.664762
/ndn/s4-site/s4/C2Data-1464-Type3;224740.0000;DATA;1612146321.052104
/ndn/d9-site/d9/C2Data-2300-Type1;238789.0000;DATA;1612146321.888825
/ndn/s7-site/s7/C2Data-3268-Type1;145571.0000;DATA;1612146322.219913
/ndn/s2-site/s2/C2Data-1342-Type3;122896.0000;DATA;1612146322.966795
/ndn/d1-site/d1/C2Data-1332-Type1;166962.0000;DATA;1612146324.926518
/ndn/v0-site/v0/C2Data-3631-Type2;94056.0000;DATA;1612146325.451768
/ndn/s3-site/s3/C2Data-2784-Type1;24290.0000;DATA;1612146326.410870
/ndn/h5-site/h5/C2Data-305-Type3;97469.0000;DATA;1612146326.446007
/ndn/d1-site/d1/C2Data-1333-Type2;174554.0000;DATA;1612146348.437095
/ndn/v6-site/v6/C2Data-4358-Type1;112361.0000;DATA;1612146349.552883
/ndn/s0-site/s0/C2Data-2422-Type2;136056.0000;DATA;1612146352.859653
/ndn/v5-site/v5/C2Data-4237-Type1;77811.0000;DATA;1612146353.075448
/ndn/h8-site/h8/C2Data-970-Type2;25131.0000;DATA;1612146353.431048
/ndn/s1-site/s1/C2Data-2543-Type1;75762.0000;DATA;1612146353.508779
/ndn/h4-site/h4/C2Data-245-Type3;84935.0000;DATA;1612146375.760755
/ndn/d1-site/d1/C2Data-1334-Type1;224825.0000;DATA;1612146375.742792
/ndn/v6-site/v6/C2Data-4359-Type2;97351.0000;DATA;1612146376.036577
/ndn/h4-site/h4/C2Data-487-Type2;75124.0000;DATA;1612146376.958622
/ndn/v3-site/v3/C2Data-2014-Type3;209527.0000;DATA;1612146378.279078
/ndn/h5-site/h5/C2Data-608-Type1;97323.0000;DATA;1612146378.770809
/ndn/v0-site/v0/C2Data-3633-Type1;105215.0000;DATA;1612146380.182870
/ndn/v8-site/v8/C2Data-4601-Type1;103733.0000;DATA;1612146380.968315
/ndn/v3-site/v3/C2Data-3996-Type1;190220.0000;DATA;1612146381.219797
