/ndn/v0-site/v0/C2Data-5445-Type1;184831.0000;DATA;1611605675.719052
/ndn/d7-site/d7/C2Data-2662-Type1;118739.0000;DATA;1611605679.738102
/ndn/s10-site/s10/C2Data-4840-Type1;595.0000;NACK;1611605680.404149
/ndn/v4-site/v4/C2Data-5929-Type1;92994.0000;DATA;1611605680.849738
/ndn/h0-site/h0/C2Data-0-Type1;158234.0000;DATA;1611605680.904120
/ndn/h1-site/h1/C2Data-121-Type1;23963.0000;DATA;1611605681.796726
/ndn/h8-site/h8/C2Data-968-Type1;162479.0000;DATA;1611605685.548220
/ndn/s0-site/s0/C2Data-3630-Type1;70785.0000;DATA;1611605685.981129
/ndn/d13-site/d13/C2Data-1708-Type3;33614.0000;DATA;1611605698.779134
/ndn/s3-site/s3/C2Data-2013-Type3;520.0000;NACK;1611605699.868139
/ndn/v5-site/v5/C2Data-3050-Type3;92678.0000;DATA;1611605704.255076
/ndn/s10-site/s10/C2Data-2440-Type3;99939.0000;DATA;1611605704.674202
/ndn/d0-site/d0/C2Data-1816-Type2;73626.0000;DATA;1611605704.756785
/ndn/d3-site/d3/C2Data-1098-Type3;175260.0000;DATA;1611605704.811064
/ndn/h3-site/h3/C2Data-364-Type2;591.0000;DATA;1611605705.657044
/ndn/s4-site/s4/C2Data-4115-Type2;23687.0000;DATA;1611605706.017208
/ndn/s14-site/s14/C2Data-5325-Type1;52355.0000;DATA;1611605706.062165
/ndn/s9-site/s9/C2Data-4720-Type2;68990.0000;DATA;1611605706.471122
/ndn/d4-site/d4/C2Data-2300-Type2;23380.0000;DATA;1611605707.881133
/ndn/s13-site/s13/C2Data-5204-Type1;646.0000;NACK;1611605708.390105
/ndn/d14-site/d14/C2Data-3510-Type2;23630.0000;DATA;1611605709.508132
/ndn/s0-site/s0/C2Data-1830-Type3;96828.0000;DATA;1611605711.092139
/ndn/h4-site/h4/C2Data-485-Type2;549.0000;DATA;1611605712.338041
/ndn/h12-site/h12/C2Data-1453-Type2;23610.0000;DATA;1611605712.346306
/ndn/v4-site/v4/C2Data-5930-Type2;94242.0000;DATA;1611605712.649224
/ndn/s6-site/s6/C2Data-4357-Type1;172893.0000;DATA;1611605712.883196
/ndn/d14-site/d14/C2Data-3510-Type1;53511.0000;DATA;1611605713.094368
/ndn/d12-site/d12/C2Data-3268-Type1;98452.0000;DATA;1611605714.846070
/ndn/s6-site/s6/C2Data-2196-Type3;47006.0000;DATA;1611605718.012209
/ndn/h10-site/h10/C2Data-610-Type3;23881.0000;DATA;1611605719.872143
/ndn/v2-site/v2/C2Data-2867-Type3;23581.0000;DATA;1611605720.777167
/ndn/v7-site/v7/C2Data-3172-Type3;50361.0000;DATA;1611605721.242086
/ndn/s8-site/s8/C2Data-4600-Type1;48904.0000;DATA;1611605734.133991
/ndn/s2-site/s2/C2Data-3874-Type1;23671.0000;DATA;1611605736.634108
/ndn/d6-site/d6/C2Data-2543-Type2;191185.0000;DATA;1611605736.521223
/ndn/v10-site/v10/C2Data-6657-Type2;123938.0000;DATA;1611605736.953046
/ndn/d9-site/d9/C2Data-2906-Type1;142632.0000;DATA;1611605737.734176
/ndn/s12-site/s12/C2Data-5084-Type1;616.0000;DATA;1611605738.681231
/ndn/d3-site/d3/C2Data-2180-Type1;95591.0000;DATA;1611605740.967132
/ndn/h12-site/h12/C2Data-1454-Type2;24322.0000;DATA;1611605742.487044
/ndn/h5-site/h5/C2Data-607-Type2;94134.0000;DATA;1611605744.050091
/ndn/h3-site/h3/C2Data-365-Type2;664.0000;DATA;1611605744.696137
/ndn/s7-site/s7/C2Data-4479-Type2;23520.0000;DATA;1611605745.040137
/ndn/v12-site/v12/C2Data-6899-Type2;92539.0000;DATA;1611605745.653119
/ndn/h3-site/h3/C2Data-365-Type1;545.0000;DATA;1611605745.973210
/ndn/d13-site/d13/C2Data-1709-Type3;23472.0000;DATA;1611605758.626139
/ndn/d5-site/d5/C2Data-1221-Type3;116889.0000;DATA;1611605758.606191
/ndn/d2-site/d2/C2Data-1038-Type3;46414.0000;DATA;1611605762.707145
/ndn/v9-site/v9/C2Data-6537-Type1;99217.0000;DATA;1611605765.359120
/ndn/h13-site/h13/C2Data-1576-Type1;47868.0000;DATA;1611605766.314088
/ndn/s14-site/s14/C2Data-5327-Type2;447.0000;DATA;1611605768.917055
/ndn/h3-site/h3/C2Data-366-Type1;96312.0000;DATA;1611605769.915113
/ndn/s0-site/s0/C2Data-1831-Type3;50418.0000;DATA;1611605770.072113
/ndn/h8-site/h8/C2Data-200-Type4;145582.0000;DATA;1611605770.615159
/ndn/d9-site/d9/C2Data-1465-Type3;23447.0000;DATA;1611605771.251152
/ndn/h9-site/h9/C2Data-1092-Type2;23732.0000;DATA;1611605771.392032
/ndn/s5-site/s5/C2Data-2136-Type3;23365.0000;DATA;1611605771.604038
/ndn/s9-site/s9/C2Data-4722-Type2;23684.0000;DATA;1611605771.603053
/ndn/h5-site/h5/C2Data-608-Type1;23421.0000;DATA;1611605771.677100
/ndn/v12-site/v12/C2Data-1050-Type4;165359.0000;DATA;1611605772.139118
/ndn/v2-site/v2/C2Data-5690-Type1;145580.0000;DATA;1611605772.479125
/ndn/d11-site/d11/C2Data-1587-Type3;710.0000;DATA;1611605773.019261
/ndn/v8-site/v8/C2Data-6416-Type1;70063.0000;DATA;1611605773.194064
/ndn/h1-site/h1/C2Data-25-Type4;23664.0000;DATA;1611605773.600150
/ndn/v7-site/v7/C2Data-925-Type4;95002.0000;DATA;1611605773.833117
/ndn/h12-site/h12/C2Data-1455-Type1;23600.0000;DATA;1611605775.840126
/ndn/h11-site/h11/C2Data-672-Type3;23609.0000;DATA;1611605777.279123
/ndn/d8-site/d8/C2Data-1404-Type3;638.0000;DATA;1611605778.411044
/ndn/h5-site/h5/C2Data-306-Type3;33654.0000;DATA;1611605778.880117
/ndn/v14-site/v14/C2Data-3600-Type3;661.0000;DATA;1611605779.995138
/ndn/d2-site/d2/C2Data-425-Type4;31805.0000;DATA;1611605790.535127
/ndn/h0-site/h0/C2Data-0-Type4;704.0000;DATA;1611605790.986112
/ndn/s13-site/s13/C2Data-5207-Type2;47083.0000;DATA;1611605795.506146
/ndn/v10-site/v10/C2Data-6659-Type1;118730.0000;DATA;1611605795.987192
/ndn/d12-site/d12/C2Data-3271-Type2;100831.0000;DATA;1611605796.174258
/ndn/v11-site/v11/C2Data-6780-Type2;682.0000;DATA;1611605796.906031
/ndn/v2-site/v2/C2Data-800-Type4;25435.0000;DATA;1611605797.908132
/ndn/h3-site/h3/C2Data-367-Type1;95492.0000;DATA;1611605798.426077
/ndn/d5-site/d5/C2Data-2424-Type2;126720.0000;DATA;1611605799.621134
/ndn/v2-site/v2/C2Data-5691-Type1;147101.0000;DATA;1611605799.786135
/ndn/h2-site/h2/C2Data-246-Type1;46767.0000;DATA;1611605800.917109
/ndn/h1-site/h1/C2Data-125-Type1;24219.0000;DATA;1611605802.909141
/ndn/h12-site/h12/C2Data-1456-Type2;47875.0000;DATA;1611605804.701167
/ndn/d2-site/d2/C2Data-2061-Type1;652.0000;DATA;1611605804.857099
/ndn/v2-site/v2/C2Data-5691-Type2;23873.0000;DATA;1611605805.025054
/ndn/h11-site/h11/C2Data-275-Type4;29117.0000;DATA;1611605811.844087
/ndn/d0-site/d0/C2Data-917-Type3;75117.0000;DATA;1611605819.965133
/ndn/s1-site/s1/C2Data-1893-Type3;23786.0000;DATA;1611605820.310112
/ndn/d0-site/d0/C2Data-375-Type4;26472.0000;DATA;1611605820.581062
/ndn/v5-site/v5/C2Data-3052-Type3;26427.0000;DATA;1611605821.768214
/ndn/s13-site/s13/C2Data-5208-Type1;214767.0000;DATA;1611605824.211059
/ndn/s9-site/s9/C2Data-4724-Type2;74186.0000;DATA;1611605824.571137
/ndn/d5-site/d5/C2Data-500-Type4;99427.0000;DATA;1611605825.822158
/ndn/v1-site/v1/C2Data-5571-Type1;23408.0000;DATA;1611605826.785069
/ndn/v3-site/v3/C2Data-5813-Type1;71649.0000;DATA;1611605827.419136
/ndn/d3-site/d3/C2Data-2183-Type1;95818.0000;DATA;1611605827.891714
/ndn/d4-site/d4/C2Data-2304-Type1;714.0000;DATA;1611605828.112186
/ndn/v8-site/v8/C2Data-6418-Type2;560.0000;DATA;1611605829.750085
/ndn/h11-site/h11/C2Data-1336-Type1;47233.0000;DATA;1611605830.181078
/ndn/h5-site/h5/C2Data-610-Type2;542.0000;DATA;1611605830.678051
/ndn/v1-site/v1/C2Data-5571-Type2;25467.0000;DATA;1611605830.992089
/ndn/s12-site/s12/C2Data-5087-Type1;568.0000;DATA;1611605832.851118
/ndn/v12-site/v12/C2Data-3479-Type3;25106.0000;DATA;1611605832.974095
/ndn/d14-site/d14/C2Data-3514-Type2;24215.0000;DATA;1611605833.008159
/ndn/s7-site/s7/C2Data-4482-Type2;24433.0000;DATA;1611605834.114112
/ndn/h4-site/h4/C2Data-489-Type1;723.0000;DATA;1611605834.440062
/ndn/s10-site/s10/C2Data-4845-Type2;23750.0000;DATA;1611605835.127117
/ndn/v10-site/v10/C2Data-3357-Type3;31248.0000;DATA;1611605835.521025
/ndn/s12-site/s12/C2Data-2564-Type3;545.0000;DATA;1611605839.756107
/ndn/s8-site/s8/C2Data-2320-Type3;24341.0000;DATA;1611605841.574063
/ndn/s5-site/s5/C2Data-2137-Type3;753.0000;DATA;1611605841.958091
/ndn/d11-site/d11/C2Data-1588-Type3;30758.0000;DATA;1611605842.084120
/ndn/v12-site/v12/C2Data-6903-Type1;173747.0000;DATA;1611605854.529608
/ndn/d9-site/d9/C2Data-2910-Type1;73923.0000;DATA;1611605854.984114
/ndn/d6-site/d6/C2Data-2547-Type1;199090.0000;DATA;1611605857.200050
/ndn/d11-site/d11/C2Data-3152-Type1;97712.0000;DATA;1611605857.559081
/ndn/s4-site/s4/C2Data-4120-Type1;126415.0000;DATA;1611605858.841296
/ndn/h1-site/h1/C2Data-127-Type1;629.0000;DATA;1611605862.383105
/ndn/h0-site/h0/C2Data-6-Type2;568.0000;DATA;1611605863.588239
/ndn/d13-site/d13/C2Data-3394-Type2;560.0000;DATA;1611605863.826253
/ndn/d14-site/d14/C2Data-3515-Type1;53629.0000;DATA;1611605863.820055
/ndn/v1-site/v1/C2Data-2809-Type3;141667.0000;DATA;1611605878.220085
/ndn/s8-site/s8/C2Data-2321-Type3;47760.0000;DATA;1611605878.641860
/ndn/d8-site/d8/C2Data-1406-Type3;73455.0000;DATA;1611605878.914163
/ndn/h9-site/h9/C2Data-552-Type3;94402.0000;DATA;1611605882.918668
/ndn/v0-site/v0/C2Data-2748-Type3;100103.0000;DATA;1611605884.357105
/ndn/h0-site/h0/C2Data-7-Type2;173284.0000;DATA;1611605885.346232
/ndn/s14-site/s14/C2Data-5331-Type1;698.0000;DATA;1611605886.557130
/ndn/s9-site/s9/C2Data-4726-Type1;74324.0000;DATA;1611605887.530433
/ndn/v12-site/v12/C2Data-3480-Type3;100739.0000;DATA;1611605887.743131
/ndn/h13-site/h13/C2Data-1580-Type1;47962.0000;DATA;1611605888.211087
/ndn/h5-site/h5/C2Data-612-Type1;639.0000;DATA;1611605889.231163
