/ndn/v8-site/v8/C2Data-6413-Type1;25660.0000;DATA;1611609744.958200
/ndn/d4-site/d4/C2Data-2299-Type2;213263.0000;DATA;1611609745.929156
/ndn/h5-site/h5/C2Data-605-Type2;76512.0000;DATA;1611609749.225126
/ndn/d7-site/d7/C2Data-2662-Type2;155212.0000;DATA;1611609750.238167
/ndn/s14-site/s14/C2Data-5324-Type1;1563.0000;NACK;1611609750.577962
/ndn/v1-site/v1/C2Data-5566-Type2;1001.0000;NACK;1611609750.592706
/ndn/h1-site/h1/C2Data-121-Type1;239860.0000;DATA;1611609750.370167
/ndn/v13-site/v13/C2Data-7018-Type1;149861.0000;DATA;1611609751.319198
/ndn/h9-site/h9/C2Data-1089-Type2;72680.0000;DATA;1611609751.645194
/ndn/s13-site/s13/C2Data-5203-Type1;49034.0000;DATA;1611609752.461163
/ndn/v6-site/v6/C2Data-6171-Type1;390.0000;NACK;1611609753.396136
/ndn/v4-site/v4/C2Data-2989-Type3;654.0000;NACK;1611609767.901136
/ndn/h9-site/h9/C2Data-549-Type3;97574.0000;DATA;1611609769.966142
/ndn/v13-site/v13/C2Data-3538-Type3;172988.0000;DATA;1611609770.811114
/ndn/h7-site/h7/C2Data-427-Type3;577.0000;DATA;1611609772.294182
/ndn/s1-site/s1/C2Data-3752-Type2;48877.0000;DATA;1611609774.224155
/ndn/d4-site/d4/C2Data-2300-Type1;50821.0000;DATA;1611609775.880112
/ndn/v5-site/v5/C2Data-6051-Type1;612.0000;NACK;1611609776.603131
/ndn/s13-site/s13/C2Data-2623-Type3;50891.0000;DATA;1611609776.669108
/ndn/s5-site/s5/C2Data-4236-Type2;168607.0000;DATA;1611609776.554150
/ndn/s3-site/s3/C2Data-3994-Type2;94680.0000;DATA;1611609776.673104
/ndn/h8-site/h8/C2Data-969-Type2;46596.0000;DATA;1611609777.953144
/ndn/d1-site/d1/C2Data-1937-Type2;504.0000;NACK;1611609778.864197
/ndn/v5-site/v5/C2Data-6051-Type2;564.0000;NACK;1611609779.521211
/ndn/h12-site/h12/C2Data-732-Type3;582.0000;NACK;1611609780.201121
/ndn/d9-site/d9/C2Data-2905-Type2;115183.0000;DATA;1611609780.894229
/ndn/s2-site/s2/C2Data-1952-Type3;139878.0000;DATA;1611609781.057198
/ndn/h10-site/h10/C2Data-610-Type3;23674.0000;DATA;1611609781.189118
/ndn/s0-site/s0/C2Data-3631-Type2;46847.0000;DATA;1611609781.280250
/ndn/h1-site/h1/C2Data-61-Type3;48363.0000;DATA;1611609782.153133
/ndn/s4-site/s4/C2Data-2074-Type3;120590.0000;DATA;1611609782.476115
/ndn/s13-site/s13/C2Data-5204-Type2;27284.0000;DATA;1611609782.599119
/ndn/d13-site/d13/C2Data-3389-Type1;191301.0000;DATA;1611609782.482127
/ndn/h1-site/h1/C2Data-122-Type1;119446.0000;DATA;1611609783.533159
/ndn/h10-site/h10/C2Data-1211-Type1;46900.0000;DATA;1611609784.061155
/ndn/v7-site/v7/C2Data-3172-Type3;46298.0000;DATA;1611609785.597222
/ndn/h6-site/h6/C2Data-366-Type3;23320.0000;DATA;1611609786.879191
/ndn/d3-site/d3/C2Data-1098-Type3;23612.0000;DATA;1611609788.497146
/ndn/s2-site/s2/C2Data-3874-Type2;140378.0000;DATA;1611609804.581125
/ndn/v13-site/v13/C2Data-7020-Type2;48801.0000;DATA;1611609804.968160
/ndn/h6-site/h6/C2Data-728-Type2;26915.0000;DATA;1611609805.220124
/ndn/h2-site/h2/C2Data-244-Type2;46023.0000;DATA;1611609805.771165
/ndn/s13-site/s13/C2Data-5205-Type2;48436.0000;DATA;1611609806.011165
/ndn/v10-site/v10/C2Data-6657-Type1;441.0000;NACK;1611609807.881183
/ndn/d2-site/d2/C2Data-2059-Type2;220763.0000;DATA;1611609808.660192
/ndn/d7-site/d7/C2Data-2664-Type1;69227.0000;DATA;1611609810.265152
/ndn/h9-site/h9/C2Data-1091-Type1;94377.0000;DATA;1611609810.394111
/ndn/d12-site/d12/C2Data-3269-Type1;189606.0000;DATA;1611609810.530130
/ndn/d12-site/d12/C2Data-3269-Type2;47883.0000;DATA;1611609811.079113
/ndn/v14-site/v14/C2Data-7141-Type1;47834.0000;DATA;1611609811.358143
/ndn/d10-site/d10/C2Data-3027-Type1;48534.0000;DATA;1611609813.719139
/ndn/v8-site/v8/C2Data-6415-Type1;24906.0000;DATA;1611609814.552147
/ndn/d10-site/d10/C2Data-3027-Type2;27031.0000;DATA;1611609814.844149
/ndn/d3-site/d3/C2Data-2180-Type2;163406.0000;DATA;1611609814.714175
/ndn/v2-site/v2/C2Data-5689-Type2;50738.0000;DATA;1611609815.359164
/ndn/s11-site/s11/C2Data-2502-Type3;85402.0000;DATA;1611609829.512060
/ndn/v5-site/v5/C2Data-6053-Type1;296219.0000;DATA;1611609837.194117
/ndn/s14-site/s14/C2Data-5327-Type1;186338.0000;DATA;1611609838.062188
/ndn/d6-site/d6/C2Data-2544-Type2;168849.0000;DATA;1611609838.979108
/ndn/h4-site/h4/C2Data-487-Type1;48128.0000;DATA;1611609839.168173
/ndn/s8-site/s8/C2Data-4601-Type2;169621.0000;DATA;1611609839.119161
/ndn/d5-site/d5/C2Data-2423-Type2;46732.0000;DATA;1611609839.451220
/ndn/h5-site/h5/C2Data-608-Type2;72762.0000;DATA;1611609839.656145
/ndn/v3-site/v3/C2Data-5811-Type2;24969.0000;DATA;1611609839.722117
/ndn/d4-site/d4/C2Data-1160-Type3;191359.0000;DATA;1611609840.590151
/ndn/s13-site/s13/C2Data-5206-Type2;46421.0000;DATA;1611609840.846121
/ndn/v1-site/v1/C2Data-2807-Type3;145395.0000;DATA;1611609840.822219
/ndn/v3-site/v3/C2Data-5811-Type1;71382.0000;DATA;1611609841.104154
/ndn/s7-site/s7/C2Data-2258-Type3;50289.0000;DATA;1611609841.676154
/ndn/v9-site/v9/C2Data-6537-Type2;92134.0000;DATA;1611609842.308672
/ndn/d2-site/d2/C2Data-425-Type4;211338.0000;DATA;1611609842.315127
/ndn/h8-site/h8/C2Data-489-Type3;46654.0000;DATA;1611609842.680135
/ndn/d3-site/d3/C2Data-2181-Type2;119215.0000;DATA;1611609843.928135
/ndn/h13-site/h13/C2Data-1576-Type1;120446.0000;DATA;1611609844.004178
/ndn/s2-site/s2/C2Data-1953-Type3;562.0000;DATA;1611609844.269173
/ndn/d0-site/d0/C2Data-1818-Type1;72732.0000;DATA;1611609844.325226
/ndn/h9-site/h9/C2Data-225-Type4;92581.0000;DATA;1611609845.146196
/ndn/v2-site/v2/C2Data-5690-Type2;554.0000;DATA;1611609845.282160
/ndn/s1-site/s1/C2Data-1892-Type3;523.0000;DATA;1611609845.351128
/ndn/h9-site/h9/C2Data-1092-Type2;26238.0000;DATA;1611609845.507245
/ndn/s4-site/s4/C2Data-2075-Type3;25341.0000;DATA;1611609849.524179
/ndn/d10-site/d10/C2Data-1526-Type3;53560.0000;DATA;1611609850.071178
/ndn/v8-site/v8/C2Data-3234-Type3;25116.0000;DATA;1611609851.155182
/ndn/d11-site/d11/C2Data-650-Type4;312017.0000;DATA;1611609853.866121
/ndn/h11-site/h11/C2Data-275-Type4;252637.0000;DATA;1611609856.249162
/ndn/v0-site/v0/C2Data-750-Type4;222820.0000;DATA;1611609857.511901
/ndn/h4-site/h4/C2Data-100-Type4;48960.0000;DATA;1611609860.712204
/ndn/v13-site/v13/C2Data-7022-Type1;137256.0000;DATA;1611609863.841255
/ndn/h3-site/h3/C2Data-367-Type1;80616.0000;DATA;1611609867.799182
/ndn/h10-site/h10/C2Data-1214-Type2;76083.0000;DATA;1611609868.153149
/ndn/d2-site/d2/C2Data-2061-Type1;72813.0000;DATA;1611609870.231154
/ndn/v13-site/v13/C2Data-7022-Type2;69091.0000;DATA;1611609870.417107
/ndn/v5-site/v5/C2Data-6054-Type1;70608.0000;DATA;1611609871.811173
/ndn/v14-site/v14/C2Data-7143-Type2;70522.0000;DATA;1611609871.926149
/ndn/d7-site/d7/C2Data-2666-Type1;48669.0000;DATA;1611609873.048138
/ndn/v10-site/v10/C2Data-1000-Type4;74317.0000;DATA;1611609873.210261
/ndn/h9-site/h9/C2Data-1093-Type1;48131.0000;DATA;1611609874.818186
/ndn/v11-site/v11/C2Data-6780-Type1;195898.0000;DATA;1611609874.895156
/ndn/v12-site/v12/C2Data-3479-Type3;265865.0000;DATA;1611609889.676124
/ndn/d1-site/d1/C2Data-978-Type3;207703.0000;DATA;1611609890.256105
/ndn/d13-site/d13/C2Data-1710-Type3;238530.0000;DATA;1611609891.120176
/ndn/v7-site/v7/C2Data-3174-Type3;146876.0000;DATA;1611609891.686151
/ndn/s9-site/s9/C2Data-2381-Type3;73950.0000;DATA;1611609894.021154
/ndn/s0-site/s0/C2Data-1832-Type3;46375.0000;DATA;1611609894.744124
/ndn/h3-site/h3/C2Data-368-Type2;74487.0000;DATA;1611609894.991124
/ndn/d2-site/d2/C2Data-2062-Type1;207401.0000;DATA;1611609896.250141
/ndn/h5-site/h5/C2Data-307-Type3;50842.0000;DATA;1611609897.265191
/ndn/h10-site/h10/C2Data-612-Type3;70541.0000;DATA;1611609897.844137
/ndn/s6-site/s6/C2Data-4361-Type1;192632.0000;DATA;1611609898.287135
/ndn/d5-site/d5/C2Data-1222-Type3;46511.0000;DATA;1611609898.988167
/ndn/d1-site/d1/C2Data-1941-Type2;23513.0000;DATA;1611609899.437174
/ndn/h2-site/h2/C2Data-247-Type1;176818.0000;DATA;1611609899.507180
/ndn/s12-site/s12/C2Data-2564-Type3;97466.0000;DATA;1611609899.841255
/ndn/v5-site/v5/C2Data-3052-Type3;48149.0000;DATA;1611609900.299124
/ndn/v0-site/v0/C2Data-5450-Type1;163289.0000;DATA;1611609900.453120
/ndn/h4-site/h4/C2Data-246-Type3;47361.0000;DATA;1611609902.510232
/ndn/s14-site/s14/C2Data-5329-Type1;47955.0000;DATA;1611609902.999109
/ndn/s3-site/s3/C2Data-3998-Type2;97252.0000;DATA;1611609903.462151
/ndn/s9-site/s9/C2Data-4724-Type2;24559.0000;DATA;1611609904.242154
/ndn/v0-site/v0/C2Data-5450-Type2;168826.0000;DATA;1611609904.314168
/ndn/v13-site/v13/C2Data-7023-Type1;610.0000;DATA;1611609905.349108
/ndn/d1-site/d1/C2Data-1941-Type1;217628.0000;DATA;1611609905.371190
/ndn/s5-site/s5/C2Data-4240-Type2;74248.0000;DATA;1611609905.587234
/ndn/d3-site/d3/C2Data-1100-Type3;48211.0000;DATA;1611609906.520148
/ndn/s3-site/s3/C2Data-2015-Type3;93968.0000;DATA;1611609906.844166
/ndn/v0-site/v0/C2Data-2747-Type3;56971.0000;DATA;1611609909.434170
/ndn/s13-site/s13/C2Data-2625-Type3;49717.0000;DATA;1611609911.780166
/ndn/v11-site/v11/C2Data-6782-Type2;679884.0000;DATA;1611609924.291155
/ndn/d14-site/d14/C2Data-3515-Type1;187784.0000;DATA;1611609924.866646
/ndn/v12-site/v12/C2Data-6903-Type2;77485.0000;DATA;1611609926.509144
/ndn/h11-site/h11/C2Data-1337-Type2;216629.0000;DATA;1611609926.575189
/ndn/s3-site/s3/C2Data-3999-Type1;98866.0000;DATA;1611609927.676113
/ndn/d13-site/d13/C2Data-3394-Type2;185036.0000;DATA;1611609929.061189
/ndn/h3-site/h3/C2Data-369-Type2;166994.0000;DATA;1611609929.698179
/ndn/s0-site/s0/C2Data-3636-Type2;117485.0000;DATA;1611609929.920137
/ndn/d9-site/d9/C2Data-2910-Type2;76611.0000;DATA;1611609930.661116
/ndn/h6-site/h6/C2Data-732-Type2;23914.0000;DATA;1611609930.823124
/ndn/d13-site/d13/C2Data-3394-Type1;50152.0000;DATA;1611609932.318199
/ndn/d11-site/d11/C2Data-3152-Type2;124511.0000;DATA;1611609933.387134
/ndn/h2-site/h2/C2Data-248-Type2;49540.0000;DATA;1611609934.328198
/ndn/h9-site/h9/C2Data-1095-Type1;92678.0000;DATA;1611609935.441160
/ndn/d1-site/d1/C2Data-979-Type3;220933.0000;DATA;1611609948.013118
/ndn/s9-site/s9/C2Data-2382-Type3;72372.0000;DATA;1611609948.917800
/ndn/d0-site/d0/C2Data-918-Type3;185382.0000;DATA;1611609949.113114
/ndn/s14-site/s14/C2Data-2687-Type3;213424.0000;DATA;1611609949.140117
/ndn/h4-site/h4/C2Data-247-Type3;52127.0000;DATA;1611609952.222174
/ndn/s4-site/s4/C2Data-2077-Type3;76757.0000;DATA;1611609952.299131
/ndn/d14-site/d14/C2Data-1772-Type3;218107.0000;DATA;1611609953.592201
/ndn/v10-site/v10/C2Data-6662-Type2;175016.0000;DATA;1611609954.527113
/ndn/v0-site/v0/C2Data-5452-Type2;164741.0000;DATA;1611609955.321190
/ndn/v2-site/v2/C2Data-5694-Type2;170096.0000;DATA;1611609956.325182
/ndn/h7-site/h7/C2Data-854-Type1;475.0000;DATA;1611609956.503154
/ndn/h13-site/h13/C2Data-796-Type3;23705.0000;DATA;1611609957.344136
/ndn/h14-site/h14/C2Data-857-Type3;186187.0000;DATA;1611609958.051113
/ndn/v1-site/v1/C2Data-5573-Type1;262041.0000;DATA;1611609959.060129
