/ndn/h3-site/h3/C2Data-363-Type2;52415.0000;DATA;1612148041.427939
/ndn/v2-site/v2/C2Data-3872-Type2;32440.0000;DATA;1612148041.572554
/ndn/s9-site/s9/C2Data-3509-Type1;137946.0000;DATA;1612148042.093414
/ndn/s5-site/s5/C2Data-3025-Type2;86295.0000;DATA;1612148043.572128
/ndn/v7-site/v7/C2Data-4477-Type1;150615.0000;DATA;1612148047.871749
/ndn/d9-site/d9/C2Data-2299-Type1;122407.0000;DATA;1612148048.987682
/ndn/v5-site/v5/C2Data-4235-Type1;147224.0000;DATA;1612148049.048207
/ndn/v2-site/v2/C2Data-1952-Type3;24829.0000;DATA;1612148062.266962
/ndn/h8-site/h8/C2Data-488-Type3;172034.0000;DATA;1612148063.871433
/ndn/h3-site/h3/C2Data-183-Type3;59201.0000;DATA;1612148064.188677
/ndn/v4-site/v4/C2Data-2074-Type3;146181.0000;DATA;1612148064.258725
/ndn/d7-site/d7/C2Data-1037-Type3;48935.0000;DATA;1612148065.629205
/ndn/v2-site/v2/C2Data-3873-Type2;28521.0000;DATA;1612148070.307620
/ndn/h5-site/h5/C2Data-305-Type3;131513.0000;DATA;1612148072.200891
/ndn/h7-site/h7/C2Data-427-Type3;164082.0000;DATA;1612148072.279598
/ndn/h9-site/h9/C2Data-549-Type3;51672.0000;DATA;1612148072.418805
/ndn/v6-site/v6/C2Data-2196-Type3;75778.0000;DATA;1612148075.234561
/ndn/v3-site/v3/C2Data-3994-Type1;142775.0000;DATA;1612148075.218597
/ndn/d3-site/d3/C2Data-1574-Type2;122092.0000;DATA;1612148078.107027
/ndn/v5-site/v5/C2Data-4236-Type2;142888.0000;DATA;1612148079.183576
/ndn/s8-site/s8/C2Data-1708-Type3;24605.0000;DATA;1612148079.620357
/ndn/s9-site/s9/C2Data-1769-Type3;122174.0000;DATA;1612148081.397228
/ndn/s0-site/s0/C2Data-1220-Type3;53105.0000;DATA;1612148082.828014
/ndn/v5-site/v5/C2Data-2135-Type3;147287.0000;DATA;1612148084.483592
/ndn/s8-site/s8/C2Data-3390-Type2;28241.0000;DATA;1612148099.707447
/ndn/h0-site/h0/C2Data-2-Type2;98839.0000;DATA;1612148099.961558
/ndn/d4-site/d4/C2Data-1696-Type1;173224.0000;DATA;1612148100.289669
/ndn/h9-site/h9/C2Data-1091-Type1;57530.0000;DATA;1612148102.666801
/ndn/s1-site/s1/C2Data-2543-Type1;112065.0000;DATA;1612148104.520603
/ndn/h4-site/h4/C2Data-486-Type2;124181.0000;DATA;1612148104.574762
/ndn/v0-site/v0/C2Data-3632-Type1;154994.0000;DATA;1612148105.721956
/ndn/h8-site/h8/C2Data-970-Type1;195388.0000;DATA;1612148106.714442
/ndn/s6-site/s6/C2Data-3148-Type2;120180.0000;DATA;1612148109.361549
/ndn/h2-site/h2/C2Data-244-Type2;48478.0000;DATA;1612148109.465563
/ndn/s5-site/s5/C2Data-1526-Type3;72759.0000;DATA;1612148127.375046
/ndn/s1-site/s1/C2Data-1282-Type3;114924.0000;DATA;1612148127.399608
/ndn/s9-site/s9/C2Data-3512-Type2;130959.0000;DATA;1612148130.223336
/ndn/d3-site/d3/C2Data-1576-Type1;171202.0000;DATA;1612148131.640685
/ndn/h1-site/h1/C2Data-62-Type3;131677.0000;DATA;1612148132.069565
/ndn/h8-site/h8/C2Data-489-Type3;175412.0000;DATA;1612148132.321743
