/ndn/d5-site/d5/C2Data-2420-Type2;170317.0000;DATA;1611607421.393324
/ndn/s14-site/s14/C2Data-5324-Type2;50092.0000;DATA;1611607421.596429
/ndn/h10-site/h10/C2Data-1210-Type2;196308.0000;DATA;1611607423.379821
/ndn/d2-site/d2/C2Data-2057-Type2;71558.0000;DATA;1611607424.274350
/ndn/d12-site/d12/C2Data-3267-Type1;120728.0000;DATA;1611607424.242215
/ndn/d4-site/d4/C2Data-2299-Type1;25261.0000;DATA;1611607426.550320
/ndn/h12-site/h12/C2Data-1452-Type2;50884.0000;DATA;1611607428.379382
/ndn/d0-site/d0/C2Data-1815-Type2;108743.0000;DATA;1611607428.546402
/ndn/v11-site/v11/C2Data-6776-Type1;23575.0000;DATA;1611607429.179263
/ndn/v14-site/v14/C2Data-7139-Type1;497.0000;NACK;1611607429.336377
/ndn/s11-site/s11/C2Data-4961-Type1;659.0000;NACK;1611607430.517357
/ndn/h3-site/h3/C2Data-363-Type2;70499.0000;DATA;1611607430.873484
/ndn/d1-site/d1/C2Data-1936-Type1;97868.0000;DATA;1611607430.930354
/ndn/h5-site/h5/C2Data-605-Type2;101653.0000;DATA;1611607431.220279
/ndn/s14-site/s14/C2Data-2684-Type3;47557.0000;DATA;1611607447.787275
/ndn/h13-site/h13/C2Data-1574-Type2;71334.0000;DATA;1611607451.491325
/ndn/d5-site/d5/C2Data-2421-Type2;163983.0000;DATA;1611607453.236350
/ndn/s7-site/s7/C2Data-2257-Type3;1159.0000;DATA;1611607453.397305
/ndn/s12-site/s12/C2Data-5083-Type1;677.0000;NACK;1611607454.018310
/ndn/v5-site/v5/C2Data-6051-Type1;117809.0000;DATA;1611607453.966321
/ndn/d10-site/d10/C2Data-3026-Type1;190158.0000;DATA;1611607454.066304
/ndn/d12-site/d12/C2Data-1647-Type3;119155.0000;DATA;1611607454.656376
/ndn/d9-site/d9/C2Data-2905-Type1;97558.0000;DATA;1611607455.084386
/ndn/s11-site/s11/C2Data-4962-Type1;493.0000;NACK;1611607456.360299
/ndn/v0-site/v0/C2Data-5446-Type2;72189.0000;DATA;1611607457.195329
/ndn/v0-site/v0/C2Data-5446-Type1;28382.0000;DATA;1611607458.119383
/ndn/v10-site/v10/C2Data-3355-Type3;25856.0000;DATA;1611607458.230339
/ndn/v2-site/v2/C2Data-2867-Type3;27785.0000;DATA;1611607458.282275
/ndn/v7-site/v7/C2Data-6293-Type2;24111.0000;DATA;1611607458.906334
/ndn/h7-site/h7/C2Data-427-Type3;139164.0000;DATA;1611607459.113350
/ndn/d4-site/d4/C2Data-2300-Type2;23216.0000;DATA;1611607459.889294
/ndn/d10-site/d10/C2Data-3026-Type2;151345.0000;DATA;1611607460.797272
/ndn/s12-site/s12/C2Data-5083-Type2;450.0000;NACK;1611607461.942011
/ndn/v2-site/v2/C2Data-5688-Type1;237512.0000;DATA;1611607462.051264
/ndn/v3-site/v3/C2Data-2928-Type3;24011.0000;DATA;1611607463.007275
/ndn/s5-site/s5/C2Data-2135-Type3;120703.0000;DATA;1611607464.720312
/ndn/h6-site/h6/C2Data-366-Type3;47244.0000;DATA;1611607464.938287
/ndn/s13-site/s13/C2Data-2623-Type3;569.0000;NACK;1611607466.537352
/ndn/h4-site/h4/C2Data-486-Type1;147346.0000;DATA;1611607481.649323
/ndn/v4-site/v4/C2Data-5931-Type2;121449.0000;DATA;1611607482.276284
/ndn/d9-site/d9/C2Data-2906-Type1;47599.0000;DATA;1611607484.620299
/ndn/d0-site/d0/C2Data-1817-Type2;25919.0000;DATA;1611607486.468287
/ndn/d0-site/d0/C2Data-1817-Type1;50835.0000;DATA;1611607487.042400
/ndn/h5-site/h5/C2Data-607-Type1;154343.0000;DATA;1611607487.255259
/ndn/d13-site/d13/C2Data-3390-Type1;23454.0000;DATA;1611607487.674299
/ndn/h8-site/h8/C2Data-970-Type1;188584.0000;DATA;1611607489.864295
/ndn/v14-site/v14/C2Data-7141-Type2;104234.0000;DATA;1611607490.151365
/ndn/d1-site/d1/C2Data-1938-Type2;23784.0000;DATA;1611607490.546339
/ndn/d11-site/d11/C2Data-3148-Type2;25677.0000;DATA;1611607491.415340
/ndn/v12-site/v12/C2Data-6899-Type1;695.0000;NACK;1611607492.000298
/ndn/h0-site/h0/C2Data-1-Type3;95183.0000;DATA;1611607506.258270
/ndn/h9-site/h9/C2Data-550-Type3;95938.0000;DATA;1611607510.349255
/ndn/d13-site/d13/C2Data-1709-Type3;25295.0000;DATA;1611607510.680283
/ndn/s2-site/s2/C2Data-3875-Type1;69815.0000;DATA;1611607510.699290
/ndn/s2-site/s2/C2Data-1953-Type3;71694.0000;DATA;1611607510.874290
/ndn/d6-site/d6/C2Data-2544-Type1;207654.0000;DATA;1611607510.863296
/ndn/h2-site/h2/C2Data-245-Type1;120170.0000;DATA;1611607511.113321
/ndn/v3-site/v3/C2Data-5811-Type2;101176.0000;DATA;1611607511.748308
/ndn/v11-site/v11/C2Data-3417-Type3;47806.0000;DATA;1611607512.423277
/ndn/s5-site/s5/C2Data-4238-Type2;118132.0000;DATA;1611607514.591359
/ndn/s7-site/s7/C2Data-2258-Type3;520.0000;DATA;1611607514.831286
/ndn/d3-site/d3/C2Data-2181-Type2;191032.0000;DATA;1611607514.980329
/ndn/h10-site/h10/C2Data-1213-Type1;193504.0000;DATA;1611607515.237424
/ndn/h14-site/h14/C2Data-350-Type4;69665.0000;DATA;1611607516.656315
/ndn/d8-site/d8/C2Data-1404-Type3;25376.0000;DATA;1611607516.881370
/ndn/v9-site/v9/C2Data-6537-Type1;189432.0000;DATA;1611607517.242020
/ndn/v13-site/v13/C2Data-1075-Type4;69093.0000;DATA;1611607518.472321
/ndn/v0-site/v0/C2Data-2746-Type3;217117.0000;DATA;1611607519.106360
/ndn/d14-site/d14/C2Data-3512-Type1;23349.0000;DATA;1611607520.001307
/ndn/h4-site/h4/C2Data-487-Type2;23487.0000;DATA;1611607521.162329
/ndn/v11-site/v11/C2Data-6779-Type2;50823.0000;DATA;1611607521.360319
/ndn/d6-site/d6/C2Data-2544-Type2;134581.0000;DATA;1611607522.074357
/ndn/h0-site/h0/C2Data-0-Type4;23321.0000;DATA;1611607523.482305
/ndn/d2-site/d2/C2Data-1038-Type3;24291.0000;DATA;1611607524.358404
/ndn/d11-site/d11/C2Data-1587-Type3;26766.0000;DATA;1611607526.027296
/ndn/v8-site/v8/C2Data-3234-Type3;23198.0000;DATA;1611607526.306336
/ndn/d14-site/d14/C2Data-725-Type4;25188.0000;DATA;1611607531.056211
/ndn/h1-site/h1/C2Data-125-Type2;48309.0000;DATA;1611607540.375291
/ndn/s0-site/s0/C2Data-3634-Type2;208234.0000;DATA;1611607540.423305
/ndn/d4-site/d4/C2Data-2303-Type1;23734.0000;DATA;1611607541.086262
/ndn/d2-site/d2/C2Data-425-Type4;24689.0000;DATA;1611607542.167265
/ndn/d8-site/d8/C2Data-2787-Type2;23537.0000;DATA;1611607543.396270
/ndn/h4-site/h4/C2Data-488-Type1;46308.0000;DATA;1611607543.691367
/ndn/d14-site/d14/C2Data-3513-Type1;23704.0000;DATA;1611607543.793358
/ndn/h6-site/h6/C2Data-730-Type1;46338.0000;DATA;1611607544.182277
/ndn/h4-site/h4/C2Data-100-Type4;26358.0000;DATA;1611607544.340303
/ndn/s7-site/s7/C2Data-4481-Type2;23801.0000;DATA;1611607544.555424
/ndn/d11-site/d11/C2Data-3150-Type1;148803.0000;DATA;1611607545.728364
/ndn/s3-site/s3/C2Data-3997-Type1;235329.0000;DATA;1611607547.477377
/ndn/d10-site/d10/C2Data-3029-Type2;27245.0000;DATA;1611607548.945327
/ndn/v11-site/v11/C2Data-1025-Type4;24250.0000;DATA;1611607549.054432
/ndn/h6-site/h6/C2Data-150-Type4;24993.0000;DATA;1611607549.669275
/ndn/v10-site/v10/C2Data-6659-Type1;143465.0000;DATA;1611607550.147257
/ndn/v9-site/v9/C2Data-6538-Type1;97578.0000;DATA;1611607550.477255
/ndn/h4-site/h4/C2Data-488-Type2;150477.0000;DATA;1611607550.428342
/ndn/h9-site/h9/C2Data-1093-Type1;105870.0000;DATA;1611607550.495338
/ndn/d0-site/d0/C2Data-1819-Type1;26449.0000;DATA;1611607550.804429
/ndn/s5-site/s5/C2Data-4239-Type1;26725.0000;DATA;1611607550.910255
/ndn/h2-site/h2/C2Data-246-Type2;24319.0000;DATA;1611607551.581331
/ndn/h14-site/h14/C2Data-856-Type3;24394.0000;DATA;1611607566.533298
/ndn/v2-site/v2/C2Data-2869-Type3;151197.0000;DATA;1611607567.375307
/ndn/v6-site/v6/C2Data-900-Type4;25383.0000;DATA;1611607568.320299
/ndn/d0-site/d0/C2Data-375-Type4;24839.0000;DATA;1611607570.071315
/ndn/v8-site/v8/C2Data-6418-Type2;212759.0000;DATA;1611607570.446331
/ndn/s3-site/s3/C2Data-3998-Type2;231975.0000;DATA;1611607570.479351
/ndn/h13-site/h13/C2Data-1578-Type1;95740.0000;DATA;1611607570.667272
/ndn/d4-site/d4/C2Data-2304-Type1;25309.0000;DATA;1611607570.978351
/ndn/s2-site/s2/C2Data-1954-Type3;69660.0000;DATA;1611607571.603343
/ndn/h5-site/h5/C2Data-307-Type3;95217.0000;DATA;1611607572.214321
/ndn/d7-site/d7/C2Data-1344-Type3;26391.0000;DATA;1611607572.709327
/ndn/d9-site/d9/C2Data-600-Type4;24255.0000;DATA;1611607573.249350
/ndn/d4-site/d4/C2Data-1161-Type3;26638.0000;DATA;1611607573.528384
/ndn/d7-site/d7/C2Data-2667-Type2;149075.0000;DATA;1611607573.752292
/ndn/s6-site/s6/C2Data-2198-Type3;189234.0000;DATA;1611607573.851299
/ndn/s7-site/s7/C2Data-4482-Type1;536.0000;DATA;1611607574.945299
/ndn/h0-site/h0/C2Data-2-Type3;143382.0000;DATA;1611607576.519340
/ndn/d1-site/d1/C2Data-1941-Type1;549.0000;DATA;1611607577.056386
/ndn/v4-site/v4/C2Data-2991-Type3;25064.0000;DATA;1611607577.587349
/ndn/v2-site/v2/C2Data-5692-Type2;23362.0000;DATA;1611607578.117280
/ndn/h6-site/h6/C2Data-731-Type1;94158.0000;DATA;1611607578.187338
/ndn/v14-site/v14/C2Data-3601-Type3;46685.0000;DATA;1611607579.108407
/ndn/v7-site/v7/C2Data-3174-Type3;23418.0000;DATA;1611607579.415361
/ndn/d2-site/d2/C2Data-1039-Type3;76307.0000;DATA;1611607579.602321
/ndn/v0-site/v0/C2Data-2747-Type3;23553.0000;DATA;1611607580.358277
/ndn/d11-site/d11/C2Data-1588-Type3;23471.0000;DATA;1611607580.831320
/ndn/h0-site/h0/C2Data-5-Type1;144254.0000;DATA;1611607581.447274
/ndn/v12-site/v12/C2Data-3479-Type3;23554.0000;DATA;1611607584.052306
/ndn/s0-site/s0/C2Data-3636-Type1;220561.0000;DATA;1611607602.115327
/ndn/v14-site/v14/C2Data-7145-Type2;115791.0000;DATA;1611607605.047269
/ndn/d14-site/d14/C2Data-3515-Type1;23955.0000;DATA;1611607606.338282
/ndn/h5-site/h5/C2Data-611-Type2;147938.0000;DATA;1611607606.279257
/ndn/h1-site/h1/C2Data-127-Type1;48010.0000;DATA;1611607606.706353
/ndn/v8-site/v8/C2Data-6419-Type1;140497.0000;DATA;1611607607.038281
/ndn/d0-site/d0/C2Data-1821-Type1;97250.0000;DATA;1611607607.568298
/ndn/s9-site/s9/C2Data-4725-Type2;24269.0000;DATA;1611607611.404302
/ndn/s11-site/s11/C2Data-4967-Type1;93682.0000;DATA;1611607611.467345
/ndn/s2-site/s2/C2Data-1955-Type3;53552.0000;DATA;1611607627.403284
/ndn/v14-site/v14/C2Data-3602-Type3;173928.0000;DATA;1611607629.815263
/ndn/d1-site/d1/C2Data-1943-Type1;98235.0000;DATA;1611607630.234344
/ndn/h13-site/h13/C2Data-1580-Type2;51568.0000;DATA;1611607631.206256
/ndn/s0-site/s0/C2Data-3637-Type2;219913.0000;DATA;1611607632.943269
/ndn/h9-site/h9/C2Data-1096-Type2;161469.0000;DATA;1611607633.570389
/ndn/s7-site/s7/C2Data-4484-Type2;1083.0000;DATA;1611607633.894413
/ndn/d3-site/d3/C2Data-2185-Type1;23799.0000;DATA;1611607633.961303
/ndn/s3-site/s3/C2Data-4000-Type1;94155.0000;DATA;1611607635.627374
