/C2Data/s0/C2Data-168-Type2;25830.0000;DATA;1609203414.855618
/C2Data/h0/C2Data-0-Type2;104560.0000;DATA;1609203417.889231
/C2Data/h0/C2Data-0-Type1;189695.0000;DATA;1609203423.172869
/C2Data/d0/C2Data-44-Type3;101227.0000;DATA;1609203458.167666
/C2Data/h3/C2Data-33-Type3;23859.0000;DATA;1609203458.765155
/C2Data/h2/C2Data-43-Type1;174484.0000;DATA;1609203472.739005
/C2Data/v1/C2Data-143-Type3;45122.0000;DATA;1609203479.223765
/C2Data/v0/C2Data-253-Type2;26830.0000;DATA;1609203479.765442
/C2Data/d0/C2Data-85-Type1;47306.0000;DATA;1609203484.132546
/C2Data/h0/C2Data-2-Type1;120987.0000;DATA;1609203525.493257
/C2Data/v0/C2Data-254-Type1;309138.0000;DATA;1609203526.469593
/C2Data/h3/C2Data-65-Type1;23894.0000;DATA;1609203527.129669
/C2Data/h2/C2Data-44-Type2;294761.0000;DATA;1609203537.194540
/C2Data/v1/C2Data-275-Type2;53289.0000;DATA;1609203540.820309
/C2Data/v2/C2Data-296-Type1;98224.0000;DATA;1609203543.877145
/C2Data/h2/C2Data-45-Type1;92739.0000;DATA;1609203583.180477
/C2Data/d1/C2Data-108-Type2;57902.0000;DATA;1609203587.194841
/C2Data/v3/C2Data-318-Type1;26287.0000;DATA;1609203594.227945
/C2Data/s2/C2Data-111-Type3;23582.0000;DATA;1609203595.047570
/C2Data/h2/C2Data-45-Type2;172794.0000;DATA;1609203596.995357
/C2Data/v2/C2Data-155-Type3;48266.0000;DATA;1609203597.763717
/C2Data/s2/C2Data-213-Type2;261777.0000;DATA;1609203605.640513
/C2Data/h1/C2Data-5-Type4;607.0000;DATA;1609203608.076082
/C2Data/v0/C2Data-40-Type4;92471.0000;DATA;1609203612.891679
/C2Data/v1/C2Data-45-Type4;61504.0000;DATA;1609203630.091716
/C2Data/d0/C2Data-20-Type4;658.0000;DATA;1609203632.847112
/C2Data/s2/C2Data-214-Type1;184013.0000;DATA;1609203644.588901
/C2Data/h3/C2Data-67-Type2;35352.0000;DATA;1609203661.117540
/C2Data/v3/C2Data-55-Type4;592.0000;DATA;1609203702.389958
/C2Data/d2/C2Data-131-Type1;23963.0000;DATA;1609203703.449566
/C2Data/v1/C2Data-145-Type3;27540.0000;DATA;1609203709.533000
/C2Data/h3/C2Data-35-Type3;573.0000;DATA;1609203715.974207
/C2Data/d1/C2Data-110-Type1;26391.0000;DATA;1609203717.370947
/C2Data/h0/C2Data-2-Type3;286828.0000;DATA;1609203728.697519
/C2Data/v0/C2Data-134-Type3;344505.0000;DATA;1609203730.410424
/C2Data/d2/C2Data-68-Type3;547.0000;DATA;1609203733.728958
/C2Data/s3/C2Data-123-Type3;661.0000;DATA;1609203735.562927
/C2Data/v3/C2Data-321-Type2;44059.0000;DATA;1609203764.453354
/C2Data/v2/C2Data-300-Type1;228349.0000;DATA;1609203772.555753
/C2Data/d0/C2Data-90-Type1;47949.0000;DATA;1609203777.251566
/C2Data/h0/C2Data-7-Type2;199238.0000;DATA;1609203831.040401
/C2Data/v1/C2Data-280-Type1;43640.0000;DATA;1609203836.041146
/C2Data/v2/C2Data-157-Type3;61735.0000;DATA;1609203855.139272
/C2Data/s1/C2Data-102-Type3;23557.0000;DATA;1609203856.954223
/C2Data/v3/C2Data-33-Type5;28688.0000;DATA;1609203877.808350
/C2Data/h1/C2Data-29-Type2;148425.0000;DATA;1609203885.947115
/C2Data/d0/C2Data-92-Type1;77882.0000;DATA;1609203891.161886
/C2Data/h1/C2Data-29-Type1;77022.0000;DATA;1609203897.359597
/C2Data/v0/C2Data-260-Type2;231593.0000;DATA;1609203902.913104
/C2Data/s1/C2Data-197-Type2;53684.0000;DATA;1609203904.302084
/C2Data/v0/C2Data-24-Type5;208214.0000;DATA;1609203904.702783
/C2Data/v3/C2Data-56-Type4;30677.0000;DATA;1609203908.860458
/C2Data/d1/C2Data-59-Type3;648.0000;DATA;1609203938.376387
/C2Data/h2/C2Data-26-Type3;117372.0000;DATA;1609203943.581832
/C2Data/d0/C2Data-21-Type4;46789.0000;DATA;1609203950.916352
