/ndn/h4-site/h4/C2Data-484-Type1;53826.0000;DATA;1612720359.376012
/ndn/h3-site/h3/C2Data-363-Type1;71972.0000;DATA;1612720360.586140
/ndn/v9-site/v9/C2Data-4719-Type2;136632.0000;DATA;1612720361.356481
/ndn/s0-site/s0/C2Data-2420-Type2;112918.0000;DATA;1612720362.491489
/ndn/h9-site/h9/C2Data-1089-Type1;171580.0000;DATA;1612720363.476259
/ndn/d4-site/d4/C2Data-1694-Type1;47401.0000;DATA;1612720364.366252
/ndn/d3-site/d3/C2Data-1573-Type2;162810.0000;DATA;1612720365.473584
/ndn/d8-site/d8/C2Data-2178-Type1;175127.0000;DATA;1612720366.005622
/ndn/v8-site/v8/C2Data-4598-Type2;25998.0000;DATA;1612720368.927948
/ndn/d4-site/d4/C2Data-1694-Type2;58482.0000;DATA;1612720370.030221
/ndn/s5-site/s5/C2Data-3025-Type1;79045.0000;DATA;1612720370.188636
/ndn/d3-site/d3/C2Data-1573-Type1;154927.0000;DATA;1612720370.431670
/ndn/v3-site/v3/C2Data-2013-Type3;180836.0000;DATA;1612720382.634063
/ndn/s0-site/s0/C2Data-1220-Type3;119531.0000;DATA;1612720386.833953
/ndn/d2-site/d2/C2Data-732-Type3;97003.0000;DATA;1612720390.603562
/ndn/d6-site/d6/C2Data-1937-Type2;123542.0000;DATA;1612720390.956360
/ndn/h5-site/h5/C2Data-606-Type1;50121.0000;DATA;1612720393.617014
/ndn/d0-site/d0/C2Data-1211-Type2;126662.0000;DATA;1612720395.264504
/ndn/h5-site/h5/C2Data-305-Type3;52919.0000;DATA;1612720396.997354
/ndn/h1-site/h1/C2Data-122-Type2;24997.0000;DATA;1612720397.578919
/ndn/s8-site/s8/C2Data-1708-Type3;99132.0000;DATA;1612720398.422946
/ndn/h7-site/h7/C2Data-848-Type2;75204.0000;DATA;1612720398.844357
/ndn/s7-site/s7/C2Data-3268-Type1;74370.0000;DATA;1612720400.134229
/ndn/d6-site/d6/C2Data-976-Type3;133294.0000;DATA;1612720400.269295
/ndn/d5-site/d5/C2Data-1816-Type1;164886.0000;DATA;1612720400.396818
/ndn/s7-site/s7/C2Data-1647-Type3;76202.0000;DATA;1612720401.740168
/ndn/h9-site/h9/C2Data-549-Type3;172247.0000;DATA;1612720405.208035
/ndn/d0-site/d0/C2Data-1212-Type1;557713.0000;DATA;1612720419.147987
/ndn/s7-site/s7/C2Data-3269-Type2;80313.0000;DATA;1612720422.205816
/ndn/h2-site/h2/C2Data-244-Type2;106525.0000;DATA;1612720422.704119
/ndn/h3-site/h3/C2Data-365-Type2;73763.0000;DATA;1612720425.425588
/ndn/s6-site/s6/C2Data-3148-Type2;98344.0000;DATA;1612720426.934608
/ndn/d7-site/d7/C2Data-2059-Type1;153684.0000;DATA;1612720430.646246
/ndn/v0-site/v0/C2Data-1831-Type3;28962.0000;DATA;1612720443.668924
/ndn/h9-site/h9/C2Data-550-Type3;178925.0000;DATA;1612720447.844273
/ndn/d9-site/d9/C2Data-1160-Type3;154753.0000;DATA;1612720449.899101
/ndn/s9-site/s9/C2Data-3512-Type2;166582.0000;DATA;1612720449.934117
/ndn/d4-site/d4/C2Data-1697-Type2;51714.0000;DATA;1612720450.757724
/ndn/s2-site/s2/C2Data-1343-Type3;53267.0000;DATA;1612720451.255267
/ndn/d5-site/d5/C2Data-1818-Type2;147217.0000;DATA;1612720453.754849
/ndn/d8-site/d8/C2Data-2181-Type2;145830.0000;DATA;1612720453.923539
/ndn/v7-site/v7/C2Data-4480-Type1;72228.0000;DATA;1612720454.075067
/ndn/d5-site/d5/C2Data-916-Type3;144908.0000;DATA;1612720454.015094
/ndn/s4-site/s4/C2Data-2907-Type2;177050.0000;DATA;1612720454.671524
/ndn/h7-site/h7/C2Data-850-Type2;101364.0000;DATA;1612720457.478003
/ndn/v6-site/v6/C2Data-4359-Type1;95872.0000;DATA;1612720457.999286
/ndn/s1-site/s1/C2Data-1282-Type3;130034.0000;DATA;1612720458.320975
/ndn/h6-site/h6/C2Data-729-Type1;103811.0000;DATA;1612720458.506036
/ndn/h7-site/h7/C2Data-850-Type1;74237.0000;DATA;1612720459.939664
/ndn/h2-site/h2/C2Data-123-Type3;102933.0000;DATA;1612720461.031706
/ndn/d2-site/d2/C2Data-300-Type4;104132.0000;DATA;1612720462.046123
/ndn/d8-site/d8/C2Data-1099-Type3;228551.0000;DATA;1612720464.198503
/ndn/h9-site/h9/C2Data-225-Type4;482866.0000;DATA;1612720475.763238
/ndn/h5-site/h5/C2Data-609-Type1;58385.0000;DATA;1612720478.711992
/ndn/v5-site/v5/C2Data-4239-Type1;173050.0000;DATA;1612720479.768152
/ndn/d2-site/d2/C2Data-1456-Type1;97435.0000;DATA;1612720481.985983
/ndn/s2-site/s2/C2Data-2666-Type2;52830.0000;DATA;1612720485.925637
/ndn/v5-site/v5/C2Data-4239-Type2;186775.0000;DATA;1612720486.052631
/ndn/s8-site/s8/C2Data-3392-Type2;6001728.0000;TIMEOUT;1612720480.243881
/ndn/d7-site/d7/C2Data-2061-Type1;169747.0000;DATA;1612720486.320359
/ndn/v7-site/v7/C2Data-4481-Type1;81511.0000;DATA;1612720488.913098
/ndn/s8-site/s8/C2Data-3392-Type1;6000745.0000;TIMEOUT;1612720483.155054
/ndn/d6-site/d6/C2Data-1940-Type2;136120.0000;DATA;1612720489.371064
/ndn/h4-site/h4/C2Data-488-Type2;51611.0000;DATA;1612720489.659523
/ndn/h4-site/h4/C2Data-100-Type4;51304.0000;DATA;1612720490.951446
/ndn/v9-site/v9/C2Data-725-Type4;145891.0000;DATA;1612720495.716530
/ndn/d0-site/d0/C2Data-250-Type4;162520.0000;DATA;1612720498.495579
/ndn/h3-site/h3/C2Data-185-Type3;83515.0000;DATA;1612720504.816086
/ndn/v3-site/v3/C2Data-2015-Type3;134879.0000;DATA;1612720506.149315
/ndn/h2-site/h2/C2Data-247-Type1;97825.0000;DATA;1612720509.473172
/ndn/h0-site/h0/C2Data-5-Type2;136473.0000;DATA;1612720511.264151
/ndn/d8-site/d8/C2Data-450-Type4;147068.0000;DATA;1612720512.151441
/ndn/v4-site/v4/C2Data-4119-Type2;179424.0000;DATA;1612720513.016225
/ndn/s7-site/s7/C2Data-1649-Type3;6000949.0000;TIMEOUT;1612720509.345382
/ndn/s9-site/s9/C2Data-3514-Type1;6023280.0000;TIMEOUT;1612720511.540232
/ndn/h4-site/h4/C2Data-246-Type3;56175.0000;DATA;1612720518.570563
/ndn/s8-site/s8/C2Data-3393-Type1;6002713.0000;TIMEOUT;1612720512.774410
/ndn/h5-site/h5/C2Data-610-Type1;48700.0000;DATA;1612720518.916313
/ndn/d7-site/d7/C2Data-1039-Type3;148591.0000;DATA;1612720518.952998
/ndn/v0-site/v0/C2Data-1832-Type3;29180.0000;DATA;1612720523.900690
/ndn/s1-site/s1/C2Data-2546-Type1;6000823.0000;TIMEOUT;1612720519.111713
/ndn/d4-site/d4/C2Data-1700-Type1;53566.0000;DATA;1612720539.206928
/ndn/h8-site/h8/C2Data-974-Type2;143162.0000;DATA;1612720539.335738
/ndn/d2-site/d2/C2Data-1458-Type1;100037.0000;DATA;1612720539.703996
/ndn/v8-site/v8/C2Data-4604-Type2;37984.0000;DATA;1612720541.931964
/ndn/d6-site/d6/C2Data-1942-Type1;132846.0000;DATA;1612720543.052691
/ndn/h4-site/h4/C2Data-490-Type1;75105.0000;DATA;1612720543.229667
/ndn/h6-site/h6/C2Data-732-Type1;100697.0000;DATA;1612720544.967905
/ndn/s6-site/s6/C2Data-3152-Type2;6002680.0000;TIMEOUT;1612720540.444491
/ndn/d3-site/d3/C2Data-1579-Type2;153982.0000;DATA;1612720547.630949
/ndn/v5-site/v5/C2Data-2138-Type3;208592.0000;DATA;1612720563.436923
/ndn/h1-site/h1/C2Data-64-Type3;43413.0000;DATA;1612720565.554062
/ndn/h6-site/h6/C2Data-733-Type1;103052.0000;DATA;1612720568.655118
/ndn/s1-site/s1/C2Data-1284-Type3;6001414.0000;TIMEOUT;1612720563.366064
/ndn/v8-site/v8/C2Data-4605-Type1;28319.0000;DATA;1612720571.516256
/ndn/d5-site/d5/C2Data-1822-Type2;169357.0000;DATA;1612720573.414457
/ndn/s4-site/s4/C2Data-1467-Type3;6003124.0000;TIMEOUT;1612720568.634157
/ndn/d8-site/d8/C2Data-2185-Type1;148052.0000;DATA;1612720577.746449
/ndn/h6-site/h6/C2Data-78-Type5;97397.0000;DATA;1612720578.468627
/ndn/v9-site/v9/C2Data-4726-Type1;131153.0000;DATA;1612720579.235902
/ndn/s3-site/s3/C2Data-1406-Type3;6023483.0000;TIMEOUT;1612720578.109019
/ndn/s6-site/s6/C2Data-1589-Type3;6003153.0000;TIMEOUT;1612720585.541529
/ndn/h5-site/h5/C2Data-65-Type5;102346.0000;DATA;1612720593.884088
/ndn/v3-site/v3/C2Data-4001-Type1;132513.0000;DATA;1612720599.804068
/ndn/h7-site/h7/C2Data-855-Type2;93487.0000;DATA;1612720600.592965
/ndn/d0-site/d0/C2Data-1218-Type2;121152.0000;DATA;1612720602.693584
/ndn/d0-site/d0/C2Data-1218-Type1;125553.0000;DATA;1612720603.591249
/ndn/h6-site/h6/C2Data-151-Type4;111030.0000;DATA;1612720607.363880
/ndn/s0-site/s0/C2Data-2428-Type1;6006674.0000;TIMEOUT;1612720607.458091
/ndn/d4-site/d4/C2Data-351-Type4;52992.0000;DATA;1612720617.922377
/ndn/d3-site/d3/C2Data-169-Type5;163170.0000;DATA;1612720622.213361
/ndn/h4-site/h4/C2Data-248-Type3;56446.0000;DATA;1612720623.034580
/ndn/h7-site/h7/C2Data-431-Type3;74042.0000;DATA;1612720623.112994
/ndn/v9-site/v9/C2Data-726-Type4;131324.0000;DATA;1612720623.446866
/ndn/d2-site/d2/C2Data-301-Type4;101164.0000;DATA;1612720625.243605
/ndn/h8-site/h8/C2Data-201-Type4;47263.0000;DATA;1612720628.225004
/ndn/v6-site/v6/C2Data-2200-Type3;97664.0000;DATA;1612720628.996636
/ndn/v0-site/v0/C2Data-3639-Type1;26525.0000;DATA;1612720629.516256
/ndn/h6-site/h6/C2Data-735-Type2;118333.0000;DATA;1612720629.511717
/ndn/h9-site/h9/C2Data-553-Type3;180741.0000;DATA;1612720629.828913
/ndn/h0-site/h0/C2Data-4-Type3;120080.0000;DATA;1612720630.666408
/ndn/d6-site/d6/C2Data-980-Type3;136107.0000;DATA;1612720631.205531
/ndn/h0-site/h0/C2Data-0-Type5;169687.0000;DATA;1612720632.007193
/ndn/d8-site/d8/C2Data-2187-Type1;157868.0000;DATA;1612720632.861086
/ndn/d6-site/d6/C2Data-1945-Type2;132081.0000;DATA;1612720632.919995
/ndn/v9-site/v9/C2Data-2383-Type3;138950.0000;DATA;1612720633.336660
/ndn/h0-site/h0/C2Data-9-Type1;129655.0000;DATA;1612720634.537750
/ndn/v6-site/v6/C2Data-4365-Type1;116895.0000;DATA;1612720635.022090
/ndn/h4-site/h4/C2Data-493-Type2;51756.0000;DATA;1612720635.435448
/ndn/d2-site/d2/C2Data-1461-Type2;102013.0000;DATA;1612720635.739450
/ndn/h6-site/h6/C2Data-370-Type3;97041.0000;DATA;1612720636.625240
/ndn/v3-site/v3/C2Data-4002-Type1;140165.0000;DATA;1612720637.449014
/ndn/h5-site/h5/C2Data-126-Type4;51547.0000;DATA;1612720638.016646
/ndn/d7-site/d7/C2Data-2066-Type2;153032.0000;DATA;1612720638.008823
/ndn/h7-site/h7/C2Data-856-Type1;73515.0000;DATA;1612720638.825385
/ndn/v8-site/v8/C2Data-2322-Type3;25556.0000;DATA;1612720639.210642
/ndn/s6-site/s6/C2Data-1590-Type3;6000983.0000;TIMEOUT;1612720633.380444
/ndn/v4-site/v4/C2Data-601-Type4;168092.0000;DATA;1612720639.215682
/ndn/s9-site/s9/C2Data-3518-Type2;6000807.0000;TIMEOUT;1612720633.515546
/ndn/d4-site/d4/C2Data-858-Type3;48338.0000;DATA;1612720639.842228
/ndn/s5-site/s5/C2Data-3034-Type1;6001598.0000;TIMEOUT;1612720635.369122
/ndn/s5-site/s5/C2Data-3034-Type2;6000410.0000;TIMEOUT;1612720635.502277
/ndn/s1-site/s1/C2Data-2550-Type2;6005513.0000;TIMEOUT;1612720635.740874
/ndn/d7-site/d7/C2Data-426-Type4;154843.0000;DATA;1612720642.139468
/ndn/d0-site/d0/C2Data-614-Type3;125610.0000;DATA;1612720643.991247
/ndn/s5-site/s5/C2Data-1529-Type3;6000714.0000;TIMEOUT;1612720639.012597
/ndn/v0-site/v0/C2Data-501-Type4;31104.0000;DATA;1612720646.057582
/ndn/d5-site/d5/C2Data-919-Type3;161043.0000;DATA;1612720646.474486
/ndn/v9-site/v9/C2Data-377-Type5;131465.0000;DATA;1612720655.351780
/ndn/d1-site/d1/C2Data-1341-Type1;151116.0000;DATA;1612720659.756024
/ndn/v8-site/v8/C2Data-4608-Type1;29720.0000;DATA;1612720660.754091
/ndn/v2-site/v2/C2Data-3882-Type2;165440.0000;DATA;1612720660.857124
/ndn/d9-site/d9/C2Data-247-Type5;604830.0000;DATA;1612720662.592041
/ndn/d6-site/d6/C2Data-1946-Type1;128763.0000;DATA;1612720663.081712
/ndn/d8-site/d8/C2Data-2188-Type1;163814.0000;DATA;1612720663.101029
/ndn/h5-site/h5/C2Data-615-Type1;51278.0000;DATA;1612720663.359990
/ndn/h3-site/h3/C2Data-373-Type2;84434.0000;DATA;1612720666.223619
/ndn/v4-site/v4/C2Data-4124-Type2;191436.0000;DATA;1612720666.886625
/ndn/h6-site/h6/C2Data-736-Type2;72609.0000;DATA;1612720667.958548
/ndn/h2-site/h2/C2Data-252-Type1;103566.0000;DATA;1612720669.219905
/ndn/h8-site/h8/C2Data-978-Type1;103195.0000;DATA;1612720669.316150
/ndn/d2-site/d2/C2Data-1462-Type2;115777.0000;DATA;1612720669.487724
/ndn/s8-site/s8/C2Data-3398-Type2;6002780.0000;TIMEOUT;1612720665.610029
/ndn/s5-site/s5/C2Data-3035-Type1;6000980.0000;TIMEOUT;1612720666.980043
/ndn/s2-site/s2/C2Data-2672-Type1;6000533.0000;TIMEOUT;1612720668.293569
/ndn/s9-site/s9/C2Data-3519-Type2;6006042.0000;TIMEOUT;1612720669.405386
/ndn/h2-site/h2/C2Data-26-Type5;148574.0000;DATA;1612720680.419492
/ndn/s8-site/s8/C2Data-1713-Type3;6004965.0000;TIMEOUT;1612720685.114166
/ndn/v9-site/v9/C2Data-4730-Type2;123054.0000;DATA;1612720693.160026
/ndn/v9-site/v9/C2Data-2384-Type3;127381.0000;DATA;1612720693.268746
/ndn/d2-site/d2/C2Data-737-Type3;105476.0000;DATA;1612720694.470485
/ndn/h6-site/h6/C2Data-371-Type3;102324.0000;DATA;1612720694.623452
/ndn/s3-site/s3/C2Data-2794-Type2;6002892.0000;TIMEOUT;1612720689.818740
/ndn/v0-site/v0/C2Data-3641-Type1;24096.0000;DATA;1612720698.771857
/ndn/d0-site/d0/C2Data-615-Type3;130527.0000;DATA;1612720699.108012
/ndn/v8-site/v8/C2Data-2323-Type3;25715.0000;DATA;1612720699.592056
/ndn/d4-site/d4/C2Data-859-Type3;47607.0000;DATA;1612720700.607669
/ndn/s5-site/s5/C2Data-1530-Type3;6000461.0000;TIMEOUT;1612720695.758600
/ndn/s5-site/s5/C2Data-3036-Type1;6000762.0000;TIMEOUT;1612720695.822647
/ndn/s3-site/s3/C2Data-1408-Type3;6000576.0000;TIMEOUT;1612720695.963147
/ndn/v7-site/v7/C2Data-2262-Type3;88944.0000;DATA;1612720702.088313
/ndn/v4-site/v4/C2Data-2079-Type3;175596.0000;DATA;1612720702.616201
/ndn/d5-site/d5/C2Data-920-Type3;624431.0000;DATA;1612720704.016306
/ndn/v0-site/v0/C2Data-3642-Type1;41997.0000;DATA;1612720718.569234
/ndn/d5-site/d5/C2Data-1827-Type2;157602.0000;DATA;1612720721.212674
/ndn/h3-site/h3/C2Data-375-Type1;85278.0000;DATA;1612720722.647565
/ndn/h5-site/h5/C2Data-617-Type2;54033.0000;DATA;1612720724.062057
/ndn/h6-site/h6/C2Data-738-Type1;115430.0000;DATA;1612720724.296909
/ndn/v7-site/v7/C2Data-4489-Type1;76377.0000;DATA;1612720728.428675
/ndn/s0-site/s0/C2Data-2432-Type2;6000476.0000;TIMEOUT;1612720724.480770
/ndn/s7-site/s7/C2Data-3279-Type1;6003721.0000;TIMEOUT;1612720727.854323
/ndn/v6-site/v6/C2Data-2202-Type3;112139.0000;DATA;1612720742.953361
/ndn/d6-site/d6/C2Data-982-Type3;158040.0000;DATA;1612720746.827473
/ndn/h5-site/h5/C2Data-311-Type3;55588.0000;DATA;1612720752.083069
/ndn/s2-site/s2/C2Data-1348-Type3;6003506.0000;TIMEOUT;1612720748.097259
/ndn/v4-site/v4/C2Data-4127-Type1;175580.0000;DATA;1612720754.034345
/ndn/s1-site/s1/C2Data-1287-Type3;6003696.0000;TIMEOUT;1612720748.453690
/ndn/s9-site/s9/C2Data-3522-Type1;6000958.0000;TIMEOUT;1612720748.622077
/ndn/v2-site/v2/C2Data-3885-Type1;147953.0000;DATA;1612720755.490980
/ndn/h5-site/h5/C2Data-618-Type1;91628.0000;DATA;1612720757.824384
/ndn/s6-site/s6/C2Data-3159-Type1;6001094.0000;TIMEOUT;1612720752.476168
/ndn/d7-site/d7/C2Data-1043-Type3;149413.0000;DATA;1612720758.368484
/ndn/d6-site/d6/C2Data-1949-Type1;123244.0000;DATA;1612720759.217112
/ndn/d4-site/d4/C2Data-1707-Type2;49939.0000;DATA;1612720759.823081
/ndn/d0-site/d0/C2Data-616-Type3;153683.0000;DATA;1612720762.104912
/ndn/h6-site/h6/C2Data-372-Type3;104044.0000;DATA;1612720763.175903
/ndn/s6-site/s6/C2Data-3159-Type2;6001315.0000;TIMEOUT;1612720758.094137
/ndn/s5-site/s5/C2Data-3038-Type1;6004807.0000;TIMEOUT;1612720759.515632
/ndn/h9-site/h9/C2Data-227-Type4;177553.0000;DATA;1612720774.067731
/ndn/v7-site/v7/C2Data-4491-Type2;79392.0000;DATA;1612720779.351563
/ndn/v4-site/v4/C2Data-602-Type4;177013.0000;DATA;1612720779.839950
/ndn/d7-site/d7/C2Data-2071-Type1;179316.0000;DATA;1612720782.624082
/ndn/h9-site/h9/C2Data-1103-Type1;175374.0000;DATA;1612720783.101667
/ndn/h4-site/h4/C2Data-498-Type1;50648.0000;DATA;1612720789.697667
/ndn/d8-site/d8/C2Data-2192-Type1;155669.0000;DATA;1612720789.811065
/ndn/v7-site/v7/C2Data-677-Type4;75514.0000;DATA;1612720792.723858
/ndn/v0-site/v0/C2Data-502-Type4;30224.0000;DATA;1612720793.969988
/ndn/s5-site/s5/C2Data-3039-Type1;6000743.0000;TIMEOUT;1612720789.057009
/ndn/h2-site/h2/C2Data-52-Type4;179451.0000;DATA;1612720802.149309
/ndn/v9-site/v9/C2Data-2386-Type3;129618.0000;DATA;1612720805.161152
/ndn/d6-site/d6/C2Data-402-Type4;165216.0000;DATA;1612720807.872533
/ndn/v7-site/v7/C2Data-2264-Type3;73854.0000;DATA;1612720808.743373
/ndn/v3-site/v3/C2Data-2020-Type3;120201.0000;DATA;1612720809.109035
/ndn/d4-site/d4/C2Data-1709-Type1;91774.0000;DATA;1612720810.177989
/ndn/v8-site/v8/C2Data-2325-Type3;33261.0000;DATA;1612720810.609604
/ndn/d5-site/d5/C2Data-1830-Type2;144739.0000;DATA;1612720810.635300
/ndn/s2-site/s2/C2Data-2677-Type1;6003331.0000;TIMEOUT;1612720809.098542
/ndn/s4-site/s4/C2Data-1471-Type3;6000749.0000;TIMEOUT;1612720809.749009
/ndn/v0-site/v0/C2Data-3645-Type1;28469.0000;DATA;1612720817.275045
/ndn/v5-site/v5/C2Data-2142-Type3;182362.0000;DATA;1612720817.504982
/ndn/v6-site/v6/C2Data-4371-Type1;96068.0000;DATA;1612720817.792647
/ndn/h7-site/h7/C2Data-862-Type1;71663.0000;DATA;1612720817.988934
/ndn/v6-site/v6/C2Data-2203-Type3;113116.0000;DATA;1612720821.676370
/ndn/s8-site/s8/C2Data-3403-Type2;6000869.0000;TIMEOUT;1612720818.160703
/ndn/s2-site/s2/C2Data-1349-Type3;6055921.0000;TIMEOUT;1612720824.071836
/ndn/h5-site/h5/C2Data-621-Type1;52094.0000;DATA;1612720843.086829
/ndn/h8-site/h8/C2Data-984-Type1;104521.0000;DATA;1612720844.941122
/ndn/s6-site/s6/C2Data-3162-Type2;6001516.0000;TIMEOUT;1612720839.767991
/ndn/d8-site/d8/C2Data-2194-Type2;151595.0000;DATA;1612720846.137530
/ndn/s8-site/s8/C2Data-3404-Type1;6001515.0000;TIMEOUT;1612720841.209304
/ndn/s2-site/s2/C2Data-2678-Type1;6007959.0000;TIMEOUT;1612720841.410990
/ndn/s9-site/s9/C2Data-3525-Type1;6000630.0000;TIMEOUT;1612720841.596301
/ndn/v7-site/v7/C2Data-4493-Type1;75157.0000;DATA;1612720849.424180
/ndn/h9-site/h9/C2Data-557-Type3;174909.0000;DATA;1612720862.579211
/ndn/h2-site/h2/C2Data-130-Type3;152531.0000;DATA;1612720862.945430
/ndn/h1-site/h1/C2Data-69-Type3;27698.0000;DATA;1612720866.089080
/ndn/h5-site/h5/C2Data-35-Type6;48865.0000;DATA;1612720867.174494
/ndn/v8-site/v8/C2Data-2326-Type3;29740.0000;DATA;1612720868.706176
/ndn/d4-site/d4/C2Data-1711-Type2;55731.0000;DATA;1612720868.711992
/ndn/h8-site/h8/C2Data-496-Type3;101734.0000;DATA;1612720871.987065
/ndn/v7-site/v7/C2Data-4494-Type2;82196.0000;DATA;1612720872.879458
/ndn/d5-site/d5/C2Data-1832-Type1;146658.0000;DATA;1612720873.940050
/ndn/h9-site/h9/C2Data-1106-Type2;170088.0000;DATA;1612720874.010509
/ndn/s3-site/s3/C2Data-2800-Type1;6000474.0000;TIMEOUT;1612720869.085405
/ndn/v9-site/v9/C2Data-2387-Type3;124094.0000;DATA;1612720876.152869
/ndn/d8-site/d8/C2Data-1106-Type3;150873.0000;DATA;1612720876.539489
/ndn/v9-site/v9/C2Data-4736-Type1;121733.0000;DATA;1612720876.924812
/ndn/d7-site/d7/C2Data-1045-Type3;147783.0000;DATA;1612720879.688024
/ndn/s1-site/s1/C2Data-2558-Type2;6000771.0000;TIMEOUT;1612720873.980171
/ndn/s8-site/s8/C2Data-3405-Type1;6001626.0000;TIMEOUT;1612720877.647281
/ndn/s4-site/s4/C2Data-1472-Type3;6023113.0000;TIMEOUT;1612720881.571303
/ndn/d8-site/d8/C2Data-126-Type6;254397.0000;DATA;1612720888.843768
/ndn/h5-site/h5/C2Data-66-Type5;53698.0000;DATA;1612720892.395436
/ndn/h6-site/h6/C2Data-42-Type6;106071.0000;DATA;1612720892.463499
/ndn/v6-site/v6/C2Data-339-Type5;103703.0000;DATA;1612720892.546695
/ndn/h0-site/h0/C2Data-1-Type5;244094.0000;DATA;1612720894.093761
/ndn/h7-site/h7/C2Data-49-Type6;248857.0000;DATA;1612720895.401839
/ndn/h4-site/h4/C2Data-502-Type1;25823.0000;DATA;1612720899.625747
/ndn/h1-site/h1/C2Data-139-Type2;35818.0000;DATA;1612720901.223151
/ndn/d3-site/d3/C2Data-1591-Type1;164876.0000;DATA;1612720904.108223
/ndn/s6-site/s6/C2Data-3164-Type2;6001406.0000;TIMEOUT;1612720898.541991
/ndn/d6-site/d6/C2Data-1954-Type2;125911.0000;DATA;1612720907.146354
/ndn/s5-site/s5/C2Data-3043-Type2;6003158.0000;TIMEOUT;1612720902.444941
/ndn/s4-site/s4/C2Data-2922-Type1;6001967.0000;TIMEOUT;1612720902.579666
/ndn/h9-site/h9/C2Data-1107-Type1;203703.0000;DATA;1612720909.317486
/ndn/s8-site/s8/C2Data-3406-Type2;6000420.0000;TIMEOUT;1612720904.728142
/ndn/s2-site/s2/C2Data-2680-Type2;6000452.0000;TIMEOUT;1612720905.535140
/ndn/h1-site/h1/C2Data-28-Type4;27307.0000;DATA;1612720915.640102
/ndn/s1-site/s1/C2Data-2559-Type2;6002208.0000;TIMEOUT;1612720909.846909
/ndn/h3-site/h3/C2Data-78-Type4;87449.0000;DATA;1612720921.021825
/ndn/d7-site/d7/C2Data-222-Type5;168421.0000;DATA;1612720921.207571
/ndn/d3-site/d3/C2Data-328-Type4;174221.0000;DATA;1612720922.038605
/ndn/h0-site/h0/C2Data-9-Type3;123864.0000;DATA;1612720923.047200
/ndn/d2-site/d2/C2Data-157-Type5;100176.0000;DATA;1612720924.084606
/ndn/d8-site/d8/C2Data-1107-Type3;252735.0000;DATA;1612720927.040400
/ndn/v4-site/v4/C2Data-4133-Type2;181026.0000;DATA;1612720929.017535
/ndn/v5-site/v5/C2Data-4254-Type2;651631.0000;DATA;1612720929.406381
/ndn/h7-site/h7/C2Data-866-Type1;76419.0000;DATA;1612720929.935660
/ndn/v0-site/v0/C2Data-3649-Type1;26781.0000;DATA;1612720930.155518
/ndn/v4-site/v4/C2Data-2083-Type3;170828.0000;DATA;1612720929.980593
/ndn/h1-site/h1/C2Data-70-Type3;28541.0000;DATA;1612720931.979436
/ndn/h2-site/h2/C2Data-261-Type1;116492.0000;DATA;1612720932.212356
/ndn/v3-site/v3/C2Data-300-Type5;126113.0000;DATA;1612720932.554985
/ndn/v9-site/v9/C2Data-2388-Type3;127723.0000;DATA;1612720933.035057
/ndn/v9-site/v9/C2Data-4738-Type2;133852.0000;DATA;1612720933.362015
/ndn/v7-site/v7/C2Data-4496-Type2;78200.0000;DATA;1612720933.511762
/ndn/d5-site/d5/C2Data-924-Type3;165490.0000;DATA;1612720933.444479
/ndn/d2-site/d2/C2Data-1471-Type1;100017.0000;DATA;1612720933.630101
/ndn/v2-site/v2/C2Data-3891-Type1;147746.0000;DATA;1612720933.946327
/ndn/d3-site/d3/C2Data-1592-Type2;195923.0000;DATA;1612720934.276829
