/ndn/h6-site/h6/C2Data-726-Type1;224155.0000;DATA;1612145593.097900
/ndn/s0-site/s0/C2Data-2420-Type2;180999.0000;DATA;1612145594.239281
/ndn/s7-site/s7/C2Data-3267-Type1;81074.0000;DATA;1612145594.910024
/ndn/d8-site/d8/C2Data-2178-Type1;49242.0000;DATA;1612145594.964115
/ndn/d6-site/d6/C2Data-1936-Type2;122412.0000;DATA;1612145595.563244
/ndn/d8-site/d8/C2Data-2178-Type2;59414.0000;DATA;1612145596.135513
/ndn/h3-site/h3/C2Data-363-Type1;1565.0000;DATA;1612145596.621997
/ndn/d2-site/d2/C2Data-1452-Type2;52465.0000;DATA;1612145596.853412
/ndn/s5-site/s5/C2Data-3025-Type1;127626.0000;DATA;1612145598.446556
/ndn/v6-site/v6/C2Data-4356-Type1;29001.0000;DATA;1612145598.635983
/ndn/d4-site/d4/C2Data-854-Type3;106308.0000;DATA;1612145613.699642
/ndn/s3-site/s3/C2Data-1403-Type3;342055.0000;DATA;1612145617.023549
/ndn/h2-site/h2/C2Data-243-Type1;175245.0000;DATA;1612145617.756478
/ndn/v9-site/v9/C2Data-4720-Type1;24659.0000;DATA;1612145618.296747
/ndn/h8-site/h8/C2Data-488-Type3;80357.0000;DATA;1612145619.055870
/ndn/d2-site/d2/C2Data-732-Type3;50643.0000;DATA;1612145619.201074
/ndn/h5-site/h5/C2Data-305-Type3;132980.0000;DATA;1612145619.823355
/ndn/s5-site/s5/C2Data-3026-Type2;236256.0000;DATA;1612145620.046844
/ndn/d1-site/d1/C2Data-1332-Type2;128149.0000;DATA;1612145620.506510
/ndn/d2-site/d2/C2Data-1453-Type1;68346.0000;DATA;1612145620.959881
/ndn/s5-site/s5/C2Data-3026-Type1;198989.0000;DATA;1612145622.683828
/ndn/s3-site/s3/C2Data-2784-Type1;251529.0000;DATA;1612145624.354690
/ndn/s8-site/s8/C2Data-1708-Type3;26921.0000;DATA;1612145625.960443
/ndn/v8-site/v8/C2Data-4599-Type2;157862.0000;DATA;1612145626.920505
/ndn/d8-site/d8/C2Data-2179-Type1;53610.0000;DATA;1612145627.110127
/ndn/h1-site/h1/C2Data-61-Type3;52559.0000;DATA;1612145629.603413
/ndn/s1-site/s1/C2Data-1281-Type3;50668.0000;DATA;1612145630.789460
/ndn/s4-site/s4/C2Data-1464-Type3;3383.0000;DATA;1612145632.616493
/ndn/d7-site/d7/C2Data-1037-Type3;52035.0000;DATA;1612145634.120033
/ndn/v4-site/v4/C2Data-2074-Type3;53141.0000;DATA;1612145634.509469
/ndn/d7-site/d7/C2Data-2059-Type1;107623.0000;DATA;1612145652.498553
/ndn/s7-site/s7/C2Data-3269-Type2;57496.0000;DATA;1612145653.414427
/ndn/d7-site/d7/C2Data-2059-Type2;102903.0000;DATA;1612145653.698072
/ndn/h1-site/h1/C2Data-123-Type2;169443.0000;DATA;1612145654.558266
/ndn/h5-site/h5/C2Data-607-Type1;171045.0000;DATA;1612145654.602424
/ndn/s0-site/s0/C2Data-2422-Type1;164637.0000;DATA;1612145655.544482
/ndn/s7-site/s7/C2Data-3269-Type1;75808.0000;DATA;1612145657.175522
/ndn/h7-site/h7/C2Data-849-Type1;24942.0000;DATA;1612145659.055088
/ndn/h0-site/h0/C2Data-1-Type3;83131.0000;DATA;1612145672.462503
/ndn/h6-site/h6/C2Data-367-Type3;287121.0000;DATA;1612145675.249697
/ndn/s5-site/s5/C2Data-1526-Type3;130383.0000;DATA;1612145676.690737
/ndn/h7-site/h7/C2Data-850-Type1;147951.0000;DATA;1612145679.852223
/ndn/s7-site/s7/C2Data-3270-Type1;81915.0000;DATA;1612145680.046701
/ndn/s9-site/s9/C2Data-3512-Type1;246303.0000;DATA;1612145680.370272
/ndn/s0-site/s0/C2Data-2423-Type1;198691.0000;DATA;1612145680.632414
/ndn/s1-site/s1/C2Data-2544-Type1;165268.0000;DATA;1612145680.822496
