/ndn/s2-site/s2/C2Data-3872-Type2;116652.0000;DATA;1611608579.776997
/ndn/h14-site/h14/C2Data-1694-Type2;168902.0000;DATA;1611608579.876843
/ndn/d9-site/d9/C2Data-2904-Type1;98235.0000;DATA;1611608585.809493
/ndn/d7-site/d7/C2Data-2662-Type2;124039.0000;DATA;1611608586.395872
/ndn/h11-site/h11/C2Data-1331-Type2;188357.0000;DATA;1611608589.181790
/ndn/d2-site/d2/C2Data-2057-Type1;192045.0000;DATA;1611608589.234766
/ndn/d11-site/d11/C2Data-3146-Type1;186302.0000;DATA;1611608589.390822
/ndn/d13-site/d13/C2Data-3388-Type2;161223.0000;DATA;1611608589.628942
/ndn/d4-site/d4/C2Data-2299-Type1;202834.0000;DATA;1611608590.865753
/ndn/s4-site/s4/C2Data-2074-Type3;206172.0000;DATA;1611608608.578919
/ndn/s14-site/s14/C2Data-2684-Type3;192418.0000;DATA;1611608609.220806
/ndn/v10-site/v10/C2Data-6656-Type1;462.0000;NACK;1611608609.728754
/ndn/d8-site/d8/C2Data-2784-Type2;197157.0000;DATA;1611608610.074773
/ndn/d13-site/d13/C2Data-3389-Type2;176058.0000;DATA;1611608610.136738
/ndn/h1-site/h1/C2Data-122-Type2;165810.0000;DATA;1611608611.916815
/ndn/h10-site/h10/C2Data-1211-Type1;165765.0000;DATA;1611608612.370743
/ndn/v4-site/v4/C2Data-2989-Type3;558.0000;NACK;1611608612.682838
/ndn/d5-site/d5/C2Data-1220-Type3;26021.0000;DATA;1611608612.880025
/ndn/h2-site/h2/C2Data-122-Type3;214842.0000;DATA;1611608612.987837
/ndn/s10-site/s10/C2Data-4841-Type1;190180.0000;DATA;1611608613.432742
/ndn/v8-site/v8/C2Data-3233-Type3;69937.0000;DATA;1611608614.803788
/ndn/h14-site/h14/C2Data-1695-Type2;165624.0000;DATA;1611608615.040767
/ndn/d13-site/d13/C2Data-1708-Type3;163887.0000;DATA;1611608615.524742
/ndn/h4-site/h4/C2Data-485-Type2;23807.0000;DATA;1611608615.748934
/ndn/h3-site/h3/C2Data-364-Type2;217321.0000;DATA;1611608616.304851
/ndn/h8-site/h8/C2Data-969-Type2;94612.0000;DATA;1611608616.497754
/ndn/s13-site/s13/C2Data-2623-Type3;69291.0000;DATA;1611608616.664768
/ndn/v7-site/v7/C2Data-6293-Type2;456.0000;NACK;1611608616.819223
/ndn/s5-site/s5/C2Data-2135-Type3;145054.0000;DATA;1611608617.010845
/ndn/d0-site/d0/C2Data-915-Type3;170902.0000;DATA;1611608617.018759
/ndn/h3-site/h3/C2Data-183-Type3;214998.0000;DATA;1611608618.941841
/ndn/v6-site/v6/C2Data-6172-Type1;143077.0000;DATA;1611608619.876765
/ndn/v5-site/v5/C2Data-6051-Type1;571.0000;NACK;1611608621.226834
/ndn/h11-site/h11/C2Data-671-Type3;200329.0000;DATA;1611608622.539882
/ndn/h12-site/h12/C2Data-732-Type3;211496.0000;DATA;1611608624.720866
/ndn/v11-site/v11/C2Data-3416-Type3;187642.0000;DATA;1611608626.617920
/ndn/v12-site/v12/C2Data-6899-Type1;546.0000;NACK;1611608640.963773
/ndn/h14-site/h14/C2Data-1696-Type2;180060.0000;DATA;1611608641.056751
/ndn/s13-site/s13/C2Data-5205-Type2;72531.0000;DATA;1611608641.710865
/ndn/s10-site/s10/C2Data-4842-Type1;194326.0000;DATA;1611608641.995815
/ndn/d6-site/d6/C2Data-2543-Type1;48921.0000;DATA;1611608642.576797
/ndn/v14-site/v14/C2Data-7141-Type1;76832.0000;DATA;1611608642.901747
/ndn/h0-site/h0/C2Data-2-Type1;72458.0000;DATA;1611608643.532793
/ndn/s12-site/s12/C2Data-5084-Type2;50599.0000;DATA;1611608643.616757
/ndn/d12-site/d12/C2Data-3269-Type2;166318.0000;DATA;1611608643.983766
/ndn/d6-site/d6/C2Data-2543-Type2;155416.0000;DATA;1611608646.581750
/ndn/v2-site/v2/C2Data-5689-Type2;149443.0000;DATA;1611608646.833812
/ndn/v11-site/v11/C2Data-6778-Type2;171165.0000;DATA;1611608646.834754
/ndn/s4-site/s4/C2Data-4116-Type1;225341.0000;DATA;1611608647.401748
/ndn/d11-site/d11/C2Data-3148-Type2;187498.0000;DATA;1611608648.083856
/ndn/d8-site/d8/C2Data-2785-Type2;209572.0000;DATA;1611608648.585886
/ndn/h6-site/h6/C2Data-728-Type2;47059.0000;DATA;1611608648.941813
/ndn/d5-site/d5/C2Data-2422-Type1;26282.0000;DATA;1611608649.245358
/ndn/d12-site/d12/C2Data-1648-Type3;168888.0000;DATA;1611608664.182820
/ndn/s11-site/s11/C2Data-2502-Type3;46726.0000;DATA;1611608665.120787
/ndn/s9-site/s9/C2Data-2380-Type3;80899.0000;DATA;1611608665.732371
/ndn/h3-site/h3/C2Data-184-Type3;313272.0000;DATA;1611608666.331758
/ndn/d6-site/d6/C2Data-1282-Type3;150823.0000;DATA;1611608666.766007
/ndn/v12-site/v12/C2Data-3478-Type3;250512.0000;DATA;1611608667.960802
/ndn/v13-site/v13/C2Data-7021-Type1;119921.0000;DATA;1611608671.765804
/ndn/h4-site/h4/C2Data-487-Type1;23784.0000;DATA;1611608673.517756
/ndn/h8-site/h8/C2Data-489-Type3;97395.0000;DATA;1611608674.238760
/ndn/d1-site/d1/C2Data-1939-Type1;188098.0000;DATA;1611608675.292383
/ndn/s2-site/s2/C2Data-3875-Type2;6000340.0000;TIMEOUT;1611608669.774763
/ndn/d1-site/d1/C2Data-1939-Type2;191510.0000;DATA;1611608675.629836
/ndn/s14-site/s14/C2Data-5327-Type2;6003656.0000;TIMEOUT;1611608670.461904
/ndn/v9-site/v9/C2Data-6537-Type2;24333.0000;DATA;1611608676.587782
/ndn/v2-site/v2/C2Data-800-Type4;151940.0000;DATA;1611608676.613781
/ndn/h1-site/h1/C2Data-124-Type1;164251.0000;DATA;1611608677.046860
/ndn/h6-site/h6/C2Data-729-Type1;47306.0000;DATA;1611608679.672760
/ndn/s2-site/s2/C2Data-3875-Type1;6000295.0000;TIMEOUT;1611608674.425877
/ndn/v14-site/v14/C2Data-3600-Type3;75295.0000;DATA;1611608681.062850
/ndn/d11-site/d11/C2Data-1587-Type3;192786.0000;DATA;1611608681.291780
/ndn/h9-site/h9/C2Data-550-Type3;69283.0000;DATA;1611608682.569821
/ndn/v11-site/v11/C2Data-3417-Type3;166469.0000;DATA;1611608683.073780
/ndn/d0-site/d0/C2Data-916-Type3;171407.0000;DATA;1611608683.340814
/ndn/v5-site/v5/C2Data-3051-Type3;262397.0000;DATA;1611608685.871816
/ndn/h2-site/h2/C2Data-123-Type3;208632.0000;DATA;1611608686.267823
/ndn/v6-site/v6/C2Data-900-Type4;145957.0000;DATA;1611608687.675853
/ndn/v14-site/v14/C2Data-1100-Type4;73072.0000;DATA;1611608688.275843
/ndn/h1-site/h1/C2Data-25-Type4;241496.0000;DATA;1611608688.291780
/ndn/h14-site/h14/C2Data-350-Type4;206633.0000;DATA;1611608690.834774
/ndn/d0-site/d0/C2Data-375-Type4;166980.0000;DATA;1611608694.358588
/ndn/v5-site/v5/C2Data-875-Type4;336441.0000;DATA;1611608699.151736
/ndn/d8-site/d8/C2Data-2787-Type2;194490.0000;DATA;1611608700.625808
/ndn/v7-site/v7/C2Data-6296-Type2;220410.0000;DATA;1611608700.978839
/ndn/v1-site/v1/C2Data-5570-Type1;260932.0000;DATA;1611608702.347818
/ndn/d8-site/d8/C2Data-2787-Type1;194598.0000;DATA;1611608702.772805
/ndn/v12-site/v12/C2Data-6901-Type1;231376.0000;DATA;1611608703.458773
/ndn/d0-site/d0/C2Data-1819-Type2;165101.0000;DATA;1611608706.404841
/ndn/s0-site/s0/C2Data-3634-Type2;6000724.0000;TIMEOUT;1611608701.440757
/ndn/h9-site/h9/C2Data-1093-Type1;72509.0000;DATA;1611608707.627783
/ndn/h11-site/h11/C2Data-1335-Type1;187892.0000;DATA;1611608708.138769
/ndn/s12-site/s12/C2Data-5086-Type2;6000484.0000;TIMEOUT;1611608703.322015
/ndn/v13-site/v13/C2Data-7022-Type2;119262.0000;DATA;1611608709.412791
/ndn/h13-site/h13/C2Data-1577-Type2;101938.0000;DATA;1611608710.405772
/ndn/v11-site/v11/C2Data-6780-Type1;166546.0000;DATA;1611608711.239875
/ndn/s5-site/s5/C2Data-4239-Type1;6000275.0000;TIMEOUT;1611608705.725798
/ndn/s14-site/s14/C2Data-5328-Type1;6000329.0000;TIMEOUT;1611608706.749776
/ndn/d6-site/d6/C2Data-525-Type4;181541.0000;DATA;1611608712.978513
/ndn/s2-site/s2/C2Data-3876-Type1;6001992.0000;TIMEOUT;1611608707.507807
/ndn/s4-site/s4/C2Data-4118-Type1;6000252.0000;TIMEOUT;1611608707.703743
/ndn/v13-site/v13/C2Data-1075-Type4;140147.0000;DATA;1611608715.230812
/ndn/h2-site/h2/C2Data-50-Type4;232799.0000;DATA;1611608716.251680
/ndn/s13-site/s13/C2Data-5207-Type2;6001975.0000;TIMEOUT;1611608710.957898
/ndn/h4-site/h4/C2Data-100-Type4;24941.0000;DATA;1611608720.429034
/ndn/d9-site/d9/C2Data-600-Type4;93514.0000;DATA;1611608725.020829
/ndn/v10-site/v10/C2Data-1000-Type4;152341.0000;DATA;1611608726.220755
/ndn/v11-site/v11/C2Data-3418-Type3;163475.0000;DATA;1611608727.500821
/ndn/v14-site/v14/C2Data-3601-Type3;75504.0000;DATA;1611608727.862809
/ndn/h1-site/h1/C2Data-63-Type3;164723.0000;DATA;1611608730.746754
/ndn/s0-site/s0/C2Data-1832-Type3;6001727.0000;TIMEOUT;1611608725.104804
/ndn/v4-site/v4/C2Data-5934-Type1;268255.0000;DATA;1611608731.170749
/ndn/v5-site/v5/C2Data-6055-Type2;263171.0000;DATA;1611608731.655924
/ndn/d11-site/d11/C2Data-1588-Type3;198017.0000;DATA;1611608732.085820
/ndn/d4-site/d4/C2Data-2304-Type1;188377.0000;DATA;1611608732.417758
/ndn/v11-site/v11/C2Data-6781-Type2;162825.0000;DATA;1611608732.457569
/ndn/v7-site/v7/C2Data-6297-Type2;217461.0000;DATA;1611608733.942752
/ndn/v12-site/v12/C2Data-1050-Type4;244357.0000;DATA;1611608733.966792
/ndn/d6-site/d6/C2Data-1283-Type3;141607.0000;DATA;1611608735.355886
/ndn/h1-site/h1/C2Data-126-Type2;169174.0000;DATA;1611608735.880795
/ndn/v12-site/v12/C2Data-3479-Type3;244946.0000;DATA;1611608736.638821
/ndn/v5-site/v5/C2Data-6055-Type1;257556.0000;DATA;1611608737.370795
/ndn/d3-site/d3/C2Data-1100-Type3;146902.0000;DATA;1611608737.485821
/ndn/d9-site/d9/C2Data-1466-Type3;95729.0000;DATA;1611608737.903762
/ndn/h13-site/h13/C2Data-795-Type3;94415.0000;DATA;1611608737.957755
/ndn/v0-site/v0/C2Data-2747-Type3;149699.0000;DATA;1611608738.124761
/ndn/s5-site/s5/C2Data-2137-Type3;6000338.0000;TIMEOUT;1611608732.578885
/ndn/v6-site/v6/C2Data-3113-Type3;138992.0000;DATA;1611608738.458797
/ndn/h8-site/h8/C2Data-973-Type1;92124.0000;DATA;1611608738.838931
/ndn/d9-site/d9/C2Data-2909-Type2;94456.0000;DATA;1611608739.105824
/ndn/s9-site/s9/C2Data-4724-Type2;6000260.0000;TIMEOUT;1611608733.663843
/ndn/h5-site/h5/C2Data-307-Type3;47345.0000;DATA;1611608739.744746
/ndn/s12-site/s12/C2Data-5087-Type2;6000220.0000;TIMEOUT;1611608735.681825
/ndn/s3-site/s3/C2Data-3998-Type1;6001727.0000;TIMEOUT;1611608735.758792
/ndn/d8-site/d8/C2Data-1405-Type3;192126.0000;DATA;1611608743.137821
/ndn/h10-site/h10/C2Data-612-Type3;166684.0000;DATA;1611608743.348788
/ndn/v14-site/v14/C2Data-7145-Type2;74715.0000;DATA;1611608760.438793
/ndn/d13-site/d13/C2Data-3394-Type1;162625.0000;DATA;1611608760.666107
/ndn/v4-site/v4/C2Data-5935-Type1;291864.0000;DATA;1611608761.306840
/ndn/h2-site/h2/C2Data-248-Type1;213478.0000;DATA;1611608761.573803
/ndn/h7-site/h7/C2Data-853-Type2;93814.0000;DATA;1611608762.744852
/ndn/v9-site/v9/C2Data-6540-Type1;24512.0000;DATA;1611608764.804742
/ndn/d9-site/d9/C2Data-2910-Type1;101488.0000;DATA;1611608765.216827
/ndn/v0-site/v0/C2Data-5451-Type1;155222.0000;DATA;1611608765.874793
/ndn/h3-site/h3/C2Data-369-Type2;217707.0000;DATA;1611608766.074805
/ndn/h9-site/h9/C2Data-1095-Type2;74685.0000;DATA;1611608769.608830
/ndn/h13-site/h13/C2Data-1579-Type2;99435.0000;DATA;1611608770.348758
/ndn/s10-site/s10/C2Data-4846-Type1;6001046.0000;TIMEOUT;1611608770.357808
/ndn/d1-site/d1/C2Data-979-Type3;257016.0000;DATA;1611608784.450844
/ndn/v9-site/v9/C2Data-3297-Type3;80458.0000;DATA;1611608786.565746
/ndn/d7-site/d7/C2Data-1345-Type3;140876.0000;DATA;1611608786.757985
/ndn/h8-site/h8/C2Data-491-Type3;112138.0000;DATA;1611608787.401827
/ndn/v7-site/v7/C2Data-3175-Type3;215092.0000;DATA;1611608790.154822
/ndn/v5-site/v5/C2Data-6057-Type1;269540.0000;DATA;1611608790.974835
/ndn/h9-site/h9/C2Data-1096-Type1;72469.0000;DATA;1611608792.176806
/ndn/s0-site/s0/C2Data-1833-Type3;6000729.0000;TIMEOUT;1611608787.135759
/ndn/v0-site/v0/C2Data-5452-Type1;147072.0000;DATA;1611608795.526932
