/ndn/v8-site/v8/C2Data-6413-Type1;24605.0000;DATA;1611602008.953167
/ndn/d4-site/d4/C2Data-2299-Type2;229613.0000;DATA;1611602009.924165
/ndn/h5-site/h5/C2Data-605-Type2;72523.0000;DATA;1611602013.220151
/ndn/d7-site/d7/C2Data-2662-Type2;141371.0000;DATA;1611602014.233170
/ndn/s14-site/s14/C2Data-5324-Type1;474.0000;NACK;1611602014.572147
/ndn/h1-site/h1/C2Data-121-Type1;242189.0000;DATA;1611602014.365195
/ndn/v1-site/v1/C2Data-5566-Type2;261537.0000;DATA;1611602014.587085
/ndn/v13-site/v13/C2Data-7018-Type1;144900.0000;DATA;1611602015.314169
/ndn/h9-site/h9/C2Data-1089-Type2;94778.0000;DATA;1611602015.640252
/ndn/s13-site/s13/C2Data-5203-Type1;49828.0000;DATA;1611602016.456139
/ndn/v6-site/v6/C2Data-6171-Type1;174260.0000;DATA;1611602017.391085
/ndn/v4-site/v4/C2Data-2989-Type3;300929.0000;DATA;1611602031.896117
/ndn/h9-site/h9/C2Data-549-Type3;107962.0000;DATA;1611602033.961176
/ndn/v13-site/v13/C2Data-3538-Type3;138118.0000;DATA;1611602034.806175
/ndn/h7-site/h7/C2Data-427-Type3;24662.0000;DATA;1611602036.289181
/ndn/s1-site/s1/C2Data-3752-Type2;48719.0000;DATA;1611602038.219122
/ndn/d4-site/d4/C2Data-2300-Type1;213350.0000;DATA;1611602039.875161
/ndn/s13-site/s13/C2Data-2623-Type3;47312.0000;DATA;1611602040.664124
/ndn/s5-site/s5/C2Data-4236-Type2;177498.0000;DATA;1611602040.549414
/ndn/s3-site/s3/C2Data-3994-Type2;95735.0000;DATA;1611602040.668131
/ndn/v5-site/v5/C2Data-6051-Type1;290477.0000;DATA;1611602040.598148
/ndn/h8-site/h8/C2Data-969-Type2;115576.0000;DATA;1611602041.948160
/ndn/d1-site/d1/C2Data-1937-Type2;554.0000;NACK;1611602042.859145
/ndn/v5-site/v5/C2Data-6051-Type2;278735.0000;DATA;1611602043.516178
/ndn/h12-site/h12/C2Data-732-Type3;457.0000;NACK;1611602044.196229
/ndn/d9-site/d9/C2Data-2905-Type2;120012.0000;DATA;1611602044.889157
/ndn/s2-site/s2/C2Data-1952-Type3;140087.0000;DATA;1611602045.052119
/ndn/h10-site/h10/C2Data-610-Type3;189610.0000;DATA;1611602045.184274
/ndn/s0-site/s0/C2Data-3631-Type2;140681.0000;DATA;1611602045.275152
/ndn/h1-site/h1/C2Data-61-Type3;186162.0000;DATA;1611602046.148073
/ndn/s4-site/s4/C2Data-2074-Type3;465.0000;NACK;1611602046.471162
/ndn/s13-site/s13/C2Data-5204-Type2;50308.0000;DATA;1611602046.594148
/ndn/d13-site/d13/C2Data-3389-Type1;187666.0000;DATA;1611602046.477138
/ndn/h1-site/h1/C2Data-122-Type1;192113.0000;DATA;1611602047.528163
/ndn/h10-site/h10/C2Data-1211-Type1;196742.0000;DATA;1611602048.056213
/ndn/v7-site/v7/C2Data-3172-Type3;242651.0000;DATA;1611602049.592175
/ndn/h6-site/h6/C2Data-366-Type3;26113.0000;DATA;1611602050.874181
/ndn/d3-site/d3/C2Data-1098-Type3;167298.0000;DATA;1611602052.492136
/ndn/s2-site/s2/C2Data-3874-Type2;145950.0000;DATA;1611602068.576153
/ndn/v13-site/v13/C2Data-7020-Type2;145408.0000;DATA;1611602068.963173
/ndn/h6-site/h6/C2Data-728-Type2;24244.0000;DATA;1611602069.215184
/ndn/h2-site/h2/C2Data-244-Type2;681.0000;NACK;1611602069.766193
/ndn/s13-site/s13/C2Data-5205-Type2;55113.0000;DATA;1611602070.006142
/ndn/v10-site/v10/C2Data-6657-Type1;169113.0000;DATA;1611602071.876148
/ndn/d2-site/d2/C2Data-2059-Type2;214227.0000;DATA;1611602072.655184
/ndn/d7-site/d7/C2Data-2664-Type1;143178.0000;DATA;1611602074.260179
/ndn/h9-site/h9/C2Data-1091-Type1;96965.0000;DATA;1611602074.389243
/ndn/d12-site/d12/C2Data-3269-Type1;187163.0000;DATA;1611602074.525209
/ndn/d12-site/d12/C2Data-3269-Type2;193312.0000;DATA;1611602075.074182
/ndn/v14-site/v14/C2Data-7141-Type1;95882.0000;DATA;1611602075.353246
/ndn/d10-site/d10/C2Data-3027-Type1;77433.0000;DATA;1611602077.714125
/ndn/v8-site/v8/C2Data-6415-Type1;24069.0000;DATA;1611602078.547145
/ndn/d3-site/d3/C2Data-2180-Type2;180676.0000;DATA;1611602078.709145
/ndn/d10-site/d10/C2Data-3027-Type2;82372.0000;DATA;1611602078.839176
/ndn/v2-site/v2/C2Data-5689-Type2;170979.0000;DATA;1611602079.354120
/ndn/s11-site/s11/C2Data-2502-Type3;75200.0000;DATA;1611602093.491589
/ndn/v5-site/v5/C2Data-6053-Type1;282050.0000;DATA;1611602101.189109
/ndn/d6-site/d6/C2Data-2544-Type2;164194.0000;DATA;1611602102.974296
/ndn/h4-site/h4/C2Data-487-Type1;72494.0000;DATA;1611602103.163185
/ndn/s8-site/s8/C2Data-4601-Type2;168742.0000;DATA;1611602103.114162
/ndn/d5-site/d5/C2Data-2423-Type2;47512.0000;DATA;1611602103.446120
/ndn/h5-site/h5/C2Data-608-Type2;72005.0000;DATA;1611602103.651101
/ndn/v3-site/v3/C2Data-5811-Type2;120935.0000;DATA;1611602103.717221
/ndn/d4-site/d4/C2Data-1160-Type3;217722.0000;DATA;1611602104.585141
/ndn/s13-site/s13/C2Data-5206-Type2;47769.0000;DATA;1611602104.841097
/ndn/v1-site/v1/C2Data-2807-Type3;258314.0000;DATA;1611602104.817251
/ndn/v3-site/v3/C2Data-5811-Type1;128575.0000;DATA;1611602105.099164
/ndn/v9-site/v9/C2Data-6537-Type2;97201.0000;DATA;1611602106.303834
/ndn/d2-site/d2/C2Data-425-Type4;211600.0000;DATA;1611602106.310174
/ndn/h8-site/h8/C2Data-489-Type3;123859.0000;DATA;1611602106.675178
/ndn/s14-site/s14/C2Data-5327-Type1;6001040.0000;TIMEOUT;1611602102.057222
/ndn/d3-site/d3/C2Data-2181-Type2;168287.0000;DATA;1611602107.923093
/ndn/h13-site/h13/C2Data-1576-Type1;122628.0000;DATA;1611602107.999165
/ndn/d0-site/d0/C2Data-1818-Type1;189497.0000;DATA;1611602108.320159
/ndn/h9-site/h9/C2Data-225-Type4;96630.0000;DATA;1611602109.141144
/ndn/v2-site/v2/C2Data-5690-Type2;168154.0000;DATA;1611602109.277178
/ndn/h9-site/h9/C2Data-1092-Type2;95730.0000;DATA;1611602109.502152
/ndn/s7-site/s7/C2Data-2258-Type3;6000261.0000;TIMEOUT;1611602105.671197
/ndn/d10-site/d10/C2Data-1526-Type3;83965.0000;DATA;1611602114.066187
/ndn/s2-site/s2/C2Data-1953-Type3;6001699.0000;TIMEOUT;1611602108.264180
/ndn/v8-site/v8/C2Data-3234-Type3;28366.0000;DATA;1611602115.150164
/ndn/s1-site/s1/C2Data-1892-Type3;6000921.0000;TIMEOUT;1611602109.346088
/ndn/d11-site/d11/C2Data-650-Type4;260632.0000;DATA;1611602117.861179
/ndn/s4-site/s4/C2Data-2075-Type3;6002473.0000;TIMEOUT;1611602113.519175
/ndn/h11-site/h11/C2Data-275-Type4;240545.0000;DATA;1611602120.244229
/ndn/v0-site/v0/C2Data-750-Type4;206429.0000;DATA;1611602121.507171
/ndn/h4-site/h4/C2Data-100-Type4;75126.0000;DATA;1611602124.707151
/ndn/v13-site/v13/C2Data-7022-Type1;169964.0000;DATA;1611602127.832485
/ndn/h3-site/h3/C2Data-367-Type1;239424.0000;DATA;1611602131.794185
/ndn/h10-site/h10/C2Data-1214-Type2;188650.0000;DATA;1611602132.148123
/ndn/d2-site/d2/C2Data-2061-Type1;216625.0000;DATA;1611602134.226143
/ndn/v13-site/v13/C2Data-7022-Type2;142441.0000;DATA;1611602134.412141
/ndn/v14-site/v14/C2Data-7143-Type2;95202.0000;DATA;1611602135.921107
/ndn/v5-site/v5/C2Data-6054-Type1;289330.0000;DATA;1611602135.806136
/ndn/d7-site/d7/C2Data-2666-Type1;140430.0000;DATA;1611602137.043089
/ndn/v10-site/v10/C2Data-1000-Type4;173429.0000;DATA;1611602137.208820
/ndn/h9-site/h9/C2Data-1093-Type1;94205.0000;DATA;1611602138.813182
/ndn/v11-site/v11/C2Data-6780-Type1;186644.0000;DATA;1611602138.890113
/ndn/v12-site/v12/C2Data-3479-Type3;294822.0000;DATA;1611602153.671201
/ndn/d1-site/d1/C2Data-978-Type3;214516.0000;DATA;1611602154.251099
/ndn/d13-site/d13/C2Data-1710-Type3;196214.0000;DATA;1611602155.115112
/ndn/v7-site/v7/C2Data-3174-Type3;250837.0000;DATA;1611602155.681136
/ndn/h3-site/h3/C2Data-368-Type2;217065.0000;DATA;1611602158.986113
/ndn/d2-site/d2/C2Data-2062-Type1;214240.0000;DATA;1611602160.245132
/ndn/h5-site/h5/C2Data-307-Type3;73882.0000;DATA;1611602161.260163
/ndn/h10-site/h10/C2Data-612-Type3;191607.0000;DATA;1611602161.839106
/ndn/d5-site/d5/C2Data-1222-Type3;47790.0000;DATA;1611602162.983197
/ndn/d1-site/d1/C2Data-1941-Type2;218202.0000;DATA;1611602163.432142
/ndn/h2-site/h2/C2Data-247-Type1;232504.0000;DATA;1611602163.502160
/ndn/s9-site/s9/C2Data-2381-Type3;6001223.0000;TIMEOUT;1611602158.016141
/ndn/v5-site/v5/C2Data-3052-Type3;291106.0000;DATA;1611602164.294092
/ndn/v0-site/v0/C2Data-5450-Type1;169192.0000;DATA;1611602164.448104
/ndn/s0-site/s0/C2Data-1832-Type3;6000202.0000;TIMEOUT;1611602158.739135
/ndn/h4-site/h4/C2Data-246-Type3;70723.0000;DATA;1611602166.505110
/ndn/s6-site/s6/C2Data-4361-Type1;6000290.0000;TIMEOUT;1611602162.282134
/ndn/v0-site/v0/C2Data-5450-Type2;165377.0000;DATA;1611602168.309139
/ndn/v13-site/v13/C2Data-7023-Type1;150487.0000;DATA;1611602169.344131
/ndn/d1-site/d1/C2Data-1941-Type1;220668.0000;DATA;1611602169.366178
/ndn/s12-site/s12/C2Data-2564-Type3;6000288.0000;TIMEOUT;1611602163.836150
/ndn/d3-site/d3/C2Data-1100-Type3;169073.0000;DATA;1611602170.515100
/ndn/s14-site/s14/C2Data-5329-Type1;6000264.0000;TIMEOUT;1611602166.994090
/ndn/s3-site/s3/C2Data-3998-Type2;6003322.0000;TIMEOUT;1611602167.457132
/ndn/v0-site/v0/C2Data-2747-Type3;170284.0000;DATA;1611602173.429208
/ndn/s9-site/s9/C2Data-4724-Type2;6000276.0000;TIMEOUT;1611602168.237138
/ndn/s5-site/s5/C2Data-4240-Type2;6000807.0000;TIMEOUT;1611602169.582150
/ndn/s3-site/s3/C2Data-2015-Type3;6000277.0000;TIMEOUT;1611602170.839177
/ndn/s13-site/s13/C2Data-2625-Type3;6025219.0000;TIMEOUT;1611602175.775176
/ndn/v11-site/v11/C2Data-6782-Type2;191617.0000;DATA;1611602188.286098
/ndn/d14-site/d14/C2Data-3515-Type1;191635.0000;DATA;1611602188.420140
/ndn/v12-site/v12/C2Data-6903-Type2;262788.0000;DATA;1611602190.504144
/ndn/h11-site/h11/C2Data-1337-Type2;213840.0000;DATA;1611602190.570198
/ndn/d13-site/d13/C2Data-3394-Type2;192594.0000;DATA;1611602193.056122
/ndn/h3-site/h3/C2Data-369-Type2;239944.0000;DATA;1611602193.693174
/ndn/d9-site/d9/C2Data-2910-Type2;119985.0000;DATA;1611602194.656163
/ndn/h6-site/h6/C2Data-732-Type2;25737.0000;DATA;1611602194.818104
/ndn/d13-site/d13/C2Data-3394-Type1;199341.0000;DATA;1611602196.313215
/ndn/d11-site/d11/C2Data-3152-Type2;212035.0000;DATA;1611602197.382100
/ndn/s3-site/s3/C2Data-3999-Type1;6004142.0000;TIMEOUT;1611602191.671094
/ndn/h2-site/h2/C2Data-248-Type2;239609.0000;DATA;1611602198.323153
/ndn/h9-site/h9/C2Data-1095-Type1;92829.0000;DATA;1611602199.436206
/ndn/s0-site/s0/C2Data-3636-Type2;6000260.0000;TIMEOUT;1611602193.915144
/ndn/d1-site/d1/C2Data-979-Type3;219720.0000;DATA;1611602212.008101
/ndn/d0-site/d0/C2Data-918-Type3;199052.0000;DATA;1611602213.108161
/ndn/h4-site/h4/C2Data-247-Type3;77411.0000;DATA;1611602216.217146
/ndn/d14-site/d14/C2Data-1772-Type3;204218.0000;DATA;1611602217.587142
/ndn/v10-site/v10/C2Data-6662-Type2;165351.0000;DATA;1611602218.522099
/ndn/s9-site/s9/C2Data-2382-Type3;6000649.0000;TIMEOUT;1611602212.916358
/ndn/s14-site/s14/C2Data-2687-Type3;6000451.0000;TIMEOUT;1611602213.135232
/ndn/v0-site/v0/C2Data-5452-Type2;163732.0000;DATA;1611602219.316172
/ndn/v2-site/v2/C2Data-5694-Type2;172219.0000;DATA;1611602220.320207
/ndn/h7-site/h7/C2Data-854-Type1;25097.0000;DATA;1611602220.498125
/ndn/h13-site/h13/C2Data-796-Type3;119694.0000;DATA;1611602221.339125
/ndn/h14-site/h14/C2Data-857-Type3;190772.0000;DATA;1611602222.046085
/ndn/s4-site/s4/C2Data-2077-Type3;6000404.0000;TIMEOUT;1611602216.294168
/ndn/v1-site/v1/C2Data-5573-Type1;256742.0000;DATA;1611602223.055130
