/ndn/h5-site/h5/C2Data-605-Type1;123213.0000;DATA;1611603165.806791
/ndn/s10-site/s10/C2Data-4840-Type1;106781.0000;NACK;1611603166.825802
/ndn/h6-site/h6/C2Data-726-Type2;170125.0000;DATA;1611603168.172745
/ndn/d2-site/d2/C2Data-2057-Type2;119428.0000;DATA;1611603168.953832
/ndn/d8-site/d8/C2Data-2783-Type1;121932.0000;DATA;1611603172.159721
/ndn/h14-site/h14/C2Data-1694-Type2;245977.0000;DATA;1611603172.653824
/ndn/d8-site/d8/C2Data-2783-Type2;118004.0000;DATA;1611603174.030741
/ndn/v8-site/v8/C2Data-6413-Type2;202174.0000;DATA;1611603174.987783
/ndn/v10-site/v10/C2Data-6655-Type1;48048.0000;DATA;1611603175.747833
/ndn/d11-site/d11/C2Data-3146-Type2;118356.0000;DATA;1611603176.386765
/ndn/v7-site/v7/C2Data-3172-Type3;143299.0000;DATA;1611603189.976885
/ndn/d13-site/d13/C2Data-1708-Type3;166499.0000;DATA;1611603190.319803
/ndn/h2-site/h2/C2Data-122-Type3;320732.0000;DATA;1611603190.749830
/ndn/s13-site/s13/C2Data-2623-Type3;339564.0000;DATA;1611603193.992774
/ndn/v14-site/v14/C2Data-7140-Type1;143827.0000;DATA;1611603196.221747
/ndn/s14-site/s14/C2Data-2684-Type3;195483.0000;DATA;1611603196.324783
/ndn/v13-site/v13/C2Data-7019-Type2;190379.0000;DATA;1611603196.390814
/ndn/v8-site/v8/C2Data-3233-Type3;194005.0000;DATA;1611603197.344106
/ndn/d6-site/d6/C2Data-1281-Type3;48329.0000;DATA;1611603197.667797
/ndn/h3-site/h3/C2Data-183-Type3;149234.0000;DATA;1611603198.649787
/ndn/s8-site/s8/C2Data-4599-Type1;208554.0000;DATA;1611603199.167780
/ndn/v6-site/v6/C2Data-6172-Type2;164922.0000;DATA;1611603200.044775
/ndn/d14-site/d14/C2Data-3510-Type2;186490.0000;DATA;1611603200.296795
/ndn/s6-site/s6/C2Data-4357-Type2;23926.0000;DATA;1611603202.513786
/ndn/s6-site/s6/C2Data-2196-Type3;23562.0000;DATA;1611603203.287698
/ndn/v11-site/v11/C2Data-6777-Type2;165031.0000;DATA;1611603203.546772
/ndn/v9-site/v9/C2Data-6535-Type1;189766.0000;DATA;1611603203.880821
/ndn/v10-site/v10/C2Data-6656-Type2;47255.0000;DATA;1611603204.265776
/ndn/v3-site/v3/C2Data-5809-Type1;163902.0000;DATA;1611603205.205815
/ndn/h6-site/h6/C2Data-366-Type3;172568.0000;DATA;1611603206.206748
/ndn/v2-site/v2/C2Data-2867-Type3;24384.0000;DATA;1611603209.304704
/ndn/d9-site/d9/C2Data-1464-Type3;76064.0000;DATA;1611603211.584808
/ndn/h4-site/h4/C2Data-486-Type1;171092.0000;DATA;1611603225.449908
/ndn/s2-site/s2/C2Data-3874-Type1;198559.0000;DATA;1611603225.473772
/ndn/d14-site/d14/C2Data-3511-Type2;195323.0000;DATA;1611603226.001773
/ndn/d11-site/d11/C2Data-3148-Type1;116355.0000;DATA;1611603228.827700
/ndn/v1-site/v1/C2Data-5568-Type1;177771.0000;DATA;1611603228.952814
/ndn/s3-site/s3/C2Data-3995-Type2;210087.0000;DATA;1611603229.328789
/ndn/d7-site/d7/C2Data-2664-Type1;47210.0000;DATA;1611603231.221805
/ndn/v14-site/v14/C2Data-7141-Type1;140807.0000;DATA;1611603231.167809
/ndn/v3-site/v3/C2Data-5810-Type2;183154.0000;DATA;1611603232.014793
/ndn/d10-site/d10/C2Data-3027-Type1;168851.0000;DATA;1611603232.251715
/ndn/h5-site/h5/C2Data-607-Type1;118938.0000;DATA;1611603232.469784
/ndn/d5-site/d5/C2Data-2422-Type1;147702.0000;DATA;1611603232.529835
/ndn/d6-site/d6/C2Data-2543-Type2;49283.0000;DATA;1611603233.785773
/ndn/v6-site/v6/C2Data-6173-Type1;162764.0000;DATA;1611603235.115772
/ndn/s13-site/s13/C2Data-5205-Type2;6000889.0000;TIMEOUT;1611603229.441758
/ndn/d14-site/d14/C2Data-1770-Type3;190420.0000;DATA;1611603252.293924
/ndn/v6-site/v6/C2Data-3112-Type3;173745.0000;DATA;1611603253.003793
/ndn/v7-site/v7/C2Data-3173-Type3;146415.0000;DATA;1611603254.621722
/ndn/h3-site/h3/C2Data-366-Type1;141369.0000;DATA;1611603256.100755
/ndn/h14-site/h14/C2Data-855-Type3;238534.0000;DATA;1611603256.885720
/ndn/v13-site/v13/C2Data-7021-Type2;197079.0000;DATA;1611603257.997770
/ndn/s9-site/s9/C2Data-2380-Type3;142195.0000;DATA;1611603258.362740
/ndn/v4-site/v4/C2Data-5932-Type1;188106.0000;DATA;1611603258.446787
/ndn/h7-site/h7/C2Data-428-Type3;221922.0000;DATA;1611603258.522912
/ndn/h13-site/h13/C2Data-1576-Type2;163545.0000;DATA;1611603258.609864
/ndn/s5-site/s5/C2Data-2136-Type3;69848.0000;DATA;1611603258.824858
/ndn/d0-site/d0/C2Data-1818-Type2;103213.0000;DATA;1611603259.541413
/ndn/h9-site/h9/C2Data-1092-Type2;96647.0000;DATA;1611603260.388724
/ndn/d9-site/d9/C2Data-2907-Type1;70245.0000;DATA;1611603261.540799
/ndn/h5-site/h5/C2Data-608-Type2;114830.0000;DATA;1611603262.347790
/ndn/s0-site/s0/C2Data-3633-Type1;6000205.0000;TIMEOUT;1611603257.087846
/ndn/h5-site/h5/C2Data-306-Type3;120680.0000;DATA;1611603263.800705
/ndn/h11-site/h11/C2Data-1334-Type2;189590.0000;DATA;1611603263.836737
/ndn/h2-site/h2/C2Data-245-Type1;282247.0000;DATA;1611603264.637832
/ndn/d0-site/d0/C2Data-1818-Type1;93056.0000;DATA;1611603264.853947
/ndn/v0-site/v0/C2Data-750-Type4;48371.0000;DATA;1611603265.819867
/ndn/s0-site/s0/C2Data-1831-Type3;6000413.0000;TIMEOUT;1611603260.959790
/ndn/v5-site/v5/C2Data-6053-Type2;193483.0000;DATA;1611603267.097741
/ndn/h9-site/h9/C2Data-550-Type3;96555.0000;DATA;1611603268.631901
/ndn/h11-site/h11/C2Data-275-Type4;183581.0000;DATA;1611603268.752864
/ndn/v14-site/v14/C2Data-3600-Type3;144095.0000;DATA;1611603269.144833
/ndn/v3-site/v3/C2Data-2929-Type3;169705.0000;DATA;1611603269.160791
/ndn/s6-site/s6/C2Data-4359-Type2;6000761.0000;TIMEOUT;1611603265.092784
/ndn/d5-site/d5/C2Data-1221-Type3;140675.0000;DATA;1611603271.070805
/ndn/s4-site/s4/C2Data-4117-Type1;6000470.0000;TIMEOUT;1611603266.039694
/ndn/s8-site/s8/C2Data-4601-Type2;6000232.0000;TIMEOUT;1611603266.824739
/ndn/s6-site/s6/C2Data-2197-Type3;6000849.0000;TIMEOUT;1611603266.895843
/ndn/d6-site/d6/C2Data-525-Type4;52661.0000;DATA;1611603273.095850
/ndn/d5-site/d5/C2Data-500-Type4;194874.0000;DATA;1611603274.133718
/ndn/h9-site/h9/C2Data-225-Type4;124735.0000;DATA;1611603275.697810
/ndn/d10-site/d10/C2Data-3029-Type1;170736.0000;DATA;1611603285.622805
/ndn/v3-site/v3/C2Data-5812-Type2;170869.0000;DATA;1611603287.366820
/ndn/v13-site/v13/C2Data-7022-Type2;191167.0000;DATA;1611603287.361781
/ndn/v14-site/v14/C2Data-1100-Type4;145900.0000;DATA;1611603288.607782
/ndn/h13-site/h13/C2Data-1577-Type2;165734.0000;DATA;1611603288.942769
/ndn/d10-site/d10/C2Data-3029-Type2;166389.0000;DATA;1611603289.531718
/ndn/d4-site/d4/C2Data-2303-Type1;193874.0000;DATA;1611603289.711867
/ndn/v14-site/v14/C2Data-7143-Type1;142036.0000;DATA;1611603290.720732
/ndn/d1-site/d1/C2Data-1940-Type2;272378.0000;DATA;1611603290.663790
/ndn/v0-site/v0/C2Data-5449-Type2;50654.0000;DATA;1611603292.116775
/ndn/v12-site/v12/C2Data-6901-Type2;171166.0000;DATA;1611603294.004860
/ndn/d8-site/d8/C2Data-575-Type4;127326.0000;DATA;1611603295.051785
/ndn/h6-site/h6/C2Data-730-Type2;167252.0000;DATA;1611603295.173775
/ndn/d14-site/d14/C2Data-3513-Type1;187703.0000;DATA;1611603296.721744
/ndn/s11-site/s11/C2Data-4965-Type1;6000565.0000;TIMEOUT;1611603293.643795
/ndn/h6-site/h6/C2Data-150-Type4;173364.0000;DATA;1611603299.795849
/ndn/s14-site/s14/C2Data-5328-Type1;6000265.0000;TIMEOUT;1611603296.769719
/ndn/h3-site/h3/C2Data-75-Type4;145868.0000;DATA;1611603307.405783
/ndn/h5-site/h5/C2Data-307-Type3;133982.0000;DATA;1611603310.370788
/ndn/v1-site/v1/C2Data-2808-Type3;166402.0000;DATA;1611603312.475823
/ndn/d9-site/d9/C2Data-600-Type4;72675.0000;DATA;1611603316.232722
/ndn/h8-site/h8/C2Data-973-Type1;71099.0000;DATA;1611603316.948835
/ndn/h13-site/h13/C2Data-1578-Type1;165460.0000;DATA;1611603317.270750
/ndn/d13-site/d13/C2Data-3393-Type2;163228.0000;DATA;1611603318.150701
/ndn/h9-site/h9/C2Data-551-Type3;95842.0000;DATA;1611603318.413816
/ndn/d12-site/d12/C2Data-3272-Type1;108342.0000;DATA;1611603318.738689
/ndn/h14-site/h14/C2Data-856-Type3;239057.0000;DATA;1611603318.631728
/ndn/s12-site/s12/C2Data-2564-Type3;6000492.0000;TIMEOUT;1611603315.435761
/ndn/h0-site/h0/C2Data-2-Type3;191367.0000;DATA;1611603321.631828
/ndn/h12-site/h12/C2Data-1457-Type2;291478.0000;DATA;1611603321.934856
/ndn/d8-site/d8/C2Data-2788-Type2;115856.0000;DATA;1611603322.812789
/ndn/d9-site/d9/C2Data-1466-Type3;71951.0000;DATA;1611603323.081843
/ndn/s3-site/s3/C2Data-3998-Type1;6000412.0000;TIMEOUT;1611603317.178790
/ndn/d1-site/d1/C2Data-1941-Type2;218056.0000;DATA;1611603323.835864
/ndn/h11-site/h11/C2Data-673-Type3;187114.0000;DATA;1611603323.946797
/ndn/h7-site/h7/C2Data-852-Type2;208524.0000;DATA;1611603325.378795
/ndn/v8-site/v8/C2Data-3235-Type3;194801.0000;DATA;1611603326.382701
/ndn/h1-site/h1/C2Data-126-Type1;149177.0000;DATA;1611603327.242697
/ndn/s3-site/s3/C2Data-2015-Type3;6000682.0000;TIMEOUT;1611603323.005883
/ndn/s5-site/s5/C2Data-2137-Type3;6000914.0000;TIMEOUT;1611603324.975808
/ndn/s12-site/s12/C2Data-5087-Type2;6000414.0000;TIMEOUT;1611603325.755795
/ndn/d14-site/d14/C2Data-3515-Type2;195972.0000;DATA;1611603345.309797
/ndn/d11-site/d11/C2Data-3152-Type1;121502.0000;DATA;1611603351.977821
/ndn/v9-site/v9/C2Data-6540-Type2;183662.0000;DATA;1611603352.381776
/ndn/s4-site/s4/C2Data-4120-Type2;6001369.0000;TIMEOUT;1611603349.098842
/ndn/h0-site/h0/C2Data-6-Type1;201670.0000;DATA;1611603356.384752
/ndn/v13-site/v13/C2Data-7024-Type1;192631.0000;DATA;1611603357.160749
/ndn/s7-site/s7/C2Data-4483-Type2;6001140.0000;TIMEOUT;1611603355.702804
/ndn/h1-site/h1/C2Data-64-Type3;171351.0000;DATA;1611603369.310839
/ndn/h0-site/h0/C2Data-3-Type3;190368.0000;DATA;1611603372.589879
/ndn/v2-site/v2/C2Data-5694-Type1;24250.0000;DATA;1611603375.758802
/ndn/d9-site/d9/C2Data-2911-Type2;71753.0000;DATA;1611603375.838881
/ndn/h8-site/h8/C2Data-491-Type3;74732.0000;DATA;1611603378.202808
/ndn/h11-site/h11/C2Data-1338-Type2;192848.0000;DATA;1611603378.135820
/ndn/v8-site/v8/C2Data-3236-Type3;188157.0000;DATA;1611603378.817754
/ndn/v3-site/v3/C2Data-5815-Type1;170269.0000;DATA;1611603379.403948
/ndn/d10-site/d10/C2Data-3032-Type1;171290.0000;DATA;1611603379.607852
/ndn/h5-site/h5/C2Data-612-Type2;119511.0000;DATA;1611603379.758419
/ndn/d0-site/d0/C2Data-1822-Type2;97438.0000;DATA;1611603379.854771
