/ndn/h13-site/h13/C2Data-1573-Type1;235969.0000;DATA;1611608580.768857
/ndn/v6-site/v6/C2Data-6171-Type1;513.0000;NACK;1611608583.435961
/ndn/s12-site/s12/C2Data-5082-Type2;282323.0000;DATA;1611608583.910889
/ndn/v5-site/v5/C2Data-6050-Type1;27204.0000;DATA;1611608584.979113
/ndn/v8-site/v8/C2Data-6413-Type2;264820.0000;DATA;1611608587.250849
/ndn/d7-site/d7/C2Data-2662-Type2;122480.0000;DATA;1611608588.772801
/ndn/s9-site/s9/C2Data-4719-Type2;213281.0000;DATA;1611608589.177828
/ndn/s14-site/s14/C2Data-5324-Type2;188528.0000;DATA;1611608589.248760
/ndn/s1-site/s1/C2Data-3751-Type2;253091.0000;DATA;1611608589.226792
/ndn/s6-site/s6/C2Data-4356-Type2;160924.0000;DATA;1611608589.470812
/ndn/s0-site/s0/C2Data-3630-Type1;184998.0000;DATA;1611608590.476819
/ndn/s5-site/s5/C2Data-4235-Type1;94621.0000;DATA;1611608591.474857
/ndn/s2-site/s2/C2Data-3872-Type2;190602.0000;DATA;1611608591.558765
/ndn/s14-site/s14/C2Data-2684-Type3;198725.0000;DATA;1611608609.181832
/ndn/s5-site/s5/C2Data-2135-Type3;93440.0000;DATA;1611608610.272798
/ndn/d4-site/d4/C2Data-2300-Type1;190989.0000;DATA;1611608610.198765
/ndn/h13-site/h13/C2Data-1574-Type2;232603.0000;DATA;1611608610.381956
/ndn/h9-site/h9/C2Data-549-Type3;164664.0000;DATA;1611608610.801758
/ndn/s8-site/s8/C2Data-4599-Type1;211512.0000;DATA;1611608610.994830
/ndn/v4-site/v4/C2Data-5930-Type1;24565.0000;DATA;1611608612.266791
/ndn/h6-site/h6/C2Data-366-Type3;236933.0000;DATA;1611608612.200850
/ndn/h10-site/h10/C2Data-610-Type3;161097.0000;DATA;1611608613.331908
/ndn/s13-site/s13/C2Data-2623-Type3;530.0000;NACK;1611608613.771856
/ndn/s3-site/s3/C2Data-3994-Type2;288363.0000;DATA;1611608614.290752
/ndn/d0-site/d0/C2Data-1816-Type1;102214.0000;DATA;1611608615.056136
/ndn/s14-site/s14/C2Data-5325-Type1;192892.0000;DATA;1611608615.027784
/ndn/s2-site/s2/C2Data-3873-Type2;184334.0000;DATA;1611608615.591886
/ndn/v14-site/v14/C2Data-7140-Type2;209163.0000;DATA;1611608615.945864
/ndn/v0-site/v0/C2Data-5446-Type1;183514.0000;DATA;1611608616.062850
/ndn/d1-site/d1/C2Data-1937-Type2;252750.0000;DATA;1611608616.039886
/ndn/d13-site/d13/C2Data-3389-Type1;164594.0000;DATA;1611608618.311894
/ndn/v5-site/v5/C2Data-3050-Type3;23321.0000;DATA;1611608619.091830
/ndn/s11-site/s11/C2Data-4962-Type2;282653.0000;DATA;1611608618.945909
/ndn/h2-site/h2/C2Data-122-Type3;284329.0000;DATA;1611608619.033763
/ndn/d7-site/d7/C2Data-2663-Type1;122124.0000;DATA;1611608619.416967
/ndn/s0-site/s0/C2Data-1830-Type3;190398.0000;DATA;1611608619.475848
/ndn/h4-site/h4/C2Data-485-Type2;236315.0000;DATA;1611608619.464839
/ndn/v4-site/v4/C2Data-5930-Type2;24030.0000;DATA;1611608621.396775
/ndn/h6-site/h6/C2Data-727-Type2;233849.0000;DATA;1611608621.642845
/ndn/d4-site/d4/C2Data-1159-Type3;234737.0000;DATA;1611608622.116868
/ndn/v8-site/v8/C2Data-3233-Type3;273126.0000;DATA;1611608622.558856
/ndn/v14-site/v14/C2Data-3599-Type3;213705.0000;DATA;1611608627.268868
/ndn/s3-site/s3/C2Data-2013-Type3;290782.0000;DATA;1611608627.256908
/ndn/s13-site/s13/C2Data-5205-Type1;314947.0000;DATA;1611608643.213860
/ndn/s9-site/s9/C2Data-4721-Type1;248580.0000;DATA;1611608644.596811
/ndn/d0-site/d0/C2Data-1817-Type1;95367.0000;DATA;1611608645.629791
/ndn/h5-site/h5/C2Data-607-Type2;200190.0000;DATA;1611608645.603838
/ndn/s3-site/s3/C2Data-3995-Type1;288483.0000;DATA;1611608646.621831
/ndn/d1-site/d1/C2Data-1938-Type1;264560.0000;DATA;1611608647.267835
/ndn/s3-site/s3/C2Data-3995-Type2;289964.0000;DATA;1611608648.388854
/ndn/h7-site/h7/C2Data-849-Type2;284186.0000;DATA;1611608648.755769
/ndn/v2-site/v2/C2Data-5689-Type2;142083.0000;DATA;1611608649.057840
/ndn/d10-site/d10/C2Data-3027-Type2;235324.0000;DATA;1611608650.465764
/ndn/d12-site/d12/C2Data-3269-Type1;71866.0000;DATA;1611608650.783848
/ndn/h14-site/h14/C2Data-1696-Type2;259278.0000;DATA;1611608651.651843
/ndn/s10-site/s10/C2Data-4842-Type1;6006728.0000;TIMEOUT;1611608648.214770
/ndn/s14-site/s14/C2Data-5326-Type2;6007376.0000;TIMEOUT;1611608649.348800
/ndn/s2-site/s2/C2Data-3874-Type2;6008986.0000;TIMEOUT;1611608649.676853
/ndn/d1-site/d1/C2Data-977-Type3;294445.0000;DATA;1611608664.486854
/ndn/v3-site/v3/C2Data-5811-Type2;231343.0000;DATA;1611608670.140780
/ndn/h5-site/h5/C2Data-306-Type3;192110.0000;DATA;1611608673.059032
/ndn/d11-site/d11/C2Data-1587-Type3;47963.0000;DATA;1611608673.570783
/ndn/s6-site/s6/C2Data-2197-Type3;6000277.0000;TIMEOUT;1611608667.787868
/ndn/v6-site/v6/C2Data-6174-Type2;166670.0000;DATA;1611608674.203861
/ndn/s14-site/s14/C2Data-5327-Type1;6000291.0000;TIMEOUT;1611608669.921847
/ndn/h5-site/h5/C2Data-608-Type2;192992.0000;DATA;1611608676.051764
/ndn/s14-site/s14/C2Data-2685-Type3;6000206.0000;TIMEOUT;1611608670.314780
/ndn/h11-site/h11/C2Data-1334-Type1;184223.0000;DATA;1611608676.672969
/ndn/h7-site/h7/C2Data-428-Type3;282309.0000;DATA;1611608676.846007
/ndn/v7-site/v7/C2Data-6295-Type1;24008.0000;DATA;1611608677.196974
/ndn/d8-site/d8/C2Data-2786-Type2;95732.0000;DATA;1611608677.526012
/ndn/s10-site/s10/C2Data-2441-Type3;6000515.0000;TIMEOUT;1611608672.575919
/ndn/v7-site/v7/C2Data-6295-Type2;24487.0000;DATA;1611608680.043837
/ndn/v11-site/v11/C2Data-3417-Type3;165990.0000;DATA;1611608681.706758
/ndn/v5-site/v5/C2Data-3051-Type3;24269.0000;DATA;1611608682.938823
/ndn/v2-site/v2/C2Data-800-Type4;142641.0000;DATA;1611608686.134902
/ndn/h9-site/h9/C2Data-225-Type4;166990.0000;DATA;1611608686.834833
/ndn/h8-site/h8/C2Data-200-Type4;173082.0000;DATA;1611608687.689762
/ndn/s7-site/s7/C2Data-2258-Type3;6000345.0000;TIMEOUT;1611608684.334120
/ndn/v6-site/v6/C2Data-900-Type4;180273.0000;DATA;1611608691.610853
/ndn/d10-site/d10/C2Data-625-Type4;230512.0000;DATA;1611608692.025191
/ndn/d12-site/d12/C2Data-675-Type4;69185.0000;DATA;1611608696.142894
/ndn/h4-site/h4/C2Data-488-Type1;243705.0000;DATA;1611608704.151802
/ndn/h3-site/h3/C2Data-367-Type1;25648.0000;DATA;1611608705.179864
/ndn/v11-site/v11/C2Data-6780-Type2;173021.0000;DATA;1611608705.783763
/ndn/s1-site/s1/C2Data-3755-Type1;6000385.0000;TIMEOUT;1611608700.383844
/ndn/s3-site/s3/C2Data-3997-Type1;6000490.0000;TIMEOUT;1611608700.455849
/ndn/d8-site/d8/C2Data-2787-Type2;96973.0000;DATA;1611608706.748855
/ndn/v9-site/v9/C2Data-6538-Type2;331564.0000;DATA;1611608706.801994
/ndn/h9-site/h9/C2Data-1093-Type2;162302.0000;DATA;1611608708.106791
/ndn/v6-site/v6/C2Data-6175-Type1;172626.0000;DATA;1611608709.465764
/ndn/h2-site/h2/C2Data-246-Type1;283057.0000;DATA;1611608711.195801
/ndn/v8-site/v8/C2Data-6417-Type2;263850.0000;DATA;1611608711.243797
/ndn/s7-site/s7/C2Data-4481-Type2;6000653.0000;TIMEOUT;1611608705.785913
/ndn/d9-site/d9/C2Data-600-Type4;151414.0000;DATA;1611608714.071022
/ndn/s3-site/s3/C2Data-3997-Type2;6000256.0000;TIMEOUT;1611608711.436936
/ndn/v14-site/v14/C2Data-1100-Type4;264726.0000;DATA;1611608719.102503
/ndn/v4-site/v4/C2Data-2991-Type3;25188.0000;DATA;1611608723.876929
/ndn/v4-site/v4/C2Data-850-Type4;23923.0000;DATA;1611608726.108840
/ndn/d0-site/d0/C2Data-917-Type3;102399.0000;DATA;1611608726.617863
/ndn/h0-site/h0/C2Data-2-Type3;275227.0000;DATA;1611608728.744775
/ndn/d7-site/d7/C2Data-1344-Type3;128300.0000;DATA;1611608729.197752
/ndn/v12-site/v12/C2Data-3479-Type3;48500.0000;DATA;1611608729.675768
/ndn/v12-site/v12/C2Data-6902-Type1;50260.0000;DATA;1611608731.238781
/ndn/v9-site/v9/C2Data-6539-Type1;269718.0000;DATA;1611608733.109786
/ndn/h2-site/h2/C2Data-124-Type3;282146.0000;DATA;1611608733.207917
/ndn/v4-site/v4/C2Data-5934-Type2;26087.0000;DATA;1611608735.029835
/ndn/v3-site/v3/C2Data-5813-Type2;231937.0000;DATA;1611608735.331783
/ndn/h14-site/h14/C2Data-1699-Type2;242259.0000;DATA;1611608736.987776
/ndn/s8-site/s8/C2Data-4603-Type1;6000697.0000;TIMEOUT;1611608732.051843
/ndn/d2-site/d2/C2Data-1039-Type3;117282.0000;DATA;1611608739.780866
/ndn/v12-site/v12/C2Data-6902-Type2;47190.0000;DATA;1611608740.089860
/ndn/h7-site/h7/C2Data-429-Type3;286632.0000;DATA;1611608739.854762
/ndn/s11-site/s11/C2Data-4966-Type2;6000312.0000;TIMEOUT;1611608734.568821
/ndn/h10-site/h10/C2Data-1215-Type2;168518.0000;DATA;1611608741.198930
/ndn/h5-site/h5/C2Data-307-Type3;186341.0000;DATA;1611608741.397007
/ndn/v13-site/v13/C2Data-3540-Type3;221454.0000;DATA;1611608742.194791
/ndn/v2-site/v2/C2Data-2869-Type3;154028.0000;DATA;1611608742.392848
/ndn/s3-site/s3/C2Data-3998-Type2;6000287.0000;TIMEOUT;1611608736.755810
/ndn/d9-site/d9/C2Data-1466-Type3;140179.0000;DATA;1611608743.885809
/ndn/s10-site/s10/C2Data-2442-Type3;6000353.0000;TIMEOUT;1611608739.160853
/ndn/d13-site/d13/C2Data-1710-Type3;164861.0000;DATA;1611608745.159832
/ndn/s7-site/s7/C2Data-4482-Type2;6001070.0000;TIMEOUT;1611608740.979789
/ndn/s1-site/s1/C2Data-3756-Type1;6003007.0000;TIMEOUT;1611608741.302849
/ndn/s13-site/s13/C2Data-2625-Type3;6003147.0000;TIMEOUT;1611608743.892793
/ndn/s14-site/s14/C2Data-2686-Type3;6002478.0000;TIMEOUT;1611608746.617944
/ndn/d2-site/d2/C2Data-2063-Type1;120417.0000;DATA;1611608759.967843
/ndn/v2-site/v2/C2Data-5693-Type1;140208.0000;DATA;1611608760.664795
/ndn/h13-site/h13/C2Data-1579-Type2;219021.0000;DATA;1611608761.562686
/ndn/d0-site/d0/C2Data-1821-Type1;98728.0000;DATA;1611608762.057899
/ndn/d8-site/d8/C2Data-2789-Type1;100921.0000;DATA;1611608762.553821
/ndn/d14-site/d14/C2Data-3515-Type1;197406.0000;DATA;1611608762.586830
/ndn/h11-site/h11/C2Data-1337-Type1;197853.0000;DATA;1611608763.675781
/ndn/h8-site/h8/C2Data-974-Type1;178794.0000;DATA;1611608764.822768
/ndn/h4-site/h4/C2Data-490-Type2;237534.0000;DATA;1611608768.045868
/ndn/s12-site/s12/C2Data-5088-Type1;6002733.0000;TIMEOUT;1611608762.751763
/ndn/d4-site/d4/C2Data-2305-Type1;200915.0000;DATA;1611608768.574872
/ndn/v6-site/v6/C2Data-6177-Type1;164657.0000;DATA;1611608769.188820
/ndn/d11-site/d11/C2Data-3152-Type1;51187.0000;DATA;1611608769.305832
/ndn/v2-site/v2/C2Data-5693-Type2;148392.0000;DATA;1611608769.956863
/ndn/v13-site/v13/C2Data-7024-Type1;216397.0000;DATA;1611608770.006834
/ndn/s6-site/s6/C2Data-4362-Type2;6003193.0000;TIMEOUT;1611608771.332810
/ndn/d1-site/d1/C2Data-979-Type3;318565.0000;DATA;1611608783.943843
/ndn/v11-site/v11/C2Data-3419-Type3;169305.0000;DATA;1611608784.297859
/ndn/v10-site/v10/C2Data-3358-Type3;129384.0000;DATA;1611608786.788856
/ndn/v13-site/v13/C2Data-7025-Type2;220451.0000;DATA;1611608790.112792
/ndn/d10-site/d10/C2Data-3032-Type2;247181.0000;DATA;1611608790.090877
/ndn/h0-site/h0/C2Data-7-Type1;263275.0000;DATA;1611608790.269870
/ndn/d11-site/d11/C2Data-3153-Type1;48830.0000;DATA;1611608791.077771
/ndn/s1-site/s1/C2Data-1894-Type3;6000233.0000;TIMEOUT;1611608787.044851
/ndn/v10-site/v10/C2Data-6662-Type2;116904.0000;DATA;1611608793.411843
/ndn/h5-site/h5/C2Data-612-Type1;188087.0000;DATA;1611608793.845902
/ndn/h3-site/h3/C2Data-370-Type1;24685.0000;DATA;1611608794.812853
