/ndn/d5-site/d5/C2Data-1815-Type2;24410.0000;DATA;1612715361.756059
/ndn/h3-site/h3/C2Data-363-Type1;218311.0000;DATA;1612715363.886839
/ndn/v8-site/v8/C2Data-4598-Type2;2270.0000;DATA;1612715365.364529
/ndn/h0-site/h0/C2Data-0-Type1;51506.0000;DATA;1612715366.521133
/ndn/s1-site/s1/C2Data-2541-Type1;266263.0000;DATA;1612715366.583832
/ndn/h6-site/h6/C2Data-726-Type1;990.0000;DATA;1612715366.938000
/ndn/h7-site/h7/C2Data-847-Type1;29667.0000;DATA;1612715367.566568
/ndn/d8-site/d8/C2Data-2178-Type2;24371.0000;DATA;1612715367.795014
/ndn/s0-site/s0/C2Data-1220-Type3;228305.0000;DATA;1612715386.258545
/ndn/h2-site/h2/C2Data-122-Type3;253713.0000;DATA;1612715386.810279
/ndn/d1-site/d1/C2Data-671-Type3;64853.0000;DATA;1612715387.356363
/ndn/s3-site/s3/C2Data-1403-Type3;4149.0000;DATA;1612715390.069357
/ndn/s4-site/s4/C2Data-1464-Type3;72565.0000;DATA;1612715391.279617
/ndn/v5-site/v5/C2Data-4236-Type2;279813.0000;DATA;1612715391.260499
/ndn/s2-site/s2/C2Data-2663-Type1;149895.0000;DATA;1612715391.888654
/ndn/h6-site/h6/C2Data-727-Type1;174712.0000;DATA;1612715393.550242
/ndn/h1-site/h1/C2Data-61-Type3;126457.0000;DATA;1612715394.427368
/ndn/s7-site/s7/C2Data-1647-Type3;28666.0000;DATA;1612715395.847081
/ndn/h3-site/h3/C2Data-183-Type3;48757.0000;DATA;1612715398.464799
/ndn/d5-site/d5/C2Data-915-Type3;2585.0000;DATA;1612715404.373597
/ndn/h5-site/h5/C2Data-607-Type2;141170.0000;DATA;1612715420.899062
/ndn/h6-site/h6/C2Data-728-Type2;171359.0000;DATA;1612715421.112660
/ndn/d4-site/d4/C2Data-1696-Type1;29824.0000;DATA;1612715423.956338
/ndn/h7-site/h7/C2Data-849-Type2;168522.0000;DATA;1612715424.419485
/ndn/v7-site/v7/C2Data-4479-Type1;61047.0000;DATA;1612715424.688803
/ndn/d2-site/d2/C2Data-1454-Type1;31635.0000;DATA;1612715425.020970
/ndn/d9-site/d9/C2Data-2301-Type1;1701.0000;DATA;1612715425.830876
/ndn/s0-site/s0/C2Data-2422-Type2;201594.0000;DATA;1612715426.055958
/ndn/d9-site/d9/C2Data-2301-Type2;920.0000;DATA;1612715426.799677
/ndn/h7-site/h7/C2Data-849-Type1;24097.0000;DATA;1612715426.967715
/ndn/d8-site/d8/C2Data-2180-Type1;75559.0000;DATA;1612715428.997620
/ndn/s4-site/s4/C2Data-1465-Type3;161511.0000;DATA;1612715442.977438
/ndn/s3-site/s3/C2Data-1404-Type3;180758.0000;DATA;1612715446.552750
/ndn/h4-site/h4/C2Data-487-Type2;128382.0000;DATA;1612715448.811210
/ndn/h4-site/h4/C2Data-245-Type3;85461.0000;DATA;1612715449.375440
/ndn/d6-site/d6/C2Data-1939-Type1;200296.0000;DATA;1612715450.767280
/ndn/d2-site/d2/C2Data-1455-Type2;37586.0000;DATA;1612715451.776100
/ndn/v1-site/v1/C2Data-1892-Type3;140145.0000;DATA;1612715453.367148
/ndn/h8-site/h8/C2Data-489-Type3;49436.0000;DATA;1612715454.326793
/ndn/v0-site/v0/C2Data-1831-Type3;24129.0000;DATA;1612715454.628861
/ndn/h9-site/h9/C2Data-1092-Type1;539029.0000;DATA;1612715456.136837
/ndn/v8-site/v8/C2Data-4601-Type2;24452.0000;DATA;1612715458.364656
/ndn/v1-site/v1/C2Data-3754-Type1;124796.0000;DATA;1612715458.285683
/ndn/v4-site/v4/C2Data-4117-Type2;240548.0000;DATA;1612715458.691554
/ndn/d7-site/d7/C2Data-1038-Type3;80225.0000;DATA;1612715461.734629
/ndn/d4-site/d4/C2Data-350-Type4;148770.0000;DATA;1612715462.843617
/ndn/s7-site/s7/C2Data-1648-Type3;2879.0000;DATA;1612715463.907594
/ndn/v7-site/v7/C2Data-675-Type4;26519.0000;DATA;1612715470.045625
/ndn/s0-site/s0/C2Data-2424-Type1;197666.0000;DATA;1612715478.798979
/ndn/v2-site/v2/C2Data-3876-Type2;165940.0000;DATA;1612715481.216805
/ndn/s4-site/s4/C2Data-2908-Type2;124503.0000;DATA;1612715481.381723
/ndn/d0-site/d0/C2Data-1214-Type1;254536.0000;DATA;1612715484.635990
/ndn/s1-site/s1/C2Data-2545-Type2;150738.0000;DATA;1612715486.631782
/ndn/d8-site/d8/C2Data-2182-Type2;72119.0000;DATA;1612715489.838691
/ndn/h7-site/h7/C2Data-175-Type4;886.0000;DATA;1612715490.935901
/ndn/d8-site/d8/C2Data-450-Type4;101022.0000;DATA;1612715498.027228
/ndn/d7-site/d7/C2Data-425-Type4;125829.0000;DATA;1612715506.907666
/ndn/v1-site/v1/C2Data-1893-Type3;34253.0000;DATA;1612715508.976576
/ndn/s9-site/s9/C2Data-1771-Type3;52057.0000;DATA;1612715510.569025
/ndn/v7-site/v7/C2Data-4482-Type2;52315.0000;DATA;1612715511.473158
/ndn/s1-site/s1/C2Data-2546-Type2;246956.0000;DATA;1612715511.860793
/ndn/s3-site/s3/C2Data-1405-Type3;1230.0000;DATA;1612715513.041255
/ndn/v0-site/v0/C2Data-3635-Type2;48034.0000;DATA;1612715513.252938
/ndn/h4-site/h4/C2Data-246-Type3;25468.0000;DATA;1612715513.660910
/ndn/d2-site/d2/C2Data-300-Type4;930.0000;DATA;1612715514.187334
/ndn/v2-site/v2/C2Data-1954-Type3;75448.0000;DATA;1612715518.345045
/ndn/d3-site/d3/C2Data-1578-Type1;249817.0000;DATA;1612715519.052771
/ndn/d0-site/d0/C2Data-612-Type3;1440.0000;DATA;1612715520.061253
/ndn/v5-site/v5/C2Data-2137-Type3;99145.0000;DATA;1612715521.869364
/ndn/d7-site/d7/C2Data-1039-Type3;82375.0000;DATA;1612715525.003112
/ndn/s7-site/s7/C2Data-3273-Type2;52532.0000;DATA;1612715538.463952
/ndn/s0-site/s0/C2Data-2426-Type1;149927.0000;DATA;1612715541.155611
/ndn/d5-site/d5/C2Data-1821-Type2;28380.0000;DATA;1612715542.940846
/ndn/d9-site/d9/C2Data-2305-Type1;29408.0000;DATA;1612715543.146900
/ndn/h5-site/h5/C2Data-612-Type1;145178.0000;DATA;1612715569.123444
/ndn/h3-site/h3/C2Data-370-Type2;207787.0000;DATA;1612715569.328366
/ndn/s7-site/s7/C2Data-1650-Type3;24352.0000;DATA;1612715570.534750
/ndn/d4-site/d4/C2Data-1701-Type2;72674.0000;DATA;1612715571.496696
/ndn/s0-site/s0/C2Data-1223-Type3;152534.0000;DATA;1612715571.628722
/ndn/d3-site/d3/C2Data-1580-Type2;259887.0000;DATA;1612715572.911405
/ndn/d0-site/d0/C2Data-1217-Type2;200066.0000;DATA;1612715576.683934
/ndn/s1-site/s1/C2Data-2548-Type2;291712.0000;DATA;1612715576.751692
/ndn/s1-site/s1/C2Data-2548-Type1;119637.0000;DATA;1612715576.980617
/ndn/d6-site/d6/C2Data-979-Type3;52211.0000;DATA;1612715577.196648
/ndn/h4-site/h4/C2Data-491-Type2;26215.0000;DATA;1612715579.347015
/ndn/d7-site/d7/C2Data-2064-Type2;55838.0000;DATA;1612715580.174984
/ndn/s8-site/s8/C2Data-3395-Type1;98069.0000;DATA;1612715580.407963
/ndn/d6-site/d6/C2Data-208-Type5;206976.0000;DATA;1612715581.052866
/ndn/s8-site/s8/C2Data-1711-Type3;24917.0000;DATA;1612715584.215596
/ndn/v2-site/v2/C2Data-1955-Type3;80311.0000;DATA;1612715586.010899
/ndn/h8-site/h8/C2Data-104-Type5;234554.0000;DATA;1612715596.958416
/ndn/s4-site/s4/C2Data-2912-Type1;124436.0000;DATA;1612715599.237928
/ndn/s2-site/s2/C2Data-2670-Type2;192621.0000;DATA;1612715601.614574
/ndn/d3-site/d3/C2Data-1581-Type2;299804.0000;DATA;1612715602.134729
/ndn/s5-site/s5/C2Data-3033-Type1;150003.0000;DATA;1612715602.556309
/ndn/v6-site/v6/C2Data-4364-Type2;252040.0000;DATA;1612715602.657387
/ndn/v1-site/v1/C2Data-3759-Type1;129346.0000;DATA;1612715604.819685
/ndn/d2-site/d2/C2Data-301-Type4;26561.0000;DATA;1612715605.193603
/ndn/v2-site/v2/C2Data-551-Type4;181808.0000;DATA;1612715606.660676
/ndn/h7-site/h7/C2Data-855-Type2;15219.0000;DATA;1612715607.259180
/ndn/s9-site/s9/C2Data-3517-Type2;132065.0000;DATA;1612715608.747931
/ndn/h0-site/h0/C2Data-0-Type5;128338.0000;DATA;1612715614.339134
/ndn/h7-site/h7/C2Data-176-Type4;26546.0000;DATA;1612715615.965240
/ndn/s5-site/s5/C2Data-1529-Type3;277902.0000;DATA;1612715622.964294
/ndn/h5-site/h5/C2Data-309-Type3;179542.0000;DATA;1612715625.034459
/ndn/h6-site/h6/C2Data-370-Type3;75862.0000;DATA;1612715628.045567
/ndn/v5-site/v5/C2Data-2139-Type3;414101.0000;DATA;1612715627.724988
/ndn/h9-site/h9/C2Data-1098-Type1;110610.0000;DATA;1612715632.266740
/ndn/h2-site/h2/C2Data-251-Type1;218989.0000;DATA;1612715633.242298
/ndn/s7-site/s7/C2Data-1651-Type3;50669.0000;DATA;1612715634.148614
/ndn/d6-site/d6/C2Data-1945-Type2;126934.0000;DATA;1612715634.194600
/ndn/d1-site/d1/C2Data-1340-Type1;171207.0000;DATA;1612715634.962949
/ndn/h7-site/h7/C2Data-856-Type2;147902.0000;DATA;1612715635.447582
/ndn/h4-site/h4/C2Data-101-Type4;37237.0000;DATA;1612715636.987381
/ndn/d3-site/d3/C2Data-797-Type3;49267.0000;DATA;1612715637.428866
/ndn/d2-site/d2/C2Data-1461-Type1;28696.0000;DATA;1612715637.619765
/ndn/s9-site/s9/C2Data-3518-Type2;50751.0000;DATA;1612715638.665106
/ndn/v8-site/v8/C2Data-2322-Type3;165523.0000;DATA;1612715638.693333
/ndn/v6-site/v6/C2Data-2200-Type3;99450.0000;DATA;1612715639.967841
/ndn/d3-site/d3/C2Data-1582-Type1;50768.0000;DATA;1612715640.133039
/ndn/s2-site/s2/C2Data-1346-Type3;692271.0000;DATA;1612715641.840711
/ndn/h0-site/h0/C2Data-1-Type4;50714.0000;DATA;1612715647.814974
/ndn/v6-site/v6/C2Data-651-Type4;268719.0000;DATA;1612715648.755190
/ndn/d3-site/d3/C2Data-169-Type5;114686.0000;DATA;1612715650.873076
/ndn/d9-site/d9/C2Data-2309-Type2;30107.0000;DATA;1612715658.968939
/ndn/h2-site/h2/C2Data-51-Type4;51124.0000;DATA;1612715659.329294
/ndn/d4-site/d4/C2Data-1704-Type1;79379.0000;DATA;1612715659.386004
/ndn/h2-site/h2/C2Data-252-Type2;201552.0000;DATA;1612715663.122470
/ndn/h7-site/h7/C2Data-91-Type5;88672.0000;DATA;1612715675.600650
/ndn/v8-site/v8/C2Data-2323-Type3;117516.0000;DATA;1612715687.239857
/ndn/s2-site/s2/C2Data-1347-Type3;180155.0000;DATA;1612715688.369579
/ndn/d7-site/d7/C2Data-1042-Type3;57956.0000;DATA;1612715690.719500
/ndn/v8-site/v8/C2Data-4609-Type2;75881.0000;DATA;1612715692.103368
/ndn/v6-site/v6/C2Data-2201-Type3;84000.0000;DATA;1612715692.432031
/ndn/d1-site/d1/C2Data-1342-Type1;147361.0000;DATA;1612715692.574295
/ndn/s0-site/s0/C2Data-1225-Type3;71229.0000;DATA;1612715695.528964
/ndn/h1-site/h1/C2Data-66-Type3;123782.0000;DATA;1612715696.994631
/ndn/s0-site/s0/C2Data-2431-Type2;209250.0000;DATA;1612715698.285041
/ndn/d6-site/d6/C2Data-1947-Type2;111298.0000;DATA;1612715698.562667
/ndn/d3-site/d3/C2Data-798-Type3;180445.0000;DATA;1612715698.962339
/ndn/v9-site/v9/C2Data-4730-Type2;24459.0000;DATA;1612715699.567677
/ndn/d0-site/d0/C2Data-1221-Type2;203706.0000;DATA;1612715699.673629
/ndn/d9-site/d9/C2Data-1164-Type3;30323.0000;DATA;1612715704.441000
/ndn/h0-site/h0/C2Data-5-Type3;61673.0000;DATA;1612715704.802181
/ndn/s2-site/s2/C2Data-2674-Type2;172358.0000;DATA;1612715721.992451
/ndn/v4-site/v4/C2Data-4126-Type1;377685.0000;DATA;1612715722.247078
/ndn/s6-site/s6/C2Data-3158-Type2;28968.0000;DATA;1612715722.616471
/ndn/v1-site/v1/C2Data-3763-Type1;149080.0000;DATA;1612715723.416442
/ndn/d9-site/d9/C2Data-2311-Type1;27251.0000;DATA;1612715726.225609
/ndn/v5-site/v5/C2Data-4247-Type2;88458.0000;DATA;1612715727.161353
/ndn/h0-site/h0/C2Data-12-Type2;55700.0000;DATA;1612715728.301510
/ndn/d5-site/d5/C2Data-1828-Type1;40829.0000;DATA;1612715748.750286
/ndn/v0-site/v0/C2Data-3643-Type1;104633.0000;DATA;1612715748.844025
/ndn/d3-site/d3/C2Data-799-Type3;149460.0000;DATA;1612715749.306401
/ndn/v1-site/v1/C2Data-1897-Type3;123681.0000;DATA;1612715750.962146
/ndn/s9-site/s9/C2Data-1775-Type3;6000454.0000;TIMEOUT;1612715745.695743
/ndn/h1-site/h1/C2Data-134-Type2;118923.0000;DATA;1612715752.132792
/ndn/s8-site/s8/C2Data-3401-Type2;6000764.0000;TIMEOUT;1612715748.599498
/ndn/v8-site/v8/C2Data-4611-Type1;141928.0000;DATA;1612715755.132191
/ndn/v2-site/v2/C2Data-1958-Type3;29807.0000;DATA;1612715756.578937
/ndn/v5-site/v5/C2Data-4248-Type1;108862.0000;DATA;1612715757.165536
/ndn/s8-site/s8/C2Data-3401-Type1;6001429.0000;TIMEOUT;1612715751.897117
/ndn/v5-site/v5/C2Data-627-Type4;279382.0000;DATA;1612715758.322216
/ndn/v7-site/v7/C2Data-4490-Type1;68779.0000;DATA;1612715759.773652
/ndn/h9-site/h9/C2Data-1102-Type2;49244.0000;DATA;1612715760.041283
/ndn/s5-site/s5/C2Data-1531-Type3;6013734.0000;TIMEOUT;1612715755.062713
/ndn/h9-site/h9/C2Data-555-Type3;52003.0000;DATA;1612715761.941611
/ndn/s1-site/s1/C2Data-1287-Type3;6001522.0000;TIMEOUT;1612715764.197026
/ndn/h9-site/h9/C2Data-227-Type4;109772.0000;DATA;1612715774.764887
/ndn/d9-site/d9/C2Data-477-Type4;948.0000;DATA;1612715777.311568
/ndn/v7-site/v7/C2Data-677-Type4;28055.0000;DATA;1612715781.724963
/ndn/d5-site/d5/C2Data-1829-Type1;24988.0000;DATA;1612715785.019768
/ndn/d2-site/d2/C2Data-1466-Type2;26287.0000;DATA;1612715786.472374
/ndn/h9-site/h9/C2Data-1103-Type2;130359.0000;DATA;1612715787.245697
/ndn/d8-site/d8/C2Data-2192-Type1;82491.0000;DATA;1612715787.691124
/ndn/d9-site/d9/C2Data-2313-Type2;29921.0000;DATA;1612715788.378789
/ndn/h2-site/h2/C2Data-52-Type4;204780.0000;DATA;1612715789.530987
/ndn/h3-site/h3/C2Data-377-Type1;57498.0000;DATA;1612715790.337714
/ndn/s8-site/s8/C2Data-3402-Type2;6003578.0000;TIMEOUT;1612715786.878809
/ndn/d6-site/d6/C2Data-402-Type4;4953.0000;DATA;1612715794.359755
/ndn/d3-site/d3/C2Data-327-Type4;212402.0000;DATA;1612715799.070713
/ndn/s7-site/s7/C2Data-1654-Type3;6000280.0000;TIMEOUT;1612715805.047651
/ndn/v2-site/v2/C2Data-1959-Type3;155805.0000;DATA;1612715811.456156
/ndn/d6-site/d6/C2Data-983-Type3;137225.0000;DATA;1612715812.315446
/ndn/s5-site/s5/C2Data-1532-Type3;6000478.0000;TIMEOUT;1612715806.797644
/ndn/v2-site/v2/C2Data-3887-Type1;145485.0000;DATA;1612715813.024355
/ndn/h1-site/h1/C2Data-68-Type3;24539.0000;DATA;1612715814.000995
/ndn/s6-site/s6/C2Data-1593-Type3;6000346.0000;TIMEOUT;1612715808.179832
/ndn/v8-site/v8/C2Data-4613-Type2;155471.0000;DATA;1612715814.889106
/ndn/d6-site/d6/C2Data-1951-Type2;51694.0000;DATA;1612715815.796834
/ndn/h4-site/h4/C2Data-499-Type2;93653.0000;DATA;1612715816.142688
/ndn/h2-site/h2/C2Data-257-Type1;213326.0000;DATA;1612715816.289884
/ndn/d1-site/d1/C2Data-1346-Type2;155100.0000;DATA;1612715816.420702
/ndn/s4-site/s4/C2Data-1471-Type3;6008417.0000;TIMEOUT;1612715810.666392
/ndn/d2-site/d2/C2Data-1467-Type2;26870.0000;DATA;1612715817.961968
/ndn/s2-site/s2/C2Data-2677-Type2;6003622.0000;TIMEOUT;1612715817.776289
/ndn/s6-site/s6/C2Data-3161-Type2;6006829.0000;TIMEOUT;1612715818.596840
/ndn/s3-site/s3/C2Data-1410-Type3;6004290.0000;TIMEOUT;1612715821.290414
/ndn/d6-site/d6/C2Data-112-Type6;367899.0000;DATA;1612715832.850977
/ndn/v5-site/v5/C2Data-175-Type6;322313.0000;DATA;1612715838.724057
/ndn/h1-site/h1/C2Data-137-Type1;126724.0000;DATA;1612715840.269041
/ndn/d3-site/d3/C2Data-1589-Type1;243149.0000;DATA;1612715841.962597
/ndn/v1-site/v1/C2Data-3767-Type1;2401.0000;DATA;1612715842.809415
/ndn/d7-site/d7/C2Data-2073-Type2;138732.0000;DATA;1612715845.702617
/ndn/s2-site/s2/C2Data-2678-Type1;6000506.0000;TIMEOUT;1612715840.608026
/ndn/d0-site/d0/C2Data-1226-Type1;209618.0000;DATA;1612715848.553592
/ndn/d1-site/d1/C2Data-1347-Type2;50688.0000;DATA;1612715848.876342
/ndn/h9-site/h9/C2Data-557-Type3;83972.0000;DATA;1612715867.976815
/ndn/v2-site/v2/C2Data-1960-Type3;57139.0000;DATA;1612715871.299760
/ndn/v8-site/v8/C2Data-4615-Type2;157885.0000;DATA;1612715871.634779
/ndn/h6-site/h6/C2Data-374-Type3;188178.0000;DATA;1612715871.746244
/ndn/h7-site/h7/C2Data-864-Type1;158604.0000;DATA;1612715873.740220
/ndn/s9-site/s9/C2Data-1777-Type3;6001228.0000;TIMEOUT;1612715868.386462
/ndn/s6-site/s6/C2Data-1594-Type3;6000764.0000;TIMEOUT;1612715868.571246
/ndn/d4-site/d4/C2Data-1711-Type1;75876.0000;DATA;1612715874.843188
/ndn/d0-site/d0/C2Data-70-Type6;97295.0000;DATA;1612715875.089405
/ndn/s4-site/s4/C2Data-2921-Type1;6001970.0000;TIMEOUT;1612715870.092342
/ndn/d7-site/d7/C2Data-2074-Type2;137252.0000;DATA;1612715876.145559
/ndn/s0-site/s0/C2Data-2437-Type1;6001725.0000;TIMEOUT;1612715870.932204
/ndn/d5-site/d5/C2Data-1832-Type2;1698.0000;DATA;1612715879.418391
/ndn/d6-site/d6/C2Data-1953-Type2;200880.0000;DATA;1612715879.348803
/ndn/v0-site/v0/C2Data-3647-Type1;97776.0000;DATA;1612715879.627548
/ndn/s0-site/s0/C2Data-1228-Type3;6015264.0000;TIMEOUT;1612715874.415324
/ndn/d3-site/d3/C2Data-801-Type3;82720.0000;DATA;1612715884.979858
/ndn/h0-site/h0/C2Data-8-Type3;74981.0000;DATA;1612715886.133207
/ndn/d0-site/d0/C2Data-1228-Type1;220647.0000;DATA;1612715898.868425
/ndn/d5-site/d5/C2Data-1833-Type2;25068.0000;DATA;1612715899.749566
/ndn/v4-site/v4/C2Data-4132-Type2;274966.0000;DATA;1612715899.430249
/ndn/v0-site/v0/C2Data-3648-Type1;104946.0000;DATA;1612715899.914610
/ndn/d6-site/d6/C2Data-1954-Type1;221815.0000;DATA;1612715900.171593
/ndn/d9-site/d9/C2Data-478-Type4;27502.0000;DATA;1612715907.673468
/ndn/v9-site/v9/C2Data-4737-Type1;58698.0000;DATA;1612715910.244580
/ndn/s7-site/s7/C2Data-3285-Type2;6001446.0000;TIMEOUT;1612715909.894294
/ndn/v0-site/v0/C2Data-261-Type5;97160.0000;DATA;1612715920.380982
/ndn/v7-site/v7/C2Data-352-Type5;31030.0000;DATA;1612715921.144747
/ndn/v9-site/v9/C2Data-728-Type4;50098.0000;DATA;1612715923.064876
/ndn/d9-site/d9/C2Data-1168-Type3;2901.0000;DATA;1612715925.379530
/ndn/v1-site/v1/C2Data-528-Type4;1494.0000;DATA;1612715926.392610
/ndn/v0-site/v0/C2Data-1839-Type3;101062.0000;DATA;1612715926.390882
/ndn/h2-site/h2/C2Data-131-Type3;268892.0000;DATA;1612715926.951974
/ndn/s5-site/s5/C2Data-1534-Type3;6001149.0000;TIMEOUT;1612715922.884224
/ndn/v2-site/v2/C2Data-3891-Type2;147723.0000;DATA;1612715930.334420
/ndn/s6-site/s6/C2Data-1595-Type3;6001979.0000;TIMEOUT;1612715925.877450
/ndn/d7-site/d7/C2Data-1046-Type3;53078.0000;DATA;1612715932.107190
/ndn/h9-site/h9/C2Data-1108-Type1;98184.0000;DATA;1612715932.307527
/ndn/v8-site/v8/C2Data-2327-Type3;23903.0000;DATA;1612715933.194631
/ndn/h4-site/h4/C2Data-503-Type1;134923.0000;DATA;1612715933.951945
/ndn/h0-site/h0/C2Data-0-Type6;54426.0000;DATA;1612715934.274476
