/ndn/h0-site/h0/C2Data-0-Type2;131437.0000;DATA;1612717027.301170
/ndn/h9-site/h9/C2Data-1089-Type1;185036.0000;DATA;1612717027.903582
/ndn/s2-site/s2/C2Data-2662-Type2;49650.0000;DATA;1612717028.484400
/ndn/d0-site/d0/C2Data-1210-Type1;106080.0000;DATA;1612717028.517203
/ndn/s1-site/s1/C2Data-2541-Type2;136755.0000;DATA;1612717029.793187
/ndn/v2-site/v2/C2Data-3872-Type2;145866.0000;DATA;1612717030.632992
/ndn/s8-site/s8/C2Data-3388-Type2;105515.0000;DATA;1612717033.391798
/ndn/v8-site/v8/C2Data-4598-Type2;26213.0000;DATA;1612717034.264412
/ndn/d7-site/d7/C2Data-2057-Type1;148827.0000;DATA;1612717034.569077
/ndn/v9-site/v9/C2Data-4719-Type2;122696.0000;DATA;1612717035.134278
/ndn/d8-site/d8/C2Data-2178-Type2;153251.0000;DATA;1612717035.675463
/ndn/h3-site/h3/C2Data-363-Type2;75905.0000;DATA;1612717035.767694
/ndn/s0-site/s0/C2Data-2420-Type1;104315.0000;DATA;1612717036.093419
/ndn/s5-site/s5/C2Data-3025-Type1;73646.0000;DATA;1612717037.152960
/ndn/s7-site/s7/C2Data-3267-Type2;74379.0000;DATA;1612717037.713965
/ndn/d7-site/d7/C2Data-2057-Type2;144883.0000;DATA;1612717037.786084
/ndn/d9-site/d9/C2Data-2299-Type1;162527.0000;DATA;1612717038.018329
/ndn/v5-site/v5/C2Data-4235-Type2;187272.0000;DATA;1612717038.037137
/ndn/v4-site/v4/C2Data-4114-Type2;193465.0000;DATA;1612717038.108222
/ndn/s0-site/s0/C2Data-1220-Type3;113022.0000;DATA;1612717052.650083
/ndn/s9-site/s9/C2Data-3510-Type2;151527.0000;DATA;1612717056.871966
/ndn/v6-site/v6/C2Data-2196-Type3;99260.0000;DATA;1612717059.516085
/ndn/s2-site/s2/C2Data-2663-Type1;68867.0000;DATA;1612717059.767861
/ndn/v6-site/v6/C2Data-4357-Type1;98736.0000;DATA;1612717060.952092
/ndn/v0-site/v0/C2Data-3631-Type2;26065.0000;DATA;1612717061.821565
/ndn/s4-site/s4/C2Data-2905-Type1;177724.0000;DATA;1612717061.703338
/ndn/d5-site/d5/C2Data-1816-Type2;154767.0000;DATA;1612717062.076076
/ndn/s8-site/s8/C2Data-1708-Type3;99067.0000;DATA;1612717062.527937
/ndn/d5-site/d5/C2Data-915-Type3;165053.0000;DATA;1612717063.891194
/ndn/s8-site/s8/C2Data-3389-Type1;101113.0000;DATA;1612717065.173026
/ndn/d7-site/d7/C2Data-1037-Type3;314861.0000;DATA;1612717069.208787
/ndn/d6-site/d6/C2Data-1938-Type2;96615.0000;DATA;1612717087.364380
/ndn/s8-site/s8/C2Data-3390-Type1;149512.0000;DATA;1612717091.191269
/ndn/s9-site/s9/C2Data-3511-Type1;156964.0000;DATA;1612717093.721955
/ndn/h6-site/h6/C2Data-728-Type2;90028.0000;DATA;1612717095.315990
/ndn/v2-site/v2/C2Data-3874-Type2;251614.0000;DATA;1612717095.458961
/ndn/h4-site/h4/C2Data-245-Type3;30564.0000;DATA;1612717118.913322
/ndn/v2-site/v2/C2Data-3875-Type2;151161.0000;DATA;1612717119.052666
/ndn/v9-site/v9/C2Data-4722-Type1;179922.0000;DATA;1612717120.887154
/ndn/s1-site/s1/C2Data-1282-Type3;133839.0000;DATA;1612717121.544978
/ndn/d4-site/d4/C2Data-1697-Type1;47589.0000;DATA;1612717122.577212
/ndn/h2-site/h2/C2Data-245-Type1;97611.0000;DATA;1612717122.657947
/ndn/d2-site/d2/C2Data-733-Type3;99088.0000;DATA;1612717122.766151
/ndn/v2-site/v2/C2Data-3875-Type1;147126.0000;DATA;1612717123.194192
/ndn/v0-site/v0/C2Data-500-Type4;26428.0000;DATA;1612717123.541204
/ndn/d9-site/d9/C2Data-2302-Type2;155669.0000;DATA;1612717123.721644
/ndn/d8-site/d8/C2Data-450-Type4;146831.0000;DATA;1612717126.725949
/ndn/d5-site/d5/C2Data-916-Type3;152241.0000;DATA;1612717126.791131
/ndn/s5-site/s5/C2Data-3028-Type1;6004350.0000;TIMEOUT;1612717125.109772
/ndn/h9-site/h9/C2Data-225-Type4;364040.0000;DATA;1612717137.339441
/ndn/d2-site/d2/C2Data-300-Type4;98709.0000;DATA;1612717137.922669
/ndn/h1-site/h1/C2Data-125-Type2;51354.0000;DATA;1612717146.722113
/ndn/h1-site/h1/C2Data-125-Type1;53859.0000;DATA;1612717147.223091
/ndn/v3-site/v3/C2Data-3997-Type2;123014.0000;DATA;1612717149.498869
/ndn/h2-site/h2/C2Data-246-Type1;99872.0000;DATA;1612717150.134517
/ndn/v1-site/v1/C2Data-525-Type4;51774.0000;DATA;1612717151.730071
/ndn/v9-site/v9/C2Data-4723-Type2;129547.0000;DATA;1612717154.051823
/ndn/h3-site/h3/C2Data-75-Type4;80130.0000;DATA;1612717156.381145
/ndn/v2-site/v2/C2Data-550-Type4;202720.0000;DATA;1612717157.315978
/ndn/v7-site/v7/C2Data-4481-Type2;73222.0000;DATA;1612717158.147199
/ndn/d0-site/d0/C2Data-250-Type4;103617.0000;DATA;1612717165.639542
/ndn/h2-site/h2/C2Data-50-Type4;102723.0000;DATA;1612717176.280004
/ndn/d2-site/d2/C2Data-1457-Type2;124595.0000;DATA;1612717176.760316
/ndn/d9-site/d9/C2Data-475-Type4;156240.0000;DATA;1612717177.129299
/ndn/s9-site/s9/C2Data-1771-Type3;6002412.0000;TIMEOUT;1612717172.137828
/ndn/d7-site/d7/C2Data-1039-Type3;152565.0000;DATA;1612717179.042632
/ndn/h4-site/h4/C2Data-246-Type3;27958.0000;DATA;1612717180.268014
/ndn/d3-site/d3/C2Data-795-Type3;159670.0000;DATA;1612717180.933743
/ndn/h4-site/h4/C2Data-489-Type1;24816.0000;DATA;1612717181.259262
/ndn/v3-site/v3/C2Data-575-Type4;126932.0000;DATA;1612717181.510158
/ndn/v4-site/v4/C2Data-4119-Type2;181946.0000;DATA;1612717183.999010
/ndn/s7-site/s7/C2Data-3272-Type1;6001762.0000;TIMEOUT;1612717178.397561
/ndn/h0-site/h0/C2Data-5-Type2;138548.0000;DATA;1612717184.281431
/ndn/v3-site/v3/C2Data-3998-Type1;121737.0000;DATA;1612717184.668749
/ndn/h6-site/h6/C2Data-731-Type2;83038.0000;DATA;1612717185.708010
/ndn/v1-site/v1/C2Data-3756-Type2;50347.0000;DATA;1612717185.781613
/ndn/s5-site/s5/C2Data-3030-Type2;6000547.0000;TIMEOUT;1612717179.883957
/ndn/d0-site/d0/C2Data-1215-Type1;101647.0000;DATA;1612717186.430745
/ndn/v0-site/v0/C2Data-1832-Type3;29028.0000;DATA;1612717192.665161
/ndn/v7-site/v7/C2Data-2259-Type3;142872.0000;DATA;1612717193.997676
/ndn/h0-site/h0/C2Data-6-Type2;124542.0000;DATA;1612717207.797368
/ndn/h4-site/h4/C2Data-490-Type1;24996.0000;DATA;1612717210.878173
/ndn/d1-site/d1/C2Data-1337-Type1;138467.0000;DATA;1612717213.197391
/ndn/v7-site/v7/C2Data-4483-Type2;72943.0000;DATA;1612717215.146313
/ndn/s2-site/s2/C2Data-2668-Type1;6014462.0000;TIMEOUT;1612717211.682979
/ndn/s5-site/s5/C2Data-3031-Type2;6001987.0000;TIMEOUT;1612717218.115876
/ndn/h4-site/h4/C2Data-247-Type3;25882.0000;DATA;1612717231.581348
/ndn/v4-site/v4/C2Data-4121-Type1;186614.0000;DATA;1612717237.994726
/ndn/h2-site/h2/C2Data-125-Type3;97620.0000;DATA;1612717238.545987
/ndn/s0-site/s0/C2Data-1223-Type3;6000909.0000;TIMEOUT;1612717233.224196
/ndn/v8-site/v8/C2Data-4605-Type2;27618.0000;DATA;1612717240.647955
/ndn/s7-site/s7/C2Data-1650-Type3;6003219.0000;TIMEOUT;1612717235.159661
/ndn/v5-site/v5/C2Data-4242-Type2;183160.0000;DATA;1612717242.198111
/ndn/v2-site/v2/C2Data-3879-Type1;150188.0000;DATA;1612717243.242282
/ndn/s2-site/s2/C2Data-1345-Type3;6002977.0000;TIMEOUT;1612717239.539807
/ndn/s5-site/s5/C2Data-3032-Type1;6000662.0000;TIMEOUT;1612717239.678850
/ndn/s5-site/s5/C2Data-1528-Type3;6002203.0000;TIMEOUT;1612717239.693533
/ndn/d6-site/d6/C2Data-1943-Type1;100465.0000;DATA;1612717246.549533
/ndn/d6-site/d6/C2Data-979-Type3;98357.0000;DATA;1612717248.066978
/ndn/s9-site/s9/C2Data-3516-Type2;6004487.0000;TIMEOUT;1612717243.023813
/ndn/s7-site/s7/C2Data-3274-Type1;6002131.0000;TIMEOUT;1612717243.072345
/ndn/d8-site/d8/C2Data-1101-Type3;185475.0000;DATA;1612717251.150961
/ndn/h3-site/h3/C2Data-186-Type3;79866.0000;DATA;1612717252.951097
/ndn/s8-site/s8/C2Data-3395-Type1;6002405.0000;TIMEOUT;1612717248.099602
/ndn/v1-site/v1/C2Data-273-Type5;86205.0000;DATA;1612717266.036653
/ndn/h9-site/h9/C2Data-1097-Type1;169870.0000;DATA;1612717266.914155
/ndn/h4-site/h4/C2Data-492-Type1;27139.0000;DATA;1612717271.180874
/ndn/v4-site/v4/C2Data-4122-Type1;179134.0000;DATA;1612717271.646884
/ndn/v4-site/v4/C2Data-312-Type5;175659.0000;DATA;1612717271.678329
/ndn/h3-site/h3/C2Data-371-Type1;119429.0000;DATA;1612717273.739950
/ndn/h7-site/h7/C2Data-176-Type4;55128.0000;DATA;1612717279.329169
/ndn/s1-site/s1/C2Data-2549-Type2;6004464.0000;TIMEOUT;1612717277.182746
/ndn/d7-site/d7/C2Data-1041-Type3;159488.0000;DATA;1612717293.452056
/ndn/h2-site/h2/C2Data-51-Type4;127941.0000;DATA;1612717293.569987
/ndn/d8-site/d8/C2Data-1102-Type3;153989.0000;DATA;1612717295.410650
/ndn/h8-site/h8/C2Data-201-Type4;79119.0000;DATA;1612717295.901723
/ndn/h9-site/h9/C2Data-1098-Type2;176951.0000;DATA;1612717297.499845
/ndn/d2-site/d2/C2Data-1461-Type2;98937.0000;DATA;1612717298.487151
/ndn/v2-site/v2/C2Data-551-Type4;148188.0000;DATA;1612717298.504966
/ndn/v4-site/v4/C2Data-4123-Type2;171256.0000;DATA;1612717298.540266
/ndn/h8-site/h8/C2Data-104-Type5;98427.0000;DATA;1612717299.486112
/ndn/s8-site/s8/C2Data-1712-Type3;6000472.0000;TIMEOUT;1612717294.036996
/ndn/s6-site/s6/C2Data-1590-Type3;6020706.0000;TIMEOUT;1612717296.773770
/ndn/h6-site/h6/C2Data-370-Type3;75440.0000;DATA;1612717302.707749
/ndn/h0-site/h0/C2Data-0-Type5;132086.0000;DATA;1612717303.032652
/ndn/d9-site/d9/C2Data-2308-Type2;144842.0000;DATA;1612717306.582220
/ndn/v8-site/v8/C2Data-4607-Type2;28731.0000;DATA;1612717308.153580
/ndn/v6-site/v6/C2Data-2200-Type3;100736.0000;DATA;1612717309.601613
/ndn/d4-site/d4/C2Data-858-Type3;59024.0000;DATA;1612717310.737440
/ndn/v8-site/v8/C2Data-701-Type4;31436.0000;DATA;1612717311.476606
/ndn/v0-site/v0/C2Data-501-Type4;24435.0000;DATA;1612717312.328136
/ndn/s1-site/s1/C2Data-1285-Type3;6000557.0000;TIMEOUT;1612717310.538031
/ndn/v3-site/v3/C2Data-576-Type4;139395.0000;DATA;1612717318.101117
/ndn/v9-site/v9/C2Data-4729-Type2;136732.0000;DATA;1612717327.193390
/ndn/d1-site/d1/C2Data-276-Type4;124841.0000;DATA;1612717327.328408
/ndn/v9-site/v9/C2Data-4729-Type1;127732.0000;DATA;1612717327.357998
/ndn/d3-site/d3/C2Data-1583-Type2;151831.0000;DATA;1612717327.517055
/ndn/s9-site/s9/C2Data-3519-Type1;6000887.0000;TIMEOUT;1612717327.360551
/ndn/d1-site/d1/C2Data-1341-Type2;142216.0000;DATA;1612717333.392419
/ndn/h3-site/h3/C2Data-373-Type2;36213.0000;DATA;1612717333.606538
/ndn/s3-site/s3/C2Data-2793-Type1;6000551.0000;TIMEOUT;1612717333.341176
/ndn/d5-site/d5/C2Data-195-Type5;189715.0000;DATA;1612717341.811603
/ndn/s2-site/s2/C2Data-2672-Type1;6012537.0000;TIMEOUT;1612717336.431432
/ndn/d2-site/d2/C2Data-737-Type3;103119.0000;DATA;1612717350.783416
/ndn/v9-site/v9/C2Data-2384-Type3;135523.0000;DATA;1612717350.876986
/ndn/h2-site/h2/C2Data-127-Type3;107364.0000;DATA;1612717350.906032
/ndn/v7-site/v7/C2Data-2262-Type3;106417.0000;DATA;1612717356.127444
/ndn/v3-site/v3/C2Data-2018-Type3;137766.0000;DATA;1612717358.336625
/ndn/h2-site/h2/C2Data-253-Type1;101866.0000;DATA;1612717359.990233
/ndn/s6-site/s6/C2Data-1591-Type3;6004447.0000;TIMEOUT;1612717354.186981
/ndn/h9-site/h9/C2Data-1100-Type1;173942.0000;DATA;1612717360.456488
/ndn/d3-site/d3/C2Data-1584-Type1;157728.0000;DATA;1612717360.897062
/ndn/v1-site/v1/C2Data-3762-Type1;49588.0000;DATA;1612717364.578216
/ndn/h3-site/h3/C2Data-188-Type3;79917.0000;DATA;1612717365.236703
/ndn/h9-site/h9/C2Data-1100-Type2;178317.0000;DATA;1612717365.749640
/ndn/d6-site/d6/C2Data-981-Type3;98695.0000;DATA;1612717367.843216
/ndn/s9-site/s9/C2Data-1774-Type3;6003846.0000;TIMEOUT;1612717365.552122
/ndn/s7-site/s7/C2Data-1652-Type3;6001924.0000;TIMEOUT;1612717365.958067
/ndn/s7-site/s7/C2Data-3278-Type1;6001812.0000;TIMEOUT;1612717366.282654
/ndn/d4-site/d4/C2Data-859-Type3;49277.0000;DATA;1612717372.419733
/ndn/s3-site/s3/C2Data-2794-Type1;6000963.0000;TIMEOUT;1612717366.675946
/ndn/h7-site/h7/C2Data-859-Type1;49530.0000;DATA;1612717386.846347
/ndn/d6-site/d6/C2Data-1948-Type2;99621.0000;DATA;1612717387.416673
/ndn/v5-site/v5/C2Data-4247-Type1;169898.0000;DATA;1612717388.864136
/ndn/v9-site/v9/C2Data-4731-Type1;120734.0000;DATA;1612717389.029329
/ndn/d9-site/d9/C2Data-2311-Type2;168253.0000;DATA;1612717389.898705
/ndn/d7-site/d7/C2Data-2069-Type1;195531.0000;DATA;1612717391.623349
/ndn/d5-site/d5/C2Data-1827-Type1;145510.0000;DATA;1612717392.798655
/ndn/h6-site/h6/C2Data-738-Type2;92877.0000;DATA;1612717393.311371
/ndn/d4-site/d4/C2Data-1706-Type1;52450.0000;DATA;1612717394.792547
/ndn/d4-site/d4/C2Data-1706-Type2;50345.0000;DATA;1612717395.189285
/ndn/s2-site/s2/C2Data-2674-Type1;6002925.0000;TIMEOUT;1612717392.485281
/ndn/s5-site/s5/C2Data-3037-Type2;6003021.0000;TIMEOUT;1612717393.105003
/ndn/s0-site/s0/C2Data-2432-Type1;6007414.0000;TIMEOUT;1612717395.816681
/ndn/v0-site/v0/C2Data-1836-Type3;30772.0000;DATA;1612717413.932004
/ndn/h1-site/h1/C2Data-67-Type3;58304.0000;DATA;1612717417.651064
/ndn/h0-site/h0/C2Data-13-Type1;138425.0000;DATA;1612717419.295662
/ndn/v8-site/v8/C2Data-4611-Type1;25072.0000;DATA;1612717419.592253
/ndn/v1-site/v1/C2Data-3764-Type2;51443.0000;DATA;1612717421.344725
/ndn/d9-site/d9/C2Data-2312-Type1;147205.0000;DATA;1612717421.848629
/ndn/s0-site/s0/C2Data-1226-Type3;6002002.0000;TIMEOUT;1612717416.038751
/ndn/v8-site/v8/C2Data-2324-Type3;41447.0000;DATA;1612717422.440397
/ndn/d8-site/d8/C2Data-2191-Type1;168086.0000;DATA;1612717422.359686
/ndn/d2-site/d2/C2Data-738-Type3;126836.0000;DATA;1612717422.616364
/ndn/d4-site/d4/C2Data-860-Type3;65845.0000;DATA;1612717424.451245
/ndn/v9-site/v9/C2Data-4732-Type1;125074.0000;DATA;1612717424.538519
/ndn/d7-site/d7/C2Data-2070-Type2;148257.0000;DATA;1612717424.719759
/ndn/h1-site/h1/C2Data-27-Type4;54473.0000;DATA;1612717424.970027
/ndn/d9-site/d9/C2Data-2312-Type2;151596.0000;DATA;1612717425.121486
/ndn/d6-site/d6/C2Data-982-Type3;104316.0000;DATA;1612717425.581316
/ndn/s5-site/s5/C2Data-1531-Type3;6211686.0000;TIMEOUT;1612717420.242194
/ndn/v1-site/v1/C2Data-1897-Type3;47589.0000;DATA;1612717426.891243
/ndn/h6-site/h6/C2Data-739-Type1;79905.0000;DATA;1612717427.525926
/ndn/s5-site/s5/C2Data-3038-Type1;6002698.0000;TIMEOUT;1612717421.892359
/ndn/s8-site/s8/C2Data-1714-Type3;6000467.0000;TIMEOUT;1612717422.558246
/ndn/d5-site/d5/C2Data-921-Type3;144599.0000;DATA;1612717429.045074
/ndn/s2-site/s2/C2Data-1348-Type3;6001919.0000;TIMEOUT;1612717424.967972
/ndn/d1-site/d1/C2Data-677-Type3;207088.0000;DATA;1612717432.139661
/ndn/v7-site/v7/C2Data-677-Type4;102688.0000;DATA;1612717441.611688
/ndn/d2-site/d2/C2Data-302-Type4;102006.0000;DATA;1612717442.876526
/ndn/v5-site/v5/C2Data-4249-Type1;411246.0000;DATA;1612717447.766153
/ndn/h4-site/h4/C2Data-498-Type2;30603.0000;DATA;1612717448.481111
/ndn/h2-site/h2/C2Data-52-Type4;120277.0000;DATA;1612717448.731667
/ndn/h7-site/h7/C2Data-861-Type1;53003.0000;DATA;1612717449.798559
/ndn/v2-site/v2/C2Data-3886-Type2;159492.0000;DATA;1612717455.098641
/ndn/d6-site/d6/C2Data-1950-Type1;98004.0000;DATA;1612717455.690064
/ndn/v0-site/v0/C2Data-3644-Type1;33300.0000;DATA;1612717457.876056
/ndn/v9-site/v9/C2Data-4733-Type2;123379.0000;DATA;1612717458.318044
/ndn/h6-site/h6/C2Data-152-Type4;163588.0000;DATA;1612717459.784631
/ndn/h4-site/h4/C2Data-251-Type3;41157.0000;DATA;1612717472.405211
/ndn/v7-site/v7/C2Data-2264-Type3;116885.0000;DATA;1612717475.479911
/ndn/d9-site/d9/C2Data-1166-Type3;162518.0000;DATA;1612717476.380043
/ndn/d5-site/d5/C2Data-377-Type4;161049.0000;DATA;1612717477.441627
/ndn/v9-site/v9/C2Data-4734-Type2;127721.0000;DATA;1612717478.369064
/ndn/v5-site/v5/C2Data-627-Type4;171870.0000;DATA;1612717478.451246
/ndn/s8-site/s8/C2Data-1715-Type3;6002299.0000;TIMEOUT;1612717475.307329
/ndn/s3-site/s3/C2Data-1410-Type3;6001754.0000;TIMEOUT;1612717475.878664
/ndn/h1-site/h1/C2Data-68-Type3;49702.0000;DATA;1612717482.082254
/ndn/s5-site/s5/C2Data-3040-Type2;6001893.0000;TIMEOUT;1612717478.362033
/ndn/s2-site/s2/C2Data-2677-Type2;6000661.0000;TIMEOUT;1612717479.422381
/ndn/v3-site/v3/C2Data-2020-Type3;120402.0000;DATA;1612717485.472986
/ndn/h9-site/h9/C2Data-1104-Type1;172035.0000;DATA;1612717485.437018
/ndn/s9-site/s9/C2Data-1776-Type3;6000863.0000;TIMEOUT;1612717479.889580
/ndn/h4-site/h4/C2Data-499-Type2;26629.0000;DATA;1612717486.049068
/ndn/v2-site/v2/C2Data-1959-Type3;155582.0000;DATA;1612717488.665040
/ndn/s7-site/s7/C2Data-1654-Type3;6000626.0000;TIMEOUT;1612717484.199752
/ndn/h3-site/h3/C2Data-190-Type3;110538.0000;DATA;1612717491.659742
/ndn/s4-site/s4/C2Data-1471-Type3;6000663.0000;TIMEOUT;1612717487.124124
/ndn/s2-site/s2/C2Data-1349-Type3;6000835.0000;TIMEOUT;1612717487.815528
/ndn/h9-site/h9/C2Data-63-Type6;333943.0000;DATA;1612717499.817404
/ndn/v7-site/v7/C2Data-4493-Type2;164465.0000;DATA;1612717506.988353
/ndn/d2-site/d2/C2Data-1468-Type1;104081.0000;DATA;1612717508.791995
/ndn/h6-site/h6/C2Data-742-Type2;85092.0000;DATA;1612717511.448987
/ndn/h9-site/h9/C2Data-1105-Type1;183164.0000;DATA;1612717511.850288
/ndn/d4-site/d4/C2Data-1710-Type1;54770.0000;DATA;1612717516.236727
/ndn/v7-site/v7/C2Data-4493-Type1;77552.0000;DATA;1612717517.498387
/ndn/v1-site/v1/C2Data-3767-Type2;50411.0000;DATA;1612717518.001815
/ndn/s4-site/s4/C2Data-2920-Type2;6001512.0000;TIMEOUT;1612717512.293968
/ndn/s5-site/s5/C2Data-3041-Type2;6024694.0000;TIMEOUT;1612717514.365349
/ndn/d7-site/d7/C2Data-1045-Type3;158274.0000;DATA;1612717531.844394
/ndn/h7-site/h7/C2Data-435-Type3;51326.0000;DATA;1612717535.861043
/ndn/d2-site/d2/C2Data-740-Type3;108290.0000;DATA;1612717537.451005
/ndn/s8-site/s8/C2Data-1716-Type3;6003700.0000;TIMEOUT;1612717533.054712
/ndn/h2-site/h2/C2Data-259-Type1;102523.0000;DATA;1612717539.579246
/ndn/h0-site/h0/C2Data-8-Type3;128594.0000;DATA;1612717541.985086
/ndn/d3-site/d3/C2Data-1590-Type1;147756.0000;DATA;1612717543.096033
/ndn/h4-site/h4/C2Data-501-Type2;37770.0000;DATA;1612717544.277158
/ndn/v7-site/v7/C2Data-2265-Type3;73867.0000;DATA;1612717545.981558
/ndn/s1-site/s1/C2Data-1289-Type3;6001900.0000;TIMEOUT;1612717541.208972
/ndn/v6-site/v6/C2Data-4373-Type1;126434.0000;DATA;1612717548.265634
/ndn/v3-site/v3/C2Data-2021-Type3;124324.0000;DATA;1612717551.962715
/ndn/s7-site/s7/C2Data-3284-Type1;6000715.0000;TIMEOUT;1612717546.282366
/ndn/s4-site/s4/C2Data-1472-Type3;6001297.0000;TIMEOUT;1612717550.801567
/ndn/d1-site/d1/C2Data-77-Type6;162229.0000;DATA;1612717557.392218
/ndn/v6-site/v6/C2Data-4374-Type1;106307.0000;DATA;1612717567.229235
/ndn/v1-site/v1/C2Data-3769-Type2;50687.0000;DATA;1612717569.392076
/ndn/v8-site/v8/C2Data-4616-Type2;28720.0000;DATA;1612717572.454528
/ndn/d4-site/d4/C2Data-1712-Type2;53075.0000;DATA;1612717572.545813
/ndn/s2-site/s2/C2Data-2680-Type1;6000726.0000;TIMEOUT;1612717566.936198
/ndn/h8-site/h8/C2Data-986-Type1;74842.0000;DATA;1612717573.173964
/ndn/h9-site/h9/C2Data-1107-Type2;172186.0000;DATA;1612717577.742159
/ndn/v1-site/v1/C2Data-274-Type5;78515.0000;DATA;1612717578.383781
/ndn/s1-site/s1/C2Data-2559-Type1;6005652.0000;TIMEOUT;1612717573.793664
/ndn/s5-site/s5/C2Data-3043-Type2;6000745.0000;TIMEOUT;1612717574.429688
/ndn/h9-site/h9/C2Data-228-Type4;201085.0000;DATA;1612717580.469503
/ndn/d7-site/d7/C2Data-119-Type6;152459.0000;DATA;1612717581.028855
/ndn/h4-site/h4/C2Data-53-Type5;32441.0000;DATA;1612717582.669385
/ndn/v0-site/v0/C2Data-503-Type4;32991.0000;DATA;1612717586.943552
/ndn/v2-site/v2/C2Data-1961-Type3;164824.0000;DATA;1612717595.711371
/ndn/h0-site/h0/C2Data-9-Type3;125544.0000;DATA;1612717595.914988
/ndn/v2-site/v2/C2Data-3891-Type2;151721.0000;DATA;1612717596.379642
/ndn/d8-site/d8/C2Data-2197-Type2;158764.0000;DATA;1612717596.470126
/ndn/d5-site/d5/C2Data-1834-Type1;158267.0000;DATA;1612717597.382866
/ndn/h8-site/h8/C2Data-987-Type1;81414.0000;DATA;1612717599.160643
/ndn/d6-site/d6/C2Data-112-Type6;100632.0000;DATA;1612717599.402427
/ndn/d2-site/d2/C2Data-1471-Type1;134508.0000;DATA;1612717600.358137
/ndn/d6-site/d6/C2Data-1955-Type1;98576.0000;DATA;1612717601.210159
