/ndn/v13-site/v13/C2Data-7018-Type1;71907.0000;DATA;1611608580.523812
/ndn/d8-site/d8/C2Data-2783-Type1;154853.0000;DATA;1611608580.554826
/ndn/h9-site/h9/C2Data-1089-Type2;23663.0000;DATA;1611608581.448820
/ndn/v0-site/v0/C2Data-5445-Type1;104075.0000;DATA;1611608582.262844
/ndn/h14-site/h14/C2Data-1694-Type2;124354.0000;DATA;1611608583.236815
/ndn/v3-site/v3/C2Data-5808-Type1;48852.0000;DATA;1611608584.234832
/ndn/s10-site/s10/C2Data-4840-Type1;145615.0000;DATA;1611608584.978261
/ndn/h6-site/h6/C2Data-726-Type2;46548.0000;DATA;1611608586.808863
/ndn/v8-site/v8/C2Data-6413-Type2;73053.0000;DATA;1611608589.037767
/ndn/d1-site/d1/C2Data-1936-Type2;140569.0000;DATA;1611608591.023850
/ndn/s7-site/s7/C2Data-2257-Type3;162884.0000;DATA;1611608606.677781
/ndn/h13-site/h13/C2Data-793-Type3;49376.0000;DATA;1611608608.973773
/ndn/h10-site/h10/C2Data-1211-Type1;117611.0000;DATA;1611608610.896776
/ndn/v7-site/v7/C2Data-6293-Type1;601.0000;NACK;1611608611.096813
/ndn/h4-site/h4/C2Data-485-Type1;46719.0000;DATA;1611608612.126870
/ndn/h12-site/h12/C2Data-1453-Type1;164477.0000;DATA;1611608612.698834
/ndn/h14-site/h14/C2Data-1695-Type1;115156.0000;DATA;1611608613.043758
/ndn/h3-site/h3/C2Data-183-Type3;166572.0000;DATA;1611608613.654816
/ndn/v8-site/v8/C2Data-6414-Type1;71637.0000;DATA;1611608613.978814
/ndn/v3-site/v3/C2Data-5809-Type1;50961.0000;DATA;1611608614.046747
/ndn/h4-site/h4/C2Data-244-Type3;49973.0000;DATA;1611608615.187766
/ndn/v8-site/v8/C2Data-6414-Type2;70652.0000;DATA;1611608616.403770
/ndn/s6-site/s6/C2Data-2196-Type3;118992.0000;DATA;1611608618.051766
/ndn/d0-site/d0/C2Data-1816-Type1;117133.0000;DATA;1611608618.187839
/ndn/d12-site/d12/C2Data-3268-Type2;118793.0000;DATA;1611608618.990810
/ndn/v10-site/v10/C2Data-6656-Type1;92786.0000;DATA;1611608619.887768
/ndn/s14-site/s14/C2Data-5325-Type1;144453.0000;DATA;1611608620.461746
/ndn/v13-site/v13/C2Data-3538-Type3;69821.0000;DATA;1611608622.507763
/ndn/h6-site/h6/C2Data-366-Type3;46333.0000;DATA;1611608624.193793
/ndn/v3-site/v3/C2Data-2928-Type3;48274.0000;DATA;1611608626.827811
/ndn/v7-site/v7/C2Data-6294-Type1;167597.0000;DATA;1611608639.837823
/ndn/d11-site/d11/C2Data-3148-Type2;148031.0000;DATA;1611608641.181785
/ndn/d8-site/d8/C2Data-2785-Type2;157429.0000;DATA;1611608641.175905
/ndn/h8-site/h8/C2Data-970-Type1;49429.0000;DATA;1611608642.415756
/ndn/d10-site/d10/C2Data-3027-Type1;49938.0000;DATA;1611608645.827856
/ndn/v11-site/v11/C2Data-6778-Type2;140869.0000;DATA;1611608645.794159
/ndn/s12-site/s12/C2Data-5084-Type2;93512.0000;DATA;1611608646.758796
/ndn/s4-site/s4/C2Data-4116-Type2;168041.0000;DATA;1611608646.794825
/ndn/d4-site/d4/C2Data-2301-Type1;145616.0000;DATA;1611608647.787782
/ndn/d12-site/d12/C2Data-1648-Type3;114294.0000;DATA;1611608665.528838
/ndn/s11-site/s11/C2Data-2502-Type3;103163.0000;DATA;1611608666.571859
/ndn/d0-site/d0/C2Data-916-Type3;137499.0000;DATA;1611608667.229790
/ndn/d6-site/d6/C2Data-1282-Type3;97942.0000;DATA;1611608668.227764
/ndn/d9-site/d9/C2Data-1465-Type3;47212.0000;DATA;1611608669.343816
/ndn/s3-site/s3/C2Data-3996-Type1;96252.0000;DATA;1611608672.457797
/ndn/h14-site/h14/C2Data-1697-Type1;118979.0000;DATA;1611608673.198777
/ndn/d13-site/d13/C2Data-1709-Type3;120493.0000;DATA;1611608673.796836
/ndn/h9-site/h9/C2Data-1092-Type1;25510.0000;DATA;1611608673.930813
/ndn/h2-site/h2/C2Data-123-Type3;168072.0000;DATA;1611608675.320745
/ndn/d4-site/d4/C2Data-2302-Type1;145269.0000;DATA;1611608676.136835
/ndn/h6-site/h6/C2Data-729-Type2;49888.0000;DATA;1611608676.439790
/ndn/v8-site/v8/C2Data-3234-Type3;72267.0000;DATA;1611608677.455806
/ndn/s7-site/s7/C2Data-4480-Type1;6000198.0000;TIMEOUT;1611608671.994840
/ndn/h6-site/h6/C2Data-729-Type1;50611.0000;DATA;1611608678.388819
/ndn/v3-site/v3/C2Data-5811-Type2;49572.0000;DATA;1611608678.607840
/ndn/s10-site/s10/C2Data-4843-Type2;6001064.0000;TIMEOUT;1611608672.937750
/ndn/d0-site/d0/C2Data-1818-Type1;120927.0000;DATA;1611608679.718798
/ndn/v2-site/v2/C2Data-2868-Type3;93360.0000;DATA;1611608679.859943
/ndn/d14-site/d14/C2Data-1770-Type3;119420.0000;DATA;1611608681.222798
/ndn/v3-site/v3/C2Data-2929-Type3;46419.0000;DATA;1611608682.495824
/ndn/d6-site/d6/C2Data-525-Type4;101128.0000;DATA;1611608685.795778
/ndn/h0-site/h0/C2Data-0-Type4;74762.0000;DATA;1611608688.215735
/ndn/s0-site/s0/C2Data-1831-Type3;6000474.0000;TIMEOUT;1611608685.856832
/ndn/h10-site/h10/C2Data-1214-Type2;123948.0000;DATA;1611608701.024331
/ndn/h12-site/h12/C2Data-1456-Type1;162495.0000;DATA;1611608701.580800
/ndn/v8-site/v8/C2Data-6417-Type1;71588.0000;DATA;1611608702.029903
/ndn/d10-site/d10/C2Data-3029-Type2;47906.0000;DATA;1611608702.247851
/ndn/v11-site/v11/C2Data-6780-Type2;116943.0000;DATA;1611608702.734854
/ndn/h4-site/h4/C2Data-488-Type1;47423.0000;DATA;1611608703.270797
/ndn/d11-site/d11/C2Data-3150-Type2;143547.0000;DATA;1611608704.095793
/ndn/d2-site/d2/C2Data-2061-Type1;144726.0000;DATA;1611608704.699811
/ndn/d8-site/d8/C2Data-575-Type4;147628.0000;DATA;1611608705.713917
/ndn/d6-site/d6/C2Data-2545-Type1;104680.0000;DATA;1611608705.803744
/ndn/v5-site/v5/C2Data-6054-Type1;210913.0000;DATA;1611608706.651843
/ndn/s12-site/s12/C2Data-5086-Type1;6000249.0000;TIMEOUT;1611608701.345797
/ndn/h11-site/h11/C2Data-1335-Type2;138906.0000;DATA;1611608707.519759
/ndn/d14-site/d14/C2Data-3513-Type1;120183.0000;DATA;1611608707.542851
/ndn/s5-site/s5/C2Data-4239-Type1;6002074.0000;TIMEOUT;1611608701.995819
/ndn/d8-site/d8/C2Data-2787-Type2;143518.0000;DATA;1611608708.428850
/ndn/s1-site/s1/C2Data-3755-Type2;6001295.0000;TIMEOUT;1611608702.991833
/ndn/s8-site/s8/C2Data-4602-Type2;6000254.0000;TIMEOUT;1611608703.833844
/ndn/h13-site/h13/C2Data-1577-Type2;50782.0000;DATA;1611608709.813848
/ndn/h1-site/h1/C2Data-125-Type1;118748.0000;DATA;1611608710.962809
/ndn/s2-site/s2/C2Data-3876-Type2;6000836.0000;TIMEOUT;1611608707.552810
/ndn/h14-site/h14/C2Data-350-Type4;122657.0000;DATA;1611608713.580700
/ndn/s3-site/s3/C2Data-3997-Type1;6000265.0000;TIMEOUT;1611608711.154761
/ndn/v11-site/v11/C2Data-1025-Type4;163205.0000;DATA;1611608717.016964
/ndn/s7-site/s7/C2Data-4481-Type1;6000271.0000;TIMEOUT;1611608711.488944
/ndn/v0-site/v0/C2Data-750-Type4;120638.0000;DATA;1611608719.185871
/ndn/v3-site/v3/C2Data-825-Type4;47562.0000;DATA;1611608720.972350
/ndn/h10-site/h10/C2Data-250-Type4;130959.0000;DATA;1611608721.162883
/ndn/d4-site/d4/C2Data-1161-Type3;141692.0000;DATA;1611608724.211844
/ndn/v14-site/v14/C2Data-1100-Type4;24071.0000;DATA;1611608726.926705
/ndn/v14-site/v14/C2Data-3601-Type3;25271.0000;DATA;1611608728.436805
/ndn/d5-site/d5/C2Data-500-Type4;25964.0000;DATA;1611608729.274764
/ndn/d10-site/d10/C2Data-1527-Type3;47530.0000;DATA;1611608729.341777
/ndn/v7-site/v7/C2Data-6297-Type2;162698.0000;DATA;1611608732.694808
/ndn/d2-site/d2/C2Data-2062-Type2;141962.0000;DATA;1611608733.058878
/ndn/s9-site/s9/C2Data-2381-Type3;6000894.0000;TIMEOUT;1611608727.556803
/ndn/s13-site/s13/C2Data-2625-Type3;6000480.0000;TIMEOUT;1611608727.910804
/ndn/h4-site/h4/C2Data-246-Type3;46948.0000;DATA;1611608734.267868
/ndn/h11-site/h11/C2Data-1336-Type1;144350.0000;DATA;1611608734.381744
/ndn/v14-site/v14/C2Data-7144-Type1;25807.0000;DATA;1611608734.793888
/ndn/v8-site/v8/C2Data-6418-Type2;77617.0000;DATA;1611608735.183771
/ndn/h12-site/h12/C2Data-1457-Type1;163101.0000;DATA;1611608736.338757
/ndn/h10-site/h10/C2Data-1215-Type1;118936.0000;DATA;1611608737.689814
/ndn/h8-site/h8/C2Data-973-Type2;49633.0000;DATA;1611608738.785787
/ndn/s9-site/s9/C2Data-4724-Type2;6000314.0000;TIMEOUT;1611608732.926837
/ndn/v9-site/v9/C2Data-6539-Type2;70920.0000;DATA;1611608739.130751
/ndn/v6-site/v6/C2Data-6176-Type2;93501.0000;DATA;1611608739.405761
/ndn/d0-site/d0/C2Data-917-Type3;118188.0000;DATA;1611608739.421772
/ndn/s11-site/s11/C2Data-2503-Type3;6001040.0000;TIMEOUT;1611608734.414839
/ndn/h0-site/h0/C2Data-2-Type3;69789.0000;DATA;1611608741.197873
/ndn/h0-site/h0/C2Data-5-Type2;71277.0000;DATA;1611608741.229830
/ndn/s7-site/s7/C2Data-2259-Type3;6002095.0000;TIMEOUT;1611608736.092778
/ndn/s14-site/s14/C2Data-5329-Type2;6000220.0000;TIMEOUT;1611608736.721780
/ndn/s10-site/s10/C2Data-4845-Type1;6000841.0000;TIMEOUT;1611608737.636929
/ndn/s12-site/s12/C2Data-2564-Type3;6000651.0000;TIMEOUT;1611608738.320800
/ndn/s2-site/s2/C2Data-1954-Type3;6001724.0000;TIMEOUT;1611608743.544781
/ndn/v12-site/v12/C2Data-6903-Type2;107301.0000;DATA;1611608760.481831
/ndn/d9-site/d9/C2Data-2910-Type2;47653.0000;DATA;1611608763.757823
/ndn/v8-site/v8/C2Data-6419-Type1;69805.0000;DATA;1611608766.396782
/ndn/v11-site/v11/C2Data-6782-Type2;116585.0000;DATA;1611608766.756481
/ndn/s14-site/s14/C2Data-5330-Type2;6000368.0000;TIMEOUT;1611608761.782877
/ndn/s10-site/s10/C2Data-4846-Type1;6002474.0000;TIMEOUT;1611608763.472768
/ndn/s6-site/s6/C2Data-4362-Type2;6000310.0000;TIMEOUT;1611608764.217844
/ndn/v4-site/v4/C2Data-5935-Type1;219366.0000;DATA;1611608770.635745
/ndn/h8-site/h8/C2Data-974-Type1;52308.0000;DATA;1611608770.863868
/ndn/s6-site/s6/C2Data-4362-Type1;6003621.0000;TIMEOUT;1611608766.425823
/ndn/v11-site/v11/C2Data-3419-Type3;122321.0000;DATA;1611608785.393601
/ndn/v0-site/v0/C2Data-2748-Type3;99647.0000;DATA;1611608787.512842
/ndn/d5-site/d5/C2Data-1223-Type3;30477.0000;DATA;1611608788.751365
/ndn/h8-site/h8/C2Data-491-Type3;52919.0000;DATA;1611608789.140763
/ndn/v10-site/v10/C2Data-3358-Type3;103662.0000;DATA;1611608790.035951
/ndn/v13-site/v13/C2Data-7025-Type2;69899.0000;DATA;1611608790.625852
/ndn/h3-site/h3/C2Data-370-Type1;168746.0000;DATA;1611608791.057935
/ndn/s0-site/s0/C2Data-1833-Type3;6000300.0000;TIMEOUT;1611608785.258440
/ndn/v6-site/v6/C2Data-6178-Type2;96168.0000;DATA;1611608791.528830
/ndn/d12-site/d12/C2Data-3274-Type2;118010.0000;DATA;1611608791.774815
/ndn/d1-site/d1/C2Data-1943-Type2;144415.0000;DATA;1611608791.919849
/ndn/h1-site/h1/C2Data-64-Type3;120668.0000;DATA;1611608792.693790
/ndn/v9-site/v9/C2Data-6541-Type1;72750.0000;DATA;1611608792.857944
/ndn/v4-site/v4/C2Data-2992-Type3;212375.0000;DATA;1611608793.252828
/ndn/h14-site/h14/C2Data-1701-Type2;118506.0000;DATA;1611608793.346781
/ndn/d2-site/d2/C2Data-2064-Type1;140443.0000;DATA;1611608793.473775
/ndn/h2-site/h2/C2Data-125-Type3;164206.0000;DATA;1611608793.460803
/ndn/d1-site/d1/C2Data-979-Type3;137826.0000;DATA;1611608793.666865
/ndn/v8-site/v8/C2Data-6420-Type2;71177.0000;DATA;1611608794.294824
/ndn/d9-site/d9/C2Data-2911-Type1;47365.0000;DATA;1611608794.588765
/ndn/v10-site/v10/C2Data-6662-Type2;94720.0000;DATA;1611608794.858841
