/ndn/d10-site/d10/C2Data-3025-Type2;27208.0000;DATA;1611603165.611772
/ndn/d0-site/d0/C2Data-1815-Type2;147980.0000;DATA;1611603167.719688
/ndn/s10-site/s10/C2Data-4840-Type2;853.0000;NACK;1611603170.659855
/ndn/h13-site/h13/C2Data-1573-Type1;75653.0000;DATA;1611603170.679826
/ndn/v11-site/v11/C2Data-6776-Type2;584.0000;NACK;1611603170.776806
/ndn/h4-site/h4/C2Data-484-Type1;23833.0000;DATA;1611603171.173837
/ndn/h14-site/h14/C2Data-1694-Type2;590.0000;NACK;1611603171.215783
/ndn/h2-site/h2/C2Data-242-Type1;696.0000;NACK;1611603173.079791
/ndn/v12-site/v12/C2Data-6897-Type1;386.0000;NACK;1611603173.407809
/ndn/v8-site/v8/C2Data-6413-Type1;49007.0000;DATA;1611603173.558794
/ndn/v3-site/v3/C2Data-5808-Type2;70299.0000;DATA;1611603174.494746
/ndn/v10-site/v10/C2Data-6655-Type2;611.0000;NACK;1611603175.572715
/ndn/d11-site/d11/C2Data-3146-Type1;178699.0000;DATA;1611603175.575713
/ndn/v1-site/v1/C2Data-5566-Type1;245383.0000;DATA;1611603176.674793
/ndn/s13-site/s13/C2Data-5203-Type1;94095.0000;DATA;1611603176.951769
/ndn/d2-site/d2/C2Data-1037-Type3;166951.0000;DATA;1611603194.857823
/ndn/h8-site/h8/C2Data-969-Type2;69675.0000;DATA;1611603195.320711
/ndn/d14-site/d14/C2Data-1769-Type3;147204.0000;DATA;1611603195.735802
/ndn/d4-site/d4/C2Data-2300-Type1;164404.0000;DATA;1611603195.825809
/ndn/v14-site/v14/C2Data-7140-Type2;49899.0000;DATA;1611603196.742757
/ndn/h4-site/h4/C2Data-485-Type2;25615.0000;DATA;1611603196.834765
/ndn/v2-site/v2/C2Data-5688-Type1;124448.0000;DATA;1611603197.146780
/ndn/s0-site/s0/C2Data-3631-Type2;100504.0000;DATA;1611603197.938777
/ndn/s14-site/s14/C2Data-2684-Type3;566.0000;NACK;1611603198.968735
/ndn/h13-site/h13/C2Data-1574-Type1;70695.0000;DATA;1611603199.835793
/ndn/s10-site/s10/C2Data-4841-Type1;496.0000;NACK;1611603200.961913
/ndn/v2-site/v2/C2Data-2867-Type3;119710.0000;DATA;1611603200.849673
/ndn/s4-site/s4/C2Data-4115-Type1;187769.0000;DATA;1611603201.919748
/ndn/s7-site/s7/C2Data-2257-Type3;191650.0000;DATA;1611603202.372706
/ndn/s2-site/s2/C2Data-3873-Type1;101380.0000;DATA;1611603202.993711
/ndn/d0-site/d0/C2Data-1816-Type2;144749.0000;DATA;1611603202.978727
/ndn/h10-site/h10/C2Data-1211-Type1;146876.0000;DATA;1611603202.995685
/ndn/v7-site/v7/C2Data-6293-Type2;203599.0000;DATA;1611603204.335688
/ndn/h5-site/h5/C2Data-606-Type2;24084.0000;DATA;1611603204.608691
/ndn/h4-site/h4/C2Data-244-Type3;24932.0000;DATA;1611603204.861735
/ndn/d13-site/d13/C2Data-1708-Type3;106207.0000;DATA;1611603205.249734
/ndn/s6-site/s6/C2Data-2196-Type3;142880.0000;DATA;1611603205.945786
/ndn/v9-site/v9/C2Data-3294-Type3;46616.0000;DATA;1611603211.229317
/ndn/s13-site/s13/C2Data-2623-Type3;94841.0000;DATA;1611603211.428745
/ndn/h12-site/h12/C2Data-732-Type3;184302.0000;DATA;1611603211.378769
/ndn/h2-site/h2/C2Data-244-Type2;188408.0000;DATA;1611603225.288780
/ndn/v13-site/v13/C2Data-7020-Type2;98636.0000;DATA;1611603225.812778
/ndn/s4-site/s4/C2Data-4116-Type2;189772.0000;DATA;1611603225.887745
/ndn/s12-site/s12/C2Data-5084-Type1;74136.0000;DATA;1611603226.756782
/ndn/v8-site/v8/C2Data-6415-Type1;47352.0000;DATA;1611603227.222751
/ndn/d11-site/d11/C2Data-3148-Type1;172349.0000;DATA;1611603227.533797
/ndn/s14-site/s14/C2Data-5326-Type1;172744.0000;DATA;1611603227.710693
/ndn/d6-site/d6/C2Data-2543-Type1;122614.0000;DATA;1611603228.021784
/ndn/h8-site/h8/C2Data-970-Type1;72307.0000;DATA;1611603228.785753
/ndn/v10-site/v10/C2Data-6657-Type2;121083.0000;DATA;1611603228.986735
/ndn/s10-site/s10/C2Data-4842-Type2;170442.0000;DATA;1611603229.169822
/ndn/s0-site/s0/C2Data-3632-Type1;94412.0000;DATA;1611603231.267766
/ndn/d3-site/d3/C2Data-2180-Type1;127653.0000;DATA;1611603235.593747
/ndn/d12-site/d12/C2Data-3269-Type2;144765.0000;DATA;1611603236.315683
/ndn/h1-site/h1/C2Data-123-Type2;140737.0000;DATA;1611603237.152729
/ndn/s13-site/s13/C2Data-5205-Type2;6000731.0000;TIMEOUT;1611603234.015787
/ndn/v2-site/v2/C2Data-2868-Type3;127248.0000;DATA;1611603250.166758
/ndn/v11-site/v11/C2Data-3417-Type3;143434.0000;DATA;1611603252.802742
/ndn/h4-site/h4/C2Data-245-Type3;26140.0000;DATA;1611603253.453778
/ndn/h8-site/h8/C2Data-489-Type3;70107.0000;DATA;1611603255.365701
/ndn/v4-site/v4/C2Data-5932-Type1;241168.0000;DATA;1611603255.416796
/ndn/h9-site/h9/C2Data-550-Type3;51363.0000;DATA;1611603255.826712
/ndn/v13-site/v13/C2Data-7021-Type2;96364.0000;DATA;1611603255.853796
/ndn/h8-site/h8/C2Data-971-Type1;73223.0000;DATA;1611603258.182830
/ndn/h4-site/h4/C2Data-487-Type1;24170.0000;DATA;1611603258.683770
/ndn/h11-site/h11/C2Data-1334-Type2;179950.0000;DATA;1611603258.996776
/ndn/h0-site/h0/C2Data-3-Type1;46670.0000;DATA;1611603259.257777
/ndn/d9-site/d9/C2Data-1465-Type3;69894.0000;DATA;1611603259.289772
/ndn/v7-site/v7/C2Data-6295-Type2;191270.0000;DATA;1611603259.331736
/ndn/d8-site/d8/C2Data-1404-Type3;178384.0000;DATA;1611603260.605790
/ndn/s12-site/s12/C2Data-5085-Type1;70622.0000;DATA;1611603260.795685
/ndn/h13-site/h13/C2Data-1576-Type2;72207.0000;DATA;1611603260.877898
/ndn/v7-site/v7/C2Data-925-Type4;187308.0000;DATA;1611603261.632702
/ndn/h3-site/h3/C2Data-366-Type2;190270.0000;DATA;1611603262.092703
/ndn/h2-site/h2/C2Data-50-Type4;162580.0000;DATA;1611603262.226751
/ndn/d2-site/d2/C2Data-2060-Type2;181016.0000;DATA;1611603262.212815
/ndn/d1-site/d1/C2Data-1939-Type2;161910.0000;DATA;1611603262.468790
/ndn/s5-site/s5/C2Data-4238-Type1;117491.0000;DATA;1611603262.527781
/ndn/s5-site/s5/C2Data-4238-Type2;119929.0000;DATA;1611603262.937746
/ndn/s7-site/s7/C2Data-2258-Type3;6000294.0000;TIMEOUT;1611603257.696785
/ndn/h5-site/h5/C2Data-608-Type1;25771.0000;DATA;1611603263.873682
/ndn/d12-site/d12/C2Data-1648-Type3;141964.0000;DATA;1611603263.927436
/ndn/h14-site/h14/C2Data-1697-Type2;144358.0000;DATA;1611603264.446965
/ndn/s13-site/s13/C2Data-5206-Type1;6000256.0000;TIMEOUT;1611603262.873862
/ndn/d9-site/d9/C2Data-600-Type4;77690.0000;DATA;1611603269.722862
/ndn/v12-site/v12/C2Data-3478-Type3;223123.0000;DATA;1611603271.886755
/ndn/v8-site/v8/C2Data-3234-Type3;58903.0000;DATA;1611603272.753771
/ndn/h13-site/h13/C2Data-794-Type3;73108.0000;DATA;1611603273.005775
/ndn/s4-site/s4/C2Data-2075-Type3;6000353.0000;TIMEOUT;1611603270.178016
/ndn/s6-site/s6/C2Data-2197-Type3;6004835.0000;TIMEOUT;1611603273.035835
/ndn/d6-site/d6/C2Data-525-Type4;120643.0000;DATA;1611603280.819723
/ndn/v5-site/v5/C2Data-875-Type4;427162.0000;DATA;1611603281.287733
/ndn/v1-site/v1/C2Data-5570-Type1;210239.0000;DATA;1611603285.758827
/ndn/h5-site/h5/C2Data-125-Type4;24037.0000;DATA;1611603287.671756
/ndn/v7-site/v7/C2Data-6296-Type1;188992.0000;DATA;1611603287.541811
/ndn/v9-site/v9/C2Data-6538-Type2;47258.0000;DATA;1611603289.886778
/ndn/d3-site/d3/C2Data-2182-Type1;127291.0000;DATA;1611603290.605789
/ndn/v8-site/v8/C2Data-6417-Type2;47774.0000;DATA;1611603291.981830
/ndn/s5-site/s5/C2Data-4239-Type2;6000639.0000;TIMEOUT;1611603286.690746
/ndn/s14-site/s14/C2Data-5328-Type2;6000260.0000;TIMEOUT;1611603288.902704
/ndn/d1-site/d1/C2Data-1940-Type1;164626.0000;DATA;1611603295.178778
/ndn/s4-site/s4/C2Data-4118-Type1;6002531.0000;TIMEOUT;1611603290.879729
/ndn/v2-site/v2/C2Data-5691-Type1;117203.0000;DATA;1611603296.856779
/ndn/d8-site/d8/C2Data-2787-Type2;174259.0000;DATA;1611603296.926786
/ndn/s0-site/s0/C2Data-3634-Type1;6004030.0000;TIMEOUT;1611603291.103790
/ndn/s6-site/s6/C2Data-4360-Type1;6000306.0000;TIMEOUT;1611603291.512787
/ndn/s4-site/s4/C2Data-4118-Type2;6000570.0000;TIMEOUT;1611603292.842837
/ndn/v0-site/v0/C2Data-750-Type4;127166.0000;DATA;1611603299.848789
/ndn/s8-site/s8/C2Data-4602-Type2;6000247.0000;TIMEOUT;1611603295.111713
/ndn/v9-site/v9/C2Data-975-Type4;50204.0000;DATA;1611603306.049694
/ndn/h10-site/h10/C2Data-250-Type4;144693.0000;DATA;1611603308.615311
/ndn/v8-site/v8/C2Data-950-Type4;48062.0000;DATA;1611603308.866767
/ndn/v5-site/v5/C2Data-3052-Type3;248071.0000;DATA;1611603311.896160
/ndn/v8-site/v8/C2Data-3235-Type3;50449.0000;DATA;1611603313.637872
/ndn/v11-site/v11/C2Data-3418-Type3;141150.0000;DATA;1611603315.845919
/ndn/h5-site/h5/C2Data-307-Type3;23842.0000;DATA;1611603316.210811
/ndn/v7-site/v7/C2Data-6297-Type2;186237.0000;DATA;1611603316.228814
/ndn/h1-site/h1/C2Data-126-Type2;140195.0000;DATA;1611603316.818768
/ndn/v3-site/v3/C2Data-5813-Type2;70537.0000;DATA;1611603317.157011
/ndn/v10-site/v10/C2Data-6660-Type2;116580.0000;DATA;1611603319.209882
/ndn/d11-site/d11/C2Data-650-Type4;167711.0000;DATA;1611603320.871766
/ndn/v6-site/v6/C2Data-6176-Type1;124441.0000;DATA;1611603321.188707
/ndn/v14-site/v14/C2Data-7144-Type2;49190.0000;DATA;1611603321.405705
/ndn/v4-site/v4/C2Data-5934-Type2;237762.0000;DATA;1611603321.241782
/ndn/h7-site/h7/C2Data-852-Type2;69218.0000;DATA;1611603323.316702
/ndn/s10-site/s10/C2Data-4845-Type1;6001337.0000;TIMEOUT;1611603317.650777
/ndn/h5-site/h5/C2Data-610-Type2;23996.0000;DATA;1611603324.653802
/ndn/h2-site/h2/C2Data-247-Type2;152835.0000;DATA;1611603325.831736
/ndn/v4-site/v4/C2Data-2991-Type3;235257.0000;DATA;1611603325.770793
/ndn/h13-site/h13/C2Data-1578-Type1;69121.0000;DATA;1611603326.908769
/ndn/d2-site/d2/C2Data-1039-Type3;51201.0000;DATA;1611603327.183714
/ndn/h12-site/h12/C2Data-734-Type3;191224.0000;DATA;1611603328.525775
/ndn/d0-site/d0/C2Data-917-Type3;142197.0000;DATA;1611603329.406123
/ndn/v0-site/v0/C2Data-5451-Type1;124854.0000;DATA;1611603346.073711
/ndn/v14-site/v14/C2Data-7145-Type2;46635.0000;DATA;1611603348.778760
/ndn/h3-site/h3/C2Data-369-Type1;201084.0000;DATA;1611603349.126778
/ndn/v13-site/v13/C2Data-7024-Type2;100456.0000;DATA;1611603349.600844
/ndn/v7-site/v7/C2Data-6298-Type1;189937.0000;DATA;1611603351.000742
/ndn/v14-site/v14/C2Data-7145-Type1;49245.0000;DATA;1611603351.249792
/ndn/d10-site/d10/C2Data-3031-Type2;26562.0000;DATA;1611603352.283689
/ndn/d2-site/d2/C2Data-2063-Type1;170532.0000;DATA;1611603352.596786
/ndn/v5-site/v5/C2Data-6056-Type2;201454.0000;DATA;1611603353.112751
/ndn/d9-site/d9/C2Data-2910-Type2;72658.0000;DATA;1611603353.793724
/ndn/h2-site/h2/C2Data-248-Type2;201474.0000;DATA;1611603353.806722
/ndn/d3-site/d3/C2Data-2184-Type2;123485.0000;DATA;1611603354.411796
/ndn/h0-site/h0/C2Data-6-Type2;756.0000;DATA;1611603355.605709
/ndn/s1-site/s1/C2Data-3757-Type2;6003521.0000;TIMEOUT;1611603350.512716
/ndn/v4-site/v4/C2Data-5935-Type2;247797.0000;DATA;1611603357.078844
/ndn/s0-site/s0/C2Data-3636-Type1;6003724.0000;TIMEOUT;1611603355.495686
/ndn/h5-site/h5/C2Data-308-Type3;30376.0000;DATA;1611603374.462643
/ndn/h4-site/h4/C2Data-491-Type2;24046.0000;DATA;1611603375.562793
/ndn/d8-site/d8/C2Data-2790-Type2;168858.0000;DATA;1611603375.676823
/ndn/h13-site/h13/C2Data-1580-Type2;70410.0000;DATA;1611603380.681814
