/ndn/d8-site/d8/C2Data-2783-Type1;177120.0000;DATA;1611602007.964241
/ndn/s6-site/s6/C2Data-4356-Type2;185044.0000;DATA;1611602015.164151
/ndn/v10-site/v10/C2Data-6655-Type2;444.0000;NACK;1611602015.562168
/ndn/s11-site/s11/C2Data-4961-Type2;456.0000;NACK;1611602016.745152
/ndn/h4-site/h4/C2Data-484-Type2;189085.0000;DATA;1611602016.703153
/ndn/v14-site/v14/C2Data-3599-Type3;116453.0000;DATA;1611602031.885115
/ndn/s13-site/s13/C2Data-2623-Type3;450.0000;NACK;1611602034.707194
/ndn/h10-site/h10/C2Data-610-Type3;262251.0000;DATA;1611602037.806171
/ndn/h13-site/h13/C2Data-793-Type3;93177.0000;DATA;1611602038.368199
/ndn/s5-site/s5/C2Data-4236-Type2;189338.0000;DATA;1611602038.833208
/ndn/v1-site/v1/C2Data-5567-Type2;595.0000;NACK;1611602039.625156
/ndn/s6-site/s6/C2Data-4357-Type2;266711.0000;DATA;1611602041.181212
/ndn/d0-site/d0/C2Data-915-Type3;163130.0000;DATA;1611602042.634250
/ndn/v7-site/v7/C2Data-6293-Type2;541.0000;NACK;1611602042.885096
/ndn/h5-site/h5/C2Data-606-Type2;141595.0000;DATA;1611602043.002129
/ndn/d3-site/d3/C2Data-2179-Type1;236145.0000;DATA;1611602044.443144
/ndn/d8-site/d8/C2Data-1403-Type3;168449.0000;DATA;1611602045.692722
/ndn/s2-site/s2/C2Data-3873-Type2;72967.0000;DATA;1611602048.478145
/ndn/h2-site/h2/C2Data-122-Type3;24139.0000;DATA;1611602048.667160
/ndn/s14-site/s14/C2Data-5325-Type1;143801.0000;DATA;1611602049.792186
/ndn/d5-site/d5/C2Data-1220-Type3;179861.0000;DATA;1611602054.400115
/ndn/s14-site/s14/C2Data-2684-Type3;123151.0000;DATA;1611602055.632163
/ndn/h0-site/h0/C2Data-2-Type2;221221.0000;DATA;1611602068.658182
/ndn/s12-site/s12/C2Data-5084-Type1;239572.0000;DATA;1611602071.280167
/ndn/h11-site/h11/C2Data-1333-Type1;92453.0000;DATA;1611602072.489396
/ndn/d5-site/d5/C2Data-2422-Type1;134207.0000;DATA;1611602074.898196
/ndn/h13-site/h13/C2Data-1575-Type1;93754.0000;DATA;1611602075.845215
/ndn/d9-site/d9/C2Data-2906-Type2;190375.0000;DATA;1611602075.949087
/ndn/s8-site/s8/C2Data-4600-Type1;49272.0000;DATA;1611602077.177135
/ndn/s7-site/s7/C2Data-4479-Type2;117678.0000;DATA;1611602077.756192
/ndn/h2-site/h2/C2Data-244-Type2;24448.0000;DATA;1611602079.405132
/ndn/h5-site/h5/C2Data-306-Type3;144444.0000;DATA;1611602096.383173
/ndn/s1-site/s1/C2Data-1892-Type3;6000276.0000;TIMEOUT;1611602096.646168
/ndn/s4-site/s4/C2Data-2075-Type3;23442.0000;DATA;1611602102.746088
/ndn/h4-site/h4/C2Data-245-Type3;184800.0000;DATA;1611602103.901079
/ndn/v13-site/v13/C2Data-3539-Type3;69817.0000;DATA;1611602104.575158
/ndn/s5-site/s5/C2Data-2136-Type3;194258.0000;DATA;1611602104.951165
/ndn/d7-site/d7/C2Data-2665-Type1;216729.0000;DATA;1611602105.193232
/ndn/d2-site/d2/C2Data-425-Type4;145569.0000;DATA;1611602105.279181
/ndn/s2-site/s2/C2Data-3875-Type1;6000253.0000;TIMEOUT;1611602102.689089
/ndn/s6-site/s6/C2Data-4359-Type2;6004503.0000;TIMEOUT;1611602104.675149
/ndn/s2-site/s2/C2Data-3875-Type2;6000239.0000;TIMEOUT;1611602105.425159
/ndn/h4-site/h4/C2Data-100-Type4;192084.0000;DATA;1611602111.277162
/ndn/h13-site/h13/C2Data-325-Type4;108311.0000;DATA;1611602112.808078
/ndn/s5-site/s5/C2Data-4238-Type2;6000267.0000;TIMEOUT;1611602107.893119
/ndn/v4-site/v4/C2Data-2990-Type3;308083.0000;DATA;1611602113.910087
/ndn/s6-site/s6/C2Data-2197-Type3;6000709.0000;TIMEOUT;1611602109.233127
/ndn/s3-site/s3/C2Data-3996-Type2;6000825.0000;TIMEOUT;1611602109.529131
/ndn/d9-site/d9/C2Data-600-Type4;206000.0000;DATA;1611602117.245110
/ndn/h6-site/h6/C2Data-150-Type4;203400.0000;DATA;1611602118.283113
/ndn/v8-site/v8/C2Data-950-Type4;330872.0000;DATA;1611602123.376195
/ndn/d10-site/d10/C2Data-625-Type4;214082.0000;DATA;1611602123.654229
/ndn/h14-site/h14/C2Data-1698-Type1;26971.0000;DATA;1611602128.066163
/ndn/d4-site/d4/C2Data-2303-Type1;123126.0000;DATA;1611602129.032123
/ndn/d8-site/d8/C2Data-575-Type4;172175.0000;DATA;1611602129.796127
/ndn/v11-site/v11/C2Data-6780-Type2;96518.0000;DATA;1611602130.097147
/ndn/h13-site/h13/C2Data-1577-Type2;99199.0000;DATA;1611602134.232182
/ndn/v0-site/v0/C2Data-750-Type4;244521.0000;DATA;1611602134.174184
/ndn/s5-site/s5/C2Data-4239-Type2;6000554.0000;TIMEOUT;1611602129.659081
/ndn/h12-site/h12/C2Data-1456-Type2;47886.0000;DATA;1611602135.911183
/ndn/d0-site/d0/C2Data-1819-Type1;166224.0000;DATA;1611602135.887081
/ndn/h14-site/h14/C2Data-1698-Type2;24432.0000;DATA;1611602136.321156
/ndn/v4-site/v4/C2Data-850-Type4;285766.0000;DATA;1611602138.167230
/ndn/h9-site/h9/C2Data-1093-Type2;171564.0000;DATA;1611602138.618335
/ndn/h14-site/h14/C2Data-350-Type4;24940.0000;DATA;1611602139.733085
/ndn/s5-site/s5/C2Data-4239-Type1;6003158.0000;TIMEOUT;1611602135.034159
/ndn/s3-site/s3/C2Data-3997-Type1;6000377.0000;TIMEOUT;1611602135.508078
/ndn/s12-site/s12/C2Data-5086-Type2;6000272.0000;TIMEOUT;1611602136.352842
/ndn/v3-site/v3/C2Data-825-Type4;116045.0000;DATA;1611602144.176847
/ndn/d0-site/d0/C2Data-375-Type4;167592.0000;DATA;1611602144.387111
/ndn/h10-site/h10/C2Data-250-Type4;317292.0000;DATA;1611602145.863625
/ndn/d8-site/d8/C2Data-1405-Type3;162922.0000;DATA;1611602153.542097
/ndn/v10-site/v10/C2Data-3357-Type3;240095.0000;DATA;1611602154.748128
/ndn/v12-site/v12/C2Data-3479-Type3;282608.0000;DATA;1611602156.139200
/ndn/d4-site/d4/C2Data-1161-Type3;116512.0000;DATA;1611602157.899125
/ndn/v1-site/v1/C2Data-775-Type4;259699.0000;DATA;1611602157.891269
/ndn/s11-site/s11/C2Data-2503-Type3;6000353.0000;TIMEOUT;1611602152.414153
/ndn/d14-site/d14/C2Data-3514-Type2;71531.0000;DATA;1611602158.486154
/ndn/s0-site/s0/C2Data-1832-Type3;6000173.0000;TIMEOUT;1611602152.986089
/ndn/d12-site/d12/C2Data-675-Type4;186886.0000;DATA;1611602159.058139
/ndn/d8-site/d8/C2Data-2788-Type2;182090.0000;DATA;1611602159.711227
/ndn/s9-site/s9/C2Data-2381-Type3;6000334.0000;TIMEOUT;1611602153.943110
/ndn/v0-site/v0/C2Data-2747-Type3;235989.0000;DATA;1611602160.095147
/ndn/d5-site/d5/C2Data-2425-Type1;168202.0000;DATA;1611602160.717105
/ndn/v14-site/v14/C2Data-1100-Type4;119414.0000;DATA;1611602160.945080
/ndn/d7-site/d7/C2Data-2667-Type1;145703.0000;DATA;1611602162.392169
/ndn/v3-site/v3/C2Data-2930-Type3;120724.0000;DATA;1611602163.125167
/ndn/v10-site/v10/C2Data-6660-Type1;214237.0000;DATA;1611602163.088186
/ndn/d13-site/d13/C2Data-1710-Type3;96390.0000;DATA;1611602163.249148
/ndn/h7-site/h7/C2Data-429-Type3;232197.0000;DATA;1611602163.458091
/ndn/d12-site/d12/C2Data-3272-Type2;196016.0000;DATA;1611602163.758207
/ndn/d3-site/d3/C2Data-2183-Type2;233246.0000;DATA;1611602164.697570
/ndn/s4-site/s4/C2Data-4119-Type1;6000284.0000;TIMEOUT;1611602159.781167
/ndn/h11-site/h11/C2Data-1336-Type2;102359.0000;DATA;1611602166.397192
/ndn/s0-site/s0/C2Data-3635-Type1;6000589.0000;TIMEOUT;1611602160.695136
/ndn/s6-site/s6/C2Data-4361-Type2;6003740.0000;TIMEOUT;1611602161.340131
/ndn/v5-site/v5/C2Data-3052-Type3;282574.0000;DATA;1611602167.069088
/ndn/s12-site/s12/C2Data-5087-Type2;6000376.0000;TIMEOUT;1611602161.508152
/ndn/d11-site/d11/C2Data-3151-Type1;209637.0000;DATA;1611602168.933149
/ndn/s6-site/s6/C2Data-4361-Type1;6000748.0000;TIMEOUT;1611602163.201163
/ndn/d12-site/d12/C2Data-3272-Type1;193170.0000;DATA;1611602169.570122
/ndn/v6-site/v6/C2Data-3113-Type3;97288.0000;DATA;1611602170.070162
/ndn/v1-site/v1/C2Data-2808-Type3;279016.0000;DATA;1611602171.139117
/ndn/v4-site/v4/C2Data-2991-Type3;283193.0000;DATA;1611602171.777149
/ndn/s1-site/s1/C2Data-1893-Type3;6000648.0000;TIMEOUT;1611602166.832263
/ndn/s8-site/s8/C2Data-4603-Type1;6000428.0000;TIMEOUT;1611602169.322082
/ndn/d0-site/d0/C2Data-1821-Type1;171199.0000;DATA;1611602188.929158
/ndn/h6-site/h6/C2Data-732-Type1;188500.0000;DATA;1611602189.079088
/ndn/h7-site/h7/C2Data-853-Type2;235877.0000;DATA;1611602192.026152
/ndn/d14-site/d14/C2Data-3515-Type1;78161.0000;DATA;1611602192.829175
/ndn/h3-site/h3/C2Data-369-Type2;234314.0000;DATA;1611602193.496156
/ndn/d13-site/d13/C2Data-3394-Type2;102130.0000;DATA;1611602194.171157
/ndn/h4-site/h4/C2Data-490-Type1;192867.0000;DATA;1611602195.746166
/ndn/d3-site/d3/C2Data-2184-Type1;235347.0000;DATA;1611602196.698136
/ndn/h10-site/h10/C2Data-1216-Type2;265945.0000;DATA;1611602196.976071
/ndn/h0-site/h0/C2Data-6-Type2;211212.0000;DATA;1611602199.223208
/ndn/s7-site/s7/C2Data-4483-Type2;6000327.0000;TIMEOUT;1611602196.514169
/ndn/s3-site/s3/C2Data-3999-Type2;6004969.0000;TIMEOUT;1611602196.795229
/ndn/d4-site/d4/C2Data-1162-Type3;95338.0000;DATA;1611602212.448135
/ndn/h1-site/h1/C2Data-64-Type3;142423.0000;DATA;1611602212.772175
/ndn/h14-site/h14/C2Data-857-Type3;24486.0000;DATA;1611602217.932142
/ndn/v11-site/v11/C2Data-6783-Type1;96214.0000;DATA;1611602217.955159
/ndn/h13-site/h13/C2Data-796-Type3;95285.0000;DATA;1611602219.336149
/ndn/h0-site/h0/C2Data-7-Type1;208757.0000;DATA;1611602221.622131
/ndn/v7-site/v7/C2Data-3175-Type3;243807.0000;DATA;1611602221.987130
/ndn/v6-site/v6/C2Data-6178-Type1;95236.0000;DATA;1611602222.513075
/ndn/v6-site/v6/C2Data-3114-Type3;92305.0000;DATA;1611602223.181163
/ndn/s4-site/s4/C2Data-2077-Type3;6000374.0000;TIMEOUT;1611602217.303127
/ndn/s5-site/s5/C2Data-2138-Type3;6000304.0000;TIMEOUT;1611602217.701900
