/C2Data/s0/C2Data-168-Type2;27899.0000;DATA;1609195610.620039
/C2Data/h0/C2Data-0-Type2;72218.0000;DATA;1609195613.705213
/C2Data/h0/C2Data-0-Type1;78490.0000;DATA;1609195618.996709
/C2Data/d0/C2Data-44-Type3;52070.0000;DATA;1609195653.749147
/C2Data/h3/C2Data-33-Type3;24433.0000;DATA;1609195654.481006
/C2Data/h2/C2Data-43-Type1;104769.0000;DATA;1609195668.506699
/C2Data/v1/C2Data-143-Type3;24196.0000;DATA;1609195675.042663
/C2Data/v0/C2Data-253-Type2;100654.0000;DATA;1609195675.489526
/C2Data/d0/C2Data-85-Type1;49947.0000;DATA;1609195679.986544
/C2Data/h0/C2Data-2-Type1;82888.0000;DATA;1609195721.198986
/C2Data/v0/C2Data-254-Type1;104263.0000;DATA;1609195722.204796
/C2Data/h3/C2Data-65-Type1;24542.0000;DATA;1609195722.739945
/C2Data/h2/C2Data-44-Type2;105071.0000;DATA;1609195732.920457
/C2Data/v1/C2Data-275-Type2;24607.0000;DATA;1609195736.494511
/C2Data/v2/C2Data-296-Type1;114704.0000;DATA;1609195739.700390
/C2Data/h2/C2Data-45-Type1;95097.0000;DATA;1609195779.003398
/C2Data/d1/C2Data-108-Type2;28121.0000;DATA;1609195782.702665
/C2Data/v3/C2Data-318-Type1;24875.0000;DATA;1609195790.073497
/C2Data/s2/C2Data-111-Type3;89809.0000;NACK;1609195790.871706
/C2Data/h2/C2Data-45-Type2;99626.0000;DATA;1609195792.951157
/C2Data/v2/C2Data-155-Type3;126650.0000;DATA;1609195793.320187
/C2Data/s2/C2Data-213-Type2;83864.0000;NACK;1609195801.323997
/C2Data/h1/C2Data-5-Type4;166256.0000;DATA;1609195803.685295
/C2Data/v0/C2Data-40-Type4;95988.0000;DATA;1609195808.812229
/C2Data/v1/C2Data-45-Type4;25407.0000;DATA;1609195825.855561
/C2Data/d0/C2Data-20-Type4;52902.0000;DATA;1609195828.649257
/C2Data/s2/C2Data-214-Type1;97669.0000;NACK;1609195840.429159
/C2Data/h3/C2Data-67-Type2;26783.0000;DATA;1609195856.806425
/C2Data/v3/C2Data-55-Type4;34188.0000;DATA;1609195898.193814
/C2Data/d2/C2Data-131-Type1;26989.0000;DATA;1609195899.270040
/C2Data/v1/C2Data-145-Type3;24709.0000;DATA;1609195905.166835
/C2Data/h3/C2Data-35-Type3;25803.0000;DATA;1609195911.732639
/C2Data/d1/C2Data-110-Type1;24720.0000;DATA;1609195913.224825
/C2Data/h0/C2Data-2-Type3;75365.0000;DATA;1609195924.261068
/C2Data/v0/C2Data-134-Type3;105131.0000;DATA;1609195926.001067
/C2Data/d2/C2Data-68-Type3;28162.0000;DATA;1609195929.564036
/C2Data/s3/C2Data-123-Type3;56247.0000;DATA;1609195931.364916
/C2Data/v3/C2Data-321-Type2;29498.0000;DATA;1609195960.220800
/C2Data/v2/C2Data-300-Type1;144505.0000;DATA;1609195968.312495
/C2Data/d0/C2Data-90-Type1;55027.0000;DATA;1609195972.796269
/C2Data/h0/C2Data-7-Type2;81178.0000;DATA;1609196026.769878
/C2Data/v1/C2Data-280-Type1;30917.0000;DATA;1609196031.827062
/C2Data/v2/C2Data-157-Type3;131350.0000;DATA;1609196050.726014
/C2Data/s1/C2Data-102-Type3;47801.0000;DATA;1609196052.872899
/C2Data/v3/C2Data-33-Type5;29488.0000;DATA;1609196073.743999
/C2Data/h1/C2Data-29-Type2;145569.0000;DATA;1609196081.746308
/C2Data/d0/C2Data-92-Type1;47857.0000;DATA;1609196086.926997
/C2Data/h1/C2Data-29-Type1;121446.0000;DATA;1609196093.154677
/C2Data/v0/C2Data-260-Type2;114771.0000;DATA;1609196104.211242
/C2Data/s1/C2Data-197-Type2;6012170.0000;TIMEOUT;1609196104.841244
/C2Data/v0/C2Data-24-Type5;108773.0000;DATA;1609196111.056635
/C2Data/v3/C2Data-56-Type4;24780.0000;DATA;1609196112.009901
/C2Data/d1/C2Data-59-Type3;29824.0000;DATA;1609196141.049296
/C2Data/h2/C2Data-26-Type3;158830.0000;DATA;1609196143.315663
/C2Data/d0/C2Data-21-Type4;48806.0000;DATA;1609196163.355310
