/ndn/d11-site/d11/C2Data-3146-Type2;123884.0000;DATA;1611609162.548310
/ndn/s7-site/s7/C2Data-4477-Type2;204929.0000;DATA;1611609165.249339
/ndn/v3-site/v3/C2Data-5808-Type1;69873.0000;DATA;1611609165.688040
/ndn/d6-site/d6/C2Data-2541-Type2;73891.0000;DATA;1611609166.313334
/ndn/v1-site/v1/C2Data-5566-Type2;169045.0000;DATA;1611609166.825374
/ndn/v2-site/v2/C2Data-5687-Type2;73338.0000;DATA;1611609166.974303
/ndn/s4-site/s4/C2Data-4114-Type1;190700.0000;DATA;1611609167.123362
/ndn/h4-site/h4/C2Data-484-Type2;71401.0000;DATA;1611609168.847372
/ndn/d12-site/d12/C2Data-3267-Type2;98109.0000;DATA;1611609170.972322
/ndn/v14-site/v14/C2Data-7139-Type1;52566.0000;DATA;1611609171.964437
/ndn/s6-site/s6/C2Data-4356-Type2;97366.0000;DATA;1611609172.616152
/ndn/s12-site/s12/C2Data-5082-Type2;124505.0000;DATA;1611609173.454394
/ndn/d0-site/d0/C2Data-1816-Type1;98475.0000;DATA;1611609193.610351
/ndn/v5-site/v5/C2Data-3050-Type3;189907.0000;DATA;1611609194.173609
/ndn/h3-site/h3/C2Data-364-Type1;141462.0000;DATA;1611609194.840395
/ndn/s6-site/s6/C2Data-2196-Type3;93067.0000;DATA;1611609195.339320
/ndn/v3-site/v3/C2Data-2928-Type3;71324.0000;DATA;1611609195.489592
/ndn/s12-site/s12/C2Data-5083-Type2;126430.0000;DATA;1611609196.750372
/ndn/s7-site/s7/C2Data-2257-Type3;187494.0000;DATA;1611609197.242084
/ndn/s13-site/s13/C2Data-5204-Type1;430.0000;NACK;1611609197.621394
/ndn/v3-site/v3/C2Data-5809-Type2;70461.0000;DATA;1611609198.431414
/ndn/d4-site/d4/C2Data-2300-Type2;165428.0000;DATA;1611609198.979340
/ndn/h12-site/h12/C2Data-732-Type3;185243.0000;DATA;1611609199.780430
/ndn/v7-site/v7/C2Data-3172-Type3;151494.0000;DATA;1611609200.678886
/ndn/v6-site/v6/C2Data-3111-Type3;118102.0000;DATA;1611609201.323352
/ndn/s10-site/s10/C2Data-4841-Type2;163893.0000;DATA;1611609202.363322
/ndn/d5-site/d5/C2Data-1220-Type3;46210.0000;DATA;1611609202.882151
/ndn/d3-site/d3/C2Data-1098-Type3;72799.0000;DATA;1611609203.054329
/ndn/s11-site/s11/C2Data-4962-Type2;116919.0000;DATA;1611609203.402361
/ndn/h13-site/h13/C2Data-793-Type3;101836.0000;DATA;1611609206.656984
/ndn/v2-site/v2/C2Data-2867-Type3;81916.0000;DATA;1611609207.861385
/ndn/v13-site/v13/C2Data-7020-Type1;97854.0000;DATA;1611609225.505370
/ndn/d13-site/d13/C2Data-3390-Type1;141984.0000;DATA;1611609225.474369
/ndn/h0-site/h0/C2Data-2-Type1;99710.0000;DATA;1611609225.601312
/ndn/v2-site/v2/C2Data-5689-Type2;75308.0000;DATA;1611609226.015375
/ndn/s1-site/s1/C2Data-3753-Type1;61826.0000;DATA;1611609226.327382
/ndn/v8-site/v8/C2Data-6415-Type2;97444.0000;DATA;1611609226.494379
/ndn/h14-site/h14/C2Data-1696-Type2;148701.0000;DATA;1611609227.169399
/ndn/h2-site/h2/C2Data-244-Type2;204829.0000;DATA;1611609227.534390
/ndn/h3-site/h3/C2Data-365-Type2;142881.0000;DATA;1611609227.857380
/ndn/v1-site/v1/C2Data-5568-Type2;174754.0000;DATA;1611609228.229438
/ndn/d14-site/d14/C2Data-3511-Type2;146973.0000;DATA;1611609228.687234
/ndn/s4-site/s4/C2Data-4116-Type1;194858.0000;DATA;1611609230.326315
/ndn/d5-site/d5/C2Data-2422-Type2;47747.0000;DATA;1611609233.153338
/ndn/s10-site/s10/C2Data-4842-Type2;6024184.0000;TIMEOUT;1611609228.109307
/ndn/s3-site/s3/C2Data-2014-Type3;151373.0000;DATA;1611609250.736390
/ndn/s12-site/s12/C2Data-2563-Type3;126427.0000;DATA;1611609250.887340
/ndn/v2-site/v2/C2Data-2868-Type3;69393.0000;DATA;1611609252.888401
/ndn/s8-site/s8/C2Data-4601-Type1;120342.0000;DATA;1611609253.828492
/ndn/h0-site/h0/C2Data-1-Type3;94957.0000;DATA;1611609254.201294
/ndn/d9-site/d9/C2Data-1465-Type3;24442.0000;DATA;1611609255.410353
/ndn/v14-site/v14/C2Data-3600-Type3;47603.0000;DATA;1611609255.544336
/ndn/s6-site/s6/C2Data-2197-Type3;6001922.0000;TIMEOUT;1611609249.915361
/ndn/d3-site/d3/C2Data-1099-Type3;70496.0000;DATA;1611609255.885381
/ndn/v11-site/v11/C2Data-3417-Type3;142504.0000;DATA;1611609256.145312
/ndn/d8-site/d8/C2Data-1404-Type3;117364.0000;DATA;1611609256.475362
/ndn/s9-site/s9/C2Data-2380-Type3;51958.0000;DATA;1611609256.729341
/ndn/h7-site/h7/C2Data-850-Type2;118553.0000;DATA;1611609258.416497
/ndn/v13-site/v13/C2Data-7021-Type2;94920.0000;DATA;1611609258.870388
/ndn/s11-site/s11/C2Data-4964-Type1;119833.0000;DATA;1611609259.881322
/ndn/s9-site/s9/C2Data-4722-Type1;49552.0000;DATA;1611609260.352388
/ndn/h1-site/h1/C2Data-124-Type2;141701.0000;DATA;1611609261.051310
/ndn/d10-site/d10/C2Data-1526-Type3;76707.0000;DATA;1611609261.343338
/ndn/s11-site/s11/C2Data-2502-Type3;59909.0000;DATA;1611609261.837362
/ndn/v9-site/v9/C2Data-6537-Type1;97226.0000;DATA;1611609263.054374
/ndn/v4-site/v4/C2Data-850-Type4;189557.0000;DATA;1611609263.798418
/ndn/v6-site/v6/C2Data-3112-Type3;121418.0000;DATA;1611609264.921360
/ndn/v14-site/v14/C2Data-1100-Type4;56611.0000;DATA;1611609265.111393
/ndn/v13-site/v13/C2Data-3539-Type3;92560.0000;DATA;1611609266.404390
/ndn/s0-site/s0/C2Data-1831-Type3;6000563.0000;TIMEOUT;1611609261.379317
/ndn/s10-site/s10/C2Data-4843-Type2;6000226.0000;TIMEOUT;1611609261.855334
/ndn/h5-site/h5/C2Data-306-Type3;23992.0000;DATA;1611609267.891349
/ndn/h2-site/h2/C2Data-50-Type4;296708.0000;DATA;1611609281.732388
/ndn/d0-site/d0/C2Data-1819-Type2;102786.0000;DATA;1611609283.494371
/ndn/h7-site/h7/C2Data-851-Type1;121502.0000;DATA;1611609284.058513
/ndn/h6-site/h6/C2Data-730-Type2;71249.0000;DATA;1611609284.335302
/ndn/v3-site/v3/C2Data-5812-Type2;73810.0000;DATA;1611609285.363306
/ndn/h14-site/h14/C2Data-1698-Type1;146739.0000;DATA;1611609285.469364
/ndn/h1-site/h1/C2Data-125-Type1;145808.0000;DATA;1611609287.080364
/ndn/h0-site/h0/C2Data-4-Type2;102825.0000;DATA;1611609290.563378
/ndn/d11-site/d11/C2Data-3150-Type1;117011.0000;DATA;1611609291.340326
/ndn/v0-site/v0/C2Data-5449-Type2;72048.0000;DATA;1611609291.896323
/ndn/d2-site/d2/C2Data-2061-Type2;127938.0000;DATA;1611609292.619344
/ndn/h12-site/h12/C2Data-1456-Type2;194490.0000;DATA;1611609293.708296
/ndn/h14-site/h14/C2Data-350-Type4;88598.0000;DATA;1611609296.338367
/ndn/h4-site/h4/C2Data-100-Type4;72300.0000;DATA;1611609302.154406
/ndn/d2-site/d2/C2Data-1039-Type3;118560.0000;DATA;1611609306.941341
/ndn/v3-site/v3/C2Data-825-Type4;73546.0000;DATA;1611609307.013506
/ndn/h0-site/h0/C2Data-2-Type3;99127.0000;DATA;1611609310.285317
/ndn/h13-site/h13/C2Data-325-Type4;70785.0000;DATA;1611609310.651400
/ndn/h3-site/h3/C2Data-368-Type2;141842.0000;DATA;1611609313.257396
/ndn/v5-site/v5/C2Data-875-Type4;189804.0000;DATA;1611609313.443395
/ndn/h8-site/h8/C2Data-490-Type3;23983.0000;DATA;1611609316.168308
/ndn/v3-site/v3/C2Data-5813-Type1;69191.0000;DATA;1611609316.317400
/ndn/d4-site/d4/C2Data-1161-Type3;170428.0000;DATA;1611609316.885476
/ndn/h11-site/h11/C2Data-673-Type3;167019.0000;DATA;1611609317.608379
/ndn/s10-site/s10/C2Data-2442-Type3;6000206.0000;TIMEOUT;1611609311.913461
/ndn/d4-site/d4/C2Data-2304-Type1;164498.0000;DATA;1611609318.313341
/ndn/h10-site/h10/C2Data-612-Type3;103624.0000;DATA;1611609318.705420
/ndn/v10-site/v10/C2Data-6660-Type2;68937.0000;DATA;1611609318.799317
/ndn/s9-site/s9/C2Data-2381-Type3;6001015.0000;TIMEOUT;1611609312.962303
/ndn/s7-site/s7/C2Data-4482-Type2;6001854.0000;TIMEOUT;1611609314.483492
/ndn/h2-site/h2/C2Data-124-Type3;195890.0000;DATA;1611609320.340362
/ndn/v5-site/v5/C2Data-6055-Type2;192470.0000;DATA;1611609321.621513
/ndn/v8-site/v8/C2Data-6418-Type1;91963.0000;DATA;1611609322.659394
/ndn/h7-site/h7/C2Data-852-Type2;115844.0000;DATA;1611609323.203371
/ndn/d6-site/d6/C2Data-1283-Type3;71570.0000;DATA;1611609323.826339
/ndn/h5-site/h5/C2Data-610-Type2;24163.0000;DATA;1611609323.947329
/ndn/d13-site/d13/C2Data-3393-Type1;144476.0000;DATA;1611609323.980365
/ndn/v14-site/v14/C2Data-3601-Type3;47784.0000;DATA;1611609325.072476
/ndn/h14-site/h14/C2Data-856-Type3;141946.0000;DATA;1611609325.605044
/ndn/s4-site/s4/C2Data-4119-Type1;6000403.0000;TIMEOUT;1611609321.109637
/ndn/s13-site/s13/C2Data-2625-Type3;6000373.0000;TIMEOUT;1611609322.060315
/ndn/d1-site/d1/C2Data-978-Type3;169093.0000;DATA;1611609329.495300
/ndn/s0-site/s0/C2Data-3635-Type2;6000349.0000;TIMEOUT;1611609323.989373
/ndn/v8-site/v8/C2Data-6419-Type1;96942.0000;DATA;1611609343.239353
/ndn/h7-site/h7/C2Data-853-Type1;121223.0000;DATA;1611609343.402308
/ndn/h8-site/h8/C2Data-974-Type2;24384.0000;DATA;1611609343.879295
/ndn/h6-site/h6/C2Data-732-Type1;73440.0000;DATA;1611609344.645298
/ndn/d5-site/d5/C2Data-2426-Type1;48450.0000;DATA;1611609346.597681
/ndn/v5-site/v5/C2Data-6056-Type2;185896.0000;DATA;1611609346.571401
/ndn/v12-site/v12/C2Data-6903-Type1;168330.0000;DATA;1611609347.448397
/ndn/h5-site/h5/C2Data-611-Type2;23717.0000;DATA;1611609348.494389
/ndn/s11-site/s11/C2Data-4967-Type1;6002754.0000;TIMEOUT;1611609342.604420
/ndn/h2-site/h2/C2Data-248-Type1;191528.0000;DATA;1611609349.760317
/ndn/v14-site/v14/C2Data-7145-Type2;47853.0000;DATA;1611609350.231352
/ndn/v5-site/v5/C2Data-6056-Type1;200415.0000;DATA;1611609350.549572
/ndn/d7-site/d7/C2Data-2668-Type2;46584.0000;DATA;1611609351.556306
/ndn/v9-site/v9/C2Data-6540-Type2;96141.0000;DATA;1611609352.110392
/ndn/v6-site/v6/C2Data-6177-Type1;118491.0000;DATA;1611609353.529353
/ndn/h3-site/h3/C2Data-369-Type2;144021.0000;DATA;1611609353.558405
/ndn/s7-site/s7/C2Data-4483-Type2;6004818.0000;TIMEOUT;1611609348.568384
/ndn/h13-site/h13/C2Data-796-Type3;69482.0000;DATA;1611609367.205377
/ndn/s9-site/s9/C2Data-2382-Type3;6000228.0000;TIMEOUT;1611609366.436584
/ndn/v7-site/v7/C2Data-3175-Type3;140463.0000;DATA;1611609372.475345
/ndn/v12-site/v12/C2Data-3480-Type3;168149.0000;DATA;1611609373.373379
/ndn/h13-site/h13/C2Data-1580-Type2;75513.0000;DATA;1611609374.811339
/ndn/h2-site/h2/C2Data-249-Type2;194090.0000;DATA;1611609374.701395
/ndn/v6-site/v6/C2Data-3114-Type3;124648.0000;DATA;1611609375.650374
/ndn/s4-site/s4/C2Data-2077-Type3;6000646.0000;TIMEOUT;1611609369.894368
/ndn/v1-site/v1/C2Data-2809-Type3;168078.0000;DATA;1611609375.938309
/ndn/h3-site/h3/C2Data-370-Type2;140063.0000;DATA;1611609376.200331
/ndn/d9-site/d9/C2Data-2911-Type1;23907.0000;DATA;1611609377.544302
/ndn/s10-site/s10/C2Data-2443-Type3;6000334.0000;TIMEOUT;1611609371.869666
/ndn/h3-site/h3/C2Data-186-Type3;137676.0000;DATA;1611609377.812295
