/ndn/h12-site/h12/C2Data-1452-Type2;204021.0000;DATA;1611609744.392115
/ndn/s7-site/s7/C2Data-4477-Type2;117502.0000;DATA;1611609745.946109
/ndn/s0-site/s0/C2Data-3630-Type1;141190.0000;DATA;1611609746.019136
/ndn/s4-site/s4/C2Data-4114-Type1;194148.0000;DATA;1611609746.561129
/ndn/h9-site/h9/C2Data-1089-Type2;127051.0000;DATA;1611609746.655122
/ndn/h9-site/h9/C2Data-1089-Type1;71490.0000;DATA;1611609746.737122
/ndn/s10-site/s10/C2Data-4840-Type2;631.0000;DATA;1611609748.190124
/ndn/s14-site/s14/C2Data-5324-Type2;23666.0000;DATA;1611609750.004105
/ndn/s11-site/s11/C2Data-4961-Type2;41368.0000;NACK;1611609752.607111
/ndn/d14-site/d14/C2Data-3509-Type2;97684.0000;DATA;1611609753.273168
/ndn/h2-site/h2/C2Data-242-Type1;116557.0000;DATA;1611609754.681119
/ndn/h11-site/h11/C2Data-671-Type3;110678.0000;DATA;1611609767.905119
/ndn/h7-site/h7/C2Data-427-Type3;314072.0000;DATA;1611609768.593123
/ndn/v5-site/v5/C2Data-3050-Type3;117937.0000;DATA;1611609769.248121
/ndn/v0-site/v0/C2Data-5446-Type1;65499.0000;NACK;1611609773.884107
/ndn/d2-site/d2/C2Data-2058-Type1;601.0000;DATA;1611609777.646160
/ndn/h6-site/h6/C2Data-727-Type2;200328.0000;DATA;1611609779.739188
/ndn/v12-site/v12/C2Data-3477-Type3;26474.0000;DATA;1611609780.408145
/ndn/v6-site/v6/C2Data-3111-Type3;62489.0000;NACK;1611609780.576112
/ndn/v11-site/v11/C2Data-6777-Type2;70720.0000;DATA;1611609781.894190
/ndn/v14-site/v14/C2Data-7140-Type1;140865.0000;DATA;1611609782.724147
/ndn/h5-site/h5/C2Data-606-Type1;145564.0000;DATA;1611609782.922199
/ndn/h3-site/h3/C2Data-183-Type3;23533.0000;DATA;1611609787.660859
/ndn/d5-site/d5/C2Data-1220-Type3;52890.0000;DATA;1611609789.052119
/ndn/d9-site/d9/C2Data-1464-Type3;24370.0000;DATA;1611609790.330133
/ndn/s12-site/s12/C2Data-2562-Type3;144573.0000;DATA;1611609791.511154
/ndn/s14-site/s14/C2Data-5326-Type1;97375.0000;DATA;1611609804.181113
/ndn/v2-site/v2/C2Data-5689-Type1;97540.0000;DATA;1611609804.243182
/ndn/h11-site/h11/C2Data-1333-Type2;99160.0000;DATA;1611609804.472194
/ndn/h3-site/h3/C2Data-365-Type1;71243.0000;DATA;1611609804.636124
/ndn/v4-site/v4/C2Data-5931-Type2;123239.0000;DATA;1611609804.596157
/ndn/s6-site/s6/C2Data-4358-Type1;47973.0000;DATA;1611609804.780150
/ndn/v12-site/v12/C2Data-6899-Type1;94886.0000;DATA;1611609804.759175
/ndn/d10-site/d10/C2Data-3027-Type2;50741.0000;DATA;1611609806.288143
/ndn/s4-site/s4/C2Data-4116-Type1;195089.0000;DATA;1611609806.443190
/ndn/v13-site/v13/C2Data-7020-Type2;124128.0000;DATA;1611609807.006129
/ndn/s3-site/s3/C2Data-3995-Type2;116933.0000;DATA;1611609809.438147
/ndn/v8-site/v8/C2Data-6415-Type2;26660.0000;DATA;1611609811.208100
/ndn/d0-site/d0/C2Data-1817-Type1;24059.0000;DATA;1611609811.533203
/ndn/v12-site/v12/C2Data-6899-Type2;24371.0000;DATA;1611609815.228155
/ndn/h1-site/h1/C2Data-123-Type1;629.0000;DATA;1611609815.576158
/ndn/s9-site/s9/C2Data-2380-Type3;141709.0000;DATA;1611609828.028113
/ndn/v3-site/v3/C2Data-2929-Type3;154064.0000;DATA;1611609830.643828
/ndn/s6-site/s6/C2Data-2197-Type3;95060.0000;DATA;1611609830.904109
/ndn/v9-site/v9/C2Data-6537-Type1;215047.0000;DATA;1611609834.054235
/ndn/h13-site/h13/C2Data-1576-Type2;116346.0000;DATA;1611609834.788117
/ndn/d1-site/d1/C2Data-1939-Type1;635.0000;DATA;1611609835.271169
/ndn/h9-site/h9/C2Data-550-Type3;27535.0000;DATA;1611609836.086111
/ndn/s12-site/s12/C2Data-2563-Type3;116169.0000;DATA;1611609837.096165
/ndn/s13-site/s13/C2Data-5206-Type2;47386.0000;DATA;1611609837.935658
/ndn/d12-site/d12/C2Data-1648-Type3;23393.0000;DATA;1611609838.625184
/ndn/d2-site/d2/C2Data-425-Type4;23794.0000;DATA;1611609840.166172
/ndn/s1-site/s1/C2Data-1892-Type3;24252.0000;DATA;1611609840.681118
/ndn/h14-site/h14/C2Data-350-Type4;94925.0000;DATA;1611609842.498171
/ndn/d13-site/d13/C2Data-3391-Type2;77158.0000;DATA;1611609842.794114
/ndn/h2-site/h2/C2Data-123-Type3;96550.0000;DATA;1611609843.844104
/ndn/v7-site/v7/C2Data-6295-Type2;23772.0000;DATA;1611609843.979127
/ndn/v5-site/v5/C2Data-6053-Type2;23414.0000;DATA;1611609844.691152
/ndn/h13-site/h13/C2Data-325-Type4;100357.0000;DATA;1611609849.935126
/ndn/v2-site/v2/C2Data-2868-Type3;23295.0000;DATA;1611609850.304185
/ndn/h2-site/h2/C2Data-50-Type4;127317.0000;DATA;1611609855.764112
/ndn/d6-site/d6/C2Data-525-Type4;72470.0000;DATA;1611609860.788165
/ndn/v13-site/v13/C2Data-7022-Type1;120870.0000;DATA;1611609864.543723
/ndn/v8-site/v8/C2Data-6417-Type1;214203.0000;DATA;1611609865.149156
/ndn/s11-site/s11/C2Data-4965-Type1;146017.0000;DATA;1611609867.130140
/ndn/v1-site/v1/C2Data-5570-Type2;23510.0000;DATA;1611609869.318116
/ndn/v0-site/v0/C2Data-5449-Type1;24969.0000;DATA;1611609869.905152
/ndn/d12-site/d12/C2Data-3271-Type1;24747.0000;DATA;1611609870.264118
/ndn/v3-site/v3/C2Data-5812-Type1;23525.0000;DATA;1611609870.536169
/ndn/d0-site/d0/C2Data-1819-Type1;23453.0000;DATA;1611609870.679186
/ndn/v9-site/v9/C2Data-6538-Type2;24191.0000;DATA;1611609871.443101
/ndn/d3-site/d3/C2Data-2182-Type2;121309.0000;DATA;1611609871.487157
/ndn/h5-site/h5/C2Data-609-Type2;141351.0000;DATA;1611609871.852156
/ndn/v14-site/v14/C2Data-7143-Type1;149770.0000;DATA;1611609873.009145
/ndn/h4-site/h4/C2Data-488-Type2;26289.0000;DATA;1611609873.312115
/ndn/h9-site/h9/C2Data-1093-Type1;23819.0000;DATA;1611609874.594133
/ndn/v9-site/v9/C2Data-975-Type4;241932.0000;DATA;1611609876.077198
/ndn/h6-site/h6/C2Data-150-Type4;25634.0000;DATA;1611609887.073461
/ndn/s4-site/s4/C2Data-2076-Type3;187420.0000;DATA;1611609890.258148
/ndn/h1-site/h1/C2Data-25-Type4;629.0000;DATA;1611609892.106120
/ndn/v14-site/v14/C2Data-1100-Type4;46240.0000;DATA;1611609892.173115
/ndn/v4-site/v4/C2Data-2991-Type3;23595.0000;DATA;1611609892.835158
/ndn/h6-site/h6/C2Data-368-Type3;185056.0000;DATA;1611609893.961294
/ndn/s1-site/s1/C2Data-3756-Type2;125504.0000;DATA;1611609895.029139
/ndn/h12-site/h12/C2Data-1457-Type2;559.0000;DATA;1611609895.882155
/ndn/h9-site/h9/C2Data-1094-Type1;117776.0000;DATA;1611609896.218184
/ndn/d10-site/d10/C2Data-3030-Type1;143118.0000;DATA;1611609896.947149
/ndn/d13-site/d13/C2Data-3393-Type2;23394.0000;DATA;1611609897.312134
/ndn/s11-site/s11/C2Data-4966-Type2;241025.0000;DATA;1611609897.602237
/ndn/v3-site/v3/C2Data-5813-Type2;115022.0000;DATA;1611609898.490103
/ndn/h6-site/h6/C2Data-731-Type2;184049.0000;DATA;1611609899.222160
/ndn/v13-site/v13/C2Data-7023-Type2;72371.0000;DATA;1611609899.677112
/ndn/s10-site/s10/C2Data-4845-Type2;757.0000;DATA;1611609900.418107
/ndn/v9-site/v9/C2Data-3296-Type3;214342.0000;DATA;1611609900.403118
/ndn/h6-site/h6/C2Data-731-Type1;76659.0000;DATA;1611609902.012138
/ndn/h0-site/h0/C2Data-5-Type1;221600.0000;DATA;1611609902.627114
/ndn/v0-site/v0/C2Data-2747-Type3;23432.0000;DATA;1611609903.072125
/ndn/h12-site/h12/C2Data-734-Type3;660.0000;DATA;1611609904.199121
/ndn/v5-site/v5/C2Data-6056-Type1;118589.0000;DATA;1611609923.906101
/ndn/h4-site/h4/C2Data-490-Type2;187476.0000;DATA;1611609924.174170
/ndn/v11-site/v11/C2Data-6782-Type1;723.0000;DATA;1611609924.867319
/ndn/d9-site/d9/C2Data-2910-Type2;99231.0000;DATA;1611609926.615118
/ndn/d7-site/d7/C2Data-2668-Type2;72097.0000;DATA;1611609927.516112
/ndn/s2-site/s2/C2Data-3878-Type2;93364.0000;DATA;1611609928.017139
/ndn/s12-site/s12/C2Data-5088-Type2;141503.0000;DATA;1611609929.524117
/ndn/v7-site/v7/C2Data-6298-Type1;72335.0000;DATA;1611609931.255126
/ndn/s3-site/s3/C2Data-3999-Type1;147266.0000;DATA;1611609931.473169
/ndn/h9-site/h9/C2Data-1095-Type1;24336.0000;DATA;1611609931.761116
/ndn/h9-site/h9/C2Data-1095-Type2;24236.0000;DATA;1611609934.227114
/ndn/d7-site/d7/C2Data-2668-Type1;74898.0000;DATA;1611609935.027184
/ndn/h7-site/h7/C2Data-853-Type2;146147.0000;DATA;1611609935.008110
/ndn/d14-site/d14/C2Data-1772-Type3;98819.0000;DATA;1611609949.266199
/ndn/s10-site/s10/C2Data-2443-Type3;599.0000;DATA;1611609949.531134
/ndn/d4-site/d4/C2Data-1162-Type3;74122.0000;DATA;1611609953.353118
/ndn/s12-site/s12/C2Data-5089-Type1;241806.0000;DATA;1611609953.923113
/ndn/s7-site/s7/C2Data-2260-Type3;480.0000;DATA;1611609955.781162
/ndn/s7-site/s7/C2Data-4484-Type2;521.0000;DATA;1611609956.995184
/ndn/s3-site/s3/C2Data-4000-Type2;24847.0000;DATA;1611609958.353129
