/ndn/v10-site/v10/C2Data-6655-Type1;661.0000;NACK;1611603166.278820
/ndn/d5-site/d5/C2Data-2420-Type2;96841.0000;DATA;1611603166.757790
/ndn/h9-site/h9/C2Data-1089-Type1;99120.0000;DATA;1611603167.047790
/ndn/s0-site/s0/C2Data-3630-Type1;153902.0000;DATA;1611603167.110803
/ndn/d8-site/d8/C2Data-2783-Type1;122118.0000;DATA;1611603170.662879
/ndn/h5-site/h5/C2Data-605-Type2;69660.0000;DATA;1611603171.177812
/ndn/h0-site/h0/C2Data-0-Type1;142057.0000;DATA;1611603172.059993
/ndn/v4-site/v4/C2Data-5929-Type2;236666.0000;DATA;1611603172.608782
/ndn/s13-site/s13/C2Data-5203-Type2;195043.0000;DATA;1611603172.734750
/ndn/v12-site/v12/C2Data-6897-Type1;811.0000;NACK;1611603174.377785
/ndn/v11-site/v11/C2Data-6776-Type1;73918.0000;DATA;1611603175.757787
/ndn/d6-site/d6/C2Data-2541-Type1;164244.0000;DATA;1611603176.477839
/ndn/h13-site/h13/C2Data-1573-Type1;24800.0000;DATA;1611603177.051808
/ndn/h13-site/h13/C2Data-793-Type3;25040.0000;DATA;1611603194.397891
/ndn/v6-site/v6/C2Data-6172-Type2;49065.0000;DATA;1611603195.464812
/ndn/d10-site/d10/C2Data-1525-Type3;118830.0000;DATA;1611603195.399798
/ndn/d6-site/d6/C2Data-2542-Type1;166690.0000;DATA;1611603195.496785
/ndn/s1-site/s1/C2Data-3752-Type1;195161.0000;DATA;1611603195.659883
/ndn/h3-site/h3/C2Data-364-Type2;194866.0000;DATA;1611603195.862824
/ndn/h8-site/h8/C2Data-969-Type2;122725.0000;DATA;1611603198.259026
/ndn/v1-site/v1/C2Data-5567-Type2;216113.0000;DATA;1611603198.284826
/ndn/d5-site/d5/C2Data-1220-Type3;94733.0000;DATA;1611603199.241835
/ndn/h3-site/h3/C2Data-364-Type1;194960.0000;DATA;1611603199.860767
/ndn/d9-site/d9/C2Data-1464-Type3;121043.0000;DATA;1611603200.392819
/ndn/s14-site/s14/C2Data-5325-Type1;103921.0000;DATA;1611603200.848802
/ndn/s6-site/s6/C2Data-2196-Type3;189020.0000;DATA;1611603201.559834
/ndn/v12-site/v12/C2Data-3477-Type3;217307.0000;DATA;1611603201.926773
/ndn/h6-site/h6/C2Data-727-Type2;120200.0000;DATA;1611603202.807822
/ndn/d4-site/d4/C2Data-2300-Type1;93495.0000;DATA;1611603203.367856
/ndn/s12-site/s12/C2Data-5083-Type1;167774.0000;DATA;1611603203.583824
/ndn/s0-site/s0/C2Data-3631-Type2;138611.0000;DATA;1611603203.757756
/ndn/h8-site/h8/C2Data-488-Type3;115585.0000;DATA;1611603204.637763
/ndn/s7-site/s7/C2Data-4478-Type2;94831.0000;DATA;1611603205.011927
/ndn/d2-site/d2/C2Data-1037-Type3;96648.0000;DATA;1611603206.005777
/ndn/s11-site/s11/C2Data-2501-Type3;178085.0000;DATA;1611603206.333183
/ndn/s4-site/s4/C2Data-2074-Type3;95098.0000;DATA;1611603206.639615
/ndn/v14-site/v14/C2Data-3599-Type3;46546.0000;DATA;1611603206.781767
/ndn/s10-site/s10/C2Data-4841-Type1;74795.0000;DATA;1611603207.069768
/ndn/v2-site/v2/C2Data-2867-Type3;161698.0000;DATA;1611603209.557836
/ndn/s8-site/s8/C2Data-4600-Type1;29462.0000;DATA;1611603225.474742
/ndn/d0-site/d0/C2Data-1817-Type2;119999.0000;DATA;1611603225.969806
/ndn/v10-site/v10/C2Data-6657-Type1;176390.0000;DATA;1611603226.030731
/ndn/s2-site/s2/C2Data-3874-Type2;26325.0000;DATA;1611603230.956801
/ndn/s3-site/s3/C2Data-3995-Type1;180803.0000;DATA;1611603230.878778
/ndn/v12-site/v12/C2Data-6899-Type1;235938.0000;DATA;1611603230.930308
/ndn/s14-site/s14/C2Data-5326-Type2;94566.0000;DATA;1611603231.812780
/ndn/d13-site/d13/C2Data-3390-Type2;71073.0000;DATA;1611603233.798748
/ndn/v4-site/v4/C2Data-5931-Type1;237673.0000;DATA;1611603234.408889
/ndn/s5-site/s5/C2Data-4237-Type1;142098.0000;DATA;1611603235.088795
/ndn/h8-site/h8/C2Data-970-Type1;124012.0000;DATA;1611603235.515698
/ndn/h8-site/h8/C2Data-970-Type2;119449.0000;DATA;1611603236.724727
/ndn/s0-site/s0/C2Data-3632-Type2;6000282.0000;TIMEOUT;1611603232.282787
/ndn/v14-site/v14/C2Data-3600-Type3;48330.0000;DATA;1611603249.348259
/ndn/h9-site/h9/C2Data-550-Type3;98692.0000;DATA;1611603251.390821
/ndn/d1-site/d1/C2Data-977-Type3;71287.0000;DATA;1611603251.564873
/ndn/d9-site/d9/C2Data-1465-Type3;44747.0000;DATA;1611603252.492846
/ndn/d2-site/d2/C2Data-1038-Type3;107346.0000;DATA;1611603254.963800
/ndn/d4-site/d4/C2Data-2302-Type2;97044.0000;DATA;1611603256.392719
/ndn/h13-site/h13/C2Data-794-Type3;24461.0000;DATA;1611603257.351809
/ndn/v7-site/v7/C2Data-6295-Type1;191698.0000;DATA;1611603257.184843
/ndn/h11-site/h11/C2Data-1334-Type2;74332.0000;DATA;1611603258.032910
/ndn/s0-site/s0/C2Data-1831-Type3;6000424.0000;TIMEOUT;1611603253.247818
/ndn/h12-site/h12/C2Data-733-Type3;97262.0000;DATA;1611603259.752765
/ndn/v12-site/v12/C2Data-6900-Type1;222508.0000;DATA;1611603260.676762
/ndn/h12-site/h12/C2Data-1455-Type2;96514.0000;DATA;1611603260.819823
/ndn/d5-site/d5/C2Data-2423-Type2;101780.0000;DATA;1611603261.335414
/ndn/v8-site/v8/C2Data-950-Type4;149434.0000;DATA;1611603261.452820
/ndn/h12-site/h12/C2Data-1455-Type1;93496.0000;DATA;1611603261.928733
/ndn/d14-site/d14/C2Data-725-Type4;48040.0000;DATA;1611603262.717769
/ndn/v11-site/v11/C2Data-3417-Type3;71697.0000;DATA;1611603263.179762
/ndn/d5-site/d5/C2Data-1221-Type3;92572.0000;DATA;1611603264.061964
/ndn/h7-site/h7/C2Data-850-Type1;164141.0000;DATA;1611603264.359818
/ndn/v10-site/v10/C2Data-6658-Type2;169175.0000;DATA;1611603264.495841
/ndn/h0-site/h0/C2Data-3-Type2;144131.0000;DATA;1611603264.737845
/ndn/h12-site/h12/C2Data-300-Type4;92917.0000;DATA;1611603266.414925
/ndn/d13-site/d13/C2Data-1709-Type3;85579.0000;DATA;1611603267.427845
/ndn/v8-site/v8/C2Data-3234-Type3;154997.0000;DATA;1611603269.989860
/ndn/s3-site/s3/C2Data-3996-Type1;6000380.0000;TIMEOUT;1611603266.069731
/ndn/h3-site/h3/C2Data-75-Type4;197577.0000;DATA;1611603272.406724
/ndn/v5-site/v5/C2Data-3051-Type3;249275.0000;DATA;1611603272.784836
/ndn/v4-site/v4/C2Data-5933-Type2;236751.0000;DATA;1611603285.714785
/ndn/v2-site/v2/C2Data-5691-Type1;166637.0000;DATA;1611603287.566764
/ndn/h8-site/h8/C2Data-972-Type1;125226.0000;DATA;1611603288.678718
/ndn/v7-site/v7/C2Data-6296-Type2;192522.0000;DATA;1611603289.564719
/ndn/d7-site/d7/C2Data-2666-Type2;147855.0000;DATA;1611603289.759743
/ndn/h12-site/h12/C2Data-1456-Type2;96961.0000;DATA;1611603289.901751
/ndn/d3-site/d3/C2Data-2182-Type1;180908.0000;DATA;1611603291.026811
/ndn/h13-site/h13/C2Data-1577-Type1;23678.0000;DATA;1611603292.226709
/ndn/s3-site/s3/C2Data-3997-Type1;6001272.0000;TIMEOUT;1611603286.759762
/ndn/h0-site/h0/C2Data-4-Type1;145892.0000;DATA;1611603294.185768
/ndn/v1-site/v1/C2Data-775-Type4;215814.0000;DATA;1611603294.129774
/ndn/h12-site/h12/C2Data-1456-Type1;103300.0000;DATA;1611603294.516791
/ndn/v9-site/v9/C2Data-6538-Type1;142527.0000;DATA;1611603294.756838
/ndn/h0-site/h0/C2Data-4-Type2;144189.0000;DATA;1611603295.270802
/ndn/h5-site/h5/C2Data-125-Type4;74109.0000;DATA;1611603295.512882
/ndn/s7-site/s7/C2Data-4481-Type2;6000292.0000;TIMEOUT;1611603289.654847
/ndn/d2-site/d2/C2Data-2061-Type1;112994.0000;DATA;1611603295.870808
/ndn/s10-site/s10/C2Data-4844-Type1;6002901.0000;TIMEOUT;1611603296.462775
/ndn/v11-site/v11/C2Data-1025-Type4;84297.0000;DATA;1611603303.772793
/ndn/v2-site/v2/C2Data-800-Type4;236706.0000;DATA;1611603304.250490
/ndn/d12-site/d12/C2Data-675-Type4;214907.0000;DATA;1611603306.540796
/ndn/d2-site/d2/C2Data-425-Type4;117106.0000;DATA;1611603306.987754
/ndn/h8-site/h8/C2Data-200-Type4;119060.0000;DATA;1611603309.327394
/ndn/d4-site/d4/C2Data-1161-Type3;97154.0000;DATA;1611603311.654770
/ndn/h5-site/h5/C2Data-307-Type3;73291.0000;DATA;1611603312.775952
/ndn/v3-site/v3/C2Data-825-Type4;47586.0000;DATA;1611603314.375848
/ndn/d0-site/d0/C2Data-1820-Type1;121628.0000;DATA;1611603315.455794
/ndn/d2-site/d2/C2Data-2062-Type1;96959.0000;DATA;1611603316.025760
/ndn/h0-site/h0/C2Data-5-Type1;144691.0000;DATA;1611603318.208826
/ndn/v5-site/v5/C2Data-6055-Type2;238847.0000;DATA;1611603318.551859
/ndn/d14-site/d14/C2Data-3514-Type1;47608.0000;DATA;1611603318.778955
/ndn/h12-site/h12/C2Data-1457-Type1;93310.0000;DATA;1611603319.234886
/ndn/v9-site/v9/C2Data-6539-Type2;140892.0000;DATA;1611603319.305742
/ndn/v9-site/v9/C2Data-975-Type4;143960.0000;DATA;1611603319.484779
/ndn/s3-site/s3/C2Data-2015-Type3;6000374.0000;TIMEOUT;1611603314.608431
/ndn/d12-site/d12/C2Data-1649-Type3;145132.0000;DATA;1611603321.308742
/ndn/d12-site/d12/C2Data-3272-Type2;140027.0000;DATA;1611603321.340880
/ndn/v14-site/v14/C2Data-3601-Type3;46834.0000;DATA;1611603324.248729
/ndn/d3-site/d3/C2Data-2183-Type1;169578.0000;DATA;1611603324.665876
/ndn/v5-site/v5/C2Data-6055-Type1;242803.0000;DATA;1611603325.179813
/ndn/v2-site/v2/C2Data-5692-Type1;164244.0000;DATA;1611603325.422823
/ndn/h9-site/h9/C2Data-551-Type3;95076.0000;DATA;1611603325.671806
/ndn/s8-site/s8/C2Data-4603-Type1;6000386.0000;TIMEOUT;1611603321.989740
/ndn/s0-site/s0/C2Data-3635-Type1;6000813.0000;TIMEOUT;1611603322.238818
/ndn/s10-site/s10/C2Data-2442-Type3;6002395.0000;TIMEOUT;1611603328.248470
/ndn/s5-site/s5/C2Data-2137-Type3;6017697.0000;TIMEOUT;1611603329.672821
/ndn/s12-site/s12/C2Data-2564-Type3;6000272.0000;TIMEOUT;1611603331.096732
/ndn/h12-site/h12/C2Data-1458-Type2;74555.0000;DATA;1611603345.355782
/ndn/v7-site/v7/C2Data-6298-Type1;192926.0000;DATA;1611603346.294870
/ndn/v0-site/v0/C2Data-5451-Type1;120280.0000;DATA;1611603348.746825
/ndn/h9-site/h9/C2Data-1095-Type1;100767.0000;DATA;1611603351.637788
/ndn/d3-site/d3/C2Data-2184-Type1;170671.0000;DATA;1611603351.752768
/ndn/h4-site/h4/C2Data-490-Type1;116061.0000;DATA;1611603352.312820
/ndn/s5-site/s5/C2Data-4241-Type2;6000321.0000;TIMEOUT;1611603346.727798
/ndn/v9-site/v9/C2Data-6540-Type1;143728.0000;DATA;1611603353.113320
/ndn/v6-site/v6/C2Data-6177-Type2;50041.0000;DATA;1611603355.412768
/ndn/s13-site/s13/C2Data-5209-Type1;6001699.0000;TIMEOUT;1611603350.155825
/ndn/v3-site/v3/C2Data-5814-Type2;49402.0000;DATA;1611603356.640711
/ndn/s6-site/s6/C2Data-4362-Type2;6001140.0000;TIMEOUT;1611603352.836775
/ndn/s7-site/s7/C2Data-4483-Type1;6000247.0000;TIMEOUT;1611603355.899852
/ndn/v6-site/v6/C2Data-3114-Type3;50853.0000;DATA;1611603370.367778
/ndn/v8-site/v8/C2Data-3236-Type3;143251.0000;DATA;1611603374.760925
/ndn/v11-site/v11/C2Data-3419-Type3;72560.0000;DATA;1611603375.389896
/ndn/v3-site/v3/C2Data-5815-Type2;49793.0000;DATA;1611603375.445888
/ndn/v11-site/v11/C2Data-6783-Type2;73155.0000;DATA;1611603375.517752
/ndn/d1-site/d1/C2Data-979-Type3;72185.0000;DATA;1611603378.825909
/ndn/d10-site/d10/C2Data-3032-Type2;116780.0000;DATA;1611603379.787875
/ndn/h13-site/h13/C2Data-1580-Type2;24154.0000;DATA;1611603381.174957
/ndn/s14-site/s14/C2Data-5331-Type1;6000412.0000;TIMEOUT;1611603375.325880
