/ndn/h9-site/h9/C2Data-1089-Type1;29137.0000;DATA;1612714527.293908
/ndn/s1-site/s1/C2Data-2541-Type2;53252.0000;DATA;1612714527.524276
/ndn/v5-site/v5/C2Data-4235-Type2;1000.0000;NACK;1612714528.215015
/ndn/h3-site/h3/C2Data-363-Type2;25480.0000;DATA;1612714529.075976
/ndn/h9-site/h9/C2Data-1089-Type2;112467.0000;DATA;1612714529.572195
/ndn/d6-site/d6/C2Data-1936-Type1;98023.0000;DATA;1612714533.562131
/ndn/s7-site/s7/C2Data-3267-Type2;121980.0000;DATA;1612714533.653042
/ndn/d5-site/d5/C2Data-1815-Type2;186420.0000;DATA;1612714533.741149
/ndn/h7-site/h7/C2Data-427-Type3;145900.0000;DATA;1612714549.899602
/ndn/s9-site/s9/C2Data-1769-Type3;52559.0000;DATA;1612714553.062455
/ndn/v9-site/v9/C2Data-2379-Type3;154297.0000;DATA;1612714553.269833
/ndn/h3-site/h3/C2Data-183-Type3;49581.0000;DATA;1612714553.442970
/ndn/s7-site/s7/C2Data-1647-Type3;140547.0000;DATA;1612714553.802289
/ndn/d6-site/d6/C2Data-1937-Type2;179603.0000;DATA;1612714556.110534
/ndn/d9-site/d9/C2Data-1159-Type3;175638.0000;DATA;1612714556.114982
/ndn/d5-site/d5/C2Data-1816-Type2;24632.0000;DATA;1612714558.974725
/ndn/v2-site/v2/C2Data-3873-Type1;76409.0000;DATA;1612714559.671941
/ndn/v1-site/v1/C2Data-3752-Type2;101621.0000;DATA;1612714560.619033
/ndn/d2-site/d2/C2Data-1453-Type2;183253.0000;DATA;1612714561.895038
/ndn/s3-site/s3/C2Data-2784-Type1;130948.0000;DATA;1612714563.247570
/ndn/d6-site/d6/C2Data-976-Type3;58855.0000;DATA;1612714563.900043
/ndn/d7-site/d7/C2Data-1037-Type3;72552.0000;DATA;1612714563.995095
/ndn/s0-site/s0/C2Data-1220-Type3;25362.0000;DATA;1612714564.742195
/ndn/s0-site/s0/C2Data-2421-Type1;25042.0000;DATA;1612714564.979351
/ndn/d7-site/d7/C2Data-2058-Type1;99228.0000;DATA;1612714565.471070
/ndn/s4-site/s4/C2Data-1464-Type3;33646.0000;DATA;1612714567.131581
/ndn/h9-site/h9/C2Data-549-Type3;35928.0000;DATA;1612714567.387187
/ndn/h0-site/h0/C2Data-0-Type3;88338.0000;DATA;1612714567.391250
/ndn/v7-site/v7/C2Data-2257-Type3;102369.0000;DATA;1612714568.026688
/ndn/v5-site/v5/C2Data-2135-Type3;53398.0000;DATA;1612714569.136870
/ndn/d6-site/d6/C2Data-1938-Type1;196014.0000;DATA;1612714588.589951
/ndn/s6-site/s6/C2Data-3148-Type2;189881.0000;DATA;1612714589.741208
/ndn/v2-site/v2/C2Data-3874-Type1;79897.0000;DATA;1612714594.312112
/ndn/h1-site/h1/C2Data-123-Type2;54445.0000;DATA;1612714595.770310
/ndn/s2-site/s2/C2Data-1343-Type3;50310.0000;DATA;1612714614.763529
/ndn/s7-site/s7/C2Data-3270-Type2;102494.0000;DATA;1612714615.867334
/ndn/d5-site/d5/C2Data-916-Type3;174513.0000;DATA;1612714615.817324
/ndn/d2-site/d2/C2Data-733-Type3;172922.0000;DATA;1612714615.882519
/ndn/s5-site/s5/C2Data-3028-Type1;25671.0000;DATA;1612714617.184069
/ndn/v7-site/v7/C2Data-4480-Type2;170403.0000;DATA;1612714617.907729
/ndn/s6-site/s6/C2Data-3149-Type2;190572.0000;DATA;1612714618.670657
/ndn/d8-site/d8/C2Data-2181-Type1;104103.0000;DATA;1612714618.911644
/ndn/s4-site/s4/C2Data-2907-Type1;26167.0000;DATA;1612714620.247217
/ndn/d9-site/d9/C2Data-1160-Type3;172139.0000;DATA;1612714620.752711
/ndn/h3-site/h3/C2Data-75-Type4;49322.0000;DATA;1612714623.255857
/ndn/s1-site/s1/C2Data-1282-Type3;55396.0000;DATA;1612714623.472139
/ndn/h1-site/h1/C2Data-124-Type1;51747.0000;DATA;1612714624.274961
/ndn/s8-site/s8/C2Data-3391-Type1;26118.0000;DATA;1612714624.734121
/ndn/v5-site/v5/C2Data-2136-Type3;105142.0000;DATA;1612714624.711164
/ndn/v4-site/v4/C2Data-4117-Type2;55691.0000;DATA;1612714625.759050
/ndn/h0-site/h0/C2Data-1-Type3;78793.0000;DATA;1612714628.495020
/ndn/s8-site/s8/C2Data-1709-Type3;29413.0000;DATA;1612714629.319408
/ndn/v7-site/v7/C2Data-2258-Type3;51345.0000;DATA;1612714631.960975
/ndn/v3-site/v3/C2Data-575-Type4;190101.0000;DATA;1612714631.891672
/ndn/d8-site/d8/C2Data-2182-Type1;127914.0000;DATA;1612714647.087996
/ndn/v7-site/v7/C2Data-4481-Type1;180653.0000;DATA;1612714648.146211
/ndn/v8-site/v8/C2Data-700-Type4;50394.0000;DATA;1612714648.485014
/ndn/v2-site/v2/C2Data-3876-Type2;72080.0000;DATA;1612714648.982199
/ndn/s6-site/s6/C2Data-3150-Type1;176638.0000;DATA;1612714649.294091
/ndn/h6-site/h6/C2Data-730-Type2;152767.0000;DATA;1612714649.811068
/ndn/h5-site/h5/C2Data-609-Type1;101561.0000;DATA;1612714649.854711
/ndn/h8-site/h8/C2Data-972-Type1;101073.0000;DATA;1612714651.986319
/ndn/s8-site/s8/C2Data-3392-Type1;25811.0000;DATA;1612714652.822366
/ndn/v4-site/v4/C2Data-4118-Type2;131024.0000;DATA;1612714653.200583
/ndn/s9-site/s9/C2Data-3513-Type1;53348.0000;DATA;1612714654.581840
/ndn/v0-site/v0/C2Data-3634-Type1;132204.0000;DATA;1612714655.069987
/ndn/s8-site/s8/C2Data-3392-Type2;34145.0000;DATA;1612714656.752773
/ndn/d6-site/d6/C2Data-400-Type4;175629.0000;DATA;1612714658.104917
/ndn/d5-site/d5/C2Data-375-Type4;177082.0000;DATA;1612714666.162065
/ndn/v3-site/v3/C2Data-2015-Type3;174697.0000;DATA;1612714669.555070
/ndn/h4-site/h4/C2Data-246-Type3;107728.0000;DATA;1612714671.448367
/ndn/v9-site/v9/C2Data-2381-Type3;170902.0000;DATA;1612714673.086107
/ndn/d0-site/d0/C2Data-1215-Type2;143074.0000;DATA;1612714676.361037
/ndn/d5-site/d5/C2Data-1820-Type1;196591.0000;DATA;1612714676.789754
/ndn/s4-site/s4/C2Data-2909-Type1;25844.0000;DATA;1612714678.716656
/ndn/h4-site/h4/C2Data-489-Type1;49835.0000;DATA;1612714679.418996
/ndn/s4-site/s4/C2Data-2909-Type2;48619.0000;DATA;1612714679.612524
/ndn/s6-site/s6/C2Data-3151-Type1;170773.0000;DATA;1612714679.886438
/ndn/v4-site/v4/C2Data-4119-Type1;132722.0000;DATA;1612714681.889426
/ndn/h6-site/h6/C2Data-731-Type1;150993.0000;DATA;1612714682.031889
/ndn/h1-site/h1/C2Data-126-Type2;96192.0000;DATA;1612714685.407283
/ndn/v1-site/v1/C2Data-1893-Type3;75128.0000;DATA;1612714685.481769
/ndn/s7-site/s7/C2Data-1649-Type3;55401.0000;DATA;1612714685.894353
/ndn/v7-site/v7/C2Data-2259-Type3;63853.0000;DATA;1612714687.286418
/ndn/s3-site/s3/C2Data-1405-Type3;214670.0000;DATA;1612714687.374402
/ndn/h3-site/h3/C2Data-185-Type3;27826.0000;DATA;1612714689.391980
/ndn/s3-site/s3/C2Data-2789-Type2;61225.0000;DATA;1612714705.441209
/ndn/s1-site/s1/C2Data-2547-Type2;97185.0000;DATA;1612714705.392933
/ndn/d2-site/d2/C2Data-1458-Type2;170325.0000;DATA;1612714705.820335
/ndn/s8-site/s8/C2Data-3394-Type1;38603.0000;DATA;1612714706.516057
/ndn/v2-site/v2/C2Data-3878-Type2;83138.0000;DATA;1612714707.229014
/ndn/s6-site/s6/C2Data-3152-Type2;171812.0000;DATA;1612714709.957981
/ndn/v3-site/v3/C2Data-3999-Type1;197104.0000;DATA;1612714709.985503
/ndn/s6-site/s6/C2Data-3152-Type1;173977.0000;DATA;1612714710.985689
/ndn/d4-site/d4/C2Data-1700-Type1;145702.0000;DATA;1612714712.957268
/ndn/v6-site/v6/C2Data-4362-Type2;47793.0000;DATA;1612714716.085649
/ndn/v2-site/v2/C2Data-1955-Type3;80031.0000;DATA;1612714729.061772
/ndn/v8-site/v8/C2Data-2321-Type3;78643.0000;DATA;1612714734.238748
/ndn/v0-site/v0/C2Data-3637-Type2;130741.0000;DATA;1612714734.991920
/ndn/s9-site/s9/C2Data-3516-Type2;56984.0000;DATA;1612714735.954815
/ndn/v9-site/v9/C2Data-2382-Type3;152335.0000;DATA;1612714736.380716
/ndn/d2-site/d2/C2Data-1459-Type1;174662.0000;DATA;1612714738.491842
/ndn/v3-site/v3/C2Data-2016-Type3;52720.0000;DATA;1612714739.802344
/ndn/h9-site/h9/C2Data-1096-Type2;97606.0000;DATA;1612714739.847005
/ndn/d4-site/d4/C2Data-1701-Type2;50473.0000;DATA;1612714740.104993
/ndn/v7-site/v7/C2Data-4484-Type2;48899.0000;DATA;1612714740.195744
/ndn/h8-site/h8/C2Data-491-Type3;105473.0000;DATA;1612714740.635337
/ndn/h5-site/h5/C2Data-612-Type2;99732.0000;DATA;1612714741.425519
/ndn/s1-site/s1/C2Data-1284-Type3;48630.0000;DATA;1612714741.765634
/ndn/s3-site/s3/C2Data-2790-Type1;135370.0000;DATA;1612714742.435054
/ndn/h5-site/h5/C2Data-612-Type1;102872.0000;DATA;1612714744.968411
/ndn/h1-site/h1/C2Data-64-Type3;51821.0000;DATA;1612714746.063647
/ndn/s5-site/s5/C2Data-1528-Type3;1496.0000;DATA;1612714749.879303
/ndn/d9-site/d9/C2Data-2307-Type2;188655.0000;DATA;1612714765.833126
/ndn/v5-site/v5/C2Data-4243-Type2;125443.0000;DATA;1612714768.505404
/ndn/s2-site/s2/C2Data-2670-Type1;51561.0000;DATA;1612714769.669018
/ndn/d6-site/d6/C2Data-1944-Type2;198009.0000;DATA;1612714770.496693
/ndn/s8-site/s8/C2Data-3396-Type2;27039.0000;DATA;1612714770.739094
/ndn/h5-site/h5/C2Data-613-Type2;103383.0000;DATA;1612714770.877972
/ndn/d0-site/d0/C2Data-1218-Type1;163117.0000;DATA;1612714771.118782
/ndn/d1-site/d1/C2Data-1339-Type2;54421.0000;DATA;1612714771.918806
/ndn/s3-site/s3/C2Data-2791-Type2;118915.0000;DATA;1612714772.687427
/ndn/s0-site/s0/C2Data-2428-Type1;29671.0000;DATA;1612714773.379384
/ndn/d7-site/d7/C2Data-2065-Type1;98983.0000;DATA;1612714773.400700
/ndn/h3-site/h3/C2Data-371-Type2;54918.0000;DATA;1612714773.527355
/ndn/s0-site/s0/C2Data-2428-Type2;25851.0000;DATA;1612714774.012091
/ndn/v0-site/v0/C2Data-260-Type5;160125.0000;DATA;1612714774.830309
/ndn/v4-site/v4/C2Data-4122-Type1;141603.0000;DATA;1612714775.637529
/ndn/v1-site/v1/C2Data-3759-Type1;52941.0000;DATA;1612714775.838153
/ndn/h5-site/h5/C2Data-126-Type4;50619.0000;DATA;1612714777.159905
/ndn/h7-site/h7/C2Data-176-Type4;115637.0000;DATA;1612714787.190551
/ndn/v8-site/v8/C2Data-701-Type4;74163.0000;DATA;1612714791.745058
/ndn/d9-site/d9/C2Data-476-Type4;74875.0000;DATA;1612714791.837960
/ndn/v6-site/v6/C2Data-651-Type4;53301.0000;DATA;1612714793.757951
/ndn/v9-site/v9/C2Data-4728-Type2;161244.0000;DATA;1612714794.923398
/ndn/s6-site/s6/C2Data-3155-Type1;188004.0000;DATA;1612714794.928078
/ndn/s2-site/s2/C2Data-2671-Type2;64625.0000;DATA;1612714795.936393
/ndn/v3-site/v3/C2Data-576-Type4;174207.0000;DATA;1612714796.006353
/ndn/d5-site/d5/C2Data-1824-Type2;154722.0000;DATA;1612714797.780500
/ndn/d4-site/d4/C2Data-351-Type4;125644.0000;DATA;1612714800.131649
/ndn/s5-site/s5/C2Data-1529-Type3;1694.0000;DATA;1612714800.684417
/ndn/h5-site/h5/C2Data-309-Type3;49302.0000;DATA;1612714801.468654
/ndn/d6-site/d6/C2Data-1945-Type2;101420.0000;DATA;1612714802.504360
/ndn/d5-site/d5/C2Data-919-Type3;39579.0000;DATA;1612714803.023046
/ndn/d7-site/d7/C2Data-1041-Type3;28703.0000;DATA;1612714804.611122
/ndn/v5-site/v5/C2Data-2139-Type3;97067.0000;DATA;1612714804.711220
/ndn/d0-site/d0/C2Data-614-Type3;121836.0000;DATA;1612714805.247684
/ndn/d8-site/d8/C2Data-2187-Type2;24890.0000;DATA;1612714805.700092
/ndn/v5-site/v5/C2Data-325-Type5;49561.0000;DATA;1612714806.084464
/ndn/s6-site/s6/C2Data-1590-Type3;175989.0000;DATA;1612714806.497620
/ndn/v8-site/v8/C2Data-2322-Type3;59405.0000;DATA;1612714812.190576
/ndn/d8-site/d8/C2Data-451-Type4;24997.0000;DATA;1612714819.400647
/ndn/d2-site/d2/C2Data-1462-Type2;205477.0000;DATA;1612714826.805528
/ndn/d6-site/d6/C2Data-1946-Type2;211396.0000;DATA;1612714828.196052
/ndn/s5-site/s5/C2Data-3035-Type1;23762.0000;DATA;1612714828.866001
/ndn/h0-site/h0/C2Data-1-Type4;117367.0000;DATA;1612714830.210850
/ndn/d5-site/d5/C2Data-1825-Type2;61381.0000;DATA;1612714831.696528
/ndn/s7-site/s7/C2Data-3277-Type2;132957.0000;DATA;1612714832.872619
/ndn/h4-site/h4/C2Data-494-Type2;104068.0000;DATA;1612714833.651791
/ndn/v9-site/v9/C2Data-4729-Type2;155590.0000;DATA;1612714834.085711
/ndn/s5-site/s5/C2Data-3035-Type2;918.0000;DATA;1612714835.264980
/ndn/d7-site/d7/C2Data-2067-Type1;76208.0000;DATA;1612714836.532651
/ndn/d4-site/d4/C2Data-1704-Type1;168184.0000;DATA;1612714836.477301
/ndn/d0-site/d0/C2Data-615-Type3;52904.0000;DATA;1612714850.748761
/ndn/h4-site/h4/C2Data-495-Type2;139950.0000;DATA;1612714855.859680
/ndn/d2-site/d2/C2Data-737-Type3;68352.0000;DATA;1612714855.998907
/ndn/v1-site/v1/C2Data-3762-Type1;100400.0000;DATA;1612714857.145275
/ndn/d3-site/d3/C2Data-1584-Type1;98906.0000;DATA;1612714859.017484
/ndn/v8-site/v8/C2Data-4609-Type1;80642.0000;DATA;1612714859.230541
/ndn/d5-site/d5/C2Data-1826-Type1;180836.0000;DATA;1612714859.759754
/ndn/s5-site/s5/C2Data-3036-Type2;898.0000;DATA;1612714861.418826
/ndn/h7-site/h7/C2Data-858-Type2;104957.0000;DATA;1612714861.780082
/ndn/s5-site/s5/C2Data-3036-Type1;1567.0000;DATA;1612714862.359972
/ndn/d9-site/d9/C2Data-2310-Type2;174636.0000;DATA;1612714862.948789
/ndn/h5-site/h5/C2Data-616-Type2;50564.0000;DATA;1612714863.520002
/ndn/s5-site/s5/C2Data-3037-Type2;28762.0000;DATA;1612714885.461390
/ndn/v3-site/v3/C2Data-4005-Type2;200574.0000;DATA;1612714885.781848
/ndn/d8-site/d8/C2Data-2190-Type1;151619.0000;DATA;1612714887.253181
/ndn/v5-site/v5/C2Data-4247-Type1;103065.0000;DATA;1612714887.470409
/ndn/d4-site/d4/C2Data-1706-Type2;142562.0000;DATA;1612714889.676964
/ndn/h7-site/h7/C2Data-859-Type2;47821.0000;DATA;1612714890.312675
/ndn/h6-site/h6/C2Data-738-Type2;73611.0000;DATA;1612714891.457654
/ndn/v7-site/v7/C2Data-4489-Type1;120845.0000;DATA;1612714891.433070
/ndn/d2-site/d2/C2Data-1464-Type1;169523.0000;DATA;1612714891.758359
/ndn/h7-site/h7/C2Data-859-Type1;48889.0000;DATA;1612714894.000227
/ndn/s9-site/s9/C2Data-3521-Type1;6003496.0000;TIMEOUT;1612714888.080801
/ndn/s1-site/s1/C2Data-2553-Type2;63808.0000;DATA;1612714894.137221
/ndn/v4-site/v4/C2Data-4126-Type2;52070.0000;DATA;1612714895.482046
/ndn/s9-site/s9/C2Data-3521-Type2;52526.0000;DATA;1612714896.108977
/ndn/v6-site/v6/C2Data-4368-Type2;52584.0000;DATA;1612714896.643011
/ndn/s6-site/s6/C2Data-3158-Type1;6004649.0000;TIMEOUT;1612714895.635985
/ndn/v0-site/v0/C2Data-1836-Type3;53102.0000;DATA;1612714915.223712
/ndn/v2-site/v2/C2Data-1958-Type3;28894.0000;DATA;1612714916.652285
/ndn/h0-site/h0/C2Data-6-Type3;158812.0000;DATA;1612714917.017937
/ndn/d5-site/d5/C2Data-1828-Type1;154106.0000;DATA;1612714919.051266
/ndn/d0-site/d0/C2Data-1223-Type2;167814.0000;DATA;1612714919.906437
/ndn/h6-site/h6/C2Data-739-Type1;143220.0000;DATA;1612714924.737771
/ndn/v9-site/v9/C2Data-2385-Type3;24068.0000;DATA;1612714925.090918
/ndn/s1-site/s1/C2Data-2554-Type2;6001693.0000;TIMEOUT;1612714919.643993
/ndn/s5-site/s5/C2Data-3038-Type2;6000448.0000;TIMEOUT;1612714920.322335
/ndn/v7-site/v7/C2Data-2263-Type3;64791.0000;DATA;1612714929.215192
/ndn/h1-site/h1/C2Data-67-Type3;60005.0000;DATA;1612714931.406265
/ndn/s9-site/s9/C2Data-1775-Type3;6001484.0000;TIMEOUT;1612714925.583014
/ndn/v1-site/v1/C2Data-1897-Type3;55089.0000;DATA;1612714932.279811
/ndn/d5-site/d5/C2Data-377-Type4;26790.0000;DATA;1612714935.188748
/ndn/d1-site/d1/C2Data-277-Type4;27147.0000;DATA;1612714940.370912
/ndn/v5-site/v5/C2Data-627-Type4;64248.0000;DATA;1612714942.082511
/ndn/v2-site/v2/C2Data-3886-Type1;78700.0000;DATA;1612714947.434959
/ndn/h1-site/h1/C2Data-135-Type2;125317.0000;DATA;1612714948.737019
/ndn/h4-site/h4/C2Data-498-Type1;101100.0000;DATA;1612714949.067311
/ndn/h0-site/h0/C2Data-14-Type1;114524.0000;DATA;1612714954.393797
/ndn/s9-site/s9/C2Data-3523-Type2;6001712.0000;TIMEOUT;1612714949.650400
/ndn/h3-site/h3/C2Data-377-Type2;28006.0000;DATA;1612714955.852082
/ndn/v8-site/v8/C2Data-2325-Type3;78684.0000;DATA;1612714969.311591
/ndn/h8-site/h8/C2Data-495-Type3;155413.0000;DATA;1612714970.093448
/ndn/h7-site/h7/C2Data-177-Type4;50937.0000;DATA;1612714971.275101
/ndn/d8-site/d8/C2Data-452-Type4;29765.0000;DATA;1612714972.089650
/ndn/h3-site/h3/C2Data-190-Type3;28971.0000;DATA;1612714974.079019
/ndn/h4-site/h4/C2Data-499-Type1;107708.0000;DATA;1612714974.990788
/ndn/v5-site/v5/C2Data-4250-Type2;156640.0000;DATA;1612714976.271583
/ndn/d9-site/d9/C2Data-477-Type4;50120.0000;DATA;1612714977.595886
/ndn/v5-site/v5/C2Data-2142-Type3;50485.0000;DATA;1612714977.515344
/ndn/v3-site/v3/C2Data-577-Type4;73507.0000;DATA;1612714977.740721
/ndn/v7-site/v7/C2Data-4492-Type1;181335.0000;DATA;1612714977.543647
/ndn/v0-site/v0/C2Data-3645-Type1;125361.0000;DATA;1612714977.776543
/ndn/v1-site/v1/C2Data-3766-Type1;97617.0000;DATA;1612714977.994259
/ndn/v3-site/v3/C2Data-4008-Type2;78001.0000;DATA;1612714978.136747
/ndn/s0-site/s0/C2Data-2435-Type2;6001555.0000;TIMEOUT;1612714976.139679
/ndn/v6-site/v6/C2Data-2203-Type3;58611.0000;DATA;1612714982.302215
/ndn/v8-site/v8/C2Data-4613-Type2;85919.0000;DATA;1612714986.196078
/ndn/v7-site/v7/C2Data-2264-Type3;52650.0000;DATA;1612714988.803081
/ndn/s7-site/s7/C2Data-1654-Type3;6011751.0000;TIMEOUT;1612714982.971632
/ndn/v2-site/v2/C2Data-154-Type6;97576.0000;DATA;1612714994.171976
/ndn/v6-site/v6/C2Data-4372-Type2;70578.0000;DATA;1612715006.189222
/ndn/v9-site/v9/C2Data-4735-Type2;100564.0000;DATA;1612715008.696137
/ndn/d5-site/d5/C2Data-1831-Type2;49382.0000;DATA;1612715012.946287
/ndn/h5-site/h5/C2Data-621-Type1;121116.0000;DATA;1612715013.390591
/ndn/v8-site/v8/C2Data-4614-Type1;88957.0000;DATA;1612715013.685990
/ndn/h4-site/h4/C2Data-500-Type2;105495.0000;DATA;1612715014.916478
/ndn/s1-site/s1/C2Data-2557-Type1;6000747.0000;TIMEOUT;1612715010.703006
/ndn/d3-site/d3/C2Data-91-Type6;101311.0000;DATA;1612715025.853279
/ndn/h0-site/h0/C2Data-8-Type3;182576.0000;DATA;1612715029.735006
/ndn/v9-site/v9/C2Data-2387-Type3;144720.0000;DATA;1612715030.169163
/ndn/v4-site/v4/C2Data-2082-Type3;58177.0000;DATA;1612715035.903704
/ndn/d1-site/d1/C2Data-1348-Type1;57717.0000;DATA;1612715036.115951
/ndn/v9-site/v9/C2Data-4736-Type2;152260.0000;DATA;1612715037.138992
/ndn/s5-site/s5/C2Data-3042-Type1;6000526.0000;TIMEOUT;1612715035.044975
/ndn/h8-site/h8/C2Data-496-Type3;50148.0000;DATA;1612715041.717113
/ndn/h5-site/h5/C2Data-66-Type5;98484.0000;DATA;1612715042.038756
/ndn/d6-site/d6/C2Data-1953-Type1;163145.0000;DATA;1612715042.960589
/ndn/h1-site/h1/C2Data-138-Type1;99171.0000;DATA;1612715044.258612
/ndn/d4-site/d4/C2Data-98-Type6;51936.0000;DATA;1612715044.747740
/ndn/v4-site/v4/C2Data-4131-Type2;49205.0000;DATA;1612715045.120217
/ndn/v7-site/v7/C2Data-352-Type5;180042.0000;DATA;1612715046.719529
/ndn/h4-site/h4/C2Data-53-Type5;102514.0000;DATA;1612715049.697106
/ndn/s1-site/s1/C2Data-2558-Type2;6001514.0000;TIMEOUT;1612715045.444560
/ndn/s4-site/s4/C2Data-1472-Type3;6009097.0000;TIMEOUT;1612715046.583484
/ndn/s1-site/s1/C2Data-1289-Type3;6000652.0000;TIMEOUT;1612715046.647499
/ndn/s7-site/s7/C2Data-1655-Type3;6002442.0000;TIMEOUT;1612715047.623531
/ndn/d8-site/d8/C2Data-2196-Type1;126784.0000;DATA;1612715065.440817
/ndn/v1-site/v1/C2Data-3769-Type1;103875.0000;DATA;1612715066.684156
/ndn/h1-site/h1/C2Data-139-Type2;63333.0000;DATA;1612715067.388548
/ndn/s5-site/s5/C2Data-3043-Type2;6002151.0000;TIMEOUT;1612715065.612865
/ndn/d2-site/d2/C2Data-1470-Type2;226150.0000;DATA;1612715072.911813
/ndn/v9-site/v9/C2Data-4737-Type2;26558.0000;DATA;1612715074.263726
/ndn/h6-site/h6/C2Data-744-Type2;51615.0000;DATA;1612715075.673606
/ndn/h4-site/h4/C2Data-103-Type4;123467.0000;DATA;1612715083.611570
/ndn/v8-site/v8/C2Data-196-Type6;62159.0000;DATA;1612715095.848537
/ndn/h1-site/h1/C2Data-14-Type5;56141.0000;DATA;1612715095.948706
/ndn/h5-site/h5/C2Data-624-Type2;97824.0000;DATA;1612715096.738054
/ndn/d6-site/d6/C2Data-1955-Type1;110036.0000;DATA;1612715097.543375
/ndn/d3-site/d3/C2Data-1592-Type2;49290.0000;DATA;1612715098.066100
/ndn/d8-site/d8/C2Data-2197-Type2;136606.0000;DATA;1612715098.153007
/ndn/v6-site/v6/C2Data-4375-Type1;49136.0000;DATA;1612715099.381142
