/ndn/h9-site/h9/C2Data-1089-Type1;100214.0000;DATA;1612716192.056184
/ndn/s1-site/s1/C2Data-2541-Type2;79113.0000;DATA;1612716192.294395
/ndn/v5-site/v5/C2Data-4235-Type2;124133.0000;DATA;1612716192.981932
/ndn/h3-site/h3/C2Data-363-Type2;53877.0000;DATA;1612716193.842912
/ndn/h9-site/h9/C2Data-1089-Type2;98272.0000;DATA;1612716194.573503
/ndn/d6-site/d6/C2Data-1936-Type1;169835.0000;DATA;1612716198.326935
/ndn/s7-site/s7/C2Data-3267-Type2;173873.0000;DATA;1612716198.419949
/ndn/d5-site/d5/C2Data-1815-Type2;180370.0000;DATA;1612716198.507936
/ndn/h7-site/h7/C2Data-427-Type3;194465.0000;DATA;1612716214.683579
/ndn/s9-site/s9/C2Data-1769-Type3;114037.0000;DATA;1612716217.818594
/ndn/v9-site/v9/C2Data-2379-Type3;217014.0000;DATA;1612716218.039281
/ndn/h3-site/h3/C2Data-183-Type3;91721.0000;DATA;1612716218.253514
/ndn/s7-site/s7/C2Data-1647-Type3;236109.0000;DATA;1612716218.568049
/ndn/d6-site/d6/C2Data-1937-Type2;191854.0000;DATA;1612716220.877580
/ndn/d9-site/d9/C2Data-1159-Type3;189470.0000;DATA;1612716220.882314
/ndn/d5-site/d5/C2Data-1816-Type2;172626.0000;DATA;1612716223.740950
/ndn/v2-site/v2/C2Data-3873-Type1;80416.0000;DATA;1612716224.439843
/ndn/v1-site/v1/C2Data-3752-Type2;122265.0000;DATA;1612716225.387122
/ndn/d2-site/d2/C2Data-1453-Type2;178329.0000;DATA;1612716226.661940
/ndn/s3-site/s3/C2Data-2784-Type1;125113.0000;DATA;1612716228.018065
/ndn/d7-site/d7/C2Data-1037-Type3;72799.0000;DATA;1612716228.763372
/ndn/d6-site/d6/C2Data-976-Type3;168570.0000;DATA;1612716228.667767
/ndn/s0-site/s0/C2Data-1220-Type3;25462.0000;DATA;1612716229.509686
/ndn/s0-site/s0/C2Data-2421-Type1;28608.0000;DATA;1612716229.745358
/ndn/d7-site/d7/C2Data-2058-Type1;96977.0000;DATA;1612716230.238745
/ndn/s4-site/s4/C2Data-1464-Type3;122226.0000;DATA;1612716231.890231
/ndn/h9-site/h9/C2Data-549-Type3;129047.0000;DATA;1612716232.127279
/ndn/h0-site/h0/C2Data-0-Type3;200655.0000;DATA;1612716232.159037
/ndn/v7-site/v7/C2Data-2257-Type3;188644.0000;DATA;1612716232.792398
/ndn/v5-site/v5/C2Data-2135-Type3;129685.0000;DATA;1612716233.926522
/ndn/d6-site/d6/C2Data-1938-Type1;222000.0000;DATA;1612716253.357056
/ndn/s6-site/s6/C2Data-3148-Type2;174061.0000;DATA;1612716254.512059
/ndn/v2-site/v2/C2Data-3874-Type1;88272.0000;DATA;1612716259.081567
/ndn/h1-site/h1/C2Data-123-Type2;111689.0000;DATA;1612716260.535126
/ndn/s2-site/s2/C2Data-1343-Type3;63180.0000;DATA;1612716279.358066
/ndn/d5-site/d5/C2Data-916-Type3;178991.0000;DATA;1612716280.584236
/ndn/d2-site/d2/C2Data-733-Type3;168458.0000;DATA;1612716280.648981
/ndn/s5-site/s5/C2Data-3028-Type1;37420.0000;DATA;1612716281.949890
/ndn/v7-site/v7/C2Data-4480-Type2;176869.0000;DATA;1612716282.678844
/ndn/s6-site/s6/C2Data-3149-Type2;186132.0000;DATA;1612716283.437203
/ndn/d8-site/d8/C2Data-2181-Type1;133910.0000;DATA;1612716283.679492
/ndn/s4-site/s4/C2Data-2907-Type1;104517.0000;DATA;1612716285.014548
/ndn/d9-site/d9/C2Data-1160-Type3;181940.0000;DATA;1612716285.716153
/ndn/s7-site/s7/C2Data-3270-Type2;6004750.0000;TIMEOUT;1612716280.634042
/ndn/h3-site/h3/C2Data-75-Type4;49448.0000;DATA;1612716288.023013
/ndn/s1-site/s1/C2Data-1282-Type3;83549.0000;DATA;1612716288.238999
/ndn/h1-site/h1/C2Data-124-Type1;98746.0000;DATA;1612716289.041906
/ndn/s8-site/s8/C2Data-3391-Type1;25040.0000;DATA;1612716289.500850
/ndn/v5-site/v5/C2Data-2136-Type3;129736.0000;DATA;1612716289.476977
/ndn/v4-site/v4/C2Data-4117-Type2;148263.0000;DATA;1612716290.526058
/ndn/h0-site/h0/C2Data-1-Type3;162786.0000;DATA;1612716293.264237
/ndn/v3-site/v3/C2Data-575-Type4;219972.0000;DATA;1612716296.660421
/ndn/v7-site/v7/C2Data-2258-Type3;196762.0000;DATA;1612716296.728837
/ndn/s8-site/s8/C2Data-1709-Type3;6003403.0000;TIMEOUT;1612716294.167663
/ndn/d8-site/d8/C2Data-2182-Type1;121225.0000;DATA;1612716311.856368
/ndn/v7-site/v7/C2Data-4481-Type1;201661.0000;DATA;1612716312.912913
/ndn/v8-site/v8/C2Data-700-Type4;77630.0000;DATA;1612716313.251877
/ndn/v2-site/v2/C2Data-3876-Type2;85418.0000;DATA;1612716313.748876
/ndn/s6-site/s6/C2Data-3150-Type1;171091.0000;DATA;1612716314.061038
/ndn/h6-site/h6/C2Data-730-Type2;157628.0000;DATA;1612716314.522555
/ndn/h5-site/h5/C2Data-609-Type1;104773.0000;DATA;1612716314.608769
/ndn/h8-site/h8/C2Data-972-Type1;147656.0000;DATA;1612716316.752494
/ndn/v4-site/v4/C2Data-4118-Type2;129250.0000;DATA;1612716317.968837
/ndn/v0-site/v0/C2Data-3634-Type1;118994.0000;DATA;1612716319.835905
/ndn/d6-site/d6/C2Data-400-Type4;307249.0000;DATA;1612716322.878145
/ndn/s8-site/s8/C2Data-3392-Type1;6001090.0000;TIMEOUT;1612716317.589493
/ndn/s9-site/s9/C2Data-3513-Type1;6001126.0000;TIMEOUT;1612716319.348348
/ndn/s8-site/s8/C2Data-3392-Type2;6001010.0000;TIMEOUT;1612716321.519156
/ndn/d5-site/d5/C2Data-375-Type4;264944.0000;DATA;1612716330.979185
/ndn/v3-site/v3/C2Data-2015-Type3;205747.0000;DATA;1612716334.321892
/ndn/h4-site/h4/C2Data-246-Type3;98543.0000;DATA;1612716336.212724
/ndn/v9-site/v9/C2Data-2381-Type3;159205.0000;DATA;1612716337.855414
/ndn/d0-site/d0/C2Data-1215-Type2;149141.0000;DATA;1612716341.128407
/ndn/d5-site/d5/C2Data-1820-Type1;184312.0000;DATA;1612716341.557262
/ndn/h4-site/h4/C2Data-489-Type1;114963.0000;DATA;1612716344.186182
/ndn/v4-site/v4/C2Data-4119-Type1;129499.0000;DATA;1612716346.646079
/ndn/h6-site/h6/C2Data-731-Type1;158908.0000;DATA;1612716346.799101
/ndn/s4-site/s4/C2Data-2909-Type1;6345917.0000;TIMEOUT;1612716343.485221
/ndn/h1-site/h1/C2Data-126-Type2;106142.0000;DATA;1612716350.173126
/ndn/v1-site/v1/C2Data-1893-Type3;99892.0000;DATA;1612716350.247867
/ndn/s4-site/s4/C2Data-2909-Type2;6002245.0000;TIMEOUT;1612716344.381986
/ndn/s6-site/s6/C2Data-3151-Type1;6001816.0000;TIMEOUT;1612716344.652573
/ndn/v7-site/v7/C2Data-2259-Type3;240534.0000;DATA;1612716352.053639
/ndn/h3-site/h3/C2Data-185-Type3;56029.0000;DATA;1612716354.152118
/ndn/s7-site/s7/C2Data-1649-Type3;6002949.0000;TIMEOUT;1612716350.661727
/ndn/s3-site/s3/C2Data-1405-Type3;6002539.0000;TIMEOUT;1612716352.140236
/ndn/d2-site/d2/C2Data-1458-Type2;201550.0000;DATA;1612716370.826000
/ndn/v2-site/v2/C2Data-3878-Type2;78880.0000;DATA;1612716371.994535
/ndn/v3-site/v3/C2Data-3999-Type1;212593.0000;DATA;1612716374.756642
/ndn/s1-site/s1/C2Data-2547-Type2;6001244.0000;TIMEOUT;1612716370.151821
/ndn/s3-site/s3/C2Data-2789-Type2;6005118.0000;TIMEOUT;1612716370.203809
/ndn/s8-site/s8/C2Data-3394-Type1;6002570.0000;TIMEOUT;1612716371.279915
/ndn/d4-site/d4/C2Data-1700-Type1;153936.0000;DATA;1612716377.719413
/ndn/s6-site/s6/C2Data-3152-Type2;6003064.0000;TIMEOUT;1612716374.728267
/ndn/v6-site/v6/C2Data-4362-Type2;51251.0000;DATA;1612716380.851079
/ndn/s6-site/s6/C2Data-3152-Type1;6000664.0000;TIMEOUT;1612716375.752100
/ndn/v2-site/v2/C2Data-1955-Type3;74374.0000;DATA;1612716393.827895
/ndn/v8-site/v8/C2Data-2321-Type3;81496.0000;DATA;1612716399.004409
/ndn/v0-site/v0/C2Data-3637-Type2;128363.0000;DATA;1612716399.758585
/ndn/v9-site/v9/C2Data-2382-Type3;249376.0000;DATA;1612716401.149973
/ndn/d2-site/d2/C2Data-1459-Type1;197120.0000;DATA;1612716403.259004
/ndn/h9-site/h9/C2Data-1096-Type2;98691.0000;DATA;1612716404.613901
/ndn/v3-site/v3/C2Data-2016-Type3;199362.0000;DATA;1612716404.569668
/ndn/d4-site/d4/C2Data-1701-Type2;160132.0000;DATA;1612716404.872329
/ndn/v7-site/v7/C2Data-4484-Type2;170721.0000;DATA;1612716404.961980
/ndn/h8-site/h8/C2Data-491-Type3;143191.0000;DATA;1612716405.403325
/ndn/h5-site/h5/C2Data-612-Type2;111442.0000;DATA;1612716406.191207
/ndn/s9-site/s9/C2Data-3516-Type2;6003344.0000;TIMEOUT;1612716400.723822
/ndn/h5-site/h5/C2Data-612-Type1;97406.0000;DATA;1612716409.736108
/ndn/h1-site/h1/C2Data-64-Type3;96327.0000;DATA;1612716410.830684
/ndn/s1-site/s1/C2Data-1284-Type3;6002145.0000;TIMEOUT;1612716406.532140
/ndn/s3-site/s3/C2Data-2790-Type1;6005367.0000;TIMEOUT;1612716407.202029
/ndn/s5-site/s5/C2Data-1528-Type3;6003006.0000;TIMEOUT;1612716414.646971
/ndn/d9-site/d9/C2Data-2307-Type2;186352.0000;DATA;1612716430.601555
/ndn/v5-site/v5/C2Data-4243-Type2;123470.0000;DATA;1612716433.271603
/ndn/d6-site/d6/C2Data-1944-Type2;213357.0000;DATA;1612716435.260842
/ndn/h5-site/h5/C2Data-613-Type2;117173.0000;DATA;1612716435.644926
/ndn/d0-site/d0/C2Data-1218-Type1;170583.0000;DATA;1612716435.900257
/ndn/d1-site/d1/C2Data-1339-Type2;52563.0000;DATA;1612716436.684883
/ndn/d7-site/d7/C2Data-2065-Type1;84366.0000;DATA;1612716438.169853
/ndn/h3-site/h3/C2Data-371-Type2;55501.0000;DATA;1612716438.289187
/ndn/v0-site/v0/C2Data-260-Type5;126005.0000;DATA;1612716439.597284
/ndn/s2-site/s2/C2Data-2670-Type1;6002499.0000;TIMEOUT;1612716434.435966
/ndn/v4-site/v4/C2Data-4122-Type1;131209.0000;DATA;1612716440.408519
/ndn/v1-site/v1/C2Data-3759-Type1;96610.0000;DATA;1612716440.604826
/ndn/s8-site/s8/C2Data-3396-Type2;6000573.0000;TIMEOUT;1612716435.506371
/ndn/h5-site/h5/C2Data-126-Type4;129735.0000;DATA;1612716441.928122
/ndn/s3-site/s3/C2Data-2791-Type2;6002317.0000;TIMEOUT;1612716437.453511
/ndn/s0-site/s0/C2Data-2428-Type1;6007273.0000;TIMEOUT;1612716438.145433
/ndn/s0-site/s0/C2Data-2428-Type2;6000558.0000;TIMEOUT;1612716438.780037
/ndn/h7-site/h7/C2Data-176-Type4;144506.0000;DATA;1612716451.959975
/ndn/v8-site/v8/C2Data-701-Type4;77236.0000;DATA;1612716456.511279
/ndn/d9-site/d9/C2Data-476-Type4;211785.0000;DATA;1612716456.605654
/ndn/v6-site/v6/C2Data-651-Type4;75294.0000;DATA;1612716458.525271
/ndn/v9-site/v9/C2Data-4728-Type2;146288.0000;DATA;1612716459.690942
/ndn/v3-site/v3/C2Data-576-Type4;696536.0000;DATA;1612716460.773701
/ndn/d5-site/d5/C2Data-1824-Type2;190585.0000;DATA;1612716462.545797
/ndn/d4-site/d4/C2Data-351-Type4;149145.0000;DATA;1612716465.113033
/ndn/s6-site/s6/C2Data-3155-Type1;6000421.0000;TIMEOUT;1612716459.695783
/ndn/h5-site/h5/C2Data-309-Type3;103271.0000;DATA;1612716466.234910
/ndn/s2-site/s2/C2Data-2671-Type2;6001433.0000;TIMEOUT;1612716460.703661
/ndn/d6-site/d6/C2Data-1945-Type2;207207.0000;DATA;1612716467.279086
/ndn/d5-site/d5/C2Data-919-Type3;178147.0000;DATA;1612716467.789012
/ndn/d7-site/d7/C2Data-1041-Type3;73666.0000;DATA;1612716469.378846
/ndn/v5-site/v5/C2Data-2139-Type3;122905.0000;DATA;1612716469.478448
/ndn/d0-site/d0/C2Data-614-Type3;156591.0000;DATA;1612716470.014073
/ndn/d8-site/d8/C2Data-2187-Type2;123659.0000;DATA;1612716470.466968
/ndn/v5-site/v5/C2Data-325-Type5;143631.0000;DATA;1612716470.849952
/ndn/s5-site/s5/C2Data-1529-Type3;6003445.0000;TIMEOUT;1612716465.451016
/ndn/v8-site/v8/C2Data-2322-Type3;97099.0000;DATA;1612716476.959664
/ndn/s6-site/s6/C2Data-1590-Type3;6000898.0000;TIMEOUT;1612716471.265233
/ndn/d8-site/d8/C2Data-451-Type4;231899.0000;DATA;1612716484.022087
/ndn/d2-site/d2/C2Data-1462-Type2;179679.0000;DATA;1612716491.572396
/ndn/d6-site/d6/C2Data-1946-Type2;172883.0000;DATA;1612716492.963907
/ndn/h0-site/h0/C2Data-1-Type4;151770.0000;DATA;1612716494.975039
/ndn/d5-site/d5/C2Data-1825-Type2;184764.0000;DATA;1612716496.848034
/ndn/h4-site/h4/C2Data-494-Type2;111042.0000;DATA;1612716498.416500
/ndn/v9-site/v9/C2Data-4729-Type2;149678.0000;DATA;1612716498.852317
/ndn/s5-site/s5/C2Data-3035-Type1;6009459.0000;TIMEOUT;1612716493.638971
/ndn/d7-site/d7/C2Data-2067-Type1;82674.0000;DATA;1612716501.291668
/ndn/d4-site/d4/C2Data-1704-Type1;155969.0000;DATA;1612716501.246593
/ndn/s7-site/s7/C2Data-3277-Type2;6002894.0000;TIMEOUT;1612716497.639610
/ndn/s5-site/s5/C2Data-3035-Type2;6005147.0000;TIMEOUT;1612716500.032154
/ndn/d0-site/d0/C2Data-615-Type3;157162.0000;DATA;1612716515.516917
/ndn/h4-site/h4/C2Data-495-Type2;101313.0000;DATA;1612716520.626798
/ndn/d2-site/d2/C2Data-737-Type3;168604.0000;DATA;1612716520.765885
/ndn/v1-site/v1/C2Data-3762-Type1;105418.0000;DATA;1612716521.913016
/ndn/d3-site/d3/C2Data-1584-Type1;104295.0000;DATA;1612716523.782949
/ndn/v8-site/v8/C2Data-4609-Type1;80214.0000;DATA;1612716523.997302
/ndn/d5-site/d5/C2Data-1826-Type1;175563.0000;DATA;1612716524.551215
/ndn/h7-site/h7/C2Data-858-Type2;140921.0000;DATA;1612716526.538550
/ndn/d9-site/d9/C2Data-2310-Type2;186586.0000;DATA;1612716527.709222
/ndn/h5-site/h5/C2Data-616-Type2;110254.0000;DATA;1612716528.288012
/ndn/s5-site/s5/C2Data-3036-Type2;6002503.0000;TIMEOUT;1612716526.184523
/ndn/s5-site/s5/C2Data-3036-Type1;6000678.0000;TIMEOUT;1612716527.127521
/ndn/v3-site/v3/C2Data-4005-Type2;216933.0000;DATA;1612716550.559211
/ndn/d8-site/d8/C2Data-2190-Type1;125090.0000;DATA;1612716552.021186
/ndn/v5-site/v5/C2Data-4247-Type1;276821.0000;DATA;1612716552.237367
/ndn/d4-site/d4/C2Data-1706-Type2;170312.0000;DATA;1612716554.442169
/ndn/h7-site/h7/C2Data-859-Type2;123688.0000;DATA;1612716555.080832
/ndn/s5-site/s5/C2Data-3037-Type2;6010700.0000;TIMEOUT;1612716550.228019
/ndn/h6-site/h6/C2Data-738-Type2;159872.0000;DATA;1612716556.220980
/ndn/v7-site/v7/C2Data-4489-Type1;187840.0000;DATA;1612716556.199911
/ndn/d2-site/d2/C2Data-1464-Type1;216156.0000;DATA;1612716556.526894
/ndn/s9-site/s9/C2Data-3521-Type1;6009958.0000;TIMEOUT;1612716552.847187
/ndn/h7-site/h7/C2Data-859-Type1;95505.0000;DATA;1612716558.761363
/ndn/v4-site/v4/C2Data-4126-Type2;129111.0000;DATA;1612716560.248897
/ndn/v6-site/v6/C2Data-4368-Type2;56106.0000;DATA;1612716561.408556
/ndn/s1-site/s1/C2Data-2553-Type2;6008140.0000;TIMEOUT;1612716558.902066
/ndn/s6-site/s6/C2Data-3158-Type1;6001420.0000;TIMEOUT;1612716560.401939
/ndn/s9-site/s9/C2Data-3521-Type2;6001501.0000;TIMEOUT;1612716560.875138
/ndn/v0-site/v0/C2Data-1836-Type3;122959.0000;DATA;1612716579.987407
/ndn/v2-site/v2/C2Data-1958-Type3;78223.0000;DATA;1612716581.423126
/ndn/h0-site/h0/C2Data-6-Type3;165410.0000;DATA;1612716581.784733
/ndn/d5-site/d5/C2Data-1828-Type1;174300.0000;DATA;1612716583.815147
/ndn/d0-site/d0/C2Data-1223-Type2;149628.0000;DATA;1612716584.667989
/ndn/h6-site/h6/C2Data-739-Type1;146869.0000;DATA;1612716589.503893
/ndn/v9-site/v9/C2Data-2385-Type3;149260.0000;DATA;1612716589.853056
/ndn/s1-site/s1/C2Data-2554-Type2;6001079.0000;TIMEOUT;1612716584.411133
/ndn/s5-site/s5/C2Data-3038-Type2;6002958.0000;TIMEOUT;1612716585.089777
/ndn/v7-site/v7/C2Data-2263-Type3;213109.0000;DATA;1612716593.979887
/ndn/h1-site/h1/C2Data-67-Type3;105576.0000;DATA;1612716596.166074
/ndn/s9-site/s9/C2Data-1775-Type3;6001469.0000;TIMEOUT;1612716590.350220
/ndn/v1-site/v1/C2Data-1897-Type3;100828.0000;DATA;1612716597.046688
/ndn/d5-site/d5/C2Data-377-Type4;187217.0000;DATA;1612716599.915548
/ndn/d1-site/d1/C2Data-277-Type4;48963.0000;DATA;1612716605.133910
/ndn/v5-site/v5/C2Data-627-Type4;166133.0000;DATA;1612716606.842599
/ndn/v2-site/v2/C2Data-3886-Type1;72385.0000;DATA;1612716612.202585
/ndn/h1-site/h1/C2Data-135-Type2;104656.0000;DATA;1612716613.504322
/ndn/h4-site/h4/C2Data-498-Type1;107364.0000;DATA;1612716613.835016
/ndn/h0-site/h0/C2Data-14-Type1;196985.0000;DATA;1612716619.160315
/ndn/s9-site/s9/C2Data-3523-Type2;6009557.0000;TIMEOUT;1612716614.418268
/ndn/h3-site/h3/C2Data-377-Type2;483907.0000;DATA;1612716620.618912
/ndn/v8-site/v8/C2Data-2325-Type3;164260.0000;DATA;1612716634.083385
/ndn/h8-site/h8/C2Data-495-Type3;148609.0000;DATA;1612716634.858878
/ndn/h7-site/h7/C2Data-177-Type4;138248.0000;DATA;1612716636.047777
/ndn/d8-site/d8/C2Data-452-Type4;139820.0000;DATA;1612716636.816568
/ndn/h3-site/h3/C2Data-190-Type3;57711.0000;DATA;1612716638.844131
/ndn/h4-site/h4/C2Data-499-Type1;614153.0000;DATA;1612716639.752855
/ndn/v5-site/v5/C2Data-4250-Type2;124528.0000;DATA;1612716641.037740
/ndn/v5-site/v5/C2Data-2142-Type3;123539.0000;DATA;1612716642.046130
/ndn/v7-site/v7/C2Data-4492-Type1;174133.0000;DATA;1612716642.085030
/ndn/d9-site/d9/C2Data-477-Type4;177893.0000;DATA;1612716642.357066
/ndn/v0-site/v0/C2Data-3645-Type1;133398.0000;DATA;1612716642.543140
/ndn/v3-site/v3/C2Data-577-Type4;203114.0000;DATA;1612716642.507726
/ndn/v1-site/v1/C2Data-3766-Type1;100967.0000;DATA;1612716642.761748
/ndn/v3-site/v3/C2Data-4008-Type2;236901.0000;DATA;1612716642.902865
/ndn/s0-site/s0/C2Data-2435-Type2;6000677.0000;TIMEOUT;1612716640.906226
/ndn/v6-site/v6/C2Data-2203-Type3;53548.0000;DATA;1612716647.071003
/ndn/v8-site/v8/C2Data-4613-Type2;98028.0000;DATA;1612716650.964385
/ndn/v7-site/v7/C2Data-2264-Type3;87350.0000;DATA;1612716653.569294
/ndn/s7-site/s7/C2Data-1654-Type3;6018569.0000;TIMEOUT;1612716647.738106
/ndn/v2-site/v2/C2Data-154-Type6;172999.0000;DATA;1612716658.866100
/ndn/v6-site/v6/C2Data-4372-Type2;63543.0000;DATA;1612716670.956203
/ndn/v9-site/v9/C2Data-4735-Type2;159416.0000;DATA;1612716673.469614
/ndn/d5-site/d5/C2Data-1831-Type2;199894.0000;DATA;1612716677.711535
/ndn/h5-site/h5/C2Data-621-Type1;123508.0000;DATA;1612716678.156889
/ndn/v8-site/v8/C2Data-4614-Type1;95189.0000;DATA;1612716678.453413
/ndn/h4-site/h4/C2Data-500-Type2;111369.0000;DATA;1612716679.681795
/ndn/s1-site/s1/C2Data-2557-Type1;6001823.0000;TIMEOUT;1612716675.470580
/ndn/d3-site/d3/C2Data-91-Type6;270544.0000;DATA;1612716690.567377
/ndn/h0-site/h0/C2Data-8-Type3;164522.0000;DATA;1612716694.502726
/ndn/v9-site/v9/C2Data-2387-Type3;142735.0000;DATA;1612716695.266101
/ndn/v4-site/v4/C2Data-2082-Type3;124878.0000;DATA;1612716700.669260
/ndn/d1-site/d1/C2Data-1348-Type1;50319.0000;DATA;1612716700.882937
/ndn/v9-site/v9/C2Data-4736-Type2;157526.0000;DATA;1612716701.911712
/ndn/s5-site/s5/C2Data-3042-Type1;6000711.0000;TIMEOUT;1612716699.811207
/ndn/h8-site/h8/C2Data-496-Type3;148233.0000;DATA;1612716706.484208
/ndn/h5-site/h5/C2Data-66-Type5;99572.0000;DATA;1612716706.803877
/ndn/d6-site/d6/C2Data-1953-Type1;189336.0000;DATA;1612716707.727978
/ndn/h1-site/h1/C2Data-138-Type1;100428.0000;DATA;1612716709.024933
/ndn/d4-site/d4/C2Data-98-Type6;159640.0000;DATA;1612716709.513252
/ndn/v4-site/v4/C2Data-4131-Type2;132271.0000;DATA;1612716709.886845
/ndn/v7-site/v7/C2Data-352-Type5;170579.0000;DATA;1612716711.465730
/ndn/h4-site/h4/C2Data-53-Type5;113199.0000;DATA;1612716714.461413
/ndn/s1-site/s1/C2Data-2558-Type2;6001876.0000;TIMEOUT;1612716710.211055
/ndn/s4-site/s4/C2Data-1472-Type3;6001575.0000;TIMEOUT;1612716711.037054
/ndn/s1-site/s1/C2Data-1289-Type3;6000727.0000;TIMEOUT;1612716711.195173
/ndn/s7-site/s7/C2Data-1655-Type3;6008358.0000;TIMEOUT;1612716712.390630
/ndn/d8-site/d8/C2Data-2196-Type1;166122.0000;DATA;1612716730.205546
/ndn/v1-site/v1/C2Data-3769-Type1;103087.0000;DATA;1612716731.450406
/ndn/h1-site/h1/C2Data-139-Type2;94272.0000;DATA;1612716732.153199
/ndn/s5-site/s5/C2Data-3043-Type2;6000824.0000;TIMEOUT;1612716730.385900
/ndn/d2-site/d2/C2Data-1470-Type2;210481.0000;DATA;1612716737.678956
/ndn/v9-site/v9/C2Data-4737-Type2;162623.0000;DATA;1612716739.030867
/ndn/h6-site/h6/C2Data-744-Type2;143016.0000;DATA;1612716740.440121
/ndn/h4-site/h4/C2Data-103-Type4;112446.0000;DATA;1612716748.363434
/ndn/v8-site/v8/C2Data-196-Type6;74441.0000;DATA;1612716760.615913
/ndn/h1-site/h1/C2Data-14-Type5;97899.0000;DATA;1612716760.716451
/ndn/h5-site/h5/C2Data-624-Type2;97617.0000;DATA;1612716761.502957
/ndn/d6-site/d6/C2Data-1955-Type1;184167.0000;DATA;1612716762.308361
/ndn/d3-site/d3/C2Data-1592-Type2;106891.0000;DATA;1612716762.834010
/ndn/d8-site/d8/C2Data-2197-Type2;126995.0000;DATA;1612716762.918896
/ndn/v6-site/v6/C2Data-4375-Type1;51673.0000;DATA;1612716764.148902
/ndn/s9-site/s9/C2Data-3528-Type1;6000519.0000;TIMEOUT;1612716759.690456
