/ndn/d8-site/d8/C2Data-2783-Type1;172962.0000;DATA;1611608579.851770
/ndn/s6-site/s6/C2Data-4356-Type2;184631.0000;DATA;1611608587.051909
/ndn/v10-site/v10/C2Data-6655-Type2;214063.0000;DATA;1611608587.449808
/ndn/s11-site/s11/C2Data-4961-Type2;90961.0000;NACK;1611608588.632767
/ndn/h4-site/h4/C2Data-484-Type2;193787.0000;DATA;1611608588.590778
/ndn/v14-site/v14/C2Data-3599-Type3;511.0000;NACK;1611608603.772790
/ndn/s13-site/s13/C2Data-2623-Type3;544.0000;NACK;1611608606.594819
/ndn/h10-site/h10/C2Data-610-Type3;265431.0000;DATA;1611608609.693856
/ndn/h13-site/h13/C2Data-793-Type3;92527.0000;DATA;1611608610.255840
/ndn/s5-site/s5/C2Data-4236-Type2;186226.0000;DATA;1611608610.720791
/ndn/v1-site/v1/C2Data-5567-Type2;46914.0000;DATA;1611608611.512773
/ndn/s6-site/s6/C2Data-4357-Type2;255922.0000;DATA;1611608613.068798
/ndn/d0-site/d0/C2Data-915-Type3;165842.0000;DATA;1611608614.521750
/ndn/v7-site/v7/C2Data-6293-Type2;235594.0000;DATA;1611608614.772758
/ndn/h5-site/h5/C2Data-606-Type2;145905.0000;DATA;1611608614.889808
/ndn/d3-site/d3/C2Data-2179-Type1;233231.0000;DATA;1611608616.330815
/ndn/d8-site/d8/C2Data-1403-Type3;166051.0000;DATA;1611608617.580615
/ndn/s2-site/s2/C2Data-3873-Type2;69943.0000;DATA;1611608620.365909
/ndn/h2-site/h2/C2Data-122-Type3;23528.0000;DATA;1611608620.554816
/ndn/s14-site/s14/C2Data-5325-Type1;116666.0000;DATA;1611608621.679844
/ndn/d5-site/d5/C2Data-1220-Type3;160857.0000;DATA;1611608626.287753
/ndn/s14-site/s14/C2Data-2684-Type3;124960.0000;DATA;1611608627.519811
/ndn/h0-site/h0/C2Data-2-Type2;216118.0000;DATA;1611608640.545807
/ndn/s12-site/s12/C2Data-5084-Type1;236956.0000;DATA;1611608643.167826
/ndn/h11-site/h11/C2Data-1333-Type1;97142.0000;DATA;1611608644.376872
/ndn/d5-site/d5/C2Data-2422-Type1;137870.0000;DATA;1611608646.785818
/ndn/h13-site/h13/C2Data-1575-Type1;99345.0000;DATA;1611608647.732755
/ndn/d9-site/d9/C2Data-2906-Type2;194479.0000;DATA;1611608647.836849
/ndn/s8-site/s8/C2Data-4600-Type1;47529.0000;DATA;1611608649.064799
/ndn/s7-site/s7/C2Data-4479-Type2;121928.0000;DATA;1611608649.643839
/ndn/h2-site/h2/C2Data-244-Type2;24601.0000;DATA;1611608651.292756
/ndn/h5-site/h5/C2Data-306-Type3;145246.0000;DATA;1611608668.270801
/ndn/s1-site/s1/C2Data-1892-Type3;6000245.0000;TIMEOUT;1611608668.533750
/ndn/h4-site/h4/C2Data-245-Type3;189307.0000;DATA;1611608675.788896
/ndn/v13-site/v13/C2Data-3539-Type3;70998.0000;DATA;1611608676.462761
/ndn/s5-site/s5/C2Data-2136-Type3;187395.0000;DATA;1611608676.838787
/ndn/d7-site/d7/C2Data-2665-Type1;209920.0000;DATA;1611608677.080760
/ndn/d2-site/d2/C2Data-425-Type4;140800.0000;DATA;1611608677.166854
/ndn/s2-site/s2/C2Data-3875-Type1;6000778.0000;TIMEOUT;1611608674.576749
/ndn/s4-site/s4/C2Data-2075-Type3;6000927.0000;TIMEOUT;1611608674.633974
/ndn/s6-site/s6/C2Data-4359-Type2;6000261.0000;TIMEOUT;1611608676.562797
/ndn/s2-site/s2/C2Data-3875-Type2;6000449.0000;TIMEOUT;1611608677.312821
/ndn/h4-site/h4/C2Data-100-Type4;187292.0000;DATA;1611608683.164822
/ndn/h13-site/h13/C2Data-325-Type4;105204.0000;DATA;1611608684.695746
/ndn/s5-site/s5/C2Data-4238-Type2;6000732.0000;TIMEOUT;1611608679.780923
/ndn/v4-site/v4/C2Data-2990-Type3;287548.0000;DATA;1611608685.797889
/ndn/s6-site/s6/C2Data-2197-Type3;6000262.0000;TIMEOUT;1611608681.120787
/ndn/s3-site/s3/C2Data-3996-Type2;6000283.0000;TIMEOUT;1611608681.416827
/ndn/d9-site/d9/C2Data-600-Type4;204662.0000;DATA;1611608689.132829
/ndn/h6-site/h6/C2Data-150-Type4;187793.0000;DATA;1611608690.170814
/ndn/v8-site/v8/C2Data-950-Type4;220715.0000;DATA;1611608695.263813
/ndn/d10-site/d10/C2Data-625-Type4;340533.0000;DATA;1611608695.469131
/ndn/h14-site/h14/C2Data-1698-Type1;24299.0000;DATA;1611608699.953874
/ndn/d4-site/d4/C2Data-2303-Type1;117450.0000;DATA;1611608700.919823
/ndn/d8-site/d8/C2Data-575-Type4;164096.0000;DATA;1611608701.683807
/ndn/v11-site/v11/C2Data-6780-Type2;93481.0000;DATA;1611608701.984809
/ndn/h13-site/h13/C2Data-1577-Type2;97178.0000;DATA;1611608706.119846
/ndn/v0-site/v0/C2Data-750-Type4;237834.0000;DATA;1611608706.061757
/ndn/s5-site/s5/C2Data-4239-Type2;6000276.0000;TIMEOUT;1611608701.546766
/ndn/h12-site/h12/C2Data-1456-Type2;46518.0000;DATA;1611608707.798782
/ndn/d0-site/d0/C2Data-1819-Type1;166365.0000;DATA;1611608707.774772
/ndn/h14-site/h14/C2Data-1698-Type2;23406.0000;DATA;1611608708.208887
/ndn/v4-site/v4/C2Data-850-Type4;291675.0000;DATA;1611608710.054766
/ndn/h9-site/h9/C2Data-1093-Type2;164652.0000;DATA;1611608710.505738
/ndn/h14-site/h14/C2Data-350-Type4;24988.0000;DATA;1611608711.620836
/ndn/s5-site/s5/C2Data-4239-Type1;6000264.0000;TIMEOUT;1611608706.921966
/ndn/s3-site/s3/C2Data-3997-Type1;6005317.0000;TIMEOUT;1611608707.395840
/ndn/s12-site/s12/C2Data-5086-Type2;6000321.0000;TIMEOUT;1611608708.240466
/ndn/v3-site/v3/C2Data-825-Type4;177635.0000;DATA;1611608716.065880
/ndn/d0-site/d0/C2Data-375-Type4;193996.0000;DATA;1611608716.274858
/ndn/h10-site/h10/C2Data-250-Type4;325104.0000;DATA;1611608717.751439
/ndn/d8-site/d8/C2Data-1405-Type3;170359.0000;DATA;1611608725.429811
/ndn/v10-site/v10/C2Data-3357-Type3;232537.0000;DATA;1611608726.635844
/ndn/v12-site/v12/C2Data-3479-Type3;266395.0000;DATA;1611608728.026763
/ndn/d4-site/d4/C2Data-1161-Type3;117947.0000;DATA;1611608729.786841
/ndn/v1-site/v1/C2Data-775-Type4;269547.0000;DATA;1611608729.778791
/ndn/s11-site/s11/C2Data-2503-Type3;6001412.0000;TIMEOUT;1611608724.301780
/ndn/d14-site/d14/C2Data-3514-Type2;71922.0000;DATA;1611608730.373825
/ndn/s0-site/s0/C2Data-1832-Type3;6000245.0000;TIMEOUT;1611608724.873748
/ndn/d12-site/d12/C2Data-675-Type4;185377.0000;DATA;1611608730.945818
/ndn/d8-site/d8/C2Data-2788-Type2;166242.0000;DATA;1611608731.598816
/ndn/s9-site/s9/C2Data-2381-Type3;6000533.0000;TIMEOUT;1611608725.830760
/ndn/v0-site/v0/C2Data-2747-Type3;257915.0000;DATA;1611608731.982825
/ndn/d5-site/d5/C2Data-2425-Type1;166507.0000;DATA;1611608732.604772
/ndn/v14-site/v14/C2Data-1100-Type4;121573.0000;DATA;1611608732.832815
/ndn/d7-site/d7/C2Data-2667-Type1;151395.0000;DATA;1611608734.279744
/ndn/v3-site/v3/C2Data-2930-Type3;117779.0000;DATA;1611608735.012778
/ndn/v10-site/v10/C2Data-6660-Type1;214774.0000;DATA;1611608734.975782
/ndn/d13-site/d13/C2Data-1710-Type3;93391.0000;DATA;1611608735.136807
/ndn/h7-site/h7/C2Data-429-Type3;235441.0000;DATA;1611608735.345739
/ndn/d12-site/d12/C2Data-3272-Type2;186628.0000;DATA;1611608735.645836
/ndn/d3-site/d3/C2Data-2183-Type2;233251.0000;DATA;1611608736.584837
/ndn/s4-site/s4/C2Data-4119-Type1;6000244.0000;TIMEOUT;1611608731.668804
/ndn/h11-site/h11/C2Data-1336-Type2;94494.0000;DATA;1611608738.284740
/ndn/s0-site/s0/C2Data-3635-Type1;6000729.0000;TIMEOUT;1611608732.582776
/ndn/s6-site/s6/C2Data-4361-Type2;6000529.0000;TIMEOUT;1611608733.227849
/ndn/v5-site/v5/C2Data-3052-Type3;286338.0000;DATA;1611608738.956914
/ndn/s12-site/s12/C2Data-5087-Type2;6000929.0000;TIMEOUT;1611608733.395816
/ndn/d11-site/d11/C2Data-3151-Type1;214750.0000;DATA;1611608740.820800
/ndn/s6-site/s6/C2Data-4361-Type1;6000402.0000;TIMEOUT;1611608735.088821
/ndn/d12-site/d12/C2Data-3272-Type1;188807.0000;DATA;1611608741.457745
/ndn/v6-site/v6/C2Data-3113-Type3;96301.0000;DATA;1611608741.957815
/ndn/v1-site/v1/C2Data-2808-Type3;266327.0000;DATA;1611608743.026790
/ndn/v4-site/v4/C2Data-2991-Type3;304001.0000;DATA;1611608743.664756
/ndn/s1-site/s1/C2Data-1893-Type3;6002803.0000;TIMEOUT;1611608738.719871
/ndn/s8-site/s8/C2Data-4603-Type1;6000551.0000;TIMEOUT;1611608741.209776
/ndn/d0-site/d0/C2Data-1821-Type1;171778.0000;DATA;1611608760.816744
/ndn/h6-site/h6/C2Data-732-Type1;190152.0000;DATA;1611608760.966821
/ndn/h7-site/h7/C2Data-853-Type2;233358.0000;DATA;1611608763.913861
/ndn/d14-site/d14/C2Data-3515-Type1;71548.0000;DATA;1611608764.716831
/ndn/h3-site/h3/C2Data-369-Type2;238890.0000;DATA;1611608765.383840
/ndn/d13-site/d13/C2Data-3394-Type2;100017.0000;DATA;1611608766.058835
/ndn/h4-site/h4/C2Data-490-Type1;193247.0000;DATA;1611608767.633828
/ndn/d3-site/d3/C2Data-2184-Type1;243359.0000;DATA;1611608768.585922
/ndn/h10-site/h10/C2Data-1216-Type2;264894.0000;DATA;1611608768.863761
/ndn/h0-site/h0/C2Data-6-Type2;220947.0000;DATA;1611608771.110949
/ndn/s7-site/s7/C2Data-4483-Type2;6001335.0000;TIMEOUT;1611608768.401865
/ndn/s3-site/s3/C2Data-3999-Type2;6000308.0000;TIMEOUT;1611608768.682743
/ndn/d4-site/d4/C2Data-1162-Type3;91084.0000;DATA;1611608784.335820
/ndn/h1-site/h1/C2Data-64-Type3;129988.0000;DATA;1611608784.659791
/ndn/h14-site/h14/C2Data-857-Type3;24041.0000;DATA;1611608789.819829
/ndn/v11-site/v11/C2Data-6783-Type1;97268.0000;DATA;1611608789.842787
/ndn/h13-site/h13/C2Data-796-Type3;99927.0000;DATA;1611608791.223785
/ndn/h0-site/h0/C2Data-7-Type1;212376.0000;DATA;1611608793.509830
/ndn/v7-site/v7/C2Data-3175-Type3;234942.0000;DATA;1611608793.874797
/ndn/v6-site/v6/C2Data-6178-Type1;94959.0000;DATA;1611608794.400743
/ndn/v6-site/v6/C2Data-3114-Type3;97578.0000;DATA;1611608795.068856
/ndn/s4-site/s4/C2Data-2077-Type3;6000255.0000;TIMEOUT;1611608789.190827
/ndn/s5-site/s5/C2Data-2138-Type3;6000868.0000;TIMEOUT;1611608789.588015
