/ndn/s9-site/s9/C2Data-4719-Type2;96021.0000;DATA;1611602009.205166
/ndn/s13-site/s13/C2Data-5203-Type1;50287.0000;DATA;1611602011.359335
/ndn/v0-site/v0/C2Data-5445-Type1;509.0000;NACK;1611602011.422195
/ndn/s7-site/s7/C2Data-4477-Type2;241990.0000;DATA;1611602012.592280
/ndn/s0-site/s0/C2Data-3630-Type1;144278.0000;DATA;1611602013.633106
/ndn/d13-site/d13/C2Data-3388-Type2;193426.0000;DATA;1611602013.825389
/ndn/s2-site/s2/C2Data-3872-Type2;150808.0000;DATA;1611602015.073150
/ndn/v12-site/v12/C2Data-6897-Type1;560.0000;NACK;1611602015.252138
/ndn/s6-site/s6/C2Data-4356-Type2;191339.0000;DATA;1611602015.117161
/ndn/s10-site/s10/C2Data-4840-Type2;489.0000;NACK;1611602015.362239
/ndn/v2-site/v2/C2Data-5687-Type2;453.0000;NACK;1611602016.475222
/ndn/s7-site/s7/C2Data-4477-Type1;244942.0000;DATA;1611602017.643203
/ndn/s4-site/s4/C2Data-4114-Type2;554.0000;NACK;1611602018.353112
/ndn/s1-site/s1/C2Data-1891-Type3;48242.0000;DATA;1611602035.488108
/ndn/h11-site/h11/C2Data-671-Type3;287438.0000;DATA;1611602037.111219
/ndn/s11-site/s11/C2Data-4962-Type1;23788.0000;DATA;1611602039.120116
/ndn/s4-site/s4/C2Data-4115-Type1;573.0000;NACK;1611602039.464176
/ndn/s10-site/s10/C2Data-4841-Type1;569.0000;NACK;1611602039.598140
/ndn/s11-site/s11/C2Data-2501-Type3;25014.0000;DATA;1611602039.773127
/ndn/h5-site/h5/C2Data-606-Type1;71201.0000;DATA;1611602039.874213
/ndn/h5-site/h5/C2Data-305-Type3;73080.0000;DATA;1611602040.217094
/ndn/v8-site/v8/C2Data-3233-Type3;95924.0000;DATA;1611602040.835804
/ndn/d12-site/d12/C2Data-1647-Type3;192022.0000;DATA;1611602041.805306
/ndn/d3-site/d3/C2Data-2179-Type2;161269.0000;DATA;1611602042.359246
/ndn/v5-site/v5/C2Data-3050-Type3;293840.0000;DATA;1611602042.376254
/ndn/h3-site/h3/C2Data-183-Type3;240013.0000;DATA;1611602043.538133
/ndn/d1-site/d1/C2Data-1937-Type2;522.0000;NACK;1611602044.432143
/ndn/h1-site/h1/C2Data-122-Type2;186510.0000;DATA;1611602044.931277
/ndn/s1-site/s1/C2Data-3752-Type1;48860.0000;DATA;1611602045.162324
/ndn/s8-site/s8/C2Data-4599-Type1;163529.0000;DATA;1611602046.907211
/ndn/d6-site/d6/C2Data-2542-Type1;162549.0000;DATA;1611602046.982155
/ndn/v4-site/v4/C2Data-2989-Type3;288273.0000;DATA;1611602047.475192
/ndn/v2-site/v2/C2Data-5688-Type2;167086.0000;DATA;1611602048.022176
/ndn/v6-site/v6/C2Data-6172-Type2;168587.0000;DATA;1611602048.139127
/ndn/v7-site/v7/C2Data-3172-Type3;247291.0000;DATA;1611602048.641212
/ndn/v1-site/v1/C2Data-5567-Type1;233782.0000;DATA;1611602048.710223
/ndn/d3-site/d3/C2Data-1098-Type3;196145.0000;DATA;1611602052.866169
/ndn/h6-site/h6/C2Data-366-Type3;69387.0000;DATA;1611602053.141196
/ndn/d2-site/d2/C2Data-1037-Type3;213134.0000;DATA;1611602053.394178
/ndn/d11-site/d11/C2Data-3148-Type1;212598.0000;DATA;1611602068.322176
/ndn/v7-site/v7/C2Data-6294-Type1;240820.0000;DATA;1611602068.825204
/ndn/v10-site/v10/C2Data-6657-Type1;163772.0000;DATA;1611602069.282157
/ndn/h10-site/h10/C2Data-1212-Type1;199471.0000;DATA;1611602069.769164
/ndn/d4-site/d4/C2Data-2301-Type2;214422.0000;DATA;1611602075.217213
/ndn/s4-site/s4/C2Data-4116-Type2;233611.0000;DATA;1611602076.247189
/ndn/h14-site/h14/C2Data-1696-Type1;194611.0000;DATA;1611602076.571220
/ndn/v1-site/v1/C2Data-5568-Type1;265366.0000;DATA;1611602077.566203
/ndn/v12-site/v12/C2Data-3478-Type3;283538.0000;DATA;1611602093.289171
/ndn/v3-site/v3/C2Data-2929-Type3;118290.0000;DATA;1611602095.380218
/ndn/h8-site/h8/C2Data-489-Type3;126991.0000;DATA;1611602095.952267
/ndn/h3-site/h3/C2Data-184-Type3;285748.0000;DATA;1611602096.889164
/ndn/d7-site/d7/C2Data-2665-Type1;158079.0000;DATA;1611602099.060171
/ndn/h5-site/h5/C2Data-608-Type1;73246.0000;DATA;1611602099.284200
/ndn/d8-site/d8/C2Data-1404-Type3;221461.0000;DATA;1611602099.176241
/ndn/v10-site/v10/C2Data-6658-Type2;166590.0000;DATA;1611602099.400159
/ndn/s1-site/s1/C2Data-1892-Type3;6000242.0000;TIMEOUT;1611602093.571175
/ndn/v1-site/v1/C2Data-5569-Type1;258794.0000;DATA;1611602101.303124
/ndn/s4-site/s4/C2Data-2075-Type3;234620.0000;DATA;1611602101.542271
/ndn/d5-site/d5/C2Data-1221-Type3;51033.0000;DATA;1611602102.324098
/ndn/d10-site/d10/C2Data-3028-Type1;24363.0000;DATA;1611602102.986212
/ndn/s11-site/s11/C2Data-2502-Type3;24496.0000;DATA;1611602103.061162
/ndn/s0-site/s0/C2Data-3633-Type2;6001650.0000;TIMEOUT;1611602098.547202
/ndn/d3-site/d3/C2Data-2181-Type1;169229.0000;DATA;1611602104.488203
/ndn/d4-site/d4/C2Data-2302-Type2;216891.0000;DATA;1611602104.703758
/ndn/s13-site/s13/C2Data-5206-Type2;50390.0000;DATA;1611602105.918100
/ndn/d14-site/d14/C2Data-725-Type4;186693.0000;DATA;1611602107.671104
/ndn/h6-site/h6/C2Data-150-Type4;71495.0000;DATA;1611602107.940170
/ndn/h2-site/h2/C2Data-123-Type3;236468.0000;DATA;1611602108.738240
/ndn/s7-site/s7/C2Data-4480-Type2;6000530.0000;TIMEOUT;1611602103.961148
/ndn/s10-site/s10/C2Data-4843-Type2;6001414.0000;TIMEOUT;1611602108.798188
/ndn/d0-site/d0/C2Data-916-Type3;192299.0000;DATA;1611602114.908185
/ndn/s5-site/s5/C2Data-2136-Type3;6000639.0000;TIMEOUT;1611602112.125155
/ndn/d6-site/d6/C2Data-525-Type4;163134.0000;DATA;1611602119.594103
/ndn/d3-site/d3/C2Data-450-Type4;176443.0000;DATA;1611602121.682405
/ndn/d2-site/d2/C2Data-425-Type4;317602.0000;DATA;1611602125.769162
/ndn/d0-site/d0/C2Data-1819-Type2;202319.0000;DATA;1611602129.480177
/ndn/h14-site/h14/C2Data-1698-Type2;184116.0000;DATA;1611602134.035186
/ndn/v12-site/v12/C2Data-1050-Type4;262210.0000;DATA;1611602134.785188
/ndn/d12-site/d12/C2Data-3271-Type1;193273.0000;DATA;1611602135.308111
/ndn/h6-site/h6/C2Data-730-Type2;71619.0000;DATA;1611602137.950338
/ndn/h4-site/h4/C2Data-488-Type2;24317.0000;DATA;1611602138.423129
/ndn/d4-site/d4/C2Data-2303-Type2;211884.0000;DATA;1611602138.466183
/ndn/h14-site/h14/C2Data-1698-Type1;189374.0000;DATA;1611602138.954161
/ndn/d8-site/d8/C2Data-575-Type4;232864.0000;DATA;1611602142.075176
/ndn/s8-site/s8/C2Data-4602-Type1;6004408.0000;TIMEOUT;1611602136.562116
/ndn/s10-site/s10/C2Data-4844-Type1;6000290.0000;TIMEOUT;1611602137.718141
/ndn/h0-site/h0/C2Data-0-Type4;101763.0000;DATA;1611602145.421562
/ndn/v5-site/v5/C2Data-875-Type4;402258.0000;DATA;1611602145.948173
/ndn/h14-site/h14/C2Data-350-Type4;189710.0000;DATA;1611602150.245631
/ndn/v14-site/v14/C2Data-1100-Type4;98255.0000;DATA;1611602152.715170
/ndn/v4-site/v4/C2Data-5934-Type2;285225.0000;DATA;1611602159.994327
/ndn/d9-site/d9/C2Data-2909-Type1;119504.0000;DATA;1611602160.412217
/ndn/v8-site/v8/C2Data-6418-Type1;92614.0000;DATA;1611602160.731231
/ndn/d2-site/d2/C2Data-1039-Type3;213246.0000;DATA;1611602161.173482
/ndn/h4-site/h4/C2Data-100-Type4;23748.0000;DATA;1611602162.468207
/ndn/v5-site/v5/C2Data-6055-Type1;282900.0000;DATA;1611602162.809155
/ndn/h5-site/h5/C2Data-610-Type2;71952.0000;DATA;1611602163.795112
/ndn/h10-site/h10/C2Data-1215-Type1;194423.0000;DATA;1611602164.302175
/ndn/h0-site/h0/C2Data-2-Type3;64028.0000;DATA;1611602167.023232
/ndn/h2-site/h2/C2Data-247-Type2;242268.0000;DATA;1611602167.223321
/ndn/v3-site/v3/C2Data-2930-Type3;120412.0000;DATA;1611602169.647164
/ndn/s3-site/s3/C2Data-3998-Type1;6000678.0000;TIMEOUT;1611602164.233126
/ndn/h11-site/h11/C2Data-673-Type3;211310.0000;DATA;1611602172.531229
/ndn/s12-site/s12/C2Data-5087-Type1;6000252.0000;TIMEOUT;1611602167.003191
/ndn/v14-site/v14/C2Data-3601-Type3;95824.0000;DATA;1611602174.244158
/ndn/v13-site/v13/C2Data-3540-Type3;159528.0000;DATA;1611602174.265202
/ndn/s7-site/s7/C2Data-4482-Type1;6003165.0000;TIMEOUT;1611602168.514111
/ndn/d12-site/d12/C2Data-1649-Type3;196394.0000;DATA;1611602174.591179
/ndn/s9-site/s9/C2Data-4724-Type2;6000491.0000;TIMEOUT;1611602169.510090
/ndn/s1-site/s1/C2Data-1893-Type3;6000296.0000;TIMEOUT;1611602171.177193
/ndn/s12-site/s12/C2Data-2564-Type3;6014557.0000;TIMEOUT;1611602173.555200
/ndn/h4-site/h4/C2Data-490-Type1;24728.0000;DATA;1611602189.307124
/ndn/v0-site/v0/C2Data-5451-Type1;171841.0000;DATA;1611602191.293225
/ndn/h9-site/h9/C2Data-1095-Type1;94383.0000;DATA;1611602192.985196
/ndn/v4-site/v4/C2Data-5935-Type1;301029.0000;DATA;1611602193.644210
/ndn/v5-site/v5/C2Data-6056-Type2;299297.0000;DATA;1611602193.651131
/ndn/h1-site/h1/C2Data-127-Type2;197884.0000;DATA;1611602194.800185
/ndn/v3-site/v3/C2Data-5814-Type2;117807.0000;DATA;1611602195.132198
/ndn/h8-site/h8/C2Data-974-Type2;128284.0000;DATA;1611602196.389127
/ndn/v8-site/v8/C2Data-6419-Type2;94155.0000;DATA;1611602196.445298
/ndn/v5-site/v5/C2Data-6056-Type1;291076.0000;DATA;1611602197.545206
/ndn/s1-site/s1/C2Data-3757-Type2;6000355.0000;TIMEOUT;1611602192.914252
/ndn/h10-site/h10/C2Data-1216-Type2;192375.0000;DATA;1611602199.237183
/ndn/s8-site/s8/C2Data-4604-Type1;6000267.0000;TIMEOUT;1611602194.971155
/ndn/s12-site/s12/C2Data-5088-Type2;6001059.0000;TIMEOUT;1611602199.243138
/ndn/h9-site/h9/C2Data-552-Type3;103993.0000;DATA;1611602214.947128
/ndn/h5-site/h5/C2Data-612-Type2;72928.0000;DATA;1611602218.321113
/ndn/d2-site/d2/C2Data-2064-Type2;213939.0000;DATA;1611602218.733115
/ndn/h1-site/h1/C2Data-128-Type1;195890.0000;DATA;1611602219.182156
/ndn/h2-site/h2/C2Data-125-Type3;177668.0000;DATA;1611602220.562222
/ndn/v2-site/v2/C2Data-2870-Type3;167365.0000;DATA;1611602221.819093
/ndn/v14-site/v14/C2Data-7146-Type2;93720.0000;DATA;1611602221.951109
