/ndn/h4-site/h4/C2Data-484-Type2;79209.0000;DATA;1612717028.134370
/ndn/d2-site/d2/C2Data-1452-Type1;26909.0000;DATA;1612717031.193342
/ndn/h3-site/h3/C2Data-363-Type1;157810.0000;DATA;1612717032.030711
/ndn/s6-site/s6/C2Data-3146-Type2;54283.0000;DATA;1612717033.630145
/ndn/s7-site/s7/C2Data-3267-Type2;34025.0000;DATA;1612717034.441385
/ndn/s2-site/s2/C2Data-2662-Type2;126590.0000;DATA;1612717034.658375
/ndn/s5-site/s5/C2Data-3025-Type1;167662.0000;DATA;1612717035.720186
/ndn/v0-site/v0/C2Data-3630-Type2;54966.0000;DATA;1612717036.292709
/ndn/d7-site/d7/C2Data-2057-Type2;124346.0000;DATA;1612717037.674136
/ndn/d7-site/d7/C2Data-1037-Type3;154362.0000;DATA;1612717052.941657
/ndn/v9-site/v9/C2Data-2379-Type3;58635.0000;DATA;1612717054.064270
/ndn/s5-site/s5/C2Data-1525-Type3;152181.0000;DATA;1612717054.259612
/ndn/s7-site/s7/C2Data-1647-Type3;30963.0000;DATA;1612717055.299923
/ndn/h1-site/h1/C2Data-122-Type1;87037.0000;DATA;1612717059.103907
/ndn/d1-site/d1/C2Data-671-Type3;148488.0000;DATA;1612717060.561459
/ndn/h9-site/h9/C2Data-1090-Type2;102684.0000;DATA;1612717061.163445
/ndn/v6-site/v6/C2Data-4357-Type1;172899.0000;DATA;1612717061.661219
/ndn/h1-site/h1/C2Data-122-Type2;70786.0000;DATA;1612717063.337316
/ndn/s0-site/s0/C2Data-2421-Type1;169159.0000;DATA;1612717063.733769
/ndn/v1-site/v1/C2Data-1891-Type3;79311.0000;DATA;1612717063.910382
/ndn/s8-site/s8/C2Data-1708-Type3;140359.0000;DATA;1612717064.085470
/ndn/h8-site/h8/C2Data-969-Type1;140224.0000;DATA;1612717064.441094
/ndn/s8-site/s8/C2Data-3389-Type2;171875.0000;DATA;1612717066.705064
/ndn/d7-site/d7/C2Data-2058-Type2;118507.0000;DATA;1612717067.767076
/ndn/d8-site/d8/C2Data-1098-Type3;76576.0000;DATA;1612717070.063870
/ndn/v8-site/v8/C2Data-2318-Type3;102336.0000;DATA;1612717072.609296
/ndn/s3-site/s3/C2Data-1403-Type3;174798.0000;DATA;1612717072.938799
/ndn/h4-site/h4/C2Data-486-Type2;86031.0000;DATA;1612717086.653509
/ndn/v9-site/v9/C2Data-4721-Type2;66729.0000;DATA;1612717087.597309
/ndn/h4-site/h4/C2Data-486-Type1;74205.0000;DATA;1612717090.705113
/ndn/d2-site/d2/C2Data-1454-Type1;31083.0000;DATA;1612717093.932459
/ndn/v8-site/v8/C2Data-4600-Type1;119320.0000;DATA;1612717094.035677
/ndn/d3-site/d3/C2Data-1575-Type2;213386.0000;DATA;1612717094.227973
/ndn/d0-site/d0/C2Data-1212-Type1;186758.0000;DATA;1612717094.491722
/ndn/d8-site/d8/C2Data-2180-Type2;105731.0000;DATA;1612717095.147588
/ndn/d3-site/d3/C2Data-1575-Type1;224482.0000;DATA;1612717096.098778
/ndn/s7-site/s7/C2Data-3269-Type1;25935.0000;DATA;1612717096.593010
/ndn/s2-site/s2/C2Data-1343-Type3;132994.0000;DATA;1612717110.658973
/ndn/h4-site/h4/C2Data-245-Type3;91910.0000;DATA;1612717111.284423
/ndn/d2-site/d2/C2Data-733-Type3;31100.0000;DATA;1612717117.831986
/ndn/s3-site/s3/C2Data-2786-Type2;185331.0000;DATA;1612717118.333966
/ndn/h7-site/h7/C2Data-850-Type2;98498.0000;DATA;1612717118.443127
/ndn/d7-site/d7/C2Data-2060-Type2;179947.0000;DATA;1612717120.870215
/ndn/s2-site/s2/C2Data-2665-Type1;146476.0000;DATA;1612717122.214486
/ndn/s1-site/s1/C2Data-2544-Type1;202123.0000;DATA;1612717123.295741
/ndn/v0-site/v0/C2Data-3633-Type2;50573.0000;DATA;1612717123.757089
/ndn/d2-site/d2/C2Data-1455-Type2;28147.0000;DATA;1612717125.248556
/ndn/d8-site/d8/C2Data-2181-Type1;78750.0000;DATA;1612717125.622757
/ndn/s9-site/s9/C2Data-3512-Type2;198696.0000;DATA;1612717126.337228
/ndn/v5-site/v5/C2Data-625-Type4;722302.0000;DATA;1612717127.661750
/ndn/v8-site/v8/C2Data-4601-Type1;571914.0000;DATA;1612717128.338946
/ndn/h0-site/h0/C2Data-0-Type4;53828.0000;DATA;1612717140.821501
/ndn/h1-site/h1/C2Data-25-Type4;84761.0000;DATA;1612717147.493391
/ndn/d3-site/d3/C2Data-1577-Type2;206454.0000;DATA;1612717148.248487
/ndn/d1-site/d1/C2Data-1335-Type2;165725.0000;DATA;1612717148.396032
/ndn/h3-site/h3/C2Data-367-Type1;154450.0000;DATA;1612717149.611816
/ndn/s9-site/s9/C2Data-3513-Type2;201292.0000;DATA;1612717150.009305
/ndn/v1-site/v1/C2Data-3755-Type2;72285.0000;DATA;1612717150.997009
/ndn/h2-site/h2/C2Data-246-Type1;177584.0000;DATA;1612717150.930329
/ndn/d2-site/d2/C2Data-1456-Type1;32486.0000;DATA;1612717153.249624
/ndn/v4-site/v4/C2Data-4118-Type2;237338.0000;DATA;1612717155.781015
/ndn/v2-site/v2/C2Data-550-Type4;170840.0000;DATA;1612717157.538062
/ndn/h9-site/h9/C2Data-1093-Type2;98426.0000;DATA;1612717158.181020
/ndn/v3-site/v3/C2Data-2015-Type3;47090.0000;DATA;1612717171.503927
/ndn/h6-site/h6/C2Data-150-Type4;125314.0000;DATA;1612717173.553471
/ndn/v6-site/v6/C2Data-2198-Type3;178655.0000;DATA;1612717175.194918
/ndn/h2-site/h2/C2Data-124-Type3;175348.0000;DATA;1612717175.225110
/ndn/v9-site/v9/C2Data-2381-Type3;54076.0000;DATA;1612717176.163814
/ndn/h4-site/h4/C2Data-489-Type1;87259.0000;DATA;1612717176.860262
/ndn/h3-site/h3/C2Data-75-Type4;159553.0000;DATA;1612717179.378853
/ndn/v2-site/v2/C2Data-1954-Type3;151621.0000;DATA;1612717179.849088
/ndn/d0-site/d0/C2Data-1215-Type2;145139.0000;DATA;1612717180.734096
/ndn/h5-site/h5/C2Data-610-Type1;74569.0000;DATA;1612717182.019182
/ndn/h9-site/h9/C2Data-1094-Type1;101572.0000;DATA;1612717182.021794
/ndn/h5-site/h5/C2Data-610-Type2;78181.0000;DATA;1612717182.871706
/ndn/h1-site/h1/C2Data-126-Type2;80094.0000;DATA;1612717182.947031
/ndn/d7-site/d7/C2Data-1039-Type3;129200.0000;DATA;1612717184.036273
/ndn/d8-site/d8/C2Data-2183-Type1;84399.0000;DATA;1612717184.470506
/ndn/s4-site/s4/C2Data-1466-Type3;6000577.0000;TIMEOUT;1612717179.620043
/ndn/h2-site/h2/C2Data-247-Type2;182161.0000;DATA;1612717185.583210
/ndn/h3-site/h3/C2Data-368-Type1;170288.0000;DATA;1612717186.036824
/ndn/v5-site/v5/C2Data-2137-Type3;236018.0000;DATA;1612717187.511023
/ndn/d9-site/d9/C2Data-2304-Type2;72007.0000;DATA;1612717187.911203
/ndn/s3-site/s3/C2Data-1405-Type3;6000504.0000;TIMEOUT;1612717182.308082
/ndn/s8-site/s8/C2Data-3393-Type2;6001204.0000;TIMEOUT;1612717182.526185
/ndn/s0-site/s0/C2Data-1222-Type3;6000819.0000;TIMEOUT;1612717185.223403
/ndn/s7-site/s7/C2Data-3272-Type2;6001747.0000;TIMEOUT;1612717185.570259
/ndn/s3-site/s3/C2Data-2788-Type2;6001736.0000;TIMEOUT;1612717185.889663
/ndn/d0-site/d0/C2Data-612-Type3;160921.0000;DATA;1612717191.921916
/ndn/v6-site/v6/C2Data-4362-Type2;199658.0000;DATA;1612717208.551295
/ndn/d3-site/d3/C2Data-1579-Type1;200901.0000;DATA;1612717211.601795
/ndn/d2-site/d2/C2Data-1458-Type1;26187.0000;DATA;1612717212.788391
/ndn/d9-site/d9/C2Data-2305-Type2;89862.0000;DATA;1612717213.255493
/ndn/h7-site/h7/C2Data-853-Type1;100743.0000;DATA;1612717213.532552
/ndn/s0-site/s0/C2Data-2426-Type1;6001620.0000;TIMEOUT;1612717210.184312
/ndn/v0-site/v0/C2Data-3636-Type1;54094.0000;DATA;1612717217.130919
/ndn/v5-site/v5/C2Data-4241-Type2;250885.0000;DATA;1612717217.688059
/ndn/h9-site/h9/C2Data-1095-Type1;116207.0000;DATA;1612717218.099717
/ndn/s3-site/s3/C2Data-2789-Type1;6000946.0000;TIMEOUT;1612717216.660880
/ndn/s1-site/s1/C2Data-2547-Type2;6011692.0000;TIMEOUT;1612717217.873114
/ndn/d0-site/d0/C2Data-613-Type3;149756.0000;DATA;1612717235.903462
/ndn/s1-site/s1/C2Data-1284-Type3;6001370.0000;TIMEOUT;1612717230.855739
/ndn/d6-site/d6/C2Data-979-Type3;208567.0000;DATA;1612717236.814378
/ndn/h0-site/h0/C2Data-7-Type2;53336.0000;DATA;1612717236.999345
/ndn/d2-site/d2/C2Data-735-Type3;26444.0000;DATA;1612717237.768658
/ndn/v2-site/v2/C2Data-3879-Type1;155980.0000;DATA;1612717238.566001
/ndn/s2-site/s2/C2Data-2669-Type2;6001930.0000;TIMEOUT;1612717236.367735
/ndn/s0-site/s0/C2Data-1223-Type3;6000870.0000;TIMEOUT;1612717236.691667
/ndn/v2-site/v2/C2Data-3879-Type2;162702.0000;DATA;1612717242.561819
/ndn/h6-site/h6/C2Data-369-Type3;200242.0000;DATA;1612717244.075335
/ndn/d9-site/d9/C2Data-1162-Type3;85409.0000;DATA;1612717245.601857
/ndn/d5-site/d5/C2Data-918-Type3;75060.0000;DATA;1612717245.677278
/ndn/h8-site/h8/C2Data-975-Type1;130396.0000;DATA;1612717245.843240
/ndn/v9-site/v9/C2Data-4726-Type2;53094.0000;DATA;1612717246.362982
/ndn/h2-site/h2/C2Data-249-Type2;176658.0000;DATA;1612717246.656276
/ndn/s5-site/s5/C2Data-1528-Type3;6001728.0000;TIMEOUT;1612717242.095851
/ndn/s4-site/s4/C2Data-2911-Type2;6000664.0000;TIMEOUT;1612717243.300261
/ndn/v9-site/v9/C2Data-2382-Type3;58972.0000;DATA;1612717252.088624
/ndn/v3-site/v3/C2Data-2016-Type3;48331.0000;DATA;1612717252.628078
/ndn/h9-site/h9/C2Data-117-Type5;98473.0000;DATA;1612717253.206938
/ndn/d8-site/d8/C2Data-2186-Type1;77860.0000;DATA;1612717269.484547
/ndn/h5-site/h5/C2Data-613-Type1;78536.0000;DATA;1612717272.240265
/ndn/d6-site/d6/C2Data-1944-Type1;143098.0000;DATA;1612717273.213060
/ndn/s0-site/s0/C2Data-2428-Type2;6000790.0000;TIMEOUT;1612717269.653006
/ndn/v9-site/v9/C2Data-4727-Type1;57137.0000;DATA;1612717276.964042
/ndn/v6-site/v6/C2Data-4364-Type2;182791.0000;DATA;1612717278.275601
/ndn/h3-site/h3/C2Data-76-Type4;223220.0000;DATA;1612717282.746989
/ndn/d0-site/d0/C2Data-130-Type5;155300.0000;DATA;1612717289.673257
/ndn/d8-site/d8/C2Data-451-Type4;88518.0000;DATA;1612717291.036570
/ndn/v3-site/v3/C2Data-576-Type4;85496.0000;DATA;1612717295.787116
/ndn/v9-site/v9/C2Data-726-Type4;50045.0000;DATA;1612717297.403511
/ndn/h5-site/h5/C2Data-126-Type4;73590.0000;DATA;1612717297.672493
/ndn/d9-site/d9/C2Data-476-Type4;81376.0000;DATA;1612717298.844819
/ndn/h0-site/h0/C2Data-0-Type5;49464.0000;DATA;1612717299.836763
/ndn/h9-site/h9/C2Data-553-Type3;105673.0000;DATA;1612717300.621044
/ndn/h7-site/h7/C2Data-91-Type5;99874.0000;DATA;1612717301.022511
/ndn/d0-site/d0/C2Data-614-Type3;165834.0000;DATA;1612717301.136977
/ndn/d7-site/d7/C2Data-2066-Type1;133201.0000;DATA;1612717303.300663
/ndn/s8-site/s8/C2Data-1712-Type3;6001224.0000;TIMEOUT;1612717297.861327
/ndn/d2-site/d2/C2Data-301-Type4;28670.0000;DATA;1612717306.943157
/ndn/v0-site/v0/C2Data-1834-Type3;48113.0000;DATA;1612717307.455799
/ndn/v6-site/v6/C2Data-2200-Type3;180055.0000;DATA;1612717307.585898
/ndn/s7-site/s7/C2Data-1651-Type3;6013412.0000;TIMEOUT;1612717302.758104
/ndn/s3-site/s3/C2Data-1407-Type3;6000495.0000;TIMEOUT;1612717302.874996
/ndn/d1-site/d1/C2Data-675-Type3;214370.0000;DATA;1612717311.710983
/ndn/d1-site/d1/C2Data-276-Type4;152657.0000;DATA;1612717313.613839
/ndn/d8-site/d8/C2Data-1102-Type3;86272.0000;DATA;1612717314.346537
/ndn/d3-site/d3/C2Data-169-Type5;310055.0000;DATA;1612717314.680849
/ndn/d0-site/d0/C2Data-251-Type4;180390.0000;DATA;1612717318.573053
/ndn/d3-site/d3/C2Data-326-Type4;220344.0000;DATA;1612717322.355023
/ndn/h6-site/h6/C2Data-78-Type5;132441.0000;DATA;1612717326.442582
/ndn/d4-site/d4/C2Data-1704-Type1;26449.0000;DATA;1612717330.609905
/ndn/v5-site/v5/C2Data-4245-Type1;228127.0000;DATA;1612717330.888566
/ndn/v9-site/v9/C2Data-4729-Type1;55635.0000;DATA;1612717331.318933
/ndn/d5-site/d5/C2Data-1825-Type2;77802.0000;DATA;1612717333.474361
/ndn/s0-site/s0/C2Data-2430-Type1;6000738.0000;TIMEOUT;1612717328.721492
/ndn/h0-site/h0/C2Data-10-Type2;47931.0000;DATA;1612717335.035302
/ndn/h2-site/h2/C2Data-252-Type2;185867.0000;DATA;1612717335.731076
/ndn/d8-site/d8/C2Data-2188-Type2;73676.0000;DATA;1612717336.094284
/ndn/s0-site/s0/C2Data-2430-Type2;6001861.0000;TIMEOUT;1612717336.145600
/ndn/d8-site/d8/C2Data-234-Type5;96492.0000;DATA;1612717352.577670
/ndn/h6-site/h6/C2Data-737-Type1;130174.0000;DATA;1612717356.888153
/ndn/d0-site/d0/C2Data-1221-Type1;162249.0000;DATA;1612717357.892103
/ndn/d9-site/d9/C2Data-2310-Type2;84451.0000;DATA;1612717358.478285
/ndn/v8-site/v8/C2Data-4609-Type2;110810.0000;DATA;1612717358.633096
/ndn/h7-site/h7/C2Data-858-Type2;115258.0000;DATA;1612717358.748359
/ndn/d6-site/d6/C2Data-1947-Type2;148823.0000;DATA;1612717358.889118
/ndn/h8-site/h8/C2Data-979-Type2;127762.0000;DATA;1612717359.978921
/ndn/h5-site/h5/C2Data-616-Type2;74622.0000;DATA;1612717360.060071
/ndn/h2-site/h2/C2Data-127-Type3;175841.0000;DATA;1612717363.564351
/ndn/v3-site/v3/C2Data-4004-Type1;52322.0000;DATA;1612717365.031858
/ndn/v4-site/v4/C2Data-2079-Type3;241850.0000;DATA;1612717367.239764
/ndn/h7-site/h7/C2Data-432-Type3;109819.0000;DATA;1612717368.192030
/ndn/d3-site/d3/C2Data-798-Type3;214332.0000;DATA;1612717368.399002
/ndn/h3-site/h3/C2Data-188-Type3;149497.0000;DATA;1612717370.380873
/ndn/d0-site/d0/C2Data-615-Type3;605549.0000;DATA;1612717371.765447
/ndn/s4-site/s4/C2Data-2915-Type2;6001900.0000;TIMEOUT;1612717366.421828
/ndn/v1-site/v1/C2Data-1896-Type3;76881.0000;DATA;1612717374.191159
/ndn/h7-site/h7/C2Data-859-Type1;113024.0000;DATA;1612717388.327595
/ndn/v8-site/v8/C2Data-4610-Type2;118696.0000;DATA;1612717388.623850
/ndn/v6-site/v6/C2Data-4368-Type1;177271.0000;DATA;1612717388.832651
/ndn/d4-site/d4/C2Data-1706-Type1;28116.0000;DATA;1612717391.158355
/ndn/v5-site/v5/C2Data-4247-Type2;244954.0000;DATA;1612717391.005653
/ndn/h2-site/h2/C2Data-254-Type2;195332.0000;DATA;1612717393.335379
/ndn/s0-site/s0/C2Data-2432-Type1;6005172.0000;TIMEOUT;1612717390.160685
/ndn/d4-site/d4/C2Data-1706-Type2;30701.0000;DATA;1612717396.636323
/ndn/d1-site/d1/C2Data-1343-Type2;160089.0000;DATA;1612717397.213065
/ndn/s8-site/s8/C2Data-3400-Type2;6010157.0000;TIMEOUT;1612717392.942073
/ndn/s6-site/s6/C2Data-3158-Type2;6000437.0000;TIMEOUT;1612717395.402645
/ndn/h1-site/h1/C2Data-67-Type3;78608.0000;DATA;1612717416.320006
/ndn/d9-site/d9/C2Data-2312-Type1;74902.0000;DATA;1612717417.789022
/ndn/h7-site/h7/C2Data-433-Type3;100858.0000;DATA;1612717417.743995
/ndn/h4-site/h4/C2Data-250-Type3;91171.0000;DATA;1612717420.312969
/ndn/v2-site/v2/C2Data-1958-Type3;157265.0000;DATA;1612717420.285028
/ndn/h6-site/h6/C2Data-372-Type3;131232.0000;DATA;1612717423.600334
/ndn/d6-site/d6/C2Data-1949-Type2;153035.0000;DATA;1612717423.601921
/ndn/h9-site/h9/C2Data-555-Type3;108158.0000;DATA;1612717423.769098
/ndn/d6-site/d6/C2Data-982-Type3;164210.0000;DATA;1612717423.778928
/ndn/d7-site/d7/C2Data-1043-Type3;131611.0000;DATA;1612717425.289902
/ndn/s0-site/s0/C2Data-1226-Type3;6001527.0000;TIMEOUT;1612717420.518664
/ndn/s8-site/s8/C2Data-1714-Type3;6000494.0000;TIMEOUT;1612717420.703291
/ndn/v4-site/v4/C2Data-602-Type4;245746.0000;DATA;1612717426.886477
/ndn/s1-site/s1/C2Data-2554-Type2;6000476.0000;TIMEOUT;1612717421.999944
/ndn/s6-site/s6/C2Data-1592-Type3;6005834.0000;TIMEOUT;1612717422.457283
/ndn/h2-site/h2/C2Data-128-Type3;193543.0000;DATA;1612717428.411992
/ndn/s2-site/s2/C2Data-2675-Type2;6000820.0000;TIMEOUT;1612717423.421041
/ndn/s1-site/s1/C2Data-2554-Type1;6012297.0000;TIMEOUT;1612717424.248671
/ndn/s4-site/s4/C2Data-2917-Type2;6005623.0000;TIMEOUT;1612717424.886297
/ndn/s4-site/s4/C2Data-2917-Type1;6002760.0000;TIMEOUT;1612717426.654524
/ndn/s4-site/s4/C2Data-1470-Type3;6000725.0000;TIMEOUT;1612717427.420764
/ndn/h4-site/h4/C2Data-102-Type4;74320.0000;DATA;1612717446.739284
/ndn/v8-site/v8/C2Data-4612-Type1;102626.0000;DATA;1612717448.047705
/ndn/v8-site/v8/C2Data-702-Type4;110507.0000;DATA;1612717448.153619
/ndn/d8-site/d8/C2Data-2192-Type2;82076.0000;DATA;1612717448.468933
/ndn/h5-site/h5/C2Data-619-Type1;75364.0000;DATA;1612717451.283973
/ndn/h2-site/h2/C2Data-256-Type2;101631.0000;DATA;1612717451.407128
/ndn/d9-site/d9/C2Data-477-Type4;75326.0000;DATA;1612717453.714790
/ndn/s5-site/s5/C2Data-3039-Type2;6000383.0000;TIMEOUT;1612717448.051288
/ndn/v5-site/v5/C2Data-4249-Type1;262203.0000;DATA;1612717454.721059
/ndn/s1-site/s1/C2Data-2555-Type1;6013600.0000;TIMEOUT;1612717451.263861
/ndn/v9-site/v9/C2Data-727-Type4;87420.0000;DATA;1612717460.237972
/ndn/d8-site/d8/C2Data-452-Type4;81162.0000;DATA;1612717467.762651
/ndn/v0-site/v0/C2Data-502-Type4;57786.0000;DATA;1612717471.950907
/ndn/h7-site/h7/C2Data-177-Type4;157565.0000;DATA;1612717472.524324
/ndn/h9-site/h9/C2Data-1104-Type2;119958.0000;DATA;1612717477.170127
/ndn/h7-site/h7/C2Data-862-Type2;102034.0000;DATA;1612717478.284395
/ndn/d5-site/d5/C2Data-1830-Type1;72979.0000;DATA;1612717478.768756
/ndn/h4-site/h4/C2Data-499-Type2;75068.0000;DATA;1612717482.273043
/ndn/d7-site/d7/C2Data-2072-Type2;130322.0000;DATA;1612717483.746748
/ndn/d0-site/d0/C2Data-617-Type3;184128.0000;DATA;1612717484.542106
/ndn/d9-site/d9/C2Data-2314-Type2;85702.0000;DATA;1612717484.966920
/ndn/s8-site/s8/C2Data-3403-Type2;6000374.0000;TIMEOUT;1612717479.614474
/ndn/v9-site/v9/C2Data-2386-Type3;60686.0000;DATA;1612717486.078444
/ndn/d8-site/d8/C2Data-1105-Type3;91421.0000;DATA;1612717491.720973
/ndn/s7-site/s7/C2Data-1654-Type3;6002974.0000;TIMEOUT;1612717486.690288
/ndn/h2-site/h2/C2Data-258-Type2;182206.0000;DATA;1612717510.167714
/ndn/d2-site/d2/C2Data-1468-Type1;24514.0000;DATA;1612717515.296299
/ndn/s3-site/s3/C2Data-2799-Type2;6000546.0000;TIMEOUT;1612717510.999685
/ndn/v4-site/v4/C2Data-2082-Type3;383300.0000;DATA;1612717533.226788
/ndn/v5-site/v5/C2Data-2143-Type3;234534.0000;DATA;1612717537.925557
/ndn/d8-site/d8/C2Data-2195-Type2;571914.0000;DATA;1612717538.502258
/ndn/h5-site/h5/C2Data-313-Type3;80670.0000;DATA;1612717539.165146
/ndn/h8-site/h8/C2Data-496-Type3;134056.0000;DATA;1612717539.294240
/ndn/d0-site/d0/C2Data-618-Type3;167772.0000;DATA;1612717544.563894
/ndn/h4-site/h4/C2Data-501-Type2;76387.0000;DATA;1612717544.923150
/ndn/s4-site/s4/C2Data-2921-Type2;6000838.0000;TIMEOUT;1612717539.252039
/ndn/h3-site/h3/C2Data-380-Type2;155359.0000;DATA;1612717547.968631
/ndn/s3-site/s3/C2Data-1411-Type3;6001830.0000;TIMEOUT;1612717544.211777
/ndn/s0-site/s0/C2Data-2437-Type1;6001045.0000;TIMEOUT;1612717545.648347
/ndn/s9-site/s9/C2Data-1777-Type3;6000893.0000;TIMEOUT;1612717554.139427
/ndn/h4-site/h4/C2Data-502-Type2;81049.0000;DATA;1612717568.301478
/ndn/d5-site/d5/C2Data-1833-Type2;88280.0000;DATA;1612717568.661710
/ndn/v4-site/v4/C2Data-4132-Type1;185702.0000;DATA;1612717569.006050
/ndn/d1-site/d1/C2Data-1349-Type2;163354.0000;DATA;1612717569.702514
/ndn/h1-site/h1/C2Data-139-Type1;78957.0000;DATA;1612717571.136055
/ndn/v4-site/v4/C2Data-313-Type5;238001.0000;DATA;1612717572.677970
/ndn/v2-site/v2/C2Data-553-Type4;149724.0000;DATA;1612717572.882614
/ndn/v5-site/v5/C2Data-4253-Type2;242081.0000;DATA;1612717572.936363
/ndn/s0-site/s0/C2Data-2438-Type2;6000696.0000;TIMEOUT;1612717567.461564
/ndn/h9-site/h9/C2Data-1107-Type1;110316.0000;DATA;1612717573.731196
/ndn/v6-site/v6/C2Data-653-Type4;170172.0000;DATA;1612717574.197165
/ndn/h9-site/h9/C2Data-228-Type4;101971.0000;DATA;1612717575.668298
/ndn/v8-site/v8/C2Data-703-Type4;94444.0000;DATA;1612717575.748084
/ndn/d5-site/d5/C2Data-1833-Type1;84070.0000;DATA;1612717577.664951
/ndn/h5-site/h5/C2Data-623-Type1;80903.0000;DATA;1612717577.880230
/ndn/s5-site/s5/C2Data-3043-Type1;6000644.0000;TIMEOUT;1612717574.639009
/ndn/h6-site/h6/C2Data-153-Type4;121751.0000;DATA;1612717582.727088
/ndn/s0-site/s0/C2Data-2438-Type1;6001204.0000;TIMEOUT;1612717578.235465
/ndn/h5-site/h5/C2Data-314-Type3;83164.0000;DATA;1612717590.430355
/ndn/h5-site/h5/C2Data-128-Type4;74626.0000;DATA;1612717592.633408
/ndn/d5-site/d5/C2Data-378-Type4;79739.0000;DATA;1612717596.568134
/ndn/s9-site/s9/C2Data-1778-Type3;6004473.0000;TIMEOUT;1612717591.884899
/ndn/d7-site/d7/C2Data-1046-Type3;124533.0000;DATA;1612717598.344065
/ndn/d0-site/d0/C2Data-70-Type6;155773.0000;DATA;1612717599.151388
/ndn/d4-site/d4/C2Data-1713-Type2;26943.0000;DATA;1612717599.797339
/ndn/h4-site/h4/C2Data-503-Type1;77874.0000;DATA;1612717600.194186
/ndn/d2-site/d2/C2Data-157-Type5;32686.0000;DATA;1612717600.652120
/ndn/h2-site/h2/C2Data-131-Type3;167001.0000;DATA;1612717601.178312
/ndn/v8-site/v8/C2Data-2327-Type3;97476.0000;DATA;1612717601.416255
