/ndn/s6-site/s6/C2Data-3146-Type1;158944.0000;DATA;1612716189.802078
/ndn/v8-site/v8/C2Data-4598-Type1;73098.0000;DATA;1612716191.155610
/ndn/d4-site/d4/C2Data-1694-Type1;95710.0000;DATA;1612716193.961732
/ndn/h4-site/h4/C2Data-484-Type2;50037.0000;DATA;1612716194.990125
/ndn/v3-site/v3/C2Data-3993-Type1;167566.0000;DATA;1612716198.219423
/ndn/h1-site/h1/C2Data-121-Type2;107697.0000;DATA;1612716199.422511
/ndn/d4-site/d4/C2Data-1694-Type2;117899.0000;DATA;1612716200.099469
/ndn/d1-site/d1/C2Data-1331-Type1;221596.0000;DATA;1612716200.177177
/ndn/d2-site/d2/C2Data-1452-Type2;145616.0000;DATA;1612716200.992705
/ndn/h3-site/h3/C2Data-183-Type3;129282.0000;DATA;1612716221.493706
/ndn/s6-site/s6/C2Data-3147-Type2;157561.0000;DATA;1612716225.826628
/ndn/d9-site/d9/C2Data-2300-Type2;200271.0000;DATA;1612716226.029412
/ndn/d1-site/d1/C2Data-671-Type3;192991.0000;DATA;1612716226.368604
/ndn/s7-site/s7/C2Data-3268-Type1;133585.0000;DATA;1612716227.171341
/ndn/v5-site/v5/C2Data-4236-Type1;109981.0000;DATA;1612716228.368734
/ndn/d8-site/d8/C2Data-2179-Type1;203391.0000;DATA;1612716228.347590
/ndn/h0-site/h0/C2Data-0-Type3;175570.0000;DATA;1612716229.224149
/ndn/d6-site/d6/C2Data-1937-Type1;24786.0000;DATA;1612716229.502541
/ndn/d0-site/d0/C2Data-1211-Type2;24996.0000;DATA;1612716230.381331
/ndn/d3-site/d3/C2Data-793-Type3;73983.0000;DATA;1612716235.551956
/ndn/s5-site/s5/C2Data-3027-Type2;135104.0000;DATA;1612716251.682347
/ndn/v2-site/v2/C2Data-3874-Type2;237438.0000;DATA;1612716253.203615
/ndn/d4-site/d4/C2Data-1696-Type1;106082.0000;DATA;1612716253.807929
/ndn/h2-site/h2/C2Data-244-Type2;149981.0000;DATA;1612716259.289577
/ndn/h9-site/h9/C2Data-1091-Type1;220607.0000;DATA;1612716259.806547
/ndn/s3-site/s3/C2Data-1404-Type3;63496.0000;DATA;1612716276.580675
/ndn/h1-site/h1/C2Data-62-Type3;111890.0000;DATA;1612716277.593349
/ndn/h9-site/h9/C2Data-550-Type3;244946.0000;DATA;1612716279.271143
/ndn/d2-site/d2/C2Data-1455-Type1;162566.0000;DATA;1612716279.988057
/ndn/d6-site/d6/C2Data-1939-Type1;32705.0000;DATA;1612716280.179717
/ndn/s9-site/s9/C2Data-3512-Type1;76112.0000;DATA;1612716280.412083
/ndn/v5-site/v5/C2Data-4238-Type2;106235.0000;DATA;1612716281.953010
/ndn/d5-site/d5/C2Data-1818-Type2;236184.0000;DATA;1612716283.775937
/ndn/d9-site/d9/C2Data-2302-Type1;212052.0000;DATA;1612716284.567634
/ndn/d0-site/d0/C2Data-1213-Type2;25039.0000;DATA;1612716284.773230
/ndn/v9-site/v9/C2Data-2380-Type3;171926.0000;DATA;1612716286.235908
/ndn/h1-site/h1/C2Data-124-Type1;103530.0000;DATA;1612716286.614256
/ndn/h3-site/h3/C2Data-184-Type3;135992.0000;DATA;1612716287.502895
/ndn/d8-site/d8/C2Data-1099-Type3;207944.0000;DATA;1612716287.717339
/ndn/v6-site/v6/C2Data-4359-Type2;136904.0000;DATA;1612716288.539869
/ndn/v0-site/v0/C2Data-3633-Type2;73242.0000;DATA;1612716288.639967
/ndn/v6-site/v6/C2Data-650-Type4;122073.0000;DATA;1612716289.444785
/ndn/h5-site/h5/C2Data-608-Type1;84614.0000;DATA;1612716290.890867
/ndn/v1-site/v1/C2Data-1892-Type3;100613.0000;DATA;1612716295.943125
/ndn/d8-site/d8/C2Data-450-Type4;212655.0000;DATA;1612716295.399308
/ndn/d1-site/d1/C2Data-275-Type4;285386.0000;DATA;1612716303.634804
/ndn/h4-site/h4/C2Data-100-Type4;58698.0000;DATA;1612716307.281756
/ndn/d0-site/d0/C2Data-1214-Type1;443509.0000;DATA;1612716310.155282
/ndn/d6-site/d6/C2Data-1940-Type1;28275.0000;DATA;1612716310.916949
/ndn/d9-site/d9/C2Data-2303-Type1;220042.0000;DATA;1612716313.369355
/ndn/d1-site/d1/C2Data-1335-Type2;173867.0000;DATA;1612716316.658658
/ndn/v7-site/v7/C2Data-4481-Type1;121306.0000;DATA;1612716316.743318
/ndn/h7-site/h7/C2Data-851-Type1;27657.0000;DATA;1612716317.965461
/ndn/v3-site/v3/C2Data-575-Type4;175384.0000;DATA;1612716319.079420
/ndn/s0-site/s0/C2Data-2424-Type2;6001252.0000;TIMEOUT;1612716315.413780
/ndn/s2-site/s2/C2Data-2666-Type2;6001554.0000;TIMEOUT;1612716317.363938
/ndn/v8-site/v8/C2Data-700-Type4;265427.0000;DATA;1612716326.386263
/ndn/v2-site/v2/C2Data-550-Type4;329542.0000;DATA;1612716328.261992
/ndn/v7-site/v7/C2Data-2259-Type3;129207.0000;DATA;1612716333.817343
/ndn/v6-site/v6/C2Data-2198-Type3;119652.0000;DATA;1612716336.232048
/ndn/d9-site/d9/C2Data-1161-Type3;201969.0000;DATA;1612716337.152131
/ndn/d8-site/d8/C2Data-1100-Type3;208957.0000;DATA;1612716337.168076
/ndn/v2-site/v2/C2Data-1954-Type3;209558.0000;DATA;1612716338.032622
/ndn/s9-site/s9/C2Data-1771-Type3;6000972.0000;TIMEOUT;1612716335.104566
/ndn/v3-site/v3/C2Data-2015-Type3;193676.0000;DATA;1612716341.947880
/ndn/h5-site/h5/C2Data-307-Type3;76825.0000;DATA;1612716342.829248
/ndn/h1-site/h1/C2Data-63-Type3;98386.0000;DATA;1612716343.478345
/ndn/v7-site/v7/C2Data-4482-Type1;129606.0000;DATA;1612716343.885501
/ndn/v2-site/v2/C2Data-3877-Type2;207704.0000;DATA;1612716343.808255
/ndn/d5-site/d5/C2Data-1820-Type2;211283.0000;DATA;1612716343.938014
/ndn/v0-site/v0/C2Data-3635-Type1;76308.0000;DATA;1612716344.274954
/ndn/d1-site/d1/C2Data-1336-Type1;211595.0000;DATA;1612716344.700965
/ndn/d5-site/d5/C2Data-917-Type3;237573.0000;DATA;1612716344.719897
/ndn/h3-site/h3/C2Data-185-Type3;139819.0000;DATA;1612716345.258902
/ndn/s3-site/s3/C2Data-2788-Type1;6001926.0000;TIMEOUT;1612716340.474608
/ndn/v6-site/v6/C2Data-4361-Type2;141917.0000;DATA;1612716348.272122
/ndn/d9-site/d9/C2Data-2304-Type2;676193.0000;DATA;1612716349.264050
/ndn/s0-site/s0/C2Data-2425-Type1;6000530.0000;TIMEOUT;1612716344.135821
/ndn/d1-site/d1/C2Data-1336-Type2;696282.0000;DATA;1612716351.083128
/ndn/s2-site/s2/C2Data-2667-Type1;6001304.0000;TIMEOUT;1612716347.841022
/ndn/v4-site/v4/C2Data-2076-Type3;102112.0000;DATA;1612716356.104329
/ndn/d3-site/d3/C2Data-795-Type3;75280.0000;DATA;1612716356.200479
/ndn/h0-site/h0/C2Data-6-Type1;172453.0000;DATA;1612716372.480519
/ndn/v6-site/v6/C2Data-4362-Type2;161497.0000;DATA;1612716377.898830
/ndn/d9-site/d9/C2Data-2305-Type2;212664.0000;DATA;1612716378.743204
/ndn/s3-site/s3/C2Data-2789-Type2;6002433.0000;TIMEOUT;1612716375.975308
/ndn/h1-site/h1/C2Data-128-Type1;101154.0000;DATA;1612716399.785169
/ndn/h6-site/h6/C2Data-733-Type1;26217.0000;DATA;1612716402.636465
/ndn/d7-site/d7/C2Data-2064-Type2;211249.0000;DATA;1612716403.501313
/ndn/h7-site/h7/C2Data-430-Type3;25205.0000;DATA;1612716403.844942
/ndn/s8-site/s8/C2Data-3395-Type1;6000370.0000;TIMEOUT;1612716399.734036
/ndn/d7-site/d7/C2Data-1040-Type3;204949.0000;DATA;1612716407.789291
/ndn/v8-site/v8/C2Data-2321-Type3;75859.0000;DATA;1612716408.129013
/ndn/v7-site/v7/C2Data-4484-Type1;119028.0000;DATA;1612716408.468369
/ndn/d4-site/d4/C2Data-1701-Type1;100091.0000;DATA;1612716408.597516
/ndn/v0-site/v0/C2Data-3637-Type1;74164.0000;DATA;1612716409.765946
/ndn/h2-site/h2/C2Data-249-Type1;154051.0000;DATA;1612716410.802607
/ndn/d9-site/d9/C2Data-2306-Type2;196029.0000;DATA;1612716410.774925
/ndn/v8-site/v8/C2Data-364-Type5;80052.0000;DATA;1612716411.066756
/ndn/h0-site/h0/C2Data-7-Type1;180078.0000;DATA;1612716411.050706
/ndn/s9-site/s9/C2Data-1772-Type3;6000816.0000;TIMEOUT;1612716405.937349
/ndn/v3-site/v3/C2Data-2016-Type3;173443.0000;DATA;1612716412.050145
/ndn/s6-site/s6/C2Data-1589-Type3;6002651.0000;TIMEOUT;1612716406.535199
/ndn/s9-site/s9/C2Data-3516-Type2;6020528.0000;TIMEOUT;1612716407.539402
/ndn/v7-site/v7/C2Data-4485-Type1;124945.0000;DATA;1612716430.073626
/ndn/h7-site/h7/C2Data-855-Type1;32539.0000;DATA;1612716435.962131
/ndn/h4-site/h4/C2Data-492-Type2;68457.0000;DATA;1612716436.744985
/ndn/s1-site/s1/C2Data-2549-Type1;6001097.0000;TIMEOUT;1612716431.286991
/ndn/d0-site/d0/C2Data-1218-Type1;27838.0000;DATA;1612716437.939511
/ndn/s6-site/s6/C2Data-3154-Type2;6000594.0000;TIMEOUT;1612716437.594144
/ndn/s6-site/s6/C2Data-3154-Type1;6001568.0000;TIMEOUT;1612716438.820069
/ndn/s1-site/s1/C2Data-2549-Type2;6001791.0000;TIMEOUT;1612716440.749792
/ndn/v1-site/v1/C2Data-273-Type5;247091.0000;DATA;1612716448.308510
/ndn/d1-site/d1/C2Data-143-Type5;246143.0000;DATA;1612716449.371729
/ndn/v8-site/v8/C2Data-701-Type4;103612.0000;DATA;1612716451.568148
/ndn/d4-site/d4/C2Data-858-Type3;106226.0000;DATA;1612716455.002796
/ndn/d8-site/d8/C2Data-451-Type4;206561.0000;DATA;1612716456.770949
/ndn/h2-site/h2/C2Data-126-Type3;167080.0000;DATA;1612716457.067060
/ndn/d3-site/d3/C2Data-1582-Type2;75238.0000;DATA;1612716461.500584
/ndn/v8-site/v8/C2Data-4607-Type2;81638.0000;DATA;1612716461.728453
/ndn/h4-site/h4/C2Data-248-Type3;61657.0000;DATA;1612716463.532670
/ndn/d4-site/d4/C2Data-1703-Type1;106856.0000;DATA;1612716464.115684
/ndn/d2-site/d2/C2Data-736-Type3;149480.0000;DATA;1612716467.656411
/ndn/s5-site/s5/C2Data-1529-Type3;6002095.0000;TIMEOUT;1612716461.956594
/ndn/v2-site/v2/C2Data-1956-Type3;196686.0000;DATA;1612716468.660162
/ndn/h6-site/h6/C2Data-735-Type1;25423.0000;DATA;1612716469.296998
/ndn/v2-site/v2/C2Data-3881-Type1;188290.0000;DATA;1612716469.615158
/ndn/v6-site/v6/C2Data-2200-Type3;121916.0000;DATA;1612716471.502761
/ndn/d7-site/d7/C2Data-1041-Type3;211082.0000;DATA;1612716471.702678
/ndn/s4-site/s4/C2Data-2913-Type1;6001544.0000;TIMEOUT;1612716468.269059
/ndn/v0-site/v0/C2Data-1834-Type3;76979.0000;DATA;1612716474.275916
/ndn/s2-site/s2/C2Data-2671-Type1;6001058.0000;TIMEOUT;1612716470.290418
/ndn/d1-site/d1/C2Data-675-Type3;697077.0000;DATA;1612716477.046108
/ndn/s4-site/s4/C2Data-1468-Type3;6002502.0000;TIMEOUT;1612716476.603938
/ndn/v2-site/v2/C2Data-551-Type4;346061.0000;DATA;1612716486.811674
/ndn/d9-site/d9/C2Data-247-Type5;209751.0000;DATA;1612716494.520274
/ndn/h4-site/h4/C2Data-494-Type1;49658.0000;DATA;1612716496.094456
/ndn/d7-site/d7/C2Data-2067-Type2;190886.0000;DATA;1612716496.926179
/ndn/s0-site/s0/C2Data-2430-Type1;6007216.0000;TIMEOUT;1612716495.438299
/ndn/s7-site/s7/C2Data-3277-Type2;6004252.0000;TIMEOUT;1612716495.540694
/ndn/d3-site/d3/C2Data-798-Type3;75214.0000;DATA;1612716515.455279
/ndn/h0-site/h0/C2Data-5-Type3;176204.0000;DATA;1612716519.781100
/ndn/v1-site/v1/C2Data-3762-Type1;100726.0000;DATA;1612716521.620141
/ndn/h3-site/h3/C2Data-374-Type2;127223.0000;DATA;1612716523.746916
/ndn/h0-site/h0/C2Data-11-Type1;183372.0000;DATA;1612716524.554431
/ndn/s3-site/s3/C2Data-1408-Type3;6000437.0000;TIMEOUT;1612716519.065158
/ndn/v3-site/v3/C2Data-4004-Type1;172304.0000;DATA;1612716525.072203
/ndn/s5-site/s5/C2Data-1530-Type3;6000417.0000;TIMEOUT;1612716520.997730
/ndn/d9-site/d9/C2Data-2310-Type1;226150.0000;DATA;1612716527.395311
/ndn/d6-site/d6/C2Data-1947-Type1;28958.0000;DATA;1612716527.858145
/ndn/h0-site/h0/C2Data-11-Type2;185442.0000;DATA;1612716529.243636
/ndn/h7-site/h7/C2Data-432-Type3;26511.0000;DATA;1612716529.707231
/ndn/v4-site/v4/C2Data-2079-Type3;123599.0000;DATA;1612716530.056143
/ndn/v1-site/v1/C2Data-1896-Type3;107044.0000;DATA;1612716531.137977
/ndn/s0-site/s0/C2Data-2431-Type2;6000684.0000;TIMEOUT;1612716526.954310
/ndn/d1-site/d1/C2Data-676-Type3;180770.0000;DATA;1612716532.756986
/ndn/s1-site/s1/C2Data-2552-Type2;6009162.0000;TIMEOUT;1612716528.325749
/ndn/s6-site/s6/C2Data-3157-Type1;6010313.0000;TIMEOUT;1612716528.591621
/ndn/s8-site/s8/C2Data-3399-Type2;6002428.0000;TIMEOUT;1612716531.299684
/ndn/v0-site/v0/C2Data-3642-Type2;114847.0000;DATA;1612716550.433884
/ndn/v1-site/v1/C2Data-3763-Type2;102662.0000;DATA;1612716551.580861
/ndn/h2-site/h2/C2Data-254-Type1;155617.0000;DATA;1612716554.547518
/ndn/v9-site/v9/C2Data-4731-Type1;174045.0000;DATA;1612716555.009580
/ndn/v7-site/v7/C2Data-4489-Type1;128968.0000;DATA;1612716555.458960
/ndn/v6-site/v6/C2Data-4368-Type2;143406.0000;DATA;1612716556.161410
/ndn/s4-site/s4/C2Data-2916-Type1;6001930.0000;TIMEOUT;1612716551.583916
/ndn/h5-site/h5/C2Data-617-Type1;115538.0000;DATA;1612716558.524462
/ndn/v1-site/v1/C2Data-3763-Type1;110667.0000;DATA;1612716561.083979
/ndn/d8-site/d8/C2Data-2190-Type1;205553.0000;DATA;1612716561.254982
/ndn/s2-site/s2/C2Data-2674-Type2;6013444.0000;TIMEOUT;1612716559.359883
/ndn/s3-site/s3/C2Data-2795-Type2;6010263.0000;TIMEOUT;1612716559.466695
/ndn/v2-site/v2/C2Data-1958-Type3;214797.0000;DATA;1612716574.883296
/ndn/v3-site/v3/C2Data-4006-Type2;176809.0000;DATA;1612716579.889355
/ndn/v8-site/v8/C2Data-2324-Type3;77868.0000;DATA;1612716580.154231
/ndn/d1-site/d1/C2Data-1344-Type1;170760.0000;DATA;1612716580.073601
/ndn/d0-site/d0/C2Data-1223-Type1;37664.0000;DATA;1612716581.057784
/ndn/d0-site/d0/C2Data-1223-Type2;35830.0000;DATA;1612716583.336920
/ndn/h5-site/h5/C2Data-618-Type2;90529.0000;DATA;1612716586.723423
/ndn/v8-site/v8/C2Data-4611-Type1;99502.0000;DATA;1612716587.121786
/ndn/s4-site/s4/C2Data-2917-Type2;6003984.0000;TIMEOUT;1612716583.388022
/ndn/h4-site/h4/C2Data-497-Type2;61259.0000;DATA;1612716590.012590
/ndn/d6-site/d6/C2Data-1949-Type1;25977.0000;DATA;1612716590.955925
/ndn/s2-site/s2/C2Data-2675-Type2;6000762.0000;TIMEOUT;1612716587.199927
/ndn/s1-site/s1/C2Data-1287-Type3;6002892.0000;TIMEOUT;1612716588.785044
/ndn/s2-site/s2/C2Data-1348-Type3;6000497.0000;TIMEOUT;1612716592.710934
/ndn/h1-site/h1/C2Data-27-Type4;110762.0000;DATA;1612716600.877203
/ndn/d9-site/d9/C2Data-477-Type4;245596.0000;DATA;1612716601.900939
/ndn/s7-site/s7/C2Data-1653-Type3;6003051.0000;TIMEOUT;1612716596.436243
/ndn/v8-site/v8/C2Data-702-Type4;74355.0000;DATA;1612716606.338482
/ndn/h4-site/h4/C2Data-498-Type1;64022.0000;DATA;1612716614.660288
/ndn/d7-site/d7/C2Data-2071-Type2;245730.0000;DATA;1612716614.460016
/ndn/v1-site/v1/C2Data-3765-Type2;136914.0000;DATA;1612716614.881223
/ndn/h5-site/h5/C2Data-127-Type4;100531.0000;DATA;1612716615.261677
/ndn/v5-site/v5/C2Data-4249-Type1;138128.0000;DATA;1612716615.240681
/ndn/s7-site/s7/C2Data-3281-Type1;6000459.0000;TIMEOUT;1612716609.595949
/ndn/v9-site/v9/C2Data-4733-Type2;208741.0000;DATA;1612716617.259775
/ndn/s4-site/s4/C2Data-2918-Type2;6000853.0000;TIMEOUT;1612716612.263147
/ndn/s5-site/s5/C2Data-3039-Type2;6011974.0000;TIMEOUT;1612716613.306519
/ndn/d0-site/d0/C2Data-1224-Type2;28284.0000;DATA;1612716620.599628
/ndn/h6-site/h6/C2Data-152-Type4;29372.0000;DATA;1612716621.797305
/ndn/s9-site/s9/C2Data-3523-Type1;6001435.0000;TIMEOUT;1612716615.963221
/ndn/s3-site/s3/C2Data-2797-Type2;6004928.0000;TIMEOUT;1612716616.671929
/ndn/s2-site/s2/C2Data-2676-Type2;6005196.0000;TIMEOUT;1612716617.640995
/ndn/s9-site/s9/C2Data-3523-Type2;6001020.0000;TIMEOUT;1612716619.447742
/ndn/s0-site/s0/C2Data-2434-Type1;6003629.0000;TIMEOUT;1612716620.498897
/ndn/v7-site/v7/C2Data-677-Type4;142183.0000;DATA;1612716630.078090
/ndn/v4-site/v4/C2Data-4129-Type1;98489.0000;DATA;1612716640.699718
/ndn/d5-site/d5/C2Data-922-Type3;204789.0000;DATA;1612716640.748875
/ndn/h7-site/h7/C2Data-862-Type1;27016.0000;DATA;1612716640.979930
/ndn/h7-site/h7/C2Data-862-Type2;38265.0000;DATA;1612716644.967522
/ndn/h5-site/h5/C2Data-620-Type2;78132.0000;DATA;1612716645.090917
/ndn/v2-site/v2/C2Data-1959-Type3;195778.0000;DATA;1612716645.186874
/ndn/s5-site/s5/C2Data-1532-Type3;6002141.0000;TIMEOUT;1612716640.518979
/ndn/h1-site/h1/C2Data-68-Type3;97717.0000;DATA;1612716647.375215
/ndn/s2-site/s2/C2Data-2677-Type2;6002677.0000;TIMEOUT;1612716641.467097
/ndn/v5-site/v5/C2Data-4250-Type1;100951.0000;DATA;1612716647.416953
/ndn/s1-site/s1/C2Data-2556-Type2;6000857.0000;TIMEOUT;1612716641.538319
/ndn/d4-site/d4/C2Data-98-Type6;98556.0000;DATA;1612716647.765986
/ndn/d0-site/d0/C2Data-70-Type6;27629.0000;DATA;1612716648.903287
/ndn/v0-site/v0/C2Data-3645-Type2;72718.0000;DATA;1612716648.997364
/ndn/s4-site/s4/C2Data-2919-Type1;6000571.0000;TIMEOUT;1612716644.922367
/ndn/d1-site/d1/C2Data-678-Type3;178136.0000;DATA;1612716654.866878
/ndn/s2-site/s2/C2Data-1349-Type3;6001271.0000;TIMEOUT;1612716650.004889
/ndn/s8-site/s8/C2Data-1715-Type3;6002372.0000;TIMEOUT;1612716657.239104
/ndn/v6-site/v6/C2Data-4372-Type1;121689.0000;DATA;1612716669.910078
/ndn/d9-site/d9/C2Data-2315-Type2;276529.0000;DATA;1612716670.288990
/ndn/h5-site/h5/C2Data-621-Type1;77787.0000;DATA;1612716672.317468
/ndn/d1-site/d1/C2Data-1347-Type1;171490.0000;DATA;1612716674.108659
/ndn/d6-site/d6/C2Data-1952-Type1;24759.0000;DATA;1612716676.455353
/ndn/v4-site/v4/C2Data-4130-Type1;96710.0000;DATA;1612716676.710852
/ndn/h6-site/h6/C2Data-742-Type2;26680.0000;DATA;1612716677.336479
/ndn/v3-site/v3/C2Data-4009-Type2;177849.0000;DATA;1612716677.355758
/ndn/h1-site/h1/C2Data-137-Type1;95704.0000;DATA;1612716678.339029
/ndn/v8-site/v8/C2Data-4614-Type1;76100.0000;DATA;1612716678.670245
/ndn/d8-site/d8/C2Data-2194-Type1;194809.0000;DATA;1612716678.725049
/ndn/s5-site/s5/C2Data-3041-Type2;6001293.0000;TIMEOUT;1612716672.990160
/ndn/d4-site/d4/C2Data-1710-Type1;105006.0000;DATA;1612716679.018779
/ndn/s9-site/s9/C2Data-3525-Type2;6000570.0000;TIMEOUT;1612716674.525901
/ndn/h1-site/h1/C2Data-137-Type2;97460.0000;DATA;1612716680.693950
/ndn/d1-site/d1/C2Data-77-Type6;198267.0000;DATA;1612716692.780837
/ndn/h5-site/h5/C2Data-313-Type3;87205.0000;DATA;1612716697.900115
/ndn/s3-site/s3/C2Data-1411-Type3;6002397.0000;TIMEOUT;1612716694.402296
/ndn/h1-site/h1/C2Data-138-Type2;95984.0000;DATA;1612716702.335713
/ndn/h9-site/h9/C2Data-1106-Type1;225796.0000;DATA;1612716704.120957
/ndn/h1-site/h1/C2Data-69-Type3;108725.0000;DATA;1612716705.593865
/ndn/v9-site/v9/C2Data-2387-Type3;174471.0000;DATA;1612716705.644584
/ndn/d3-site/d3/C2Data-801-Type3;74037.0000;DATA;1612716706.431373
/ndn/h4-site/h4/C2Data-501-Type2;52859.0000;DATA;1612716706.661923
/ndn/s5-site/s5/C2Data-3042-Type1;6000757.0000;TIMEOUT;1612716701.400988
/ndn/d9-site/d9/C2Data-1167-Type3;209556.0000;DATA;1612716708.271994
/ndn/s3-site/s3/C2Data-2800-Type1;6000360.0000;TIMEOUT;1612716702.939177
/ndn/v8-site/v8/C2Data-2326-Type3;75058.0000;DATA;1612716709.039305
/ndn/v4-site/v4/C2Data-2082-Type3;95324.0000;DATA;1612716709.649144
/ndn/d5-site/d5/C2Data-105-Type6;192888.0000;DATA;1612716710.103757
/ndn/s5-site/s5/C2Data-1533-Type3;6001167.0000;TIMEOUT;1612716704.461891
/ndn/s9-site/s9/C2Data-1777-Type3;6000546.0000;TIMEOUT;1612716704.589355
/ndn/h0-site/h0/C2Data-8-Type3;172632.0000;DATA;1612716710.552095
/ndn/d7-site/d7/C2Data-222-Type5;207179.0000;DATA;1612716710.590340
/ndn/v5-site/v5/C2Data-4252-Type1;100130.0000;DATA;1612716711.108871
/ndn/s1-site/s1/C2Data-2558-Type1;6000649.0000;TIMEOUT;1612716705.618989
/ndn/s6-site/s6/C2Data-3163-Type2;6002505.0000;TIMEOUT;1612716707.948145
/ndn/v0-site/v0/C2Data-1838-Type3;76439.0000;DATA;1612716716.427336
/ndn/v4-site/v4/C2Data-4132-Type1;104666.0000;DATA;1612716732.191139
/ndn/v9-site/v9/C2Data-4737-Type1;197825.0000;DATA;1612716736.235356
/ndn/s0-site/s0/C2Data-2438-Type2;6001886.0000;TIMEOUT;1612716731.153050
/ndn/s9-site/s9/C2Data-3527-Type2;6001649.0000;TIMEOUT;1612716731.880272
/ndn/v6-site/v6/C2Data-4374-Type2;129586.0000;DATA;1612716740.316276
/ndn/s2-site/s2/C2Data-2680-Type1;6002120.0000;TIMEOUT;1612716737.302094
/ndn/v7-site/v7/C2Data-189-Type6;126157.0000;DATA;1612716751.533010
/ndn/h0-site/h0/C2Data-3-Type4;193737.0000;DATA;1612716753.264322
/ndn/d6-site/d6/C2Data-403-Type4;31320.0000;DATA;1612716753.727323
/ndn/v1-site/v1/C2Data-1900-Type3;99670.0000;DATA;1612716757.423970
/ndn/h9-site/h9/C2Data-228-Type4;244766.0000;DATA;1612716758.498965
/ndn/v9-site/v9/C2Data-4738-Type2;178504.0000;DATA;1612716759.619958
/ndn/v4-site/v4/C2Data-4133-Type1;97802.0000;DATA;1612716760.996344
/ndn/v5-site/v5/C2Data-326-Type5;97875.0000;DATA;1612716761.978158
/ndn/s8-site/s8/C2Data-1717-Type3;6001795.0000;TIMEOUT;1612716757.328015
/ndn/v9-site/v9/C2Data-2388-Type3;171405.0000;DATA;1612716763.195476
/ndn/d0-site/d0/C2Data-619-Type3;25048.0000;DATA;1612716763.632882
/ndn/d3-site/d3/C2Data-1592-Type2;79573.0000;DATA;1612716763.825519
/ndn/h2-site/h2/C2Data-261-Type1;150911.0000;DATA;1612716764.442295
