/ndn/v2-site/v2/C2Data-5687-Type2;526.0000;NACK;1611610901.195424
/ndn/d8-site/d8/C2Data-2783-Type1;194827.0000;DATA;1611610903.644356
/ndn/v1-site/v1/C2Data-5566-Type1;442.0000;NACK;1611610905.920351
/ndn/d1-site/d1/C2Data-1936-Type1;545.0000;NACK;1611610906.363347
/ndn/v10-site/v10/C2Data-6655-Type2;426.0000;NACK;1611610906.714328
/ndn/h1-site/h1/C2Data-121-Type2;130423.0000;DATA;1611610906.742389
/ndn/d13-site/d13/C2Data-3388-Type2;94827.0000;DATA;1611610908.675412
/ndn/s0-site/s0/C2Data-3630-Type1;121970.0000;DATA;1611610910.565327
/ndn/s1-site/s1/C2Data-3751-Type2;171171.0000;DATA;1611610911.389251
/ndn/h5-site/h5/C2Data-305-Type3;55057.0000;DATA;1611610927.884322
/ndn/h11-site/h11/C2Data-1332-Type2;119350.0000;DATA;1611610931.661330
/ndn/s6-site/s6/C2Data-2196-Type3;166402.0000;DATA;1611610932.447330
/ndn/s7-site/s7/C2Data-4478-Type1;143008.0000;DATA;1611610932.758408
/ndn/h10-site/h10/C2Data-610-Type3;167187.0000;DATA;1611610933.750408
/ndn/h12-site/h12/C2Data-732-Type3;147274.0000;DATA;1611610935.889416
/ndn/h3-site/h3/C2Data-364-Type2;217091.0000;DATA;1611610935.960408
/ndn/v7-site/v7/C2Data-6293-Type2;21217.0000;NACK;1611610937.206310
/ndn/d12-site/d12/C2Data-1647-Type3;164434.0000;DATA;1611610937.350832
/ndn/d13-site/d13/C2Data-1708-Type3;97061.0000;DATA;1611610937.870027
/ndn/s10-site/s10/C2Data-4841-Type2;121513.0000;DATA;1611610937.904475
/ndn/h10-site/h10/C2Data-1211-Type2;172330.0000;DATA;1611610939.147382
/ndn/h13-site/h13/C2Data-793-Type3;23656.0000;DATA;1611610940.407354
/ndn/h11-site/h11/C2Data-1332-Type1;122799.0000;DATA;1611610941.630325
/ndn/v10-site/v10/C2Data-3355-Type3;45121.0000;NACK;1611610945.856434
/ndn/v12-site/v12/C2Data-6899-Type2;21920.0000;NACK;1611610962.382356
/ndn/v9-site/v9/C2Data-6536-Type2;121323.0000;DATA;1611610964.062460
/ndn/v13-site/v13/C2Data-7020-Type2;47179.0000;DATA;1611610964.832355
/ndn/s10-site/s10/C2Data-4842-Type2;118667.0000;DATA;1611610965.015427
/ndn/d8-site/d8/C2Data-2785-Type2;138299.0000;DATA;1611610965.095411
/ndn/s9-site/s9/C2Data-4721-Type2;24165.0000;DATA;1611610966.676322
/ndn/h12-site/h12/C2Data-1454-Type2;139783.0000;DATA;1611610967.945405
/ndn/s13-site/s13/C2Data-5205-Type2;167497.0000;DATA;1611610968.261347
/ndn/v10-site/v10/C2Data-6657-Type2;149888.0000;DATA;1611610968.514411
/ndn/v8-site/v8/C2Data-6415-Type1;114580.0000;DATA;1611610968.767374
/ndn/d6-site/d6/C2Data-2543-Type1;147974.0000;DATA;1611610969.604324
/ndn/s6-site/s6/C2Data-4358-Type2;6001464.0000;TIMEOUT;1611610964.381356
/ndn/s12-site/s12/C2Data-5084-Type1;144031.0000;DATA;1611610970.721395
/ndn/s14-site/s14/C2Data-5326-Type2;6006715.0000;TIMEOUT;1611610968.712409
/ndn/s2-site/s2/C2Data-3874-Type1;6009384.0000;TIMEOUT;1611610971.369329
/ndn/d6-site/d6/C2Data-1282-Type3;146048.0000;DATA;1611610986.947382
/ndn/d12-site/d12/C2Data-1648-Type3;160595.0000;DATA;1611610988.072006
/ndn/v12-site/v12/C2Data-3478-Type3;238259.0000;DATA;1611610988.607342
/ndn/h2-site/h2/C2Data-123-Type3;147283.0000;DATA;1611610995.403384
/ndn/h1-site/h1/C2Data-124-Type2;93205.0000;DATA;1611610996.337363
/ndn/v4-site/v4/C2Data-5932-Type2;256827.0000;DATA;1611610996.272334
/ndn/h5-site/h5/C2Data-608-Type2;53210.0000;DATA;1611610996.602409
/ndn/h13-site/h13/C2Data-325-Type4;23730.0000;DATA;1611610997.524431
/ndn/s4-site/s4/C2Data-2075-Type3;139774.0000;DATA;1611610997.950380
/ndn/v7-site/v7/C2Data-3173-Type3;222024.0000;DATA;1611610998.734347
/ndn/d0-site/d0/C2Data-1818-Type2;139902.0000;DATA;1611610999.217399
/ndn/d2-site/d2/C2Data-1038-Type3;124877.0000;DATA;1611611002.780669
/ndn/s3-site/s3/C2Data-3996-Type2;6001142.0000;TIMEOUT;1611610999.361627
/ndn/s0-site/s0/C2Data-1831-Type3;6002061.0000;TIMEOUT;1611610999.660409
/ndn/v2-site/v2/C2Data-2868-Type3;166140.0000;DATA;1611611006.369360
/ndn/s12-site/s12/C2Data-2563-Type3;6001672.0000;TIMEOUT;1611611006.606387
/ndn/h12-site/h12/C2Data-300-Type4;207643.0000;DATA;1611611015.076346
/ndn/d14-site/d14/C2Data-3513-Type1;121200.0000;DATA;1611611022.572313
/ndn/h3-site/h3/C2Data-367-Type1;214381.0000;DATA;1611611022.797346
/ndn/d7-site/d7/C2Data-550-Type4;123914.0000;DATA;1611611023.043418
/ndn/d4-site/d4/C2Data-2303-Type1;120477.0000;DATA;1611611025.705318
/ndn/d12-site/d12/C2Data-3271-Type2;170696.0000;DATA;1611611027.760393
/ndn/v8-site/v8/C2Data-6417-Type2;124045.0000;DATA;1611611029.453397
/ndn/v0-site/v0/C2Data-5449-Type1;144629.0000;DATA;1611611029.534323
/ndn/s1-site/s1/C2Data-3755-Type2;6000512.0000;TIMEOUT;1611611024.293404
/ndn/v14-site/v14/C2Data-7143-Type2;23495.0000;DATA;1611611030.319326
/ndn/s8-site/s8/C2Data-4602-Type2;6000329.0000;TIMEOUT;1611611025.623347
/ndn/h0-site/h0/C2Data-4-Type1;103149.0000;DATA;1611611032.134309
/ndn/s6-site/s6/C2Data-4360-Type1;6000212.0000;TIMEOUT;1611611026.725418
/ndn/s13-site/s13/C2Data-5207-Type1;6005356.0000;TIMEOUT;1611611028.386417
/ndn/v5-site/v5/C2Data-875-Type4;296039.0000;DATA;1611611034.377633
/ndn/h10-site/h10/C2Data-250-Type4;203326.0000;DATA;1611611041.434383
/ndn/d6-site/d6/C2Data-525-Type4;173678.0000;DATA;1611611043.138411
/ndn/v5-site/v5/C2Data-3052-Type3;179961.0000;DATA;1611611045.507330
/ndn/v4-site/v4/C2Data-850-Type4;270880.0000;DATA;1611611048.680363
/ndn/d14-site/d14/C2Data-1771-Type3;142586.0000;DATA;1611611049.802393
/ndn/h10-site/h10/C2Data-612-Type3;160608.0000;DATA;1611611050.163335
/ndn/h9-site/h9/C2Data-551-Type3;69662.0000;DATA;1611611050.480367
/ndn/v11-site/v11/C2Data-3418-Type3;92279.0000;DATA;1611611050.503318
/ndn/h0-site/h0/C2Data-5-Type2;121044.0000;DATA;1611611050.939383
/ndn/h9-site/h9/C2Data-1094-Type2;72145.0000;DATA;1611611051.555312
/ndn/s10-site/s10/C2Data-2442-Type3;6000241.0000;TIMEOUT;1611611047.379336
/ndn/h3-site/h3/C2Data-75-Type4;211980.0000;DATA;1611611053.458431
/ndn/d11-site/d11/C2Data-3151-Type2;190640.0000;DATA;1611611053.554314
/ndn/v8-site/v8/C2Data-950-Type4;124450.0000;DATA;1611611053.632323
/ndn/v9-site/v9/C2Data-6539-Type2;119330.0000;DATA;1611611053.820318
/ndn/s4-site/s4/C2Data-2076-Type3;6000254.0000;TIMEOUT;1611611050.659345
/ndn/h11-site/h11/C2Data-1336-Type2;120977.0000;DATA;1611611058.292425
/ndn/s7-site/s7/C2Data-4482-Type2;6000417.0000;TIMEOUT;1611611054.459360
/ndn/h1-site/h1/C2Data-126-Type2;97220.0000;DATA;1611611060.452394
/ndn/s0-site/s0/C2Data-3635-Type2;6001086.0000;TIMEOUT;1611611054.603347
/ndn/s3-site/s3/C2Data-3998-Type2;6000254.0000;TIMEOUT;1611611055.149335
/ndn/d14-site/d14/C2Data-3514-Type2;93323.0000;DATA;1611611061.476343
/ndn/d9-site/d9/C2Data-2909-Type1;100190.0000;DATA;1611611062.503363
/ndn/v10-site/v10/C2Data-3357-Type3;139498.0000;DATA;1611611063.171317
/ndn/d1-site/d1/C2Data-978-Type3;120412.0000;DATA;1611611064.321339
/ndn/h0-site/h0/C2Data-2-Type3;127184.0000;DATA;1611611064.462414
/ndn/s1-site/s1/C2Data-1893-Type3;6000481.0000;TIMEOUT;1611611060.088351
/ndn/v4-site/v4/C2Data-2991-Type3;275934.0000;DATA;1611611065.861895
/ndn/d13-site/d13/C2Data-1710-Type3;92274.0000;DATA;1611611066.338362
/ndn/h14-site/h14/C2Data-856-Type3;96417.0000;DATA;1611611066.860419
/ndn/s8-site/s8/C2Data-2320-Type3;6000244.0000;TIMEOUT;1611611066.162349
/ndn/d9-site/d9/C2Data-2910-Type1;98177.0000;DATA;1611611081.016323
/ndn/h10-site/h10/C2Data-1216-Type2;170923.0000;DATA;1611611082.009360
/ndn/d1-site/d1/C2Data-1942-Type2;118879.0000;DATA;1611611082.573478
/ndn/v1-site/v1/C2Data-5572-Type2;241735.0000;DATA;1611611084.352415
/ndn/v6-site/v6/C2Data-6177-Type2;75910.0000;DATA;1611611084.630394
/ndn/v13-site/v13/C2Data-7024-Type2;52647.0000;DATA;1611611089.461953
/ndn/s5-site/s5/C2Data-4241-Type2;6000261.0000;TIMEOUT;1611611089.715356
/ndn/s4-site/s4/C2Data-4120-Type2;6025785.0000;TIMEOUT;1611611090.973324
/ndn/h8-site/h8/C2Data-491-Type3;135210.0000;DATA;1611611108.676378
/ndn/h12-site/h12/C2Data-1459-Type2;148653.0000;DATA;1611611112.828308
/ndn/v9-site/v9/C2Data-6541-Type2;116589.0000;DATA;1611611114.354315
/ndn/v11-site/v11/C2Data-3419-Type3;100142.0000;DATA;1611611114.984440
/ndn/s11-site/s11/C2Data-2504-Type3;6000453.0000;TIMEOUT;1611611109.206331
/ndn/h13-site/h13/C2Data-796-Type3;27364.0000;DATA;1611611115.938752
/ndn/s10-site/s10/C2Data-2443-Type3;6000634.0000;TIMEOUT;1611611109.971363
/ndn/h1-site/h1/C2Data-64-Type3;94604.0000;DATA;1611611116.142384
/ndn/d1-site/d1/C2Data-1943-Type2;124569.0000;DATA;1611611116.248325
/ndn/d9-site/d9/C2Data-2911-Type1;101384.0000;DATA;1611611116.458847
