/ndn/v12-site/v12/C2Data-6897-Type1;433.0000;NACK;1611603165.311681
/ndn/v14-site/v14/C2Data-7139-Type1;517.0000;NACK;1611603166.180835
/ndn/v3-site/v3/C2Data-5808-Type1;396.0000;NACK;1611603166.300808
/ndn/v4-site/v4/C2Data-5929-Type1;591.0000;NACK;1611603167.504805
/ndn/s14-site/s14/C2Data-5324-Type2;624.0000;NACK;1611603168.628773
/ndn/s4-site/s4/C2Data-4114-Type1;558.0000;NACK;1611603171.199767
/ndn/v5-site/v5/C2Data-6050-Type1;260830.0000;DATA;1611603173.032702
/ndn/v10-site/v10/C2Data-6655-Type2;553.0000;NACK;1611603175.189771
/ndn/d9-site/d9/C2Data-2904-Type2;95797.0000;DATA;1611603176.350776
/ndn/v8-site/v8/C2Data-3233-Type3;71846.0000;DATA;1611603190.943830
/ndn/h13-site/h13/C2Data-793-Type3;103661.0000;DATA;1611603193.132931
/ndn/v0-site/v0/C2Data-5446-Type2;140825.0000;DATA;1611603195.350844
/ndn/s2-site/s2/C2Data-3873-Type2;118829.0000;DATA;1611603196.418761
/ndn/h1-site/h1/C2Data-61-Type3;164920.0000;DATA;1611603200.230792
/ndn/d0-site/d0/C2Data-915-Type3;175197.0000;DATA;1611603201.262227
/ndn/h2-site/h2/C2Data-122-Type3;216989.0000;DATA;1611603201.992773
/ndn/v3-site/v3/C2Data-2928-Type3;101101.0000;DATA;1611603202.218705
/ndn/s9-site/s9/C2Data-4720-Type1;70985.0000;DATA;1611603202.344756
/ndn/d1-site/d1/C2Data-1937-Type1;189776.0000;DATA;1611603202.283771
/ndn/d2-site/d2/C2Data-2058-Type2;187015.0000;DATA;1611603202.328793
/ndn/d13-site/d13/C2Data-1708-Type3;145157.0000;DATA;1611603202.453730
/ndn/v13-site/v13/C2Data-3538-Type3;121492.0000;DATA;1611603202.889758
/ndn/v5-site/v5/C2Data-6051-Type1;265591.0000;DATA;1611603203.645802
/ndn/h2-site/h2/C2Data-243-Type2;219830.0000;DATA;1611603203.702113
/ndn/s3-site/s3/C2Data-3994-Type2;52479.0000;DATA;1611603203.936785
/ndn/h9-site/h9/C2Data-549-Type3;71236.0000;DATA;1611603204.906809
/ndn/v6-site/v6/C2Data-3111-Type3;147048.0000;DATA;1611603205.569723
/ndn/h5-site/h5/C2Data-305-Type3;50143.0000;DATA;1611603205.887766
/ndn/h1-site/h1/C2Data-122-Type2;166975.0000;DATA;1611603206.110792
/ndn/v3-site/v3/C2Data-5809-Type2;97959.0000;DATA;1611603206.904765
/ndn/h7-site/h7/C2Data-848-Type2;104805.0000;DATA;1611603206.914684
/ndn/v7-site/v7/C2Data-3172-Type3;213788.0000;DATA;1611603207.967702
/ndn/h10-site/h10/C2Data-610-Type3;162406.0000;DATA;1611603210.012748
/ndn/h14-site/h14/C2Data-1696-Type2;171760.0000;DATA;1611603225.461761
/ndn/v9-site/v9/C2Data-6536-Type2;26844.0000;DATA;1611603226.287762
/ndn/d8-site/d8/C2Data-2785-Type1;187575.0000;DATA;1611603226.358812
/ndn/d14-site/d14/C2Data-3511-Type2;163116.0000;DATA;1611603227.682762
/ndn/d2-site/d2/C2Data-2059-Type1;187159.0000;DATA;1611603228.364877
/ndn/s10-site/s10/C2Data-4842-Type1;187936.0000;DATA;1611603228.525733
/ndn/s14-site/s14/C2Data-5326-Type2;200096.0000;DATA;1611603228.562806
/ndn/s2-site/s2/C2Data-3874-Type1;121708.0000;DATA;1611603229.488745
/ndn/s3-site/s3/C2Data-3995-Type2;46282.0000;DATA;1611603230.821750
/ndn/s3-site/s3/C2Data-3995-Type1;48789.0000;DATA;1611603231.071804
/ndn/v6-site/v6/C2Data-6173-Type1;144914.0000;DATA;1611603231.045750
/ndn/v12-site/v12/C2Data-6899-Type1;236456.0000;DATA;1611603232.348833
/ndn/d10-site/d10/C2Data-3027-Type1;24707.0000;DATA;1611603234.104701
/ndn/s7-site/s7/C2Data-4479-Type1;6001432.0000;TIMEOUT;1611603236.141706
/ndn/h0-site/h0/C2Data-1-Type3;107457.0000;DATA;1611603250.804779
/ndn/h14-site/h14/C2Data-855-Type3;167462.0000;DATA;1611603251.513921
/ndn/d2-site/d2/C2Data-1038-Type3;191259.0000;DATA;1611603252.894793
/ndn/h3-site/h3/C2Data-184-Type3;219774.0000;DATA;1611603253.691861
/ndn/s11-site/s11/C2Data-2502-Type3;48022.0000;DATA;1611603254.072738
/ndn/d5-site/d5/C2Data-2423-Type2;24002.0000;DATA;1611603255.570695
/ndn/v13-site/v13/C2Data-3539-Type3;120521.0000;DATA;1611603255.934799
/ndn/h13-site/h13/C2Data-1576-Type2;96463.0000;DATA;1611603256.416710
/ndn/s12-site/s12/C2Data-5085-Type1;47855.0000;DATA;1611603257.102830
/ndn/v10-site/v10/C2Data-6658-Type1;147960.0000;DATA;1611603259.618785
/ndn/d9-site/d9/C2Data-1465-Type3;98995.0000;DATA;1611603260.135779
/ndn/h5-site/h5/C2Data-608-Type1;46757.0000;DATA;1611603260.296730
/ndn/d12-site/d12/C2Data-3270-Type1;168519.0000;DATA;1611603260.266732
/ndn/s9-site/s9/C2Data-4722-Type1;71932.0000;DATA;1611603262.905797
/ndn/v5-site/v5/C2Data-3051-Type3;261820.0000;DATA;1611603263.515698
/ndn/h14-site/h14/C2Data-1697-Type2;165114.0000;DATA;1611603263.983801
/ndn/d8-site/d8/C2Data-1404-Type3;190494.0000;DATA;1611603264.009777
/ndn/d13-site/d13/C2Data-3391-Type2;169578.0000;DATA;1611603264.288787
/ndn/d3-site/d3/C2Data-2181-Type1;139508.0000;DATA;1611603265.806705
/ndn/d8-site/d8/C2Data-2786-Type1;195986.0000;DATA;1611603266.118750
/ndn/h11-site/h11/C2Data-1334-Type2;192173.0000;DATA;1611603266.209889
/ndn/s7-site/s7/C2Data-4480-Type1;6001411.0000;TIMEOUT;1611603260.884866
/ndn/d9-site/d9/C2Data-600-Type4;99036.0000;DATA;1611603266.789799
/ndn/s0-site/s0/C2Data-3633-Type2;6000282.0000;TIMEOUT;1611603260.895767
/ndn/v10-site/v10/C2Data-6658-Type2;143420.0000;DATA;1611603267.174820
/ndn/s0-site/s0/C2Data-3633-Type1;6001685.0000;TIMEOUT;1611603261.532733
/ndn/d7-site/d7/C2Data-1343-Type3;124148.0000;DATA;1611603267.628830
/ndn/d13-site/d13/C2Data-1709-Type3;176344.0000;DATA;1611603270.652758
/ndn/s10-site/s10/C2Data-4843-Type1;6000372.0000;TIMEOUT;1611603264.937807
/ndn/s2-site/s2/C2Data-3875-Type1;6001067.0000;TIMEOUT;1611603265.602746
/ndn/d11-site/d11/C2Data-1587-Type3;251012.0000;DATA;1611603272.461803
/ndn/s5-site/s5/C2Data-2136-Type3;6000375.0000;TIMEOUT;1611603267.049801
/ndn/d1-site/d1/C2Data-400-Type4;227146.0000;DATA;1611603275.127229
/ndn/s1-site/s1/C2Data-1892-Type3;6000589.0000;TIMEOUT;1611603269.590919
/ndn/v8-site/v8/C2Data-950-Type4;95091.0000;DATA;1611603278.750815
/ndn/h7-site/h7/C2Data-851-Type1;93556.0000;DATA;1611603286.374705
/ndn/d11-site/d11/C2Data-650-Type4;193363.0000;DATA;1611603287.077793
/ndn/d4-site/d4/C2Data-2303-Type2;196885.0000;DATA;1611603289.005790
/ndn/d7-site/d7/C2Data-2666-Type1;125216.0000;DATA;1611603289.782839
/ndn/d2-site/d2/C2Data-2061-Type2;190030.0000;DATA;1611603290.170750
/ndn/v2-site/v2/C2Data-5691-Type2;145091.0000;DATA;1611603292.299739
/ndn/h6-site/h6/C2Data-150-Type4;47573.0000;DATA;1611603292.601855
/ndn/h13-site/h13/C2Data-1577-Type2;100268.0000;DATA;1611603293.239800
/ndn/s1-site/s1/C2Data-3755-Type2;6000735.0000;TIMEOUT;1611603287.826822
/ndn/d1-site/d1/C2Data-1940-Type2;185487.0000;DATA;1611603293.661762
/ndn/v12-site/v12/C2Data-6901-Type1;238736.0000;DATA;1611603295.580845
/ndn/h5-site/h5/C2Data-609-Type2;50705.0000;DATA;1611603296.159748
/ndn/v4-site/v4/C2Data-5933-Type1;265309.0000;DATA;1611603296.844938
/ndn/s6-site/s6/C2Data-4360-Type1;6000782.0000;TIMEOUT;1611603291.341795
/ndn/s1-site/s1/C2Data-3755-Type1;6000656.0000;TIMEOUT;1611603296.453385
/ndn/d4-site/d4/C2Data-1161-Type3;183778.0000;DATA;1611603318.056722
/ndn/h2-site/h2/C2Data-50-Type4;213241.0000;DATA;1611603318.397768
/ndn/v4-site/v4/C2Data-5934-Type2;264753.0000;DATA;1611603318.611835
/ndn/d4-site/d4/C2Data-2304-Type2;196256.0000;DATA;1611603318.817716
/ndn/v10-site/v10/C2Data-6660-Type2;146135.0000;DATA;1611603320.918696
/ndn/d12-site/d12/C2Data-3272-Type2;170696.0000;DATA;1611603321.400801
/ndn/h7-site/h7/C2Data-429-Type3;97306.0000;DATA;1611603323.810783
/ndn/d13-site/d13/C2Data-3393-Type2;173497.0000;DATA;1611603324.158740
/ndn/v0-site/v0/C2Data-2747-Type3;142459.0000;DATA;1611603324.887571
/ndn/s6-site/s6/C2Data-2198-Type3;6001099.0000;TIMEOUT;1611603319.198689
/ndn/s3-site/s3/C2Data-3998-Type1;6000446.0000;TIMEOUT;1611603320.281788
/ndn/s14-site/s14/C2Data-5329-Type1;6002723.0000;TIMEOUT;1611603320.290791
/ndn/v12-site/v12/C2Data-6902-Type1;256226.0000;DATA;1611603327.190720
/ndn/d11-site/d11/C2Data-1588-Type3;192670.0000;DATA;1611603328.068774
/ndn/s13-site/s13/C2Data-5208-Type1;6000250.0000;TIMEOUT;1611603322.510776
/ndn/v12-site/v12/C2Data-3479-Type3;232871.0000;DATA;1611603328.526858
/ndn/v6-site/v6/C2Data-3113-Type3;155165.0000;DATA;1611603331.958599
/ndn/h6-site/h6/C2Data-368-Type3;49286.0000;DATA;1611603332.968994
/ndn/v2-site/v2/C2Data-2869-Type3;178961.0000;DATA;1611603333.023784
/ndn/d4-site/d4/C2Data-2305-Type2;204532.0000;DATA;1611603346.454785
/ndn/v8-site/v8/C2Data-6419-Type2;71022.0000;DATA;1611603352.147707
/ndn/d13-site/d13/C2Data-3394-Type1;166167.0000;DATA;1611603352.105797
/ndn/h9-site/h9/C2Data-1095-Type2;74809.0000;DATA;1611603353.805253
/ndn/v12-site/v12/C2Data-6903-Type1;252156.0000;DATA;1611603356.608789
/ndn/s4-site/s4/C2Data-4120-Type1;6000290.0000;TIMEOUT;1611603352.207488
/ndn/s13-site/s13/C2Data-5209-Type2;6000665.0000;TIMEOUT;1611603356.412861
/ndn/s3-site/s3/C2Data-3999-Type1;6000519.0000;TIMEOUT;1611603356.748735
/ndn/h1-site/h1/C2Data-64-Type3;178649.0000;DATA;1611603370.906806
/ndn/v4-site/v4/C2Data-2992-Type3;323186.0000;DATA;1611603371.883838
/ndn/v13-site/v13/C2Data-3541-Type3;167218.0000;DATA;1611603374.092889
/ndn/s11-site/s11/C2Data-2504-Type3;6000257.0000;TIMEOUT;1611603370.076896
/ndn/d10-site/d10/C2Data-3032-Type2;25146.0000;DATA;1611603377.145785
/ndn/h10-site/h10/C2Data-613-Type3;167845.0000;DATA;1611603378.328774
/ndn/v3-site/v3/C2Data-2931-Type3;98232.0000;DATA;1611603378.765794
/ndn/d4-site/d4/C2Data-1162-Type3;193816.0000;DATA;1611603378.857834
/ndn/s10-site/s10/C2Data-2443-Type3;6001382.0000;TIMEOUT;1611603373.054699
/ndn/d5-site/d5/C2Data-1223-Type3;24143.0000;DATA;1611603379.287890
/ndn/v8-site/v8/C2Data-3236-Type3;71002.0000;DATA;1611603380.630836
