/ndn/v3-site/v3/C2Data-3993-Type2;23883.0000;DATA;1612714527.677997
/ndn/s8-site/s8/C2Data-3388-Type2;66091.0000;DATA;1612714527.867094
/ndn/d2-site/d2/C2Data-1452-Type1;96507.0000;DATA;1612714528.430124
/ndn/h6-site/h6/C2Data-726-Type1;160813.0000;DATA;1612714530.872672
/ndn/v7-site/v7/C2Data-4477-Type1;120195.0000;DATA;1612714533.079127
/ndn/s1-site/s1/C2Data-2541-Type1;2949.0000;DATA;1612714534.693478
/ndn/s7-site/s7/C2Data-3267-Type1;99505.0000;DATA;1612714536.590095
/ndn/s0-site/s0/C2Data-2420-Type1;75166.0000;DATA;1612714536.690219
/ndn/h6-site/h6/C2Data-366-Type3;178589.0000;DATA;1612714553.807526
/ndn/v7-site/v7/C2Data-2257-Type3;119513.0000;DATA;1612714555.467989
/ndn/s3-site/s3/C2Data-2784-Type1;178771.0000;DATA;1612714556.772777
/ndn/d3-site/d3/C2Data-1574-Type2;151417.0000;DATA;1612714557.340872
/ndn/s7-site/s7/C2Data-3268-Type1;136319.0000;DATA;1612714559.154974
/ndn/h3-site/h3/C2Data-183-Type3;2037.0000;DATA;1612714559.336981
/ndn/s7-site/s7/C2Data-1647-Type3;121972.0000;DATA;1612714559.696763
/ndn/v3-site/v3/C2Data-3994-Type2;109138.0000;DATA;1612714561.219250
/ndn/s9-site/s9/C2Data-3510-Type2;146716.0000;DATA;1612714561.262638
/ndn/h8-site/h8/C2Data-969-Type2;150486.0000;DATA;1612714561.273530
/ndn/h8-site/h8/C2Data-488-Type3;24394.0000;DATA;1612714561.598769
/ndn/v0-site/v0/C2Data-3631-Type2;52363.0000;DATA;1612714563.103631
/ndn/d2-site/d2/C2Data-1453-Type2;856.0000;DATA;1612714564.477660
/ndn/d1-site/d1/C2Data-1332-Type1;1436.0000;DATA;1612714565.933075
/ndn/h5-site/h5/C2Data-305-Type3;24945.0000;DATA;1612714565.991202
/ndn/s1-site/s1/C2Data-2542-Type2;27504.0000;DATA;1612714566.386964
/ndn/v5-site/v5/C2Data-2135-Type3;26746.0000;DATA;1612714566.606007
/ndn/h9-site/h9/C2Data-549-Type3;2164.0000;DATA;1612714572.339469
/ndn/d8-site/d8/C2Data-2180-Type1;49415.0000;DATA;1612714585.072197
/ndn/d6-site/d6/C2Data-1938-Type2;160035.0000;DATA;1612714586.478691
/ndn/h8-site/h8/C2Data-970-Type1;150726.0000;DATA;1612714587.204742
/ndn/d0-site/d0/C2Data-1212-Type1;199440.0000;DATA;1612714588.453499
/ndn/s7-site/s7/C2Data-3269-Type2;130182.0000;DATA;1612714589.891214
/ndn/d3-site/d3/C2Data-1575-Type2;34151.0000;DATA;1612714590.489908
/ndn/v9-site/v9/C2Data-4721-Type2;86226.0000;DATA;1612714590.495472
/ndn/h0-site/h0/C2Data-2-Type1;59013.0000;DATA;1612714591.607541
/ndn/d5-site/d5/C2Data-1817-Type1;109333.0000;DATA;1612714593.428353
/ndn/h0-site/h0/C2Data-2-Type2;4877.0000;DATA;1612714595.876758
/ndn/v0-site/v0/C2Data-1831-Type3;205555.0000;DATA;1612714609.307591
/ndn/h1-site/h1/C2Data-62-Type3;74002.0000;DATA;1612714614.757179
/ndn/v9-site/v9/C2Data-4722-Type1;78145.0000;DATA;1612714615.669766
/ndn/h9-site/h9/C2Data-1092-Type2;29217.0000;DATA;1612714616.700974
/ndn/s8-site/s8/C2Data-1709-Type3;48056.0000;DATA;1612714617.380644
/ndn/h5-site/h5/C2Data-608-Type1;24306.0000;DATA;1612714617.493360
/ndn/v1-site/v1/C2Data-3754-Type1;135650.0000;DATA;1612714618.106462
/ndn/s8-site/s8/C2Data-3391-Type1;83988.0000;DATA;1612714618.250363
/ndn/s6-site/s6/C2Data-3149-Type1;111660.0000;DATA;1612714619.145908
/ndn/s6-site/s6/C2Data-3149-Type2;1263.0000;DATA;1612714621.172254
/ndn/v2-site/v2/C2Data-3875-Type1;28483.0000;DATA;1612714621.822397
/ndn/s3-site/s3/C2Data-1404-Type3;78511.0000;DATA;1612714622.268294
/ndn/v0-site/v0/C2Data-3633-Type1;190656.0000;DATA;1612714625.603390
/ndn/d3-site/d3/C2Data-1576-Type2;1338.0000;DATA;1612714625.800014
/ndn/v4-site/v4/C2Data-4117-Type2;3339.0000;DATA;1612714626.126402
/ndn/h9-site/h9/C2Data-550-Type3;1050.0000;DATA;1612714626.697983
/ndn/v8-site/v8/C2Data-4602-Type1;139868.0000;DATA;1612714646.323861
/ndn/h4-site/h4/C2Data-488-Type1;150895.0000;DATA;1612714648.204174
/ndn/h3-site/h3/C2Data-367-Type1;79233.0000;DATA;1612714649.841318
/ndn/s7-site/s7/C2Data-3271-Type2;123302.0000;DATA;1612714649.836401
/ndn/h1-site/h1/C2Data-25-Type4;126357.0000;DATA;1612714651.007040
/ndn/d0-site/d0/C2Data-1214-Type2;226869.0000;DATA;1612714654.638358
/ndn/h8-site/h8/C2Data-972-Type2;24360.0000;DATA;1612714656.099014
/ndn/s3-site/s3/C2Data-1405-Type3;173278.0000;DATA;1612714670.798330
/ndn/v3-site/v3/C2Data-2015-Type3;881.0000;DATA;1612714675.696367
/ndn/v5-site/v5/C2Data-2137-Type3;1203.0000;DATA;1612714675.793343
/ndn/d9-site/d9/C2Data-475-Type4;3711.0000;DATA;1612714676.108342
/ndn/s9-site/s9/C2Data-3514-Type2;148749.0000;DATA;1612714676.315001
/ndn/h3-site/h3/C2Data-368-Type1;74638.0000;DATA;1612714676.591880
/ndn/h8-site/h8/C2Data-490-Type3;176110.0000;DATA;1612714676.906267
/ndn/d3-site/d3/C2Data-795-Type3;990.0000;DATA;1612714677.691964
/ndn/s4-site/s4/C2Data-2909-Type2;24319.0000;DATA;1612714679.620948
/ndn/s2-site/s2/C2Data-2667-Type1;118858.0000;DATA;1612714680.769038
/ndn/s4-site/s4/C2Data-2909-Type1;26756.0000;DATA;1612714681.102759
/ndn/d0-site/d0/C2Data-612-Type3;103054.0000;DATA;1612714681.892464
/ndn/s6-site/s6/C2Data-3151-Type2;98604.0000;DATA;1612714682.223107
/ndn/v1-site/v1/C2Data-3756-Type2;1531.0000;DATA;1612714682.467037
/ndn/v3-site/v3/C2Data-3998-Type1;130522.0000;DATA;1612714684.699887
/ndn/h5-site/h5/C2Data-610-Type1;152236.0000;DATA;1612714685.373066
/ndn/h8-site/h8/C2Data-973-Type2;163781.0000;DATA;1612714686.730064
/ndn/d2-site/d2/C2Data-734-Type3;59717.0000;DATA;1612714689.253680
/ndn/h4-site/h4/C2Data-246-Type3;73563.0000;DATA;1612714690.354105
/ndn/v2-site/v2/C2Data-1954-Type3;4831.0000;DATA;1612714691.637044
/ndn/h4-site/h4/C2Data-490-Type1;233765.0000;DATA;1612714705.028205
/ndn/s9-site/s9/C2Data-3515-Type1;155528.0000;DATA;1612714705.210225
/ndn/s5-site/s5/C2Data-3031-Type2;112399.0000;DATA;1612714707.747506
/ndn/d2-site/d2/C2Data-1458-Type2;823.0000;DATA;1612714709.134128
/ndn/s1-site/s1/C2Data-2547-Type1;136718.0000;DATA;1612714709.301648
/ndn/d6-site/d6/C2Data-1942-Type1;78713.0000;DATA;1612714709.804382
/ndn/h7-site/h7/C2Data-853-Type1;178387.0000;DATA;1612714709.736159
/ndn/h3-site/h3/C2Data-369-Type2;1211.0000;DATA;1612714712.008336
/ndn/v3-site/v3/C2Data-3999-Type2;130100.0000;DATA;1612714715.662959
/ndn/d0-site/d0/C2Data-1216-Type2;261461.0000;DATA;1612714716.312954
/ndn/v5-site/v5/C2Data-4241-Type1;73973.0000;DATA;1612714716.644646
/ndn/v2-site/v2/C2Data-1955-Type3;27558.0000;DATA;1612714733.162480
/ndn/s2-site/s2/C2Data-1345-Type3;1323.0000;DATA;1612714734.255377
/ndn/d8-site/d8/C2Data-1101-Type3;2102.0000;DATA;1612714734.891372
/ndn/d1-site/d1/C2Data-1338-Type1;30419.0000;DATA;1612714735.122680
/ndn/v7-site/v7/C2Data-2260-Type3;2121.0000;DATA;1612714735.653133
/ndn/h3-site/h3/C2Data-370-Type2;975.0000;DATA;1612714735.810683
/ndn/v1-site/v1/C2Data-1894-Type3;74724.0000;DATA;1612714736.867396
/ndn/s5-site/s5/C2Data-1528-Type3;1182.0000;DATA;1612714737.494402
/ndn/h7-site/h7/C2Data-854-Type1;172790.0000;DATA;1612714738.381479
/ndn/h4-site/h4/C2Data-247-Type3;149803.0000;DATA;1612714743.633173
/ndn/h7-site/h7/C2Data-430-Type3;145365.0000;DATA;1612714743.825965
/ndn/h5-site/h5/C2Data-308-Type3;150066.0000;DATA;1612714743.922330
/ndn/d0-site/d0/C2Data-613-Type3;74346.0000;DATA;1612714745.799803
/ndn/s1-site/s1/C2Data-1284-Type3;1153.0000;DATA;1612714745.891610
/ndn/d1-site/d1/C2Data-143-Type5;27080.0000;DATA;1612714746.528933
/ndn/d3-site/d3/C2Data-1580-Type2;163905.0000;DATA;1612714746.466838
/ndn/s3-site/s3/C2Data-1406-Type3;26167.0000;DATA;1612714747.971969
/ndn/s9-site/s9/C2Data-1772-Type3;2707.0000;DATA;1612714749.015318
/ndn/v8-site/v8/C2Data-2321-Type3;97033.0000;DATA;1612714751.611575
/ndn/d6-site/d6/C2Data-208-Type5;179548.0000;DATA;1612714762.341935
/ndn/v8-site/v8/C2Data-364-Type5;27182.0000;DATA;1612714764.421613
/ndn/d2-site/d2/C2Data-1460-Type2;123201.0000;DATA;1612714767.348873
/ndn/v7-site/v7/C2Data-4485-Type2;123531.0000;DATA;1612714767.880392
/ndn/d1-site/d1/C2Data-1339-Type1;24295.0000;DATA;1612714768.112357
/ndn/d5-site/d5/C2Data-1823-Type2;103316.0000;DATA;1612714768.512501
/ndn/d6-site/d6/C2Data-1944-Type2;100430.0000;DATA;1612714771.224363
/ndn/h9-site/h9/C2Data-117-Type5;1672.0000;DATA;1612714771.646414
/ndn/d1-site/d1/C2Data-1339-Type2;1040.0000;DATA;1612714773.934231
/ndn/h5-site/h5/C2Data-126-Type4;143294.0000;DATA;1612714773.872107
/ndn/h0-site/h0/C2Data-8-Type1;2532.0000;DATA;1612714775.419480
/ndn/h8-site/h8/C2Data-976-Type2;42409.0000;DATA;1612714776.017501
/ndn/h1-site/h1/C2Data-26-Type4;163270.0000;DATA;1612714781.971923
/ndn/d5-site/d5/C2Data-919-Type3;7105.0000;DATA;1612714788.977652
/ndn/v2-site/v2/C2Data-1956-Type3;27865.0000;DATA;1612714789.023480
/ndn/s1-site/s1/C2Data-1285-Type3;166689.0000;DATA;1612714789.880986
/ndn/v0-site/v0/C2Data-260-Type5;147805.0000;DATA;1612714791.598654
/ndn/d2-site/d2/C2Data-156-Type5;230095.0000;DATA;1612714792.902100
/ndn/h3-site/h3/C2Data-372-Type2;92932.0000;DATA;1612714795.669581
/ndn/v0-site/v0/C2Data-3639-Type1;222211.0000;DATA;1612714795.569396
/ndn/v0-site/v0/C2Data-3639-Type2;171342.0000;DATA;1612714796.002338
/ndn/v7-site/v7/C2Data-4486-Type1;1687.0000;DATA;1612714796.664460
/ndn/h1-site/h1/C2Data-130-Type1;162465.0000;DATA;1612714796.900116
/ndn/h2-site/h2/C2Data-126-Type3;1629.0000;DATA;1612714797.095435
/ndn/s8-site/s8/C2Data-3397-Type1;51687.0000;DATA;1612714797.747423
/ndn/s8-site/s8/C2Data-1712-Type3;50019.0000;DATA;1612714801.098707
/ndn/h9-site/h9/C2Data-1098-Type1;26539.0000;DATA;1612714802.859993
/ndn/h5-site/h5/C2Data-614-Type1;168878.0000;DATA;1612714803.282843
/ndn/v9-site/v9/C2Data-2383-Type3;78267.0000;DATA;1612714806.117360
/ndn/d1-site/d1/C2Data-675-Type3;1184.0000;DATA;1612714806.249497
/ndn/v6-site/v6/C2Data-4365-Type1;123829.0000;DATA;1612714806.716696
/ndn/s6-site/s6/C2Data-1590-Type3;4772.0000;DATA;1612714810.548361
/ndn/d0-site/d0/C2Data-614-Type3;106276.0000;DATA;1612714810.812624
/ndn/d8-site/d8/C2Data-451-Type4;1258.0000;DATA;1612714812.406647
/ndn/d1-site/d1/C2Data-276-Type4;3250.0000;DATA;1612714814.024737
/ndn/h8-site/h8/C2Data-201-Type4;32664.0000;DATA;1612714818.071039
/ndn/v3-site/v3/C2Data-4003-Type1;124634.0000;DATA;1612714825.157137
/ndn/s5-site/s5/C2Data-3035-Type2;107306.0000;DATA;1612714827.291952
/ndn/v1-site/v1/C2Data-526-Type4;1815.0000;DATA;1612714829.168019
/ndn/v6-site/v6/C2Data-338-Type5;874.0000;DATA;1612714830.495872
/ndn/h9-site/h9/C2Data-1099-Type2;28017.0000;DATA;1612714832.073147
/ndn/h2-site/h2/C2Data-252-Type1;74455.0000;DATA;1612714834.166515
/ndn/v1-site/v1/C2Data-3761-Type2;71801.0000;DATA;1612714834.244414
/ndn/v7-site/v7/C2Data-2262-Type3;94961.0000;DATA;1612714857.428969
/ndn/d4-site/d4/C2Data-182-Type5;13227.0000;DATA;1612714859.733509
/ndn/h5-site/h5/C2Data-616-Type1;154245.0000;DATA;1612714860.036554
/ndn/s5-site/s5/C2Data-3036-Type1;101049.0000;DATA;1612714860.410007
/ndn/s7-site/s7/C2Data-1652-Type3;130984.0000;DATA;1612714860.895071
/ndn/v1-site/v1/C2Data-1896-Type3;76952.0000;DATA;1612714861.117056
/ndn/v0-site/v0/C2Data-1835-Type3;179478.0000;DATA;1612714861.258020
/ndn/h1-site/h1/C2Data-132-Type1;165006.0000;DATA;1612714861.818444
/ndn/s6-site/s6/C2Data-3157-Type1;104705.0000;DATA;1612714862.203867
/ndn/h9-site/h9/C2Data-554-Type3;2917.0000;DATA;1612714862.426117
/ndn/d2-site/d2/C2Data-737-Type3;2881.0000;DATA;1612714864.746213
/ndn/v3-site/v3/C2Data-4004-Type1;129327.0000;DATA;1612714865.990060
/ndn/v5-site/v5/C2Data-2140-Type3;110830.0000;DATA;1612714868.744559
/ndn/s6-site/s6/C2Data-3158-Type1;109118.0000;DATA;1612714885.601900
/ndn/d4-site/d4/C2Data-1706-Type2;190668.0000;DATA;1612714886.421380
/ndn/d5-site/d5/C2Data-1827-Type1;1705.0000;DATA;1612714888.263327
/ndn/s0-site/s0/C2Data-2432-Type2;75088.0000;DATA;1612714888.235406
/ndn/s9-site/s9/C2Data-3521-Type2;26960.0000;DATA;1612714888.663108
/ndn/s7-site/s7/C2Data-3279-Type2;6004991.0000;TIMEOUT;1612714885.778859
/ndn/v6-site/v6/C2Data-4368-Type2;73054.0000;DATA;1612714893.075187
/ndn/v7-site/v7/C2Data-4489-Type1;117407.0000;DATA;1612714893.475284
/ndn/h3-site/h3/C2Data-375-Type2;898.0000;DATA;1612714893.657103
/ndn/h7-site/h7/C2Data-859-Type1;170197.0000;DATA;1612714893.879807
/ndn/h6-site/h6/C2Data-738-Type2;97779.0000;DATA;1612714895.032050
/ndn/v9-site/v9/C2Data-4731-Type1;75373.0000;DATA;1612714895.172128
/ndn/h8-site/h8/C2Data-980-Type2;142845.0000;DATA;1612714896.512356
/ndn/s8-site/s8/C2Data-3400-Type1;49941.0000;DATA;1612714896.616588
/ndn/h4-site/h4/C2Data-250-Type3;219298.0000;DATA;1612714916.073108
/ndn/v6-site/v6/C2Data-2202-Type3;3082.0000;DATA;1612714916.715025
/ndn/d9-site/d9/C2Data-1165-Type3;94233.0000;DATA;1612714919.639978
/ndn/v5-site/v5/C2Data-2141-Type3;1034.0000;DATA;1612714919.975027
/ndn/v3-site/v3/C2Data-2019-Type3;115794.0000;DATA;1612714919.971477
/ndn/d4-site/d4/C2Data-1707-Type2;125015.0000;DATA;1612714920.256486
/ndn/d2-site/d2/C2Data-1465-Type2;114734.0000;DATA;1612714921.113098
/ndn/s7-site/s7/C2Data-3280-Type2;6000344.0000;TIMEOUT;1612714915.442756
/ndn/h7-site/h7/C2Data-860-Type1;212895.0000;DATA;1612714921.497063
/ndn/s4-site/s4/C2Data-1470-Type3;6001103.0000;TIMEOUT;1612714915.730918
/ndn/v1-site/v1/C2Data-1897-Type3;28332.0000;DATA;1612714921.766065
/ndn/s0-site/s0/C2Data-2433-Type2;6001039.0000;TIMEOUT;1612714918.392626
/ndn/h1-site/h1/C2Data-134-Type2;154385.0000;DATA;1612714925.869251
/ndn/s1-site/s1/C2Data-1287-Type3;6001058.0000;TIMEOUT;1612714920.785148
/ndn/v3-site/v3/C2Data-4006-Type1;125383.0000;DATA;1612714926.680117
/ndn/h7-site/h7/C2Data-177-Type4;159083.0000;DATA;1612714928.186853
/ndn/s5-site/s5/C2Data-1531-Type3;6006748.0000;TIMEOUT;1612714930.986118
/ndn/s6-site/s6/C2Data-1592-Type3;6007875.0000;TIMEOUT;1612714931.759649
/ndn/h3-site/h3/C2Data-77-Type4;2399.0000;DATA;1612714940.424421
/ndn/h3-site/h3/C2Data-377-Type2;983.0000;DATA;1612714950.855139
/ndn/s3-site/s3/C2Data-2797-Type2;6000960.0000;TIMEOUT;1612714946.231165
/ndn/d4-site/d4/C2Data-1708-Type2;145136.0000;DATA;1612714954.191553
/ndn/s0-site/s0/C2Data-2434-Type1;6000711.0000;TIMEOUT;1612714948.893013
/ndn/s7-site/s7/C2Data-3281-Type2;6000445.0000;TIMEOUT;1612714953.027197
/ndn/s4-site/s4/C2Data-2918-Type2;6000558.0000;TIMEOUT;1612714953.889890
/ndn/v3-site/v3/C2Data-577-Type4;2875.0000;DATA;1612714960.221308
/ndn/d2-site/d2/C2Data-739-Type3;99039.0000;DATA;1612714969.157177
/ndn/s2-site/s2/C2Data-1349-Type3;6000663.0000;TIMEOUT;1612714970.011430
/ndn/v9-site/v9/C2Data-4734-Type1;79414.0000;DATA;1612714975.971979
/ndn/v3-site/v3/C2Data-4008-Type2;127709.0000;DATA;1612714976.013139
/ndn/s9-site/s9/C2Data-1776-Type3;6003005.0000;TIMEOUT;1612714972.423906
/ndn/d2-site/d2/C2Data-1467-Type2;64215.0000;DATA;1612714982.315473
/ndn/d5-site/d5/C2Data-1830-Type1;1606.0000;DATA;1612714982.787086
/ndn/d4-site/d4/C2Data-1709-Type1;176557.0000;DATA;1612714984.180836
/ndn/d8-site/d8/C2Data-1105-Type3;29731.0000;DATA;1612714984.855177
/ndn/h7-site/h7/C2Data-862-Type1;152147.0000;DATA;1612714985.368011
/ndn/h2-site/h2/C2Data-257-Type2;2841.0000;DATA;1612714986.112391
/ndn/h1-site/h1/C2Data-136-Type2;146452.0000;DATA;1612714986.086773
/ndn/h0-site/h0/C2Data-15-Type1;75047.0000;DATA;1612714986.183143
/ndn/s2-site/s2/C2Data-2677-Type1;6003082.0000;TIMEOUT;1612714982.067582
/ndn/s4-site/s4/C2Data-1471-Type3;6000540.0000;TIMEOUT;1612714988.902976
/ndn/d0-site/d0/C2Data-1226-Type1;199890.0000;DATA;1612715005.259425
/ndn/h2-site/h2/C2Data-258-Type2;105040.0000;DATA;1612715005.492131
/ndn/v4-site/v4/C2Data-4130-Type2;142457.0000;DATA;1612715006.630426
/ndn/h7-site/h7/C2Data-863-Type2;148369.0000;DATA;1612715006.577057
/ndn/v6-site/v6/C2Data-4372-Type2;99722.0000;DATA;1612715006.873890
/ndn/v6-site/v6/C2Data-4372-Type1;71613.0000;DATA;1612715007.962144
/ndn/d6-site/d6/C2Data-1952-Type1;249926.0000;DATA;1612715013.392653
/ndn/h6-site/h6/C2Data-742-Type1;203882.0000;DATA;1612715013.560530
/ndn/s1-site/s1/C2Data-2557-Type1;6001241.0000;TIMEOUT;1612715008.979044
/ndn/s8-site/s8/C2Data-3404-Type2;6001275.0000;TIMEOUT;1612715009.458268
/ndn/s5-site/s5/C2Data-3041-Type1;6012413.0000;TIMEOUT;1612715015.020408
/ndn/h9-site/h9/C2Data-557-Type3;24364.0000;DATA;1612715029.021290
/ndn/d1-site/d1/C2Data-679-Type3;30205.0000;DATA;1612715029.569393
/ndn/v0-site/v0/C2Data-1838-Type3;177190.0000;DATA;1612715029.501842
/ndn/h8-site/h8/C2Data-496-Type3;303237.0000;DATA;1612715031.848313
/ndn/v1-site/v1/C2Data-1899-Type3;172469.0000;DATA;1612715033.334316
/ndn/h2-site/h2/C2Data-14-Type6;89196.0000;DATA;1612715034.714459
/ndn/v5-site/v5/C2Data-2143-Type3;1271.0000;DATA;1612715035.796176
/ndn/h6-site/h6/C2Data-743-Type2;221984.0000;DATA;1612715035.811974
/ndn/s8-site/s8/C2Data-1716-Type3;6002202.0000;TIMEOUT;1612715031.821580
/ndn/d5-site/d5/C2Data-1832-Type2;99706.0000;DATA;1612715038.026710
/ndn/h6-site/h6/C2Data-743-Type1;161549.0000;DATA;1612715038.388089
/ndn/d8-site/d8/C2Data-2195-Type1;51052.0000;DATA;1612715038.550801
/ndn/d2-site/d2/C2Data-1469-Type1;108331.0000;DATA;1612715039.691456
/ndn/d9-site/d9/C2Data-2316-Type2;113411.0000;DATA;1612715039.789711
/ndn/h7-site/h7/C2Data-864-Type2;143489.0000;DATA;1612715041.092739
/ndn/v3-site/v3/C2Data-4010-Type2;138216.0000;DATA;1612715041.417002
/ndn/h9-site/h9/C2Data-1106-Type1;25233.0000;DATA;1612715041.846551
/ndn/s9-site/s9/C2Data-3526-Type2;6001222.0000;TIMEOUT;1612715036.117267
/ndn/h1-site/h1/C2Data-138-Type2;142815.0000;DATA;1612715043.253101
/ndn/d3-site/d3/C2Data-1590-Type1;144692.0000;DATA;1612715045.064175
/ndn/h1-site/h1/C2Data-69-Type3;24242.0000;DATA;1612715045.949306
/ndn/v6-site/v6/C2Data-4373-Type1;7556.0000;DATA;1612715046.608456
/ndn/d3-site/d3/C2Data-801-Type3;4332.0000;DATA;1612715047.464850
/ndn/s6-site/s6/C2Data-3163-Type1;6001220.0000;TIMEOUT;1612715044.584464
/ndn/s1-site/s1/C2Data-2558-Type2;6002697.0000;TIMEOUT;1612715044.957000
/ndn/s8-site/s8/C2Data-3405-Type1;6000631.0000;TIMEOUT;1612715045.058039
/ndn/d4-site/d4/C2Data-98-Type6;209926.0000;DATA;1612715057.561628
/ndn/h4-site/h4/C2Data-28-Type6;195338.0000;DATA;1612715057.747073
/ndn/d5-site/d5/C2Data-196-Type5;152870.0000;DATA;1612715063.959583
/ndn/d0-site/d0/C2Data-131-Type5;72871.0000;DATA;1612715064.849006
/ndn/d9-site/d9/C2Data-2317-Type1;101047.0000;DATA;1612715065.244429
/ndn/h4-site/h4/C2Data-502-Type1;144530.0000;DATA;1612715065.944613
/ndn/v8-site/v8/C2Data-4616-Type1;122524.0000;DATA;1612715066.273619
/ndn/d6-site/d6/C2Data-1954-Type1;161613.0000;DATA;1612715068.005869
/ndn/d3-site/d3/C2Data-1591-Type2;1043.0000;DATA;1612715072.062651
/ndn/d0-site/d0/C2Data-1228-Type1;211753.0000;DATA;1612715073.192365
/ndn/s7-site/s7/C2Data-3285-Type1;6006348.0000;TIMEOUT;1612715067.370721
/ndn/s9-site/s9/C2Data-3527-Type2;6000516.0000;TIMEOUT;1612715067.384316
/ndn/h8-site/h8/C2Data-986-Type1;146501.0000;DATA;1612715074.342082
/ndn/d1-site/d1/C2Data-1349-Type2;6361.0000;DATA;1612715074.880518
/ndn/h1-site/h1/C2Data-28-Type4;153851.0000;DATA;1612715074.843235
/ndn/s3-site/s3/C2Data-2801-Type2;6001750.0000;TIMEOUT;1612715076.099798
/ndn/v8-site/v8/C2Data-196-Type6;27317.0000;DATA;1612715083.399591
/ndn/h9-site/h9/C2Data-118-Type5;2163.0000;DATA;1612715083.917515
/ndn/d5-site/d5/C2Data-924-Type3;117826.0000;DATA;1612715091.669677
/ndn/d3-site/d3/C2Data-802-Type3;161326.0000;DATA;1612715092.989474
/ndn/v8-site/v8/C2Data-2327-Type3;126731.0000;DATA;1612715093.042476
/ndn/v9-site/v9/C2Data-378-Type5;79770.0000;DATA;1612715096.177006
/ndn/d2-site/d2/C2Data-1471-Type2;100275.0000;DATA;1612715096.500204
/ndn/v3-site/v3/C2Data-4012-Type1;132210.0000;DATA;1612715098.631091
/ndn/d9-site/d9/C2Data-133-Type6;1069.0000;DATA;1612715098.930022
/ndn/v8-site/v8/C2Data-4617-Type2;120748.0000;DATA;1612715099.327177
