/ndn/v0-site/v0/C2Data-5445-Type1;194448.0000;DATA;1611611482.803115
/ndn/d7-site/d7/C2Data-2662-Type1;116633.0000;DATA;1611611486.822136
/ndn/s10-site/s10/C2Data-4840-Type1;92062.0000;DATA;1611611487.488212
/ndn/v4-site/v4/C2Data-5929-Type1;191697.0000;DATA;1611611487.933764
/ndn/h0-site/h0/C2Data-0-Type1;152394.0000;DATA;1611611487.988251
/ndn/h1-site/h1/C2Data-121-Type1;25022.0000;DATA;1611611488.880389
/ndn/h8-site/h8/C2Data-968-Type1;154176.0000;DATA;1611611492.632143
/ndn/s0-site/s0/C2Data-3630-Type1;169644.0000;DATA;1611611493.065158
/ndn/d13-site/d13/C2Data-1708-Type3;25834.0000;DATA;1611611505.863118
/ndn/s3-site/s3/C2Data-2013-Type3;190539.0000;DATA;1611611506.952121
/ndn/v5-site/v5/C2Data-3050-Type3;193249.0000;DATA;1611611511.339160
/ndn/s10-site/s10/C2Data-2440-Type3;96801.0000;DATA;1611611511.758114
/ndn/d0-site/d0/C2Data-1816-Type2;72927.0000;DATA;1611611511.840505
/ndn/d3-site/d3/C2Data-1098-Type3;172046.0000;DATA;1611611511.895141
/ndn/h3-site/h3/C2Data-364-Type2;147460.0000;DATA;1611611512.741156
/ndn/s14-site/s14/C2Data-5325-Type1;47124.0000;DATA;1611611513.146128
/ndn/s4-site/s4/C2Data-4115-Type2;117627.0000;DATA;1611611513.101111
/ndn/s9-site/s9/C2Data-4720-Type2;70843.0000;DATA;1611611513.555174
/ndn/d4-site/d4/C2Data-2300-Type2;49952.0000;DATA;1611611514.965171
/ndn/s13-site/s13/C2Data-5204-Type1;213479.0000;DATA;1611611515.474182
/ndn/d14-site/d14/C2Data-3510-Type2;52655.0000;DATA;1611611516.592196
/ndn/s0-site/s0/C2Data-1830-Type3;168607.0000;DATA;1611611518.176184
/ndn/h12-site/h12/C2Data-1453-Type2;117074.0000;DATA;1611611519.430669
/ndn/h4-site/h4/C2Data-485-Type2;146342.0000;DATA;1611611519.422125
/ndn/v4-site/v4/C2Data-5930-Type2;186693.0000;DATA;1611611519.733214
/ndn/s6-site/s6/C2Data-4357-Type1;163832.0000;DATA;1611611519.967228
/ndn/d14-site/d14/C2Data-3510-Type1;49440.0000;DATA;1611611520.178116
/ndn/d12-site/d12/C2Data-3268-Type1;96462.0000;DATA;1611611521.930129
/ndn/s6-site/s6/C2Data-2196-Type3;166207.0000;DATA;1611611525.096101
/ndn/h10-site/h10/C2Data-610-Type3;174068.0000;DATA;1611611526.956219
/ndn/v2-site/v2/C2Data-2867-Type3;192856.0000;DATA;1611611527.861125
/ndn/v7-site/v7/C2Data-3172-Type3;150743.0000;DATA;1611611528.326168
/ndn/s8-site/s8/C2Data-4600-Type1;52987.0000;DATA;1611611541.218355
/ndn/s2-site/s2/C2Data-3874-Type1;27073.0000;DATA;1611611543.718123
/ndn/d6-site/d6/C2Data-2543-Type2;185279.0000;DATA;1611611543.605573
/ndn/v10-site/v10/C2Data-6657-Type2;118272.0000;DATA;1611611544.037112
/ndn/d9-site/d9/C2Data-2906-Type1;153142.0000;DATA;1611611544.818132
/ndn/s12-site/s12/C2Data-5084-Type1;195408.0000;DATA;1611611545.765190
/ndn/d3-site/d3/C2Data-2180-Type1;174388.0000;DATA;1611611548.051218
/ndn/h12-site/h12/C2Data-1454-Type2;123531.0000;DATA;1611611549.571122
/ndn/h5-site/h5/C2Data-607-Type2;92791.0000;DATA;1611611551.134193
/ndn/h3-site/h3/C2Data-365-Type2;147403.0000;DATA;1611611551.780139
/ndn/v12-site/v12/C2Data-6899-Type2;188093.0000;DATA;1611611552.737173
/ndn/h3-site/h3/C2Data-365-Type1;143964.0000;DATA;1611611553.057110
/ndn/s7-site/s7/C2Data-4479-Type2;6000289.0000;TIMEOUT;1611611552.124196
/ndn/d13-site/d13/C2Data-1709-Type3;26545.0000;DATA;1611611565.710107
/ndn/d5-site/d5/C2Data-1221-Type3;119502.0000;DATA;1611611565.690129
/ndn/d2-site/d2/C2Data-1038-Type3;51682.0000;DATA;1611611569.791132
/ndn/v9-site/v9/C2Data-6537-Type1;170991.0000;DATA;1611611572.443157
/ndn/h13-site/h13/C2Data-1576-Type1;47426.0000;DATA;1611611573.398180
/ndn/h3-site/h3/C2Data-366-Type1;142840.0000;DATA;1611611576.999120
/ndn/h8-site/h8/C2Data-200-Type4;139517.0000;DATA;1611611577.699151
/ndn/d9-site/d9/C2Data-1465-Type3;147124.0000;DATA;1611611578.335252
/ndn/h9-site/h9/C2Data-1092-Type2;122248.0000;DATA;1611611578.476180
/ndn/s9-site/s9/C2Data-4722-Type2;71690.0000;DATA;1611611578.687139
/ndn/s5-site/s5/C2Data-2136-Type3;95161.0000;DATA;1611611578.688114
/ndn/h5-site/h5/C2Data-608-Type1;93556.0000;DATA;1611611578.761179
/ndn/v12-site/v12/C2Data-1050-Type4;175709.0000;DATA;1611611579.223200
/ndn/v2-site/v2/C2Data-5690-Type1;148166.0000;DATA;1611611579.563189
/ndn/d11-site/d11/C2Data-1587-Type3;113719.0000;DATA;1611611580.103171
/ndn/v8-site/v8/C2Data-6416-Type1;167190.0000;DATA;1611611580.278114
/ndn/h1-site/h1/C2Data-25-Type4;23906.0000;DATA;1611611580.684098
/ndn/v7-site/v7/C2Data-925-Type4;143148.0000;DATA;1611611580.917178
/ndn/s14-site/s14/C2Data-5327-Type2;6000235.0000;TIMEOUT;1611611576.001162
/ndn/h12-site/h12/C2Data-1455-Type1;116131.0000;DATA;1611611582.924132
/ndn/s0-site/s0/C2Data-1831-Type3;6000648.0000;TIMEOUT;1611611577.156157
/ndn/h11-site/h11/C2Data-672-Type3;46736.0000;DATA;1611611584.363162
/ndn/d8-site/d8/C2Data-1404-Type3;74821.0000;DATA;1611611585.495137
/ndn/h5-site/h5/C2Data-306-Type3;92683.0000;DATA;1611611585.964216
/ndn/v14-site/v14/C2Data-3600-Type3;71335.0000;DATA;1611611587.079211
/ndn/d2-site/d2/C2Data-425-Type4;54689.0000;DATA;1611611597.619135
/ndn/h0-site/h0/C2Data-0-Type4;269988.0000;DATA;1611611598.070188
/ndn/v10-site/v10/C2Data-6659-Type1;120444.0000;DATA;1611611603.071120
/ndn/d12-site/d12/C2Data-3271-Type2;93241.0000;DATA;1611611603.258210
/ndn/v11-site/v11/C2Data-6780-Type2;23583.0000;DATA;1611611603.989944
/ndn/v2-site/v2/C2Data-800-Type4;158247.0000;DATA;1611611604.992205
/ndn/h3-site/h3/C2Data-367-Type1;144102.0000;DATA;1611611605.510182
/ndn/d5-site/d5/C2Data-2424-Type2;120861.0000;DATA;1611611606.705128
/ndn/v2-site/v2/C2Data-5691-Type1;171207.0000;DATA;1611611606.870175
/ndn/h2-site/h2/C2Data-246-Type1;124035.0000;DATA;1611611608.001190
/ndn/s13-site/s13/C2Data-5207-Type2;6000295.0000;TIMEOUT;1611611602.590213
/ndn/h1-site/h1/C2Data-125-Type1;25990.0000;DATA;1611611609.993100
/ndn/h12-site/h12/C2Data-1456-Type2;117626.0000;DATA;1611611611.785199
/ndn/d2-site/d2/C2Data-2061-Type1;48090.0000;DATA;1611611611.941117
/ndn/v2-site/v2/C2Data-5691-Type2;141397.0000;DATA;1611611612.109156
/ndn/h11-site/h11/C2Data-275-Type4;52839.0000;DATA;1611611618.928136
/ndn/d0-site/d0/C2Data-917-Type3;74387.0000;DATA;1611611627.049192
/ndn/d0-site/d0/C2Data-375-Type4;82924.0000;DATA;1611611627.665243
/ndn/v5-site/v5/C2Data-3052-Type3;209365.0000;DATA;1611611628.851499
/ndn/d5-site/d5/C2Data-500-Type4;142778.0000;DATA;1611611632.906185
/ndn/s1-site/s1/C2Data-1893-Type3;6000322.0000;TIMEOUT;1611611627.394202
/ndn/v1-site/v1/C2Data-5571-Type1;163250.0000;DATA;1611611633.869124
/ndn/v3-site/v3/C2Data-5813-Type1;72051.0000;DATA;1611611634.503119
/ndn/d3-site/d3/C2Data-2183-Type1;168062.0000;DATA;1611611634.975850
/ndn/d4-site/d4/C2Data-2304-Type1;47427.0000;DATA;1611611635.196182
/ndn/v8-site/v8/C2Data-6418-Type2;166877.0000;DATA;1611611636.834117
/ndn/s13-site/s13/C2Data-5208-Type1;6000266.0000;TIMEOUT;1611611631.295115
/ndn/h11-site/h11/C2Data-1336-Type1;47099.0000;DATA;1611611637.265177
/ndn/s9-site/s9/C2Data-4724-Type2;6000419.0000;TIMEOUT;1611611631.655161
/ndn/h5-site/h5/C2Data-610-Type2;96629.0000;DATA;1611611637.762134
/ndn/v1-site/v1/C2Data-5571-Type2;168307.0000;DATA;1611611638.076200
/ndn/d14-site/d14/C2Data-3514-Type2;49795.0000;DATA;1611611640.092289
/ndn/v12-site/v12/C2Data-3479-Type3;165254.0000;DATA;1611611640.058316
/ndn/h4-site/h4/C2Data-489-Type1;138509.0000;DATA;1611611641.524123
/ndn/v10-site/v10/C2Data-3357-Type3;129276.0000;DATA;1611611642.605108
/ndn/s12-site/s12/C2Data-5087-Type1;6000212.0000;TIMEOUT;1611611639.935125
/ndn/s7-site/s7/C2Data-4482-Type2;6000310.0000;TIMEOUT;1611611641.198218
/ndn/s10-site/s10/C2Data-4845-Type2;6000667.0000;TIMEOUT;1611611642.211177
/ndn/d11-site/d11/C2Data-1588-Type3;147856.0000;DATA;1611611649.168189
/ndn/s12-site/s12/C2Data-2564-Type3;6008378.0000;TIMEOUT;1611611646.840210
/ndn/s8-site/s8/C2Data-2320-Type3;6000266.0000;TIMEOUT;1611611648.658154
/ndn/s5-site/s5/C2Data-2137-Type3;6000350.0000;TIMEOUT;1611611649.042187
/ndn/v12-site/v12/C2Data-6903-Type1;168926.0000;DATA;1611611661.613157
/ndn/d9-site/d9/C2Data-2910-Type1;147590.0000;DATA;1611611662.068190
/ndn/d6-site/d6/C2Data-2547-Type1;193091.0000;DATA;1611611664.284131
/ndn/d11-site/d11/C2Data-3152-Type1;117859.0000;DATA;1611611664.643141
/ndn/h1-site/h1/C2Data-127-Type1;24648.0000;DATA;1611611669.467215
/ndn/h0-site/h0/C2Data-6-Type2;170404.0000;DATA;1611611670.672208
/ndn/d13-site/d13/C2Data-3394-Type2;24013.0000;DATA;1611611670.910150
/ndn/d14-site/d14/C2Data-3515-Type1;46582.0000;DATA;1611611670.904119
/ndn/s4-site/s4/C2Data-4120-Type1;6000252.0000;TIMEOUT;1611611665.925112
/ndn/v1-site/v1/C2Data-2809-Type3;148415.0000;DATA;1611611685.304185
/ndn/d8-site/d8/C2Data-1406-Type3;78512.0000;DATA;1611611685.998183
/ndn/h9-site/h9/C2Data-552-Type3;127051.0000;DATA;1611611690.002567
/ndn/v0-site/v0/C2Data-2748-Type3;186283.0000;DATA;1611611691.441182
/ndn/s8-site/s8/C2Data-2321-Type3;6000578.0000;TIMEOUT;1611611685.728295
/ndn/h0-site/h0/C2Data-7-Type2;170944.0000;DATA;1611611692.430113
/ndn/v12-site/v12/C2Data-3480-Type3;174207.0000;DATA;1611611694.827193
/ndn/h13-site/h13/C2Data-1580-Type1;46927.0000;DATA;1611611695.295191
/ndn/h5-site/h5/C2Data-612-Type1;97495.0000;DATA;1611611696.315174
