/ndn/v2-site/v2/C2Data-5687-Type2;695.0000;NACK;1611608580.261855
/ndn/d8-site/d8/C2Data-2783-Type1;175890.0000;DATA;1611608582.710913
/ndn/v1-site/v1/C2Data-5566-Type1;426.0000;NACK;1611608584.986885
/ndn/d1-site/d1/C2Data-1936-Type1;117885.0000;DATA;1611608585.429796
/ndn/v10-site/v10/C2Data-6655-Type2;552.0000;NACK;1611608585.780838
/ndn/h1-site/h1/C2Data-121-Type2;98014.0000;DATA;1611608585.808864
/ndn/d13-site/d13/C2Data-3388-Type2;103035.0000;DATA;1611608587.741849
/ndn/s0-site/s0/C2Data-3630-Type1;115590.0000;DATA;1611608589.631907
/ndn/s1-site/s1/C2Data-3751-Type2;163885.0000;DATA;1611608590.456819
/ndn/h5-site/h5/C2Data-305-Type3;46884.0000;DATA;1611608606.950791
/ndn/h11-site/h11/C2Data-1332-Type2;116377.0000;DATA;1611608610.727802
/ndn/s6-site/s6/C2Data-2196-Type3;164791.0000;DATA;1611608611.513766
/ndn/s7-site/s7/C2Data-4478-Type1;141812.0000;DATA;1611608611.824905
/ndn/h10-site/h10/C2Data-610-Type3;173110.0000;DATA;1611608612.817092
/ndn/h12-site/h12/C2Data-732-Type3;143756.0000;DATA;1611608614.955906
/ndn/h3-site/h3/C2Data-364-Type2;237285.0000;DATA;1611608615.026856
/ndn/v7-site/v7/C2Data-6293-Type2;566.0000;NACK;1611608616.272785
/ndn/d12-site/d12/C2Data-1647-Type3;165106.0000;DATA;1611608616.370832
/ndn/d13-site/d13/C2Data-1708-Type3;93462.0000;DATA;1611608616.936512
/ndn/s10-site/s10/C2Data-4841-Type2;115123.0000;DATA;1611608616.970886
/ndn/h10-site/h10/C2Data-1211-Type2;167425.0000;DATA;1611608618.213865
/ndn/h13-site/h13/C2Data-793-Type3;24529.0000;DATA;1611608619.473832
/ndn/h11-site/h11/C2Data-1332-Type1;122542.0000;DATA;1611608620.696771
/ndn/v10-site/v10/C2Data-3355-Type3;147983.0000;DATA;1611608624.922847
/ndn/v12-site/v12/C2Data-6899-Type2;567.0000;NACK;1611608641.448795
/ndn/v9-site/v9/C2Data-6536-Type2;122847.0000;DATA;1611608643.128786
/ndn/v13-site/v13/C2Data-7020-Type2;47688.0000;DATA;1611608643.898805
/ndn/d8-site/d8/C2Data-2785-Type2;143014.0000;DATA;1611608644.161855
/ndn/s9-site/s9/C2Data-4721-Type2;23876.0000;DATA;1611608645.742953
/ndn/h12-site/h12/C2Data-1454-Type2;153687.0000;DATA;1611608647.011834
/ndn/s13-site/s13/C2Data-5205-Type2;173300.0000;DATA;1611608647.327858
/ndn/v10-site/v10/C2Data-6657-Type2;142981.0000;DATA;1611608647.580838
/ndn/v8-site/v8/C2Data-6415-Type1;121615.0000;DATA;1611608647.833843
/ndn/d6-site/d6/C2Data-2543-Type1;144563.0000;DATA;1611608648.670797
/ndn/s6-site/s6/C2Data-4358-Type2;6001511.0000;TIMEOUT;1611608643.447824
/ndn/s12-site/s12/C2Data-5084-Type1;143315.0000;DATA;1611608649.787865
/ndn/s10-site/s10/C2Data-4842-Type2;6000300.0000;TIMEOUT;1611608644.081862
/ndn/s14-site/s14/C2Data-5326-Type2;6009728.0000;TIMEOUT;1611608647.778810
/ndn/s2-site/s2/C2Data-3874-Type1;6000240.0000;TIMEOUT;1611608650.435758
/ndn/d6-site/d6/C2Data-1282-Type3;149285.0000;DATA;1611608666.013821
/ndn/d12-site/d12/C2Data-1648-Type3;170670.0000;DATA;1611608667.141197
/ndn/v12-site/v12/C2Data-3478-Type3;249056.0000;DATA;1611608667.673831
/ndn/h2-site/h2/C2Data-123-Type3;144691.0000;DATA;1611608674.469840
/ndn/h1-site/h1/C2Data-124-Type2;93297.0000;DATA;1611608675.403776
/ndn/v4-site/v4/C2Data-5932-Type2;258906.0000;DATA;1611608675.338769
/ndn/h5-site/h5/C2Data-608-Type2;46485.0000;DATA;1611608675.668844
/ndn/h13-site/h13/C2Data-325-Type4;23975.0000;DATA;1611608676.591105
/ndn/v7-site/v7/C2Data-3173-Type3;210803.0000;DATA;1611608677.800802
/ndn/d0-site/d0/C2Data-1818-Type2;142423.0000;DATA;1611608678.283850
/ndn/d2-site/d2/C2Data-1038-Type3;122671.0000;DATA;1611608681.847827
/ndn/s4-site/s4/C2Data-2075-Type3;6000942.0000;TIMEOUT;1611608677.016846
/ndn/s3-site/s3/C2Data-3996-Type2;6000252.0000;TIMEOUT;1611608678.428005
/ndn/s0-site/s0/C2Data-1831-Type3;6000665.0000;TIMEOUT;1611608678.726866
/ndn/v2-site/v2/C2Data-2868-Type3;140984.0000;DATA;1611608685.435854
/ndn/s12-site/s12/C2Data-2563-Type3;6000690.0000;TIMEOUT;1611608685.672875
/ndn/h12-site/h12/C2Data-300-Type4;248040.0000;DATA;1611608694.142864
/ndn/d14-site/d14/C2Data-3513-Type1;97004.0000;DATA;1611608701.638791
/ndn/h3-site/h3/C2Data-367-Type1;211758.0000;DATA;1611608701.863858
/ndn/d7-site/d7/C2Data-550-Type4;117693.0000;DATA;1611608702.109864
/ndn/d4-site/d4/C2Data-2303-Type1;119314.0000;DATA;1611608704.771851
/ndn/d12-site/d12/C2Data-3271-Type2;220523.0000;DATA;1611608706.826773
/ndn/v8-site/v8/C2Data-6417-Type2;122825.0000;DATA;1611608708.519877
/ndn/v0-site/v0/C2Data-5449-Type1;139446.0000;DATA;1611608708.600817
/ndn/s1-site/s1/C2Data-3755-Type2;6001319.0000;TIMEOUT;1611608703.359846
/ndn/v14-site/v14/C2Data-7143-Type2;23854.0000;DATA;1611608709.385802
/ndn/s8-site/s8/C2Data-4602-Type2;6000510.0000;TIMEOUT;1611608704.689955
/ndn/h0-site/h0/C2Data-4-Type1;107601.0000;DATA;1611608711.200767
/ndn/s6-site/s6/C2Data-4360-Type1;6000820.0000;TIMEOUT;1611608705.791953
/ndn/s13-site/s13/C2Data-5207-Type1;6000319.0000;TIMEOUT;1611608707.452827
/ndn/v5-site/v5/C2Data-875-Type4;283742.0000;DATA;1611608713.442523
/ndn/h10-site/h10/C2Data-250-Type4;238077.0000;DATA;1611608720.500811
/ndn/d6-site/d6/C2Data-525-Type4;154727.0000;DATA;1611608722.204845
/ndn/v5-site/v5/C2Data-3052-Type3;243990.0000;DATA;1611608724.573762
/ndn/v4-site/v4/C2Data-850-Type4;272738.0000;DATA;1611608727.746852
/ndn/d14-site/d14/C2Data-1771-Type3;97106.0000;DATA;1611608728.868853
/ndn/h10-site/h10/C2Data-612-Type3;171326.0000;DATA;1611608729.229854
/ndn/h9-site/h9/C2Data-551-Type3;71030.0000;DATA;1611608729.546830
/ndn/v11-site/v11/C2Data-3418-Type3;98878.0000;DATA;1611608729.569949
/ndn/h0-site/h0/C2Data-5-Type2;116685.0000;DATA;1611608730.005816
/ndn/h9-site/h9/C2Data-1094-Type2;73420.0000;DATA;1611608730.621890
/ndn/s10-site/s10/C2Data-2442-Type3;6000351.0000;TIMEOUT;1611608726.445841
/ndn/h3-site/h3/C2Data-75-Type4;209705.0000;DATA;1611608732.524817
/ndn/d11-site/d11/C2Data-3151-Type2;196173.0000;DATA;1611608732.620777
/ndn/v8-site/v8/C2Data-950-Type4;127306.0000;DATA;1611608732.698919
/ndn/v9-site/v9/C2Data-6539-Type2;121000.0000;DATA;1611608732.886770
/ndn/s4-site/s4/C2Data-2076-Type3;6000264.0000;TIMEOUT;1611608729.725873
/ndn/h11-site/h11/C2Data-1336-Type2;116696.0000;DATA;1611608737.358851
/ndn/s7-site/s7/C2Data-4482-Type2;6000674.0000;TIMEOUT;1611608733.525820
/ndn/h1-site/h1/C2Data-126-Type2;97786.0000;DATA;1611608739.518836
/ndn/s0-site/s0/C2Data-3635-Type2;6000296.0000;TIMEOUT;1611608733.669811
/ndn/s3-site/s3/C2Data-3998-Type2;6000228.0000;TIMEOUT;1611608734.215908
/ndn/d14-site/d14/C2Data-3514-Type2;94787.0000;DATA;1611608740.542781
/ndn/d9-site/d9/C2Data-2909-Type1;96794.0000;DATA;1611608741.569863
/ndn/v10-site/v10/C2Data-3357-Type3;144985.0000;DATA;1611608742.237856
/ndn/d1-site/d1/C2Data-978-Type3;124264.0000;DATA;1611608743.387930
/ndn/h0-site/h0/C2Data-2-Type3;121781.0000;DATA;1611608743.528860
/ndn/s1-site/s1/C2Data-1893-Type3;6000344.0000;TIMEOUT;1611608739.154781
/ndn/v4-site/v4/C2Data-2991-Type3;258707.0000;DATA;1611608744.929879
/ndn/d13-site/d13/C2Data-1710-Type3;93468.0000;DATA;1611608745.404801
/ndn/h14-site/h14/C2Data-856-Type3;101882.0000;DATA;1611608745.926862
/ndn/s8-site/s8/C2Data-2320-Type3;6005905.0000;TIMEOUT;1611608745.228814
/ndn/d9-site/d9/C2Data-2910-Type1;103790.0000;DATA;1611608760.082798
/ndn/h10-site/h10/C2Data-1216-Type2;172958.0000;DATA;1611608761.075839
/ndn/d1-site/d1/C2Data-1942-Type2;121551.0000;DATA;1611608761.639768
/ndn/v1-site/v1/C2Data-5572-Type2;253408.0000;DATA;1611608763.418788
/ndn/v6-site/v6/C2Data-6177-Type2;72291.0000;DATA;1611608763.696851
/ndn/v13-site/v13/C2Data-7024-Type2;52599.0000;DATA;1611608768.529646
/ndn/s5-site/s5/C2Data-4241-Type2;6000349.0000;TIMEOUT;1611608768.781765
/ndn/s4-site/s4/C2Data-4120-Type2;6001946.0000;TIMEOUT;1611608770.039768
/ndn/h8-site/h8/C2Data-491-Type3;127566.0000;DATA;1611608787.742908
/ndn/h12-site/h12/C2Data-1459-Type2;141783.0000;DATA;1611608791.894757
/ndn/v9-site/v9/C2Data-6541-Type2;116795.0000;DATA;1611608793.420924
/ndn/v11-site/v11/C2Data-3419-Type3;97782.0000;DATA;1611608794.050993
/ndn/s11-site/s11/C2Data-2504-Type3;6000479.0000;TIMEOUT;1611608788.272845
/ndn/h13-site/h13/C2Data-796-Type3;23694.0000;DATA;1611608795.005944
/ndn/s10-site/s10/C2Data-2443-Type3;6000511.0000;TIMEOUT;1611608789.037829
/ndn/h1-site/h1/C2Data-64-Type3;96520.0000;DATA;1611608795.208838
/ndn/d1-site/d1/C2Data-1943-Type2;114704.0000;DATA;1611608795.314827
/ndn/d9-site/d9/C2Data-2911-Type1;99322.0000;DATA;1611608795.526234
