/ndn/s0-site/s0/C2Data-2420-Type2;166719.0000;DATA;1612717858.418722
/ndn/v5-site/v5/C2Data-4235-Type2;219777.0000;DATA;1612717859.087915
/ndn/v7-site/v7/C2Data-4477-Type2;76773.0000;DATA;1612717860.155826
/ndn/v9-site/v9/C2Data-4719-Type2;24016.0000;DATA;1612717860.985444
/ndn/d8-site/d8/C2Data-2178-Type2;33552.0000;DATA;1612717861.378686
/ndn/v3-site/v3/C2Data-3993-Type1;4655.0000;DATA;1612717861.908676
/ndn/h8-site/h8/C2Data-968-Type1;70650.0000;DATA;1612717862.759023
/ndn/h6-site/h6/C2Data-726-Type1;1571.0000;DATA;1612717863.287938
/ndn/d6-site/d6/C2Data-1936-Type1;79577.0000;DATA;1612717863.402411
/ndn/v1-site/v1/C2Data-3751-Type2;48657.0000;DATA;1612717865.509764
/ndn/v9-site/v9/C2Data-4719-Type1;130091.0000;DATA;1612717865.864875
/ndn/h5-site/h5/C2Data-605-Type2;25737.0000;DATA;1612717866.397863
/ndn/v2-site/v2/C2Data-3872-Type1;27898.0000;DATA;1612717868.174990
/ndn/d2-site/d2/C2Data-1452-Type1;99049.0000;DATA;1612717868.887899
/ndn/h0-site/h0/C2Data-0-Type3;164266.0000;DATA;1612717882.524037
/ndn/v1-site/v1/C2Data-1891-Type3;50776.0000;DATA;1612717887.230974
/ndn/h7-site/h7/C2Data-848-Type1;27061.0000;DATA;1612717887.962357
/ndn/s4-site/s4/C2Data-2905-Type2;206522.0000;DATA;1612717888.810274
/ndn/v9-site/v9/C2Data-4720-Type1;119437.0000;DATA;1612717891.160125
/ndn/d9-site/d9/C2Data-2300-Type2;150484.0000;DATA;1612717891.214410
/ndn/s9-site/s9/C2Data-3510-Type2;2793.0000;DATA;1612717892.652146
/ndn/d6-site/d6/C2Data-1937-Type1;826.0000;DATA;1612717893.385069
/ndn/v2-site/v2/C2Data-3873-Type2;120981.0000;DATA;1612717894.353708
/ndn/d5-site/d5/C2Data-1816-Type1;145837.0000;DATA;1612717894.336977
/ndn/s5-site/s5/C2Data-3026-Type1;77619.0000;DATA;1612717894.463004
/ndn/s8-site/s8/C2Data-1708-Type3;24523.0000;DATA;1612717894.856372
/ndn/s7-site/s7/C2Data-3268-Type1;1383.0000;DATA;1612717895.308348
/ndn/v9-site/v9/C2Data-2379-Type3;1218.0000;DATA;1612717897.007185
/ndn/v8-site/v8/C2Data-4599-Type1;36631.0000;DATA;1612717898.106948
/ndn/h1-site/h1/C2Data-123-Type1;51957.0000;DATA;1612717917.379483
/ndn/s2-site/s2/C2Data-2664-Type2;62900.0000;DATA;1612717917.658908
/ndn/v4-site/v4/C2Data-4116-Type2;146969.0000;DATA;1612717918.125331
/ndn/v6-site/v6/C2Data-4358-Type1;97464.0000;DATA;1612717918.874926
/ndn/s1-site/s1/C2Data-2543-Type1;133159.0000;DATA;1612717919.188728
/ndn/v5-site/v5/C2Data-4237-Type1;150806.0000;DATA;1612717919.904861
/ndn/s4-site/s4/C2Data-2906-Type1;1274.0000;DATA;1612717920.930165
/ndn/v5-site/v5/C2Data-4237-Type2;165376.0000;DATA;1612717921.630955
/ndn/s9-site/s9/C2Data-3511-Type1;127055.0000;DATA;1612717923.331019
/ndn/d0-site/d0/C2Data-1212-Type1;76681.0000;DATA;1612717923.790992
/ndn/h0-site/h0/C2Data-2-Type2;131030.0000;DATA;1612717924.088464
/ndn/d6-site/d6/C2Data-1938-Type2;4011.0000;DATA;1612717924.273747
/ndn/d7-site/d7/C2Data-2059-Type1;152433.0000;DATA;1612717925.180021
/ndn/h9-site/h9/C2Data-1091-Type2;179030.0000;DATA;1612717926.189342
/ndn/h2-site/h2/C2Data-244-Type1;29077.0000;DATA;1612717926.574484
/ndn/h1-site/h1/C2Data-62-Type3;126250.0000;DATA;1612717941.815071
/ndn/v0-site/v0/C2Data-1831-Type3;30021.0000;DATA;1612717942.482821
/ndn/h2-site/h2/C2Data-123-Type3;113757.0000;DATA;1612717944.508275
/ndn/v1-site/v1/C2Data-1892-Type3;70228.0000;DATA;1612717947.037031
/ndn/d2-site/d2/C2Data-1455-Type1;99099.0000;DATA;1612717947.272099
/ndn/h7-site/h7/C2Data-850-Type2;27738.0000;DATA;1612717947.357130
/ndn/s3-site/s3/C2Data-1404-Type3;2834.0000;DATA;1612717948.031519
/ndn/v1-site/v1/C2Data-3754-Type1;50660.0000;DATA;1612717948.598890
/ndn/d6-site/d6/C2Data-977-Type3;560615.0000;DATA;1612717949.870353
/ndn/d7-site/d7/C2Data-2060-Type1;264389.0000;DATA;1612717950.855867
/ndn/h0-site/h0/C2Data-3-Type2;138366.0000;DATA;1612717953.452366
/ndn/h0-site/h0/C2Data-1-Type3;28047.0000;DATA;1612717954.282986
/ndn/v4-site/v4/C2Data-600-Type4;167922.0000;DATA;1612717954.375958
/ndn/h9-site/h9/C2Data-1092-Type1;197456.0000;DATA;1612717954.352036
/ndn/s6-site/s6/C2Data-3149-Type1;111347.0000;DATA;1612717955.530404
/ndn/s1-site/s1/C2Data-1282-Type3;27231.0000;DATA;1612717957.286948
/ndn/h2-site/h2/C2Data-245-Type2;107264.0000;DATA;1612717957.952746
/ndn/v5-site/v5/C2Data-2136-Type3;2230.0000;DATA;1612717960.378553
/ndn/h3-site/h3/C2Data-184-Type3;6902.0000;DATA;1612717963.747393
/ndn/v1-site/v1/C2Data-525-Type4;4980.0000;DATA;1612717964.253368
/ndn/d4-site/d4/C2Data-855-Type3;52118.0000;DATA;1612717964.245700
/ndn/v6-site/v6/C2Data-2197-Type3;27874.0000;DATA;1612717964.598936
/ndn/v0-site/v0/C2Data-500-Type4;5671.0000;DATA;1612717966.649806
/ndn/v6-site/v6/C2Data-650-Type4;282457.0000;DATA;1612717971.829039
/ndn/s9-site/s9/C2Data-3513-Type2;118849.0000;DATA;1612717979.296706
/ndn/h5-site/h5/C2Data-609-Type1;25332.0000;DATA;1612717979.748742
/ndn/d4-site/d4/C2Data-1698-Type2;1292.0000;DATA;1612717981.252631
/ndn/d1-site/d1/C2Data-1335-Type1;75573.0000;DATA;1612717982.727571
/ndn/v8-site/v8/C2Data-700-Type4;31396.0000;DATA;1612717984.798264
/ndn/s4-site/s4/C2Data-2908-Type2;2223.0000;DATA;1612717988.300126
/ndn/v2-site/v2/C2Data-550-Type4;26251.0000;DATA;1612717994.885832
/ndn/v1-site/v1/C2Data-1893-Type3;50391.0000;DATA;1612718004.749114
/ndn/h0-site/h0/C2Data-2-Type3;127246.0000;DATA;1612718005.003266
/ndn/s8-site/s8/C2Data-3393-Type2;2761.0000;DATA;1612718010.372589
/ndn/h7-site/h7/C2Data-852-Type2;25430.0000;DATA;1612718010.685040
/ndn/s9-site/s9/C2Data-1771-Type3;2349.0000;DATA;1612718013.338551
/ndn/h9-site/h9/C2Data-551-Type3;83270.0000;DATA;1612718015.571300
/ndn/v4-site/v4/C2Data-2076-Type3;77127.0000;DATA;1612718015.965028
/ndn/h5-site/h5/C2Data-307-Type3;1031.0000;DATA;1612718016.549316
/ndn/v2-site/v2/C2Data-1954-Type3;2070.0000;DATA;1612718016.809783
/ndn/s5-site/s5/C2Data-3030-Type2;1440.0000;DATA;1612718017.016202
/ndn/v6-site/v6/C2Data-2198-Type3;25447.0000;DATA;1612718017.128568
/ndn/d0-site/d0/C2Data-1215-Type1;75050.0000;DATA;1612718017.236504
/ndn/h5-site/h5/C2Data-610-Type2;25925.0000;DATA;1612718018.917864
/ndn/h3-site/h3/C2Data-185-Type3;1066.0000;DATA;1612718023.120921
/ndn/d7-site/d7/C2Data-1039-Type3;2793.0000;DATA;1612718024.429801
/ndn/h3-site/h3/C2Data-369-Type2;70578.0000;DATA;1612718040.450723
/ndn/v1-site/v1/C2Data-3757-Type1;1103.0000;DATA;1612718040.537923
/ndn/s7-site/s7/C2Data-3273-Type1;76584.0000;DATA;1612718042.261086
/ndn/d9-site/d9/C2Data-2305-Type1;124771.0000;DATA;1612718043.425939
/ndn/v2-site/v2/C2Data-3878-Type1;106728.0000;DATA;1612718044.842380
/ndn/s1-site/s1/C2Data-2547-Type2;103729.0000;DATA;1612718045.146166
/ndn/d7-site/d7/C2Data-2063-Type2;203452.0000;DATA;1612718045.623766
/ndn/d0-site/d0/C2Data-1216-Type1;77220.0000;DATA;1612718046.428950
/ndn/h2-site/h2/C2Data-248-Type2;1318.0000;DATA;1612718046.917928
/ndn/v7-site/v7/C2Data-4483-Type2;7640.0000;DATA;1612718048.385908
/ndn/d6-site/d6/C2Data-979-Type3;77620.0000;DATA;1612718062.355212
/ndn/v5-site/v5/C2Data-2138-Type3;127994.0000;DATA;1612718064.442526
/ndn/d9-site/d9/C2Data-1162-Type3;26554.0000;DATA;1612718065.358969
/ndn/h8-site/h8/C2Data-491-Type3;66043.0000;DATA;1612718065.983902
/ndn/v9-site/v9/C2Data-2382-Type3;619298.0000;DATA;1612718067.575806
/ndn/s4-site/s4/C2Data-2911-Type1;72819.0000;DATA;1612718071.673991
/ndn/s4-site/s4/C2Data-1467-Type3;15991.0000;DATA;1612718071.838365
/ndn/s9-site/s9/C2Data-3516-Type1;122401.0000;DATA;1612718072.408239
/ndn/v0-site/v0/C2Data-1833-Type3;807.0000;DATA;1612718072.701823
/ndn/v7-site/v7/C2Data-4484-Type2;24970.0000;DATA;1612718073.627996
/ndn/v5-site/v5/C2Data-4242-Type1;148969.0000;DATA;1612718074.474128
/ndn/s7-site/s7/C2Data-1650-Type3;24213.0000;DATA;1612718075.603510
/ndn/v9-site/v9/C2Data-377-Type5;123937.0000;DATA;1612718075.614624
/ndn/d0-site/d0/C2Data-1217-Type2;2910.0000;DATA;1612718075.943456
/ndn/s0-site/s0/C2Data-2427-Type2;1171.0000;DATA;1612718077.094343
/ndn/v0-site/v0/C2Data-3637-Type1;1487.0000;DATA;1612718078.603145
/ndn/h7-site/h7/C2Data-430-Type3;2616.0000;DATA;1612718079.451452
/ndn/h6-site/h6/C2Data-78-Type5;3826.0000;DATA;1612718096.110341
/ndn/v1-site/v1/C2Data-3759-Type1;51577.0000;DATA;1612718097.659623
/ndn/h2-site/h2/C2Data-250-Type1;25064.0000;DATA;1612718099.840998
/ndn/v5-site/v5/C2Data-4243-Type1;155929.0000;DATA;1612718099.903912
/ndn/d9-site/d9/C2Data-2307-Type2;102597.0000;DATA;1612718103.079052
/ndn/h0-site/h0/C2Data-8-Type1;134822.0000;DATA;1612718103.952135
/ndn/s9-site/s9/C2Data-3517-Type2;136184.0000;DATA;1612718106.013380
/ndn/v8-site/v8/C2Data-4606-Type2;29098.0000;DATA;1612718106.291240
/ndn/v2-site/v2/C2Data-3880-Type1;175105.0000;DATA;1612718106.953016
/ndn/s2-site/s2/C2Data-2670-Type1;24639.0000;DATA;1612718107.468082
/ndn/h1-site/h1/C2Data-129-Type1;1028.0000;DATA;1612718107.502133
/ndn/v2-site/v2/C2Data-3880-Type2;149470.0000;DATA;1612718107.816494
/ndn/d9-site/d9/C2Data-2307-Type1;151251.0000;DATA;1612718108.265605
/ndn/d2-site/d2/C2Data-156-Type5;149124.0000;DATA;1612718114.498234
/ndn/s1-site/s1/C2Data-1285-Type3;82033.0000;DATA;1612718123.279414
/ndn/s3-site/s3/C2Data-2792-Type1;120583.0000;DATA;1612718128.732634
/ndn/d6-site/d6/C2Data-401-Type4;78717.0000;DATA;1612718129.300967
/ndn/d0-site/d0/C2Data-1219-Type1;1315.0000;DATA;1612718130.169548
/ndn/v7-site/v7/C2Data-676-Type4;28449.0000;DATA;1612718131.476883
/ndn/d3-site/d3/C2Data-797-Type3;932.0000;DATA;1612718131.566196
/ndn/d9-site/d9/C2Data-2308-Type2;632592.0000;DATA;1612718132.696524
/ndn/d0-site/d0/C2Data-614-Type3;29799.0000;DATA;1612718132.827919
/ndn/s9-site/s9/C2Data-3518-Type1;139527.0000;DATA;1612718133.288658
/ndn/d4-site/d4/C2Data-1703-Type1;3989.0000;DATA;1612718134.426920
/ndn/h2-site/h2/C2Data-251-Type2;108705.0000;DATA;1612718135.279228
/ndn/d4-site/d4/C2Data-1703-Type2;49405.0000;DATA;1612718136.579194
/ndn/v0-site/v0/C2Data-3639-Type2;3075.0000;DATA;1612718137.197971
/ndn/d7-site/d7/C2Data-1041-Type3;35415.0000;DATA;1612718137.664179
/ndn/s1-site/s1/C2Data-2550-Type1;71989.0000;DATA;1612718137.766828
/ndn/d1-site/d1/C2Data-1340-Type1;126659.0000;DATA;1612718137.969526
/ndn/d2-site/d2/C2Data-736-Type3;1525.0000;DATA;1612718139.450295
/ndn/d5-site/d5/C2Data-919-Type3;1005.0000;DATA;1612718140.096733
/ndn/s7-site/s7/C2Data-1651-Type3;791.0000;DATA;1612718140.271905
/ndn/d9-site/d9/C2Data-1163-Type3;31316.0000;DATA;1612718140.485046
/ndn/s8-site/s8/C2Data-1712-Type3;82103.0000;DATA;1612718141.408756
/ndn/v1-site/v1/C2Data-526-Type4;2878.0000;DATA;1612718142.023318
/ndn/s9-site/s9/C2Data-1773-Type3;1001.0000;DATA;1612718142.991959
/ndn/v5-site/v5/C2Data-626-Type4;128242.0000;DATA;1612718143.079942
/ndn/v4-site/v4/C2Data-312-Type5;2056.0000;DATA;1612718144.042573
/ndn/v9-site/v9/C2Data-726-Type4;1455.0000;DATA;1612718144.413009
/ndn/d1-site/d1/C2Data-276-Type4;1746.0000;DATA;1612718146.223581
/ndn/h7-site/h7/C2Data-176-Type4;799.0000;DATA;1612718155.714955
/ndn/v1-site/v1/C2Data-273-Type5;1225.0000;DATA;1612718156.000781
/ndn/v4-site/v4/C2Data-601-Type4;3731.0000;DATA;1612718156.659643
/ndn/v3-site/v3/C2Data-299-Type5;1551.0000;DATA;1612718157.363782
/ndn/v0-site/v0/C2Data-3640-Type1;29111.0000;DATA;1612718158.359990
/ndn/d8-site/d8/C2Data-2188-Type1;149504.0000;DATA;1612718158.316616
/ndn/v3-site/v3/C2Data-4003-Type1;134971.0000;DATA;1612718159.502087
/ndn/s1-site/s1/C2Data-2551-Type2;121432.0000;DATA;1612718160.691966
/ndn/d1-site/d1/C2Data-1341-Type2;28397.0000;DATA;1612718165.772388
/ndn/d6-site/d6/C2Data-1946-Type1;853.0000;DATA;1612718165.867368
/ndn/d2-site/d2/C2Data-1462-Type2;3043.0000;DATA;1612718166.907082
/ndn/h5-site/h5/C2Data-615-Type1;24900.0000;DATA;1612718167.096014
/ndn/d8-site/d8/C2Data-2188-Type2;96486.0000;DATA;1612718167.056508
/ndn/h3-site/h3/C2Data-39-Type5;78749.0000;DATA;1612718171.666963
/ndn/v4-site/v4/C2Data-2079-Type3;144472.0000;DATA;1612718183.039752
/ndn/d1-site/d1/C2Data-676-Type3;26227.0000;DATA;1612718186.996655
/ndn/v8-site/v8/C2Data-4609-Type1;25704.0000;DATA;1612718188.156361
/ndn/v5-site/v5/C2Data-2140-Type3;142315.0000;DATA;1612718195.493194
/ndn/s2-site/s2/C2Data-2673-Type2;48285.0000;DATA;1612718196.478114
/ndn/d7-site/d7/C2Data-2068-Type2;5224.0000;DATA;1612718198.563706
/ndn/h0-site/h0/C2Data-5-Type3;2385.0000;DATA;1612718201.672002
/ndn/v0-site/v0/C2Data-1835-Type3;1005.0000;DATA;1612718205.081335
/ndn/h3-site/h3/C2Data-188-Type3;29152.0000;DATA;1612718204.989347
/ndn/v6-site/v6/C2Data-4368-Type2;105559.0000;DATA;1612718219.528573
/ndn/d9-site/d9/C2Data-2311-Type2;143983.0000;DATA;1612718219.596065
/ndn/s5-site/s5/C2Data-3037-Type2;36822.0000;DATA;1612718224.095435
/ndn/d2-site/d2/C2Data-1464-Type1;96475.0000;DATA;1612718224.400726
/ndn/v3-site/v3/C2Data-4005-Type2;1072.0000;DATA;1612718224.514585
/ndn/d8-site/d8/C2Data-2190-Type1;193664.0000;DATA;1612718225.067266
/ndn/v0-site/v0/C2Data-3642-Type2;2699.0000;DATA;1612718225.451476
/ndn/v4-site/v4/C2Data-4126-Type2;78195.0000;DATA;1612718228.424556
/ndn/v7-site/v7/C2Data-4489-Type1;77331.0000;DATA;1612718228.467979
/ndn/d2-site/d2/C2Data-1465-Type1;102361.0000;DATA;1612718247.569434
/ndn/v0-site/v0/C2Data-3643-Type2;24894.0000;DATA;1612718248.620003
/ndn/h3-site/h3/C2Data-376-Type2;81379.0000;DATA;1612718248.849231
/ndn/v5-site/v5/C2Data-4248-Type2;852.0000;DATA;1612718249.252244
/ndn/h2-site/h2/C2Data-128-Type3;1106.0000;DATA;1612718250.015931
/ndn/h5-site/h5/C2Data-311-Type3;28442.0000;DATA;1612718250.338929
/ndn/v2-site/v2/C2Data-1958-Type3;834.0000;DATA;1612718251.138028
/ndn/h0-site/h0/C2Data-13-Type2;851.0000;DATA;1612718253.118676
/ndn/s6-site/s6/C2Data-3159-Type2;6000551.0000;TIMEOUT;1612718247.621369
/ndn/s0-site/s0/C2Data-1226-Type3;32604.0000;DATA;1612718254.174642
/ndn/d7-site/d7/C2Data-2070-Type2;24927.0000;DATA;1612718256.602385
/ndn/v8-site/v8/C2Data-4611-Type1;917.0000;DATA;1612718256.944186
/ndn/v7-site/v7/C2Data-2263-Type3;1228.0000;DATA;1612718257.842298
/ndn/s8-site/s8/C2Data-3401-Type1;6003198.0000;TIMEOUT;1612718252.746524
/ndn/d2-site/d2/C2Data-1465-Type2;1189.0000;DATA;1612718258.913980
/ndn/s7-site/s7/C2Data-3280-Type1;6002842.0000;TIMEOUT;1612718254.405492
/ndn/s3-site/s3/C2Data-1409-Type3;6000643.0000;TIMEOUT;1612718255.455206
/ndn/d4-site/d4/C2Data-860-Type3;1278.0000;DATA;1612718261.628331
/ndn/v4-site/v4/C2Data-602-Type4;1231.0000;DATA;1612718262.562515
/ndn/h1-site/h1/C2Data-67-Type3;1145.0000;DATA;1612718264.866984
/ndn/s6-site/s6/C2Data-1592-Type3;6001466.0000;TIMEOUT;1612718265.093863
/ndn/v3-site/v3/C2Data-4007-Type1;124650.0000;DATA;1612718278.593096
/ndn/v6-site/v6/C2Data-652-Type4;72547.0000;DATA;1612718278.823681
/ndn/v5-site/v5/C2Data-4249-Type2;191770.0000;DATA;1612718279.309035
/ndn/h6-site/h6/C2Data-740-Type1;52445.0000;DATA;1612718280.166727
/ndn/s6-site/s6/C2Data-3160-Type1;6000640.0000;TIMEOUT;1612718282.695976
/ndn/s5-site/s5/C2Data-3039-Type2;6000678.0000;TIMEOUT;1612718283.527221
/ndn/s0-site/s0/C2Data-2434-Type1;6002339.0000;TIMEOUT;1612718285.960953
/ndn/v0-site/v0/C2Data-502-Type4;1233.0000;DATA;1612718296.683726
/ndn/d5-site/d5/C2Data-377-Type4;773.0000;DATA;1612718300.145909
/ndn/s9-site/s9/C2Data-1776-Type3;6001097.0000;TIMEOUT;1612718301.324775
/ndn/d1-site/d1/C2Data-678-Type3;73416.0000;DATA;1612718307.455541
/ndn/v3-site/v3/C2Data-4008-Type1;1322.0000;DATA;1612718308.983941
/ndn/h9-site/h9/C2Data-1104-Type2;669825.0000;DATA;1612718312.704906
/ndn/d8-site/d8/C2Data-1105-Type3;15398.0000;DATA;1612718313.405252
/ndn/v7-site/v7/C2Data-2264-Type3;8257.0000;DATA;1612718313.380136
/ndn/v8-site/v8/C2Data-2325-Type3;29664.0000;DATA;1612718313.370772
/ndn/h2-site/h2/C2Data-257-Type2;97207.0000;DATA;1612718314.036930
/ndn/d9-site/d9/C2Data-1166-Type3;35198.0000;DATA;1612718315.319985
/ndn/h8-site/h8/C2Data-983-Type2;920.0000;DATA;1612718315.691921
/ndn/s3-site/s3/C2Data-2798-Type2;6004462.0000;TIMEOUT;1612718309.838933
/ndn/d5-site/d5/C2Data-1830-Type2;7363.0000;DATA;1612718316.103135
/ndn/h6-site/h6/C2Data-741-Type1;1616.0000;DATA;1612718317.696587
/ndn/v9-site/v9/C2Data-4734-Type1;134944.0000;DATA;1612718318.398171
/ndn/d4-site/d4/C2Data-1709-Type2;50435.0000;DATA;1612718318.587146
/ndn/s5-site/s5/C2Data-3040-Type2;6001212.0000;TIMEOUT;1612718317.361951
/ndn/s5-site/s5/C2Data-1532-Type3;6010766.0000;TIMEOUT;1612718319.415345
/ndn/h5-site/h5/C2Data-621-Type2;26681.0000;DATA;1612718339.342329
/ndn/v3-site/v3/C2Data-4009-Type1;32074.0000;DATA;1612718339.591073
/ndn/h0-site/h0/C2Data-16-Type1;139744.0000;DATA;1612718340.416671
/ndn/d6-site/d6/C2Data-1952-Type2;1043.0000;DATA;1612718341.942229
/ndn/d9-site/d9/C2Data-2315-Type2;2206.0000;DATA;1612718342.545288
/ndn/s7-site/s7/C2Data-3283-Type1;6001462.0000;TIMEOUT;1612718339.693991
/ndn/s7-site/s7/C2Data-3283-Type2;6002638.0000;TIMEOUT;1612718340.375120
/ndn/s8-site/s8/C2Data-3404-Type2;6001840.0000;TIMEOUT;1612718341.598344
/ndn/h8-site/h8/C2Data-984-Type1;825.0000;DATA;1612718347.691976
/ndn/h9-site/h9/C2Data-1105-Type2;197700.0000;DATA;1612718347.559950
/ndn/s2-site/s2/C2Data-2678-Type1;6001780.0000;TIMEOUT;1612718346.511080
/ndn/d4-site/d4/C2Data-98-Type6;982.0000;DATA;1612718353.223567
/ndn/h1-site/h1/C2Data-69-Type3;911.0000;DATA;1612718367.634927
/ndn/v5-site/v5/C2Data-2143-Type3;1517.0000;DATA;1612718370.228091
/ndn/s7-site/s7/C2Data-1655-Type3;6000805.0000;TIMEOUT;1612718365.180009
/ndn/v5-site/v5/C2Data-4252-Type1;154609.0000;DATA;1612718371.461332
/ndn/v2-site/v2/C2Data-3889-Type1;152037.0000;DATA;1612718374.850787
/ndn/v5-site/v5/C2Data-4252-Type2;75286.0000;DATA;1612718375.239466
/ndn/v8-site/v8/C2Data-4615-Type2;25066.0000;DATA;1612718377.096013
/ndn/v1-site/v1/C2Data-3768-Type2;1245.0000;DATA;1612718377.164800
/ndn/d1-site/d1/C2Data-77-Type6;4085.0000;DATA;1612718378.553168
/ndn/h1-site/h1/C2Data-138-Type1;24941.0000;DATA;1612718378.955370
/ndn/h0-site/h0/C2Data-1-Type5;1981.0000;DATA;1612718380.945657
/ndn/s6-site/s6/C2Data-3163-Type1;6000833.0000;TIMEOUT;1612718375.648553
/ndn/v2-site/v2/C2Data-154-Type6;100811.0000;DATA;1612718382.652718
/ndn/s4-site/s4/C2Data-1472-Type3;6001874.0000;TIMEOUT;1612718377.334094
/ndn/v3-site/v3/C2Data-2021-Type3;2813.0000;DATA;1612718383.711254
/ndn/s1-site/s1/C2Data-1289-Type3;6002162.0000;TIMEOUT;1612718379.080810
/ndn/s2-site/s2/C2Data-1350-Type3;6039570.0000;TIMEOUT;1612718379.434980
/ndn/d2-site/d2/C2Data-84-Type6;1199.0000;DATA;1612718389.743589
/ndn/h8-site/h8/C2Data-986-Type1;48596.0000;DATA;1612718398.156298
/ndn/s3-site/s3/C2Data-2801-Type1;6000584.0000;TIMEOUT;1612718397.659652
/ndn/s9-site/s9/C2Data-3527-Type2;6002816.0000;TIMEOUT;1612718398.343295
/ndn/d6-site/d6/C2Data-1954-Type2;3273.0000;DATA;1612718405.209398
/ndn/v5-site/v5/C2Data-4253-Type1;25324.0000;DATA;1612718407.318950
/ndn/s3-site/s3/C2Data-2801-Type2;6001509.0000;TIMEOUT;1612718401.806945
/ndn/h8-site/h8/C2Data-105-Type5;3161.0000;DATA;1612718408.986397
/ndn/h8-site/h8/C2Data-203-Type4;3550.0000;DATA;1612718417.728195
/ndn/v2-site/v2/C2Data-287-Type5;204947.0000;DATA;1612718417.710197
/ndn/v9-site/v9/C2Data-378-Type5;155722.0000;DATA;1612718423.669089
/ndn/v8-site/v8/C2Data-703-Type4;1193.0000;DATA;1612718424.844493
/ndn/h9-site/h9/C2Data-228-Type4;4625.0000;DATA;1612718426.980143
/ndn/d3-site/d3/C2Data-802-Type3;86368.0000;DATA;1612718430.277096
/ndn/d4-site/d4/C2Data-863-Type3;1735.0000;DATA;1612718430.539720
/ndn/h0-site/h0/C2Data-9-Type3;884.0000;DATA;1612718431.503873
/ndn/h2-site/h2/C2Data-53-Type4;99866.0000;DATA;1612718432.756927
