/ndn/h12-site/h12/C2Data-1452-Type2;626.0000;NACK;1611606254.684822
/ndn/s7-site/s7/C2Data-4477-Type2;124763.0000;DATA;1611606256.238706
/ndn/s0-site/s0/C2Data-3630-Type1;142618.0000;DATA;1611606256.311734
/ndn/s4-site/s4/C2Data-4114-Type1;512.0000;NACK;1611606256.856422
/ndn/h9-site/h9/C2Data-1089-Type2;118176.0000;DATA;1611606256.947796
/ndn/h9-site/h9/C2Data-1089-Type1;120921.0000;DATA;1611606257.029873
/ndn/s10-site/s10/C2Data-4840-Type2;450.0000;NACK;1611606258.482721
/ndn/s14-site/s14/C2Data-5324-Type2;94772.0000;DATA;1611606260.296738
/ndn/s11-site/s11/C2Data-4961-Type2;238826.0000;DATA;1611606262.899695
/ndn/d14-site/d14/C2Data-3509-Type2;97690.0000;DATA;1611606263.565776
/ndn/h2-site/h2/C2Data-242-Type1;199686.0000;DATA;1611606264.973761
/ndn/h11-site/h11/C2Data-671-Type3;108349.0000;DATA;1611606278.197737
/ndn/h7-site/h7/C2Data-427-Type3;256371.0000;DATA;1611606278.885735
/ndn/v5-site/v5/C2Data-3050-Type3;152869.0000;DATA;1611606279.540726
/ndn/v0-site/v0/C2Data-5446-Type1;138199.0000;DATA;1611606284.177060
/ndn/d2-site/d2/C2Data-2058-Type1;24051.0000;DATA;1611606287.938876
/ndn/h6-site/h6/C2Data-727-Type2;191956.0000;DATA;1611606290.031813
/ndn/v12-site/v12/C2Data-3477-Type3;94986.0000;DATA;1611606290.700803
/ndn/v6-site/v6/C2Data-3111-Type3;72897.0000;DATA;1611606290.868831
/ndn/v11-site/v11/C2Data-6777-Type2;71345.0000;DATA;1611606292.186693
/ndn/v14-site/v14/C2Data-7140-Type1;141537.0000;DATA;1611606293.016812
/ndn/h5-site/h5/C2Data-606-Type1;144572.0000;DATA;1611606293.214761
/ndn/h3-site/h3/C2Data-183-Type3;75825.0000;DATA;1611606297.951971
/ndn/d5-site/d5/C2Data-1220-Type3;222417.0000;DATA;1611606299.344696
/ndn/d9-site/d9/C2Data-1464-Type3;96108.0000;DATA;1611606300.622763
/ndn/s12-site/s12/C2Data-2562-Type3;260972.0000;DATA;1611606301.803735
/ndn/s14-site/s14/C2Data-5326-Type1;98700.0000;DATA;1611606314.474017
/ndn/v2-site/v2/C2Data-5689-Type1;98587.0000;DATA;1611606314.535805
/ndn/h11-site/h11/C2Data-1333-Type2;98477.0000;DATA;1611606314.764769
/ndn/h3-site/h3/C2Data-365-Type1;72895.0000;DATA;1611606314.928757
/ndn/v4-site/v4/C2Data-5931-Type2;120980.0000;DATA;1611606314.888789
/ndn/v12-site/v12/C2Data-6899-Type1;94353.0000;DATA;1611606315.051765
/ndn/d10-site/d10/C2Data-3027-Type2;188376.0000;DATA;1611606316.580813
/ndn/s4-site/s4/C2Data-4116-Type1;197437.0000;DATA;1611606316.735769
/ndn/v13-site/v13/C2Data-7020-Type2;117797.0000;DATA;1611606317.298804
/ndn/s3-site/s3/C2Data-3995-Type2;245953.0000;DATA;1611606319.730781
/ndn/s6-site/s6/C2Data-4358-Type1;6000403.0000;TIMEOUT;1611606315.072812
/ndn/v8-site/v8/C2Data-6415-Type2;222191.0000;DATA;1611606321.500733
/ndn/d0-site/d0/C2Data-1817-Type1;24314.0000;DATA;1611606321.825735
/ndn/v12-site/v12/C2Data-6899-Type2;98589.0000;DATA;1611606325.520767
/ndn/h1-site/h1/C2Data-123-Type1;49406.0000;DATA;1611606325.868754
/ndn/s9-site/s9/C2Data-2380-Type3;144249.0000;DATA;1611606338.320774
/ndn/v3-site/v3/C2Data-2929-Type3;151183.0000;DATA;1611606340.942390
/ndn/v9-site/v9/C2Data-6537-Type1;209465.0000;DATA;1611606344.346745
/ndn/h13-site/h13/C2Data-1576-Type2;116706.0000;DATA;1611606345.080862
/ndn/d1-site/d1/C2Data-1939-Type1;163930.0000;DATA;1611606345.563746
/ndn/h9-site/h9/C2Data-550-Type3;121793.0000;DATA;1611606346.378700
/ndn/s6-site/s6/C2Data-2197-Type3;6000491.0000;TIMEOUT;1611606341.196696
/ndn/d12-site/d12/C2Data-1648-Type3;24084.0000;DATA;1611606348.917797
/ndn/d2-site/d2/C2Data-425-Type4;25003.0000;DATA;1611606350.458820
/ndn/h14-site/h14/C2Data-350-Type4;142933.0000;DATA;1611606352.790771
/ndn/d13-site/d13/C2Data-3391-Type2;73190.0000;DATA;1611606353.086698
/ndn/s12-site/s12/C2Data-2563-Type3;6000839.0000;TIMEOUT;1611606347.388829
/ndn/s13-site/s13/C2Data-5206-Type2;6000315.0000;TIMEOUT;1611606348.228578
/ndn/v7-site/v7/C2Data-6295-Type2;26293.0000;DATA;1611606354.271733
/ndn/h2-site/h2/C2Data-123-Type3;207635.0000;DATA;1611606354.136689
/ndn/v5-site/v5/C2Data-6053-Type2;115289.0000;DATA;1611606354.983724
/ndn/s1-site/s1/C2Data-1892-Type3;6000252.0000;TIMEOUT;1611606350.974007
/ndn/h13-site/h13/C2Data-325-Type4;135938.0000;DATA;1611606360.227749
/ndn/v2-site/v2/C2Data-2868-Type3;96031.0000;DATA;1611606360.596774
/ndn/h2-site/h2/C2Data-50-Type4;194239.0000;DATA;1611606366.056751
/ndn/d6-site/d6/C2Data-525-Type4;151153.0000;DATA;1611606371.080744
/ndn/v13-site/v13/C2Data-7022-Type1;121937.0000;DATA;1611606374.836780
/ndn/v8-site/v8/C2Data-6417-Type1;217658.0000;DATA;1611606375.441771
/ndn/v1-site/v1/C2Data-5570-Type2;98670.0000;DATA;1611606379.610724
/ndn/v0-site/v0/C2Data-5449-Type1;139433.0000;DATA;1611606380.197831
/ndn/d12-site/d12/C2Data-3271-Type1;26595.0000;DATA;1611606380.556715
/ndn/v3-site/v3/C2Data-5812-Type1;147216.0000;DATA;1611606380.828833
/ndn/d0-site/d0/C2Data-1819-Type1;24767.0000;DATA;1611606380.971755
/ndn/d3-site/d3/C2Data-2182-Type2;117987.0000;DATA;1611606381.779813
/ndn/v9-site/v9/C2Data-6538-Type2;209324.0000;DATA;1611606381.735731
/ndn/h5-site/h5/C2Data-609-Type2;143787.0000;DATA;1611606382.144846
/ndn/s11-site/s11/C2Data-4965-Type1;6004880.0000;TIMEOUT;1611606377.422906
/ndn/v14-site/v14/C2Data-7143-Type1;145619.0000;DATA;1611606383.301767
/ndn/h4-site/h4/C2Data-488-Type2;188802.0000;DATA;1611606383.604774
/ndn/h9-site/h9/C2Data-1093-Type1;123299.0000;DATA;1611606384.886758
/ndn/v9-site/v9/C2Data-975-Type4;219223.0000;DATA;1611606386.369776
/ndn/h6-site/h6/C2Data-150-Type4;227935.0000;DATA;1611606397.369689
/ndn/h1-site/h1/C2Data-25-Type4;48362.0000;DATA;1611606402.398717
/ndn/v14-site/v14/C2Data-1100-Type4;143830.0000;DATA;1611606402.465783
/ndn/v4-site/v4/C2Data-2991-Type3;134100.0000;DATA;1611606403.127811
/ndn/h6-site/h6/C2Data-368-Type3;190475.0000;DATA;1611606404.253767
/ndn/h12-site/h12/C2Data-1457-Type2;189630.0000;DATA;1611606406.174882
/ndn/s4-site/s4/C2Data-2076-Type3;6000461.0000;TIMEOUT;1611606400.550764
/ndn/h9-site/h9/C2Data-1094-Type1;119663.0000;DATA;1611606406.510683
/ndn/d10-site/d10/C2Data-3030-Type1;188696.0000;DATA;1611606407.239749
/ndn/d13-site/d13/C2Data-3393-Type2;69335.0000;DATA;1611606407.604803
/ndn/v3-site/v3/C2Data-5813-Type2;140333.0000;DATA;1611606408.782731
/ndn/h6-site/h6/C2Data-731-Type2;188748.0000;DATA;1611606409.514761
/ndn/v13-site/v13/C2Data-7023-Type2;115386.0000;DATA;1611606409.969959
/ndn/v9-site/v9/C2Data-3296-Type3;214296.0000;DATA;1611606410.695922
/ndn/s1-site/s1/C2Data-3756-Type2;6000858.0000;TIMEOUT;1611606405.321744
/ndn/h6-site/h6/C2Data-731-Type1;194006.0000;DATA;1611606412.304687
/ndn/h0-site/h0/C2Data-5-Type1;216852.0000;DATA;1611606412.919750
/ndn/v0-site/v0/C2Data-2747-Type3;139789.0000;DATA;1611606413.364738
/ndn/s11-site/s11/C2Data-4966-Type2;6000528.0000;TIMEOUT;1611606407.894788
/ndn/h12-site/h12/C2Data-734-Type3;188323.0000;DATA;1611606414.491781
/ndn/s10-site/s10/C2Data-4845-Type2;6000331.0000;TIMEOUT;1611606410.710680
/ndn/v5-site/v5/C2Data-6056-Type1;120298.0000;DATA;1611606434.198774
/ndn/h4-site/h4/C2Data-490-Type2;192089.0000;DATA;1611606434.466812
/ndn/v11-site/v11/C2Data-6782-Type1;72494.0000;DATA;1611606434.733716
/ndn/d9-site/d9/C2Data-2910-Type2;100404.0000;DATA;1611606436.907733
/ndn/d7-site/d7/C2Data-2668-Type2;72292.0000;DATA;1611606437.808712
/ndn/v7-site/v7/C2Data-6298-Type1;70058.0000;DATA;1611606441.547808
/ndn/h9-site/h9/C2Data-1095-Type1;116732.0000;DATA;1611606442.053823
/ndn/s2-site/s2/C2Data-3878-Type2;6000367.0000;TIMEOUT;1611606438.309739
/ndn/h9-site/h9/C2Data-1095-Type2;125954.0000;DATA;1611606444.519763
/ndn/d7-site/d7/C2Data-2668-Type1;75124.0000;DATA;1611606445.319780
/ndn/h7-site/h7/C2Data-853-Type2;244506.0000;DATA;1611606445.300739
/ndn/s12-site/s12/C2Data-5088-Type2;6000515.0000;TIMEOUT;1611606439.816766
/ndn/s3-site/s3/C2Data-3999-Type1;6000606.0000;TIMEOUT;1611606441.765726
/ndn/d14-site/d14/C2Data-1772-Type3;100481.0000;DATA;1611606459.558784
/ndn/d4-site/d4/C2Data-1162-Type3;93280.0000;DATA;1611606463.645683
/ndn/s10-site/s10/C2Data-2443-Type3;6001542.0000;TIMEOUT;1611606459.823756
