/ndn/h1-site/h1/C2Data-121-Type1;26834.0000;DATA;1612714524.975121
/ndn/h0-site/h0/C2Data-0-Type2;159307.0000;DATA;1612714525.495789
/ndn/s3-site/s3/C2Data-2783-Type2;127263.0000;DATA;1612714526.525849
/ndn/s2-site/s2/C2Data-2662-Type2;1604.0000;DATA;1612714529.598373
/ndn/d1-site/d1/C2Data-1331-Type2;50968.0000;DATA;1612714529.573451
/ndn/v7-site/v7/C2Data-4477-Type1;112278.0000;DATA;1612714531.976784
/ndn/s6-site/s6/C2Data-3146-Type2;25293.0000;DATA;1612714532.083591
/ndn/s4-site/s4/C2Data-2904-Type2;7041.0000;DATA;1612714533.907585
/ndn/v6-site/v6/C2Data-4356-Type2;49760.0000;DATA;1612714534.127749
/ndn/s7-site/s7/C2Data-3267-Type1;56595.0000;DATA;1612714535.236862
/ndn/s9-site/s9/C2Data-1769-Type3;52470.0000;DATA;1612714554.863167
/ndn/v1-site/v1/C2Data-3752-Type1;29760.0000;DATA;1612714555.628203
/ndn/s2-site/s2/C2Data-2663-Type1;29497.0000;DATA;1612714555.646270
/ndn/d6-site/d6/C2Data-1937-Type1;100828.0000;DATA;1612714558.698491
/ndn/v7-site/v7/C2Data-2257-Type3;119162.0000;DATA;1612714558.807172
/ndn/s3-site/s3/C2Data-2784-Type2;27219.0000;DATA;1612714563.501827
/ndn/d0-site/d0/C2Data-1211-Type1;27498.0000;DATA;1612714564.968960
/ndn/s5-site/s5/C2Data-3026-Type1;2464.0000;DATA;1612714565.387047
/ndn/h1-site/h1/C2Data-122-Type1;954.0000;DATA;1612714565.444012
/ndn/v5-site/v5/C2Data-4236-Type2;51504.0000;DATA;1612714566.738115
/ndn/v6-site/v6/C2Data-2196-Type3;2892.0000;DATA;1612714569.420689
/ndn/s7-site/s7/C2Data-1647-Type3;1066.0000;DATA;1612714571.800556
/ndn/d1-site/d1/C2Data-1333-Type1;96604.0000;DATA;1612714586.421357
/ndn/s6-site/s6/C2Data-3148-Type2;128445.0000;DATA;1612714586.469163
/ndn/d7-site/d7/C2Data-2059-Type1;3047.0000;DATA;1612714588.432820
/ndn/v6-site/v6/C2Data-4358-Type2;1179.0000;DATA;1612714589.406771
/ndn/h3-site/h3/C2Data-365-Type2;1301.0000;DATA;1612714592.375192
/ndn/h4-site/h4/C2Data-486-Type1;25979.0000;DATA;1612714593.181587
/ndn/h5-site/h5/C2Data-607-Type1;28625.0000;DATA;1612714594.072138
/ndn/s1-site/s1/C2Data-2543-Type1;122976.0000;DATA;1612714594.705175
/ndn/d4-site/d4/C2Data-1696-Type2;27142.0000;DATA;1612714595.912894
/ndn/d2-site/d2/C2Data-733-Type3;59728.0000;DATA;1612714609.566468
/ndn/d3-site/d3/C2Data-794-Type3;134300.0000;DATA;1612714613.544564
/ndn/s7-site/s7/C2Data-1648-Type3;3834.0000;DATA;1612714616.518482
/ndn/h5-site/h5/C2Data-608-Type1;29595.0000;DATA;1612714616.636012
/ndn/s0-site/s0/C2Data-2423-Type2;74524.0000;DATA;1612714617.151076
/ndn/v0-site/v0/C2Data-3633-Type2;1044.0000;DATA;1612714617.422922
/ndn/d0-site/d0/C2Data-1213-Type2;98795.0000;DATA;1612714619.482653
/ndn/d1-site/d1/C2Data-1334-Type2;906.0000;DATA;1612714622.461008
/ndn/s3-site/s3/C2Data-1404-Type3;26097.0000;DATA;1612714623.186066
/ndn/v4-site/v4/C2Data-4117-Type1;156078.0000;DATA;1612714623.144312
/ndn/v4-site/v4/C2Data-2075-Type3;79090.0000;DATA;1612714623.973078
/ndn/h1-site/h1/C2Data-62-Type3;935.0000;DATA;1612714630.860269
/ndn/d3-site/d3/C2Data-325-Type4;193125.0000;DATA;1612714639.111544
/ndn/h4-site/h4/C2Data-100-Type4;885.0000;DATA;1612714641.778222
/ndn/v7-site/v7/C2Data-4481-Type2;93147.0000;DATA;1612714644.850009
/ndn/v3-site/v3/C2Data-3997-Type1;151582.0000;DATA;1612714645.034884
/ndn/h3-site/h3/C2Data-367-Type1;53414.0000;DATA;1612714645.644787
/ndn/d7-site/d7/C2Data-2061-Type1;1778.0000;DATA;1612714648.253176
/ndn/h0-site/h0/C2Data-4-Type1;144645.0000;DATA;1612714650.743155
/ndn/v0-site/v0/C2Data-3634-Type2;3531.0000;DATA;1612714650.908523
/ndn/h5-site/h5/C2Data-609-Type2;24843.0000;DATA;1612714652.928416
/ndn/h3-site/h3/C2Data-367-Type2;53948.0000;DATA;1612714654.749182
/ndn/s5-site/s5/C2Data-3029-Type1;51253.0000;DATA;1612714655.612039
/ndn/h1-site/h1/C2Data-25-Type4;1518.0000;DATA;1612714668.368740
/ndn/h3-site/h3/C2Data-75-Type4;1060.0000;DATA;1612714669.835058
/ndn/v0-site/v0/C2Data-1832-Type3;55836.0000;DATA;1612714671.380812
/ndn/s1-site/s1/C2Data-1283-Type3;101449.0000;DATA;1612714671.981079
/ndn/d0-site/d0/C2Data-250-Type4;25313.0000;DATA;1612714673.501194
/ndn/s8-site/s8/C2Data-3393-Type2;88270.0000;DATA;1612714676.105682
/ndn/d4-site/d4/C2Data-856-Type3;80074.0000;DATA;1612714676.145186
/ndn/d2-site/d2/C2Data-1457-Type1;50346.0000;DATA;1612714676.255474
/ndn/s4-site/s4/C2Data-2909-Type1;171544.0000;DATA;1612714676.684011
/ndn/s7-site/s7/C2Data-1649-Type3;830.0000;DATA;1612714677.270295
/ndn/h3-site/h3/C2Data-368-Type1;63716.0000;DATA;1612714678.592794
/ndn/v5-site/v5/C2Data-4240-Type2;163361.0000;DATA;1612714678.954308
/ndn/s0-site/s0/C2Data-2425-Type2;76110.0000;DATA;1612714681.338868
/ndn/h2-site/h2/C2Data-124-Type3;2700.0000;DATA;1612714682.641096
/ndn/d1-site/d1/C2Data-673-Type3;96509.0000;DATA;1612714684.018112
/ndn/h0-site/h0/C2Data-5-Type1;57253.0000;DATA;1612714684.672817
/ndn/s8-site/s8/C2Data-1710-Type3;72234.0000;DATA;1612714685.092446
/ndn/v4-site/v4/C2Data-2076-Type3;49383.0000;DATA;1612714685.252876
/ndn/s3-site/s3/C2Data-2788-Type2;26012.0000;DATA;1612714686.116434
/ndn/v0-site/v0/C2Data-3635-Type2;80287.0000;DATA;1612714686.411824
/ndn/d6-site/d6/C2Data-1942-Type2;106927.0000;DATA;1612714705.191389
/ndn/d8-site/d8/C2Data-2184-Type1;184983.0000;DATA;1612714705.183630
/ndn/s5-site/s5/C2Data-3031-Type2;62703.0000;DATA;1612714705.415100
/ndn/h8-site/h8/C2Data-974-Type2;37072.0000;DATA;1612714705.736124
/ndn/v7-site/v7/C2Data-4483-Type2;128736.0000;DATA;1612714706.519734
/ndn/v3-site/v3/C2Data-3999-Type1;77152.0000;DATA;1612714709.042327
/ndn/h1-site/h1/C2Data-127-Type1;1219.0000;DATA;1612714710.193175
/ndn/d5-site/d5/C2Data-1821-Type2;147336.0000;DATA;1612714712.561071
/ndn/v5-site/v5/C2Data-4241-Type1;163799.0000;DATA;1612714712.913542
/ndn/h3-site/h3/C2Data-369-Type2;2099.0000;DATA;1612714715.715339
/ndn/s5-site/s5/C2Data-3031-Type1;57534.0000;DATA;1612714715.770836
/ndn/h3-site/h3/C2Data-369-Type1;54032.0000;DATA;1612714715.994620
/ndn/h9-site/h9/C2Data-1095-Type2;53638.0000;DATA;1612714716.706438
/ndn/d9-site/d9/C2Data-1162-Type3;199150.0000;DATA;1612714731.854338
/ndn/s3-site/s3/C2Data-2790-Type1;125893.0000;DATA;1612714735.647687
/ndn/d8-site/d8/C2Data-2185-Type1;52037.0000;DATA;1612714736.398918
/ndn/h2-site/h2/C2Data-249-Type1;84394.0000;DATA;1612714737.314210
/ndn/v6-site/v6/C2Data-4363-Type2;82472.0000;DATA;1612714737.430729
/ndn/h0-site/h0/C2Data-7-Type1;154617.0000;DATA;1612714737.956323
/ndn/s4-site/s4/C2Data-1467-Type3;800.0000;DATA;1612714739.365071
/ndn/v6-site/v6/C2Data-2199-Type3;81536.0000;DATA;1612714739.785300
/ndn/v5-site/v5/C2Data-4242-Type1;125944.0000;DATA;1612714742.165725
/ndn/d0-site/d0/C2Data-130-Type5;103101.0000;DATA;1612714745.489637
/ndn/d4-site/d4/C2Data-1701-Type1;49276.0000;DATA;1612714745.919686
/ndn/d7-site/d7/C2Data-1040-Type3;2388.0000;DATA;1612714747.589157
/ndn/d4-site/d4/C2Data-1702-Type2;74851.0000;DATA;1612714765.315088
/ndn/h2-site/h2/C2Data-250-Type2;76263.0000;DATA;1612714765.527988
/ndn/s6-site/s6/C2Data-3154-Type1;132952.0000;DATA;1612714766.907467
/ndn/d4-site/d4/C2Data-1702-Type1;48389.0000;DATA;1612714771.625768
/ndn/d7-site/d7/C2Data-2065-Type2;147222.0000;DATA;1612714772.098453
/ndn/v9-site/v9/C2Data-4727-Type1;214655.0000;DATA;1612714774.060134
/ndn/v5-site/v5/C2Data-4243-Type1;61618.0000;DATA;1612714774.441044
/ndn/d4-site/d4/C2Data-182-Type5;28673.0000;DATA;1612714776.917585
/ndn/h6-site/h6/C2Data-78-Type5;30239.0000;DATA;1612714780.258786
/ndn/v2-site/v2/C2Data-551-Type4;819.0000;DATA;1612714793.636284
/ndn/d0-site/d0/C2Data-614-Type3;104919.0000;DATA;1612714793.713184
/ndn/v1-site/v1/C2Data-3760-Type2;27667.0000;DATA;1612714795.505652
/ndn/v3-site/v3/C2Data-576-Type4;51420.0000;DATA;1612714796.526502
/ndn/v2-site/v2/C2Data-286-Type5;132785.0000;DATA;1612714796.643497
/ndn/s3-site/s3/C2Data-1407-Type3;75294.0000;DATA;1612714797.962827
/ndn/s7-site/s7/C2Data-3276-Type1;112894.0000;DATA;1612714798.119275
/ndn/v7-site/v7/C2Data-4486-Type2;114235.0000;DATA;1612714798.656132
/ndn/h4-site/h4/C2Data-248-Type3;24939.0000;DATA;1612714799.790269
/ndn/s3-site/s3/C2Data-2792-Type2;96723.0000;DATA;1612714800.943786
/ndn/s6-site/s6/C2Data-1590-Type3;52381.0000;DATA;1612714801.657942
/ndn/v1-site/v1/C2Data-3760-Type1;34006.0000;DATA;1612714802.449790
/ndn/v5-site/v5/C2Data-4244-Type1;154290.0000;DATA;1612714804.009880
/ndn/v4-site/v4/C2Data-4123-Type2;50867.0000;DATA;1612714804.129756
/ndn/v2-site/v2/C2Data-1956-Type3;1219.0000;DATA;1612714804.421287
/ndn/v6-site/v6/C2Data-2200-Type3;1981.0000;DATA;1612714810.059843
/ndn/h3-site/h3/C2Data-187-Type3;7825.0000;DATA;1612714810.482718
/ndn/d3-site/d3/C2Data-797-Type3;49959.0000;DATA;1612714811.182816
/ndn/h5-site/h5/C2Data-309-Type3;3422.0000;DATA;1612714811.696241
/ndn/v9-site/v9/C2Data-2383-Type3;49961.0000;DATA;1612714812.030265
/ndn/d9-site/d9/C2Data-476-Type4;96056.0000;DATA;1612714814.947701
/ndn/v5-site/v5/C2Data-626-Type4;58855.0000;DATA;1612714817.226023
/ndn/v9-site/v9/C2Data-726-Type4;68505.0000;DATA;1612714821.158108
/ndn/d8-site/d8/C2Data-451-Type4;70905.0000;DATA;1612714822.716334
/ndn/d9-site/d9/C2Data-2309-Type2;168078.0000;DATA;1612714825.808174
/ndn/h2-site/h2/C2Data-252-Type2;92660.0000;DATA;1612714825.897139
/ndn/v9-site/v9/C2Data-4729-Type2;55903.0000;DATA;1612714826.580377
/ndn/v5-site/v5/C2Data-4245-Type2;178297.0000;DATA;1612714826.837968
/ndn/v6-site/v6/C2Data-4366-Type1;48770.0000;DATA;1612714828.187093
/ndn/d8-site/d8/C2Data-2188-Type1;51063.0000;DATA;1612714828.484302
/ndn/v1-site/v1/C2Data-3761-Type2;2800.0000;DATA;1612714829.948877
/ndn/h4-site/h4/C2Data-494-Type1;3419.0000;DATA;1612714830.194460
/ndn/h3-site/h3/C2Data-373-Type2;52754.0000;DATA;1612714831.974407
/ndn/d7-site/d7/C2Data-2067-Type2;2668.0000;DATA;1612714833.472230
/ndn/d1-site/d1/C2Data-676-Type3;123239.0000;DATA;1612714851.165721
/ndn/d1-site/d1/C2Data-143-Type5;1418.0000;DATA;1612714851.448192
/ndn/v7-site/v7/C2Data-2262-Type3;47753.0000;DATA;1612714854.992143
/ndn/s7-site/s7/C2Data-3278-Type2;101332.0000;DATA;1612714855.135328
/ndn/v5-site/v5/C2Data-4246-Type2;54873.0000;DATA;1612714856.176180
/ndn/h5-site/h5/C2Data-616-Type2;26136.0000;DATA;1612714856.992962
/ndn/h3-site/h3/C2Data-374-Type2;49574.0000;DATA;1612714857.043442
/ndn/v7-site/v7/C2Data-4488-Type2;49009.0000;DATA;1612714858.351127
/ndn/s9-site/s9/C2Data-3520-Type2;123387.0000;DATA;1612714859.279368
/ndn/s3-site/s3/C2Data-2794-Type1;136481.0000;DATA;1612714859.951017
/ndn/s9-site/s9/C2Data-3520-Type1;133576.0000;DATA;1612714861.610819
/ndn/h9-site/h9/C2Data-1100-Type1;856.0000;DATA;1612714862.600340
/ndn/s2-site/s2/C2Data-2673-Type2;1063.0000;DATA;1612714864.197719
/ndn/v5-site/v5/C2Data-4246-Type1;158112.0000;DATA;1612714864.408887
/ndn/s7-site/s7/C2Data-1652-Type3;25175.0000;DATA;1612714865.723046
/ndn/v0-site/v0/C2Data-1835-Type3;894.0000;DATA;1612714866.480306
/ndn/v2-site/v2/C2Data-1957-Type3;215982.0000;DATA;1612714871.355800
/ndn/d0-site/d0/C2Data-1222-Type2;27146.0000;DATA;1612714886.018046
/ndn/d2-site/d2/C2Data-1464-Type1;48017.0000;DATA;1612714887.010705
/ndn/h6-site/h6/C2Data-738-Type2;81206.0000;DATA;1612714887.770649
/ndn/h5-site/h5/C2Data-617-Type2;25969.0000;DATA;1612714888.242838
/ndn/h0-site/h0/C2Data-12-Type1;154685.0000;DATA;1612714888.658382
/ndn/h8-site/h8/C2Data-980-Type1;78865.0000;DATA;1612714890.291059
/ndn/d6-site/d6/C2Data-1948-Type1;110235.0000;DATA;1612714892.825754
/ndn/h7-site/h7/C2Data-433-Type3;1031.0000;DATA;1612714913.746838
/ndn/d7-site/d7/C2Data-2070-Type1;156965.0000;DATA;1612714915.863317
/ndn/h5-site/h5/C2Data-618-Type2;31950.0000;DATA;1612714916.068585
/ndn/d0-site/d0/C2Data-616-Type3;110481.0000;DATA;1612714917.375093
/ndn/h7-site/h7/C2Data-860-Type2;66667.0000;DATA;1612714917.498972
/ndn/v3-site/v3/C2Data-4006-Type1;163862.0000;DATA;1612714919.114722
/ndn/h1-site/h1/C2Data-67-Type3;1055.0000;DATA;1612714920.328670
/ndn/h8-site/h8/C2Data-981-Type2;29180.0000;DATA;1612714922.029803
/ndn/s5-site/s5/C2Data-3038-Type1;6000387.0000;TIMEOUT;1612714919.387348
/ndn/h2-site/h2/C2Data-255-Type1;74279.0000;DATA;1612714926.294531
/ndn/v7-site/v7/C2Data-4490-Type1;100137.0000;DATA;1612714926.280526
/ndn/s9-site/s9/C2Data-3522-Type2;6001708.0000;TIMEOUT;1612714922.335653
/ndn/d7-site/d7/C2Data-1043-Type3;917.0000;DATA;1612714930.004499
/ndn/d1-site/d1/C2Data-677-Type3;2760.0000;DATA;1612714931.960755
/ndn/v4-site/v4/C2Data-602-Type4;52609.0000;DATA;1612714946.096694
/ndn/v6-site/v6/C2Data-4370-Type1;75501.0000;DATA;1612714947.680372
/ndn/v3-site/v3/C2Data-4007-Type1;51526.0000;DATA;1612714947.799262
/ndn/d9-site/d9/C2Data-477-Type4;57490.0000;DATA;1612714949.538296
/ndn/h1-site/h1/C2Data-135-Type2;1266.0000;DATA;1612714950.711519
/ndn/h2-site/h2/C2Data-256-Type2;2426.0000;DATA;1612714951.766653
/ndn/s7-site/s7/C2Data-3281-Type1;6001888.0000;TIMEOUT;1612714946.014412
/ndn/v9-site/v9/C2Data-4733-Type1;163570.0000;DATA;1612714954.543440
/ndn/s0-site/s0/C2Data-2434-Type1;6001293.0000;TIMEOUT;1612714948.907156
/ndn/s7-site/s7/C2Data-3281-Type2;6000609.0000;TIMEOUT;1612714950.409869
/ndn/d5-site/d5/C2Data-1829-Type2;165652.0000;DATA;1612714956.594038
/ndn/s1-site/s1/C2Data-2555-Type1;6011889.0000;TIMEOUT;1612714955.574732
/ndn/d5-site/d5/C2Data-922-Type3;63684.0000;DATA;1612714972.418012
/ndn/h9-site/h9/C2Data-556-Type3;154170.0000;DATA;1612714972.602113
/ndn/h2-site/h2/C2Data-52-Type4;865.0000;DATA;1612714972.808882
/ndn/v3-site/v3/C2Data-2020-Type3;142432.0000;DATA;1612714972.920734
/ndn/h3-site/h3/C2Data-77-Type4;5842.0000;DATA;1612714974.319242
/ndn/h4-site/h4/C2Data-251-Type3;1404.0000;DATA;1612714975.540164
/ndn/h1-site/h1/C2Data-68-Type3;1063.0000;DATA;1612714978.740648
/ndn/d0-site/d0/C2Data-617-Type3;115844.0000;DATA;1612714979.164406
/ndn/v5-site/v5/C2Data-4250-Type2;49831.0000;DATA;1612714979.550862
/ndn/h8-site/h8/C2Data-983-Type1;1362.0000;DATA;1612714983.183289
/ndn/s9-site/s9/C2Data-1776-Type3;6001107.0000;TIMEOUT;1612714977.862497
/ndn/h1-site/h1/C2Data-136-Type1;26541.0000;DATA;1612714984.672999
/ndn/h0-site/h0/C2Data-0-Type6;158957.0000;DATA;1612714985.940861
/ndn/d3-site/d3/C2Data-800-Type3;72189.0000;DATA;1612714986.169038
/ndn/s1-site/s1/C2Data-1288-Type3;6001436.0000;TIMEOUT;1612714982.895022
/ndn/s3-site/s3/C2Data-2798-Type2;6000761.0000;TIMEOUT;1612714984.465570
/ndn/s5-site/s5/C2Data-1532-Type3;6002266.0000;TIMEOUT;1612714991.990797
/ndn/v7-site/v7/C2Data-4493-Type1;118810.0000;DATA;1612715005.128178
/ndn/d3-site/d3/C2Data-1589-Type1;128467.0000;DATA;1612715006.796620
/ndn/v1-site/v1/C2Data-3767-Type1;26169.0000;DATA;1612715009.756299
/ndn/v1-site/v1/C2Data-3767-Type2;38155.0000;DATA;1612715009.937172
/ndn/h8-site/h8/C2Data-984-Type1;74179.0000;DATA;1612715010.650858
/ndn/d9-site/d9/C2Data-2315-Type1;175930.0000;DATA;1612715014.951136
/ndn/s5-site/s5/C2Data-3041-Type2;6000514.0000;TIMEOUT;1612715010.610133
/ndn/s0-site/s0/C2Data-2436-Type2;6000428.0000;TIMEOUT;1612715011.704174
/ndn/s8-site/s8/C2Data-3404-Type2;6005002.0000;TIMEOUT;1612715016.208062
/ndn/s2-site/s2/C2Data-2678-Type2;6010519.0000;TIMEOUT;1612715016.272464
/ndn/v7-site/v7/C2Data-2265-Type3;55707.0000;DATA;1612715032.687017
/ndn/v2-site/v2/C2Data-1960-Type3;152319.0000;DATA;1612715033.744423
/ndn/h2-site/h2/C2Data-259-Type1;76448.0000;DATA;1612715035.663042
/ndn/v2-site/v2/C2Data-3889-Type2;134916.0000;DATA;1612715036.189079
/ndn/v9-site/v9/C2Data-4736-Type1;72711.0000;DATA;1612715036.889135
/ndn/h4-site/h4/C2Data-501-Type1;24584.0000;DATA;1612715037.635119
/ndn/s0-site/s0/C2Data-1228-Type3;6001371.0000;TIMEOUT;1612715032.849881
/ndn/s9-site/s9/C2Data-1777-Type3;6001759.0000;TIMEOUT;1612715035.679009
/ndn/d1-site/d1/C2Data-77-Type6;1156.0000;DATA;1612715041.976290
/ndn/s8-site/s8/C2Data-3405-Type2;6003658.0000;TIMEOUT;1612715037.572563
/ndn/v4-site/v4/C2Data-2082-Type3;52850.0000;DATA;1612715043.948340
/ndn/d5-site/d5/C2Data-923-Type3;147985.0000;DATA;1612715045.850771
/ndn/s2-site/s2/C2Data-2679-Type1;6264212.0000;TIMEOUT;1612715040.284667
/ndn/s8-site/s8/C2Data-3405-Type1;6001988.0000;TIMEOUT;1612715041.248625
/ndn/s0-site/s0/C2Data-2437-Type1;6001479.0000;TIMEOUT;1612715042.924660
/ndn/h0-site/h0/C2Data-8-Type3;141069.0000;DATA;1612715049.327134
/ndn/d4-site/d4/C2Data-183-Type5;163483.0000;DATA;1612715049.331067
/ndn/s4-site/s4/C2Data-2921-Type2;6001452.0000;TIMEOUT;1612715044.696017
/ndn/h8-site/h8/C2Data-496-Type3;6195.0000;DATA;1612715052.460758
/ndn/s3-site/s3/C2Data-1411-Type3;6000622.0000;TIMEOUT;1612715048.556116
/ndn/d8-site/d8/C2Data-235-Type5;282109.0000;DATA;1612715064.355181
/ndn/d1-site/d1/C2Data-1349-Type1;106934.0000;DATA;1612715064.765583
/ndn/v1-site/v1/C2Data-3769-Type2;30088.0000;DATA;1612715065.758189
/ndn/d6-site/d6/C2Data-1954-Type2;25671.0000;DATA;1612715067.495225
/ndn/h3-site/h3/C2Data-381-Type1;49219.0000;DATA;1612715069.374351
/ndn/s1-site/s1/C2Data-2559-Type2;6007290.0000;TIMEOUT;1612715066.233655
/ndn/v9-site/v9/C2Data-728-Type4;190506.0000;DATA;1612715072.471759
/ndn/d7-site/d7/C2Data-2075-Type1;124091.0000;DATA;1612715073.163893
/ndn/h7-site/h7/C2Data-865-Type2;24697.0000;DATA;1612715073.832053
/ndn/d8-site/d8/C2Data-2196-Type1;185152.0000;DATA;1612715075.362809
/ndn/h0-site/h0/C2Data-18-Type2;54307.0000;DATA;1612715076.438865
/ndn/v5-site/v5/C2Data-326-Type5;247368.0000;DATA;1612715077.808565
/ndn/h6-site/h6/C2Data-42-Type6;35372.0000;DATA;1612715086.653289
/ndn/h5-site/h5/C2Data-314-Type3;3562.0000;DATA;1612715090.707716
/ndn/h9-site/h9/C2Data-558-Type3;163547.0000;DATA;1612715095.086323
/ndn/v6-site/v6/C2Data-4375-Type2;37528.0000;DATA;1612715096.339653
/ndn/v5-site/v5/C2Data-628-Type4;83254.0000;DATA;1612715097.400776
/ndn/v9-site/v9/C2Data-2388-Type3;55796.0000;DATA;1612715098.211285
/ndn/d4-site/d4/C2Data-1713-Type2;1007.0000;DATA;1612715098.501145
/ndn/v7-site/v7/C2Data-678-Type4;27052.0000;DATA;1612715100.439509
