/ndn/v11-site/v11/C2Data-6776-Type1;147676.0000;DATA;1611609743.936113
/ndn/d1-site/d1/C2Data-1936-Type1;321725.0000;DATA;1611609744.076220
/ndn/v10-site/v10/C2Data-6655-Type1;101654.0000;DATA;1611609747.976133
/ndn/h8-site/h8/C2Data-968-Type2;25228.0000;DATA;1611609749.833167
/ndn/s11-site/s11/C2Data-4961-Type1;62935.0000;NACK;1611609753.454151
/ndn/d0-site/d0/C2Data-1815-Type2;68943.0000;DATA;1611609753.589108
/ndn/h9-site/h9/C2Data-1089-Type2;47178.0000;DATA;1611609754.339143
/ndn/h2-site/h2/C2Data-122-Type3;298199.0000;DATA;1611609770.399155
/ndn/h1-site/h1/C2Data-61-Type3;667.0000;DATA;1611609770.772163
/ndn/d10-site/d10/C2Data-1525-Type3;238739.0000;DATA;1611609771.283199
/ndn/d4-site/d4/C2Data-2300-Type2;175096.0000;DATA;1611609773.941743
/ndn/v6-site/v6/C2Data-3111-Type3;124019.0000;NACK;1611609774.168114
/ndn/v8-site/v8/C2Data-6414-Type1;65056.0000;NACK;1611609774.752118
/ndn/d2-site/d2/C2Data-2058-Type1;96946.0000;DATA;1611609775.546129
/ndn/d12-site/d12/C2Data-3268-Type2;47542.0000;DATA;1611609775.927207
/ndn/v14-site/v14/C2Data-7140-Type2;173976.0000;DATA;1611609777.178192
/ndn/d13-site/d13/C2Data-3389-Type1;96093.0000;DATA;1611609777.708133
/ndn/v7-site/v7/C2Data-6293-Type2;23749.0000;DATA;1611609777.995176
/ndn/v10-site/v10/C2Data-3355-Type3;46348.0000;DATA;1611609778.442232
/ndn/d3-site/d3/C2Data-1098-Type3;579.0000;DATA;1611609779.376184
/ndn/s7-site/s7/C2Data-2257-Type3;97817.0000;DATA;1611609781.752187
/ndn/v5-site/v5/C2Data-6051-Type1;48045.0000;DATA;1611609782.931156
/ndn/h11-site/h11/C2Data-671-Type3;69001.0000;DATA;1611609783.039187
/ndn/v6-site/v6/C2Data-6172-Type1;125549.0000;NACK;1611609784.006158
/ndn/s13-site/s13/C2Data-5204-Type1;290035.0000;DATA;1611609785.439158
/ndn/s9-site/s9/C2Data-2379-Type3;685.0000;DATA;1611609786.453146
/ndn/h4-site/h4/C2Data-244-Type3;25798.0000;DATA;1611609786.643131
/ndn/h12-site/h12/C2Data-732-Type3;694.0000;DATA;1611609791.365190
/ndn/v3-site/v3/C2Data-2928-Type3;169363.0000;DATA;1611609791.686175
/ndn/h1-site/h1/C2Data-123-Type2;122457.0000;DATA;1611609805.165145
/ndn/h12-site/h12/C2Data-1454-Type1;256952.0000;DATA;1611609807.039110
/ndn/h4-site/h4/C2Data-486-Type2;181519.0000;DATA;1611609808.057192
/ndn/s0-site/s0/C2Data-3632-Type1;76331.0000;DATA;1611609808.556696
/ndn/v12-site/v12/C2Data-6899-Type2;685.0000;DATA;1611609808.798130
/ndn/d5-site/d5/C2Data-2422-Type1;168952.0000;DATA;1611609809.004153
/ndn/d2-site/d2/C2Data-2059-Type1;94984.0000;DATA;1611609810.548115
/ndn/d1-site/d1/C2Data-1938-Type2;182946.0000;DATA;1611609810.480138
/ndn/v1-site/v1/C2Data-5568-Type2;679.0000;DATA;1611609811.780191
/ndn/s10-site/s10/C2Data-4842-Type2;93095.0000;DATA;1611609812.490284
/ndn/v13-site/v13/C2Data-7020-Type2;71120.0000;DATA;1611609812.680130
/ndn/h8-site/h8/C2Data-970-Type2;622.0000;DATA;1611609813.105213
/ndn/h2-site/h2/C2Data-244-Type2;184925.0000;DATA;1611609813.008194
/ndn/v11-site/v11/C2Data-6778-Type2;140650.0000;DATA;1611609814.039145
/ndn/d14-site/d14/C2Data-3511-Type1;178212.0000;DATA;1611609815.242151
/ndn/s11-site/s11/C2Data-2502-Type3;211091.0000;DATA;1611609829.008188
/ndn/v4-site/v4/C2Data-2990-Type3;573.0000;DATA;1611609835.276126
/ndn/v5-site/v5/C2Data-6053-Type2;48426.0000;DATA;1611609835.397126
/ndn/s9-site/s9/C2Data-2380-Type3;731.0000;DATA;1611609836.580156
/ndn/h7-site/h7/C2Data-850-Type2;279452.0000;DATA;1611609837.126173
/ndn/h2-site/h2/C2Data-245-Type2;281647.0000;DATA;1611609837.214219
/ndn/h0-site/h0/C2Data-3-Type1;246006.0000;DATA;1611609837.268241
/ndn/d8-site/d8/C2Data-2786-Type1;47924.0000;DATA;1611609838.368343
/ndn/d3-site/d3/C2Data-2181-Type1;455.0000;DATA;1611609839.329189
/ndn/d0-site/d0/C2Data-1818-Type2;71334.0000;DATA;1611609839.387226
/ndn/d12-site/d12/C2Data-1648-Type3;47867.0000;DATA;1611609840.219197
/ndn/s13-site/s13/C2Data-5206-Type2;47310.0000;DATA;1611609840.454179
/ndn/h6-site/h6/C2Data-729-Type2;162922.0000;DATA;1611609842.280181
/ndn/h7-site/h7/C2Data-175-Type4;260836.0000;DATA;1611609842.590142
/ndn/v2-site/v2/C2Data-5690-Type1;81556.0000;DATA;1611609842.784114
/ndn/v6-site/v6/C2Data-3112-Type3;125491.0000;NACK;1611609843.115130
/ndn/h4-site/h4/C2Data-245-Type3;688.0000;DATA;1611609844.223125
/ndn/s9-site/s9/C2Data-4722-Type2;101956.0000;DATA;1611609844.829160
/ndn/h12-site/h12/C2Data-1455-Type1;510.0000;DATA;1611609844.994188
/ndn/h14-site/h14/C2Data-1697-Type1;99425.0000;DATA;1611609845.069159
/ndn/d11-site/d11/C2Data-1587-Type3;556.0000;DATA;1611609847.153173
/ndn/s2-site/s2/C2Data-1953-Type3;607.0000;DATA;1611609847.752109
/ndn/h8-site/h8/C2Data-200-Type4;48227.0000;DATA;1611609850.584165
/ndn/v11-site/v11/C2Data-3417-Type3;625.0000;DATA;1611609851.115156
/ndn/v0-site/v0/C2Data-750-Type4;159235.0000;DATA;1611609853.807174
/ndn/h10-site/h10/C2Data-250-Type4;171972.0000;DATA;1611609857.863197
/ndn/v5-site/v5/C2Data-875-Type4;592.0000;DATA;1611609860.657904
/ndn/v14-site/v14/C2Data-1100-Type4;289180.0000;DATA;1611609863.100192
/ndn/v4-site/v4/C2Data-5933-Type1;609.0000;DATA;1611609866.481121
/ndn/s3-site/s3/C2Data-3997-Type2;178476.0000;DATA;1611609866.381105
/ndn/s5-site/s5/C2Data-4239-Type1;79490.0000;DATA;1611609867.276150
/ndn/d4-site/d4/C2Data-475-Type4;143365.0000;DATA;1611609867.446198
/ndn/h12-site/h12/C2Data-1456-Type1;195535.0000;DATA;1611609867.747194
/ndn/h11-site/h11/C2Data-1335-Type1;178337.0000;DATA;1611609868.637171
/ndn/d14-site/d14/C2Data-725-Type4;570.0000;DATA;1611609872.824107
/ndn/h11-site/h11/C2Data-1335-Type2;169241.0000;DATA;1611609873.223189
/ndn/h14-site/h14/C2Data-1698-Type2;46544.0000;DATA;1611609873.370195
/ndn/v14-site/v14/C2Data-7143-Type2;778.0000;DATA;1611609874.260106
/ndn/d3-site/d3/C2Data-450-Type4;49292.0000;DATA;1611609874.755144
/ndn/v5-site/v5/C2Data-6054-Type1;599.0000;DATA;1611609875.584150
/ndn/d0-site/d0/C2Data-917-Type3;85053.0000;DATA;1611609888.041123
/ndn/h0-site/h0/C2Data-0-Type4;505.0000;DATA;1611609888.988152
/ndn/v9-site/v9/C2Data-975-Type4;50721.0000;DATA;1611609889.246743
/ndn/v7-site/v7/C2Data-3174-Type3;24073.0000;DATA;1611609889.634149
/ndn/d12-site/d12/C2Data-1649-Type3;49506.0000;DATA;1611609889.911523
/ndn/v3-site/v3/C2Data-2930-Type3;215122.0000;DATA;1611609890.283171
/ndn/d5-site/d5/C2Data-1222-Type3;191271.0000;DATA;1611609892.247149
/ndn/v1-site/v1/C2Data-5571-Type2;23989.0000;DATA;1611609894.717246
/ndn/s6-site/s6/C2Data-4361-Type1;141424.0000;DATA;1611609894.829248
/ndn/v7-site/v7/C2Data-925-Type4;24029.0000;DATA;1611609895.757166
/ndn/v1-site/v1/C2Data-2808-Type3;557.0000;DATA;1611609896.537164
/ndn/d10-site/d10/C2Data-1527-Type3;176160.0000;DATA;1611609897.068204
/ndn/h6-site/h6/C2Data-368-Type3;24386.0000;DATA;1611609897.367180
/ndn/d9-site/d9/C2Data-2909-Type2;118794.0000;DATA;1611609898.395164
/ndn/s0-site/s0/C2Data-3635-Type1;541.0000;DATA;1611609898.761180
/ndn/s0-site/s0/C2Data-3635-Type2;166078.0000;DATA;1611609899.083122
/ndn/h6-site/h6/C2Data-150-Type4;647.0000;DATA;1611609899.491166
/ndn/h0-site/h0/C2Data-5-Type2;169094.0000;DATA;1611609901.702188
/ndn/h9-site/h9/C2Data-1094-Type2;23425.0000;DATA;1611609902.170150
/ndn/d1-site/d1/C2Data-1941-Type2;490.0000;DATA;1611609903.976192
/ndn/s8-site/s8/C2Data-4603-Type1;198226.0000;DATA;1611609904.133876
/ndn/s6-site/s6/C2Data-4361-Type2;23415.0000;DATA;1611609905.204132
/ndn/v6-site/v6/C2Data-3113-Type3;129761.0000;NACK;1611609905.177159
/ndn/v14-site/v14/C2Data-3601-Type3;96735.0000;DATA;1611609909.157153
/ndn/d9-site/d9/C2Data-1466-Type3;527.0000;DATA;1611609909.320140
/ndn/v11-site/v11/C2Data-6782-Type1;152869.0000;DATA;1611609923.909124
/ndn/s0-site/s0/C2Data-3636-Type2;167069.0000;DATA;1611609924.947207
/ndn/v4-site/v4/C2Data-5935-Type1;49413.0000;DATA;1611609925.487201
/ndn/h14-site/h14/C2Data-1700-Type1;217388.0000;DATA;1611609927.507168
/ndn/d9-site/d9/C2Data-2910-Type2;49123.0000;DATA;1611609928.218145
/ndn/v2-site/v2/C2Data-5693-Type1;487.0000;DATA;1611609928.333182
/ndn/s13-site/s13/C2Data-5209-Type2;46395.0000;DATA;1611609929.089211
/ndn/v3-site/v3/C2Data-5814-Type2;127948.0000;DATA;1611609931.285164
/ndn/h9-site/h9/C2Data-1095-Type2;144446.0000;DATA;1611609931.474106
/ndn/h10-site/h10/C2Data-1216-Type2;139417.0000;DATA;1611609933.814144
/ndn/v9-site/v9/C2Data-6540-Type2;75334.0000;DATA;1611609934.226128
/ndn/v2-site/v2/C2Data-5693-Type2;1129.0000;DATA;1611609934.342247
/ndn/s9-site/s9/C2Data-4725-Type1;191242.0000;DATA;1611609934.517133
/ndn/s10-site/s10/C2Data-2443-Type3;844.0000;DATA;1611609949.476157
/ndn/h10-site/h10/C2Data-613-Type3;711.0000;DATA;1611609953.214150
/ndn/h8-site/h8/C2Data-491-Type3;184723.0000;DATA;1611609953.121220
/ndn/v1-site/v1/C2Data-2809-Type3;593.0000;DATA;1611609954.064153
/ndn/d3-site/d3/C2Data-1101-Type3;141054.0000;DATA;1611609954.361156
/ndn/s14-site/s14/C2Data-2687-Type3;91282.0000;DATA;1611609954.902204
/ndn/v10-site/v10/C2Data-6662-Type1;73419.0000;DATA;1611609955.250140
/ndn/s3-site/s3/C2Data-4000-Type2;264793.0000;DATA;1611609955.563112
/ndn/h10-site/h10/C2Data-1217-Type2;69226.0000;DATA;1611609956.212193
/ndn/h9-site/h9/C2Data-1096-Type2;147090.0000;DATA;1611609956.817119
/ndn/v12-site/v12/C2Data-6904-Type1;25142.0000;DATA;1611609958.958267
/ndn/v13-site/v13/C2Data-7025-Type1;188847.0000;DATA;1611609959.170208
