/ndn/h4-site/h4/C2Data-484-Type1;49885.0000;DATA;1612148039.050755
/ndn/h3-site/h3/C2Data-363-Type1;80933.0000;DATA;1612148040.260620
/ndn/v9-site/v9/C2Data-4719-Type2;128022.0000;DATA;1612148041.029753
/ndn/s0-site/s0/C2Data-2420-Type2;103196.0000;DATA;1612148042.163019
/ndn/h9-site/h9/C2Data-1089-Type1;169813.0000;DATA;1612148043.148641
/ndn/d4-site/d4/C2Data-1694-Type1;48322.0000;DATA;1612148044.042692
/ndn/d3-site/d3/C2Data-1573-Type2;152782.0000;DATA;1612148045.147822
/ndn/d8-site/d8/C2Data-2178-Type1;148090.0000;DATA;1612148045.681494
/ndn/v8-site/v8/C2Data-4598-Type2;25203.0000;DATA;1612148048.599489
/ndn/d4-site/d4/C2Data-1694-Type2;50264.0000;DATA;1612148049.705014
/ndn/s5-site/s5/C2Data-3025-Type1;73844.0000;DATA;1612148049.863443
/ndn/d3-site/d3/C2Data-1573-Type1;157611.0000;DATA;1612148050.106802
/ndn/v3-site/v3/C2Data-2013-Type3;138163.0000;DATA;1612148062.308827
/ndn/s0-site/s0/C2Data-1220-Type3;107386.0000;DATA;1612148066.510493
/ndn/d2-site/d2/C2Data-732-Type3;99080.0000;DATA;1612148070.269583
/ndn/d6-site/d6/C2Data-1937-Type2;141699.0000;DATA;1612148070.630629
/ndn/h5-site/h5/C2Data-606-Type1;49148.0000;DATA;1612148073.291745
/ndn/d0-site/d0/C2Data-1211-Type2;122448.0000;DATA;1612148074.939263
/ndn/h5-site/h5/C2Data-305-Type3;52498.0000;DATA;1612148076.726687
/ndn/h1-site/h1/C2Data-122-Type2;25026.0000;DATA;1612148077.253272
/ndn/s8-site/s8/C2Data-1708-Type3;96732.0000;DATA;1612148078.096819
/ndn/h7-site/h7/C2Data-848-Type2;70600.0000;DATA;1612148078.516844
/ndn/s7-site/s7/C2Data-3268-Type1;72759.0000;DATA;1612148079.810113
/ndn/d6-site/d6/C2Data-976-Type3;117520.0000;DATA;1612148079.944516
/ndn/d5-site/d5/C2Data-1816-Type1;143928.0000;DATA;1612148080.071527
/ndn/s7-site/s7/C2Data-1647-Type3;82691.0000;DATA;1612148081.393241
/ndn/h9-site/h9/C2Data-549-Type3;172602.0000;DATA;1612148084.882880
/ndn/d0-site/d0/C2Data-1212-Type1;127998.0000;DATA;1612148098.874214
/ndn/s7-site/s7/C2Data-3269-Type2;73946.0000;DATA;1612148101.864435
/ndn/h2-site/h2/C2Data-244-Type2;101050.0000;DATA;1612148102.378602
/ndn/h3-site/h3/C2Data-365-Type2;75114.0000;DATA;1612148105.105929
/ndn/s6-site/s6/C2Data-3148-Type2;109667.0000;DATA;1612148106.609152
/ndn/d7-site/d7/C2Data-2059-Type1;159754.0000;DATA;1612148109.958323
/ndn/v0-site/v0/C2Data-1831-Type3;29750.0000;DATA;1612148123.344263
/ndn/h9-site/h9/C2Data-550-Type3;186612.0000;DATA;1612148127.517631
/ndn/d9-site/d9/C2Data-1160-Type3;153626.0000;DATA;1612148129.573606
/ndn/s9-site/s9/C2Data-3512-Type2;147545.0000;DATA;1612148129.608692
/ndn/d4-site/d4/C2Data-1697-Type2;50195.0000;DATA;1612148130.435123
/ndn/s2-site/s2/C2Data-1343-Type3;60099.0000;DATA;1612148130.930665
/ndn/d5-site/d5/C2Data-1818-Type2;152823.0000;DATA;1612148133.428882
/ndn/d8-site/d8/C2Data-2181-Type2;161882.0000;DATA;1612148133.597575
/ndn/v7-site/v7/C2Data-4480-Type1;73878.0000;DATA;1612148133.749694
/ndn/d5-site/d5/C2Data-916-Type3;147810.0000;DATA;1612148133.689671
