/ndn/d5-site/d5/C2Data-1815-Type2;293209.0000;DATA;1612145937.933092
/ndn/v2-site/v2/C2Data-3872-Type1;199727.0000;DATA;1612145939.121126
/ndn/h9-site/h9/C2Data-1089-Type2;136687.0000;DATA;1612145942.430960
/ndn/v1-site/v1/C2Data-3751-Type1;178341.0000;DATA;1612145942.746455
/ndn/s9-site/s9/C2Data-3509-Type1;26402.0000;DATA;1612145946.828884
/ndn/h6-site/h6/C2Data-726-Type2;124727.0000;DATA;1612145946.973084
/ndn/v6-site/v6/C2Data-2196-Type3;24339.0000;DATA;1612145962.435901
/ndn/s7-site/s7/C2Data-1647-Type3;196635.0000;DATA;1612145964.748637
/ndn/h8-site/h8/C2Data-488-Type3;123015.0000;DATA;1612145966.190914
/ndn/s9-site/s9/C2Data-3510-Type1;26589.0000;DATA;1612145966.661959
/ndn/d1-site/d1/C2Data-671-Type3;142489.0000;DATA;1612145967.748394
/ndn/d8-site/d8/C2Data-2179-Type1;217458.0000;DATA;1612145967.681027
/ndn/s3-site/s3/C2Data-2784-Type2;50611.0000;DATA;1612145969.215688
/ndn/d0-site/d0/C2Data-1211-Type2;72358.0000;DATA;1612145969.256698
/ndn/s4-site/s4/C2Data-1464-Type3;122930.0000;DATA;1612145971.953587
/ndn/s8-site/s8/C2Data-1708-Type3;76785.0000;DATA;1612145972.829998
/ndn/d6-site/d6/C2Data-976-Type3;26306.0000;DATA;1612145972.896500
/ndn/h7-site/h7/C2Data-427-Type3;127150.0000;DATA;1612145973.120706
/ndn/h1-site/h1/C2Data-122-Type2;192088.0000;DATA;1612145973.828041
/ndn/v2-site/v2/C2Data-3873-Type2;33223.0000;DATA;1612145974.438636
/ndn/d0-site/d0/C2Data-1211-Type1;78576.0000;DATA;1612145978.188592
/ndn/v8-site/v8/C2Data-2318-Type3;29614.0000;DATA;1612145982.241250
/ndn/s5-site/s5/C2Data-1525-Type3;107179.0000;DATA;1612145982.822131
/ndn/v9-site/v9/C2Data-2379-Type3;139470.0000;DATA;1612145983.415042
/ndn/s8-site/s8/C2Data-3390-Type1;132594.0000;DATA;1612145997.616035
/ndn/h0-site/h0/C2Data-2-Type2;272551.0000;DATA;1612145997.834105
/ndn/h7-site/h7/C2Data-849-Type2;130125.0000;DATA;1612145998.059483
/ndn/d1-site/d1/C2Data-1333-Type1;98848.0000;DATA;1612145999.345746
/ndn/d8-site/d8/C2Data-2180-Type1;259372.0000;DATA;1612146002.088997
/ndn/h0-site/h0/C2Data-2-Type1;186551.0000;DATA;1612146004.608909
/ndn/v3-site/v3/C2Data-3995-Type1;299077.0000;DATA;1612146005.841240
/ndn/d2-site/d2/C2Data-1454-Type1;240860.0000;DATA;1612146006.828458
/ndn/d5-site/d5/C2Data-1817-Type2;34926.0000;DATA;1612146007.899306
/ndn/h9-site/h9/C2Data-1091-Type2;116220.0000;DATA;1612146007.864172
/ndn/d7-site/d7/C2Data-1038-Type3;182049.0000;DATA;1612146022.601894
/ndn/d2-site/d2/C2Data-733-Type3;31988.0000;DATA;1612146025.325997
/ndn/s7-site/s7/C2Data-1648-Type3;28444.0000;DATA;1612146026.113455
/ndn/h0-site/h0/C2Data-3-Type2;261249.0000;DATA;1612146030.102888
/ndn/d5-site/d5/C2Data-916-Type3;132012.0000;DATA;1612146030.522474
/ndn/d7-site/d7/C2Data-2060-Type1;100221.0000;DATA;1612146031.354998
/ndn/d1-site/d1/C2Data-1334-Type2;128054.0000;DATA;1612146031.937090
/ndn/d3-site/d3/C2Data-1576-Type1;26281.0000;DATA;1612146032.277159
