/C2Data/s3/C2Data-231-Type1;79066.0000;DATA;1609199269.200734
/C2Data/d0/C2Data-84-Type1;72559.0000;DATA;1609199270.666470
/C2Data/h0/C2Data-0-Type1;51201.0000;DATA;1609199272.897982
/C2Data/h3/C2Data-63-Type2;138782.0000;DATA;1609199273.970243
/C2Data/d1/C2Data-55-Type3;344620.0000;DATA;1609199310.718971
/C2Data/s0/C2Data-88-Type3;353788.0000;DATA;1609199318.916298
/C2Data/h2/C2Data-22-Type3;45764.0000;DATA;1609199320.769991
/C2Data/d3/C2Data-148-Type2;103402.0000;NACK;1609199325.923129
/C2Data/s3/C2Data-232-Type2;69573.0000;DATA;1609199326.034797
/C2Data/s0/C2Data-169-Type1;115507.0000;DATA;1609199326.968216
/C2Data/s1/C2Data-99-Type3;251002.0000;DATA;1609199327.824103
/C2Data/s3/C2Data-232-Type1;160484.0000;DATA;1609199331.040324
/C2Data/d2/C2Data-127-Type2;119716.0000;DATA;1609199331.824799
/C2Data/v3/C2Data-316-Type2;437919.0000;DATA;1609199337.299441
/C2Data/h0/C2Data-1-Type1;46734.0000;DATA;1609199340.956989
/C2Data/v0/C2Data-132-Type3;47778.0000;DATA;1609199352.989304
/C2Data/s2/C2Data-212-Type2;46923.0000;DATA;1609199386.152330
/C2Data/d3/C2Data-149-Type2;220149.0000;NACK;1609199389.692589
/C2Data/v0/C2Data-254-Type2;59932.0000;DATA;1609199392.673578
/C2Data/v3/C2Data-317-Type2;79318.0000;DATA;1609199403.073519
/C2Data/d1/C2Data-108-Type1;229160.0000;DATA;1609199443.336665
/C2Data/h3/C2Data-66-Type1;115933.0000;DATA;1609199443.812300
/C2Data/s0/C2Data-171-Type1;222719.0000;DATA;1609199448.998092
/C2Data/s0/C2Data-171-Type2;194001.0000;DATA;1609199452.089409
/C2Data/v1/C2Data-276-Type2;46068.0000;DATA;1609199457.028354
/C2Data/v3/C2Data-318-Type2;278778.0000;DATA;1609199462.132204
/C2Data/s3/C2Data-234-Type2;158613.0000;DATA;1609199464.657316
/C2Data/v0/C2Data-133-Type3;25487.0000;DATA;1609199469.532717
/C2Data/s0/C2Data-89-Type3;53212.0000;DATA;1609199472.664031
/C2Data/h2/C2Data-10-Type4;107748.0000;DATA;1609199473.225688
/C2Data/h0/C2Data-4-Type1;107678.0000;DATA;1609199505.417189
/C2Data/v1/C2Data-45-Type4;301700.0000;DATA;1609199511.845423
/C2Data/s2/C2Data-214-Type2;100322.0000;DATA;1609199514.640480
/C2Data/d2/C2Data-30-Type4;101583.0000;DATA;1609199524.500435
/C2Data/d0/C2Data-88-Type1;23720.0000;DATA;1609199525.225527
/C2Data/h0/C2Data-2-Type3;121646.0000;DATA;1609199559.898245
/C2Data/d2/C2Data-68-Type3;285840.0000;DATA;1609199562.649801
/C2Data/d0/C2Data-46-Type3;69939.0000;DATA;1609199564.770990
/C2Data/d2/C2Data-131-Type2;79633.0000;DATA;1609199571.809338
/C2Data/s1/C2Data-101-Type3;72636.0000;DATA;1609199575.742397
/C2Data/d1/C2Data-110-Type1;252540.0000;DATA;1609199580.857159
/C2Data/v0/C2Data-134-Type3;27523.0000;DATA;1609199593.751795
/C2Data/h1/C2Data-13-Type3;47840.0000;DATA;1609199597.150904
/C2Data/h1/C2Data-27-Type2;66099.0000;DATA;1609199631.423394
/C2Data/d2/C2Data-132-Type2;134569.0000;DATA;1609199639.904527
/C2Data/d3/C2Data-153-Type2;103653.0000;NACK;1609199640.565609
/C2Data/v1/C2Data-146-Type3;431572.0000;DATA;1609199671.591765
/C2Data/h3/C2Data-36-Type3;236510.0000;DATA;1609199675.466349
/C2Data/s2/C2Data-113-Type3;102704.0000;DATA;1609199676.405125
/C2Data/s1/C2Data-102-Type3;401679.0000;DATA;1609199683.574656
/C2Data/d2/C2Data-133-Type1;92782.0000;DATA;1609199697.584797
/C2Data/d0/C2Data-47-Type3;69697.0000;DATA;1609199698.284398
/C2Data/v1/C2Data-280-Type2;232122.0000;DATA;1609199701.396118
/C2Data/h3/C2Data-70-Type2;115426.0000;DATA;1609199702.232527
/C2Data/d2/C2Data-133-Type2;177361.0000;DATA;1609199705.320996
/C2Data/h0/C2Data-3-Type3;69387.0000;DATA;1609199715.852586
/C2Data/h2/C2Data-50-Type1;26700.0000;DATA;1609199749.209655
/C2Data/v1/C2Data-46-Type4;222324.0000;DATA;1609199754.864621
/C2Data/d0/C2Data-21-Type4;121182.0000;DATA;1609199761.103659
/C2Data/d3/C2Data-36-Type4;253294.0000;NACK;1609199788.238358
/C2Data/h3/C2Data-16-Type4;190055.0000;DATA;1609199796.440866
/C2Data/v1/C2Data-147-Type3;462299.0000;DATA;1609199802.755886
/C2Data/v0/C2Data-261-Type1;32005.0000;DATA;1609199808.051466
/C2Data/h2/C2Data-51-Type1;143134.0000;DATA;1609199809.929606
/C2Data/d1/C2Data-114-Type2;250070.0000;DATA;1609199813.753075
