/ndn/v3-site/v3/C2Data-3993-Type2;26548.0000;DATA;1612717860.070913
/ndn/s8-site/s8/C2Data-3388-Type2;64698.0000;DATA;1612717860.259255
/ndn/d2-site/d2/C2Data-1452-Type1;100367.0000;DATA;1612717860.823072
/ndn/h6-site/h6/C2Data-726-Type1;166801.0000;DATA;1612717863.265400
/ndn/v7-site/v7/C2Data-4477-Type1;121026.0000;DATA;1612717865.472586
/ndn/s1-site/s1/C2Data-2541-Type1;2164.0000;DATA;1612717867.090231
/ndn/s7-site/s7/C2Data-3267-Type1;113011.0000;DATA;1612717868.982891
/ndn/s0-site/s0/C2Data-2420-Type1;83027.0000;DATA;1612717869.083926
/ndn/h6-site/h6/C2Data-366-Type3;149674.0000;DATA;1612717886.200746
/ndn/v7-site/v7/C2Data-2257-Type3;138504.0000;DATA;1612717887.861229
/ndn/s3-site/s3/C2Data-2784-Type1;179137.0000;DATA;1612717889.164917
/ndn/d3-site/d3/C2Data-1574-Type2;161777.0000;DATA;1612717889.733125
/ndn/s7-site/s7/C2Data-3268-Type1;131916.0000;DATA;1612717891.549252
/ndn/h3-site/h3/C2Data-183-Type3;1014.0000;DATA;1612717891.730200
/ndn/s7-site/s7/C2Data-1647-Type3;137987.0000;DATA;1612717892.089510
/ndn/v3-site/v3/C2Data-3994-Type2;121447.0000;DATA;1612717893.611904
/ndn/s9-site/s9/C2Data-3510-Type2;658030.0000;DATA;1612717893.654875
/ndn/h8-site/h8/C2Data-969-Type2;656411.0000;DATA;1612717893.665045
/ndn/h8-site/h8/C2Data-488-Type3;31987.0000;DATA;1612717894.314880
/ndn/v0-site/v0/C2Data-3631-Type2;55184.0000;DATA;1612717895.499152
/ndn/d2-site/d2/C2Data-1453-Type2;1020.0000;DATA;1612717896.870422
/ndn/d1-site/d1/C2Data-1332-Type1;1544.0000;DATA;1612717898.325016
/ndn/h5-site/h5/C2Data-305-Type3;24831.0000;DATA;1612717898.384316
/ndn/s1-site/s1/C2Data-2542-Type2;24836.0000;DATA;1612717898.779036
/ndn/v5-site/v5/C2Data-2135-Type3;24060.0000;DATA;1612717898.999661
/ndn/h9-site/h9/C2Data-549-Type3;3728.0000;DATA;1612717904.736901
/ndn/d8-site/d8/C2Data-2180-Type1;70263.0000;DATA;1612717917.464947
/ndn/d6-site/d6/C2Data-1938-Type2;151294.0000;DATA;1612717918.871385
/ndn/h8-site/h8/C2Data-970-Type1;167357.0000;DATA;1612717919.596465
/ndn/d0-site/d0/C2Data-1212-Type1;215880.0000;DATA;1612717920.838635
/ndn/s7-site/s7/C2Data-3269-Type2;126832.0000;DATA;1612717922.283907
/ndn/d3-site/d3/C2Data-1575-Type2;27481.0000;DATA;1612717922.868015
/ndn/v9-site/v9/C2Data-4721-Type2;88421.0000;DATA;1612717922.883356
/ndn/h0-site/h0/C2Data-2-Type1;56998.0000;DATA;1612717924.000470
/ndn/d5-site/d5/C2Data-1817-Type1;98216.0000;DATA;1612717925.821569
/ndn/h0-site/h0/C2Data-2-Type2;1257.0000;DATA;1612717928.267656
/ndn/v0-site/v0/C2Data-1831-Type3;276114.0000;DATA;1612717941.696572
/ndn/h1-site/h1/C2Data-62-Type3;73705.0000;DATA;1612717946.878710
/ndn/v9-site/v9/C2Data-4722-Type1;73329.0000;DATA;1612717948.062865
/ndn/h9-site/h9/C2Data-1092-Type2;29613.0000;DATA;1612717949.094213
/ndn/s8-site/s8/C2Data-1709-Type3;49442.0000;DATA;1612717949.779488
/ndn/h5-site/h5/C2Data-608-Type1;26109.0000;DATA;1612717949.885205
/ndn/s8-site/s8/C2Data-3391-Type1;51503.0000;DATA;1612717950.659584
/ndn/v1-site/v1/C2Data-3754-Type1;120963.0000;DATA;1612717950.597066
/ndn/s6-site/s6/C2Data-3149-Type1;110671.0000;DATA;1612717951.538698
/ndn/s6-site/s6/C2Data-3149-Type2;852.0000;DATA;1612717953.565624
/ndn/v2-site/v2/C2Data-3875-Type1;31504.0000;DATA;1612717954.215981
/ndn/s3-site/s3/C2Data-1404-Type3;77080.0000;DATA;1612717954.663170
/ndn/d3-site/d3/C2Data-1576-Type2;1466.0000;DATA;1612717958.192971
/ndn/v0-site/v0/C2Data-3633-Type1;199781.0000;DATA;1612717957.996164
/ndn/v4-site/v4/C2Data-4117-Type2;1066.0000;DATA;1612717958.518431
/ndn/h9-site/h9/C2Data-550-Type3;855.0000;DATA;1612717959.091553
/ndn/v8-site/v8/C2Data-4602-Type1;146510.0000;DATA;1612717978.716505
/ndn/h4-site/h4/C2Data-488-Type1;157825.0000;DATA;1612717980.597671
/ndn/h3-site/h3/C2Data-367-Type1;77808.0000;DATA;1612717982.227068
/ndn/s7-site/s7/C2Data-3271-Type2;125119.0000;DATA;1612717982.213362
/ndn/h1-site/h1/C2Data-25-Type4;170948.0000;DATA;1612717983.400052
/ndn/d0-site/d0/C2Data-1214-Type2;207302.0000;DATA;1612717987.032134
/ndn/h8-site/h8/C2Data-972-Type2;34513.0000;DATA;1612717988.475840
/ndn/s3-site/s3/C2Data-1405-Type3;193647.0000;DATA;1612718003.191711
/ndn/v3-site/v3/C2Data-2015-Type3;1343.0000;DATA;1612718008.088713
/ndn/v5-site/v5/C2Data-2137-Type3;804.0000;DATA;1612718008.186195
/ndn/d9-site/d9/C2Data-475-Type4;18529.0000;DATA;1612718008.509575
/ndn/s9-site/s9/C2Data-3514-Type2;189415.0000;DATA;1612718008.708012
/ndn/h3-site/h3/C2Data-368-Type1;82163.0000;DATA;1612718008.984037
/ndn/h8-site/h8/C2Data-490-Type3;208979.0000;DATA;1612718009.298190
/ndn/d3-site/d3/C2Data-795-Type3;3554.0000;DATA;1612718010.086216
/ndn/s4-site/s4/C2Data-2909-Type2;25910.0000;DATA;1612718012.014629
/ndn/s2-site/s2/C2Data-2667-Type1;113959.0000;DATA;1612718013.165123
/ndn/s4-site/s4/C2Data-2909-Type1;26989.0000;DATA;1612718013.495016
/ndn/d0-site/d0/C2Data-612-Type3;100929.0000;DATA;1612718014.259790
/ndn/s6-site/s6/C2Data-3151-Type2;101817.0000;DATA;1612718014.615905
/ndn/v1-site/v1/C2Data-3756-Type2;1087.0000;DATA;1612718014.859995
/ndn/v3-site/v3/C2Data-3998-Type1;126665.0000;DATA;1612718017.092041
/ndn/h5-site/h5/C2Data-610-Type1;173602.0000;DATA;1612718017.766878
/ndn/h8-site/h8/C2Data-973-Type2;182215.0000;DATA;1612718019.122911
/ndn/d2-site/d2/C2Data-734-Type3;54859.0000;DATA;1612718021.646896
/ndn/h4-site/h4/C2Data-246-Type3;77210.0000;DATA;1612718023.093166
/ndn/v2-site/v2/C2Data-1954-Type3;4492.0000;DATA;1612718024.011991
/ndn/h4-site/h4/C2Data-490-Type1;205404.0000;DATA;1612718037.418564
/ndn/s9-site/s9/C2Data-3515-Type1;162155.0000;DATA;1612718037.592697
/ndn/s5-site/s5/C2Data-3031-Type2;95109.0000;DATA;1612718040.327394
/ndn/d2-site/d2/C2Data-1458-Type2;1010.0000;DATA;1612718041.527115
/ndn/s1-site/s1/C2Data-2547-Type1;598715.0000;DATA;1612718041.673239
/ndn/d6-site/d6/C2Data-1942-Type1;74530.0000;DATA;1612718042.259712
/ndn/h7-site/h7/C2Data-853-Type1;178518.0000;DATA;1612718042.250024
/ndn/h3-site/h3/C2Data-369-Type2;1474.0000;DATA;1612718044.400269
/ndn/v3-site/v3/C2Data-3999-Type2;123363.0000;DATA;1612718048.331852
/ndn/d0-site/d0/C2Data-1216-Type2;219710.0000;DATA;1612718048.706110
/ndn/v5-site/v5/C2Data-4241-Type1;90391.0000;DATA;1612718049.031312
/ndn/v2-site/v2/C2Data-1955-Type3;27951.0000;DATA;1612718065.556888
/ndn/s2-site/s2/C2Data-1345-Type3;5783.0000;DATA;1612718066.658372
/ndn/d8-site/d8/C2Data-1101-Type3;1880.0000;DATA;1612718067.284182
/ndn/d1-site/d1/C2Data-1338-Type1;28498.0000;DATA;1612718067.515121
/ndn/v7-site/v7/C2Data-2260-Type3;3557.0000;DATA;1612718068.219614
/ndn/h3-site/h3/C2Data-370-Type2;89113.0000;DATA;1612718068.270364
/ndn/v1-site/v1/C2Data-1894-Type3;77405.0000;DATA;1612718069.262425
/ndn/s5-site/s5/C2Data-1528-Type3;3560.0000;DATA;1612718069.887793
/ndn/h7-site/h7/C2Data-854-Type1;212656.0000;DATA;1612718070.773937
/ndn/h4-site/h4/C2Data-247-Type3;153015.0000;DATA;1612718076.026904
/ndn/h7-site/h7/C2Data-430-Type3;148404.0000;DATA;1612718076.220173
/ndn/h5-site/h5/C2Data-308-Type3;151815.0000;DATA;1612718076.315248
/ndn/d0-site/d0/C2Data-613-Type3;76033.0000;DATA;1612718078.192561
/ndn/s1-site/s1/C2Data-1284-Type3;2145.0000;DATA;1612718078.285179
/ndn/d1-site/d1/C2Data-143-Type5;26766.0000;DATA;1612718078.912527
/ndn/d3-site/d3/C2Data-1580-Type2;190646.0000;DATA;1612718078.863937
/ndn/s3-site/s3/C2Data-1406-Type3;25416.0000;DATA;1612718080.365118
/ndn/s9-site/s9/C2Data-1772-Type3;1172.0000;DATA;1612718081.409735
/ndn/v8-site/v8/C2Data-2321-Type3;94526.0000;DATA;1612718084.004568
/ndn/d6-site/d6/C2Data-208-Type5;320475.0000;DATA;1612718094.735347
/ndn/v8-site/v8/C2Data-364-Type5;24479.0000;DATA;1612718096.814250
/ndn/d2-site/d2/C2Data-1460-Type2;107140.0000;DATA;1612718099.741253
/ndn/v7-site/v7/C2Data-4485-Type2;132383.0000;DATA;1612718100.271842
/ndn/d1-site/d1/C2Data-1339-Type1;26155.0000;DATA;1612718100.506084
/ndn/d5-site/d5/C2Data-1823-Type2;97888.0000;DATA;1612718100.904098
/ndn/d6-site/d6/C2Data-1944-Type2;278833.0000;DATA;1612718103.617820
/ndn/h9-site/h9/C2Data-117-Type5;1842.0000;DATA;1612718104.039572
/ndn/d1-site/d1/C2Data-1339-Type2;1202.0000;DATA;1612718106.326212
/ndn/h5-site/h5/C2Data-126-Type4;152854.0000;DATA;1612718106.265268
/ndn/h0-site/h0/C2Data-8-Type1;1555.0000;DATA;1612718107.812311
/ndn/h8-site/h8/C2Data-976-Type2;31303.0000;DATA;1612718108.411023
/ndn/h1-site/h1/C2Data-26-Type4;216491.0000;DATA;1612718114.355408
/ndn/d5-site/d5/C2Data-919-Type3;2937.0000;DATA;1612718121.374308
/ndn/v2-site/v2/C2Data-1956-Type3;25880.0000;DATA;1612718121.416554
/ndn/s1-site/s1/C2Data-1285-Type3;134293.0000;DATA;1612718122.268571
/ndn/v0-site/v0/C2Data-260-Type5;160303.0000;DATA;1612718123.991165
/ndn/d2-site/d2/C2Data-156-Type5;124696.0000;DATA;1612718125.295839
/ndn/v0-site/v0/C2Data-3639-Type1;170677.0000;DATA;1612718127.962292
/ndn/h3-site/h3/C2Data-372-Type2;72515.0000;DATA;1612718128.062122
/ndn/v0-site/v0/C2Data-3639-Type2;186679.0000;DATA;1612718128.396199
/ndn/v7-site/v7/C2Data-4486-Type1;2607.0000;DATA;1612718129.055224
/ndn/h1-site/h1/C2Data-130-Type1;156317.0000;DATA;1612718129.297956
/ndn/h2-site/h2/C2Data-126-Type3;5935.0000;DATA;1612718129.487618
/ndn/s8-site/s8/C2Data-3397-Type1;50264.0000;DATA;1612718130.139746
/ndn/s8-site/s8/C2Data-1712-Type3;48277.0000;DATA;1612718133.492589
/ndn/h9-site/h9/C2Data-1098-Type1;26360.0000;DATA;1612718135.253797
/ndn/h5-site/h5/C2Data-614-Type1;187788.0000;DATA;1612718135.674938
/ndn/v9-site/v9/C2Data-2383-Type3;86357.0000;DATA;1612718138.515251
/ndn/d1-site/d1/C2Data-675-Type3;1437.0000;DATA;1612718138.637694
/ndn/v6-site/v6/C2Data-4365-Type1;106321.0000;DATA;1612718139.108877
/ndn/s6-site/s6/C2Data-1590-Type3;1250.0000;DATA;1612718142.941189
/ndn/d0-site/d0/C2Data-614-Type3;103573.0000;DATA;1612718143.206039
/ndn/d8-site/d8/C2Data-451-Type4;830.0000;DATA;1612718144.799682
/ndn/d1-site/d1/C2Data-276-Type4;2319.0000;DATA;1612718146.431358
/ndn/h8-site/h8/C2Data-201-Type4;27784.0000;DATA;1612718150.475349
/ndn/v3-site/v3/C2Data-4003-Type1;124431.0000;DATA;1612718157.552220
/ndn/s5-site/s5/C2Data-3035-Type2;94690.0000;DATA;1612718159.685417
/ndn/v1-site/v1/C2Data-526-Type4;1177.0000;DATA;1612718161.560981
/ndn/v6-site/v6/C2Data-338-Type5;1543.0000;DATA;1612718162.887994
/ndn/h9-site/h9/C2Data-1099-Type2;37235.0000;DATA;1612718164.466756
/ndn/v1-site/v1/C2Data-3761-Type2;76840.0000;DATA;1612718166.964771
/ndn/h2-site/h2/C2Data-252-Type1;78261.0000;DATA;1612718166.944969
/ndn/v7-site/v7/C2Data-2262-Type3;114056.0000;DATA;1612718189.822494
/ndn/d4-site/d4/C2Data-182-Type5;12470.0000;DATA;1612718192.132743
/ndn/h5-site/h5/C2Data-616-Type1;144493.0000;DATA;1612718192.426412
/ndn/s5-site/s5/C2Data-3036-Type1;97319.0000;DATA;1612718192.803198
/ndn/s7-site/s7/C2Data-1652-Type3;124688.0000;DATA;1612718193.287945
/ndn/v1-site/v1/C2Data-1896-Type3;90417.0000;DATA;1612718193.509321
/ndn/v0-site/v0/C2Data-1835-Type3;186341.0000;DATA;1612718193.652631
/ndn/h1-site/h1/C2Data-132-Type1;148521.0000;DATA;1612718194.211827
/ndn/s6-site/s6/C2Data-3157-Type1;101432.0000;DATA;1612718194.594957
/ndn/h9-site/h9/C2Data-554-Type3;1069.0000;DATA;1612718194.819956
/ndn/d2-site/d2/C2Data-737-Type3;3185.0000;DATA;1612718197.139056
/ndn/v3-site/v3/C2Data-4004-Type1;127327.0000;DATA;1612718198.383051
/ndn/v5-site/v5/C2Data-2140-Type3;100182.0000;DATA;1612718201.135492
/ndn/s6-site/s6/C2Data-3158-Type1;98238.0000;DATA;1612718217.995176
/ndn/d4-site/d4/C2Data-1706-Type2;173664.0000;DATA;1612718218.813691
/ndn/d5-site/d5/C2Data-1827-Type1;5497.0000;DATA;1612718220.652834
/ndn/s0-site/s0/C2Data-2432-Type2;89090.0000;DATA;1612718220.628388
/ndn/s7-site/s7/C2Data-3279-Type2;6002731.0000;TIMEOUT;1612718218.175428
/ndn/v6-site/v6/C2Data-4368-Type2;82750.0000;DATA;1612718225.465437
/ndn/h3-site/h3/C2Data-375-Type2;1068.0000;DATA;1612718226.050124
/ndn/v7-site/v7/C2Data-4489-Type1;123547.0000;DATA;1612718225.871571
/ndn/h7-site/h7/C2Data-859-Type1;172765.0000;DATA;1612718226.269032
/ndn/s9-site/s9/C2Data-3521-Type2;6002582.0000;TIMEOUT;1612718221.055918
/ndn/h6-site/h6/C2Data-738-Type2;103974.0000;DATA;1612718227.428115
/ndn/v9-site/v9/C2Data-4731-Type1;109464.0000;DATA;1612718227.565333
/ndn/h8-site/h8/C2Data-980-Type2;146722.0000;DATA;1612718228.903969
/ndn/s8-site/s8/C2Data-3400-Type1;6003974.0000;TIMEOUT;1612718229.008983
/ndn/h4-site/h4/C2Data-250-Type3;165882.0000;DATA;1612718248.442236
/ndn/v6-site/v6/C2Data-2202-Type3;1333.0000;DATA;1612718249.106224
/ndn/d9-site/d9/C2Data-1165-Type3;98978.0000;DATA;1612718252.032887
/ndn/v5-site/v5/C2Data-2141-Type3;1128.0000;DATA;1612718252.368815
/ndn/v3-site/v3/C2Data-2019-Type3;137001.0000;DATA;1612718252.365236
/ndn/d4-site/d4/C2Data-1707-Type2;129131.0000;DATA;1612718252.653011
/ndn/d2-site/d2/C2Data-1465-Type2;96586.0000;DATA;1612718253.506798
/ndn/s4-site/s4/C2Data-1470-Type3;6004188.0000;TIMEOUT;1612718248.119205
/ndn/s7-site/s7/C2Data-3280-Type2;6311816.0000;TIMEOUT;1612718247.835169
/ndn/v1-site/v1/C2Data-1897-Type3;29847.0000;DATA;1612718254.316790
/ndn/h7-site/h7/C2Data-860-Type1;182351.0000;DATA;1612718254.299137
/ndn/s0-site/s0/C2Data-2433-Type2;6000424.0000;TIMEOUT;1612718250.784674
/ndn/h1-site/h1/C2Data-134-Type2;137419.0000;DATA;1612718258.262058
/ndn/s1-site/s1/C2Data-1287-Type3;6002196.0000;TIMEOUT;1612718253.178818
/ndn/v3-site/v3/C2Data-4006-Type1;127641.0000;DATA;1612718259.074469
/ndn/h7-site/h7/C2Data-177-Type4;148885.0000;DATA;1612718260.563597
/ndn/s5-site/s5/C2Data-1531-Type3;6001110.0000;TIMEOUT;1612718263.359593
/ndn/s6-site/s6/C2Data-1592-Type3;6024358.0000;TIMEOUT;1612718264.152006
/ndn/h3-site/h3/C2Data-77-Type4;1226.0000;DATA;1612718272.817281
/ndn/h3-site/h3/C2Data-377-Type2;1176.0000;DATA;1612718283.246222
/ndn/s3-site/s3/C2Data-2797-Type2;6002825.0000;TIMEOUT;1612718278.622052
/ndn/d4-site/d4/C2Data-1708-Type2;171983.0000;DATA;1612718286.584184
/ndn/s0-site/s0/C2Data-2434-Type1;6000575.0000;TIMEOUT;1612718281.286175
/ndn/s7-site/s7/C2Data-3281-Type2;6000935.0000;TIMEOUT;1612718285.420612
/ndn/s4-site/s4/C2Data-2918-Type2;6001474.0000;TIMEOUT;1612718286.282782
/ndn/v3-site/v3/C2Data-577-Type4;1370.0000;DATA;1612718292.613180
/ndn/d2-site/d2/C2Data-739-Type3;198404.0000;DATA;1612718301.551222
/ndn/s2-site/s2/C2Data-1349-Type3;6006788.0000;TIMEOUT;1612718302.404198
/ndn/v9-site/v9/C2Data-4734-Type1;83864.0000;DATA;1612718308.364908
/ndn/v3-site/v3/C2Data-4008-Type2;128460.0000;DATA;1612718308.405397
/ndn/s9-site/s9/C2Data-1776-Type3;6001066.0000;TIMEOUT;1612718304.816432
/ndn/d2-site/d2/C2Data-1467-Type2;53046.0000;DATA;1612718314.708075
/ndn/d5-site/d5/C2Data-1830-Type1;98434.0000;DATA;1612718315.182440
/ndn/d4-site/d4/C2Data-1709-Type1;150087.0000;DATA;1612718316.571871
/ndn/d8-site/d8/C2Data-1105-Type3;30912.0000;DATA;1612718317.248856
/ndn/h7-site/h7/C2Data-862-Type1;146200.0000;DATA;1612718317.761007
/ndn/h2-site/h2/C2Data-257-Type2;1034.0000;DATA;1612718318.505002
/ndn/h1-site/h1/C2Data-136-Type2;149086.0000;DATA;1612718318.478911
/ndn/h0-site/h0/C2Data-15-Type1;73073.0000;DATA;1612718318.575959
/ndn/s2-site/s2/C2Data-2677-Type1;6010133.0000;TIMEOUT;1612718314.454601
/ndn/s4-site/s4/C2Data-1471-Type3;6002481.0000;TIMEOUT;1612718321.297002
/ndn/d0-site/d0/C2Data-1226-Type1;224745.0000;DATA;1612718337.652296
/ndn/h2-site/h2/C2Data-258-Type2;76374.0000;DATA;1612718337.891765
/ndn/h7-site/h7/C2Data-863-Type2;155068.0000;DATA;1612718338.978183
/ndn/v4-site/v4/C2Data-4130-Type2;147644.0000;DATA;1612718339.029130
/ndn/v6-site/v6/C2Data-4372-Type2;96816.0000;DATA;1612718339.266175
/ndn/v6-site/v6/C2Data-4372-Type1;71712.0000;DATA;1612718340.353931
/ndn/d6-site/d6/C2Data-1952-Type1;220940.0000;DATA;1612718345.784111
/ndn/h6-site/h6/C2Data-742-Type1;203017.0000;DATA;1612718345.953579
/ndn/s1-site/s1/C2Data-2557-Type1;6000756.0000;TIMEOUT;1612718341.367671
/ndn/s8-site/s8/C2Data-3404-Type2;6002681.0000;TIMEOUT;1612718341.846368
/ndn/s5-site/s5/C2Data-3041-Type1;6000529.0000;TIMEOUT;1612718347.412918
/ndn/h9-site/h9/C2Data-557-Type3;25982.0000;DATA;1612718361.414006
/ndn/d1-site/d1/C2Data-679-Type3;27164.0000;DATA;1612718361.961921
/ndn/v0-site/v0/C2Data-1838-Type3;174735.0000;DATA;1612718361.871103
/ndn/h8-site/h8/C2Data-496-Type3;202196.0000;DATA;1612718364.240920
/ndn/v1-site/v1/C2Data-1899-Type3;173698.0000;DATA;1612718365.719768
/ndn/h2-site/h2/C2Data-14-Type6;88865.0000;DATA;1612718367.110593
/ndn/v5-site/v5/C2Data-2143-Type3;2336.0000;DATA;1612718368.189717
/ndn/h6-site/h6/C2Data-743-Type2;230500.0000;DATA;1612718368.203950
/ndn/s8-site/s8/C2Data-1716-Type3;6005814.0000;TIMEOUT;1612718364.185195
/ndn/d5-site/d5/C2Data-1832-Type2;99553.0000;DATA;1612718370.418042
/ndn/h6-site/h6/C2Data-743-Type1;145806.0000;DATA;1612718370.781262
/ndn/d8-site/d8/C2Data-2195-Type1;49257.0000;DATA;1612718370.942963
/ndn/d2-site/d2/C2Data-1469-Type1;96635.0000;DATA;1612718372.084321
/ndn/d9-site/d9/C2Data-2316-Type2;104627.0000;DATA;1612718372.182074
/ndn/h7-site/h7/C2Data-864-Type2;159889.0000;DATA;1612718373.485240
/ndn/v3-site/v3/C2Data-4010-Type2;123420.0000;DATA;1612718373.808965
/ndn/h9-site/h9/C2Data-1106-Type1;25651.0000;DATA;1612718374.238922
/ndn/s9-site/s9/C2Data-3526-Type2;6001218.0000;TIMEOUT;1612718368.510773
/ndn/h1-site/h1/C2Data-138-Type2;123524.0000;DATA;1612718375.646161
/ndn/d3-site/d3/C2Data-1590-Type1;151761.0000;DATA;1612718377.456094
/ndn/h1-site/h1/C2Data-69-Type3;26242.0000;DATA;1612718378.341002
/ndn/v6-site/v6/C2Data-4373-Type1;966.0000;DATA;1612718378.700554
/ndn/d3-site/d3/C2Data-801-Type3;3057.0000;DATA;1612718379.861579
/ndn/s6-site/s6/C2Data-3163-Type1;6001154.0000;TIMEOUT;1612718376.976377
/ndn/s1-site/s1/C2Data-2558-Type2;6006499.0000;TIMEOUT;1612718377.350009
/ndn/s8-site/s8/C2Data-3405-Type1;6006021.0000;TIMEOUT;1612718377.449966
/ndn/d4-site/d4/C2Data-98-Type6;199132.0000;DATA;1612718389.952529
/ndn/h4-site/h4/C2Data-28-Type6;195126.0000;DATA;1612718390.135645
/ndn/d5-site/d5/C2Data-196-Type5;149348.0000;DATA;1612718396.426811
/ndn/d0-site/d0/C2Data-131-Type5;74522.0000;DATA;1612718397.243113
/ndn/d9-site/d9/C2Data-2317-Type1;95268.0000;DATA;1612718397.636438
/ndn/h4-site/h4/C2Data-502-Type1;147791.0000;DATA;1612718398.336001
/ndn/v8-site/v8/C2Data-4616-Type1;126114.0000;DATA;1612718398.664570
/ndn/d6-site/d6/C2Data-1954-Type1;151032.0000;DATA;1612718400.401486
/ndn/d3-site/d3/C2Data-1591-Type2;1293.0000;DATA;1612718404.455506
/ndn/d0-site/d0/C2Data-1228-Type1;206876.0000;DATA;1612718405.585225
/ndn/s7-site/s7/C2Data-3285-Type1;6001657.0000;TIMEOUT;1612718399.763552
/ndn/s9-site/s9/C2Data-3527-Type2;6000498.0000;TIMEOUT;1612718399.780811
/ndn/h8-site/h8/C2Data-986-Type1;147363.0000;DATA;1612718406.734080
/ndn/d1-site/d1/C2Data-1349-Type2;1085.0000;DATA;1612718407.273307
/ndn/h1-site/h1/C2Data-28-Type4;149723.0000;DATA;1612718407.236568
/ndn/s3-site/s3/C2Data-2801-Type2;6002762.0000;TIMEOUT;1612718408.496511
/ndn/v8-site/v8/C2Data-196-Type6;29338.0000;DATA;1612718415.778596
/ndn/h9-site/h9/C2Data-118-Type5;5348.0000;DATA;1612718416.337978
/ndn/d5-site/d5/C2Data-924-Type3;102351.0000;DATA;1612718424.063569
/ndn/d3-site/d3/C2Data-802-Type3;160003.0000;DATA;1612718425.379584
/ndn/v8-site/v8/C2Data-2327-Type3;129696.0000;DATA;1612718425.436320
/ndn/v9-site/v9/C2Data-378-Type5;83154.0000;DATA;1612718428.574982
/ndn/d2-site/d2/C2Data-1471-Type2;121680.0000;DATA;1612718428.892954
/ndn/v3-site/v3/C2Data-4012-Type1;154390.0000;DATA;1612718431.022910
/ndn/d9-site/d9/C2Data-133-Type6;8703.0000;DATA;1612718431.323012
/ndn/v8-site/v8/C2Data-4617-Type2;129382.0000;DATA;1612718431.720079
