/ndn/v0-site/v0/C2Data-5445-Type1;609.0000;NACK;1611605675.176150
/ndn/d11-site/d11/C2Data-3146-Type2;24357.0000;DATA;1611605676.457176
/ndn/v8-site/v8/C2Data-6413-Type1;24367.0000;DATA;1611605677.181115
/ndn/s1-site/s1/C2Data-3751-Type1;26554.0000;DATA;1611605679.047298
/ndn/d5-site/d5/C2Data-2420-Type2;23786.0000;DATA;1611605680.062757
/ndn/v9-site/v9/C2Data-6534-Type2;97887.0000;DATA;1611605681.545136
/ndn/s11-site/s11/C2Data-4961-Type2;129208.0000;DATA;1611605682.519053
/ndn/h1-site/h1/C2Data-121-Type1;69731.0000;DATA;1611605683.619044
/ndn/h3-site/h3/C2Data-183-Type3;201950.0000;DATA;1611605698.890149
/ndn/s6-site/s6/C2Data-2196-Type3;25153.0000;DATA;1611605703.209062
/ndn/s0-site/s0/C2Data-1830-Type3;70263.0000;DATA;1611605705.744185
/ndn/d3-site/d3/C2Data-2179-Type1;130721.0000;DATA;1611605706.982223
/ndn/s8-site/s8/C2Data-4599-Type1;71458.0000;DATA;1611605707.104060
/ndn/s11-site/s11/C2Data-4962-Type1;23408.0000;DATA;1611605707.413110
/ndn/h1-site/h1/C2Data-122-Type2;95738.0000;DATA;1611605707.591157
/ndn/h10-site/h10/C2Data-610-Type3;26874.0000;DATA;1611605707.750092
/ndn/d3-site/d3/C2Data-1098-Type3;23303.0000;DATA;1611605708.899743
/ndn/v12-site/v12/C2Data-6898-Type2;684.0000;NACK;1611605709.324144
/ndn/h1-site/h1/C2Data-122-Type1;93228.0000;DATA;1611605709.651179
/ndn/d4-site/d4/C2Data-2300-Type2;70709.0000;DATA;1611605710.355073
/ndn/v2-site/v2/C2Data-5688-Type1;123337.0000;DATA;1611605710.440082
/ndn/d13-site/d13/C2Data-3389-Type2;24649.0000;DATA;1611605711.445192
/ndn/d1-site/d1/C2Data-1937-Type1;27718.0000;DATA;1611605711.811137
/ndn/h9-site/h9/C2Data-549-Type3;25173.0000;DATA;1611605711.888087
/ndn/h11-site/h11/C2Data-671-Type3;23547.0000;DATA;1611605712.012047
/ndn/v7-site/v7/C2Data-6293-Type1;556.0000;NACK;1611605712.197133
/ndn/d13-site/d13/C2Data-1708-Type3;23378.0000;DATA;1611605714.077949
/ndn/d1-site/d1/C2Data-1937-Type2;23577.0000;DATA;1611605715.718062
/ndn/h4-site/h4/C2Data-244-Type3;23446.0000;DATA;1611605718.008139
/ndn/v8-site/v8/C2Data-3233-Type3;664.0000;DATA;1611605719.677052
/ndn/s14-site/s14/C2Data-5326-Type2;99982.0000;DATA;1611605735.059084
/ndn/d8-site/d8/C2Data-2785-Type2;163319.0000;DATA;1611605735.120121
/ndn/h2-site/h2/C2Data-244-Type2;24195.0000;DATA;1611605735.329104
/ndn/v12-site/v12/C2Data-6899-Type1;467.0000;NACK;1611605736.269014
/ndn/v10-site/v10/C2Data-6657-Type2;514.0000;NACK;1611605736.739116
/ndn/s1-site/s1/C2Data-3753-Type2;140686.0000;DATA;1611605738.177058
/ndn/s13-site/s13/C2Data-5205-Type2;23868.0000;DATA;1611605740.148094
/ndn/v2-site/v2/C2Data-5689-Type1;122294.0000;DATA;1611605741.215114
/ndn/s8-site/s8/C2Data-4600-Type2;24349.0000;DATA;1611605741.826097
/ndn/d6-site/d6/C2Data-2543-Type1;124185.0000;DATA;1611605742.583075
/ndn/h12-site/h12/C2Data-733-Type3;138660.0000;DATA;1611605764.198217
/ndn/s13-site/s13/C2Data-5206-Type1;150812.0000;DATA;1611605765.036061
/ndn/s9-site/s9/C2Data-4722-Type1;23965.0000;DATA;1611605765.752118
/ndn/h7-site/h7/C2Data-428-Type3;23188.0000;DATA;1611605766.056092
/ndn/s13-site/s13/C2Data-5206-Type2;546.0000;DATA;1611605766.403137
/ndn/s5-site/s5/C2Data-4238-Type2;117399.0000;DATA;1611605767.409114
/ndn/d8-site/d8/C2Data-1404-Type3;93199.0000;DATA;1611605767.440366
/ndn/v9-site/v9/C2Data-6537-Type1;476.0000;DATA;1611605768.202096
/ndn/d14-site/d14/C2Data-3512-Type2;95684.0000;DATA;1611605769.284035
/ndn/v8-site/v8/C2Data-6416-Type1;94119.0000;DATA;1611605770.984088
/ndn/s5-site/s5/C2Data-4238-Type1;115689.0000;DATA;1611605771.011085
/ndn/s3-site/s3/C2Data-3996-Type2;697.0000;DATA;1611605771.680056
/ndn/v11-site/v11/C2Data-1025-Type4;97098.0000;DATA;1611605771.718080
/ndn/h2-site/h2/C2Data-245-Type2;71455.0000;DATA;1611605772.126116
/ndn/h12-site/h12/C2Data-1455-Type1;71583.0000;DATA;1611605773.746130
/ndn/s9-site/s9/C2Data-4722-Type2;23467.0000;DATA;1611605773.970050
/ndn/h12-site/h12/C2Data-1455-Type2;23826.0000;DATA;1611605774.000164
/ndn/v13-site/v13/C2Data-7021-Type1;23581.0000;DATA;1611605774.099163
/ndn/v8-site/v8/C2Data-3234-Type3;634.0000;DATA;1611605774.480678
/ndn/d0-site/d0/C2Data-916-Type3;25765.0000;DATA;1611605774.693092
/ndn/s3-site/s3/C2Data-3996-Type1;25948.0000;DATA;1611605774.899116
/ndn/s5-site/s5/C2Data-2136-Type3;23385.0000;DATA;1611605775.581169
/ndn/h8-site/h8/C2Data-489-Type3;24152.0000;DATA;1611605776.747047
/ndn/d1-site/d1/C2Data-977-Type3;24335.0000;DATA;1611605777.471136
/ndn/h4-site/h4/C2Data-100-Type4;23497.0000;DATA;1611605782.385532
/ndn/d13-site/d13/C2Data-3392-Type2;97971.0000;DATA;1611605794.477206
/ndn/s11-site/s11/C2Data-4965-Type1;126744.0000;DATA;1611605794.637092
/ndn/v11-site/v11/C2Data-6780-Type2;98504.0000;DATA;1611605795.114118
/ndn/v12-site/v12/C2Data-1050-Type4;142358.0000;DATA;1611605795.386195
/ndn/v7-site/v7/C2Data-6296-Type2;23590.0000;DATA;1611605796.095149
/ndn/h2-site/h2/C2Data-50-Type4;517.0000;DATA;1611605796.561101
/ndn/s0-site/s0/C2Data-3634-Type1;71773.0000;DATA;1611605797.084108
/ndn/h13-site/h13/C2Data-1577-Type1;23732.0000;DATA;1611605798.493096
/ndn/h8-site/h8/C2Data-972-Type1;71553.0000;DATA;1611605802.222141
/ndn/d14-site/d14/C2Data-725-Type4;24517.0000;DATA;1611605802.586039
/ndn/d12-site/d12/C2Data-3271-Type1;23788.0000;DATA;1611605803.991121
/ndn/s9-site/s9/C2Data-4723-Type2;26693.0000;DATA;1611605804.233158
/ndn/h1-site/h1/C2Data-25-Type4;25145.0000;DATA;1611605804.276126
/ndn/h6-site/h6/C2Data-730-Type1;71337.0000;DATA;1611605804.446107
/ndn/h14-site/h14/C2Data-1698-Type2;26294.0000;DATA;1611605804.667148
/ndn/h5-site/h5/C2Data-609-Type1;27445.0000;DATA;1611605805.717125
/ndn/d7-site/d7/C2Data-2666-Type2;23540.0000;DATA;1611605805.961143
/ndn/h2-site/h2/C2Data-246-Type1;74316.0000;DATA;1611605806.085152
/ndn/d11-site/d11/C2Data-650-Type4;24015.0000;DATA;1611605814.029305
/ndn/d0-site/d0/C2Data-375-Type4;26347.0000;DATA;1611605815.391095
/ndn/h12-site/h12/C2Data-734-Type3;71236.0000;DATA;1611605822.391048
/ndn/s4-site/s4/C2Data-2076-Type3;71779.0000;DATA;1611605822.865131
/ndn/h1-site/h1/C2Data-126-Type2;96600.0000;DATA;1611605824.558189
/ndn/s3-site/s3/C2Data-2015-Type3;624.0000;DATA;1611605825.269131
/ndn/d0-site/d0/C2Data-1820-Type2;137617.0000;DATA;1611605825.456168
/ndn/d2-site/d2/C2Data-2062-Type1;46843.0000;DATA;1611605827.062090
/ndn/v2-site/v2/C2Data-5692-Type1;104620.0000;DATA;1611605827.115747
/ndn/d7-site/d7/C2Data-2667-Type1;108574.0000;DATA;1611605827.115121
/ndn/v9-site/v9/C2Data-6539-Type2;556.0000;DATA;1611605829.448096
/ndn/d9-site/d9/C2Data-1466-Type3;24257.0000;DATA;1611605829.886349
/ndn/s12-site/s12/C2Data-5087-Type1;119193.0000;DATA;1611605830.696071
/ndn/d12-site/d12/C2Data-1649-Type3;148196.0000;DATA;1611605831.265132
/ndn/s5-site/s5/C2Data-4240-Type2;95866.0000;DATA;1611605831.563078
/ndn/h0-site/h0/C2Data-5-Type2;25294.0000;DATA;1611605832.138139
/ndn/d9-site/d9/C2Data-2909-Type2;76061.0000;DATA;1611605832.420055
/ndn/h12-site/h12/C2Data-1457-Type1;23921.0000;DATA;1611605832.839084
/ndn/v8-site/v8/C2Data-6418-Type1;23488.0000;DATA;1611605833.769181
/ndn/v1-site/v1/C2Data-5571-Type2;101386.0000;DATA;1611605833.960044
/ndn/s5-site/s5/C2Data-2137-Type3;25950.0000;DATA;1611605834.359110
/ndn/s12-site/s12/C2Data-5087-Type2;653.0000;DATA;1611605834.448056
/ndn/v6-site/v6/C2Data-3113-Type3;24257.0000;DATA;1611605834.786191
/ndn/h13-site/h13/C2Data-795-Type3;23362.0000;DATA;1611605838.107151
/ndn/h0-site/h0/C2Data-2-Type3;23587.0000;DATA;1611605838.966155
/ndn/v12-site/v12/C2Data-3479-Type3;23799.0000;DATA;1611605840.503110
/ndn/v9-site/v9/C2Data-6540-Type2;24529.0000;DATA;1611605856.559168
/ndn/d8-site/d8/C2Data-2789-Type1;165467.0000;DATA;1611605857.337144
/ndn/v1-site/v1/C2Data-5572-Type2;147793.0000;DATA;1611605857.546578
/ndn/d1-site/d1/C2Data-1942-Type1;71107.0000;DATA;1611605858.457086
/ndn/s9-site/s9/C2Data-4725-Type2;23737.0000;DATA;1611605859.924116
/ndn/h2-site/h2/C2Data-248-Type2;137939.0000;DATA;1611605862.138060
/ndn/d10-site/d10/C2Data-3031-Type2;23928.0000;DATA;1611605863.493043
/ndn/d10-site/d10/C2Data-3031-Type1;79326.0000;DATA;1611605863.446112
/ndn/d11-site/d11/C2Data-3152-Type1;98754.0000;DATA;1611605864.178039
/ndn/v8-site/v8/C2Data-6419-Type1;596.0000;DATA;1611605864.553213
/ndn/s13-site/s13/C2Data-5209-Type2;478.0000;DATA;1611605865.017076
/ndn/d4-site/d4/C2Data-2305-Type2;24930.0000;DATA;1611605865.235053
/ndn/v12-site/v12/C2Data-6903-Type1;26078.0000;DATA;1611605866.076091
/ndn/h1-site/h1/C2Data-64-Type3;27102.0000;DATA;1611605882.664141
/ndn/s13-site/s13/C2Data-5210-Type1;141871.0000;DATA;1611605884.116216
/ndn/d12-site/d12/C2Data-3274-Type1;139699.0000;DATA;1611605885.176038
/ndn/h2-site/h2/C2Data-249-Type2;146191.0000;DATA;1611605885.423110
/ndn/h13-site/h13/C2Data-796-Type3;23559.0000;DATA;1611605885.705167
/ndn/v4-site/v4/C2Data-5936-Type2;235390.0000;DATA;1611605885.898152
/ndn/s7-site/s7/C2Data-4484-Type2;121046.0000;DATA;1611605886.501128
/ndn/d5-site/d5/C2Data-1223-Type3;24392.0000;DATA;1611605886.912112
/ndn/s13-site/s13/C2Data-2626-Type3;24686.0000;DATA;1611605887.744093
/ndn/d14-site/d14/C2Data-3516-Type1;98463.0000;DATA;1611605887.702171
/ndn/v11-site/v11/C2Data-3419-Type3;25171.0000;DATA;1611605887.913122
/ndn/s6-site/s6/C2Data-2199-Type3;24207.0000;DATA;1611605889.301076
/ndn/d0-site/d0/C2Data-1822-Type1;120031.0000;DATA;1611605889.274112
/ndn/v0-site/v0/C2Data-5452-Type1;118700.0000;DATA;1611605889.588233
