/ndn/s7-site/s7/C2Data-3267-Type1;137211.0000;DATA;1612148039.421804
/ndn/h2-site/h2/C2Data-242-Type2;152235.0000;DATA;1612148040.756154
/ndn/h8-site/h8/C2Data-968-Type1;24241.0000;DATA;1612148042.721619
/ndn/v0-site/v0/C2Data-3630-Type1;73555.0000;DATA;1612148044.111615
/ndn/d9-site/d9/C2Data-2299-Type1;202500.0000;DATA;1612148045.805612
/ndn/v4-site/v4/C2Data-4114-Type1;121465.0000;DATA;1612148048.357255
/ndn/h4-site/h4/C2Data-484-Type1;52240.0000;DATA;1612148048.529452
/ndn/s0-site/s0/C2Data-2420-Type2;153786.0000;DATA;1612148049.732625
/ndn/d5-site/d5/C2Data-1815-Type2;196056.0000;DATA;1612148049.967813
/ndn/d4-site/d4/C2Data-1695-Type1;110309.0000;DATA;1612148069.479313
/ndn/h9-site/h9/C2Data-1090-Type1;243129.0000;DATA;1612148072.174380
/ndn/h9-site/h9/C2Data-549-Type3;251844.0000;DATA;1612148072.220282
/ndn/s5-site/s5/C2Data-3026-Type2;137154.0000;DATA;1612148076.222754
/ndn/d3-site/d3/C2Data-793-Type3;97044.0000;DATA;1612148076.317422
/ndn/v5-site/v5/C2Data-4236-Type2;123365.0000;DATA;1612148076.737259
/ndn/d1-site/d1/C2Data-1332-Type1;170865.0000;DATA;1612148076.746238
/ndn/h0-site/h0/C2Data-1-Type2;180319.0000;DATA;1612148077.617697
/ndn/s3-site/s3/C2Data-2784-Type1;88196.0000;DATA;1612148078.222947
/ndn/s3-site/s3/C2Data-2784-Type2;70821.0000;DATA;1612148078.371929
/ndn/s0-site/s0/C2Data-2421-Type1;142809.0000;DATA;1612148079.366636
/ndn/d9-site/d9/C2Data-2300-Type1;192105.0000;DATA;1612148079.413582
/ndn/d6-site/d6/C2Data-976-Type3;25322.0000;DATA;1612148079.707835
/ndn/s7-site/s7/C2Data-1647-Type3;129741.0000;DATA;1612148083.230185
/ndn/v7-site/v7/C2Data-4479-Type2;125957.0000;DATA;1612148101.562508
/ndn/s7-site/s7/C2Data-3269-Type1;130198.0000;DATA;1612148101.820877
/ndn/d7-site/d7/C2Data-2059-Type2;203338.0000;DATA;1612148102.069604
/ndn/v3-site/v3/C2Data-3995-Type2;171576.0000;DATA;1612148104.325591
/ndn/v3-site/v3/C2Data-3995-Type1;189041.0000;DATA;1612148108.921169
/ndn/d8-site/d8/C2Data-2180-Type2;218761.0000;DATA;1612148109.058490
/ndn/v0-site/v0/C2Data-3632-Type1;72751.0000;DATA;1612148109.394014
/ndn/s8-site/s8/C2Data-1709-Type3;164262.0000;DATA;1612148122.534810
/ndn/h4-site/h4/C2Data-487-Type2;52480.0000;DATA;1612148129.614689
