/ndn/h12-site/h12/C2Data-1452-Type2;477.0000;NACK;1611610901.208316
/ndn/s7-site/s7/C2Data-4477-Type2;129505.0000;DATA;1611610902.762308
/ndn/s0-site/s0/C2Data-3630-Type1;148145.0000;DATA;1611610902.835349
/ndn/s4-site/s4/C2Data-4114-Type1;639.0000;NACK;1611610903.377600
/ndn/h9-site/h9/C2Data-1089-Type2;128159.0000;DATA;1611610903.471360
/ndn/h9-site/h9/C2Data-1089-Type1;123745.0000;DATA;1611610903.553355
/ndn/s10-site/s10/C2Data-4840-Type2;478.0000;NACK;1611610905.006296
/ndn/s14-site/s14/C2Data-5324-Type2;100044.0000;DATA;1611610906.820341
/ndn/s11-site/s11/C2Data-4961-Type2;244078.0000;DATA;1611610909.423431
/ndn/d14-site/d14/C2Data-3509-Type2;94575.0000;DATA;1611610910.089315
/ndn/h2-site/h2/C2Data-242-Type1;536.0000;NACK;1611610911.497556
/ndn/h11-site/h11/C2Data-671-Type3;99998.0000;DATA;1611610924.721294
/ndn/h7-site/h7/C2Data-427-Type3;277153.0000;DATA;1611610925.409312
/ndn/v5-site/v5/C2Data-3050-Type3;122718.0000;DATA;1611610926.064314
/ndn/v0-site/v0/C2Data-5446-Type1;140554.0000;DATA;1611610930.700298
/ndn/d2-site/d2/C2Data-2058-Type1;23571.0000;DATA;1611610934.462341
/ndn/h6-site/h6/C2Data-727-Type2;196156.0000;DATA;1611610936.555321
/ndn/v12-site/v12/C2Data-3477-Type3;468.0000;NACK;1611610937.224367
/ndn/v6-site/v6/C2Data-3111-Type3;70142.0000;DATA;1611610937.402034
/ndn/v11-site/v11/C2Data-6777-Type2;71615.0000;DATA;1611610938.710404
/ndn/v14-site/v14/C2Data-7140-Type1;145377.0000;DATA;1611610939.540363
/ndn/h5-site/h5/C2Data-606-Type1;144207.0000;DATA;1611610939.738323
/ndn/h3-site/h3/C2Data-183-Type3;73232.0000;DATA;1611610944.475154
/ndn/d5-site/d5/C2Data-1220-Type3;184968.0000;DATA;1611610945.868352
/ndn/d9-site/d9/C2Data-1464-Type3;97878.0000;DATA;1611610947.146353
/ndn/s12-site/s12/C2Data-2562-Type3;246899.0000;DATA;1611610948.327386
/ndn/s14-site/s14/C2Data-5326-Type1;98208.0000;DATA;1611610960.997303
/ndn/v2-site/v2/C2Data-5689-Type1;98137.0000;DATA;1611610961.059357
/ndn/h11-site/h11/C2Data-1333-Type2;95517.0000;DATA;1611610961.288374
/ndn/h3-site/h3/C2Data-365-Type1;69059.0000;DATA;1611610961.452340
/ndn/v4-site/v4/C2Data-5931-Type2;117290.0000;DATA;1611610961.412303
/ndn/v12-site/v12/C2Data-6899-Type1;93477.0000;DATA;1611610961.575353
/ndn/s6-site/s6/C2Data-4358-Type1;120194.0000;DATA;1611610961.596358
/ndn/d10-site/d10/C2Data-3027-Type2;186505.0000;DATA;1611610963.104307
/ndn/s4-site/s4/C2Data-4116-Type1;196629.0000;DATA;1611610963.259388
/ndn/v13-site/v13/C2Data-7020-Type2;126765.0000;DATA;1611610963.822314
/ndn/s3-site/s3/C2Data-3995-Type2;233108.0000;DATA;1611610966.254320
/ndn/v8-site/v8/C2Data-6415-Type2;221606.0000;DATA;1611610968.024326
/ndn/d0-site/d0/C2Data-1817-Type1;24873.0000;DATA;1611610968.349306
/ndn/v12-site/v12/C2Data-6899-Type2;94944.0000;DATA;1611610972.044364
/ndn/h1-site/h1/C2Data-123-Type1;49240.0000;DATA;1611610972.392375
/ndn/s9-site/s9/C2Data-2380-Type3;151652.0000;DATA;1611610984.844337
/ndn/v3-site/v3/C2Data-2929-Type3;196068.0000;DATA;1611610987.447840
/ndn/v9-site/v9/C2Data-6537-Type1;213041.0000;DATA;1611610990.870308
/ndn/h13-site/h13/C2Data-1576-Type2;123066.0000;DATA;1611610991.604315
/ndn/d1-site/d1/C2Data-1939-Type1;169056.0000;DATA;1611610992.087341
/ndn/h9-site/h9/C2Data-550-Type3;130747.0000;DATA;1611610992.902308
/ndn/s6-site/s6/C2Data-2197-Type3;6001160.0000;TIMEOUT;1611610987.720387
/ndn/s12-site/s12/C2Data-2563-Type3;233877.0000;DATA;1611610993.912375
/ndn/s13-site/s13/C2Data-5206-Type2;260737.0000;DATA;1611610994.751926
/ndn/d12-site/d12/C2Data-1648-Type3;25053.0000;DATA;1611610995.441400
/ndn/d2-site/d2/C2Data-425-Type4;24540.0000;DATA;1611610996.982332
/ndn/h14-site/h14/C2Data-350-Type4;143496.0000;DATA;1611610999.314370
/ndn/d13-site/d13/C2Data-3391-Type2;70854.0000;DATA;1611610999.610351
/ndn/h2-site/h2/C2Data-123-Type3;197896.0000;DATA;1611611000.660320
/ndn/v7-site/v7/C2Data-6295-Type2;70102.0000;DATA;1611611000.795303
/ndn/v5-site/v5/C2Data-6053-Type2;121886.0000;DATA;1611611001.507342
/ndn/s1-site/s1/C2Data-1892-Type3;6000221.0000;TIMEOUT;1611610997.497357
/ndn/h13-site/h13/C2Data-325-Type4;122558.0000;DATA;1611611006.751375
/ndn/v2-site/v2/C2Data-2868-Type3;91545.0000;DATA;1611611007.120346
/ndn/h2-site/h2/C2Data-50-Type4;208118.0000;DATA;1611611012.580345
/ndn/d6-site/d6/C2Data-525-Type4;201369.0000;DATA;1611611017.604340
/ndn/v13-site/v13/C2Data-7022-Type1;119135.0000;DATA;1611611021.360426
/ndn/v8-site/v8/C2Data-6417-Type1;215310.0000;DATA;1611611021.965387
/ndn/v1-site/v1/C2Data-5570-Type2;93294.0000;DATA;1611611026.134332
/ndn/v0-site/v0/C2Data-5449-Type1;145132.0000;DATA;1611611026.721413
/ndn/d12-site/d12/C2Data-3271-Type1;46662.0000;DATA;1611611027.080346
/ndn/v3-site/v3/C2Data-5812-Type1;151164.0000;DATA;1611611027.352308
/ndn/d0-site/d0/C2Data-1819-Type1;23558.0000;DATA;1611611027.495330
/ndn/d3-site/d3/C2Data-2182-Type2;116256.0000;DATA;1611611028.303350
/ndn/v9-site/v9/C2Data-6538-Type2;211057.0000;DATA;1611611028.259302
/ndn/h5-site/h5/C2Data-609-Type2;143055.0000;DATA;1611611028.668321
/ndn/s11-site/s11/C2Data-4965-Type1;6000413.0000;TIMEOUT;1611611023.946309
/ndn/v14-site/v14/C2Data-7143-Type1;149765.0000;DATA;1611611029.825422
/ndn/h4-site/h4/C2Data-488-Type2;195027.0000;DATA;1611611030.128342
/ndn/h9-site/h9/C2Data-1093-Type1;121852.0000;DATA;1611611031.410337
/ndn/v9-site/v9/C2Data-975-Type4;215485.0000;DATA;1611611032.893362
/ndn/h6-site/h6/C2Data-150-Type4;209404.0000;DATA;1611611043.893366
/ndn/h1-site/h1/C2Data-25-Type4;47507.0000;DATA;1611611048.922418
/ndn/v14-site/v14/C2Data-1100-Type4;149638.0000;DATA;1611611048.989320
/ndn/v4-site/v4/C2Data-2991-Type3;122379.0000;DATA;1611611049.651300
/ndn/h6-site/h6/C2Data-368-Type3;189204.0000;DATA;1611611050.777329
/ndn/h12-site/h12/C2Data-1457-Type2;193613.0000;DATA;1611611052.698303
/ndn/s4-site/s4/C2Data-2076-Type3;6002487.0000;TIMEOUT;1611611047.074423
/ndn/h9-site/h9/C2Data-1094-Type1;116023.0000;DATA;1611611053.034344
/ndn/d10-site/d10/C2Data-3030-Type1;190457.0000;DATA;1611611053.763350
/ndn/d13-site/d13/C2Data-3393-Type2;72643.0000;DATA;1611611054.128385
/ndn/v3-site/v3/C2Data-5813-Type2;142389.0000;DATA;1611611055.306330
/ndn/h6-site/h6/C2Data-731-Type2;191833.0000;DATA;1611611056.038402
/ndn/v13-site/v13/C2Data-7023-Type2;120210.0000;DATA;1611611056.493310
/ndn/v9-site/v9/C2Data-3296-Type3;215139.0000;DATA;1611611057.219380
/ndn/s1-site/s1/C2Data-3756-Type2;6000315.0000;TIMEOUT;1611611051.845397
/ndn/h6-site/h6/C2Data-731-Type1;190380.0000;DATA;1611611058.828325
/ndn/h0-site/h0/C2Data-5-Type1;211223.0000;DATA;1611611059.443328
/ndn/v0-site/v0/C2Data-2747-Type3;144057.0000;DATA;1611611059.888344
/ndn/s11-site/s11/C2Data-4966-Type2;6000669.0000;TIMEOUT;1611611054.418347
/ndn/h12-site/h12/C2Data-734-Type3;192957.0000;DATA;1611611061.015341
/ndn/s10-site/s10/C2Data-4845-Type2;6000235.0000;TIMEOUT;1611611057.234307
/ndn/v5-site/v5/C2Data-6056-Type1;120376.0000;DATA;1611611080.722312
/ndn/h4-site/h4/C2Data-490-Type2;196717.0000;DATA;1611611080.990431
/ndn/v11-site/v11/C2Data-6782-Type1;69531.0000;DATA;1611611081.257349
/ndn/d9-site/d9/C2Data-2910-Type2;96081.0000;DATA;1611611083.431301
/ndn/d7-site/d7/C2Data-2668-Type2;73415.0000;DATA;1611611084.332305
/ndn/v7-site/v7/C2Data-6298-Type1;70025.0000;DATA;1611611088.071375
/ndn/h9-site/h9/C2Data-1095-Type1;116709.0000;DATA;1611611088.577322
/ndn/s2-site/s2/C2Data-3878-Type2;6001907.0000;TIMEOUT;1611611084.833311
/ndn/h9-site/h9/C2Data-1095-Type2;121944.0000;DATA;1611611091.043389
/ndn/d7-site/d7/C2Data-2668-Type1;70339.0000;DATA;1611611091.843334
/ndn/h7-site/h7/C2Data-853-Type2;237345.0000;DATA;1611611091.824298
/ndn/s12-site/s12/C2Data-5088-Type2;6000199.0000;TIMEOUT;1611611086.340321
/ndn/s3-site/s3/C2Data-3999-Type1;6000397.0000;TIMEOUT;1611611088.289346
/ndn/d14-site/d14/C2Data-1772-Type3;93138.0000;DATA;1611611106.082394
/ndn/d4-site/d4/C2Data-1162-Type3;94933.0000;DATA;1611611110.169425
/ndn/s10-site/s10/C2Data-2443-Type3;6000606.0000;TIMEOUT;1611611106.347372
