/ndn/d8-site/d8/C2Data-2783-Type1;173627.0000;DATA;1611610325.533059
/ndn/s6-site/s6/C2Data-4356-Type2;184581.0000;DATA;1611610332.733103
/ndn/v10-site/v10/C2Data-6655-Type2;549.0000;NACK;1611610333.131063
/ndn/h4-site/h4/C2Data-484-Type2;24172.0000;DATA;1611610334.272039
/ndn/s11-site/s11/C2Data-4961-Type2;435.0000;NACK;1611610334.314062
/ndn/v14-site/v14/C2Data-3599-Type3;160552.0000;DATA;1611610349.485066
/ndn/s13-site/s13/C2Data-2623-Type3;486.0000;NACK;1611610352.276067
/ndn/h10-site/h10/C2Data-610-Type3;264133.0000;DATA;1611610355.375034
/ndn/h13-site/h13/C2Data-793-Type3;71412.0000;DATA;1611610355.937074
/ndn/s5-site/s5/C2Data-4236-Type2;194191.0000;DATA;1611610356.402051
/ndn/v1-site/v1/C2Data-5567-Type2;472.0000;NACK;1611610357.194078
/ndn/s6-site/s6/C2Data-4357-Type2;54059.0000;DATA;1611610358.750051
/ndn/d0-site/d0/C2Data-915-Type3;169136.0000;DATA;1611610360.203024
/ndn/v7-site/v7/C2Data-6293-Type2;494.0000;NACK;1611610360.454029
/ndn/h5-site/h5/C2Data-606-Type2;667.0000;DATA;1611610360.571028
/ndn/d3-site/d3/C2Data-2179-Type1;26990.0000;DATA;1611610362.012164
/ndn/d8-site/d8/C2Data-1403-Type3;182080.0000;DATA;1611610363.261799
/ndn/s2-site/s2/C2Data-3873-Type2;511.0000;DATA;1611610366.047104
/ndn/h2-site/h2/C2Data-122-Type3;710.0000;DATA;1611610366.236091
/ndn/s14-site/s14/C2Data-5325-Type1;99950.0000;DATA;1611610367.361075
/ndn/d5-site/d5/C2Data-1220-Type3;71547.0000;DATA;1611610371.969049
/ndn/s14-site/s14/C2Data-2684-Type3;26288.0000;DATA;1611610373.201073
/ndn/h0-site/h0/C2Data-2-Type2;144418.0000;DATA;1611610386.227106
/ndn/s12-site/s12/C2Data-5084-Type1;535.0000;NACK;1611610388.849106
/ndn/h11-site/h11/C2Data-1333-Type1;92974.0000;DATA;1611610390.058120
/ndn/d5-site/d5/C2Data-2422-Type1;516.0000;DATA;1611610392.467073
/ndn/h13-site/h13/C2Data-1575-Type1;97478.0000;DATA;1611610393.414060
/ndn/d9-site/d9/C2Data-2906-Type2;198186.0000;DATA;1611610393.518237
/ndn/s8-site/s8/C2Data-4600-Type1;49611.0000;DATA;1611610394.746079
/ndn/s7-site/s7/C2Data-4479-Type2;584.0000;DATA;1611610395.325114
/ndn/h2-site/h2/C2Data-244-Type2;690.0000;DATA;1611610396.974097
/ndn/h5-site/h5/C2Data-306-Type3;146098.0000;DATA;1611610413.952081
/ndn/s1-site/s1/C2Data-1892-Type3;287998.0000;DATA;1611610414.215096
/ndn/s2-site/s2/C2Data-3875-Type1;46689.0000;DATA;1611610420.258025
/ndn/s4-site/s4/C2Data-2075-Type3;484.0000;DATA;1611610420.315037
/ndn/h4-site/h4/C2Data-245-Type3;25381.0000;DATA;1611610421.470023
/ndn/v13-site/v13/C2Data-3539-Type3;71043.0000;DATA;1611610422.144161
/ndn/s6-site/s6/C2Data-4359-Type2;237258.0000;DATA;1611610422.244049
/ndn/s5-site/s5/C2Data-2136-Type3;117535.0000;DATA;1611610422.520338
/ndn/d7-site/d7/C2Data-2665-Type1;216078.0000;DATA;1611610422.762041
/ndn/d2-site/d2/C2Data-425-Type4;141925.0000;DATA;1611610422.848036
/ndn/s2-site/s2/C2Data-3875-Type2;74667.0000;DATA;1611610422.994074
/ndn/s5-site/s5/C2Data-4238-Type2;97398.0000;DATA;1611610425.462285
/ndn/s6-site/s6/C2Data-2197-Type3;144369.0000;DATA;1611610426.802029
/ndn/s3-site/s3/C2Data-3996-Type2;23626.0000;DATA;1611610427.098116
/ndn/h4-site/h4/C2Data-100-Type4;24957.0000;DATA;1611610428.846032
/ndn/h13-site/h13/C2Data-325-Type4;242148.0000;DATA;1611610430.377027
/ndn/v4-site/v4/C2Data-2990-Type3;159107.0000;DATA;1611610431.479028
/ndn/d9-site/d9/C2Data-600-Type4;187741.0000;DATA;1611610434.814035
/ndn/h6-site/h6/C2Data-150-Type4;177001.0000;DATA;1611610435.852023
/ndn/v8-site/v8/C2Data-950-Type4;48797.0000;DATA;1611610440.945037
/ndn/d10-site/d10/C2Data-625-Type4;109587.0000;DATA;1611610441.150623
/ndn/h14-site/h14/C2Data-1698-Type1;25549.0000;DATA;1611610445.635137
/ndn/d4-site/d4/C2Data-2303-Type1;126785.0000;DATA;1611610446.601054
/ndn/s5-site/s5/C2Data-4239-Type2;196041.0000;DATA;1611610447.228058
/ndn/d8-site/d8/C2Data-575-Type4;162581.0000;DATA;1611610447.365074
/ndn/v11-site/v11/C2Data-6780-Type2;94105.0000;DATA;1611610447.666037
/ndn/h13-site/h13/C2Data-1577-Type2;26906.0000;DATA;1611610451.801033
/ndn/v0-site/v0/C2Data-750-Type4;140018.0000;DATA;1611610451.743028
/ndn/s5-site/s5/C2Data-4239-Type1;211262.0000;DATA;1611610452.603114
/ndn/s3-site/s3/C2Data-3997-Type1;95707.0000;DATA;1611610453.077109
/ndn/h12-site/h12/C2Data-1456-Type2;47904.0000;DATA;1611610453.480216
/ndn/d0-site/d0/C2Data-1819-Type1;168957.0000;DATA;1611610453.456023
/ndn/h14-site/h14/C2Data-1698-Type2;23694.0000;DATA;1611610453.890079
/ndn/s12-site/s12/C2Data-5086-Type2;94431.0000;DATA;1611610453.921968
/ndn/v4-site/v4/C2Data-850-Type4;207619.0000;DATA;1611610455.736021
/ndn/h9-site/h9/C2Data-1093-Type2;168501.0000;DATA;1611610456.187021
/ndn/h14-site/h14/C2Data-350-Type4;28652.0000;DATA;1611610457.302088
/ndn/v3-site/v3/C2Data-825-Type4;97175.0000;DATA;1611610461.746268
/ndn/d0-site/d0/C2Data-375-Type4;248184.0000;DATA;1611610461.956051
/ndn/h10-site/h10/C2Data-250-Type4;26072.0000;DATA;1611610463.510984
/ndn/s11-site/s11/C2Data-2503-Type3;229556.0000;DATA;1611610469.983060
/ndn/s0-site/s0/C2Data-1832-Type3;247589.0000;DATA;1611610470.555182
/ndn/d8-site/d8/C2Data-1405-Type3;171178.0000;DATA;1611610471.111044
/ndn/s9-site/s9/C2Data-2381-Type3;125207.0000;DATA;1611610471.512026
/ndn/v10-site/v10/C2Data-3357-Type3;283506.0000;DATA;1611610472.317039
/ndn/v12-site/v12/C2Data-3479-Type3;200803.0000;DATA;1611610473.708057
/ndn/v1-site/v1/C2Data-775-Type4;594.0000;DATA;1611610475.460022
/ndn/d4-site/d4/C2Data-1161-Type3;52043.0000;DATA;1611610475.468059
/ndn/d14-site/d14/C2Data-3514-Type2;48909.0000;DATA;1611610476.055092
/ndn/d12-site/d12/C2Data-675-Type4;718.0000;DATA;1611610476.627060
/ndn/s4-site/s4/C2Data-4119-Type1;26829.0000;DATA;1611610477.350077
/ndn/d8-site/d8/C2Data-2788-Type2;183327.0000;DATA;1611610477.280035
/ndn/v0-site/v0/C2Data-2747-Type3;241642.0000;DATA;1611610477.664097
/ndn/d5-site/d5/C2Data-2425-Type1;24599.0000;DATA;1611610478.286107
/ndn/s0-site/s0/C2Data-3635-Type1;216970.0000;DATA;1611610478.264026
/ndn/v14-site/v14/C2Data-1100-Type4;46777.0000;DATA;1611610478.514031
/ndn/s6-site/s6/C2Data-4361-Type2;258139.0000;DATA;1611610478.909107
/ndn/s12-site/s12/C2Data-5087-Type2;154872.0000;DATA;1611610479.077059
/ndn/d7-site/d7/C2Data-2667-Type1;145167.0000;DATA;1611610479.961025
/ndn/v3-site/v3/C2Data-2930-Type3;23129.0000;DATA;1611610480.694109
/ndn/d13-site/d13/C2Data-1710-Type3;537.0000;DATA;1611610480.818072
/ndn/v10-site/v10/C2Data-6660-Type1;222620.0000;DATA;1611610480.657049
/ndn/s6-site/s6/C2Data-4361-Type1;145891.0000;DATA;1611610480.770078
/ndn/h7-site/h7/C2Data-429-Type3;48050.0000;DATA;1611610481.027160
/ndn/d12-site/d12/C2Data-3272-Type2;196272.0000;DATA;1611610481.327041
/ndn/d3-site/d3/C2Data-2183-Type2;242801.0000;DATA;1611610482.266072
/ndn/h11-site/h11/C2Data-1336-Type2;48408.0000;DATA;1611610483.966030
/ndn/s1-site/s1/C2Data-1893-Type3;563.0000;DATA;1611610484.401048
/ndn/v5-site/v5/C2Data-3052-Type3;461.0000;DATA;1611610484.638030
/ndn/d11-site/d11/C2Data-3151-Type1;195085.0000;DATA;1611610486.502093
/ndn/s8-site/s8/C2Data-4603-Type1;46349.0000;DATA;1611610486.891044
/ndn/d12-site/d12/C2Data-3272-Type1;193080.0000;DATA;1611610487.139028
/ndn/v6-site/v6/C2Data-3113-Type3;25604.0000;DATA;1611610487.639084
/ndn/v1-site/v1/C2Data-2808-Type3;99499.0000;DATA;1611610488.708036
/ndn/v4-site/v4/C2Data-2991-Type3;76818.0000;DATA;1611610489.346086
/ndn/d0-site/d0/C2Data-1821-Type1;165253.0000;DATA;1611610506.498073
/ndn/h6-site/h6/C2Data-732-Type1;207650.0000;DATA;1611610506.648038
/ndn/h7-site/h7/C2Data-853-Type2;182105.0000;DATA;1611610509.595036
/ndn/d14-site/d14/C2Data-3515-Type1;46631.0000;DATA;1611610510.398065
/ndn/h3-site/h3/C2Data-369-Type2;189082.0000;DATA;1611610511.065085
/ndn/d13-site/d13/C2Data-3394-Type2;103512.0000;DATA;1611610511.740082
/ndn/h4-site/h4/C2Data-490-Type1;72123.0000;DATA;1611610513.315048
/ndn/s7-site/s7/C2Data-4483-Type2;67119.0000;DATA;1611610514.083105
/ndn/s3-site/s3/C2Data-3999-Type2;138760.0000;DATA;1611610514.364096
/ndn/d3-site/d3/C2Data-2184-Type1;239249.0000;DATA;1611610514.267032
/ndn/h10-site/h10/C2Data-1216-Type2;120090.0000;DATA;1611610514.545147
/ndn/h0-site/h0/C2Data-6-Type2;97106.0000;DATA;1611610516.792050
/ndn/d4-site/d4/C2Data-1162-Type3;99668.0000;DATA;1611610530.017077
/ndn/h1-site/h1/C2Data-64-Type3;129289.0000;DATA;1611610530.341092
/ndn/s4-site/s4/C2Data-2077-Type3;604.0000;DATA;1611610534.872048
/ndn/s5-site/s5/C2Data-2138-Type3;99444.0000;DATA;1611610535.267966
/ndn/h14-site/h14/C2Data-857-Type3;24776.0000;DATA;1611610535.501038
/ndn/v11-site/v11/C2Data-6783-Type1;93578.0000;DATA;1611610535.524113
/ndn/h13-site/h13/C2Data-796-Type3;25700.0000;DATA;1611610536.905080
/ndn/s1-site/s1/C2Data-1894-Type3;95906.0000;DATA;1611610538.291057
/ndn/h0-site/h0/C2Data-7-Type1;154915.0000;DATA;1611610539.191094
/ndn/v7-site/v7/C2Data-3175-Type3;185909.0000;DATA;1611610539.556047
/ndn/s0-site/s0/C2Data-3637-Type2;153127.0000;DATA;1611610539.695060
/ndn/v6-site/v6/C2Data-6178-Type1;95134.0000;DATA;1611610540.082025
/ndn/v6-site/v6/C2Data-3114-Type3;78234.0000;DATA;1611610540.750061
