/ndn/s6-site/s6/C2Data-4356-Type2;191761.0000;DATA;1611611482.438184
/ndn/v7-site/v7/C2Data-6292-Type1;71000.0000;DATA;1611611484.153198
/ndn/s10-site/s10/C2Data-4840-Type2;470.0000;NACK;1611611484.807985
/ndn/h14-site/h14/C2Data-1694-Type2;539.0000;NACK;1611611485.849128
/ndn/d5-site/d5/C2Data-2420-Type1;239174.0000;DATA;1611611485.747101
/ndn/v8-site/v8/C2Data-6413-Type2;382.0000;NACK;1611611485.991385
/ndn/h1-site/h1/C2Data-121-Type1;166519.0000;DATA;1611611488.454204
/ndn/h4-site/h4/C2Data-484-Type1;146489.0000;DATA;1611611489.669160
/ndn/s12-site/s12/C2Data-5082-Type2;313398.0000;DATA;1611611489.584117
/ndn/d9-site/d9/C2Data-2904-Type1;166853.0000;DATA;1611611491.366198
/ndn/d0-site/d0/C2Data-1815-Type2;118635.0000;DATA;1611611492.536243
/ndn/d2-site/d2/C2Data-1037-Type3;144677.0000;DATA;1611611506.170039
/ndn/h1-site/h1/C2Data-61-Type3;168394.0000;DATA;1611611507.047207
/ndn/s6-site/s6/C2Data-2196-Type3;212470.0000;DATA;1611611507.366111
/ndn/h9-site/h9/C2Data-549-Type3;200820.0000;DATA;1611611507.756163
/ndn/v8-site/v8/C2Data-3233-Type3;308887.0000;DATA;1611611508.993258
/ndn/h14-site/h14/C2Data-854-Type3;283656.0000;DATA;1611611510.112188
/ndn/v10-site/v10/C2Data-6656-Type1;142710.0000;DATA;1611611512.284162
/ndn/h8-site/h8/C2Data-969-Type2;188502.0000;DATA;1611611513.849163
/ndn/d4-site/d4/C2Data-2300-Type2;211653.0000;DATA;1611611513.850110
/ndn/d0-site/d0/C2Data-1816-Type1;125156.0000;DATA;1611611514.667140
/ndn/h10-site/h10/C2Data-610-Type3;195539.0000;DATA;1611611516.736188
/ndn/h3-site/h3/C2Data-364-Type1;49976.0000;DATA;1611611517.640203
/ndn/h11-site/h11/C2Data-1332-Type2;226275.0000;DATA;1611611517.606163
/ndn/d2-site/d2/C2Data-2058-Type2;145093.0000;DATA;1611611518.425138
/ndn/s5-site/s5/C2Data-2135-Type3;116267.0000;DATA;1611611519.327180
/ndn/s14-site/s14/C2Data-5325-Type2;223204.0000;DATA;1611611519.428147
/ndn/d5-site/d5/C2Data-2421-Type1;237392.0000;DATA;1611611519.629294
/ndn/h12-site/h12/C2Data-732-Type3;220568.0000;DATA;1611611522.450176
/ndn/s10-site/s10/C2Data-4841-Type2;292939.0000;DATA;1611611522.486223
/ndn/h4-site/h4/C2Data-244-Type3;274637.0000;DATA;1611611526.133203
/ndn/d9-site/d9/C2Data-1464-Type3;167391.0000;DATA;1611611527.098102
/ndn/v12-site/v12/C2Data-6899-Type2;24175.0000;DATA;1611611541.374128
/ndn/d0-site/d0/C2Data-1817-Type1;116948.0000;DATA;1611611542.479187
/ndn/h0-site/h0/C2Data-2-Type1;317844.0000;DATA;1611611542.924107
/ndn/d6-site/d6/C2Data-2543-Type1;217750.0000;DATA;1611611545.558218
/ndn/v11-site/v11/C2Data-6778-Type1;188239.0000;DATA;1611611547.544137
/ndn/v1-site/v1/C2Data-5568-Type1;23811.0000;DATA;1611611548.171186
/ndn/h4-site/h4/C2Data-486-Type2;272040.0000;DATA;1611611548.087109
/ndn/v5-site/v5/C2Data-6052-Type1;23915.0000;DATA;1611611550.209179
/ndn/d13-site/d13/C2Data-3390-Type2;191447.0000;DATA;1611611550.185212
/ndn/v6-site/v6/C2Data-6173-Type1;197916.0000;DATA;1611611550.577146
/ndn/d11-site/d11/C2Data-3148-Type2;71678.0000;DATA;1611611550.966105
/ndn/d12-site/d12/C2Data-3269-Type2;107954.0000;DATA;1611611551.305164
/ndn/v6-site/v6/C2Data-6173-Type2;214079.0000;DATA;1611611551.445184
/ndn/s10-site/s10/C2Data-4842-Type1;284692.0000;DATA;1611611552.485337
/ndn/s4-site/s4/C2Data-4116-Type2;324233.0000;DATA;1611611553.035181
/ndn/v14-site/v14/C2Data-3600-Type3;263205.0000;DATA;1611611569.646145
/ndn/s9-site/s9/C2Data-2380-Type3;237656.0000;DATA;1611611569.832111
/ndn/d13-site/d13/C2Data-1709-Type3;188207.0000;DATA;1611611572.197162
/ndn/d8-site/d8/C2Data-1404-Type3;120179.0000;DATA;1611611574.329182
/ndn/v5-site/v5/C2Data-6053-Type1;24666.0000;DATA;1611611575.857213
/ndn/h12-site/h12/C2Data-733-Type3;313123.0000;DATA;1611611576.408105
/ndn/v3-site/v3/C2Data-5811-Type1;255229.0000;DATA;1611611576.875309
/ndn/h6-site/h6/C2Data-729-Type1;264501.0000;DATA;1611611577.602198
/ndn/s0-site/s0/C2Data-1831-Type3;6000360.0000;TIMEOUT;1611611571.984172
/ndn/d10-site/d10/C2Data-3028-Type1;260900.0000;DATA;1611611578.222202
/ndn/h1-site/h1/C2Data-124-Type2;173070.0000;DATA;1611611578.578203
/ndn/v9-site/v9/C2Data-3295-Type3;289190.0000;DATA;1611611578.479105
/ndn/s2-site/s2/C2Data-3875-Type1;6000303.0000;TIMEOUT;1611611573.063253
/ndn/s6-site/s6/C2Data-4359-Type2;6000185.0000;TIMEOUT;1611611574.348155
/ndn/v11-site/v11/C2Data-3417-Type3;187699.0000;DATA;1611611580.380122
/ndn/d10-site/d10/C2Data-1526-Type3;263190.0000;DATA;1611611580.703254
/ndn/v0-site/v0/C2Data-5448-Type1;215532.0000;DATA;1611611580.960194
/ndn/s2-site/s2/C2Data-1953-Type3;6000265.0000;TIMEOUT;1611611575.682126
/ndn/h4-site/h4/C2Data-245-Type3;262040.0000;DATA;1611611581.537131
/ndn/d6-site/d6/C2Data-2544-Type2;211655.0000;DATA;1611611582.261116
/ndn/s2-site/s2/C2Data-3875-Type2;6000197.0000;TIMEOUT;1611611577.361162
/ndn/v2-site/v2/C2Data-2868-Type3;168593.0000;DATA;1611611583.394222
/ndn/s11-site/s11/C2Data-4964-Type1;6000244.0000;TIMEOUT;1611611578.203130
/ndn/s14-site/s14/C2Data-2685-Type3;6004062.0000;TIMEOUT;1611611578.887157
/ndn/v7-site/v7/C2Data-925-Type4;50377.0000;DATA;1611611585.000184
/ndn/d8-site/d8/C2Data-575-Type4;119533.0000;DATA;1611611585.126171
/ndn/h9-site/h9/C2Data-550-Type3;192691.0000;DATA;1611611586.672202
/ndn/h5-site/h5/C2Data-306-Type3;218021.0000;DATA;1611611587.019213
/ndn/s6-site/s6/C2Data-2197-Type3;6000197.0000;TIMEOUT;1611611581.621107
/ndn/s14-site/s14/C2Data-5327-Type1;6002178.0000;TIMEOUT;1611611582.790214
/ndn/v6-site/v6/C2Data-900-Type4;223317.0000;DATA;1611611590.796673
/ndn/v5-site/v5/C2Data-875-Type4;49342.0000;DATA;1611611593.163265
/ndn/d14-site/d14/C2Data-725-Type4;229263.0000;DATA;1611611595.915222
/ndn/v8-site/v8/C2Data-6417-Type1;286539.0000;DATA;1611611603.773168
/ndn/v0-site/v0/C2Data-5449-Type1;223477.0000;DATA;1611611605.903208
/ndn/h8-site/h8/C2Data-972-Type1;196798.0000;DATA;1611611605.935196
/ndn/h0-site/h0/C2Data-0-Type4;77593.0000;DATA;1611611606.347146
/ndn/v13-site/v13/C2Data-7022-Type1;240364.0000;DATA;1611611607.543199
/ndn/h6-site/h6/C2Data-150-Type4;272287.0000;DATA;1611611607.908181
/ndn/s1-site/s1/C2Data-3755-Type1;6000450.0000;TIMEOUT;1611611602.874177
/ndn/v0-site/v0/C2Data-750-Type4;213113.0000;DATA;1611611609.559119
/ndn/d6-site/d6/C2Data-2545-Type1;215722.0000;DATA;1611611609.772198
/ndn/s5-site/s5/C2Data-4239-Type1;6000257.0000;TIMEOUT;1611611604.730388
/ndn/h10-site/h10/C2Data-1214-Type2;192771.0000;DATA;1611611610.914118
/ndn/v2-site/v2/C2Data-800-Type4;188843.0000;DATA;1611611613.466208
/ndn/s9-site/s9/C2Data-4723-Type1;6000229.0000;TIMEOUT;1611611608.630112
/ndn/s7-site/s7/C2Data-4481-Type1;6000280.0000;TIMEOUT;1611611610.116584
/ndn/d10-site/d10/C2Data-625-Type4;318926.0000;DATA;1611611617.184209
/ndn/s7-site/s7/C2Data-4481-Type2;6001510.0000;TIMEOUT;1611611612.168132
/ndn/d11-site/d11/C2Data-1588-Type3;73636.0000;DATA;1611611625.493167
/ndn/h10-site/h10/C2Data-612-Type3;242021.0000;DATA;1611611626.122197
/ndn/d6-site/d6/C2Data-1283-Type3;217295.0000;DATA;1611611627.594222
/ndn/h1-site/h1/C2Data-63-Type3;172830.0000;DATA;1611611628.009167
/ndn/h12-site/h12/C2Data-734-Type3;318155.0000;DATA;1611611631.227116
/ndn/h2-site/h2/C2Data-50-Type4;306973.0000;DATA;1611611632.016209
/ndn/v5-site/v5/C2Data-3052-Type3;23695.0000;DATA;1611611632.873202
/ndn/h7-site/h7/C2Data-852-Type1;331852.0000;DATA;1611611632.836196
/ndn/d3-site/d3/C2Data-2183-Type1;186008.0000;DATA;1611611633.222168
/ndn/d1-site/d1/C2Data-1941-Type2;284129.0000;DATA;1611611633.129171
/ndn/d8-site/d8/C2Data-1405-Type3;118254.0000;DATA;1611611634.022941
/ndn/h11-site/h11/C2Data-1336-Type1;214883.0000;DATA;1611611634.030354
/ndn/s11-site/s11/C2Data-2503-Type3;6000338.0000;TIMEOUT;1611611631.081178
/ndn/s12-site/s12/C2Data-5087-Type1;6000255.0000;TIMEOUT;1611611631.541149
/ndn/d8-site/d8/C2Data-2788-Type2;114920.0000;DATA;1611611639.223109
/ndn/d13-site/d13/C2Data-3393-Type2;187818.0000;DATA;1611611639.830171
/ndn/h9-site/h9/C2Data-1094-Type2;186891.0000;DATA;1611611640.391239
/ndn/v7-site/v7/C2Data-6297-Type2;47448.0000;DATA;1611611640.646194
/ndn/s0-site/s0/C2Data-1832-Type3;6000390.0000;TIMEOUT;1611611634.726177
/ndn/s1-site/s1/C2Data-3756-Type1;6000369.0000;TIMEOUT;1611611636.456181
/ndn/v3-site/v3/C2Data-5813-Type1;258176.0000;DATA;1611611642.604195
/ndn/s13-site/s13/C2Data-2625-Type3;6000282.0000;TIMEOUT;1611611642.820244
/ndn/h13-site/h13/C2Data-1579-Type1;247664.0000;DATA;1611611663.582106
/ndn/d5-site/d5/C2Data-2426-Type2;209694.0000;DATA;1611611668.787157
/ndn/h2-site/h2/C2Data-248-Type2;297456.0000;DATA;1611611670.785119
/ndn/s1-site/s1/C2Data-3757-Type2;6004173.0000;TIMEOUT;1611611665.565297
/ndn/s7-site/s7/C2Data-4483-Type2;6000306.0000;TIMEOUT;1611611666.964148
/ndn/s11-site/s11/C2Data-4967-Type1;6004192.0000;TIMEOUT;1611611670.443188
/ndn/v9-site/v9/C2Data-3297-Type3;292189.0000;DATA;1611611685.364107
/ndn/d8-site/d8/C2Data-1406-Type3;125547.0000;DATA;1611611686.811219
/ndn/v12-site/v12/C2Data-3480-Type3;28616.0000;DATA;1611611688.292125
/ndn/d7-site/d7/C2Data-1345-Type3;165585.0000;DATA;1611611690.561103
/ndn/h8-site/h8/C2Data-975-Type2;195042.0000;DATA;1611611691.409184
/ndn/d0-site/d0/C2Data-1822-Type2;123278.0000;DATA;1611611691.623169
/ndn/h14-site/h14/C2Data-1701-Type2;272619.0000;DATA;1611611692.194115
/ndn/d1-site/d1/C2Data-1943-Type1;289316.0000;DATA;1611611693.314122
/ndn/s13-site/s13/C2Data-2626-Type3;6000549.0000;TIMEOUT;1611611687.713197
/ndn/d3-site/d3/C2Data-1101-Type3;188519.0000;DATA;1611611693.670123
/ndn/s11-site/s11/C2Data-2504-Type3;6000200.0000;TIMEOUT;1611611688.973123
/ndn/d2-site/d2/C2Data-2064-Type1;144531.0000;DATA;1611611694.886149
/ndn/h1-site/h1/C2Data-64-Type3;170275.0000;DATA;1611611695.159145
/ndn/h0-site/h0/C2Data-7-Type2;287666.0000;DATA;1611611696.050115
