/ndn/d5-site/d5/C2Data-1815-Type2;288868.0000;DATA;1612715359.791888
/ndn/v2-site/v2/C2Data-3872-Type1;189379.0000;DATA;1612715360.912874
/ndn/h9-site/h9/C2Data-1089-Type2;143145.0000;DATA;1612715364.290173
/ndn/v1-site/v1/C2Data-3751-Type1;188889.0000;DATA;1612715364.605386
/ndn/s9-site/s9/C2Data-3509-Type1;25204.0000;DATA;1612715368.686574
/ndn/h6-site/h6/C2Data-726-Type2;118440.0000;DATA;1612715368.831630
/ndn/v6-site/v6/C2Data-2196-Type3;25979.0000;DATA;1612715384.294803
/ndn/s7-site/s7/C2Data-1647-Type3;84227.0000;DATA;1612715386.595100
/ndn/h8-site/h8/C2Data-488-Type3;135345.0000;DATA;1612715388.051226
/ndn/s9-site/s9/C2Data-3510-Type1;24769.0000;DATA;1612715388.516789
/ndn/d1-site/d1/C2Data-671-Type3;189791.0000;DATA;1612715389.606709
/ndn/d8-site/d8/C2Data-2179-Type1;290703.0000;DATA;1612715389.539672
/ndn/s3-site/s3/C2Data-2784-Type2;51836.0000;DATA;1612715391.075597
/ndn/d0-site/d0/C2Data-1211-Type2;74281.0000;DATA;1612715391.114656
/ndn/s4-site/s4/C2Data-1464-Type3;112416.0000;DATA;1612715393.811649
/ndn/s8-site/s8/C2Data-1708-Type3;72992.0000;DATA;1612715394.688605
/ndn/d6-site/d6/C2Data-976-Type3;24966.0000;DATA;1612715394.754969
/ndn/h7-site/h7/C2Data-427-Type3;128705.0000;DATA;1612715394.978696
/ndn/h1-site/h1/C2Data-122-Type2;185639.0000;DATA;1612715395.686824
/ndn/v2-site/v2/C2Data-3873-Type2;29571.0000;DATA;1612715396.314518
/ndn/d0-site/d0/C2Data-1211-Type1;77704.0000;DATA;1612715400.046701
/ndn/v8-site/v8/C2Data-2318-Type3;28537.0000;DATA;1612715404.094953
/ndn/s5-site/s5/C2Data-1525-Type3;103263.0000;DATA;1612715404.680611
/ndn/v9-site/v9/C2Data-2379-Type3;124142.0000;DATA;1612715405.263512
/ndn/s8-site/s8/C2Data-3390-Type1;145281.0000;DATA;1612715419.485759
/ndn/h0-site/h0/C2Data-2-Type2;264918.0000;DATA;1612715419.696134
/ndn/h7-site/h7/C2Data-849-Type2;133809.0000;DATA;1612715419.923096
/ndn/d1-site/d1/C2Data-1333-Type1;100242.0000;DATA;1612715421.203701
/ndn/d8-site/d8/C2Data-2180-Type1;240089.0000;DATA;1612715423.945663
/ndn/h0-site/h0/C2Data-2-Type1;166774.0000;DATA;1612715426.467733
/ndn/v3-site/v3/C2Data-3995-Type1;308945.0000;DATA;1612715427.709459
/ndn/d2-site/d2/C2Data-1454-Type1;223978.0000;DATA;1612715428.686887
/ndn/d5-site/d5/C2Data-1817-Type2;35837.0000;DATA;1612715429.757744
/ndn/h9-site/h9/C2Data-1091-Type2;112190.0000;DATA;1612715429.722720
/ndn/d7-site/d7/C2Data-1038-Type3;182533.0000;DATA;1612715444.467022
/ndn/d2-site/d2/C2Data-733-Type3;29708.0000;DATA;1612715447.185276
/ndn/s7-site/s7/C2Data-1648-Type3;27585.0000;DATA;1612715447.972729
/ndn/h0-site/h0/C2Data-3-Type2;275942.0000;DATA;1612715451.963583
/ndn/d5-site/d5/C2Data-916-Type3;117635.0000;DATA;1612715452.383966
/ndn/d7-site/d7/C2Data-2060-Type1;98389.0000;DATA;1612715453.212767
/ndn/d1-site/d1/C2Data-1334-Type2;131837.0000;DATA;1612715453.795689
/ndn/d3-site/d3/C2Data-1576-Type1;47072.0000;DATA;1612715454.137024
/ndn/h8-site/h8/C2Data-971-Type2;97409.0000;DATA;1612715455.202263
/ndn/s3-site/s3/C2Data-1404-Type3;25497.0000;DATA;1612715455.616933
/ndn/v9-site/v9/C2Data-4722-Type2;24441.0000;DATA;1612715456.736731
/ndn/h3-site/h3/C2Data-75-Type4;124825.0000;DATA;1612715457.029791
/ndn/d5-site/d5/C2Data-1818-Type2;298802.0000;DATA;1612715456.857917
/ndn/s3-site/s3/C2Data-2786-Type1;51590.0000;DATA;1612715457.815665
/ndn/v2-site/v2/C2Data-3875-Type2;97726.0000;DATA;1612715457.781032
/ndn/d4-site/d4/C2Data-1697-Type2;168292.0000;DATA;1612715458.049567
/ndn/h6-site/h6/C2Data-367-Type3;118992.0000;DATA;1612715458.163009
/ndn/s2-site/s2/C2Data-2665-Type1;127460.0000;DATA;1612715459.735941
/ndn/h2-site/h2/C2Data-123-Type3;72516.0000;DATA;1612715459.867186
/ndn/h3-site/h3/C2Data-184-Type3;28690.0000;DATA;1612715462.095367
/ndn/s2-site/s2/C2Data-1343-Type3;27168.0000;DATA;1612715462.119512
/ndn/v3-site/v3/C2Data-2014-Type3;28802.0000;DATA;1612715464.767012
/ndn/v7-site/v7/C2Data-2258-Type3;209133.0000;DATA;1612715466.116473
/ndn/s1-site/s1/C2Data-2545-Type2;26066.0000;DATA;1612715480.658972
/ndn/s4-site/s4/C2Data-2908-Type2;197878.0000;DATA;1612715481.976739
/ndn/h3-site/h3/C2Data-367-Type1;95822.0000;DATA;1612715482.747455
/ndn/v5-site/v5/C2Data-4239-Type2;24213.0000;DATA;1612715483.178198
/ndn/d4-site/d4/C2Data-1698-Type1;179851.0000;DATA;1612715484.159486
/ndn/v2-site/v2/C2Data-3876-Type1;152561.0000;DATA;1612715485.801645
/ndn/v1-site/v1/C2Data-3755-Type2;171082.0000;DATA;1612715487.354829
/ndn/s6-site/s6/C2Data-3150-Type2;135928.0000;DATA;1612715488.484865
/ndn/h9-site/h9/C2Data-225-Type4;80214.0000;DATA;1612715490.517806
/ndn/v6-site/v6/C2Data-2198-Type3;80466.0000;DATA;1612715503.234395
/ndn/h3-site/h3/C2Data-185-Type3;114435.0000;DATA;1612715503.719012
/ndn/h4-site/h4/C2Data-100-Type4;70185.0000;DATA;1612715508.735708
/ndn/d6-site/d6/C2Data-978-Type3;96093.0000;DATA;1612715510.004202
/ndn/s6-site/s6/C2Data-3151-Type1;276784.0000;DATA;1612715510.769584
/ndn/h0-site/h0/C2Data-2-Type3;269472.0000;DATA;1612715512.078389
/ndn/v9-site/v9/C2Data-4724-Type1;77382.0000;DATA;1612715512.980182
/ndn/d7-site/d7/C2Data-2062-Type2;98768.0000;DATA;1612715513.289677
/ndn/v8-site/v8/C2Data-4603-Type2;155933.0000;DATA;1612715513.840185
/ndn/v0-site/v0/C2Data-1832-Type3;153296.0000;DATA;1612715514.215317
/ndn/h6-site/h6/C2Data-731-Type1;126405.0000;DATA;1612715515.744754
/ndn/v2-site/v2/C2Data-3877-Type2;99082.0000;DATA;1612715515.966307
/ndn/d9-site/d9/C2Data-2304-Type2;25998.0000;DATA;1612715517.995218
/ndn/d7-site/d7/C2Data-1039-Type3;96058.0000;DATA;1612715518.221661
/ndn/h0-site/h0/C2Data-5-Type1;245549.0000;DATA;1612715518.214661
/ndn/s3-site/s3/C2Data-2788-Type1;53187.0000;DATA;1612715518.884657
/ndn/s0-site/s0/C2Data-2425-Type1;97324.0000;DATA;1612715518.942760
/ndn/s4-site/s4/C2Data-2909-Type2;127789.0000;DATA;1612715519.743072
/ndn/d8-site/d8/C2Data-1100-Type3;228287.0000;DATA;1612715523.972006
/ndn/s3-site/s3/C2Data-2789-Type1;49336.0000;DATA;1612715538.591835
/ndn/h0-site/h0/C2Data-6-Type1;256623.0000;DATA;1612715539.810562
/ndn/d9-site/d9/C2Data-2305-Type1;277044.0000;DATA;1612715541.540879
/ndn/d3-site/d3/C2Data-1579-Type2;25821.0000;DATA;1612715544.021020
/ndn/d0-site/d0/C2Data-1216-Type1;84757.0000;DATA;1612715547.373442
/ndn/s9-site/s9/C2Data-3515-Type1;28695.0000;DATA;1612715548.115079
/ndn/v1-site/v1/C2Data-3757-Type2;186441.0000;DATA;1612715548.273604
/ndn/s0-site/s0/C2Data-2426-Type2;101599.0000;DATA;1612715549.002623
/ndn/h7-site/h7/C2Data-853-Type1;132720.0000;DATA;1612715549.076170
/ndn/d8-site/d8/C2Data-1101-Type3;275304.0000;DATA;1612715562.551568
/ndn/h7-site/h7/C2Data-430-Type3;132545.0000;DATA;1612715562.772647
/ndn/d7-site/d7/C2Data-1040-Type3;178353.0000;DATA;1612715563.982852
/ndn/s6-site/s6/C2Data-1589-Type3;415038.0000;DATA;1612715564.286172
/ndn/s2-site/s2/C2Data-1345-Type3;135247.0000;DATA;1612715564.778576
/ndn/v5-site/v5/C2Data-2138-Type3;38353.0000;DATA;1612715565.201819
/ndn/s7-site/s7/C2Data-3274-Type2;225228.0000;DATA;1612715570.220816
/ndn/h2-site/h2/C2Data-249-Type1;120560.0000;DATA;1612715571.010296
/ndn/s4-site/s4/C2Data-2911-Type2;219066.0000;DATA;1612715570.931047
/ndn/d9-site/d9/C2Data-2306-Type1;324252.0000;DATA;1612715574.504576
/ndn/s5-site/s5/C2Data-3032-Type1;124768.0000;DATA;1612715575.662258
/ndn/h0-site/h0/C2Data-7-Type1;256376.0000;DATA;1612715576.384286
/ndn/h9-site/h9/C2Data-1096-Type1;49656.0000;DATA;1612715577.317268
/ndn/v2-site/v2/C2Data-1955-Type3;90686.0000;DATA;1612715584.786620
/ndn/s9-site/s9/C2Data-1772-Type3;31678.0000;DATA;1612715584.946400
/ndn/h8-site/h8/C2Data-491-Type3;123092.0000;DATA;1612715585.020863
/ndn/h2-site/h2/C2Data-26-Type5;316765.0000;DATA;1612715585.331368
/ndn/d1-site/d1/C2Data-143-Type5;465723.0000;DATA;1612715593.112848
/ndn/d5-site/d5/C2Data-195-Type5;193779.0000;DATA;1612715594.243857
/ndn/d7-site/d7/C2Data-221-Type5;233613.0000;DATA;1612715596.960483
/ndn/h0-site/h0/C2Data-8-Type1;244254.0000;DATA;1612715599.230728
/ndn/v8-site/v8/C2Data-4606-Type2;148737.0000;DATA;1612715599.832236
/ndn/d2-site/d2/C2Data-1460-Type2;247501.0000;DATA;1612715600.310019
/ndn/d5-site/d5/C2Data-1823-Type1;217097.0000;DATA;1612715600.324404
/ndn/s4-site/s4/C2Data-2912-Type1;252672.0000;DATA;1612715602.966983
/ndn/h8-site/h8/C2Data-976-Type1;104949.0000;DATA;1612715603.440078
/ndn/h8-site/h8/C2Data-976-Type2;102767.0000;DATA;1612715603.953111
/ndn/v6-site/v6/C2Data-4364-Type1;48817.0000;DATA;1612715605.532660
/ndn/h8-site/h8/C2Data-201-Type4;101096.0000;DATA;1612715606.433778
/ndn/v9-site/v9/C2Data-4727-Type1;273101.0000;DATA;1612715606.744361
/ndn/d8-site/d8/C2Data-451-Type4;263188.0000;DATA;1612715612.524406
/ndn/s6-site/s6/C2Data-1590-Type3;295325.0000;DATA;1612715624.457413
/ndn/s1-site/s1/C2Data-1285-Type3;51920.0000;DATA;1612715625.347727
/ndn/d7-site/d7/C2Data-426-Type4;176363.0000;DATA;1612715626.002641
/ndn/v6-site/v6/C2Data-651-Type4;100665.0000;DATA;1612715628.240606
/ndn/s9-site/s9/C2Data-1773-Type3;46858.0000;DATA;1612715628.872953
/ndn/d7-site/d7/C2Data-2066-Type2;201010.0000;DATA;1612715629.064452
/ndn/v5-site/v5/C2Data-4244-Type2;25667.0000;DATA;1612715629.612167
/ndn/h0-site/h0/C2Data-9-Type2;249468.0000;DATA;1612715630.428575
/ndn/h7-site/h7/C2Data-856-Type2;125703.0000;DATA;1612715631.699596
/ndn/s9-site/s9/C2Data-3518-Type2;27173.0000;DATA;1612715632.242037
/ndn/s7-site/s7/C2Data-3276-Type1;172092.0000;DATA;1612715633.589878
/ndn/h3-site/h3/C2Data-372-Type1;102096.0000;DATA;1612715633.723786
/ndn/h8-site/h8/C2Data-977-Type2;111621.0000;DATA;1612715634.121967
/ndn/s4-site/s4/C2Data-1468-Type3;211714.0000;DATA;1612715634.035357
/ndn/h5-site/h5/C2Data-126-Type4;137082.0000;DATA;1612715634.973887
/ndn/h6-site/h6/C2Data-370-Type3;125501.0000;DATA;1612715635.336021
/ndn/v8-site/v8/C2Data-2322-Type3;148395.0000;DATA;1612715635.390531
/ndn/h4-site/h4/C2Data-248-Type3;74202.0000;DATA;1612715636.839532
/ndn/s5-site/s5/C2Data-3034-Type1;131447.0000;DATA;1612715637.168352
/ndn/h6-site/h6/C2Data-78-Type5;120378.0000;DATA;1612715637.730774
/ndn/s7-site/s7/C2Data-1651-Type3;29014.0000;DATA;1612715638.778140
/ndn/h7-site/h7/C2Data-856-Type1;119759.0000;DATA;1612715638.960694
/ndn/h6-site/h6/C2Data-151-Type4;40161.0000;DATA;1612715640.575257
/ndn/d1-site/d1/C2Data-276-Type4;45322.0000;DATA;1612715652.163682
/ndn/s9-site/s9/C2Data-3519-Type1;24968.0000;DATA;1612715659.601576
/ndn/v1-site/v1/C2Data-3761-Type2;182812.0000;DATA;1612715659.869032
/ndn/s7-site/s7/C2Data-3277-Type2;610472.0000;DATA;1612715660.722732
/ndn/v6-site/v6/C2Data-4366-Type2;75592.0000;DATA;1612715661.354541
/ndn/d5-site/d5/C2Data-376-Type4;24722.0000;DATA;1612715662.145866
/ndn/v5-site/v5/C2Data-4245-Type1;27894.0000;DATA;1612715662.752151
/ndn/h3-site/h3/C2Data-373-Type2;101064.0000;DATA;1612715666.598095
/ndn/s4-site/s4/C2Data-2914-Type1;66861.0000;DATA;1612715666.916952
/ndn/s0-site/s0/C2Data-2430-Type1;28315.0000;DATA;1612715667.640764
/ndn/v3-site/v3/C2Data-4003-Type2;350789.0000;DATA;1612715669.886908
/ndn/h8-site/h8/C2Data-978-Type2;96095.0000;DATA;1612715670.297211
/ndn/s2-site/s2/C2Data-2672-Type2;24505.0000;DATA;1612715670.394173
/ndn/s6-site/s6/C2Data-3156-Type2;269266.0000;DATA;1612715670.380392
/ndn/d6-site/d6/C2Data-981-Type3;103065.0000;DATA;1612715685.546491
/ndn/s5-site/s5/C2Data-1530-Type3;149835.0000;DATA;1612715687.241641
/ndn/v2-site/v2/C2Data-3883-Type2;182693.0000;DATA;1612715688.864567
/ndn/h8-site/h8/C2Data-979-Type2;104009.0000;DATA;1612715689.273936
/ndn/v2-site/v2/C2Data-3883-Type1;170712.0000;DATA;1612715689.801219
/ndn/h1-site/h1/C2Data-132-Type2;153734.0000;DATA;1612715689.837435
/ndn/h1-site/h1/C2Data-66-Type3;175751.0000;DATA;1612715690.179267
/ndn/s2-site/s2/C2Data-2673-Type2;155014.0000;DATA;1612715690.729372
/ndn/v6-site/v6/C2Data-338-Type5;62487.0000;DATA;1612715690.949189
/ndn/d3-site/d3/C2Data-798-Type3;26645.0000;DATA;1612715693.405626
/ndn/s7-site/s7/C2Data-1652-Type3;136170.0000;DATA;1612715694.313429
/ndn/s8-site/s8/C2Data-1713-Type3;113721.0000;DATA;1612715694.924707
/ndn/s9-site/s9/C2Data-3520-Type1;35203.0000;DATA;1612715696.858976
/ndn/d7-site/d7/C2Data-2068-Type1;187443.0000;DATA;1612715698.268671
/ndn/h6-site/h6/C2Data-737-Type1;131404.0000;DATA;1612715700.404518
/ndn/v9-site/v9/C2Data-2384-Type3;189580.0000;DATA;1612715701.418798
/ndn/s0-site/s0/C2Data-1225-Type3;53513.0000;DATA;1612715703.519667
/ndn/v0-site/v0/C2Data-1835-Type3;30295.0000;DATA;1612715705.087224
/ndn/h4-site/h4/C2Data-496-Type2;179897.0000;DATA;1612715720.468687
/ndn/d5-site/d5/C2Data-1827-Type1;288074.0000;DATA;1612715720.640404
/ndn/s5-site/s5/C2Data-3037-Type2;127940.0000;DATA;1612715723.056773
/ndn/h3-site/h3/C2Data-375-Type2;52787.0000;DATA;1612715724.163684
/ndn/d4-site/d4/C2Data-1706-Type2;173709.0000;DATA;1612715727.164068
/ndn/v8-site/v8/C2Data-4610-Type1;156102.0000;DATA;1612715727.307634
/ndn/d0-site/d0/C2Data-1222-Type1;74361.0000;DATA;1612715729.176992
/ndn/s7-site/s7/C2Data-3279-Type2;6009733.0000;TIMEOUT;1612715725.384594
/ndn/s6-site/s6/C2Data-3158-Type1;6002151.0000;TIMEOUT;1612715728.003616
/ndn/d0-site/d0/C2Data-616-Type3;78496.0000;DATA;1612715742.648692
/ndn/d5-site/d5/C2Data-921-Type3;271580.0000;DATA;1612715743.534825
/ndn/v2-site/v2/C2Data-1958-Type3;98377.0000;DATA;1612715745.296384
/ndn/d4-site/d4/C2Data-1707-Type1;191244.0000;DATA;1612715748.885012
/ndn/v6-site/v6/C2Data-4369-Type2;76944.0000;DATA;1612715750.047593
/ndn/s9-site/s9/C2Data-1775-Type3;6000525.0000;TIMEOUT;1612715744.527809
/ndn/d2-site/d2/C2Data-1465-Type1;157554.0000;DATA;1612715752.781876
/ndn/d4-site/d4/C2Data-352-Type4;193616.0000;DATA;1612715755.058706
/ndn/h9-site/h9/C2Data-227-Type4;194944.0000;DATA;1612715755.445882
/ndn/v8-site/v8/C2Data-2324-Type3;24117.0000;DATA;1612715756.870629
/ndn/v1-site/v1/C2Data-3764-Type2;148161.0000;DATA;1612715758.122340
/ndn/v9-site/v9/C2Data-4732-Type1;244072.0000;DATA;1612715758.251622
/ndn/d3-site/d3/C2Data-799-Type3;34549.0000;DATA;1612715758.917477
/ndn/v6-site/v6/C2Data-2202-Type3;28200.0000;DATA;1612715759.441882
/ndn/s3-site/s3/C2Data-2796-Type1;6003863.0000;TIMEOUT;1612715753.559471
/ndn/h6-site/h6/C2Data-152-Type4;126097.0000;DATA;1612715760.309796
/ndn/s1-site/s1/C2Data-2554-Type1;6001766.0000;TIMEOUT;1612715756.913583
/ndn/v0-site/v0/C2Data-1836-Type3;24386.0000;DATA;1612715763.904842
/ndn/d6-site/d6/C2Data-982-Type3;25552.0000;DATA;1612715764.500589
/ndn/h1-site/h1/C2Data-67-Type3;24863.0000;DATA;1612715765.159130
/ndn/h2-site/h2/C2Data-52-Type4;123388.0000;DATA;1612715769.521670
/ndn/s1-site/s1/C2Data-1287-Type3;6000909.0000;TIMEOUT;1612715765.163289
/ndn/v7-site/v7/C2Data-677-Type4;171989.0000;DATA;1612715779.774727
/ndn/d4-site/d4/C2Data-1708-Type2;189901.0000;DATA;1612715783.987797
/ndn/v0-site/v0/C2Data-3644-Type2;125904.0000;DATA;1612715788.383762
/ndn/s0-site/s0/C2Data-2434-Type2;6001478.0000;TIMEOUT;1612715783.189546
/ndn/d3-site/d3/C2Data-1587-Type1;37076.0000;DATA;1612715789.937589
/ndn/s8-site/s8/C2Data-3402-Type2;6001773.0000;TIMEOUT;1612715785.408335
/ndn/s8-site/s8/C2Data-3402-Type1;6002964.0000;TIMEOUT;1612715785.972997
/ndn/d6-site/d6/C2Data-402-Type4;267806.0000;DATA;1612715796.361302
/ndn/v2-site/v2/C2Data-552-Type4;364333.0000;DATA;1612715799.256185
/ndn/d2-site/d2/C2Data-302-Type4;33511.0000;DATA;1612715803.557000
/ndn/d1-site/d1/C2Data-678-Type3;140720.0000;DATA;1612715806.231017
/ndn/d0-site/d0/C2Data-617-Type3;102605.0000;DATA;1612715806.632714
/ndn/v0-site/v0/C2Data-502-Type4;82759.0000;DATA;1612715809.173940
/ndn/s9-site/s9/C2Data-1776-Type3;6001815.0000;TIMEOUT;1612715803.553184
/ndn/v3-site/v3/C2Data-4008-Type1;144220.0000;DATA;1612715811.273793
/ndn/d3-site/d3/C2Data-327-Type4;25238.0000;DATA;1612715811.747778
/ndn/h7-site/h7/C2Data-177-Type4;24306.0000;DATA;1612715812.625336
/ndn/h6-site/h6/C2Data-373-Type3;138223.0000;DATA;1612715812.657531
/ndn/d3-site/d3/C2Data-800-Type3;24930.0000;DATA;1612715814.593935
/ndn/v0-site/v0/C2Data-3645-Type1;176547.0000;DATA;1612715817.421530
/ndn/h1-site/h1/C2Data-68-Type3;163683.0000;DATA;1612715821.069177
/ndn/v8-site/v8/C2Data-2325-Type3;36803.0000;DATA;1612715821.776870
/ndn/s0-site/s0/C2Data-2435-Type1;6000620.0000;TIMEOUT;1612715816.169604
/ndn/s3-site/s3/C2Data-2798-Type1;6002094.0000;TIMEOUT;1612715817.616639
/ndn/s4-site/s4/C2Data-1471-Type3;6001206.0000;TIMEOUT;1612715823.496572
/ndn/d2-site/d2/C2Data-1468-Type2;247377.0000;DATA;1612715839.640744
/ndn/d4-site/d4/C2Data-1710-Type1;26365.0000;DATA;1612715842.145274
/ndn/s2-site/s2/C2Data-2678-Type2;6001195.0000;TIMEOUT;1612715838.706646
/ndn/s3-site/s3/C2Data-2799-Type1;6001088.0000;TIMEOUT;1612715839.314662
/ndn/d6-site/d6/C2Data-1952-Type2;100692.0000;DATA;1612715846.159411
/ndn/d7-site/d7/C2Data-2073-Type2;50888.0000;DATA;1612715846.683612
/ndn/d1-site/d1/C2Data-1347-Type2;26728.0000;DATA;1612715847.408558
/ndn/s9-site/s9/C2Data-3525-Type1;6000824.0000;TIMEOUT;1612715843.273670
/ndn/s4-site/s4/C2Data-2920-Type2;6001511.0000;TIMEOUT;1612715843.364686
/ndn/d0-site/d0/C2Data-1226-Type1;84189.0000;DATA;1612715849.374785
/ndn/s6-site/s6/C2Data-3162-Type2;6002258.0000;TIMEOUT;1612715846.613621
/ndn/s5-site/s5/C2Data-3041-Type1;6010218.0000;TIMEOUT;1612715847.577694
/ndn/v7-site/v7/C2Data-2265-Type3;28520.0000;DATA;1612715868.175130
/ndn/s6-site/s6/C2Data-1594-Type3;6000367.0000;TIMEOUT;1612715863.622290
/ndn/d0-site/d0/C2Data-1227-Type1;75628.0000;DATA;1612715872.349818
/ndn/s7-site/s7/C2Data-1655-Type3;6000545.0000;TIMEOUT;1612715866.658868
/ndn/s9-site/s9/C2Data-1777-Type3;6094984.0000;TIMEOUT;1612715866.861562
/ndn/d6-site/d6/C2Data-1953-Type2;601098.0000;DATA;1612715872.464319
/ndn/v5-site/v5/C2Data-4252-Type2;37998.0000;DATA;1612715873.772460
/ndn/s2-site/s2/C2Data-2679-Type1;6000711.0000;TIMEOUT;1612715870.189303
/ndn/d0-site/d0/C2Data-618-Type3;84635.0000;DATA;1612715876.668290
/ndn/s8-site/s8/C2Data-3405-Type2;6001006.0000;TIMEOUT;1612715871.886673
/ndn/d6-site/d6/C2Data-984-Type3;25537.0000;DATA;1612715878.368716
/ndn/h3-site/h3/C2Data-380-Type1;100723.0000;DATA;1612715879.010940
/ndn/v0-site/v0/C2Data-1838-Type3;25022.0000;DATA;1612715879.511093
/ndn/s0-site/s0/C2Data-1228-Type3;6001849.0000;TIMEOUT;1612715873.659022
/ndn/h7-site/h7/C2Data-92-Type5;132437.0000;DATA;1612715880.934441
/ndn/s8-site/s8/C2Data-1716-Type3;6004801.0000;TIMEOUT;1612715879.789112
/ndn/d5-site/d5/C2Data-923-Type3;27415.0000;DATA;1612715885.807756
/ndn/s2-site/s2/C2Data-1350-Type3;6000766.0000;TIMEOUT;1612715880.139341
/ndn/s3-site/s3/C2Data-1411-Type3;6000346.0000;TIMEOUT;1612715884.904779
/ndn/v7-site/v7/C2Data-189-Type6;25937.0000;DATA;1612715891.669571
/ndn/v8-site/v8/C2Data-4616-Type2;149974.0000;DATA;1612715901.028688
/ndn/d3-site/d3/C2Data-91-Type6;32481.0000;DATA;1612715902.664761
/ndn/s6-site/s6/C2Data-3164-Type1;6002944.0000;TIMEOUT;1612715906.111823
/ndn/v3-site/v3/C2Data-578-Type4;401492.0000;DATA;1612715912.868558
/ndn/s3-site/s3/C2Data-2801-Type1;6008853.0000;TIMEOUT;1612715907.735778
/ndn/d2-site/d2/C2Data-303-Type4;410633.0000;DATA;1612715913.402039
/ndn/s0-site/s0/C2Data-2438-Type1;6000960.0000;TIMEOUT;1612715909.259611
/ndn/v1-site/v1/C2Data-274-Type5;88656.0000;DATA;1612715919.957227
/ndn/v2-site/v2/C2Data-1961-Type3;179702.0000;DATA;1612715923.025877
/ndn/h4-site/h4/C2Data-503-Type2;174928.0000;DATA;1612715928.777417
/ndn/v1-site/v1/C2Data-1900-Type3;151509.0000;DATA;1612715929.292703
/ndn/d4-site/d4/C2Data-98-Type6;27315.0000;DATA;1612715930.243669
/ndn/v7-site/v7/C2Data-2266-Type3;221151.0000;DATA;1612715930.148702
/ndn/d1-site/d1/C2Data-680-Type3;154470.0000;DATA;1612715930.919258
/ndn/d6-site/d6/C2Data-403-Type4;96762.0000;DATA;1612715931.911951
/ndn/h9-site/h9/C2Data-1108-Type1;28624.0000;DATA;1612715932.029023
/ndn/h5-site/h5/C2Data-66-Type5;122748.0000;DATA;1612715933.450443
/ndn/d5-site/d5/C2Data-1834-Type1;287827.0000;DATA;1612715933.730645
