/ndn/s6-site/s6/C2Data-3146-Type2;111477.0000;DATA;1612717857.439951
/ndn/v8-site/v8/C2Data-4598-Type1;25667.0000;DATA;1612717857.730772
/ndn/d9-site/d9/C2Data-2299-Type2;163486.0000;DATA;1612717860.036960
/ndn/d0-site/d0/C2Data-1210-Type2;175118.0000;DATA;1612717860.690151
/ndn/d8-site/d8/C2Data-2178-Type2;150408.0000;DATA;1612717861.106963
/ndn/v8-site/v8/C2Data-4598-Type2;1018.0000;DATA;1612717864.004403
/ndn/s9-site/s9/C2Data-3509-Type1;82765.0000;DATA;1612717864.479304
/ndn/h9-site/h9/C2Data-1089-Type2;176873.0000;DATA;1612717865.646862
/ndn/d8-site/d8/C2Data-2178-Type1;25061.0000;DATA;1612717866.031654
/ndn/h8-site/h8/C2Data-968-Type2;26072.0000;DATA;1612717866.170514
/ndn/h2-site/h2/C2Data-242-Type2;1756.0000;DATA;1612717866.919963
/ndn/v8-site/v8/C2Data-2318-Type3;30314.0000;DATA;1612717881.478896
/ndn/h6-site/h6/C2Data-366-Type3;27630.0000;DATA;1612717886.542863
/ndn/s7-site/s7/C2Data-3268-Type1;75547.0000;DATA;1612717887.986997
/ndn/h3-site/h3/C2Data-364-Type1;78589.0000;DATA;1612717890.757766
/ndn/d7-site/d7/C2Data-2058-Type2;156317.0000;DATA;1612717890.792667
/ndn/v8-site/v8/C2Data-4599-Type2;29246.0000;DATA;1612717891.635633
/ndn/h3-site/h3/C2Data-364-Type2;75794.0000;DATA;1612717891.928052
/ndn/d0-site/d0/C2Data-1211-Type1;90788.0000;DATA;1612717892.731057
/ndn/s6-site/s6/C2Data-3147-Type1;588771.0000;DATA;1612717893.638945
/ndn/h9-site/h9/C2Data-549-Type3;657427.0000;DATA;1612717893.588915
/ndn/s1-site/s1/C2Data-2542-Type2;125672.0000;DATA;1612717894.401446
/ndn/s8-site/s8/C2Data-3389-Type2;107376.0000;DATA;1612717895.878052
/ndn/h0-site/h0/C2Data-1-Type2;120823.0000;DATA;1612717895.901745
/ndn/d3-site/d3/C2Data-793-Type3;97911.0000;DATA;1612717895.969055
/ndn/s6-site/s6/C2Data-3147-Type2;27345.0000;DATA;1612717896.349271
/ndn/d0-site/d0/C2Data-610-Type3;123049.0000;DATA;1612717896.963075
/ndn/d4-site/d4/C2Data-854-Type3;1135.0000;DATA;1612717900.090754
/ndn/s3-site/s3/C2Data-1403-Type3;46704.0000;DATA;1612717900.674588
/ndn/d2-site/d2/C2Data-732-Type3;43905.0000;DATA;1612717903.579949
/ndn/d4-site/d4/C2Data-1696-Type2;61330.0000;DATA;1612717917.491122
/ndn/v1-site/v1/C2Data-3753-Type2;29513.0000;DATA;1612717917.802480
/ndn/h4-site/h4/C2Data-486-Type1;50486.0000;DATA;1612717918.861929
/ndn/d9-site/d9/C2Data-2301-Type1;157695.0000;DATA;1612717919.539447
/ndn/v3-site/v3/C2Data-3995-Type1;972.0000;DATA;1612717920.900246
/ndn/d9-site/d9/C2Data-2301-Type2;162459.0000;DATA;1612717924.966166
/ndn/v5-site/v5/C2Data-4237-Type1;167120.0000;DATA;1612717925.033081
/ndn/h2-site/h2/C2Data-244-Type1;103521.0000;DATA;1612717925.197045
/ndn/h0-site/h0/C2Data-2-Type2;24636.0000;DATA;1612717927.467924
/ndn/d0-site/d0/C2Data-1212-Type1;24819.0000;DATA;1612717928.512248
/ndn/h4-site/h4/C2Data-245-Type3;29498.0000;DATA;1612717942.767028
/ndn/d1-site/d1/C2Data-1334-Type2;152480.0000;DATA;1612717947.677245
/ndn/s7-site/s7/C2Data-3270-Type2;75349.0000;DATA;1612717948.102222
/ndn/d6-site/d6/C2Data-1939-Type2;126773.0000;DATA;1612717948.628043
/ndn/h3-site/h3/C2Data-184-Type3;1228.0000;DATA;1612717949.394614
/ndn/h7-site/h7/C2Data-850-Type2;25924.0000;DATA;1612717949.714971
/ndn/s4-site/s4/C2Data-1465-Type3;655466.0000;DATA;1612717949.875233
/ndn/s8-site/s8/C2Data-3391-Type1;84965.0000;DATA;1612717950.621579
/ndn/v0-site/v0/C2Data-1831-Type3;24992.0000;DATA;1612717954.769242
/ndn/v6-site/v6/C2Data-2197-Type3;3659.0000;DATA;1612717955.971662
/ndn/v2-site/v2/C2Data-3875-Type2;51751.0000;DATA;1612717956.191182
/ndn/s9-site/s9/C2Data-3512-Type1;164091.0000;DATA;1612717959.002438
/ndn/d2-site/d2/C2Data-733-Type3;4672.0000;DATA;1612717964.290494
/ndn/s1-site/s1/C2Data-1282-Type3;30107.0000;DATA;1612717965.067785
/ndn/d7-site/d7/C2Data-2061-Type1;191715.0000;DATA;1612717977.157019
/ndn/d2-site/d2/C2Data-1456-Type2;99333.0000;DATA;1612717979.312753
/ndn/h8-site/h8/C2Data-972-Type1;96485.0000;DATA;1612717979.536749
/ndn/s8-site/s8/C2Data-3392-Type1;74421.0000;DATA;1612717981.427353
/ndn/d4-site/d4/C2Data-1698-Type2;30371.0000;DATA;1612717982.160942
/ndn/v6-site/v6/C2Data-4360-Type1;107940.0000;DATA;1612717982.716465
/ndn/d7-site/d7/C2Data-2061-Type2;191309.0000;DATA;1612717983.281564
/ndn/d1-site/d1/C2Data-275-Type4;28009.0000;DATA;1612717983.969009
/ndn/v2-site/v2/C2Data-3876-Type2;75882.0000;DATA;1612717985.233098
/ndn/v0-site/v0/C2Data-500-Type4;1872.0000;DATA;1612718000.055789
/ndn/d0-site/d0/C2Data-250-Type4;24082.0000;DATA;1612718004.454166
/ndn/v8-site/v8/C2Data-2320-Type3;25653.0000;DATA;1612718006.094293
/ndn/v8-site/v8/C2Data-4603-Type1;26462.0000;DATA;1612718007.242204
/ndn/v1-site/v1/C2Data-1893-Type3;30146.0000;DATA;1612718013.098977
/ndn/d3-site/d3/C2Data-1578-Type1;148906.0000;DATA;1612718013.360983
/ndn/s3-site/s3/C2Data-2788-Type2;29213.0000;DATA;1612718014.264486
/ndn/h9-site/h9/C2Data-551-Type3;162495.0000;DATA;1612718014.912932
/ndn/h2-site/h2/C2Data-124-Type3;814.0000;DATA;1612718015.551983
/ndn/s6-site/s6/C2Data-3151-Type2;2283.0000;DATA;1612718015.944956
/ndn/d5-site/d5/C2Data-1820-Type2;24543.0000;DATA;1612718016.303623
/ndn/v5-site/v5/C2Data-4240-Type2;25139.0000;DATA;1612718016.504503
/ndn/s9-site/s9/C2Data-3514-Type1;146025.0000;DATA;1612718016.927139
/ndn/s2-site/s2/C2Data-2667-Type2;36261.0000;DATA;1612718017.204752
/ndn/s2-site/s2/C2Data-2667-Type1;50117.0000;DATA;1612718017.705676
/ndn/h3-site/h3/C2Data-185-Type3;3936.0000;DATA;1612718023.116029
/ndn/s8-site/s8/C2Data-1710-Type3;27502.0000;DATA;1612718022.679246
/ndn/v0-site/v0/C2Data-3636-Type2;24832.0000;DATA;1612718037.296527
/ndn/v8-site/v8/C2Data-4604-Type1;30035.0000;DATA;1612718037.425059
/ndn/s4-site/s4/C2Data-2910-Type1;409897.0000;DATA;1612718039.911651
/ndn/d8-site/d8/C2Data-2184-Type2;49825.0000;DATA;1612718040.334533
/ndn/s8-site/s8/C2Data-3394-Type2;97743.0000;DATA;1612718039.994390
/ndn/d1-site/d1/C2Data-1337-Type2;135017.0000;DATA;1612718041.057612
/ndn/v6-site/v6/C2Data-4362-Type2;1428.0000;DATA;1612718042.247938
/ndn/s1-site/s1/C2Data-2547-Type1;101808.0000;DATA;1612718044.959908
/ndn/s5-site/s5/C2Data-3031-Type2;31236.0000;DATA;1612718045.270472
/ndn/h5-site/h5/C2Data-612-Type1;24491.0000;DATA;1612718069.211978
/ndn/d2-site/d2/C2Data-735-Type3;29714.0000;DATA;1612718069.314129
/ndn/v3-site/v3/C2Data-2016-Type3;926.0000;DATA;1612718069.785519
/ndn/s9-site/s9/C2Data-1772-Type3;79064.0000;DATA;1612718070.978036
/ndn/v1-site/v1/C2Data-3758-Type1;24851.0000;DATA;1612718073.324527
/ndn/d8-site/d8/C2Data-1101-Type3;156083.0000;DATA;1612718074.106044
/ndn/d6-site/d6/C2Data-979-Type3;30729.0000;DATA;1612718080.260298
/ndn/v1-site/v1/C2Data-1894-Type3;28531.0000;DATA;1612718080.825171
/ndn/s5-site/s5/C2Data-1528-Type3;2295.0000;DATA;1612718081.778519
/ndn/d4-site/d4/C2Data-182-Type5;26009.0000;DATA;1612718087.986211
/ndn/d9-site/d9/C2Data-247-Type5;153798.0000;DATA;1612718092.921386
/ndn/v4-site/v4/C2Data-4122-Type2;169285.0000;DATA;1612718098.164185
/ndn/s4-site/s4/C2Data-2912-Type2;170982.0000;DATA;1612718101.319980
/ndn/d8-site/d8/C2Data-2186-Type1;79376.0000;DATA;1612718101.546168
/ndn/s6-site/s6/C2Data-3154-Type1;7549.0000;DATA;1612718101.908132
/ndn/s2-site/s2/C2Data-2670-Type1;58084.0000;DATA;1612718102.832442
/ndn/h3-site/h3/C2Data-371-Type2;90873.0000;DATA;1612718104.033121
/ndn/h8-site/h8/C2Data-104-Type5;25519.0000;DATA;1612718104.283254
/ndn/h7-site/h7/C2Data-855-Type2;26411.0000;DATA;1612718106.528996
/ndn/d5-site/d5/C2Data-1823-Type1;162544.0000;DATA;1612718107.007964
/ndn/h4-site/h4/C2Data-492-Type2;25720.0000;DATA;1612718107.149104
/ndn/v0-site/v0/C2Data-3638-Type2;1745.0000;DATA;1612718108.812538
/ndn/d0-site/d0/C2Data-251-Type4;182199.0000;DATA;1612718116.119030
/ndn/h2-site/h2/C2Data-126-Type3;109423.0000;DATA;1612718121.720087
/ndn/v0-site/v0/C2Data-1834-Type3;4807.0000;DATA;1612718122.231541
/ndn/h7-site/h7/C2Data-431-Type3;26146.0000;DATA;1612718124.383395
/ndn/v6-site/v6/C2Data-4365-Type2;99795.0000;DATA;1612718127.703924
/ndn/v1-site/v1/C2Data-273-Type5;26135.0000;DATA;1612718127.846710
/ndn/s2-site/s2/C2Data-1346-Type3;56260.0000;DATA;1612718128.470127
/ndn/d2-site/d2/C2Data-1461-Type2;104223.0000;DATA;1612718128.973797
/ndn/v9-site/v9/C2Data-377-Type5;24946.0000;DATA;1612718130.096810
/ndn/v2-site/v2/C2Data-3881-Type1;148129.0000;DATA;1612718132.413766
/ndn/h3-site/h3/C2Data-372-Type2;80305.0000;DATA;1612718133.294282
/ndn/h2-site/h2/C2Data-251-Type1;113391.0000;DATA;1612718134.822829
/ndn/h5-site/h5/C2Data-614-Type2;49971.0000;DATA;1612718135.215129
/ndn/s7-site/s7/C2Data-3276-Type2;27360.0000;DATA;1612718135.661135
/ndn/d5-site/d5/C2Data-919-Type3;154856.0000;DATA;1612718137.935125
/ndn/v5-site/v5/C2Data-325-Type5;75793.0000;DATA;1612718138.261410
/ndn/v3-site/v3/C2Data-2017-Type3;426039.0000;DATA;1612718138.926879
/ndn/s4-site/s4/C2Data-1468-Type3;78726.0000;DATA;1612718139.756905
/ndn/h6-site/h6/C2Data-151-Type4;25548.0000;DATA;1612718140.017849
/ndn/d4-site/d4/C2Data-858-Type3;29043.0000;DATA;1612718142.381443
/ndn/s8-site/s8/C2Data-1712-Type3;874.0000;DATA;1612718143.128551
/ndn/s1-site/s1/C2Data-1285-Type3;25068.0000;DATA;1612718143.696510
/ndn/v0-site/v0/C2Data-501-Type4;2360.0000;DATA;1612718147.886273
/ndn/d8-site/d8/C2Data-234-Type5;33449.0000;DATA;1612718150.067416
/ndn/h7-site/h7/C2Data-176-Type4;25421.0000;DATA;1612718155.881605
/ndn/h9-site/h9/C2Data-226-Type4;173118.0000;DATA;1612718155.835193
/ndn/d0-site/d0/C2Data-1220-Type1;126050.0000;DATA;1612718157.682106
/ndn/h3-site/h3/C2Data-76-Type4;4524.0000;DATA;1612718159.525901
/ndn/s5-site/s5/C2Data-3035-Type2;107508.0000;DATA;1612718159.875731
/ndn/v7-site/v7/C2Data-4487-Type2;85390.0000;DATA;1612718160.180542
/ndn/v5-site/v5/C2Data-4245-Type2;24752.0000;DATA;1612718160.640676
/ndn/h2-site/h2/C2Data-51-Type4;24310.0000;DATA;1612718161.908078
/ndn/d7-site/d7/C2Data-2067-Type1;149503.0000;DATA;1612718162.669112
/ndn/d2-site/d2/C2Data-1462-Type2;122517.0000;DATA;1612718165.660239
/ndn/h4-site/h4/C2Data-494-Type1;51137.0000;DATA;1612718167.550558
/ndn/v8-site/v8/C2Data-4608-Type1;35172.0000;DATA;1612718168.788018
/ndn/v9-site/v9/C2Data-2384-Type3;30264.0000;DATA;1612718182.979886
/ndn/d7-site/d7/C2Data-1042-Type3;143235.0000;DATA;1612718187.439627
/ndn/d3-site/d3/C2Data-1584-Type2;158435.0000;DATA;1612718187.546494
/ndn/h3-site/h3/C2Data-188-Type3;72497.0000;DATA;1612718188.066016
/ndn/h7-site/h7/C2Data-858-Type1;73223.0000;DATA;1612718188.241095
/ndn/h2-site/h2/C2Data-253-Type1;100545.0000;DATA;1612718188.888418
/ndn/d7-site/d7/C2Data-221-Type5;25222.0000;DATA;1612718189.238733
/ndn/s5-site/s5/C2Data-3036-Type2;1008.0000;DATA;1612718194.760216
/ndn/h5-site/h5/C2Data-310-Type3;47152.0000;DATA;1612718194.830135
/ndn/v1-site/v1/C2Data-3762-Type2;23990.0000;DATA;1612718195.984937
/ndn/d5-site/d5/C2Data-1826-Type2;30103.0000;DATA;1612718196.567205
/ndn/s7-site/s7/C2Data-1652-Type3;26633.0000;DATA;1612718196.787411
/ndn/d6-site/d6/C2Data-1947-Type2;25326.0000;DATA;1612718198.937168
/ndn/s5-site/s5/C2Data-1530-Type3;1971.0000;DATA;1612718201.839236
/ndn/v6-site/v6/C2Data-2201-Type3;2648.0000;DATA;1612718204.671194
/ndn/s1-site/s1/C2Data-2553-Type2;196405.0000;DATA;1612718224.972438
/ndn/s9-site/s9/C2Data-3521-Type1;6015301.0000;TIMEOUT;1612718219.594698
/ndn/v3-site/v3/C2Data-4005-Type1;142328.0000;DATA;1612718226.600796
/ndn/d0-site/d0/C2Data-1222-Type2;40595.0000;DATA;1612718228.715622
/ndn/s9-site/s9/C2Data-3521-Type2;6003836.0000;TIMEOUT;1612718224.459234
/ndn/s8-site/s8/C2Data-3400-Type1;6025724.0000;TIMEOUT;1612718224.589611
/ndn/h6-site/h6/C2Data-372-Type3;34331.0000;DATA;1612718244.077349
/ndn/h5-site/h5/C2Data-311-Type3;65934.0000;DATA;1612718245.924280
/ndn/d3-site/d3/C2Data-799-Type3;79016.0000;DATA;1612718246.435375
/ndn/d7-site/d7/C2Data-2070-Type2;199931.0000;DATA;1612718248.869328
/ndn/v7-site/v7/C2Data-4490-Type1;108611.0000;DATA;1612718249.296003
/ndn/s8-site/s8/C2Data-1714-Type3;6001350.0000;TIMEOUT;1612718245.931285
/ndn/d3-site/d3/C2Data-1586-Type2;147743.0000;DATA;1612718253.215690
/ndn/s3-site/s3/C2Data-1409-Type3;6233441.0000;TIMEOUT;1612718247.916210
/ndn/v7-site/v7/C2Data-2263-Type3;952.0000;DATA;1612718254.529922
/ndn/s0-site/s0/C2Data-1226-Type3;1146.0000;DATA;1612718254.578134
/ndn/s3-site/s3/C2Data-2796-Type2;6000704.0000;TIMEOUT;1612718250.664161
/ndn/v6-site/v6/C2Data-4369-Type2;72754.0000;DATA;1612718257.692237
/ndn/v1-site/v1/C2Data-1897-Type3;27654.0000;DATA;1612718258.618058
/ndn/v6-site/v6/C2Data-2202-Type3;1238.0000;DATA;1612718258.990058
/ndn/d5-site/d5/C2Data-377-Type4;153706.0000;DATA;1612718259.295890
/ndn/h7-site/h7/C2Data-177-Type4;95521.0000;DATA;1612718259.432087
/ndn/h4-site/h4/C2Data-250-Type3;27888.0000;DATA;1612718259.912080
/ndn/h8-site/h8/C2Data-494-Type3;48778.0000;DATA;1612718262.176053
/ndn/h9-site/h9/C2Data-227-Type4;132734.0000;DATA;1612718263.436443
/ndn/v9-site/v9/C2Data-727-Type4;127014.0000;DATA;1612718263.848566
/ndn/h2-site/h2/C2Data-128-Type3;1722.0000;DATA;1612718264.486113
/ndn/d1-site/d1/C2Data-277-Type4;263579.0000;DATA;1612718266.152861
/ndn/d4-site/d4/C2Data-352-Type4;25907.0000;DATA;1612718267.774930
/ndn/v1-site/v1/C2Data-3765-Type1;26861.0000;DATA;1612718277.378983
/ndn/v8-site/v8/C2Data-4612-Type1;28895.0000;DATA;1612718278.659869
/ndn/h3-site/h3/C2Data-377-Type2;82549.0000;DATA;1612718279.734881
/ndn/v0-site/v0/C2Data-3644-Type2;28157.0000;DATA;1612718281.822165
/ndn/d3-site/d3/C2Data-327-Type4;148844.0000;DATA;1612718281.769717
/ndn/d1-site/d1/C2Data-1345-Type1;26887.0000;DATA;1612718281.911642
/ndn/h2-site/h2/C2Data-256-Type2;109419.0000;DATA;1612718282.052706
/ndn/h3-site/h3/C2Data-377-Type1;84257.0000;DATA;1612718283.135537
/ndn/v5-site/v5/C2Data-4249-Type2;146022.0000;DATA;1612718284.621960
/ndn/s5-site/s5/C2Data-3039-Type2;6000397.0000;TIMEOUT;1612718280.141661
/ndn/d0-site/d0/C2Data-1224-Type2;144128.0000;DATA;1612718286.567909
/ndn/d5-site/d5/C2Data-922-Type3;242369.0000;DATA;1612718301.463105
/ndn/v3-site/v3/C2Data-577-Type4;145674.0000;DATA;1612718304.321335
/ndn/v1-site/v1/C2Data-1898-Type3;24563.0000;DATA;1612718306.849770
/ndn/v5-site/v5/C2Data-4250-Type1;188775.0000;DATA;1612718309.835738
/ndn/v6-site/v6/C2Data-2203-Type3;71717.0000;DATA;1612718311.772795
/ndn/h9-site/h9/C2Data-556-Type3;117044.0000;DATA;1612718312.311579
/ndn/h7-site/h7/C2Data-434-Type3;73415.0000;DATA;1612718312.489997
/ndn/h9-site/h9/C2Data-1104-Type1;173909.0000;DATA;1612718313.395532
/ndn/h3-site/h3/C2Data-378-Type1;73044.0000;DATA;1612718314.048035
/ndn/h5-site/h5/C2Data-620-Type1;48648.0000;DATA;1612718315.158347
/ndn/v0-site/v0/C2Data-3645-Type1;25083.0000;DATA;1612718315.627094
/ndn/h2-site/h2/C2Data-257-Type1;97421.0000;DATA;1612718316.212671
/ndn/v8-site/v8/C2Data-4613-Type2;860.0000;DATA;1612718317.405156
/ndn/v4-site/v4/C2Data-2081-Type3;188602.0000;DATA;1612718318.277568
/ndn/v3-site/v3/C2Data-2020-Type3;1022.0000;DATA;1612718324.968052
/ndn/d0-site/d0/C2Data-70-Type6;200773.0000;DATA;1612718329.964346
/ndn/d0-site/d0/C2Data-1226-Type2;128063.0000;DATA;1612718338.395046
/ndn/d3-site/d3/C2Data-1589-Type1;25910.0000;DATA;1612718340.380019
/ndn/d7-site/d7/C2Data-2073-Type1;40027.0000;DATA;1612718340.511122
/ndn/d9-site/d9/C2Data-2315-Type2;27600.0000;DATA;1612718340.917977
/ndn/s9-site/s9/C2Data-3525-Type1;6000702.0000;TIMEOUT;1612718337.518080
/ndn/h0-site/h0/C2Data-16-Type2;27033.0000;DATA;1612718343.504282
/ndn/s0-site/s0/C2Data-2436-Type2;6001395.0000;TIMEOUT;1612718337.944114
/ndn/v7-site/v7/C2Data-4493-Type1;89541.0000;DATA;1612718345.122225
/ndn/d8-site/d8/C2Data-2194-Type1;161844.0000;DATA;1612718345.344345
/ndn/s6-site/s6/C2Data-3162-Type1;6002380.0000;TIMEOUT;1612718341.063170
/ndn/s1-site/s1/C2Data-2557-Type1;6002167.0000;TIMEOUT;1612718347.619745
/ndn/v0-site/v0/C2Data-1838-Type3;26477.0000;DATA;1612718363.269654
/ndn/h0-site/h0/C2Data-0-Type6;3072.0000;DATA;1612718365.315727
/ndn/d7-site/d7/C2Data-1045-Type3;34172.0000;DATA;1612718366.400915
/ndn/v1-site/v1/C2Data-3768-Type1;25676.0000;DATA;1612718369.246696
/ndn/d3-site/d3/C2Data-1590-Type2;177036.0000;DATA;1612718369.182128
/ndn/v7-site/v7/C2Data-4494-Type1;75750.0000;DATA;1612718371.035221
/ndn/d7-site/d7/C2Data-2074-Type1;147681.0000;DATA;1612718371.978019
/ndn/s7-site/s7/C2Data-3284-Type2;6000612.0000;TIMEOUT;1612718367.837117
/ndn/s6-site/s6/C2Data-3163-Type2;6003635.0000;TIMEOUT;1612718368.062325
/ndn/h9-site/h9/C2Data-1106-Type1;172239.0000;DATA;1612718374.507098
/ndn/h4-site/h4/C2Data-501-Type2;47343.0000;DATA;1612718375.410763
/ndn/d8-site/d8/C2Data-1106-Type3;34065.0000;DATA;1612718376.207610
/ndn/s3-site/s3/C2Data-1411-Type3;6002230.0000;TIMEOUT;1612718371.039138
/ndn/v2-site/v2/C2Data-1960-Type3;28008.0000;DATA;1612718377.270897
/ndn/d5-site/d5/C2Data-1832-Type1;467046.0000;DATA;1612718377.609913
/ndn/h5-site/h5/C2Data-313-Type3;24723.0000;DATA;1612718378.161942
/ndn/s0-site/s0/C2Data-2437-Type2;6000689.0000;TIMEOUT;1612718372.707202
/ndn/s2-site/s2/C2Data-2679-Type2;6000727.0000;TIMEOUT;1612718374.462630
/ndn/h7-site/h7/C2Data-92-Type5;36677.0000;DATA;1612718381.358678
/ndn/v4-site/v4/C2Data-313-Type5;169360.0000;DATA;1612718383.699102
/ndn/d4-site/d4/C2Data-183-Type5;1248.0000;DATA;1612718391.990333
/ndn/h6-site/h6/C2Data-744-Type1;108458.0000;DATA;1612718398.025088
/ndn/d5-site/d5/C2Data-196-Type5;161176.0000;DATA;1612718399.207196
/ndn/d4-site/d4/C2Data-1712-Type2;56680.0000;DATA;1612718399.988085
/ndn/v0-site/v0/C2Data-3648-Type2;3203.0000;DATA;1612718401.294035
/ndn/h2-site/h2/C2Data-260-Type1;117374.0000;DATA;1612718403.928703
/ndn/v3-site/v3/C2Data-4011-Type1;123464.0000;DATA;1612718404.693257
/ndn/s2-site/s2/C2Data-2680-Type1;6000396.0000;TIMEOUT;1612718399.952131
/ndn/v6-site/v6/C2Data-4374-Type2;80361.0000;DATA;1612718406.077991
/ndn/v4-site/v4/C2Data-603-Type4;187593.0000;DATA;1612718406.324585
/ndn/h4-site/h4/C2Data-502-Type1;28205.0000;DATA;1612718406.632973
/ndn/v6-site/v6/C2Data-339-Type5;24137.0000;DATA;1612718408.765903
/ndn/s0-site/s0/C2Data-2438-Type2;6001420.0000;TIMEOUT;1612718402.808247
/ndn/h8-site/h8/C2Data-203-Type4;349872.0000;DATA;1612718413.645034
/ndn/v7-site/v7/C2Data-678-Type4;123014.0000;DATA;1612718416.771102
/ndn/v0-site/v0/C2Data-503-Type4;25317.0000;DATA;1612718420.990974
/ndn/d6-site/d6/C2Data-985-Type3;28330.0000;DATA;1612718422.647020
/ndn/v1-site/v1/C2Data-528-Type4;33099.0000;DATA;1612718424.047306
/ndn/d5-site/d5/C2Data-924-Type3;52000.0000;DATA;1612718425.206934
/ndn/d8-site/d8/C2Data-1107-Type3;24350.0000;DATA;1612718426.613254
/ndn/v5-site/v5/C2Data-4254-Type1;186781.0000;DATA;1612718427.250030
/ndn/v9-site/v9/C2Data-378-Type5;26552.0000;DATA;1612718428.009327
/ndn/d0-site/d0/C2Data-1229-Type1;125205.0000;DATA;1612718428.758663
/ndn/v2-site/v2/C2Data-3891-Type2;25658.0000;DATA;1612718430.747298
/ndn/h6-site/h6/C2Data-745-Type2;61255.0000;DATA;1612718431.490167
/ndn/h6-site/h6/C2Data-375-Type3;29990.0000;DATA;1612718432.089205
/ndn/d2-site/d2/C2Data-157-Type5;25632.0000;DATA;1612718432.619960
/ndn/d7-site/d7/C2Data-1046-Type3;76433.0000;DATA;1612718433.000766
