/ndn/d8-site/d8/C2Data-2783-Type1;191363.0000;DATA;1611605674.226182
/ndn/s6-site/s6/C2Data-4356-Type2;191484.0000;DATA;1611605681.426070
/ndn/v10-site/v10/C2Data-6655-Type2;568.0000;NACK;1611605681.824026
/ndn/h4-site/h4/C2Data-484-Type2;23683.0000;DATA;1611605682.965043
/ndn/s11-site/s11/C2Data-4961-Type2;130401.0000;DATA;1611605683.007093
/ndn/v14-site/v14/C2Data-3599-Type3;140010.0000;DATA;1611605698.147065
/ndn/s13-site/s13/C2Data-2623-Type3;701.0000;NACK;1611605700.969065
/ndn/h10-site/h10/C2Data-610-Type3;255576.0000;DATA;1611605704.068049
/ndn/h13-site/h13/C2Data-793-Type3;72161.0000;DATA;1611605704.630059
/ndn/s5-site/s5/C2Data-4236-Type2;191539.0000;DATA;1611605705.095102
/ndn/v1-site/v1/C2Data-5567-Type2;478.0000;NACK;1611605705.887101
/ndn/s6-site/s6/C2Data-4357-Type2;273746.0000;DATA;1611605707.443040
/ndn/d0-site/d0/C2Data-915-Type3;163352.0000;DATA;1611605708.896036
/ndn/v7-site/v7/C2Data-6293-Type2;616.0000;NACK;1611605709.147230
/ndn/h5-site/h5/C2Data-606-Type2;723.0000;DATA;1611605709.264184
/ndn/d3-site/d3/C2Data-2179-Type1;26677.0000;DATA;1611605710.705097
/ndn/d8-site/d8/C2Data-1403-Type3;165838.0000;DATA;1611605711.955033
/ndn/s2-site/s2/C2Data-3873-Type2;778.0000;DATA;1611605714.740139
/ndn/h2-site/h2/C2Data-122-Type3;627.0000;DATA;1611605714.929080
/ndn/s14-site/s14/C2Data-5325-Type1;100754.0000;DATA;1611605716.054104
/ndn/d5-site/d5/C2Data-1220-Type3;107356.0000;DATA;1611605720.662043
/ndn/s14-site/s14/C2Data-2684-Type3;23418.0000;DATA;1611605721.894098
/ndn/h0-site/h0/C2Data-2-Type2;142562.0000;DATA;1611605734.920051
/ndn/s12-site/s12/C2Data-5084-Type1;23816.0000;DATA;1611605737.542084
/ndn/h11-site/h11/C2Data-1333-Type1;100172.0000;DATA;1611605738.751107
/ndn/d5-site/d5/C2Data-2422-Type1;667.0000;DATA;1611605741.160098
/ndn/h13-site/h13/C2Data-1575-Type1;96111.0000;DATA;1611605742.107024
/ndn/d9-site/d9/C2Data-2906-Type2;203440.0000;DATA;1611605742.211027
/ndn/s8-site/s8/C2Data-4600-Type1;48458.0000;DATA;1611605743.439135
/ndn/s7-site/s7/C2Data-4479-Type2;680.0000;DATA;1611605744.018114
/ndn/h2-site/h2/C2Data-244-Type2;568.0000;DATA;1611605745.667052
/ndn/h5-site/h5/C2Data-306-Type3;141699.0000;DATA;1611605762.645128
/ndn/s1-site/s1/C2Data-1892-Type3;282480.0000;DATA;1611605762.908096
/ndn/s2-site/s2/C2Data-3875-Type1;46940.0000;DATA;1611605768.951066
/ndn/s4-site/s4/C2Data-2075-Type3;513.0000;DATA;1611605769.008031
/ndn/h4-site/h4/C2Data-245-Type3;23652.0000;DATA;1611605770.163020
/ndn/v13-site/v13/C2Data-3539-Type3;73461.0000;DATA;1611605770.837035
/ndn/s6-site/s6/C2Data-4359-Type2;234787.0000;DATA;1611605770.937071
/ndn/s5-site/s5/C2Data-2136-Type3;115410.0000;DATA;1611605771.213031
/ndn/d7-site/d7/C2Data-2665-Type1;211391.0000;DATA;1611605771.455061
/ndn/d2-site/d2/C2Data-425-Type4;140195.0000;DATA;1611605771.541093
/ndn/s2-site/s2/C2Data-3875-Type2;72939.0000;DATA;1611605771.687141
/ndn/s5-site/s5/C2Data-4238-Type2;96751.0000;DATA;1611605774.155034
/ndn/s6-site/s6/C2Data-2197-Type3;142399.0000;DATA;1611605775.495098
/ndn/s3-site/s3/C2Data-3996-Type2;23653.0000;DATA;1611605775.791175
/ndn/h4-site/h4/C2Data-100-Type4;25505.0000;DATA;1611605777.539091
/ndn/h13-site/h13/C2Data-325-Type4;104674.0000;DATA;1611605779.070025
/ndn/v4-site/v4/C2Data-2990-Type3;143061.0000;DATA;1611605780.172169
/ndn/d9-site/d9/C2Data-600-Type4;148276.0000;DATA;1611605783.507146
/ndn/h6-site/h6/C2Data-150-Type4;163822.0000;DATA;1611605784.545029
/ndn/v8-site/v8/C2Data-950-Type4;46132.0000;DATA;1611605789.641890
/ndn/d10-site/d10/C2Data-625-Type4;75874.0000;DATA;1611605789.844737
/ndn/h14-site/h14/C2Data-1698-Type1;24720.0000;DATA;1611605794.328117
/ndn/d4-site/d4/C2Data-2303-Type1;121041.0000;DATA;1611605795.294079
/ndn/s5-site/s5/C2Data-4239-Type2;193449.0000;DATA;1611605795.921096
/ndn/d8-site/d8/C2Data-575-Type4;177913.0000;DATA;1611605796.058060
/ndn/v11-site/v11/C2Data-6780-Type2;94865.0000;DATA;1611605796.359024
/ndn/h13-site/h13/C2Data-1577-Type2;23437.0000;DATA;1611605800.494158
/ndn/v0-site/v0/C2Data-750-Type4;161724.0000;DATA;1611605800.436036
/ndn/s5-site/s5/C2Data-4239-Type1;220203.0000;DATA;1611605801.296110
/ndn/s3-site/s3/C2Data-3997-Type1;96665.0000;DATA;1611605801.770047
/ndn/h12-site/h12/C2Data-1456-Type2;47941.0000;DATA;1611605802.173090
/ndn/d0-site/d0/C2Data-1819-Type1;167838.0000;DATA;1611605802.149044
/ndn/h14-site/h14/C2Data-1698-Type2;23723.0000;DATA;1611605802.583023
/ndn/s12-site/s12/C2Data-5086-Type2;94007.0000;DATA;1611605802.614847
/ndn/v4-site/v4/C2Data-850-Type4;214500.0000;DATA;1611605804.429019
/ndn/h9-site/h9/C2Data-1093-Type2;170824.0000;DATA;1611605804.880030
/ndn/h14-site/h14/C2Data-350-Type4;23460.0000;DATA;1611605805.995091
/ndn/v3-site/v3/C2Data-825-Type4;120461.0000;DATA;1611605810.440457
/ndn/d0-site/d0/C2Data-375-Type4;216340.0000;DATA;1611605810.649049
/ndn/h10-site/h10/C2Data-250-Type4;24131.0000;DATA;1611605812.126052
/ndn/s11-site/s11/C2Data-2503-Type3;229306.0000;DATA;1611605818.676104
/ndn/s0-site/s0/C2Data-1832-Type3;231986.0000;DATA;1611605819.248013
/ndn/d8-site/d8/C2Data-1405-Type3;175073.0000;DATA;1611605819.804064
/ndn/s9-site/s9/C2Data-2381-Type3;116269.0000;DATA;1611605820.205018
/ndn/v10-site/v10/C2Data-3357-Type3;224774.0000;DATA;1611605821.010063
/ndn/v12-site/v12/C2Data-3479-Type3;224804.0000;DATA;1611605822.401140
/ndn/v1-site/v1/C2Data-775-Type4;604.0000;DATA;1611605824.153043
/ndn/d4-site/d4/C2Data-1161-Type3;48110.0000;DATA;1611605824.161152
/ndn/d14-site/d14/C2Data-3514-Type2;47039.0000;DATA;1611605824.748111
/ndn/d12-site/d12/C2Data-675-Type4;738.0000;DATA;1611605825.320197
/ndn/s4-site/s4/C2Data-4119-Type1;23928.0000;DATA;1611605826.043203
/ndn/d8-site/d8/C2Data-2788-Type2;188321.0000;DATA;1611605825.973087
/ndn/v0-site/v0/C2Data-2747-Type3;246971.0000;DATA;1611605826.357119
/ndn/d5-site/d5/C2Data-2425-Type1;25662.0000;DATA;1611605826.979035
/ndn/s0-site/s0/C2Data-3635-Type1;209236.0000;DATA;1611605826.957143
/ndn/v14-site/v14/C2Data-1100-Type4;49904.0000;DATA;1611605827.207034
/ndn/s6-site/s6/C2Data-4361-Type2;258164.0000;DATA;1611605827.602183
/ndn/s12-site/s12/C2Data-5087-Type2;143171.0000;DATA;1611605827.770014
/ndn/d7-site/d7/C2Data-2667-Type1;159573.0000;DATA;1611605828.654128
/ndn/v3-site/v3/C2Data-2930-Type3;25554.0000;DATA;1611605829.387084
/ndn/d13-site/d13/C2Data-1710-Type3;542.0000;DATA;1611605829.511034
/ndn/v10-site/v10/C2Data-6660-Type1;215763.0000;DATA;1611605829.350134
/ndn/s6-site/s6/C2Data-4361-Type1;144352.0000;DATA;1611605829.463072
/ndn/h7-site/h7/C2Data-429-Type3;50141.0000;DATA;1611605829.720205
/ndn/d12-site/d12/C2Data-3272-Type2;187514.0000;DATA;1611605830.020224
/ndn/d3-site/d3/C2Data-2183-Type2;235892.0000;DATA;1611605830.959157
/ndn/h11-site/h11/C2Data-1336-Type2;51868.0000;DATA;1611605832.659147
/ndn/s1-site/s1/C2Data-1893-Type3;577.0000;DATA;1611605833.094134
/ndn/v5-site/v5/C2Data-3052-Type3;590.0000;DATA;1611605833.331016
/ndn/d11-site/d11/C2Data-3151-Type1;194401.0000;DATA;1611605835.195104
/ndn/s8-site/s8/C2Data-4603-Type1;49211.0000;DATA;1611605835.584055
/ndn/d12-site/d12/C2Data-3272-Type1;195002.0000;DATA;1611605835.832078
/ndn/v6-site/v6/C2Data-3113-Type3;35461.0000;DATA;1611605836.332113
/ndn/v1-site/v1/C2Data-2808-Type3;109127.0000;DATA;1611605837.401137
/ndn/v4-site/v4/C2Data-2991-Type3;71675.0000;DATA;1611605838.039070
/ndn/d0-site/d0/C2Data-1821-Type1;176195.0000;DATA;1611605855.191022
/ndn/h6-site/h6/C2Data-732-Type1;196666.0000;DATA;1611605855.341060
/ndn/h7-site/h7/C2Data-853-Type2;167363.0000;DATA;1611605858.288018
/ndn/d14-site/d14/C2Data-3515-Type1;46249.0000;DATA;1611605859.091099
/ndn/h3-site/h3/C2Data-369-Type2;187022.0000;DATA;1611605859.758196
/ndn/d13-site/d13/C2Data-3394-Type2;96204.0000;DATA;1611605860.433163
/ndn/h4-site/h4/C2Data-490-Type1;96084.0000;DATA;1611605862.008075
/ndn/s7-site/s7/C2Data-4483-Type2;49353.0000;DATA;1611605862.776116
/ndn/s3-site/s3/C2Data-3999-Type2;147759.0000;DATA;1611605863.057020
/ndn/d3-site/d3/C2Data-2184-Type1;244293.0000;DATA;1611605862.960041
/ndn/h10-site/h10/C2Data-1216-Type2;114991.0000;DATA;1611605863.238069
/ndn/h0-site/h0/C2Data-6-Type2;69679.0000;DATA;1611605865.485015
/ndn/d4-site/d4/C2Data-1162-Type3;98848.0000;DATA;1611605878.710107
/ndn/h1-site/h1/C2Data-64-Type3;133578.0000;DATA;1611605879.034098
/ndn/s4-site/s4/C2Data-2077-Type3;638.0000;DATA;1611605883.565090
/ndn/s5-site/s5/C2Data-2138-Type3;100832.0000;DATA;1611605883.961890
/ndn/h14-site/h14/C2Data-857-Type3;23595.0000;DATA;1611605884.194033
/ndn/v11-site/v11/C2Data-6783-Type1;93025.0000;DATA;1611605884.217139
/ndn/h13-site/h13/C2Data-796-Type3;24080.0000;DATA;1611605885.598084
/ndn/s1-site/s1/C2Data-1894-Type3;75324.0000;DATA;1611605886.984164
/ndn/h0-site/h0/C2Data-7-Type1;138469.0000;DATA;1611605887.884084
/ndn/v7-site/v7/C2Data-3175-Type3;187566.0000;DATA;1611605888.249035
/ndn/s0-site/s0/C2Data-3637-Type2;145364.0000;DATA;1611605888.388044
/ndn/v6-site/v6/C2Data-6178-Type1;92166.0000;DATA;1611605888.775094
/ndn/v6-site/v6/C2Data-3114-Type3;72124.0000;DATA;1611605889.443056
