/ndn/d13-site/d13/C2Data-3388-Type2;175485.0000;DATA;1611605675.388075
/ndn/h1-site/h1/C2Data-121-Type2;120387.0000;DATA;1611605675.690153
/ndn/d8-site/d8/C2Data-2783-Type1;49503.0000;DATA;1611605678.440121
/ndn/v1-site/v1/C2Data-5566-Type1;493.0000;NACK;1611605678.796209
/ndn/s10-site/s10/C2Data-4840-Type1;466.0000;NACK;1611605678.879066
/ndn/v4-site/v4/C2Data-5929-Type1;453.0000;NACK;1611605679.907080
/ndn/v6-site/v6/C2Data-6171-Type2;403.0000;NACK;1611605680.630140
/ndn/h13-site/h13/C2Data-1573-Type2;47475.0000;DATA;1611605680.600095
/ndn/v2-site/v2/C2Data-5687-Type1;180077.0000;DATA;1611605680.651107
/ndn/s1-site/s1/C2Data-3751-Type1;548.0000;DATA;1611605681.639023
/ndn/v5-site/v5/C2Data-6050-Type2;526.0000;NACK;1611605682.196120
/ndn/d13-site/d13/C2Data-3388-Type1;167029.0000;DATA;1611605682.165111
/ndn/v13-site/v13/C2Data-7018-Type1;728.0000;DATA;1611605683.224810
/ndn/d14-site/d14/C2Data-3509-Type1;48676.0000;DATA;1611605683.485080
/ndn/d7-site/d7/C2Data-2662-Type1;115514.0000;DATA;1611605683.561029
/ndn/s3-site/s3/C2Data-3993-Type2;26564.0000;DATA;1611605684.666195
/ndn/d6-site/d6/C2Data-2541-Type2;53478.0000;DATA;1611605685.129061
/ndn/v2-site/v2/C2Data-5688-Type1;142754.0000;DATA;1611605704.385098
/ndn/h11-site/h11/C2Data-671-Type3;23834.0000;DATA;1611605704.869096
/ndn/d14-site/d14/C2Data-3510-Type2;141125.0000;DATA;1611605705.435105
/ndn/d3-site/d3/C2Data-1098-Type3;146541.0000;DATA;1611605705.452061
/ndn/h10-site/h10/C2Data-610-Type3;46519.0000;DATA;1611605705.849147
/ndn/v1-site/v1/C2Data-5567-Type1;473.0000;NACK;1611605706.059130
/ndn/v14-site/v14/C2Data-3599-Type3;48999.0000;DATA;1611605706.165046
/ndn/h3-site/h3/C2Data-183-Type3;667.0000;DATA;1611605706.524072
/ndn/h3-site/h3/C2Data-364-Type1;70878.0000;DATA;1611605706.812049
/ndn/s3-site/s3/C2Data-3994-Type2;23847.0000;DATA;1611605708.868132
/ndn/s4-site/s4/C2Data-2074-Type3;490.0000;NACK;1611605709.405114
/ndn/v6-site/v6/C2Data-3111-Type3;140654.0000;DATA;1611605709.901057
/ndn/v2-site/v2/C2Data-2867-Type3;26520.0000;DATA;1611605711.840986
/ndn/d0-site/d0/C2Data-915-Type3;25414.0000;DATA;1611605711.878211
/ndn/h5-site/h5/C2Data-606-Type1;52199.0000;DATA;1611605712.093150
/ndn/d7-site/d7/C2Data-2663-Type1;122135.0000;DATA;1611605712.467187
/ndn/d9-site/d9/C2Data-1464-Type3;665.0000;DATA;1611605714.375294
/ndn/d8-site/d8/C2Data-2784-Type2;23618.0000;DATA;1611605715.368062
/ndn/v7-site/v7/C2Data-3172-Type3;576.0000;NACK;1611605716.197343
/ndn/s5-site/s5/C2Data-2135-Type3;591.0000;DATA;1611605716.467452
/ndn/s1-site/s1/C2Data-1891-Type3;684.0000;DATA;1611605717.512107
/ndn/s14-site/s14/C2Data-2684-Type3;92228.0000;DATA;1611605718.632060
/ndn/h13-site/h13/C2Data-793-Type3;23438.0000;DATA;1611605720.763112
/ndn/h4-site/h4/C2Data-244-Type3;31181.0000;DATA;1611605721.485175
/ndn/v3-site/v3/C2Data-5810-Type2;100482.0000;DATA;1611605734.228057
/ndn/v7-site/v7/C2Data-6294-Type2;452.0000;NACK;1611605734.444053
/ndn/s12-site/s12/C2Data-5084-Type2;99798.0000;DATA;1611605734.637136
/ndn/s6-site/s6/C2Data-4358-Type1;169766.0000;DATA;1611605734.860106
/ndn/d4-site/d4/C2Data-2301-Type1;188888.0000;DATA;1611605737.498119
/ndn/h4-site/h4/C2Data-486-Type2;26787.0000;DATA;1611605737.863107
/ndn/v7-site/v7/C2Data-6294-Type1;489.0000;NACK;1611605739.449101
/ndn/d0-site/d0/C2Data-1817-Type1;122856.0000;DATA;1611605739.479025
/ndn/v5-site/v5/C2Data-6052-Type2;423.0000;NACK;1611605739.908118
/ndn/v9-site/v9/C2Data-6536-Type1;71932.0000;DATA;1611605740.632118
/ndn/s0-site/s0/C2Data-3632-Type1;23573.0000;DATA;1611605741.520026
/ndn/d10-site/d10/C2Data-3027-Type2;24226.0000;DATA;1611605741.582125
/ndn/v9-site/v9/C2Data-6536-Type2;23752.0000;DATA;1611605742.309114
/ndn/h5-site/h5/C2Data-607-Type1;46979.0000;DATA;1611605742.390156
/ndn/s2-site/s2/C2Data-3874-Type2;679.0000;DATA;1611605742.486087
/ndn/v5-site/v5/C2Data-6052-Type1;261717.0000;DATA;1611605742.463057
/ndn/h1-site/h1/C2Data-123-Type1;168723.0000;DATA;1611605742.648213
/ndn/v1-site/v1/C2Data-5568-Type1;23877.0000;DATA;1611605744.279152
/ndn/h2-site/h2/C2Data-244-Type2;697.0000;DATA;1611605745.295125
/ndn/v0-site/v0/C2Data-5447-Type2;146117.0000;DATA;1611605745.345050
/ndn/h3-site/h3/C2Data-184-Type3;205408.0000;DATA;1611605758.543056
/ndn/h0-site/h0/C2Data-1-Type3;544.0000;DATA;1611605760.462118
/ndn/v13-site/v13/C2Data-3539-Type3;49931.0000;DATA;1611605762.932027
/ndn/d5-site/d5/C2Data-1221-Type3;25292.0000;DATA;1611605764.443106
/ndn/v4-site/v4/C2Data-5932-Type1;24548.0000;DATA;1611605764.643807
/ndn/s2-site/s2/C2Data-1953-Type3;49008.0000;DATA;1611605766.113058
/ndn/v3-site/v3/C2Data-5811-Type2;49070.0000;DATA;1611605766.936046
/ndn/s12-site/s12/C2Data-5085-Type1;24758.0000;DATA;1611605766.966163
/ndn/d6-site/d6/C2Data-1282-Type3;23597.0000;DATA;1611605767.141213
/ndn/d9-site/d9/C2Data-2907-Type2;97827.0000;DATA;1611605767.193086
/ndn/s9-site/s9/C2Data-4722-Type1;74340.0000;DATA;1611605767.667753
/ndn/h1-site/h1/C2Data-62-Type3;163547.0000;DATA;1611605769.006134
/ndn/h14-site/h14/C2Data-855-Type3;619.0000;DATA;1611605769.283122
/ndn/s1-site/s1/C2Data-3754-Type1;75628.0000;DATA;1611605769.560558
/ndn/v8-site/v8/C2Data-3234-Type3;620.0000;DATA;1611605770.293081
/ndn/v5-site/v5/C2Data-6053-Type1;601.0000;DATA;1611605770.375118
/ndn/s3-site/s3/C2Data-3996-Type1;98553.0000;DATA;1611605770.639123
/ndn/v11-site/v11/C2Data-3417-Type3;523.0000;DATA;1611605771.075034
/ndn/v14-site/v14/C2Data-3600-Type3;46523.0000;DATA;1611605772.091130
/ndn/s14-site/s14/C2Data-5327-Type1;592.0000;DATA;1611605772.234109
/ndn/d0-site/d0/C2Data-916-Type3;46629.0000;DATA;1611605773.494147
/ndn/v7-site/v7/C2Data-6295-Type2;23595.0000;DATA;1611605774.124130
/ndn/h11-site/h11/C2Data-672-Type3;193924.0000;DATA;1611605774.013081
/ndn/d0-site/d0/C2Data-1818-Type1;722.0000;DATA;1611605775.485045
/ndn/s0-site/s0/C2Data-1831-Type3;46146.0000;DATA;1611605775.715066
/ndn/v13-site/v13/C2Data-7021-Type1;53952.0000;DATA;1611605775.941098
/ndn/s5-site/s5/C2Data-2136-Type3;509.0000;DATA;1611605776.079159
/ndn/h8-site/h8/C2Data-489-Type3;579.0000;DATA;1611605776.717111
/ndn/v4-site/v4/C2Data-850-Type4;72404.0000;DATA;1611605777.358121
/ndn/v6-site/v6/C2Data-900-Type4;30950.0000;DATA;1611605784.323882
/ndn/v5-site/v5/C2Data-875-Type4;280442.0000;DATA;1611605788.419065
/ndn/h14-site/h14/C2Data-1698-Type2;171266.0000;DATA;1611605794.429186
/ndn/v3-site/v3/C2Data-5812-Type1;47583.0000;DATA;1611605795.920038
/ndn/s13-site/s13/C2Data-5207-Type2;73805.0000;DATA;1611605797.933044
/ndn/s2-site/s2/C2Data-3876-Type2;47962.0000;DATA;1611605798.568165
/ndn/d4-site/d4/C2Data-2303-Type2;23343.0000;DATA;1611605798.604122
/ndn/v4-site/v4/C2Data-5933-Type1;120503.0000;DATA;1611605799.145120
/ndn/v8-site/v8/C2Data-6417-Type1;663.0000;DATA;1611605800.154109
/ndn/s10-site/s10/C2Data-4844-Type1;876.0000;DATA;1611605801.240125
/ndn/s3-site/s3/C2Data-3997-Type1;25010.0000;DATA;1611605801.836068
/ndn/h0-site/h0/C2Data-0-Type4;629.0000;DATA;1611605803.147120
/ndn/v13-site/v13/C2Data-7022-Type2;541.0000;DATA;1611605803.904178
/ndn/s5-site/s5/C2Data-4239-Type1;23617.0000;DATA;1611605804.620049
/ndn/h0-site/h0/C2Data-4-Type2;696.0000;DATA;1611605804.939184
/ndn/v13-site/v13/C2Data-7022-Type1;122905.0000;DATA;1611605805.240146
/ndn/v7-site/v7/C2Data-925-Type4;734.0000;DATA;1611605809.855512
/ndn/h14-site/h14/C2Data-350-Type4;27030.0000;DATA;1611605812.159141
/ndn/h12-site/h12/C2Data-300-Type4;63368.0000;DATA;1611605823.062109
/ndn/v6-site/v6/C2Data-3113-Type3;92953.0000;DATA;1611605825.181128
/ndn/h3-site/h3/C2Data-368-Type2;73692.0000;DATA;1611605825.232116
/ndn/s14-site/s14/C2Data-5329-Type2;185781.0000;DATA;1611605825.327037
/ndn/h4-site/h4/C2Data-100-Type4;512.0000;DATA;1611605825.706076
/ndn/v4-site/v4/C2Data-2991-Type3;176818.0000;DATA;1611605825.597143
/ndn/h7-site/h7/C2Data-852-Type1;679.0000;DATA;1611605827.367119
/ndn/h11-site/h11/C2Data-1336-Type1;187817.0000;DATA;1611605827.718033
/ndn/h11-site/h11/C2Data-275-Type4;525.0000;DATA;1611605828.075260
/ndn/d9-site/d9/C2Data-1466-Type3;95829.0000;DATA;1611605828.759059
/ndn/d8-site/d8/C2Data-575-Type4;23886.0000;DATA;1611605828.945033
/ndn/s9-site/s9/C2Data-4724-Type2;641.0000;DATA;1611605829.155078
/ndn/d5-site/d5/C2Data-2425-Type1;23426.0000;DATA;1611605829.140072
/ndn/v9-site/v9/C2Data-6539-Type1;24953.0000;DATA;1611605829.521113
/ndn/h0-site/h0/C2Data-2-Type3;755.0000;DATA;1611605830.099121
/ndn/d0-site/d0/C2Data-1820-Type2;46130.0000;DATA;1611605830.120157
/ndn/v9-site/v9/C2Data-3296-Type3;23647.0000;DATA;1611605831.376058
/ndn/d1-site/d1/C2Data-978-Type3;675.0000;DATA;1611605831.660223
/ndn/s1-site/s1/C2Data-1893-Type3;638.0000;DATA;1611605831.841101
/ndn/d4-site/d4/C2Data-1161-Type3;520.0000;DATA;1611605832.699652
/ndn/h12-site/h12/C2Data-734-Type3;48020.0000;DATA;1611605833.715139
/ndn/v2-site/v2/C2Data-5692-Type1;149408.0000;DATA;1611605833.872157
/ndn/s13-site/s13/C2Data-5208-Type1;75270.0000;DATA;1611605834.132111
/ndn/d11-site/d11/C2Data-3151-Type1;190605.0000;DATA;1611605834.355030
/ndn/s8-site/s8/C2Data-4603-Type1;147255.0000;DATA;1611605834.426089
/ndn/h2-site/h2/C2Data-247-Type2;23692.0000;DATA;1611605834.628109
/ndn/v4-site/v4/C2Data-5934-Type2;24866.0000;DATA;1611605834.680133
/ndn/s2-site/s2/C2Data-1954-Type3;584.0000;DATA;1611605836.083115
/ndn/v10-site/v10/C2Data-3357-Type3;55216.0000;DATA;1611605837.162108
/ndn/s5-site/s5/C2Data-2137-Type3;23537.0000;DATA;1611605838.352065
/ndn/v7-site/v7/C2Data-3174-Type3;615.0000;DATA;1611605838.988052
/ndn/d13-site/d13/C2Data-1710-Type3;702.0000;DATA;1611605839.143141
/ndn/h2-site/h2/C2Data-248-Type1;212769.0000;DATA;1611605854.404161
/ndn/v6-site/v6/C2Data-6177-Type2;140764.0000;DATA;1611605855.062101
/ndn/d0-site/d0/C2Data-1821-Type1;166076.0000;DATA;1611605857.647101
/ndn/v5-site/v5/C2Data-6056-Type1;165242.0000;DATA;1611605857.829089
/ndn/h14-site/h14/C2Data-1700-Type1;140547.0000;DATA;1611605857.908127
/ndn/s6-site/s6/C2Data-4362-Type2;50707.0000;DATA;1611605858.838636
/ndn/d14-site/d14/C2Data-3515-Type2;166408.0000;DATA;1611605859.033181
/ndn/d2-site/d2/C2Data-2063-Type1;197500.0000;DATA;1611605859.682108
/ndn/s14-site/s14/C2Data-5330-Type2;49670.0000;DATA;1611605860.723055
/ndn/d2-site/d2/C2Data-2063-Type2;690.0000;DATA;1611605860.885092
/ndn/h12-site/h12/C2Data-1458-Type2;592.0000;DATA;1611605862.169070
/ndn/d5-site/d5/C2Data-2426-Type2;537.0000;DATA;1611605863.916120
/ndn/v3-site/v3/C2Data-2931-Type3;96771.0000;DATA;1611605881.947126
/ndn/h8-site/h8/C2Data-975-Type2;100644.0000;DATA;1611605886.300139
/ndn/d6-site/d6/C2Data-2548-Type1;147617.0000;DATA;1611605886.671126
/ndn/d8-site/d8/C2Data-1406-Type3;786.0000;DATA;1611605886.938104
/ndn/s11-site/s11/C2Data-4968-Type2;96256.0000;DATA;1611605887.170127
/ndn/s0-site/s0/C2Data-3637-Type2;114810.0000;DATA;1611605887.926091
/ndn/s7-site/s7/C2Data-4484-Type2;93906.0000;DATA;1611605888.306080
/ndn/s13-site/s13/C2Data-5210-Type2;72233.0000;DATA;1611605889.562101
/ndn/s6-site/s6/C2Data-2199-Type3;584.0000;DATA;1611605890.073090
