/ndn/h1-site/h1/C2Data-121-Type2;144143.0000;DATA;1611605674.157039
/ndn/d6-site/d6/C2Data-2541-Type2;196066.0000;DATA;1611605674.716106
/ndn/v4-site/v4/C2Data-5929-Type1;24759.0000;DATA;1611605675.749133
/ndn/d11-site/d11/C2Data-3146-Type1;51560.0000;DATA;1611605676.087147
/ndn/v0-site/v0/C2Data-5445-Type1;100482.0000;DATA;1611605676.406075
/ndn/h4-site/h4/C2Data-484-Type1;245385.0000;DATA;1611605676.490042
/ndn/d14-site/d14/C2Data-3509-Type1;201774.0000;DATA;1611605677.542135
/ndn/s7-site/s7/C2Data-4477-Type2;98709.0000;DATA;1611605680.449153
/ndn/s1-site/s1/C2Data-3751-Type1;310508.0000;DATA;1611605680.755140
/ndn/s5-site/s5/C2Data-4235-Type1;95901.0000;DATA;1611605682.910103
/ndn/s0-site/s0/C2Data-3630-Type2;165790.0000;DATA;1611605684.915125
/ndn/h8-site/h8/C2Data-968-Type1;167193.0000;DATA;1611605685.077144
/ndn/h9-site/h9/C2Data-1089-Type1;166111.0000;DATA;1611605685.222114
/ndn/v8-site/v8/C2Data-3233-Type3;230227.0000;DATA;1611605700.019138
/ndn/v11-site/v11/C2Data-3416-Type3;123867.0000;DATA;1611605701.328127
/ndn/h13-site/h13/C2Data-793-Type3;232526.0000;DATA;1611605702.645130
/ndn/v9-site/v9/C2Data-6535-Type2;262868.0000;DATA;1611605704.160059
/ndn/v10-site/v10/C2Data-6656-Type1;23872.0000;DATA;1611605705.307165
/ndn/d2-site/d2/C2Data-2058-Type1;23611.0000;DATA;1611605706.340136
/ndn/h7-site/h7/C2Data-848-Type1;282829.0000;DATA;1611605706.423162
/ndn/h9-site/h9/C2Data-1090-Type1;170482.0000;DATA;1611605707.935124
/ndn/d0-site/d0/C2Data-915-Type3;70999.0000;DATA;1611605708.295130
/ndn/h11-site/h11/C2Data-1332-Type2;47437.0000;DATA;1611605708.712039
/ndn/s14-site/s14/C2Data-5325-Type1;118081.0000;DATA;1611605708.882097
/ndn/s1-site/s1/C2Data-3752-Type2;164593.0000;DATA;1611605708.837979
/ndn/d10-site/d10/C2Data-3026-Type2;242472.0000;DATA;1611605708.837152
/ndn/d9-site/d9/C2Data-2905-Type2;47720.0000;DATA;1611605709.278130
/ndn/s3-site/s3/C2Data-2013-Type3;198670.0000;DATA;1611605709.211181
/ndn/d6-site/d6/C2Data-2542-Type2;187947.0000;DATA;1611605709.561212
/ndn/d14-site/d14/C2Data-1769-Type3;124879.0000;DATA;1611605710.171137
/ndn/s3-site/s3/C2Data-3994-Type1;287541.0000;DATA;1611605710.030199
/ndn/s8-site/s8/C2Data-2318-Type3;222035.0000;DATA;1611605710.270090
/ndn/v6-site/v6/C2Data-6172-Type1;71416.0000;DATA;1611605710.606139
/ndn/d3-site/d3/C2Data-1098-Type3;23461.0000;DATA;1611605710.738130
/ndn/d12-site/d12/C2Data-1647-Type3;75229.0000;DATA;1611605711.036397
/ndn/v2-site/v2/C2Data-5688-Type1;97170.0000;DATA;1611605711.392203
/ndn/v4-site/v4/C2Data-2989-Type3;24554.0000;DATA;1611605712.207123
/ndn/h10-site/h10/C2Data-610-Type3;23272.0000;DATA;1611605715.087131
/ndn/h5-site/h5/C2Data-305-Type3;99133.0000;DATA;1611605715.543130
/ndn/h8-site/h8/C2Data-488-Type3;92547.0000;DATA;1611605715.726044
/ndn/s13-site/s13/C2Data-5204-Type2;538.0000;NACK;1611605715.895207
/ndn/s7-site/s7/C2Data-4478-Type2;119207.0000;DATA;1611605715.889298
/ndn/d9-site/d9/C2Data-1464-Type3;96667.0000;DATA;1611605717.148102
/ndn/s10-site/s10/C2Data-4842-Type1;545.0000;NACK;1611605734.314193
/ndn/s14-site/s14/C2Data-5326-Type2;198085.0000;DATA;1611605734.238916
/ndn/h8-site/h8/C2Data-970-Type2;167318.0000;DATA;1611605734.505238
/ndn/d12-site/d12/C2Data-3269-Type1;72134.0000;DATA;1611605735.503167
/ndn/s0-site/s0/C2Data-3632-Type2;191938.0000;DATA;1611605735.454145
/ndn/h14-site/h14/C2Data-1696-Type2;592.0000;NACK;1611605737.244047
/ndn/s11-site/s11/C2Data-4963-Type1;279114.0000;DATA;1611605737.184066
/ndn/s2-site/s2/C2Data-3874-Type1;163715.0000;DATA;1611605737.508062
/ndn/s8-site/s8/C2Data-4600-Type2;23649.0000;DATA;1611605737.673138
/ndn/s1-site/s1/C2Data-3753-Type1;144936.0000;DATA;1611605737.831106
/ndn/s9-site/s9/C2Data-4721-Type1;213898.0000;DATA;1611605738.440089
/ndn/d4-site/d4/C2Data-2301-Type1;163839.0000;DATA;1611605738.844162
/ndn/d7-site/d7/C2Data-2664-Type1;70828.0000;DATA;1611605741.038105
/ndn/d5-site/d5/C2Data-2422-Type1;26680.0000;DATA;1611605744.404065
/ndn/v8-site/v8/C2Data-6415-Type2;48307.0000;DATA;1611605745.127133
/ndn/s7-site/s7/C2Data-2258-Type3;48064.0000;DATA;1611605760.113056
/ndn/h0-site/h0/C2Data-1-Type3;101436.0000;DATA;1611605761.561085
/ndn/v2-site/v2/C2Data-2868-Type3;123434.0000;DATA;1611605761.698259
/ndn/v10-site/v10/C2Data-3356-Type3;212083.0000;DATA;1611605763.314248
/ndn/h11-site/h11/C2Data-672-Type3;47703.0000;DATA;1611605764.396270
/ndn/s1-site/s1/C2Data-3754-Type2;310404.0000;DATA;1611605764.157270
/ndn/h0-site/h0/C2Data-3-Type2;269120.0000;DATA;1611605764.507173
/ndn/s6-site/s6/C2Data-4359-Type1;165734.0000;DATA;1611605764.628110
/ndn/h4-site/h4/C2Data-487-Type1;238499.0000;DATA;1611605764.612133
/ndn/s1-site/s1/C2Data-1892-Type3;190753.0000;DATA;1611605765.019140
/ndn/v3-site/v3/C2Data-2929-Type3;163771.0000;DATA;1611605765.763073
/ndn/d6-site/d6/C2Data-2544-Type2;192946.0000;DATA;1611605766.883042
/ndn/h1-site/h1/C2Data-124-Type2;142766.0000;DATA;1611605767.613152
/ndn/s11-site/s11/C2Data-4964-Type1;189803.0000;DATA;1611605767.933117
/ndn/d14-site/d14/C2Data-1770-Type3;116687.0000;DATA;1611605769.064141
/ndn/d0-site/d0/C2Data-916-Type3;49365.0000;DATA;1611605769.268131
/ndn/h8-site/h8/C2Data-971-Type1;168750.0000;DATA;1611605770.402176
/ndn/h12-site/h12/C2Data-1455-Type1;227618.0000;DATA;1611605770.754106
/ndn/v13-site/v13/C2Data-3539-Type3;210166.0000;DATA;1611605770.924193
/ndn/d9-site/d9/C2Data-1465-Type3;75192.0000;DATA;1611605772.552110
/ndn/h14-site/h14/C2Data-855-Type3;27185.0000;DATA;1611605772.906141
/ndn/d0-site/d0/C2Data-1818-Type2;26016.0000;DATA;1611605773.405149
/ndn/d8-site/d8/C2Data-2786-Type2;26845.0000;DATA;1611605774.687161
/ndn/h7-site/h7/C2Data-850-Type1;199758.0000;DATA;1611605774.724256
/ndn/d10-site/d10/C2Data-3028-Type2;100250.0000;DATA;1611605775.152101
/ndn/d1-site/d1/C2Data-1939-Type2;119596.0000;DATA;1611605775.572052
/ndn/h4-site/h4/C2Data-487-Type2;74120.0000;DATA;1611605775.852071
/ndn/v2-site/v2/C2Data-800-Type4;101203.0000;DATA;1611605777.374049
/ndn/d7-site/d7/C2Data-550-Type4;117046.0000;DATA;1611605777.438234
/ndn/s3-site/s3/C2Data-2014-Type3;52468.0000;DATA;1611605778.486206
/ndn/d10-site/d10/C2Data-625-Type4;122622.0000;DATA;1611605779.739236
/ndn/d2-site/d2/C2Data-1038-Type3;25055.0000;DATA;1611605781.206100
/ndn/h3-site/h3/C2Data-184-Type3;24391.0000;DATA;1611605781.938253
/ndn/v11-site/v11/C2Data-3417-Type3;25637.0000;DATA;1611605782.080116
/ndn/h14-site/h14/C2Data-350-Type4;86521.0000;DATA;1611605785.645560
/ndn/d0-site/d0/C2Data-375-Type4;99715.0000;DATA;1611605786.179140
/ndn/h7-site/h7/C2Data-851-Type1;282138.0000;DATA;1611605794.519150
/ndn/s6-site/s6/C2Data-4360-Type2;162010.0000;DATA;1611605796.921192
/ndn/s8-site/s8/C2Data-4602-Type2;124273.0000;DATA;1611605797.774240
/ndn/v14-site/v14/C2Data-7143-Type2;216273.0000;DATA;1611605798.254086
/ndn/h1-site/h1/C2Data-25-Type4;118064.0000;DATA;1611605798.486067
/ndn/h0-site/h0/C2Data-0-Type4;163463.0000;DATA;1611605799.055145
/ndn/h5-site/h5/C2Data-609-Type1;186156.0000;DATA;1611605799.414092
/ndn/d12-site/d12/C2Data-3271-Type2;69998.0000;DATA;1611605800.628157
/ndn/v1-site/v1/C2Data-5570-Type1;24789.0000;DATA;1611605802.334621
/ndn/h10-site/h10/C2Data-1214-Type2;94327.0000;DATA;1611605802.284142
/ndn/d10-site/d10/C2Data-3029-Type2;118184.0000;DATA;1611605803.746139
/ndn/v13-site/v13/C2Data-7022-Type1;25146.0000;DATA;1611605804.880593
/ndn/s3-site/s3/C2Data-3997-Type2;23709.0000;DATA;1611605805.030051
/ndn/d1-site/d1/C2Data-1940-Type1;69462.0000;DATA;1611605805.041077
/ndn/v0-site/v0/C2Data-5449-Type1;26385.0000;DATA;1611605805.192138
/ndn/h10-site/h10/C2Data-250-Type4;27969.0000;DATA;1611605817.037354
/ndn/v6-site/v6/C2Data-900-Type4;69402.0000;DATA;1611605817.489106
/ndn/v6-site/v6/C2Data-3113-Type3;124104.0000;DATA;1611605819.786117
/ndn/d4-site/d4/C2Data-1161-Type3;168537.0000;DATA;1611605824.258064
/ndn/s8-site/s8/C2Data-2320-Type3;75780.0000;DATA;1611605825.707090
/ndn/h11-site/h11/C2Data-1336-Type2;116773.0000;DATA;1611605826.302168
/ndn/h7-site/h7/C2Data-852-Type2;72988.0000;DATA;1611605826.899717
/ndn/s12-site/s12/C2Data-5087-Type2;51858.0000;DATA;1611605827.326115
/ndn/v13-site/v13/C2Data-3540-Type3;165415.0000;DATA;1611605827.392227
/ndn/s9-site/s9/C2Data-4724-Type1;214270.0000;DATA;1611605827.533088
/ndn/s9-site/s9/C2Data-2381-Type3;121799.0000;DATA;1611605828.251117
/ndn/d9-site/d9/C2Data-1466-Type3;95466.0000;DATA;1611605828.624128
/ndn/s10-site/s10/C2Data-4845-Type1;218938.0000;DATA;1611605828.636178
/ndn/h12-site/h12/C2Data-1457-Type1;212766.0000;DATA;1611605828.879071
/ndn/v14-site/v14/C2Data-7144-Type1;192002.0000;DATA;1611605829.851129
/ndn/d3-site/d3/C2Data-2183-Type2;146786.0000;DATA;1611605830.208119
/ndn/s10-site/s10/C2Data-4845-Type2;218939.0000;DATA;1611605830.227120
/ndn/d12-site/d12/C2Data-3272-Type2;71145.0000;DATA;1611605830.485121
/ndn/v0-site/v0/C2Data-2747-Type3;50417.0000;DATA;1611605830.674188
/ndn/s3-site/s3/C2Data-2015-Type3;195862.0000;DATA;1611605830.971109
/ndn/d0-site/d0/C2Data-917-Type3;23452.0000;DATA;1611605831.460138
/ndn/s12-site/s12/C2Data-2564-Type3;23324.0000;DATA;1611605832.906122
/ndn/d14-site/d14/C2Data-1771-Type3;127770.0000;DATA;1611605833.072057
/ndn/s7-site/s7/C2Data-4482-Type2;116701.0000;DATA;1611605833.242123
/ndn/d12-site/d12/C2Data-1649-Type3;29942.0000;DATA;1611605839.004105
/ndn/h13-site/h13/C2Data-795-Type3;23482.0000;DATA;1611605840.325072
/ndn/s9-site/s9/C2Data-4725-Type2;212734.0000;DATA;1611605855.521100
/ndn/v10-site/v10/C2Data-6661-Type2;122451.0000;DATA;1611605856.550186
/ndn/s12-site/s12/C2Data-5088-Type1;24713.0000;DATA;1611605857.359103
/ndn/s7-site/s7/C2Data-4483-Type1;219149.0000;DATA;1611605858.392150
/ndn/v5-site/v5/C2Data-6056-Type1;25215.0000;DATA;1611605860.272157
/ndn/d6-site/d6/C2Data-2547-Type2;192583.0000;DATA;1611605860.219151
/ndn/s13-site/s13/C2Data-5209-Type2;25575.0000;DATA;1611605862.924198
/ndn/s11-site/s11/C2Data-4967-Type1;24194.0000;DATA;1611605863.815110
/ndn/v2-site/v2/C2Data-5693-Type1;145595.0000;DATA;1611605864.100885
/ndn/d12-site/d12/C2Data-3273-Type1;72320.0000;DATA;1611605864.578160
/ndn/d11-site/d11/C2Data-3152-Type2;25184.0000;DATA;1611605865.939060
/ndn/s10-site/s10/C2Data-2443-Type3;279799.0000;DATA;1611605879.037052
/ndn/h10-site/h10/C2Data-613-Type3;176455.0000;DATA;1611605880.672106
/ndn/v10-site/v10/C2Data-3358-Type3;23487.0000;DATA;1611605881.332547
/ndn/s4-site/s4/C2Data-4121-Type1;217258.0000;DATA;1611605885.887081
/ndn/v7-site/v7/C2Data-6299-Type2;51428.0000;DATA;1611605886.123117
/ndn/v13-site/v13/C2Data-3541-Type3;119514.0000;DATA;1611605886.151048
/ndn/s10-site/s10/C2Data-4847-Type1;262511.0000;DATA;1611605886.498117
/ndn/s3-site/s3/C2Data-4000-Type2;24858.0000;DATA;1611605887.348186
/ndn/d12-site/d12/C2Data-3274-Type1;70973.0000;DATA;1611605887.601863
/ndn/h11-site/h11/C2Data-1338-Type1;194545.0000;DATA;1611605887.574190
/ndn/v11-site/v11/C2Data-3419-Type3;23403.0000;DATA;1611605887.915183
/ndn/d1-site/d1/C2Data-1943-Type1;25247.0000;DATA;1611605888.465104
/ndn/d8-site/d8/C2Data-2790-Type1;92389.0000;DATA;1611605888.773199
/ndn/s2-site/s2/C2Data-1955-Type3;120174.0000;DATA;1611605889.039127
/ndn/v2-site/v2/C2Data-5694-Type1;70784.0000;DATA;1611605889.951120
