/ndn/v3-site/v3/C2Data-5808-Type2;876.0000;NACK;1611611481.834115
/ndn/d4-site/d4/C2Data-2299-Type1;241215.0000;DATA;1611611482.441099
/ndn/h8-site/h8/C2Data-968-Type1;148311.0000;DATA;1611611484.928157
/ndn/h12-site/h12/C2Data-1452-Type2;441.0000;NACK;1611611485.334166
/ndn/d2-site/d2/C2Data-2057-Type2;235856.0000;DATA;1611611485.290384
/ndn/s8-site/s8/C2Data-4598-Type1;195191.0000;DATA;1611611485.822098
/ndn/h5-site/h5/C2Data-605-Type1;101572.0000;DATA;1611611486.229219
/ndn/v1-site/v1/C2Data-5566-Type1;82153.0000;NACK;1611611487.131100
/ndn/d9-site/d9/C2Data-2904-Type1;148230.0000;DATA;1611611489.751144
/ndn/h10-site/h10/C2Data-1210-Type2;220092.0000;DATA;1611611489.937099
/ndn/v14-site/v14/C2Data-7139-Type1;124295.0000;DATA;1611611491.974107
/ndn/d9-site/d9/C2Data-1464-Type3;174749.0000;DATA;1611611506.187123
/ndn/v8-site/v8/C2Data-3233-Type3;25090.0000;DATA;1611611507.862243
/ndn/v9-site/v9/C2Data-3294-Type3;72867.0000;DATA;1611611508.334181
/ndn/v9-site/v9/C2Data-6535-Type1;73142.0000;DATA;1611611511.224121
/ndn/v8-site/v8/C2Data-6414-Type1;23495.0000;DATA;1611611512.595204
/ndn/h13-site/h13/C2Data-1574-Type1;146165.0000;DATA;1611611512.997256
/ndn/v5-site/v5/C2Data-6051-Type1;307634.0000;DATA;1611611514.262103
/ndn/v10-site/v10/C2Data-6656-Type1;464.0000;NACK;1611611514.722154
/ndn/s1-site/s1/C2Data-3752-Type2;25003.0000;DATA;1611611515.455142
/ndn/h4-site/h4/C2Data-485-Type2;98654.0000;DATA;1611611515.983146
/ndn/v4-site/v4/C2Data-5930-Type1;315412.0000;DATA;1611611516.512239
/ndn/h0-site/h0/C2Data-0-Type3;23674.0000;DATA;1611611516.843207
/ndn/d5-site/d5/C2Data-2421-Type1;69977.0000;DATA;1611611516.961110
/ndn/d2-site/d2/C2Data-1037-Type3;247813.0000;DATA;1611611517.836184
/ndn/d0-site/d0/C2Data-1816-Type1;214247.0000;DATA;1611611519.412168
/ndn/d3-site/d3/C2Data-2179-Type1;190587.0000;DATA;1611611519.685141
/ndn/h1-site/h1/C2Data-61-Type3;214502.0000;DATA;1611611519.936145
/ndn/v9-site/v9/C2Data-6535-Type2;71259.0000;DATA;1611611520.937187
/ndn/h8-site/h8/C2Data-969-Type2;142155.0000;DATA;1611611521.092184
/ndn/d8-site/d8/C2Data-1403-Type3;237087.0000;DATA;1611611521.217184
/ndn/h2-site/h2/C2Data-122-Type3;262043.0000;DATA;1611611521.431144
/ndn/s10-site/s10/C2Data-4841-Type1;245166.0000;DATA;1611611521.563140
/ndn/s10-site/s10/C2Data-2440-Type3;260396.0000;DATA;1611611522.212125
/ndn/d1-site/d1/C2Data-1937-Type1;235457.0000;DATA;1611611522.734253
/ndn/d7-site/d7/C2Data-1342-Type3;161000.0000;DATA;1611611525.604177
/ndn/h11-site/h11/C2Data-671-Type3;240698.0000;DATA;1611611528.145234
/ndn/h10-site/h10/C2Data-610-Type3;225109.0000;DATA;1611611528.454171
/ndn/v9-site/v9/C2Data-6536-Type2;76774.0000;DATA;1611611544.437199
/ndn/v13-site/v13/C2Data-7020-Type1;169456.0000;DATA;1611611546.413156
/ndn/s4-site/s4/C2Data-4116-Type1;262665.0000;DATA;1611611547.963133
/ndn/d8-site/d8/C2Data-2785-Type1;232862.0000;DATA;1611611549.789159
/ndn/s10-site/s10/C2Data-4842-Type2;234531.0000;DATA;1611611549.915125
/ndn/h3-site/h3/C2Data-365-Type2;262744.0000;DATA;1611611550.922256
/ndn/d6-site/d6/C2Data-2543-Type1;208748.0000;DATA;1611611551.147165
/ndn/s5-site/s5/C2Data-4237-Type1;201931.0000;DATA;1611611551.264114
/ndn/v8-site/v8/C2Data-3234-Type3;27341.0000;DATA;1611611567.028193
/ndn/s12-site/s12/C2Data-2563-Type3;68938.0000;DATA;1611611569.323162
/ndn/h14-site/h14/C2Data-855-Type3;259335.0000;DATA;1611611569.965560
/ndn/v4-site/v4/C2Data-5932-Type2;322093.0000;DATA;1611611571.479116
/ndn/v2-site/v2/C2Data-5690-Type2;192353.0000;DATA;1611611573.887141
/ndn/h12-site/h12/C2Data-1455-Type2;266147.0000;DATA;1611611574.439098
/ndn/v11-site/v11/C2Data-3417-Type3;211628.0000;DATA;1611611575.430159
/ndn/h5-site/h5/C2Data-608-Type1;97692.0000;DATA;1611611575.824211
/ndn/v12-site/v12/C2Data-6900-Type1;284245.0000;DATA;1611611575.732131
/ndn/h0-site/h0/C2Data-1-Type3;23762.0000;DATA;1611611576.644234
/ndn/d14-site/d14/C2Data-1770-Type3;221663.0000;DATA;1611611576.479250
/ndn/s6-site/s6/C2Data-2197-Type3;6002084.0000;TIMEOUT;1611611570.880140
/ndn/s8-site/s8/C2Data-4601-Type1;190318.0000;DATA;1611611576.754101
/ndn/v1-site/v1/C2Data-5569-Type1;277066.0000;DATA;1611611576.774158
/ndn/d2-site/d2/C2Data-1038-Type3;236962.0000;DATA;1611611578.644182
/ndn/h5-site/h5/C2Data-608-Type2;101886.0000;DATA;1611611579.247153
/ndn/s2-site/s2/C2Data-1953-Type3;6000767.0000;TIMEOUT;1611611573.462114
/ndn/d13-site/d13/C2Data-1709-Type3;209728.0000;DATA;1611611579.683172
/ndn/v7-site/v7/C2Data-925-Type4;254523.0000;DATA;1611611579.760117
/ndn/v5-site/v5/C2Data-6053-Type1;313175.0000;DATA;1611611579.801105
/ndn/v2-site/v2/C2Data-2868-Type3;193566.0000;DATA;1611611580.131112
/ndn/d4-site/d4/C2Data-2302-Type2;233299.0000;DATA;1611611581.084853
/ndn/h4-site/h4/C2Data-487-Type2;93354.0000;DATA;1611611582.603125
/ndn/h11-site/h11/C2Data-672-Type3;242875.0000;DATA;1611611582.578107
/ndn/s14-site/s14/C2Data-5327-Type1;6000579.0000;TIMEOUT;1611611579.491198
/ndn/s3-site/s3/C2Data-2014-Type3;6003830.0000;TIMEOUT;1611611581.176125
/ndn/h2-site/h2/C2Data-123-Type3;271579.0000;DATA;1611611587.213441
/ndn/s11-site/s11/C2Data-4964-Type1;6000951.0000;TIMEOUT;1611611582.423112
/ndn/s5-site/s5/C2Data-2136-Type3;6000597.0000;TIMEOUT;1611611582.507155
/ndn/s11-site/s11/C2Data-4964-Type2;6003164.0000;TIMEOUT;1611611582.883105
/ndn/v14-site/v14/C2Data-1100-Type4;127049.0000;DATA;1611611592.249140
/ndn/s9-site/s9/C2Data-2380-Type3;6002031.0000;TIMEOUT;1611611586.746189
/ndn/v2-site/v2/C2Data-800-Type4;200091.0000;DATA;1611611593.670184
/ndn/h0-site/h0/C2Data-4-Type2;23844.0000;DATA;1611611603.303224
/ndn/d9-site/d9/C2Data-2908-Type1;142371.0000;DATA;1611611603.374170
/ndn/h8-site/h8/C2Data-972-Type1;146229.0000;DATA;1611611603.877933
/ndn/v8-site/v8/C2Data-6417-Type2;28420.0000;DATA;1611611604.081234
/ndn/v3-site/v3/C2Data-5812-Type2;144034.0000;DATA;1611611604.408165
/ndn/d0-site/d0/C2Data-375-Type4;221857.0000;DATA;1611611606.331202
/ndn/s11-site/s11/C2Data-4965-Type1;6000293.0000;TIMEOUT;1611611603.430115
/ndn/v13-site/v13/C2Data-7022-Type2;167386.0000;DATA;1611611609.547107
/ndn/d11-site/d11/C2Data-3150-Type1;240451.0000;DATA;1611611609.494165
/ndn/d0-site/d0/C2Data-1819-Type2;217379.0000;DATA;1611611609.735107
/ndn/v0-site/v0/C2Data-5449-Type1;191102.0000;DATA;1611611610.038112
/ndn/s10-site/s10/C2Data-4844-Type1;6000316.0000;TIMEOUT;1611611604.875099
/ndn/v6-site/v6/C2Data-6175-Type2;194871.0000;DATA;1611611610.768099
/ndn/d12-site/d12/C2Data-3271-Type2;208911.0000;DATA;1611611611.025129
/ndn/v11-site/v11/C2Data-1025-Type4;253002.0000;DATA;1611611624.578093
/ndn/h3-site/h3/C2Data-75-Type4;310880.0000;DATA;1611611626.075195
/ndn/v3-site/v3/C2Data-5813-Type1;145720.0000;DATA;1611611631.717140
/ndn/d3-site/d3/C2Data-2183-Type1;186557.0000;DATA;1611611632.727129
/ndn/d9-site/d9/C2Data-600-Type4;139320.0000;DATA;1611611632.802146
/ndn/v7-site/v7/C2Data-3174-Type3;281132.0000;DATA;1611611632.711131
/ndn/d12-site/d12/C2Data-3272-Type2;208864.0000;DATA;1611611633.073109
/ndn/h14-site/h14/C2Data-1699-Type2;209464.0000;DATA;1611611633.374154
/ndn/h6-site/h6/C2Data-150-Type4;48873.0000;DATA;1611611633.699187
/ndn/v6-site/v6/C2Data-6176-Type1;190977.0000;DATA;1611611633.715100
/ndn/s2-site/s2/C2Data-1954-Type3;6000945.0000;TIMEOUT;1611611627.973106
/ndn/h6-site/h6/C2Data-731-Type1;48635.0000;DATA;1611611634.050162
/ndn/h10-site/h10/C2Data-250-Type4;219273.0000;DATA;1611611635.327146
/ndn/v2-site/v2/C2Data-5692-Type1;189381.0000;DATA;1611611635.381103
/ndn/v6-site/v6/C2Data-6176-Type2;189272.0000;DATA;1611611637.546139
/ndn/d7-site/d7/C2Data-1344-Type3;165365.0000;DATA;1611611638.484246
/ndn/h4-site/h4/C2Data-489-Type1;93066.0000;DATA;1611611638.698107
/ndn/v13-site/v13/C2Data-7023-Type1;170280.0000;DATA;1611611638.886180
/ndn/h9-site/h9/C2Data-1094-Type1;119020.0000;DATA;1611611638.969182
/ndn/h6-site/h6/C2Data-368-Type3;46788.0000;DATA;1611611639.516121
/ndn/h8-site/h8/C2Data-973-Type2;143716.0000;DATA;1611611639.910151
/ndn/s6-site/s6/C2Data-4361-Type2;6000619.0000;TIMEOUT;1611611636.703793
/ndn/v12-site/v12/C2Data-6902-Type2;287258.0000;DATA;1611611642.523120
/ndn/s10-site/s10/C2Data-4845-Type1;6000599.0000;TIMEOUT;1611611636.978155
/ndn/v2-site/v2/C2Data-5692-Type2;197025.0000;DATA;1611611642.793189
/ndn/s11-site/s11/C2Data-2503-Type3;6001486.0000;TIMEOUT;1611611638.551190
/ndn/d6-site/d6/C2Data-1283-Type3;193983.0000;DATA;1611611644.436195
/ndn/s0-site/s0/C2Data-3635-Type2;6001963.0000;TIMEOUT;1611611639.014099
/ndn/s10-site/s10/C2Data-2442-Type3;6000191.0000;TIMEOUT;1611611640.016135
/ndn/v5-site/v5/C2Data-3052-Type3;326732.0000;DATA;1611611646.226391
/ndn/s14-site/s14/C2Data-5329-Type1;6000477.0000;TIMEOUT;1611611641.019187
/ndn/s8-site/s8/C2Data-2320-Type3;6000663.0000;TIMEOUT;1611611641.547125
/ndn/s3-site/s3/C2Data-2015-Type3;6000540.0000;TIMEOUT;1611611646.745165
/ndn/h12-site/h12/C2Data-1458-Type2;263682.0000;DATA;1611611661.584104
/ndn/v5-site/v5/C2Data-6056-Type2;354835.0000;DATA;1611611662.630948
/ndn/d10-site/d10/C2Data-3031-Type1;95280.0000;DATA;1611611663.259151
/ndn/h4-site/h4/C2Data-490-Type1;96467.0000;DATA;1611611665.186122
/ndn/v12-site/v12/C2Data-6903-Type2;292419.0000;DATA;1611611665.326157
/ndn/v7-site/v7/C2Data-6298-Type2;266515.0000;DATA;1611611665.379165
/ndn/d3-site/d3/C2Data-2184-Type2;197316.0000;DATA;1611611666.139187
/ndn/s12-site/s12/C2Data-5088-Type2;6001746.0000;TIMEOUT;1611611661.397177
/ndn/d8-site/d8/C2Data-2789-Type1;236624.0000;DATA;1611611668.552117
/ndn/d12-site/d12/C2Data-3273-Type2;245043.0000;DATA;1611611669.456180
/ndn/h6-site/h6/C2Data-732-Type1;49201.0000;DATA;1611611670.305183
/ndn/s10-site/s10/C2Data-4846-Type1;6001104.0000;TIMEOUT;1611611665.522844
/ndn/s11-site/s11/C2Data-4967-Type1;6000236.0000;TIMEOUT;1611611671.555166
/ndn/s8-site/s8/C2Data-4604-Type2;6000310.0000;TIMEOUT;1611611672.585161
/ndn/v2-site/v2/C2Data-2870-Type3;197337.0000;DATA;1611611685.441102
/ndn/d8-site/d8/C2Data-1406-Type3;269884.0000;DATA;1611611686.050186
/ndn/h12-site/h12/C2Data-735-Type3;256482.0000;DATA;1611611688.956101
/ndn/v11-site/v11/C2Data-3419-Type3;211257.0000;DATA;1611611691.665142
/ndn/d2-site/d2/C2Data-2064-Type2;232871.0000;DATA;1611611692.802111
/ndn/h4-site/h4/C2Data-491-Type1;102724.0000;DATA;1611611695.476120
/ndn/v8-site/v8/C2Data-6420-Type1;23810.0000;DATA;1611611695.598125
/ndn/v4-site/v4/C2Data-5936-Type2;311987.0000;DATA;1611611695.773170
