/ndn/v3-site/v3/C2Data-3993-Type2;25051.0000;DATA;1612145590.367634
/ndn/s8-site/s8/C2Data-3388-Type2;60440.0000;DATA;1612145590.551886
/ndn/d2-site/d2/C2Data-1452-Type1;101921.0000;DATA;1612145591.120490
/ndn/h6-site/h6/C2Data-726-Type1;150412.0000;DATA;1612145593.560660
/ndn/v7-site/v7/C2Data-4477-Type1;127334.0000;DATA;1612145595.768958
/ndn/s1-site/s1/C2Data-2541-Type1;3212.0000;DATA;1612145597.384615
/ndn/s7-site/s7/C2Data-3267-Type1;106907.0000;DATA;1612145599.279462
/ndn/s0-site/s0/C2Data-2420-Type1;91338.0000;DATA;1612145599.380608
/ndn/h6-site/h6/C2Data-366-Type3;217267.0000;DATA;1612145616.496731
/ndn/v7-site/v7/C2Data-2257-Type3;122508.0000;DATA;1612145618.158964
/ndn/s3-site/s3/C2Data-2784-Type1;175726.0000;DATA;1612145619.461493
/ndn/d3-site/d3/C2Data-1574-Type2;143072.0000;DATA;1612145620.029821
/ndn/h3-site/h3/C2Data-183-Type3;1292.0000;DATA;1612145622.026807
/ndn/s7-site/s7/C2Data-3268-Type1;140991.0000;DATA;1612145621.843854
/ndn/s7-site/s7/C2Data-1647-Type3;139197.0000;DATA;1612145622.386139
/ndn/v3-site/v3/C2Data-3994-Type2;97807.0000;DATA;1612145623.908763
/ndn/s9-site/s9/C2Data-3510-Type2;143880.0000;DATA;1612145623.947701
/ndn/h8-site/h8/C2Data-969-Type2;154668.0000;DATA;1612145623.961507
/ndn/h8-site/h8/C2Data-488-Type3;25381.0000;DATA;1612145624.286189
/ndn/v0-site/v0/C2Data-3631-Type2;63933.0000;DATA;1612145625.793848
/ndn/d2-site/d2/C2Data-1453-Type2;1302.0000;DATA;1612145627.166599
/ndn/d1-site/d1/C2Data-1332-Type1;1692.0000;DATA;1612145628.621658
/ndn/h5-site/h5/C2Data-305-Type3;26185.0000;DATA;1612145628.679799
/ndn/s1-site/s1/C2Data-2542-Type2;25937.0000;DATA;1612145629.076111
/ndn/v5-site/v5/C2Data-2135-Type3;28726.0000;DATA;1612145629.295577
/ndn/h9-site/h9/C2Data-549-Type3;2147.0000;DATA;1612145635.028294
/ndn/d8-site/d8/C2Data-2180-Type1;60285.0000;DATA;1612145647.761553
/ndn/d6-site/d6/C2Data-1938-Type2;155017.0000;DATA;1612145649.168557
/ndn/h8-site/h8/C2Data-970-Type1;162820.0000;DATA;1612145649.895421
/ndn/d0-site/d0/C2Data-1212-Type1;221844.0000;DATA;1612145651.152102
/ndn/s7-site/s7/C2Data-3269-Type2;162457.0000;DATA;1612145652.580848
/ndn/d3-site/d3/C2Data-1575-Type2;27452.0000;DATA;1612145653.160116
/ndn/v9-site/v9/C2Data-4721-Type2;95419.0000;DATA;1612145653.176209
/ndn/h0-site/h0/C2Data-2-Type1;52241.0000;DATA;1612145654.298091
/ndn/d5-site/d5/C2Data-1817-Type1;105821.0000;DATA;1612145656.120652
/ndn/h0-site/h0/C2Data-2-Type2;1094.0000;DATA;1612145658.563687
/ndn/v0-site/v0/C2Data-1831-Type3;219087.0000;DATA;1612145671.993691
/ndn/h1-site/h1/C2Data-62-Type3;79529.0000;DATA;1612145677.166502
/ndn/v9-site/v9/C2Data-4722-Type1;77390.0000;DATA;1612145678.358627
/ndn/h9-site/h9/C2Data-1092-Type2;30769.0000;DATA;1612145679.390463
/ndn/s8-site/s8/C2Data-1709-Type3;50597.0000;DATA;1612145680.069916
/ndn/h5-site/h5/C2Data-608-Type1;28733.0000;DATA;1612145680.183931
/ndn/v1-site/v1/C2Data-3754-Type1;122167.0000;DATA;1612145680.795447
/ndn/s8-site/s8/C2Data-3391-Type1;47487.0000;DATA;1612145680.939706
/ndn/s6-site/s6/C2Data-3149-Type1;124432.0000;DATA;1612145681.835467
