/C2Data/v2/C2Data-294-Type1;32483.0000;DATA;1609203412.741134
/C2Data/d2/C2Data-66-Type3;70361.0000;DATA;1609203458.279003
/C2Data/v3/C2Data-316-Type1;117203.0000;DATA;1609203471.345672
/C2Data/h0/C2Data-1-Type2;45795.0000;DATA;1609203473.554068
/C2Data/d1/C2Data-106-Type2;41931.0000;DATA;1609203477.577616
/C2Data/s1/C2Data-190-Type1;182676.0000;DATA;1609203481.508436
/C2Data/v1/C2Data-274-Type2;287531.0000;DATA;1609203481.700226
/C2Data/s0/C2Data-88-Type3;43081.0000;DATA;1609203486.518546
/C2Data/s1/C2Data-99-Type3;34264.0000;DATA;1609203492.182001
/C2Data/v1/C2Data-143-Type3;58190.0000;DATA;1609203496.856315
/C2Data/s1/C2Data-191-Type2;138925.0000;DATA;1609203522.656231
/C2Data/d2/C2Data-128-Type2;70419.0000;DATA;1609203522.920648
/C2Data/d0/C2Data-86-Type2;81823.0000;DATA;1609203528.699246
/C2Data/v2/C2Data-296-Type2;736.0000;DATA;1609203534.828282
/C2Data/h1/C2Data-23-Type2;37045.0000;DATA;1609203539.741827
/C2Data/d1/C2Data-56-Type3;213100.0000;DATA;1609203573.631881
/C2Data/v2/C2Data-155-Type3;745.0000;DATA;1609203591.196182
/C2Data/d2/C2Data-129-Type1;69310.0000;DATA;1609203595.546194
/C2Data/v3/C2Data-55-Type4;301994.0000;DATA;1609203597.453808
/C2Data/v0/C2Data-255-Type1;33956.0000;DATA;1609203598.391907
/C2Data/v0/C2Data-40-Type4;44827.0000;DATA;1609203598.697723
/C2Data/h1/C2Data-12-Type3;556.0000;DATA;1609203599.435820
/C2Data/s0/C2Data-89-Type3;90314.0000;DATA;1609203601.431445
/C2Data/d3/C2Data-78-Type3;158222.0000;NACK;1609203605.473438
/C2Data/d2/C2Data-30-Type4;147481.0000;DATA;1609203635.965846
/C2Data/v3/C2Data-319-Type1;228817.0000;DATA;1609203646.798022
/C2Data/h1/C2Data-25-Type2;54022.0000;DATA;1609203652.423963
/C2Data/v0/C2Data-256-Type2;59333.0000;DATA;1609203656.129155
/C2Data/h3/C2Data-67-Type1;275508.0000;DATA;1609203659.013905
/C2Data/v3/C2Data-319-Type2;25004.0000;DATA;1609203661.225710
/C2Data/s3/C2Data-235-Type2;47773.0000;DATA;1609203661.259936
/C2Data/v1/C2Data-277-Type2;189566.0000;DATA;1609203662.258529
/C2Data/s0/C2Data-90-Type3;92833.0000;DATA;1609203692.811964
/C2Data/h3/C2Data-15-Type4;23596.0000;DATA;1609203700.847845
/C2Data/d0/C2Data-20-Type4;46481.0000;DATA;1609203700.923871
/C2Data/d2/C2Data-131-Type2;255318.0000;DATA;1609203702.811886
/C2Data/h3/C2Data-35-Type3;240194.0000;DATA;1609203703.936037
/C2Data/s2/C2Data-215-Type2;28540.0000;DATA;1609203709.494278
/C2Data/s3/C2Data-236-Type1;143739.0000;DATA;1609203715.538706
/C2Data/d1/C2Data-110-Type2;281667.0000;DATA;1609203715.982551
/C2Data/h1/C2Data-13-Type3;641.0000;DATA;1609203716.965593
/C2Data/d2/C2Data-68-Type3;25146.0000;DATA;1609203718.181368
/C2Data/v3/C2Data-167-Type3;29996.0000;DATA;1609203721.101008
/C2Data/d3/C2Data-152-Type2;113624.0000;NACK;1609203721.177683
/C2Data/h0/C2Data-5-Type1;24679.0000;DATA;1609203721.300463
/C2Data/d1/C2Data-111-Type1;291758.0000;DATA;1609203762.862514
/C2Data/d2/C2Data-132-Type1;96747.0000;DATA;1609203763.971655
/C2Data/d0/C2Data-90-Type2;58149.0000;DATA;1609203765.416883
/C2Data/h0/C2Data-6-Type1;43555.0000;DATA;1609203768.273244
/C2Data/v0/C2Data-258-Type1;56537.0000;DATA;1609203773.426087
/C2Data/h0/C2Data-6-Type2;47753.0000;DATA;1609203782.493057
/C2Data/s0/C2Data-174-Type1;149052.0000;DATA;1609203782.550126
/C2Data/d1/C2Data-112-Type1;232563.0000;DATA;1609203825.232530
/C2Data/h0/C2Data-7-Type1;55025.0000;DATA;1609203826.732731
/C2Data/s1/C2Data-196-Type2;179689.0000;DATA;1609203827.144898
/C2Data/v3/C2Data-322-Type1;233547.0000;DATA;1609203830.074464
/C2Data/s0/C2Data-175-Type1;172019.0000;DATA;1609203839.726651
/C2Data/v0/C2Data-135-Type3;36666.0000;DATA;1609203842.461849
/C2Data/h0/C2Data-8-Type2;25329.0000;DATA;1609203896.307106
/C2Data/h3/C2Data-71-Type1;192889.0000;DATA;1609203899.580418
/C2Data/h3/C2Data-9-Type5;117612.0000;DATA;1609203920.618121
/C2Data/h3/C2Data-72-Type2;164396.0000;DATA;1609203943.902663
/C2Data/h1/C2Data-3-Type5;32190.0000;DATA;1609203950.972445
/C2Data/s3/C2Data-240-Type1;78850.0000;DATA;1609203951.341613
