/ndn/h11-site/h11/C2Data-1331-Type2;129141.0000;DATA;1611605674.147016
/ndn/h13-site/h13/C2Data-1573-Type1;162018.0000;DATA;1611605674.494065
/ndn/s1-site/s1/C2Data-3751-Type1;254824.0000;DATA;1611605675.080119
/ndn/h4-site/h4/C2Data-484-Type2;176361.0000;DATA;1611605675.190129
/ndn/s11-site/s11/C2Data-4961-Type1;457.0000;NACK;1611605676.368022
/ndn/h12-site/h12/C2Data-1452-Type1;532.0000;NACK;1611605678.760106
/ndn/s1-site/s1/C2Data-3751-Type2;115116.0000;DATA;1611605682.057086
/ndn/v13-site/v13/C2Data-7018-Type1;150310.0000;DATA;1611605683.398081
/ndn/d9-site/d9/C2Data-2904-Type1;601.0000;DATA;1611605685.482063
/ndn/d14-site/d14/C2Data-3509-Type2;25022.0000;DATA;1611605686.084547
/ndn/h4-site/h4/C2Data-244-Type3;24480.0000;DATA;1611605700.593612
/ndn/d0-site/d0/C2Data-915-Type3;29412.0000;DATA;1611605700.940339
/ndn/v10-site/v10/C2Data-3355-Type3;86743.0000;DATA;1611605703.919170
/ndn/h6-site/h6/C2Data-366-Type3;120737.0000;DATA;1611605704.353059
/ndn/d2-site/d2/C2Data-2058-Type2;49093.0000;DATA;1611605705.571107
/ndn/s6-site/s6/C2Data-2196-Type3;505.0000;DATA;1611605705.729139
/ndn/d9-site/d9/C2Data-2905-Type2;49266.0000;DATA;1611605706.791112
/ndn/h13-site/h13/C2Data-793-Type3;675.0000;DATA;1611605708.232078
/ndn/v6-site/v6/C2Data-6172-Type1;96233.0000;DATA;1611605708.579061
/ndn/d1-site/d1/C2Data-976-Type3;445.0000;NACK;1611605709.849144
/ndn/d1-site/d1/C2Data-1937-Type1;517.0000;NACK;1611605710.175157
/ndn/s3-site/s3/C2Data-2013-Type3;507.0000;DATA;1611605710.597064
/ndn/v5-site/v5/C2Data-3050-Type3;544.0000;DATA;1611605711.630027
/ndn/s4-site/s4/C2Data-4115-Type2;406.0000;NACK;1611605712.628134
/ndn/s4-site/s4/C2Data-2074-Type3;492.0000;NACK;1611605712.647032
/ndn/v14-site/v14/C2Data-7140-Type2;644.0000;DATA;1611605713.900071
/ndn/v3-site/v3/C2Data-5809-Type1;94342.0000;DATA;1611605714.275110
/ndn/h0-site/h0/C2Data-1-Type1;192351.0000;DATA;1611605714.216101
/ndn/d7-site/d7/C2Data-1342-Type3;629.0000;DATA;1611605717.050072
/ndn/d7-site/d7/C2Data-2664-Type1;49734.0000;DATA;1611605737.696098
/ndn/h1-site/h1/C2Data-123-Type2;456.0000;DATA;1611605738.549021
/ndn/s0-site/s0/C2Data-3632-Type2;652.0000;DATA;1611605739.436123
/ndn/s6-site/s6/C2Data-4358-Type2;585.0000;DATA;1611605742.361126
/ndn/s9-site/s9/C2Data-2380-Type3;125095.0000;DATA;1611605762.055076
/ndn/d8-site/d8/C2Data-2786-Type1;23628.0000;DATA;1611605764.209123
/ndn/s14-site/s14/C2Data-2685-Type3;120367.0000;DATA;1611605764.287095
/ndn/d2-site/d2/C2Data-2060-Type1;47847.0000;DATA;1611605764.795120
/ndn/h0-site/h0/C2Data-3-Type2;584.0000;DATA;1611605765.494133
/ndn/v2-site/v2/C2Data-2868-Type3;631.0000;DATA;1611605765.969090
/ndn/h3-site/h3/C2Data-366-Type1;617.0000;DATA;1611605766.432029
/ndn/h4-site/h4/C2Data-487-Type2;46313.0000;DATA;1611605768.032030
/ndn/s8-site/s8/C2Data-4601-Type1;119726.0000;DATA;1611605767.997121
/ndn/v13-site/v13/C2Data-7021-Type2;150499.0000;DATA;1611605768.618225
/ndn/s11-site/s11/C2Data-4964-Type1;580.0000;DATA;1611605768.791099
/ndn/h3-site/h3/C2Data-366-Type2;48146.0000;DATA;1611605768.949106
/ndn/d9-site/d9/C2Data-1465-Type3;49661.0000;DATA;1611605770.162111
/ndn/v4-site/v4/C2Data-5932-Type2;652.0000;DATA;1611605770.565074
/ndn/d8-site/d8/C2Data-1404-Type3;396.0000;DATA;1611605770.945254
/ndn/v5-site/v5/C2Data-875-Type4;100719.0000;DATA;1611605771.476086
/ndn/h5-site/h5/C2Data-125-Type4;118216.0000;DATA;1611605772.929102
/ndn/d0-site/d0/C2Data-1818-Type1;26068.0000;DATA;1611605774.264034
/ndn/v12-site/v12/C2Data-6900-Type1;72527.0000;DATA;1611605774.530044
/ndn/s5-site/s5/C2Data-4238-Type1;24592.0000;DATA;1611605774.994096
/ndn/h7-site/h7/C2Data-428-Type3;554.0000;DATA;1611605777.084114
/ndn/v13-site/v13/C2Data-3539-Type3;683.0000;DATA;1611605777.828109
/ndn/v6-site/v6/C2Data-900-Type4;50045.0000;DATA;1611605778.163124
/ndn/v3-site/v3/C2Data-2929-Type3;731.0000;DATA;1611605778.320138
/ndn/h8-site/h8/C2Data-200-Type4;96414.0000;DATA;1611605778.329160
/ndn/h14-site/h14/C2Data-350-Type4;24358.0000;DATA;1611605780.577035
/ndn/s4-site/s4/C2Data-2075-Type3;46668.0000;DATA;1611605781.353141
/ndn/d2-site/d2/C2Data-425-Type4;26749.0000;DATA;1611605784.013132
/ndn/d3-site/d3/C2Data-450-Type4;111408.0000;DATA;1611605788.793148
/ndn/h1-site/h1/C2Data-125-Type1;73146.0000;DATA;1611605794.488098
/ndn/v1-site/v1/C2Data-775-Type4;651.0000;DATA;1611605796.705042
/ndn/v3-site/v3/C2Data-5812-Type1;46309.0000;DATA;1611605796.829037
/ndn/h14-site/h14/C2Data-1698-Type2;148505.0000;DATA;1611605796.830201
/ndn/s11-site/s11/C2Data-4965-Type2;213179.0000;DATA;1611605798.500095
/ndn/h2-site/h2/C2Data-246-Type1;219869.0000;DATA;1611605799.749167
/ndn/d1-site/d1/C2Data-1940-Type1;71229.0000;DATA;1611605800.228108
/ndn/d7-site/d7/C2Data-2666-Type2;24010.0000;DATA;1611605800.796024
/ndn/s0-site/s0/C2Data-3634-Type2;23215.0000;DATA;1611605801.524045
/ndn/s10-site/s10/C2Data-4844-Type1;191355.0000;DATA;1611605801.636087
/ndn/d10-site/d10/C2Data-625-Type4;652.0000;DATA;1611605801.886047
/ndn/v13-site/v13/C2Data-1075-Type4;628.0000;DATA;1611605802.056025
/ndn/d9-site/d9/C2Data-2908-Type2;48881.0000;DATA;1611605803.291140
/ndn/d7-site/d7/C2Data-2666-Type1;47320.0000;DATA;1611605805.255148
/ndn/h0-site/h0/C2Data-4-Type1;707.0000;DATA;1611605805.524028
/ndn/v7-site/v7/C2Data-925-Type4;666.0000;DATA;1611605812.785286
/ndn/h10-site/h10/C2Data-250-Type4;591.0000;DATA;1611605814.073114
/ndn/h2-site/h2/C2Data-124-Type3;48458.0000;DATA;1611605821.901119
/ndn/v7-site/v7/C2Data-3174-Type3;536.0000;DATA;1611605822.016183
/ndn/s8-site/s8/C2Data-2320-Type3;140259.0000;DATA;1611605822.182095
/ndn/s13-site/s13/C2Data-2625-Type3;47416.0000;DATA;1611605822.750095
/ndn/d1-site/d1/C2Data-978-Type3;151546.0000;DATA;1611605822.658272
/ndn/v4-site/v4/C2Data-2991-Type3;492.0000;DATA;1611605824.460191
/ndn/d0-site/d0/C2Data-917-Type3;714.0000;DATA;1611605825.078188
/ndn/h7-site/h7/C2Data-429-Type3;604.0000;DATA;1611605825.790258
/ndn/h7-site/h7/C2Data-852-Type2;215455.0000;DATA;1611605826.119073
/ndn/s8-site/s8/C2Data-4603-Type1;664.0000;DATA;1611605826.889114
/ndn/h0-site/h0/C2Data-2-Type3;506.0000;DATA;1611605826.904043
/ndn/d5-site/d5/C2Data-2425-Type1;116291.0000;DATA;1611605826.790026
/ndn/h9-site/h9/C2Data-1094-Type2;48492.0000;DATA;1611605826.998153
/ndn/d8-site/d8/C2Data-2788-Type2;24413.0000;DATA;1611605827.703110
/ndn/v0-site/v0/C2Data-2747-Type3;610.0000;DATA;1611605827.771198
/ndn/h2-site/h2/C2Data-247-Type1;119538.0000;DATA;1611605828.407109
/ndn/s14-site/s14/C2Data-5329-Type2;94152.0000;DATA;1611605829.042049
/ndn/h10-site/h10/C2Data-612-Type3;447.0000;DATA;1611605829.789060
/ndn/d8-site/d8/C2Data-1405-Type3;650.0000;DATA;1611605831.014014
/ndn/s11-site/s11/C2Data-4966-Type1;216748.0000;DATA;1611605831.797033
/ndn/h10-site/h10/C2Data-1215-Type1;94782.0000;DATA;1611605832.887024
/ndn/v5-site/v5/C2Data-6055-Type2;607.0000;DATA;1611605834.790061
/ndn/d2-site/d2/C2Data-2062-Type2;550.0000;DATA;1611605834.948126
/ndn/d9-site/d9/C2Data-1466-Type3;487.0000;DATA;1611605837.547106
/ndn/s9-site/s9/C2Data-2381-Type3;550.0000;DATA;1611605837.866162
/ndn/s10-site/s10/C2Data-2442-Type3;776.0000;DATA;1611605838.269020
/ndn/h14-site/h14/C2Data-1700-Type2;177000.0000;DATA;1611605854.560084
/ndn/s13-site/s13/C2Data-5209-Type2;243623.0000;DATA;1611605854.562222
/ndn/v1-site/v1/C2Data-5572-Type2;71064.0000;DATA;1611605855.237030
/ndn/d13-site/d13/C2Data-3394-Type1;93104.0000;DATA;1611605855.348168
/ndn/s3-site/s3/C2Data-3999-Type2;221004.0000;DATA;1611605855.545025
/ndn/h4-site/h4/C2Data-490-Type2;743.0000;DATA;1611605861.269117
/ndn/s1-site/s1/C2Data-3757-Type1;232015.0000;DATA;1611605861.301105
/ndn/h1-site/h1/C2Data-127-Type1;675.0000;DATA;1611605862.171044
/ndn/v11-site/v11/C2Data-6782-Type1;149085.0000;DATA;1611605862.497055
/ndn/v4-site/v4/C2Data-5935-Type2;612.0000;DATA;1611605863.367122
/ndn/h12-site/h12/C2Data-1458-Type2;75053.0000;DATA;1611605864.067120
/ndn/v13-site/v13/C2Data-7024-Type2;144177.0000;DATA;1611605864.961099
/ndn/v4-site/v4/C2Data-5935-Type1;630.0000;DATA;1611605865.847102
/ndn/h2-site/h2/C2Data-248-Type2;654.0000;DATA;1611605866.026057
/ndn/s1-site/s1/C2Data-1894-Type3;249642.0000;DATA;1611605879.348070
/ndn/s9-site/s9/C2Data-2382-Type3;93254.0000;DATA;1611605879.688127
/ndn/v7-site/v7/C2Data-3175-Type3;51668.0000;DATA;1611605879.767102
/ndn/s7-site/s7/C2Data-2260-Type3;169091.0000;DATA;1611605880.561636
/ndn/v4-site/v4/C2Data-2992-Type3;612.0000;DATA;1611605884.362066
/ndn/h2-site/h2/C2Data-125-Type3;47680.0000;DATA;1611605884.746147
/ndn/v2-site/v2/C2Data-5694-Type1;69451.0000;DATA;1611605885.466095
/ndn/s11-site/s11/C2Data-2504-Type3;540.0000;DATA;1611605888.218923
/ndn/s13-site/s13/C2Data-5210-Type2;72420.0000;DATA;1611605888.320113
/ndn/d7-site/d7/C2Data-2669-Type2;23425.0000;DATA;1611605889.289087
