/ndn/h12-site/h12/C2Data-1452-Type2;192796.0000;DATA;1611605089.663972
/ndn/s7-site/s7/C2Data-4477-Type2;125979.0000;DATA;1611605091.218039
/ndn/s0-site/s0/C2Data-3630-Type1;149755.0000;DATA;1611605091.290993
/ndn/s4-site/s4/C2Data-4114-Type1;118268.0000;DATA;1611605091.833129
/ndn/h9-site/h9/C2Data-1089-Type2;119109.0000;DATA;1611605091.926984
/ndn/h9-site/h9/C2Data-1089-Type1;72205.0000;DATA;1611605092.008981
/ndn/s10-site/s10/C2Data-4840-Type2;100394.0000;DATA;1611605093.461963
/ndn/s14-site/s14/C2Data-5324-Type2;27962.0000;DATA;1611605095.275903
/ndn/s11-site/s11/C2Data-4961-Type2;471.0000;NACK;1611605097.878920
/ndn/d14-site/d14/C2Data-3509-Type2;96294.0000;DATA;1611605098.544993
/ndn/h2-site/h2/C2Data-242-Type1;121002.0000;DATA;1611605099.952989
/ndn/h11-site/h11/C2Data-671-Type3;106196.0000;DATA;1611605113.177031
/ndn/h7-site/h7/C2Data-427-Type3;253927.0000;DATA;1611605113.864971
/ndn/v5-site/v5/C2Data-3050-Type3;24359.0000;DATA;1611605114.519985
/ndn/v0-site/v0/C2Data-5446-Type1;146240.0000;DATA;1611605119.155963
/ndn/d2-site/d2/C2Data-2058-Type1;751.0000;DATA;1611605122.917916
/ndn/h6-site/h6/C2Data-727-Type2;185821.0000;DATA;1611605125.010986
/ndn/v12-site/v12/C2Data-3477-Type3;25978.0000;DATA;1611605125.679983
/ndn/v6-site/v6/C2Data-3111-Type3;631.0000;DATA;1611605125.848019
/ndn/v11-site/v11/C2Data-6777-Type2;70294.0000;DATA;1611605127.165916
/ndn/v14-site/v14/C2Data-7140-Type1;143428.0000;DATA;1611605127.995991
/ndn/h5-site/h5/C2Data-606-Type1;147011.0000;DATA;1611605128.193936
/ndn/h3-site/h3/C2Data-183-Type3;23657.0000;DATA;1611605132.931171
/ndn/d5-site/d5/C2Data-1220-Type3;49950.0000;DATA;1611605134.324029
/ndn/d9-site/d9/C2Data-1464-Type3;56838.0000;DATA;1611605135.602083
/ndn/s12-site/s12/C2Data-2562-Type3;235426.0000;DATA;1611605136.783322
/ndn/s14-site/s14/C2Data-5326-Type1;98999.0000;DATA;1611605149.453091
/ndn/v2-site/v2/C2Data-5689-Type1;92143.0000;DATA;1611605149.515000
/ndn/h11-site/h11/C2Data-1333-Type2;97638.0000;DATA;1611605149.744020
/ndn/h3-site/h3/C2Data-365-Type1;72113.0000;DATA;1611605149.908004
/ndn/v4-site/v4/C2Data-5931-Type2;119859.0000;DATA;1611605149.868103
/ndn/s6-site/s6/C2Data-4358-Type1;54259.0000;DATA;1611605150.051989
/ndn/v12-site/v12/C2Data-6899-Type1;109956.0000;DATA;1611605150.031038
/ndn/d10-site/d10/C2Data-3027-Type2;46553.0000;DATA;1611605151.559970
/ndn/s4-site/s4/C2Data-4116-Type1;191587.0000;DATA;1611605151.714987
/ndn/v13-site/v13/C2Data-7020-Type2;117746.0000;DATA;1611605152.277979
/ndn/s3-site/s3/C2Data-3995-Type2;122797.0000;DATA;1611605154.709980
/ndn/v8-site/v8/C2Data-6415-Type2;25508.0000;DATA;1611605156.480010
/ndn/d0-site/d0/C2Data-1817-Type1;23670.0000;DATA;1611605156.805045
/ndn/v12-site/v12/C2Data-6899-Type2;23729.0000;DATA;1611605160.500016
/ndn/h1-site/h1/C2Data-123-Type1;664.0000;DATA;1611605160.847993
/ndn/s9-site/s9/C2Data-2380-Type3;148519.0000;DATA;1611605173.300035
/ndn/v3-site/v3/C2Data-2929-Type3;160025.0000;DATA;1611605175.902230
/ndn/s6-site/s6/C2Data-2197-Type3;104668.0000;DATA;1611605176.175981
/ndn/v9-site/v9/C2Data-6537-Type1;219771.0000;DATA;1611605179.325972
/ndn/h13-site/h13/C2Data-1576-Type2;122493.0000;DATA;1611605180.059973
/ndn/d1-site/d1/C2Data-1939-Type1;645.0000;DATA;1611605180.542983
/ndn/h9-site/h9/C2Data-550-Type3;25626.0000;DATA;1611605181.357898
/ndn/s12-site/s12/C2Data-2563-Type3;120030.0000;DATA;1611605182.367983
/ndn/s13-site/s13/C2Data-5206-Type2;48375.0000;DATA;1611605183.207593
/ndn/d12-site/d12/C2Data-1648-Type3;23310.0000;DATA;1611605183.896968
/ndn/d2-site/d2/C2Data-425-Type4;26373.0000;DATA;1611605185.437978
/ndn/s1-site/s1/C2Data-1892-Type3;23837.0000;DATA;1611605185.952896
/ndn/h14-site/h14/C2Data-350-Type4;93775.0000;DATA;1611605187.769978
/ndn/d13-site/d13/C2Data-3391-Type2;75287.0000;DATA;1611605188.066122
/ndn/h2-site/h2/C2Data-123-Type3;97368.0000;DATA;1611605189.116037
/ndn/v7-site/v7/C2Data-6295-Type2;23545.0000;DATA;1611605189.250970
/ndn/v5-site/v5/C2Data-6053-Type2;23648.0000;DATA;1611605189.962958
/ndn/h13-site/h13/C2Data-325-Type4;105184.0000;DATA;1611605195.207001
/ndn/v2-site/v2/C2Data-2868-Type3;24836.0000;DATA;1611605195.575998
/ndn/h2-site/h2/C2Data-50-Type4;133600.0000;DATA;1611605201.035935
/ndn/d6-site/d6/C2Data-525-Type4;69209.0000;DATA;1611605206.060008
/ndn/v13-site/v13/C2Data-7022-Type1;123614.0000;DATA;1611605209.815973
/ndn/v8-site/v8/C2Data-6417-Type1;229737.0000;DATA;1611605210.421017
/ndn/s11-site/s11/C2Data-4965-Type1;145984.0000;DATA;1611605212.401961
/ndn/v1-site/v1/C2Data-5570-Type2;23374.0000;DATA;1611605214.589924
/ndn/v0-site/v0/C2Data-5449-Type1;24458.0000;DATA;1611605215.177055
/ndn/d12-site/d12/C2Data-3271-Type1;25238.0000;DATA;1611605215.535963
/ndn/v3-site/v3/C2Data-5812-Type1;592.0000;DATA;1611605215.807929
/ndn/d0-site/d0/C2Data-1819-Type1;31264.0000;DATA;1611605215.951100
/ndn/v9-site/v9/C2Data-6538-Type2;23636.0000;DATA;1611605216.715118
/ndn/d3-site/d3/C2Data-2182-Type2;119911.0000;DATA;1611605216.758915
/ndn/h5-site/h5/C2Data-609-Type2;145257.0000;DATA;1611605217.124038
/ndn/v14-site/v14/C2Data-7143-Type1;144650.0000;DATA;1611605218.280996
/ndn/h4-site/h4/C2Data-488-Type2;27320.0000;DATA;1611605218.583959
/ndn/h9-site/h9/C2Data-1093-Type1;23570.0000;DATA;1611605219.865978
/ndn/v9-site/v9/C2Data-975-Type4;283793.0000;DATA;1611605221.349039
/ndn/h6-site/h6/C2Data-150-Type4;25646.0000;DATA;1611605232.347380
/ndn/s4-site/s4/C2Data-2076-Type3;205885.0000;DATA;1611605235.529955
/ndn/h1-site/h1/C2Data-25-Type4;753.0000;DATA;1611605237.378080
/ndn/v14-site/v14/C2Data-1100-Type4;49433.0000;DATA;1611605237.444984
/ndn/v4-site/v4/C2Data-2991-Type3;23368.0000;DATA;1611605238.106960
/ndn/h6-site/h6/C2Data-368-Type3;191763.0000;DATA;1611605239.233025
/ndn/s1-site/s1/C2Data-3756-Type2;117091.0000;DATA;1611605240.301011
/ndn/h12-site/h12/C2Data-1457-Type2;637.0000;DATA;1611605241.154299
/ndn/h9-site/h9/C2Data-1094-Type1;122534.0000;DATA;1611605241.489965
/ndn/d10-site/d10/C2Data-3030-Type1;142804.0000;DATA;1611605242.218921
/ndn/d13-site/d13/C2Data-3393-Type2;24533.0000;DATA;1611605242.583987
/ndn/s11-site/s11/C2Data-4966-Type2;247401.0000;DATA;1611605242.874018
/ndn/v3-site/v3/C2Data-5813-Type2;117383.0000;DATA;1611605243.761989
/ndn/h6-site/h6/C2Data-731-Type2;191470.0000;DATA;1611605244.494009
/ndn/v13-site/v13/C2Data-7023-Type2;74867.0000;DATA;1611605244.949003
/ndn/s10-site/s10/C2Data-4845-Type2;474.0000;DATA;1611605245.689900
/ndn/v9-site/v9/C2Data-3296-Type3;214547.0000;DATA;1611605245.675017
/ndn/h6-site/h6/C2Data-731-Type1;70161.0000;DATA;1611605247.283910
/ndn/h0-site/h0/C2Data-5-Type1;208791.0000;DATA;1611605247.899112
/ndn/v0-site/v0/C2Data-2747-Type3;23391.0000;DATA;1611605248.343969
/ndn/h12-site/h12/C2Data-734-Type3;813.0000;DATA;1611605249.471003
/ndn/v5-site/v5/C2Data-6056-Type1;120357.0000;DATA;1611605269.177911
/ndn/h4-site/h4/C2Data-490-Type2;192189.0000;DATA;1611605269.446002
/ndn/v11-site/v11/C2Data-6782-Type1;773.0000;DATA;1611605269.712957
/ndn/d9-site/d9/C2Data-2910-Type2;99909.0000;DATA;1611605271.886948
/ndn/d7-site/d7/C2Data-2668-Type2;70136.0000;DATA;1611605272.787923
/ndn/s2-site/s2/C2Data-3878-Type2;98222.0000;DATA;1611605273.288929
/ndn/s12-site/s12/C2Data-5088-Type2;149120.0000;DATA;1611605274.795979
/ndn/v7-site/v7/C2Data-6298-Type1;71533.0000;DATA;1611605276.526987
/ndn/s3-site/s3/C2Data-3999-Type1;144184.0000;DATA;1611605276.744953
/ndn/h9-site/h9/C2Data-1095-Type1;23474.0000;DATA;1611605277.032912
/ndn/h9-site/h9/C2Data-1095-Type2;25588.0000;DATA;1611605279.498899
/ndn/d7-site/d7/C2Data-2668-Type1;71862.0000;DATA;1611605280.299051
/ndn/h7-site/h7/C2Data-853-Type2;143753.0000;DATA;1611605280.279943
/ndn/d14-site/d14/C2Data-1772-Type3;114733.0000;DATA;1611605294.537982
/ndn/s10-site/s10/C2Data-2443-Type3;593.0000;DATA;1611605294.802964
/ndn/d4-site/d4/C2Data-1162-Type3;69494.0000;DATA;1611605298.624897
/ndn/s12-site/s12/C2Data-5089-Type1;239841.0000;DATA;1611605299.194901
/ndn/s7-site/s7/C2Data-2260-Type3;623.0000;DATA;1611605301.053064
/ndn/s7-site/s7/C2Data-4484-Type2;534.0000;DATA;1611605302.266959
/ndn/s3-site/s3/C2Data-4000-Type2;25585.0000;DATA;1611605303.624911
