/ndn/h1-site/h1/C2Data-121-Type1;26337.0000;DATA;1612145936.786836
/ndn/h0-site/h0/C2Data-0-Type2;154772.0000;DATA;1612145937.302524
/ndn/s3-site/s3/C2Data-2783-Type2;126776.0000;DATA;1612145938.336989
/ndn/s2-site/s2/C2Data-2662-Type2;888.0000;DATA;1612145941.409993
/ndn/d1-site/d1/C2Data-1331-Type2;50242.0000;DATA;1612145941.385483
/ndn/v7-site/v7/C2Data-4477-Type1;103055.0000;DATA;1612145943.779557
/ndn/s6-site/s6/C2Data-3146-Type2;24864.0000;DATA;1612145943.899075
/ndn/s4-site/s4/C2Data-2904-Type2;5349.0000;DATA;1612145945.718419
/ndn/v6-site/v6/C2Data-4356-Type2;49015.0000;DATA;1612145945.941167
/ndn/s7-site/s7/C2Data-3267-Type1;52549.0000;DATA;1612145947.047507
/ndn/s9-site/s9/C2Data-1769-Type3;49460.0000;DATA;1612145966.675287
/ndn/v1-site/v1/C2Data-3752-Type1;25471.0000;DATA;1612145967.439216
/ndn/s2-site/s2/C2Data-2663-Type1;26351.0000;DATA;1612145967.457297
/ndn/d6-site/d6/C2Data-1937-Type1;101238.0000;DATA;1612145970.510432
/ndn/v7-site/v7/C2Data-2257-Type3;97318.0000;DATA;1612145970.618066
/ndn/s3-site/s3/C2Data-2784-Type2;27555.0000;DATA;1612145975.310538
/ndn/d0-site/d0/C2Data-1211-Type1;2431.0000;DATA;1612145976.778526
/ndn/s5-site/s5/C2Data-3026-Type1;1185.0000;DATA;1612145977.198196
/ndn/h1-site/h1/C2Data-122-Type1;620.0000;DATA;1612145977.255057
/ndn/v5-site/v5/C2Data-4236-Type2;55928.0000;DATA;1612145978.548895
/ndn/v6-site/v6/C2Data-2196-Type3;4367.0000;DATA;1612145981.226615
/ndn/s7-site/s7/C2Data-1647-Type3;1125.0000;DATA;1612145983.611041
/ndn/d1-site/d1/C2Data-1333-Type1;96419.0000;DATA;1612145998.232795
/ndn/s6-site/s6/C2Data-3148-Type2;126649.0000;DATA;1612145998.281035
/ndn/d7-site/d7/C2Data-2059-Type1;3042.0000;DATA;1612146000.240716
/ndn/v6-site/v6/C2Data-4358-Type2;979.0000;DATA;1612146001.216206
/ndn/h3-site/h3/C2Data-365-Type2;1398.0000;DATA;1612146004.189162
/ndn/h4-site/h4/C2Data-486-Type1;26023.0000;DATA;1612146004.992128
/ndn/h5-site/h5/C2Data-607-Type1;28804.0000;DATA;1612146005.880635
/ndn/s1-site/s1/C2Data-2543-Type1;113538.0000;DATA;1612146006.515270
/ndn/d4-site/d4/C2Data-1696-Type2;24862.0000;DATA;1612146007.720698
/ndn/d2-site/d2/C2Data-733-Type3;64001.0000;DATA;1612146021.378150
/ndn/d3-site/d3/C2Data-794-Type3;151965.0000;DATA;1612146025.250966
/ndn/s7-site/s7/C2Data-1648-Type3;1068.0000;DATA;1612146028.326163
/ndn/h5-site/h5/C2Data-608-Type1;29971.0000;DATA;1612146028.447705
/ndn/s0-site/s0/C2Data-2423-Type2;85670.0000;DATA;1612146028.961143
/ndn/v0-site/v0/C2Data-3633-Type2;854.0000;DATA;1612146029.232922
/ndn/d0-site/d0/C2Data-1213-Type2;100599.0000;DATA;1612146031.292577
