/ndn/v11-site/v11/C2Data-6776-Type1;645.0000;NACK;1611611481.277138
/ndn/d1-site/d1/C2Data-1936-Type1;410.0000;NACK;1611611481.417188
/ndn/v10-site/v10/C2Data-6655-Type1;95079.0000;DATA;1611611485.317115
/ndn/h8-site/h8/C2Data-968-Type2;144466.0000;DATA;1611611487.174098
/ndn/d0-site/d0/C2Data-1815-Type2;71705.0000;DATA;1611611490.930098
/ndn/s11-site/s11/C2Data-4961-Type1;265814.0000;DATA;1611611490.795113
/ndn/h9-site/h9/C2Data-1089-Type2;150042.0000;DATA;1611611491.680127
/ndn/h2-site/h2/C2Data-122-Type3;289780.0000;DATA;1611611507.740168
/ndn/h1-site/h1/C2Data-61-Type3;122294.0000;DATA;1611611508.113158
/ndn/d10-site/d10/C2Data-1525-Type3;230050.0000;DATA;1611611508.624158
/ndn/d4-site/d4/C2Data-2300-Type2;178115.0000;DATA;1611611511.282674
/ndn/v6-site/v6/C2Data-3111-Type3;139955.0000;DATA;1611611511.509105
/ndn/v8-site/v8/C2Data-6414-Type1;195446.0000;DATA;1611611512.093103
/ndn/d2-site/d2/C2Data-2058-Type1;96546.0000;DATA;1611611512.887118
/ndn/d12-site/d12/C2Data-3268-Type2;49024.0000;DATA;1611611513.268096
/ndn/v14-site/v14/C2Data-7140-Type2;196440.0000;DATA;1611611514.519169
/ndn/d13-site/d13/C2Data-3389-Type1;145890.0000;DATA;1611611515.049178
/ndn/v7-site/v7/C2Data-6293-Type2;25774.0000;DATA;1611611515.336132
/ndn/v10-site/v10/C2Data-3355-Type3;95369.0000;DATA;1611611515.783158
/ndn/d3-site/d3/C2Data-1098-Type3;142527.0000;DATA;1611611516.717188
/ndn/s7-site/s7/C2Data-2257-Type3;193623.0000;DATA;1611611519.093186
/ndn/v5-site/v5/C2Data-6051-Type1;52378.0000;DATA;1611611520.272210
/ndn/h11-site/h11/C2Data-671-Type3;164150.0000;DATA;1611611520.380191
/ndn/v6-site/v6/C2Data-6172-Type1;137310.0000;DATA;1611611521.347100
/ndn/s13-site/s13/C2Data-5204-Type1;277556.0000;DATA;1611611522.780106
/ndn/s9-site/s9/C2Data-2379-Type3;199319.0000;DATA;1611611523.793115
/ndn/h4-site/h4/C2Data-244-Type3;221234.0000;DATA;1611611523.984096
/ndn/h12-site/h12/C2Data-732-Type3;258106.0000;DATA;1611611528.706172
/ndn/v3-site/v3/C2Data-2928-Type3;232974.0000;DATA;1611611529.027141
/ndn/h1-site/h1/C2Data-123-Type2;117485.0000;DATA;1611611542.506148
/ndn/h12-site/h12/C2Data-1454-Type1;276126.0000;DATA;1611611544.380114
/ndn/h4-site/h4/C2Data-486-Type2;216809.0000;DATA;1611611545.398178
/ndn/s0-site/s0/C2Data-3632-Type1;162220.0000;DATA;1611611545.897824
/ndn/v12-site/v12/C2Data-6899-Type2;23984.0000;DATA;1611611546.139129
/ndn/d5-site/d5/C2Data-2422-Type1;197377.0000;DATA;1611611546.345109
/ndn/d2-site/d2/C2Data-2059-Type1;101700.0000;DATA;1611611547.889104
/ndn/d1-site/d1/C2Data-1938-Type2;240654.0000;DATA;1611611547.821101
/ndn/v1-site/v1/C2Data-5568-Type2;24172.0000;DATA;1611611549.121151
/ndn/s10-site/s10/C2Data-4842-Type2;235225.0000;DATA;1611611549.831092
/ndn/v13-site/v13/C2Data-7020-Type2;184869.0000;DATA;1611611550.021102
/ndn/h8-site/h8/C2Data-970-Type2;144367.0000;DATA;1611611550.446167
/ndn/h2-site/h2/C2Data-244-Type2;263120.0000;DATA;1611611550.349219
/ndn/v11-site/v11/C2Data-6778-Type2;148745.0000;DATA;1611611551.380120
/ndn/d14-site/d14/C2Data-3511-Type1;171025.0000;DATA;1611611552.583118
/ndn/s11-site/s11/C2Data-2502-Type3;273550.0000;DATA;1611611566.349179
/ndn/v4-site/v4/C2Data-2990-Type3;47669.0000;DATA;1611611572.617255
/ndn/v5-site/v5/C2Data-6053-Type2;50812.0000;DATA;1611611572.738156
/ndn/s9-site/s9/C2Data-2380-Type3;199716.0000;DATA;1611611573.921120
/ndn/h7-site/h7/C2Data-850-Type2;263400.0000;DATA;1611611574.467179
/ndn/h2-site/h2/C2Data-245-Type2;256777.0000;DATA;1611611574.555172
/ndn/h0-site/h0/C2Data-3-Type1;244708.0000;DATA;1611611574.609099
/ndn/d8-site/d8/C2Data-2786-Type1;74794.0000;DATA;1611611575.709179
/ndn/d0-site/d0/C2Data-1818-Type2;74251.0000;DATA;1611611576.728092
/ndn/d3-site/d3/C2Data-2181-Type1;147453.0000;DATA;1611611576.670152
/ndn/d12-site/d12/C2Data-1648-Type3;47987.0000;DATA;1611611577.560184
/ndn/h6-site/h6/C2Data-729-Type2;218792.0000;DATA;1611611579.621190
/ndn/h7-site/h7/C2Data-175-Type4;264967.0000;DATA;1611611579.931151
/ndn/v2-site/v2/C2Data-5690-Type1;119145.0000;DATA;1611611580.125096
/ndn/v6-site/v6/C2Data-3112-Type3;146008.0000;DATA;1611611580.456128
/ndn/h4-site/h4/C2Data-245-Type3;206913.0000;DATA;1611611581.564101
/ndn/h12-site/h12/C2Data-1455-Type1;255618.0000;DATA;1611611582.335174
/ndn/h14-site/h14/C2Data-1697-Type1;218489.0000;DATA;1611611582.410145
/ndn/s13-site/s13/C2Data-5206-Type2;6000354.0000;TIMEOUT;1611611577.795168
/ndn/d11-site/d11/C2Data-1587-Type3;25534.0000;DATA;1611611584.494261
/ndn/h8-site/h8/C2Data-200-Type4;178281.0000;DATA;1611611587.925110
/ndn/s9-site/s9/C2Data-4722-Type2;6000279.0000;TIMEOUT;1611611582.170177
/ndn/v11-site/v11/C2Data-3417-Type3;188139.0000;DATA;1611611588.456111
/ndn/s2-site/s2/C2Data-1953-Type3;6002925.0000;TIMEOUT;1611611585.093101
/ndn/v0-site/v0/C2Data-750-Type4;212529.0000;DATA;1611611591.148281
/ndn/h10-site/h10/C2Data-250-Type4;202414.0000;DATA;1611611595.204226
/ndn/v5-site/v5/C2Data-875-Type4;51551.0000;DATA;1611611597.998465
/ndn/v14-site/v14/C2Data-1100-Type4;226137.0000;DATA;1611611600.441148
/ndn/v4-site/v4/C2Data-5933-Type1;49406.0000;DATA;1611611603.822152
/ndn/d4-site/d4/C2Data-475-Type4;171620.0000;DATA;1611611604.787111
/ndn/h12-site/h12/C2Data-1456-Type1;269989.0000;DATA;1611611605.088176
/ndn/h11-site/h11/C2Data-1335-Type1;165850.0000;DATA;1611611605.978126
/ndn/s3-site/s3/C2Data-3997-Type2;6000273.0000;TIMEOUT;1611611603.722178
/ndn/d14-site/d14/C2Data-725-Type4;173175.0000;DATA;1611611610.165109
/ndn/s5-site/s5/C2Data-4239-Type1;6000486.0000;TIMEOUT;1611611604.617110
/ndn/h11-site/h11/C2Data-1335-Type2;180144.0000;DATA;1611611610.564216
/ndn/h14-site/h14/C2Data-1698-Type2;210697.0000;DATA;1611611610.711191
/ndn/v14-site/v14/C2Data-7143-Type2;188472.0000;DATA;1611611611.601663
/ndn/d3-site/d3/C2Data-450-Type4;146950.0000;DATA;1611611612.096106
/ndn/v5-site/v5/C2Data-6054-Type1;46455.0000;DATA;1611611612.925112
/ndn/d0-site/d0/C2Data-917-Type3;82982.0000;DATA;1611611625.382238
/ndn/h0-site/h0/C2Data-0-Type4;294040.0000;DATA;1611611626.329202
/ndn/v9-site/v9/C2Data-975-Type4;249123.0000;DATA;1611611626.587775
/ndn/v7-site/v7/C2Data-3174-Type3;29496.0000;DATA;1611611626.975105
/ndn/d12-site/d12/C2Data-1649-Type3;52029.0000;DATA;1611611627.249066
/ndn/v3-site/v3/C2Data-2930-Type3;219351.0000;DATA;1611611627.624151
/ndn/d5-site/d5/C2Data-1222-Type3;331552.0000;DATA;1611611629.588199
/ndn/v1-site/v1/C2Data-5571-Type2;23816.0000;DATA;1611611632.058154
/ndn/v7-site/v7/C2Data-925-Type4;24324.0000;DATA;1611611633.098103
/ndn/v1-site/v1/C2Data-2808-Type3;24261.0000;DATA;1611611633.878185
/ndn/d10-site/d10/C2Data-1527-Type3;215829.0000;DATA;1611611634.409145
/ndn/h6-site/h6/C2Data-368-Type3;213846.0000;DATA;1611611634.708136
/ndn/d9-site/d9/C2Data-2909-Type2;119370.0000;DATA;1611611635.736280
/ndn/h6-site/h6/C2Data-150-Type4;218022.0000;DATA;1611611636.832097
/ndn/s6-site/s6/C2Data-4361-Type1;6000391.0000;TIMEOUT;1611611632.170193
/ndn/h0-site/h0/C2Data-5-Type2;231738.0000;DATA;1611611639.043129
/ndn/h9-site/h9/C2Data-1094-Type2;140121.0000;DATA;1611611639.511102
/ndn/d1-site/d1/C2Data-1941-Type2;235870.0000;DATA;1611611641.317088
/ndn/s0-site/s0/C2Data-3635-Type1;6000412.0000;TIMEOUT;1611611636.102227
/ndn/s0-site/s0/C2Data-3635-Type2;6001490.0000;TIMEOUT;1611611636.424104
/ndn/v6-site/v6/C2Data-3113-Type3;141642.0000;DATA;1611611642.518144
/ndn/v14-site/v14/C2Data-3601-Type3;195159.0000;DATA;1611611646.498129
/ndn/d9-site/d9/C2Data-1466-Type3;129039.0000;DATA;1611611646.661266
/ndn/s8-site/s8/C2Data-4603-Type1;6001076.0000;TIMEOUT;1611611641.474743
/ndn/s6-site/s6/C2Data-4361-Type2;6002592.0000;TIMEOUT;1611611642.545110
/ndn/v11-site/v11/C2Data-6782-Type1;137964.0000;DATA;1611611661.250095
/ndn/v4-site/v4/C2Data-5935-Type1;81919.0000;DATA;1611611662.828150
/ndn/h14-site/h14/C2Data-1700-Type1;207502.0000;DATA;1611611664.848149
/ndn/d9-site/d9/C2Data-2910-Type2;121058.0000;DATA;1611611665.559101
/ndn/v2-site/v2/C2Data-5693-Type1;130631.0000;DATA;1611611665.674163
/ndn/s0-site/s0/C2Data-3636-Type2;6001969.0000;TIMEOUT;1611611662.288238
/ndn/v3-site/v3/C2Data-5814-Type2;214156.0000;DATA;1611611668.626095
/ndn/h9-site/h9/C2Data-1095-Type2;170157.0000;DATA;1611611668.815288
/ndn/h10-site/h10/C2Data-1216-Type2;150205.0000;DATA;1611611671.155098
/ndn/v2-site/v2/C2Data-5693-Type2;116303.0000;DATA;1611611671.683089
/ndn/v9-site/v9/C2Data-6540-Type2;239916.0000;DATA;1611611671.567296
/ndn/s13-site/s13/C2Data-5209-Type2;6004209.0000;TIMEOUT;1611611666.430145
/ndn/s9-site/s9/C2Data-4725-Type1;6000287.0000;TIMEOUT;1611611671.858111
/ndn/h8-site/h8/C2Data-491-Type3;179367.0000;DATA;1611611690.462151
/ndn/h10-site/h10/C2Data-613-Type3;172259.0000;DATA;1611611690.555123
/ndn/v1-site/v1/C2Data-2809-Type3;27064.0000;DATA;1611611691.405175
/ndn/d3-site/d3/C2Data-1101-Type3;142343.0000;DATA;1611611691.702126
/ndn/v10-site/v10/C2Data-6662-Type1;102090.0000;DATA;1611611692.591280
/ndn/s10-site/s10/C2Data-2443-Type3;6000300.0000;TIMEOUT;1611611686.817103
/ndn/h10-site/h10/C2Data-1217-Type2;145202.0000;DATA;1611611693.553150
/ndn/h9-site/h9/C2Data-1096-Type2;138966.0000;DATA;1611611694.158109
/ndn/v12-site/v12/C2Data-6904-Type1;23781.0000;DATA;1611611696.299139
/ndn/v13-site/v13/C2Data-7025-Type1;194724.0000;DATA;1611611696.511185
