/ndn/v3-site/v3/C2Data-5808-Type2;30630.0000;DATA;1611607423.525372
/ndn/h7-site/h7/C2Data-847-Type2;28514.0000;DATA;1611607423.751438
/ndn/h2-site/h2/C2Data-242-Type2;75333.0000;DATA;1611607424.665435
/ndn/s10-site/s10/C2Data-4840-Type2;49723.0000;DATA;1611607431.590399
/ndn/v5-site/v5/C2Data-3050-Type3;390109.0000;DATA;1611607444.575382
/ndn/h3-site/h3/C2Data-183-Type3;72895.0000;DATA;1611607447.756385
/ndn/s7-site/s7/C2Data-2257-Type3;86355.0000;DATA;1611607448.110960
/ndn/v4-site/v4/C2Data-5930-Type2;284260.0000;DATA;1611607450.160523
/ndn/h7-site/h7/C2Data-427-Type3;23538.0000;DATA;1611607451.654394
/ndn/d6-site/d6/C2Data-2542-Type1;74105.0000;DATA;1611607451.841309
/ndn/d7-site/d7/C2Data-2663-Type1;142055.0000;DATA;1611607451.865278
/ndn/s3-site/s3/C2Data-2013-Type3;100166.0000;DATA;1611607451.956460
/ndn/h12-site/h12/C2Data-1453-Type1;233776.0000;DATA;1611607452.771282
/ndn/s5-site/s5/C2Data-2135-Type3;165117.0000;DATA;1611607453.107327
/ndn/h6-site/h6/C2Data-366-Type3;23514.0000;DATA;1611607453.256297
/ndn/d0-site/d0/C2Data-1816-Type2;118819.0000;DATA;1611607454.995316
/ndn/h2-site/h2/C2Data-122-Type3;51117.0000;DATA;1611607455.285282
/ndn/s1-site/s1/C2Data-1891-Type3;26663.0000;DATA;1611607455.370349
/ndn/v11-site/v11/C2Data-6777-Type1;190559.0000;DATA;1611607456.707989
/ndn/s7-site/s7/C2Data-4478-Type2;185040.0000;DATA;1611607457.549383
/ndn/d10-site/d10/C2Data-3026-Type1;53503.0000;DATA;1611607458.647307
/ndn/s13-site/s13/C2Data-5204-Type2;47889.0000;DATA;1611607458.756280
/ndn/d9-site/d9/C2Data-2905-Type1;119029.0000;DATA;1611607458.783366
/ndn/h1-site/h1/C2Data-61-Type3;24162.0000;DATA;1611607459.894289
/ndn/v1-site/v1/C2Data-5567-Type1;185901.0000;DATA;1611607460.971405
/ndn/d1-site/d1/C2Data-976-Type3;70117.0000;DATA;1611607461.700327
/ndn/d6-site/d6/C2Data-2542-Type2;220535.0000;DATA;1611607462.117359
/ndn/d3-site/d3/C2Data-1098-Type3;24669.0000;DATA;1611607462.881429
/ndn/s13-site/s13/C2Data-2623-Type3;25770.0000;DATA;1611607463.608421
/ndn/h9-site/h9/C2Data-549-Type3;23513.0000;DATA;1611607464.738352
/ndn/d14-site/d14/C2Data-1769-Type3;49935.0000;DATA;1611607467.420407
/ndn/d6-site/d6/C2Data-1281-Type3;74929.0000;DATA;1611607467.831332
/ndn/h5-site/h5/C2Data-305-Type3;50140.0000;DATA;1611607467.985316
/ndn/h5-site/h5/C2Data-607-Type1;73136.0000;DATA;1611607481.807304
/ndn/h3-site/h3/C2Data-365-Type1;144773.0000;DATA;1611607482.530322
/ndn/h5-site/h5/C2Data-607-Type2;74159.0000;DATA;1611607482.612361
/ndn/h12-site/h12/C2Data-1454-Type2;251027.0000;DATA;1611607482.475312
/ndn/d6-site/d6/C2Data-2543-Type2;73994.0000;DATA;1611607484.081374
/ndn/s6-site/s6/C2Data-4358-Type2;71214.0000;DATA;1611607484.160408
/ndn/v3-site/v3/C2Data-5810-Type1;120682.0000;DATA;1611607484.627341
/ndn/d0-site/d0/C2Data-1817-Type1;75083.0000;DATA;1611607485.560306
/ndn/d1-site/d1/C2Data-1938-Type2;71679.0000;DATA;1611607486.808297
/ndn/d13-site/d13/C2Data-3390-Type1;75341.0000;DATA;1611607488.216287
/ndn/v6-site/v6/C2Data-6173-Type2;170224.0000;DATA;1611607488.764386
/ndn/v13-site/v13/C2Data-7020-Type2;24490.0000;DATA;1611607489.218463
/ndn/d13-site/d13/C2Data-3390-Type2;198530.0000;DATA;1611607489.204358
/ndn/d2-site/d2/C2Data-2059-Type1;220370.0000;DATA;1611607489.469601
/ndn/s1-site/s1/C2Data-3753-Type1;24675.0000;DATA;1611607490.199295
/ndn/s5-site/s5/C2Data-2136-Type3;249647.0000;DATA;1611607508.743294
/ndn/h0-site/h0/C2Data-1-Type3;25310.0000;DATA;1611607510.137319
/ndn/s10-site/s10/C2Data-4843-Type2;220900.0000;DATA;1611607511.168349
/ndn/d1-site/d1/C2Data-1939-Type1;169901.0000;DATA;1611607511.357558
/ndn/d8-site/d8/C2Data-1404-Type3;47588.0000;DATA;1611607511.936266
/ndn/h8-site/h8/C2Data-971-Type1;46868.0000;DATA;1611607514.145304
/ndn/s2-site/s2/C2Data-3875-Type1;147187.0000;DATA;1611607514.050379
/ndn/h9-site/h9/C2Data-1092-Type2;72260.0000;DATA;1611607516.834508
/ndn/s4-site/s4/C2Data-2075-Type3;47388.0000;DATA;1611607519.614369
/ndn/d13-site/d13/C2Data-3391-Type2;46326.0000;DATA;1611607519.833308
/ndn/s12-site/s12/C2Data-5085-Type1;92426.0000;DATA;1611607520.133297
/ndn/s9-site/s9/C2Data-2380-Type3;51480.0000;DATA;1611607520.175988
/ndn/s10-site/s10/C2Data-4843-Type1;48027.0000;DATA;1611607520.276327
/ndn/v4-site/v4/C2Data-2990-Type3;141300.0000;DATA;1611607520.503359
/ndn/d2-site/d2/C2Data-425-Type4;24501.0000;DATA;1611607520.657402
/ndn/d5-site/d5/C2Data-1221-Type3;23838.0000;DATA;1611607524.322352
/ndn/d0-site/d0/C2Data-916-Type3;27743.0000;DATA;1611607525.095338
/ndn/d12-site/d12/C2Data-1648-Type3;54047.0000;DATA;1611607526.508327
/ndn/v1-site/v1/C2Data-775-Type4;193730.0000;DATA;1611607528.106398
/ndn/h0-site/h0/C2Data-0-Type4;26371.0000;DATA;1611607536.141372
/ndn/h3-site/h3/C2Data-75-Type4;171495.0000;DATA;1611607541.248394
/ndn/v13-site/v13/C2Data-7022-Type1;26841.0000;DATA;1611607542.065297
/ndn/h4-site/h4/C2Data-488-Type2;46123.0000;DATA;1611607542.428303
/ndn/h6-site/h6/C2Data-150-Type4;23555.0000;DATA;1611607543.123290
/ndn/s3-site/s3/C2Data-3997-Type2;95036.0000;DATA;1611607545.104266
/ndn/v2-site/v2/C2Data-5691-Type2;167105.0000;DATA;1611607545.073324
/ndn/d12-site/d12/C2Data-675-Type4;120339.0000;DATA;1611607545.784434
/ndn/s8-site/s8/C2Data-4602-Type1;167319.0000;DATA;1611607546.341270
/ndn/h14-site/h14/C2Data-1698-Type2;23977.0000;DATA;1611607546.524368
/ndn/d11-site/d11/C2Data-3150-Type1;152550.0000;DATA;1611607548.175305
/ndn/v10-site/v10/C2Data-6659-Type2;141255.0000;DATA;1611607548.425318
/ndn/v9-site/v9/C2Data-6538-Type2;47347.0000;DATA;1611607548.621415
/ndn/s14-site/s14/C2Data-5328-Type1;48319.0000;DATA;1611607551.192322
/ndn/d7-site/d7/C2Data-2666-Type2;69502.0000;DATA;1611607551.376370
/ndn/d4-site/d4/C2Data-2303-Type1;214837.0000;DATA;1611607551.535367
/ndn/d11-site/d11/C2Data-650-Type4;25013.0000;DATA;1611607555.730321
/ndn/v10-site/v10/C2Data-1000-Type4;24774.0000;DATA;1611607561.172872
/ndn/v6-site/v6/C2Data-900-Type4;23570.0000;DATA;1611607565.939424
/ndn/d1-site/d1/C2Data-978-Type3;25767.0000;DATA;1611607567.871338
/ndn/d4-site/d4/C2Data-1161-Type3;76435.0000;DATA;1611607569.852372
/ndn/d14-site/d14/C2Data-3514-Type2;194054.0000;DATA;1611607570.651346
/ndn/d8-site/d8/C2Data-1405-Type3;219682.0000;DATA;1611607570.790328
/ndn/d0-site/d0/C2Data-375-Type4;23700.0000;DATA;1611607571.071386
/ndn/h3-site/h3/C2Data-185-Type3;144208.0000;DATA;1611607572.233376
/ndn/s9-site/s9/C2Data-4724-Type2;75166.0000;DATA;1611607573.356415
/ndn/d5-site/d5/C2Data-2425-Type2;46893.0000;DATA;1611607573.775377
/ndn/d1-site/d1/C2Data-1941-Type2;167091.0000;DATA;1611607573.686330
/ndn/h2-site/h2/C2Data-50-Type4;47671.0000;DATA;1611607574.188283
/ndn/d7-site/d7/C2Data-1344-Type3;141840.0000;DATA;1611607574.167305
/ndn/h11-site/h11/C2Data-275-Type4;25213.0000;DATA;1611607574.445359
/ndn/d6-site/d6/C2Data-2546-Type1;164620.0000;DATA;1611607574.409408
/ndn/d0-site/d0/C2Data-1820-Type1;193001.0000;DATA;1611607575.138289
/ndn/h8-site/h8/C2Data-490-Type3;95662.0000;DATA;1611607575.369265
/ndn/h4-site/h4/C2Data-489-Type1;47368.0000;DATA;1611607576.089266
/ndn/d0-site/d0/C2Data-1820-Type2;24760.0000;DATA;1611607576.395379
/ndn/h8-site/h8/C2Data-973-Type2;75611.0000;DATA;1611607576.426461
/ndn/s10-site/s10/C2Data-2442-Type3;70208.0000;DATA;1611607576.648269
/ndn/h10-site/h10/C2Data-1215-Type1;46879.0000;DATA;1611607579.092353
/ndn/d7-site/d7/C2Data-2667-Type2;143828.0000;DATA;1611607580.537310
/ndn/d2-site/d2/C2Data-1039-Type3;53122.0000;DATA;1611607581.924376
/ndn/s4-site/s4/C2Data-2076-Type3;70216.0000;DATA;1611607582.106375
/ndn/d6-site/d6/C2Data-1283-Type3;48463.0000;DATA;1611607582.159360
/ndn/d14-site/d14/C2Data-1771-Type3;120286.0000;DATA;1611607582.568477
/ndn/v1-site/v1/C2Data-2808-Type3;121390.0000;DATA;1611607583.835343
/ndn/d11-site/d11/C2Data-3152-Type1;215803.0000;DATA;1611607600.187543
/ndn/s2-site/s2/C2Data-3878-Type1;141346.0000;DATA;1611607601.492404
/ndn/v12-site/v12/C2Data-6903-Type2;23747.0000;DATA;1611607603.949279
/ndn/d2-site/d2/C2Data-2063-Type2;119548.0000;DATA;1611607604.036289
/ndn/d5-site/d5/C2Data-2426-Type1;48172.0000;DATA;1611607605.844320
/ndn/h4-site/h4/C2Data-490-Type1;23603.0000;DATA;1611607607.433402
/ndn/v4-site/v4/C2Data-5935-Type2;143053.0000;DATA;1611607607.783378
/ndn/d9-site/d9/C2Data-2910-Type1;47536.0000;DATA;1611607608.223363
/ndn/d7-site/d7/C2Data-2668-Type1;148330.0000;DATA;1611607608.496374
/ndn/d5-site/d5/C2Data-2426-Type2;53313.0000;DATA;1611607609.082361
/ndn/d7-site/d7/C2Data-2668-Type2;99277.0000;DATA;1611607609.552360
/ndn/v12-site/v12/C2Data-6903-Type1;92468.0000;DATA;1611607609.764295
/ndn/h13-site/h13/C2Data-796-Type3;188619.0000;DATA;1611607624.431352
/ndn/s11-site/s11/C2Data-2504-Type3;121733.0000;DATA;1611607629.812367
/ndn/s9-site/s9/C2Data-4726-Type1;96283.0000;DATA;1611607630.938334
/ndn/s11-site/s11/C2Data-4968-Type1;72305.0000;DATA;1611607631.227359
/ndn/h10-site/h10/C2Data-1217-Type2;73923.0000;DATA;1611607631.353380
/ndn/v13-site/v13/C2Data-7025-Type2;69979.0000;DATA;1611607632.295319
/ndn/d7-site/d7/C2Data-2669-Type1;141213.0000;DATA;1611607632.904379
/ndn/s7-site/s7/C2Data-2260-Type3;46896.0000;DATA;1611607633.948318
/ndn/s1-site/s1/C2Data-3758-Type2;26167.0000;DATA;1611607634.113438
/ndn/v11-site/v11/C2Data-6783-Type2;195815.0000;DATA;1611607634.318327
/ndn/h5-site/h5/C2Data-612-Type1;69758.0000;DATA;1611607634.761385
/ndn/h12-site/h12/C2Data-1459-Type1;163281.0000;DATA;1611607634.687303
/ndn/s6-site/s6/C2Data-2199-Type3;71390.0000;DATA;1611607635.650384
