/ndn/d13-site/d13/C2Data-3388-Type2;210666.0000;DATA;1611610901.947314
/ndn/h1-site/h1/C2Data-121-Type2;218741.0000;DATA;1611610902.249310
/ndn/d8-site/d8/C2Data-2783-Type1;213715.0000;DATA;1611610904.999347
/ndn/v1-site/v1/C2Data-5566-Type1;336.0000;NACK;1611610905.355392
/ndn/s10-site/s10/C2Data-4840-Type1;611.0000;NACK;1611610905.438497
/ndn/v4-site/v4/C2Data-5929-Type1;498.0000;NACK;1611610906.466332
/ndn/v6-site/v6/C2Data-6171-Type2;496.0000;NACK;1611610907.189411
/ndn/v2-site/v2/C2Data-5687-Type1;395.0000;NACK;1611610907.210461
/ndn/h13-site/h13/C2Data-1573-Type2;94292.0000;DATA;1611610907.159485
/ndn/s1-site/s1/C2Data-3751-Type1;72739.0000;DATA;1611610908.198304
/ndn/v5-site/v5/C2Data-6050-Type2;477.0000;NACK;1611610908.755312
/ndn/d13-site/d13/C2Data-3388-Type1;166453.0000;DATA;1611610908.724352
/ndn/v13-site/v13/C2Data-7018-Type1;118181.0000;DATA;1611610909.784022
/ndn/d14-site/d14/C2Data-3509-Type1;170533.0000;DATA;1611610910.044454
/ndn/d7-site/d7/C2Data-2662-Type1;116927.0000;DATA;1611610910.120370
/ndn/s3-site/s3/C2Data-3993-Type2;100179.0000;DATA;1611610911.225324
/ndn/d6-site/d6/C2Data-2541-Type2;139166.0000;DATA;1611610911.688337
/ndn/v2-site/v2/C2Data-5688-Type1;533.0000;NACK;1611610930.944366
/ndn/h11-site/h11/C2Data-671-Type3;187898.0000;DATA;1611610931.428384
/ndn/d3-site/d3/C2Data-1098-Type3;142485.0000;DATA;1611610932.011349
/ndn/d14-site/d14/C2Data-3510-Type2;171543.0000;DATA;1611610931.994387
/ndn/h10-site/h10/C2Data-610-Type3;163165.0000;DATA;1611610932.408432
/ndn/v1-site/v1/C2Data-5567-Type1;376.0000;NACK;1611610932.618406
/ndn/v14-site/v14/C2Data-3599-Type3;71317.0000;DATA;1611610932.724308
/ndn/h3-site/h3/C2Data-183-Type3;220842.0000;DATA;1611610933.083433
/ndn/h3-site/h3/C2Data-364-Type1;206953.0000;DATA;1611610933.371313
/ndn/s3-site/s3/C2Data-3994-Type2;97179.0000;DATA;1611610935.427347
/ndn/s4-site/s4/C2Data-2074-Type3;428.0000;NACK;1611610935.964307
/ndn/v6-site/v6/C2Data-3111-Type3;488.0000;NACK;1611610936.460309
/ndn/v2-site/v2/C2Data-2867-Type3;515.0000;NACK;1611610938.399774
/ndn/d0-site/d0/C2Data-915-Type3;169161.0000;DATA;1611610938.437345
/ndn/h5-site/h5/C2Data-606-Type1;46469.0000;DATA;1611610938.652299
/ndn/d7-site/d7/C2Data-2663-Type1;117979.0000;DATA;1611610939.026324
/ndn/d9-site/d9/C2Data-1464-Type3;98543.0000;DATA;1611610940.934382
/ndn/d8-site/d8/C2Data-2784-Type2;194822.0000;DATA;1611610941.927343
/ndn/v7-site/v7/C2Data-3172-Type3;589.0000;NACK;1611610942.755399
/ndn/s5-site/s5/C2Data-2135-Type3;168769.0000;DATA;1611610943.021397
/ndn/s1-site/s1/C2Data-1891-Type3;77517.0000;DATA;1611610944.071400
/ndn/s14-site/s14/C2Data-2684-Type3;183862.0000;DATA;1611610945.191330
/ndn/h13-site/h13/C2Data-793-Type3;105904.0000;DATA;1611610947.322396
/ndn/h4-site/h4/C2Data-244-Type3;51218.0000;DATA;1611610948.044388
/ndn/v3-site/v3/C2Data-5810-Type2;92185.0000;DATA;1611610960.787345
/ndn/v7-site/v7/C2Data-6294-Type2;476.0000;NACK;1611610961.003429
/ndn/s12-site/s12/C2Data-5084-Type2;100243.0000;DATA;1611610961.196328
/ndn/s6-site/s6/C2Data-4358-Type1;195323.0000;DATA;1611610961.419359
/ndn/d4-site/d4/C2Data-2301-Type1;192454.0000;DATA;1611610964.057390
/ndn/h4-site/h4/C2Data-486-Type2;50348.0000;DATA;1611610964.422324
/ndn/v7-site/v7/C2Data-6294-Type1;517.0000;NACK;1611610966.008357
/ndn/d0-site/d0/C2Data-1817-Type1;165385.0000;DATA;1611610966.038323
/ndn/v5-site/v5/C2Data-6052-Type2;375.0000;NACK;1611610966.467354
/ndn/v9-site/v9/C2Data-6536-Type1;76640.0000;DATA;1611610967.191391
/ndn/d10-site/d10/C2Data-3027-Type2;51406.0000;DATA;1611610968.141393
/ndn/v9-site/v9/C2Data-6536-Type2;69304.0000;DATA;1611610968.868396
/ndn/h5-site/h5/C2Data-607-Type1;46271.0000;DATA;1611610968.949316
/ndn/s2-site/s2/C2Data-3874-Type2;118884.0000;DATA;1611610969.045368
/ndn/v5-site/v5/C2Data-6052-Type1;270621.0000;DATA;1611610969.022329
/ndn/h1-site/h1/C2Data-123-Type1;164752.0000;DATA;1611610969.207350
/ndn/v1-site/v1/C2Data-5568-Type1;250220.0000;DATA;1611610970.838326
/ndn/v0-site/v0/C2Data-5447-Type2;593.0000;NACK;1611610971.904379
/ndn/h2-site/h2/C2Data-244-Type2;231699.0000;DATA;1611610971.854389
/ndn/s0-site/s0/C2Data-3632-Type1;6003575.0000;TIMEOUT;1611610968.079307
/ndn/h3-site/h3/C2Data-184-Type3;266163.0000;DATA;1611610985.102333
/ndn/h0-site/h0/C2Data-1-Type3;24251.0000;DATA;1611610987.021362
/ndn/v13-site/v13/C2Data-3539-Type3;118863.0000;DATA;1611610989.491347
/ndn/d5-site/d5/C2Data-1221-Type3;24067.0000;DATA;1611610991.002369
/ndn/v4-site/v4/C2Data-5932-Type1;282742.0000;DATA;1611610991.203006
/ndn/v3-site/v3/C2Data-5811-Type2;99217.0000;DATA;1611610993.495366
/ndn/s12-site/s12/C2Data-5085-Type1;96026.0000;DATA;1611610993.525359
/ndn/d6-site/d6/C2Data-1282-Type3;142272.0000;DATA;1611610993.700335
/ndn/d9-site/d9/C2Data-2907-Type2;98207.0000;DATA;1611610993.752330
/ndn/s9-site/s9/C2Data-4722-Type1;71351.0000;DATA;1611610994.226871
/ndn/h1-site/h1/C2Data-62-Type3;174960.0000;DATA;1611610995.565338
/ndn/h14-site/h14/C2Data-855-Type3;161945.0000;DATA;1611610995.842313
/ndn/v8-site/v8/C2Data-3234-Type3;24013.0000;DATA;1611610996.852366
/ndn/v5-site/v5/C2Data-6053-Type1;263363.0000;DATA;1611610996.934412
/ndn/v11-site/v11/C2Data-3417-Type3;161569.0000;DATA;1611610997.634338
/ndn/s2-site/s2/C2Data-1953-Type3;6000859.0000;TIMEOUT;1611610992.672379
/ndn/v14-site/v14/C2Data-3600-Type3;70485.0000;DATA;1611610998.650363
/ndn/d0-site/d0/C2Data-916-Type3;165788.0000;DATA;1611611000.053360
/ndn/h11-site/h11/C2Data-672-Type3;183799.0000;DATA;1611611000.572374
/ndn/v7-site/v7/C2Data-6295-Type2;222191.0000;DATA;1611611000.683321
/ndn/s1-site/s1/C2Data-3754-Type1;6000380.0000;TIMEOUT;1611610996.119854
/ndn/d0-site/d0/C2Data-1818-Type1;173889.0000;DATA;1611611002.044325
/ndn/v13-site/v13/C2Data-7021-Type1;138753.0000;DATA;1611611002.500320
/ndn/s3-site/s3/C2Data-3996-Type1;6001190.0000;TIMEOUT;1611610997.198318
/ndn/h8-site/h8/C2Data-489-Type3;93845.0000;DATA;1611611003.276382
/ndn/v4-site/v4/C2Data-850-Type4;266589.0000;DATA;1611611003.917379
/ndn/s14-site/s14/C2Data-5327-Type1;6001402.0000;TIMEOUT;1611610998.793380
/ndn/s0-site/s0/C2Data-1831-Type3;6000512.0000;TIMEOUT;1611611002.274333
/ndn/s5-site/s5/C2Data-2136-Type3;6000225.0000;TIMEOUT;1611611002.638343
/ndn/v6-site/v6/C2Data-900-Type4;151327.0000;DATA;1611611010.886799
/ndn/v5-site/v5/C2Data-875-Type4;312219.0000;DATA;1611611014.978316
/ndn/h14-site/h14/C2Data-1698-Type2;162973.0000;DATA;1611611020.988410
/ndn/v3-site/v3/C2Data-5812-Type1;94107.0000;DATA;1611611022.479362
/ndn/d4-site/d4/C2Data-2303-Type2;187542.0000;DATA;1611611025.163342
/ndn/v4-site/v4/C2Data-5933-Type1;254024.0000;DATA;1611611025.704343
/ndn/v8-site/v8/C2Data-6417-Type1;24711.0000;DATA;1611611026.713392
/ndn/h0-site/h0/C2Data-0-Type4;25768.0000;DATA;1611611029.706391
/ndn/s13-site/s13/C2Data-5207-Type2;6000426.0000;TIMEOUT;1611611024.492309
/ndn/v13-site/v13/C2Data-7022-Type2;119464.0000;DATA;1611611030.463306
/ndn/s2-site/s2/C2Data-3876-Type2;6000816.0000;TIMEOUT;1611611025.127302
/ndn/h0-site/h0/C2Data-4-Type2;24417.0000;DATA;1611611031.498313
/ndn/v13-site/v13/C2Data-7022-Type1;117485.0000;DATA;1611611031.799364
/ndn/s10-site/s10/C2Data-4844-Type1;6002845.0000;TIMEOUT;1611611027.799339
/ndn/s3-site/s3/C2Data-3997-Type1;6000209.0000;TIMEOUT;1611611028.395353
/ndn/v7-site/v7/C2Data-925-Type4;219592.0000;DATA;1611611036.404580
/ndn/s5-site/s5/C2Data-4239-Type1;6000319.0000;TIMEOUT;1611611031.180702
/ndn/h14-site/h14/C2Data-350-Type4;181984.0000;DATA;1611611038.718417
/ndn/h12-site/h12/C2Data-300-Type4;235260.0000;DATA;1611611049.621312
/ndn/v6-site/v6/C2Data-3113-Type3;140536.0000;DATA;1611611051.740360
/ndn/h3-site/h3/C2Data-368-Type2;207893.0000;DATA;1611611051.791383
/ndn/h4-site/h4/C2Data-100-Type4;46830.0000;DATA;1611611052.265312
/ndn/v4-site/v4/C2Data-2991-Type3;265635.0000;DATA;1611611052.156445
/ndn/h7-site/h7/C2Data-852-Type1;48114.0000;DATA;1611611053.926397
/ndn/h11-site/h11/C2Data-1336-Type1;185354.0000;DATA;1611611054.277329
/ndn/h11-site/h11/C2Data-275-Type4;190667.0000;DATA;1611611054.634303
/ndn/d9-site/d9/C2Data-1466-Type3;97783.0000;DATA;1611611055.318321
/ndn/d8-site/d8/C2Data-575-Type4;186651.0000;DATA;1611611055.504313
/ndn/d5-site/d5/C2Data-2425-Type1;24197.0000;DATA;1611611055.699319
/ndn/v9-site/v9/C2Data-6539-Type1;71438.0000;DATA;1611611056.080347
/ndn/h0-site/h0/C2Data-2-Type3;23986.0000;DATA;1611611056.658308
/ndn/d0-site/d0/C2Data-1820-Type2;164462.0000;DATA;1611611056.679337
/ndn/s14-site/s14/C2Data-5329-Type2;6000272.0000;TIMEOUT;1611611051.886326
/ndn/v9-site/v9/C2Data-3296-Type3;75549.0000;DATA;1611611057.935427
/ndn/d1-site/d1/C2Data-978-Type3;187757.0000;DATA;1611611058.219299
/ndn/d4-site/d4/C2Data-1161-Type3;190117.0000;DATA;1611611059.259351
/ndn/h12-site/h12/C2Data-734-Type3;215494.0000;DATA;1611611060.274305
/ndn/v2-site/v2/C2Data-5692-Type1;139067.0000;DATA;1611611060.431386
/ndn/d11-site/d11/C2Data-3151-Type1;188929.0000;DATA;1611611060.914308
/ndn/h2-site/h2/C2Data-247-Type2;213987.0000;DATA;1611611061.187317
/ndn/v4-site/v4/C2Data-5934-Type2;271847.0000;DATA;1611611061.239304
/ndn/s9-site/s9/C2Data-4724-Type2;6000641.0000;TIMEOUT;1611611055.714324
/ndn/v10-site/v10/C2Data-3357-Type3;161245.0000;DATA;1611611063.721314
/ndn/s1-site/s1/C2Data-1893-Type3;6000432.0000;TIMEOUT;1611611058.400406
/ndn/v7-site/v7/C2Data-3174-Type3;220063.0000;DATA;1611611065.547352
/ndn/d13-site/d13/C2Data-1710-Type3;174428.0000;DATA;1611611065.704605
/ndn/s13-site/s13/C2Data-5208-Type1;6002734.0000;TIMEOUT;1611611060.691326
/ndn/s8-site/s8/C2Data-4603-Type1;6001152.0000;TIMEOUT;1611611060.985348
/ndn/s2-site/s2/C2Data-1954-Type3;6000282.0000;TIMEOUT;1611611062.642325
/ndn/s5-site/s5/C2Data-2137-Type3;6025523.0000;TIMEOUT;1611611064.911401
/ndn/h2-site/h2/C2Data-248-Type1;224515.0000;DATA;1611611080.963309
/ndn/v6-site/v6/C2Data-6177-Type2;161197.0000;DATA;1611611081.621376
/ndn/d0-site/d0/C2Data-1821-Type1;180921.0000;DATA;1611611084.206320
/ndn/h14-site/h14/C2Data-1700-Type1;162142.0000;DATA;1611611084.467404
/ndn/v5-site/v5/C2Data-6056-Type1;266015.0000;DATA;1611611084.388384
/ndn/d14-site/d14/C2Data-3515-Type2;165813.0000;DATA;1611611085.592326
/ndn/d2-site/d2/C2Data-2063-Type1;199690.0000;DATA;1611611086.241409
/ndn/d2-site/d2/C2Data-2063-Type2;194065.0000;DATA;1611611087.444305
/ndn/h12-site/h12/C2Data-1458-Type2;214745.0000;DATA;1611611088.728336
/ndn/d5-site/d5/C2Data-2426-Type2;25127.0000;DATA;1611611090.475399
/ndn/s6-site/s6/C2Data-4362-Type2;6000278.0000;TIMEOUT;1611611085.398056
/ndn/s14-site/s14/C2Data-5330-Type2;6002644.0000;TIMEOUT;1611611087.282387
/ndn/v3-site/v3/C2Data-2931-Type3;95717.0000;DATA;1611611108.506392
/ndn/h8-site/h8/C2Data-975-Type2;98704.0000;DATA;1611611112.859425
/ndn/d6-site/d6/C2Data-2548-Type1;145308.0000;DATA;1611611113.230395
/ndn/d8-site/d8/C2Data-1406-Type3;154926.0000;DATA;1611611113.497434
