/ndn/h0-site/h0/C2Data-0-Type2;76234.0000;DATA;1612717858.089831
/ndn/h9-site/h9/C2Data-1089-Type1;76357.0000;DATA;1612717858.685698
/ndn/d0-site/d0/C2Data-1210-Type1;25777.0000;DATA;1612717859.303928
/ndn/s2-site/s2/C2Data-2662-Type2;98427.0000;DATA;1612717859.271051
/ndn/s1-site/s1/C2Data-2541-Type2;70292.0000;DATA;1612717860.580257
/ndn/v2-site/v2/C2Data-3872-Type2;124149.0000;DATA;1612717861.420556
/ndn/s8-site/s8/C2Data-3388-Type2;99316.0000;DATA;1612717864.177941
/ndn/v8-site/v8/C2Data-4598-Type2;25750.0000;DATA;1612717865.051813
/ndn/d7-site/d7/C2Data-2057-Type1;87442.0000;DATA;1612717865.356855
/ndn/v9-site/v9/C2Data-4719-Type2;24783.0000;DATA;1612717865.921019
/ndn/d8-site/d8/C2Data-2178-Type2;23714.0000;DATA;1612717866.463061
/ndn/h3-site/h3/C2Data-363-Type2;24635.0000;DATA;1612717866.554208
/ndn/s0-site/s0/C2Data-2420-Type1;108523.0000;DATA;1612717866.880592
/ndn/s5-site/s5/C2Data-3025-Type1;29017.0000;DATA;1612717867.938944
/ndn/s7-site/s7/C2Data-3267-Type2;23772.0000;DATA;1612717868.500955
/ndn/d7-site/d7/C2Data-2057-Type2;26235.0000;DATA;1612717868.572903
/ndn/d9-site/d9/C2Data-2299-Type1;24269.0000;DATA;1612717868.804016
/ndn/v5-site/v5/C2Data-4235-Type2;28564.0000;DATA;1612717868.823038
/ndn/v4-site/v4/C2Data-4114-Type2;185413.0000;DATA;1612717868.894946
/ndn/s0-site/s0/C2Data-1220-Type3;25864.0000;DATA;1612717883.440243
/ndn/s9-site/s9/C2Data-3510-Type2;150034.0000;DATA;1612717887.660749
/ndn/v6-site/v6/C2Data-2196-Type3;24868.0000;DATA;1612717890.303503
/ndn/s2-site/s2/C2Data-2663-Type1;27643.0000;DATA;1612717890.558901
/ndn/v6-site/v6/C2Data-4357-Type1;99926.0000;DATA;1612717891.738906
/ndn/v0-site/v0/C2Data-3631-Type2;27241.0000;DATA;1612717892.608880
/ndn/s4-site/s4/C2Data-2905-Type1;174248.0000;DATA;1612717892.490268
/ndn/d5-site/d5/C2Data-1816-Type2;145144.0000;DATA;1612717892.863258
/ndn/s8-site/s8/C2Data-1708-Type3;24030.0000;DATA;1612717893.312402
/ndn/d5-site/d5/C2Data-915-Type3;59552.0000;DATA;1612717894.680366
/ndn/s8-site/s8/C2Data-3389-Type1;97712.0000;DATA;1612717895.888316
/ndn/d7-site/d7/C2Data-1037-Type3;105581.0000;DATA;1612717899.991282
/ndn/d6-site/d6/C2Data-1938-Type2;98406.0000;DATA;1612717918.149157
/ndn/s8-site/s8/C2Data-3390-Type1;26153.0000;DATA;1612717921.978410
/ndn/s9-site/s9/C2Data-3511-Type1;27425.0000;DATA;1612717924.517313
/ndn/h6-site/h6/C2Data-728-Type2;24468.0000;DATA;1612717926.103847
/ndn/v2-site/v2/C2Data-3874-Type2;26267.0000;DATA;1612717926.243223
/ndn/h4-site/h4/C2Data-245-Type3;27767.0000;DATA;1612717949.700225
/ndn/v2-site/v2/C2Data-3875-Type2;611819.0000;DATA;1612717949.839969
/ndn/v9-site/v9/C2Data-4722-Type1;97799.0000;DATA;1612717951.674307
/ndn/s1-site/s1/C2Data-1282-Type3;74562.0000;DATA;1612717952.332073
/ndn/d4-site/d4/C2Data-1697-Type1;54568.0000;DATA;1612717953.369330
/ndn/h2-site/h2/C2Data-245-Type1;115158.0000;DATA;1612717953.445710
/ndn/d2-site/d2/C2Data-733-Type3;26487.0000;DATA;1612717953.553462
/ndn/v2-site/v2/C2Data-3875-Type1;146408.0000;DATA;1612717953.980057
/ndn/v0-site/v0/C2Data-500-Type4;29149.0000;DATA;1612717954.322604
/ndn/d9-site/d9/C2Data-2302-Type2;155751.0000;DATA;1612717954.507907
/ndn/s5-site/s5/C2Data-3028-Type1;99907.0000;DATA;1612717955.896681
/ndn/d5-site/d5/C2Data-916-Type3;25306.0000;DATA;1612717957.578175
/ndn/d8-site/d8/C2Data-450-Type4;152065.0000;DATA;1612717957.513863
/ndn/h9-site/h9/C2Data-225-Type4;310320.0000;DATA;1612717968.123159
/ndn/d2-site/d2/C2Data-300-Type4;25859.0000;DATA;1612717968.703621
/ndn/h1-site/h1/C2Data-125-Type2;54969.0000;DATA;1612717977.509720
/ndn/h1-site/h1/C2Data-125-Type1;61939.0000;DATA;1612717977.969528
/ndn/v3-site/v3/C2Data-3997-Type2;32545.0000;DATA;1612717980.285796
/ndn/h2-site/h2/C2Data-246-Type1;100423.0000;DATA;1612717980.921138
/ndn/v1-site/v1/C2Data-525-Type4;49713.0000;DATA;1612717982.515275
/ndn/v9-site/v9/C2Data-4723-Type2;24768.0000;DATA;1612717984.839547
/ndn/h3-site/h3/C2Data-75-Type4;133273.0000;DATA;1612717987.168897
/ndn/v2-site/v2/C2Data-550-Type4;149626.0000;DATA;1612717988.103332
/ndn/v7-site/v7/C2Data-4481-Type2;23739.0000;DATA;1612717988.934059
/ndn/d0-site/d0/C2Data-250-Type4;24615.0000;DATA;1612717996.406426
/ndn/s9-site/s9/C2Data-1771-Type3;90062.0000;DATA;1612718002.925430
/ndn/h2-site/h2/C2Data-50-Type4;30972.0000;DATA;1612718007.067117
/ndn/d2-site/d2/C2Data-1457-Type2;106623.0000;DATA;1612718007.547785
/ndn/d9-site/d9/C2Data-475-Type4;100816.0000;DATA;1612718007.917067
/ndn/s7-site/s7/C2Data-3272-Type1;88903.0000;DATA;1612718009.185566
/ndn/d7-site/d7/C2Data-1039-Type3;25041.0000;DATA;1612718009.828967
/ndn/s5-site/s5/C2Data-3030-Type2;73352.0000;DATA;1612718010.669806
/ndn/h4-site/h4/C2Data-246-Type3;24569.0000;DATA;1612718011.055069
/ndn/d3-site/d3/C2Data-795-Type3;83431.0000;DATA;1612718011.723081
/ndn/h4-site/h4/C2Data-489-Type1;24805.0000;DATA;1612718012.046871
/ndn/v3-site/v3/C2Data-575-Type4;27528.0000;DATA;1612718012.297009
/ndn/v4-site/v4/C2Data-4119-Type2;158351.0000;DATA;1612718014.786160
/ndn/h0-site/h0/C2Data-5-Type2;28714.0000;DATA;1612718015.068502
/ndn/v3-site/v3/C2Data-3998-Type1;43478.0000;DATA;1612718015.454934
/ndn/h6-site/h6/C2Data-731-Type2;24150.0000;DATA;1612718016.495192
/ndn/v1-site/v1/C2Data-3756-Type2;41203.0000;DATA;1612718016.568530
/ndn/d0-site/d0/C2Data-1215-Type1;94381.0000;DATA;1612718017.218456
/ndn/v0-site/v0/C2Data-1832-Type3;27516.0000;DATA;1612718023.444624
/ndn/v7-site/v7/C2Data-2259-Type3;27255.0000;DATA;1612718024.790478
/ndn/h0-site/h0/C2Data-6-Type2;132556.0000;DATA;1612718038.580966
/ndn/h4-site/h4/C2Data-490-Type1;503648.0000;DATA;1612718041.669455
/ndn/s2-site/s2/C2Data-2668-Type1;23720.0000;DATA;1612718042.471923
/ndn/d1-site/d1/C2Data-1337-Type1;121668.0000;DATA;1612718043.981304
/ndn/v7-site/v7/C2Data-4483-Type2;31043.0000;DATA;1612718045.932936
/ndn/s5-site/s5/C2Data-3031-Type2;29384.0000;DATA;1612718048.901912
/ndn/h4-site/h4/C2Data-247-Type3;25049.0000;DATA;1612718062.368975
/ndn/s0-site/s0/C2Data-1223-Type3;95179.0000;DATA;1612718064.010975
/ndn/s7-site/s7/C2Data-1650-Type3;88890.0000;DATA;1612718065.978920
/ndn/v4-site/v4/C2Data-4121-Type1;171966.0000;DATA;1612718068.782930
/ndn/h2-site/h2/C2Data-125-Type3;105996.0000;DATA;1612718069.333098
/ndn/s2-site/s2/C2Data-1345-Type3;32893.0000;DATA;1612718070.329833
/ndn/s5-site/s5/C2Data-3032-Type1;34140.0000;DATA;1612718070.464919
/ndn/s5-site/s5/C2Data-1528-Type3;26073.0000;DATA;1612718070.480586
/ndn/v8-site/v8/C2Data-4605-Type2;26376.0000;DATA;1612718071.435685
/ndn/v5-site/v5/C2Data-4242-Type2;74317.0000;DATA;1612718072.984946
/ndn/s7-site/s7/C2Data-3274-Type1;24381.0000;DATA;1612718073.859723
/ndn/s9-site/s9/C2Data-3516-Type2;76829.0000;DATA;1612718073.810048
/ndn/v2-site/v2/C2Data-3879-Type1;73176.0000;DATA;1612718074.030412
/ndn/d6-site/d6/C2Data-1943-Type1;25161.0000;DATA;1612718077.337297
/ndn/d6-site/d6/C2Data-979-Type3;30570.0000;DATA;1612718078.853585
/ndn/s8-site/s8/C2Data-3395-Type1;119525.0000;DATA;1612718078.884692
/ndn/d8-site/d8/C2Data-1101-Type3;27929.0000;DATA;1612718081.937630
/ndn/h3-site/h3/C2Data-186-Type3;85572.0000;DATA;1612718083.739065
/ndn/v1-site/v1/C2Data-273-Type5;26064.0000;DATA;1612718096.823597
/ndn/h9-site/h9/C2Data-1097-Type1;253909.0000;DATA;1612718097.699107
/ndn/h4-site/h4/C2Data-492-Type1;27594.0000;DATA;1612718101.975460
/ndn/v4-site/v4/C2Data-312-Type5;31640.0000;DATA;1612718102.465403
/ndn/v4-site/v4/C2Data-4122-Type1;179759.0000;DATA;1612718102.434089
/ndn/h3-site/h3/C2Data-371-Type1;26341.0000;DATA;1612718104.527151
/ndn/s1-site/s1/C2Data-2549-Type2;101027.0000;DATA;1612718107.973439
/ndn/h7-site/h7/C2Data-176-Type4;29492.0000;DATA;1612718110.110664
/ndn/d7-site/d7/C2Data-1041-Type3;121386.0000;DATA;1612718124.239202
/ndn/h2-site/h2/C2Data-51-Type4;98328.0000;DATA;1612718124.357080
/ndn/s8-site/s8/C2Data-1712-Type3;85290.0000;DATA;1612718124.824264
/ndn/d8-site/d8/C2Data-1102-Type3;27690.0000;DATA;1612718126.197713
/ndn/h8-site/h8/C2Data-201-Type4;30989.0000;DATA;1612718126.705879
/ndn/s6-site/s6/C2Data-1590-Type3;26664.0000;DATA;1612718127.559939
/ndn/h9-site/h9/C2Data-1098-Type2;173417.0000;DATA;1612718128.287227
/ndn/d2-site/d2/C2Data-1461-Type2;27539.0000;DATA;1612718129.274067
/ndn/v2-site/v2/C2Data-551-Type4;26737.0000;DATA;1612718129.287791
/ndn/v4-site/v4/C2Data-4123-Type2;178452.0000;DATA;1612718129.329154
/ndn/h8-site/h8/C2Data-104-Type5;26579.0000;DATA;1612718130.273868
/ndn/h6-site/h6/C2Data-370-Type3;26248.0000;DATA;1612718133.307474
/ndn/h0-site/h0/C2Data-0-Type5;35305.0000;DATA;1612718133.819349
/ndn/d9-site/d9/C2Data-2308-Type2;26189.0000;DATA;1612718137.368905
/ndn/v8-site/v8/C2Data-4607-Type2;26255.0000;DATA;1612718138.941005
/ndn/v6-site/v6/C2Data-2200-Type3;26648.0000;DATA;1612718140.391193
/ndn/s1-site/s1/C2Data-1285-Type3;36022.0000;DATA;1612718141.324300
/ndn/d4-site/d4/C2Data-858-Type3;27690.0000;DATA;1612718141.524232
/ndn/v8-site/v8/C2Data-701-Type4;35228.0000;DATA;1612718142.237016
/ndn/v0-site/v0/C2Data-501-Type4;29422.0000;DATA;1612718143.115864
/ndn/v3-site/v3/C2Data-576-Type4;27834.0000;DATA;1612718148.894360
/ndn/v9-site/v9/C2Data-4729-Type2;130389.0000;DATA;1612718157.968202
/ndn/d1-site/d1/C2Data-276-Type4;26185.0000;DATA;1612718158.115173
/ndn/v9-site/v9/C2Data-4729-Type1;128680.0000;DATA;1612718158.143894
/ndn/s9-site/s9/C2Data-3519-Type1;149217.0000;DATA;1612718158.145360
/ndn/d3-site/d3/C2Data-1583-Type2;155044.0000;DATA;1612718158.304050
/ndn/s3-site/s3/C2Data-2793-Type1;140620.0000;DATA;1612718164.131102
/ndn/d1-site/d1/C2Data-1341-Type2;134825.0000;DATA;1612718164.178699
/ndn/h3-site/h3/C2Data-373-Type2;41471.0000;DATA;1612718164.393347
/ndn/s2-site/s2/C2Data-2672-Type1;35045.0000;DATA;1612718167.221104
/ndn/d5-site/d5/C2Data-195-Type5;225344.0000;DATA;1612718172.598621
/ndn/d2-site/d2/C2Data-737-Type3;96712.0000;DATA;1612718181.570301
/ndn/v9-site/v9/C2Data-2384-Type3;147496.0000;DATA;1612718181.663962
/ndn/h2-site/h2/C2Data-127-Type3;121642.0000;DATA;1612718181.692036
/ndn/s6-site/s6/C2Data-1591-Type3;110270.0000;DATA;1612718184.975093
/ndn/v7-site/v7/C2Data-2262-Type3;26774.0000;DATA;1612718186.915044
/ndn/v3-site/v3/C2Data-2018-Type3;28346.0000;DATA;1612718189.122936
/ndn/h2-site/h2/C2Data-253-Type1;24459.0000;DATA;1612718190.776962
/ndn/h9-site/h9/C2Data-1100-Type1;171832.0000;DATA;1612718191.243223
/ndn/d3-site/d3/C2Data-1584-Type1;143041.0000;DATA;1612718191.684134
/ndn/v1-site/v1/C2Data-3762-Type1;50845.0000;DATA;1612718195.364007
/ndn/h3-site/h3/C2Data-188-Type3;31093.0000;DATA;1612718196.023844
/ndn/s9-site/s9/C2Data-1774-Type3;161479.0000;DATA;1612718196.338929
/ndn/h9-site/h9/C2Data-1100-Type2;168313.0000;DATA;1612718196.536765
/ndn/s7-site/s7/C2Data-1652-Type3;23819.0000;DATA;1612718196.745850
/ndn/s3-site/s3/C2Data-2794-Type1;26980.0000;DATA;1612718197.464033
/ndn/d6-site/d6/C2Data-981-Type3;26027.0000;DATA;1612718198.625734
/ndn/d4-site/d4/C2Data-859-Type3;26758.0000;DATA;1612718202.984889
/ndn/s7-site/s7/C2Data-3278-Type1;6001653.0000;TIMEOUT;1612718197.064865
/ndn/h7-site/h7/C2Data-859-Type1;50931.0000;DATA;1612718217.618914
/ndn/d6-site/d6/C2Data-1948-Type2;110888.0000;DATA;1612718218.212383
/ndn/v5-site/v5/C2Data-4247-Type1;173666.0000;DATA;1612718219.651072
/ndn/v9-site/v9/C2Data-4731-Type1;127954.0000;DATA;1612718219.816956
/ndn/d9-site/d9/C2Data-2311-Type2;26595.0000;DATA;1612718220.692729
/ndn/d7-site/d7/C2Data-2069-Type1;75558.0000;DATA;1612718222.408398
/ndn/s2-site/s2/C2Data-2674-Type1;56728.0000;DATA;1612718222.955807
/ndn/d5-site/d5/C2Data-1827-Type1;207014.0000;DATA;1612718223.582996
/ndn/s5-site/s5/C2Data-3037-Type2;76667.0000;DATA;1612718223.892872
/ndn/h6-site/h6/C2Data-738-Type2;28435.0000;DATA;1612718224.100520
/ndn/d4-site/d4/C2Data-1706-Type1;63442.0000;DATA;1612718225.577634
/ndn/d4-site/d4/C2Data-1706-Type2;26715.0000;DATA;1612718225.975116
/ndn/s0-site/s0/C2Data-2432-Type1;116356.0000;DATA;1612718226.602978
/ndn/v0-site/v0/C2Data-1836-Type3;36582.0000;DATA;1612718244.717035
/ndn/s0-site/s0/C2Data-1226-Type3;28321.0000;DATA;1612718246.824264
/ndn/h1-site/h1/C2Data-67-Type3;38713.0000;DATA;1612718248.437243
/ndn/h0-site/h0/C2Data-13-Type1;140916.0000;DATA;1612718250.082566
/ndn/v8-site/v8/C2Data-4611-Type1;26710.0000;DATA;1612718250.376342
/ndn/v1-site/v1/C2Data-3764-Type2;50740.0000;DATA;1612718252.130919
/ndn/d9-site/d9/C2Data-2312-Type1;78111.0000;DATA;1612718252.636672
/ndn/v8-site/v8/C2Data-2324-Type3;27614.0000;DATA;1612718253.229338
/ndn/d8-site/d8/C2Data-2191-Type1;148227.0000;DATA;1612718253.148280
/ndn/d2-site/d2/C2Data-738-Type3;100147.0000;DATA;1612718253.402794
/ndn/d4-site/d4/C2Data-860-Type3;26364.0000;DATA;1612718255.238248
/ndn/v9-site/v9/C2Data-4732-Type1;126847.0000;DATA;1612718255.317513
/ndn/d7-site/d7/C2Data-2070-Type2;25124.0000;DATA;1612718255.505909
/ndn/s2-site/s2/C2Data-1348-Type3;27969.0000;DATA;1612718255.754400
/ndn/h1-site/h1/C2Data-27-Type4;51171.0000;DATA;1612718255.756972
/ndn/d9-site/d9/C2Data-2312-Type2;152256.0000;DATA;1612718255.907099
/ndn/d6-site/d6/C2Data-982-Type3;26557.0000;DATA;1612718256.364639
/ndn/s5-site/s5/C2Data-1531-Type3;6000897.0000;TIMEOUT;1612718251.029381
/ndn/v1-site/v1/C2Data-1897-Type3;25058.0000;DATA;1612718257.684381
/ndn/h6-site/h6/C2Data-739-Type1;31354.0000;DATA;1612718258.311421
/ndn/s5-site/s5/C2Data-3038-Type1;6001940.0000;TIMEOUT;1612718252.679285
/ndn/s8-site/s8/C2Data-1714-Type3;6002041.0000;TIMEOUT;1612718253.342339
/ndn/d5-site/d5/C2Data-921-Type3;145029.0000;DATA;1612718259.830643
/ndn/d1-site/d1/C2Data-677-Type3;191253.0000;DATA;1612718262.926887
/ndn/v7-site/v7/C2Data-677-Type4;76389.0000;DATA;1612718272.378918
/ndn/d2-site/d2/C2Data-302-Type4;58200.0000;DATA;1612718273.667965
/ndn/v5-site/v5/C2Data-4249-Type1;173535.0000;DATA;1612718278.551946
/ndn/h4-site/h4/C2Data-498-Type2;24467.0000;DATA;1612718279.249617
/ndn/h2-site/h2/C2Data-52-Type4;98598.0000;DATA;1612718279.518088
/ndn/h7-site/h7/C2Data-861-Type1;53673.0000;DATA;1612718280.585627
/ndn/v2-site/v2/C2Data-3886-Type2;77746.0000;DATA;1612718285.885102
/ndn/d6-site/d6/C2Data-1950-Type1;100188.0000;DATA;1612718286.477256
/ndn/v0-site/v0/C2Data-3644-Type1;24509.0000;DATA;1612718288.663247
/ndn/v9-site/v9/C2Data-4733-Type2;26752.0000;DATA;1612718289.104930
/ndn/h6-site/h6/C2Data-152-Type4;32121.0000;DATA;1612718290.565168
/ndn/h4-site/h4/C2Data-251-Type3;38399.0000;DATA;1612718303.193397
/ndn/v7-site/v7/C2Data-2264-Type3;98670.0000;DATA;1612718306.267173
/ndn/d9-site/d9/C2Data-1166-Type3;160811.0000;DATA;1612718307.167317
/ndn/d5-site/d5/C2Data-377-Type4;24175.0000;DATA;1612718308.226992
/ndn/v5-site/v5/C2Data-627-Type4;25829.0000;DATA;1612718309.238505
/ndn/v9-site/v9/C2Data-4734-Type2;124147.0000;DATA;1612718309.158629
/ndn/s8-site/s8/C2Data-1715-Type3;6007311.0000;TIMEOUT;1612718306.095205
/ndn/s3-site/s3/C2Data-1410-Type3;6003750.0000;TIMEOUT;1612718306.666684
/ndn/h1-site/h1/C2Data-68-Type3;24998.0000;DATA;1612718312.868889
/ndn/s5-site/s5/C2Data-3040-Type2;6000435.0000;TIMEOUT;1612718309.149290
/ndn/s2-site/s2/C2Data-2677-Type2;6006569.0000;TIMEOUT;1612718310.209610
/ndn/v3-site/v3/C2Data-2020-Type3;26120.0000;DATA;1612718316.259995
/ndn/h9-site/h9/C2Data-1104-Type1;177684.0000;DATA;1612718316.216024
/ndn/s9-site/s9/C2Data-1776-Type3;6001399.0000;TIMEOUT;1612718310.676197
/ndn/h4-site/h4/C2Data-499-Type2;24777.0000;DATA;1612718316.836600
/ndn/v2-site/v2/C2Data-1959-Type3;25597.0000;DATA;1612718319.456300
/ndn/s7-site/s7/C2Data-1654-Type3;6000463.0000;TIMEOUT;1612718314.985909
/ndn/h3-site/h3/C2Data-190-Type3;24545.0000;DATA;1612718322.445989
/ndn/s4-site/s4/C2Data-1471-Type3;6008095.0000;TIMEOUT;1612718317.911174
/ndn/s2-site/s2/C2Data-1349-Type3;6000703.0000;TIMEOUT;1612718318.602504
/ndn/h9-site/h9/C2Data-63-Type6;237178.0000;DATA;1612718330.607199
/ndn/v7-site/v7/C2Data-4493-Type2;104490.0000;DATA;1612718337.775395
/ndn/d2-site/d2/C2Data-1468-Type1;117734.0000;DATA;1612718339.579260
/ndn/h6-site/h6/C2Data-742-Type2;25066.0000;DATA;1612718342.236210
/ndn/h9-site/h9/C2Data-1105-Type1;202621.0000;DATA;1612718342.642710
/ndn/d4-site/d4/C2Data-1710-Type1;28085.0000;DATA;1612718347.040013
/ndn/v7-site/v7/C2Data-4493-Type1;23925.0000;DATA;1612718348.285565
/ndn/v1-site/v1/C2Data-3767-Type2;26637.0000;DATA;1612718348.789663
/ndn/s4-site/s4/C2Data-2920-Type2;6000760.0000;TIMEOUT;1612718343.081758
/ndn/s5-site/s5/C2Data-3041-Type2;6002587.0000;TIMEOUT;1612718345.152513
/ndn/d7-site/d7/C2Data-1045-Type3;142326.0000;DATA;1612718362.630006
/ndn/h7-site/h7/C2Data-435-Type3;67123.0000;DATA;1612718366.647939
/ndn/d2-site/d2/C2Data-740-Type3;103815.0000;DATA;1612718368.238016
/ndn/s8-site/s8/C2Data-1716-Type3;6001173.0000;TIMEOUT;1612718363.845226
/ndn/h2-site/h2/C2Data-259-Type1;28596.0000;DATA;1612718370.365948
/ndn/h0-site/h0/C2Data-8-Type3;204507.0000;DATA;1612718372.772553
/ndn/d3-site/d3/C2Data-1590-Type1;145497.0000;DATA;1612718373.882959
/ndn/h4-site/h4/C2Data-501-Type2;24885.0000;DATA;1612718375.063995
/ndn/v7-site/v7/C2Data-2265-Type3;25331.0000;DATA;1612718376.767732
/ndn/s1-site/s1/C2Data-1289-Type3;6001811.0000;TIMEOUT;1612718371.994206
/ndn/v6-site/v6/C2Data-4373-Type1;79139.0000;DATA;1612718379.052059
/ndn/v3-site/v3/C2Data-2021-Type3;25737.0000;DATA;1612718382.748977
/ndn/s7-site/s7/C2Data-3284-Type1;6003454.0000;TIMEOUT;1612718377.068922
/ndn/s4-site/s4/C2Data-1472-Type3;6001838.0000;TIMEOUT;1612718381.588436
/ndn/d1-site/d1/C2Data-77-Type6;212114.0000;DATA;1612718388.118607
/ndn/v6-site/v6/C2Data-4374-Type1;110921.0000;DATA;1612718398.020966
/ndn/v1-site/v1/C2Data-3769-Type2;35107.0000;DATA;1612718400.179029
/ndn/v8-site/v8/C2Data-4616-Type2;26588.0000;DATA;1612718403.252094
/ndn/d4-site/d4/C2Data-1712-Type2;29514.0000;DATA;1612718403.332107
/ndn/s2-site/s2/C2Data-2680-Type1;6000489.0000;TIMEOUT;1612718397.722927
/ndn/h8-site/h8/C2Data-986-Type1;90706.0000;DATA;1612718403.962781
/ndn/h9-site/h9/C2Data-1107-Type2;75640.0000;DATA;1612718408.519152
/ndn/v1-site/v1/C2Data-274-Type5;40761.0000;DATA;1612718409.171891
/ndn/s1-site/s1/C2Data-2559-Type1;6008704.0000;TIMEOUT;1612718404.579995
/ndn/s5-site/s5/C2Data-3043-Type2;6000749.0000;TIMEOUT;1612718405.255169
/ndn/h9-site/h9/C2Data-228-Type4;77160.0000;DATA;1612718411.262155
/ndn/d7-site/d7/C2Data-119-Type6;163810.0000;DATA;1612718411.819345
/ndn/h4-site/h4/C2Data-53-Type5;26684.0000;DATA;1612718413.458925
/ndn/v0-site/v0/C2Data-503-Type4;29810.0000;DATA;1612718417.705881
/ndn/v2-site/v2/C2Data-1961-Type3;30886.0000;DATA;1612718426.495297
/ndn/h0-site/h0/C2Data-9-Type3;39711.0000;DATA;1612718426.702731
/ndn/v2-site/v2/C2Data-3891-Type2;148326.0000;DATA;1612718427.165925
/ndn/d8-site/d8/C2Data-2197-Type2;168190.0000;DATA;1612718427.259921
/ndn/d5-site/d5/C2Data-1834-Type1;147875.0000;DATA;1612718428.168725
/ndn/h8-site/h8/C2Data-987-Type1;95134.0000;DATA;1612718429.947893
/ndn/d6-site/d6/C2Data-112-Type6;27549.0000;DATA;1612718430.188300
/ndn/d2-site/d2/C2Data-1471-Type1;145623.0000;DATA;1612718431.147416
/ndn/d6-site/d6/C2Data-1955-Type1;30460.0000;DATA;1612718431.999944
