/ndn/d2-site/d2/C2Data-1452-Type1;189006.0000;DATA;1612714525.472741
/ndn/d8-site/d8/C2Data-2178-Type1;130934.0000;DATA;1612714527.530881
/ndn/v5-site/v5/C2Data-4235-Type2;1335.0000;NACK;1612714527.720764
/ndn/s8-site/s8/C2Data-3388-Type1;25442.0000;DATA;1612714528.265033
/ndn/h1-site/h1/C2Data-121-Type1;51721.0000;DATA;1612714528.489257
/ndn/v8-site/v8/C2Data-4598-Type1;83542.0000;DATA;1612714528.923054
/ndn/h0-site/h0/C2Data-0-Type1;175659.0000;DATA;1612714530.394471
/ndn/s4-site/s4/C2Data-2904-Type1;970.0000;DATA;1612714530.859307
/ndn/s4-site/s4/C2Data-2904-Type2;132554.0000;DATA;1612714531.632448
/ndn/v4-site/v4/C2Data-4114-Type1;80420.0000;DATA;1612714532.831249
/ndn/h4-site/h4/C2Data-484-Type2;69540.0000;DATA;1612714533.675277
/ndn/s3-site/s3/C2Data-2783-Type2;2984.0000;DATA;1612714534.536586
/ndn/v6-site/v6/C2Data-4356-Type1;2089.0000;DATA;1612714536.041929
/ndn/d6-site/d6/C2Data-1936-Type2;1143.0000;DATA;1612714536.415146
/ndn/s5-site/s5/C2Data-3025-Type2;23872.0000;DATA;1612714536.713448
/ndn/d6-site/d6/C2Data-976-Type3;181174.0000;DATA;1612714550.331033
/ndn/d9-site/d9/C2Data-2300-Type1;177347.0000;DATA;1612714554.906084
/ndn/d2-site/d2/C2Data-1453-Type1;171987.0000;DATA;1612714555.344112
/ndn/d4-site/d4/C2Data-854-Type3;121089.0000;DATA;1612714555.862180
/ndn/v9-site/v9/C2Data-2379-Type3;31932.0000;DATA;1612714556.386093
/ndn/d7-site/d7/C2Data-2058-Type1;86106.0000;DATA;1612714557.500082
/ndn/v5-site/v5/C2Data-4236-Type2;78183.0000;DATA;1612714558.601197
/ndn/d6-site/d6/C2Data-1937-Type2;24188.0000;DATA;1612714560.812950
/ndn/h1-site/h1/C2Data-122-Type1;70336.0000;DATA;1612714561.283131
/ndn/s4-site/s4/C2Data-2905-Type1;1116.0000;DATA;1612714561.946675
/ndn/v2-site/v2/C2Data-1952-Type3;52462.0000;DATA;1612714562.073554
/ndn/s1-site/s1/C2Data-2542-Type1;50902.0000;DATA;1612714562.416850
/ndn/h6-site/h6/C2Data-727-Type2;943.0000;DATA;1612714564.185973
/ndn/h5-site/h5/C2Data-606-Type2;88663.0000;DATA;1612714564.214970
/ndn/v9-site/v9/C2Data-4720-Type1;153237.0000;DATA;1612714564.609830
/ndn/s1-site/s1/C2Data-2542-Type2;2224.0000;DATA;1612714564.844801
/ndn/v8-site/v8/C2Data-4599-Type1;48260.0000;DATA;1612714564.802351
/ndn/v6-site/v6/C2Data-4357-Type1;25621.0000;DATA;1612714565.058307
/ndn/s0-site/s0/C2Data-1220-Type3;2724.0000;DATA;1612714568.495380
/ndn/d7-site/d7/C2Data-2059-Type2;77449.0000;DATA;1612714585.375055
/ndn/v1-site/v1/C2Data-3753-Type1;85460.0000;DATA;1612714589.853239
/ndn/s1-site/s1/C2Data-2543-Type1;2719.0000;DATA;1612714591.690796
/ndn/d5-site/d5/C2Data-1817-Type2;7377.0000;DATA;1612714592.357983
/ndn/s7-site/s7/C2Data-3269-Type2;105035.0000;DATA;1612714593.116786
/ndn/h9-site/h9/C2Data-1091-Type2;965.0000;DATA;1612714595.024058
/ndn/d1-site/d1/C2Data-1333-Type1;57374.0000;DATA;1612714596.207257
/ndn/s3-site/s3/C2Data-1404-Type3;204321.0000;DATA;1612714612.087420
/ndn/s1-site/s1/C2Data-2544-Type1;50388.0000;DATA;1612714615.101852
/ndn/s7-site/s7/C2Data-1648-Type3;98877.0000;DATA;1612714615.465028
/ndn/s6-site/s6/C2Data-3149-Type2;172521.0000;DATA;1612714615.681095
/ndn/h4-site/h4/C2Data-487-Type2;73049.0000;DATA;1612714616.832135
/ndn/s4-site/s4/C2Data-2907-Type1;114274.0000;DATA;1612714617.007366
/ndn/h1-site/h1/C2Data-124-Type2;74261.0000;DATA;1612714617.087034
/ndn/h7-site/h7/C2Data-850-Type1;96892.0000;DATA;1612714617.120991
/ndn/v4-site/v4/C2Data-4117-Type1;75086.0000;DATA;1612714617.281410
/ndn/v0-site/v0/C2Data-3633-Type2;103803.0000;DATA;1612714617.344084
/ndn/h1-site/h1/C2Data-124-Type1;53079.0000;DATA;1612714619.862018
/ndn/d3-site/d3/C2Data-1576-Type1;1652.0000;DATA;1612714620.098959
/ndn/d2-site/d2/C2Data-1455-Type1;179297.0000;DATA;1612714620.013293
/ndn/v7-site/v7/C2Data-4480-Type1;145138.0000;DATA;1612714621.597271
/ndn/v5-site/v5/C2Data-4238-Type2;1020.0000;DATA;1612714622.517199
/ndn/d8-site/d8/C2Data-2181-Type1;134669.0000;DATA;1612714624.699162
/ndn/h4-site/h4/C2Data-100-Type4;80243.0000;DATA;1612714625.230137
/ndn/v8-site/v8/C2Data-2319-Type3;1418.0000;DATA;1612714627.110147
/ndn/h7-site/h7/C2Data-175-Type4;85380.0000;DATA;1612714632.669408
/ndn/d1-site/d1/C2Data-1335-Type2;49906.0000;DATA;1612714646.878975
/ndn/h6-site/h6/C2Data-150-Type4;1728.0000;DATA;1612714647.733488
/ndn/s9-site/s9/C2Data-3513-Type1;81351.0000;DATA;1612714651.470926
/ndn/v2-site/v2/C2Data-3876-Type2;1908.0000;DATA;1612714652.201009
/ndn/s5-site/s5/C2Data-3029-Type1;27490.0000;DATA;1612714652.253748
/ndn/d8-site/d8/C2Data-450-Type4;105738.0000;DATA;1612714652.572757
/ndn/d2-site/d2/C2Data-1456-Type1;170899.0000;DATA;1612714653.807092
/ndn/d1-site/d1/C2Data-275-Type4;821.0000;DATA;1612714654.037682
/ndn/v6-site/v6/C2Data-650-Type4;1115.0000;DATA;1612714659.505061
/ndn/s7-site/s7/C2Data-1649-Type3;154683.0000;DATA;1612714670.838173
/ndn/h7-site/h7/C2Data-429-Type3;100613.0000;DATA;1612714671.577099
/ndn/v8-site/v8/C2Data-4603-Type1;58505.0000;DATA;1612714675.395966
/ndn/d7-site/d7/C2Data-2062-Type1;80975.0000;DATA;1612714676.521124
/ndn/v4-site/v4/C2Data-2076-Type3;3279.0000;DATA;1612714676.761974
/ndn/v9-site/v9/C2Data-4724-Type1;26237.0000;DATA;1612714677.791167
/ndn/h4-site/h4/C2Data-489-Type1;78169.0000;DATA;1612714678.178531
/ndn/h9-site/h9/C2Data-551-Type3;1203.0000;DATA;1612714678.746697
/ndn/s3-site/s3/C2Data-1405-Type3;1029.0000;DATA;1612714679.039255
/ndn/s6-site/s6/C2Data-3151-Type2;101835.0000;DATA;1612714680.672063
/ndn/v4-site/v4/C2Data-4119-Type2;932.0000;DATA;1612714681.579381
/ndn/d4-site/d4/C2Data-856-Type3;49712.0000;DATA;1612714682.409048
/ndn/s2-site/s2/C2Data-1344-Type3;28527.0000;DATA;1612714683.668601
/ndn/d5-site/d5/C2Data-917-Type3;99343.0000;DATA;1612714683.772815
/ndn/h5-site/h5/C2Data-610-Type2;79784.0000;DATA;1612714683.895354
/ndn/d0-site/d0/C2Data-1215-Type1;123205.0000;DATA;1612714684.817095
/ndn/d0-site/d0/C2Data-612-Type3;2725.0000;DATA;1612714686.544233
/ndn/v0-site/v0/C2Data-1832-Type3;1983.0000;DATA;1612714687.750038
/ndn/s8-site/s8/C2Data-1710-Type3;2002.0000;DATA;1612714689.540042
/ndn/h4-site/h4/C2Data-246-Type3;39867.0000;DATA;1612714690.169617
/ndn/s9-site/s9/C2Data-1771-Type3;2017.0000;DATA;1612714690.863747
/ndn/s8-site/s8/C2Data-3394-Type1;25879.0000;DATA;1612714708.583753
/ndn/d6-site/d6/C2Data-1942-Type1;77932.0000;DATA;1612714708.787866
/ndn/s9-site/s9/C2Data-3515-Type1;73253.0000;DATA;1612714711.489869
/ndn/v3-site/v3/C2Data-3999-Type1;50668.0000;DATA;1612714713.028954
/ndn/s3-site/s3/C2Data-2789-Type1;106991.0000;DATA;1612714713.343070
/ndn/v3-site/v3/C2Data-2016-Type3;232155.0000;DATA;1612714729.362015
/ndn/d0-site/d0/C2Data-613-Type3;181439.0000;DATA;1612714730.080094
/ndn/v2-site/v2/C2Data-1955-Type3;25191.0000;DATA;1612714730.478197
/ndn/v1-site/v1/C2Data-1894-Type3;75410.0000;DATA;1612714731.989060
/ndn/d1-site/d1/C2Data-674-Type3;57722.0000;DATA;1612714732.204409
/ndn/s6-site/s6/C2Data-1589-Type3;1568.0000;DATA;1612714733.183527
/ndn/v7-site/v7/C2Data-4484-Type2;151543.0000;DATA;1612714735.224101
/ndn/v1-site/v1/C2Data-3758-Type2;86503.0000;DATA;1612714735.346995
/ndn/s7-site/s7/C2Data-3274-Type1;176557.0000;DATA;1612714737.129332
/ndn/h2-site/h2/C2Data-125-Type3;29466.0000;DATA;1612714741.041707
/ndn/s4-site/s4/C2Data-2911-Type2;1056.0000;DATA;1612714741.222931
/ndn/h1-site/h1/C2Data-64-Type3;71873.0000;DATA;1612714741.380953
/ndn/d0-site/d0/C2Data-1217-Type2;127725.0000;DATA;1612714741.788176
/ndn/v5-site/v5/C2Data-2138-Type3;1894.0000;DATA;1612714742.177614
/ndn/v6-site/v6/C2Data-4363-Type2;816.0000;DATA;1612714743.391113
/ndn/h4-site/h4/C2Data-491-Type2;76734.0000;DATA;1612714743.668268
/ndn/v2-site/v2/C2Data-3879-Type1;75749.0000;DATA;1612714744.917291
/ndn/d5-site/d5/C2Data-1822-Type2;152049.0000;DATA;1612714745.435169
/ndn/h6-site/h6/C2Data-369-Type3;99246.0000;DATA;1612714750.533552
/ndn/s8-site/s8/C2Data-3396-Type1;39374.0000;DATA;1612714764.903606
/ndn/h6-site/h6/C2Data-734-Type2;179596.0000;DATA;1612714767.163981
/ndn/s7-site/s7/C2Data-3275-Type1;111327.0000;DATA;1612714767.808379
/ndn/d5-site/d5/C2Data-1823-Type2;71800.0000;DATA;1612714768.800034
/ndn/h4-site/h4/C2Data-492-Type1;76457.0000;DATA;1612714770.592984
/ndn/s4-site/s4/C2Data-2912-Type1;2920.0000;DATA;1612714772.699431
/ndn/v2-site/v2/C2Data-3880-Type2;79751.0000;DATA;1612714773.535130
/ndn/d6-site/d6/C2Data-1944-Type1;1338.0000;DATA;1612714774.509357
/ndn/d9-site/d9/C2Data-2307-Type2;28275.0000;DATA;1612714775.957197
/ndn/s6-site/s6/C2Data-3154-Type1;180406.0000;DATA;1612714776.358367
/ndn/d5-site/d5/C2Data-919-Type3;213481.0000;DATA;1612714788.810990
/ndn/v0-site/v0/C2Data-1834-Type3;107089.0000;DATA;1612714789.345673
/ndn/s2-site/s2/C2Data-1346-Type3;1266.0000;DATA;1612714790.914338
/ndn/h6-site/h6/C2Data-78-Type5;62607.0000;DATA;1612714795.699239
/ndn/h7-site/h7/C2Data-91-Type5;73007.0000;DATA;1612714796.008872
/ndn/v3-site/v3/C2Data-4002-Type2;216108.0000;DATA;1612714796.544276
/ndn/s6-site/s6/C2Data-3155-Type1;175985.0000;DATA;1612714798.172074
/ndn/h6-site/h6/C2Data-370-Type3;77148.0000;DATA;1612714798.988000
/ndn/d8-site/d8/C2Data-2187-Type2;153784.0000;DATA;1612714799.116180
/ndn/v9-site/v9/C2Data-4728-Type2;25790.0000;DATA;1612714799.284216
/ndn/d4-site/d4/C2Data-182-Type5;48194.0000;DATA;1612714799.670044
/ndn/h8-site/h8/C2Data-104-Type5;75189.0000;DATA;1612714800.151500
/ndn/d5-site/d5/C2Data-1824-Type1;172218.0000;DATA;1612714800.153052
/ndn/s1-site/s1/C2Data-1285-Type3;1544.0000;DATA;1612714801.034851
/ndn/s4-site/s4/C2Data-1468-Type3;18551.0000;DATA;1612714801.647360
/ndn/d9-site/d9/C2Data-1163-Type3;948.0000;DATA;1612714802.232756
/ndn/v4-site/v4/C2Data-2078-Type3;105344.0000;DATA;1612714802.299969
/ndn/v8-site/v8/C2Data-701-Type4;29648.0000;DATA;1612714803.457011
/ndn/h1-site/h1/C2Data-130-Type2;71403.0000;DATA;1612714803.805061
/ndn/s3-site/s3/C2Data-2792-Type1;99276.0000;DATA;1612714804.669210
/ndn/v8-site/v8/C2Data-2322-Type3;826.0000;DATA;1612714805.224385
/ndn/d3-site/d3/C2Data-326-Type4;1272.0000;DATA;1612714805.558680
/ndn/d1-site/d1/C2Data-675-Type3;1120.0000;DATA;1612714806.112408
/ndn/s7-site/s7/C2Data-1651-Type3;101786.0000;DATA;1612714806.219058
/ndn/h4-site/h4/C2Data-101-Type4;87320.0000;DATA;1612714808.047702
/ndn/v1-site/v1/C2Data-1895-Type3;80503.0000;DATA;1612714809.513024
/ndn/v0-site/v0/C2Data-501-Type4;5723.0000;DATA;1612714816.268290
/ndn/d2-site/d2/C2Data-156-Type5;109549.0000;DATA;1612714825.869290
/ndn/v4-site/v4/C2Data-4124-Type1;105674.0000;DATA;1612714826.190286
/ndn/h9-site/h9/C2Data-1099-Type1;120810.0000;DATA;1612714827.458010
/ndn/s0-site/s0/C2Data-2430-Type1;1668.0000;DATA;1612714827.889271
/ndn/s4-site/s4/C2Data-2914-Type1;100240.0000;DATA;1612714827.782138
/ndn/s2-site/s2/C2Data-2672-Type2;1333.0000;DATA;1612714828.799418
/ndn/s8-site/s8/C2Data-3398-Type1;2015.0000;DATA;1612714832.742310
/ndn/s8-site/s8/C2Data-3398-Type2;801.0000;DATA;1612714834.563385
/ndn/h9-site/h9/C2Data-1099-Type2;77493.0000;DATA;1612714835.108486
/ndn/s9-site/s9/C2Data-3519-Type2;73508.0000;DATA;1612714835.665409
/ndn/d0-site/d0/C2Data-615-Type3;127333.0000;DATA;1612714849.950474
/ndn/d5-site/d5/C2Data-920-Type3;195251.0000;DATA;1612714852.007476
/ndn/v1-site/v1/C2Data-1896-Type3;48721.0000;DATA;1612714852.223206
/ndn/d9-site/d9/C2Data-247-Type5;947.0000;DATA;1612714853.211051
/ndn/v6-site/v6/C2Data-2201-Type3;25797.0000;DATA;1612714853.244045
/ndn/v6-site/v6/C2Data-4367-Type2;34078.0000;DATA;1612714856.004978
/ndn/s4-site/s4/C2Data-1469-Type3;117852.0000;DATA;1612714855.951371
/ndn/v0-site/v0/C2Data-3641-Type1;101788.0000;DATA;1612714856.200048
/ndn/h4-site/h4/C2Data-249-Type3;75269.0000;DATA;1612714856.939747
/ndn/s0-site/s0/C2Data-2431-Type2;1390.0000;DATA;1612714858.927775
/ndn/s7-site/s7/C2Data-3278-Type2;56154.0000;DATA;1612714859.325062
/ndn/h5-site/h5/C2Data-616-Type2;53637.0000;DATA;1612714860.356976
/ndn/h6-site/h6/C2Data-737-Type1;1168.0000;DATA;1612714860.506032
/ndn/s2-site/s2/C2Data-1347-Type3;1010.0000;DATA;1612714861.283107
/ndn/s6-site/s6/C2Data-3157-Type2;170605.0000;DATA;1612714863.400872
/ndn/s4-site/s4/C2Data-2916-Type2;112257.0000;DATA;1612714885.444762
/ndn/v2-site/v2/C2Data-3884-Type1;76123.0000;DATA;1612714886.933751
/ndn/d5-site/d5/C2Data-1827-Type1;840.0000;DATA;1612714887.945372
/ndn/h5-site/h5/C2Data-617-Type2;50212.0000;DATA;1612714888.390620
/ndn/v9-site/v9/C2Data-4731-Type1;162956.0000;DATA;1612714888.779819
/ndn/h7-site/h7/C2Data-859-Type2;136708.0000;DATA;1612714890.067202
/ndn/s0-site/s0/C2Data-2432-Type1;923.0000;DATA;1612714891.152377
/ndn/s7-site/s7/C2Data-3279-Type1;6000584.0000;TIMEOUT;1612714888.106238
/ndn/d6-site/d6/C2Data-1948-Type1;51521.0000;DATA;1612714895.688415
/ndn/v6-site/v6/C2Data-4368-Type2;2062.0000;DATA;1612714896.476580
/ndn/v0-site/v0/C2Data-1836-Type3;103356.0000;DATA;1612714910.935995
/ndn/h9-site/h9/C2Data-1102-Type1;111701.0000;DATA;1612714915.370950
/ndn/h0-site/h0/C2Data-13-Type1;58189.0000;DATA;1612714916.094849
/ndn/h9-site/h9/C2Data-555-Type3;1434.0000;DATA;1612714916.806941
/ndn/d8-site/d8/C2Data-2191-Type2;51880.0000;DATA;1612714917.222713
/ndn/h1-site/h1/C2Data-134-Type1;992.0000;DATA;1612714917.826052
/ndn/v9-site/v9/C2Data-2385-Type3;73841.0000;DATA;1612714918.700040
/ndn/s9-site/s9/C2Data-1775-Type3;6002818.0000;TIMEOUT;1612714913.135838
/ndn/s6-site/s6/C2Data-1592-Type3;6001502.0000;TIMEOUT;1612714913.296177
/ndn/v7-site/v7/C2Data-2263-Type3;97601.0000;DATA;1612714919.367757
/ndn/d8-site/d8/C2Data-2191-Type1;128855.0000;DATA;1612714923.793553
/ndn/d0-site/d0/C2Data-1223-Type2;38777.0000;DATA;1612714926.011981
/ndn/s7-site/s7/C2Data-1653-Type3;6001859.0000;TIMEOUT;1612714921.827161
/ndn/d0-site/d0/C2Data-616-Type3;1087.0000;DATA;1612714929.878581
/ndn/s2-site/s2/C2Data-2675-Type2;6000675.0000;TIMEOUT;1612714924.689645
/ndn/h4-site/h4/C2Data-102-Type4;80682.0000;DATA;1612714931.817251
/ndn/d6-site/d6/C2Data-402-Type4;74143.0000;DATA;1612714935.223181
/ndn/h2-site/h2/C2Data-256-Type1;75007.0000;DATA;1612714945.944671
/ndn/v5-site/v5/C2Data-627-Type4;1790.0000;DATA;1612714946.923038
/ndn/d8-site/d8/C2Data-2192-Type1;134069.0000;DATA;1612714950.615869
/ndn/d2-site/d2/C2Data-302-Type4;2326.0000;DATA;1612714950.888484
/ndn/d4-site/d4/C2Data-1708-Type1;149857.0000;DATA;1612714951.088852
/ndn/d8-site/d8/C2Data-452-Type4;52040.0000;DATA;1612714952.484690
/ndn/d0-site/d0/C2Data-1224-Type1;106731.0000;DATA;1612714955.600571
/ndn/v8-site/v8/C2Data-4612-Type2;48538.0000;DATA;1612714955.964993
/ndn/h0-site/h0/C2Data-2-Type4;159913.0000;DATA;1612714959.901869
/ndn/s6-site/s6/C2Data-3160-Type2;6002414.0000;TIMEOUT;1612714956.337060
/ndn/v8-site/v8/C2Data-702-Type4;1269.0000;DATA;1612714964.328003
/ndn/d3-site/d3/C2Data-327-Type4;1549.0000;DATA;1612714967.165957
/ndn/d7-site/d7/C2Data-427-Type4;81347.0000;DATA;1612714968.575396
/ndn/h4-site/h4/C2Data-251-Type3;77983.0000;DATA;1612714971.764916
/ndn/h2-site/h2/C2Data-129-Type3;56921.0000;DATA;1612714971.888051
/ndn/v9-site/v9/C2Data-727-Type4;815.0000;DATA;1612714972.224984
/ndn/v2-site/v2/C2Data-1959-Type3;80886.0000;DATA;1612714974.950254
/ndn/d6-site/d6/C2Data-983-Type3;99910.0000;DATA;1612714975.069924
/ndn/d4-site/d4/C2Data-861-Type3;157667.0000;DATA;1612714975.640264
/ndn/d6-site/d6/C2Data-1951-Type1;80931.0000;DATA;1612714980.261973
/ndn/v3-site/v3/C2Data-2020-Type3;49802.0000;DATA;1612714981.285628
/ndn/d1-site/d1/C2Data-1346-Type1;48541.0000;DATA;1612714982.856990
/ndn/d4-site/d4/C2Data-1709-Type1;148791.0000;DATA;1612714984.444854
/ndn/v5-site/v5/C2Data-4250-Type1;105460.0000;DATA;1612714985.197261
/ndn/s7-site/s7/C2Data-3282-Type2;6004222.0000;TIMEOUT;1612714979.749602
/ndn/s1-site/s1/C2Data-1288-Type3;6001189.0000;TIMEOUT;1612714990.191103
/ndn/s5-site/s5/C2Data-1532-Type3;6002986.0000;TIMEOUT;1612714991.958867
/ndn/v6-site/v6/C2Data-4372-Type1;965.0000;DATA;1612715006.826636
/ndn/d3-site/d3/C2Data-1589-Type1;1023.0000;DATA;1612715007.146689
/ndn/h2-site/h2/C2Data-258-Type2;26848.0000;DATA;1612715009.329817
/ndn/v4-site/v4/C2Data-4130-Type1;111858.0000;DATA;1612715011.060155
/ndn/d4-site/d4/C2Data-98-Type6;108815.0000;DATA;1612715012.871036
/ndn/d2-site/d2/C2Data-1468-Type1;225438.0000;DATA;1612715014.718656
/ndn/s7-site/s7/C2Data-3283-Type2;6009443.0000;TIMEOUT;1612715015.689814
/ndn/v4-site/v4/C2Data-2082-Type3;2907.0000;DATA;1612715032.698473
/ndn/h9-site/h9/C2Data-1106-Type2;106103.0000;DATA;1612715035.384953
/ndn/d8-site/d8/C2Data-1106-Type3;874.0000;DATA;1612715037.433994
/ndn/d3-site/d3/C2Data-1590-Type1;74169.0000;DATA;1612715037.571238
/ndn/h8-site/h8/C2Data-985-Type2;144155.0000;DATA;1612715040.376093
/ndn/d5-site/d5/C2Data-923-Type3;165323.0000;DATA;1612715041.277364
/ndn/s2-site/s2/C2Data-2679-Type1;6001188.0000;TIMEOUT;1612715036.922256
/ndn/v4-site/v4/C2Data-4131-Type2;1304.0000;DATA;1612715043.143313
/ndn/h4-site/h4/C2Data-252-Type3;73692.0000;DATA;1612715043.879147
/ndn/d0-site/d0/C2Data-131-Type5;130448.0000;DATA;1612715044.107610
/ndn/s9-site/s9/C2Data-3526-Type2;6000947.0000;TIMEOUT;1612715038.556748
/ndn/d3-site/d3/C2Data-1590-Type2;820.0000;DATA;1612715045.993576
/ndn/s3-site/s3/C2Data-1411-Type3;6001145.0000;TIMEOUT;1612715041.190689
/ndn/s0-site/s0/C2Data-2437-Type1;6001954.0000;TIMEOUT;1612715041.576956
/ndn/h6-site/h6/C2Data-374-Type3;80338.0000;DATA;1612715051.705306
/ndn/v7-site/v7/C2Data-189-Type6;3308.0000;DATA;1612715055.221614
/ndn/v9-site/v9/C2Data-4737-Type2;151058.0000;DATA;1612715064.888633
/ndn/v1-site/v1/C2Data-3769-Type2;49536.0000;DATA;1612715069.339011
/ndn/h6-site/h6/C2Data-744-Type2;120767.0000;DATA;1612715069.405026
/ndn/d3-site/d3/C2Data-91-Type6;27720.0000;DATA;1612715069.934874
/ndn/d8-site/d8/C2Data-2196-Type2;81792.0000;DATA;1612715070.895185
/ndn/s7-site/s7/C2Data-3285-Type2;6001527.0000;TIMEOUT;1612715065.084961
/ndn/v0-site/v0/C2Data-3648-Type2;1797.0000;DATA;1612715072.455864
/ndn/v4-site/v4/C2Data-4132-Type2;1008.0000;DATA;1612715073.008133
/ndn/v3-site/v3/C2Data-4011-Type1;92705.0000;DATA;1612715075.188756
/ndn/h9-site/h9/C2Data-228-Type4;114624.0000;DATA;1612715075.845111
/ndn/h5-site/h5/C2Data-623-Type2;82789.0000;DATA;1612715075.885238
/ndn/v9-site/v9/C2Data-728-Type4;186067.0000;DATA;1612715077.047153
/ndn/d0-site/d0/C2Data-253-Type4;163305.0000;DATA;1612715084.508735
/ndn/h4-site/h4/C2Data-253-Type3;86544.0000;DATA;1612715089.835050
/ndn/d9-site/d9/C2Data-478-Type4;4831.0000;DATA;1612715092.408897
/ndn/h5-site/h5/C2Data-314-Type3;4440.0000;DATA;1612715095.095849
/ndn/d4-site/d4/C2Data-1713-Type2;132003.0000;DATA;1612715095.816366
/ndn/h6-site/h6/C2Data-375-Type3;84134.0000;DATA;1612715096.915657
/ndn/v8-site/v8/C2Data-4617-Type1;802.0000;DATA;1612715098.736854
/ndn/v8-site/v8/C2Data-2327-Type3;3672.0000;DATA;1612715098.783000
/ndn/h5-site/h5/C2Data-35-Type6;74308.0000;DATA;1612715099.809820
/ndn/h0-site/h0/C2Data-19-Type2;148039.0000;DATA;1612715099.918974
/ndn/s9-site/s9/C2Data-3528-Type1;6000739.0000;TIMEOUT;1612715094.798270
