/ndn/h1-site/h1/C2Data-121-Type2;157346.0000;DATA;1611603165.310727
/ndn/d6-site/d6/C2Data-2541-Type2;196404.0000;DATA;1611603165.869819
/ndn/v4-site/v4/C2Data-5929-Type1;23997.0000;DATA;1611603166.902795
/ndn/d11-site/d11/C2Data-3146-Type1;49632.0000;DATA;1611603167.240813
/ndn/v0-site/v0/C2Data-5445-Type1;199849.0000;DATA;1611603167.559773
/ndn/h4-site/h4/C2Data-484-Type1;248026.0000;DATA;1611603167.643900
/ndn/d14-site/d14/C2Data-3509-Type1;204188.0000;DATA;1611603168.695845
/ndn/s7-site/s7/C2Data-4477-Type2;217927.0000;DATA;1611603171.602712
/ndn/s1-site/s1/C2Data-3751-Type1;304127.0000;DATA;1611603171.908855
/ndn/s5-site/s5/C2Data-4235-Type1;97996.0000;DATA;1611603174.063795
/ndn/s0-site/s0/C2Data-3630-Type2;191000.0000;DATA;1611603176.068758
/ndn/h8-site/h8/C2Data-968-Type1;176283.0000;DATA;1611603176.230800
/ndn/h9-site/h9/C2Data-1089-Type1;162722.0000;DATA;1611603176.375794
/ndn/v8-site/v8/C2Data-3233-Type3;269172.0000;DATA;1611603191.172782
/ndn/v11-site/v11/C2Data-3416-Type3;170621.0000;DATA;1611603192.481728
/ndn/h13-site/h13/C2Data-793-Type3;219934.0000;DATA;1611603193.798800
/ndn/v9-site/v9/C2Data-6535-Type2;261604.0000;DATA;1611603195.313749
/ndn/v10-site/v10/C2Data-6656-Type1;117389.0000;DATA;1611603196.460860
/ndn/d2-site/d2/C2Data-2058-Type1;126369.0000;DATA;1611603197.493850
/ndn/h7-site/h7/C2Data-848-Type1;291894.0000;DATA;1611603197.576868
/ndn/h9-site/h9/C2Data-1090-Type1;164377.0000;DATA;1611603199.088861
/ndn/d0-site/d0/C2Data-915-Type3;96996.0000;DATA;1611603199.448801
/ndn/h11-site/h11/C2Data-1332-Type2;189921.0000;DATA;1611603199.865740
/ndn/s14-site/s14/C2Data-5325-Type1;184396.0000;DATA;1611603200.035839
/ndn/d10-site/d10/C2Data-3026-Type2;231208.0000;DATA;1611603199.990869
/ndn/s1-site/s1/C2Data-3752-Type2;303226.0000;DATA;1611603199.991457
/ndn/d9-site/d9/C2Data-2905-Type2;145302.0000;DATA;1611603200.431821
/ndn/s3-site/s3/C2Data-2013-Type3;282614.0000;DATA;1611603200.364872
/ndn/d6-site/d6/C2Data-2542-Type2;191255.0000;DATA;1611603200.714891
/ndn/s3-site/s3/C2Data-3994-Type1;289162.0000;DATA;1611603201.183878
/ndn/d14-site/d14/C2Data-1769-Type3;194720.0000;DATA;1611603201.324821
/ndn/s8-site/s8/C2Data-2318-Type3;210528.0000;DATA;1611603201.423821
/ndn/v6-site/v6/C2Data-6172-Type1;167058.0000;DATA;1611603201.759918
/ndn/d3-site/d3/C2Data-1098-Type3;170983.0000;DATA;1611603201.891825
/ndn/d12-site/d12/C2Data-1647-Type3;73030.0000;DATA;1611603202.191333
/ndn/v2-site/v2/C2Data-5688-Type1;142864.0000;DATA;1611603202.545832
/ndn/v4-site/v4/C2Data-2989-Type3;23896.0000;DATA;1611603203.360821
/ndn/h10-site/h10/C2Data-610-Type3;167150.0000;DATA;1611603206.240868
/ndn/h5-site/h5/C2Data-305-Type3;188360.0000;DATA;1611603206.696819
/ndn/h8-site/h8/C2Data-488-Type3;167450.0000;DATA;1611603206.879752
/ndn/s7-site/s7/C2Data-4478-Type2;210842.0000;DATA;1611603207.042753
/ndn/s13-site/s13/C2Data-5204-Type2;307110.0000;DATA;1611603207.048826
/ndn/d9-site/d9/C2Data-1464-Type3;150030.0000;DATA;1611603208.301728
/ndn/s14-site/s14/C2Data-5326-Type2;188542.0000;DATA;1611603225.392519
/ndn/s10-site/s10/C2Data-4842-Type1;261064.0000;DATA;1611603225.467721
/ndn/h8-site/h8/C2Data-970-Type2;167040.0000;DATA;1611603225.658745
/ndn/d12-site/d12/C2Data-3269-Type1;73931.0000;DATA;1611603226.656792
/ndn/s0-site/s0/C2Data-3632-Type2;187531.0000;DATA;1611603226.607823
/ndn/s11-site/s11/C2Data-4963-Type1;287398.0000;DATA;1611603228.337985
/ndn/h14-site/h14/C2Data-1696-Type2;236139.0000;DATA;1611603228.397707
/ndn/s2-site/s2/C2Data-3874-Type1;194114.0000;DATA;1611603228.661872
/ndn/s8-site/s8/C2Data-4600-Type2;212147.0000;DATA;1611603228.826813
/ndn/s1-site/s1/C2Data-3753-Type1;326858.0000;DATA;1611603228.984900
/ndn/s9-site/s9/C2Data-4721-Type1;214892.0000;DATA;1611603229.593755
/ndn/d4-site/d4/C2Data-2301-Type1;193772.0000;DATA;1611603229.997800
/ndn/d7-site/d7/C2Data-2664-Type1;115727.0000;DATA;1611603232.191823
/ndn/d5-site/d5/C2Data-2422-Type1;231365.0000;DATA;1611603235.557794
/ndn/v8-site/v8/C2Data-6415-Type2;268692.0000;DATA;1611603236.280806
/ndn/h0-site/h0/C2Data-1-Type3;271893.0000;DATA;1611603252.714807
/ndn/v2-site/v2/C2Data-2868-Type3;147406.0000;DATA;1611603252.851800
/ndn/v10-site/v10/C2Data-3356-Type3;145817.0000;DATA;1611603254.467811
/ndn/h11-site/h11/C2Data-672-Type3;197393.0000;DATA;1611603255.549758
/ndn/h0-site/h0/C2Data-3-Type2;258523.0000;DATA;1611603255.660789
/ndn/h4-site/h4/C2Data-487-Type1;235792.0000;DATA;1611603255.765888
/ndn/v3-site/v3/C2Data-2929-Type3;238199.0000;DATA;1611603256.916774
/ndn/s7-site/s7/C2Data-2258-Type3;6000282.0000;TIMEOUT;1611603251.266779
/ndn/d6-site/d6/C2Data-2544-Type2;189131.0000;DATA;1611603258.036732
/ndn/h1-site/h1/C2Data-124-Type2;141575.0000;DATA;1611603258.766806
/ndn/d14-site/d14/C2Data-1770-Type3;196872.0000;DATA;1611603260.217815
/ndn/d0-site/d0/C2Data-916-Type3;102522.0000;DATA;1611603260.421750
/ndn/s1-site/s1/C2Data-3754-Type2;6000308.0000;TIMEOUT;1611603255.310728
/ndn/h8-site/h8/C2Data-971-Type1;170273.0000;DATA;1611603261.556026
/ndn/s6-site/s6/C2Data-4359-Type1;6000364.0000;TIMEOUT;1611603255.781877
/ndn/h12-site/h12/C2Data-1455-Type1;221916.0000;DATA;1611603261.907697
/ndn/s1-site/s1/C2Data-1892-Type3;6002098.0000;TIMEOUT;1611603256.172816
/ndn/v13-site/v13/C2Data-3539-Type3;212856.0000;DATA;1611603262.077747
/ndn/d9-site/d9/C2Data-1465-Type3;140724.0000;DATA;1611603263.705742
/ndn/h14-site/h14/C2Data-855-Type3;150205.0000;DATA;1611603264.059850
/ndn/d0-site/d0/C2Data-1818-Type2;93739.0000;DATA;1611603264.558808
/ndn/s11-site/s11/C2Data-4964-Type1;6000277.0000;TIMEOUT;1611603259.086737
/ndn/d8-site/d8/C2Data-2786-Type2;99943.0000;DATA;1611603265.840811
/ndn/h7-site/h7/C2Data-850-Type1;289691.0000;DATA;1611603265.877789
/ndn/d10-site/d10/C2Data-3028-Type2;238927.0000;DATA;1611603266.305815
/ndn/d1-site/d1/C2Data-1939-Type2;265144.0000;DATA;1611603266.725909
/ndn/h4-site/h4/C2Data-487-Type2;235426.0000;DATA;1611603267.005771
/ndn/v2-site/v2/C2Data-800-Type4;145709.0000;DATA;1611603268.527754
/ndn/d7-site/d7/C2Data-550-Type4;117149.0000;DATA;1611603268.591915
/ndn/d10-site/d10/C2Data-625-Type4;238657.0000;DATA;1611603270.892856
/ndn/d2-site/d2/C2Data-1038-Type3;121542.0000;DATA;1611603272.359729
/ndn/h3-site/h3/C2Data-184-Type3;25430.0000;DATA;1611603273.091916
/ndn/v11-site/v11/C2Data-3417-Type3;192244.0000;DATA;1611603273.233782
/ndn/s3-site/s3/C2Data-2014-Type3;6005655.0000;TIMEOUT;1611603269.639908
/ndn/h14-site/h14/C2Data-350-Type4;252062.0000;DATA;1611603276.796854
/ndn/d0-site/d0/C2Data-375-Type4;100291.0000;DATA;1611603277.332810
/ndn/h7-site/h7/C2Data-851-Type1;281270.0000;DATA;1611603285.672823
/ndn/v14-site/v14/C2Data-7143-Type2;212483.0000;DATA;1611603289.407815
/ndn/h1-site/h1/C2Data-25-Type4;145069.0000;DATA;1611603289.639820
/ndn/h0-site/h0/C2Data-0-Type4;266672.0000;DATA;1611603290.208799
/ndn/h5-site/h5/C2Data-609-Type1;190928.0000;DATA;1611603290.567762
/ndn/d12-site/d12/C2Data-3271-Type2;69472.0000;DATA;1611603291.781784
/ndn/v1-site/v1/C2Data-5570-Type1;48644.0000;DATA;1611603293.488798
/ndn/h10-site/h10/C2Data-1214-Type2;169192.0000;DATA;1611603293.437827
/ndn/s6-site/s6/C2Data-4360-Type2;6000270.0000;TIMEOUT;1611603288.074825
/ndn/s8-site/s8/C2Data-4602-Type2;6000868.0000;TIMEOUT;1611603288.927810
/ndn/d10-site/d10/C2Data-3029-Type2;238948.0000;DATA;1611603294.899811
/ndn/v13-site/v13/C2Data-7022-Type1;219273.0000;DATA;1611603296.034707
/ndn/d1-site/d1/C2Data-1940-Type1;256407.0000;DATA;1611603296.194787
/ndn/v0-site/v0/C2Data-5449-Type1;189203.0000;DATA;1611603296.345843
/ndn/s3-site/s3/C2Data-3997-Type2;6002314.0000;TIMEOUT;1611603296.183764
/ndn/h10-site/h10/C2Data-250-Type4;189082.0000;DATA;1611603308.195201
/ndn/v6-site/v6/C2Data-900-Type4;169463.0000;DATA;1611603308.642783
/ndn/v6-site/v6/C2Data-3113-Type3;166551.0000;DATA;1611603310.939787
/ndn/d4-site/d4/C2Data-1161-Type3;185472.0000;DATA;1611603315.411869
/ndn/h11-site/h11/C2Data-1336-Type2;193810.0000;DATA;1611603317.455831
/ndn/h7-site/h7/C2Data-852-Type2;284104.0000;DATA;1611603318.053443
/ndn/v13-site/v13/C2Data-3540-Type3;211288.0000;DATA;1611603318.545818
/ndn/d9-site/d9/C2Data-1466-Type3;141793.0000;DATA;1611603319.777893
/ndn/h12-site/h12/C2Data-1457-Type1;279301.0000;DATA;1611603320.032716
/ndn/v14-site/v14/C2Data-7144-Type1;213899.0000;DATA;1611603321.004872
/ndn/d3-site/d3/C2Data-2183-Type2;176695.0000;DATA;1611603321.361869
/ndn/d12-site/d12/C2Data-3272-Type2;75052.0000;DATA;1611603321.638765
/ndn/v0-site/v0/C2Data-2747-Type3;193691.0000;DATA;1611603321.827807
/ndn/d0-site/d0/C2Data-917-Type3;95077.0000;DATA;1611603322.613802
/ndn/s8-site/s8/C2Data-2320-Type3;6000289.0000;TIMEOUT;1611603316.860801
/ndn/d14-site/d14/C2Data-1771-Type3;190028.0000;DATA;1611603324.225733
/ndn/s12-site/s12/C2Data-5087-Type2;6000295.0000;TIMEOUT;1611603318.479443
/ndn/s9-site/s9/C2Data-4724-Type1;6001462.0000;TIMEOUT;1611603318.686845
/ndn/s9-site/s9/C2Data-2381-Type3;6000631.0000;TIMEOUT;1611603319.404725
/ndn/s10-site/s10/C2Data-4845-Type1;6000516.0000;TIMEOUT;1611603319.789851
/ndn/s10-site/s10/C2Data-4845-Type2;6000273.0000;TIMEOUT;1611603321.380821
/ndn/s3-site/s3/C2Data-2015-Type3;6000287.0000;TIMEOUT;1611603322.124821
/ndn/s12-site/s12/C2Data-2564-Type3;6000242.0000;TIMEOUT;1611603324.059808
/ndn/d12-site/d12/C2Data-1649-Type3;72261.0000;DATA;1611603330.157724
/ndn/s7-site/s7/C2Data-4482-Type2;6002318.0000;TIMEOUT;1611603324.395827
/ndn/h13-site/h13/C2Data-795-Type3;214728.0000;DATA;1611603331.478736
/ndn/v10-site/v10/C2Data-6661-Type2;126269.0000;DATA;1611603347.703917
/ndn/v5-site/v5/C2Data-6056-Type1;23582.0000;DATA;1611603351.425791
/ndn/d6-site/d6/C2Data-2547-Type2;194664.0000;DATA;1611603351.372817
/ndn/s9-site/s9/C2Data-4725-Type2;6002178.0000;TIMEOUT;1611603346.674810
/ndn/s12-site/s12/C2Data-5088-Type1;6000463.0000;TIMEOUT;1611603348.512783
/ndn/v2-site/v2/C2Data-5693-Type1;143728.0000;DATA;1611603355.254511
/ndn/s7-site/s7/C2Data-4483-Type1;6000390.0000;TIMEOUT;1611603349.545741
/ndn/d12-site/d12/C2Data-3273-Type1;69295.0000;DATA;1611603355.731791
/ndn/d11-site/d11/C2Data-3152-Type2;50095.0000;DATA;1611603357.092817
/ndn/s13-site/s13/C2Data-5209-Type2;6000261.0000;TIMEOUT;1611603354.077514
/ndn/s11-site/s11/C2Data-4967-Type1;6000492.0000;TIMEOUT;1611603354.968704
/ndn/h10-site/h10/C2Data-613-Type3;172899.0000;DATA;1611603371.825891
/ndn/v10-site/v10/C2Data-3358-Type3;118256.0000;DATA;1611603372.487337
/ndn/s10-site/s10/C2Data-2443-Type3;6001470.0000;TIMEOUT;1611603370.190772
/ndn/v7-site/v7/C2Data-6299-Type2;47769.0000;DATA;1611603377.276943
/ndn/v13-site/v13/C2Data-3541-Type3;217078.0000;DATA;1611603377.304750
/ndn/d12-site/d12/C2Data-3274-Type1;70988.0000;DATA;1611603378.755951
/ndn/h11-site/h11/C2Data-1338-Type1;190141.0000;DATA;1611603378.727997
/ndn/v11-site/v11/C2Data-3419-Type3;165452.0000;DATA;1611603379.068847
/ndn/d1-site/d1/C2Data-1943-Type1;263588.0000;DATA;1611603379.618882
/ndn/d8-site/d8/C2Data-2790-Type1;99382.0000;DATA;1611603379.926740
/ndn/v2-site/v2/C2Data-5694-Type1;146845.0000;DATA;1611603381.104827
