/ndn/d5-site/d5/C2Data-1815-Type2;25616.0000;DATA;1612146640.599852
/ndn/h3-site/h3/C2Data-363-Type1;209924.0000;DATA;1612146642.730620
/ndn/v8-site/v8/C2Data-4598-Type2;164150.0000;DATA;1612146644.203848
/ndn/h0-site/h0/C2Data-0-Type1;52294.0000;DATA;1612146645.367731
/ndn/s1-site/s1/C2Data-2541-Type1;243475.0000;DATA;1612146645.427414
/ndn/h6-site/h6/C2Data-726-Type1;189425.0000;DATA;1612146645.778495
/ndn/h7-site/h7/C2Data-847-Type1;154155.0000;DATA;1612146646.406476
/ndn/d8-site/d8/C2Data-2178-Type2;81683.0000;DATA;1612146646.639886
/ndn/s0-site/s0/C2Data-1220-Type3;202523.0000;DATA;1612146665.101454
/ndn/h2-site/h2/C2Data-122-Type3;221906.0000;DATA;1612146665.656412
/ndn/d1-site/d1/C2Data-671-Type3;152011.0000;DATA;1612146666.198808
/ndn/s3-site/s3/C2Data-1403-Type3;235321.0000;DATA;1612146668.916917
/ndn/s4-site/s4/C2Data-1464-Type3;124771.0000;DATA;1612146670.123508
/ndn/v5-site/v5/C2Data-4236-Type2;275669.0000;DATA;1612146670.103438
/ndn/s2-site/s2/C2Data-2663-Type1;172345.0000;DATA;1612146670.732835
/ndn/h6-site/h6/C2Data-727-Type1;173635.0000;DATA;1612146672.393369
/ndn/h1-site/h1/C2Data-61-Type3;120624.0000;DATA;1612146673.270440
/ndn/s7-site/s7/C2Data-1647-Type3;51907.0000;DATA;1612146674.691065
/ndn/h3-site/h3/C2Data-183-Type3;210911.0000;DATA;1612146677.308446
/ndn/d5-site/d5/C2Data-915-Type3;27264.0000;DATA;1612146683.217540
/ndn/h5-site/h5/C2Data-607-Type2;128494.0000;DATA;1612146699.743054
/ndn/h6-site/h6/C2Data-728-Type2;167378.0000;DATA;1612146699.955598
/ndn/d4-site/d4/C2Data-1696-Type1;81608.0000;DATA;1612146702.800205
/ndn/h7-site/h7/C2Data-849-Type2;180044.0000;DATA;1612146703.263176
/ndn/v7-site/v7/C2Data-4479-Type1;49655.0000;DATA;1612146703.532629
/ndn/d2-site/d2/C2Data-1454-Type1;32042.0000;DATA;1612146703.845260
/ndn/d9-site/d9/C2Data-2301-Type1;25995.0000;DATA;1612146704.674033
/ndn/s0-site/s0/C2Data-2422-Type2;204495.0000;DATA;1612146704.901032
/ndn/d9-site/d9/C2Data-2301-Type2;26850.0000;DATA;1612146705.644977
/ndn/h7-site/h7/C2Data-849-Type1;162018.0000;DATA;1612146705.812275
/ndn/d8-site/d8/C2Data-2180-Type1;74254.0000;DATA;1612146707.840519
/ndn/s4-site/s4/C2Data-1465-Type3;145174.0000;DATA;1612146721.822671
/ndn/s3-site/s3/C2Data-1404-Type3;356879.0000;DATA;1612146725.394463
/ndn/h4-site/h4/C2Data-487-Type2;162140.0000;DATA;1612146727.607154
/ndn/h4-site/h4/C2Data-245-Type3;124823.0000;DATA;1612146728.214696
/ndn/d6-site/d6/C2Data-1939-Type1;200831.0000;DATA;1612146729.609457
/ndn/d2-site/d2/C2Data-1455-Type2;29559.0000;DATA;1612146730.416922
/ndn/v1-site/v1/C2Data-1892-Type3;128451.0000;DATA;1612146732.215515
