/ndn/d5-site/d5/C2Data-1815-Type2;25721.0000;DATA;1612145590.775472
/ndn/h3-site/h3/C2Data-363-Type1;207190.0000;DATA;1612145592.906877
/ndn/v8-site/v8/C2Data-4598-Type2;24326.0000;DATA;1612145594.381153
/ndn/h0-site/h0/C2Data-0-Type1;50577.0000;DATA;1612145595.541124
/ndn/s1-site/s1/C2Data-2541-Type1;262774.0000;DATA;1612145595.603141
/ndn/h6-site/h6/C2Data-726-Type1;781.0000;DATA;1612145595.955564
/ndn/h7-site/h7/C2Data-847-Type1;27744.0000;DATA;1612145596.577369
/ndn/d8-site/d8/C2Data-2178-Type2;28001.0000;DATA;1612145596.814508
/ndn/s0-site/s0/C2Data-1220-Type3;205266.0000;DATA;1612145615.275500
/ndn/h2-site/h2/C2Data-122-Type3;224309.0000;DATA;1612145615.829955
/ndn/d1-site/d1/C2Data-671-Type3;66630.0000;DATA;1612145616.375521
/ndn/s3-site/s3/C2Data-1403-Type3;1541.0000;DATA;1612145619.090071
/ndn/s4-site/s4/C2Data-1464-Type3;71104.0000;DATA;1612145620.299521
/ndn/v5-site/v5/C2Data-4236-Type2;284234.0000;DATA;1612145620.280134
/ndn/s2-site/s2/C2Data-2663-Type1;187048.0000;DATA;1612145620.910370
/ndn/h6-site/h6/C2Data-727-Type1;194011.0000;DATA;1612145622.568851
/ndn/h1-site/h1/C2Data-61-Type3;136543.0000;DATA;1612145623.446651
/ndn/s7-site/s7/C2Data-1647-Type3;26614.0000;DATA;1612145624.866698
/ndn/h3-site/h3/C2Data-183-Type3;49658.0000;DATA;1612145627.485243
/ndn/d5-site/d5/C2Data-915-Type3;2367.0000;DATA;1612145633.393408
/ndn/h5-site/h5/C2Data-607-Type2;146292.0000;DATA;1612145649.919926
/ndn/h6-site/h6/C2Data-728-Type2;177513.0000;DATA;1612145650.131097
/ndn/d4-site/d4/C2Data-1696-Type1;26048.0000;DATA;1612145652.977140
/ndn/h7-site/h7/C2Data-849-Type2;154848.0000;DATA;1612145653.439756
/ndn/v7-site/v7/C2Data-4479-Type1;62769.0000;DATA;1612145653.708041
/ndn/d2-site/d2/C2Data-1454-Type1;29156.0000;DATA;1612145654.019602
/ndn/d9-site/d9/C2Data-2301-Type1;2100.0000;DATA;1612145654.847835
/ndn/s0-site/s0/C2Data-2422-Type2;195901.0000;DATA;1612145655.077021
/ndn/d9-site/d9/C2Data-2301-Type2;4432.0000;DATA;1612145655.820095
/ndn/h7-site/h7/C2Data-849-Type1;34660.0000;DATA;1612145655.987227
/ndn/d8-site/d8/C2Data-2180-Type1;118346.0000;DATA;1612145658.016615
/ndn/s4-site/s4/C2Data-1465-Type3;166405.0000;DATA;1612145671.998467
/ndn/s3-site/s3/C2Data-1404-Type3;186128.0000;DATA;1612145675.575138
/ndn/h4-site/h4/C2Data-487-Type2;122260.0000;DATA;1612145677.782788
/ndn/h4-site/h4/C2Data-245-Type3;86475.0000;DATA;1612145678.389494
/ndn/d6-site/d6/C2Data-1939-Type1;206320.0000;DATA;1612145679.784845
/ndn/d2-site/d2/C2Data-1455-Type2;28668.0000;DATA;1612145680.593422
/ndn/v1-site/v1/C2Data-1892-Type3;144518.0000;DATA;1612145682.393856
/ndn/h8-site/h8/C2Data-489-Type3;50372.0000;DATA;1612145683.346498
