/C2Data/v2/C2Data-294-Type1;24799.0000;DATA;1609267451.993880
/C2Data/d2/C2Data-66-Type3;234194.0000;DATA;1609267497.412896
/C2Data/v3/C2Data-316-Type1;115726.0000;DATA;1609267510.805062
/C2Data/h0/C2Data-1-Type2;23600.0000;DATA;1609267512.856279
/C2Data/d1/C2Data-106-Type2;264856.0000;DATA;1609267516.607401
/C2Data/s1/C2Data-190-Type1;174160.0000;DATA;1609267520.719308
/C2Data/v1/C2Data-274-Type2;114833.0000;DATA;1609267520.902889
/C2Data/s0/C2Data-88-Type3;140595.0000;DATA;1609267525.791270
/C2Data/s1/C2Data-99-Type3;328097.0000;DATA;1609267531.581435
/C2Data/v1/C2Data-143-Type3;233449.0000;DATA;1609267536.109990
/C2Data/s1/C2Data-191-Type2;374642.0000;DATA;1609267561.884870
/C2Data/d2/C2Data-128-Type2;91681.0000;DATA;1609267562.392141
/C2Data/d0/C2Data-86-Type2;69809.0000;DATA;1609267568.115370
/C2Data/v2/C2Data-296-Type2;53311.0000;DATA;1609267574.067420
/C2Data/h1/C2Data-23-Type2;25392.0000;DATA;1609267578.958963
/C2Data/d1/C2Data-56-Type3;176113.0000;DATA;1609267612.886629
/C2Data/v2/C2Data-155-Type3;48201.0000;DATA;1609267630.651159
/C2Data/d2/C2Data-129-Type1;131400.0000;DATA;1609267634.820822
/C2Data/v3/C2Data-55-Type4;171605.0000;DATA;1609267636.548005
/C2Data/v0/C2Data-255-Type1;27453.0000;DATA;1609267637.806098
/C2Data/v0/C2Data-40-Type4;63351.0000;DATA;1609267637.883922
/C2Data/h1/C2Data-12-Type3;23854.0000;DATA;1609267638.713189
/C2Data/s0/C2Data-89-Type3;105133.0000;DATA;1609267640.785608
/C2Data/d3/C2Data-78-Type3;277907.0000;DATA;1609267644.730950
/C2Data/d2/C2Data-30-Type4;108050.0000;DATA;1609267675.266579
/C2Data/v3/C2Data-319-Type1;273166.0000;DATA;1609267686.005815
/C2Data/h1/C2Data-25-Type2;29967.0000;DATA;1609267691.871336
/C2Data/v0/C2Data-256-Type2;61207.0000;DATA;1609267695.484550
/C2Data/h3/C2Data-67-Type1;133204.0000;NACK;1609267698.331826
/C2Data/v3/C2Data-319-Type2;270997.0000;DATA;1609267700.452621
/C2Data/s3/C2Data-235-Type2;55253.0000;DATA;1609267700.732690
/C2Data/v1/C2Data-277-Type2;260707.0000;DATA;1609267701.505853
/C2Data/s0/C2Data-90-Type3;139504.0000;DATA;1609267732.093892
/C2Data/h3/C2Data-15-Type4;92625.0000;NACK;1609267740.197598
/C2Data/d0/C2Data-20-Type4;47002.0000;DATA;1609267740.300254
/C2Data/d2/C2Data-131-Type2;69187.0000;DATA;1609267742.065301
/C2Data/h3/C2Data-35-Type3;82893.0000;NACK;1609267743.179065
/C2Data/s2/C2Data-215-Type2;24960.0000;DATA;1609267748.623204
/C2Data/s3/C2Data-236-Type1;60529.0000;DATA;1609267754.587020
/C2Data/d1/C2Data-110-Type2;158655.0000;DATA;1609267755.187580
/C2Data/h1/C2Data-13-Type3;58243.0000;DATA;1609267756.156470
/C2Data/d2/C2Data-68-Type3;110361.0000;DATA;1609267757.429940
/C2Data/v3/C2Data-167-Type3;169956.0000;DATA;1609267760.400319
/C2Data/d3/C2Data-152-Type2;96554.0000;DATA;1609267760.669136
/C2Data/h0/C2Data-5-Type1;26895.0000;DATA;1609267760.773331
/C2Data/d1/C2Data-111-Type1;152135.0000;DATA;1609267802.036479
/C2Data/d2/C2Data-132-Type1;97968.0000;DATA;1609267803.198024
/C2Data/d0/C2Data-90-Type2;75174.0000;DATA;1609267804.536417
/C2Data/h0/C2Data-6-Type1;24922.0000;DATA;1609267807.424421
/C2Data/v0/C2Data-258-Type1;27647.0000;DATA;1609267812.891397
/C2Data/h0/C2Data-6-Type2;44140.0000;DATA;1609267821.810794
/C2Data/s0/C2Data-174-Type1;277545.0000;DATA;1609267821.864651
/C2Data/d1/C2Data-112-Type1;157709.0000;DATA;1609267864.432102
/C2Data/h0/C2Data-7-Type1;27239.0000;DATA;1609267865.958138
/C2Data/s1/C2Data-196-Type2;316831.0000;DATA;1609267866.457183
/C2Data/v3/C2Data-322-Type1;115533.0000;DATA;1609267869.328600
/C2Data/s0/C2Data-175-Type1;92242.0000;DATA;1609267878.984111
/C2Data/v0/C2Data-135-Type3;122541.0000;DATA;1609267881.881696
/C2Data/h0/C2Data-8-Type2;48521.0000;DATA;1609267935.550409
/C2Data/h3/C2Data-71-Type1;108662.0000;NACK;1609267939.098576
/C2Data/h3/C2Data-9-Type5;119259.0000;NACK;1609267959.879268
/C2Data/h3/C2Data-72-Type2;91043.0000;NACK;1609267987.868672
/C2Data/h1/C2Data-3-Type5;60663.0000;DATA;1609268013.773008
/C2Data/s3/C2Data-240-Type1;99915.0000;DATA;1609268013.980285
