/C2Data/s0/C2Data-168-Type2;26686.0000;DATA;1609267454.049902
/C2Data/h0/C2Data-0-Type2;140661.0000;DATA;1609267457.122022
/C2Data/h0/C2Data-0-Type1;155577.0000;DATA;1609267462.442523
/C2Data/d0/C2Data-44-Type3;55144.0000;DATA;1609267497.314482
/C2Data/h3/C2Data-33-Type3;20834.0000;NACK;1609267498.238436
/C2Data/h2/C2Data-43-Type1;240005.0000;NACK;1609267511.956649
/C2Data/v1/C2Data-143-Type3;54535.0000;DATA;1609267518.440902
/C2Data/v0/C2Data-253-Type2;193996.0000;DATA;1609267518.948846
/C2Data/d0/C2Data-85-Type1;56495.0000;DATA;1609267523.421238
/C2Data/h0/C2Data-2-Type1;181922.0000;DATA;1609267564.862465
/C2Data/v0/C2Data-254-Type1;217199.0000;DATA;1609267565.670298
/C2Data/h3/C2Data-65-Type1;67459.0000;NACK;1609267566.272461
/C2Data/h2/C2Data-44-Type2;248074.0000;NACK;1609267576.484869
/C2Data/v1/C2Data-275-Type2;27294.0000;DATA;1609267579.885683
/C2Data/v2/C2Data-296-Type1;118788.0000;DATA;1609267583.213651
/C2Data/h2/C2Data-45-Type1;113258.0000;NACK;1609267622.678943
/C2Data/d1/C2Data-108-Type2;23597.0000;DATA;1609267626.430396
/C2Data/v3/C2Data-318-Type1;23609.0000;DATA;1609267633.508436
/C2Data/s2/C2Data-111-Type3;92209.0000;DATA;1609267634.300020
/C2Data/h2/C2Data-45-Type2;91757.0000;NACK;1609267636.447993
/C2Data/v2/C2Data-155-Type3;200904.0000;DATA;1609267636.728066
/C2Data/s2/C2Data-213-Type2;324919.0000;DATA;1609267645.017566
/C2Data/h1/C2Data-5-Type4;250382.0000;DATA;1609267647.541892
/C2Data/v0/C2Data-40-Type4;92274.0000;DATA;1609267652.461131
/C2Data/v1/C2Data-45-Type4;106145.0000;DATA;1609267669.337914
/C2Data/d0/C2Data-20-Type4;60565.0000;DATA;1609267672.080128
/C2Data/s2/C2Data-214-Type1;161802.0000;DATA;1609267683.915362
/C2Data/h3/C2Data-67-Type2;27623.0000;NACK;1609267700.304873
/C2Data/v3/C2Data-55-Type4;32465.0000;DATA;1609267741.736437
/C2Data/d2/C2Data-131-Type1;32674.0000;DATA;1609267742.724070
/C2Data/v1/C2Data-145-Type3;59359.0000;DATA;1609267748.656800
/C2Data/h3/C2Data-35-Type3;21947.0000;NACK;1609267755.155851
/C2Data/d1/C2Data-110-Type1;26548.0000;DATA;1609267756.643935
/C2Data/h0/C2Data-2-Type3;133905.0000;DATA;1609267767.777793
/C2Data/v0/C2Data-134-Type3;93170.0000;DATA;1609267769.487593
/C2Data/d2/C2Data-68-Type3;40815.0000;DATA;1609267772.870902
/C2Data/s3/C2Data-123-Type3;87969.0000;DATA;1609267774.786934
/C2Data/v3/C2Data-321-Type2;23842.0000;DATA;1609267803.674755
/C2Data/v2/C2Data-300-Type1;228386.0000;DATA;1609267811.828090
/C2Data/d0/C2Data-90-Type1;46526.0000;DATA;1609267816.261773
/C2Data/h0/C2Data-7-Type2;126754.0000;DATA;1609267870.162524
/C2Data/v1/C2Data-280-Type1;60854.0000;DATA;1609267875.293328
/C2Data/v2/C2Data-157-Type3;139741.0000;DATA;1609267894.312480
/C2Data/s1/C2Data-102-Type3;46968.0000;DATA;1609267896.256210
/C2Data/v3/C2Data-33-Type5;60341.0000;DATA;1609267917.199927
/C2Data/h1/C2Data-29-Type2;247663.0000;DATA;1609267925.188785
/C2Data/d0/C2Data-92-Type1;149223.0000;DATA;1609267930.451827
/C2Data/h1/C2Data-29-Type1;115976.0000;DATA;1609267936.601167
/C2Data/v0/C2Data-260-Type2;188100.0000;DATA;1609267948.064686
/C2Data/s1/C2Data-197-Type2;6004625.0000;TIMEOUT;1609267948.908411
/C2Data/v0/C2Data-24-Type5;150205.0000;DATA;1609267955.171380
/C2Data/v3/C2Data-56-Type4;28316.0000;DATA;1609267956.001419
/C2Data/d1/C2Data-59-Type3;24490.0000;DATA;1609267985.141105
/C2Data/h2/C2Data-26-Type3;180854.0000;NACK;1609267987.589026
/C2Data/d0/C2Data-21-Type4;206649.0000;DATA;1609268013.556839
