/ndn/h5-site/h5/C2Data-605-Type1;124535.0000;DATA;1611607420.681401
/ndn/s10-site/s10/C2Data-4840-Type1;510.0000;NACK;1611607421.700409
/ndn/h6-site/h6/C2Data-726-Type2;122915.0000;DATA;1611607423.047368
/ndn/d2-site/d2/C2Data-2057-Type2;24470.0000;DATA;1611607423.828592
/ndn/d8-site/d8/C2Data-2783-Type1;116618.0000;DATA;1611607427.034483
/ndn/h14-site/h14/C2Data-1694-Type2;684.0000;NACK;1611607427.528376
/ndn/d8-site/d8/C2Data-2783-Type2;121488.0000;DATA;1611607428.905401
/ndn/v8-site/v8/C2Data-6413-Type2;530.0000;NACK;1611607429.862370
/ndn/v10-site/v10/C2Data-6655-Type1;49525.0000;DATA;1611607430.622288
/ndn/d11-site/d11/C2Data-3146-Type2;49902.0000;DATA;1611607431.261427
/ndn/v7-site/v7/C2Data-3172-Type3;146606.0000;DATA;1611607444.851382
/ndn/d13-site/d13/C2Data-1708-Type3;179345.0000;DATA;1611607445.194445
/ndn/h2-site/h2/C2Data-122-Type3;625.0000;NACK;1611607445.624341
/ndn/s13-site/s13/C2Data-2623-Type3;496.0000;NACK;1611607448.867373
/ndn/v14-site/v14/C2Data-7140-Type1;139109.0000;DATA;1611607451.096308
/ndn/s14-site/s14/C2Data-2684-Type3;122008.0000;DATA;1611607451.199300
/ndn/v13-site/v13/C2Data-7019-Type2;195882.0000;DATA;1611607451.265328
/ndn/v8-site/v8/C2Data-3233-Type3;552.0000;NACK;1611607452.218259
/ndn/d6-site/d6/C2Data-1281-Type3;54267.0000;DATA;1611607452.542332
/ndn/h3-site/h3/C2Data-183-Type3;50064.0000;DATA;1611607453.524351
/ndn/s8-site/s8/C2Data-4599-Type1;166054.0000;DATA;1611607454.042318
/ndn/v6-site/v6/C2Data-6172-Type2;162567.0000;DATA;1611607454.919267
/ndn/d14-site/d14/C2Data-3510-Type2;190472.0000;DATA;1611607455.171404
/ndn/s6-site/s6/C2Data-4357-Type2;24154.0000;DATA;1611607457.388407
/ndn/s6-site/s6/C2Data-2196-Type3;25920.0000;DATA;1611607458.162351
/ndn/v11-site/v11/C2Data-6777-Type2;114884.0000;DATA;1611607458.421715
/ndn/v9-site/v9/C2Data-6535-Type1;571.0000;NACK;1611607458.755280
/ndn/v10-site/v10/C2Data-6656-Type2;46918.0000;DATA;1611607459.140340
/ndn/v3-site/v3/C2Data-5809-Type1;163270.0000;DATA;1611607460.080367
/ndn/h6-site/h6/C2Data-366-Type3;92874.0000;DATA;1611607461.081463
/ndn/v2-site/v2/C2Data-2867-Type3;23426.0000;DATA;1611607464.179272
/ndn/d9-site/d9/C2Data-1464-Type3;50672.0000;DATA;1611607466.459354
/ndn/h4-site/h4/C2Data-486-Type1;164545.0000;DATA;1611607480.324280
/ndn/s2-site/s2/C2Data-3874-Type1;188362.0000;DATA;1611607480.348451
/ndn/d14-site/d14/C2Data-3511-Type2;187356.0000;DATA;1611607480.876318
/ndn/d11-site/d11/C2Data-3148-Type1;47284.0000;DATA;1611607483.702435
/ndn/v1-site/v1/C2Data-5568-Type1;165115.0000;DATA;1611607483.827364
/ndn/s3-site/s3/C2Data-3995-Type2;23462.0000;DATA;1611607484.203267
/ndn/s13-site/s13/C2Data-5205-Type2;69462.0000;DATA;1611607484.316309
/ndn/d7-site/d7/C2Data-2664-Type1;47521.0000;DATA;1611607486.096397
/ndn/v14-site/v14/C2Data-7141-Type1;122123.0000;DATA;1611607486.042466
/ndn/v3-site/v3/C2Data-5810-Type2;123930.0000;DATA;1611607486.889344
/ndn/d10-site/d10/C2Data-3027-Type1;117775.0000;DATA;1611607487.126333
/ndn/h5-site/h5/C2Data-607-Type1;101319.0000;DATA;1611607487.344381
/ndn/d5-site/d5/C2Data-2422-Type1;94297.0000;DATA;1611607487.404378
/ndn/d6-site/d6/C2Data-2543-Type2;23772.0000;DATA;1611607488.660270
/ndn/v6-site/v6/C2Data-6173-Type1;116821.0000;DATA;1611607489.990279
/ndn/d14-site/d14/C2Data-1770-Type3;207132.0000;DATA;1611607507.168730
/ndn/v6-site/v6/C2Data-3112-Type3;174208.0000;DATA;1611607507.878333
/ndn/v7-site/v7/C2Data-3173-Type3;49840.0000;DATA;1611607509.488416
/ndn/h3-site/h3/C2Data-366-Type1;144711.0000;DATA;1611607510.975267
/ndn/h14-site/h14/C2Data-855-Type3;117287.0000;DATA;1611607511.760254
/ndn/s0-site/s0/C2Data-3633-Type1;46741.0000;DATA;1611607511.962374
/ndn/v13-site/v13/C2Data-7021-Type2;28618.0000;DATA;1611607512.872354
/ndn/s9-site/s9/C2Data-2380-Type3;99122.0000;DATA;1611607513.237298
/ndn/v4-site/v4/C2Data-5932-Type1;47833.0000;DATA;1611607513.321332
/ndn/h7-site/h7/C2Data-428-Type3;95789.0000;DATA;1611607513.397294
/ndn/h13-site/h13/C2Data-1576-Type2;118299.0000;DATA;1611607513.484510
/ndn/s5-site/s5/C2Data-2136-Type3;47397.0000;DATA;1611607513.699263
/ndn/d0-site/d0/C2Data-1818-Type2;98577.0000;DATA;1611607514.416121
/ndn/h9-site/h9/C2Data-1092-Type2;95415.0000;DATA;1611607515.263345
/ndn/s0-site/s0/C2Data-1831-Type3;23831.0000;DATA;1611607515.834292
/ndn/d9-site/d9/C2Data-2907-Type1;73497.0000;DATA;1611607516.415387
/ndn/h5-site/h5/C2Data-608-Type2;95303.0000;DATA;1611607517.222351
/ndn/h5-site/h5/C2Data-306-Type3;92087.0000;DATA;1611607518.675377
/ndn/h11-site/h11/C2Data-1334-Type2;162970.0000;DATA;1611607518.711275
/ndn/d0-site/d0/C2Data-1818-Type1;23391.0000;DATA;1611607519.728307
/ndn/h2-site/h2/C2Data-245-Type1;284178.0000;DATA;1611607519.512281
/ndn/s6-site/s6/C2Data-4359-Type2;23291.0000;DATA;1611607519.967292
/ndn/v0-site/v0/C2Data-750-Type4;46892.0000;DATA;1611607520.694287
/ndn/s4-site/s4/C2Data-4117-Type1;288912.0000;DATA;1611607520.914288
/ndn/s6-site/s6/C2Data-2197-Type3;26003.0000;DATA;1611607521.770457
/ndn/s8-site/s8/C2Data-4601-Type2;119167.0000;DATA;1611607521.699282
/ndn/v5-site/v5/C2Data-6053-Type2;25726.0000;DATA;1611607521.972350
/ndn/h9-site/h9/C2Data-550-Type3;99967.0000;DATA;1611607523.506300
/ndn/h11-site/h11/C2Data-275-Type4;234107.0000;DATA;1611607523.627328
/ndn/v3-site/v3/C2Data-2929-Type3;24085.0000;DATA;1611607524.035346
/ndn/v14-site/v14/C2Data-3600-Type3;47744.0000;DATA;1611607524.019349
/ndn/d5-site/d5/C2Data-1221-Type3;23961.0000;DATA;1611607525.945385
/ndn/d6-site/d6/C2Data-525-Type4;54549.0000;DATA;1611607527.970269
/ndn/d5-site/d5/C2Data-500-Type4;91335.0000;DATA;1611607529.006624
/ndn/h9-site/h9/C2Data-225-Type4;99521.0000;DATA;1611607530.572293
/ndn/d10-site/d10/C2Data-3029-Type1;163711.0000;DATA;1611607540.497358
/ndn/v3-site/v3/C2Data-5812-Type2;171933.0000;DATA;1611607542.241286
/ndn/v13-site/v13/C2Data-7022-Type2;191003.0000;DATA;1611607542.236336
/ndn/v14-site/v14/C2Data-1100-Type4;70635.0000;DATA;1611607543.482340
/ndn/h13-site/h13/C2Data-1577-Type2;47070.0000;DATA;1611607543.817324
/ndn/d10-site/d10/C2Data-3029-Type2;94798.0000;DATA;1611607544.406288
/ndn/d4-site/d4/C2Data-2303-Type1;170112.0000;DATA;1611607544.586418
/ndn/v14-site/v14/C2Data-7143-Type1;144464.0000;DATA;1611607545.595425
/ndn/d1-site/d1/C2Data-1940-Type2;215193.0000;DATA;1611607545.538379
/ndn/v0-site/v0/C2Data-5449-Type2;47361.0000;DATA;1611607546.991308
/ndn/s11-site/s11/C2Data-4965-Type1;217942.0000;DATA;1611607548.518330
/ndn/v12-site/v12/C2Data-6901-Type2;172367.0000;DATA;1611607548.879321
/ndn/d8-site/d8/C2Data-575-Type4;48436.0000;DATA;1611607549.926354
/ndn/h6-site/h6/C2Data-730-Type2;96240.0000;DATA;1611607550.048427
/ndn/d14-site/d14/C2Data-3513-Type1;51453.0000;DATA;1611607551.596267
/ndn/s14-site/s14/C2Data-5328-Type1;27588.0000;DATA;1611607551.644261
/ndn/h6-site/h6/C2Data-150-Type4;25687.0000;DATA;1611607554.670391
/ndn/h3-site/h3/C2Data-75-Type4;46288.0000;DATA;1611607562.280736
/ndn/h5-site/h5/C2Data-307-Type3;97835.0000;DATA;1611607565.245597
/ndn/v1-site/v1/C2Data-2808-Type3;93725.0000;DATA;1611607567.350264
/ndn/s12-site/s12/C2Data-2564-Type3;95380.0000;DATA;1611607570.310284
/ndn/d9-site/d9/C2Data-600-Type4;48981.0000;DATA;1611607571.107292
/ndn/h8-site/h8/C2Data-973-Type1;71611.0000;DATA;1611607571.823325
/ndn/s3-site/s3/C2Data-3998-Type1;212159.0000;DATA;1611607572.053356
/ndn/h13-site/h13/C2Data-1578-Type1;165850.0000;DATA;1611607572.145393
/ndn/d13-site/d13/C2Data-3393-Type2;162907.0000;DATA;1611607573.025549
/ndn/h9-site/h9/C2Data-551-Type3;95960.0000;DATA;1611607573.288365
/ndn/d12-site/d12/C2Data-3272-Type1;94581.0000;DATA;1611607573.613363
/ndn/h14-site/h14/C2Data-856-Type3;212965.0000;DATA;1611607573.506263
/ndn/h0-site/h0/C2Data-2-Type3;47265.0000;DATA;1611607576.506271
/ndn/h12-site/h12/C2Data-1457-Type2;176252.0000;DATA;1611607576.809422
/ndn/d8-site/d8/C2Data-2788-Type2;23910.0000;DATA;1611607577.687318
/ndn/s3-site/s3/C2Data-2015-Type3;94584.0000;DATA;1611607577.880253
/ndn/d9-site/d9/C2Data-1466-Type3;51419.0000;DATA;1611607577.956311
/ndn/d1-site/d1/C2Data-1941-Type2;118960.0000;DATA;1611607578.710274
/ndn/h11-site/h11/C2Data-673-Type3;47885.0000;DATA;1611607578.821314
/ndn/s5-site/s5/C2Data-2137-Type3;47391.0000;DATA;1611607579.850268
/ndn/h7-site/h7/C2Data-852-Type2;99788.0000;DATA;1611607580.253314
/ndn/s12-site/s12/C2Data-5087-Type2;69554.0000;DATA;1611607580.630346
/ndn/v8-site/v8/C2Data-3235-Type3;146220.0000;DATA;1611607581.257268
/ndn/h1-site/h1/C2Data-126-Type1;46929.0000;DATA;1611607582.117362
/ndn/d14-site/d14/C2Data-3515-Type2;192090.0000;DATA;1611607600.184264
/ndn/s4-site/s4/C2Data-4120-Type2;281721.0000;DATA;1611607603.973278
/ndn/d11-site/d11/C2Data-3152-Type1;119322.0000;DATA;1611607606.852336
/ndn/v9-site/v9/C2Data-6540-Type2;101179.0000;DATA;1611607607.256331
/ndn/s7-site/s7/C2Data-4483-Type2;123619.0000;DATA;1611607610.577266
/ndn/h0-site/h0/C2Data-6-Type1;195711.0000;DATA;1611607611.259265
/ndn/v13-site/v13/C2Data-7024-Type1;105788.0000;DATA;1611607612.035265
/ndn/h1-site/h1/C2Data-64-Type3;142520.0000;DATA;1611607624.185334
/ndn/h0-site/h0/C2Data-3-Type3;202610.0000;DATA;1611607627.464299
/ndn/v2-site/v2/C2Data-5694-Type1;25907.0000;DATA;1611607630.633353
/ndn/d9-site/d9/C2Data-2911-Type2;71644.0000;DATA;1611607630.713298
/ndn/s2-site/s2/C2Data-3879-Type2;189584.0000;DATA;1611607630.674369
/ndn/s6-site/s6/C2Data-2199-Type3;24807.0000;DATA;1611607632.438393
/ndn/h8-site/h8/C2Data-491-Type3;77259.0000;DATA;1611607633.077368
/ndn/h11-site/h11/C2Data-1338-Type2;198447.0000;DATA;1611607633.010258
/ndn/v8-site/v8/C2Data-3236-Type3;50458.0000;DATA;1611607633.692265
/ndn/v3-site/v3/C2Data-5815-Type1;164738.0000;DATA;1611607634.278288
/ndn/d10-site/d10/C2Data-3032-Type1;164934.0000;DATA;1611607634.482340
/ndn/h5-site/h5/C2Data-612-Type2;70301.0000;DATA;1611607634.632258
/ndn/d0-site/d0/C2Data-1822-Type2;93045.0000;DATA;1611607634.729329
/ndn/s13-site/s13/C2Data-5210-Type2;69904.0000;DATA;1611607635.376262
/ndn/s4-site/s4/C2Data-4121-Type1;46400.0000;DATA;1611607635.612252
