/ndn/s6-site/s6/C2Data-3146-Type1;168853.0000;DATA;1612717857.313245
/ndn/v8-site/v8/C2Data-4598-Type1;84238.0000;DATA;1612717858.782678
/ndn/d4-site/d4/C2Data-1694-Type1;1100.0000;DATA;1612717861.588106
/ndn/h4-site/h4/C2Data-484-Type2;28006.0000;DATA;1612717862.614622
/ndn/v3-site/v3/C2Data-3993-Type1;1575.0000;DATA;1612717865.844337
/ndn/h1-site/h1/C2Data-121-Type2;113358.0000;DATA;1612717867.049016
/ndn/d4-site/d4/C2Data-1694-Type2;148462.0000;DATA;1612717867.725658
/ndn/d1-site/d1/C2Data-1331-Type1;234042.0000;DATA;1612717867.802968
/ndn/d2-site/d2/C2Data-1452-Type2;99783.0000;DATA;1612717868.617955
/ndn/h3-site/h3/C2Data-183-Type3;134461.0000;DATA;1612717889.118918
/ndn/s6-site/s6/C2Data-3147-Type2;25870.0000;DATA;1612717893.452223
/ndn/d9-site/d9/C2Data-2300-Type2;25859.0000;DATA;1612717893.656209
/ndn/d1-site/d1/C2Data-671-Type3;129997.0000;DATA;1612717894.318788
/ndn/s7-site/s7/C2Data-3268-Type1;1047.0000;DATA;1612717894.795970
/ndn/v5-site/v5/C2Data-4236-Type1;100897.0000;DATA;1612717895.995016
/ndn/d8-site/d8/C2Data-2179-Type1;196608.0000;DATA;1612717895.973690
/ndn/h0-site/h0/C2Data-0-Type3;794.0000;DATA;1612717896.849180
/ndn/d6-site/d6/C2Data-1937-Type1;30076.0000;DATA;1612717897.128353
/ndn/d0-site/d0/C2Data-1211-Type2;935.0000;DATA;1612717898.007342
/ndn/d3-site/d3/C2Data-793-Type3;919.0000;DATA;1612717903.178472
/ndn/s5-site/s5/C2Data-3027-Type2;123681.0000;DATA;1612717919.308765
/ndn/v2-site/v2/C2Data-3874-Type2;214887.0000;DATA;1612717920.828060
/ndn/d4-site/d4/C2Data-1696-Type1;1323.0000;DATA;1612717921.435093
/ndn/h2-site/h2/C2Data-244-Type2;75544.0000;DATA;1612717926.915193
/ndn/h9-site/h9/C2Data-1091-Type1;219964.0000;DATA;1612717927.432156
/ndn/s3-site/s3/C2Data-1404-Type3;61273.0000;DATA;1612717944.512717
/ndn/h1-site/h1/C2Data-62-Type3;33599.0000;DATA;1612717945.207467
/ndn/h9-site/h9/C2Data-550-Type3;265901.0000;DATA;1612717946.900576
/ndn/d2-site/d2/C2Data-1455-Type1;52618.0000;DATA;1612717947.612937
/ndn/d6-site/d6/C2Data-1939-Type1;25937.0000;DATA;1612717947.806015
/ndn/s9-site/s9/C2Data-3512-Type1;74470.0000;DATA;1612717948.037500
/ndn/v5-site/v5/C2Data-4238-Type2;101760.0000;DATA;1612717949.578976
/ndn/d5-site/d5/C2Data-1818-Type2;197865.0000;DATA;1612717951.403913
/ndn/d9-site/d9/C2Data-2302-Type1;203404.0000;DATA;1612717952.191922
/ndn/d0-site/d0/C2Data-1213-Type2;963.0000;DATA;1612717952.399386
/ndn/v9-site/v9/C2Data-2380-Type3;157137.0000;DATA;1612717953.861101
/ndn/h1-site/h1/C2Data-124-Type1;27468.0000;DATA;1612717954.243865
/ndn/h3-site/h3/C2Data-184-Type3;27998.0000;DATA;1612717955.134583
/ndn/d8-site/d8/C2Data-1099-Type3;81001.0000;DATA;1612717955.342967
/ndn/v6-site/v6/C2Data-4359-Type2;27083.0000;DATA;1612717956.165629
/ndn/v0-site/v0/C2Data-3633-Type2;78060.0000;DATA;1612717956.265274
/ndn/v6-site/v6/C2Data-650-Type4;124637.0000;DATA;1612717957.070218
/ndn/h5-site/h5/C2Data-608-Type1;81072.0000;DATA;1612717958.516269
/ndn/d8-site/d8/C2Data-450-Type4;103817.0000;DATA;1612717963.019121
/ndn/v1-site/v1/C2Data-1892-Type3;61869.0000;DATA;1612717963.417167
/ndn/d1-site/d1/C2Data-275-Type4;271740.0000;DATA;1612717971.280128
/ndn/h4-site/h4/C2Data-100-Type4;114177.0000;DATA;1612717974.908618
/ndn/d0-site/d0/C2Data-1214-Type1;33331.0000;DATA;1612717977.784470
/ndn/d6-site/d6/C2Data-1940-Type1;26420.0000;DATA;1612717978.543269
/ndn/d9-site/d9/C2Data-2303-Type1;193204.0000;DATA;1612717980.995848
/ndn/s0-site/s0/C2Data-2424-Type2;156509.0000;DATA;1612717983.038841
/ndn/d1-site/d1/C2Data-1335-Type2;131476.0000;DATA;1612717984.288304
/ndn/v7-site/v7/C2Data-4481-Type1;75294.0000;DATA;1612717984.369548
/ndn/s2-site/s2/C2Data-2666-Type2;4975.0000;DATA;1612717984.988372
/ndn/h7-site/h7/C2Data-851-Type1;2078.0000;DATA;1612717985.591361
/ndn/v3-site/v3/C2Data-575-Type4;1687.0000;DATA;1612717986.703965
/ndn/v8-site/v8/C2Data-700-Type4;56047.0000;DATA;1612717994.009125
/ndn/v2-site/v2/C2Data-550-Type4;60814.0000;DATA;1612717995.919466
/ndn/v7-site/v7/C2Data-2259-Type3;134953.0000;DATA;1612718001.444928
/ndn/s9-site/s9/C2Data-1771-Type3;125220.0000;DATA;1612718002.734819
/ndn/v6-site/v6/C2Data-2198-Type3;95524.0000;DATA;1612718003.859046
/ndn/d8-site/d8/C2Data-1100-Type3;147376.0000;DATA;1612718004.794299
/ndn/d9-site/d9/C2Data-1161-Type3;199383.0000;DATA;1612718004.778190
/ndn/v2-site/v2/C2Data-1954-Type3;191447.0000;DATA;1612718005.658158
/ndn/s3-site/s3/C2Data-2788-Type1;55037.0000;DATA;1612718008.100267
/ndn/v3-site/v3/C2Data-2015-Type3;26735.0000;DATA;1612718009.574145
/ndn/h5-site/h5/C2Data-307-Type3;105185.0000;DATA;1612718010.455742
/ndn/h1-site/h1/C2Data-63-Type3;77812.0000;DATA;1612718011.104672
/ndn/v7-site/v7/C2Data-4482-Type1;123969.0000;DATA;1612718011.510247
/ndn/v2-site/v2/C2Data-3877-Type2;221691.0000;DATA;1612718011.435496
/ndn/d5-site/d5/C2Data-1820-Type2;222913.0000;DATA;1612718011.564119
/ndn/s0-site/s0/C2Data-2425-Type1;149132.0000;DATA;1612718011.761268
/ndn/v0-site/v0/C2Data-3635-Type1;74346.0000;DATA;1612718011.901925
/ndn/d5-site/d5/C2Data-917-Type3;107599.0000;DATA;1612718012.343710
/ndn/d1-site/d1/C2Data-1336-Type1;141531.0000;DATA;1612718012.327012
/ndn/h3-site/h3/C2Data-185-Type3;83517.0000;DATA;1612718012.884909
/ndn/s2-site/s2/C2Data-2667-Type1;34991.0000;DATA;1612718015.471531
/ndn/v6-site/v6/C2Data-4361-Type2;1078.0000;DATA;1612718015.898153
/ndn/d9-site/d9/C2Data-2304-Type2;213955.0000;DATA;1612718016.891551
/ndn/d1-site/d1/C2Data-1336-Type2;205883.0000;DATA;1612718018.708962
/ndn/v4-site/v4/C2Data-2076-Type3;3517.0000;DATA;1612718023.730920
/ndn/d3-site/d3/C2Data-795-Type3;743.0000;DATA;1612718023.826023
/ndn/h0-site/h0/C2Data-6-Type1;168460.0000;DATA;1612718040.321771
/ndn/s3-site/s3/C2Data-2789-Type2;1080.0000;DATA;1612718043.601590
/ndn/v6-site/v6/C2Data-4362-Type2;136101.0000;DATA;1612718045.525190
/ndn/d9-site/d9/C2Data-2305-Type2;122069.0000;DATA;1612718046.371924
/ndn/s8-site/s8/C2Data-3395-Type1;147756.0000;DATA;1612718067.359997
/ndn/h1-site/h1/C2Data-128-Type1;102964.0000;DATA;1612718067.410476
/ndn/h6-site/h6/C2Data-733-Type1;27590.0000;DATA;1612718070.279455
/ndn/d7-site/d7/C2Data-2064-Type2;202369.0000;DATA;1612718071.125149
/ndn/h7-site/h7/C2Data-430-Type3;2741.0000;DATA;1612718071.472560
/ndn/s9-site/s9/C2Data-1772-Type3;23684.0000;DATA;1612718073.562961
/ndn/s6-site/s6/C2Data-1589-Type3;7682.0000;DATA;1612718074.159954
/ndn/s9-site/s9/C2Data-3516-Type2;789.0000;DATA;1612718075.164895
/ndn/d7-site/d7/C2Data-1040-Type3;127035.0000;DATA;1612718075.636260
/ndn/v8-site/v8/C2Data-2321-Type3;72889.0000;DATA;1612718075.755694
/ndn/v7-site/v7/C2Data-4484-Type1;25516.0000;DATA;1612718076.094267
/ndn/d4-site/d4/C2Data-1701-Type1;27606.0000;DATA;1612718076.221927
/ndn/v0-site/v0/C2Data-3637-Type1;72015.0000;DATA;1612718077.392099
/ndn/h2-site/h2/C2Data-249-Type1;154620.0000;DATA;1612718078.428392
/ndn/d9-site/d9/C2Data-2306-Type2;208275.0000;DATA;1612718078.400200
/ndn/h0-site/h0/C2Data-7-Type1;28782.0000;DATA;1612718078.676163
/ndn/v8-site/v8/C2Data-364-Type5;119168.0000;DATA;1612718078.692206
/ndn/v3-site/v3/C2Data-2016-Type3;25904.0000;DATA;1612718079.677112
/ndn/v7-site/v7/C2Data-4485-Type1;174999.0000;DATA;1612718097.700813
/ndn/s1-site/s1/C2Data-2549-Type1;130895.0000;DATA;1612718098.911450
/ndn/h7-site/h7/C2Data-855-Type1;36333.0000;DATA;1612718103.589634
/ndn/h4-site/h4/C2Data-492-Type2;53626.0000;DATA;1612718104.369919
/ndn/s6-site/s6/C2Data-3154-Type2;168552.0000;DATA;1612718105.220553
/ndn/d0-site/d0/C2Data-1218-Type1;1323.0000;DATA;1612718105.564938
/ndn/s6-site/s6/C2Data-3154-Type1;1736.0000;DATA;1612718106.445000
/ndn/s1-site/s1/C2Data-2549-Type2;23922.0000;DATA;1612718108.376049
/ndn/v1-site/v1/C2Data-273-Type5;27748.0000;DATA;1612718115.932455
/ndn/d1-site/d1/C2Data-143-Type5;131742.0000;DATA;1612718117.016676
/ndn/v8-site/v8/C2Data-701-Type4;176757.0000;DATA;1612718119.137922
/ndn/d4-site/d4/C2Data-858-Type3;211466.0000;DATA;1612718122.628466
/ndn/d8-site/d8/C2Data-451-Type4;24211.0000;DATA;1612718124.397241
/ndn/h2-site/h2/C2Data-126-Type3;75487.0000;DATA;1612718124.692038
/ndn/d3-site/d3/C2Data-1582-Type2;76508.0000;DATA;1612718129.033732
/ndn/v8-site/v8/C2Data-4607-Type2;76118.0000;DATA;1612718129.349747
/ndn/s5-site/s5/C2Data-1529-Type3;24159.0000;DATA;1612718129.581991
/ndn/h4-site/h4/C2Data-248-Type3;47570.0000;DATA;1612718131.159040
/ndn/d4-site/d4/C2Data-1703-Type1;98530.0000;DATA;1612718131.741036
/ndn/d2-site/d2/C2Data-736-Type3;80904.0000;DATA;1612718135.281944
/ndn/s4-site/s4/C2Data-2913-Type1;219560.0000;DATA;1612718135.896206
/ndn/v2-site/v2/C2Data-1956-Type3;121470.0000;DATA;1612718136.286639
/ndn/h6-site/h6/C2Data-735-Type1;27121.0000;DATA;1612718136.923584
/ndn/v2-site/v2/C2Data-3881-Type1;186867.0000;DATA;1612718137.242127
/ndn/s2-site/s2/C2Data-2671-Type1;108539.0000;DATA;1612718137.916911
/ndn/d7-site/d7/C2Data-1041-Type3;51958.0000;DATA;1612718139.454125
/ndn/v6-site/v6/C2Data-2200-Type3;124428.0000;DATA;1612718139.433211
/ndn/v0-site/v0/C2Data-1834-Type3;83834.0000;DATA;1612718141.902437
/ndn/s4-site/s4/C2Data-1468-Type3;79172.0000;DATA;1612718144.234904
/ndn/d1-site/d1/C2Data-675-Type3;73693.0000;DATA;1612718144.672293
/ndn/v2-site/v2/C2Data-551-Type4;24507.0000;DATA;1612718154.435935
/ndn/d9-site/d9/C2Data-247-Type5;3387.0000;DATA;1612718162.144545
/ndn/s7-site/s7/C2Data-3277-Type2;1664.0000;DATA;1612718163.168977
/ndn/s0-site/s0/C2Data-2430-Type1;196842.0000;DATA;1612718163.083549
/ndn/h4-site/h4/C2Data-494-Type1;55082.0000;DATA;1612718163.720228
/ndn/d7-site/d7/C2Data-2067-Type2;225347.0000;DATA;1612718164.400498
/ndn/d3-site/d3/C2Data-798-Type3;70516.0000;DATA;1612718183.081268
/ndn/s3-site/s3/C2Data-1408-Type3;47489.0000;DATA;1612718186.690220
/ndn/h0-site/h0/C2Data-5-Type3;145640.0000;DATA;1612718187.380912
/ndn/s5-site/s5/C2Data-1530-Type3;125573.0000;DATA;1612718188.893562
/ndn/v1-site/v1/C2Data-3762-Type1;100707.0000;DATA;1612718189.221908
/ndn/h3-site/h3/C2Data-374-Type2;77549.0000;DATA;1612718191.373243
/ndn/h0-site/h0/C2Data-11-Type1;184122.0000;DATA;1612718192.157400
/ndn/v3-site/v3/C2Data-4004-Type1;179283.0000;DATA;1612718192.697993
/ndn/s0-site/s0/C2Data-2431-Type2;100139.0000;DATA;1612718194.578945
/ndn/d9-site/d9/C2Data-2310-Type1;247195.0000;DATA;1612718195.020956
/ndn/d6-site/d6/C2Data-1947-Type1;26824.0000;DATA;1612718195.484017
/ndn/s1-site/s1/C2Data-2552-Type2;109128.0000;DATA;1612718195.951085
/ndn/s6-site/s6/C2Data-3157-Type1;98856.0000;DATA;1612718196.217507
/ndn/h0-site/h0/C2Data-11-Type2;26374.0000;DATA;1612718196.870266
/ndn/h7-site/h7/C2Data-432-Type3;1252.0000;DATA;1612718197.333082
/ndn/v4-site/v4/C2Data-2079-Type3;4270.0000;DATA;1612718197.681097
/ndn/v1-site/v1/C2Data-1896-Type3;24599.0000;DATA;1612718198.764252
/ndn/s8-site/s8/C2Data-3399-Type2;148093.0000;DATA;1612718198.925090
/ndn/d1-site/d1/C2Data-676-Type3;60514.0000;DATA;1612718200.377959
/ndn/v0-site/v0/C2Data-3642-Type2;75582.0000;DATA;1612718218.060006
/ndn/v1-site/v1/C2Data-3763-Type2;108752.0000;DATA;1612718219.150443
/ndn/s4-site/s4/C2Data-2916-Type1;133428.0000;DATA;1612718219.178555
/ndn/h2-site/h2/C2Data-254-Type1;149852.0000;DATA;1612718222.173041
/ndn/v9-site/v9/C2Data-4731-Type1;83242.0000;DATA;1612718222.634906
/ndn/v7-site/v7/C2Data-4489-Type1;145223.0000;DATA;1612718223.085060
/ndn/v6-site/v6/C2Data-4368-Type2;136419.0000;DATA;1612718223.787197
/ndn/h5-site/h5/C2Data-617-Type1;84072.0000;DATA;1612718226.149969
/ndn/s2-site/s2/C2Data-2674-Type2;89352.0000;DATA;1612718226.986219
/ndn/s3-site/s3/C2Data-2795-Type2;898.0000;DATA;1612718227.091185
/ndn/v1-site/v1/C2Data-3763-Type1;90130.0000;DATA;1612718228.718754
/ndn/d8-site/d8/C2Data-2190-Type1;52323.0000;DATA;1612718228.882303
/ndn/v2-site/v2/C2Data-1958-Type3;224005.0000;DATA;1612718242.510273
/ndn/v3-site/v3/C2Data-4006-Type2;185748.0000;DATA;1612718247.516019
/ndn/v8-site/v8/C2Data-2324-Type3;98146.0000;DATA;1612718247.780104
/ndn/d1-site/d1/C2Data-1344-Type1;191644.0000;DATA;1612718247.698963
/ndn/d0-site/d0/C2Data-1223-Type1;27894.0000;DATA;1612718248.255232
/ndn/d0-site/d0/C2Data-1223-Type2;31292.0000;DATA;1612718250.962965
/ndn/h5-site/h5/C2Data-618-Type2;73562.0000;DATA;1612718254.372465
/ndn/v8-site/v8/C2Data-4611-Type1;74584.0000;DATA;1612718254.747801
/ndn/s4-site/s4/C2Data-2917-Type2;6000429.0000;TIMEOUT;1612718251.014911
/ndn/h4-site/h4/C2Data-497-Type2;61636.0000;DATA;1612718257.639193
/ndn/d6-site/d6/C2Data-1949-Type1;25156.0000;DATA;1612718258.582002
/ndn/s2-site/s2/C2Data-1348-Type3;27970.0000;DATA;1612718260.337033
/ndn/s2-site/s2/C2Data-2675-Type2;6000635.0000;TIMEOUT;1612718254.826641
/ndn/s1-site/s1/C2Data-1287-Type3;6003547.0000;TIMEOUT;1612718256.408785
/ndn/h1-site/h1/C2Data-27-Type4;80213.0000;DATA;1612718268.518623
/ndn/d9-site/d9/C2Data-477-Type4;360151.0000;DATA;1612718269.528331
/ndn/s7-site/s7/C2Data-1653-Type3;6000813.0000;TIMEOUT;1612718264.062641
/ndn/v8-site/v8/C2Data-702-Type4;26951.0000;DATA;1612718273.962795
/ndn/h4-site/h4/C2Data-498-Type1;3266.0000;DATA;1612718282.286744
/ndn/d7-site/d7/C2Data-2071-Type2;196257.0000;DATA;1612718282.099171
/ndn/v1-site/v1/C2Data-3765-Type2;103909.0000;DATA;1612718282.510215
/ndn/v5-site/v5/C2Data-4249-Type1;1079.0000;DATA;1612718282.866142
/ndn/h5-site/h5/C2Data-127-Type4;30395.0000;DATA;1612718282.887019
/ndn/s7-site/s7/C2Data-3281-Type1;6051958.0000;TIMEOUT;1612718277.374113
/ndn/v9-site/v9/C2Data-4733-Type2;29167.0000;DATA;1612718284.898600
/ndn/s4-site/s4/C2Data-2918-Type2;6012818.0000;TIMEOUT;1612718279.889134
/ndn/s5-site/s5/C2Data-3039-Type2;6000761.0000;TIMEOUT;1612718280.932406
/ndn/d0-site/d0/C2Data-1224-Type2;2809.0000;DATA;1612718288.225517
/ndn/s9-site/s9/C2Data-3523-Type1;6001361.0000;TIMEOUT;1612718283.587929
/ndn/h6-site/h6/C2Data-152-Type4;3106.0000;DATA;1612718289.696538
/ndn/s3-site/s3/C2Data-2797-Type2;6020967.0000;TIMEOUT;1612718284.298722
/ndn/s2-site/s2/C2Data-2676-Type2;6001458.0000;TIMEOUT;1612718285.267007
/ndn/s9-site/s9/C2Data-3523-Type2;6006911.0000;TIMEOUT;1612718287.072124
/ndn/s0-site/s0/C2Data-2434-Type1;6004571.0000;TIMEOUT;1612718288.126881
/ndn/v7-site/v7/C2Data-677-Type4;1237.0000;DATA;1612718297.703473
/ndn/v4-site/v4/C2Data-4129-Type1;100863.0000;DATA;1612718308.318965
/ndn/d5-site/d5/C2Data-922-Type3;81651.0000;DATA;1612718308.374239
/ndn/h7-site/h7/C2Data-862-Type1;29354.0000;DATA;1612718308.605983
/ndn/h7-site/h7/C2Data-862-Type2;3688.0000;DATA;1612718312.593052
/ndn/h5-site/h5/C2Data-620-Type2;3586.0000;DATA;1612718312.717099
/ndn/v2-site/v2/C2Data-1959-Type3;25390.0000;DATA;1612718312.813593
/ndn/s5-site/s5/C2Data-1532-Type3;6001008.0000;TIMEOUT;1612718307.732797
/ndn/h1-site/h1/C2Data-68-Type3;26585.0000;DATA;1612718315.001898
/ndn/s2-site/s2/C2Data-2677-Type2;6000388.0000;TIMEOUT;1612718309.093677
/ndn/v5-site/v5/C2Data-4250-Type1;101802.0000;DATA;1612718315.043547
/ndn/s1-site/s1/C2Data-2556-Type2;6000804.0000;TIMEOUT;1612718309.166732
/ndn/d4-site/d4/C2Data-98-Type6;116228.0000;DATA;1612718315.392549
/ndn/d0-site/d0/C2Data-70-Type6;29785.0000;DATA;1612718316.530236
/ndn/v0-site/v0/C2Data-3645-Type2;1065.0000;DATA;1612718316.623036
/ndn/s4-site/s4/C2Data-2919-Type1;6000782.0000;TIMEOUT;1612718312.547901
/ndn/d1-site/d1/C2Data-678-Type3;54467.0000;DATA;1612718322.491991
/ndn/s2-site/s2/C2Data-1349-Type3;6000612.0000;TIMEOUT;1612718317.630827
/ndn/s8-site/s8/C2Data-1715-Type3;6001259.0000;TIMEOUT;1612718324.865392
/ndn/v6-site/v6/C2Data-4372-Type1;186897.0000;DATA;1612718337.535019
/ndn/d9-site/d9/C2Data-2315-Type2;205781.0000;DATA;1612718337.923117
/ndn/h5-site/h5/C2Data-621-Type1;111890.0000;DATA;1612718339.871238
/ndn/d1-site/d1/C2Data-1347-Type1;26431.0000;DATA;1612718341.732504
/ndn/d6-site/d6/C2Data-1952-Type1;27463.0000;DATA;1612718344.080936
/ndn/v4-site/v4/C2Data-4130-Type1;89979.0000;DATA;1612718344.336616
/ndn/v3-site/v3/C2Data-4009-Type2;1178.0000;DATA;1612718344.980989
/ndn/h6-site/h6/C2Data-742-Type2;28390.0000;DATA;1612718344.961934
/ndn/h1-site/h1/C2Data-137-Type1;74699.0000;DATA;1612718345.965104
/ndn/v8-site/v8/C2Data-4614-Type1;1382.0000;DATA;1612718346.295022
/ndn/d8-site/d8/C2Data-2194-Type1;74882.0000;DATA;1612718346.350987
/ndn/s5-site/s5/C2Data-3041-Type2;6001645.0000;TIMEOUT;1612718340.617041
/ndn/d4-site/d4/C2Data-1710-Type1;104065.0000;DATA;1612718346.643791
/ndn/s9-site/s9/C2Data-3525-Type2;6003123.0000;TIMEOUT;1612718342.150573
/ndn/h1-site/h1/C2Data-137-Type2;100586.0000;DATA;1612718348.318876
/ndn/d1-site/d1/C2Data-77-Type6;295332.0000;DATA;1612718360.411134
/ndn/h5-site/h5/C2Data-313-Type3;73234.0000;DATA;1612718365.524361
/ndn/s3-site/s3/C2Data-1411-Type3;6000876.0000;TIMEOUT;1612718362.027901
/ndn/h1-site/h1/C2Data-138-Type2;137341.0000;DATA;1612718369.963104
/ndn/h9-site/h9/C2Data-1106-Type1;26060.0000;DATA;1612718371.745538
/ndn/h1-site/h1/C2Data-69-Type3;25820.0000;DATA;1612718373.218786
/ndn/v9-site/v9/C2Data-2387-Type3;1233.0000;DATA;1612718373.271445
/ndn/d3-site/d3/C2Data-801-Type3;2923.0000;DATA;1612718374.056515
/ndn/h4-site/h4/C2Data-501-Type2;51773.0000;DATA;1612718374.282375
/ndn/s5-site/s5/C2Data-3042-Type1;6001381.0000;TIMEOUT;1612718369.024870
/ndn/d9-site/d9/C2Data-1167-Type3;1128.0000;DATA;1612718375.898605
/ndn/s3-site/s3/C2Data-2800-Type1;6001840.0000;TIMEOUT;1612718370.564926
/ndn/v8-site/v8/C2Data-2326-Type3;24481.0000;DATA;1612718376.666126
/ndn/v4-site/v4/C2Data-2082-Type3;1222.0000;DATA;1612718377.274970
/ndn/s5-site/s5/C2Data-1533-Type3;6004288.0000;TIMEOUT;1612718372.088146
/ndn/s9-site/s9/C2Data-1777-Type3;6001860.0000;TIMEOUT;1612718372.215549
/ndn/h0-site/h0/C2Data-8-Type3;25900.0000;DATA;1612718378.178168
/ndn/d5-site/d5/C2Data-105-Type6;209848.0000;DATA;1612718377.980529
/ndn/d7-site/d7/C2Data-222-Type5;206336.0000;DATA;1612718378.216228
/ndn/v5-site/v5/C2Data-4252-Type1;1041.0000;DATA;1612718378.731372
/ndn/s1-site/s1/C2Data-2558-Type1;6000602.0000;TIMEOUT;1612718373.239932
/ndn/s6-site/s6/C2Data-3163-Type2;6002431.0000;TIMEOUT;1612718375.574525
/ndn/v0-site/v0/C2Data-1838-Type3;2532.0000;DATA;1612718384.072241
/ndn/v4-site/v4/C2Data-4132-Type1;99913.0000;DATA;1612718399.818649
/ndn/v9-site/v9/C2Data-4737-Type1;116379.0000;DATA;1612718403.858495
/ndn/s0-site/s0/C2Data-2438-Type2;6000715.0000;TIMEOUT;1612718398.779215
/ndn/s9-site/s9/C2Data-3527-Type2;6000634.0000;TIMEOUT;1612718399.503664
/ndn/v6-site/v6/C2Data-4374-Type2;3671.0000;DATA;1612718407.942794
/ndn/s2-site/s2/C2Data-2680-Type1;6001126.0000;TIMEOUT;1612718405.193324
/ndn/v7-site/v7/C2Data-189-Type6;1272.0000;DATA;1612718419.159060
/ndn/h0-site/h0/C2Data-3-Type4;101918.0000;DATA;1612718420.893294
/ndn/d6-site/d6/C2Data-403-Type4;36507.0000;DATA;1612718421.356941
/ndn/v1-site/v1/C2Data-1900-Type3;114388.0000;DATA;1612718425.049940
/ndn/h9-site/h9/C2Data-228-Type4;77033.0000;DATA;1612718426.128620
/ndn/v9-site/v9/C2Data-4738-Type2;178808.0000;DATA;1612718427.246905
/ndn/v4-site/v4/C2Data-4133-Type1;116238.0000;DATA;1612718428.630478
/ndn/v5-site/v5/C2Data-326-Type5;1376.0000;DATA;1612718429.605487
/ndn/v9-site/v9/C2Data-2388-Type3;2161.0000;DATA;1612718430.821585
/ndn/s8-site/s8/C2Data-1717-Type3;6001700.0000;TIMEOUT;1612718424.954120
/ndn/d0-site/d0/C2Data-619-Type3;41675.0000;DATA;1612718431.259572
/ndn/d3-site/d3/C2Data-1592-Type2;94292.0000;DATA;1612718431.452045
/ndn/h2-site/h2/C2Data-261-Type1;76307.0000;DATA;1612718432.068586
