/ndn/v8-site/v8/C2Data-6413-Type1;177053.0000;DATA;1611605674.404117
/ndn/v13-site/v13/C2Data-7018-Type2;164496.0000;DATA;1611605674.742118
/ndn/d8-site/d8/C2Data-2783-Type1;25271.0000;DATA;1611605675.589062
/ndn/s2-site/s2/C2Data-3872-Type2;104542.0000;DATA;1611605677.236086
/ndn/v5-site/v5/C2Data-6050-Type1;197371.0000;DATA;1611605677.248049
/ndn/d2-site/d2/C2Data-2057-Type2;95662.0000;DATA;1611605677.388202
/ndn/s13-site/s13/C2Data-5203-Type1;489.0000;NACK;1611605677.909140
/ndn/h6-site/h6/C2Data-726-Type1;140491.0000;DATA;1611605678.213097
/ndn/v13-site/v13/C2Data-7018-Type1;106266.0000;DATA;1611605679.386165
/ndn/d7-site/d7/C2Data-2662-Type2;24687.0000;DATA;1611605679.746133
/ndn/s10-site/s10/C2Data-4840-Type2;368.0000;NACK;1611605679.919145
/ndn/s6-site/s6/C2Data-4356-Type1;23479.0000;DATA;1611605683.131136
/ndn/v14-site/v14/C2Data-7139-Type1;27698.0000;DATA;1611605683.444145
/ndn/s7-site/s7/C2Data-4477-Type2;93861.0000;DATA;1611605683.542251
/ndn/s11-site/s11/C2Data-4961-Type1;24247.0000;DATA;1611605685.941092
/ndn/h10-site/h10/C2Data-1210-Type1;556.0000;DATA;1611605686.085782
/ndn/d11-site/d11/C2Data-1586-Type3;107249.0000;DATA;1611605698.225177
/ndn/s6-site/s6/C2Data-2196-Type3;630.0000;DATA;1611605699.770993
/ndn/v12-site/v12/C2Data-3477-Type3;149444.0000;DATA;1611605700.703197
/ndn/s0-site/s0/C2Data-1830-Type3;740.0000;DATA;1611605701.170130
/ndn/h4-site/h4/C2Data-485-Type2;144449.0000;DATA;1611605704.198188
/ndn/v8-site/v8/C2Data-3233-Type3;23478.0000;DATA;1611605704.654086
/ndn/h14-site/h14/C2Data-1695-Type1;598.0000;NACK;1611605705.122097
/ndn/v11-site/v11/C2Data-3416-Type3;429.0000;DATA;1611605705.281139
/ndn/s9-site/s9/C2Data-4720-Type1;122416.0000;DATA;1611605705.464032
/ndn/s11-site/s11/C2Data-4962-Type1;168846.0000;DATA;1611605705.823096
/ndn/v4-site/v4/C2Data-5930-Type2;165837.0000;DATA;1611605706.515062
/ndn/d11-site/d11/C2Data-3147-Type2;73547.0000;DATA;1611605707.010068
/ndn/s6-site/s6/C2Data-4357-Type2;466.0000;DATA;1611605707.192074
/ndn/h2-site/h2/C2Data-122-Type3;449.0000;NACK;1611605707.628060
/ndn/d0-site/d0/C2Data-1816-Type2;25240.0000;DATA;1611605708.244127
/ndn/s2-site/s2/C2Data-3873-Type1;167717.0000;DATA;1611605708.170150
/ndn/h2-site/h2/C2Data-243-Type2;613.0000;NACK;1611605708.953089
/ndn/h6-site/h6/C2Data-366-Type3;27055.0000;DATA;1611605711.059137
/ndn/h9-site/h9/C2Data-1090-Type2;76304.0000;DATA;1611605711.453271
/ndn/s12-site/s12/C2Data-5083-Type1;93912.0000;DATA;1611605712.755734
/ndn/v11-site/v11/C2Data-6777-Type2;490.0000;DATA;1611605715.380133
/ndn/h11-site/h11/C2Data-671-Type3;666.0000;DATA;1611605716.466686
/ndn/v5-site/v5/C2Data-3050-Type3;511.0000;DATA;1611605716.893117
/ndn/d13-site/d13/C2Data-1708-Type3;456.0000;DATA;1611605722.049137
/ndn/d12-site/d12/C2Data-3269-Type1;73106.0000;DATA;1611605734.733047
/ndn/h6-site/h6/C2Data-728-Type1;143021.0000;DATA;1611605734.789126
/ndn/d8-site/d8/C2Data-2785-Type1;23616.0000;DATA;1611605737.236121
/ndn/d0-site/d0/C2Data-1817-Type2;77851.0000;DATA;1611605737.292099
/ndn/h4-site/h4/C2Data-486-Type1;23701.0000;DATA;1611605740.685146
/ndn/d7-site/d7/C2Data-2664-Type1;883.0000;DATA;1611605740.889141
/ndn/d8-site/d8/C2Data-2785-Type2;23533.0000;DATA;1611605743.335097
/ndn/h1-site/h1/C2Data-123-Type1;124354.0000;DATA;1611605743.467105
/ndn/d5-site/d5/C2Data-2422-Type1;116941.0000;DATA;1611605745.129030
/ndn/d1-site/d1/C2Data-1938-Type1;91796.0000;DATA;1611605745.539113
/ndn/h5-site/h5/C2Data-306-Type3;92195.0000;DATA;1611605758.523160
/ndn/s10-site/s10/C2Data-2441-Type3;248333.0000;DATA;1611605758.787117
/ndn/s6-site/s6/C2Data-2197-Type3;35997.0000;DATA;1611605759.557278
/ndn/v13-site/v13/C2Data-3539-Type3;73297.0000;DATA;1611605762.693131
/ndn/h7-site/h7/C2Data-428-Type3;24411.0000;DATA;1611605764.273074
/ndn/s10-site/s10/C2Data-4843-Type1;240985.0000;DATA;1611605764.411119
/ndn/s3-site/s3/C2Data-2014-Type3;23432.0000;DATA;1611605768.027033
/ndn/v9-site/v9/C2Data-3295-Type3;170156.0000;DATA;1611605769.503107
/ndn/d12-site/d12/C2Data-3270-Type1;23571.0000;DATA;1611605770.121733
/ndn/h13-site/h13/C2Data-1576-Type2;71712.0000;DATA;1611605770.315075
/ndn/d5-site/d5/C2Data-500-Type4;119214.0000;DATA;1611605770.800125
/ndn/d10-site/d10/C2Data-3028-Type1;145331.0000;DATA;1611605770.921166
/ndn/v13-site/v13/C2Data-7021-Type1;164176.0000;DATA;1611605771.195057
/ndn/v0-site/v0/C2Data-5448-Type1;48417.0000;DATA;1611605771.774131
/ndn/d0-site/d0/C2Data-1818-Type2;508.0000;DATA;1611605772.840056
/ndn/d10-site/d10/C2Data-625-Type4;143944.0000;DATA;1611605772.979193
/ndn/h1-site/h1/C2Data-124-Type2;26168.0000;DATA;1611605773.365146
/ndn/s2-site/s2/C2Data-3875-Type1;171084.0000;DATA;1611605773.381210
/ndn/s9-site/s9/C2Data-4722-Type1;25356.0000;DATA;1611605774.030145
/ndn/d0-site/d0/C2Data-916-Type3;655.0000;DATA;1611605774.223216
/ndn/s3-site/s3/C2Data-3996-Type2;23559.0000;DATA;1611605774.381073
/ndn/s0-site/s0/C2Data-1831-Type3;804.0000;DATA;1611605774.885103
/ndn/d14-site/d14/C2Data-3512-Type2;176737.0000;DATA;1611605775.187116
/ndn/h9-site/h9/C2Data-550-Type3;24603.0000;DATA;1611605776.223967
/ndn/d10-site/d10/C2Data-1526-Type3;28449.0000;DATA;1611605779.884137
/ndn/v10-site/v10/C2Data-1000-Type4;25693.0000;DATA;1611605780.866077
/ndn/v7-site/v7/C2Data-925-Type4;23687.0000;DATA;1611605783.217380
/ndn/d14-site/d14/C2Data-725-Type4;153240.0000;DATA;1611605789.689062
/ndn/s2-site/s2/C2Data-3876-Type2;163950.0000;DATA;1611605794.955335
/ndn/s5-site/s5/C2Data-4239-Type1;46924.0000;DATA;1611605795.086167
/ndn/h14-site/h14/C2Data-350-Type4;95473.0000;DATA;1611605795.619075
/ndn/h8-site/h8/C2Data-972-Type2;73939.0000;DATA;1611605795.710113
/ndn/d9-site/d9/C2Data-2908-Type2;46476.0000;DATA;1611605796.360049
/ndn/h2-site/h2/C2Data-246-Type2;272016.0000;DATA;1611605796.239028
/ndn/h9-site/h9/C2Data-1093-Type1;27388.0000;DATA;1611605797.510127
/ndn/d4-site/d4/C2Data-2303-Type2;151655.0000;DATA;1611605797.805223
/ndn/v12-site/v12/C2Data-6901-Type1;25710.0000;DATA;1611605798.300048
/ndn/h3-site/h3/C2Data-367-Type1;24184.0000;DATA;1611605799.281217
/ndn/v1-site/v1/C2Data-5570-Type2;71767.0000;DATA;1611605799.252082
/ndn/s8-site/s8/C2Data-4602-Type2;46495.0000;DATA;1611605800.441064
/ndn/d0-site/d0/C2Data-375-Type4;23765.0000;DATA;1611605800.685097
/ndn/d11-site/d11/C2Data-3150-Type1;70317.0000;DATA;1611605800.926092
/ndn/h1-site/h1/C2Data-125-Type1;23408.0000;DATA;1611605802.997050
/ndn/d6-site/d6/C2Data-525-Type4;517.0000;DATA;1611605803.838001
/ndn/d1-site/d1/C2Data-1940-Type2;47125.0000;DATA;1611605804.032113
/ndn/d7-site/d7/C2Data-2666-Type2;1016.0000;DATA;1611605805.686056
/ndn/h0-site/h0/C2Data-0-Type4;23988.0000;DATA;1611605817.690157
/ndn/v7-site/v7/C2Data-3174-Type3;102767.0000;DATA;1611605819.503121
/ndn/d11-site/d11/C2Data-1588-Type3;105869.0000;DATA;1611605819.812037
/ndn/v6-site/v6/C2Data-900-Type4;650.0000;DATA;1611605822.920112
/ndn/h10-site/h10/C2Data-612-Type3;776.0000;DATA;1611605823.013322
/ndn/h9-site/h9/C2Data-551-Type3;46883.0000;DATA;1611605823.522082
/ndn/h3-site/h3/C2Data-368-Type1;124520.0000;DATA;1611605824.869171
/ndn/h1-site/h1/C2Data-126-Type2;121993.0000;DATA;1611605825.239181
/ndn/h9-site/h9/C2Data-1094-Type2;69932.0000;DATA;1611605825.936171
/ndn/d4-site/d4/C2Data-2304-Type2;169725.0000;DATA;1611605826.083151
/ndn/v10-site/v10/C2Data-6660-Type2;24565.0000;DATA;1611605826.541078
/ndn/s0-site/s0/C2Data-1832-Type3;459.0000;DATA;1611605827.099081
/ndn/s12-site/s12/C2Data-5087-Type2;23652.0000;DATA;1611605827.093118
/ndn/d3-site/d3/C2Data-2183-Type2;28426.0000;DATA;1611605827.428064
/ndn/s1-site/s1/C2Data-3756-Type1;52271.0000;DATA;1611605828.877150
/ndn/v5-site/v5/C2Data-3052-Type3;28080.0000;DATA;1611605828.950038
/ndn/h6-site/h6/C2Data-731-Type1;96973.0000;DATA;1611605828.931031
/ndn/d13-site/d13/C2Data-700-Type4;145219.0000;DATA;1611605829.109076
/ndn/h5-site/h5/C2Data-307-Type3;25204.0000;DATA;1611605829.289116
/ndn/s13-site/s13/C2Data-2625-Type3;23921.0000;DATA;1611605830.725071
/ndn/v1-site/v1/C2Data-5571-Type1;145678.0000;DATA;1611605830.727045
/ndn/h5-site/h5/C2Data-610-Type2;23434.0000;DATA;1611605832.188079
/ndn/v8-site/v8/C2Data-6418-Type1;71370.0000;DATA;1611605833.031118
/ndn/v8-site/v8/C2Data-6418-Type2;94638.0000;DATA;1611605833.158920
/ndn/v4-site/v4/C2Data-2991-Type3;938.0000;DATA;1611605835.867131
/ndn/h14-site/h14/C2Data-856-Type3;94257.0000;DATA;1611605835.949208
/ndn/h12-site/h12/C2Data-734-Type3;92548.0000;DATA;1611605837.960128
/ndn/v12-site/v12/C2Data-6903-Type2;143924.0000;DATA;1611605854.794146
/ndn/d14-site/d14/C2Data-3515-Type2;637.0000;DATA;1611605855.173127
/ndn/d1-site/d1/C2Data-1942-Type1;234461.0000;DATA;1611605856.139051
/ndn/d3-site/d3/C2Data-2184-Type2;26991.0000;DATA;1611605856.365343
/ndn/s2-site/s2/C2Data-3878-Type1;99752.0000;DATA;1611605856.970076
/ndn/d11-site/d11/C2Data-3152-Type1;882.0000;DATA;1611605857.076165
/ndn/h12-site/h12/C2Data-1458-Type1;256088.0000;DATA;1611605857.689159
/ndn/s9-site/s9/C2Data-4725-Type2;24707.0000;DATA;1611605858.726971
/ndn/s14-site/s14/C2Data-5330-Type1;136937.0000;DATA;1611605858.885143
/ndn/v6-site/v6/C2Data-6177-Type2;116940.0000;DATA;1611605862.110103
/ndn/v9-site/v9/C2Data-6540-Type2;24799.0000;DATA;1611605862.398087
/ndn/d5-site/d5/C2Data-2426-Type2;573.0000;DATA;1611605864.181064
/ndn/s12-site/s12/C2Data-5088-Type1;200559.0000;DATA;1611605864.519142
/ndn/h13-site/h13/C2Data-1579-Type2;142228.0000;DATA;1611605864.638153
/ndn/h5-site/h5/C2Data-611-Type2;73889.0000;DATA;1611605865.187114
/ndn/s0-site/s0/C2Data-3636-Type1;47948.0000;DATA;1611605865.480044
/ndn/v10-site/v10/C2Data-3358-Type3;27658.0000;DATA;1611605880.935091
/ndn/v7-site/v7/C2Data-3175-Type3;701.0000;DATA;1611605882.432122
/ndn/d5-site/d5/C2Data-1223-Type3;87512.0000;DATA;1611605883.757729
/ndn/v0-site/v0/C2Data-5452-Type2;47629.0000;DATA;1611605884.753078
/ndn/s5-site/s5/C2Data-4242-Type2;48305.0000;DATA;1611605885.205092
/ndn/h4-site/h4/C2Data-247-Type3;48804.0000;DATA;1611605885.647308
/ndn/h12-site/h12/C2Data-735-Type3;120828.0000;DATA;1611605885.881054
/ndn/h10-site/h10/C2Data-1217-Type2;742.0000;DATA;1611605886.799093
/ndn/h7-site/h7/C2Data-854-Type2;191479.0000;DATA;1611605887.197026
/ndn/s10-site/s10/C2Data-4847-Type1;92222.0000;DATA;1611605887.988125
/ndn/s14-site/s14/C2Data-5331-Type2;167759.0000;DATA;1611605888.281139
/ndn/v1-site/v1/C2Data-2809-Type3;25003.0000;DATA;1611605889.051043
