/ndn/v0-site/v0/C2Data-5445-Type1;585.0000;NACK;1611610327.026056
/ndn/d7-site/d7/C2Data-2662-Type1;119323.0000;DATA;1611610331.045161
/ndn/s10-site/s10/C2Data-4840-Type1;561.0000;NACK;1611610331.711199
/ndn/v4-site/v4/C2Data-5929-Type1;439.0000;NACK;1611610332.156606
/ndn/h0-site/h0/C2Data-0-Type1;153445.0000;DATA;1611610332.211095
/ndn/h1-site/h1/C2Data-121-Type1;584.0000;DATA;1611610333.107196
/ndn/h8-site/h8/C2Data-968-Type1;164755.0000;DATA;1611610336.855081
/ndn/s0-site/s0/C2Data-3630-Type1;77745.0000;DATA;1611610337.288092
/ndn/d13-site/d13/C2Data-1708-Type3;39323.0000;DATA;1611610350.086127
/ndn/s3-site/s3/C2Data-2013-Type3;490.0000;NACK;1611610351.175090
/ndn/v5-site/v5/C2Data-3050-Type3;669.0000;NACK;1611610355.562066
/ndn/s10-site/s10/C2Data-2440-Type3;456.0000;NACK;1611610355.981047
/ndn/d0-site/d0/C2Data-1816-Type2;69258.0000;DATA;1611610356.063676
/ndn/d3-site/d3/C2Data-1098-Type3;183946.0000;DATA;1611610356.118080
/ndn/h3-site/h3/C2Data-364-Type2;525.0000;DATA;1611610356.964062
/ndn/s4-site/s4/C2Data-4115-Type2;480.0000;NACK;1611610357.324173
/ndn/s14-site/s14/C2Data-5325-Type1;58347.0000;DATA;1611610357.369152
/ndn/s9-site/s9/C2Data-4720-Type2;74094.0000;DATA;1611610357.778115
/ndn/d4-site/d4/C2Data-2300-Type2;23581.0000;DATA;1611610359.188048
/ndn/s13-site/s13/C2Data-5204-Type1;480.0000;NACK;1611610359.697065
/ndn/d14-site/d14/C2Data-3510-Type2;28281.0000;DATA;1611610360.815089
/ndn/s0-site/s0/C2Data-1830-Type3;94946.0000;DATA;1611610362.399221
/ndn/h4-site/h4/C2Data-485-Type2;490.0000;DATA;1611610363.645093
/ndn/h12-site/h12/C2Data-1453-Type2;21080.0000;NACK;1611610363.653747
/ndn/v4-site/v4/C2Data-5930-Type2;530.0000;NACK;1611610363.956053
/ndn/s6-site/s6/C2Data-4357-Type1;167862.0000;DATA;1611610364.190056
/ndn/d14-site/d14/C2Data-3510-Type1;49608.0000;DATA;1611610364.401036
/ndn/d12-site/d12/C2Data-3268-Type1;106651.0000;DATA;1611610366.153092
/ndn/s6-site/s6/C2Data-2196-Type3;49629.0000;DATA;1611610369.319094
/ndn/h10-site/h10/C2Data-610-Type3;35086.0000;DATA;1611610371.179066
/ndn/v2-site/v2/C2Data-2867-Type3;23354.0000;DATA;1611610372.084084
/ndn/v7-site/v7/C2Data-3172-Type3;536.0000;NACK;1611610372.549139
/ndn/s8-site/s8/C2Data-4600-Type1;47030.0000;DATA;1611610385.441024
/ndn/s2-site/s2/C2Data-3874-Type1;24101.0000;DATA;1611610387.941108
/ndn/d6-site/d6/C2Data-2543-Type2;202523.0000;DATA;1611610387.828043
/ndn/v10-site/v10/C2Data-6657-Type2;125145.0000;DATA;1611610388.260055
/ndn/d9-site/d9/C2Data-2906-Type1;144733.0000;DATA;1611610389.041079
/ndn/s12-site/s12/C2Data-5084-Type1;641.0000;NACK;1611610389.988117
/ndn/d3-site/d3/C2Data-2180-Type1;94532.0000;DATA;1611610392.274107
/ndn/h12-site/h12/C2Data-1454-Type2;49665.0000;DATA;1611610393.794050
/ndn/h5-site/h5/C2Data-607-Type2;97246.0000;DATA;1611610395.357187
/ndn/h3-site/h3/C2Data-365-Type2;500.0000;DATA;1611610396.003104
/ndn/s7-site/s7/C2Data-4479-Type2;24227.0000;DATA;1611610396.347122
/ndn/v12-site/v12/C2Data-6899-Type2;100546.0000;DATA;1611610396.960080
/ndn/h3-site/h3/C2Data-365-Type1;597.0000;DATA;1611610397.280053
/ndn/d13-site/d13/C2Data-1709-Type3;24341.0000;DATA;1611610409.933185
/ndn/d5-site/d5/C2Data-1221-Type3;173287.0000;DATA;1611610409.913153
/ndn/d2-site/d2/C2Data-1038-Type3;50193.0000;DATA;1611610414.014094
/ndn/v9-site/v9/C2Data-6537-Type1;469.0000;NACK;1611610416.666073
/ndn/h13-site/h13/C2Data-1576-Type1;53565.0000;DATA;1611610417.621137
/ndn/s14-site/s14/C2Data-5327-Type2;1043.0000;DATA;1611610420.224054
/ndn/h3-site/h3/C2Data-366-Type1;92411.0000;DATA;1611610421.222051
/ndn/s0-site/s0/C2Data-1831-Type3;50495.0000;DATA;1611610421.379094
/ndn/h8-site/h8/C2Data-200-Type4;139119.0000;DATA;1611610421.922050
/ndn/d9-site/d9/C2Data-1465-Type3;93615.0000;DATA;1611610422.558162
/ndn/h9-site/h9/C2Data-1092-Type2;47396.0000;DATA;1611610422.699040
/ndn/s5-site/s5/C2Data-2136-Type3;23356.0000;DATA;1611610422.911037
/ndn/s9-site/s9/C2Data-4722-Type2;50142.0000;DATA;1611610422.910099
/ndn/h5-site/h5/C2Data-608-Type1;51895.0000;DATA;1611610422.984101
/ndn/v12-site/v12/C2Data-1050-Type4;171832.0000;DATA;1611610423.446082
/ndn/v2-site/v2/C2Data-5690-Type1;143750.0000;DATA;1611610423.786118
/ndn/d11-site/d11/C2Data-1587-Type3;562.0000;DATA;1611610424.326061
/ndn/v8-site/v8/C2Data-6416-Type1;71571.0000;DATA;1611610424.501141
/ndn/h1-site/h1/C2Data-25-Type4;23837.0000;DATA;1611610424.907131
/ndn/v7-site/v7/C2Data-925-Type4;93864.0000;DATA;1611610425.140111
/ndn/h12-site/h12/C2Data-1455-Type1;24643.0000;DATA;1611610427.147112
/ndn/h11-site/h11/C2Data-672-Type3;25852.0000;DATA;1611610428.586065
/ndn/d8-site/d8/C2Data-1404-Type3;678.0000;DATA;1611610429.718036
/ndn/h5-site/h5/C2Data-306-Type3;46050.0000;DATA;1611610430.187087
/ndn/v14-site/v14/C2Data-3600-Type3;579.0000;DATA;1611610431.302072
/ndn/d2-site/d2/C2Data-425-Type4;32277.0000;DATA;1611610441.842112
/ndn/h0-site/h0/C2Data-0-Type4;589.0000;DATA;1611610442.293055
/ndn/s13-site/s13/C2Data-5207-Type2;52809.0000;DATA;1611610446.813110
/ndn/v10-site/v10/C2Data-6659-Type1;120038.0000;DATA;1611610447.294061
/ndn/d12-site/d12/C2Data-3271-Type2;96094.0000;DATA;1611610447.481075
/ndn/v11-site/v11/C2Data-6780-Type2;563.0000;DATA;1611610448.212921
/ndn/v2-site/v2/C2Data-800-Type4;25548.0000;DATA;1611610449.215119
/ndn/h3-site/h3/C2Data-367-Type1;99606.0000;DATA;1611610449.733095
/ndn/d5-site/d5/C2Data-2424-Type2;123587.0000;DATA;1611610450.928051
/ndn/v2-site/v2/C2Data-5691-Type1;142810.0000;DATA;1611610451.093116
/ndn/h2-site/h2/C2Data-246-Type1;52625.0000;DATA;1611610452.224120
/ndn/h1-site/h1/C2Data-125-Type1;24081.0000;DATA;1611610454.216076
/ndn/h12-site/h12/C2Data-1456-Type2;48077.0000;DATA;1611610456.008116
/ndn/d2-site/d2/C2Data-2061-Type1;596.0000;DATA;1611610456.164105
/ndn/v2-site/v2/C2Data-5691-Type2;27714.0000;DATA;1611610456.332142
/ndn/h11-site/h11/C2Data-275-Type4;29530.0000;DATA;1611610463.151192
/ndn/d0-site/d0/C2Data-917-Type3;86047.0000;DATA;1611610471.272179
/ndn/s1-site/s1/C2Data-1893-Type3;46557.0000;DATA;1611610471.617095
/ndn/d0-site/d0/C2Data-375-Type4;23670.0000;DATA;1611610471.888199
/ndn/v5-site/v5/C2Data-3052-Type3;27159.0000;DATA;1611610473.074213
/ndn/s13-site/s13/C2Data-5208-Type1;216731.0000;DATA;1611610475.518058
/ndn/s9-site/s9/C2Data-4724-Type2;69917.0000;DATA;1611610475.878075
/ndn/d5-site/d5/C2Data-500-Type4;101081.0000;DATA;1611610477.129135
/ndn/v1-site/v1/C2Data-5571-Type1;24792.0000;DATA;1611610478.092068
/ndn/v3-site/v3/C2Data-5813-Type1;643.0000;DATA;1611610478.726083
/ndn/d3-site/d3/C2Data-2183-Type1;97868.0000;DATA;1611610479.198897
/ndn/d4-site/d4/C2Data-2304-Type1;675.0000;DATA;1611610479.419098
/ndn/v8-site/v8/C2Data-6418-Type2;464.0000;DATA;1611610481.057173
/ndn/h11-site/h11/C2Data-1336-Type1;48877.0000;DATA;1611610481.488058
/ndn/h5-site/h5/C2Data-610-Type2;508.0000;DATA;1611610481.985074
/ndn/v1-site/v1/C2Data-5571-Type2;25234.0000;DATA;1611610482.299097
/ndn/s12-site/s12/C2Data-5087-Type1;627.0000;DATA;1611610484.158149
/ndn/v12-site/v12/C2Data-3479-Type3;23805.0000;DATA;1611610484.281107
/ndn/d14-site/d14/C2Data-3514-Type2;24277.0000;DATA;1611610484.315150
/ndn/s7-site/s7/C2Data-4482-Type2;25198.0000;DATA;1611610485.421122
/ndn/h4-site/h4/C2Data-489-Type1;672.0000;DATA;1611610485.747123
/ndn/s10-site/s10/C2Data-4845-Type2;23529.0000;DATA;1611610486.434135
/ndn/v10-site/v10/C2Data-3357-Type3;23476.0000;DATA;1611610486.828037
/ndn/s12-site/s12/C2Data-2564-Type3;677.0000;DATA;1611610491.063101
/ndn/s8-site/s8/C2Data-2320-Type3;26084.0000;DATA;1611610492.881051
/ndn/s5-site/s5/C2Data-2137-Type3;641.0000;DATA;1611610493.265269
/ndn/d11-site/d11/C2Data-1588-Type3;33586.0000;DATA;1611610493.391102
/ndn/v12-site/v12/C2Data-6903-Type1;174280.0000;DATA;1611610505.836114
/ndn/d9-site/d9/C2Data-2910-Type1;149206.0000;DATA;1611610506.291080
/ndn/d6-site/d6/C2Data-2547-Type1;221784.0000;DATA;1611610508.507058
/ndn/d11-site/d11/C2Data-3152-Type1;96770.0000;DATA;1611610508.866045
/ndn/s4-site/s4/C2Data-4120-Type1;137931.0000;DATA;1611610510.148042
/ndn/h1-site/h1/C2Data-127-Type1;527.0000;DATA;1611610513.690075
/ndn/h0-site/h0/C2Data-6-Type2;704.0000;DATA;1611610514.895253
/ndn/d13-site/d13/C2Data-3394-Type2;363.0000;DATA;1611610515.133252
/ndn/d14-site/d14/C2Data-3515-Type1;47615.0000;DATA;1611610515.127036
/ndn/v1-site/v1/C2Data-2809-Type3;158776.0000;DATA;1611610529.527051
/ndn/s8-site/s8/C2Data-2321-Type3;50317.0000;DATA;1611610529.951525
/ndn/d8-site/d8/C2Data-1406-Type3;72574.0000;DATA;1611610530.221115
/ndn/h9-site/h9/C2Data-552-Type3;110938.0000;DATA;1611610534.225433
/ndn/v0-site/v0/C2Data-2748-Type3;91940.0000;DATA;1611610535.664050
/ndn/h0-site/h0/C2Data-7-Type2;167517.0000;DATA;1611610536.653046
/ndn/s14-site/s14/C2Data-5331-Type1;466.0000;DATA;1611610537.864121
/ndn/s9-site/s9/C2Data-4726-Type1;71768.0000;DATA;1611610538.836984
/ndn/v12-site/v12/C2Data-3480-Type3;96993.0000;DATA;1611610539.050068
/ndn/h13-site/h13/C2Data-1580-Type1;47032.0000;DATA;1611610539.518062
/ndn/h5-site/h5/C2Data-612-Type1;660.0000;DATA;1611610540.538061
