/ndn/s8-site/s8/C2Data-4598-Type1;165522.0000;DATA;1611605089.555047
/ndn/h9-site/h9/C2Data-1089-Type1;50641.0000;DATA;1611605090.698961
/ndn/s12-site/s12/C2Data-5082-Type2;673.0000;NACK;1611605092.393987
/ndn/v8-site/v8/C2Data-6413-Type1;444.0000;NACK;1611605092.865957
/ndn/h4-site/h4/C2Data-484-Type2;857.0000;DATA;1611605093.378985
/ndn/v3-site/v3/C2Data-5808-Type1;498.0000;NACK;1611605094.780007
/ndn/d8-site/d8/C2Data-2783-Type1;644.0000;DATA;1611605094.877998
/ndn/v14-site/v14/C2Data-7139-Type1;97321.0000;DATA;1611605095.556932
/ndn/d9-site/d9/C2Data-2904-Type1;24023.0000;DATA;1611605099.109949
/ndn/h10-site/h10/C2Data-1210-Type1;50024.0000;DATA;1611605099.225934
/ndn/v0-site/v0/C2Data-5445-Type2;71469.0000;DATA;1611605099.430255
/ndn/s6-site/s6/C2Data-4356-Type1;24771.0000;DATA;1611605099.920927
/ndn/s10-site/s10/C2Data-4840-Type2;78847.0000;DATA;1611605100.836951
/ndn/s10-site/s10/C2Data-2440-Type3;219134.0000;DATA;1611605113.150093
/ndn/s7-site/s7/C2Data-2257-Type3;170809.0000;DATA;1611605114.789051
/ndn/h4-site/h4/C2Data-244-Type3;640.0000;DATA;1611605115.308961
/ndn/v4-site/v4/C2Data-2989-Type3;477.0000;DATA;1611605116.277018
/ndn/h9-site/h9/C2Data-549-Type3;732.0000;DATA;1611605119.029045
/ndn/v8-site/v8/C2Data-6414-Type1;357.0000;NACK;1611605119.771960
/ndn/h12-site/h12/C2Data-732-Type3;237882.0000;DATA;1611605120.157974
/ndn/d9-site/d9/C2Data-2905-Type2;23813.0000;DATA;1611605121.405019
/ndn/s2-site/s2/C2Data-3873-Type2;70055.0000;DATA;1611605121.754962
/ndn/v7-site/v7/C2Data-3172-Type3;503.0000;DATA;1611605121.861283
/ndn/d9-site/d9/C2Data-1464-Type3;813.0000;DATA;1611605122.336011
/ndn/s5-site/s5/C2Data-4236-Type1;24407.0000;DATA;1611605122.683979
/ndn/v1-site/v1/C2Data-5567-Type2;50037.0000;DATA;1611605124.175958
/ndn/s1-site/s1/C2Data-1891-Type3;664.0000;DATA;1611605124.966991
/ndn/v13-site/v13/C2Data-7019-Type1;144439.0000;DATA;1611605125.462973
/ndn/d10-site/d10/C2Data-1525-Type3;429.0000;DATA;1611605126.050038
/ndn/d12-site/d12/C2Data-1647-Type3;594.0000;DATA;1611605126.118066
/ndn/h1-site/h1/C2Data-61-Type3;620.0000;DATA;1611605126.349997
/ndn/d0-site/d0/C2Data-1816-Type1;47267.0000;DATA;1611605126.706045
/ndn/h13-site/h13/C2Data-793-Type3;586.0000;DATA;1611605127.481020
/ndn/v11-site/v11/C2Data-6777-Type1;118506.0000;DATA;1611605127.891982
/ndn/h12-site/h12/C2Data-1453-Type2;28575.0000;DATA;1611605129.426973
/ndn/v9-site/v9/C2Data-6535-Type2;603.0000;NACK;1611605129.814946
/ndn/v6-site/v6/C2Data-6172-Type2;495.0000;DATA;1611605129.955976
/ndn/s2-site/s2/C2Data-3873-Type1;46971.0000;DATA;1611605130.917989
/ndn/s0-site/s0/C2Data-3631-Type1;74220.0000;DATA;1611605131.079987
/ndn/v9-site/v9/C2Data-3294-Type3;623.0000;NACK;1611605132.204014
/ndn/h6-site/h6/C2Data-366-Type3;420.0000;DATA;1611605133.057998
/ndn/h10-site/h10/C2Data-610-Type3;461.0000;DATA;1611605133.083994
/ndn/h11-site/h11/C2Data-671-Type3;656.0000;DATA;1611605133.162017
/ndn/h7-site/h7/C2Data-427-Type3;594.0000;DATA;1611605136.152070
/ndn/d8-site/d8/C2Data-2785-Type2;734.0000;DATA;1611605151.441017
/ndn/h14-site/h14/C2Data-1696-Type2;97669.0000;DATA;1611605151.625988
/ndn/v7-site/v7/C2Data-6294-Type1;544.0000;DATA;1611605153.108658
/ndn/v14-site/v14/C2Data-7141-Type2;92892.0000;DATA;1611605153.592980
/ndn/s1-site/s1/C2Data-3753-Type1;682.0000;DATA;1611605155.080978
/ndn/v1-site/v1/C2Data-5568-Type2;601.0000;DATA;1611605156.215008
/ndn/v0-site/v0/C2Data-5447-Type1;72919.0000;DATA;1611605157.761008
/ndn/v4-site/v4/C2Data-5931-Type2;617.0000;DATA;1611605158.262090
/ndn/h12-site/h12/C2Data-1454-Type1;26742.0000;DATA;1611605158.397024
/ndn/d10-site/d10/C2Data-3027-Type2;682.0000;DATA;1611605158.641099
/ndn/d11-site/d11/C2Data-1587-Type3;441.0000;DATA;1611605174.846912
/ndn/s11-site/s11/C2Data-2502-Type3;623.0000;DATA;1611605176.249899
/ndn/h7-site/h7/C2Data-428-Type3;178897.0000;DATA;1611605176.873027
/ndn/d5-site/d5/C2Data-1221-Type3;72966.0000;DATA;1611605177.991983
/ndn/h3-site/h3/C2Data-184-Type3;567.0000;DATA;1611605178.961067
/ndn/v14-site/v14/C2Data-7142-Type1;93273.0000;DATA;1611605180.353014
/ndn/v10-site/v10/C2Data-3356-Type3;23411.0000;DATA;1611605181.222060
/ndn/v1-site/v1/C2Data-2807-Type3;47299.0000;DATA;1611605181.358724
/ndn/s0-site/s0/C2Data-3633-Type1;486.0000;DATA;1611605182.011002
/ndn/h4-site/h4/C2Data-487-Type2;118055.0000;DATA;1611605182.042908
/ndn/v4-site/v4/C2Data-5932-Type2;617.0000;DATA;1611605182.245941
/ndn/h9-site/h9/C2Data-1092-Type1;23816.0000;DATA;1611605182.681978
/ndn/v14-site/v14/C2Data-7142-Type2;95983.0000;DATA;1611605182.811018
/ndn/h0-site/h0/C2Data-3-Type1;604.0000;DATA;1611605183.623980
/ndn/h9-site/h9/C2Data-550-Type3;522.0000;DATA;1611605184.400936
/ndn/d14-site/d14/C2Data-1770-Type3;593.0000;DATA;1611605185.847013
/ndn/v5-site/v5/C2Data-6053-Type2;47593.0000;DATA;1611605185.994914
/ndn/s2-site/s2/C2Data-1953-Type3;24278.0000;DATA;1611605186.055987
/ndn/v9-site/v9/C2Data-6537-Type1;147523.0000;DATA;1611605186.236916
/ndn/v12-site/v12/C2Data-3478-Type3;670.0000;DATA;1611605187.138975
/ndn/d4-site/d4/C2Data-2302-Type2;72399.0000;DATA;1611605187.802968
/ndn/d0-site/d0/C2Data-1818-Type1;894.0000;DATA;1611605188.133947
/ndn/s9-site/s9/C2Data-4722-Type2;92303.0000;DATA;1611605188.801902
/ndn/h7-site/h7/C2Data-850-Type2;610.0000;DATA;1611605188.981205
/ndn/s1-site/s1/C2Data-3754-Type1;71408.0000;DATA;1611605189.190984
/ndn/s8-site/s8/C2Data-4601-Type1;141928.0000;DATA;1611605190.081954
/ndn/h6-site/h6/C2Data-729-Type2;614.0000;DATA;1611605190.617968
/ndn/s4-site/s4/C2Data-2075-Type3;139142.0000;DATA;1611605193.038954
/ndn/h5-site/h5/C2Data-306-Type3;659.0000;DATA;1611605193.863957
/ndn/d10-site/d10/C2Data-1526-Type3;815.0000;DATA;1611605195.775011
/ndn/h11-site/h11/C2Data-672-Type3;637.0000;DATA;1611605196.213931
/ndn/h11-site/h11/C2Data-275-Type4;650.0000;DATA;1611605198.555993
/ndn/d6-site/d6/C2Data-525-Type4;47038.0000;DATA;1611605204.625251
/ndn/h6-site/h6/C2Data-730-Type1;72176.0000;DATA;1611605212.281077
/ndn/v2-site/v2/C2Data-5691-Type1;588.0000;DATA;1611605212.705935
/ndn/v10-site/v10/C2Data-6659-Type2;25583.0000;DATA;1611605212.754995
/ndn/h7-site/h7/C2Data-851-Type2;614.0000;DATA;1611605212.960918
/ndn/d10-site/d10/C2Data-3029-Type2;71309.0000;DATA;1611605213.151020
/ndn/v14-site/v14/C2Data-7143-Type2;667.0000;DATA;1611605213.441929
/ndn/v5-site/v5/C2Data-875-Type4;522.0000;DATA;1611605213.501911
/ndn/v8-site/v8/C2Data-6417-Type1;535.0000;DATA;1611605216.797936
/ndn/d0-site/d0/C2Data-1819-Type2;614.0000;DATA;1611605217.628993
/ndn/h2-site/h2/C2Data-246-Type2;656.0000;DATA;1611605219.759992
/ndn/h12-site/h12/C2Data-300-Type4;237487.0000;DATA;1611605222.587633
/ndn/v7-site/v7/C2Data-925-Type4;637.0000;DATA;1611605225.043516
/ndn/d8-site/d8/C2Data-575-Type4;663.0000;DATA;1611605227.858992
/ndn/v2-site/v2/C2Data-2869-Type3;27855.0000;DATA;1611605234.886032
/ndn/h9-site/h9/C2Data-225-Type4;794.0000;DATA;1611605236.096989
/ndn/s14-site/s14/C2Data-5329-Type1;146688.0000;DATA;1611605239.271967
/ndn/v3-site/v3/C2Data-2930-Type3;48030.0000;DATA;1611605239.627035
/ndn/v13-site/v13/C2Data-7023-Type1;141881.0000;DATA;1611605240.008973
/ndn/h11-site/h11/C2Data-1336-Type2;142014.0000;DATA;1611605240.384991
/ndn/d5-site/d5/C2Data-500-Type4;642.0000;DATA;1611605241.443992
/ndn/h9-site/h9/C2Data-551-Type3;675.0000;DATA;1611605242.096980
/ndn/h13-site/h13/C2Data-1578-Type1;47448.0000;DATA;1611605243.057943
/ndn/d6-site/d6/C2Data-1283-Type3;604.0000;DATA;1611605243.520985
/ndn/s5-site/s5/C2Data-4240-Type2;23619.0000;DATA;1611605243.925009
/ndn/v3-site/v3/C2Data-5813-Type1;47510.0000;DATA;1611605244.129897
/ndn/d2-site/d2/C2Data-2062-Type1;646.0000;DATA;1611605244.511024
/ndn/s8-site/s8/C2Data-4603-Type1;70334.0000;DATA;1611605245.331114
/ndn/v12-site/v12/C2Data-6902-Type1;121273.0000;DATA;1611605245.677940
/ndn/d10-site/d10/C2Data-1527-Type3;620.0000;DATA;1611605246.461920
/ndn/h10-site/h10/C2Data-612-Type3;706.0000;DATA;1611605246.697000
/ndn/h8-site/h8/C2Data-490-Type3;579.0000;DATA;1611605247.713924
/ndn/s11-site/s11/C2Data-2503-Type3;627.0000;DATA;1611605247.824956
/ndn/v6-site/v6/C2Data-3113-Type3;669.0000;DATA;1611605248.517917
/ndn/v5-site/v5/C2Data-6055-Type2;426.0000;DATA;1611605249.136988
/ndn/v0-site/v0/C2Data-2747-Type3;552.0000;DATA;1611605249.900913
/ndn/v14-site/v14/C2Data-3601-Type3;49310.0000;DATA;1611605249.917932
/ndn/v5-site/v5/C2Data-3052-Type3;523.0000;DATA;1611605251.749014
/ndn/v13-site/v13/C2Data-3540-Type3;49244.0000;DATA;1611605252.718044
/ndn/d4-site/d4/C2Data-1161-Type3;810.0000;DATA;1611605254.955006
/ndn/h6-site/h6/C2Data-368-Type3;666.0000;DATA;1611605255.096973
/ndn/s8-site/s8/C2Data-4604-Type2;175710.0000;DATA;1611605269.788955
/ndn/s0-site/s0/C2Data-3636-Type2;609.0000;DATA;1611605270.572028
/ndn/v2-site/v2/C2Data-5693-Type2;23745.0000;DATA;1611605270.949968
/ndn/v3-site/v3/C2Data-5814-Type1;122592.0000;DATA;1611605271.666002
/ndn/h9-site/h9/C2Data-1095-Type1;53361.0000;DATA;1611605271.764007
/ndn/s2-site/s2/C2Data-3878-Type1;607.0000;DATA;1611605275.355905
/ndn/h10-site/h10/C2Data-1216-Type1;47502.0000;DATA;1611605275.592929
/ndn/s0-site/s0/C2Data-3636-Type1;745.0000;DATA;1611605275.846993
/ndn/d9-site/d9/C2Data-2910-Type1;23464.0000;DATA;1611605276.143934
/ndn/d11-site/d11/C2Data-3152-Type1;423.0000;DATA;1611605277.156901
/ndn/h9-site/h9/C2Data-1095-Type2;608.0000;DATA;1611605278.618998
/ndn/s11-site/s11/C2Data-4967-Type1;749.0000;DATA;1611605280.670980
/ndn/s7-site/s7/C2Data-2260-Type3;78530.0000;DATA;1611605296.454080
/ndn/v0-site/v0/C2Data-2748-Type3;704.0000;DATA;1611605297.446908
/ndn/v14-site/v14/C2Data-3602-Type3;46509.0000;DATA;1611605297.643921
/ndn/v3-site/v3/C2Data-2931-Type3;76157.0000;DATA;1611605297.688916
/ndn/v8-site/v8/C2Data-3236-Type3;857.0000;DATA;1611605298.691991
/ndn/v14-site/v14/C2Data-7146-Type1;101559.0000;DATA;1611605300.255010
/ndn/s1-site/s1/C2Data-1894-Type3;723.0000;DATA;1611605300.538669
/ndn/d12-site/d12/C2Data-3274-Type1;555.0000;DATA;1611605301.620902
/ndn/s3-site/s3/C2Data-4000-Type2;718.0000;DATA;1611605301.903999
/ndn/v4-site/v4/C2Data-5936-Type2;612.0000;DATA;1611605302.323875
/ndn/h9-site/h9/C2Data-552-Type3;48131.0000;DATA;1611605302.322996
/ndn/d5-site/d5/C2Data-1223-Type3;664.0000;DATA;1611605302.945987
/ndn/h6-site/h6/C2Data-733-Type1;119969.0000;DATA;1611605302.962056
/ndn/h9-site/h9/C2Data-1096-Type1;49010.0000;DATA;1611605303.769908
/ndn/d1-site/d1/C2Data-979-Type3;23522.0000;DATA;1611605303.957908
/ndn/v10-site/v10/C2Data-6662-Type1;24614.0000;DATA;1611605305.028936
