/ndn/h12-site/h12/C2Data-1452-Type2;530.0000;NACK;1611606832.792180
/ndn/s7-site/s7/C2Data-4477-Type2;128163.0000;DATA;1611606834.346232
/ndn/s0-site/s0/C2Data-3630-Type1;150266.0000;DATA;1611606834.419282
/ndn/s4-site/s4/C2Data-4114-Type1;501.0000;NACK;1611606834.961492
/ndn/h9-site/h9/C2Data-1089-Type2;118137.0000;DATA;1611606835.055309
/ndn/h9-site/h9/C2Data-1089-Type1;124117.0000;DATA;1611606835.137229
/ndn/s10-site/s10/C2Data-4840-Type2;550.0000;NACK;1611606836.590146
/ndn/s14-site/s14/C2Data-5324-Type2;97725.0000;DATA;1611606838.404340
/ndn/s11-site/s11/C2Data-4961-Type2;244217.0000;DATA;1611606841.007179
/ndn/d14-site/d14/C2Data-3509-Type2;92555.0000;DATA;1611606841.673248
/ndn/h2-site/h2/C2Data-242-Type1;532.0000;NACK;1611606843.081307
/ndn/h11-site/h11/C2Data-671-Type3;121095.0000;DATA;1611606856.305265
/ndn/h7-site/h7/C2Data-427-Type3;257582.0000;DATA;1611606856.993313
/ndn/v5-site/v5/C2Data-3050-Type3;120589.0000;DATA;1611606857.648167
/ndn/v0-site/v0/C2Data-5446-Type1;145621.0000;DATA;1611606862.284393
/ndn/d2-site/d2/C2Data-2058-Type1;27441.0000;DATA;1611606866.046239
/ndn/h6-site/h6/C2Data-727-Type2;192401.0000;DATA;1611606868.139285
/ndn/v12-site/v12/C2Data-3477-Type3;95302.0000;DATA;1611606868.808236
/ndn/v6-site/v6/C2Data-3111-Type3;62408.0000;NACK;1611606868.976160
/ndn/v11-site/v11/C2Data-6777-Type2;71160.0000;DATA;1611606870.294254
/ndn/v14-site/v14/C2Data-7140-Type1;138212.0000;DATA;1611606871.124255
/ndn/h5-site/h5/C2Data-606-Type1;140539.0000;DATA;1611606871.322345
/ndn/h3-site/h3/C2Data-183-Type3;72973.0000;DATA;1611606876.059329
/ndn/d5-site/d5/C2Data-1220-Type3;176062.0000;DATA;1611606877.452307
/ndn/d9-site/d9/C2Data-1464-Type3;98142.0000;DATA;1611606878.730237
/ndn/s12-site/s12/C2Data-2562-Type3;251230.0000;DATA;1611606879.911239
/ndn/s14-site/s14/C2Data-5326-Type1;94943.0000;DATA;1611606892.581184
/ndn/v2-site/v2/C2Data-5689-Type1;94038.0000;DATA;1611606892.643232
/ndn/h11-site/h11/C2Data-1333-Type2;97250.0000;DATA;1611606892.872245
/ndn/h3-site/h3/C2Data-365-Type1;70498.0000;DATA;1611606893.036164
/ndn/v4-site/v4/C2Data-5931-Type2;119719.0000;DATA;1611606892.996152
/ndn/v12-site/v12/C2Data-6899-Type1;108385.0000;DATA;1611606893.159206
/ndn/s6-site/s6/C2Data-4358-Type1;134258.0000;DATA;1611606893.180258
/ndn/d10-site/d10/C2Data-3027-Type2;193193.0000;DATA;1611606894.688217
/ndn/s4-site/s4/C2Data-4116-Type1;197994.0000;DATA;1611606894.843273
/ndn/v13-site/v13/C2Data-7020-Type2;119658.0000;DATA;1611606895.406212
/ndn/s3-site/s3/C2Data-3995-Type2;244496.0000;DATA;1611606897.838225
/ndn/v8-site/v8/C2Data-6415-Type2;218346.0000;DATA;1611606899.608152
/ndn/d0-site/d0/C2Data-1817-Type1;28071.0000;DATA;1611606899.933185
/ndn/v12-site/v12/C2Data-6899-Type2;98514.0000;DATA;1611606903.628242
/ndn/h1-site/h1/C2Data-123-Type1;48121.0000;DATA;1611606903.976227
/ndn/s9-site/s9/C2Data-2380-Type3;161648.0000;DATA;1611606916.428355
/ndn/v3-site/v3/C2Data-2929-Type3;147935.0000;DATA;1611606919.032737
/ndn/v9-site/v9/C2Data-6537-Type1;221010.0000;DATA;1611606922.454191
/ndn/h13-site/h13/C2Data-1576-Type2;119883.0000;DATA;1611606923.188150
/ndn/d1-site/d1/C2Data-1939-Type1;163059.0000;DATA;1611606923.671228
/ndn/h9-site/h9/C2Data-550-Type3;126132.0000;DATA;1611606924.486368
/ndn/s6-site/s6/C2Data-2197-Type3;6000975.0000;TIMEOUT;1611606919.304274
/ndn/d12-site/d12/C2Data-1648-Type3;24253.0000;DATA;1611606927.025215
/ndn/d2-site/d2/C2Data-425-Type4;28161.0000;DATA;1611606928.566236
/ndn/h14-site/h14/C2Data-350-Type4;144213.0000;DATA;1611606930.898270
/ndn/d13-site/d13/C2Data-3391-Type2;70696.0000;DATA;1611606931.194251
/ndn/s12-site/s12/C2Data-2563-Type3;6000367.0000;TIMEOUT;1611606925.496229
/ndn/s13-site/s13/C2Data-5206-Type2;6000615.0000;TIMEOUT;1611606926.335790
/ndn/v7-site/v7/C2Data-6295-Type2;28221.0000;DATA;1611606932.379259
/ndn/h2-site/h2/C2Data-123-Type3;199886.0000;DATA;1611606932.244134
/ndn/v5-site/v5/C2Data-6053-Type2;120692.0000;DATA;1611606933.091219
/ndn/s1-site/s1/C2Data-1892-Type3;6000258.0000;TIMEOUT;1611606929.081145
/ndn/h13-site/h13/C2Data-325-Type4;121968.0000;DATA;1611606938.335234
/ndn/v2-site/v2/C2Data-2868-Type3;92227.0000;DATA;1611606938.704254
/ndn/h2-site/h2/C2Data-50-Type4;207052.0000;DATA;1611606944.164253
/ndn/d6-site/d6/C2Data-525-Type4;189256.0000;DATA;1611606949.188261
/ndn/v13-site/v13/C2Data-7022-Type1;124717.0000;DATA;1611606952.944069
/ndn/v8-site/v8/C2Data-6417-Type1;213032.0000;DATA;1611606953.549181
/ndn/v1-site/v1/C2Data-5570-Type2;99964.0000;DATA;1611606957.718201
/ndn/v0-site/v0/C2Data-5449-Type1;148041.0000;DATA;1611606958.305430
/ndn/d12-site/d12/C2Data-3271-Type1;25342.0000;DATA;1611606958.664157
/ndn/v3-site/v3/C2Data-5812-Type1;147042.0000;DATA;1611606958.936265
/ndn/d0-site/d0/C2Data-1819-Type1;23947.0000;DATA;1611606959.079246
/ndn/d3-site/d3/C2Data-2182-Type2;119641.0000;DATA;1611606959.887231
/ndn/v9-site/v9/C2Data-6538-Type2;211927.0000;DATA;1611606959.843140
/ndn/h5-site/h5/C2Data-609-Type2;141300.0000;DATA;1611606960.252251
/ndn/s11-site/s11/C2Data-4965-Type1;6000534.0000;TIMEOUT;1611606955.530220
/ndn/v14-site/v14/C2Data-7143-Type1;142094.0000;DATA;1611606961.409172
/ndn/h4-site/h4/C2Data-488-Type2;194623.0000;DATA;1611606961.712235
/ndn/h9-site/h9/C2Data-1093-Type1;118993.0000;DATA;1611606962.994170
/ndn/v9-site/v9/C2Data-975-Type4;227170.0000;DATA;1611606964.477256
/ndn/h6-site/h6/C2Data-150-Type4;264493.0000;DATA;1611606975.478178
/ndn/h1-site/h1/C2Data-25-Type4;50531.0000;DATA;1611606980.506158
/ndn/v14-site/v14/C2Data-1100-Type4;151059.0000;DATA;1611606980.573225
/ndn/v4-site/v4/C2Data-2991-Type3;122892.0000;DATA;1611606981.235216
/ndn/h6-site/h6/C2Data-368-Type3;193834.0000;DATA;1611606982.361197
/ndn/h12-site/h12/C2Data-1457-Type2;198180.0000;DATA;1611606984.282334
/ndn/s4-site/s4/C2Data-2076-Type3;6000447.0000;TIMEOUT;1611606978.658151
/ndn/h9-site/h9/C2Data-1094-Type1;132056.0000;DATA;1611606984.618245
/ndn/d10-site/d10/C2Data-3030-Type1;196447.0000;DATA;1611606985.347246
/ndn/d13-site/d13/C2Data-3393-Type2;70249.0000;DATA;1611606985.712209
/ndn/v3-site/v3/C2Data-5813-Type2;137861.0000;DATA;1611606986.890261
/ndn/h6-site/h6/C2Data-731-Type2;194530.0000;DATA;1611606987.622197
/ndn/v13-site/v13/C2Data-7023-Type2;119883.0000;DATA;1611606988.077312
/ndn/v9-site/v9/C2Data-3296-Type3;218342.0000;DATA;1611606988.803291
/ndn/s1-site/s1/C2Data-3756-Type2;6016283.0000;TIMEOUT;1611606983.429229
/ndn/h6-site/h6/C2Data-731-Type1;187241.0000;DATA;1611606990.412179
/ndn/h0-site/h0/C2Data-5-Type1;212350.0000;DATA;1611606991.027324
/ndn/v0-site/v0/C2Data-2747-Type3;141137.0000;DATA;1611606991.472205
/ndn/s11-site/s11/C2Data-4966-Type2;6000696.0000;TIMEOUT;1611606986.002252
/ndn/h12-site/h12/C2Data-734-Type3;193949.0000;DATA;1611606992.599194
/ndn/s10-site/s10/C2Data-4845-Type2;6000425.0000;TIMEOUT;1611606988.818231
/ndn/v5-site/v5/C2Data-6056-Type1;120309.0000;DATA;1611607012.306233
/ndn/h4-site/h4/C2Data-490-Type2;193199.0000;DATA;1611607012.574199
/ndn/v11-site/v11/C2Data-6782-Type1;72650.0000;DATA;1611607012.841222
/ndn/d9-site/d9/C2Data-2910-Type2;101650.0000;DATA;1611607015.015262
/ndn/d7-site/d7/C2Data-2668-Type2;74725.0000;DATA;1611607015.916153
/ndn/v7-site/v7/C2Data-6298-Type1;70192.0000;DATA;1611607019.655184
/ndn/h9-site/h9/C2Data-1095-Type1;121324.0000;DATA;1611607020.161210
/ndn/s2-site/s2/C2Data-3878-Type2;6000211.0000;TIMEOUT;1611607016.417155
/ndn/h9-site/h9/C2Data-1095-Type2;117176.0000;DATA;1611607022.627140
/ndn/d7-site/d7/C2Data-2668-Type1;72004.0000;DATA;1611607023.427336
/ndn/h7-site/h7/C2Data-853-Type2;239723.0000;DATA;1611607023.408198
/ndn/s12-site/s12/C2Data-5088-Type2;6000859.0000;TIMEOUT;1611607017.924166
/ndn/s3-site/s3/C2Data-3999-Type1;6003493.0000;TIMEOUT;1611607019.873161
/ndn/d14-site/d14/C2Data-1772-Type3;102416.0000;DATA;1611607037.666259
/ndn/d4-site/d4/C2Data-1162-Type3;94214.0000;DATA;1611607041.753276
/ndn/s10-site/s10/C2Data-2443-Type3;6000563.0000;TIMEOUT;1611607037.931224
