/ndn/v1-site/v1/C2Data-5566-Type1;24956.0000;DATA;1611605675.233085
/ndn/h5-site/h5/C2Data-605-Type1;158603.0000;DATA;1611605675.177031
/ndn/h2-site/h2/C2Data-242-Type2;629.0000;NACK;1611605678.274144
/ndn/d13-site/d13/C2Data-3388-Type2;141313.0000;DATA;1611605678.244155
/ndn/s0-site/s0/C2Data-3630-Type1;50346.0000;DATA;1611605678.659057
/ndn/d5-site/d5/C2Data-2420-Type1;57054.0000;DATA;1611605678.817118
/ndn/h8-site/h8/C2Data-968-Type2;141621.0000;DATA;1611605679.074181
/ndn/s12-site/s12/C2Data-5082-Type1;622.0000;NACK;1611605680.008332
/ndn/d10-site/d10/C2Data-3025-Type1;242794.0000;DATA;1611605680.563122
/ndn/v4-site/v4/C2Data-5929-Type2;23318.0000;DATA;1611605680.847059
/ndn/s13-site/s13/C2Data-5203-Type2;627.0000;NACK;1611605683.073189
/ndn/s7-site/s7/C2Data-4477-Type1;181782.0000;DATA;1611605684.145127
/ndn/d13-site/d13/C2Data-1708-Type3;102479.0000;DATA;1611605699.487200
/ndn/h9-site/h9/C2Data-549-Type3;29257.0000;DATA;1611605700.828160
/ndn/h4-site/h4/C2Data-244-Type3;47730.0000;DATA;1611605701.294248
/ndn/v5-site/v5/C2Data-3050-Type3;27849.0000;DATA;1611605703.870197
/ndn/s9-site/s9/C2Data-4720-Type2;197415.0000;DATA;1611605704.174093
/ndn/d3-site/d3/C2Data-2179-Type2;144745.0000;DATA;1611605705.340170
/ndn/h14-site/h14/C2Data-1695-Type1;593.0000;NACK;1611605706.889098
/ndn/s2-site/s2/C2Data-3873-Type1;164653.0000;DATA;1611605707.602099
/ndn/s1-site/s1/C2Data-1891-Type3;26569.0000;DATA;1611605708.752327
/ndn/v0-site/v0/C2Data-2745-Type3;167077.0000;DATA;1611605710.378061
/ndn/s0-site/s0/C2Data-3631-Type2;72971.0000;DATA;1611605710.867157
/ndn/v10-site/v10/C2Data-6656-Type1;94762.0000;DATA;1611605712.097163
/ndn/h1-site/h1/C2Data-122-Type1;118788.0000;DATA;1611605713.044050
/ndn/s4-site/s4/C2Data-2074-Type3;509.0000;NACK;1611605713.514054
/ndn/v2-site/v2/C2Data-2867-Type3;71466.0000;DATA;1611605713.562651
/ndn/s10-site/s10/C2Data-2440-Type3;667.0000;NACK;1611605715.979142
/ndn/s13-site/s13/C2Data-2623-Type3;494.0000;NACK;1611605717.461080
/ndn/v5-site/v5/C2Data-6052-Type1;51320.0000;DATA;1611605734.208118
/ndn/d3-site/d3/C2Data-2180-Type2;141698.0000;DATA;1611605735.354109
/ndn/v12-site/v12/C2Data-6899-Type2;46279.0000;DATA;1611605735.949148
/ndn/h8-site/h8/C2Data-970-Type1;140613.0000;DATA;1611605737.088163
/ndn/v8-site/v8/C2Data-6415-Type2;69178.0000;DATA;1611605739.897069
/ndn/h5-site/h5/C2Data-607-Type1;172677.0000;DATA;1611605740.732165
/ndn/h9-site/h9/C2Data-1091-Type2;148741.0000;DATA;1611605741.436135
/ndn/d6-site/d6/C2Data-2543-Type2;139250.0000;DATA;1611605741.769134
/ndn/s2-site/s2/C2Data-3874-Type1;170398.0000;DATA;1611605742.835221
/ndn/h1-site/h1/C2Data-123-Type1;94706.0000;DATA;1611605743.944055
/ndn/d4-site/d4/C2Data-2301-Type2;148889.0000;DATA;1611605744.533131
/ndn/h3-site/h3/C2Data-365-Type1;24321.0000;DATA;1611605744.677228
/ndn/v12-site/v12/C2Data-3478-Type3;25253.0000;DATA;1611605760.689208
/ndn/d2-site/d2/C2Data-1038-Type3;104698.0000;DATA;1611605761.816125
/ndn/d0-site/d0/C2Data-916-Type3;79083.0000;DATA;1611605762.023335
/ndn/s6-site/s6/C2Data-2197-Type3;27872.0000;DATA;1611605763.706237
/ndn/h11-site/h11/C2Data-672-Type3;166342.0000;DATA;1611605763.691319
/ndn/v9-site/v9/C2Data-6537-Type1;46330.0000;DATA;1611605765.158100
/ndn/v13-site/v13/C2Data-7021-Type1;187545.0000;DATA;1611605765.731089
/ndn/d2-site/d2/C2Data-2060-Type1;50497.0000;DATA;1611605765.973316
/ndn/s9-site/s9/C2Data-2380-Type3;23368.0000;DATA;1611605766.102101
/ndn/s0-site/s0/C2Data-3633-Type2;170318.0000;DATA;1611605766.245080
/ndn/s11-site/s11/C2Data-2502-Type3;23477.0000;DATA;1611605766.531047
/ndn/s3-site/s3/C2Data-3996-Type1;167506.0000;DATA;1611605766.603045
/ndn/v11-site/v11/C2Data-3417-Type3;96494.0000;DATA;1611605767.227190
/ndn/s10-site/s10/C2Data-4843-Type2;191938.0000;DATA;1611605768.456084
/ndn/h0-site/h0/C2Data-1-Type3;23986.0000;DATA;1611605768.632091
/ndn/d8-site/d8/C2Data-2786-Type1;27167.0000;DATA;1611605768.990092
/ndn/h9-site/h9/C2Data-550-Type3;23595.0000;DATA;1611605769.163187
/ndn/v14-site/v14/C2Data-3600-Type3;23424.0000;DATA;1611605769.887145
/ndn/s12-site/s12/C2Data-2563-Type3;51811.0000;DATA;1611605770.011137
/ndn/d8-site/d8/C2Data-1404-Type3;23961.0000;DATA;1611605770.119052
/ndn/v6-site/v6/C2Data-6174-Type2;25306.0000;DATA;1611605770.610272
/ndn/v8-site/v8/C2Data-6416-Type1;229752.0000;DATA;1611605770.925247
/ndn/s9-site/s9/C2Data-4722-Type1;142865.0000;DATA;1611605771.447257
/ndn/s12-site/s12/C2Data-5085-Type2;266786.0000;DATA;1611605771.482209
/ndn/s7-site/s7/C2Data-4480-Type1;196183.0000;DATA;1611605771.693633
/ndn/h11-site/h11/C2Data-1334-Type1;27663.0000;DATA;1611605772.565067
/ndn/s3-site/s3/C2Data-3996-Type2;163047.0000;DATA;1611605772.622112
/ndn/s8-site/s8/C2Data-4601-Type2;144021.0000;DATA;1611605772.840718
/ndn/s5-site/s5/C2Data-2136-Type3;24021.0000;DATA;1611605773.148041
/ndn/d2-site/d2/C2Data-2060-Type2;102504.0000;DATA;1611605773.621143
/ndn/d5-site/d5/C2Data-1221-Type3;96018.0000;DATA;1611605774.555139
/ndn/h0-site/h0/C2Data-3-Type1;247704.0000;DATA;1611605776.019122
/ndn/s7-site/s7/C2Data-2258-Type3;24599.0000;DATA;1611605779.853106
/ndn/v3-site/v3/C2Data-2929-Type3;27459.0000;DATA;1611605780.875078
/ndn/v6-site/v6/C2Data-900-Type4;93244.0000;DATA;1611605782.844109
/ndn/d12-site/d12/C2Data-675-Type4;23587.0000;DATA;1611605791.907476
/ndn/s3-site/s3/C2Data-3997-Type1;204135.0000;DATA;1611605794.965227
/ndn/h2-site/h2/C2Data-246-Type2;91995.0000;DATA;1611605799.036142
/ndn/h12-site/h12/C2Data-1456-Type1;23939.0000;DATA;1611605800.176058
/ndn/d9-site/d9/C2Data-600-Type4;74474.0000;DATA;1611605800.330193
/ndn/h10-site/h10/C2Data-1214-Type1;74234.0000;DATA;1611605803.837114
/ndn/h9-site/h9/C2Data-1093-Type1;143041.0000;DATA;1611605803.860067
/ndn/h14-site/h14/C2Data-1698-Type1;192748.0000;DATA;1611605804.736116
/ndn/h4-site/h4/C2Data-100-Type4;75003.0000;DATA;1611605805.032270
/ndn/h6-site/h6/C2Data-730-Type2;96392.0000;DATA;1611605805.655110
/ndn/h12-site/h12/C2Data-1456-Type2;95931.0000;DATA;1611605805.911159
/ndn/h14-site/h14/C2Data-350-Type4;69705.0000;DATA;1611605812.908195
/ndn/h2-site/h2/C2Data-50-Type4;78894.0000;DATA;1611605816.258148
/ndn/v14-site/v14/C2Data-1100-Type4;25107.0000;DATA;1611605819.171155
/ndn/s5-site/s5/C2Data-4240-Type2;72049.0000;DATA;1611605824.180104
/ndn/d6-site/d6/C2Data-2546-Type1;173997.0000;DATA;1611605824.711159
/ndn/h11-site/h11/C2Data-1336-Type1;169978.0000;DATA;1611605824.779164
/ndn/h7-site/h7/C2Data-429-Type3;149290.0000;DATA;1611605824.883098
/ndn/s12-site/s12/C2Data-5087-Type2;257047.0000;DATA;1611605825.447141
/ndn/h12-site/h12/C2Data-1457-Type2;267071.0000;DATA;1611605825.840143
/ndn/v3-site/v3/C2Data-5813-Type1;165925.0000;DATA;1611605825.948101
/ndn/v4-site/v4/C2Data-2991-Type3;26424.0000;DATA;1611605826.499133
/ndn/s8-site/s8/C2Data-4603-Type2;195055.0000;DATA;1611605826.590047
/ndn/s13-site/s13/C2Data-5208-Type1;163122.0000;DATA;1611605826.877155
/ndn/h4-site/h4/C2Data-489-Type1;220924.0000;DATA;1611605827.001226
/ndn/v12-site/v12/C2Data-6902-Type2;51432.0000;DATA;1611605827.548083
/ndn/s13-site/s13/C2Data-2625-Type3;46489.0000;DATA;1611605828.585077
/ndn/h14-site/h14/C2Data-1699-Type2;94389.0000;DATA;1611605829.088126
/ndn/d2-site/d2/C2Data-2062-Type2;93927.0000;DATA;1611605830.012137
/ndn/h9-site/h9/C2Data-1094-Type2;52510.0000;DATA;1611605832.197040
/ndn/s6-site/s6/C2Data-4361-Type2;23468.0000;DATA;1611605832.400121
/ndn/d1-site/d1/C2Data-1941-Type2;24013.0000;DATA;1611605832.641131
/ndn/h6-site/h6/C2Data-368-Type3;23816.0000;DATA;1611605833.003057
/ndn/s14-site/s14/C2Data-5329-Type2;24002.0000;DATA;1611605833.398088
/ndn/h0-site/h0/C2Data-5-Type2;24501.0000;DATA;1611605834.052124
/ndn/h3-site/h3/C2Data-368-Type2;23796.0000;DATA;1611605834.586097
/ndn/h9-site/h9/C2Data-551-Type3;99310.0000;DATA;1611605834.688135
/ndn/d14-site/d14/C2Data-3514-Type2;23719.0000;DATA;1611605835.483127
/ndn/d5-site/d5/C2Data-1222-Type3;24939.0000;DATA;1611605835.958244
/ndn/s4-site/s4/C2Data-4119-Type2;263001.0000;DATA;1611605835.835067
/ndn/v9-site/v9/C2Data-6539-Type1;95004.0000;DATA;1611605836.032076
/ndn/v14-site/v14/C2Data-3601-Type3;23463.0000;DATA;1611605840.653129
/ndn/v13-site/v13/C2Data-7024-Type1;189537.0000;DATA;1611605854.699061
/ndn/v8-site/v8/C2Data-6419-Type1;237519.0000;DATA;1611605854.668532
/ndn/s8-site/s8/C2Data-4604-Type1;201448.0000;DATA;1611605854.961113
/ndn/d10-site/d10/C2Data-3031-Type1;219885.0000;DATA;1611605855.537115
/ndn/s6-site/s6/C2Data-4362-Type1;23817.0000;DATA;1611605858.156143
/ndn/v1-site/v1/C2Data-5572-Type1;23609.0000;DATA;1611605858.377101
/ndn/v0-site/v0/C2Data-5451-Type2;23559.0000;DATA;1611605858.573106
/ndn/v14-site/v14/C2Data-7145-Type2;124742.0000;DATA;1611605858.574230
/ndn/d10-site/d10/C2Data-3031-Type2;217115.0000;DATA;1611605859.485270
/ndn/s9-site/s9/C2Data-4725-Type2;23822.0000;DATA;1611605860.576125
/ndn/h0-site/h0/C2Data-6-Type1;76894.0000;DATA;1611605861.098087
/ndn/h8-site/h8/C2Data-974-Type1;25809.0000;DATA;1611605861.186107
/ndn/h1-site/h1/C2Data-127-Type1;116675.0000;DATA;1611605861.573129
/ndn/v10-site/v10/C2Data-6661-Type2;29399.0000;DATA;1611605862.414085
/ndn/s2-site/s2/C2Data-3878-Type2;69380.0000;DATA;1611605863.698172
/ndn/d9-site/d9/C2Data-1467-Type3;133770.0000;DATA;1611605881.507126
/ndn/v1-site/v1/C2Data-5573-Type1;23943.0000;DATA;1611605884.986149
/ndn/h12-site/h12/C2Data-1459-Type1;257475.0000;DATA;1611605884.851159
/ndn/v6-site/v6/C2Data-6178-Type2;143645.0000;DATA;1611605885.173082
/ndn/h2-site/h2/C2Data-249-Type1;260120.0000;DATA;1611605886.350319
/ndn/s7-site/s7/C2Data-4484-Type2;541.0000;DATA;1611605886.914180
/ndn/d8-site/d8/C2Data-2790-Type2;50221.0000;DATA;1611605887.216162
/ndn/v3-site/v3/C2Data-5815-Type2;213106.0000;DATA;1611605889.431075
/ndn/v9-site/v9/C2Data-6541-Type2;162098.0000;DATA;1611605889.920112
