/ndn/s14-site/s14/C2Data-5324-Type2;43687.0000;NACK;1611606255.883734
/ndn/v4-site/v4/C2Data-5929-Type1;143336.0000;DATA;1611606256.894828
/ndn/h4-site/h4/C2Data-484-Type1;138806.0000;DATA;1611606258.710776
/ndn/h3-site/h3/C2Data-363-Type1;105576.0000;DATA;1611606263.415812
/ndn/s1-site/s1/C2Data-3751-Type2;213847.0000;DATA;1611606263.625804
/ndn/v12-site/v12/C2Data-6897-Type1;68233.0000;DATA;1611606264.273770
/ndn/v4-site/v4/C2Data-5929-Type2;143912.0000;DATA;1611606265.490718
/ndn/d2-site/d2/C2Data-1037-Type3;72112.0000;DATA;1611606278.554775
/ndn/h14-site/h14/C2Data-854-Type3;202313.0000;DATA;1611606280.750888
/ndn/d4-site/d4/C2Data-2300-Type1;137530.0000;DATA;1611606284.238747
/ndn/s5-site/s5/C2Data-4236-Type2;23861.0000;DATA;1611606284.438806
/ndn/v3-site/v3/C2Data-5809-Type1;147081.0000;DATA;1611606284.825798
/ndn/s10-site/s10/C2Data-4841-Type2;218618.0000;DATA;1611606284.754870
/ndn/v8-site/v8/C2Data-3233-Type3;170191.0000;DATA;1611606286.615731
/ndn/d8-site/d8/C2Data-2784-Type2;70524.0000;DATA;1611606288.827868
/ndn/v1-site/v1/C2Data-5567-Type2;65988.0000;DATA;1611606289.247717
/ndn/h13-site/h13/C2Data-793-Type3;147630.0000;DATA;1611606290.044838
/ndn/v7-site/v7/C2Data-6293-Type1;92726.0000;DATA;1611606290.973770
/ndn/s10-site/s10/C2Data-4841-Type1;210501.0000;DATA;1611606291.269831
/ndn/d2-site/d2/C2Data-2058-Type1;71575.0000;DATA;1611606291.467760
/ndn/s2-site/s2/C2Data-3873-Type1;139974.0000;DATA;1611606291.516814
/ndn/s9-site/s9/C2Data-2379-Type3;124101.0000;DATA;1611606291.772714
/ndn/s4-site/s4/C2Data-4115-Type2;239783.0000;DATA;1611606291.912867
/ndn/v7-site/v7/C2Data-3172-Type3;93157.0000;DATA;1611606292.106853
/ndn/d11-site/d11/C2Data-3147-Type1;69506.0000;DATA;1611606292.163889
/ndn/h11-site/h11/C2Data-671-Type3;139023.0000;DATA;1611606292.109720
/ndn/d12-site/d12/C2Data-1647-Type3;46763.0000;DATA;1611606292.409808
/ndn/h9-site/h9/C2Data-549-Type3;82067.0000;DATA;1611606292.544807
/ndn/h12-site/h12/C2Data-1453-Type2;236419.0000;DATA;1611606292.854879
/ndn/s4-site/s4/C2Data-2074-Type3;235426.0000;DATA;1611606293.047839
/ndn/v14-site/v14/C2Data-3599-Type3;121674.0000;DATA;1611606293.264795
/ndn/d1-site/d1/C2Data-976-Type3;215113.0000;DATA;1611606293.550725
/ndn/h6-site/h6/C2Data-366-Type3;137947.0000;DATA;1611606294.059775
/ndn/s7-site/s7/C2Data-2257-Type3;162164.0000;DATA;1611606294.069910
/ndn/s4-site/s4/C2Data-4115-Type1;237434.0000;DATA;1611606294.488809
/ndn/d9-site/d9/C2Data-1464-Type3;49166.0000;DATA;1611606295.172850
/ndn/h3-site/h3/C2Data-364-Type1;92848.0000;DATA;1611606295.318891
/ndn/h12-site/h12/C2Data-732-Type3;236759.0000;DATA;1611606295.349720
/ndn/s10-site/s10/C2Data-2440-Type3;250858.0000;DATA;1611606298.946531
/ndn/d3-site/d3/C2Data-1098-Type3;50052.0000;DATA;1611606299.507699
/ndn/d7-site/d7/C2Data-2664-Type1;25210.0000;DATA;1611606315.010791
/ndn/s10-site/s10/C2Data-4842-Type2;213678.0000;DATA;1611606316.121754
/ndn/s11-site/s11/C2Data-4963-Type2;186416.0000;DATA;1611606318.504710
/ndn/h12-site/h12/C2Data-1454-Type1;235081.0000;DATA;1611606321.050704
/ndn/v13-site/v13/C2Data-7020-Type2;167693.0000;DATA;1611606321.379783
/ndn/s13-site/s13/C2Data-5205-Type1;6000241.0000;TIMEOUT;1611606316.016796
/ndn/s9-site/s9/C2Data-4721-Type2;121953.0000;DATA;1611606322.653789
/ndn/v9-site/v9/C2Data-6536-Type2;168036.0000;DATA;1611606323.960735
/ndn/h11-site/h11/C2Data-1333-Type1;140750.0000;DATA;1611606324.745784
/ndn/h8-site/h8/C2Data-489-Type3;76461.0000;DATA;1611606340.696811
/ndn/v12-site/v12/C2Data-6900-Type2;118009.0000;DATA;1611606345.939919
/ndn/d1-site/d1/C2Data-977-Type3;223695.0000;DATA;1611606346.154702
/ndn/d2-site/d2/C2Data-2060-Type1;74614.0000;DATA;1611606350.682760
/ndn/h2-site/h2/C2Data-245-Type2;238180.0000;DATA;1611606351.030792
/ndn/s7-site/s7/C2Data-2258-Type3;6000578.0000;TIMEOUT;1611606347.174906
/ndn/d1-site/d1/C2Data-1939-Type2;209643.0000;DATA;1611606353.011784
/ndn/d13-site/d13/C2Data-1709-Type3;117669.0000;DATA;1611606353.509787
/ndn/v5-site/v5/C2Data-3051-Type3;140317.0000;DATA;1611606355.478725
/ndn/d0-site/d0/C2Data-375-Type4;47867.0000;DATA;1611606355.578714
/ndn/s2-site/s2/C2Data-1953-Type3;6000274.0000;TIMEOUT;1611606350.001736
/ndn/s10-site/s10/C2Data-4843-Type1;6000374.0000;TIMEOUT;1611606350.913824
/ndn/s3-site/s3/C2Data-3996-Type2;6003161.0000;TIMEOUT;1611606353.356759
/ndn/s3-site/s3/C2Data-2014-Type3;6000368.0000;TIMEOUT;1611606354.079876
/ndn/s12-site/s12/C2Data-5085-Type1;6031493.0000;TIMEOUT;1611606355.595747
/ndn/h6-site/h6/C2Data-150-Type4;139762.0000;DATA;1611606364.645819
/ndn/v2-site/v2/C2Data-800-Type4;40669.0000;DATA;1611606364.754973
/ndn/h3-site/h3/C2Data-75-Type4;102767.0000;DATA;1611606368.955937
/ndn/h1-site/h1/C2Data-25-Type4;97203.0000;DATA;1611606370.071637
/ndn/d1-site/d1/C2Data-1940-Type2;221788.0000;DATA;1611606374.525720
/ndn/v3-site/v3/C2Data-5812-Type1;164377.0000;DATA;1611606374.709843
/ndn/v8-site/v8/C2Data-6417-Type2;164920.0000;DATA;1611606375.703820
/ndn/d3-site/d3/C2Data-2182-Type1;49953.0000;DATA;1611606378.422811
/ndn/h6-site/h6/C2Data-730-Type2;143255.0000;DATA;1611606378.687832
/ndn/v14-site/v14/C2Data-7143-Type2;115077.0000;DATA;1611606378.962782
/ndn/h1-site/h1/C2Data-125-Type1;97026.0000;DATA;1611606379.103713
/ndn/v7-site/v7/C2Data-6296-Type2;104825.0000;DATA;1611606379.171772
/ndn/s8-site/s8/C2Data-4602-Type2;6000278.0000;TIMEOUT;1611606374.299712
/ndn/d11-site/d11/C2Data-3150-Type2;72835.0000;DATA;1611606381.103796
/ndn/h0-site/h0/C2Data-4-Type2;165323.0000;DATA;1611606381.799784
/ndn/v11-site/v11/C2Data-6780-Type1;115901.0000;DATA;1611606382.612778
/ndn/d7-site/d7/C2Data-2666-Type2;23778.0000;DATA;1611606384.959815
/ndn/v5-site/v5/C2Data-6054-Type1;154794.0000;DATA;1611606385.431803
/ndn/v3-site/v3/C2Data-5812-Type2;139377.0000;DATA;1611606385.691485
/ndn/v9-site/v9/C2Data-975-Type4;178433.0000;DATA;1611606395.665809
/ndn/h5-site/h5/C2Data-307-Type3;123966.0000;DATA;1611606399.074728
/ndn/d12-site/d12/C2Data-3272-Type2;46995.0000;DATA;1611606404.507769
/ndn/v14-site/v14/C2Data-1100-Type4;117412.0000;DATA;1611606404.466779
/ndn/h1-site/h1/C2Data-126-Type1;96176.0000;DATA;1611606404.755886
/ndn/s13-site/s13/C2Data-2625-Type3;6000352.0000;TIMEOUT;1611606399.079785
/ndn/s9-site/s9/C2Data-2381-Type3;6000350.0000;TIMEOUT;1611606399.631807
/ndn/d6-site/d6/C2Data-2546-Type1;70424.0000;DATA;1611606406.288822
/ndn/v8-site/v8/C2Data-950-Type4;165963.0000;DATA;1611606408.065771
/ndn/h14-site/h14/C2Data-1699-Type2;191614.0000;DATA;1611606408.068702
/ndn/v12-site/v12/C2Data-1050-Type4;121645.0000;DATA;1611606409.916781
/ndn/s14-site/s14/C2Data-2686-Type3;6000270.0000;TIMEOUT;1611606404.115745
/ndn/s7-site/s7/C2Data-4482-Type1;6000458.0000;TIMEOUT;1611606405.455803
/ndn/d12-site/d12/C2Data-1649-Type3;46870.0000;DATA;1611606413.287798
/ndn/v3-site/v3/C2Data-5813-Type2;140354.0000;DATA;1611606413.355785
/ndn/d1-site/d1/C2Data-1941-Type1;217460.0000;DATA;1611606413.526823
/ndn/v9-site/v9/C2Data-6539-Type1;180970.0000;DATA;1611606413.982759
/ndn/d7-site/d7/C2Data-2667-Type1;23861.0000;DATA;1611606415.276889
/ndn/s2-site/s2/C2Data-3877-Type1;6000488.0000;TIMEOUT;1611606412.574860
/ndn/v12-site/v12/C2Data-3479-Type3;125463.0000;DATA;1611606418.480840
/ndn/v4-site/v4/C2Data-2991-Type3;143458.0000;DATA;1611606419.402898
/ndn/h6-site/h6/C2Data-368-Type3;190055.0000;DATA;1611606419.895916
/ndn/v13-site/v13/C2Data-3540-Type3;167462.0000;DATA;1611606420.374758
/ndn/s4-site/s4/C2Data-2076-Type3;6000281.0000;TIMEOUT;1611606415.000928
/ndn/s9-site/s9/C2Data-4724-Type2;6001339.0000;TIMEOUT;1611606415.313796
/ndn/s11-site/s11/C2Data-2503-Type3;6002410.0000;TIMEOUT;1611606418.040765
/ndn/s12-site/s12/C2Data-2564-Type3;6000294.0000;TIMEOUT;1611606421.538311
/ndn/d4-site/d4/C2Data-2305-Type2;150128.0000;DATA;1611606435.763809
/ndn/s10-site/s10/C2Data-4846-Type2;6000415.0000;TIMEOUT;1611606435.056777
/ndn/v7-site/v7/C2Data-6298-Type2;93015.0000;DATA;1611606441.562799
/ndn/s1-site/s1/C2Data-3757-Type2;6000355.0000;TIMEOUT;1611606436.372786
/ndn/s2-site/s2/C2Data-3878-Type1;6000649.0000;TIMEOUT;1611606436.793780
/ndn/h10-site/h10/C2Data-1216-Type1;46445.0000;DATA;1611606443.526789
/ndn/h8-site/h8/C2Data-974-Type1;73861.0000;DATA;1611606444.755815
/ndn/v13-site/v13/C2Data-7024-Type1;170080.0000;DATA;1611606445.044831
/ndn/d1-site/d1/C2Data-979-Type3;227758.0000;DATA;1611606458.562266
/ndn/v8-site/v8/C2Data-3236-Type3;191467.0000;DATA;1611606460.047773
/ndn/h2-site/h2/C2Data-125-Type3;275509.0000;DATA;1611606460.153800
/ndn/v7-site/v7/C2Data-3175-Type3;99606.0000;DATA;1611606462.598795
/ndn/d7-site/d7/C2Data-2669-Type1;24262.0000;DATA;1611606464.235827
/ndn/h8-site/h8/C2Data-491-Type3;72452.0000;DATA;1611606466.543744
/ndn/d8-site/d8/C2Data-1406-Type3;69746.0000;DATA;1611606466.988819
/ndn/d0-site/d0/C2Data-1822-Type1;46713.0000;DATA;1611606467.177794
/ndn/h11-site/h11/C2Data-674-Type3;142283.0000;DATA;1611606467.863817
/ndn/d5-site/d5/C2Data-1223-Type3;116759.0000;DATA;1611606469.005705
