/ndn/h5-site/h5/C2Data-605-Type1;70836.0000;DATA;1611610326.484046
/ndn/v1-site/v1/C2Data-5566-Type1;32235.0000;DATA;1611610326.540080
/ndn/h2-site/h2/C2Data-242-Type2;495.0000;NACK;1611610329.581181
/ndn/d13-site/d13/C2Data-3388-Type2;147176.0000;DATA;1611610329.551079
/ndn/s0-site/s0/C2Data-3630-Type1;51777.0000;DATA;1611610329.966064
/ndn/d5-site/d5/C2Data-2420-Type1;66302.0000;DATA;1611610330.124068
/ndn/h8-site/h8/C2Data-968-Type2;164860.0000;DATA;1611610330.381051
/ndn/s12-site/s12/C2Data-5082-Type1;669.0000;NACK;1611610331.315186
/ndn/d10-site/d10/C2Data-3025-Type1;223175.0000;DATA;1611610331.870100
/ndn/v4-site/v4/C2Data-5929-Type2;49745.0000;DATA;1611610332.154096
/ndn/s13-site/s13/C2Data-5203-Type2;550.0000;NACK;1611610334.380117
/ndn/s7-site/s7/C2Data-4477-Type1;162432.0000;DATA;1611610335.452144
/ndn/d13-site/d13/C2Data-1708-Type3;99629.0000;DATA;1611610350.794087
/ndn/h9-site/h9/C2Data-549-Type3;23634.0000;DATA;1611610352.135174
/ndn/h4-site/h4/C2Data-244-Type3;47073.0000;DATA;1611610352.601079
/ndn/v5-site/v5/C2Data-3050-Type3;27408.0000;DATA;1611610355.177105
/ndn/s9-site/s9/C2Data-4720-Type2;200952.0000;DATA;1611610355.481110
/ndn/d3-site/d3/C2Data-2179-Type2;148133.0000;DATA;1611610356.647144
/ndn/h14-site/h14/C2Data-1695-Type1;609.0000;NACK;1611610358.196190
/ndn/s2-site/s2/C2Data-3873-Type1;165675.0000;DATA;1611610358.909094
/ndn/s1-site/s1/C2Data-1891-Type3;23419.0000;DATA;1611610360.059097
/ndn/v0-site/v0/C2Data-2745-Type3;166978.0000;DATA;1611610361.685950
/ndn/s0-site/s0/C2Data-3631-Type2;72044.0000;DATA;1611610362.174106
/ndn/v10-site/v10/C2Data-6656-Type1;97452.0000;DATA;1611610363.404247
/ndn/h1-site/h1/C2Data-122-Type1;129904.0000;DATA;1611610364.351174
/ndn/s4-site/s4/C2Data-2074-Type3;48801.0000;DATA;1611610364.821068
/ndn/v2-site/v2/C2Data-2867-Type3;75642.0000;DATA;1611610364.869850
/ndn/s10-site/s10/C2Data-2440-Type3;222952.0000;DATA;1611610367.286135
/ndn/s13-site/s13/C2Data-2623-Type3;495.0000;NACK;1611610368.768040
/ndn/v5-site/v5/C2Data-6052-Type1;46644.0000;DATA;1611610385.515095
/ndn/d3-site/d3/C2Data-2180-Type2;150622.0000;DATA;1611610386.661116
/ndn/v12-site/v12/C2Data-6899-Type2;47146.0000;DATA;1611610387.256129
/ndn/h8-site/h8/C2Data-970-Type1;147097.0000;DATA;1611610388.395128
/ndn/v8-site/v8/C2Data-6415-Type2;67192.0000;NACK;1611610391.204042
/ndn/h5-site/h5/C2Data-607-Type1;164572.0000;DATA;1611610392.039202
/ndn/h9-site/h9/C2Data-1091-Type2;170150.0000;DATA;1611610392.743081
/ndn/d6-site/d6/C2Data-2543-Type2;146599.0000;DATA;1611610393.076137
/ndn/s2-site/s2/C2Data-3874-Type1;169885.0000;DATA;1611610394.142069
/ndn/h1-site/h1/C2Data-123-Type1;97324.0000;DATA;1611610395.251085
/ndn/d4-site/d4/C2Data-2301-Type2;159548.0000;DATA;1611610395.840085
/ndn/h3-site/h3/C2Data-365-Type1;25453.0000;DATA;1611610395.984133
/ndn/v12-site/v12/C2Data-3478-Type3;27465.0000;DATA;1611610411.996058
/ndn/d2-site/d2/C2Data-1038-Type3;97732.0000;DATA;1611610413.123116
/ndn/d0-site/d0/C2Data-916-Type3;71522.0000;DATA;1611610413.329965
/ndn/s6-site/s6/C2Data-2197-Type3;23341.0000;DATA;1611610415.013061
/ndn/h11-site/h11/C2Data-672-Type3;187415.0000;DATA;1611610414.998079
/ndn/v9-site/v9/C2Data-6537-Type1;469.0000;NACK;1611610416.465034
/ndn/v13-site/v13/C2Data-7021-Type1;187529.0000;DATA;1611610417.038093
/ndn/d2-site/d2/C2Data-2060-Type1;46282.0000;DATA;1611610417.280063
/ndn/s9-site/s9/C2Data-2380-Type3;24547.0000;DATA;1611610417.409065
/ndn/s0-site/s0/C2Data-3633-Type2;182164.0000;DATA;1611610417.552043
/ndn/s11-site/s11/C2Data-2502-Type3;409.0000;NACK;1611610417.838147
/ndn/s3-site/s3/C2Data-3996-Type1;439.0000;NACK;1611610417.910058
/ndn/v11-site/v11/C2Data-3417-Type3;95162.0000;DATA;1611610418.534089
/ndn/h0-site/h0/C2Data-1-Type3;24066.0000;DATA;1611610419.939073
/ndn/s10-site/s10/C2Data-4843-Type2;243466.0000;DATA;1611610419.763061
/ndn/d8-site/d8/C2Data-2786-Type1;24558.0000;DATA;1611610420.297082
/ndn/h9-site/h9/C2Data-550-Type3;25348.0000;DATA;1611610420.470137
/ndn/v14-site/v14/C2Data-3600-Type3;23376.0000;DATA;1611610421.194073
/ndn/s12-site/s12/C2Data-2563-Type3;514.0000;NACK;1611610421.318061
/ndn/d8-site/d8/C2Data-1404-Type3;23360.0000;DATA;1611610421.426151
/ndn/v6-site/v6/C2Data-6174-Type2;23516.0000;DATA;1611610421.917096
/ndn/v8-site/v8/C2Data-6416-Type1;236817.0000;DATA;1611610422.232048
/ndn/s9-site/s9/C2Data-4722-Type1;144233.0000;DATA;1611610422.754118
/ndn/s12-site/s12/C2Data-5085-Type2;264009.0000;DATA;1611610422.789071
/ndn/s7-site/s7/C2Data-4480-Type1;190157.0000;DATA;1611610423.000898
/ndn/h11-site/h11/C2Data-1334-Type1;23724.0000;DATA;1611610423.872082
/ndn/s3-site/s3/C2Data-3996-Type2;165965.0000;DATA;1611610423.929375
/ndn/s8-site/s8/C2Data-4601-Type2;144674.0000;DATA;1611610424.147779
/ndn/s5-site/s5/C2Data-2136-Type3;23414.0000;DATA;1611610424.455394
/ndn/d2-site/d2/C2Data-2060-Type2;95094.0000;DATA;1611610424.928088
/ndn/d5-site/d5/C2Data-1221-Type3;96791.0000;DATA;1611610425.862102
/ndn/h0-site/h0/C2Data-3-Type1;271521.0000;DATA;1611610427.326080
/ndn/s7-site/s7/C2Data-2258-Type3;24161.0000;DATA;1611610431.160088
/ndn/v3-site/v3/C2Data-2929-Type3;64250.0000;DATA;1611610432.182045
/ndn/v6-site/v6/C2Data-900-Type4;50129.0000;DATA;1611610434.211043
/ndn/d12-site/d12/C2Data-675-Type4;35155.0000;DATA;1611610443.214080
/ndn/s3-site/s3/C2Data-3997-Type1;141042.0000;DATA;1611610446.272114
/ndn/h2-site/h2/C2Data-246-Type2;96942.0000;DATA;1611610450.343067
/ndn/h12-site/h12/C2Data-1456-Type1;25588.0000;DATA;1611610451.483204
/ndn/d9-site/d9/C2Data-600-Type4;71545.0000;DATA;1611610451.637228
/ndn/h10-site/h10/C2Data-1214-Type1;84207.0000;DATA;1611610455.144046
/ndn/h9-site/h9/C2Data-1093-Type1;151716.0000;DATA;1611610455.167091
/ndn/h14-site/h14/C2Data-1698-Type1;199817.0000;DATA;1611610456.043066
/ndn/h4-site/h4/C2Data-100-Type4;71827.0000;DATA;1611610456.339045
/ndn/h6-site/h6/C2Data-730-Type2;92064.0000;DATA;1611610456.962110
/ndn/h12-site/h12/C2Data-1456-Type2;101065.0000;DATA;1611610457.218131
/ndn/h14-site/h14/C2Data-350-Type4;26830.0000;DATA;1611610464.215084
/ndn/h2-site/h2/C2Data-50-Type4;73773.0000;DATA;1611610467.565152
/ndn/v14-site/v14/C2Data-1100-Type4;23365.0000;DATA;1611610470.478091
/ndn/s5-site/s5/C2Data-4240-Type2;69657.0000;DATA;1611610475.487084
/ndn/d6-site/d6/C2Data-2546-Type1;166590.0000;DATA;1611610476.018137
/ndn/h11-site/h11/C2Data-1336-Type1;175566.0000;DATA;1611610476.086120
/ndn/h7-site/h7/C2Data-429-Type3;141763.0000;DATA;1611610476.190147
/ndn/s12-site/s12/C2Data-5087-Type2;269317.0000;DATA;1611610476.754078
/ndn/h12-site/h12/C2Data-1457-Type2;264801.0000;DATA;1611610477.147225
/ndn/v3-site/v3/C2Data-5813-Type1;213593.0000;DATA;1611610477.255113
/ndn/v4-site/v4/C2Data-2991-Type3;26398.0000;DATA;1611610477.806051
/ndn/s8-site/s8/C2Data-4603-Type2;199823.0000;DATA;1611610477.897265
/ndn/s13-site/s13/C2Data-5208-Type1;169810.0000;DATA;1611610478.184109
/ndn/h4-site/h4/C2Data-489-Type1;218614.0000;DATA;1611610478.308237
/ndn/v12-site/v12/C2Data-6902-Type2;46474.0000;DATA;1611610478.855052
/ndn/s13-site/s13/C2Data-2625-Type3;46574.0000;DATA;1611610479.892068
/ndn/h14-site/h14/C2Data-1699-Type2;94849.0000;DATA;1611610480.395078
/ndn/d2-site/d2/C2Data-2062-Type2;97592.0000;DATA;1611610481.319085
/ndn/h9-site/h9/C2Data-1094-Type2;66184.0000;DATA;1611610483.504102
/ndn/s6-site/s6/C2Data-4361-Type2;23730.0000;DATA;1611610483.707069
/ndn/d1-site/d1/C2Data-1941-Type2;24740.0000;DATA;1611610483.948125
/ndn/h6-site/h6/C2Data-368-Type3;25001.0000;DATA;1611610484.310117
/ndn/s14-site/s14/C2Data-5329-Type2;25267.0000;DATA;1611610484.705058
/ndn/h0-site/h0/C2Data-5-Type2;24342.0000;DATA;1611610485.359089
/ndn/h3-site/h3/C2Data-368-Type2;24261.0000;DATA;1611610485.893099
/ndn/h9-site/h9/C2Data-551-Type3;95278.0000;DATA;1611610485.995114
/ndn/d14-site/d14/C2Data-3514-Type2;23603.0000;DATA;1611610486.790130
/ndn/d5-site/d5/C2Data-1222-Type3;23474.0000;DATA;1611610487.265090
/ndn/s4-site/s4/C2Data-4119-Type2;265572.0000;DATA;1611610487.142056
/ndn/v9-site/v9/C2Data-6539-Type1;92594.0000;DATA;1611610487.339222
/ndn/v14-site/v14/C2Data-3601-Type3;23272.0000;DATA;1611610491.960083
/ndn/v13-site/v13/C2Data-7024-Type1;191334.0000;DATA;1611610506.005770
/ndn/v8-site/v8/C2Data-6419-Type1;241950.0000;DATA;1611610505.973939
/ndn/s8-site/s8/C2Data-4604-Type1;198395.0000;DATA;1611610506.268108
/ndn/d10-site/d10/C2Data-3031-Type1;206619.0000;DATA;1611610506.844187
/ndn/s6-site/s6/C2Data-4362-Type1;24088.0000;DATA;1611610509.463126
/ndn/v1-site/v1/C2Data-5572-Type1;23922.0000;DATA;1611610509.684123
/ndn/v0-site/v0/C2Data-5451-Type2;23412.0000;DATA;1611610509.880093
/ndn/v14-site/v14/C2Data-7145-Type2;116677.0000;DATA;1611610509.880871
/ndn/d10-site/d10/C2Data-3031-Type2;221044.0000;DATA;1611610510.792043
/ndn/s9-site/s9/C2Data-4725-Type2;23937.0000;DATA;1611610511.883065
/ndn/h0-site/h0/C2Data-6-Type1;81216.0000;DATA;1611610512.405126
/ndn/h8-site/h8/C2Data-974-Type1;24548.0000;DATA;1611610512.493060
/ndn/h1-site/h1/C2Data-127-Type1;117433.0000;DATA;1611610512.880117
/ndn/v10-site/v10/C2Data-6661-Type2;23618.0000;DATA;1611610513.721066
/ndn/s2-site/s2/C2Data-3878-Type2;70697.0000;DATA;1611610515.005155
/ndn/d9-site/d9/C2Data-1467-Type3;121145.0000;DATA;1611610532.814155
/ndn/v1-site/v1/C2Data-5573-Type1;27258.0000;DATA;1611610536.293088
/ndn/h12-site/h12/C2Data-1459-Type1;261262.0000;DATA;1611610536.158105
/ndn/v6-site/v6/C2Data-6178-Type2;149034.0000;DATA;1611610536.480117
/ndn/h2-site/h2/C2Data-249-Type1;258130.0000;DATA;1611610537.657191
/ndn/s7-site/s7/C2Data-4484-Type2;576.0000;DATA;1611610538.221086
/ndn/d8-site/d8/C2Data-2790-Type2;49026.0000;DATA;1611610538.523136
/ndn/v3-site/v3/C2Data-5815-Type2;120506.0000;DATA;1611610540.738060
/ndn/v9-site/v9/C2Data-6541-Type2;179623.0000;DATA;1611610541.227108
