/ndn/h4-site/h4/C2Data-484-Type2;76354.0000;DATA;1612146988.788108
/ndn/v4-site/v4/C2Data-4114-Type1;108423.0000;DATA;1612146991.588832
/ndn/d1-site/d1/C2Data-1331-Type2;33642.0000;DATA;1612146992.607772
/ndn/h0-site/h0/C2Data-0-Type2;97034.0000;DATA;1612146994.459104
/ndn/s7-site/s7/C2Data-3267-Type1;151160.0000;DATA;1612146994.444966
/ndn/d7-site/d7/C2Data-2057-Type1;252150.0000;DATA;1612146995.358752
/ndn/v5-site/v5/C2Data-4235-Type1;73071.0000;DATA;1612146997.022889
/ndn/h7-site/h7/C2Data-847-Type2;48850.0000;DATA;1612146998.861786
/ndn/h8-site/h8/C2Data-488-Type3;24254.0000;DATA;1612147018.259382
/ndn/v9-site/v9/C2Data-2379-Type3;51863.0000;DATA;1612147020.153814
/ndn/v6-site/v6/C2Data-4357-Type2;134514.0000;DATA;1612147020.677344
/ndn/d1-site/d1/C2Data-671-Type3;105262.0000;DATA;1612147021.684012
/ndn/d0-site/d0/C2Data-1211-Type2;99913.0000;DATA;1612147022.339823
/ndn/s0-site/s0/C2Data-2421-Type2;158881.0000;DATA;1612147022.724737
/ndn/s6-site/s6/C2Data-3147-Type2;192781.0000;DATA;1612147023.633768
/ndn/s3-site/s3/C2Data-2784-Type2;83394.0000;DATA;1612147024.089791
/ndn/v3-site/v3/C2Data-3994-Type2;99052.0000;DATA;1612147024.899858
/ndn/h1-site/h1/C2Data-122-Type1;104865.0000;DATA;1612147025.420049
/ndn/h6-site/h6/C2Data-727-Type1;27299.0000;DATA;1612147026.040858
/ndn/s9-site/s9/C2Data-3510-Type2;39841.0000;DATA;1612147028.342796
/ndn/v7-site/v7/C2Data-4478-Type1;149305.0000;DATA;1612147028.397015
/ndn/s4-site/s4/C2Data-1464-Type3;55488.0000;DATA;1612147028.810751
/ndn/d8-site/d8/C2Data-2179-Type1;55922.0000;DATA;1612147028.918789
/ndn/v0-site/v0/C2Data-3631-Type1;104925.0000;DATA;1612147029.111732
/ndn/s7-site/s7/C2Data-3269-Type1;25747.0000;DATA;1612147051.832469
/ndn/s8-site/s8/C2Data-3390-Type1;208984.0000;DATA;1612147057.970530
/ndn/d2-site/d2/C2Data-733-Type3;49953.0000;DATA;1612147072.445463
/ndn/s2-site/s2/C2Data-1343-Type3;260642.0000;DATA;1612147073.829798
/ndn/s0-site/s0/C2Data-2423-Type2;141744.0000;DATA;1612147077.602921
/ndn/s5-site/s5/C2Data-3028-Type2;149675.0000;DATA;1612147078.108761
/ndn/v0-site/v0/C2Data-1831-Type3;71714.0000;DATA;1612147080.075533
/ndn/s2-site/s2/C2Data-2665-Type2;143110.0000;DATA;1612147080.761774
/ndn/h1-site/h1/C2Data-124-Type1;141095.0000;DATA;1612147081.853178
/ndn/d0-site/d0/C2Data-1213-Type2;23934.0000;DATA;1612147082.654040
/ndn/d3-site/d3/C2Data-1576-Type2;90984.0000;DATA;1612147082.704173
