/ndn/h2-site/h2/C2Data-242-Type1;51658.0000;DATA;1612720363.382973
/ndn/s0-site/s0/C2Data-2420-Type1;29910.0000;DATA;1612720363.903765
/ndn/s3-site/s3/C2Data-2783-Type2;73100.0000;DATA;1612720365.821566
/ndn/v3-site/v3/C2Data-3993-Type1;251333.0000;DATA;1612720366.147856
/ndn/h8-site/h8/C2Data-968-Type1;148701.0000;DATA;1612720369.047222
/ndn/h5-site/h5/C2Data-305-Type3;107197.0000;DATA;1612720384.791223
/ndn/d3-site/d3/C2Data-793-Type3;64655.0000;DATA;1612720386.254249
/ndn/v5-site/v5/C2Data-2135-Type3;77306.0000;DATA;1612720386.399386
/ndn/h6-site/h6/C2Data-727-Type2;153057.0000;DATA;1612720388.764372
/ndn/s5-site/s5/C2Data-1525-Type3;62993.0000;DATA;1612720389.880190
/ndn/h3-site/h3/C2Data-364-Type1;27381.0000;DATA;1612720392.661150
/ndn/s8-site/s8/C2Data-1708-Type3;53104.0000;DATA;1612720393.945883
/ndn/s2-site/s2/C2Data-2663-Type1;47335.0000;DATA;1612720397.269095
/ndn/h6-site/h6/C2Data-727-Type1;145736.0000;DATA;1612720397.199470
/ndn/s9-site/s9/C2Data-3510-Type2;51615.0000;DATA;1612720397.613295
/ndn/d2-site/d2/C2Data-1453-Type2;232422.0000;DATA;1612720398.573732
/ndn/s9-site/s9/C2Data-1769-Type3;56020.0000;DATA;1612720405.789151
/ndn/v4-site/v4/C2Data-2074-Type3;79547.0000;DATA;1612720405.899663
/ndn/v3-site/v3/C2Data-3995-Type1;242216.0000;DATA;1612720421.256745
/ndn/v3-site/v3/C2Data-3995-Type2;263738.0000;DATA;1612720422.891038
/ndn/h1-site/h1/C2Data-123-Type1;103636.0000;DATA;1612720425.089360
/ndn/s5-site/s5/C2Data-3027-Type2;48964.0000;DATA;1612720426.152044
/ndn/h2-site/h2/C2Data-244-Type1;52665.0000;DATA;1612720427.253842
/ndn/d1-site/d1/C2Data-1333-Type2;73670.0000;DATA;1612720428.168624
/ndn/v9-site/v9/C2Data-4721-Type1;171046.0000;DATA;1612720428.676568
/ndn/s3-site/s3/C2Data-2785-Type2;73025.0000;DATA;1612720429.958919
/ndn/h9-site/h9/C2Data-1091-Type1;629748.0000;DATA;1612720429.978470
/ndn/h0-site/h0/C2Data-2-Type1;677036.0000;DATA;1612720429.965773
/ndn/d5-site/d5/C2Data-1817-Type1;216064.0000;DATA;1612720430.652324
/ndn/s6-site/s6/C2Data-1587-Type3;196780.0000;DATA;1612720442.748980
/ndn/h2-site/h2/C2Data-123-Type3;509587.0000;DATA;1612720444.522819
/ndn/v7-site/v7/C2Data-2258-Type3;175817.0000;DATA;1612720444.526489
/ndn/s8-site/s8/C2Data-3391-Type1;51666.0000;DATA;1612720449.512078
/ndn/h7-site/h7/C2Data-428-Type3;146870.0000;DATA;1612720449.654126
/ndn/s0-site/s0/C2Data-2423-Type2;27609.0000;DATA;1612720451.231791
/ndn/d7-site/d7/C2Data-1038-Type3;109088.0000;DATA;1612720451.876995
/ndn/h1-site/h1/C2Data-124-Type2;99718.0000;DATA;1612720452.223918
/ndn/s8-site/s8/C2Data-1709-Type3;49317.0000;DATA;1612720453.776653
/ndn/v9-site/v9/C2Data-4722-Type2;176687.0000;DATA;1612720454.051996
/ndn/d7-site/d7/C2Data-2060-Type1;120573.0000;DATA;1612720454.367201
/ndn/h0-site/h0/C2Data-3-Type1;179813.0000;DATA;1612720454.563541
/ndn/v3-site/v3/C2Data-2014-Type3;227592.0000;DATA;1612720455.384145
/ndn/d3-site/d3/C2Data-1576-Type2;51896.0000;DATA;1612720456.708365
/ndn/v4-site/v4/C2Data-2075-Type3;76402.0000;DATA;1612720456.981191
/ndn/v0-site/v0/C2Data-1831-Type3;127924.0000;DATA;1612720464.771748
/ndn/h4-site/h4/C2Data-100-Type4;199580.0000;DATA;1612720472.463410
/ndn/d1-site/d1/C2Data-1335-Type1;72380.0000;DATA;1612720479.690587
/ndn/h9-site/h9/C2Data-225-Type4;121134.0000;DATA;1612720480.078824
/ndn/d4-site/d4/C2Data-1698-Type1;148280.0000;DATA;1612720480.446671
/ndn/h9-site/h9/C2Data-1093-Type1;137091.0000;DATA;1612720481.034175
/ndn/v9-site/v9/C2Data-4723-Type2;167750.0000;DATA;1612720481.386814
/ndn/v3-site/v3/C2Data-3997-Type2;235592.0000;DATA;1612720482.808230
/ndn/v7-site/v7/C2Data-4481-Type2;182435.0000;DATA;1612720488.570097
/ndn/s0-site/s0/C2Data-2424-Type1;6009332.0000;TIMEOUT;1612720483.343273
/ndn/v9-site/v9/C2Data-4723-Type1;205066.0000;DATA;1612720490.129706
/ndn/s3-site/s3/C2Data-2787-Type1;6002246.0000;TIMEOUT;1612720489.808645
/ndn/v7-site/v7/C2Data-2259-Type3;286828.0000;DATA;1612720505.412782
/ndn/d6-site/d6/C2Data-400-Type4;123919.0000;DATA;1612720506.131505
/ndn/h7-site/h7/C2Data-429-Type3;171766.0000;DATA;1612720506.418266
/ndn/h5-site/h5/C2Data-307-Type3;115522.0000;DATA;1612720507.344577
/ndn/d0-site/d0/C2Data-612-Type3;107299.0000;DATA;1612720507.388416
/ndn/h1-site/h1/C2Data-63-Type3;117028.0000;DATA;1612720508.698846
/ndn/h6-site/h6/C2Data-731-Type2;149651.0000;DATA;1612720509.514417
/ndn/d1-site/d1/C2Data-275-Type4;87153.0000;DATA;1612720509.646266
/ndn/v9-site/v9/C2Data-4724-Type1;173941.0000;DATA;1612720511.421827
/ndn/s1-site/s1/C2Data-1283-Type3;6000502.0000;TIMEOUT;1612720505.833402
/ndn/v7-site/v7/C2Data-4482-Type2;204104.0000;DATA;1612720515.701591
/ndn/s4-site/s4/C2Data-1466-Type3;6002886.0000;TIMEOUT;1612720510.025734
/ndn/v1-site/v1/C2Data-3756-Type1;101499.0000;DATA;1612720516.229039
/ndn/d4-site/d4/C2Data-856-Type3;159120.0000;DATA;1612720517.651870
/ndn/v5-site/v5/C2Data-4240-Type1;76463.0000;DATA;1612720518.316041
/ndn/h7-site/h7/C2Data-852-Type2;145371.0000;DATA;1612720518.782707
/ndn/h4-site/h4/C2Data-489-Type2;103666.0000;DATA;1612720519.363862
/ndn/h3-site/h3/C2Data-185-Type3;25109.0000;DATA;1612720522.111969
/ndn/v5-site/v5/C2Data-2137-Type3;80592.0000;DATA;1612720522.301776
/ndn/s4-site/s4/C2Data-2909-Type1;6003953.0000;TIMEOUT;1612720516.667702
/ndn/v1-site/v1/C2Data-1893-Type3;99522.0000;DATA;1612720523.651884
/ndn/s3-site/s3/C2Data-2788-Type1;6001596.0000;TIMEOUT;1612720518.362995
/ndn/h4-site/h4/C2Data-490-Type2;99441.0000;DATA;1612720541.380151
/ndn/h5-site/h5/C2Data-611-Type2;111814.0000;DATA;1612720542.299241
/ndn/v0-site/v0/C2Data-3636-Type1;130683.0000;DATA;1612720544.059020
/ndn/h5-site/h5/C2Data-611-Type1;137111.0000;DATA;1612720546.416411
/ndn/h8-site/h8/C2Data-974-Type1;121494.0000;DATA;1612720549.006216
/ndn/s9-site/s9/C2Data-3515-Type1;6000940.0000;TIMEOUT;1612720549.688628
/ndn/h3-site/h3/C2Data-186-Type3;26280.0000;DATA;1612720569.138200
/ndn/d9-site/d9/C2Data-2306-Type1;197634.0000;DATA;1612720569.452629
/ndn/d4-site/d4/C2Data-1701-Type2;148490.0000;DATA;1612720570.427486
/ndn/v0-site/v0/C2Data-3637-Type2;124749.0000;DATA;1612720571.740037
/ndn/s3-site/s3/C2Data-1406-Type3;6003963.0000;TIMEOUT;1612720566.010898
/ndn/h4-site/h4/C2Data-491-Type1;98312.0000;DATA;1612720572.026748
/ndn/s6-site/s6/C2Data-1589-Type3;6000527.0000;TIMEOUT;1612720566.659306
/ndn/d8-site/d8/C2Data-2185-Type2;210330.0000;DATA;1612720573.332071
/ndn/d7-site/d7/C2Data-2064-Type1;110391.0000;DATA;1612720574.463047
/ndn/h6-site/h6/C2Data-733-Type2;147937.0000;DATA;1612720575.145032
/ndn/h5-site/h5/C2Data-612-Type2;101082.0000;DATA;1612720576.738718
/ndn/d6-site/d6/C2Data-1943-Type2;141909.0000;DATA;1612720577.311494
/ndn/v9-site/v9/C2Data-377-Type5;183435.0000;DATA;1612720577.754346
/ndn/h9-site/h9/C2Data-1096-Type1;135686.0000;DATA;1612720579.011293
/ndn/s8-site/s8/C2Data-3395-Type1;6006854.0000;TIMEOUT;1612720576.712163
/ndn/s6-site/s6/C2Data-3153-Type2;6001087.0000;TIMEOUT;1612720577.741216
/ndn/s1-site/s1/C2Data-1284-Type3;6013339.0000;TIMEOUT;1612720578.178491
/ndn/s9-site/s9/C2Data-3516-Type2;6008751.0000;TIMEOUT;1612720579.880169
/ndn/h2-site/h2/C2Data-125-Type3;72426.0000;DATA;1612720586.460907
/ndn/h5-site/h5/C2Data-308-Type3;581720.0000;DATA;1612720586.180982
/ndn/v4-site/v4/C2Data-312-Type5;163261.0000;DATA;1612720594.674299
/ndn/v7-site/v7/C2Data-676-Type4;199852.0000;DATA;1612720605.190346
/ndn/v0-site/v0/C2Data-3638-Type2;130190.0000;DATA;1612720606.557178
/ndn/v8-site/v8/C2Data-4606-Type1;77176.0000;DATA;1612720606.667492
/ndn/v0-site/v0/C2Data-3638-Type1;143874.0000;DATA;1612720608.195985
/ndn/s1-site/s1/C2Data-2549-Type2;6002496.0000;TIMEOUT;1612720602.834203
/ndn/v3-site/v3/C2Data-4001-Type1;295737.0000;DATA;1612720609.002657
/ndn/h6-site/h6/C2Data-151-Type4;192868.0000;DATA;1612720621.060993
/ndn/v1-site/v1/C2Data-273-Type5;102276.0000;DATA;1612720623.393203
/ndn/h5-site/h5/C2Data-309-Type3;107441.0000;DATA;1612720625.489681
/ndn/v5-site/v5/C2Data-626-Type4;75820.0000;DATA;1612720627.330438
/ndn/h0-site/h0/C2Data-0-Type5;186154.0000;DATA;1612720628.567018
/ndn/d9-site/d9/C2Data-1163-Type3;203291.0000;DATA;1612720628.569455
/ndn/s2-site/s2/C2Data-1346-Type3;6015433.0000;TIMEOUT;1612720623.557201
/ndn/s3-site/s3/C2Data-1407-Type3;6001007.0000;TIMEOUT;1612720623.848043
/ndn/s8-site/s8/C2Data-1712-Type3;6001945.0000;TIMEOUT;1612720624.283488
/ndn/v0-site/v0/C2Data-501-Type4;134131.0000;DATA;1612720630.838772
/ndn/d2-site/d2/C2Data-736-Type3;210396.0000;DATA;1612720631.189527
/ndn/d1-site/d1/C2Data-675-Type3;75133.0000;DATA;1612720633.509874
/ndn/d1-site/d1/C2Data-1340-Type2;79739.0000;DATA;1612720633.753217
/ndn/v3-site/v3/C2Data-4002-Type1;247545.0000;DATA;1612720635.834020
/ndn/v2-site/v2/C2Data-1956-Type3;116946.0000;DATA;1612720637.083782
/ndn/s0-site/s0/C2Data-2429-Type1;6001819.0000;TIMEOUT;1612720631.861127
/ndn/d9-site/d9/C2Data-2308-Type1;208946.0000;DATA;1612720637.774649
/ndn/d0-site/d0/C2Data-614-Type3;101054.0000;DATA;1612720641.050553
/ndn/h3-site/h3/C2Data-39-Type5;25543.0000;DATA;1612720641.557152
/ndn/v1-site/v1/C2Data-526-Type4;119849.0000;DATA;1612720642.524343
/ndn/s9-site/s9/C2Data-3518-Type2;6002395.0000;TIMEOUT;1612720637.221610
/ndn/h1-site/h1/C2Data-26-Type4;106057.0000;DATA;1612720661.603962
/ndn/d8-site/d8/C2Data-234-Type5;167711.0000;DATA;1612720667.893695
/ndn/h3-site/h3/C2Data-373-Type2;26683.0000;DATA;1612720668.138891
/ndn/s2-site/s2/C2Data-1347-Type3;6002442.0000;TIMEOUT;1612720682.695029
/ndn/v1-site/v1/C2Data-1896-Type3;118940.0000;DATA;1612720689.435584
/ndn/h2-site/h2/C2Data-127-Type3;50951.0000;DATA;1612720689.659795
/ndn/v8-site/v8/C2Data-4609-Type2;76620.0000;DATA;1612720690.630454
/ndn/v3-site/v3/C2Data-4004-Type2;251720.0000;DATA;1612720691.816571
/ndn/h6-site/h6/C2Data-737-Type1;147714.0000;DATA;1612720693.152411
/ndn/d8-site/d8/C2Data-2189-Type2;161328.0000;DATA;1612720694.618340
/ndn/d0-site/d0/C2Data-1221-Type1;111504.0000;DATA;1612720695.100986
/ndn/v0-site/v0/C2Data-3641-Type2;124112.0000;DATA;1612720697.778760
/ndn/s3-site/s3/C2Data-2794-Type2;6001166.0000;TIMEOUT;1612720692.700120
/ndn/v5-site/v5/C2Data-2140-Type3;85261.0000;DATA;1612720699.512083
/ndn/s4-site/s4/C2Data-2915-Type2;6001222.0000;TIMEOUT;1612720693.993962
/ndn/v0-site/v0/C2Data-1835-Type3;136771.0000;DATA;1612720699.990259
/ndn/s1-site/s1/C2Data-1286-Type3;6006636.0000;TIMEOUT;1612720694.361969
/ndn/v7-site/v7/C2Data-2262-Type3;181429.0000;DATA;1612720705.049290
/ndn/v4-site/v4/C2Data-2079-Type3;76917.0000;DATA;1612720705.415473
/ndn/h2-site/h2/C2Data-254-Type2;51903.0000;DATA;1612720719.581290
/ndn/v5-site/v5/C2Data-4247-Type1;82399.0000;DATA;1612720726.961213
/ndn/s3-site/s3/C2Data-2795-Type1;6001222.0000;TIMEOUT;1612720726.569616
/ndn/s4-site/s4/C2Data-2916-Type1;6001620.0000;TIMEOUT;1612720727.933016
/ndn/v8-site/v8/C2Data-2324-Type3;82199.0000;DATA;1612720742.957847
/ndn/v1-site/v1/C2Data-1897-Type3;124274.0000;DATA;1612720743.472107
/ndn/s7-site/s7/C2Data-1653-Type3;6000694.0000;TIMEOUT;1612720743.628334
/ndn/h1-site/h1/C2Data-134-Type1;98711.0000;DATA;1612720751.132603
/ndn/s6-site/s6/C2Data-1592-Type3;6003476.0000;TIMEOUT;1612720746.610950
/ndn/h3-site/h3/C2Data-376-Type1;25682.0000;DATA;1612720752.788969
/ndn/h4-site/h4/C2Data-497-Type1;108550.0000;DATA;1612720752.832974
/ndn/v0-site/v0/C2Data-1836-Type3;175770.0000;DATA;1612720753.507263
/ndn/h9-site/h9/C2Data-555-Type3;123630.0000;DATA;1612720754.154136
/ndn/d7-site/d7/C2Data-1043-Type3;99089.0000;DATA;1612720754.744066
/ndn/s3-site/s3/C2Data-1409-Type3;6000947.0000;TIMEOUT;1612720748.945037
/ndn/h5-site/h5/C2Data-618-Type2;95036.0000;DATA;1612720756.026291
/ndn/d9-site/d9/C2Data-2312-Type1;199972.0000;DATA;1612720759.348158
/ndn/v5-site/v5/C2Data-4248-Type2;93893.0000;DATA;1612720759.648373
/ndn/s2-site/s2/C2Data-2675-Type2;6001958.0000;TIMEOUT;1612720754.371504
/ndn/d5-site/d5/C2Data-1828-Type1;213327.0000;DATA;1612720760.332611
/ndn/v2-site/v2/C2Data-1958-Type3;119618.0000;DATA;1612720763.458743
/ndn/d5-site/d5/C2Data-377-Type4;211057.0000;DATA;1612720765.731737
/ndn/s5-site/s5/C2Data-1531-Type3;6003543.0000;TIMEOUT;1612720764.497410
/ndn/d2-site/d2/C2Data-302-Type4;361833.0000;DATA;1612720776.871130
/ndn/h5-site/h5/C2Data-619-Type1;98316.0000;DATA;1612720780.198961
/ndn/h4-site/h4/C2Data-102-Type4;115777.0000;DATA;1612720782.481006
/ndn/d9-site/d9/C2Data-2313-Type2;255708.0000;DATA;1612720785.355951
/ndn/d1-site/d1/C2Data-1345-Type1;77760.0000;DATA;1612720787.454132
/ndn/h7-site/h7/C2Data-177-Type4;127446.0000;DATA;1612720788.702839
/ndn/v7-site/v7/C2Data-677-Type4;170803.0000;DATA;1612720789.487702
/ndn/v7-site/v7/C2Data-4491-Type2;187933.0000;DATA;1612720789.834351
/ndn/s3-site/s3/C2Data-2797-Type1;6001303.0000;TIMEOUT;1612720784.878462
/ndn/s8-site/s8/C2Data-3402-Type1;6002304.0000;TIMEOUT;1612720786.622193
/ndn/h9-site/h9/C2Data-227-Type4;121990.0000;DATA;1612720797.767676
/ndn/h3-site/h3/C2Data-190-Type3;35611.0000;DATA;1612720803.068445
/ndn/v5-site/v5/C2Data-2142-Type3;85286.0000;DATA;1612720804.330403
/ndn/h7-site/h7/C2Data-862-Type2;142042.0000;DATA;1612720808.546993
/ndn/v4-site/v4/C2Data-602-Type4;79436.0000;DATA;1612720808.722267
/ndn/v0-site/v0/C2Data-1837-Type3;121997.0000;DATA;1612720808.885406
/ndn/h6-site/h6/C2Data-741-Type1;147113.0000;DATA;1612720809.286115
/ndn/h2-site/h2/C2Data-129-Type3;73932.0000;DATA;1612720810.311342
/ndn/d1-site/d1/C2Data-277-Type4;74351.0000;DATA;1612720810.880901
/ndn/h3-site/h3/C2Data-77-Type4;26094.0000;DATA;1612720811.396379
/ndn/s4-site/s4/C2Data-1471-Type3;6001515.0000;TIMEOUT;1612720805.882130
/ndn/d2-site/d2/C2Data-1467-Type2;199028.0000;DATA;1612720811.874066
/ndn/h2-site/h2/C2Data-257-Type1;54518.0000;DATA;1612720814.229957
/ndn/v3-site/v3/C2Data-4008-Type1;241666.0000;DATA;1612720814.299230
/ndn/s7-site/s7/C2Data-1654-Type3;6002756.0000;TIMEOUT;1612720808.895159
/ndn/s4-site/s4/C2Data-2919-Type2;6000573.0000;TIMEOUT;1612720809.580427
/ndn/d3-site/d3/C2Data-800-Type3;54789.0000;DATA;1612720818.515393
/ndn/d4-site/d4/C2Data-1709-Type1;159575.0000;DATA;1612720820.178930
/ndn/v7-site/v7/C2Data-2264-Type3;171127.0000;DATA;1612720822.415589
/ndn/s2-site/s2/C2Data-2677-Type1;6001541.0000;TIMEOUT;1612720816.748481
/ndn/h5-site/h5/C2Data-621-Type2;165754.0000;DATA;1612720840.021044
/ndn/v3-site/v3/C2Data-4009-Type1;214253.0000;DATA;1612720840.563573
/ndn/d7-site/d7/C2Data-2073-Type2;100653.0000;DATA;1612720841.683990
/ndn/d8-site/d8/C2Data-2194-Type1;149382.0000;DATA;1612720842.132450
/ndn/v2-site/v2/C2Data-3888-Type2;113154.0000;DATA;1612720845.319706
/ndn/v2-site/v2/C2Data-3888-Type1;95893.0000;DATA;1612720847.764338
/ndn/s9-site/s9/C2Data-3525-Type1;6004489.0000;TIMEOUT;1612720847.242865
/ndn/v7-site/v7/C2Data-189-Type6;190211.0000;DATA;1612720853.177126
/ndn/s8-site/s8/C2Data-3404-Type1;6001506.0000;TIMEOUT;1612720847.665415
/ndn/d8-site/d8/C2Data-1106-Type3;169774.0000;DATA;1612720866.891515
/ndn/s1-site/s1/C2Data-1289-Type3;6000731.0000;TIMEOUT;1612720864.164131
/ndn/d3-site/d3/C2Data-1590-Type2;52313.0000;DATA;1612720872.951607
/ndn/s9-site/s9/C2Data-1777-Type3;6000492.0000;TIMEOUT;1612720867.970663
/ndn/h2-site/h2/C2Data-259-Type2;50136.0000;DATA;1612720876.292572
/ndn/h0-site/h0/C2Data-17-Type1;165431.0000;DATA;1612720877.186397
/ndn/d1-site/d1/C2Data-1348-Type1;73667.0000;DATA;1612720877.977001
/ndn/h2-site/h2/C2Data-259-Type1;49293.0000;DATA;1612720878.563430
/ndn/s7-site/s7/C2Data-1655-Type3;6000938.0000;TIMEOUT;1612720876.274033
/ndn/s8-site/s8/C2Data-3405-Type1;6000580.0000;TIMEOUT;1612720879.109605
/ndn/h5-site/h5/C2Data-313-Type3;93841.0000;DATA;1612720885.074733
/ndn/v1-site/v1/C2Data-274-Type5;180546.0000;DATA;1612720890.950369
/ndn/s3-site/s3/C2Data-1411-Type3;6002998.0000;TIMEOUT;1612720885.151010
/ndn/v5-site/v5/C2Data-4253-Type1;84447.0000;DATA;1612720898.833027
/ndn/v2-site/v2/C2Data-3890-Type2;109064.0000;DATA;1612720902.599627
/ndn/s2-site/s2/C2Data-2680-Type2;6003751.0000;TIMEOUT;1612720898.620078
/ndn/h0-site/h0/C2Data-18-Type2;177815.0000;DATA;1612720904.991467
/ndn/d6-site/d6/C2Data-112-Type6;119425.0000;DATA;1612720905.610224
/ndn/s0-site/s0/C2Data-2438-Type1;6000811.0000;TIMEOUT;1612720900.192287
/ndn/d2-site/d2/C2Data-1470-Type2;213047.0000;DATA;1612720906.352195
/ndn/d0-site/d0/C2Data-1228-Type2;95865.0000;DATA;1612720907.504668
/ndn/v5-site/v5/C2Data-628-Type4;72174.0000;DATA;1612720908.187452
/ndn/v0-site/v0/C2Data-3648-Type2;121057.0000;DATA;1612720908.161119
/ndn/d9-site/d9/C2Data-133-Type6;197952.0000;DATA;1612720909.830201
/ndn/v9-site/v9/C2Data-728-Type4;307744.0000;DATA;1612720916.138906
/ndn/d7-site/d7/C2Data-1046-Type3;113045.0000;DATA;1612720927.681647
/ndn/d9-site/d9/C2Data-1168-Type3;209726.0000;DATA;1612720929.009735
/ndn/v0-site/v0/C2Data-3649-Type1;129313.0000;DATA;1612720929.145080
/ndn/v8-site/v8/C2Data-2327-Type3;80770.0000;DATA;1612720930.338901
/ndn/h4-site/h4/C2Data-103-Type4;97208.0000;DATA;1612720930.381020
/ndn/d0-site/d0/C2Data-1229-Type1;97780.0000;DATA;1612720930.848189
/ndn/h3-site/h3/C2Data-382-Type1;26510.0000;DATA;1612720931.071198
/ndn/v4-site/v4/C2Data-4133-Type1;87804.0000;DATA;1612720932.111370
/ndn/d6-site/d6/C2Data-209-Type5;133958.0000;DATA;1612720932.261128
/ndn/h6-site/h6/C2Data-745-Type2;144488.0000;DATA;1612720933.843452
/ndn/v3-site/v3/C2Data-2022-Type3;264278.0000;DATA;1612720934.256401
