/ndn/v8-site/v8/C2Data-6413-Type1;24039.0000;DATA;1611610326.522062
/ndn/d4-site/d4/C2Data-2299-Type2;227849.0000;DATA;1611610327.493106
/ndn/h5-site/h5/C2Data-605-Type2;69291.0000;DATA;1611610330.789150
/ndn/d7-site/d7/C2Data-2662-Type2;144155.0000;DATA;1611610331.802123
/ndn/h1-site/h1/C2Data-121-Type1;194251.0000;DATA;1611610331.934114
/ndn/s14-site/s14/C2Data-5324-Type1;579.0000;NACK;1611610332.141085
/ndn/v1-site/v1/C2Data-5566-Type2;443.0000;NACK;1611610332.156030
/ndn/v13-site/v13/C2Data-7018-Type1;148730.0000;DATA;1611610332.883090
/ndn/h9-site/h9/C2Data-1089-Type2;93046.0000;DATA;1611610333.209072
/ndn/s13-site/s13/C2Data-5203-Type1;49519.0000;DATA;1611610334.025100
/ndn/v6-site/v6/C2Data-6171-Type1;160880.0000;DATA;1611610334.960129
/ndn/v4-site/v4/C2Data-2989-Type3;416.0000;NACK;1611610349.485797
/ndn/h9-site/h9/C2Data-549-Type3;97162.0000;DATA;1611610351.530096
/ndn/v13-site/v13/C2Data-3538-Type3;160211.0000;DATA;1611610352.375048
/ndn/h7-site/h7/C2Data-427-Type3;610.0000;DATA;1611610353.858104
/ndn/s1-site/s1/C2Data-3752-Type2;50963.0000;DATA;1611610355.788056
/ndn/d4-site/d4/C2Data-2300-Type1;49046.0000;DATA;1611610357.444062
/ndn/v5-site/v5/C2Data-6051-Type1;559.0000;NACK;1611610358.167121
/ndn/s13-site/s13/C2Data-2623-Type3;49930.0000;DATA;1611610358.233029
/ndn/s5-site/s5/C2Data-4236-Type2;175579.0000;DATA;1611610358.118114
/ndn/s3-site/s3/C2Data-3994-Type2;94790.0000;DATA;1611610358.237032
/ndn/h8-site/h8/C2Data-969-Type2;49845.0000;DATA;1611610359.517068
/ndn/d1-site/d1/C2Data-1937-Type2;716.0000;NACK;1611610360.428028
/ndn/v5-site/v5/C2Data-6051-Type2;434.0000;NACK;1611610361.085209
/ndn/h12-site/h12/C2Data-732-Type3;636.0000;NACK;1611610361.765054
/ndn/d9-site/d9/C2Data-2905-Type2;120438.0000;DATA;1611610362.458050
/ndn/s2-site/s2/C2Data-1952-Type3;138798.0000;DATA;1611610362.621133
/ndn/h10-site/h10/C2Data-610-Type3;24602.0000;DATA;1611610362.753037
/ndn/s0-site/s0/C2Data-3631-Type2;48096.0000;DATA;1611610362.844100
/ndn/h1-site/h1/C2Data-61-Type3;49272.0000;DATA;1611610363.717027
/ndn/s4-site/s4/C2Data-2074-Type3;524.0000;NACK;1611610364.040130
/ndn/s13-site/s13/C2Data-5204-Type2;23667.0000;DATA;1611610364.163047
/ndn/d13-site/d13/C2Data-3389-Type1;193157.0000;DATA;1611610364.046119
/ndn/h1-site/h1/C2Data-122-Type1;118097.0000;DATA;1611610365.097168
/ndn/h10-site/h10/C2Data-1211-Type1;47801.0000;DATA;1611610365.625074
/ndn/v7-site/v7/C2Data-3172-Type3;603.0000;NACK;1611610367.161068
/ndn/h6-site/h6/C2Data-366-Type3;26194.0000;DATA;1611610368.443049
/ndn/d3-site/d3/C2Data-1098-Type3;31317.0000;DATA;1611610370.061067
/ndn/s2-site/s2/C2Data-3874-Type2;145177.0000;DATA;1611610386.145085
/ndn/v13-site/v13/C2Data-7020-Type2;47015.0000;DATA;1611610386.532076
/ndn/h6-site/h6/C2Data-728-Type2;25363.0000;DATA;1611610386.784041
/ndn/h2-site/h2/C2Data-244-Type2;599.0000;NACK;1611610387.335080
/ndn/s13-site/s13/C2Data-5205-Type2;49848.0000;DATA;1611610387.575061
/ndn/v10-site/v10/C2Data-6657-Type1;53404.0000;DATA;1611610389.445031
/ndn/d2-site/d2/C2Data-2059-Type2;219418.0000;DATA;1611610390.224105
/ndn/d7-site/d7/C2Data-2664-Type1;116435.0000;DATA;1611610391.829138
/ndn/h9-site/h9/C2Data-1091-Type1;93157.0000;DATA;1611610391.977067
/ndn/d12-site/d12/C2Data-3269-Type1;188487.0000;DATA;1611610392.094064
/ndn/d12-site/d12/C2Data-3269-Type2;48551.0000;DATA;1611610392.643034
/ndn/v14-site/v14/C2Data-7141-Type1;47933.0000;DATA;1611610392.922204
/ndn/d10-site/d10/C2Data-3027-Type1;46244.0000;DATA;1611610395.283117
/ndn/v8-site/v8/C2Data-6415-Type1;23188.0000;DATA;1611610396.116087
/ndn/d10-site/d10/C2Data-3027-Type2;23457.0000;DATA;1611610396.408074
/ndn/d3-site/d3/C2Data-2180-Type2;163866.0000;DATA;1611610396.278081
/ndn/v2-site/v2/C2Data-5689-Type2;49698.0000;DATA;1611610396.923036
/ndn/s11-site/s11/C2Data-2502-Type3;91636.0000;DATA;1611610411.061456
/ndn/v5-site/v5/C2Data-6053-Type1;287796.0000;DATA;1611610418.758065
/ndn/s14-site/s14/C2Data-5327-Type1;187322.0000;DATA;1611610419.626041
/ndn/d6-site/d6/C2Data-2544-Type2;169004.0000;DATA;1611610420.543024
/ndn/h4-site/h4/C2Data-487-Type1;45901.0000;DATA;1611610420.732163
/ndn/s8-site/s8/C2Data-4601-Type2;167936.0000;DATA;1611610420.683089
/ndn/d5-site/d5/C2Data-2423-Type2;48852.0000;DATA;1611610421.015106
/ndn/h5-site/h5/C2Data-608-Type2;69465.0000;DATA;1611610421.220069
/ndn/v3-site/v3/C2Data-5811-Type2;23333.0000;DATA;1611610421.286088
/ndn/d4-site/d4/C2Data-1160-Type3;190780.0000;DATA;1611610422.154118
/ndn/s13-site/s13/C2Data-5206-Type2;47207.0000;DATA;1611610422.410148
/ndn/v1-site/v1/C2Data-2807-Type3;147822.0000;DATA;1611610422.386149
/ndn/v3-site/v3/C2Data-5811-Type1;72975.0000;DATA;1611610422.668103
/ndn/s7-site/s7/C2Data-2258-Type3;46438.0000;DATA;1611610423.240080
/ndn/v9-site/v9/C2Data-6537-Type2;98620.0000;DATA;1611610423.872690
/ndn/d2-site/d2/C2Data-425-Type4;214475.0000;DATA;1611610423.879147
/ndn/h8-site/h8/C2Data-489-Type3;49424.0000;DATA;1611610424.244061
/ndn/d3-site/d3/C2Data-2181-Type2;119367.0000;DATA;1611610425.492045
/ndn/h13-site/h13/C2Data-1576-Type1;124408.0000;DATA;1611610425.568077
/ndn/s2-site/s2/C2Data-1953-Type3;680.0000;DATA;1611610425.833105
/ndn/d0-site/d0/C2Data-1818-Type1;72488.0000;DATA;1611610425.889037
/ndn/h9-site/h9/C2Data-225-Type4;99196.0000;DATA;1611610426.710061
/ndn/v2-site/v2/C2Data-5690-Type2;648.0000;DATA;1611610426.846094
/ndn/s1-site/s1/C2Data-1892-Type3;570.0000;DATA;1611610426.915039
/ndn/h9-site/h9/C2Data-1092-Type2;25419.0000;DATA;1611610427.071034
/ndn/s4-site/s4/C2Data-2075-Type3;25660.0000;DATA;1611610431.088133
/ndn/d10-site/d10/C2Data-1526-Type3;58002.0000;DATA;1611610431.635100
/ndn/v8-site/v8/C2Data-3234-Type3;25684.0000;DATA;1611610432.719111
/ndn/d11-site/d11/C2Data-650-Type4;375430.0000;DATA;1611610435.430080
/ndn/h11-site/h11/C2Data-275-Type4;231053.0000;DATA;1611610437.813119
/ndn/v0-site/v0/C2Data-750-Type4;248359.0000;DATA;1611610439.076140
/ndn/h4-site/h4/C2Data-100-Type4;72531.0000;DATA;1611610442.276114
/ndn/v13-site/v13/C2Data-7022-Type1;248518.0000;DATA;1611610445.400071
/ndn/h3-site/h3/C2Data-367-Type1;73312.0000;DATA;1611610449.363054
/ndn/h10-site/h10/C2Data-1214-Type2;76628.0000;DATA;1611610449.717040
/ndn/d2-site/d2/C2Data-2061-Type1;71614.0000;DATA;1611610451.795038
/ndn/v13-site/v13/C2Data-7022-Type2;72615.0000;DATA;1611610451.981087
/ndn/v5-site/v5/C2Data-6054-Type1;71217.0000;DATA;1611610453.375040
/ndn/v14-site/v14/C2Data-7143-Type2;71104.0000;DATA;1611610453.490060
/ndn/d7-site/d7/C2Data-2666-Type1;48860.0000;DATA;1611610454.612035
/ndn/v10-site/v10/C2Data-1000-Type4;69585.0000;DATA;1611610454.773997
/ndn/h9-site/h9/C2Data-1093-Type1;51413.0000;DATA;1611610456.382114
/ndn/v11-site/v11/C2Data-6780-Type1;194979.0000;DATA;1611610456.459030
/ndn/v12-site/v12/C2Data-3479-Type3;309607.0000;DATA;1611610471.240054
/ndn/d1-site/d1/C2Data-978-Type3;218877.0000;DATA;1611610471.820217
/ndn/d13-site/d13/C2Data-1710-Type3;205611.0000;DATA;1611610472.684060
/ndn/v7-site/v7/C2Data-3174-Type3;169314.0000;DATA;1611610473.250159
/ndn/s9-site/s9/C2Data-2381-Type3;78406.0000;DATA;1611610475.585085
/ndn/s0-site/s0/C2Data-1832-Type3;49006.0000;DATA;1611610476.308178
/ndn/h3-site/h3/C2Data-368-Type2;71541.0000;DATA;1611610476.555041
/ndn/d2-site/d2/C2Data-2062-Type1;216791.0000;DATA;1611610477.814025
/ndn/h5-site/h5/C2Data-307-Type3;46243.0000;DATA;1611610478.829094
/ndn/h10-site/h10/C2Data-612-Type3;69595.0000;DATA;1611610479.408068
/ndn/s6-site/s6/C2Data-4361-Type1;183490.0000;DATA;1611610479.851101
/ndn/d5-site/d5/C2Data-1222-Type3;47976.0000;DATA;1611610480.552132
/ndn/d1-site/d1/C2Data-1941-Type2;24351.0000;DATA;1611610481.001186
/ndn/h2-site/h2/C2Data-247-Type1;171520.0000;DATA;1611610481.071109
/ndn/s12-site/s12/C2Data-2564-Type3;95423.0000;DATA;1611610481.405056
/ndn/v5-site/v5/C2Data-3052-Type3;46457.0000;DATA;1611610481.863076
/ndn/v0-site/v0/C2Data-5450-Type1;168803.0000;DATA;1611610482.017075
/ndn/h4-site/h4/C2Data-246-Type3;46904.0000;DATA;1611610484.074233
/ndn/s14-site/s14/C2Data-5329-Type1;47584.0000;DATA;1611610484.563041
/ndn/s3-site/s3/C2Data-3998-Type2;102609.0000;DATA;1611610485.026029
/ndn/s9-site/s9/C2Data-4724-Type2;23828.0000;DATA;1611610485.806111
/ndn/v0-site/v0/C2Data-5450-Type2;161471.0000;DATA;1611610485.878095
/ndn/v13-site/v13/C2Data-7023-Type1;647.0000;DATA;1611610486.913028
/ndn/d1-site/d1/C2Data-1941-Type1;216055.0000;DATA;1611610486.935078
/ndn/s5-site/s5/C2Data-4240-Type2;76057.0000;DATA;1611610487.151155
/ndn/d3-site/d3/C2Data-1100-Type3;130745.0000;DATA;1611610488.084081
/ndn/s3-site/s3/C2Data-2015-Type3;105569.0000;DATA;1611610488.408105
/ndn/v0-site/v0/C2Data-2747-Type3;50746.0000;DATA;1611610490.998078
/ndn/s13-site/s13/C2Data-2625-Type3;50445.0000;DATA;1611610493.344060
/ndn/v11-site/v11/C2Data-6782-Type2;196614.0000;DATA;1611610505.855045
/ndn/d14-site/d14/C2Data-3515-Type1;188678.0000;DATA;1611610505.989103
/ndn/v12-site/v12/C2Data-6903-Type2;71303.0000;DATA;1611610508.073036
/ndn/h11-site/h11/C2Data-1337-Type2;215432.0000;DATA;1611610508.139113
/ndn/s3-site/s3/C2Data-3999-Type1;99982.0000;DATA;1611610509.240050
/ndn/d13-site/d13/C2Data-3394-Type2;205548.0000;DATA;1611610510.625064
/ndn/h3-site/h3/C2Data-369-Type2;150110.0000;DATA;1611610511.262104
/ndn/s0-site/s0/C2Data-3636-Type2;131437.0000;DATA;1611610511.484038
/ndn/d9-site/d9/C2Data-2910-Type2;73977.0000;DATA;1611610512.225125
/ndn/h6-site/h6/C2Data-732-Type2;23969.0000;DATA;1611610512.387056
/ndn/d13-site/d13/C2Data-3394-Type1;46368.0000;DATA;1611610513.882161
/ndn/d11-site/d11/C2Data-3152-Type2;124734.0000;DATA;1611610514.951072
/ndn/h2-site/h2/C2Data-248-Type2;48476.0000;DATA;1611610515.892108
/ndn/h9-site/h9/C2Data-1095-Type1;110560.0000;DATA;1611610517.005051
/ndn/d1-site/d1/C2Data-979-Type3;225039.0000;DATA;1611610529.577042
/ndn/s9-site/s9/C2Data-2382-Type3;75388.0000;DATA;1611610530.481126
/ndn/d0-site/d0/C2Data-918-Type3;198148.0000;DATA;1611610530.677064
/ndn/s14-site/s14/C2Data-2687-Type3;223453.0000;DATA;1611610530.704075
/ndn/h4-site/h4/C2Data-247-Type3;52649.0000;DATA;1611610533.786048
/ndn/s4-site/s4/C2Data-2077-Type3;79228.0000;DATA;1611610533.863104
/ndn/d14-site/d14/C2Data-1772-Type3;209376.0000;DATA;1611610535.156050
/ndn/v10-site/v10/C2Data-6662-Type2;167367.0000;DATA;1611610536.091029
/ndn/v0-site/v0/C2Data-5452-Type2;166749.0000;DATA;1611610536.885085
/ndn/h7-site/h7/C2Data-854-Type1;636.0000;DATA;1611610538.067126
/ndn/v2-site/v2/C2Data-5694-Type2;181271.0000;DATA;1611610537.889117
/ndn/h13-site/h13/C2Data-796-Type3;26307.0000;DATA;1611610538.908110
/ndn/h14-site/h14/C2Data-857-Type3;202663.0000;DATA;1611610539.615033
/ndn/v1-site/v1/C2Data-5573-Type1;272389.0000;DATA;1611610540.624148
