/ndn/d1-site/d1/C2Data-1936-Type1;118787.0000;DATA;1611606832.806183
/ndn/h6-site/h6/C2Data-726-Type2;180338.0000;DATA;1611606832.839146
/ndn/v8-site/v8/C2Data-6413-Type2;556.0000;NACK;1611606833.384210
/ndn/s11-site/s11/C2Data-4961-Type2;213558.0000;DATA;1611606835.226175
/ndn/s8-site/s8/C2Data-4598-Type2;69945.0000;DATA;1611606837.768216
/ndn/v11-site/v11/C2Data-6776-Type1;24852.0000;DATA;1611606839.576190
/ndn/s9-site/s9/C2Data-4719-Type1;101251.0000;DATA;1611606840.773335
/ndn/d13-site/d13/C2Data-3388-Type2;24098.0000;DATA;1611606841.120232
/ndn/v1-site/v1/C2Data-5566-Type2;157059.0000;DATA;1611606841.350255
/ndn/s6-site/s6/C2Data-4356-Type2;143736.0000;DATA;1611606841.525160
/ndn/h2-site/h2/C2Data-242-Type2;142194.0000;DATA;1611606841.790296
/ndn/v9-site/v9/C2Data-6534-Type1;194678.0000;DATA;1611606842.290212
/ndn/v9-site/v9/C2Data-6534-Type2;203808.0000;DATA;1611606843.850672
/ndn/s13-site/s13/C2Data-2623-Type3;238655.0000;DATA;1611606859.466272
/ndn/v12-site/v12/C2Data-6898-Type1;151142.0000;DATA;1611606864.012260
/ndn/v14-site/v14/C2Data-3599-Type3;98495.0000;DATA;1611606865.135231
/ndn/v2-site/v2/C2Data-5688-Type1;116976.0000;DATA;1611606865.365177
/ndn/v5-site/v5/C2Data-6051-Type2;162369.0000;DATA;1611606865.398150
/ndn/h5-site/h5/C2Data-305-Type3;115881.0000;DATA;1611606865.471250
/ndn/s3-site/s3/C2Data-3994-Type2;211714.0000;DATA;1611606867.249329
/ndn/h9-site/h9/C2Data-549-Type3;140805.0000;DATA;1611606869.453250
/ndn/d6-site/d6/C2Data-1281-Type3;164482.0000;DATA;1611606869.449210
/ndn/h14-site/h14/C2Data-1695-Type2;93820.0000;DATA;1611606870.714264
/ndn/h8-site/h8/C2Data-969-Type1;140566.0000;DATA;1611606870.956258
/ndn/s7-site/s7/C2Data-4478-Type2;70340.0000;DATA;1611606871.035283
/ndn/v3-site/v3/C2Data-5809-Type1;96003.0000;DATA;1611606871.292288
/ndn/s12-site/s12/C2Data-5083-Type1;206666.0000;DATA;1611606871.631282
/ndn/d7-site/d7/C2Data-1342-Type3;94591.0000;DATA;1611606871.944175
/ndn/s2-site/s2/C2Data-3873-Type1;48603.0000;DATA;1611606873.847166
/ndn/h10-site/h10/C2Data-1211-Type1;144087.0000;DATA;1611606873.903219
/ndn/d2-site/d2/C2Data-1037-Type3;23936.0000;DATA;1611606877.279379
/ndn/h12-site/h12/C2Data-732-Type3;146003.0000;DATA;1611606879.160189
/ndn/d10-site/d10/C2Data-1525-Type3;172500.0000;DATA;1611606879.427262
/ndn/v9-site/v9/C2Data-3294-Type3;205929.0000;DATA;1611606879.531223
/ndn/h5-site/h5/C2Data-607-Type1;116224.0000;DATA;1611606892.336182
/ndn/v6-site/v6/C2Data-6173-Type1;21584.0000;NACK;1611606892.609200
/ndn/h9-site/h9/C2Data-1091-Type1;153187.0000;DATA;1611606893.084262
/ndn/h11-site/h11/C2Data-1333-Type2;47918.0000;DATA;1611606893.400181
/ndn/s7-site/s7/C2Data-4479-Type2;71944.0000;DATA;1611606894.131203
/ndn/d2-site/d2/C2Data-2059-Type2;24183.0000;DATA;1611606895.870302
/ndn/v10-site/v10/C2Data-6657-Type1;92693.0000;DATA;1611606899.097160
/ndn/s1-site/s1/C2Data-3753-Type2;235649.0000;DATA;1611606899.042188
/ndn/s8-site/s8/C2Data-4600-Type1;76597.0000;DATA;1611606900.367164
/ndn/d6-site/d6/C2Data-2543-Type2;168461.0000;DATA;1611606900.887179
/ndn/d3-site/d3/C2Data-2180-Type1;151564.0000;DATA;1611606901.361599
/ndn/s1-site/s1/C2Data-3753-Type1;242531.0000;DATA;1611606901.932280
/ndn/s12-site/s12/C2Data-5084-Type1;214319.0000;DATA;1611606903.134345
/ndn/s14-site/s14/C2Data-5326-Type2;6000737.0000;TIMEOUT;1611606902.199296
/ndn/s0-site/s0/C2Data-3632-Type1;6003200.0000;TIMEOUT;1611606904.134233
/ndn/s5-site/s5/C2Data-2136-Type3;74914.0000;DATA;1611606920.653759
/ndn/d10-site/d10/C2Data-1526-Type3;170876.0000;DATA;1611606920.893301
/ndn/h7-site/h7/C2Data-428-Type3;230512.0000;DATA;1611606921.295149
/ndn/s3-site/s3/C2Data-2014-Type3;219044.0000;DATA;1611606922.176215
/ndn/v11-site/v11/C2Data-6779-Type1;24059.0000;DATA;1611606922.891152
/ndn/h7-site/h7/C2Data-850-Type1;210263.0000;DATA;1611606922.730148
/ndn/d7-site/d7/C2Data-1343-Type3;93645.0000;DATA;1611606923.431215
/ndn/h12-site/h12/C2Data-1455-Type2;145882.0000;DATA;1611606923.782258
/ndn/v14-site/v14/C2Data-7142-Type1;102320.0000;DATA;1611606924.846293
/ndn/s3-site/s3/C2Data-3996-Type2;219092.0000;DATA;1611606924.859210
/ndn/d3-site/d3/C2Data-2181-Type1;147333.0000;DATA;1611606925.190208
/ndn/d2-site/d2/C2Data-2060-Type1;23664.0000;DATA;1611606925.597153
/ndn/d6-site/d6/C2Data-1282-Type3;166965.0000;DATA;1611606925.474248
/ndn/s0-site/s0/C2Data-1831-Type3;6000267.0000;TIMEOUT;1611606920.873167
/ndn/s13-site/s13/C2Data-5206-Type2;6000430.0000;TIMEOUT;1611606922.976259
/ndn/d1-site/d1/C2Data-977-Type3;120268.0000;DATA;1611606929.856236
/ndn/d14-site/d14/C2Data-3512-Type1;47772.0000;DATA;1611606930.125262
/ndn/d2-site/d2/C2Data-425-Type4;26301.0000;DATA;1611606930.634180
/ndn/h9-site/h9/C2Data-1092-Type1;141214.0000;DATA;1611606931.183275
/ndn/v4-site/v4/C2Data-5932-Type2;167774.0000;DATA;1611606931.356164
/ndn/s2-site/s2/C2Data-3875-Type1;6000487.0000;TIMEOUT;1611606925.532215
/ndn/d9-site/d9/C2Data-600-Type4;120106.0000;DATA;1611606931.631249
/ndn/d12-site/d12/C2Data-1648-Type3;70657.0000;DATA;1611606931.714215
/ndn/v14-site/v14/C2Data-1100-Type4;96592.0000;DATA;1611606932.929288
/ndn/d5-site/d5/C2Data-1221-Type3;144967.0000;DATA;1611606933.117174
/ndn/s10-site/s10/C2Data-4843-Type2;6000486.0000;TIMEOUT;1611606927.451267
/ndn/s10-site/s10/C2Data-4843-Type1;6002403.0000;TIMEOUT;1611606930.252220
/ndn/h5-site/h5/C2Data-306-Type3;123005.0000;DATA;1611606937.891188
/ndn/s14-site/s14/C2Data-5327-Type1;6001062.0000;TIMEOUT;1611606932.599194
/ndn/d8-site/d8/C2Data-1404-Type3;46481.0000;DATA;1611606938.875313
/ndn/v3-site/v3/C2Data-2929-Type3;96551.0000;DATA;1611606939.172267
/ndn/s12-site/s12/C2Data-5085-Type1;6000233.0000;TIMEOUT;1611606933.942946
/ndn/s1-site/s1/C2Data-1892-Type3;6001667.0000;TIMEOUT;1611606934.382255
/ndn/d10-site/d10/C2Data-625-Type4;169764.0000;DATA;1611606942.636331
/ndn/s11-site/s11/C2Data-2502-Type3;6000685.0000;TIMEOUT;1611606937.657228
/ndn/v10-site/v10/C2Data-1000-Type4;126365.0000;DATA;1611606943.997237
/ndn/d14-site/d14/C2Data-725-Type4;116402.0000;DATA;1611606945.926186
/ndn/v7-site/v7/C2Data-925-Type4;139175.0000;DATA;1611606947.494073
/ndn/d1-site/d1/C2Data-1940-Type1;118828.0000;DATA;1611606954.467198
/ndn/h6-site/h6/C2Data-730-Type1;167765.0000;DATA;1611606954.936238
/ndn/h10-site/h10/C2Data-1214-Type1;138806.0000;DATA;1611606957.422253
/ndn/v13-site/v13/C2Data-7022-Type1;72489.0000;DATA;1611606958.304241
/ndn/d0-site/d0/C2Data-1819-Type1;50217.0000;DATA;1611606958.959255
/ndn/h11-site/h11/C2Data-275-Type4;48390.0000;DATA;1611606960.207203
/ndn/s10-site/s10/C2Data-4844-Type1;6001126.0000;TIMEOUT;1611606954.536172
/ndn/d10-site/d10/C2Data-3029-Type1;160766.0000;DATA;1611606960.548236
/ndn/v1-site/v1/C2Data-5570-Type1;147168.0000;DATA;1611606961.796285
/ndn/v2-site/v2/C2Data-5691-Type2;116534.0000;DATA;1611606961.939191
/ndn/h5-site/h5/C2Data-609-Type1;117456.0000;DATA;1611606962.306241
/ndn/s8-site/s8/C2Data-4602-Type1;6000309.0000;TIMEOUT;1611606956.967268
/ndn/d4-site/d4/C2Data-2303-Type2;46973.0000;DATA;1611606963.252299
/ndn/s0-site/s0/C2Data-3634-Type2;6000262.0000;TIMEOUT;1611606957.752214
/ndn/s1-site/s1/C2Data-3755-Type2;6000255.0000;TIMEOUT;1611606959.275161
/ndn/s12-site/s12/C2Data-5086-Type1;6002713.0000;TIMEOUT;1611606962.472166
/ndn/v11-site/v11/C2Data-3418-Type3;23972.0000;DATA;1611606977.290274
/ndn/h7-site/h7/C2Data-175-Type4;221373.0000;DATA;1611606980.410258
/ndn/v7-site/v7/C2Data-3174-Type3;128635.0000;DATA;1611606980.959305
/ndn/h3-site/h3/C2Data-185-Type3;119770.0000;DATA;1611606982.089153
/ndn/v4-site/v4/C2Data-5934-Type1;166930.0000;DATA;1611606982.637251
/ndn/v2-site/v2/C2Data-5692-Type1;119956.0000;DATA;1611606982.956264
/ndn/v1-site/v1/C2Data-5571-Type2;142940.0000;DATA;1611606984.804242
/ndn/h12-site/h12/C2Data-1457-Type2;148551.0000;DATA;1611606984.867186
/ndn/d12-site/d12/C2Data-675-Type4;71746.0000;DATA;1611606987.196284
/ndn/h2-site/h2/C2Data-247-Type2;143084.0000;DATA;1611606988.255285
/ndn/s13-site/s13/C2Data-5208-Type2;6000499.0000;TIMEOUT;1611606982.647240
/ndn/d13-site/d13/C2Data-3393-Type2;26873.0000;DATA;1611606991.158206
/ndn/s1-site/s1/C2Data-3756-Type1;6003858.0000;TIMEOUT;1611606986.768170
/ndn/s2-site/s2/C2Data-1954-Type3;6000257.0000;TIMEOUT;1611606987.520169
/ndn/s2-site/s2/C2Data-3877-Type2;6000274.0000;TIMEOUT;1611606987.967252
/ndn/d13-site/d13/C2Data-1710-Type3;26367.0000;DATA;1611606994.540234
/ndn/h6-site/h6/C2Data-368-Type3;175366.0000;DATA;1611606995.015251
/ndn/s3-site/s3/C2Data-3998-Type1;6002368.0000;TIMEOUT;1611606989.506176
/ndn/s11-site/s11/C2Data-4966-Type2;6000903.0000;TIMEOUT;1611606991.230339
/ndn/h0-site/h0/C2Data-2-Type3;184916.0000;DATA;1611606998.622237
/ndn/d4-site/d4/C2Data-2305-Type1;49121.0000;DATA;1611607013.075174
/ndn/v6-site/v6/C2Data-6177-Type2;21153.0000;NACK;1611607014.432241
/ndn/h3-site/h3/C2Data-369-Type1;124156.0000;DATA;1611607014.546241
/ndn/h11-site/h11/C2Data-1337-Type2;46354.0000;DATA;1611607014.858157
/ndn/d5-site/d5/C2Data-2426-Type1;145565.0000;DATA;1611607015.749238
/ndn/h8-site/h8/C2Data-974-Type2;140087.0000;DATA;1611607019.705178
/ndn/h12-site/h12/C2Data-1458-Type2;140202.0000;DATA;1611607019.800323
/ndn/h3-site/h3/C2Data-369-Type2;119990.0000;DATA;1611607020.459247
/ndn/s12-site/s12/C2Data-5088-Type2;6000647.0000;TIMEOUT;1611607014.853182
/ndn/d13-site/d13/C2Data-3394-Type2;24111.0000;DATA;1611607021.380199
/ndn/s14-site/s14/C2Data-5330-Type1;6001002.0000;TIMEOUT;1611607016.575267
/ndn/h0-site/h0/C2Data-6-Type2;191172.0000;DATA;1611607022.483234
/ndn/h5-site/h5/C2Data-611-Type1;117894.0000;DATA;1611607023.259236
/ndn/s4-site/s4/C2Data-4120-Type1;6000907.0000;TIMEOUT;1611607017.378874
/ndn/v9-site/v9/C2Data-6540-Type2;190340.0000;DATA;1611607023.714221
/ndn/s10-site/s10/C2Data-4846-Type2;6007475.0000;TIMEOUT;1611607019.995241
/ndn/s7-site/s7/C2Data-4483-Type1;6000255.0000;TIMEOUT;1611607021.876257
/ndn/h12-site/h12/C2Data-735-Type3;161522.0000;DATA;1611607036.486244
/ndn/v11-site/v11/C2Data-3419-Type3;23819.0000;DATA;1611607038.263170
/ndn/v3-site/v3/C2Data-5815-Type2;95495.0000;DATA;1611607042.665283
/ndn/d2-site/d2/C2Data-2064-Type2;24219.0000;DATA;1611607043.335254
/ndn/v7-site/v7/C2Data-6299-Type2;117379.0000;DATA;1611607043.590151
/ndn/h3-site/h3/C2Data-370-Type1;117131.0000;DATA;1611607045.064235
/ndn/h8-site/h8/C2Data-975-Type1;145590.0000;DATA;1611607046.053243
/ndn/v9-site/v9/C2Data-6541-Type1;188647.0000;DATA;1611607046.070238
/ndn/h5-site/h5/C2Data-612-Type1;117569.0000;DATA;1611607046.719246
/ndn/h12-site/h12/C2Data-1459-Type1;138212.0000;DATA;1611607047.898194
/ndn/h10-site/h10/C2Data-613-Type3;143408.0000;DATA;1611607047.981165
