/ndn/v4-site/v4/C2Data-5929-Type2;450.0000;NACK;1611608000.197472
/ndn/h11-site/h11/C2Data-1331-Type2;121460.0000;DATA;1611608000.189729
/ndn/h5-site/h5/C2Data-605-Type2;47942.0000;DATA;1611608001.062432
/ndn/h0-site/h0/C2Data-0-Type2;130149.0000;DATA;1611608004.831500
/ndn/d1-site/d1/C2Data-1936-Type2;589.0000;NACK;1611608007.165433
/ndn/v4-site/v4/C2Data-2989-Type3;598.0000;NACK;1611608025.052523
/ndn/d2-site/d2/C2Data-1037-Type3;76122.0000;DATA;1611608025.411478
/ndn/d12-site/d12/C2Data-1647-Type3;97186.0000;DATA;1611608025.715420
/ndn/h7-site/h7/C2Data-427-Type3;529.0000;DATA;1611608028.391485
/ndn/v7-site/v7/C2Data-3172-Type3;451.0000;NACK;1611608031.336455
/ndn/d0-site/d0/C2Data-1816-Type2;95789.0000;DATA;1611608032.219480
/ndn/d13-site/d13/C2Data-3389-Type1;175608.0000;DATA;1611608032.567464
/ndn/d4-site/d4/C2Data-2300-Type2;119113.0000;DATA;1611608033.379425
/ndn/s0-site/s0/C2Data-3631-Type2;537.0000;DATA;1611608033.796470
/ndn/d1-site/d1/C2Data-976-Type3;425.0000;NACK;1611608034.841571
/ndn/v7-site/v7/C2Data-6293-Type1;493.0000;NACK;1611608035.017471
/ndn/s6-site/s6/C2Data-4357-Type2;72257.0000;DATA;1611608036.558506
/ndn/v2-site/v2/C2Data-2867-Type3;56851.0000;DATA;1611608036.872408
/ndn/s4-site/s4/C2Data-2074-Type3;477.0000;NACK;1611608037.240407
/ndn/v5-site/v5/C2Data-6051-Type2;430.0000;NACK;1611608038.382473
/ndn/v8-site/v8/C2Data-3233-Type3;24167.0000;DATA;1611608039.165468
/ndn/d7-site/d7/C2Data-1342-Type3;48898.0000;DATA;1611608040.010546
/ndn/d4-site/d4/C2Data-2300-Type1;169187.0000;DATA;1611608040.520433
/ndn/s7-site/s7/C2Data-4478-Type2;24235.0000;DATA;1611608040.969452
/ndn/h11-site/h11/C2Data-671-Type3;48102.0000;DATA;1611608041.009463
/ndn/v10-site/v10/C2Data-3355-Type3;72530.0000;DATA;1611608042.905557
/ndn/h3-site/h3/C2Data-183-Type3;27012.0000;DATA;1611608043.388490
/ndn/h9-site/h9/C2Data-549-Type3;27641.0000;DATA;1611608046.008421
/ndn/d13-site/d13/C2Data-1708-Type3;55488.0000;DATA;1611608046.387446
/ndn/v12-site/v12/C2Data-3477-Type3;559.0000;NACK;1611608047.593422
/ndn/d11-site/d11/C2Data-1586-Type3;49943.0000;DATA;1611608047.651500
/ndn/h2-site/h2/C2Data-244-Type1;487.0000;NACK;1611608062.648515
/ndn/s12-site/s12/C2Data-5084-Type1;50665.0000;DATA;1611608063.347466
/ndn/s13-site/s13/C2Data-5205-Type2;23714.0000;DATA;1611608063.658512
/ndn/h12-site/h12/C2Data-1454-Type2;540.0000;NACK;1611608065.176505
/ndn/h11-site/h11/C2Data-1333-Type2;52326.0000;DATA;1611608065.205668
/ndn/h9-site/h9/C2Data-1091-Type2;27653.0000;DATA;1611608066.619413
/ndn/v12-site/v12/C2Data-6899-Type2;148059.0000;DATA;1611608068.674454
/ndn/d12-site/d12/C2Data-3269-Type2;23408.0000;DATA;1611608070.613437
/ndn/h1-site/h1/C2Data-123-Type1;50010.0000;DATA;1611608070.991510
/ndn/v8-site/v8/C2Data-6415-Type2;27504.0000;DATA;1611608071.694477
/ndn/d13-site/d13/C2Data-1709-Type3;172265.0000;DATA;1611608085.438455
/ndn/v5-site/v5/C2Data-3051-Type3;226400.0000;DATA;1611608087.322246
/ndn/s6-site/s6/C2Data-2197-Type3;660.0000;DATA;1611608087.849446
/ndn/s3-site/s3/C2Data-2014-Type3;543.0000;DATA;1611608087.852425
/ndn/s0-site/s0/C2Data-1831-Type3;507.0000;DATA;1611608090.669457
/ndn/d1-site/d1/C2Data-1939-Type2;490.0000;NACK;1611608090.774593
/ndn/h0-site/h0/C2Data-1-Type3;23680.0000;DATA;1611608091.245425
/ndn/s7-site/s7/C2Data-4480-Type1;215704.0000;DATA;1611608091.233566
/ndn/v10-site/v10/C2Data-3356-Type3;46556.0000;DATA;1611608092.324460
/ndn/d12-site/d12/C2Data-3270-Type1;99256.0000;DATA;1611608093.817490
/ndn/s8-site/s8/C2Data-2319-Type3;143940.0000;DATA;1611608094.189511
/ndn/v2-site/v2/C2Data-5690-Type2;23353.0000;DATA;1611608094.819573
/ndn/d9-site/d9/C2Data-1465-Type3;23794.0000;DATA;1611608095.628901
/ndn/v7-site/v7/C2Data-6295-Type1;97492.0000;DATA;1611608096.039488
/ndn/d6-site/d6/C2Data-1282-Type3;666.0000;DATA;1611608097.829695
/ndn/s9-site/s9/C2Data-4722-Type1;534.0000;DATA;1611608098.200417
/ndn/v2-site/v2/C2Data-2868-Type3;23762.0000;DATA;1611608098.361572
/ndn/s13-site/s13/C2Data-5206-Type1;654.0000;DATA;1611608098.499957
/ndn/d3-site/d3/C2Data-2181-Type2;619.0000;DATA;1611608098.894537
/ndn/d11-site/d11/C2Data-1587-Type3;24973.0000;DATA;1611608098.936504
/ndn/h4-site/h4/C2Data-487-Type2;24090.0000;DATA;1611608099.216427
/ndn/v11-site/v11/C2Data-3417-Type3;46593.0000;DATA;1611608099.234550
/ndn/s11-site/s11/C2Data-2502-Type3;24520.0000;DATA;1611608099.369451
/ndn/h12-site/h12/C2Data-1455-Type2;47941.0000;DATA;1611608099.541451
/ndn/h12-site/h12/C2Data-1455-Type1;92261.0000;DATA;1611608100.240553
/ndn/d8-site/d8/C2Data-1404-Type3;24076.0000;DATA;1611608100.789488
/ndn/v4-site/v4/C2Data-2990-Type3;25510.0000;DATA;1611608101.134480
/ndn/h10-site/h10/C2Data-250-Type4;74278.0000;DATA;1611608101.690455
/ndn/s9-site/s9/C2Data-2380-Type3;514.0000;DATA;1611608102.042492
/ndn/h5-site/h5/C2Data-306-Type3;519.0000;DATA;1611608102.212452
/ndn/v14-site/v14/C2Data-3600-Type3;24636.0000;DATA;1611608102.761483
/ndn/v8-site/v8/C2Data-3234-Type3;23510.0000;DATA;1611608106.016479
/ndn/v8-site/v8/C2Data-950-Type4;84218.0000;DATA;1611608111.696181
/ndn/v6-site/v6/C2Data-900-Type4;47444.0000;DATA;1611608114.041470
/ndn/v5-site/v5/C2Data-875-Type4;31018.0000;DATA;1611608115.545508
/ndn/v14-site/v14/C2Data-1100-Type4;29236.0000;DATA;1611608116.704290
/ndn/s0-site/s0/C2Data-3634-Type1;27187.0000;DATA;1611608120.262155
/ndn/d12-site/d12/C2Data-3271-Type2;99552.0000;DATA;1611608120.212453
/ndn/d7-site/d7/C2Data-550-Type4;25637.0000;DATA;1611608120.567505
/ndn/d0-site/d0/C2Data-1819-Type2;23711.0000;DATA;1611608121.944455
/ndn/d1-site/d1/C2Data-1940-Type2;495.0000;DATA;1611608126.404421
/ndn/s8-site/s8/C2Data-4602-Type1;52256.0000;DATA;1611608126.561135
/ndn/v7-site/v7/C2Data-6296-Type2;24388.0000;DATA;1611608127.684461
/ndn/h14-site/h14/C2Data-1698-Type1;170731.0000;DATA;1611608128.323503
/ndn/h4-site/h4/C2Data-488-Type2;23354.0000;DATA;1611608128.635439
/ndn/d9-site/d9/C2Data-2908-Type2;23970.0000;DATA;1611608128.987459
/ndn/d10-site/d10/C2Data-625-Type4;29940.0000;DATA;1611608136.179888
/ndn/d2-site/d2/C2Data-425-Type4;44190.0000;DATA;1611608142.584488
/ndn/h13-site/h13/C2Data-325-Type4;94724.0000;DATA;1611608144.862449
/ndn/d13-site/d13/C2Data-1710-Type3;96745.0000;DATA;1611608148.305405
/ndn/v7-site/v7/C2Data-925-Type4;24982.0000;DATA;1611608150.074524
/ndn/h5-site/h5/C2Data-610-Type1;52863.0000;DATA;1611608150.410484
/ndn/v1-site/v1/C2Data-5571-Type1;168022.0000;DATA;1611608150.478466
/ndn/h11-site/h11/C2Data-673-Type3;192647.0000;DATA;1611608150.803579
/ndn/h12-site/h12/C2Data-1457-Type1;215689.0000;DATA;1611608150.797479
/ndn/d14-site/d14/C2Data-725-Type4;47518.0000;DATA;1611608151.364455
/ndn/d8-site/d8/C2Data-1405-Type3;23429.0000;DATA;1611608152.032439
/ndn/d11-site/d11/C2Data-1588-Type3;46350.0000;DATA;1611608152.185413
/ndn/h6-site/h6/C2Data-368-Type3;24827.0000;DATA;1611608152.712432
/ndn/h10-site/h10/C2Data-1215-Type1;70216.0000;DATA;1611608153.479487
/ndn/v7-site/v7/C2Data-3174-Type3;23365.0000;DATA;1611608154.151468
/ndn/h11-site/h11/C2Data-1336-Type2;51699.0000;DATA;1611608154.286427
/ndn/v3-site/v3/C2Data-2930-Type3;708.0000;DATA;1611608154.760467
/ndn/d6-site/d6/C2Data-2546-Type1;721.0000;DATA;1611608156.109484
/ndn/s7-site/s7/C2Data-4482-Type1;50566.0000;DATA;1611608156.330445
/ndn/d5-site/d5/C2Data-2425-Type1;23509.0000;DATA;1611608156.484468
/ndn/s13-site/s13/C2Data-2625-Type3;886.0000;DATA;1611608156.997576
/ndn/s12-site/s12/C2Data-5087-Type2;25454.0000;DATA;1611608157.568469
/ndn/h9-site/h9/C2Data-1094-Type2;23432.0000;DATA;1611608158.209508
/ndn/d3-site/d3/C2Data-2183-Type2;444.0000;DATA;1611608159.280485
/ndn/h7-site/h7/C2Data-852-Type1;148274.0000;DATA;1611608159.666544
/ndn/v13-site/v13/C2Data-7023-Type2;642.0000;DATA;1611608161.248410
/ndn/s8-site/s8/C2Data-4603-Type2;142985.0000;DATA;1611608161.160433
/ndn/h1-site/h1/C2Data-126-Type1;141128.0000;DATA;1611608161.270434
/ndn/v11-site/v11/C2Data-3418-Type3;94391.0000;DATA;1611608161.374405
/ndn/d7-site/d7/C2Data-2667-Type1;49068.0000;DATA;1611608161.666418
/ndn/d0-site/d0/C2Data-917-Type3;25689.0000;DATA;1611608166.327481
/ndn/s4-site/s4/C2Data-2076-Type3;511.0000;DATA;1611608166.463405
/ndn/d2-site/d2/C2Data-1039-Type3;23564.0000;DATA;1611608166.448503
/ndn/s6-site/s6/C2Data-4362-Type2;72016.0000;DATA;1611608180.332485
/ndn/h11-site/h11/C2Data-1337-Type1;191164.0000;DATA;1611608180.829540
/ndn/d2-site/d2/C2Data-2063-Type2;121528.0000;DATA;1611608181.353505
/ndn/d12-site/d12/C2Data-3273-Type2;96396.0000;DATA;1611608182.430499
/ndn/s0-site/s0/C2Data-3636-Type2;23438.0000;DATA;1611608183.295429
/ndn/d4-site/d4/C2Data-2305-Type2;23926.0000;DATA;1611608185.537486
/ndn/d14-site/d14/C2Data-3515-Type2;46846.0000;DATA;1611608187.167704
/ndn/d11-site/d11/C2Data-3152-Type2;98666.0000;DATA;1611608188.358565
/ndn/s1-site/s1/C2Data-3757-Type1;23738.0000;DATA;1611608189.059496
/ndn/s1-site/s1/C2Data-3757-Type2;27723.0000;DATA;1611608189.310491
/ndn/h2-site/h2/C2Data-248-Type2;50489.0000;DATA;1611608189.879448
/ndn/h5-site/h5/C2Data-611-Type2;505.0000;DATA;1611608190.866464
/ndn/v2-site/v2/C2Data-5693-Type1;47528.0000;DATA;1611608191.334715
/ndn/v9-site/v9/C2Data-6540-Type2;613.0000;DATA;1611608191.819567
/ndn/v1-site/v1/C2Data-2809-Type3;173791.0000;DATA;1611608204.133415
/ndn/s14-site/s14/C2Data-2687-Type3;183320.0000;DATA;1611608206.506627
/ndn/s5-site/s5/C2Data-2138-Type3;79178.0000;DATA;1611608207.357499
/ndn/h0-site/h0/C2Data-7-Type1;122468.0000;DATA;1611608210.042481
/ndn/s8-site/s8/C2Data-4605-Type2;140013.0000;DATA;1611608211.277424
/ndn/v11-site/v11/C2Data-6783-Type1;166547.0000;DATA;1611608211.893461
/ndn/v0-site/v0/C2Data-5452-Type2;549.0000;DATA;1611608212.186497
/ndn/s13-site/s13/C2Data-5210-Type2;23561.0000;DATA;1611608213.157690
/ndn/v13-site/v13/C2Data-7025-Type2;48784.0000;DATA;1611608214.053508
/ndn/h5-site/h5/C2Data-612-Type2;28719.0000;DATA;1611608214.266430
/ndn/h5-site/h5/C2Data-612-Type1;24046.0000;DATA;1611608214.745423
/ndn/h2-site/h2/C2Data-249-Type2;25746.0000;DATA;1611608215.189422
/ndn/s3-site/s3/C2Data-4000-Type2;26635.0000;DATA;1611608215.801543
