/ndn/v10-site/v10/C2Data-6655-Type2;120929.0000;DATA;1611606832.315144
/ndn/v6-site/v6/C2Data-6171-Type2;25108.0000;NACK;1611606832.749150
/ndn/s1-site/s1/C2Data-3751-Type2;237488.0000;DATA;1611606833.119256
/ndn/d4-site/d4/C2Data-2299-Type1;24218.0000;DATA;1611606834.595245
/ndn/h4-site/h4/C2Data-484-Type2;167750.0000;DATA;1611606836.048292
/ndn/v3-site/v3/C2Data-5808-Type2;98472.0000;DATA;1611606838.279253
/ndn/s7-site/s7/C2Data-4477-Type2;48079.0000;DATA;1611606839.617206
/ndn/v11-site/v11/C2Data-6776-Type1;27381.0000;DATA;1611606840.021269
/ndn/s1-site/s1/C2Data-3751-Type1;248265.0000;DATA;1611606839.976153
/ndn/v2-site/v2/C2Data-5687-Type1;141799.0000;DATA;1611606841.702315
/ndn/v8-site/v8/C2Data-6413-Type1;469.0000;NACK;1611606842.452225
/ndn/v5-site/v5/C2Data-6050-Type1;195860.0000;DATA;1611606843.171270
/ndn/v0-site/v0/C2Data-5445-Type1;204366.0000;DATA;1611606844.071274
/ndn/d2-site/d2/C2Data-1037-Type3;50340.0000;DATA;1611606857.541182
/ndn/s9-site/s9/C2Data-2379-Type3;92598.0000;DATA;1611606858.022269
/ndn/v8-site/v8/C2Data-3233-Type3;410.0000;NACK;1611606859.599201
/ndn/v2-site/v2/C2Data-2867-Type3;147320.0000;DATA;1611606859.538257
/ndn/v3-site/v3/C2Data-2928-Type3;98545.0000;DATA;1611606859.596262
/ndn/h13-site/h13/C2Data-793-Type3;69940.0000;DATA;1611606862.188164
/ndn/s0-site/s0/C2Data-1830-Type3;188357.0000;DATA;1611606862.712185
/ndn/h4-site/h4/C2Data-485-Type2;166708.0000;DATA;1611606862.897265
/ndn/s8-site/s8/C2Data-4599-Type1;14362.0000;DATA;1611606863.622286
/ndn/s14-site/s14/C2Data-5325-Type1;23870.0000;DATA;1611606864.332229
/ndn/s7-site/s7/C2Data-4478-Type2;47481.0000;DATA;1611606864.646144
/ndn/d7-site/d7/C2Data-2663-Type1;117430.0000;DATA;1611606865.248977
/ndn/v14-site/v14/C2Data-7140-Type2;97804.0000;DATA;1611606865.535227
/ndn/d1-site/d1/C2Data-1937-Type1;92225.0000;DATA;1611606865.944285
/ndn/h5-site/h5/C2Data-606-Type2;118391.0000;DATA;1611606867.071175
/ndn/s10-site/s10/C2Data-4841-Type1;99988.0000;DATA;1611606868.519141
/ndn/h12-site/h12/C2Data-732-Type3;115615.0000;DATA;1611606869.419282
/ndn/v13-site/v13/C2Data-3538-Type3;72525.0000;DATA;1611606870.238296
/ndn/v6-site/v6/C2Data-6172-Type2;22554.0000;NACK;1611606870.310289
/ndn/s14-site/s14/C2Data-2684-Type3;24189.0000;DATA;1611606870.349272
/ndn/v12-site/v12/C2Data-6898-Type2;165923.0000;DATA;1611606870.408192
/ndn/s2-site/s2/C2Data-3873-Type1;50200.0000;DATA;1611606871.595286
/ndn/s13-site/s13/C2Data-5204-Type2;233376.0000;DATA;1611606871.705292
/ndn/h3-site/h3/C2Data-364-Type2;141559.0000;DATA;1611606871.845264
/ndn/d2-site/d2/C2Data-2058-Type2;47803.0000;DATA;1611606871.984156
/ndn/h4-site/h4/C2Data-244-Type3;169077.0000;DATA;1611606872.766311
/ndn/h10-site/h10/C2Data-1211-Type2;172738.0000;DATA;1611606873.193194
/ndn/s2-site/s2/C2Data-3873-Type2;47553.0000;DATA;1611606873.650251
/ndn/d9-site/d9/C2Data-1464-Type3;151439.0000;DATA;1611606875.541164
/ndn/h10-site/h10/C2Data-610-Type3;134410.0000;DATA;1611606876.195171
/ndn/s12-site/s12/C2Data-5084-Type1;213702.0000;DATA;1611606892.331253
/ndn/v8-site/v8/C2Data-6415-Type1;190314.0000;DATA;1611606893.405632
/ndn/d1-site/d1/C2Data-1938-Type1;95454.0000;DATA;1611606896.611230
/ndn/d8-site/d8/C2Data-2785-Type2;72955.0000;DATA;1611606896.956298
/ndn/v13-site/v13/C2Data-7020-Type2;71088.0000;DATA;1611606896.995197
/ndn/v6-site/v6/C2Data-6173-Type1;22034.0000;NACK;1611606897.535274
/ndn/s0-site/s0/C2Data-3632-Type2;193984.0000;DATA;1611606899.070224
/ndn/v4-site/v4/C2Data-5931-Type1;186848.0000;DATA;1611606900.597191
/ndn/h11-site/h11/C2Data-1333-Type1;24433.0000;DATA;1611606901.091213
/ndn/d7-site/d7/C2Data-2664-Type2;120863.0000;DATA;1611606902.239257
/ndn/h8-site/h8/C2Data-970-Type1;164541.0000;DATA;1611606902.201263
/ndn/s11-site/s11/C2Data-2502-Type3;217981.0000;DATA;1611606917.076318
/ndn/s12-site/s12/C2Data-2563-Type3;132972.0000;DATA;1611606920.740242
/ndn/h14-site/h14/C2Data-1697-Type1;70718.0000;DATA;1611606923.858245
/ndn/d0-site/d0/C2Data-916-Type3;72655.0000;DATA;1611606924.562194
/ndn/d0-site/d0/C2Data-1818-Type2;72223.0000;DATA;1611606925.598279
/ndn/s8-site/s8/C2Data-4601-Type2;51141.0000;DATA;1611606925.828257
/ndn/s7-site/s7/C2Data-2258-Type3;6001082.0000;TIMEOUT;1611606920.041264
/ndn/v7-site/v7/C2Data-6295-Type1;143947.0000;DATA;1611606925.967187
/ndn/h11-site/h11/C2Data-1334-Type1;24980.0000;DATA;1611606928.438194
/ndn/v2-site/v2/C2Data-2868-Type3;145124.0000;DATA;1611606930.405237
/ndn/h9-site/h9/C2Data-550-Type3;153421.0000;DATA;1611606930.959234
/ndn/h4-site/h4/C2Data-487-Type2;162903.0000;DATA;1611606931.322249
/ndn/d2-site/d2/C2Data-2060-Type1;50777.0000;DATA;1611606931.480218
/ndn/v8-site/v8/C2Data-3234-Type3;183868.0000;DATA;1611606932.498265
/ndn/h9-site/h9/C2Data-1092-Type2;143801.0000;DATA;1611606933.012177
/ndn/h0-site/h0/C2Data-0-Type4;197594.0000;DATA;1611606934.743237
/ndn/h8-site/h8/C2Data-200-Type4;196652.0000;DATA;1611606941.393214
/ndn/v6-site/v6/C2Data-900-Type4;21773.0000;NACK;1611606944.780208
/ndn/d4-site/d4/C2Data-475-Type4;23826.0000;DATA;1611606945.369237
/ndn/d0-site/d0/C2Data-1819-Type1;69629.0000;DATA;1611606954.163215
/ndn/d12-site/d12/C2Data-3271-Type1;99079.0000;DATA;1611606957.071228
/ndn/d2-site/d2/C2Data-2061-Type1;48536.0000;DATA;1611606958.634149
/ndn/v1-site/v1/C2Data-5570-Type1;213493.0000;DATA;1611606959.311239
/ndn/v4-site/v4/C2Data-5933-Type1;191237.0000;DATA;1611606963.515292
/ndn/d9-site/d9/C2Data-2908-Type1;144813.0000;DATA;1611606963.872249
/ndn/v4-site/v4/C2Data-850-Type4;212691.0000;DATA;1611606964.235167
/ndn/s13-site/s13/C2Data-5207-Type1;6000374.0000;TIMEOUT;1611606960.708254
/ndn/s10-site/s10/C2Data-4844-Type1;6003005.0000;TIMEOUT;1611606961.218228
/ndn/s6-site/s6/C2Data-4360-Type1;6000440.0000;TIMEOUT;1611606961.818261
/ndn/s0-site/s0/C2Data-3634-Type2;6000360.0000;TIMEOUT;1611606963.188203
/ndn/d9-site/d9/C2Data-600-Type4;171452.0000;DATA;1611606973.848258
/ndn/h2-site/h2/C2Data-50-Type4;150451.0000;DATA;1611606975.059642
/ndn/v2-site/v2/C2Data-800-Type4;139401.0000;DATA;1611606975.749421
/ndn/v4-site/v4/C2Data-2991-Type3;196022.0000;DATA;1611606977.201245
/ndn/v13-site/v13/C2Data-3540-Type3;69805.0000;DATA;1611606979.112280
/ndn/v0-site/v0/C2Data-750-Type4;199634.0000;DATA;1611606980.648158
/ndn/d9-site/d9/C2Data-1466-Type3;155884.0000;DATA;1611606981.272203
/ndn/d7-site/d7/C2Data-1344-Type3;132487.0000;DATA;1611606981.853236
/ndn/v13-site/v13/C2Data-7023-Type2;71964.0000;DATA;1611606983.280213
/ndn/v11-site/v11/C2Data-6781-Type2;23505.0000;DATA;1611606984.430248
/ndn/d11-site/d11/C2Data-1588-Type3;119425.0000;DATA;1611606984.952206
/ndn/d4-site/d4/C2Data-2304-Type2;23909.0000;DATA;1611606987.525246
/ndn/v9-site/v9/C2Data-6539-Type1;190656.0000;DATA;1611606988.309281
/ndn/s2-site/s2/C2Data-3877-Type1;6000744.0000;TIMEOUT;1611606983.122220
/ndn/v12-site/v12/C2Data-6902-Type2;169442.0000;DATA;1611606989.588238
/ndn/v14-site/v14/C2Data-7144-Type2;94124.0000;DATA;1611606990.900235
/ndn/v0-site/v0/C2Data-2747-Type3;188305.0000;DATA;1611606990.902851
/ndn/v5-site/v5/C2Data-3052-Type3;190777.0000;DATA;1611606991.300887
/ndn/s12-site/s12/C2Data-2564-Type3;6000667.0000;TIMEOUT;1611606985.910240
/ndn/s14-site/s14/C2Data-5329-Type2;6004077.0000;TIMEOUT;1611606986.430237
/ndn/v11-site/v11/C2Data-3418-Type3;24869.0000;DATA;1611606992.714972
/ndn/h11-site/h11/C2Data-673-Type3;24261.0000;DATA;1611606992.975248
/ndn/v3-site/v3/C2Data-5813-Type2;96283.0000;DATA;1611606993.060922
/ndn/h8-site/h8/C2Data-973-Type2;163051.0000;DATA;1611606993.432249
/ndn/d11-site/d11/C2Data-3151-Type2;120147.0000;DATA;1611606993.512223
/ndn/v2-site/v2/C2Data-5692-Type2;143218.0000;DATA;1611606993.643218
/ndn/s12-site/s12/C2Data-5087-Type1;6000800.0000;TIMEOUT;1611606989.168188
/ndn/v3-site/v3/C2Data-2930-Type3;96412.0000;DATA;1611606998.839230
/ndn/s11-site/s11/C2Data-2503-Type3;6007156.0000;TIMEOUT;1611606996.062945
/ndn/v6-site/v6/C2Data-6177-Type2;20934.0000;NACK;1611607012.708267
/ndn/v8-site/v8/C2Data-6419-Type1;193864.0000;DATA;1611607013.336192
/ndn/v11-site/v11/C2Data-6782-Type1;25974.0000;DATA;1611607015.487558
/ndn/d0-site/d0/C2Data-1821-Type1;72663.0000;DATA;1611607016.595247
/ndn/h13-site/h13/C2Data-1579-Type2;72388.0000;DATA;1611607017.378225
/ndn/s12-site/s12/C2Data-5088-Type1;6000438.0000;TIMEOUT;1611607016.688219
/ndn/h0-site/h0/C2Data-6-Type1;191835.0000;DATA;1611607024.191189
/ndn/h12-site/h12/C2Data-735-Type3;115519.0000;DATA;1611607039.632275
/ndn/d5-site/d5/C2Data-1223-Type3;147569.0000;DATA;1611607040.008285
/ndn/h5-site/h5/C2Data-308-Type3;115399.0000;DATA;1611607042.119272
/ndn/d1-site/d1/C2Data-979-Type3;99359.0000;DATA;1611607042.215239
/ndn/s5-site/s5/C2Data-2138-Type3;6000666.0000;TIMEOUT;1611607036.533308
/ndn/v14-site/v14/C2Data-3602-Type3;101575.0000;DATA;1611607045.068146
/ndn/v0-site/v0/C2Data-2748-Type3;188552.0000;DATA;1611607046.304284
/ndn/v7-site/v7/C2Data-6299-Type2;139169.0000;DATA;1611607047.902219
