/ndn/s2-site/s2/C2Data-3872-Type2;121131.0000;DATA;1611606254.159422
/ndn/h14-site/h14/C2Data-1694-Type2;180355.0000;DATA;1611606254.286775
/ndn/d9-site/d9/C2Data-2904-Type1;96563.0000;DATA;1611606260.219515
/ndn/d7-site/d7/C2Data-2662-Type2;120015.0000;DATA;1611606260.805740
/ndn/h11-site/h11/C2Data-1331-Type2;188552.0000;DATA;1611606263.591804
/ndn/d2-site/d2/C2Data-2057-Type1;187770.0000;DATA;1611606263.644683
/ndn/d11-site/d11/C2Data-3146-Type1;188331.0000;DATA;1611606263.800798
/ndn/d13-site/d13/C2Data-3388-Type2;167822.0000;DATA;1611606264.038774
/ndn/d4-site/d4/C2Data-2299-Type1;202792.0000;DATA;1611606265.275821
/ndn/s4-site/s4/C2Data-2074-Type3;246694.0000;DATA;1611606283.016012
/ndn/s14-site/s14/C2Data-2684-Type3;191071.0000;DATA;1611606283.630739
/ndn/v10-site/v10/C2Data-6656-Type1;138716.0000;DATA;1611606284.138700
/ndn/d8-site/d8/C2Data-2784-Type2;195858.0000;DATA;1611606284.484807
/ndn/d13-site/d13/C2Data-3389-Type2;165153.0000;DATA;1611606284.546835
/ndn/h1-site/h1/C2Data-122-Type2;175065.0000;DATA;1611606286.326699
/ndn/h10-site/h10/C2Data-1211-Type1;163187.0000;DATA;1611606286.780817
/ndn/d5-site/d5/C2Data-1220-Type3;23870.0000;DATA;1611606287.289761
/ndn/v4-site/v4/C2Data-2989-Type3;259192.0000;DATA;1611606287.092820
/ndn/h2-site/h2/C2Data-122-Type3;219310.0000;DATA;1611606287.397772
/ndn/s10-site/s10/C2Data-4841-Type1;188152.0000;DATA;1611606287.842723
/ndn/v8-site/v8/C2Data-3233-Type3;73040.0000;DATA;1611606289.213833
/ndn/h14-site/h14/C2Data-1695-Type2;171861.0000;DATA;1611606289.450771
/ndn/d13-site/d13/C2Data-1708-Type3;159891.0000;DATA;1611606289.934696
/ndn/h4-site/h4/C2Data-485-Type2;24332.0000;DATA;1611606290.158754
/ndn/h3-site/h3/C2Data-364-Type2;219240.0000;DATA;1611606290.714798
/ndn/h8-site/h8/C2Data-969-Type2;97258.0000;DATA;1611606290.907823
/ndn/s13-site/s13/C2Data-2623-Type3;70909.0000;DATA;1611606291.074746
/ndn/v7-site/v7/C2Data-6293-Type2;212698.0000;DATA;1611606291.229278
/ndn/s5-site/s5/C2Data-2135-Type3;138754.0000;DATA;1611606291.420803
/ndn/d0-site/d0/C2Data-915-Type3;165127.0000;DATA;1611606291.428775
/ndn/h3-site/h3/C2Data-183-Type3;218901.0000;DATA;1611606293.351786
/ndn/v6-site/v6/C2Data-6172-Type1;144317.0000;DATA;1611606294.286752
/ndn/v5-site/v5/C2Data-6051-Type1;261672.0000;DATA;1611606295.636690
/ndn/h11-site/h11/C2Data-671-Type3;187456.0000;DATA;1611606296.949832
/ndn/h12-site/h12/C2Data-732-Type3;231619.0000;DATA;1611606299.130705
/ndn/v11-site/v11/C2Data-3416-Type3;182032.0000;DATA;1611606301.024562
/ndn/v12-site/v12/C2Data-6899-Type1;239709.0000;DATA;1611606315.373772
/ndn/h14-site/h14/C2Data-1696-Type2;173885.0000;DATA;1611606315.466695
/ndn/s10-site/s10/C2Data-4842-Type1;201145.0000;DATA;1611606316.405765
/ndn/d6-site/d6/C2Data-2543-Type1;57285.0000;DATA;1611606316.986822
/ndn/v14-site/v14/C2Data-7141-Type1;73529.0000;DATA;1611606317.311731
/ndn/h0-site/h0/C2Data-2-Type1;71508.0000;DATA;1611606317.942791
/ndn/s12-site/s12/C2Data-5084-Type2;52718.0000;DATA;1611606318.026841
/ndn/d12-site/d12/C2Data-3269-Type2;164661.0000;DATA;1611606318.393771
/ndn/d6-site/d6/C2Data-2543-Type2;144963.0000;DATA;1611606320.991749
/ndn/v2-site/v2/C2Data-5689-Type2;142944.0000;DATA;1611606321.243735
/ndn/v11-site/v11/C2Data-6778-Type2;160934.0000;DATA;1611606321.244744
/ndn/s4-site/s4/C2Data-4116-Type1;220797.0000;DATA;1611606321.811697
/ndn/s13-site/s13/C2Data-5205-Type2;6000353.0000;TIMEOUT;1611606316.120747
/ndn/d11-site/d11/C2Data-3148-Type2;189300.0000;DATA;1611606322.493687
/ndn/d8-site/d8/C2Data-2785-Type2;194306.0000;DATA;1611606322.995820
/ndn/h6-site/h6/C2Data-728-Type2;46900.0000;DATA;1611606323.351784
/ndn/d5-site/d5/C2Data-2422-Type1;26209.0000;DATA;1611606323.655016
/ndn/d12-site/d12/C2Data-1648-Type3;172506.0000;DATA;1611606338.592697
/ndn/s11-site/s11/C2Data-2502-Type3;46485.0000;DATA;1611606339.530745
/ndn/s9-site/s9/C2Data-2380-Type3;76057.0000;DATA;1611606340.130893
/ndn/h3-site/h3/C2Data-184-Type3;263327.0000;DATA;1611606340.741730
/ndn/d6-site/d6/C2Data-1282-Type3;141515.0000;DATA;1611606341.179930
/ndn/v12-site/v12/C2Data-3478-Type3;260784.0000;DATA;1611606342.370778
/ndn/v13-site/v13/C2Data-7021-Type1;126444.0000;DATA;1611606346.175759
/ndn/h4-site/h4/C2Data-487-Type1;24028.0000;DATA;1611606347.927733
/ndn/h8-site/h8/C2Data-489-Type3;92520.0000;DATA;1611606348.648719
/ndn/d1-site/d1/C2Data-1939-Type1;187520.0000;DATA;1611606349.702486
/ndn/s2-site/s2/C2Data-3875-Type2;6000608.0000;TIMEOUT;1611606344.184723
/ndn/d1-site/d1/C2Data-1939-Type2;194984.0000;DATA;1611606350.039738
/ndn/s14-site/s14/C2Data-5327-Type2;6000348.0000;TIMEOUT;1611606344.871829
/ndn/v9-site/v9/C2Data-6537-Type2;23986.0000;DATA;1611606350.997820
/ndn/v2-site/v2/C2Data-800-Type4;160014.0000;DATA;1611606351.023749
/ndn/h1-site/h1/C2Data-124-Type1;163878.0000;DATA;1611606351.456791
/ndn/h6-site/h6/C2Data-729-Type1;49837.0000;DATA;1611606354.082684
/ndn/s2-site/s2/C2Data-3875-Type1;6000254.0000;TIMEOUT;1611606348.835742
/ndn/v14-site/v14/C2Data-3600-Type3;69435.0000;DATA;1611606355.472691
/ndn/d11-site/d11/C2Data-1587-Type3;201653.0000;DATA;1611606355.701725
/ndn/h9-site/h9/C2Data-550-Type3;72189.0000;DATA;1611606356.979797
/ndn/v11-site/v11/C2Data-3417-Type3;170942.0000;DATA;1611606357.483741
/ndn/d0-site/d0/C2Data-916-Type3;161074.0000;DATA;1611606357.750757
/ndn/v5-site/v5/C2Data-3051-Type3;263336.0000;DATA;1611606360.281764
/ndn/h2-site/h2/C2Data-123-Type3;229199.0000;DATA;1611606360.677761
/ndn/v6-site/v6/C2Data-900-Type4;150400.0000;DATA;1611606362.085802
/ndn/v14-site/v14/C2Data-1100-Type4;78801.0000;DATA;1611606362.685690
/ndn/h1-site/h1/C2Data-25-Type4;179741.0000;DATA;1611606362.701732
/ndn/h14-site/h14/C2Data-350-Type4;168384.0000;DATA;1611606365.244969
/ndn/d0-site/d0/C2Data-375-Type4;202745.0000;DATA;1611606368.750038
/ndn/v5-site/v5/C2Data-875-Type4;292324.0000;DATA;1611606373.563918
/ndn/d8-site/d8/C2Data-2787-Type2;201537.0000;DATA;1611606375.035710
/ndn/v7-site/v7/C2Data-6296-Type2;220681.0000;DATA;1611606375.388793
/ndn/v1-site/v1/C2Data-5570-Type1;243381.0000;DATA;1611606376.757715
/ndn/d8-site/d8/C2Data-2787-Type1;196760.0000;DATA;1611606377.182830
/ndn/v12-site/v12/C2Data-6901-Type1;257010.0000;DATA;1611606377.868717
/ndn/d0-site/d0/C2Data-1819-Type2;172772.0000;DATA;1611606380.814785
/ndn/s0-site/s0/C2Data-3634-Type2;6000868.0000;TIMEOUT;1611606375.850785
/ndn/h9-site/h9/C2Data-1093-Type1;70779.0000;DATA;1611606382.037788
/ndn/h11-site/h11/C2Data-1335-Type1;195223.0000;DATA;1611606382.548724
/ndn/s12-site/s12/C2Data-5086-Type2;6000347.0000;TIMEOUT;1611606377.731704
/ndn/v13-site/v13/C2Data-7022-Type2;116730.0000;DATA;1611606383.822796
/ndn/h13-site/h13/C2Data-1577-Type2;95489.0000;DATA;1611606384.815767
/ndn/v11-site/v11/C2Data-6780-Type1;169320.0000;DATA;1611606385.649776
/ndn/s5-site/s5/C2Data-4239-Type1;6001167.0000;TIMEOUT;1611606380.138915
/ndn/s14-site/s14/C2Data-5328-Type1;6000574.0000;TIMEOUT;1611606381.159758
/ndn/d6-site/d6/C2Data-525-Type4;168249.0000;DATA;1611606387.389605
/ndn/s2-site/s2/C2Data-3876-Type1;6000465.0000;TIMEOUT;1611606381.917774
/ndn/s4-site/s4/C2Data-4118-Type1;6000404.0000;TIMEOUT;1611606382.113772
/ndn/v13-site/v13/C2Data-1075-Type4;120084.0000;DATA;1611606389.640755
/ndn/h2-site/h2/C2Data-50-Type4;234517.0000;DATA;1611606390.657698
/ndn/s13-site/s13/C2Data-5207-Type2;6000402.0000;TIMEOUT;1611606385.367800
/ndn/h4-site/h4/C2Data-100-Type4;25529.0000;DATA;1611606394.836850
/ndn/d9-site/d9/C2Data-600-Type4;98570.0000;DATA;1611606399.430811
/ndn/v10-site/v10/C2Data-1000-Type4;142319.0000;DATA;1611606400.630744
/ndn/v11-site/v11/C2Data-3418-Type3;170929.0000;DATA;1611606401.910746
/ndn/v14-site/v14/C2Data-3601-Type3;69679.0000;DATA;1611606402.272768
/ndn/h1-site/h1/C2Data-63-Type3;161987.0000;DATA;1611606405.156714
/ndn/s0-site/s0/C2Data-1832-Type3;6000647.0000;TIMEOUT;1611606399.514779
/ndn/v4-site/v4/C2Data-5934-Type1;262739.0000;DATA;1611606405.580718
/ndn/v5-site/v5/C2Data-6055-Type2;261598.0000;DATA;1611606406.065741
/ndn/d11-site/d11/C2Data-1588-Type3;197943.0000;DATA;1611606406.495710
/ndn/d4-site/d4/C2Data-2304-Type1;197263.0000;DATA;1611606406.827694
/ndn/v11-site/v11/C2Data-6781-Type2;167618.0000;DATA;1611606406.867373
/ndn/v7-site/v7/C2Data-6297-Type2;213433.0000;DATA;1611606408.352721
/ndn/v12-site/v12/C2Data-1050-Type4;240248.0000;DATA;1611606408.376753
/ndn/d6-site/d6/C2Data-1283-Type3;141609.0000;DATA;1611606409.765732
/ndn/h1-site/h1/C2Data-126-Type2;164613.0000;DATA;1611606410.290698
/ndn/v12-site/v12/C2Data-3479-Type3;244948.0000;DATA;1611606411.048795
/ndn/d3-site/d3/C2Data-1100-Type3;141673.0000;DATA;1611606411.895815
/ndn/v5-site/v5/C2Data-6055-Type1;266123.0000;DATA;1611606411.780722
/ndn/d9-site/d9/C2Data-1466-Type3;95553.0000;DATA;1611606412.313781
/ndn/h13-site/h13/C2Data-795-Type3;99232.0000;DATA;1611606412.367784
/ndn/v0-site/v0/C2Data-2747-Type3;141625.0000;DATA;1611606412.534701
/ndn/s5-site/s5/C2Data-2137-Type3;6000665.0000;TIMEOUT;1611606406.988713
/ndn/v6-site/v6/C2Data-3113-Type3;139773.0000;DATA;1611606412.868825
/ndn/h8-site/h8/C2Data-973-Type1;94131.0000;DATA;1611606413.248765
/ndn/d9-site/d9/C2Data-2909-Type2;97298.0000;DATA;1611606413.515819
/ndn/s9-site/s9/C2Data-4724-Type2;6000266.0000;TIMEOUT;1611606408.073709
/ndn/h5-site/h5/C2Data-307-Type3;47371.0000;DATA;1611606414.154808
/ndn/s12-site/s12/C2Data-5087-Type2;6000226.0000;TIMEOUT;1611606410.091777
/ndn/s3-site/s3/C2Data-3998-Type1;6000922.0000;TIMEOUT;1611606410.168706
/ndn/d8-site/d8/C2Data-1405-Type3;216165.0000;DATA;1611606417.547927
/ndn/h10-site/h10/C2Data-612-Type3;168101.0000;DATA;1611606417.758735
/ndn/v14-site/v14/C2Data-7145-Type2;69662.0000;DATA;1611606434.848747
/ndn/d13-site/d13/C2Data-3394-Type1;164700.0000;DATA;1611606435.075829
/ndn/v4-site/v4/C2Data-5935-Type1;231749.0000;DATA;1611606435.716777
/ndn/h2-site/h2/C2Data-248-Type1;217720.0000;DATA;1611606435.983732
/ndn/h7-site/h7/C2Data-853-Type2;101126.0000;DATA;1611606437.154763
/ndn/v9-site/v9/C2Data-6540-Type1;24252.0000;DATA;1611606439.214804
/ndn/d9-site/d9/C2Data-2910-Type1;95444.0000;DATA;1611606439.626762
/ndn/v0-site/v0/C2Data-5451-Type1;141177.0000;DATA;1611606440.284767
/ndn/h3-site/h3/C2Data-369-Type2;221147.0000;DATA;1611606440.484697
/ndn/h9-site/h9/C2Data-1095-Type2;79845.0000;DATA;1611606444.018762
/ndn/h13-site/h13/C2Data-1579-Type2;98439.0000;DATA;1611606444.758691
/ndn/s10-site/s10/C2Data-4846-Type1;6000289.0000;TIMEOUT;1611606444.767773
/ndn/d1-site/d1/C2Data-979-Type3;206032.0000;DATA;1611606458.860780
/ndn/v9-site/v9/C2Data-3297-Type3;23593.0000;DATA;1611606460.975778
/ndn/d7-site/d7/C2Data-1345-Type3;116954.0000;DATA;1611606461.162988
/ndn/h8-site/h8/C2Data-491-Type3;101293.0000;DATA;1611606461.811769
/ndn/v7-site/v7/C2Data-3175-Type3;214659.0000;DATA;1611606464.564724
/ndn/v5-site/v5/C2Data-6057-Type1;261936.0000;DATA;1611606465.384762
/ndn/h9-site/h9/C2Data-1096-Type1;72970.0000;DATA;1611606466.586758
/ndn/s0-site/s0/C2Data-1833-Type3;6004615.0000;TIMEOUT;1611606461.545757
/ndn/v0-site/v0/C2Data-5452-Type1;147484.0000;DATA;1611606469.936544
