/ndn/d9-site/d9/C2Data-2299-Type1;27256.0000;DATA;1612714527.919445
/ndn/h2-site/h2/C2Data-242-Type2;172605.0000;DATA;1612714528.041265
/ndn/s0-site/s0/C2Data-2420-Type1;147912.0000;DATA;1612714528.646395
/ndn/d2-site/d2/C2Data-1452-Type2;30059.0000;DATA;1612714528.914082
/ndn/v6-site/v6/C2Data-4356-Type2;26092.0000;DATA;1612714532.260961
/ndn/d1-site/d1/C2Data-1331-Type1;132651.0000;DATA;1612714532.436876
/ndn/h0-site/h0/C2Data-0-Type1;29560.0000;DATA;1612714534.273951
/ndn/h9-site/h9/C2Data-549-Type3;51552.0000;DATA;1612714549.686618
/ndn/s6-site/s6/C2Data-1586-Type3;29373.0000;DATA;1612714550.693302
/ndn/d5-site/d5/C2Data-915-Type3;33944.0000;DATA;1612714550.708460
/ndn/h8-site/h8/C2Data-488-Type3;133987.0000;DATA;1612714550.815093
/ndn/v6-site/v6/C2Data-4357-Type2;172767.0000;DATA;1612714557.647528
/ndn/s5-site/s5/C2Data-1525-Type3;184431.0000;DATA;1612714559.002373
/ndn/d4-site/d4/C2Data-1695-Type2;48331.0000;DATA;1612714559.772714
/ndn/v3-site/v3/C2Data-3994-Type1;56337.0000;DATA;1612714560.263836
/ndn/s8-site/s8/C2Data-1708-Type3;102484.0000;DATA;1612714560.613513
/ndn/s0-site/s0/C2Data-2421-Type2;149410.0000;DATA;1612714560.987865
/ndn/d3-site/d3/C2Data-1574-Type2;27368.0000;DATA;1612714562.092538
/ndn/s9-site/s9/C2Data-3510-Type2;75204.0000;DATA;1612714564.181026
/ndn/s3-site/s3/C2Data-1403-Type3;49339.0000;DATA;1612714564.697106
/ndn/v7-site/v7/C2Data-2257-Type3;1827.0000;DATA;1612714564.771764
/ndn/s4-site/s4/C2Data-1464-Type3;981.0000;DATA;1612714564.940327
/ndn/d4-site/d4/C2Data-1695-Type1;73599.0000;DATA;1612714565.410039
/ndn/d5-site/d5/C2Data-1816-Type1;26687.0000;DATA;1612714566.437219
/ndn/d2-site/d2/C2Data-732-Type3;30015.0000;DATA;1612714567.129070
/ndn/v5-site/v5/C2Data-2135-Type3;94445.0000;DATA;1612714570.526522
/ndn/d8-site/d8/C2Data-2180-Type1;25358.0000;DATA;1612714585.711385
/ndn/s5-site/s5/C2Data-3027-Type1;180926.0000;DATA;1612714585.630028
/ndn/v4-site/v4/C2Data-4116-Type1;364188.0000;DATA;1612714590.084117
/ndn/s5-site/s5/C2Data-3027-Type2;188641.0000;DATA;1612714590.480593
/ndn/h6-site/h6/C2Data-728-Type1;181097.0000;DATA;1612714591.024908
/ndn/h9-site/h9/C2Data-1091-Type2;51048.0000;DATA;1612714591.417090
/ndn/s7-site/s7/C2Data-3269-Type2;51015.0000;DATA;1612714591.661901
/ndn/v3-site/v3/C2Data-3995-Type2;55718.0000;DATA;1612714592.100985
/ndn/s1-site/s1/C2Data-2543-Type2;207083.0000;DATA;1612714593.024787
/ndn/v7-site/v7/C2Data-4479-Type1;27370.0000;DATA;1612714593.417227
/ndn/s0-site/s0/C2Data-2422-Type2;924.0000;DATA;1612714593.576796
/ndn/s3-site/s3/C2Data-2785-Type1;48256.0000;DATA;1612714593.700285
/ndn/d0-site/d0/C2Data-1212-Type2;256648.0000;DATA;1612714595.563162
/ndn/h2-site/h2/C2Data-244-Type1;155870.0000;DATA;1612714596.261536
/ndn/s1-site/s1/C2Data-1282-Type3;207305.0000;DATA;1612714609.933460
/ndn/d1-site/d1/C2Data-1334-Type2;110800.0000;DATA;1612714615.897423
/ndn/d5-site/d5/C2Data-916-Type3;3162.0000;DATA;1612714616.843079
/ndn/v8-site/v8/C2Data-4601-Type2;160031.0000;DATA;1612714617.034093
/ndn/h8-site/h8/C2Data-489-Type3;181494.0000;DATA;1612714617.699972
/ndn/h7-site/h7/C2Data-850-Type1;76694.0000;DATA;1612714618.236511
/ndn/d2-site/d2/C2Data-1455-Type1;40235.0000;DATA;1612714620.906275
/ndn/h4-site/h4/C2Data-245-Type3;1460.0000;DATA;1612714621.827616
/ndn/v3-site/v3/C2Data-3996-Type1;54976.0000;DATA;1612714623.557095
/ndn/s7-site/s7/C2Data-3270-Type2;4582.0000;DATA;1612714623.768197
/ndn/h3-site/h3/C2Data-366-Type1;151165.0000;DATA;1612714625.345922
/ndn/s8-site/s8/C2Data-3391-Type1;29821.0000;DATA;1612714626.051239
/ndn/s1-site/s1/C2Data-2544-Type1;144140.0000;DATA;1612714626.289258
/ndn/h9-site/h9/C2Data-550-Type3;24746.0000;DATA;1612714626.630691
/ndn/h2-site/h2/C2Data-50-Type4;196247.0000;DATA;1612714627.619821
/ndn/v6-site/v6/C2Data-2197-Type3;158428.0000;DATA;1612714628.431283
/ndn/h0-site/h0/C2Data-1-Type3;2126.0000;DATA;1612714631.068435
/ndn/v1-site/v1/C2Data-525-Type4;133694.0000;DATA;1612714633.957826
/ndn/h0-site/h0/C2Data-0-Type4;24905.0000;DATA;1612714644.676908
/ndn/d4-site/d4/C2Data-350-Type4;48282.0000;DATA;1612714644.968172
/ndn/h5-site/h5/C2Data-609-Type2;119298.0000;DATA;1612714645.124993
/ndn/h4-site/h4/C2Data-488-Type2;132824.0000;DATA;1612714646.091458
/ndn/d1-site/d1/C2Data-1335-Type2;86462.0000;DATA;1612714646.820976
/ndn/h6-site/h6/C2Data-150-Type4;52655.0000;DATA;1612714649.513400
/ndn/h1-site/h1/C2Data-125-Type2;123005.0000;DATA;1612714649.824095
/ndn/v8-site/v8/C2Data-4602-Type1;159730.0000;DATA;1612714652.748013
/ndn/v7-site/v7/C2Data-4481-Type1;1680.0000;DATA;1612714654.742384
/ndn/h1-site/h1/C2Data-25-Type4;130361.0000;DATA;1612714662.266127
/ndn/h4-site/h4/C2Data-100-Type4;1372.0000;DATA;1612714669.606075
/ndn/s7-site/s7/C2Data-1649-Type3;48959.0000;DATA;1612714669.851719
/ndn/v3-site/v3/C2Data-2015-Type3;53711.0000;DATA;1612714669.891983
/ndn/v7-site/v7/C2Data-2259-Type3;47580.0000;DATA;1612714672.434241
/ndn/s1-site/s1/C2Data-1283-Type3;196565.0000;DATA;1612714673.958387
/ndn/d9-site/d9/C2Data-2304-Type1;24432.0000;DATA;1612714674.969781
/ndn/h5-site/h5/C2Data-610-Type1;121762.0000;DATA;1612714675.056540
/ndn/s0-site/s0/C2Data-2425-Type2;148972.0000;DATA;1612714675.038219
/ndn/v3-site/v3/C2Data-3998-Type2;50037.0000;DATA;1612714675.924086
/ndn/v0-site/v0/C2Data-3635-Type2;97919.0000;DATA;1612714676.366373
/ndn/d7-site/d7/C2Data-2062-Type1;74837.0000;DATA;1612714678.425770
/ndn/d4-site/d4/C2Data-1699-Type2;72806.0000;DATA;1612714680.361383
/ndn/s1-site/s1/C2Data-2546-Type1;25975.0000;DATA;1612714682.291711
/ndn/d2-site/d2/C2Data-734-Type3;26780.0000;DATA;1612714684.889791
/ndn/h6-site/h6/C2Data-731-Type1;118731.0000;DATA;1612714685.295099
/ndn/v2-site/v2/C2Data-3877-Type1;122101.0000;DATA;1612714685.653575
/ndn/v0-site/v0/C2Data-1832-Type3;6631.0000;DATA;1612714688.259599
/ndn/s2-site/s2/C2Data-2668-Type1;176344.0000;DATA;1612714704.807206
/ndn/s9-site/s9/C2Data-3515-Type1;80234.0000;DATA;1612714706.963727
/ndn/v3-site/v3/C2Data-3999-Type2;55705.0000;DATA;1612714707.050888
/ndn/v5-site/v5/C2Data-4241-Type1;1206.0000;DATA;1612714708.288039
/ndn/v0-site/v0/C2Data-3636-Type1;101986.0000;DATA;1612714710.182225
/ndn/s7-site/s7/C2Data-3273-Type1;51474.0000;DATA;1612714712.963329
/ndn/d4-site/d4/C2Data-1700-Type1;74707.0000;DATA;1612714714.201968
/ndn/v3-site/v3/C2Data-3999-Type1;58573.0000;DATA;1612714714.411422
/ndn/s1-site/s1/C2Data-2547-Type2;170817.0000;DATA;1612714715.003392
/ndn/s4-site/s4/C2Data-2910-Type2;76458.0000;DATA;1612714715.701492
/ndn/d7-site/d7/C2Data-1040-Type3;88542.0000;DATA;1612714729.927623
/ndn/s2-site/s2/C2Data-1345-Type3;102524.0000;DATA;1612714732.928396
/ndn/h6-site/h6/C2Data-733-Type1;121706.0000;DATA;1612714738.188298
/ndn/v8-site/v8/C2Data-2321-Type3;180435.0000;DATA;1612714738.147864
/ndn/d6-site/d6/C2Data-979-Type3;74245.0000;DATA;1612714738.481784
/ndn/v4-site/v4/C2Data-4121-Type2;281647.0000;DATA;1612714738.884920
/ndn/h2-site/h2/C2Data-249-Type1;146733.0000;DATA;1612714741.298045
/ndn/s6-site/s6/C2Data-1589-Type3;1313.0000;DATA;1612714744.423420
/ndn/v6-site/v6/C2Data-4363-Type2;155974.0000;DATA;1612714744.442335
/ndn/v0-site/v0/C2Data-1833-Type3;51072.0000;DATA;1612714745.682775
/ndn/d6-site/d6/C2Data-1943-Type2;48044.0000;DATA;1612714746.101846
/ndn/h2-site/h2/C2Data-26-Type5;43866.0000;DATA;1612714750.774487
/ndn/s5-site/s5/C2Data-1528-Type3;5280.0000;DATA;1612714752.037281
/ndn/s0-site/s0/C2Data-1223-Type3;1466.0000;DATA;1612714752.333980
/ndn/s4-site/s4/C2Data-1467-Type3;861.0000;DATA;1612714752.513135
/ndn/h7-site/h7/C2Data-855-Type1;162618.0000;DATA;1612714765.131012
/ndn/v3-site/v3/C2Data-299-Type5;48772.0000;DATA;1612714765.319325
/ndn/h0-site/h0/C2Data-8-Type1;31247.0000;DATA;1612714766.839156
/ndn/v7-site/v7/C2Data-4485-Type1;60736.0000;DATA;1612714767.320789
/ndn/h7-site/h7/C2Data-91-Type5;160258.0000;DATA;1612714769.187203
/ndn/d2-site/d2/C2Data-1460-Type1;27310.0000;DATA;1612714770.821017
/ndn/v8-site/v8/C2Data-4606-Type1;143953.0000;DATA;1612714771.414788
/ndn/s0-site/s0/C2Data-2428-Type1;172184.0000;DATA;1612714771.941065
/ndn/s0-site/s0/C2Data-2428-Type2;177233.0000;DATA;1612714772.031637
/ndn/v1-site/v1/C2Data-526-Type4;131734.0000;DATA;1612714774.294308
/ndn/h9-site/h9/C2Data-1097-Type2;55806.0000;DATA;1612714775.222911
/ndn/h8-site/h8/C2Data-976-Type1;261605.0000;DATA;1612714775.464457
/ndn/d1-site/d1/C2Data-276-Type4;113678.0000;DATA;1612714779.388426
/ndn/d7-site/d7/C2Data-221-Type5;85724.0000;DATA;1612714787.647223
/ndn/v0-site/v0/C2Data-1834-Type3;1022.0000;DATA;1612714795.404344
/ndn/d3-site/d3/C2Data-1582-Type1;231157.0000;DATA;1612714795.940275
/ndn/d7-site/d7/C2Data-1041-Type3;73485.0000;DATA;1612714798.154011
/ndn/s5-site/s5/C2Data-1529-Type3;24961.0000;DATA;1612714798.690572
/ndn/h8-site/h8/C2Data-104-Type5;1547.0000;DATA;1612714799.199275
/ndn/s0-site/s0/C2Data-2429-Type1;153674.0000;DATA;1612714799.350676
/ndn/h8-site/h8/C2Data-977-Type2;127937.0000;DATA;1612714801.200576
/ndn/s9-site/s9/C2Data-1773-Type3;944.0000;DATA;1612714801.351701
/ndn/s6-site/s6/C2Data-3155-Type1;25393.0000;DATA;1612714801.392334
/ndn/d1-site/d1/C2Data-675-Type3;25521.0000;DATA;1612714801.395010
/ndn/v4-site/v4/C2Data-4123-Type1;332912.0000;DATA;1612714801.478908
/ndn/s0-site/s0/C2Data-1224-Type3;26062.0000;DATA;1612714801.943132
/ndn/v7-site/v7/C2Data-4486-Type2;53112.0000;DATA;1612714802.014177
/ndn/v1-site/v1/C2Data-3760-Type1;132220.0000;DATA;1612714803.380004
/ndn/s5-site/s5/C2Data-3034-Type1;1922.0000;DATA;1612714803.517481
/ndn/d1-site/d1/C2Data-143-Type5;943.0000;DATA;1612714803.615011
/ndn/s4-site/s4/C2Data-1468-Type3;27653.0000;DATA;1612714804.180479
/ndn/h4-site/h4/C2Data-248-Type3;96599.0000;DATA;1612714804.528210
/ndn/h5-site/h5/C2Data-309-Type3;2035.0000;DATA;1612714810.530639
/ndn/d8-site/d8/C2Data-451-Type4;2706.0000;DATA;1612714814.218649
/ndn/d4-site/d4/C2Data-182-Type5;56300.0000;DATA;1612714814.740048
/ndn/d9-site/d9/C2Data-247-Type5;3486.0000;DATA;1612714816.272734
/ndn/h1-site/h1/C2Data-13-Type5;134888.0000;DATA;1612714824.985882
/ndn/h0-site/h0/C2Data-10-Type1;24952.0000;DATA;1612714827.151163
/ndn/v1-site/v1/C2Data-3761-Type1;132719.0000;DATA;1612714827.156696
/ndn/s2-site/s2/C2Data-2672-Type1;178379.0000;DATA;1612714827.691056
/ndn/v6-site/v6/C2Data-4366-Type1;194712.0000;DATA;1612714827.753485
/ndn/s6-site/s6/C2Data-3156-Type2;26133.0000;DATA;1612714828.039224
/ndn/h8-site/h8/C2Data-978-Type1;177319.0000;DATA;1612714828.346135
/ndn/s2-site/s2/C2Data-2672-Type2;149474.0000;DATA;1612714828.946057
/ndn/d8-site/d8/C2Data-2188-Type1;24399.0000;DATA;1612714829.457230
/ndn/s1-site/s1/C2Data-2551-Type2;27431.0000;DATA;1612714833.689686
/ndn/d7-site/d7/C2Data-1042-Type3;79784.0000;DATA;1612714849.496595
/ndn/d6-site/d6/C2Data-981-Type3;53787.0000;DATA;1612714853.058036
/ndn/s8-site/s8/C2Data-3399-Type1;118840.0000;DATA;1612714857.494299
/ndn/d5-site/d5/C2Data-1826-Type2;35333.0000;DATA;1612714859.728830
/ndn/v5-site/v5/C2Data-4246-Type1;729.0000;DATA;1612714863.246651
/ndn/d1-site/d1/C2Data-676-Type3;24042.0000;DATA;1612714863.619655
/ndn/h1-site/h1/C2Data-66-Type3;50889.0000;DATA;1612714864.766971
/ndn/v8-site/v8/C2Data-2323-Type3;24467.0000;DATA;1612714865.147063
/ndn/h8-site/h8/C2Data-979-Type2;54149.0000;DATA;1612714865.560726
/ndn/s0-site/s0/C2Data-2431-Type2;927.0000;DATA;1612714866.716374
/ndn/s8-site/s8/C2Data-1713-Type3;186294.0000;DATA;1612714867.066675
/ndn/v0-site/v0/C2Data-1835-Type3;55584.0000;DATA;1612714867.954259
/ndn/v4-site/v4/C2Data-2079-Type3;95834.0000;DATA;1612714868.137058
/ndn/h2-site/h2/C2Data-127-Type3;1658.0000;DATA;1612714868.543273
/ndn/s7-site/s7/C2Data-3278-Type1;6017933.0000;TIMEOUT;1612714864.114422
/ndn/h4-site/h4/C2Data-249-Type3;180535.0000;DATA;1612714871.602338
/ndn/d7-site/d7/C2Data-2069-Type1;87178.0000;DATA;1612714887.332180
/ndn/h8-site/h8/C2Data-980-Type2;177737.0000;DATA;1612714888.956353
/ndn/v4-site/v4/C2Data-4126-Type2;216384.0000;DATA;1612714889.644034
/ndn/d7-site/d7/C2Data-2069-Type2;77310.0000;DATA;1612714890.833136
/ndn/v7-site/v7/C2Data-4489-Type2;47691.0000;DATA;1612714893.054688
/ndn/h2-site/h2/C2Data-254-Type1;145705.0000;DATA;1612714893.485598
/ndn/v3-site/v3/C2Data-4005-Type1;53746.0000;DATA;1612714894.025337
/ndn/d1-site/d1/C2Data-1343-Type2;26469.0000;DATA;1612714894.826784
/ndn/d8-site/d8/C2Data-1104-Type3;39835.0000;DATA;1612714909.759502
/ndn/s2-site/s2/C2Data-1348-Type3;168712.0000;DATA;1612714911.502583
/ndn/v6-site/v6/C2Data-4369-Type1;202463.0000;DATA;1612714915.486780
/ndn/s8-site/s8/C2Data-1714-Type3;6003801.0000;TIMEOUT;1612714912.648984
/ndn/d1-site/d1/C2Data-1344-Type2;111254.0000;DATA;1612714919.293235
/ndn/d0-site/d0/C2Data-1223-Type2;183287.0000;DATA;1612714921.052022
/ndn/h8-site/h8/C2Data-981-Type2;73488.0000;DATA;1612714921.272640
/ndn/h9-site/h9/C2Data-555-Type3;73791.0000;DATA;1612714921.621779
/ndn/v8-site/v8/C2Data-2324-Type3;149034.0000;DATA;1612714922.210963
/ndn/v8-site/v8/C2Data-702-Type4;190177.0000;DATA;1612714922.213009
/ndn/h9-site/h9/C2Data-1102-Type2;54962.0000;DATA;1612714922.425113
/ndn/s3-site/s3/C2Data-1409-Type3;6000672.0000;TIMEOUT;1612714917.893242
/ndn/d5-site/d5/C2Data-921-Type3;996.0000;DATA;1612714926.783372
/ndn/h2-site/h2/C2Data-128-Type3;101747.0000;DATA;1612714927.168164
/ndn/v4-site/v4/C2Data-2080-Type3;302252.0000;DATA;1612714929.313433
/ndn/h3-site/h3/C2Data-189-Type3;3075.0000;DATA;1612714931.183562
/ndn/d0-site/d0/C2Data-616-Type3;104135.0000;DATA;1612714931.755649
/ndn/s7-site/s7/C2Data-1653-Type3;6006801.0000;TIMEOUT;1612714929.727939
/ndn/v7-site/v7/C2Data-4491-Type2;3003.0000;DATA;1612714945.431313
/ndn/v2-site/v2/C2Data-3886-Type2;105629.0000;DATA;1612714948.342260
/ndn/v1-site/v1/C2Data-3765-Type1;132329.0000;DATA;1612714949.909204
/ndn/h5-site/h5/C2Data-619-Type2;49911.0000;DATA;1612714950.036014
/ndn/h1-site/h1/C2Data-135-Type1;72542.0000;DATA;1612714954.285452
/ndn/v0-site/v0/C2Data-3644-Type1;122177.0000;DATA;1612714954.915408
/ndn/d3-site/d3/C2Data-1587-Type2;3167.0000;DATA;1612714955.132526
/ndn/h3-site/h3/C2Data-377-Type1;155419.0000;DATA;1612714955.307588
/ndn/h6-site/h6/C2Data-740-Type1;171705.0000;DATA;1612714956.612263
/ndn/s9-site/s9/C2Data-3523-Type2;6001096.0000;TIMEOUT;1612714953.351103
/ndn/d8-site/d8/C2Data-452-Type4;1066.0000;DATA;1612714961.483186
/ndn/v3-site/v3/C2Data-2020-Type3;51583.0000;DATA;1612714968.892712
/ndn/v6-site/v6/C2Data-2203-Type3;173987.0000;DATA;1612714975.182895
/ndn/d7-site/d7/C2Data-2072-Type2;73161.0000;DATA;1612714976.734322
/ndn/v7-site/v7/C2Data-4492-Type1;57441.0000;DATA;1612714976.944725
/ndn/h0-site/h0/C2Data-15-Type1;34650.0000;DATA;1612714977.481112
/ndn/h8-site/h8/C2Data-983-Type1;176771.0000;DATA;1612714977.581930
/ndn/v0-site/v0/C2Data-3645-Type2;96378.0000;DATA;1612714977.846146
/ndn/v5-site/v5/C2Data-2142-Type3;170000.0000;DATA;1612714978.450318
/ndn/d2-site/d2/C2Data-739-Type3;27694.0000;DATA;1612714978.730063
/ndn/h4-site/h4/C2Data-251-Type3;1029.0000;DATA;1612714978.961610
/ndn/v8-site/v8/C2Data-2325-Type3;76245.0000;DATA;1612714982.165111
/ndn/s5-site/s5/C2Data-1532-Type3;6001681.0000;TIMEOUT;1612714976.674683
/ndn/h6-site/h6/C2Data-741-Type1;170162.0000;DATA;1612714982.698646
/ndn/h9-site/h9/C2Data-1104-Type2;25264.0000;DATA;1612714983.166258
/ndn/d8-site/d8/C2Data-2193-Type1;27650.0000;DATA;1612714984.097130
/ndn/h0-site/h0/C2Data-15-Type2;37896.0000;DATA;1612714984.453431
/ndn/s8-site/s8/C2Data-1715-Type3;6001575.0000;TIMEOUT;1612714978.764092
/ndn/d9-site/d9/C2Data-2314-Type1;27172.0000;DATA;1612714986.323849
/ndn/h1-site/h1/C2Data-136-Type1;147803.0000;DATA;1612714986.216582
/ndn/h9-site/h9/C2Data-556-Type3;31347.0000;DATA;1612714986.464516
/ndn/s0-site/s0/C2Data-2435-Type1;6001556.0000;TIMEOUT;1612714981.642727
/ndn/s6-site/s6/C2Data-3161-Type1;6000487.0000;TIMEOUT;1612714982.745104
/ndn/v2-site/v2/C2Data-1959-Type3;2227.0000;DATA;1612714989.480446
/ndn/s5-site/s5/C2Data-3040-Type1;6002292.0000;TIMEOUT;1612714985.207511
/ndn/s7-site/s7/C2Data-3282-Type2;6001488.0000;TIMEOUT;1612714985.582761
/ndn/d1-site/d1/C2Data-1347-Type2;108852.0000;DATA;1612715007.658440
/ndn/v7-site/v7/C2Data-189-Type6;48396.0000;DATA;1612715007.796302
/ndn/d8-site/d8/C2Data-2194-Type1;32239.0000;DATA;1612715014.913640
/ndn/s7-site/s7/C2Data-3283-Type2;6001481.0000;TIMEOUT;1612715013.012698
/ndn/d7-site/d7/C2Data-1045-Type3;74435.0000;DATA;1612715029.889462
/ndn/v5-site/v5/C2Data-2143-Type3;271779.0000;DATA;1612715030.829328
/ndn/s1-site/s1/C2Data-1289-Type3;6003588.0000;TIMEOUT;1612715033.633641
/ndn/v2-site/v2/C2Data-1960-Type3;773.0000;DATA;1612715040.949362
/ndn/h3-site/h3/C2Data-191-Type3;25431.0000;DATA;1612715041.686744
/ndn/s4-site/s4/C2Data-2921-Type1;6000392.0000;TIMEOUT;1612715035.959523
/ndn/v8-site/v8/C2Data-4615-Type2;25569.0000;DATA;1612715042.413163
/ndn/s6-site/s6/C2Data-3163-Type2;6003933.0000;TIMEOUT;1612715038.494181
/ndn/s4-site/s4/C2Data-2921-Type2;6001473.0000;TIMEOUT;1612715038.612857
/ndn/d5-site/d5/C2Data-1832-Type2;1252.0000;DATA;1612715045.003740
/ndn/h8-site/h8/C2Data-985-Type1;170613.0000;DATA;1612715045.753829
/ndn/h6-site/h6/C2Data-743-Type1;179794.0000;DATA;1612715046.587882
/ndn/v0-site/v0/C2Data-1838-Type3;1471.0000;DATA;1612715046.875816
/ndn/s0-site/s0/C2Data-1228-Type3;6000512.0000;TIMEOUT;1612715043.209219
/ndn/v6-site/v6/C2Data-2204-Type3;133096.0000;DATA;1612715050.127375
/ndn/v3-site/v3/C2Data-2021-Type3;50856.0000;DATA;1612715051.077791
/ndn/s3-site/s3/C2Data-1411-Type3;6006470.0000;TIMEOUT;1612715045.442771
/ndn/s2-site/s2/C2Data-2679-Type1;6000897.0000;TIMEOUT;1612715045.879777
/ndn/s8-site/s8/C2Data-1716-Type3;6022910.0000;TIMEOUT;1612715051.026477
/ndn/d8-site/d8/C2Data-235-Type5;94974.0000;DATA;1612715060.071918
/ndn/h7-site/h7/C2Data-865-Type1;150304.0000;DATA;1612715065.258162
/ndn/h0-site/h0/C2Data-18-Type1;26790.0000;DATA;1612715066.333109
/ndn/v1-site/v1/C2Data-3769-Type1;120761.0000;DATA;1612715067.668863
/ndn/d2-site/d2/C2Data-1470-Type1;28298.0000;DATA;1612715070.131385
/ndn/h6-site/h6/C2Data-744-Type1;101663.0000;DATA;1612715070.083991
/ndn/d3-site/d3/C2Data-1591-Type1;168790.0000;DATA;1612715073.005034
/ndn/d9-site/d9/C2Data-2317-Type2;24842.0000;DATA;1612715074.378979
/ndn/s2-site/s2/C2Data-2680-Type1;6001424.0000;TIMEOUT;1612715068.484549
/ndn/h9-site/h9/C2Data-228-Type4;32331.0000;DATA;1612715081.164220
/ndn/s4-site/s4/C2Data-2922-Type1;6001000.0000;TIMEOUT;1612715075.708017
/ndn/s4-site/s4/C2Data-2922-Type2;6001666.0000;TIMEOUT;1612715076.169792
/ndn/h5-site/h5/C2Data-314-Type3;85862.0000;DATA;1612715091.431562
/ndn/v0-site/v0/C2Data-1839-Type3;56012.0000;DATA;1612715093.735009
/ndn/d7-site/d7/C2Data-1046-Type3;24262.0000;DATA;1612715094.885487
/ndn/h1-site/h1/C2Data-70-Type3;119595.0000;DATA;1612715095.333395
/ndn/h7-site/h7/C2Data-866-Type2;150049.0000;DATA;1612715095.606805
/ndn/v5-site/v5/C2Data-2144-Type3;256493.0000;DATA;1612715097.058382
/ndn/d0-site/d0/C2Data-131-Type5;229295.0000;DATA;1612715099.034960
/ndn/d0-site/d0/C2Data-1229-Type1;99194.0000;DATA;1612715099.628724
