/ndn/d5-site/d5/C2Data-1815-Type2;24522.0000;DATA;1612719529.434701
/ndn/h3-site/h3/C2Data-363-Type1;201770.0000;DATA;1612719531.566083
/ndn/v8-site/v8/C2Data-4598-Type2;148172.0000;DATA;1612719533.038730
/ndn/h0-site/h0/C2Data-0-Type1;49155.0000;DATA;1612719534.201947
/ndn/s1-site/s1/C2Data-2541-Type1;283514.0000;DATA;1612719534.261241
/ndn/h6-site/h6/C2Data-726-Type1;219481.0000;DATA;1612719534.613159
/ndn/h7-site/h7/C2Data-847-Type1;152153.0000;DATA;1612719535.236181
/ndn/d8-site/d8/C2Data-2178-Type2;72326.0000;DATA;1612719535.474221
/ndn/s0-site/s0/C2Data-1220-Type3;200709.0000;DATA;1612719553.935021
/ndn/h2-site/h2/C2Data-122-Type3;208361.0000;DATA;1612719554.489925
/ndn/d1-site/d1/C2Data-671-Type3;152126.0000;DATA;1612719555.035511
/ndn/s3-site/s3/C2Data-1403-Type3;239566.0000;DATA;1612719557.748254
/ndn/s4-site/s4/C2Data-1464-Type3;123790.0000;DATA;1612719558.958787
/ndn/v5-site/v5/C2Data-4236-Type2;269796.0000;DATA;1612719558.938377
/ndn/s2-site/s2/C2Data-2663-Type1;173181.0000;DATA;1612719559.570215
/ndn/h6-site/h6/C2Data-727-Type1;179517.0000;DATA;1612719561.228571
/ndn/h1-site/h1/C2Data-61-Type3;126859.0000;DATA;1612719562.105316
/ndn/s7-site/s7/C2Data-1647-Type3;51627.0000;DATA;1612719563.525079
/ndn/h3-site/h3/C2Data-183-Type3;212801.0000;DATA;1612719566.144707
/ndn/d5-site/d5/C2Data-915-Type3;26529.0000;DATA;1612719572.053067
/ndn/h5-site/h5/C2Data-607-Type2;155591.0000;DATA;1612719588.577507
/ndn/h6-site/h6/C2Data-728-Type2;184527.0000;DATA;1612719588.795776
/ndn/d4-site/d4/C2Data-1696-Type1;82041.0000;DATA;1612719591.634663
/ndn/h7-site/h7/C2Data-849-Type2;159338.0000;DATA;1612719592.098289
/ndn/v7-site/v7/C2Data-4479-Type1;50664.0000;DATA;1612719592.366071
/ndn/d2-site/d2/C2Data-1454-Type1;28225.0000;DATA;1612719592.678787
/ndn/d9-site/d9/C2Data-2301-Type1;25340.0000;DATA;1612719593.509651
/ndn/s0-site/s0/C2Data-2422-Type2;198388.0000;DATA;1612719593.732865
/ndn/d9-site/d9/C2Data-2301-Type2;25572.0000;DATA;1612719594.481517
/ndn/h7-site/h7/C2Data-849-Type1;163696.0000;DATA;1612719594.647670
/ndn/d8-site/d8/C2Data-2180-Type1;70732.0000;DATA;1612719596.675143
/ndn/s4-site/s4/C2Data-1465-Type3;140349.0000;DATA;1612719610.663891
/ndn/s3-site/s3/C2Data-1404-Type3;428508.0000;DATA;1612719614.229355
/ndn/h4-site/h4/C2Data-487-Type2;123187.0000;DATA;1612719616.441086
/ndn/h4-site/h4/C2Data-245-Type3;138598.0000;DATA;1612719617.048541
/ndn/d6-site/d6/C2Data-1939-Type1;199843.0000;DATA;1612719618.443116
/ndn/d2-site/d2/C2Data-1455-Type2;30728.0000;DATA;1612719619.252274
/ndn/v1-site/v1/C2Data-1892-Type3;131403.0000;DATA;1612719621.045971
/ndn/h8-site/h8/C2Data-489-Type3;170940.0000;DATA;1612719622.005064
/ndn/v0-site/v0/C2Data-1831-Type3;104379.0000;DATA;1612719622.722747
/ndn/h9-site/h9/C2Data-1092-Type1;105188.0000;DATA;1612719623.815117
/ndn/v1-site/v1/C2Data-3754-Type1;123634.0000;DATA;1612719625.964334
/ndn/v8-site/v8/C2Data-4601-Type2;152769.0000;DATA;1612719626.043268
/ndn/v4-site/v4/C2Data-4117-Type2;278028.0000;DATA;1612719626.369353
/ndn/d7-site/d7/C2Data-1038-Type3;124488.0000;DATA;1612719629.414040
/ndn/d4-site/d4/C2Data-350-Type4;105553.0000;DATA;1612719630.507460
/ndn/s7-site/s7/C2Data-1648-Type3;6001404.0000;TIMEOUT;1612719631.583869
/ndn/v7-site/v7/C2Data-675-Type4;61097.0000;DATA;1612719637.747938
/ndn/v2-site/v2/C2Data-3876-Type2;166120.0000;DATA;1612719648.895361
/ndn/s0-site/s0/C2Data-2424-Type1;6001152.0000;TIMEOUT;1612719646.481523
/ndn/d0-site/d0/C2Data-1214-Type1;204890.0000;DATA;1612719652.314065
/ndn/s4-site/s4/C2Data-2908-Type2;6000597.0000;TIMEOUT;1612719649.060204
/ndn/d8-site/d8/C2Data-2182-Type2;73418.0000;DATA;1612719657.517356
/ndn/h7-site/h7/C2Data-175-Type4;214584.0000;DATA;1612719658.614273
/ndn/s1-site/s1/C2Data-2545-Type2;6000529.0000;TIMEOUT;1612719654.310082
/ndn/d8-site/d8/C2Data-450-Type4;99231.0000;DATA;1612719665.708285
/ndn/d7-site/d7/C2Data-425-Type4;125997.0000;DATA;1612719674.590223
/ndn/v1-site/v1/C2Data-1893-Type3;120104.0000;DATA;1612719676.654511
/ndn/v7-site/v7/C2Data-4482-Type2;61522.0000;DATA;1612719679.148423
/ndn/v0-site/v0/C2Data-3635-Type2;122914.0000;DATA;1612719680.930954
/ndn/h4-site/h4/C2Data-246-Type3;118846.0000;DATA;1612719681.339690
/ndn/d2-site/d2/C2Data-300-Type4;25645.0000;DATA;1612719681.866007
/ndn/s9-site/s9/C2Data-1771-Type3;6000780.0000;TIMEOUT;1612719678.247953
/ndn/s1-site/s1/C2Data-2546-Type2;6002864.0000;TIMEOUT;1612719679.539259
/ndn/v2-site/v2/C2Data-1954-Type3;146759.0000;DATA;1612719686.024348
/ndn/s3-site/s3/C2Data-1405-Type3;6000571.0000;TIMEOUT;1612719680.717675
/ndn/d3-site/d3/C2Data-1578-Type1;250338.0000;DATA;1612719686.731806
/ndn/d0-site/d0/C2Data-612-Type3;192359.0000;DATA;1612719687.739517
/ndn/v5-site/v5/C2Data-2137-Type3;286200.0000;DATA;1612719689.545005
/ndn/d7-site/d7/C2Data-1039-Type3;119701.0000;DATA;1612719692.679187
/ndn/d5-site/d5/C2Data-1821-Type2;33950.0000;DATA;1612719710.610334
/ndn/d9-site/d9/C2Data-2305-Type1;29435.0000;DATA;1612719710.794750
/ndn/s7-site/s7/C2Data-3273-Type2;6001232.0000;TIMEOUT;1612719706.146577
/ndn/s0-site/s0/C2Data-2426-Type1;6000596.0000;TIMEOUT;1612719708.834900
/ndn/h5-site/h5/C2Data-612-Type1;139508.0000;DATA;1612719736.787005
/ndn/h3-site/h3/C2Data-370-Type2;212049.0000;DATA;1612719737.013199
/ndn/d4-site/d4/C2Data-1701-Type2;78373.0000;DATA;1612719739.175785
/ndn/d3-site/d3/C2Data-1580-Type2;295203.0000;DATA;1612719740.589148
/ndn/s7-site/s7/C2Data-1650-Type3;6004930.0000;TIMEOUT;1612719738.214562
/ndn/d0-site/d0/C2Data-1217-Type2;196881.0000;DATA;1612719744.362294
/ndn/d6-site/d6/C2Data-979-Type3;214137.0000;DATA;1612719744.873498
/ndn/s0-site/s0/C2Data-1223-Type3;6001697.0000;TIMEOUT;1612719739.307187
/ndn/h4-site/h4/C2Data-491-Type2;155294.0000;DATA;1612719747.017369
/ndn/d7-site/d7/C2Data-2064-Type2;123074.0000;DATA;1612719747.854141
/ndn/d6-site/d6/C2Data-208-Type5;199611.0000;DATA;1612719748.729178
/ndn/s1-site/s1/C2Data-2548-Type2;6003281.0000;TIMEOUT;1612719744.430048
/ndn/s1-site/s1/C2Data-2548-Type1;6000748.0000;TIMEOUT;1612719744.659024
/ndn/v2-site/v2/C2Data-1955-Type3;174158.0000;DATA;1612719753.685343
/ndn/s8-site/s8/C2Data-3395-Type1;6000627.0000;TIMEOUT;1612719748.086060
/ndn/s8-site/s8/C2Data-1711-Type3;6001164.0000;TIMEOUT;1612719751.897540
/ndn/h8-site/h8/C2Data-104-Type5;177932.0000;DATA;1612719764.635282
/ndn/d3-site/d3/C2Data-1581-Type2;252366.0000;DATA;1612719769.811140
/ndn/v6-site/v6/C2Data-4364-Type2;216346.0000;DATA;1612719770.335756
/ndn/v1-site/v1/C2Data-3759-Type1;122021.0000;DATA;1612719772.496774
/ndn/d2-site/d2/C2Data-301-Type4;39468.0000;DATA;1612719772.872716
/ndn/s4-site/s4/C2Data-2912-Type1;6001099.0000;TIMEOUT;1612719766.916079
/ndn/v2-site/v2/C2Data-551-Type4;645066.0000;DATA;1612719774.339584
/ndn/h7-site/h7/C2Data-855-Type2;144560.0000;DATA;1612719774.972239
/ndn/s2-site/s2/C2Data-2670-Type2;6001475.0000;TIMEOUT;1612719769.293217
/ndn/s5-site/s5/C2Data-3033-Type1;6003124.0000;TIMEOUT;1612719770.234185
/ndn/h0-site/h0/C2Data-0-Type5;72344.0000;DATA;1612719782.018983
/ndn/s9-site/s9/C2Data-3517-Type2;6000810.0000;TIMEOUT;1612719776.426063
/ndn/h7-site/h7/C2Data-176-Type4;160086.0000;DATA;1612719783.642985
/ndn/h5-site/h5/C2Data-309-Type3;128539.0000;DATA;1612719792.703388
/ndn/v5-site/v5/C2Data-2139-Type3;412487.0000;DATA;1612719795.398853
/ndn/h6-site/h6/C2Data-370-Type3;170854.0000;DATA;1612719795.723031
/ndn/s5-site/s5/C2Data-1529-Type3;6006100.0000;TIMEOUT;1612719790.642608
/ndn/h9-site/h9/C2Data-1098-Type1;97620.0000;DATA;1612719799.947856
/ndn/h2-site/h2/C2Data-251-Type1;199189.0000;DATA;1612719800.922324
/ndn/d6-site/d6/C2Data-1945-Type2;191402.0000;DATA;1612719801.873718
/ndn/d1-site/d1/C2Data-1340-Type1;152090.0000;DATA;1612719802.641121
/ndn/h7-site/h7/C2Data-856-Type2;142456.0000;DATA;1612719803.124775
/ndn/h4-site/h4/C2Data-101-Type4;152506.0000;DATA;1612719804.664729
/ndn/d2-site/d2/C2Data-1461-Type1;28394.0000;DATA;1612719805.296313
/ndn/d3-site/d3/C2Data-797-Type3;239928.0000;DATA;1612719805.112330
/ndn/v8-site/v8/C2Data-2322-Type3;160432.0000;DATA;1612719806.371644
/ndn/s7-site/s7/C2Data-1651-Type3;6001129.0000;TIMEOUT;1612719801.827037
/ndn/v6-site/v6/C2Data-2200-Type3;225870.0000;DATA;1612719807.646283
/ndn/d3-site/d3/C2Data-1582-Type1;243953.0000;DATA;1612719807.811075
/ndn/s9-site/s9/C2Data-3518-Type2;6001244.0000;TIMEOUT;1612719806.343282
/ndn/s2-site/s2/C2Data-1346-Type3;6000443.0000;TIMEOUT;1612719809.519253
/ndn/h0-site/h0/C2Data-1-Type4;55281.0000;DATA;1612719815.489394
/ndn/v6-site/v6/C2Data-651-Type4;224879.0000;DATA;1612719816.429379
/ndn/d3-site/d3/C2Data-169-Type5;262093.0000;DATA;1612719818.532418
/ndn/d9-site/d9/C2Data-2309-Type2;24738.0000;DATA;1612719826.647743
/ndn/d4-site/d4/C2Data-1704-Type1;73956.0000;DATA;1612719827.064190
/ndn/h2-site/h2/C2Data-51-Type4;198825.0000;DATA;1612719827.006630
/ndn/h2-site/h2/C2Data-252-Type2;199694.0000;DATA;1612719830.803072
/ndn/h7-site/h7/C2Data-91-Type5;254569.0000;DATA;1612719843.267259
/ndn/v8-site/v8/C2Data-2323-Type3;158310.0000;DATA;1612719854.914015
/ndn/d7-site/d7/C2Data-1042-Type3;130243.0000;DATA;1612719858.398346
/ndn/v8-site/v8/C2Data-4609-Type2;159427.0000;DATA;1612719859.781724
/ndn/v6-site/v6/C2Data-2201-Type3;230121.0000;DATA;1612719860.115603
/ndn/d1-site/d1/C2Data-1342-Type1;149015.0000;DATA;1612719860.252087
/ndn/s2-site/s2/C2Data-1347-Type3;6004219.0000;TIMEOUT;1612719856.048334
/ndn/h1-site/h1/C2Data-66-Type3;123963.0000;DATA;1612719864.673517
/ndn/d6-site/d6/C2Data-1947-Type2;205330.0000;DATA;1612719866.241685
/ndn/d3-site/d3/C2Data-798-Type3;245156.0000;DATA;1612719866.638385
/ndn/v9-site/v9/C2Data-4730-Type2;51497.0000;DATA;1612719867.246303
/ndn/d0-site/d0/C2Data-1221-Type2;218469.0000;DATA;1612719867.354717
/ndn/s0-site/s0/C2Data-1225-Type3;6001056.0000;TIMEOUT;1612719863.207539
/ndn/s0-site/s0/C2Data-2431-Type2;6006681.0000;TIMEOUT;1612719865.971112
/ndn/d9-site/d9/C2Data-1164-Type3;30986.0000;DATA;1612719872.120140
/ndn/h0-site/h0/C2Data-5-Type3;60079.0000;DATA;1612719872.479535
/ndn/v4-site/v4/C2Data-4126-Type1;289849.0000;DATA;1612719889.925955
/ndn/v1-site/v1/C2Data-3763-Type1;130824.0000;DATA;1612719891.094059
/ndn/d9-site/d9/C2Data-2311-Type1;24962.0000;DATA;1612719893.904427
/ndn/v5-site/v5/C2Data-4247-Type2;276489.0000;DATA;1612719894.802698
/ndn/s2-site/s2/C2Data-2674-Type2;6000612.0000;TIMEOUT;1612719889.671300
/ndn/h0-site/h0/C2Data-12-Type2;50333.0000;DATA;1612719895.979333
/ndn/s6-site/s6/C2Data-3158-Type2;6000855.0000;TIMEOUT;1612719890.293076
/ndn/d5-site/d5/C2Data-1828-Type1;35547.0000;DATA;1612719916.428608
/ndn/v0-site/v0/C2Data-3643-Type1;115736.0000;DATA;1612719916.519533
/ndn/d3-site/d3/C2Data-799-Type3;262818.0000;DATA;1612719916.984534
/ndn/v1-site/v1/C2Data-1897-Type3;132993.0000;DATA;1612719918.640782
/ndn/s9-site/s9/C2Data-1775-Type3;6008021.0000;TIMEOUT;1612719913.749745
/ndn/h1-site/h1/C2Data-134-Type2;121559.0000;DATA;1612719919.811118
/ndn/s8-site/s8/C2Data-3401-Type2;6000443.0000;TIMEOUT;1612719916.277120
/ndn/v8-site/v8/C2Data-4611-Type1;149133.0000;DATA;1612719922.809205
/ndn/v2-site/v2/C2Data-1958-Type3;170573.0000;DATA;1612719924.256453
/ndn/v5-site/v5/C2Data-4248-Type1;274943.0000;DATA;1612719924.844501
/ndn/s8-site/s8/C2Data-3401-Type1;6000751.0000;TIMEOUT;1612719919.573593
/ndn/v5-site/v5/C2Data-627-Type4;271132.0000;DATA;1612719926.000523
/ndn/v7-site/v7/C2Data-4490-Type1;52569.0000;DATA;1612719927.453939
/ndn/h9-site/h9/C2Data-1102-Type2;96854.0000;DATA;1612719927.720055
/ndn/s5-site/s5/C2Data-1531-Type3;6001117.0000;TIMEOUT;1612719922.634256
/ndn/h9-site/h9/C2Data-555-Type3;100858.0000;DATA;1612719929.620114
/ndn/s1-site/s1/C2Data-1287-Type3;6003757.0000;TIMEOUT;1612719931.874577
/ndn/h9-site/h9/C2Data-227-Type4;130042.0000;DATA;1612719942.487062
/ndn/d9-site/d9/C2Data-477-Type4;52137.0000;DATA;1612719944.998078
/ndn/v7-site/v7/C2Data-677-Type4;52127.0000;DATA;1612719949.403045
/ndn/d5-site/d5/C2Data-1829-Type1;28724.0000;DATA;1612719952.700722
/ndn/d2-site/d2/C2Data-1466-Type2;34140.0000;DATA;1612719954.149615
/ndn/h9-site/h9/C2Data-1103-Type2;99395.0000;DATA;1612719954.924607
/ndn/d8-site/d8/C2Data-2192-Type1;73350.0000;DATA;1612719955.369451
/ndn/d9-site/d9/C2Data-2313-Type2;26555.0000;DATA;1612719956.057646
/ndn/h2-site/h2/C2Data-52-Type4;193257.0000;DATA;1612719957.209492
/ndn/h3-site/h3/C2Data-377-Type1;201620.0000;DATA;1612719958.261471
/ndn/s8-site/s8/C2Data-3402-Type2;6005709.0000;TIMEOUT;1612719954.557400
/ndn/d6-site/d6/C2Data-402-Type4;229449.0000;DATA;1612719962.039196
/ndn/d3-site/d3/C2Data-327-Type4;296725.0000;DATA;1612719966.749192
/ndn/s7-site/s7/C2Data-1654-Type3;6003131.0000;TIMEOUT;1612719972.726154
/ndn/v2-site/v2/C2Data-1959-Type3;150290.0000;DATA;1612719979.134967
/ndn/d6-site/d6/C2Data-983-Type3;212555.0000;DATA;1612719979.993412
/ndn/s5-site/s5/C2Data-1532-Type3;6016991.0000;TIMEOUT;1612719974.476213
/ndn/v2-site/v2/C2Data-3887-Type1;178349.0000;DATA;1612719980.702496
/ndn/h1-site/h1/C2Data-68-Type3;124733.0000;DATA;1612719981.679068
/ndn/s6-site/s6/C2Data-1593-Type3;6000472.0000;TIMEOUT;1612719975.856990
/ndn/v8-site/v8/C2Data-4613-Type2;164168.0000;DATA;1612719982.567007
/ndn/d6-site/d6/C2Data-1951-Type2;203788.0000;DATA;1612719983.648421
/ndn/h4-site/h4/C2Data-499-Type2;131726.0000;DATA;1612719983.821101
/ndn/h2-site/h2/C2Data-257-Type1;202154.0000;DATA;1612719983.968491
/ndn/d1-site/d1/C2Data-1346-Type2;149180.0000;DATA;1612719984.100141
/ndn/s4-site/s4/C2Data-1471-Type3;6000470.0000;TIMEOUT;1612719978.344347
/ndn/d2-site/d2/C2Data-1467-Type2;25949.0000;DATA;1612719985.640213
/ndn/s2-site/s2/C2Data-2677-Type2;6001385.0000;TIMEOUT;1612719985.454616
/ndn/s6-site/s6/C2Data-3161-Type2;6002037.0000;TIMEOUT;1612719986.275732
/ndn/s3-site/s3/C2Data-1410-Type3;6002854.0000;TIMEOUT;1612719988.969456
/ndn/d6-site/d6/C2Data-112-Type6;255634.0000;DATA;1612720000.529367
/ndn/v5-site/v5/C2Data-175-Type6;306066.0000;DATA;1612720006.402616
/ndn/h1-site/h1/C2Data-137-Type1;121290.0000;DATA;1612720007.945644
/ndn/d3-site/d3/C2Data-1589-Type1;261391.0000;DATA;1612720009.641875
/ndn/v1-site/v1/C2Data-3767-Type1;134758.0000;DATA;1612720010.582970
/ndn/d7-site/d7/C2Data-2073-Type2;123404.0000;DATA;1612720013.381030
/ndn/s2-site/s2/C2Data-2678-Type1;6002977.0000;TIMEOUT;1612720008.286132
/ndn/d0-site/d0/C2Data-1226-Type1;207496.0000;DATA;1612720016.233779
/ndn/d1-site/d1/C2Data-1347-Type2;149782.0000;DATA;1612720016.555342
/ndn/h9-site/h9/C2Data-557-Type3;101961.0000;DATA;1612720035.655249
/ndn/v2-site/v2/C2Data-1960-Type3;180548.0000;DATA;1612720038.977157
/ndn/v8-site/v8/C2Data-4615-Type2;153111.0000;DATA;1612720039.313040
/ndn/h6-site/h6/C2Data-374-Type3;171489.0000;DATA;1612720039.424495
/ndn/h7-site/h7/C2Data-864-Type1;162398.0000;DATA;1612720041.393376
/ndn/s9-site/s9/C2Data-1777-Type3;6002563.0000;TIMEOUT;1612720036.064484
/ndn/s6-site/s6/C2Data-1594-Type3;6000411.0000;TIMEOUT;1612720036.249202
/ndn/d4-site/d4/C2Data-1711-Type1;73886.0000;DATA;1612720042.522247
/ndn/d0-site/d0/C2Data-70-Type6;192541.0000;DATA;1612720042.768759
/ndn/s4-site/s4/C2Data-2921-Type1;6003121.0000;TIMEOUT;1612720037.770194
/ndn/d7-site/d7/C2Data-2074-Type2;125368.0000;DATA;1612720043.823793
/ndn/s0-site/s0/C2Data-2437-Type1;6001251.0000;TIMEOUT;1612720038.610338
/ndn/d5-site/d5/C2Data-1832-Type2;26955.0000;DATA;1612720047.096338
/ndn/d6-site/d6/C2Data-1953-Type2;194025.0000;DATA;1612720047.027102
/ndn/v0-site/v0/C2Data-3647-Type1;111330.0000;DATA;1612720047.305194
/ndn/s0-site/s0/C2Data-1228-Type3;6000582.0000;TIMEOUT;1612720042.089577
/ndn/d3-site/d3/C2Data-801-Type3;267568.0000;DATA;1612720052.658273
/ndn/h0-site/h0/C2Data-8-Type3;57401.0000;DATA;1612720053.804325
/ndn/d0-site/d0/C2Data-1228-Type1;204110.0000;DATA;1612720066.552608
/ndn/v4-site/v4/C2Data-4132-Type2;279626.0000;DATA;1612720067.105549
/ndn/d5-site/d5/C2Data-1833-Type2;25623.0000;DATA;1612720067.427677
/ndn/v0-site/v0/C2Data-3648-Type1;109127.0000;DATA;1612720067.594246
/ndn/d6-site/d6/C2Data-1954-Type1;209463.0000;DATA;1612720067.851445
/ndn/d9-site/d9/C2Data-478-Type4;27457.0000;DATA;1612720075.351821
/ndn/v9-site/v9/C2Data-4737-Type1;54044.0000;DATA;1612720077.922790
/ndn/s7-site/s7/C2Data-3285-Type2;6004946.0000;TIMEOUT;1612720077.572199
/ndn/v0-site/v0/C2Data-261-Type5;108084.0000;DATA;1612720088.060030
/ndn/v7-site/v7/C2Data-352-Type5;55187.0000;DATA;1612720088.834860
/ndn/v9-site/v9/C2Data-728-Type4;50452.0000;DATA;1612720090.748799
/ndn/d9-site/d9/C2Data-1168-Type3;24856.0000;DATA;1612720093.060476
/ndn/v0-site/v0/C2Data-1839-Type3;94939.0000;DATA;1612720094.070979
/ndn/v1-site/v1/C2Data-528-Type4;121950.0000;DATA;1612720094.075052
/ndn/h2-site/h2/C2Data-131-Type3;197167.0000;DATA;1612720094.630531
/ndn/s5-site/s5/C2Data-1534-Type3;6000822.0000;TIMEOUT;1612720090.567516
/ndn/v2-site/v2/C2Data-3891-Type2;153622.0000;DATA;1612720098.013446
/ndn/s6-site/s6/C2Data-1595-Type3;6000745.0000;TIMEOUT;1612720093.557514
/ndn/d7-site/d7/C2Data-1046-Type3;132137.0000;DATA;1612720099.781094
/ndn/h9-site/h9/C2Data-1108-Type1;114928.0000;DATA;1612720099.985856
/ndn/v8-site/v8/C2Data-2327-Type3;145598.0000;DATA;1612720100.873632
/ndn/h4-site/h4/C2Data-503-Type1;126621.0000;DATA;1612720102.109337
