/ndn/h1-site/h1/C2Data-121-Type2;140847.0000;DATA;1611605089.213936
/ndn/h11-site/h11/C2Data-1331-Type1;126683.0000;DATA;1611605090.892027
/ndn/d14-site/d14/C2Data-3509-Type1;101489.0000;DATA;1611605091.504041
/ndn/d11-site/d11/C2Data-3146-Type2;221085.0000;DATA;1611605092.466046
/ndn/h4-site/h4/C2Data-484-Type2;92619.0000;DATA;1611605094.885005
/ndn/v12-site/v12/C2Data-6897-Type1;615.0000;NACK;1611605095.098973
/ndn/s13-site/s13/C2Data-5203-Type2;585.0000;NACK;1611605095.820980
/ndn/s1-site/s1/C2Data-3751-Type1;163234.0000;DATA;1611605096.253976
/ndn/v14-site/v14/C2Data-7139-Type1;506.0000;NACK;1611605099.345968
/ndn/s4-site/s4/C2Data-4114-Type1;26314.0000;DATA;1611605099.736068
/ndn/v7-site/v7/C2Data-3172-Type3;220818.0000;DATA;1611605116.274013
/ndn/s6-site/s6/C2Data-2196-Type3;121057.0000;DATA;1611605119.112944
/ndn/v4-site/v4/C2Data-2989-Type3;215943.0000;DATA;1611605119.458944
/ndn/h3-site/h3/C2Data-364-Type2;140944.0000;DATA;1611605119.944116
/ndn/d14-site/d14/C2Data-3510-Type2;97136.0000;DATA;1611605120.270969
/ndn/v1-site/v1/C2Data-5567-Type2;283878.0000;DATA;1611605120.683034
/ndn/s10-site/s10/C2Data-4841-Type1;23780.0000;DATA;1611605121.173047
/ndn/v9-site/v9/C2Data-6535-Type1;687.0000;NACK;1611605122.594994
/ndn/s12-site/s12/C2Data-5083-Type2;429.0000;NACK;1611605122.836908
/ndn/s7-site/s7/C2Data-2257-Type3;73738.0000;DATA;1611605123.074965
/ndn/d6-site/d6/C2Data-1281-Type3;271432.0000;DATA;1611605122.984096
/ndn/s13-site/s13/C2Data-5204-Type1;603.0000;NACK;1611605125.390005
/ndn/d3-site/d3/C2Data-1098-Type3;168605.0000;DATA;1611605125.235004
/ndn/v14-site/v14/C2Data-7140-Type2;49444.0000;DATA;1611605125.470010
/ndn/s5-site/s5/C2Data-4236-Type2;47354.0000;DATA;1611605127.263986
/ndn/d8-site/d8/C2Data-2784-Type2;48978.0000;DATA;1611605127.377969
/ndn/v2-site/v2/C2Data-2867-Type3;46680.0000;DATA;1611605131.876974
/ndn/s14-site/s14/C2Data-2684-Type3;120029.0000;DATA;1611605136.207044
/ndn/h6-site/h6/C2Data-728-Type1;167804.0000;DATA;1611605150.539016
/ndn/s12-site/s12/C2Data-5084-Type1;123289.0000;DATA;1611605150.826005
/ndn/s8-site/s8/C2Data-4600-Type1;73334.0000;DATA;1611605151.357001
/ndn/h3-site/h3/C2Data-365-Type2;303594.0000;DATA;1611605151.606037
/ndn/v14-site/v14/C2Data-7141-Type2;137555.0000;DATA;1611605155.438936
/ndn/s6-site/s6/C2Data-4358-Type1;290717.0000;DATA;1611605156.666044
/ndn/v2-site/v2/C2Data-5689-Type2;238828.0000;DATA;1611605157.021103
/ndn/s1-site/s1/C2Data-3753-Type2;99734.0000;DATA;1611605158.991907
/ndn/v13-site/v13/C2Data-7020-Type1;94955.0000;DATA;1611605159.686379
/ndn/h0-site/h0/C2Data-1-Type3;174762.0000;DATA;1611605173.462975
/ndn/d12-site/d12/C2Data-1648-Type3;206583.0000;DATA;1611605173.935005
/ndn/d6-site/d6/C2Data-1282-Type3;280232.0000;DATA;1611605174.388954
/ndn/d10-site/d10/C2Data-1526-Type3;218299.0000;DATA;1611605175.101596
/ndn/d9-site/d9/C2Data-1465-Type3;231736.0000;DATA;1611605176.225019
/ndn/v11-site/v11/C2Data-3417-Type3;116314.0000;DATA;1611605176.676017
/ndn/h14-site/h14/C2Data-1697-Type1;50195.0000;DATA;1611605179.114019
/ndn/s11-site/s11/C2Data-4964-Type1;266785.0000;DATA;1611605179.432706
/ndn/d2-site/d2/C2Data-1038-Type3;138618.0000;DATA;1611605179.722974
/ndn/d5-site/d5/C2Data-1221-Type3;97739.0000;DATA;1611605179.951011
/ndn/h1-site/h1/C2Data-124-Type2;147689.0000;DATA;1611605180.525104
/ndn/s7-site/s7/C2Data-2258-Type3;116156.0000;DATA;1611605180.670968
/ndn/v8-site/v8/C2Data-6416-Type1;237902.0000;DATA;1611605180.775107
/ndn/s2-site/s2/C2Data-1953-Type3;72123.0000;DATA;1611605181.064022
/ndn/h6-site/h6/C2Data-729-Type2;220429.0000;DATA;1611605182.829919
/ndn/v8-site/v8/C2Data-3234-Type3;126306.0000;DATA;1611605182.927934
/ndn/s14-site/s14/C2Data-5327-Type2;121636.0000;DATA;1611605183.378044
/ndn/v14-site/v14/C2Data-3600-Type3;46382.0000;DATA;1611605184.140010
/ndn/d11-site/d11/C2Data-1587-Type3;123040.0000;DATA;1611605184.796903
/ndn/s9-site/s9/C2Data-4722-Type2;47385.0000;DATA;1611605186.062538
/ndn/v6-site/v6/C2Data-6174-Type2;117514.0000;DATA;1611605186.153901
/ndn/s11-site/s11/C2Data-2502-Type3;139998.0000;DATA;1611605186.961977
/ndn/d9-site/d9/C2Data-2907-Type1;218481.0000;DATA;1611605187.053956
/ndn/s3-site/s3/C2Data-3996-Type2;123922.0000;DATA;1611605187.216983
/ndn/v2-site/v2/C2Data-800-Type4;234127.0000;DATA;1611605187.658003
/ndn/s2-site/s2/C2Data-3875-Type1;47482.0000;DATA;1611605188.630994
/ndn/d5-site/d5/C2Data-2423-Type1;194780.0000;DATA;1611605189.118981
/ndn/v3-site/v3/C2Data-5811-Type1;115740.0000;DATA;1611605190.953033
/ndn/v1-site/v1/C2Data-775-Type4;46136.0000;DATA;1611605192.238043
/ndn/v2-site/v2/C2Data-2868-Type3;54554.0000;DATA;1611605195.029999
/ndn/s6-site/s6/C2Data-2197-Type3;46719.0000;DATA;1611605197.048027
/ndn/d4-site/d4/C2Data-475-Type4;174698.0000;DATA;1611605206.793969
/ndn/d12-site/d12/C2Data-675-Type4;99888.0000;DATA;1611605207.550473
/ndn/s12-site/s12/C2Data-5086-Type1;264161.0000;DATA;1611605209.468969
/ndn/v13-site/v13/C2Data-7022-Type1;103614.0000;DATA;1611605211.559972
/ndn/v3-site/v3/C2Data-5812-Type1;49583.0000;DATA;1611605211.771970
/ndn/h14-site/h14/C2Data-1698-Type1;47169.0000;DATA;1611605211.882004
/ndn/h13-site/h13/C2Data-1577-Type2;126502.0000;DATA;1611605212.030930
/ndn/s0-site/s0/C2Data-3634-Type1;167641.0000;DATA;1611605212.102921
/ndn/s2-site/s2/C2Data-3876-Type2;96097.0000;DATA;1611605212.640977
/ndn/d13-site/d13/C2Data-3392-Type1;124970.0000;DATA;1611605212.642161
/ndn/s8-site/s8/C2Data-4602-Type1;71449.0000;DATA;1611605213.693915
/ndn/v5-site/v5/C2Data-6054-Type2;247197.0000;DATA;1611605213.573881
/ndn/s0-site/s0/C2Data-3634-Type2;166459.0000;DATA;1611605214.052026
/ndn/v11-site/v11/C2Data-6780-Type2;47318.0000;DATA;1611605215.752093
/ndn/v14-site/v14/C2Data-7143-Type1;51226.0000;DATA;1611605216.263163
/ndn/h1-site/h1/C2Data-125-Type2;123626.0000;DATA;1611605216.713965
/ndn/d10-site/d10/C2Data-625-Type4;46600.0000;DATA;1611605216.999998
/ndn/h2-site/h2/C2Data-246-Type2;25026.0000;DATA;1611605217.348972
/ndn/s1-site/s1/C2Data-3755-Type1;287784.0000;DATA;1611605217.838001
/ndn/h2-site/h2/C2Data-246-Type1;24176.0000;DATA;1611605218.315050
/ndn/d12-site/d12/C2Data-3271-Type1;127083.0000;DATA;1611605218.495933
/ndn/d11-site/d11/C2Data-3150-Type2;99111.0000;DATA;1611605218.661149
/ndn/h13-site/h13/C2Data-1577-Type1;121696.0000;DATA;1611605219.032067
/ndn/s3-site/s3/C2Data-3997-Type1;50209.0000;DATA;1611605219.368021
/ndn/h5-site/h5/C2Data-125-Type4;130311.0000;DATA;1611605221.273314
/ndn/h14-site/h14/C2Data-350-Type4;52263.0000;DATA;1611605222.233603
/ndn/h2-site/h2/C2Data-50-Type4;25196.0000;DATA;1611605225.832060
/ndn/d8-site/d8/C2Data-575-Type4;67301.0000;DATA;1611605227.608131
/ndn/s9-site/s9/C2Data-2381-Type3;48332.0000;DATA;1611605237.480965
/ndn/d10-site/d10/C2Data-1527-Type3;214013.0000;DATA;1611605238.116939
/ndn/s3-site/s3/C2Data-2015-Type3;94291.0000;DATA;1611605239.842976
/ndn/d5-site/d5/C2Data-2425-Type1;192486.0000;DATA;1611605240.187003
/ndn/s3-site/s3/C2Data-3998-Type2;117393.0000;DATA;1611605240.634040
/ndn/d10-site/d10/C2Data-3030-Type1;209912.0000;DATA;1611605240.878006
/ndn/d14-site/d14/C2Data-725-Type4;70287.0000;DATA;1611605241.148968
/ndn/v6-site/v6/C2Data-6176-Type2;117692.0000;DATA;1611605242.201006
/ndn/s9-site/s9/C2Data-4724-Type2;100104.0000;DATA;1611605242.919091
/ndn/s4-site/s4/C2Data-4119-Type1;25716.0000;DATA;1611605244.968976
/ndn/d8-site/d8/C2Data-1405-Type3;46764.0000;DATA;1611605244.988076
/ndn/h1-site/h1/C2Data-126-Type1;152501.0000;DATA;1611605246.395913
/ndn/v10-site/v10/C2Data-6660-Type2;233692.0000;DATA;1611605247.023905
/ndn/s5-site/s5/C2Data-4240-Type2;48113.0000;DATA;1611605247.378977
/ndn/s4-site/s4/C2Data-2076-Type3;23973.0000;DATA;1611605247.561985
/ndn/s0-site/s0/C2Data-3635-Type2;143202.0000;DATA;1611605248.034003
/ndn/h0-site/h0/C2Data-2-Type3;71486.0000;DATA;1611605248.207068
/ndn/d5-site/d5/C2Data-2425-Type2;122076.0000;DATA;1611605249.311994
/ndn/d12-site/d12/C2Data-3272-Type2;47494.0000;DATA;1611605249.941943
/ndn/d9-site/d9/C2Data-1466-Type3;47692.0000;DATA;1611605250.183006
/ndn/h10-site/h10/C2Data-612-Type3;140891.0000;DATA;1611605250.777936
/ndn/h2-site/h2/C2Data-247-Type1;24937.0000;DATA;1611605251.042938
/ndn/v11-site/v11/C2Data-6781-Type2;127975.0000;DATA;1611605251.036006
/ndn/s10-site/s10/C2Data-2442-Type3;26048.0000;DATA;1611605254.447962
/ndn/h14-site/h14/C2Data-856-Type3;48981.0000;DATA;1611605255.113997
/ndn/v3-site/v3/C2Data-2930-Type3;143566.0000;DATA;1611605256.141012
/ndn/s0-site/s0/C2Data-1832-Type3;48983.0000;DATA;1611605257.054920
/ndn/s12-site/s12/C2Data-5088-Type2;271848.0000;DATA;1611605269.743013
/ndn/d12-site/d12/C2Data-3273-Type2;222394.0000;DATA;1611605271.155126
/ndn/d1-site/d1/C2Data-1942-Type2;46736.0000;DATA;1611605271.332040
/ndn/d3-site/d3/C2Data-2184-Type1;265472.0000;DATA;1611605271.866093
/ndn/v9-site/v9/C2Data-6540-Type1;238693.0000;DATA;1611605273.511058
/ndn/s8-site/s8/C2Data-4604-Type2;70594.0000;DATA;1611605274.049923
/ndn/v4-site/v4/C2Data-5935-Type2;212232.0000;DATA;1611605275.777934
/ndn/d2-site/d2/C2Data-2063-Type2;169023.0000;DATA;1611605276.547914
/ndn/s1-site/s1/C2Data-3757-Type2;125576.0000;DATA;1611605278.501025
/ndn/d9-site/d9/C2Data-2910-Type1;121010.0000;DATA;1611605279.127950
/ndn/s11-site/s11/C2Data-4967-Type2;264324.0000;DATA;1611605279.122015
/ndn/d14-site/d14/C2Data-3515-Type1;98487.0000;DATA;1611605279.743993
/ndn/s10-site/s10/C2Data-4846-Type2;23360.0000;DATA;1611605280.415017
/ndn/h1-site/h1/C2Data-127-Type2;143348.0000;DATA;1611605280.742935
/ndn/h4-site/h4/C2Data-247-Type3;219144.0000;DATA;1611605293.203973
/ndn/h8-site/h8/C2Data-491-Type3;141978.0000;DATA;1611605298.716990
/ndn/h13-site/h13/C2Data-796-Type3;46761.0000;DATA;1611605300.520926
/ndn/h0-site/h0/C2Data-3-Type3;96897.0000;DATA;1611605301.754974
/ndn/s3-site/s3/C2Data-4000-Type1;174949.0000;DATA;1611605302.333960
/ndn/v0-site/v0/C2Data-5452-Type2;170263.0000;DATA;1611605303.192015
/ndn/d1-site/d1/C2Data-979-Type3;50587.0000;DATA;1611605304.695015
