/ndn/d11-site/d11/C2Data-3146-Type2;120104.0000;DATA;1611602585.104446
/ndn/s7-site/s7/C2Data-4477-Type2;213464.0000;DATA;1611602587.805525
/ndn/v3-site/v3/C2Data-5808-Type1;72794.0000;DATA;1611602588.239702
/ndn/d6-site/d6/C2Data-2541-Type2;71356.0000;DATA;1611602588.869521
/ndn/v1-site/v1/C2Data-5566-Type2;187437.0000;DATA;1611602589.381600
/ndn/v2-site/v2/C2Data-5687-Type2;72991.0000;DATA;1611602589.530454
/ndn/s4-site/s4/C2Data-4114-Type1;539.0000;NACK;1611602589.679542
/ndn/h4-site/h4/C2Data-484-Type2;70377.0000;DATA;1611602591.403486
/ndn/d12-site/d12/C2Data-3267-Type2;93890.0000;DATA;1611602593.528583
/ndn/v14-site/v14/C2Data-7139-Type1;49854.0000;DATA;1611602594.520463
/ndn/s6-site/s6/C2Data-4356-Type2;93977.0000;DATA;1611602595.172229
/ndn/s12-site/s12/C2Data-5082-Type2;119493.0000;DATA;1611602596.010531
/ndn/d0-site/d0/C2Data-1816-Type1;96088.0000;DATA;1611602616.166419
/ndn/v5-site/v5/C2Data-3050-Type3;186490.0000;DATA;1611602616.729432
/ndn/h3-site/h3/C2Data-364-Type1;137964.0000;DATA;1611602617.396485
/ndn/s6-site/s6/C2Data-2196-Type3;96092.0000;DATA;1611602617.895598
/ndn/v3-site/v3/C2Data-2928-Type3;69787.0000;DATA;1611602618.045589
/ndn/s12-site/s12/C2Data-5083-Type2;121297.0000;DATA;1611602619.306521
/ndn/s7-site/s7/C2Data-2257-Type3;188248.0000;DATA;1611602619.798206
/ndn/s13-site/s13/C2Data-5204-Type1;144487.0000;DATA;1611602620.177440
/ndn/v3-site/v3/C2Data-5809-Type2;75877.0000;DATA;1611602620.987441
/ndn/d4-site/d4/C2Data-2300-Type2;164275.0000;DATA;1611602621.535528
/ndn/h12-site/h12/C2Data-732-Type3;198088.0000;DATA;1611602622.336772
/ndn/v7-site/v7/C2Data-3172-Type3;146856.0000;DATA;1611602623.235324
/ndn/v6-site/v6/C2Data-3111-Type3;119149.0000;DATA;1611602623.879512
/ndn/s10-site/s10/C2Data-4841-Type2;175512.0000;DATA;1611602624.919428
/ndn/d5-site/d5/C2Data-1220-Type3;48654.0000;DATA;1611602625.438239
/ndn/d3-site/d3/C2Data-1098-Type3;71853.0000;DATA;1611602625.610506
/ndn/s11-site/s11/C2Data-4962-Type2;119971.0000;DATA;1611602625.958473
/ndn/h13-site/h13/C2Data-793-Type3;76232.0000;DATA;1611602629.172323
/ndn/v2-site/v2/C2Data-2867-Type3;73217.0000;DATA;1611602630.417492
/ndn/v13-site/v13/C2Data-7020-Type1;94067.0000;DATA;1611602648.061573
/ndn/d13-site/d13/C2Data-3390-Type1;139869.0000;DATA;1611602648.030518
/ndn/h0-site/h0/C2Data-2-Type1;98854.0000;DATA;1611602648.157594
/ndn/v2-site/v2/C2Data-5689-Type2;71242.0000;DATA;1611602648.571522
/ndn/s1-site/s1/C2Data-3753-Type1;57992.0000;DATA;1611602648.883418
/ndn/v8-site/v8/C2Data-6415-Type2;100586.0000;DATA;1611602649.050520
/ndn/h14-site/h14/C2Data-1696-Type2;140221.0000;DATA;1611602649.725538
/ndn/h2-site/h2/C2Data-244-Type2;193226.0000;DATA;1611602650.090525
/ndn/h3-site/h3/C2Data-365-Type2;139222.0000;DATA;1611602650.413510
/ndn/s10-site/s10/C2Data-4842-Type2;164854.0000;DATA;1611602650.665483
/ndn/v1-site/v1/C2Data-5568-Type2;163134.0000;DATA;1611602650.785512
/ndn/d14-site/d14/C2Data-3511-Type2;144448.0000;DATA;1611602651.270047
/ndn/s4-site/s4/C2Data-4116-Type1;190335.0000;DATA;1611602652.882441
/ndn/d5-site/d5/C2Data-2422-Type2;49339.0000;DATA;1611602655.709418
/ndn/s3-site/s3/C2Data-2014-Type3;137313.0000;DATA;1611602673.292486
/ndn/s12-site/s12/C2Data-2563-Type3;124188.0000;DATA;1611602673.443446
/ndn/v2-site/v2/C2Data-2868-Type3;69177.0000;DATA;1611602675.444511
/ndn/s8-site/s8/C2Data-4601-Type1;122798.0000;DATA;1611602676.384509
/ndn/h0-site/h0/C2Data-1-Type3;93036.0000;DATA;1611602676.757422
/ndn/d9-site/d9/C2Data-1465-Type3;24347.0000;DATA;1611602677.966483
/ndn/v14-site/v14/C2Data-3600-Type3;49671.0000;DATA;1611602678.100430
/ndn/s6-site/s6/C2Data-2197-Type3;6000233.0000;TIMEOUT;1611602672.471494
/ndn/d3-site/d3/C2Data-1099-Type3;71065.0000;DATA;1611602678.441575
/ndn/v11-site/v11/C2Data-3417-Type3;143098.0000;DATA;1611602678.701610
/ndn/d8-site/d8/C2Data-1404-Type3;131415.0000;DATA;1611602679.031489
/ndn/s9-site/s9/C2Data-2380-Type3;48415.0000;DATA;1611602679.285498
/ndn/h7-site/h7/C2Data-850-Type2;120968.0000;DATA;1611602680.972527
/ndn/v13-site/v13/C2Data-7021-Type2;95194.0000;DATA;1611602681.426597
/ndn/h1-site/h1/C2Data-124-Type2;139654.0000;DATA;1611602683.607426
/ndn/d10-site/d10/C2Data-1526-Type3;78344.0000;DATA;1611602683.899503
/ndn/v9-site/v9/C2Data-6537-Type1;100975.0000;DATA;1611602685.610460
/ndn/v4-site/v4/C2Data-850-Type4;193331.0000;DATA;1611602686.354503
/ndn/v6-site/v6/C2Data-3112-Type3;121364.0000;DATA;1611602687.477650
/ndn/v14-site/v14/C2Data-1100-Type4;53860.0000;DATA;1611602687.667534
/ndn/s11-site/s11/C2Data-4964-Type1;6003846.0000;TIMEOUT;1611602682.437562
/ndn/s9-site/s9/C2Data-4722-Type1;6000248.0000;TIMEOUT;1611602682.908472
/ndn/v13-site/v13/C2Data-3539-Type3;101316.0000;DATA;1611602688.960513
/ndn/s0-site/s0/C2Data-1831-Type3;6010499.0000;TIMEOUT;1611602683.935580
/ndn/s11-site/s11/C2Data-2502-Type3;6000378.0000;TIMEOUT;1611602684.393458
/ndn/s10-site/s10/C2Data-4843-Type2;6000541.0000;TIMEOUT;1611602684.411466
/ndn/h5-site/h5/C2Data-306-Type3;23833.0000;DATA;1611602690.447524
/ndn/h2-site/h2/C2Data-50-Type4;205928.0000;DATA;1611602704.288473
/ndn/d0-site/d0/C2Data-1819-Type2;91832.0000;DATA;1611602706.050515
/ndn/h7-site/h7/C2Data-851-Type1;120538.0000;DATA;1611602706.614657
/ndn/h6-site/h6/C2Data-730-Type2;75016.0000;DATA;1611602706.891554
/ndn/v3-site/v3/C2Data-5812-Type2;75526.0000;DATA;1611602707.919440
/ndn/h14-site/h14/C2Data-1698-Type1;144002.0000;DATA;1611602708.025682
/ndn/h1-site/h1/C2Data-125-Type1;148357.0000;DATA;1611602709.636507
/ndn/h0-site/h0/C2Data-4-Type2;106760.0000;DATA;1611602713.119434
/ndn/d11-site/d11/C2Data-3150-Type1;120327.0000;DATA;1611602713.896640
/ndn/v0-site/v0/C2Data-5449-Type2;82730.0000;DATA;1611602714.452426
/ndn/d2-site/d2/C2Data-2061-Type2;124308.0000;DATA;1611602715.175468
/ndn/h12-site/h12/C2Data-1456-Type2;190410.0000;DATA;1611602716.264487
/ndn/h14-site/h14/C2Data-350-Type4;85909.0000;DATA;1611602718.894535
/ndn/h4-site/h4/C2Data-100-Type4;72052.0000;DATA;1611602724.710493
/ndn/d2-site/d2/C2Data-1039-Type3;116256.0000;DATA;1611602729.497518
/ndn/v3-site/v3/C2Data-825-Type4;71641.0000;DATA;1611602729.569433
/ndn/h0-site/h0/C2Data-2-Type3;98122.0000;DATA;1611602732.841605
/ndn/h13-site/h13/C2Data-325-Type4;71694.0000;DATA;1611602733.207518
/ndn/h3-site/h3/C2Data-368-Type2;153228.0000;DATA;1611602735.813519
/ndn/v5-site/v5/C2Data-875-Type4;192091.0000;DATA;1611602735.999513
/ndn/h8-site/h8/C2Data-490-Type3;25007.0000;DATA;1611602738.724482
/ndn/v3-site/v3/C2Data-5813-Type1;69592.0000;DATA;1611602738.873525
/ndn/d4-site/d4/C2Data-1161-Type3;170509.0000;DATA;1611602739.441517
/ndn/h11-site/h11/C2Data-673-Type3;170373.0000;DATA;1611602740.164603
/ndn/s10-site/s10/C2Data-2442-Type3;6000238.0000;TIMEOUT;1611602734.469588
/ndn/d4-site/d4/C2Data-2304-Type1;166764.0000;DATA;1611602740.869425
/ndn/h10-site/h10/C2Data-612-Type3;95924.0000;DATA;1611602741.261491
/ndn/v10-site/v10/C2Data-6660-Type2;74160.0000;DATA;1611602741.355466
/ndn/s9-site/s9/C2Data-2381-Type3;6000243.0000;TIMEOUT;1611602735.518421
/ndn/s7-site/s7/C2Data-4482-Type2;6000276.0000;TIMEOUT;1611602737.039555
/ndn/h2-site/h2/C2Data-124-Type3;192709.0000;DATA;1611602742.896473
/ndn/v5-site/v5/C2Data-6055-Type2;192531.0000;DATA;1611602744.177482
/ndn/v8-site/v8/C2Data-6418-Type1;97532.0000;DATA;1611602745.215461
/ndn/h7-site/h7/C2Data-852-Type2;116054.0000;DATA;1611602745.759518
/ndn/d6-site/d6/C2Data-1283-Type3;74074.0000;DATA;1611602746.382489
/ndn/h5-site/h5/C2Data-610-Type2;23742.0000;DATA;1611602746.503482
/ndn/d13-site/d13/C2Data-3393-Type1;146510.0000;DATA;1611602746.536514
/ndn/v14-site/v14/C2Data-3601-Type3;47628.0000;DATA;1611602747.628664
/ndn/h14-site/h14/C2Data-856-Type3;143222.0000;DATA;1611602748.161387
/ndn/s4-site/s4/C2Data-4119-Type1;6000863.0000;TIMEOUT;1611602743.665563
/ndn/s13-site/s13/C2Data-2625-Type3;6000307.0000;TIMEOUT;1611602744.616488
/ndn/d1-site/d1/C2Data-978-Type3;175954.0000;DATA;1611602752.051535
/ndn/s0-site/s0/C2Data-3635-Type2;6000260.0000;TIMEOUT;1611602746.545547
/ndn/v8-site/v8/C2Data-6419-Type1;99151.0000;DATA;1611602765.795508
/ndn/h7-site/h7/C2Data-853-Type1;123957.0000;DATA;1611602765.958430
/ndn/h8-site/h8/C2Data-974-Type2;27518.0000;DATA;1611602766.435510
/ndn/h6-site/h6/C2Data-732-Type1;73112.0000;DATA;1611602767.201440
/ndn/d5-site/d5/C2Data-2426-Type1;47142.0000;DATA;1611602769.153565
/ndn/v5-site/v5/C2Data-6056-Type2;191230.0000;DATA;1611602769.127529
/ndn/v12-site/v12/C2Data-6903-Type1;174923.0000;DATA;1611602770.004532
/ndn/h5-site/h5/C2Data-611-Type2;26583.0000;DATA;1611602771.050523
/ndn/s11-site/s11/C2Data-4967-Type1;6000244.0000;TIMEOUT;1611602765.160518
/ndn/h2-site/h2/C2Data-248-Type1;189948.0000;DATA;1611602772.316432
/ndn/v14-site/v14/C2Data-7145-Type2;51235.0000;DATA;1611602772.787491
/ndn/v5-site/v5/C2Data-6056-Type1;192915.0000;DATA;1611602773.105641
/ndn/d7-site/d7/C2Data-2668-Type2;49657.0000;DATA;1611602774.112525
/ndn/v9-site/v9/C2Data-6540-Type2;102341.0000;DATA;1611602774.666497
/ndn/v6-site/v6/C2Data-6177-Type1;118224.0000;DATA;1611602776.085543
/ndn/h3-site/h3/C2Data-369-Type2;138737.0000;DATA;1611602776.114508
/ndn/s7-site/s7/C2Data-4483-Type2;6000366.0000;TIMEOUT;1611602771.124487
/ndn/h13-site/h13/C2Data-796-Type3;70682.0000;DATA;1611602789.761448
/ndn/s9-site/s9/C2Data-2382-Type3;6000383.0000;TIMEOUT;1611602789.005940
/ndn/v7-site/v7/C2Data-3175-Type3;140527.0000;DATA;1611602795.031477
/ndn/v12-site/v12/C2Data-3480-Type3;169805.0000;DATA;1611602795.929507
/ndn/h13-site/h13/C2Data-1580-Type2;74155.0000;DATA;1611602797.367490
/ndn/h2-site/h2/C2Data-249-Type2;186504.0000;DATA;1611602797.257489
/ndn/v6-site/v6/C2Data-3114-Type3;120015.0000;DATA;1611602798.206603
/ndn/s4-site/s4/C2Data-2077-Type3;6000346.0000;TIMEOUT;1611602792.450593
/ndn/v1-site/v1/C2Data-2809-Type3;164677.0000;DATA;1611602798.494519
/ndn/h3-site/h3/C2Data-370-Type2;140837.0000;DATA;1611602798.756477
/ndn/d9-site/d9/C2Data-2911-Type1;24912.0000;DATA;1611602800.100455
/ndn/s10-site/s10/C2Data-2443-Type3;6000944.0000;TIMEOUT;1611602794.425647
/ndn/h3-site/h3/C2Data-186-Type3;139999.0000;DATA;1611602800.368495
