/ndn/s6-site/s6/C2Data-4356-Type2;193727.0000;DATA;1611606833.497302
/ndn/v7-site/v7/C2Data-6292-Type1;50186.0000;DATA;1611606835.212276
/ndn/s10-site/s10/C2Data-4840-Type2;652.0000;NACK;1611606835.867174
/ndn/h14-site/h14/C2Data-1694-Type2;573.0000;NACK;1611606836.908171
/ndn/v8-site/v8/C2Data-6413-Type2;522.0000;NACK;1611606837.050377
/ndn/d5-site/d5/C2Data-2420-Type1;248063.0000;DATA;1611606836.806298
/ndn/h1-site/h1/C2Data-121-Type1;163867.0000;DATA;1611606839.513285
/ndn/h4-site/h4/C2Data-484-Type1;142149.0000;DATA;1611606840.728216
/ndn/s12-site/s12/C2Data-5082-Type2;312056.0000;DATA;1611606840.643251
/ndn/d9-site/d9/C2Data-2904-Type1;168602.0000;DATA;1611606842.425246
/ndn/d0-site/d0/C2Data-1815-Type2;124308.0000;DATA;1611606843.595240
/ndn/d2-site/d2/C2Data-1037-Type3;151210.0000;DATA;1611606857.193601
/ndn/h1-site/h1/C2Data-61-Type3;180263.0000;DATA;1611606858.106299
/ndn/s6-site/s6/C2Data-2196-Type3;196207.0000;DATA;1611606858.425158
/ndn/h9-site/h9/C2Data-549-Type3;195533.0000;DATA;1611606858.815199
/ndn/v8-site/v8/C2Data-3233-Type3;586.0000;NACK;1611606860.058165
/ndn/h14-site/h14/C2Data-854-Type3;504.0000;NACK;1611606861.171260
/ndn/v10-site/v10/C2Data-6656-Type1;142113.0000;DATA;1611606863.343302
/ndn/h8-site/h8/C2Data-969-Type2;191037.0000;DATA;1611606864.908247
/ndn/d4-site/d4/C2Data-2300-Type2;214305.0000;DATA;1611606864.909160
/ndn/d0-site/d0/C2Data-1816-Type1;118986.0000;DATA;1611606865.726185
/ndn/h10-site/h10/C2Data-610-Type3;191916.0000;DATA;1611606867.795234
/ndn/h3-site/h3/C2Data-364-Type1;48730.0000;DATA;1611606868.699260
/ndn/h11-site/h11/C2Data-1332-Type2;213573.0000;DATA;1611606868.665236
/ndn/d2-site/d2/C2Data-2058-Type2;139436.0000;DATA;1611606869.484309
/ndn/s5-site/s5/C2Data-2135-Type3;115376.0000;DATA;1611606870.386265
/ndn/s14-site/s14/C2Data-5325-Type2;222344.0000;DATA;1611606870.487310
/ndn/d5-site/d5/C2Data-2421-Type1;245182.0000;DATA;1611606870.688310
/ndn/h12-site/h12/C2Data-732-Type3;224082.0000;DATA;1611606873.509297
/ndn/s10-site/s10/C2Data-4841-Type2;283482.0000;DATA;1611606873.545336
/ndn/h4-site/h4/C2Data-244-Type3;275124.0000;DATA;1611606877.192292
/ndn/d9-site/d9/C2Data-1464-Type3;175872.0000;DATA;1611606878.158005
/ndn/v12-site/v12/C2Data-6899-Type2;23894.0000;DATA;1611606892.433236
/ndn/d0-site/d0/C2Data-1817-Type1;119913.0000;DATA;1611606893.538255
/ndn/h0-site/h0/C2Data-2-Type1;282624.0000;DATA;1611606893.983252
/ndn/d6-site/d6/C2Data-2543-Type1;217129.0000;DATA;1611606896.617215
/ndn/v11-site/v11/C2Data-6778-Type1;207520.0000;DATA;1611606898.603287
/ndn/v1-site/v1/C2Data-5568-Type1;24521.0000;DATA;1611606899.230240
/ndn/h4-site/h4/C2Data-486-Type2;262077.0000;DATA;1611606899.146185
/ndn/v5-site/v5/C2Data-6052-Type1;28060.0000;DATA;1611606901.268241
/ndn/d13-site/d13/C2Data-3390-Type2;187946.0000;DATA;1611606901.244262
/ndn/v6-site/v6/C2Data-6173-Type1;168641.0000;NACK;1611606901.636353
/ndn/d11-site/d11/C2Data-3148-Type2;70936.0000;DATA;1611606902.025163
/ndn/d12-site/d12/C2Data-3269-Type2;94807.0000;DATA;1611606902.364279
/ndn/v6-site/v6/C2Data-6173-Type2;170563.0000;NACK;1611606902.504281
/ndn/s10-site/s10/C2Data-4842-Type1;286064.0000;DATA;1611606903.544281
/ndn/s4-site/s4/C2Data-4116-Type2;332781.0000;DATA;1611606904.094242
/ndn/v14-site/v14/C2Data-3600-Type3;242676.0000;DATA;1611606920.705220
/ndn/s9-site/s9/C2Data-2380-Type3;247388.0000;DATA;1611606920.891268
/ndn/d13-site/d13/C2Data-1709-Type3;195655.0000;DATA;1611606923.256229
/ndn/d8-site/d8/C2Data-1404-Type3;121531.0000;DATA;1611606925.388192
/ndn/v5-site/v5/C2Data-6053-Type1;24349.0000;DATA;1611606926.916181
/ndn/h12-site/h12/C2Data-733-Type3;310863.0000;DATA;1611606927.467188
/ndn/v3-site/v3/C2Data-5811-Type1;264426.0000;DATA;1611606927.934185
/ndn/h6-site/h6/C2Data-729-Type1;274375.0000;DATA;1611606928.661340
/ndn/s0-site/s0/C2Data-1831-Type3;6000241.0000;TIMEOUT;1611606923.043263
/ndn/d10-site/d10/C2Data-3028-Type1;264360.0000;DATA;1611606929.281257
/ndn/h1-site/h1/C2Data-124-Type2;162622.0000;DATA;1611606929.637245
/ndn/v9-site/v9/C2Data-3295-Type3;284475.0000;DATA;1611606929.538229
/ndn/s2-site/s2/C2Data-3875-Type1;6001106.0000;TIMEOUT;1611606924.122427
/ndn/s6-site/s6/C2Data-4359-Type2;6000263.0000;TIMEOUT;1611606925.407236
/ndn/v11-site/v11/C2Data-3417-Type3;180878.0000;DATA;1611606931.439326
/ndn/d10-site/d10/C2Data-1526-Type3;268252.0000;DATA;1611606931.762344
/ndn/v0-site/v0/C2Data-5448-Type1;212529.0000;DATA;1611606932.019251
/ndn/s2-site/s2/C2Data-1953-Type3;6000344.0000;TIMEOUT;1611606926.741157
/ndn/h4-site/h4/C2Data-245-Type3;264571.0000;DATA;1611606932.596253
/ndn/d6-site/d6/C2Data-2544-Type2;211081.0000;DATA;1611606933.320212
/ndn/s2-site/s2/C2Data-3875-Type2;6001567.0000;TIMEOUT;1611606928.420238
/ndn/v2-site/v2/C2Data-2868-Type3;172336.0000;DATA;1611606934.453255
/ndn/s11-site/s11/C2Data-4964-Type1;6002525.0000;TIMEOUT;1611606929.262274
/ndn/s14-site/s14/C2Data-2685-Type3;6001538.0000;TIMEOUT;1611606929.946412
/ndn/v7-site/v7/C2Data-925-Type4;50804.0000;DATA;1611606936.059251
/ndn/d8-site/d8/C2Data-575-Type4;124875.0000;DATA;1611606936.185232
/ndn/h9-site/h9/C2Data-550-Type3;203826.0000;DATA;1611606937.731236
/ndn/h5-site/h5/C2Data-306-Type3;225496.0000;DATA;1611606938.078293
/ndn/s6-site/s6/C2Data-2197-Type3;6000366.0000;TIMEOUT;1611606932.680283
/ndn/s14-site/s14/C2Data-5327-Type1;6002113.0000;TIMEOUT;1611606933.849267
/ndn/v6-site/v6/C2Data-900-Type4;267128.0000;NACK;1611606941.858475
/ndn/v5-site/v5/C2Data-875-Type4;24300.0000;DATA;1611606944.222265
/ndn/d14-site/d14/C2Data-725-Type4;224082.0000;DATA;1611606946.974247
/ndn/v8-site/v8/C2Data-6417-Type1;287161.0000;DATA;1611606954.832249
/ndn/v0-site/v0/C2Data-5449-Type1;209770.0000;DATA;1611606956.962261
/ndn/h8-site/h8/C2Data-972-Type1;195105.0000;DATA;1611606956.994231
/ndn/h0-site/h0/C2Data-0-Type4;72065.0000;DATA;1611606957.406297
/ndn/v13-site/v13/C2Data-7022-Type1;239854.0000;DATA;1611606958.602261
/ndn/h6-site/h6/C2Data-150-Type4;282787.0000;DATA;1611606958.967193
/ndn/s1-site/s1/C2Data-3755-Type1;6000301.0000;TIMEOUT;1611606953.933172
/ndn/v0-site/v0/C2Data-750-Type4;211879.0000;DATA;1611606960.618257
/ndn/d6-site/d6/C2Data-2545-Type1;230103.0000;DATA;1611606960.831257
/ndn/s5-site/s5/C2Data-4239-Type1;6000309.0000;TIMEOUT;1611606955.789169
/ndn/h10-site/h10/C2Data-1214-Type2;187732.0000;DATA;1611606961.973175
/ndn/v2-site/v2/C2Data-800-Type4;167423.0000;DATA;1611606964.525322
/ndn/s9-site/s9/C2Data-4723-Type1;6000272.0000;TIMEOUT;1611606959.689301
/ndn/s7-site/s7/C2Data-4481-Type1;6010592.0000;TIMEOUT;1611606961.175923
/ndn/d10-site/d10/C2Data-625-Type4;265189.0000;DATA;1611606968.243288
/ndn/s7-site/s7/C2Data-4481-Type2;6000268.0000;TIMEOUT;1611606963.227268
/ndn/d11-site/d11/C2Data-1588-Type3;86991.0000;DATA;1611606976.552247
/ndn/h10-site/h10/C2Data-612-Type3;195482.0000;DATA;1611606977.181253
/ndn/d6-site/d6/C2Data-1283-Type3;219015.0000;DATA;1611606978.653194
/ndn/h1-site/h1/C2Data-63-Type3;167626.0000;DATA;1611606979.068261
/ndn/h12-site/h12/C2Data-734-Type3;321470.0000;DATA;1611606982.286172
/ndn/h2-site/h2/C2Data-50-Type4;306956.0000;DATA;1611606983.075174
/ndn/v5-site/v5/C2Data-3052-Type3;25977.0000;DATA;1611606983.932166
/ndn/h7-site/h7/C2Data-852-Type1;314207.0000;DATA;1611606983.895258
/ndn/d3-site/d3/C2Data-2183-Type1;193708.0000;DATA;1611606984.281214
/ndn/d1-site/d1/C2Data-1941-Type2;294417.0000;DATA;1611606984.188470
/ndn/d8-site/d8/C2Data-1405-Type3;122182.0000;DATA;1611606985.081948
/ndn/h11-site/h11/C2Data-1336-Type1;216767.0000;DATA;1611606985.089247
/ndn/s11-site/s11/C2Data-2503-Type3;6000313.0000;TIMEOUT;1611606982.140258
/ndn/s12-site/s12/C2Data-5087-Type1;6000279.0000;TIMEOUT;1611606982.600190
/ndn/d8-site/d8/C2Data-2788-Type2;121918.0000;DATA;1611606990.282338
/ndn/d13-site/d13/C2Data-3393-Type2;189063.0000;DATA;1611606990.889321
/ndn/h9-site/h9/C2Data-1094-Type2;191317.0000;DATA;1611606991.450217
/ndn/v7-site/v7/C2Data-6297-Type2;47009.0000;DATA;1611606991.705235
/ndn/s0-site/s0/C2Data-1832-Type3;6000394.0000;TIMEOUT;1611606985.785233
/ndn/s1-site/s1/C2Data-3756-Type1;6001289.0000;TIMEOUT;1611606987.515293
/ndn/v3-site/v3/C2Data-5813-Type1;262539.0000;DATA;1611606993.663225
/ndn/s13-site/s13/C2Data-2625-Type3;6009651.0000;TIMEOUT;1611606993.879267
/ndn/h13-site/h13/C2Data-1579-Type1;240808.0000;DATA;1611607014.641204
/ndn/d5-site/d5/C2Data-2426-Type2;193069.0000;DATA;1611607019.846235
/ndn/h2-site/h2/C2Data-248-Type2;307362.0000;DATA;1611607021.844190
/ndn/s1-site/s1/C2Data-3757-Type2;6000382.0000;TIMEOUT;1611607016.624183
/ndn/s7-site/s7/C2Data-4483-Type2;6000254.0000;TIMEOUT;1611607018.023250
/ndn/s11-site/s11/C2Data-4967-Type1;6013116.0000;TIMEOUT;1611607021.502260
/ndn/v9-site/v9/C2Data-3297-Type3;347030.0000;DATA;1611607036.423324
/ndn/d8-site/d8/C2Data-1406-Type3;125608.0000;DATA;1611607037.870267
/ndn/v12-site/v12/C2Data-3480-Type3;27264.0000;DATA;1611607039.351365
/ndn/d7-site/d7/C2Data-1345-Type3;151879.0000;DATA;1611607041.620344
/ndn/h8-site/h8/C2Data-975-Type2;195670.0000;DATA;1611607042.468343
/ndn/d0-site/d0/C2Data-1822-Type2;117068.0000;DATA;1611607042.682273
/ndn/h14-site/h14/C2Data-1701-Type2;262523.0000;DATA;1611607043.253181
/ndn/d1-site/d1/C2Data-1943-Type1;288902.0000;DATA;1611607044.373410
/ndn/s13-site/s13/C2Data-2626-Type3;6000640.0000;TIMEOUT;1611607038.772364
/ndn/d3-site/d3/C2Data-1101-Type3;192714.0000;DATA;1611607044.729236
/ndn/s11-site/s11/C2Data-2504-Type3;6000350.0000;TIMEOUT;1611607040.032178
/ndn/d2-site/d2/C2Data-2064-Type1;143462.0000;DATA;1611607045.945186
/ndn/h1-site/h1/C2Data-64-Type3;163463.0000;DATA;1611607046.218347
/ndn/h0-site/h0/C2Data-7-Type2;300090.0000;DATA;1611607047.109182
