/ndn/h0-site/h0/C2Data-0-Type2;177183.0000;DATA;1612146286.681146
/ndn/h9-site/h9/C2Data-1089-Type1;189055.0000;DATA;1612146287.314288
/ndn/s2-site/s2/C2Data-2662-Type2;51322.0000;DATA;1612146287.864701
/ndn/d0-site/d0/C2Data-1210-Type1;107527.0000;DATA;1612146287.897963
/ndn/s1-site/s1/C2Data-2541-Type2;120590.0000;DATA;1612146289.172839
/ndn/v2-site/v2/C2Data-3872-Type2;146867.0000;DATA;1612146290.013560
/ndn/s8-site/s8/C2Data-3388-Type2;100465.0000;DATA;1612146292.770831
/ndn/v8-site/v8/C2Data-4598-Type2;25662.0000;DATA;1612146293.644245
/ndn/d7-site/d7/C2Data-2057-Type1;150666.0000;DATA;1612146293.947770
/ndn/v9-site/v9/C2Data-4719-Type2;137963.0000;DATA;1612146294.514487
/ndn/d8-site/d8/C2Data-2178-Type2;157991.0000;DATA;1612146295.056279
/ndn/h3-site/h3/C2Data-363-Type2;74889.0000;DATA;1612146295.147220
/ndn/s0-site/s0/C2Data-2420-Type1;104308.0000;DATA;1612146295.474953
/ndn/s5-site/s5/C2Data-3025-Type1;76758.0000;DATA;1612146296.532164
/ndn/s7-site/s7/C2Data-3267-Type2;75671.0000;DATA;1612146297.094319
/ndn/d7-site/d7/C2Data-2057-Type2;164840.0000;DATA;1612146297.165814
/ndn/d9-site/d9/C2Data-2299-Type1;146243.0000;DATA;1612146297.397715
/ndn/v5-site/v5/C2Data-4235-Type2;175506.0000;DATA;1612146297.416568
/ndn/v4-site/v4/C2Data-4114-Type2;176767.0000;DATA;1612146297.488930
/ndn/s0-site/s0/C2Data-1220-Type3;102785.0000;DATA;1612146312.025410
/ndn/s9-site/s9/C2Data-3510-Type2;147736.0000;DATA;1612146316.249667
/ndn/v6-site/v6/C2Data-2196-Type3;100276.0000;DATA;1612146318.895904
/ndn/s2-site/s2/C2Data-2663-Type1;49969.0000;DATA;1612146319.149610
/ndn/v6-site/v6/C2Data-4357-Type1;130045.0000;DATA;1612146320.332058
/ndn/v0-site/v0/C2Data-3631-Type2;25306.0000;DATA;1612146321.200962
/ndn/s4-site/s4/C2Data-2905-Type1;172316.0000;DATA;1612146321.082859
/ndn/d5-site/d5/C2Data-1816-Type2;146728.0000;DATA;1612146321.456091
/ndn/s8-site/s8/C2Data-1708-Type3;122621.0000;DATA;1612146321.905292
/ndn/d5-site/d5/C2Data-915-Type3;159736.0000;DATA;1612146323.273005
/ndn/s8-site/s8/C2Data-3389-Type1;97165.0000;DATA;1612146324.485656
/ndn/d7-site/d7/C2Data-1037-Type3;254900.0000;DATA;1612146328.583876
/ndn/d6-site/d6/C2Data-1938-Type2;108426.0000;DATA;1612146346.745992
/ndn/s8-site/s8/C2Data-3390-Type1;175702.0000;DATA;1612146350.574943
/ndn/s9-site/s9/C2Data-3511-Type1;226699.0000;DATA;1612146353.101967
/ndn/h6-site/h6/C2Data-728-Type2;75486.0000;DATA;1612146354.697126
/ndn/v2-site/v2/C2Data-3874-Type2;181407.0000;DATA;1612146354.835516
/ndn/h4-site/h4/C2Data-245-Type3;25262.0000;DATA;1612146378.292774
/ndn/v2-site/v2/C2Data-3875-Type2;146034.0000;DATA;1612146378.432127
/ndn/v9-site/v9/C2Data-4722-Type1;132470.0000;DATA;1612146380.266937
/ndn/s1-site/s1/C2Data-1282-Type3;117430.0000;DATA;1612146380.925715
