/ndn/d1-site/d1/C2Data-1936-Type2;418.0000;NACK;1611607421.500455
/ndn/s10-site/s10/C2Data-4840-Type1;608.0000;NACK;1611607421.746400
/ndn/v14-site/v14/C2Data-7139-Type1;222993.0000;DATA;1611607421.853486
/ndn/h2-site/h2/C2Data-242-Type1;485.0000;NACK;1611607422.565412
/ndn/s11-site/s11/C2Data-4961-Type1;698.0000;NACK;1611607422.688432
/ndn/s5-site/s5/C2Data-4235-Type2;122086.0000;DATA;1611607424.324418
/ndn/s6-site/s6/C2Data-4356-Type2;24277.0000;DATA;1611607425.165487
/ndn/d6-site/d6/C2Data-2541-Type1;218266.0000;DATA;1611607428.830434
/ndn/s13-site/s13/C2Data-5203-Type2;554.0000;NACK;1611607430.394448
/ndn/v3-site/v3/C2Data-5808-Type1;142313.0000;DATA;1611607430.723483
/ndn/d2-site/d2/C2Data-2057-Type2;153135.0000;DATA;1611607431.065495
/ndn/s6-site/s6/C2Data-2196-Type3;194533.0000;DATA;1611607444.414425
/ndn/s13-site/s13/C2Data-2623-Type3;608.0000;NACK;1611607445.606395
/ndn/s12-site/s12/C2Data-2562-Type3;752.0000;NACK;1611607446.508365
/ndn/d2-site/d2/C2Data-1037-Type3;23325.0000;DATA;1611607449.669460
/ndn/v9-site/v9/C2Data-6535-Type2;432.0000;NACK;1611607451.135415
/ndn/d8-site/d8/C2Data-2784-Type2;94548.0000;DATA;1611607451.866261
/ndn/s9-site/s9/C2Data-4720-Type1;139780.0000;DATA;1611607451.987406
/ndn/d13-site/d13/C2Data-1708-Type3;76721.0000;DATA;1611607452.532268
/ndn/d3-site/d3/C2Data-1098-Type3;114998.0000;DATA;1611607454.940341
/ndn/d7-site/d7/C2Data-2663-Type2;140333.0000;DATA;1611607455.154304
/ndn/d6-site/d6/C2Data-2542-Type2;51238.0000;DATA;1611607458.170286
/ndn/h9-site/h9/C2Data-549-Type3;29167.0000;DATA;1611607458.281280
/ndn/h5-site/h5/C2Data-606-Type2;114933.0000;DATA;1611607459.120415
/ndn/v12-site/v12/C2Data-3477-Type3;23674.0000;DATA;1611607459.917422
/ndn/s9-site/s9/C2Data-2379-Type3;137943.0000;DATA;1611607460.073963
/ndn/h12-site/h12/C2Data-1453-Type2;141266.0000;DATA;1611607460.325360
/ndn/d7-site/d7/C2Data-1342-Type3;121460.0000;DATA;1611607460.731483
/ndn/h12-site/h12/C2Data-732-Type3;25600.0000;DATA;1611607463.680352
/ndn/h7-site/h7/C2Data-427-Type3;72159.0000;DATA;1611607465.728395
/ndn/s2-site/s2/C2Data-1952-Type3;231218.0000;DATA;1611607467.727395
/ndn/h14-site/h14/C2Data-1696-Type2;244638.0000;DATA;1611607480.579380
/ndn/s8-site/s8/C2Data-4600-Type2;223646.0000;DATA;1611607481.665342
/ndn/h6-site/h6/C2Data-728-Type2;218740.0000;DATA;1611607483.470337
/ndn/s11-site/s11/C2Data-4963-Type1;50483.0000;DATA;1611607483.946937
/ndn/h3-site/h3/C2Data-365-Type2;47671.0000;DATA;1611607484.122644
/ndn/s8-site/s8/C2Data-4600-Type1;148221.0000;DATA;1611607486.216335
/ndn/d3-site/d3/C2Data-2180-Type1;202833.0000;DATA;1611607486.166338
/ndn/h12-site/h12/C2Data-1454-Type2;224818.0000;DATA;1611607487.938362
/ndn/v2-site/v2/C2Data-5689-Type2;122915.0000;DATA;1611607489.059272
/ndn/h11-site/h11/C2Data-1333-Type2;127288.0000;DATA;1611607490.772355
/ndn/v3-site/v3/C2Data-5810-Type1;275821.0000;DATA;1611607490.759331
/ndn/d10-site/d10/C2Data-3027-Type1;194884.0000;DATA;1611607491.459357
/ndn/h5-site/h5/C2Data-607-Type2;27315.0000;DATA;1611607491.705311
/ndn/d6-site/d6/C2Data-1282-Type3;232473.0000;DATA;1611607504.847274
/ndn/d8-site/d8/C2Data-1404-Type3;122144.0000;DATA;1611607505.505572
/ndn/d2-site/d2/C2Data-1038-Type3;70042.0000;DATA;1611607509.822294
/ndn/h4-site/h4/C2Data-245-Type3;238204.0000;DATA;1611607509.747269
/ndn/d3-site/d3/C2Data-2181-Type1;194707.0000;DATA;1611607510.610369
/ndn/v12-site/v12/C2Data-6900-Type1;24031.0000;DATA;1611607510.888342
/ndn/s7-site/s7/C2Data-4480-Type2;234608.0000;DATA;1611607511.894331
/ndn/v12-site/v12/C2Data-3478-Type3;26365.0000;DATA;1611607512.267364
/ndn/v10-site/v10/C2Data-6658-Type2;144704.0000;DATA;1611607512.350263
/ndn/v9-site/v9/C2Data-6537-Type2;284719.0000;DATA;1611607512.461446
/ndn/h5-site/h5/C2Data-608-Type1;217170.0000;DATA;1611607512.970404
/ndn/v14-site/v14/C2Data-3600-Type3;25886.0000;DATA;1611607513.185347
/ndn/s11-site/s11/C2Data-4964-Type2;311745.0000;DATA;1611607513.238280
/ndn/d2-site/d2/C2Data-2060-Type1;72885.0000;DATA;1611607513.733351
/ndn/s9-site/s9/C2Data-2380-Type3;23734.0000;DATA;1611607515.373388
/ndn/h0-site/h0/C2Data-3-Type1;47616.0000;DATA;1611607516.043322
/ndn/h14-site/h14/C2Data-855-Type3;147236.0000;DATA;1611607518.833268
/ndn/s11-site/s11/C2Data-4964-Type1;23494.0000;DATA;1611607519.273352
/ndn/h5-site/h5/C2Data-306-Type3;25356.0000;DATA;1611607521.826396
/ndn/s5-site/s5/C2Data-2136-Type3;76042.0000;DATA;1611607522.771368
/ndn/h0-site/h0/C2Data-1-Type3;46388.0000;DATA;1611607524.389328
/ndn/d11-site/d11/C2Data-1587-Type3;28518.0000;DATA;1611607524.852654
/ndn/d14-site/d14/C2Data-725-Type4;275872.0000;DATA;1611607531.954376
/ndn/h8-site/h8/C2Data-972-Type1;186107.0000;DATA;1611607541.574324
/ndn/s4-site/s4/C2Data-4118-Type1;239809.0000;DATA;1611607541.643467
/ndn/v13-site/v13/C2Data-1075-Type4;230861.0000;DATA;1611607543.113075
/ndn/h7-site/h7/C2Data-851-Type2;116184.0000;DATA;1611607544.122308
/ndn/h6-site/h6/C2Data-150-Type4;140734.0000;DATA;1611607544.520388
/ndn/s5-site/s5/C2Data-4239-Type1;24519.0000;DATA;1611607545.180279
/ndn/s14-site/s14/C2Data-5328-Type2;190297.0000;DATA;1611607546.664350
/ndn/d14-site/d14/C2Data-3513-Type2;211578.0000;DATA;1611607548.168325
/ndn/d11-site/d11/C2Data-3150-Type1;73563.0000;DATA;1611607549.262301
/ndn/v4-site/v4/C2Data-850-Type4;24127.0000;DATA;1611607549.978290
/ndn/h0-site/h0/C2Data-4-Type1;222300.0000;DATA;1611607549.881342
/ndn/v0-site/v0/C2Data-5449-Type1;217234.0000;DATA;1611607550.656444
/ndn/d4-site/d4/C2Data-2303-Type2;138960.0000;DATA;1611607551.238322
/ndn/d10-site/d10/C2Data-625-Type4;24064.0000;DATA;1611607559.774849
/ndn/v8-site/v8/C2Data-950-Type4;179241.0000;DATA;1611607561.971273
/ndn/s1-site/s1/C2Data-1893-Type3;214672.0000;DATA;1611607565.166351
/ndn/h13-site/h13/C2Data-795-Type3;248129.0000;DATA;1611607568.413330
/ndn/v7-site/v7/C2Data-925-Type4;25050.0000;DATA;1611607569.581314
/ndn/h12-site/h12/C2Data-300-Type4;144609.0000;DATA;1611607570.107331
/ndn/d9-site/d9/C2Data-600-Type4;24401.0000;DATA;1611607570.874374
/ndn/d0-site/d0/C2Data-375-Type4;47603.0000;DATA;1611607572.859374
/ndn/s0-site/s0/C2Data-3635-Type1;217822.0000;DATA;1611607573.530467
/ndn/d2-site/d2/C2Data-2062-Type1;142978.0000;DATA;1611607573.612421
/ndn/h6-site/h6/C2Data-368-Type3;48364.0000;DATA;1611607574.101392
/ndn/d8-site/d8/C2Data-2788-Type2;93199.0000;DATA;1611607574.227331
/ndn/s12-site/s12/C2Data-2564-Type3;119918.0000;DATA;1611607574.238369
/ndn/d12-site/d12/C2Data-3272-Type1;92664.0000;DATA;1611607574.860411
/ndn/s10-site/s10/C2Data-2442-Type3;239123.0000;DATA;1611607575.009586
/ndn/d3-site/d3/C2Data-2183-Type1;23464.0000;DATA;1611607577.152339
/ndn/d12-site/d12/C2Data-1649-Type3;50014.0000;DATA;1611607577.435450
/ndn/h14-site/h14/C2Data-1699-Type2;24760.0000;DATA;1611607577.957417
/ndn/v4-site/v4/C2Data-5934-Type2;23997.0000;DATA;1611607578.196569
/ndn/h0-site/h0/C2Data-5-Type2;52024.0000;DATA;1611607578.440345
/ndn/d1-site/d1/C2Data-978-Type3;94734.0000;DATA;1611607578.519362
/ndn/d6-site/d6/C2Data-2546-Type2;186579.0000;DATA;1611607578.967362
/ndn/h12-site/h12/C2Data-734-Type3;27172.0000;DATA;1611607579.306321
/ndn/d14-site/d14/C2Data-3514-Type2;142658.0000;DATA;1611607580.977725
/ndn/d2-site/d2/C2Data-1039-Type3;24868.0000;DATA;1611607582.657357
/ndn/d11-site/d11/C2Data-3152-Type2;76992.0000;DATA;1611607601.024358
/ndn/d12-site/d12/C2Data-3273-Type1;105331.0000;DATA;1611607601.364296
/ndn/v7-site/v7/C2Data-6298-Type2;49744.0000;DATA;1611607602.337281
/ndn/s10-site/s10/C2Data-4846-Type1;285346.0000;DATA;1611607602.259336
/ndn/v2-site/v2/C2Data-5693-Type2;147798.0000;DATA;1611607603.027370
/ndn/v0-site/v0/C2Data-5451-Type2;213990.0000;DATA;1611607604.054321
/ndn/d0-site/d0/C2Data-1821-Type2;119348.0000;DATA;1611607604.358374
/ndn/v8-site/v8/C2Data-6419-Type1;73941.0000;DATA;1611607604.787287
/ndn/d13-site/d13/C2Data-3394-Type1;92927.0000;DATA;1611607605.000307
/ndn/h12-site/h12/C2Data-1458-Type1;142186.0000;DATA;1611607605.443354
/ndn/v4-site/v4/C2Data-5935-Type1;24015.0000;DATA;1611607607.066365
/ndn/h9-site/h9/C2Data-1095-Type1;70775.0000;DATA;1611607607.081388
/ndn/d5-site/d5/C2Data-2426-Type2;235946.0000;DATA;1611607607.679359
/ndn/v1-site/v1/C2Data-5572-Type1;24436.0000;DATA;1611607608.163307
/ndn/h2-site/h2/C2Data-248-Type2;25516.0000;DATA;1611607610.205500
/ndn/h13-site/h13/C2Data-1579-Type2;23697.0000;DATA;1611607611.589366
/ndn/d10-site/d10/C2Data-3031-Type1;252536.0000;DATA;1611607611.969281
/ndn/h0-site/h0/C2Data-7-Type1;95549.0000;DATA;1611607630.757374
/ndn/d2-site/d2/C2Data-2064-Type2;141640.0000;DATA;1611607632.081367
/ndn/s7-site/s7/C2Data-4484-Type2;236586.0000;DATA;1611607632.362325
/ndn/d3-site/d3/C2Data-2185-Type1;127130.0000;DATA;1611607633.003313
/ndn/d12-site/d12/C2Data-3274-Type2;94389.0000;DATA;1611607633.654413
/ndn/h1-site/h1/C2Data-128-Type2;164272.0000;DATA;1611607634.190296
