/ndn/d8-site/d8/C2Data-2783-Type1;160775.0000;DATA;1611602585.115570
/ndn/s6-site/s6/C2Data-4356-Type2;186265.0000;DATA;1611602592.315510
/ndn/v10-site/v10/C2Data-6655-Type2;468.0000;NACK;1611602592.713467
/ndn/h4-site/h4/C2Data-484-Type2;217736.0000;DATA;1611602593.854510
/ndn/s11-site/s11/C2Data-4961-Type2;266644.0000;DATA;1611602593.896493
/ndn/v14-site/v14/C2Data-3599-Type3;117726.0000;DATA;1611602609.036505
/ndn/s13-site/s13/C2Data-2623-Type3;265818.0000;DATA;1611602611.860212
/ndn/h10-site/h10/C2Data-610-Type3;265185.0000;DATA;1611602614.957491
/ndn/h13-site/h13/C2Data-793-Type3;98676.0000;DATA;1611602615.519456
/ndn/s5-site/s5/C2Data-4236-Type2;185473.0000;DATA;1611602615.984502
/ndn/v1-site/v1/C2Data-5567-Type2;58866.0000;DATA;1611602616.776473
/ndn/s6-site/s6/C2Data-4357-Type2;261436.0000;DATA;1611602618.332449
/ndn/d0-site/d0/C2Data-915-Type3;164659.0000;DATA;1611602619.785535
/ndn/v7-site/v7/C2Data-6293-Type2;232557.0000;DATA;1611602620.036535
/ndn/h5-site/h5/C2Data-606-Type2;145658.0000;DATA;1611602620.153440
/ndn/d3-site/d3/C2Data-2179-Type1;231522.0000;DATA;1611602621.594499
/ndn/d8-site/d8/C2Data-1403-Type3;166482.0000;DATA;1611602622.844320
/ndn/s2-site/s2/C2Data-3873-Type2;70342.0000;DATA;1611602625.629554
/ndn/h2-site/h2/C2Data-122-Type3;23804.0000;DATA;1611602625.818476
/ndn/s14-site/s14/C2Data-5325-Type1;120866.0000;DATA;1611602626.943487
/ndn/d5-site/d5/C2Data-1220-Type3;170372.0000;DATA;1611602631.551492
/ndn/s14-site/s14/C2Data-2684-Type3;163089.0000;DATA;1611602632.783522
/ndn/h0-site/h0/C2Data-2-Type2;221977.0000;DATA;1611602645.809517
/ndn/s12-site/s12/C2Data-5084-Type1;235825.0000;DATA;1611602648.431472
/ndn/h11-site/h11/C2Data-1333-Type1;95188.0000;DATA;1611602649.640486
/ndn/d5-site/d5/C2Data-2422-Type1;134105.0000;DATA;1611602652.049611
/ndn/h13-site/h13/C2Data-1575-Type1;92625.0000;DATA;1611602652.996502
/ndn/d9-site/d9/C2Data-2906-Type2;191939.0000;DATA;1611602653.100425
/ndn/s8-site/s8/C2Data-4600-Type1;47821.0000;DATA;1611602654.328444
/ndn/s7-site/s7/C2Data-4479-Type2;121320.0000;DATA;1611602654.907517
/ndn/h2-site/h2/C2Data-244-Type2;24320.0000;DATA;1611602656.556450
/ndn/h5-site/h5/C2Data-306-Type3;151231.0000;DATA;1611602673.534484
/ndn/s1-site/s1/C2Data-1892-Type3;6000483.0000;TIMEOUT;1611602673.797437
/ndn/s4-site/s4/C2Data-2075-Type3;23658.0000;DATA;1611602679.897478
/ndn/h4-site/h4/C2Data-245-Type3;185740.0000;DATA;1611602681.052577
/ndn/v13-site/v13/C2Data-3539-Type3;74607.0000;DATA;1611602681.726417
/ndn/s5-site/s5/C2Data-2136-Type3;184446.0000;DATA;1611602682.102432
/ndn/d7-site/d7/C2Data-2665-Type1;215074.0000;DATA;1611602682.344480
/ndn/d2-site/d2/C2Data-425-Type4;140926.0000;DATA;1611602682.430664
/ndn/s2-site/s2/C2Data-3875-Type1;6000254.0000;TIMEOUT;1611602679.840588
/ndn/s6-site/s6/C2Data-4359-Type2;6000252.0000;TIMEOUT;1611602681.826481
/ndn/s2-site/s2/C2Data-3875-Type2;6000240.0000;TIMEOUT;1611602682.576440
/ndn/h4-site/h4/C2Data-100-Type4;190178.0000;DATA;1611602688.428478
/ndn/h13-site/h13/C2Data-325-Type4;103495.0000;DATA;1611602689.959490
/ndn/s5-site/s5/C2Data-4238-Type2;6000967.0000;TIMEOUT;1611602685.044454
/ndn/v4-site/v4/C2Data-2990-Type3;295555.0000;DATA;1611602691.061433
/ndn/s6-site/s6/C2Data-2197-Type3;6000984.0000;TIMEOUT;1611602686.384476
/ndn/s3-site/s3/C2Data-3996-Type2;6001167.0000;TIMEOUT;1611602686.680495
/ndn/d9-site/d9/C2Data-600-Type4;214860.0000;DATA;1611602694.396499
/ndn/h6-site/h6/C2Data-150-Type4;194676.0000;DATA;1611602695.434416
/ndn/v8-site/v8/C2Data-950-Type4;241391.0000;DATA;1611602700.527473
/ndn/d10-site/d10/C2Data-625-Type4;219562.0000;DATA;1611602700.733081
/ndn/h14-site/h14/C2Data-1698-Type1;24749.0000;DATA;1611602705.217498
/ndn/d4-site/d4/C2Data-2303-Type1;118253.0000;DATA;1611602706.183538
/ndn/d8-site/d8/C2Data-575-Type4;167986.0000;DATA;1611602706.947485
/ndn/v11-site/v11/C2Data-6780-Type2;97479.0000;DATA;1611602707.248599
/ndn/h13-site/h13/C2Data-1577-Type2;104344.0000;DATA;1611602711.383434
/ndn/v0-site/v0/C2Data-750-Type4;240375.0000;DATA;1611602711.325503
/ndn/s5-site/s5/C2Data-4239-Type2;6000276.0000;TIMEOUT;1611602706.810505
/ndn/h12-site/h12/C2Data-1456-Type2;49835.0000;DATA;1611602713.062459
/ndn/d0-site/d0/C2Data-1819-Type1;165272.0000;DATA;1611602713.038503
/ndn/h14-site/h14/C2Data-1698-Type2;25464.0000;DATA;1611602713.472476
/ndn/v4-site/v4/C2Data-850-Type4;291942.0000;DATA;1611602715.318434
/ndn/h9-site/h9/C2Data-1093-Type2;166745.0000;DATA;1611602715.769635
/ndn/h14-site/h14/C2Data-350-Type4;24243.0000;DATA;1611602716.884450
/ndn/s5-site/s5/C2Data-4239-Type1;6001052.0000;TIMEOUT;1611602712.185459
/ndn/s3-site/s3/C2Data-3997-Type1;6008309.0000;TIMEOUT;1611602712.659539
/ndn/s12-site/s12/C2Data-5086-Type2;6000331.0000;TIMEOUT;1611602713.504285
/ndn/v3-site/v3/C2Data-825-Type4;197266.0000;DATA;1611602721.329883
/ndn/d0-site/d0/C2Data-375-Type4;173438.0000;DATA;1611602721.538490
/ndn/h10-site/h10/C2Data-250-Type4;329009.0000;DATA;1611602723.020778
/ndn/d8-site/d8/C2Data-1405-Type3;178134.0000;DATA;1611602730.693450
/ndn/v10-site/v10/C2Data-3357-Type3;242213.0000;DATA;1611602731.899440
/ndn/v12-site/v12/C2Data-3479-Type3;280145.0000;DATA;1611602733.290436
/ndn/d4-site/d4/C2Data-1161-Type3;122074.0000;DATA;1611602735.050456
/ndn/v1-site/v1/C2Data-775-Type4;258372.0000;DATA;1611602735.042594
/ndn/s11-site/s11/C2Data-2503-Type3;6001414.0000;TIMEOUT;1611602729.565461
/ndn/d14-site/d14/C2Data-3514-Type2;73611.0000;DATA;1611602735.637491
/ndn/s0-site/s0/C2Data-1832-Type3;6000326.0000;TIMEOUT;1611602730.137506
/ndn/d12-site/d12/C2Data-675-Type4;187888.0000;DATA;1611602736.209513
/ndn/d8-site/d8/C2Data-2788-Type2;162318.0000;DATA;1611602736.862546
/ndn/s9-site/s9/C2Data-2381-Type3;6000546.0000;TIMEOUT;1611602731.094612
/ndn/v0-site/v0/C2Data-2747-Type3;234617.0000;DATA;1611602737.246521
/ndn/d5-site/d5/C2Data-2425-Type1;164396.0000;DATA;1611602737.868451
/ndn/v14-site/v14/C2Data-1100-Type4;122163.0000;DATA;1611602738.096421
/ndn/d7-site/d7/C2Data-2667-Type1;161616.0000;DATA;1611602739.543633
/ndn/v3-site/v3/C2Data-2930-Type3;120312.0000;DATA;1611602740.276498
/ndn/v10-site/v10/C2Data-6660-Type1;217621.0000;DATA;1611602740.239495
/ndn/d13-site/d13/C2Data-1710-Type3;99450.0000;DATA;1611602740.400476
/ndn/h7-site/h7/C2Data-429-Type3;236856.0000;DATA;1611602740.609529
/ndn/d12-site/d12/C2Data-3272-Type2;192613.0000;DATA;1611602740.909435
/ndn/d3-site/d3/C2Data-2183-Type2;248439.0000;DATA;1611602741.848488
/ndn/s4-site/s4/C2Data-4119-Type1;6000531.0000;TIMEOUT;1611602736.932507
/ndn/h11-site/h11/C2Data-1336-Type2;92055.0000;DATA;1611602743.548414
/ndn/s0-site/s0/C2Data-3635-Type1;6000220.0000;TIMEOUT;1611602737.846426
/ndn/s6-site/s6/C2Data-4361-Type2;6000636.0000;TIMEOUT;1611602738.491541
/ndn/v5-site/v5/C2Data-3052-Type3;288903.0000;DATA;1611602744.220517
/ndn/s12-site/s12/C2Data-5087-Type2;6000775.0000;TIMEOUT;1611602738.659538
/ndn/d11-site/d11/C2Data-3151-Type1;216844.0000;DATA;1611602746.084586
/ndn/s6-site/s6/C2Data-4361-Type1;6000351.0000;TIMEOUT;1611602740.352468
/ndn/d12-site/d12/C2Data-3272-Type1;195203.0000;DATA;1611602746.721479
/ndn/v6-site/v6/C2Data-3113-Type3;97797.0000;DATA;1611602747.221495
/ndn/v1-site/v1/C2Data-2808-Type3;263758.0000;DATA;1611602748.290439
/ndn/v4-site/v4/C2Data-2991-Type3;282152.0000;DATA;1611602748.928430
/ndn/s1-site/s1/C2Data-1893-Type3;6002321.0000;TIMEOUT;1611602743.983436
/ndn/s8-site/s8/C2Data-4603-Type1;6000329.0000;TIMEOUT;1611602746.473483
/ndn/d0-site/d0/C2Data-1821-Type1;167689.0000;DATA;1611602766.080485
/ndn/h6-site/h6/C2Data-732-Type1;192741.0000;DATA;1611602766.230415
/ndn/h7-site/h7/C2Data-853-Type2;242812.0000;DATA;1611602769.177688
/ndn/d14-site/d14/C2Data-3515-Type1;76756.0000;DATA;1611602769.980502
/ndn/h3-site/h3/C2Data-369-Type2;235232.0000;DATA;1611602770.647510
/ndn/d13-site/d13/C2Data-3394-Type2;97035.0000;DATA;1611602771.322505
/ndn/h4-site/h4/C2Data-490-Type1;194788.0000;DATA;1611602772.897583
/ndn/d3-site/d3/C2Data-2184-Type1;242850.0000;DATA;1611602773.849473
/ndn/h10-site/h10/C2Data-1216-Type2;251993.0000;DATA;1611602774.127415
/ndn/h0-site/h0/C2Data-6-Type2;221592.0000;DATA;1611602776.374521
/ndn/s7-site/s7/C2Data-4483-Type2;6004683.0000;TIMEOUT;1611602773.665528
/ndn/s3-site/s3/C2Data-3999-Type2;6002289.0000;TIMEOUT;1611602773.946507
/ndn/d4-site/d4/C2Data-1162-Type3;95850.0000;DATA;1611602789.599537
/ndn/h1-site/h1/C2Data-64-Type3;135618.0000;DATA;1611602789.923505
/ndn/h14-site/h14/C2Data-857-Type3;24215.0000;DATA;1611602795.083513
/ndn/v11-site/v11/C2Data-6783-Type1;94073.0000;DATA;1611602795.106510
/ndn/h13-site/h13/C2Data-796-Type3;96097.0000;DATA;1611602796.487506
/ndn/h0-site/h0/C2Data-7-Type1;224377.0000;DATA;1611602798.773568
/ndn/v7-site/v7/C2Data-3175-Type3;237010.0000;DATA;1611602799.138448
/ndn/v6-site/v6/C2Data-6178-Type1;94396.0000;DATA;1611602799.664442
/ndn/v6-site/v6/C2Data-3114-Type3;95223.0000;DATA;1611602800.332481
/ndn/s4-site/s4/C2Data-2077-Type3;6000629.0000;TIMEOUT;1611602794.454496
/ndn/s5-site/s5/C2Data-2138-Type3;6003436.0000;TIMEOUT;1611602794.851565
