/ndn/h10-site/h10/C2Data-1210-Type1;197310.0000;DATA;1611606257.212753
/ndn/d13-site/d13/C2Data-3388-Type2;26130.0000;DATA;1611606258.415823
/ndn/h2-site/h2/C2Data-242-Type1;157668.0000;DATA;1611606261.147756
/ndn/s14-site/s14/C2Data-5324-Type2;24708.0000;DATA;1611606261.470741
/ndn/v1-site/v1/C2Data-5566-Type2;196060.0000;DATA;1611606262.530815
/ndn/h13-site/h13/C2Data-793-Type3;105351.0000;DATA;1611606280.523682
/ndn/s11-site/s11/C2Data-4962-Type2;235182.0000;DATA;1611606284.603781
/ndn/v8-site/v8/C2Data-6414-Type1;215979.0000;DATA;1611606285.008839
/ndn/h4-site/h4/C2Data-244-Type3;188332.0000;DATA;1611606285.160694
/ndn/h12-site/h12/C2Data-732-Type3;55523.0000;DATA;1611606285.309712
/ndn/d12-site/d12/C2Data-3268-Type1;119424.0000;DATA;1611606286.353800
/ndn/d3-site/d3/C2Data-2179-Type2;189904.0000;DATA;1611606287.225769
/ndn/d7-site/d7/C2Data-2663-Type1;142811.0000;DATA;1611606287.674798
/ndn/s12-site/s12/C2Data-2562-Type3;239210.0000;DATA;1611606287.771755
/ndn/v2-site/v2/C2Data-2867-Type3;168243.0000;DATA;1611606288.767784
/ndn/v10-site/v10/C2Data-3355-Type3;137712.0000;DATA;1611606289.140777
/ndn/s13-site/s13/C2Data-5204-Type2;254254.0000;DATA;1611606290.134717
/ndn/v12-site/v12/C2Data-3477-Type3;185588.0000;DATA;1611606290.437741
/ndn/h8-site/h8/C2Data-488-Type3;193709.0000;DATA;1611606290.869837
/ndn/v12-site/v12/C2Data-6898-Type2;191908.0000;DATA;1611606291.019778
/ndn/s7-site/s7/C2Data-4478-Type2;23988.0000;DATA;1611606292.287737
/ndn/h4-site/h4/C2Data-485-Type1;187790.0000;DATA;1611606292.348682
/ndn/s10-site/s10/C2Data-4841-Type1;116025.0000;DATA;1611606292.754759
/ndn/v5-site/v5/C2Data-6051-Type2;225817.0000;DATA;1611606293.230760
/ndn/d0-site/d0/C2Data-1816-Type2;94962.0000;DATA;1611606294.080726
/ndn/d11-site/d11/C2Data-3147-Type1;139407.0000;DATA;1611606294.293910
/ndn/h2-site/h2/C2Data-243-Type2;141572.0000;DATA;1611606294.583749
/ndn/d0-site/d0/C2Data-915-Type3;100128.0000;DATA;1611606296.744804
/ndn/s14-site/s14/C2Data-2684-Type3;26291.0000;DATA;1611606298.192812
/ndn/d7-site/d7/C2Data-1342-Type3;146639.0000;DATA;1611606300.571689
/ndn/d2-site/d2/C2Data-1037-Type3;73419.0000;DATA;1611606300.683755
/ndn/d6-site/d6/C2Data-1281-Type3;221504.0000;DATA;1611606300.563701
/ndn/s13-site/s13/C2Data-2623-Type3;6003354.0000;TIMEOUT;1611606301.117755
/ndn/h6-site/h6/C2Data-728-Type2;196839.0000;DATA;1611606314.667735
/ndn/s9-site/s9/C2Data-4721-Type1;118193.0000;DATA;1611606315.602731
/ndn/d11-site/d11/C2Data-3148-Type2;151964.0000;DATA;1611606319.659775
/ndn/h12-site/h12/C2Data-1454-Type2;140066.0000;DATA;1611606321.080801
/ndn/s8-site/s8/C2Data-4600-Type1;73932.0000;DATA;1611606321.422422
/ndn/h8-site/h8/C2Data-970-Type2;196208.0000;DATA;1611606322.968783
/ndn/d13-site/d13/C2Data-3390-Type2;23816.0000;DATA;1611606324.872816
/ndn/s8-site/s8/C2Data-4600-Type2;70309.0000;DATA;1611606325.250735
/ndn/s11-site/s11/C2Data-4963-Type1;272939.0000;DATA;1611606326.032706
/ndn/s10-site/s10/C2Data-4842-Type2;6000367.0000;TIMEOUT;1611606323.439792
/ndn/v14-site/v14/C2Data-3600-Type3;146741.0000;DATA;1611606339.359730
/ndn/d11-site/d11/C2Data-1587-Type3;163860.0000;DATA;1611606341.020778
/ndn/v8-site/v8/C2Data-3234-Type3;215185.0000;DATA;1611606342.107723
/ndn/h14-site/h14/C2Data-855-Type3;101705.0000;DATA;1611606343.325854
/ndn/h11-site/h11/C2Data-672-Type3;23806.0000;DATA;1611606346.592741
/ndn/s4-site/s4/C2Data-2075-Type3;6000308.0000;TIMEOUT;1611606340.695485
/ndn/v0-site/v0/C2Data-5448-Type2;213748.0000;DATA;1611606346.564690
/ndn/v6-site/v6/C2Data-6174-Type1;52556.0000;DATA;1611606346.743686
/ndn/h6-site/h6/C2Data-729-Type1;187370.0000;DATA;1611606347.210710
/ndn/s7-site/s7/C2Data-2258-Type3;6000298.0000;TIMEOUT;1611606341.573827
/ndn/v6-site/v6/C2Data-6174-Type2;51254.0000;DATA;1611606348.212691
/ndn/d5-site/d5/C2Data-2423-Type2;166510.0000;DATA;1611606348.386740
/ndn/h10-site/h10/C2Data-1213-Type2;187540.0000;DATA;1611606349.289692
/ndn/h5-site/h5/C2Data-608-Type2;139795.0000;DATA;1611606349.362813
/ndn/d12-site/d12/C2Data-3270-Type1;119748.0000;DATA;1611606349.981827
/ndn/d0-site/d0/C2Data-1818-Type2;93390.0000;DATA;1611606350.460686
/ndn/d12-site/d12/C2Data-3270-Type2;114956.0000;DATA;1611606350.821741
/ndn/v2-site/v2/C2Data-5690-Type2;168136.0000;DATA;1611606350.998714
/ndn/h7-site/h7/C2Data-428-Type3;238224.0000;DATA;1611606353.810769
/ndn/d3-site/d3/C2Data-2181-Type2;192229.0000;DATA;1611606353.869693
/ndn/v12-site/v12/C2Data-6900-Type2;191987.0000;DATA;1611606354.741769
/ndn/v10-site/v10/C2Data-6658-Type1;142065.0000;DATA;1611606355.010384
/ndn/v10-site/v10/C2Data-6658-Type2;146004.0000;DATA;1611606355.331797
/ndn/s7-site/s7/C2Data-4480-Type1;6000769.0000;TIMEOUT;1611606350.900837
/ndn/s4-site/s4/C2Data-4117-Type2;6000302.0000;TIMEOUT;1611606351.136769
/ndn/s2-site/s2/C2Data-3875-Type2;6000333.0000;TIMEOUT;1611606353.015302
/ndn/s10-site/s10/C2Data-4843-Type1;6000253.0000;TIMEOUT;1611606353.227762
/ndn/s5-site/s5/C2Data-2136-Type3;6000218.0000;TIMEOUT;1611606353.367682
/ndn/s9-site/s9/C2Data-2380-Type3;6000281.0000;TIMEOUT;1611606353.578876
/ndn/s8-site/s8/C2Data-4601-Type1;6000737.0000;TIMEOUT;1611606354.520711
/ndn/s9-site/s9/C2Data-4722-Type1;6000290.0000;TIMEOUT;1611606354.539756
/ndn/h4-site/h4/C2Data-100-Type4;190957.0000;DATA;1611606360.474085
/ndn/v10-site/v10/C2Data-3356-Type3;149814.0000;DATA;1611606361.387786
/ndn/s12-site/s12/C2Data-2563-Type3;6000304.0000;TIMEOUT;1611606361.279760
/ndn/h13-site/h13/C2Data-1577-Type1;97042.0000;DATA;1611606374.308733
/ndn/v0-site/v0/C2Data-5449-Type1;212588.0000;DATA;1611606374.420862
/ndn/v11-site/v11/C2Data-1025-Type4;47908.0000;DATA;1611606374.835781
/ndn/v2-site/v2/C2Data-5691-Type1;170945.0000;DATA;1611606377.204753
/ndn/h5-site/h5/C2Data-609-Type1;155020.0000;DATA;1611606377.863766
/ndn/h12-site/h12/C2Data-1456-Type2;142936.0000;DATA;1611606378.655825
/ndn/d2-site/d2/C2Data-425-Type4;72297.0000;DATA;1611606380.212715
/ndn/d2-site/d2/C2Data-2061-Type1;69463.0000;DATA;1611606380.403703
/ndn/d0-site/d0/C2Data-1819-Type1;95877.0000;DATA;1611606380.544773
/ndn/d10-site/d10/C2Data-3029-Type2;192594.0000;DATA;1611606380.893862
/ndn/h6-site/h6/C2Data-150-Type4;208166.0000;DATA;1611606381.276700
/ndn/h6-site/h6/C2Data-730-Type1;187504.0000;DATA;1611606381.737689
/ndn/h10-site/h10/C2Data-1214-Type2;197156.0000;DATA;1611606382.162752
/ndn/d5-site/d5/C2Data-2424-Type1;165688.0000;DATA;1611606383.100943
/ndn/h7-site/h7/C2Data-851-Type2;240642.0000;DATA;1611606383.190758
/ndn/v8-site/v8/C2Data-6417-Type2;225787.0000;DATA;1611606383.394719
/ndn/d0-site/d0/C2Data-1819-Type2;95431.0000;DATA;1611606383.864870
/ndn/v3-site/v3/C2Data-5812-Type2;126443.0000;DATA;1611606384.361766
/ndn/v14-site/v14/C2Data-7143-Type1;125172.0000;DATA;1611606384.656751
/ndn/s12-site/s12/C2Data-5086-Type2;6000241.0000;TIMEOUT;1611606381.869829
/ndn/s0-site/s0/C2Data-3634-Type1;6001880.0000;TIMEOUT;1611606382.801765
/ndn/v1-site/v1/C2Data-2808-Type3;186108.0000;DATA;1611606398.235807
/ndn/v2-site/v2/C2Data-800-Type4;169562.0000;DATA;1611606400.316722
/ndn/d14-site/d14/C2Data-725-Type4;48607.0000;DATA;1611606400.922774
/ndn/d8-site/d8/C2Data-1405-Type3;97307.0000;DATA;1611606401.452820
/ndn/v2-site/v2/C2Data-5692-Type1;161773.0000;DATA;1611606404.360918
/ndn/h10-site/h10/C2Data-1215-Type1;189451.0000;DATA;1611606404.756532
/ndn/d7-site/d7/C2Data-1344-Type3;140783.0000;DATA;1611606404.986452
/ndn/v14-site/v14/C2Data-7144-Type1;120491.0000;DATA;1611606405.564779
/ndn/h5-site/h5/C2Data-610-Type2;140411.0000;DATA;1611606406.177801
/ndn/v13-site/v13/C2Data-7023-Type2;99331.0000;DATA;1611606406.856820
/ndn/v11-site/v11/C2Data-6781-Type2;53341.0000;DATA;1611606407.512710
/ndn/d1-site/d1/C2Data-1941-Type1;118283.0000;DATA;1611606408.752774
/ndn/h7-site/h7/C2Data-852-Type1;234862.0000;DATA;1611606408.715735
/ndn/v12-site/v12/C2Data-3479-Type3;192935.0000;DATA;1611606408.781778
/ndn/h14-site/h14/C2Data-1699-Type1;93694.0000;DATA;1611606411.101848
/ndn/s3-site/s3/C2Data-3998-Type1;6000250.0000;TIMEOUT;1611606406.273779
/ndn/d5-site/d5/C2Data-2425-Type1;173329.0000;DATA;1611606412.338743
/ndn/v6-site/v6/C2Data-6176-Type1;48581.0000;DATA;1611606412.752781
/ndn/d10-site/d10/C2Data-1527-Type3;192896.0000;DATA;1611606413.443760
/ndn/s12-site/s12/C2Data-5087-Type2;6000202.0000;TIMEOUT;1611606408.420783
/ndn/d14-site/d14/C2Data-1771-Type3;48357.0000;DATA;1611606415.440794
/ndn/v8-site/v8/C2Data-6418-Type2;224878.0000;DATA;1611606415.488890
/ndn/v9-site/v9/C2Data-6539-Type1;230303.0000;DATA;1611606415.546879
/ndn/v0-site/v0/C2Data-2747-Type3;218261.0000;DATA;1611606415.983961
/ndn/d13-site/d13/C2Data-1710-Type3;54268.0000;DATA;1611606416.305799
/ndn/s10-site/s10/C2Data-4845-Type1;6000894.0000;TIMEOUT;1611606412.794819
/ndn/s11-site/s11/C2Data-4966-Type1;6000288.0000;TIMEOUT;1611606412.960830
/ndn/s6-site/s6/C2Data-4361-Type2;6000263.0000;TIMEOUT;1611606412.993875
/ndn/s5-site/s5/C2Data-4240-Type1;6000338.0000;TIMEOUT;1611606413.192781
/ndn/s9-site/s9/C2Data-2381-Type3;6000207.0000;TIMEOUT;1611606413.840694
/ndn/s14-site/s14/C2Data-5329-Type1;6000334.0000;TIMEOUT;1611606413.971682
/ndn/s14-site/s14/C2Data-5329-Type2;6000578.0000;TIMEOUT;1611606415.579867
/ndn/s5-site/s5/C2Data-2137-Type3;6001342.0000;TIMEOUT;1611606418.667013
/ndn/h0-site/h0/C2Data-6-Type2;234549.0000;DATA;1611606436.340745
/ndn/v6-site/v6/C2Data-6177-Type1;46610.0000;DATA;1611606437.172802
/ndn/h3-site/h3/C2Data-369-Type1;163969.0000;DATA;1611606439.400749
/ndn/d1-site/d1/C2Data-1942-Type1;117738.0000;DATA;1611606441.624889
/ndn/v12-site/v12/C2Data-6903-Type1;192600.0000;DATA;1611606441.620771
/ndn/s14-site/s14/C2Data-5330-Type1;6000301.0000;TIMEOUT;1611606437.371845
/ndn/s7-site/s7/C2Data-4483-Type2;6000346.0000;TIMEOUT;1611606437.665707
/ndn/h1-site/h1/C2Data-127-Type1;47425.0000;DATA;1611606444.234804
/ndn/d6-site/d6/C2Data-2547-Type2;214287.0000;DATA;1611606445.847764
/ndn/s2-site/s2/C2Data-3878-Type1;6000249.0000;TIMEOUT;1611606440.489833
/ndn/s3-site/s3/C2Data-3999-Type1;6005914.0000;TIMEOUT;1611606444.135771
/ndn/s9-site/s9/C2Data-4725-Type2;6000269.0000;TIMEOUT;1611606444.820685
/ndn/h0-site/h0/C2Data-3-Type3;216598.0000;DATA;1611606463.435708
/ndn/h7-site/h7/C2Data-430-Type3;232074.0000;DATA;1611606464.125740
/ndn/d1-site/d1/C2Data-1943-Type1;116547.0000;DATA;1611606464.509740
/ndn/v11-site/v11/C2Data-3419-Type3;49674.0000;DATA;1611606465.569799
/ndn/d9-site/d9/C2Data-2911-Type1;163837.0000;DATA;1611606465.536803
/ndn/v1-site/v1/C2Data-5573-Type2;194391.0000;DATA;1611606465.914794
/ndn/h10-site/h10/C2Data-1217-Type2;193832.0000;DATA;1611606466.141717
/ndn/d12-site/d12/C2Data-3274-Type2;122276.0000;DATA;1611606466.259763
/ndn/h2-site/h2/C2Data-125-Type3;137786.0000;DATA;1611606466.841782
/ndn/h9-site/h9/C2Data-1096-Type1;167483.0000;DATA;1611606466.867693
/ndn/d6-site/d6/C2Data-1284-Type3;218750.0000;DATA;1611606466.838702
/ndn/h13-site/h13/C2Data-796-Type3;96741.0000;DATA;1611606467.283730
/ndn/s0-site/s0/C2Data-1833-Type3;6000243.0000;TIMEOUT;1611606461.738749
/ndn/d14-site/d14/C2Data-1772-Type3;48604.0000;DATA;1611606467.697716
/ndn/s2-site/s2/C2Data-1955-Type3;6000288.0000;TIMEOUT;1611606462.088771
/ndn/h2-site/h2/C2Data-249-Type1;140719.0000;DATA;1611606469.414766
/ndn/d5-site/d5/C2Data-1223-Type3;164199.0000;DATA;1611606469.665693
