/ndn/h4-site/h4/C2Data-484-Type2;72519.0000;DATA;1612715359.679546
/ndn/v4-site/v4/C2Data-4114-Type1;140502.0000;DATA;1612715362.481693
/ndn/d1-site/d1/C2Data-1331-Type2;24874.0000;DATA;1612715363.501874
/ndn/h0-site/h0/C2Data-0-Type2;100920.0000;DATA;1612715365.352547
/ndn/s7-site/s7/C2Data-3267-Type1;152404.0000;DATA;1612715365.336671
/ndn/d7-site/d7/C2Data-2057-Type1;241769.0000;DATA;1612715366.249597
/ndn/v5-site/v5/C2Data-4235-Type1;75916.0000;DATA;1612715367.915274
/ndn/h7-site/h7/C2Data-847-Type2;49410.0000;DATA;1612715369.753575
/ndn/h8-site/h8/C2Data-488-Type3;23915.0000;DATA;1612715389.151883
/ndn/v9-site/v9/C2Data-2379-Type3;57948.0000;DATA;1612715391.046651
/ndn/v6-site/v6/C2Data-4357-Type2;127650.0000;DATA;1612715391.568897
/ndn/d1-site/d1/C2Data-671-Type3;100092.0000;DATA;1612715392.575844
/ndn/d0-site/d0/C2Data-1211-Type2;24454.0000;DATA;1612715393.232327
/ndn/s0-site/s0/C2Data-2421-Type2;152341.0000;DATA;1612715393.617266
/ndn/s6-site/s6/C2Data-3147-Type2;172292.0000;DATA;1612715394.529607
/ndn/s3-site/s3/C2Data-2784-Type2;24490.0000;DATA;1612715394.981909
/ndn/v3-site/v3/C2Data-3994-Type2;116872.0000;DATA;1612715395.792176
/ndn/h1-site/h1/C2Data-122-Type1;115369.0000;DATA;1612715396.317675
/ndn/h6-site/h6/C2Data-727-Type1;27743.0000;DATA;1612715396.930873
/ndn/s9-site/s9/C2Data-3510-Type2;25342.0000;DATA;1612715399.234577
/ndn/v7-site/v7/C2Data-4478-Type1;156586.0000;DATA;1612715399.288621
/ndn/s4-site/s4/C2Data-1464-Type3;37656.0000;DATA;1612715399.702840
/ndn/d8-site/d8/C2Data-2179-Type1;50107.0000;DATA;1612715399.810778
/ndn/v0-site/v0/C2Data-3631-Type1;96936.0000;DATA;1612715400.002727
/ndn/s7-site/s7/C2Data-3269-Type1;24769.0000;DATA;1612715422.723775
/ndn/s8-site/s8/C2Data-3390-Type1;170145.0000;DATA;1612715428.861644
/ndn/d2-site/d2/C2Data-733-Type3;49143.0000;DATA;1612715443.334684
/ndn/s2-site/s2/C2Data-1343-Type3;148938.0000;DATA;1612715444.721617
/ndn/s0-site/s0/C2Data-2423-Type2;164878.0000;DATA;1612715448.795868
/ndn/s5-site/s5/C2Data-3028-Type2;164518.0000;DATA;1612715449.001862
/ndn/v0-site/v0/C2Data-1831-Type3;75100.0000;DATA;1612715450.967068
/ndn/s2-site/s2/C2Data-2665-Type2;128148.0000;DATA;1612715451.809257
/ndn/h1-site/h1/C2Data-124-Type1;124092.0000;DATA;1612715452.744569
/ndn/d0-site/d0/C2Data-1213-Type2;23745.0000;DATA;1612715453.544899
/ndn/d3-site/d3/C2Data-1576-Type2;82352.0000;DATA;1612715453.596681
/ndn/s2-site/s2/C2Data-2665-Type1;100816.0000;DATA;1612715454.669368
/ndn/d3-site/d3/C2Data-794-Type3;76492.0000;DATA;1612715455.383660
/ndn/v7-site/v7/C2Data-4480-Type1;97895.0000;DATA;1612715456.806987
/ndn/v1-site/v1/C2Data-3754-Type2;98055.0000;DATA;1612715457.606501
/ndn/d8-site/d8/C2Data-1099-Type3;49363.0000;DATA;1612715457.704568
/ndn/s3-site/s3/C2Data-1404-Type3;25713.0000;DATA;1612715458.089604
/ndn/v0-site/v0/C2Data-3633-Type1;113251.0000;DATA;1612715458.905257
/ndn/h5-site/h5/C2Data-306-Type3;49334.0000;DATA;1612715459.827954
/ndn/s8-site/s8/C2Data-1709-Type3;145617.0000;DATA;1612715462.487966
/ndn/d8-site/d8/C2Data-450-Type4;50715.0000;DATA;1612715465.050262
/ndn/h8-site/h8/C2Data-200-Type4;40982.0000;DATA;1612715480.597112
/ndn/v2-site/v2/C2Data-3876-Type2;172031.0000;DATA;1612715483.206164
/ndn/v7-site/v7/C2Data-4481-Type2;121203.0000;DATA;1612715486.256104
/ndn/s9-site/s9/C2Data-3513-Type2;25581.0000;DATA;1612715486.825656
/ndn/s7-site/s7/C2Data-3271-Type2;130747.0000;DATA;1612715487.428244
/ndn/h2-site/h2/C2Data-50-Type4;176585.0000;DATA;1612715488.595240
/ndn/s8-site/s8/C2Data-3392-Type1;327396.0000;DATA;1612715488.718098
/ndn/h5-site/h5/C2Data-609-Type2;97502.0000;DATA;1612715489.187699
/ndn/v4-site/v4/C2Data-4118-Type1;26397.0000;DATA;1612715489.743691
/ndn/v7-site/v7/C2Data-675-Type4;151088.0000;DATA;1612715489.822825
/ndn/v9-site/v9/C2Data-4723-Type2;57330.0000;DATA;1612715490.039128
/ndn/v2-site/v2/C2Data-3876-Type1;97781.0000;DATA;1612715490.318950
/ndn/v3-site/v3/C2Data-2015-Type3;207937.0000;DATA;1612715503.135632
/ndn/v5-site/v5/C2Data-2137-Type3;104177.0000;DATA;1612715503.341200
/ndn/s1-site/s1/C2Data-2546-Type2;111377.0000;DATA;1612715508.817600
/ndn/s1-site/s1/C2Data-1283-Type3;101505.0000;DATA;1612715508.931304
/ndn/s6-site/s6/C2Data-3151-Type2;173182.0000;DATA;1612715509.344671
/ndn/v4-site/v4/C2Data-2076-Type3;75600.0000;DATA;1612715510.120592
/ndn/v0-site/v0/C2Data-1832-Type3;100277.0000;DATA;1612715511.208828
/ndn/d5-site/d5/C2Data-1820-Type1;217990.0000;DATA;1612715511.100009
/ndn/h9-site/h9/C2Data-551-Type3;24231.0000;DATA;1612715511.591269
/ndn/s5-site/s5/C2Data-3030-Type2;94803.0000;DATA;1612715513.200680
/ndn/s7-site/s7/C2Data-3272-Type2;133331.0000;DATA;1612715514.516989
/ndn/h7-site/h7/C2Data-852-Type1;26400.0000;DATA;1612715515.944856
/ndn/h3-site/h3/C2Data-185-Type3;110884.0000;DATA;1612715516.307000
/ndn/s3-site/s3/C2Data-1405-Type3;25160.0000;DATA;1612715517.278703
/ndn/v8-site/v8/C2Data-4603-Type1;100459.0000;DATA;1612715518.045582
/ndn/v7-site/v7/C2Data-2259-Type3;71300.0000;DATA;1612715518.646745
/ndn/s3-site/s3/C2Data-2788-Type1;47980.0000;DATA;1612715519.796990
/ndn/d3-site/d3/C2Data-795-Type3;24563.0000;DATA;1612715523.759106
/ndn/d8-site/d8/C2Data-2184-Type1;97070.0000;DATA;1612715541.294391
/ndn/s2-site/s2/C2Data-2668-Type1;126408.0000;DATA;1612715542.601145
/ndn/d0-site/d0/C2Data-1216-Type2;27710.0000;DATA;1612715543.628147
/ndn/v5-site/v5/C2Data-4241-Type2;102699.0000;DATA;1612715544.447221
/ndn/v2-site/v2/C2Data-3878-Type1;96586.0000;DATA;1612715549.401198
/ndn/d0-site/d0/C2Data-613-Type3;33684.0000;DATA;1612715563.265592
/ndn/s9-site/s9/C2Data-1772-Type3;73926.0000;DATA;1612715563.693111
/ndn/s5-site/s5/C2Data-1528-Type3;158066.0000;DATA;1612715564.053536
/ndn/v3-site/v3/C2Data-2016-Type3;113016.0000;DATA;1612715565.316899
/ndn/h0-site/h0/C2Data-7-Type2;193713.0000;DATA;1612715568.753302
/ndn/d2-site/d2/C2Data-735-Type3;183981.0000;DATA;1612715569.316143
/ndn/v2-site/v2/C2Data-3879-Type2;228114.0000;DATA;1612715569.396623
/ndn/v6-site/v6/C2Data-4363-Type1;135039.0000;DATA;1612715570.081675
/ndn/v6-site/v6/C2Data-4363-Type2;24440.0000;DATA;1612715570.650866
/ndn/s1-site/s1/C2Data-2548-Type1;99836.0000;DATA;1612715571.060245
/ndn/s4-site/s4/C2Data-2911-Type1;278805.0000;DATA;1612715572.046658
/ndn/h6-site/h6/C2Data-733-Type2;26551.0000;DATA;1612715572.620703
/ndn/h9-site/h9/C2Data-1096-Type1;162277.0000;DATA;1612715572.623625
/ndn/v8-site/v8/C2Data-4605-Type2;94145.0000;DATA;1612715573.959757
/ndn/v2-site/v2/C2Data-1955-Type3;161894.0000;DATA;1612715575.185257
/ndn/d4-site/d4/C2Data-1701-Type1;123828.0000;DATA;1612715575.496013
/ndn/d8-site/d8/C2Data-234-Type5;239711.0000;DATA;1612715575.598217
/ndn/d0-site/d0/C2Data-1217-Type2;26063.0000;DATA;1612715577.489872
/ndn/v5-site/v5/C2Data-4242-Type1;27885.0000;DATA;1612715577.877607
/ndn/h7-site/h7/C2Data-854-Type2;552205.0000;DATA;1612715578.065680
/ndn/s7-site/s7/C2Data-3274-Type2;50321.0000;DATA;1612715578.604202
/ndn/s5-site/s5/C2Data-3032-Type1;151928.0000;DATA;1612715578.152666
/ndn/v1-site/v1/C2Data-273-Type5;155489.0000;DATA;1612715580.774766
/ndn/h7-site/h7/C2Data-430-Type3;33536.0000;DATA;1612715583.579749
/ndn/v3-site/v3/C2Data-299-Type5;256909.0000;DATA;1612715590.438594
/ndn/v9-site/v9/C2Data-377-Type5;62245.0000;DATA;1612715591.943494
/ndn/v8-site/v8/C2Data-364-Type5;50261.0000;DATA;1612715592.708172
/ndn/s5-site/s5/C2Data-3033-Type1;143413.0000;DATA;1612715600.342502
/ndn/d7-site/d7/C2Data-221-Type5;114091.0000;DATA;1612715601.399368
/ndn/s8-site/s8/C2Data-3396-Type1;158049.0000;DATA;1612715601.654937
/ndn/d5-site/d5/C2Data-1823-Type2;263187.0000;DATA;1612715602.121986
/ndn/v9-site/v9/C2Data-4727-Type2;256677.0000;DATA;1612715602.390722
/ndn/s3-site/s3/C2Data-2791-Type2;65452.0000;DATA;1612715603.403576
/ndn/d1-site/d1/C2Data-276-Type4;200014.0000;DATA;1612715605.118280
/ndn/v2-site/v2/C2Data-3880-Type1;26286.0000;DATA;1612715607.263111
/ndn/h5-site/h5/C2Data-613-Type1;48754.0000;DATA;1612715607.484436
/ndn/s2-site/s2/C2Data-2670-Type2;51143.0000;DATA;1612715608.677041
/ndn/h1-site/h1/C2Data-129-Type2;128069.0000;DATA;1612715609.267411
/ndn/v4-site/v4/C2Data-4122-Type2;73098.0000;DATA;1612715610.145580
/ndn/h3-site/h3/C2Data-76-Type4;227410.0000;DATA;1612715611.262681
/ndn/h7-site/h7/C2Data-176-Type4;65628.0000;DATA;1612715617.640877
/ndn/d3-site/d3/C2Data-169-Type5;86622.0000;DATA;1612715622.137739
/ndn/s9-site/s9/C2Data-1773-Type3;93856.0000;DATA;1612715623.079608
/ndn/d8-site/d8/C2Data-1102-Type3;270493.0000;DATA;1612715625.771088
/ndn/d1-site/d1/C2Data-1340-Type2;205932.0000;DATA;1612715630.285109
/ndn/h8-site/h8/C2Data-977-Type1;25666.0000;DATA;1612715632.412426
/ndn/s3-site/s3/C2Data-2792-Type2;49166.0000;DATA;1612715634.448821
/ndn/d9-site/d9/C2Data-2308-Type1;242591.0000;DATA;1612715634.879940
/ndn/v4-site/v4/C2Data-4123-Type1;26812.0000;DATA;1612715635.545620
/ndn/d2-site/d2/C2Data-736-Type3;49893.0000;DATA;1612715636.864351
/ndn/v6-site/v6/C2Data-4365-Type2;141673.0000;DATA;1612715637.199081
/ndn/s8-site/s8/C2Data-3397-Type2;179498.0000;DATA;1612715637.525354
/ndn/h9-site/h9/C2Data-553-Type3;274830.0000;DATA;1612715643.168851
/ndn/v6-site/v6/C2Data-2200-Type3;27613.0000;DATA;1612715645.105582
/ndn/d9-site/d9/C2Data-476-Type4;25226.0000;DATA;1612715652.934463
/ndn/v8-site/v8/C2Data-4608-Type2;102625.0000;DATA;1612715660.128572
/ndn/v5-site/v5/C2Data-4245-Type1;99496.0000;DATA;1612715661.444753
/ndn/s0-site/s0/C2Data-2430-Type2;161056.0000;DATA;1612715661.680192
/ndn/h0-site/h0/C2Data-1-Type4;217747.0000;DATA;1612715664.023558
/ndn/v8-site/v8/C2Data-4608-Type1;100086.0000;DATA;1612715665.034574
/ndn/v2-site/v2/C2Data-3882-Type1;249477.0000;DATA;1612715668.657685
/ndn/d1-site/d1/C2Data-143-Type5;110680.0000;DATA;1612715673.842623
/ndn/v0-site/v0/C2Data-260-Type5;168011.0000;DATA;1612715678.700009
/ndn/s0-site/s0/C2Data-1225-Type3;158050.0000;DATA;1612715684.237185
/ndn/d4-site/d4/C2Data-859-Type3;123086.0000;DATA;1612715688.626263
/ndn/v6-site/v6/C2Data-4367-Type2;126070.0000;DATA;1612715689.774053
/ndn/d0-site/d0/C2Data-1221-Type1;25199.0000;DATA;1612715690.665873
/ndn/d4-site/d4/C2Data-1705-Type2;155767.0000;DATA;1612715690.760682
/ndn/d5-site/d5/C2Data-920-Type3;237130.0000;DATA;1612715691.111738
/ndn/d9-site/d9/C2Data-2310-Type2;150182.0000;DATA;1612715691.400997
/ndn/d2-site/d2/C2Data-1463-Type2;189308.0000;DATA;1612715691.715808
/ndn/h6-site/h6/C2Data-737-Type2;25874.0000;DATA;1612715692.062719
/ndn/d2-site/d2/C2Data-1463-Type1;52819.0000;DATA;1612715692.673144
/ndn/h3-site/h3/C2Data-374-Type1;158719.0000;DATA;1612715692.923854
/ndn/h1-site/h1/C2Data-132-Type1;117764.0000;DATA;1612715693.899973
/ndn/v1-site/v1/C2Data-3762-Type2;129246.0000;DATA;1612715694.022095
/ndn/d9-site/d9/C2Data-247-Type5;55267.0000;DATA;1612715694.346099
/ndn/h0-site/h0/C2Data-5-Type3;50844.0000;DATA;1612715694.698409
/ndn/d3-site/d3/C2Data-1584-Type2;76729.0000;DATA;1612715695.231601
/ndn/s9-site/s9/C2Data-3520-Type1;87152.0000;DATA;1612715695.864233
/ndn/h8-site/h8/C2Data-979-Type2;26182.0000;DATA;1612715695.986406
/ndn/v7-site/v7/C2Data-2262-Type3;69298.0000;DATA;1612715696.408826
/ndn/d4-site/d4/C2Data-1705-Type1;142688.0000;DATA;1612715696.618835
/ndn/v9-site/v9/C2Data-2384-Type3;24918.0000;DATA;1612715697.155217
/ndn/d1-site/d1/C2Data-676-Type3;105179.0000;DATA;1612715697.447578
/ndn/v3-site/v3/C2Data-2018-Type3;49965.0000;DATA;1612715697.539673
/ndn/d5-site/d5/C2Data-1826-Type2;24247.0000;DATA;1612715697.977575
/ndn/d0-site/d0/C2Data-615-Type3;23996.0000;DATA;1612715701.778730
/ndn/s7-site/s7/C2Data-3278-Type1;6000597.0000;TIMEOUT;1612715696.006695
/ndn/s6-site/s6/C2Data-1591-Type3;53128.0000;DATA;1612715701.977068
/ndn/d7-site/d7/C2Data-2069-Type1;229533.0000;DATA;1612715718.665669
/ndn/v4-site/v4/C2Data-4126-Type2;100694.0000;DATA;1612715721.030767
/ndn/h3-site/h3/C2Data-375-Type2;25436.0000;DATA;1612715723.818642
/ndn/s7-site/s7/C2Data-3279-Type2;6003750.0000;TIMEOUT;1612715729.648019
/ndn/h4-site/h4/C2Data-497-Type1;73274.0000;DATA;1612715750.491589
/ndn/d7-site/d7/C2Data-2070-Type1;152133.0000;DATA;1612715750.858386
/ndn/v6-site/v6/C2Data-2202-Type3;98885.0000;DATA;1612715750.934645
/ndn/d0-site/d0/C2Data-616-Type3;23888.0000;DATA;1612715751.042612
/ndn/d4-site/d4/C2Data-1707-Type2;127072.0000;DATA;1612715751.471604
/ndn/h0-site/h0/C2Data-13-Type2;192774.0000;DATA;1612715752.361304
/ndn/h7-site/h7/C2Data-860-Type1;58165.0000;DATA;1612715753.091690
/ndn/s4-site/s4/C2Data-1470-Type3;6000612.0000;TIMEOUT;1612715747.294844
/ndn/d1-site/d1/C2Data-1344-Type1;158664.0000;DATA;1612715753.327205
/ndn/v1-site/v1/C2Data-1897-Type3;24004.0000;DATA;1612715755.052882
/ndn/d3-site/d3/C2Data-1586-Type1;76520.0000;DATA;1612715755.097717
/ndn/h9-site/h9/C2Data-1102-Type2;244994.0000;DATA;1612715755.055997
/ndn/s4-site/s4/C2Data-2917-Type2;6000518.0000;TIMEOUT;1612715750.508709
/ndn/s2-site/s2/C2Data-1348-Type3;100325.0000;DATA;1612715756.995925
/ndn/s9-site/s9/C2Data-3522-Type2;6000876.0000;TIMEOUT;1612715752.656585
/ndn/s7-site/s7/C2Data-3280-Type1;6000727.0000;TIMEOUT;1612715752.732718
/ndn/v6-site/v6/C2Data-4369-Type2;97384.0000;DATA;1612715758.726152
/ndn/v8-site/v8/C2Data-4611-Type1;50119.0000;DATA;1612715759.113827
/ndn/d2-site/d2/C2Data-302-Type4;116233.0000;DATA;1612715759.755771
/ndn/h2-site/h2/C2Data-255-Type2;177224.0000;DATA;1612715759.864685
/ndn/s0-site/s0/C2Data-2433-Type1;6000794.0000;TIMEOUT;1612715754.370613
/ndn/v2-site/v2/C2Data-1958-Type3;99012.0000;DATA;1612715765.147557
/ndn/v0-site/v0/C2Data-1836-Type3;30134.0000;DATA;1612715765.225880
/ndn/d4-site/d4/C2Data-1708-Type1;142073.0000;DATA;1612715779.608011
/ndn/v5-site/v5/C2Data-4249-Type1;44736.0000;DATA;1612715782.308833
/ndn/v6-site/v6/C2Data-4370-Type1;123205.0000;DATA;1612715783.435845
/ndn/d3-site/d3/C2Data-327-Type4;27752.0000;DATA;1612715787.699665
/ndn/h8-site/h8/C2Data-982-Type2;26816.0000;DATA;1612715788.671780
/ndn/s8-site/s8/C2Data-3402-Type1;6030894.0000;TIMEOUT;1612715787.329903
/ndn/d7-site/d7/C2Data-1044-Type3;227436.0000;DATA;1612715808.720229
/ndn/h4-site/h4/C2Data-499-Type1;72710.0000;DATA;1612715808.929809
/ndn/h5-site/h5/C2Data-312-Type3;102562.0000;DATA;1612715812.722365
/ndn/v9-site/v9/C2Data-727-Type4;95004.0000;DATA;1612715812.949224
/ndn/d7-site/d7/C2Data-2072-Type1;27873.0000;DATA;1612715814.508507
/ndn/h0-site/h0/C2Data-15-Type1;198636.0000;DATA;1612715815.100320
/ndn/d7-site/d7/C2Data-2072-Type2;107670.0000;DATA;1612715817.724626
/ndn/d1-site/d1/C2Data-678-Type3;99200.0000;DATA;1612715818.664456
/ndn/s9-site/s9/C2Data-1776-Type3;6000375.0000;TIMEOUT;1612715813.312611
/ndn/s6-site/s6/C2Data-3161-Type1;6003091.0000;TIMEOUT;1612715815.585280
/ndn/s9-site/s9/C2Data-3524-Type2;6000743.0000;TIMEOUT;1612715816.235811
/ndn/h0-site/h0/C2Data-7-Type3;24758.0000;DATA;1612715822.383088
/ndn/v5-site/v5/C2Data-4251-Type2;199733.0000;DATA;1612715838.451946
/ndn/h4-site/h4/C2Data-500-Type1;84759.0000;DATA;1612715839.035901
/ndn/h0-site/h0/C2Data-16-Type2;193677.0000;DATA;1612715839.803597
/ndn/v3-site/v3/C2Data-4009-Type2;51633.0000;DATA;1612715842.497470
/ndn/s0-site/s0/C2Data-2436-Type2;6006560.0000;TIMEOUT;1612715838.667511
/ndn/s8-site/s8/C2Data-3404-Type1;6001803.0000;TIMEOUT;1612715846.884652
/ndn/s3-site/s3/C2Data-2799-Type2;6022653.0000;TIMEOUT;1612715849.063755
/ndn/v1-site/v1/C2Data-3768-Type2;131406.0000;DATA;1612715874.370129
/ndn/v2-site/v2/C2Data-3889-Type2;163689.0000;DATA;1612715875.126070
/ndn/v0-site/v0/C2Data-1838-Type3;48710.0000;DATA;1612715875.673135
/ndn/s3-site/s3/C2Data-2800-Type1;6001154.0000;TIMEOUT;1612715870.584722
/ndn/h0-site/h0/C2Data-17-Type2;201297.0000;DATA;1612715876.501789
/ndn/d2-site/d2/C2Data-157-Type5;204745.0000;DATA;1612715877.705918
/ndn/s7-site/s7/C2Data-3284-Type1;6002990.0000;TIMEOUT;1612715872.152601
/ndn/h7-site/h7/C2Data-864-Type2;50889.0000;DATA;1612715879.026658
/ndn/d4-site/d4/C2Data-1711-Type1;135911.0000;DATA;1612715879.251742
/ndn/d1-site/d1/C2Data-1348-Type1;131808.0000;DATA;1612715879.773582
/ndn/s8-site/s8/C2Data-1716-Type3;6001993.0000;TIMEOUT;1612715874.867716
/ndn/s5-site/s5/C2Data-3042-Type1;6001353.0000;TIMEOUT;1612715875.019611
/ndn/s6-site/s6/C2Data-1594-Type3;6020117.0000;TIMEOUT;1612715881.890731
/ndn/s1-site/s1/C2Data-1289-Type3;6001424.0000;TIMEOUT;1612715881.965180
/ndn/d9-site/d9/C2Data-248-Type5;235412.0000;DATA;1612715899.671261
/ndn/h8-site/h8/C2Data-986-Type2;28736.0000;DATA;1612715900.861502
/ndn/h0-site/h0/C2Data-18-Type2;197740.0000;DATA;1612715901.242692
/ndn/v5-site/v5/C2Data-326-Type5;24789.0000;DATA;1612715902.723620
/ndn/v5-site/v5/C2Data-4253-Type1;26062.0000;DATA;1612715904.998112
/ndn/v4-site/v4/C2Data-4132-Type1;27544.0000;DATA;1612715908.179721
/ndn/d4-site/d4/C2Data-183-Type5;200984.0000;DATA;1612715918.455485
/ndn/h2-site/h2/C2Data-131-Type3;177029.0000;DATA;1612715925.864815
/ndn/d0-site/d0/C2Data-619-Type3;27103.0000;DATA;1612715928.573237
/ndn/v4-site/v4/C2Data-2083-Type3;103011.0000;DATA;1612715929.838096
/ndn/s7-site/s7/C2Data-1656-Type3;6001244.0000;TIMEOUT;1612715925.801285
