/ndn/s14-site/s14/C2Data-5324-Type2;156266.0000;DATA;1611602009.586152
/ndn/v4-site/v4/C2Data-5929-Type1;162202.0000;DATA;1611602010.597152
/ndn/h4-site/h4/C2Data-484-Type1;141757.0000;DATA;1611602012.413190
/ndn/h3-site/h3/C2Data-363-Type1;100014.0000;DATA;1611602017.118203
/ndn/s1-site/s1/C2Data-3751-Type2;217875.0000;DATA;1611602017.328195
/ndn/v12-site/v12/C2Data-6897-Type1;541.0000;NACK;1611602017.976241
/ndn/v4-site/v4/C2Data-5929-Type2;155355.0000;DATA;1611602019.193096
/ndn/d2-site/d2/C2Data-1037-Type3;84557.0000;DATA;1611602032.257123
/ndn/h14-site/h14/C2Data-854-Type3;202656.0000;DATA;1611602034.453142
/ndn/d4-site/d4/C2Data-2300-Type1;142183.0000;DATA;1611602037.941330
/ndn/s5-site/s5/C2Data-4236-Type2;24073.0000;DATA;1611602038.141143
/ndn/v3-site/v3/C2Data-5809-Type1;137802.0000;DATA;1611602038.528217
/ndn/s10-site/s10/C2Data-4841-Type2;212288.0000;DATA;1611602038.457145
/ndn/v8-site/v8/C2Data-3233-Type3;20974.0000;NACK;1611602040.318149
/ndn/d8-site/d8/C2Data-2784-Type2;69618.0000;DATA;1611602042.530225
/ndn/v1-site/v1/C2Data-5567-Type2;67237.0000;DATA;1611602042.950134
/ndn/h13-site/h13/C2Data-793-Type3;139930.0000;DATA;1611602043.747282
/ndn/v7-site/v7/C2Data-6293-Type1;97090.0000;DATA;1611602044.676325
/ndn/s10-site/s10/C2Data-4841-Type1;210064.0000;DATA;1611602044.972257
/ndn/d2-site/d2/C2Data-2058-Type1;71817.0000;DATA;1611602045.170127
/ndn/s2-site/s2/C2Data-3873-Type1;146250.0000;DATA;1611602045.219197
/ndn/s9-site/s9/C2Data-2379-Type3;124868.0000;DATA;1611602045.475127
/ndn/s4-site/s4/C2Data-4115-Type2;241305.0000;DATA;1611602045.615220
/ndn/v7-site/v7/C2Data-3172-Type3;92876.0000;DATA;1611602045.809239
/ndn/d11-site/d11/C2Data-3147-Type1;73485.0000;DATA;1611602045.866232
/ndn/h11-site/h11/C2Data-671-Type3;142295.0000;DATA;1611602045.812311
/ndn/d12-site/d12/C2Data-1647-Type3;46529.0000;DATA;1611602046.112208
/ndn/h9-site/h9/C2Data-549-Type3;74134.0000;DATA;1611602046.247188
/ndn/h12-site/h12/C2Data-1453-Type2;234511.0000;DATA;1611602046.557135
/ndn/s4-site/s4/C2Data-2074-Type3;229594.0000;DATA;1611602046.750209
/ndn/v14-site/v14/C2Data-3599-Type3;114485.0000;DATA;1611602046.967198
/ndn/d1-site/d1/C2Data-976-Type3;208324.0000;DATA;1611602047.253095
/ndn/h6-site/h6/C2Data-366-Type3;140659.0000;DATA;1611602047.762193
/ndn/s7-site/s7/C2Data-2257-Type3;178568.0000;DATA;1611602047.772233
/ndn/s4-site/s4/C2Data-4115-Type1;246238.0000;DATA;1611602048.191178
/ndn/d9-site/d9/C2Data-1464-Type3;46824.0000;DATA;1611602048.875124
/ndn/h3-site/h3/C2Data-364-Type1;93806.0000;DATA;1611602049.021468
/ndn/h12-site/h12/C2Data-732-Type3;239305.0000;DATA;1611602049.052194
/ndn/s10-site/s10/C2Data-2440-Type3;208970.0000;DATA;1611602052.648623
/ndn/d3-site/d3/C2Data-1098-Type3;51311.0000;DATA;1611602053.210175
/ndn/d7-site/d7/C2Data-2664-Type1;25688.0000;DATA;1611602068.713192
/ndn/s13-site/s13/C2Data-5205-Type1;24874.0000;NACK;1611602069.719221
/ndn/s10-site/s10/C2Data-4842-Type2;224542.0000;DATA;1611602069.824153
/ndn/s11-site/s11/C2Data-4963-Type2;185082.0000;DATA;1611602072.207252
/ndn/h12-site/h12/C2Data-1454-Type1;234510.0000;DATA;1611602074.753099
/ndn/v13-site/v13/C2Data-7020-Type2;171707.0000;DATA;1611602075.082283
/ndn/s9-site/s9/C2Data-4721-Type2;120576.0000;DATA;1611602076.356182
/ndn/v9-site/v9/C2Data-6536-Type2;169506.0000;DATA;1611602077.663285
/ndn/h11-site/h11/C2Data-1333-Type1;150366.0000;DATA;1611602078.448187
/ndn/h8-site/h8/C2Data-489-Type3;78556.0000;DATA;1611602094.399626
/ndn/v12-site/v12/C2Data-6900-Type2;119689.0000;DATA;1611602099.642169
/ndn/d1-site/d1/C2Data-977-Type3;222972.0000;DATA;1611602099.857103
/ndn/d2-site/d2/C2Data-2060-Type1;70823.0000;DATA;1611602104.385417
/ndn/h2-site/h2/C2Data-245-Type2;237358.0000;DATA;1611602104.733182
/ndn/s7-site/s7/C2Data-2258-Type3;6000229.0000;TIMEOUT;1611602100.877384
/ndn/d1-site/d1/C2Data-1939-Type2;215505.0000;DATA;1611602106.714288
/ndn/d13-site/d13/C2Data-1709-Type3;118857.0000;DATA;1611602107.212125
/ndn/v5-site/v5/C2Data-3051-Type3;141163.0000;DATA;1611602109.181287
/ndn/d0-site/d0/C2Data-375-Type4;49020.0000;DATA;1611602109.281133
/ndn/s2-site/s2/C2Data-1953-Type3;6000455.0000;TIMEOUT;1611602103.704157
/ndn/s10-site/s10/C2Data-4843-Type1;6000503.0000;TIMEOUT;1611602104.616163
/ndn/s3-site/s3/C2Data-3996-Type2;6004342.0000;TIMEOUT;1611602107.059123
/ndn/s3-site/s3/C2Data-2014-Type3;6000392.0000;TIMEOUT;1611602107.782179
/ndn/s12-site/s12/C2Data-5085-Type1;6000322.0000;TIMEOUT;1611602109.298139
/ndn/h6-site/h6/C2Data-150-Type4;104840.0000;DATA;1611602118.348227
/ndn/v2-site/v2/C2Data-800-Type4;31414.0000;DATA;1611602118.456895
/ndn/h3-site/h3/C2Data-75-Type4;123052.0000;DATA;1611602122.658172
/ndn/h1-site/h1/C2Data-25-Type4;101108.0000;DATA;1611602123.769999
/ndn/d1-site/d1/C2Data-1940-Type2;216823.0000;DATA;1611602128.228324
/ndn/v3-site/v3/C2Data-5812-Type1;145504.0000;DATA;1611602128.412196
/ndn/v8-site/v8/C2Data-6417-Type2;165590.0000;DATA;1611602129.406210
/ndn/d3-site/d3/C2Data-2182-Type1;51139.0000;DATA;1611602132.125177
/ndn/h6-site/h6/C2Data-730-Type2;143953.0000;DATA;1611602132.390138
/ndn/v14-site/v14/C2Data-7143-Type2;119625.0000;DATA;1611602132.665180
/ndn/h1-site/h1/C2Data-125-Type1;101633.0000;DATA;1611602132.806285
/ndn/v7-site/v7/C2Data-6296-Type2;98603.0000;DATA;1611602132.874202
/ndn/s8-site/s8/C2Data-4602-Type2;6000339.0000;TIMEOUT;1611602128.002473
/ndn/d11-site/d11/C2Data-3150-Type2;71082.0000;DATA;1611602134.806138
/ndn/h0-site/h0/C2Data-4-Type2;167783.0000;DATA;1611602135.502197
/ndn/v11-site/v11/C2Data-6780-Type1;120411.0000;DATA;1611602136.315190
/ndn/d7-site/d7/C2Data-2666-Type2;24011.0000;DATA;1611602138.662199
/ndn/v5-site/v5/C2Data-6054-Type1;146616.0000;DATA;1611602139.134202
/ndn/v3-site/v3/C2Data-5812-Type2;143095.0000;DATA;1611602139.394028
/ndn/v9-site/v9/C2Data-975-Type4;196904.0000;DATA;1611602149.368194
/ndn/h5-site/h5/C2Data-307-Type3;96301.0000;DATA;1611602152.777095
/ndn/d12-site/d12/C2Data-3272-Type2;47095.0000;DATA;1611602158.210182
/ndn/v14-site/v14/C2Data-1100-Type4;123281.0000;DATA;1611602158.169203
/ndn/h1-site/h1/C2Data-126-Type1;97001.0000;DATA;1611602158.458267
/ndn/s13-site/s13/C2Data-2625-Type3;6000431.0000;TIMEOUT;1611602152.782147
/ndn/s9-site/s9/C2Data-2381-Type3;6000335.0000;TIMEOUT;1611602153.334202
/ndn/d6-site/d6/C2Data-2546-Type1;72858.0000;DATA;1611602159.991265
/ndn/v8-site/v8/C2Data-950-Type4;168750.0000;DATA;1611602161.768143
/ndn/h14-site/h14/C2Data-1699-Type2;189615.0000;DATA;1611602161.771272
/ndn/v12-site/v12/C2Data-1050-Type4;122711.0000;DATA;1611602163.619209
/ndn/s14-site/s14/C2Data-2686-Type3;6000277.0000;TIMEOUT;1611602157.818092
/ndn/s7-site/s7/C2Data-4482-Type1;6000566.0000;TIMEOUT;1611602159.158180
/ndn/d12-site/d12/C2Data-1649-Type3;49776.0000;DATA;1611602166.990123
/ndn/v3-site/v3/C2Data-5813-Type2;141016.0000;DATA;1611602167.058191
/ndn/d1-site/d1/C2Data-1941-Type1;208852.0000;DATA;1611602167.229234
/ndn/v9-site/v9/C2Data-6539-Type1;174323.0000;DATA;1611602167.685115
/ndn/d7-site/d7/C2Data-2667-Type1;23740.0000;DATA;1611602168.979197
/ndn/s2-site/s2/C2Data-3877-Type1;6001436.0000;TIMEOUT;1611602166.277193
/ndn/v12-site/v12/C2Data-3479-Type3;127112.0000;DATA;1611602172.183199
/ndn/v4-site/v4/C2Data-2991-Type3;134239.0000;DATA;1611602173.105171
/ndn/h6-site/h6/C2Data-368-Type3;142163.0000;DATA;1611602173.598130
/ndn/v13-site/v13/C2Data-3540-Type3;165623.0000;DATA;1611602174.077158
/ndn/s4-site/s4/C2Data-2076-Type3;6000982.0000;TIMEOUT;1611602168.703190
/ndn/s9-site/s9/C2Data-4724-Type2;6000272.0000;TIMEOUT;1611602169.016116
/ndn/s11-site/s11/C2Data-2503-Type3;6000356.0000;TIMEOUT;1611602171.743223
/ndn/s12-site/s12/C2Data-2564-Type3;6000870.0000;TIMEOUT;1611602175.232426
/ndn/d4-site/d4/C2Data-2305-Type2;144837.0000;DATA;1611602189.466216
/ndn/s10-site/s10/C2Data-4846-Type2;6000989.0000;TIMEOUT;1611602188.759208
/ndn/v7-site/v7/C2Data-6298-Type2;97445.0000;DATA;1611602195.265178
/ndn/s1-site/s1/C2Data-3757-Type2;6000919.0000;TIMEOUT;1611602190.075152
/ndn/s2-site/s2/C2Data-3878-Type1;6000582.0000;TIMEOUT;1611602190.496139
/ndn/h10-site/h10/C2Data-1216-Type1;46914.0000;DATA;1611602197.229134
/ndn/h8-site/h8/C2Data-974-Type1;71792.0000;DATA;1611602198.458213
/ndn/v13-site/v13/C2Data-7024-Type1;168731.0000;DATA;1611602198.747202
/ndn/d1-site/d1/C2Data-979-Type3;264628.0000;DATA;1611602212.262886
/ndn/v8-site/v8/C2Data-3236-Type3;179076.0000;DATA;1611602213.750130
/ndn/h2-site/h2/C2Data-125-Type3;268012.0000;DATA;1611602213.856163
/ndn/v7-site/v7/C2Data-3175-Type3;99313.0000;DATA;1611602216.301177
/ndn/d7-site/d7/C2Data-2669-Type1;26954.0000;DATA;1611602217.938113
/ndn/h8-site/h8/C2Data-491-Type3;71795.0000;DATA;1611602220.246177
/ndn/d8-site/d8/C2Data-1406-Type3;69870.0000;DATA;1611602220.691156
/ndn/d0-site/d0/C2Data-1822-Type1;47578.0000;DATA;1611602220.880267
/ndn/h11-site/h11/C2Data-674-Type3;139566.0000;DATA;1611602221.566174
/ndn/d5-site/d5/C2Data-1223-Type3;125176.0000;DATA;1611602222.708099
