/ndn/d9-site/d9/C2Data-2904-Type1;145092.0000;DATA;1611605674.836128
/ndn/d6-site/d6/C2Data-2541-Type2;94847.0000;DATA;1611605675.824365
/ndn/v6-site/v6/C2Data-6171-Type2;24718.0000;DATA;1611605677.918171
/ndn/s3-site/s3/C2Data-3993-Type2;579.0000;NACK;1611605679.461137
/ndn/s2-site/s2/C2Data-3872-Type2;51023.0000;DATA;1611605680.704148
/ndn/v10-site/v10/C2Data-6655-Type1;52334.0000;DATA;1611605681.280092
/ndn/d14-site/d14/C2Data-3509-Type1;23766.0000;DATA;1611605682.442136
/ndn/v12-site/v12/C2Data-6897-Type1;575.0000;NACK;1611605684.168102
/ndn/d13-site/d13/C2Data-3388-Type2;23400.0000;DATA;1611605685.404051
/ndn/h3-site/h3/C2Data-183-Type3;92293.0000;DATA;1611605700.265091
/ndn/h6-site/h6/C2Data-366-Type3;172385.0000;DATA;1611605701.183094
/ndn/v9-site/v9/C2Data-3294-Type3;118907.0000;DATA;1611605706.830129
/ndn/d3-site/d3/C2Data-2179-Type1;71255.0000;DATA;1611605707.581043
/ndn/h5-site/h5/C2Data-305-Type3;25892.0000;DATA;1611605708.048142
/ndn/v2-site/v2/C2Data-2867-Type3;25725.0000;DATA;1611605708.808176
/ndn/d11-site/d11/C2Data-3147-Type1;118127.0000;DATA;1611605709.968159
/ndn/d3-site/d3/C2Data-2179-Type2;24465.0000;DATA;1611605710.524049
/ndn/s3-site/s3/C2Data-2013-Type3;72875.0000;DATA;1611605711.570140
/ndn/v4-site/v4/C2Data-2989-Type3;97354.0000;DATA;1611605711.552108
/ndn/d0-site/d0/C2Data-1816-Type2;23518.0000;DATA;1611605712.264185
/ndn/h11-site/h11/C2Data-1332-Type2;23433.0000;DATA;1611605712.311034
/ndn/h10-site/h10/C2Data-610-Type3;71588.0000;DATA;1611605712.624042
/ndn/s14-site/s14/C2Data-5325-Type2;23998.0000;DATA;1611605713.046032
/ndn/d13-site/d13/C2Data-1708-Type3;23340.0000;DATA;1611605713.867317
/ndn/v0-site/v0/C2Data-5446-Type2;24805.0000;DATA;1611605714.343147
/ndn/h9-site/h9/C2Data-549-Type3;118636.0000;DATA;1611605715.021132
/ndn/h7-site/h7/C2Data-848-Type2;70542.0000;DATA;1611605715.598049
/ndn/v10-site/v10/C2Data-3355-Type3;23502.0000;DATA;1611605715.829131
/ndn/d1-site/d1/C2Data-976-Type3;46375.0000;DATA;1611605718.120131
/ndn/s12-site/s12/C2Data-5084-Type1;23611.0000;DATA;1611605734.948143
/ndn/s8-site/s8/C2Data-4600-Type2;50470.0000;DATA;1611605735.312158
/ndn/v5-site/v5/C2Data-6052-Type2;96200.0000;DATA;1611605736.186131
/ndn/s1-site/s1/C2Data-3753-Type1;124256.0000;DATA;1611605738.215129
/ndn/d0-site/d0/C2Data-1817-Type1;71086.0000;DATA;1611605740.790162
/ndn/d12-site/d12/C2Data-3269-Type2;73113.0000;DATA;1611605741.181124
/ndn/s5-site/s5/C2Data-4237-Type1;70606.0000;DATA;1611605741.840153
/ndn/h7-site/h7/C2Data-849-Type1;223228.0000;DATA;1611605741.846115
/ndn/h6-site/h6/C2Data-728-Type2;30545.0000;DATA;1611605742.057094
/ndn/v6-site/v6/C2Data-6173-Type1;27344.0000;DATA;1611605742.952038
/ndn/h12-site/h12/C2Data-1454-Type2;41598.0000;DATA;1611605743.708131
/ndn/s5-site/s5/C2Data-4237-Type2;94894.0000;DATA;1611605743.881112
/ndn/v7-site/v7/C2Data-6294-Type2;97116.0000;DATA;1611605744.977045
/ndn/v8-site/v8/C2Data-6415-Type2;160222.0000;DATA;1611605745.862086
/ndn/s4-site/s4/C2Data-2075-Type3;129444.0000;DATA;1611605758.211179
/ndn/s5-site/s5/C2Data-2136-Type3;97095.0000;DATA;1611605760.408135
/ndn/d6-site/d6/C2Data-1282-Type3;106953.0000;DATA;1611605763.591163
/ndn/v13-site/v13/C2Data-7021-Type1;72565.0000;DATA;1611605765.542249
/ndn/s3-site/s3/C2Data-3996-Type1;217158.0000;DATA;1611605765.482110
/ndn/v5-site/v5/C2Data-6053-Type2;141913.0000;DATA;1611605765.942096
/ndn/d7-site/d7/C2Data-2665-Type2;115100.0000;DATA;1611605766.068058
/ndn/h4-site/h4/C2Data-245-Type3;122763.0000;DATA;1611605767.026088
/ndn/v12-site/v12/C2Data-3478-Type3;95037.0000;DATA;1611605767.118154
/ndn/d8-site/d8/C2Data-2786-Type1;72372.0000;DATA;1611605767.513136
/ndn/d2-site/d2/C2Data-2060-Type1;26819.0000;DATA;1611605767.911121
/ndn/v10-site/v10/C2Data-3356-Type3;94100.0000;DATA;1611605769.623181
/ndn/d2-site/d2/C2Data-2060-Type2;49467.0000;DATA;1611605769.819090
/ndn/h12-site/h12/C2Data-1455-Type2;24389.0000;DATA;1611605769.955053
/ndn/h9-site/h9/C2Data-1092-Type1;122866.0000;DATA;1611605770.712054
/ndn/s12-site/s12/C2Data-5085-Type1;70684.0000;DATA;1611605771.074031
/ndn/s7-site/s7/C2Data-2258-Type3;23510.0000;DATA;1611605772.736132
/ndn/v6-site/v6/C2Data-900-Type4;23541.0000;DATA;1611605772.796165
/ndn/d5-site/d5/C2Data-2423-Type2;24844.0000;DATA;1611605773.139143
/ndn/v9-site/v9/C2Data-6537-Type1;23975.0000;DATA;1611605773.277138
/ndn/s11-site/s11/C2Data-4964-Type2;121062.0000;DATA;1611605773.926252
/ndn/s6-site/s6/C2Data-2197-Type3;49877.0000;DATA;1611605775.858066
/ndn/h9-site/h9/C2Data-550-Type3;39959.0000;DATA;1611605777.618071
/ndn/v2-site/v2/C2Data-2868-Type3;33815.0000;DATA;1611605778.785126
/ndn/v5-site/v5/C2Data-3051-Type3;94769.0000;DATA;1611605781.010098
/ndn/d8-site/d8/C2Data-1404-Type3;23956.0000;DATA;1611605781.209548
/ndn/h4-site/h4/C2Data-488-Type1;169393.0000;DATA;1611605794.267084
/ndn/v1-site/v1/C2Data-5570-Type1;169511.0000;DATA;1611605794.381252
/ndn/s13-site/s13/C2Data-5207-Type1;235713.0000;DATA;1611605795.379152
/ndn/h0-site/h0/C2Data-4-Type2;194061.0000;DATA;1611605795.769098
/ndn/v1-site/v1/C2Data-775-Type4;24616.0000;DATA;1611605797.702134
/ndn/h5-site/h5/C2Data-609-Type1;23796.0000;DATA;1611605798.513112
/ndn/d4-site/d4/C2Data-2303-Type1;24840.0000;DATA;1611605799.426177
/ndn/h12-site/h12/C2Data-1456-Type2;25955.0000;DATA;1611605800.730087
/ndn/s7-site/s7/C2Data-4481-Type2;23867.0000;DATA;1611605801.170063
/ndn/v12-site/v12/C2Data-1050-Type4;25264.0000;DATA;1611605801.563079
/ndn/d2-site/d2/C2Data-2061-Type2;48692.0000;DATA;1611605802.247118
/ndn/d11-site/d11/C2Data-3150-Type1;25947.0000;DATA;1611605802.420113
/ndn/h12-site/h12/C2Data-1456-Type1;24734.0000;DATA;1611605802.452126
/ndn/v3-site/v3/C2Data-5812-Type2;25680.0000;DATA;1611605804.092094
/ndn/h11-site/h11/C2Data-1335-Type2;24222.0000;DATA;1611605805.262106
/ndn/s6-site/s6/C2Data-4360-Type2;94703.0000;DATA;1611605805.833126
/ndn/h0-site/h0/C2Data-0-Type4;62106.0000;DATA;1611605808.550198
/ndn/h2-site/h2/C2Data-50-Type4;41566.0000;DATA;1611605812.462882
/ndn/v5-site/v5/C2Data-3052-Type3;53134.0000;DATA;1611605820.757173
/ndn/d0-site/d0/C2Data-375-Type4;23251.0000;DATA;1611605821.902051
/ndn/h2-site/h2/C2Data-247-Type1;121400.0000;DATA;1611605826.799140
/ndn/d7-site/d7/C2Data-2667-Type1;123974.0000;DATA;1611605828.634106
/ndn/s14-site/s14/C2Data-5329-Type1;23622.0000;DATA;1611605829.069083
/ndn/h3-site/h3/C2Data-368-Type2;96081.0000;DATA;1611605829.375196
/ndn/s8-site/s8/C2Data-2320-Type3;25088.0000;DATA;1611605830.719058
/ndn/h10-site/h10/C2Data-1215-Type2;169024.0000;DATA;1611605830.616191
/ndn/v12-site/v12/C2Data-3479-Type3;23967.0000;DATA;1611605831.400966
/ndn/s12-site/s12/C2Data-2564-Type3;23443.0000;DATA;1611605831.791094
/ndn/s13-site/s13/C2Data-2625-Type3;71895.0000;DATA;1611605832.967206
/ndn/h4-site/h4/C2Data-489-Type1;169404.0000;DATA;1611605833.694103
/ndn/v7-site/v7/C2Data-6297-Type1;151584.0000;DATA;1611605834.697098
/ndn/h6-site/h6/C2Data-368-Type3;48837.0000;DATA;1611605835.723148
/ndn/d2-site/d2/C2Data-1039-Type3;24232.0000;DATA;1611605837.135082
/ndn/h7-site/h7/C2Data-429-Type3;51567.0000;DATA;1611605837.652080
/ndn/d1-site/d1/C2Data-978-Type3;23233.0000;DATA;1611605837.811103
/ndn/d4-site/d4/C2Data-1161-Type3;28969.0000;DATA;1611605839.477148
/ndn/d4-site/d4/C2Data-2305-Type2;51610.0000;DATA;1611605854.175181
/ndn/v1-site/v1/C2Data-5572-Type2;76830.0000;DATA;1611605857.159060
/ndn/d2-site/d2/C2Data-2063-Type2;23977.0000;DATA;1611605861.704031
/ndn/d11-site/d11/C2Data-3152-Type2;25377.0000;DATA;1611605861.965090
/ndn/h0-site/h0/C2Data-6-Type2;23724.0000;DATA;1611605863.641127
/ndn/v10-site/v10/C2Data-6661-Type1;119013.0000;DATA;1611605864.179039
/ndn/h13-site/h13/C2Data-1579-Type2;24392.0000;DATA;1611605864.864128
/ndn/s2-site/s2/C2Data-1955-Type3;47559.0000;DATA;1611605881.956225
/ndn/h14-site/h14/C2Data-1701-Type1;70977.0000;DATA;1611605885.112059
/ndn/v3-site/v3/C2Data-2931-Type3;96069.0000;DATA;1611605885.374141
/ndn/s8-site/s8/C2Data-4605-Type2;51200.0000;DATA;1611605885.695169
/ndn/d7-site/d7/C2Data-2669-Type2;122727.0000;DATA;1611605885.954100
/ndn/d5-site/d5/C2Data-2427-Type2;143545.0000;DATA;1611605887.128145
/ndn/h3-site/h3/C2Data-370-Type1;24472.0000;DATA;1611605888.214078
/ndn/h7-site/h7/C2Data-854-Type2;119605.0000;DATA;1611605888.603099
/ndn/v10-site/v10/C2Data-3358-Type3;23793.0000;DATA;1611605888.736075
/ndn/v2-site/v2/C2Data-5694-Type2;117605.0000;DATA;1611605888.655139
/ndn/h9-site/h9/C2Data-1096-Type1;23398.0000;DATA;1611605888.770156
