/ndn/v0-site/v0/C2Data-5445-Type1;122442.0000;DATA;1611611482.260152
/ndn/d11-site/d11/C2Data-3146-Type2;169381.0000;DATA;1611611483.541139
/ndn/v8-site/v8/C2Data-6413-Type1;95388.0000;DATA;1611611484.265145
/ndn/s1-site/s1/C2Data-3751-Type1;153125.0000;DATA;1611611486.131212
/ndn/d5-site/d5/C2Data-2420-Type2;51550.0000;DATA;1611611487.146627
/ndn/v9-site/v9/C2Data-6534-Type2;96165.0000;DATA;1611611488.629183
/ndn/s11-site/s11/C2Data-4961-Type2;125753.0000;DATA;1611611489.603122
/ndn/h1-site/h1/C2Data-121-Type1;93364.0000;DATA;1611611490.703289
/ndn/h3-site/h3/C2Data-183-Type3;257767.0000;DATA;1611611505.974176
/ndn/s6-site/s6/C2Data-2196-Type3;141644.0000;DATA;1611611510.293294
/ndn/s0-site/s0/C2Data-1830-Type3;95132.0000;DATA;1611611512.828112
/ndn/d3-site/d3/C2Data-2179-Type1;118735.0000;DATA;1611611514.066223
/ndn/s8-site/s8/C2Data-4599-Type1;72000.0000;DATA;1611611514.187703
/ndn/s11-site/s11/C2Data-4962-Type1;128245.0000;DATA;1611611514.497129
/ndn/h1-site/h1/C2Data-122-Type2;96146.0000;DATA;1611611514.675134
/ndn/h10-site/h10/C2Data-610-Type3;145398.0000;DATA;1611611514.834145
/ndn/d3-site/d3/C2Data-1098-Type3;120747.0000;DATA;1611611515.983704
/ndn/v12-site/v12/C2Data-6898-Type2;21351.0000;NACK;1611611516.408231
/ndn/h1-site/h1/C2Data-122-Type1;97607.0000;DATA;1611611516.735266
/ndn/d4-site/d4/C2Data-2300-Type2;114831.0000;DATA;1611611517.439353
/ndn/v2-site/v2/C2Data-5688-Type1;114962.0000;DATA;1611611517.524144
/ndn/d13-site/d13/C2Data-3389-Type2;93564.0000;DATA;1611611518.529108
/ndn/d1-site/d1/C2Data-1937-Type1;121873.0000;DATA;1611611518.895211
/ndn/h9-site/h9/C2Data-549-Type3;47936.0000;DATA;1611611518.972151
/ndn/h11-site/h11/C2Data-671-Type3;117827.0000;DATA;1611611519.096120
/ndn/v7-site/v7/C2Data-6293-Type1;184199.0000;DATA;1611611519.281219
/ndn/d13-site/d13/C2Data-1708-Type3;99523.0000;DATA;1611611521.162005
/ndn/d1-site/d1/C2Data-1937-Type2;119160.0000;DATA;1611611522.802178
/ndn/h4-site/h4/C2Data-244-Type3;71460.0000;DATA;1611611525.092200
/ndn/v8-site/v8/C2Data-3233-Type3;100541.0000;DATA;1611611526.761201
/ndn/s14-site/s14/C2Data-5326-Type2;121833.0000;DATA;1611611542.143158
/ndn/d8-site/d8/C2Data-2785-Type2;144836.0000;DATA;1611611542.204251
/ndn/h2-site/h2/C2Data-244-Type2;150355.0000;DATA;1611611542.413149
/ndn/v12-site/v12/C2Data-6899-Type1;225438.0000;DATA;1611611543.352698
/ndn/v10-site/v10/C2Data-6657-Type2;119537.0000;DATA;1611611543.823178
/ndn/s1-site/s1/C2Data-3753-Type2;146109.0000;DATA;1611611545.261250
/ndn/v2-site/v2/C2Data-5689-Type1;116612.0000;DATA;1611611548.299119
/ndn/s8-site/s8/C2Data-4600-Type2;70778.0000;DATA;1611611548.910236
/ndn/d6-site/d6/C2Data-2543-Type1;124620.0000;DATA;1611611549.667203
/ndn/s13-site/s13/C2Data-5205-Type2;6000843.0000;TIMEOUT;1611611547.232223
/ndn/h12-site/h12/C2Data-733-Type3;142965.0000;DATA;1611611571.282122
/ndn/s9-site/s9/C2Data-4722-Type1;26846.0000;DATA;1611611572.836178
/ndn/h7-site/h7/C2Data-428-Type3;121888.0000;DATA;1611611573.140214
/ndn/s5-site/s5/C2Data-4238-Type2;117414.0000;DATA;1611611574.493142
/ndn/d8-site/d8/C2Data-1404-Type3;146072.0000;DATA;1611611574.524163
/ndn/v9-site/v9/C2Data-6537-Type1;93377.0000;DATA;1611611575.286139
/ndn/d14-site/d14/C2Data-3512-Type2;93548.0000;DATA;1611611576.368119
/ndn/s13-site/s13/C2Data-5206-Type1;6000346.0000;TIMEOUT;1611611572.120163
/ndn/v8-site/v8/C2Data-6416-Type1;92960.0000;DATA;1611611578.068164
/ndn/s5-site/s5/C2Data-4238-Type1;118131.0000;DATA;1611611578.095183
/ndn/v11-site/v11/C2Data-1025-Type4;92636.0000;DATA;1611611578.802121
/ndn/h2-site/h2/C2Data-245-Type2;148125.0000;DATA;1611611579.210166
/ndn/s13-site/s13/C2Data-5206-Type2;6002772.0000;TIMEOUT;1611611573.487232
/ndn/h12-site/h12/C2Data-1455-Type1;140100.0000;DATA;1611611580.830196
/ndn/h12-site/h12/C2Data-1455-Type2;141926.0000;DATA;1611611581.084223
/ndn/v13-site/v13/C2Data-7021-Type1;51573.0000;DATA;1611611581.183170
/ndn/v8-site/v8/C2Data-3234-Type3;12215.0000;DATA;1611611581.564700
/ndn/d0-site/d0/C2Data-916-Type3;147991.0000;DATA;1611611581.777186
/ndn/h8-site/h8/C2Data-489-Type3;54606.0000;DATA;1611611583.831321
/ndn/d1-site/d1/C2Data-977-Type3;115834.0000;DATA;1611611584.555117
/ndn/s3-site/s3/C2Data-3996-Type2;6000234.0000;TIMEOUT;1611611578.764124
/ndn/s9-site/s9/C2Data-4722-Type2;6000298.0000;TIMEOUT;1611611581.054123
/ndn/s3-site/s3/C2Data-3996-Type1;6014668.0000;TIMEOUT;1611611581.983210
/ndn/s5-site/s5/C2Data-2136-Type3;6000237.0000;TIMEOUT;1611611582.665110
/ndn/h4-site/h4/C2Data-100-Type4;122190.0000;DATA;1611611589.469266
/ndn/d13-site/d13/C2Data-3392-Type2;92110.0000;DATA;1611611601.561190
/ndn/v11-site/v11/C2Data-6780-Type2;104669.0000;DATA;1611611602.198119
/ndn/v12-site/v12/C2Data-1050-Type4;227742.0000;DATA;1611611602.470106
/ndn/v7-site/v7/C2Data-6296-Type2;192512.0000;DATA;1611611603.179168
/ndn/h2-site/h2/C2Data-50-Type4;145883.0000;DATA;1611611603.645163
/ndn/h13-site/h13/C2Data-1577-Type1;24025.0000;DATA;1611611605.577109
/ndn/s11-site/s11/C2Data-4965-Type1;6001852.0000;TIMEOUT;1611611601.721115
/ndn/h8-site/h8/C2Data-972-Type1;90648.0000;DATA;1611611609.306126
/ndn/d14-site/d14/C2Data-725-Type4;94944.0000;DATA;1611611609.670257
/ndn/s0-site/s0/C2Data-3634-Type1;6000604.0000;TIMEOUT;1611611604.168170
/ndn/d12-site/d12/C2Data-3271-Type1;146354.0000;DATA;1611611611.075252
/ndn/h1-site/h1/C2Data-25-Type4;99225.0000;DATA;1611611611.360156
/ndn/h6-site/h6/C2Data-730-Type1;71405.0000;DATA;1611611611.530156
/ndn/h14-site/h14/C2Data-1698-Type2;92524.0000;DATA;1611611611.751113
/ndn/h5-site/h5/C2Data-609-Type1;25902.0000;DATA;1611611612.801229
/ndn/d7-site/d7/C2Data-2666-Type2;92146.0000;DATA;1611611613.045189
/ndn/h2-site/h2/C2Data-246-Type1;200000.0000;DATA;1611611613.169212
/ndn/s9-site/s9/C2Data-4723-Type2;6008635.0000;TIMEOUT;1611611611.317184
/ndn/d11-site/d11/C2Data-650-Type4;223505.0000;DATA;1611611621.094067
/ndn/d0-site/d0/C2Data-375-Type4;171224.0000;DATA;1611611622.475144
/ndn/h12-site/h12/C2Data-734-Type3;140440.0000;DATA;1611611629.475227
/ndn/h1-site/h1/C2Data-126-Type2;98369.0000;DATA;1611611631.642129
/ndn/d0-site/d0/C2Data-1820-Type2;142020.0000;DATA;1611611632.540167
/ndn/d2-site/d2/C2Data-2062-Type1;121245.0000;DATA;1611611634.146149
/ndn/d7-site/d7/C2Data-2667-Type1;93942.0000;DATA;1611611634.199200
/ndn/v2-site/v2/C2Data-5692-Type1;116458.0000;DATA;1611611634.199762
/ndn/s4-site/s4/C2Data-2076-Type3;6000579.0000;TIMEOUT;1611611629.949202
/ndn/v9-site/v9/C2Data-6539-Type2;98496.0000;DATA;1611611636.532125
/ndn/d9-site/d9/C2Data-1466-Type3;71015.0000;DATA;1611611636.970150
/ndn/s3-site/s3/C2Data-2015-Type3;6000436.0000;TIMEOUT;1611611632.353267
/ndn/d12-site/d12/C2Data-1649-Type3;145779.0000;DATA;1611611638.349166
/ndn/h0-site/h0/C2Data-5-Type2;92241.0000;DATA;1611611639.222176
/ndn/d9-site/d9/C2Data-2909-Type2;70041.0000;DATA;1611611639.504112
/ndn/h12-site/h12/C2Data-1457-Type1;143336.0000;DATA;1611611639.923149
/ndn/v8-site/v8/C2Data-6418-Type1;95346.0000;DATA;1611611640.853205
/ndn/v1-site/v1/C2Data-5571-Type2;217439.0000;DATA;1611611641.044208
/ndn/v6-site/v6/C2Data-3113-Type3;69820.0000;DATA;1611611641.870203
/ndn/s12-site/s12/C2Data-5087-Type1;6000230.0000;TIMEOUT;1611611637.780200
/ndn/s5-site/s5/C2Data-4240-Type2;6002146.0000;TIMEOUT;1611611638.647127
/ndn/h13-site/h13/C2Data-795-Type3;26121.0000;DATA;1611611645.191223
/ndn/h0-site/h0/C2Data-2-Type3;106192.0000;DATA;1611611646.050252
/ndn/s5-site/s5/C2Data-2137-Type3;6000261.0000;TIMEOUT;1611611641.443121
/ndn/s12-site/s12/C2Data-5087-Type2;6000230.0000;TIMEOUT;1611611641.532173
/ndn/v12-site/v12/C2Data-3479-Type3;214312.0000;DATA;1611611647.587177
/ndn/v9-site/v9/C2Data-6540-Type2;99510.0000;DATA;1611611663.643131
/ndn/d8-site/d8/C2Data-2789-Type1;158992.0000;DATA;1611611664.421226
/ndn/v1-site/v1/C2Data-5572-Type2;209835.0000;DATA;1611611664.633819
/ndn/d1-site/d1/C2Data-1942-Type1;124141.0000;DATA;1611611665.541117
/ndn/h2-site/h2/C2Data-248-Type2;155569.0000;DATA;1611611669.222220
/ndn/d10-site/d10/C2Data-3031-Type1;72667.0000;DATA;1611611670.530205
/ndn/d10-site/d10/C2Data-3031-Type2;75566.0000;DATA;1611611670.577214
/ndn/d11-site/d11/C2Data-3152-Type1;172448.0000;DATA;1611611671.262153
/ndn/v8-site/v8/C2Data-6419-Type1;95004.0000;DATA;1611611671.637108
/ndn/d4-site/d4/C2Data-2305-Type2;119836.0000;DATA;1611611672.319321
/ndn/s9-site/s9/C2Data-4725-Type2;6000875.0000;TIMEOUT;1611611667.008109
/ndn/v12-site/v12/C2Data-6903-Type1;253648.0000;DATA;1611611673.160149
/ndn/s13-site/s13/C2Data-5209-Type2;6004464.0000;TIMEOUT;1611611672.101661
/ndn/h1-site/h1/C2Data-64-Type3;113452.0000;DATA;1611611689.748113
/ndn/d12-site/d12/C2Data-3274-Type1;146969.0000;DATA;1611611692.260106
/ndn/h2-site/h2/C2Data-249-Type2;142701.0000;DATA;1611611692.507188
/ndn/h13-site/h13/C2Data-796-Type3;23902.0000;DATA;1611611692.789182
/ndn/v4-site/v4/C2Data-5936-Type2;239170.0000;DATA;1611611692.982160
/ndn/d5-site/d5/C2Data-1223-Type3;47495.0000;DATA;1611611693.996193
/ndn/d14-site/d14/C2Data-3516-Type1;93819.0000;DATA;1611611694.786187
/ndn/v11-site/v11/C2Data-3419-Type3;96938.0000;DATA;1611611694.997141
/ndn/d0-site/d0/C2Data-1822-Type1;150614.0000;DATA;1611611696.358176
/ndn/v0-site/v0/C2Data-5452-Type1;119613.0000;DATA;1611611696.672130
/ndn/s13-site/s13/C2Data-5210-Type1;6006329.0000;TIMEOUT;1611611691.200104
