/ndn/v3-site/v3/C2Data-5808-Type2;150052.0000;DATA;1611602008.488314
/ndn/d4-site/d4/C2Data-2299-Type1;235993.0000;DATA;1611602009.095096
/ndn/h8-site/h8/C2Data-968-Type1;146410.0000;DATA;1611602011.582131
/ndn/h12-site/h12/C2Data-1452-Type2;465.0000;NACK;1611602011.989139
/ndn/d2-site/d2/C2Data-2057-Type2;237494.0000;DATA;1611602011.939368
/ndn/s8-site/s8/C2Data-4598-Type1;192908.0000;DATA;1611602012.476138
/ndn/h5-site/h5/C2Data-605-Type1;99962.0000;DATA;1611602012.883105
/ndn/v1-site/v1/C2Data-5566-Type1;289417.0000;DATA;1611602013.785123
/ndn/d9-site/d9/C2Data-2904-Type1;145954.0000;DATA;1611602016.405324
/ndn/h10-site/h10/C2Data-1210-Type2;227219.0000;DATA;1611602016.591208
/ndn/v14-site/v14/C2Data-7139-Type1;117331.0000;DATA;1611602018.628165
/ndn/d9-site/d9/C2Data-1464-Type3;137753.0000;DATA;1611602032.841175
/ndn/v8-site/v8/C2Data-3233-Type3;25467.0000;DATA;1611602034.516144
/ndn/v9-site/v9/C2Data-3294-Type3;70091.0000;DATA;1611602034.988166
/ndn/v9-site/v9/C2Data-6535-Type1;70415.0000;DATA;1611602037.878145
/ndn/v8-site/v8/C2Data-6414-Type1;24974.0000;DATA;1611602039.249241
/ndn/h13-site/h13/C2Data-1574-Type1;146991.0000;DATA;1611602039.651175
/ndn/v5-site/v5/C2Data-6051-Type1;307664.0000;DATA;1611602040.916180
/ndn/v10-site/v10/C2Data-6656-Type1;194430.0000;DATA;1611602041.376161
/ndn/s1-site/s1/C2Data-3752-Type2;23666.0000;DATA;1611602042.109181
/ndn/h4-site/h4/C2Data-485-Type2;97619.0000;DATA;1611602042.637189
/ndn/v4-site/v4/C2Data-5930-Type1;301753.0000;DATA;1611602043.166148
/ndn/h0-site/h0/C2Data-0-Type3;25221.0000;DATA;1611602043.497210
/ndn/d5-site/d5/C2Data-2421-Type1;70801.0000;DATA;1611602043.615112
/ndn/d2-site/d2/C2Data-1037-Type3;238203.0000;DATA;1611602044.490097
/ndn/d0-site/d0/C2Data-1816-Type1;210960.0000;DATA;1611602046.066110
/ndn/d3-site/d3/C2Data-2179-Type1;192716.0000;DATA;1611602046.339242
/ndn/h1-site/h1/C2Data-61-Type3;217129.0000;DATA;1611602046.590209
/ndn/v9-site/v9/C2Data-6535-Type2;72381.0000;DATA;1611602047.591166
/ndn/h8-site/h8/C2Data-969-Type2;141578.0000;DATA;1611602047.746175
/ndn/h2-site/h2/C2Data-122-Type3;436.0000;NACK;1611602048.085275
/ndn/d8-site/d8/C2Data-1403-Type3;237730.0000;DATA;1611602047.871172
/ndn/s10-site/s10/C2Data-4841-Type1;465.0000;NACK;1611602048.217165
/ndn/s10-site/s10/C2Data-2440-Type3;492.0000;NACK;1611602048.866160
/ndn/d1-site/d1/C2Data-1937-Type1;639.0000;NACK;1611602049.388196
/ndn/d7-site/d7/C2Data-1342-Type3;175519.0000;DATA;1611602052.258165
/ndn/h11-site/h11/C2Data-671-Type3;238497.0000;DATA;1611602054.799195
/ndn/h10-site/h10/C2Data-610-Type3;217888.0000;DATA;1611602055.108200
/ndn/v9-site/v9/C2Data-6536-Type2;69383.0000;DATA;1611602071.091179
/ndn/v13-site/v13/C2Data-7020-Type1;172205.0000;DATA;1611602073.067206
/ndn/s4-site/s4/C2Data-4116-Type1;259394.0000;DATA;1611602074.617217
/ndn/d8-site/d8/C2Data-2785-Type1;237252.0000;DATA;1611602076.443184
/ndn/s10-site/s10/C2Data-4842-Type2;239241.0000;DATA;1611602076.569164
/ndn/h3-site/h3/C2Data-365-Type2;263442.0000;DATA;1611602077.576108
/ndn/d6-site/d6/C2Data-2543-Type1;194336.0000;DATA;1611602077.801201
/ndn/s5-site/s5/C2Data-4237-Type1;208373.0000;DATA;1611602077.918131
/ndn/v8-site/v8/C2Data-3234-Type3;35849.0000;DATA;1611602093.682154
/ndn/s12-site/s12/C2Data-2563-Type3;74088.0000;DATA;1611602095.977290
/ndn/h14-site/h14/C2Data-855-Type3;212868.0000;DATA;1611602096.620529
/ndn/v4-site/v4/C2Data-5932-Type2;321314.0000;DATA;1611602098.133177
/ndn/v2-site/v2/C2Data-5690-Type2;186409.0000;DATA;1611602100.541134
/ndn/h12-site/h12/C2Data-1455-Type2;258547.0000;DATA;1611602101.093088
/ndn/v11-site/v11/C2Data-3417-Type3;216754.0000;DATA;1611602102.084164
/ndn/h5-site/h5/C2Data-608-Type1;97257.0000;DATA;1611602102.478233
/ndn/v12-site/v12/C2Data-6900-Type1;288497.0000;DATA;1611602102.386395
/ndn/h0-site/h0/C2Data-1-Type3;23839.0000;DATA;1611602103.298162
/ndn/d14-site/d14/C2Data-1770-Type3;223345.0000;DATA;1611602103.133089
/ndn/s6-site/s6/C2Data-2197-Type3;6000262.0000;TIMEOUT;1611602097.534263
/ndn/s8-site/s8/C2Data-4601-Type1;191981.0000;DATA;1611602103.408300
/ndn/v1-site/v1/C2Data-5569-Type1;286569.0000;DATA;1611602103.428194
/ndn/d2-site/d2/C2Data-1038-Type3;240019.0000;DATA;1611602105.298180
/ndn/h5-site/h5/C2Data-608-Type2;95282.0000;DATA;1611602105.901203
/ndn/s2-site/s2/C2Data-1953-Type3;6000340.0000;TIMEOUT;1611602100.116160
/ndn/d13-site/d13/C2Data-1709-Type3;213296.0000;DATA;1611602106.337235
/ndn/v7-site/v7/C2Data-925-Type4;261861.0000;DATA;1611602106.414108
/ndn/v5-site/v5/C2Data-6053-Type1;308740.0000;DATA;1611602106.455115
/ndn/v2-site/v2/C2Data-2868-Type3;190632.0000;DATA;1611602106.785177
/ndn/d4-site/d4/C2Data-2302-Type2;230898.0000;DATA;1611602107.738781
/ndn/h4-site/h4/C2Data-487-Type2;96516.0000;DATA;1611602109.257176
/ndn/h11-site/h11/C2Data-672-Type3;239468.0000;DATA;1611602109.232172
/ndn/s14-site/s14/C2Data-5327-Type1;6000782.0000;TIMEOUT;1611602106.145166
/ndn/s3-site/s3/C2Data-2014-Type3;6000679.0000;TIMEOUT;1611602107.830176
/ndn/h2-site/h2/C2Data-123-Type3;285208.0000;DATA;1611602113.867164
/ndn/s11-site/s11/C2Data-4964-Type1;6001379.0000;TIMEOUT;1611602109.077154
/ndn/s5-site/s5/C2Data-2136-Type3;6000998.0000;TIMEOUT;1611602109.161148
/ndn/s11-site/s11/C2Data-4964-Type2;6000544.0000;TIMEOUT;1611602109.537091
/ndn/v14-site/v14/C2Data-1100-Type4;131863.0000;DATA;1611602118.903196
/ndn/s9-site/s9/C2Data-2380-Type3;6003091.0000;TIMEOUT;1611602113.400181
/ndn/v2-site/v2/C2Data-800-Type4;202012.0000;DATA;1611602120.324173
/ndn/h0-site/h0/C2Data-4-Type2;26505.0000;DATA;1611602129.957095
/ndn/d9-site/d9/C2Data-2908-Type1;144134.0000;DATA;1611602130.028225
/ndn/h8-site/h8/C2Data-972-Type1;146923.0000;DATA;1611602130.531673
/ndn/v8-site/v8/C2Data-6417-Type2;24226.0000;DATA;1611602130.735189
/ndn/v3-site/v3/C2Data-5812-Type2;140368.0000;DATA;1611602131.062158
/ndn/d0-site/d0/C2Data-375-Type4;217843.0000;DATA;1611602132.985175
/ndn/s11-site/s11/C2Data-4965-Type1;6000240.0000;TIMEOUT;1611602130.084159
/ndn/v13-site/v13/C2Data-7022-Type2;166994.0000;DATA;1611602136.201166
/ndn/d11-site/d11/C2Data-3150-Type1;232381.0000;DATA;1611602136.148130
/ndn/d0-site/d0/C2Data-1819-Type2;214167.0000;DATA;1611602136.389130
/ndn/v0-site/v0/C2Data-5449-Type1;187284.0000;DATA;1611602136.692146
/ndn/s10-site/s10/C2Data-4844-Type1;6000341.0000;TIMEOUT;1611602131.529125
/ndn/v6-site/v6/C2Data-6175-Type2;184792.0000;DATA;1611602137.422106
/ndn/d12-site/d12/C2Data-3271-Type2;212896.0000;DATA;1611602137.679093
/ndn/v11-site/v11/C2Data-1025-Type4;224779.0000;DATA;1611602151.232431
/ndn/h3-site/h3/C2Data-75-Type4;260369.0000;DATA;1611602152.729160
/ndn/v3-site/v3/C2Data-5813-Type1;140867.0000;DATA;1611602158.371097
/ndn/d3-site/d3/C2Data-2183-Type1;192032.0000;DATA;1611602159.381256
/ndn/d9-site/d9/C2Data-600-Type4;146243.0000;DATA;1611602159.456224
/ndn/v7-site/v7/C2Data-3174-Type3;265651.0000;DATA;1611602159.365102
/ndn/d12-site/d12/C2Data-3272-Type2;212998.0000;DATA;1611602159.727213
/ndn/h14-site/h14/C2Data-1699-Type2;216162.0000;DATA;1611602160.028091
/ndn/h6-site/h6/C2Data-150-Type4;46845.0000;DATA;1611602160.353175
/ndn/v6-site/v6/C2Data-6176-Type1;188174.0000;DATA;1611602160.369161
/ndn/s2-site/s2/C2Data-1954-Type3;6000596.0000;TIMEOUT;1611602154.627094
/ndn/h6-site/h6/C2Data-731-Type1;48774.0000;DATA;1611602160.704143
/ndn/h10-site/h10/C2Data-250-Type4;211228.0000;DATA;1611602161.981122
/ndn/v2-site/v2/C2Data-5692-Type1;186516.0000;DATA;1611602162.035170
/ndn/v6-site/v6/C2Data-6176-Type2;192738.0000;DATA;1611602164.200176
/ndn/d7-site/d7/C2Data-1344-Type3;171721.0000;DATA;1611602165.138159
/ndn/h4-site/h4/C2Data-489-Type1;99762.0000;DATA;1611602165.352094
/ndn/v13-site/v13/C2Data-7023-Type1;167954.0000;DATA;1611602165.540135
/ndn/h9-site/h9/C2Data-1094-Type1;122807.0000;DATA;1611602165.623203
/ndn/h6-site/h6/C2Data-368-Type3;49101.0000;DATA;1611602166.170222
/ndn/h8-site/h8/C2Data-973-Type2;139600.0000;DATA;1611602166.564130
/ndn/s6-site/s6/C2Data-4361-Type2;6000333.0000;TIMEOUT;1611602163.357984
/ndn/v12-site/v12/C2Data-6902-Type2;284309.0000;DATA;1611602169.177183
/ndn/s10-site/s10/C2Data-4845-Type1;6000513.0000;TIMEOUT;1611602163.632316
/ndn/v2-site/v2/C2Data-5692-Type2;192812.0000;DATA;1611602169.447164
/ndn/s11-site/s11/C2Data-2503-Type3;6012649.0000;TIMEOUT;1611602165.205243
/ndn/d6-site/d6/C2Data-1283-Type3;221610.0000;DATA;1611602171.090181
/ndn/s0-site/s0/C2Data-3635-Type2;6000401.0000;TIMEOUT;1611602165.668086
/ndn/s10-site/s10/C2Data-2442-Type3;6000798.0000;TIMEOUT;1611602166.670084
/ndn/v5-site/v5/C2Data-3052-Type3;307047.0000;DATA;1611602172.881304
/ndn/s14-site/s14/C2Data-5329-Type1;6000274.0000;TIMEOUT;1611602167.673179
/ndn/s8-site/s8/C2Data-2320-Type3;6000306.0000;TIMEOUT;1611602168.201128
/ndn/s3-site/s3/C2Data-2015-Type3;6003724.0000;TIMEOUT;1611602173.399187
/ndn/h12-site/h12/C2Data-1458-Type2;265424.0000;DATA;1611602188.238288
/ndn/v5-site/v5/C2Data-6056-Type2;312035.0000;DATA;1611602189.284699
/ndn/d10-site/d10/C2Data-3031-Type1;96457.0000;DATA;1611602189.913175
/ndn/h4-site/h4/C2Data-490-Type1;94022.0000;DATA;1611602191.840169
/ndn/v12-site/v12/C2Data-6903-Type2;292139.0000;DATA;1611602191.980096
/ndn/v7-site/v7/C2Data-6298-Type2;263278.0000;DATA;1611602192.033176
/ndn/d3-site/d3/C2Data-2184-Type2;189528.0000;DATA;1611602192.793197
/ndn/s12-site/s12/C2Data-5088-Type2;6000294.0000;TIMEOUT;1611602188.051190
/ndn/d8-site/d8/C2Data-2789-Type1;240204.0000;DATA;1611602195.206158
/ndn/d12-site/d12/C2Data-3273-Type2;218830.0000;DATA;1611602196.110212
/ndn/h6-site/h6/C2Data-732-Type1;46566.0000;DATA;1611602196.959178
/ndn/s10-site/s10/C2Data-4846-Type1;6000480.0000;TIMEOUT;1611602192.176896
/ndn/s11-site/s11/C2Data-4967-Type1;6001997.0000;TIMEOUT;1611602198.209145
/ndn/s8-site/s8/C2Data-4604-Type2;6000337.0000;TIMEOUT;1611602199.239114
/ndn/v2-site/v2/C2Data-2870-Type3;191820.0000;DATA;1611602212.095272
/ndn/d8-site/d8/C2Data-1406-Type3;281950.0000;DATA;1611602212.704188
/ndn/h12-site/h12/C2Data-735-Type3;265436.0000;DATA;1611602215.610134
/ndn/v11-site/v11/C2Data-3419-Type3;213820.0000;DATA;1611602218.319191
/ndn/d2-site/d2/C2Data-2064-Type2;234612.0000;DATA;1611602219.456141
/ndn/h4-site/h4/C2Data-491-Type1;96788.0000;DATA;1611602222.130220
/ndn/v8-site/v8/C2Data-6420-Type1;24256.0000;DATA;1611602222.252126
/ndn/v4-site/v4/C2Data-5936-Type2;309134.0000;DATA;1611602222.427120
