/ndn/v10-site/v10/C2Data-6655-Type2;525.0000;NACK;1611602585.061438
/ndn/v6-site/v6/C2Data-6171-Type2;24790.0000;DATA;1611602585.495537
/ndn/s1-site/s1/C2Data-3751-Type2;239193.0000;DATA;1611602585.865569
/ndn/d4-site/d4/C2Data-2299-Type1;25083.0000;DATA;1611602587.341615
/ndn/h4-site/h4/C2Data-484-Type2;164741.0000;DATA;1611602588.794456
/ndn/v3-site/v3/C2Data-5808-Type2;101016.0000;DATA;1611602591.025470
/ndn/s7-site/s7/C2Data-4477-Type2;48313.0000;DATA;1611602592.363498
/ndn/v11-site/v11/C2Data-6776-Type1;26237.0000;DATA;1611602592.767469
/ndn/s1-site/s1/C2Data-3751-Type1;249339.0000;DATA;1611602592.722443
/ndn/v2-site/v2/C2Data-5687-Type1;145352.0000;DATA;1611602594.448546
/ndn/v8-site/v8/C2Data-6413-Type1;203131.0000;DATA;1611602595.198422
/ndn/v5-site/v5/C2Data-6050-Type1;193964.0000;DATA;1611602595.917469
/ndn/v0-site/v0/C2Data-5445-Type1;581.0000;NACK;1611602596.817611
/ndn/d2-site/d2/C2Data-1037-Type3;55971.0000;DATA;1611602610.287426
/ndn/s9-site/s9/C2Data-2379-Type3;95934.0000;DATA;1611602610.768766
/ndn/v2-site/v2/C2Data-2867-Type3;144236.0000;DATA;1611602612.284484
/ndn/v3-site/v3/C2Data-2928-Type3;98352.0000;DATA;1611602612.342582
/ndn/v8-site/v8/C2Data-3233-Type3;205500.0000;DATA;1611602612.345498
/ndn/h13-site/h13/C2Data-793-Type3;74348.0000;DATA;1611602614.934419
/ndn/s0-site/s0/C2Data-1830-Type3;187887.0000;DATA;1611602615.458419
/ndn/h4-site/h4/C2Data-485-Type2;166552.0000;DATA;1611602615.643520
/ndn/s8-site/s8/C2Data-4599-Type1;12959.0000;DATA;1611602616.368487
/ndn/s14-site/s14/C2Data-5325-Type1;25692.0000;DATA;1611602617.078506
/ndn/s7-site/s7/C2Data-4478-Type2;47120.0000;DATA;1611602617.392422
/ndn/d7-site/d7/C2Data-2663-Type1;116770.0000;DATA;1611602617.994915
/ndn/v14-site/v14/C2Data-7140-Type2;100971.0000;DATA;1611602618.281513
/ndn/d1-site/d1/C2Data-1937-Type1;93634.0000;DATA;1611602618.690505
/ndn/h5-site/h5/C2Data-606-Type2;115616.0000;DATA;1611602619.817418
/ndn/s10-site/s10/C2Data-4841-Type1;94373.0000;DATA;1611602621.265432
/ndn/h12-site/h12/C2Data-732-Type3;121324.0000;DATA;1611602622.165673
/ndn/v13-site/v13/C2Data-3538-Type3;69752.0000;DATA;1611602622.984497
/ndn/v6-site/v6/C2Data-6172-Type2;23628.0000;DATA;1611602623.056539
/ndn/s14-site/s14/C2Data-2684-Type3;24468.0000;DATA;1611602623.095438
/ndn/v12-site/v12/C2Data-6898-Type2;164845.0000;DATA;1611602623.154428
/ndn/s2-site/s2/C2Data-3873-Type1;47796.0000;DATA;1611602624.341506
/ndn/s13-site/s13/C2Data-5204-Type2;243478.0000;DATA;1611602624.451475
/ndn/h3-site/h3/C2Data-364-Type2;145534.0000;DATA;1611602624.591495
/ndn/d2-site/d2/C2Data-2058-Type2;46932.0000;DATA;1611602624.730423
/ndn/h4-site/h4/C2Data-244-Type3;169571.0000;DATA;1611602625.512511
/ndn/h10-site/h10/C2Data-1211-Type2;163566.0000;DATA;1611602625.939460
/ndn/s2-site/s2/C2Data-3873-Type2;48398.0000;DATA;1611602626.396484
/ndn/d9-site/d9/C2Data-1464-Type3;159711.0000;DATA;1611602628.287473
/ndn/h10-site/h10/C2Data-610-Type3;133928.0000;DATA;1611602628.941460
/ndn/s12-site/s12/C2Data-5084-Type1;211789.0000;DATA;1611602645.077640
/ndn/v8-site/v8/C2Data-6415-Type1;192124.0000;DATA;1611602646.151591
/ndn/d1-site/d1/C2Data-1938-Type1;93854.0000;DATA;1611602649.357486
/ndn/d8-site/d8/C2Data-2785-Type2;69877.0000;DATA;1611602649.702484
/ndn/v13-site/v13/C2Data-7020-Type2;70207.0000;DATA;1611602649.741581
/ndn/v6-site/v6/C2Data-6173-Type1;27206.0000;DATA;1611602650.281453
/ndn/s0-site/s0/C2Data-3632-Type2;195149.0000;DATA;1611602651.816522
/ndn/v4-site/v4/C2Data-5931-Type1;186389.0000;DATA;1611602653.343497
/ndn/h11-site/h11/C2Data-1333-Type1;25446.0000;DATA;1611602653.837485
/ndn/d7-site/d7/C2Data-2664-Type2;121212.0000;DATA;1611602654.985517
/ndn/h8-site/h8/C2Data-970-Type1;169790.0000;DATA;1611602654.947630
/ndn/s11-site/s11/C2Data-2502-Type3;210113.0000;DATA;1611602669.822447
/ndn/s12-site/s12/C2Data-2563-Type3;128589.0000;DATA;1611602673.486511
/ndn/h14-site/h14/C2Data-1697-Type1;74378.0000;DATA;1611602676.604469
/ndn/d0-site/d0/C2Data-916-Type3;72710.0000;DATA;1611602677.308464
/ndn/d0-site/d0/C2Data-1818-Type2;71476.0000;DATA;1611602678.344414
/ndn/s8-site/s8/C2Data-4601-Type2;51608.0000;DATA;1611602678.574510
/ndn/s7-site/s7/C2Data-2258-Type3;6000604.0000;TIMEOUT;1611602672.787468
/ndn/v7-site/v7/C2Data-6295-Type1;140241.0000;DATA;1611602678.713602
/ndn/h11-site/h11/C2Data-1334-Type1;23755.0000;DATA;1611602681.184416
/ndn/v2-site/v2/C2Data-2868-Type3;139505.0000;DATA;1611602683.151503
/ndn/h9-site/h9/C2Data-550-Type3;139265.0000;DATA;1611602683.705527
/ndn/h4-site/h4/C2Data-487-Type2;161824.0000;DATA;1611602684.068506
/ndn/d2-site/d2/C2Data-2060-Type1;51623.0000;DATA;1611602684.226428
/ndn/v8-site/v8/C2Data-3234-Type3;193293.0000;DATA;1611602685.244514
/ndn/h9-site/h9/C2Data-1092-Type2;139704.0000;DATA;1611602685.758585
/ndn/h0-site/h0/C2Data-0-Type4;194600.0000;DATA;1611602687.489771
/ndn/h8-site/h8/C2Data-200-Type4;205372.0000;DATA;1611602694.139465
/ndn/v6-site/v6/C2Data-900-Type4;26294.0000;DATA;1611602697.526504
/ndn/d4-site/d4/C2Data-475-Type4;23561.0000;DATA;1611602698.119584
/ndn/d0-site/d0/C2Data-1819-Type1;69459.0000;DATA;1611602706.909492
/ndn/d12-site/d12/C2Data-3271-Type1;94595.0000;DATA;1611602709.817580
/ndn/d2-site/d2/C2Data-2061-Type1;55524.0000;DATA;1611602711.380438
/ndn/v1-site/v1/C2Data-5570-Type1;165933.0000;DATA;1611602712.057433
/ndn/v4-site/v4/C2Data-5933-Type1;198983.0000;DATA;1611602716.261469
/ndn/d9-site/d9/C2Data-2908-Type1;142349.0000;DATA;1611602716.618528
/ndn/v4-site/v4/C2Data-850-Type4;233199.0000;DATA;1611602716.981464
/ndn/s13-site/s13/C2Data-5207-Type1;6000271.0000;TIMEOUT;1611602713.454533
/ndn/s10-site/s10/C2Data-4844-Type1;6001492.0000;TIMEOUT;1611602713.964443
/ndn/s6-site/s6/C2Data-4360-Type1;6007539.0000;TIMEOUT;1611602714.564494
/ndn/s0-site/s0/C2Data-3634-Type2;6000310.0000;TIMEOUT;1611602715.934432
/ndn/d9-site/d9/C2Data-600-Type4;174267.0000;DATA;1611602726.594551
/ndn/h2-site/h2/C2Data-50-Type4;141934.0000;DATA;1611602727.809424
/ndn/v2-site/v2/C2Data-800-Type4;196719.0000;DATA;1611602728.503123
/ndn/v4-site/v4/C2Data-2991-Type3;198581.0000;DATA;1611602729.947438
/ndn/v13-site/v13/C2Data-3540-Type3;77494.0000;DATA;1611602731.858498
/ndn/v0-site/v0/C2Data-750-Type4;201590.0000;DATA;1611602733.394454
/ndn/d9-site/d9/C2Data-1466-Type3;148599.0000;DATA;1611602734.018430
/ndn/d7-site/d7/C2Data-1344-Type3;126754.0000;DATA;1611602734.599600
/ndn/v13-site/v13/C2Data-7023-Type2;69137.0000;DATA;1611602736.026481
/ndn/v11-site/v11/C2Data-6781-Type2;24693.0000;DATA;1611602737.176532
/ndn/d11-site/d11/C2Data-1588-Type3;116181.0000;DATA;1611602737.698730
/ndn/d4-site/d4/C2Data-2304-Type2;24975.0000;DATA;1611602740.271679
/ndn/v9-site/v9/C2Data-6539-Type1;190125.0000;DATA;1611602741.055494
/ndn/s2-site/s2/C2Data-3877-Type1;6004800.0000;TIMEOUT;1611602735.868824
/ndn/v12-site/v12/C2Data-6902-Type2;166464.0000;DATA;1611602742.334522
/ndn/v14-site/v14/C2Data-7144-Type2;92322.0000;DATA;1611602743.646513
/ndn/v0-site/v0/C2Data-2747-Type3;186571.0000;DATA;1611602743.649135
/ndn/v5-site/v5/C2Data-3052-Type3;186724.0000;DATA;1611602744.047181
/ndn/s12-site/s12/C2Data-2564-Type3;6000275.0000;TIMEOUT;1611602738.656496
/ndn/s14-site/s14/C2Data-5329-Type2;6000254.0000;TIMEOUT;1611602739.176500
/ndn/v11-site/v11/C2Data-3418-Type3;24173.0000;DATA;1611602745.461369
/ndn/h11-site/h11/C2Data-673-Type3;23887.0000;DATA;1611602745.721654
/ndn/v3-site/v3/C2Data-5813-Type2;95811.0000;DATA;1611602745.807226
/ndn/h8-site/h8/C2Data-973-Type2;163610.0000;DATA;1611602746.178425
/ndn/d11-site/d11/C2Data-3151-Type2;123109.0000;DATA;1611602746.258499
/ndn/v2-site/v2/C2Data-5692-Type2;148782.0000;DATA;1611602746.389595
/ndn/s12-site/s12/C2Data-5087-Type1;6001726.0000;TIMEOUT;1611602741.914576
/ndn/v3-site/v3/C2Data-2930-Type3;126511.0000;DATA;1611602751.585567
/ndn/s11-site/s11/C2Data-2503-Type3;6000618.0000;TIMEOUT;1611602748.809408
/ndn/v6-site/v6/C2Data-6177-Type2;27328.0000;DATA;1611602765.454678
/ndn/v8-site/v8/C2Data-6419-Type1;199909.0000;DATA;1611602766.082423
/ndn/v11-site/v11/C2Data-6782-Type1;25837.0000;DATA;1611602768.233669
/ndn/d0-site/d0/C2Data-1821-Type1;73637.0000;DATA;1611602769.341549
/ndn/h13-site/h13/C2Data-1579-Type2;74169.0000;DATA;1611602770.124500
/ndn/s12-site/s12/C2Data-5088-Type1;6000302.0000;TIMEOUT;1611602769.434464
/ndn/h0-site/h0/C2Data-6-Type1;202512.0000;DATA;1611602776.937519
/ndn/h12-site/h12/C2Data-735-Type3;119804.0000;DATA;1611602792.378561
/ndn/d5-site/d5/C2Data-1223-Type3;141523.0000;DATA;1611602792.754592
/ndn/h5-site/h5/C2Data-308-Type3;118362.0000;DATA;1611602794.865484
/ndn/d1-site/d1/C2Data-979-Type3;93729.0000;DATA;1611602794.961508
/ndn/s5-site/s5/C2Data-2138-Type3;6000604.0000;TIMEOUT;1611602789.279490
/ndn/v14-site/v14/C2Data-3602-Type3;94150.0000;DATA;1611602797.814429
/ndn/v0-site/v0/C2Data-2748-Type3;188032.0000;DATA;1611602799.050516
/ndn/v7-site/v7/C2Data-6299-Type2;138761.0000;DATA;1611602800.648423
