/ndn/d11-site/d11/C2Data-3146-Type2;173537.0000;DATA;1611608581.075832
/ndn/h3-site/h3/C2Data-363-Type1;188970.0000;DATA;1611608581.352811
/ndn/s2-site/s2/C2Data-3872-Type2;25893.0000;DATA;1611608581.625762
/ndn/s7-site/s7/C2Data-4477-Type1;122685.0000;DATA;1611608583.193829
/ndn/s11-site/s11/C2Data-4961-Type1;553.0000;NACK;1611608584.132851
/ndn/v5-site/v5/C2Data-6050-Type1;548.0000;NACK;1611608586.176944
/ndn/d5-site/d5/C2Data-2420-Type2;71534.0000;DATA;1611608589.243877
/ndn/h2-site/h2/C2Data-242-Type1;116019.0000;DATA;1611608589.729799
/ndn/h11-site/h11/C2Data-1331-Type1;101084.0000;DATA;1611608590.084837
/ndn/h9-site/h9/C2Data-1089-Type1;72631.0000;DATA;1611608590.151767
/ndn/v7-site/v7/C2Data-6292-Type2;376.0000;NACK;1611608590.243747
/ndn/s14-site/s14/C2Data-5324-Type2;98324.0000;DATA;1611608590.815856
/ndn/d2-site/d2/C2Data-1037-Type3;95483.0000;DATA;1611608606.315781
/ndn/s4-site/s4/C2Data-2074-Type3;129906.0000;DATA;1611608607.810841
/ndn/s6-site/s6/C2Data-2196-Type3;179080.0000;DATA;1611608607.767820
/ndn/s13-site/s13/C2Data-2623-Type3;512.0000;NACK;1611608608.789796
/ndn/s4-site/s4/C2Data-4115-Type2;116295.0000;DATA;1611608610.208851
/ndn/d11-site/d11/C2Data-3147-Type1;164035.0000;DATA;1611608610.355801
/ndn/h1-site/h1/C2Data-61-Type3;69529.0000;DATA;1611608610.577821
/ndn/h12-site/h12/C2Data-1453-Type2;117339.0000;DATA;1611608611.215858
/ndn/s11-site/s11/C2Data-4962-Type2;140420.0000;DATA;1611608611.362808
/ndn/h7-site/h7/C2Data-848-Type2;139729.0000;DATA;1611608614.675787
/ndn/s8-site/s8/C2Data-4599-Type2;50296.0000;DATA;1611608615.137769
/ndn/s9-site/s9/C2Data-4720-Type2;24110.0000;DATA;1611608616.252770
/ndn/s14-site/s14/C2Data-2684-Type3;100250.0000;DATA;1611608617.182901
/ndn/s14-site/s14/C2Data-5325-Type1;94307.0000;DATA;1611608617.610861
/ndn/v11-site/v11/C2Data-6777-Type1;71040.0000;DATA;1611608617.771912
/ndn/s8-site/s8/C2Data-4599-Type1;46673.0000;DATA;1611608617.985860
/ndn/h2-site/h2/C2Data-243-Type1;116493.0000;DATA;1611608618.034877
/ndn/h9-site/h9/C2Data-1090-Type2;73488.0000;DATA;1611608618.264813
/ndn/v5-site/v5/C2Data-3050-Type3;651.0000;NACK;1611608618.665803
/ndn/d2-site/d2/C2Data-2058-Type2;99193.0000;DATA;1611608620.288837
/ndn/d7-site/d7/C2Data-1342-Type3;123387.0000;DATA;1611608620.510837
/ndn/d0-site/d0/C2Data-1816-Type1;117038.0000;DATA;1611608621.110852
/ndn/h3-site/h3/C2Data-183-Type3;195316.0000;DATA;1611608621.406788
/ndn/h7-site/h7/C2Data-427-Type3;150202.0000;DATA;1611608622.080139
/ndn/v7-site/v7/C2Data-3172-Type3;206405.0000;DATA;1611608622.622892
/ndn/d6-site/d6/C2Data-1281-Type3;145479.0000;DATA;1611608624.808835
/ndn/h11-site/h11/C2Data-671-Type3;94102.0000;DATA;1611608627.310756
/ndn/v2-site/v2/C2Data-5689-Type1;143776.0000;DATA;1611608640.716747
/ndn/d7-site/d7/C2Data-2664-Type1;120684.0000;DATA;1611608641.197818
/ndn/s10-site/s10/C2Data-4842-Type2;96795.0000;DATA;1611608641.294874
/ndn/d7-site/d7/C2Data-2664-Type2;115946.0000;DATA;1611608642.535799
/ndn/s0-site/s0/C2Data-3632-Type2;116005.0000;DATA;1611608643.243929
/ndn/v1-site/v1/C2Data-5568-Type1;222864.0000;DATA;1611608646.048836
/ndn/h10-site/h10/C2Data-1212-Type2;172090.0000;DATA;1611608646.404829
/ndn/d5-site/d5/C2Data-2422-Type1;76125.0000;DATA;1611608646.795785
/ndn/h3-site/h3/C2Data-365-Type2;190051.0000;DATA;1611608647.441806
/ndn/h1-site/h1/C2Data-123-Type2;76317.0000;DATA;1611608649.734804
/ndn/s9-site/s9/C2Data-4721-Type1;24793.0000;DATA;1611608650.856836
/ndn/h3-site/h3/C2Data-365-Type1;194801.0000;DATA;1611608650.727750
/ndn/s2-site/s2/C2Data-3874-Type1;6000411.0000;TIMEOUT;1611608650.444767
/ndn/d11-site/d11/C2Data-1587-Type3;221410.0000;DATA;1611608664.366984
/ndn/s11-site/s11/C2Data-2502-Type3;147808.0000;DATA;1611608665.733214
/ndn/d13-site/d13/C2Data-1709-Type3;74737.0000;DATA;1611608667.013789
/ndn/v8-site/v8/C2Data-3234-Type3;119137.0000;DATA;1611608669.820828
/ndn/v3-site/v3/C2Data-5811-Type2;23597.0000;DATA;1611608670.859850
/ndn/v9-site/v9/C2Data-6537-Type2;116837.0000;DATA;1611608672.435868
/ndn/h12-site/h12/C2Data-733-Type3;118287.0000;DATA;1611608672.456811
/ndn/d0-site/d0/C2Data-916-Type3;119862.0000;DATA;1611608672.773874
/ndn/h0-site/h0/C2Data-3-Type1;119423.0000;DATA;1611608673.998866
/ndn/s13-site/s13/C2Data-2624-Type3;165817.0000;DATA;1611608674.719845
/ndn/v7-site/v7/C2Data-6295-Type2;190404.0000;DATA;1611608675.373874
/ndn/v6-site/v6/C2Data-900-Type4;46691.0000;DATA;1611608676.486958
/ndn/h8-site/h8/C2Data-489-Type3;97004.0000;DATA;1611608677.985765
/ndn/d8-site/d8/C2Data-2786-Type2;125434.0000;DATA;1611608678.577825
/ndn/v9-site/v9/C2Data-3295-Type3;123130.0000;DATA;1611608678.702847
/ndn/d7-site/d7/C2Data-2665-Type2;120004.0000;DATA;1611608679.340804
/ndn/d4-site/d4/C2Data-2302-Type2;95112.0000;DATA;1611608679.503786
/ndn/v13-site/v13/C2Data-7021-Type2;23586.0000;DATA;1611608680.161797
/ndn/d7-site/d7/C2Data-550-Type4;115678.0000;DATA;1611608680.276815
/ndn/d6-site/d6/C2Data-1282-Type3;143188.0000;DATA;1611608683.519825
/ndn/d8-site/d8/C2Data-1404-Type3;134635.0000;DATA;1611608684.514818
/ndn/d6-site/d6/C2Data-525-Type4;141698.0000;DATA;1611608692.042827
/ndn/d1-site/d1/C2Data-400-Type4;105456.0000;DATA;1611608693.972221
/ndn/h2-site/h2/C2Data-50-Type4;165616.0000;DATA;1611608697.372167
/ndn/v10-site/v10/C2Data-1000-Type4;166019.0000;DATA;1611608697.559856
/ndn/v1-site/v1/C2Data-775-Type4;302678.0000;DATA;1611608697.947066
/ndn/v3-site/v3/C2Data-825-Type4;25581.0000;DATA;1611608698.972269
/ndn/v1-site/v1/C2Data-5570-Type2;219765.0000;DATA;1611608700.870822
/ndn/v13-site/v13/C2Data-1075-Type4;26317.0000;DATA;1611608701.980749
/ndn/v7-site/v7/C2Data-6296-Type1;194329.0000;DATA;1611608702.155783
/ndn/d7-site/d7/C2Data-2666-Type1;119918.0000;DATA;1611608705.292859
/ndn/s8-site/s8/C2Data-4602-Type1;6000487.0000;TIMEOUT;1611608700.264799
/ndn/s14-site/s14/C2Data-5328-Type1;6000482.0000;TIMEOUT;1611608704.139690
/ndn/h4-site/h4/C2Data-488-Type1;94609.0000;DATA;1611608711.429825
/ndn/s8-site/s8/C2Data-4602-Type2;6001313.0000;TIMEOUT;1611608706.566779
/ndn/h1-site/h1/C2Data-25-Type4;75575.0000;DATA;1611608717.797789
/ndn/v6-site/v6/C2Data-3113-Type3;47557.0000;DATA;1611608725.315834
/ndn/h12-site/h12/C2Data-300-Type4;119438.0000;DATA;1611608729.646803
/ndn/d1-site/d1/C2Data-1941-Type1;95329.0000;DATA;1611608730.985803
/ndn/v3-site/v3/C2Data-5813-Type2;24642.0000;DATA;1611608732.254811
/ndn/h1-site/h1/C2Data-63-Type3;69606.0000;DATA;1611608732.384846
/ndn/d0-site/d0/C2Data-375-Type4;122694.0000;DATA;1611608732.440803
/ndn/d0-site/d0/C2Data-917-Type3;120797.0000;DATA;1611608732.758770
/ndn/h5-site/h5/C2Data-307-Type3;52004.0000;DATA;1611608734.586794
/ndn/d12-site/d12/C2Data-1649-Type3;142674.0000;DATA;1611608734.516795
/ndn/h12-site/h12/C2Data-1457-Type2;119581.0000;DATA;1611608734.583806
/ndn/d5-site/d5/C2Data-2425-Type2;72320.0000;DATA;1611608735.626766
/ndn/h4-site/h4/C2Data-489-Type2;96717.0000;DATA;1611608736.096890
/ndn/d5-site/d5/C2Data-2425-Type1;57212.0000;DATA;1611608736.193826
/ndn/d13-site/d13/C2Data-3393-Type1;71090.0000;DATA;1611608737.034916
/ndn/v2-site/v2/C2Data-5692-Type1;140209.0000;DATA;1611608737.468939
/ndn/h14-site/h14/C2Data-856-Type3;69070.0000;DATA;1611608738.831851
/ndn/v5-site/v5/C2Data-3052-Type3;235735.0000;DATA;1611608738.982892
/ndn/s7-site/s7/C2Data-2259-Type3;6000580.0000;TIMEOUT;1611608733.255801
/ndn/d4-site/d4/C2Data-1161-Type3;94020.0000;DATA;1611608739.502876
/ndn/h10-site/h10/C2Data-1215-Type1;167629.0000;DATA;1611608740.215783
/ndn/s14-site/s14/C2Data-5329-Type1;6000812.0000;TIMEOUT;1611608734.589804
/ndn/s7-site/s7/C2Data-4482-Type1;6000263.0000;TIMEOUT;1611608734.860778
/ndn/d13-site/d13/C2Data-3393-Type2;71103.0000;DATA;1611608740.878747
/ndn/d2-site/d2/C2Data-1039-Type3;95122.0000;DATA;1611608740.966749
/ndn/d1-site/d1/C2Data-978-Type3;95759.0000;DATA;1611608741.273745
/ndn/v10-site/v10/C2Data-6660-Type2;143243.0000;DATA;1611608741.704494
/ndn/v12-site/v12/C2Data-3479-Type3;217087.0000;DATA;1611608743.376794
/ndn/v8-site/v8/C2Data-3235-Type3;122708.0000;DATA;1611608744.289789
/ndn/h6-site/h6/C2Data-368-Type3;97202.0000;DATA;1611608744.945790
/ndn/d8-site/d8/C2Data-1405-Type3;115722.0000;DATA;1611608745.172777
/ndn/s3-site/s3/C2Data-3998-Type1;6001431.0000;TIMEOUT;1611608739.339810
/ndn/v4-site/v4/C2Data-2991-Type3;265521.0000;DATA;1611608745.680885
/ndn/v3-site/v3/C2Data-2930-Type3;23848.0000;DATA;1611608746.786806
/ndn/s3-site/s3/C2Data-2015-Type3;6000254.0000;TIMEOUT;1611608746.209865
/ndn/h6-site/h6/C2Data-732-Type2;102210.0000;DATA;1611608759.825841
/ndn/v13-site/v13/C2Data-7024-Type2;26934.0000;DATA;1611608762.554753
/ndn/d0-site/d0/C2Data-1821-Type1;119207.0000;DATA;1611608762.750774
/ndn/h14-site/h14/C2Data-1700-Type1;74449.0000;DATA;1611608765.331808
/ndn/h1-site/h1/C2Data-127-Type1;71611.0000;DATA;1611608766.488784
/ndn/s9-site/s9/C2Data-4725-Type2;6001723.0000;TIMEOUT;1611608760.728869
/ndn/d14-site/d14/C2Data-3515-Type2;72676.0000;DATA;1611608766.814890
/ndn/h3-site/h3/C2Data-369-Type1;193695.0000;DATA;1611608766.941818
/ndn/d11-site/d11/C2Data-3152-Type2;171438.0000;DATA;1611608767.245839
/ndn/s1-site/s1/C2Data-3757-Type2;6003026.0000;TIMEOUT;1611608762.173823
/ndn/d9-site/d9/C2Data-2910-Type1;96347.0000;DATA;1611608768.769797
/ndn/h7-site/h7/C2Data-853-Type1;141479.0000;DATA;1611608770.136844
/ndn/v12-site/v12/C2Data-6903-Type2;222406.0000;DATA;1611608770.365802
/ndn/v10-site/v10/C2Data-6661-Type2;148940.0000;DATA;1611608770.696845
/ndn/v6-site/v6/C2Data-6177-Type2;47967.0000;DATA;1611608770.873817
/ndn/s12-site/s12/C2Data-5088-Type2;6000670.0000;TIMEOUT;1611608765.617808
/ndn/s13-site/s13/C2Data-5209-Type2;6000267.0000;TIMEOUT;1611608769.089776
/ndn/s11-site/s11/C2Data-4967-Type1;6012655.0000;TIMEOUT;1611608769.754827
/ndn/s10-site/s10/C2Data-4846-Type2;6000513.0000;TIMEOUT;1611608769.815840
/ndn/v0-site/v0/C2Data-2748-Type3;147163.0000;DATA;1611608785.059822
/ndn/d1-site/d1/C2Data-979-Type3;157110.0000;DATA;1611608786.529858
/ndn/h10-site/h10/C2Data-1217-Type2;173078.0000;DATA;1611608789.751857
/ndn/d8-site/d8/C2Data-2790-Type1;125037.0000;DATA;1611608792.980806
/ndn/s2-site/s2/C2Data-1955-Type3;6000282.0000;TIMEOUT;1611608787.294069
/ndn/d13-site/d13/C2Data-3395-Type2;72199.0000;DATA;1611608793.819791
/ndn/v1-site/v1/C2Data-5573-Type2;219211.0000;DATA;1611608794.288858
/ndn/v4-site/v4/C2Data-5936-Type1;235252.0000;DATA;1611608794.370920
/ndn/h4-site/h4/C2Data-491-Type2;94135.0000;DATA;1611608794.550853
/ndn/d5-site/d5/C2Data-1223-Type3;73178.0000;DATA;1611608794.677751
/ndn/v5-site/v5/C2Data-6057-Type1;238232.0000;DATA;1611608795.108907
