/ndn/s0-site/s0/C2Data-2420-Type2;98833.0000;DATA;1612716190.792709
/ndn/v5-site/v5/C2Data-4235-Type2;161953.0000;DATA;1612716191.466670
/ndn/v7-site/v7/C2Data-4477-Type2;75744.0000;DATA;1612716192.529138
/ndn/v9-site/v9/C2Data-4719-Type2;146087.0000;DATA;1612716193.357892
/ndn/d8-site/d8/C2Data-2178-Type2;155828.0000;DATA;1612716193.752723
/ndn/v3-site/v3/C2Data-3993-Type1;79723.0000;DATA;1612716194.281867
/ndn/h8-site/h8/C2Data-968-Type1;102895.0000;DATA;1612716195.135899
/ndn/h6-site/h6/C2Data-726-Type1;53609.0000;DATA;1612716195.661929
/ndn/d6-site/d6/C2Data-1936-Type1;76039.0000;DATA;1612716195.777837
/ndn/v1-site/v1/C2Data-3751-Type2;55196.0000;DATA;1612716197.883386
/ndn/v9-site/v9/C2Data-4719-Type1;118927.0000;DATA;1612716198.239395
/ndn/h5-site/h5/C2Data-605-Type2;27389.0000;DATA;1612716198.771066
/ndn/v2-site/v2/C2Data-3872-Type1;158929.0000;DATA;1612716200.548325
/ndn/d2-site/d2/C2Data-1452-Type1;98877.0000;DATA;1612716201.261934
/ndn/h0-site/h0/C2Data-0-Type3;142025.0000;DATA;1612716214.895013
/ndn/v1-site/v1/C2Data-1891-Type3;56344.0000;DATA;1612716219.605067
/ndn/h7-site/h7/C2Data-848-Type1;28904.0000;DATA;1612716220.336703
/ndn/s4-site/s4/C2Data-2905-Type2;170640.0000;DATA;1612716221.188049
/ndn/v9-site/v9/C2Data-4720-Type1;124791.0000;DATA;1612716223.533946
/ndn/d9-site/d9/C2Data-2300-Type2;145830.0000;DATA;1612716223.589143
/ndn/s9-site/s9/C2Data-3510-Type2;144719.0000;DATA;1612716225.026881
/ndn/d6-site/d6/C2Data-1937-Type1;78866.0000;DATA;1612716225.759505
/ndn/d5-site/d5/C2Data-1816-Type1;156495.0000;DATA;1612716226.445962
/ndn/v2-site/v2/C2Data-3873-Type2;159349.0000;DATA;1612716226.469674
/ndn/s5-site/s5/C2Data-3026-Type1;83474.0000;DATA;1612716226.820610
/ndn/s8-site/s8/C2Data-1708-Type3;108924.0000;DATA;1612716227.230800
/ndn/s7-site/s7/C2Data-3268-Type1;76902.0000;DATA;1612716227.681908
/ndn/v9-site/v9/C2Data-2379-Type3;120700.0000;DATA;1612716229.381688
/ndn/v8-site/v8/C2Data-4599-Type1;36157.0000;DATA;1612716230.482364
/ndn/h1-site/h1/C2Data-123-Type1;50231.0000;DATA;1612716249.754640
/ndn/s2-site/s2/C2Data-2664-Type2;78059.0000;DATA;1612716250.033304
/ndn/v4-site/v4/C2Data-4116-Type2;152432.0000;DATA;1612716250.506228
/ndn/v6-site/v6/C2Data-4358-Type1;102191.0000;DATA;1612716251.249491
/ndn/s1-site/s1/C2Data-2543-Type1;134932.0000;DATA;1612716251.562782
/ndn/v5-site/v5/C2Data-4237-Type1;229358.0000;DATA;1612716252.274780
/ndn/s4-site/s4/C2Data-2906-Type1;204539.0000;DATA;1612716253.303389
/ndn/v5-site/v5/C2Data-4237-Type2;156793.0000;DATA;1612716254.004574
/ndn/s9-site/s9/C2Data-3511-Type1;125749.0000;DATA;1612716255.703585
/ndn/d0-site/d0/C2Data-1212-Type1;78575.0000;DATA;1612716256.165387
/ndn/h0-site/h0/C2Data-2-Type2;131881.0000;DATA;1612716256.465341
/ndn/d6-site/d6/C2Data-1938-Type2;82324.0000;DATA;1612716256.651804
/ndn/d7-site/d7/C2Data-2059-Type1;166008.0000;DATA;1612716257.554687
/ndn/h9-site/h9/C2Data-1091-Type2;221838.0000;DATA;1612716258.562910
/ndn/h2-site/h2/C2Data-244-Type1;111334.0000;DATA;1612716258.948295
/ndn/h1-site/h1/C2Data-62-Type3;52394.0000;DATA;1612716274.196784
/ndn/v0-site/v0/C2Data-1831-Type3;36130.0000;DATA;1612716274.856740
/ndn/h2-site/h2/C2Data-123-Type3;109589.0000;DATA;1612716276.575488
/ndn/v1-site/v1/C2Data-1892-Type3;50659.0000;DATA;1612716279.411262
/ndn/h7-site/h7/C2Data-850-Type2;38702.0000;DATA;1612716279.732075
/ndn/d2-site/d2/C2Data-1455-Type1;134230.0000;DATA;1612716279.646361
/ndn/s3-site/s3/C2Data-1404-Type3;121131.0000;DATA;1612716280.402357
/ndn/v1-site/v1/C2Data-3754-Type1;49233.0000;DATA;1612716280.972596
/ndn/d6-site/d6/C2Data-977-Type3;82399.0000;DATA;1612716282.243894
/ndn/d7-site/d7/C2Data-2060-Type1;156185.0000;DATA;1612716283.228907
/ndn/h0-site/h0/C2Data-3-Type2;140123.0000;DATA;1612716285.827840
/ndn/h0-site/h0/C2Data-1-Type3;122044.0000;DATA;1612716286.656895
/ndn/v4-site/v4/C2Data-600-Type4;155711.0000;DATA;1612716286.750161
/ndn/h9-site/h9/C2Data-1092-Type1;180886.0000;DATA;1612716286.726384
/ndn/s6-site/s6/C2Data-3149-Type1;99103.0000;DATA;1612716287.900985
/ndn/s1-site/s1/C2Data-1282-Type3;127575.0000;DATA;1612716289.656877
/ndn/h2-site/h2/C2Data-245-Type2;97572.0000;DATA;1612716290.326228
/ndn/v5-site/v5/C2Data-2136-Type3;210545.0000;DATA;1612716292.751471
/ndn/h3-site/h3/C2Data-184-Type3;79596.0000;DATA;1612716296.212453
/ndn/d4-site/d4/C2Data-855-Type3;64696.0000;DATA;1612716296.625008
/ndn/v1-site/v1/C2Data-525-Type4;58438.0000;DATA;1612716296.629090
/ndn/v6-site/v6/C2Data-2197-Type3;108567.0000;DATA;1612716296.974416
/ndn/v0-site/v0/C2Data-500-Type4;28711.0000;DATA;1612716299.027840
/ndn/v6-site/v6/C2Data-650-Type4;129817.0000;DATA;1612716304.203342
/ndn/s9-site/s9/C2Data-3513-Type2;124597.0000;DATA;1612716311.669981
/ndn/h5-site/h5/C2Data-609-Type1;27502.0000;DATA;1612716312.122361
/ndn/d4-site/d4/C2Data-1698-Type2;56811.0000;DATA;1612716313.627347
/ndn/d1-site/d1/C2Data-1335-Type1;136896.0000;DATA;1612716315.100241
/ndn/v8-site/v8/C2Data-700-Type4;25618.0000;DATA;1612716317.172067
/ndn/s4-site/s4/C2Data-2908-Type2;6004547.0000;TIMEOUT;1612716320.679516
/ndn/v2-site/v2/C2Data-550-Type4;163980.0000;DATA;1612716327.263013
/ndn/v1-site/v1/C2Data-1893-Type3;47729.0000;DATA;1612716337.122878
/ndn/h0-site/h0/C2Data-2-Type3;131472.0000;DATA;1612716337.377287
/ndn/h7-site/h7/C2Data-852-Type2;25343.0000;DATA;1612716343.059010
/ndn/h9-site/h9/C2Data-551-Type3;205328.0000;DATA;1612716347.945035
/ndn/v4-site/v4/C2Data-2076-Type3;162203.0000;DATA;1612716348.346760
/ndn/s8-site/s8/C2Data-3393-Type2;6001735.0000;TIMEOUT;1612716342.744956
/ndn/h5-site/h5/C2Data-307-Type3;25497.0000;DATA;1612716348.924028
/ndn/v2-site/v2/C2Data-1954-Type3;149179.0000;DATA;1612716349.182983
/ndn/d0-site/d0/C2Data-1215-Type1;81999.0000;DATA;1612716349.894475
/ndn/v6-site/v6/C2Data-2198-Type3;106553.0000;DATA;1612716349.863255
/ndn/s9-site/s9/C2Data-1771-Type3;6001711.0000;TIMEOUT;1612716345.712782
/ndn/h5-site/h5/C2Data-610-Type2;27206.0000;DATA;1612716351.694113
/ndn/h3-site/h3/C2Data-185-Type3;212853.0000;DATA;1612716355.383650
/ndn/s5-site/s5/C2Data-3030-Type2;6004629.0000;TIMEOUT;1612716349.389955
/ndn/d7-site/d7/C2Data-1039-Type3;161561.0000;DATA;1612716356.800808
/ndn/h3-site/h3/C2Data-369-Type2;107548.0000;DATA;1612716372.823486
/ndn/v1-site/v1/C2Data-3757-Type1;48864.0000;DATA;1612716372.912663
/ndn/d9-site/d9/C2Data-2305-Type1;152737.0000;DATA;1612716375.799006
/ndn/v2-site/v2/C2Data-3878-Type1;180896.0000;DATA;1612716377.217615
/ndn/d7-site/d7/C2Data-2063-Type2;205030.0000;DATA;1612716377.997037
/ndn/d0-site/d0/C2Data-1216-Type1;73096.0000;DATA;1612716378.802925
/ndn/h2-site/h2/C2Data-248-Type2;95556.0000;DATA;1612716379.293578
/ndn/s7-site/s7/C2Data-3273-Type1;6001608.0000;TIMEOUT;1612716374.603446
/ndn/v7-site/v7/C2Data-4483-Type2;84368.0000;DATA;1612716380.578737
/ndn/s1-site/s1/C2Data-2547-Type2;6002078.0000;TIMEOUT;1612716377.520014
/ndn/d6-site/d6/C2Data-979-Type3;75852.0000;DATA;1612716394.729380
/ndn/v5-site/v5/C2Data-2138-Type3;160262.0000;DATA;1612716396.817373
/ndn/d9-site/d9/C2Data-1162-Type3;174448.0000;DATA;1612716397.733828
/ndn/h8-site/h8/C2Data-491-Type3;88138.0000;DATA;1612716398.351343
/ndn/v9-site/v9/C2Data-2382-Type3;127811.0000;DATA;1612716399.948886
/ndn/v0-site/v0/C2Data-1833-Type3;25701.0000;DATA;1612716405.074945
/ndn/v7-site/v7/C2Data-4484-Type2;83350.0000;DATA;1612716406.002131
/ndn/v5-site/v5/C2Data-4242-Type1;153523.0000;DATA;1612716406.848252
/ndn/v9-site/v9/C2Data-377-Type5;129281.0000;DATA;1612716407.667752
/ndn/d0-site/d0/C2Data-1217-Type2;74671.0000;DATA;1612716408.318304
/ndn/s4-site/s4/C2Data-2911-Type1;6000741.0000;TIMEOUT;1612716404.049854
/ndn/s4-site/s4/C2Data-1467-Type3;6001349.0000;TIMEOUT;1612716404.211882
/ndn/s9-site/s9/C2Data-3516-Type1;6000486.0000;TIMEOUT;1612716404.776992
/ndn/v0-site/v0/C2Data-3637-Type1;25476.0000;DATA;1612716410.977608
/ndn/h7-site/h7/C2Data-430-Type3;24393.0000;DATA;1612716411.824519
/ndn/s7-site/s7/C2Data-1650-Type3;6000812.0000;TIMEOUT;1612716407.576284
/ndn/s0-site/s0/C2Data-2427-Type2;6002137.0000;TIMEOUT;1612716409.465616
/ndn/h6-site/h6/C2Data-78-Type5;56930.0000;DATA;1612716428.485051
/ndn/v1-site/v1/C2Data-3759-Type1;51567.0000;DATA;1612716430.032119
/ndn/h2-site/h2/C2Data-250-Type1;129827.0000;DATA;1612716432.214310
/ndn/v5-site/v5/C2Data-4243-Type1;179897.0000;DATA;1612716432.278080
/ndn/d9-site/d9/C2Data-2307-Type2;182653.0000;DATA;1612716435.452971
/ndn/h0-site/h0/C2Data-8-Type1;129741.0000;DATA;1612716436.326002
/ndn/v8-site/v8/C2Data-4606-Type2;24991.0000;DATA;1612716438.664937
/ndn/v2-site/v2/C2Data-3880-Type1;174499.0000;DATA;1612716439.326893
/ndn/h1-site/h1/C2Data-129-Type1;53703.0000;DATA;1612716439.876144
/ndn/v2-site/v2/C2Data-3880-Type2;158014.0000;DATA;1612716440.193149
/ndn/d9-site/d9/C2Data-2307-Type1;145148.0000;DATA;1612716440.639626
/ndn/s9-site/s9/C2Data-3517-Type2;6012033.0000;TIMEOUT;1612716438.384393
/ndn/s2-site/s2/C2Data-2670-Type1;6000688.0000;TIMEOUT;1612716439.842176
/ndn/d2-site/d2/C2Data-156-Type5;120334.0000;DATA;1612716446.874406
/ndn/s1-site/s1/C2Data-1285-Type3;6000546.0000;TIMEOUT;1612716455.641455
/ndn/d6-site/d6/C2Data-401-Type4;73180.0000;DATA;1612716461.676290
/ndn/d0-site/d0/C2Data-1219-Type1;76408.0000;DATA;1612716462.543646
/ndn/v7-site/v7/C2Data-676-Type4;89557.0000;DATA;1612716463.850509
/ndn/d3-site/d3/C2Data-797-Type3;120687.0000;DATA;1612716463.941174
/ndn/d0-site/d0/C2Data-614-Type3;89034.0000;DATA;1612716465.220973
/ndn/d9-site/d9/C2Data-2308-Type2;143518.0000;DATA;1612716465.153916
/ndn/d4-site/d4/C2Data-1703-Type1;50980.0000;DATA;1612716466.801334
/ndn/s3-site/s3/C2Data-2792-Type1;6000403.0000;TIMEOUT;1612716461.459472
/ndn/h2-site/h2/C2Data-251-Type2;98887.0000;DATA;1612716467.653205
/ndn/d4-site/d4/C2Data-1703-Type2;48365.0000;DATA;1612716468.952250
/ndn/v0-site/v0/C2Data-3639-Type2;25746.0000;DATA;1612716469.571967
/ndn/d7-site/d7/C2Data-1041-Type3;172898.0000;DATA;1612716470.037950
/ndn/d1-site/d1/C2Data-1340-Type1;124622.0000;DATA;1612716470.343015
/ndn/s9-site/s9/C2Data-3518-Type1;6003442.0000;TIMEOUT;1612716465.266150
/ndn/d2-site/d2/C2Data-736-Type3;100958.0000;DATA;1612716471.539832
/ndn/d5-site/d5/C2Data-919-Type3;144467.0000;DATA;1612716472.470495
/ndn/d9-site/d9/C2Data-1163-Type3;148737.0000;DATA;1612716472.859810
/ndn/v1-site/v1/C2Data-526-Type4;57117.0000;DATA;1612716474.392213
/ndn/v5-site/v5/C2Data-626-Type4;148375.0000;DATA;1612716475.454322
/ndn/s1-site/s1/C2Data-2550-Type1;6007030.0000;TIMEOUT;1612716470.141695
/ndn/v4-site/v4/C2Data-312-Type5;167356.0000;DATA;1612716476.401863
/ndn/v9-site/v9/C2Data-726-Type4;131692.0000;DATA;1612716476.789819
/ndn/s7-site/s7/C2Data-1651-Type3;6000701.0000;TIMEOUT;1612716472.646687
/ndn/d1-site/d1/C2Data-276-Type4;140975.0000;DATA;1612716478.648441
/ndn/s8-site/s8/C2Data-1712-Type3;6008374.0000;TIMEOUT;1612716473.783177
/ndn/s9-site/s9/C2Data-1773-Type3;6000393.0000;TIMEOUT;1612716475.367073
/ndn/h7-site/h7/C2Data-176-Type4;203982.0000;DATA;1612716488.089802
/ndn/v1-site/v1/C2Data-273-Type5;157094.0000;DATA;1612716488.375934
/ndn/v4-site/v4/C2Data-601-Type4;331934.0000;DATA;1612716489.026860
/ndn/v3-site/v3/C2Data-299-Type5;134881.0000;DATA;1612716489.739428
/ndn/v0-site/v0/C2Data-3640-Type1;26555.0000;DATA;1612716490.734055
/ndn/d8-site/d8/C2Data-2188-Type1;152010.0000;DATA;1612716490.689470
/ndn/v3-site/v3/C2Data-4003-Type1;126169.0000;DATA;1612716491.878243
/ndn/d1-site/d1/C2Data-1341-Type2;126678.0000;DATA;1612716498.144251
/ndn/d6-site/d6/C2Data-1946-Type1;74858.0000;DATA;1612716498.238302
/ndn/d2-site/d2/C2Data-1462-Type2;104495.0000;DATA;1612716498.847981
/ndn/s1-site/s1/C2Data-2551-Type2;6000991.0000;TIMEOUT;1612716493.065165
/ndn/d8-site/d8/C2Data-2188-Type2;155591.0000;DATA;1612716499.328951
/ndn/h5-site/h5/C2Data-615-Type1;30408.0000;DATA;1612716499.474385
/ndn/h3-site/h3/C2Data-39-Type5;84126.0000;DATA;1612716504.040904
/ndn/v4-site/v4/C2Data-2079-Type3;154026.0000;DATA;1612716515.412077
/ndn/d1-site/d1/C2Data-676-Type3;138711.0000;DATA;1612716519.370392
/ndn/v8-site/v8/C2Data-4609-Type1;38587.0000;DATA;1612716520.530166
/ndn/v5-site/v5/C2Data-2140-Type3;151246.0000;DATA;1612716527.867255
/ndn/d7-site/d7/C2Data-2068-Type2;162287.0000;DATA;1612716530.937118
/ndn/h0-site/h0/C2Data-5-Type3;165397.0000;DATA;1612716534.046412
/ndn/s2-site/s2/C2Data-2673-Type2;6002881.0000;TIMEOUT;1612716528.853093
/ndn/v0-site/v0/C2Data-1835-Type3;25249.0000;DATA;1612716537.453514
/ndn/h3-site/h3/C2Data-188-Type3;76048.0000;DATA;1612716537.355866
/ndn/v6-site/v6/C2Data-4368-Type2;120198.0000;DATA;1612716551.901884
/ndn/d9-site/d9/C2Data-2311-Type2;144772.0000;DATA;1612716551.971156
/ndn/d2-site/d2/C2Data-1464-Type1;99560.0000;DATA;1612716556.773164
/ndn/v3-site/v3/C2Data-4005-Type2;142357.0000;DATA;1612716556.888253
/ndn/d8-site/d8/C2Data-2190-Type1;174381.0000;DATA;1612716557.441055
/ndn/v0-site/v0/C2Data-3642-Type2;30915.0000;DATA;1612716557.831153
/ndn/v7-site/v7/C2Data-4489-Type1;73503.0000;DATA;1612716560.841063
/ndn/v4-site/v4/C2Data-4126-Type2;157322.0000;DATA;1612716560.800069
/ndn/s5-site/s5/C2Data-3037-Type2;6004012.0000;TIMEOUT;1612716556.471221
/ndn/d2-site/d2/C2Data-1465-Type1;100764.0000;DATA;1612716579.942643
/ndn/v0-site/v0/C2Data-3643-Type2;32020.0000;DATA;1612716581.169548
/ndn/h3-site/h3/C2Data-376-Type2;73302.0000;DATA;1612716581.230275
/ndn/v5-site/v5/C2Data-4248-Type2;145729.0000;DATA;1612716581.630787
/ndn/h2-site/h2/C2Data-128-Type3;114075.0000;DATA;1612716582.390331
/ndn/h5-site/h5/C2Data-311-Type3;25775.0000;DATA;1612716582.713400
/ndn/v2-site/v2/C2Data-1958-Type3;142914.0000;DATA;1612716583.515740
/ndn/h0-site/h0/C2Data-13-Type2;127180.0000;DATA;1612716585.491922
/ndn/s6-site/s6/C2Data-3159-Type2;6002582.0000;TIMEOUT;1612716579.993015
/ndn/d7-site/d7/C2Data-2070-Type2;144692.0000;DATA;1612716588.976351
/ndn/v8-site/v8/C2Data-4611-Type1;26856.0000;DATA;1612716589.318175
/ndn/v7-site/v7/C2Data-2263-Type3;73938.0000;DATA;1612716590.216793
/ndn/s8-site/s8/C2Data-3401-Type1;6000479.0000;TIMEOUT;1612716585.118573
/ndn/d2-site/d2/C2Data-1465-Type2;112785.0000;DATA;1612716591.288181
/ndn/s0-site/s0/C2Data-1226-Type3;6001784.0000;TIMEOUT;1612716586.084755
/ndn/s7-site/s7/C2Data-3280-Type1;6000726.0000;TIMEOUT;1612716586.774517
/ndn/s3-site/s3/C2Data-1409-Type3;6001461.0000;TIMEOUT;1612716587.829084
/ndn/d4-site/d4/C2Data-860-Type3;59527.0000;DATA;1612716594.003236
/ndn/v4-site/v4/C2Data-602-Type4;150501.0000;DATA;1612716594.936772
/ndn/h1-site/h1/C2Data-67-Type3;55706.0000;DATA;1612716597.240892
/ndn/s6-site/s6/C2Data-1592-Type3;6000912.0000;TIMEOUT;1612716597.465766
/ndn/v3-site/v3/C2Data-4007-Type1;123918.0000;DATA;1612716610.967827
/ndn/v6-site/v6/C2Data-652-Type4;117412.0000;DATA;1612716611.197024
/ndn/v5-site/v5/C2Data-4249-Type2;175768.0000;DATA;1612716611.683631
/ndn/h6-site/h6/C2Data-740-Type1;61731.0000;DATA;1612716612.540658
/ndn/s6-site/s6/C2Data-3160-Type1;6002191.0000;TIMEOUT;1612716615.069860
/ndn/s5-site/s5/C2Data-3039-Type2;6002441.0000;TIMEOUT;1612716615.901075
/ndn/s0-site/s0/C2Data-2434-Type1;6004553.0000;TIMEOUT;1612716618.334043
/ndn/v0-site/v0/C2Data-502-Type4;26078.0000;DATA;1612716629.060292
/ndn/d5-site/d5/C2Data-377-Type4;228530.0000;DATA;1612716632.520175
/ndn/s9-site/s9/C2Data-1776-Type3;6004104.0000;TIMEOUT;1612716633.693643
/ndn/d1-site/d1/C2Data-678-Type3;638944.0000;DATA;1612716639.830635
/ndn/v3-site/v3/C2Data-4008-Type1;123033.0000;DATA;1612716641.359092
/ndn/h9-site/h9/C2Data-1104-Type2;176630.0000;DATA;1612716645.078900
/ndn/v8-site/v8/C2Data-2325-Type3;25176.0000;DATA;1612716645.363039
/ndn/v7-site/v7/C2Data-2264-Type3;75159.0000;DATA;1612716645.437937
/ndn/d8-site/d8/C2Data-1105-Type3;156570.0000;DATA;1612716645.583871
/ndn/h2-site/h2/C2Data-257-Type2;110738.0000;DATA;1612716646.410718
/ndn/d9-site/d9/C2Data-1166-Type3;156796.0000;DATA;1612716647.696520
/ndn/h8-site/h8/C2Data-983-Type2;54169.0000;DATA;1612716648.065174
/ndn/s3-site/s3/C2Data-2798-Type2;6012020.0000;TIMEOUT;1612716642.210995
/ndn/d5-site/d5/C2Data-1830-Type2;150041.0000;DATA;1612716648.477035
/ndn/h6-site/h6/C2Data-741-Type1;54557.0000;DATA;1612716650.070926
/ndn/v9-site/v9/C2Data-4734-Type1;123359.0000;DATA;1612716650.772660
/ndn/d4-site/d4/C2Data-1709-Type2;66469.0000;DATA;1612716650.961762
/ndn/s5-site/s5/C2Data-3040-Type2;6000577.0000;TIMEOUT;1612716649.736188
/ndn/s5-site/s5/C2Data-1532-Type3;6001669.0000;TIMEOUT;1612716651.790401
/ndn/h5-site/h5/C2Data-621-Type2;27165.0000;DATA;1612716671.716099
/ndn/v3-site/v3/C2Data-4009-Type1;132742.0000;DATA;1612716671.964935
/ndn/h0-site/h0/C2Data-16-Type1;141002.0000;DATA;1612716672.790748
/ndn/d6-site/d6/C2Data-1952-Type2;77023.0000;DATA;1612716674.316861
/ndn/d9-site/d9/C2Data-2315-Type2;153239.0000;DATA;1612716674.951266
/ndn/s7-site/s7/C2Data-3283-Type1;6001174.0000;TIMEOUT;1612716672.067234
/ndn/s7-site/s7/C2Data-3283-Type2;6000332.0000;TIMEOUT;1612716672.748944
/ndn/s8-site/s8/C2Data-3404-Type2;6001106.0000;TIMEOUT;1612716673.970413
/ndn/h8-site/h8/C2Data-984-Type1;69215.0000;DATA;1612716680.066657
/ndn/h9-site/h9/C2Data-1105-Type2;210200.0000;DATA;1612716679.932821
/ndn/s2-site/s2/C2Data-2678-Type1;6000705.0000;TIMEOUT;1612716678.885393
/ndn/d4-site/d4/C2Data-98-Type6;57700.0000;DATA;1612716685.595077
/ndn/h1-site/h1/C2Data-69-Type3;63499.0000;DATA;1612716700.008940
/ndn/v5-site/v5/C2Data-2143-Type3;156368.0000;DATA;1612716702.602182
/ndn/s7-site/s7/C2Data-1655-Type3;6000460.0000;TIMEOUT;1612716697.554886
/ndn/v5-site/v5/C2Data-4252-Type1;151994.0000;DATA;1612716703.835772
/ndn/v2-site/v2/C2Data-3889-Type1;155447.0000;DATA;1612716707.286719
/ndn/v5-site/v5/C2Data-4252-Type2;148432.0000;DATA;1612716707.612432
/ndn/v8-site/v8/C2Data-4615-Type2;25167.0000;DATA;1612716709.470068
/ndn/v1-site/v1/C2Data-3768-Type2;50679.0000;DATA;1612716709.539382
/ndn/d1-site/d1/C2Data-77-Type6;127490.0000;DATA;1612716710.927634
/ndn/h1-site/h1/C2Data-138-Type1;61960.0000;DATA;1612716711.329767
/ndn/h0-site/h0/C2Data-1-Type5;152396.0000;DATA;1612716713.320923
/ndn/s6-site/s6/C2Data-3163-Type1;6000632.0000;TIMEOUT;1612716708.021441
/ndn/v2-site/v2/C2Data-154-Type6;149715.0000;DATA;1612716715.024998
/ndn/s4-site/s4/C2Data-1472-Type3;6002360.0000;TIMEOUT;1612716709.708951
/ndn/v3-site/v3/C2Data-2021-Type3;125531.0000;DATA;1612716716.086100
/ndn/s1-site/s1/C2Data-1289-Type3;6001573.0000;TIMEOUT;1612716711.454920
/ndn/s2-site/s2/C2Data-1350-Type3;6002086.0000;TIMEOUT;1612716711.807762
/ndn/d2-site/d2/C2Data-84-Type6;121658.0000;DATA;1612716722.110504
/ndn/h8-site/h8/C2Data-986-Type1;51041.0000;DATA;1612716730.568895
/ndn/s3-site/s3/C2Data-2801-Type1;6001264.0000;TIMEOUT;1612716730.035161
/ndn/s9-site/s9/C2Data-3527-Type2;6000575.0000;TIMEOUT;1612716730.716978
/ndn/d6-site/d6/C2Data-1954-Type2;95322.0000;DATA;1612716737.429015
/ndn/v5-site/v5/C2Data-4253-Type1;223919.0000;DATA;1612716739.694821
/ndn/s3-site/s3/C2Data-2801-Type2;6001230.0000;TIMEOUT;1612716734.181327
/ndn/h8-site/h8/C2Data-105-Type5;53182.0000;DATA;1612716741.358499
/ndn/h8-site/h8/C2Data-203-Type4;54036.0000;DATA;1612716750.095989
/ndn/v2-site/v2/C2Data-287-Type5;208404.0000;DATA;1612716750.082618
/ndn/v9-site/v9/C2Data-378-Type5;140235.0000;DATA;1612716756.038242
/ndn/v8-site/v8/C2Data-703-Type4;31746.0000;DATA;1612716757.218971
/ndn/h9-site/h9/C2Data-228-Type4;178175.0000;DATA;1612716759.350306
/ndn/d3-site/d3/C2Data-802-Type3;130477.0000;DATA;1612716762.650910
/ndn/d4-site/d4/C2Data-863-Type3;51650.0000;DATA;1612716762.912972
/ndn/h0-site/h0/C2Data-9-Type3;124234.0000;DATA;1612716763.876175
/ndn/h2-site/h2/C2Data-53-Type4;97014.0000;DATA;1612716765.130917
