/ndn/s2-site/s2/C2Data-2662-Type2;109205.0000;DATA;1612146637.617570
/ndn/d6-site/d6/C2Data-1936-Type2;226115.0000;DATA;1612146642.386427
/ndn/s5-site/s5/C2Data-3025-Type2;97319.0000;DATA;1612146642.532579
/ndn/s2-site/s2/C2Data-2662-Type1;114326.0000;DATA;1612146642.675069
/ndn/d2-site/d2/C2Data-1452-Type2;125384.0000;DATA;1612146643.271786
/ndn/s3-site/s3/C2Data-2783-Type2;189490.0000;DATA;1612146643.518596
/ndn/h2-site/h2/C2Data-242-Type2;72056.0000;DATA;1612146644.888595
/ndn/h7-site/h7/C2Data-847-Type2;205474.0000;DATA;1612146645.555526
/ndn/s5-site/s5/C2Data-3025-Type1;110876.0000;DATA;1612146646.836716
/ndn/s8-site/s8/C2Data-3388-Type1;47504.0000;DATA;1612146649.010917
/ndn/s8-site/s8/C2Data-1708-Type3;52361.0000;DATA;1612146661.396281
/ndn/s4-site/s4/C2Data-1464-Type3;40662.0000;DATA;1612146664.334453
/ndn/d4-site/d4/C2Data-854-Type3;172865.0000;DATA;1612146665.183457
/ndn/h8-site/h8/C2Data-488-Type3;200155.0000;DATA;1612146667.293216
/ndn/h3-site/h3/C2Data-364-Type2;89091.0000;DATA;1612146668.189531
/ndn/s0-site/s0/C2Data-2421-Type1;72868.0000;DATA;1612146668.528803
/ndn/v8-site/v8/C2Data-4599-Type1;136886.0000;DATA;1612146669.216829
/ndn/h2-site/h2/C2Data-243-Type1;76941.0000;DATA;1612146670.097931
/ndn/h0-site/h0/C2Data-0-Type3;95623.0000;DATA;1612146670.639941
/ndn/h9-site/h9/C2Data-549-Type3;50802.0000;DATA;1612146670.955579
/ndn/h0-site/h0/C2Data-1-Type1;102054.0000;DATA;1612146671.423068
/ndn/v4-site/v4/C2Data-2074-Type3;169526.0000;DATA;1612146672.387015
/ndn/d9-site/d9/C2Data-1159-Type3;124515.0000;DATA;1612146673.497464
/ndn/h5-site/h5/C2Data-305-Type3;174111.0000;DATA;1612146674.197709
/ndn/s8-site/s8/C2Data-3389-Type2;51475.0000;DATA;1612146675.474962
/ndn/v5-site/v5/C2Data-2135-Type3;172422.0000;DATA;1612146677.278808
/ndn/s5-site/s5/C2Data-3026-Type1;100675.0000;DATA;1612146677.847453
/ndn/d6-site/d6/C2Data-976-Type3;244339.0000;DATA;1612146677.830452
/ndn/s1-site/s1/C2Data-2542-Type2;130828.0000;DATA;1612146678.844476
/ndn/d5-site/d5/C2Data-1816-Type1;113493.0000;DATA;1612146678.911009
/ndn/d5-site/d5/C2Data-915-Type3;152512.0000;DATA;1612146679.099699
/ndn/h4-site/h4/C2Data-244-Type3;151789.0000;DATA;1612146681.229085
/ndn/v6-site/v6/C2Data-2196-Type3;116615.0000;DATA;1612146683.417570
/ndn/h4-site/h4/C2Data-486-Type1;156980.0000;DATA;1612146697.774340
/ndn/s6-site/s6/C2Data-3148-Type1;135088.0000;DATA;1612146698.242774
/ndn/d3-site/d3/C2Data-1575-Type2;170976.0000;DATA;1612146700.488208
/ndn/v3-site/v3/C2Data-3995-Type1;162120.0000;DATA;1612146700.510354
/ndn/s1-site/s1/C2Data-2543-Type2;131853.0000;DATA;1612146705.578143
/ndn/s4-site/s4/C2Data-2906-Type1;29038.0000;DATA;1612146706.362267
/ndn/h8-site/h8/C2Data-970-Type2;204392.0000;DATA;1612146706.580456
/ndn/v3-site/v3/C2Data-2014-Type3;158051.0000;DATA;1612146721.550822
/ndn/d8-site/d8/C2Data-1099-Type3;72881.0000;DATA;1612146729.754636
/ndn/d7-site/d7/C2Data-2060-Type1;29271.0000;DATA;1612146729.804603
/ndn/h5-site/h5/C2Data-608-Type1;151553.0000;DATA;1612146729.837944
/ndn/v9-site/v9/C2Data-4722-Type1;94944.0000;DATA;1612146730.430539
/ndn/h5-site/h5/C2Data-608-Type2;190075.0000;DATA;1612146730.751528
