/ndn/h11-site/h11/C2Data-1331-Type2;205027.0000;DATA;1611603165.409699
/ndn/v4-site/v4/C2Data-5929-Type2;207952.0000;DATA;1611603165.417698
/ndn/h5-site/h5/C2Data-605-Type2;46899.0000;DATA;1611603166.282753
/ndn/h0-site/h0/C2Data-0-Type2;128007.0000;DATA;1611603170.051741
/ndn/d1-site/d1/C2Data-1936-Type2;191086.0000;DATA;1611603172.385726
/ndn/v4-site/v4/C2Data-2989-Type3;198699.0000;DATA;1611603190.272798
/ndn/d2-site/d2/C2Data-1037-Type3;127277.0000;DATA;1611603190.631733
/ndn/d12-site/d12/C2Data-1647-Type3;96831.0000;DATA;1611603190.935836
/ndn/h7-site/h7/C2Data-427-Type3;179248.0000;DATA;1611603193.611799
/ndn/v7-site/v7/C2Data-3172-Type3;144358.0000;DATA;1611603196.556792
/ndn/d0-site/d0/C2Data-1816-Type2;97805.0000;DATA;1611603197.439803
/ndn/d13-site/d13/C2Data-3389-Type1;167866.0000;DATA;1611603197.787834
/ndn/d4-site/d4/C2Data-2300-Type2;186406.0000;DATA;1611603198.599835
/ndn/s0-site/s0/C2Data-3631-Type2;23862.0000;DATA;1611603199.016758
/ndn/d1-site/d1/C2Data-976-Type3;185444.0000;DATA;1611603200.061739
/ndn/v7-site/v7/C2Data-6293-Type1;145417.0000;DATA;1611603200.237735
/ndn/s6-site/s6/C2Data-4357-Type2;72439.0000;DATA;1611603201.778853
/ndn/v2-site/v2/C2Data-2867-Type3;73054.0000;DATA;1611603202.092738
/ndn/s4-site/s4/C2Data-2074-Type3;212280.0000;DATA;1611603202.460793
/ndn/v5-site/v5/C2Data-6051-Type2;187372.0000;DATA;1611603203.602852
/ndn/v8-site/v8/C2Data-3233-Type3;119473.0000;DATA;1611603204.385698
/ndn/d7-site/d7/C2Data-1342-Type3;47562.0000;DATA;1611603205.230796
/ndn/d4-site/d4/C2Data-2300-Type1;191691.0000;DATA;1611603205.740827
/ndn/s7-site/s7/C2Data-4478-Type2;219861.0000;DATA;1611603206.189781
/ndn/h11-site/h11/C2Data-671-Type3;193444.0000;DATA;1611603206.229693
/ndn/v10-site/v10/C2Data-3355-Type3;73493.0000;DATA;1611603208.125764
/ndn/h3-site/h3/C2Data-183-Type3;139131.0000;DATA;1611603208.608796
/ndn/h9-site/h9/C2Data-549-Type3;23775.0000;DATA;1611603211.228798
/ndn/d13-site/d13/C2Data-1708-Type3;166026.0000;DATA;1611603211.607865
/ndn/v12-site/v12/C2Data-3477-Type3;164521.0000;DATA;1611603212.813809
/ndn/d11-site/d11/C2Data-1586-Type3;117922.0000;DATA;1611603212.871797
/ndn/h2-site/h2/C2Data-244-Type1;230446.0000;DATA;1611603227.868781
/ndn/s12-site/s12/C2Data-5084-Type1;144725.0000;DATA;1611603228.567707
/ndn/h11-site/h11/C2Data-1333-Type2;72001.0000;DATA;1611603230.425814
/ndn/h12-site/h12/C2Data-1454-Type2;227766.0000;DATA;1611603230.396775
/ndn/h9-site/h9/C2Data-1091-Type2;23575.0000;DATA;1611603231.839735
/ndn/v12-site/v12/C2Data-6899-Type2;170408.0000;DATA;1611603233.894837
/ndn/s13-site/s13/C2Data-5205-Type2;6003861.0000;TIMEOUT;1611603228.878800
/ndn/d12-site/d12/C2Data-3269-Type2;106263.0000;DATA;1611603235.833713
/ndn/h1-site/h1/C2Data-123-Type1;144068.0000;DATA;1611603236.211818
/ndn/v8-site/v8/C2Data-6415-Type2;120737.0000;DATA;1611603236.914728
/ndn/d13-site/d13/C2Data-1709-Type3;174179.0000;DATA;1611603250.658763
/ndn/v5-site/v5/C2Data-3051-Type3;213105.0000;DATA;1611603252.542560
/ndn/s3-site/s3/C2Data-2014-Type3;150625.0000;DATA;1611603253.072708
/ndn/d1-site/d1/C2Data-1939-Type2;34933.0000;DATA;1611603255.994814
/ndn/h0-site/h0/C2Data-1-Type3;121641.0000;DATA;1611603256.465749
/ndn/v10-site/v10/C2Data-3356-Type3;71811.0000;DATA;1611603257.544776
/ndn/s6-site/s6/C2Data-2197-Type3;6000643.0000;TIMEOUT;1611603253.069793
/ndn/d12-site/d12/C2Data-3270-Type1;95944.0000;DATA;1611603259.037805
/ndn/s8-site/s8/C2Data-2319-Type3;150106.0000;DATA;1611603259.409778
/ndn/v2-site/v2/C2Data-5690-Type2;70764.0000;DATA;1611603260.039817
/ndn/d9-site/d9/C2Data-1465-Type3;25082.0000;DATA;1611603260.849310
/ndn/v7-site/v7/C2Data-6295-Type1;152345.0000;DATA;1611603261.259848
/ndn/s0-site/s0/C2Data-1831-Type3;6002082.0000;TIMEOUT;1611603255.889735
/ndn/s7-site/s7/C2Data-4480-Type1;6000314.0000;TIMEOUT;1611603256.453777
/ndn/d6-site/d6/C2Data-1282-Type3;48769.0000;DATA;1611603263.049846
/ndn/v2-site/v2/C2Data-2868-Type3;69853.0000;DATA;1611603263.581805
/ndn/d3-site/d3/C2Data-2181-Type2;50141.0000;DATA;1611603264.114725
/ndn/d11-site/d11/C2Data-1587-Type3;118612.0000;DATA;1611603264.156814
/ndn/h4-site/h4/C2Data-487-Type2;95262.0000;DATA;1611603264.436816
/ndn/v11-site/v11/C2Data-3417-Type3;163950.0000;DATA;1611603264.454920
/ndn/h12-site/h12/C2Data-1455-Type2;216992.0000;DATA;1611603264.761795
/ndn/h12-site/h12/C2Data-1455-Type1;217049.0000;DATA;1611603265.460861
/ndn/d8-site/d8/C2Data-1404-Type3;118849.0000;DATA;1611603266.009790
/ndn/v4-site/v4/C2Data-2990-Type3;187725.0000;DATA;1611603266.354795
/ndn/h10-site/h10/C2Data-250-Type4;70839.0000;DATA;1611603266.910836
/ndn/h5-site/h5/C2Data-306-Type3;58165.0000;DATA;1611603267.432750
/ndn/v14-site/v14/C2Data-3600-Type3;72970.0000;DATA;1611603267.981829
/ndn/s9-site/s9/C2Data-4722-Type1;6000321.0000;TIMEOUT;1611603263.420922
/ndn/s13-site/s13/C2Data-5206-Type1;6001036.0000;TIMEOUT;1611603263.720790
/ndn/s11-site/s11/C2Data-2502-Type3;6001646.0000;TIMEOUT;1611603264.589844
/ndn/v8-site/v8/C2Data-3234-Type3;119136.0000;DATA;1611603271.236793
/ndn/s9-site/s9/C2Data-2380-Type3;6000524.0000;TIMEOUT;1611603267.262785
/ndn/v8-site/v8/C2Data-950-Type4;134433.0000;DATA;1611603276.916273
/ndn/v6-site/v6/C2Data-900-Type4;252469.0000;DATA;1611603279.262905
/ndn/v5-site/v5/C2Data-875-Type4;199690.0000;DATA;1611603280.766221
/ndn/v14-site/v14/C2Data-1100-Type4;90917.0000;DATA;1611603281.897064
/ndn/d12-site/d12/C2Data-3271-Type2;102487.0000;DATA;1611603285.432724
/ndn/d7-site/d7/C2Data-550-Type4;53168.0000;DATA;1611603285.787801
/ndn/d0-site/d0/C2Data-1819-Type2;92670.0000;DATA;1611603287.164720
/ndn/s0-site/s0/C2Data-3634-Type1;6001357.0000;TIMEOUT;1611603285.482545
/ndn/d1-site/d1/C2Data-1940-Type2;186662.0000;DATA;1611603291.624839
/ndn/v7-site/v7/C2Data-6296-Type2;143435.0000;DATA;1611603292.904919
/ndn/h14-site/h14/C2Data-1698-Type1;164049.0000;DATA;1611603293.543769
/ndn/h4-site/h4/C2Data-488-Type2;96525.0000;DATA;1611603293.855833
/ndn/d9-site/d9/C2Data-2908-Type2;24668.0000;DATA;1611603294.207790
/ndn/s8-site/s8/C2Data-4602-Type1;6000386.0000;TIMEOUT;1611603291.779113
/ndn/d10-site/d10/C2Data-625-Type4;48788.0000;DATA;1611603301.401600
/ndn/d2-site/d2/C2Data-425-Type4;143300.0000;DATA;1611603307.804813
/ndn/h13-site/h13/C2Data-325-Type4;97787.0000;DATA;1611603310.082776
/ndn/d13-site/d13/C2Data-1710-Type3;170680.0000;DATA;1611603313.525934
/ndn/v7-site/v7/C2Data-925-Type4;141514.0000;DATA;1611603315.294916
/ndn/h5-site/h5/C2Data-610-Type1;52287.0000;DATA;1611603315.630744
/ndn/v1-site/v1/C2Data-5571-Type1;167928.0000;DATA;1611603315.698849
/ndn/h11-site/h11/C2Data-673-Type3;195406.0000;DATA;1611603316.023734
/ndn/h12-site/h12/C2Data-1457-Type1;215725.0000;DATA;1611603316.017822
/ndn/d14-site/d14/C2Data-725-Type4;167822.0000;DATA;1611603316.584787
/ndn/d8-site/d8/C2Data-1405-Type3;121113.0000;DATA;1611603317.252820
/ndn/d11-site/d11/C2Data-1588-Type3;116581.0000;DATA;1611603317.405748
/ndn/h6-site/h6/C2Data-368-Type3;93632.0000;DATA;1611603317.932788
/ndn/h10-site/h10/C2Data-1215-Type1;72550.0000;DATA;1611603318.699820
/ndn/v7-site/v7/C2Data-3174-Type3;143786.0000;DATA;1611603319.371772
/ndn/h11-site/h11/C2Data-1336-Type2;194175.0000;DATA;1611603319.506885
/ndn/v3-site/v3/C2Data-2930-Type3;99992.0000;DATA;1611603319.980788
/ndn/d6-site/d6/C2Data-2546-Type1;48455.0000;DATA;1611603321.329849
/ndn/d5-site/d5/C2Data-2425-Type1;75495.0000;DATA;1611603321.704787
/ndn/h9-site/h9/C2Data-1094-Type2;23760.0000;DATA;1611603323.429744
/ndn/d3-site/d3/C2Data-2183-Type2;49996.0000;DATA;1611603324.500767
/ndn/h7-site/h7/C2Data-852-Type1;139764.0000;DATA;1611603324.886724
/ndn/v13-site/v13/C2Data-7023-Type2;121198.0000;DATA;1611603326.468730
/ndn/h1-site/h1/C2Data-126-Type1;148320.0000;DATA;1611603326.490856
/ndn/v11-site/v11/C2Data-3418-Type3;163488.0000;DATA;1611603326.594794
/ndn/d7-site/d7/C2Data-2667-Type1;46930.0000;DATA;1611603326.886693
/ndn/s7-site/s7/C2Data-4482-Type1;6000258.0000;TIMEOUT;1611603321.550823
/ndn/s13-site/s13/C2Data-2625-Type3;6001370.0000;TIMEOUT;1611603322.217782
/ndn/s12-site/s12/C2Data-5087-Type2;6001632.0000;TIMEOUT;1611603322.788782
/ndn/d0-site/d0/C2Data-917-Type3;100856.0000;DATA;1611603331.547768
/ndn/d2-site/d2/C2Data-1039-Type3;117586.0000;DATA;1611603331.668759
/ndn/s8-site/s8/C2Data-4603-Type2;6002164.0000;TIMEOUT;1611603326.380762
/ndn/s4-site/s4/C2Data-2076-Type3;6000257.0000;TIMEOUT;1611603331.683743
/ndn/h11-site/h11/C2Data-1337-Type1;192473.0000;DATA;1611603346.049818
/ndn/d2-site/d2/C2Data-2063-Type2;122274.0000;DATA;1611603346.573909
/ndn/d12-site/d12/C2Data-3273-Type2;95559.0000;DATA;1611603347.650753
/ndn/d4-site/d4/C2Data-2305-Type2;198400.0000;DATA;1611603350.757834
/ndn/s6-site/s6/C2Data-4362-Type2;6001826.0000;TIMEOUT;1611603345.552748
/ndn/d14-site/d14/C2Data-3515-Type2;162055.0000;DATA;1611603352.387874
/ndn/d11-site/d11/C2Data-3152-Type2;114734.0000;DATA;1611603353.578851
/ndn/s0-site/s0/C2Data-3636-Type2;6000228.0000;TIMEOUT;1611603348.516206
/ndn/h2-site/h2/C2Data-248-Type2;213318.0000;DATA;1611603355.099793
/ndn/h5-site/h5/C2Data-611-Type2;47329.0000;DATA;1611603356.086802
/ndn/v2-site/v2/C2Data-5693-Type1;72221.0000;DATA;1611603356.554493
/ndn/v9-site/v9/C2Data-6540-Type2;127260.0000;DATA;1611603357.039725
/ndn/s1-site/s1/C2Data-3757-Type1;6001876.0000;TIMEOUT;1611603354.279802
/ndn/s1-site/s1/C2Data-3757-Type2;6005670.0000;TIMEOUT;1611603354.530792
/ndn/v1-site/v1/C2Data-2809-Type3;165922.0000;DATA;1611603369.353777
/ndn/h0-site/h0/C2Data-7-Type1;118901.0000;DATA;1611603375.262852
/ndn/v11-site/v11/C2Data-6783-Type1;166085.0000;DATA;1611603377.113804
/ndn/v0-site/v0/C2Data-5452-Type2;52859.0000;DATA;1611603377.406816
/ndn/s14-site/s14/C2Data-2687-Type3;6000551.0000;TIMEOUT;1611603371.725932
/ndn/s5-site/s5/C2Data-2138-Type3;6000267.0000;TIMEOUT;1611603372.582036
/ndn/v13-site/v13/C2Data-7025-Type2;127851.0000;DATA;1611603379.273867
/ndn/h5-site/h5/C2Data-612-Type2;52161.0000;DATA;1611603379.486859
/ndn/h5-site/h5/C2Data-612-Type1;54050.0000;DATA;1611603379.965784
/ndn/h2-site/h2/C2Data-249-Type2;218737.0000;DATA;1611603380.409988
