/ndn/h9-site/h9/C2Data-1089-Type1;198318.0000;DATA;1612716190.314532
/ndn/s3-site/s3/C2Data-2783-Type2;60532.0000;DATA;1612716192.646918
/ndn/v6-site/v6/C2Data-4356-Type1;75019.0000;DATA;1612716194.622705
/ndn/v3-site/v3/C2Data-3993-Type1;769266.0000;DATA;1612716193.979075
/ndn/s8-site/s8/C2Data-3388-Type2;124958.0000;DATA;1612716198.013152
/ndn/h4-site/h4/C2Data-484-Type1;161231.0000;DATA;1612716198.899569
/ndn/h3-site/h3/C2Data-363-Type2;123115.0000;DATA;1612716198.955979
/ndn/d5-site/d5/C2Data-1815-Type1;335501.0000;DATA;1612716199.571773
/ndn/v6-site/v6/C2Data-2196-Type3;73407.0000;DATA;1612716215.310908
/ndn/d6-site/d6/C2Data-976-Type3;107781.0000;DATA;1612716219.580528
/ndn/d8-site/d8/C2Data-2179-Type2;234388.0000;DATA;1612716220.099865
/ndn/s5-site/s5/C2Data-3026-Type1;124219.0000;DATA;1612716220.651710
/ndn/v2-site/v2/C2Data-3873-Type2;178525.0000;DATA;1612716221.248119
/ndn/d5-site/d5/C2Data-1816-Type2;293629.0000;DATA;1612716221.993085
/ndn/d3-site/d3/C2Data-1574-Type1;25172.0000;DATA;1612716222.954816
/ndn/h4-site/h4/C2Data-485-Type2;151877.0000;DATA;1612716225.619898
/ndn/h2-site/h2/C2Data-243-Type2;129650.0000;DATA;1612716226.292679
/ndn/d6-site/d6/C2Data-1937-Type2;109096.0000;DATA;1612716226.718783
/ndn/v4-site/v4/C2Data-2074-Type3;24368.0000;DATA;1612716228.515232
/ndn/v4-site/v4/C2Data-4115-Type2;25729.0000;DATA;1612716228.865059
/ndn/h3-site/h3/C2Data-183-Type3;100565.0000;DATA;1612716229.674973
/ndn/s4-site/s4/C2Data-1464-Type3;206315.0000;DATA;1612716229.621020
/ndn/d7-site/d7/C2Data-2058-Type1;197704.0000;DATA;1612716230.407145
/ndn/h9-site/h9/C2Data-549-Type3;235462.0000;DATA;1612716234.980214
/ndn/d2-site/d2/C2Data-1454-Type1;259297.0000;DATA;1612716250.595372
/ndn/d4-site/d4/C2Data-1696-Type1;205363.0000;DATA;1612716251.259205
/ndn/s6-site/s6/C2Data-3148-Type2;263278.0000;DATA;1612716253.607905
/ndn/d1-site/d1/C2Data-1333-Type2;201151.0000;DATA;1612716254.199121
/ndn/d5-site/d5/C2Data-1817-Type2;336848.0000;DATA;1612716255.344578
/ndn/h5-site/h5/C2Data-607-Type1;194428.0000;DATA;1612716257.429167
/ndn/h3-site/h3/C2Data-365-Type2;122309.0000;DATA;1612716258.433366
/ndn/v2-site/v2/C2Data-3874-Type1;187022.0000;DATA;1612716260.089134
/ndn/h7-site/h7/C2Data-428-Type3;137219.0000;DATA;1612716275.675261
/ndn/h1-site/h1/C2Data-62-Type3;187613.0000;DATA;1612716275.596807
/ndn/s5-site/s5/C2Data-1526-Type3;133171.0000;DATA;1612716277.904767
/ndn/s5-site/s5/C2Data-3028-Type1;168527.0000;DATA;1612716279.580288
/ndn/s7-site/s7/C2Data-1648-Type3;6001552.0000;TIMEOUT;1612716274.649294
/ndn/s6-site/s6/C2Data-3149-Type1;260795.0000;DATA;1612716280.819897
/ndn/s8-site/s8/C2Data-3391-Type2;153371.0000;DATA;1612716282.366769
/ndn/s6-site/s6/C2Data-3149-Type2;277638.0000;DATA;1612716283.739172
/ndn/s2-site/s2/C2Data-1343-Type3;127171.0000;DATA;1612716285.741358
/ndn/s4-site/s4/C2Data-2907-Type1;196224.0000;DATA;1612716286.388966
/ndn/h4-site/h4/C2Data-487-Type2;170511.0000;DATA;1612716287.104984
/ndn/v9-site/v9/C2Data-4722-Type2;260983.0000;DATA;1612716287.089383
/ndn/h3-site/h3/C2Data-184-Type3;99333.0000;DATA;1612716288.087912
/ndn/v4-site/v4/C2Data-4117-Type1;27005.0000;DATA;1612716289.001051
/ndn/h3-site/h3/C2Data-366-Type2;104274.0000;DATA;1612716291.009106
/ndn/d5-site/d5/C2Data-916-Type3;299043.0000;DATA;1612716291.765757
/ndn/s7-site/s7/C2Data-3270-Type1;6001543.0000;TIMEOUT;1612716286.140337
/ndn/v3-site/v3/C2Data-2014-Type3;399630.0000;DATA;1612716294.808541
/ndn/d2-site/d2/C2Data-300-Type4;389771.0000;DATA;1612716297.656820
/ndn/d9-site/d9/C2Data-2303-Type2;279361.0000;DATA;1612716311.519535
/ndn/v3-site/v3/C2Data-575-Type4;264430.0000;DATA;1612716311.962489
/ndn/h7-site/h7/C2Data-175-Type4;123928.0000;DATA;1612716312.125609
/ndn/s9-site/s9/C2Data-3513-Type2;28783.0000;DATA;1612716312.577920
/ndn/v6-site/v6/C2Data-4360-Type2;89852.0000;DATA;1612716313.684112
/ndn/h7-site/h7/C2Data-851-Type2;131117.0000;DATA;1612716315.933244
/ndn/v2-site/v2/C2Data-550-Type4;180628.0000;DATA;1612716316.998928
/ndn/s4-site/s4/C2Data-2908-Type1;6001313.0000;TIMEOUT;1612716312.073485
/ndn/s8-site/s8/C2Data-3392-Type1;6005110.0000;TIMEOUT;1612716313.349406
/ndn/s8-site/s8/C2Data-3392-Type2;6000744.0000;TIMEOUT;1612716317.082277
/ndn/h1-site/h1/C2Data-25-Type4;169557.0000;DATA;1612716336.721499
/ndn/d9-site/d9/C2Data-2304-Type1;288007.0000;DATA;1612716340.446083
/ndn/d2-site/d2/C2Data-1457-Type1;255547.0000;DATA;1612716340.758902
/ndn/d0-site/d0/C2Data-1215-Type2;94577.0000;DATA;1612716341.561554
/ndn/h9-site/h9/C2Data-551-Type3;202424.0000;DATA;1612716342.234638
/ndn/d0-site/d0/C2Data-1215-Type1;79797.0000;DATA;1612716342.387856
/ndn/h3-site/h3/C2Data-185-Type3;97714.0000;DATA;1612716343.027938
/ndn/v4-site/v4/C2Data-4119-Type1;28023.0000;DATA;1612716343.208945
/ndn/h6-site/h6/C2Data-731-Type2;131529.0000;DATA;1612716343.245545
/ndn/v3-site/v3/C2Data-3998-Type1;266455.0000;DATA;1612716343.304939
/ndn/d1-site/d1/C2Data-1336-Type1;148368.0000;DATA;1612716343.879591
/ndn/s3-site/s3/C2Data-2788-Type1;6000835.0000;TIMEOUT;1612716341.906164
/ndn/h8-site/h8/C2Data-490-Type3;116430.0000;DATA;1612716347.992979
/ndn/v6-site/v6/C2Data-4361-Type1;81933.0000;DATA;1612716349.902940
/ndn/d8-site/d8/C2Data-2183-Type2;250379.0000;DATA;1612716349.905326
/ndn/s1-site/s1/C2Data-2546-Type1;6012518.0000;TIMEOUT;1612716348.280068
/ndn/s3-site/s3/C2Data-1405-Type3;6007989.0000;TIMEOUT;1612716348.640047
/ndn/d0-site/d0/C2Data-612-Type3;73916.0000;DATA;1612716355.251723
/ndn/h2-site/h2/C2Data-248-Type2;210410.0000;DATA;1612716371.048944
/ndn/h0-site/h0/C2Data-6-Type2;245224.0000;DATA;1612716372.213974
/ndn/h7-site/h7/C2Data-853-Type1;124842.0000;DATA;1612716372.456988
/ndn/v4-site/v4/C2Data-4120-Type2;41025.0000;DATA;1612716373.640227
/ndn/v4-site/v4/C2Data-4120-Type1;24928.0000;DATA;1612716375.098911
/ndn/v2-site/v2/C2Data-3878-Type1;229265.0000;DATA;1612716378.381799
/ndn/v7-site/v7/C2Data-4483-Type1;244468.0000;DATA;1612716378.723679
/ndn/s4-site/s4/C2Data-2910-Type2;6000778.0000;TIMEOUT;1612716377.819301
/ndn/d1-site/d1/C2Data-1338-Type1;156406.0000;DATA;1612716399.633841
/ndn/d9-site/d9/C2Data-2306-Type2;279938.0000;DATA;1612716400.290164
/ndn/d3-site/d3/C2Data-1580-Type1;25318.0000;DATA;1612716401.638113
/ndn/h6-site/h6/C2Data-733-Type1;134488.0000;DATA;1612716402.617419
/ndn/d7-site/d7/C2Data-2064-Type1;172851.0000;DATA;1612716402.631213
/ndn/v6-site/v6/C2Data-4363-Type1;74973.0000;DATA;1612716402.765135
/ndn/d2-site/d2/C2Data-1459-Type2;300236.0000;DATA;1612716403.055005
/ndn/v2-site/v2/C2Data-3879-Type2;200750.0000;DATA;1612716403.295172
/ndn/h3-site/h3/C2Data-186-Type3;98741.0000;DATA;1612716404.289736
/ndn/v3-site/v3/C2Data-4000-Type1;288166.0000;DATA;1612716404.121833
/ndn/d6-site/d6/C2Data-1943-Type2;98336.0000;DATA;1612716405.377097
/ndn/d2-site/d2/C2Data-735-Type3;255614.0000;DATA;1612716405.424913
/ndn/v0-site/v0/C2Data-1833-Type3;172155.0000;DATA;1612716405.676705
/ndn/s8-site/s8/C2Data-3395-Type1;6004049.0000;TIMEOUT;1612716401.127880
/ndn/d1-site/d1/C2Data-674-Type3;148787.0000;DATA;1612716407.383627
/ndn/v7-site/v7/C2Data-4484-Type2;226046.0000;DATA;1612716408.284645
/ndn/d3-site/d3/C2Data-1580-Type2;25963.0000;DATA;1612716408.592278
/ndn/d5-site/d5/C2Data-1822-Type1;273445.0000;DATA;1612716408.567446
/ndn/s9-site/s9/C2Data-1772-Type3;6001637.0000;TIMEOUT;1612716403.582092
/ndn/v8-site/v8/C2Data-4605-Type2;147195.0000;DATA;1612716410.760033
/ndn/s5-site/s5/C2Data-1528-Type3;6005739.0000;TIMEOUT;1612716405.361374
/ndn/h6-site/h6/C2Data-369-Type3;122971.0000;DATA;1612716412.503031
/ndn/s6-site/s6/C2Data-3153-Type2;6003181.0000;TIMEOUT;1612716408.308055
/ndn/v4-site/v4/C2Data-2077-Type3;25774.0000;DATA;1612716414.736287
/ndn/h7-site/h7/C2Data-430-Type3;136627.0000;DATA;1612716415.798928
/ndn/d3-site/d3/C2Data-169-Type5;24622.0000;DATA;1612716421.068332
/ndn/h6-site/h6/C2Data-734-Type2;118976.0000;DATA;1612716430.332244
/ndn/d4-site/d4/C2Data-1702-Type2;194473.0000;DATA;1612716430.408899
/ndn/d5-site/d5/C2Data-1823-Type1;338659.0000;DATA;1612716431.933773
/ndn/d9-site/d9/C2Data-247-Type5;285573.0000;DATA;1612716434.070006
/ndn/h2-site/h2/C2Data-250-Type2;143267.0000;DATA;1612716435.364544
/ndn/h0-site/h0/C2Data-8-Type2;273223.0000;DATA;1612716435.904304
/ndn/h0-site/h0/C2Data-8-Type1;247223.0000;DATA;1612716438.497950
/ndn/s6-site/s6/C2Data-3154-Type1;6000679.0000;TIMEOUT;1612716436.102001
/ndn/s1-site/s1/C2Data-2549-Type2;6001273.0000;TIMEOUT;1612716436.168930
/ndn/s2-site/s2/C2Data-2670-Type1;6001260.0000;TIMEOUT;1612716436.508417
/ndn/d8-site/d8/C2Data-234-Type5;438213.0000;DATA;1612716443.509805
/ndn/d4-site/d4/C2Data-858-Type3;230362.0000;DATA;1612716456.281549
/ndn/d7-site/d7/C2Data-1041-Type3;181491.0000;DATA;1612716459.607957
/ndn/d0-site/d0/C2Data-251-Type4;75582.0000;DATA;1612716459.745597
/ndn/d0-site/d0/C2Data-614-Type3;74416.0000;DATA;1612716460.624807
/ndn/v2-site/v2/C2Data-3881-Type2;189712.0000;DATA;1612716464.933334
/ndn/h5-site/h5/C2Data-309-Type3;193476.0000;DATA;1612716464.913782
/ndn/d8-site/d8/C2Data-2187-Type1;234892.0000;DATA;1612716464.964920
/ndn/h8-site/h8/C2Data-201-Type4;102692.0000;DATA;1612716465.139407
/ndn/s1-site/s1/C2Data-2550-Type1;6000707.0000;TIMEOUT;1612716460.636425
/ndn/d3-site/d3/C2Data-797-Type3;25256.0000;DATA;1612716467.268523
/ndn/s9-site/s9/C2Data-1773-Type3;6033964.0000;TIMEOUT;1612716461.453320
/ndn/v8-site/v8/C2Data-4607-Type1;148903.0000;DATA;1612716467.734351
/ndn/s1-site/s1/C2Data-2550-Type2;6002719.0000;TIMEOUT;1612716462.402770
/ndn/d9-site/d9/C2Data-476-Type4;271691.0000;DATA;1612716468.790248
/ndn/d9-site/d9/C2Data-2308-Type1;296233.0000;DATA;1612716469.167239
/ndn/s8-site/s8/C2Data-1712-Type3;6002772.0000;TIMEOUT;1612716463.820205
/ndn/d2-site/d2/C2Data-301-Type4;259417.0000;DATA;1612716469.638129
/ndn/v0-site/v0/C2Data-3639-Type1;208299.0000;DATA;1612716470.146301
/ndn/v1-site/v1/C2Data-3760-Type2;180816.0000;DATA;1612716470.620405
/ndn/s2-site/s2/C2Data-1346-Type3;6000807.0000;TIMEOUT;1612716465.104193
/ndn/s7-site/s7/C2Data-1651-Type3;6001476.0000;TIMEOUT;1612716472.181564
/ndn/v8-site/v8/C2Data-701-Type4;233324.0000;DATA;1612716478.242624
/ndn/d5-site/d5/C2Data-376-Type4;363784.0000;DATA;1612716487.676362
/ndn/d9-site/d9/C2Data-2309-Type2;269110.0000;DATA;1612716490.747988
/ndn/d8-site/d8/C2Data-451-Type4;228823.0000;DATA;1612716491.210816
/ndn/h5-site/h5/C2Data-615-Type1;175015.0000;DATA;1612716492.960890
/ndn/v9-site/v9/C2Data-726-Type4;265838.0000;DATA;1612716493.275889
/ndn/s5-site/s5/C2Data-3035-Type1;6002409.0000;TIMEOUT;1612716490.414267
/ndn/s1-site/s1/C2Data-2551-Type2;6001087.0000;TIMEOUT;1612716491.170248
/ndn/d3-site/d3/C2Data-1583-Type1;24756.0000;DATA;1612716497.251412
/ndn/s2-site/s2/C2Data-2672-Type2;6001298.0000;TIMEOUT;1612716491.531300
/ndn/d2-site/d2/C2Data-1462-Type2;251875.0000;DATA;1612716497.992777
/ndn/s5-site/s5/C2Data-3035-Type2;6001350.0000;TIMEOUT;1612716492.491792
/ndn/v7-site/v7/C2Data-4487-Type1;248747.0000;DATA;1612716498.593010
/ndn/d1-site/d1/C2Data-1341-Type2;153523.0000;DATA;1612716500.870573
/ndn/h7-site/h7/C2Data-857-Type1;126946.0000;DATA;1612716500.927997
/ndn/h7-site/h7/C2Data-91-Type5;130276.0000;DATA;1612716503.978126
/ndn/v8-site/v8/C2Data-2323-Type3;145786.0000;DATA;1612716515.326635
/ndn/v3-site/v3/C2Data-2018-Type3;303687.0000;DATA;1612716516.453685
/ndn/v1-site/v1/C2Data-1896-Type3;298454.0000;DATA;1612716517.826204
/ndn/h4-site/h4/C2Data-52-Type5;167971.0000;DATA;1612716518.959166
/ndn/h1-site/h1/C2Data-132-Type1;177231.0000;DATA;1612716519.976100
/ndn/h8-site/h8/C2Data-493-Type3;100600.0000;DATA;1612716520.907934
/ndn/v7-site/v7/C2Data-4488-Type2;229284.0000;DATA;1612716521.840057
/ndn/d0-site/d0/C2Data-615-Type3;75235.0000;DATA;1612716522.447630
/ndn/s2-site/s2/C2Data-1347-Type3;6010484.0000;TIMEOUT;1612716516.923108
/ndn/d5-site/d5/C2Data-920-Type3;304448.0000;DATA;1612716522.686837
/ndn/v4-site/v4/C2Data-4125-Type2;24668.0000;DATA;1612716523.109484
/ndn/h2-site/h2/C2Data-253-Type1;132830.0000;DATA;1612716523.915771
/ndn/h1-site/h1/C2Data-132-Type2;187879.0000;DATA;1612716524.195260
/ndn/h8-site/h8/C2Data-979-Type1;98256.0000;DATA;1612716526.973185
/ndn/d6-site/d6/C2Data-981-Type3;116017.0000;DATA;1612716527.586898
/ndn/h6-site/h6/C2Data-371-Type3;140136.0000;DATA;1612716528.394160
/ndn/s4-site/s4/C2Data-2915-Type1;6002183.0000;TIMEOUT;1612716523.002225
/ndn/v0-site/v0/C2Data-3641-Type1;172678.0000;DATA;1612716529.377906
/ndn/h4-site/h4/C2Data-249-Type3;176255.0000;DATA;1612716532.169243
/ndn/h0-site/h0/C2Data-5-Type3;280346.0000;DATA;1612716533.213055
/ndn/v0-site/v0/C2Data-1835-Type3;220792.0000;DATA;1612716533.958433
/ndn/s8-site/s8/C2Data-1713-Type3;6002401.0000;TIMEOUT;1612716528.336708
/ndn/h2-site/h2/C2Data-127-Type3;136501.0000;DATA;1612716534.587461
/ndn/s0-site/s0/C2Data-2432-Type2;6001731.0000;TIMEOUT;1612716549.936502
/ndn/v3-site/v3/C2Data-4005-Type2;401797.0000;DATA;1612716555.635027
/ndn/s3-site/s3/C2Data-2795-Type1;6002920.0000;TIMEOUT;1612716551.038193
/ndn/h8-site/h8/C2Data-980-Type1;124158.0000;DATA;1612716557.454005
/ndn/h7-site/h7/C2Data-859-Type2;129120.0000;DATA;1612716560.532734
/ndn/s1-site/s1/C2Data-2553-Type1;6013729.0000;TIMEOUT;1612716561.166287
/ndn/s8-site/s8/C2Data-3400-Type1;6001090.0000;TIMEOUT;1612716561.295692
/ndn/s6-site/s6/C2Data-1592-Type3;6000463.0000;TIMEOUT;1612716573.990572
/ndn/h8-site/h8/C2Data-981-Type1;99062.0000;DATA;1612716581.053707
/ndn/d8-site/d8/C2Data-2191-Type2;246263.0000;DATA;1612716581.871680
/ndn/d6-site/d6/C2Data-982-Type3;109572.0000;DATA;1612716582.740987
/ndn/v0-site/v0/C2Data-3643-Type1;171610.0000;DATA;1612716583.164932
/ndn/h3-site/h3/C2Data-376-Type1;99445.0000;DATA;1612716583.438696
/ndn/v8-site/v8/C2Data-2324-Type3;154342.0000;DATA;1612716584.133622
/ndn/h7-site/h7/C2Data-433-Type3;147680.0000;DATA;1612716584.991907
/ndn/s0-site/s0/C2Data-1226-Type3;6001242.0000;TIMEOUT;1612716579.606195
/ndn/d9-site/d9/C2Data-2312-Type2;309598.0000;DATA;1612716586.107808
/ndn/h1-site/h1/C2Data-67-Type3;30184.0000;DATA;1612716586.616401
/ndn/d9-site/d9/C2Data-1165-Type3;272479.0000;DATA;1612716586.855307
/ndn/v2-site/v2/C2Data-1958-Type3;174563.0000;DATA;1612716587.377032
/ndn/d0-site/d0/C2Data-1223-Type1;91013.0000;DATA;1612716588.166437
/ndn/d8-site/d8/C2Data-1104-Type3;250662.0000;DATA;1612716592.556273
/ndn/s4-site/s4/C2Data-1470-Type3;6004076.0000;TIMEOUT;1612716590.303455
/ndn/s1-site/s1/C2Data-1287-Type3;6003899.0000;TIMEOUT;1612716591.584994
/ndn/s8-site/s8/C2Data-1714-Type3;6000732.0000;TIMEOUT;1612716594.001052
/ndn/h5-site/h5/C2Data-619-Type2;176271.0000;DATA;1612716609.577929
/ndn/h9-site/h9/C2Data-227-Type4;203726.0000;DATA;1612716609.559968
/ndn/d2-site/d2/C2Data-302-Type4;256062.0000;DATA;1612716610.814252
/ndn/v1-site/v1/C2Data-3765-Type1;186247.0000;DATA;1612716614.206416
/ndn/d4-site/d4/C2Data-1708-Type1;249161.0000;DATA;1612716615.054993
/ndn/d6-site/d6/C2Data-1950-Type1;101874.0000;DATA;1612716620.142274
/ndn/s3-site/s3/C2Data-2797-Type2;6002115.0000;TIMEOUT;1612716617.723901
/ndn/h7-site/h7/C2Data-177-Type4;181381.0000;DATA;1612716627.102920
/ndn/v4-site/v4/C2Data-602-Type4;25442.0000;DATA;1612716627.310716
/ndn/d3-site/d3/C2Data-327-Type4;38272.0000;DATA;1612716637.520188
/ndn/v4-site/v4/C2Data-4129-Type1;33782.0000;DATA;1612716640.546991
/ndn/h3-site/h3/C2Data-378-Type2;104091.0000;DATA;1612716640.624130
/ndn/h6-site/h6/C2Data-152-Type4;124838.0000;DATA;1612716640.831899
/ndn/v6-site/v6/C2Data-2203-Type3;76693.0000;DATA;1612716641.096208
/ndn/d5-site/d5/C2Data-1830-Type2;295631.0000;DATA;1612716642.960902
/ndn/s8-site/s8/C2Data-1715-Type3;6015059.0000;TIMEOUT;1612716637.443389
/ndn/v1-site/v1/C2Data-3766-Type2;190742.0000;DATA;1612716644.335870
/ndn/v0-site/v0/C2Data-3645-Type2;217881.0000;DATA;1612716644.803018
/ndn/v6-site/v6/C2Data-4371-Type2;83880.0000;DATA;1612716646.442971
/ndn/v7-site/v7/C2Data-4492-Type1;228387.0000;DATA;1612716646.524943
/ndn/s1-site/s1/C2Data-1288-Type3;6000902.0000;TIMEOUT;1612716642.675393
/ndn/s6-site/s6/C2Data-1593-Type3;6002709.0000;TIMEOUT;1612716643.672895
/ndn/h1-site/h1/C2Data-136-Type1;215121.0000;DATA;1612716649.741375
/ndn/s1-site/s1/C2Data-2556-Type2;6001533.0000;TIMEOUT;1612716645.475790
/ndn/v8-site/v8/C2Data-2325-Type3;191372.0000;DATA;1612716651.832235
/ndn/d9-site/d9/C2Data-1166-Type3;317452.0000;DATA;1612716652.168146
/ndn/v7-site/v7/C2Data-2264-Type3;777028.0000;DATA;1612716652.269729
/ndn/s0-site/s0/C2Data-1227-Type3;6001356.0000;TIMEOUT;1612716648.068305
/ndn/s3-site/s3/C2Data-2798-Type1;6000459.0000;TIMEOUT;1612716649.909705
/ndn/v6-site/v6/C2Data-4372-Type2;123656.0000;DATA;1612716671.371500
/ndn/d5-site/d5/C2Data-1831-Type1;320495.0000;DATA;1612716671.423464
/ndn/h7-site/h7/C2Data-863-Type1;134656.0000;DATA;1612716671.942370
/ndn/d4-site/d4/C2Data-1710-Type1;214522.0000;DATA;1612716672.840280
/ndn/d3-site/d3/C2Data-1589-Type1;27662.0000;DATA;1612716673.562555
/ndn/h4-site/h4/C2Data-500-Type1;152915.0000;DATA;1612716678.282127
/ndn/s6-site/s6/C2Data-3162-Type1;6000559.0000;TIMEOUT;1612716672.487085
/ndn/v7-site/v7/C2Data-4493-Type1;240517.0000;DATA;1612716680.554251
/ndn/s9-site/s9/C2Data-3525-Type1;6009476.0000;TIMEOUT;1612716678.831012
/ndn/v8-site/v8/C2Data-2326-Type3;621133.0000;DATA;1612716694.708770
/ndn/h4-site/h4/C2Data-252-Type3;164680.0000;DATA;1612716697.009003
/ndn/v7-site/v7/C2Data-2265-Type3;217263.0000;DATA;1612716697.475754
/ndn/d1-site/d1/C2Data-1348-Type2;157375.0000;DATA;1612716699.741900
/ndn/h3-site/h3/C2Data-380-Type1;108188.0000;DATA;1612716700.198293
/ndn/d2-site/d2/C2Data-1469-Type1;241708.0000;DATA;1612716703.107182
/ndn/d0-site/d0/C2Data-1227-Type1;73557.0000;DATA;1612716703.725160
/ndn/s3-site/s3/C2Data-1411-Type3;6000808.0000;TIMEOUT;1612716698.222884
/ndn/v4-site/v4/C2Data-4131-Type2;30185.0000;DATA;1612716704.802523
/ndn/s0-site/s0/C2Data-1228-Type3;6000768.0000;TIMEOUT;1612716699.867986
/ndn/v2-site/v2/C2Data-154-Type6;183052.0000;DATA;1612716706.434069
/ndn/h0-site/h0/C2Data-0-Type6;259540.0000;DATA;1612716707.277411
/ndn/h6-site/h6/C2Data-743-Type1;129603.0000;DATA;1612716707.656480
/ndn/d6-site/d6/C2Data-984-Type3;97850.0000;DATA;1612716711.166994
/ndn/h0-site/h0/C2Data-8-Type3;257592.0000;DATA;1612716712.554970
/ndn/s6-site/s6/C2Data-1594-Type3;6001005.0000;TIMEOUT;1612716707.387837
/ndn/s0-site/s0/C2Data-2437-Type2;6001545.0000;TIMEOUT;1612716707.604514
/ndn/h0-site/h0/C2Data-1-Type5;277353.0000;DATA;1612716714.263286
/ndn/h1-site/h1/C2Data-69-Type3;182604.0000;DATA;1612716714.712204
/ndn/s6-site/s6/C2Data-3163-Type2;6008578.0000;TIMEOUT;1612716709.311765
/ndn/h1-site/h1/C2Data-14-Type5;186279.0000;DATA;1612716715.673518
/ndn/d4-site/d4/C2Data-862-Type3;211616.0000;DATA;1612716717.381905
/ndn/s9-site/s9/C2Data-1777-Type3;6000729.0000;TIMEOUT;1612716713.810940
/ndn/h9-site/h9/C2Data-1107-Type2;215730.0000;DATA;1612716731.433250
/ndn/h2-site/h2/C2Data-260-Type1;131506.0000;DATA;1612716732.396961
/ndn/v3-site/v3/C2Data-4011-Type2;274170.0000;DATA;1612716735.242351
/ndn/v1-site/v1/C2Data-528-Type4;195374.0000;DATA;1612716736.249656
/ndn/s1-site/s1/C2Data-2559-Type1;6001639.0000;TIMEOUT;1612716730.810732
/ndn/h5-site/h5/C2Data-623-Type2;181765.0000;DATA;1612716737.235899
/ndn/v9-site/v9/C2Data-4737-Type1;265006.0000;DATA;1612716738.616189
/ndn/d7-site/d7/C2Data-2075-Type2;230432.0000;DATA;1612716739.410749
/ndn/s3-site/s3/C2Data-2801-Type2;6002185.0000;TIMEOUT;1612716735.371677
/ndn/s4-site/s4/C2Data-2922-Type2;6001730.0000;TIMEOUT;1612716735.695007
/ndn/s3-site/s3/C2Data-2801-Type1;6001948.0000;TIMEOUT;1612716740.307703
/ndn/v4-site/v4/C2Data-2083-Type3;25883.0000;DATA;1612716756.463739
/ndn/v6-site/v6/C2Data-2205-Type3;79771.0000;DATA;1612716756.596016
/ndn/v1-site/v1/C2Data-3770-Type1;172670.0000;DATA;1612716759.629113
/ndn/d0-site/d0/C2Data-619-Type3;86284.0000;DATA;1612716760.480018
/ndn/d3-site/d3/C2Data-1592-Type1;34094.0000;DATA;1612716760.904797
