/ndn/d8-site/d8/C2Data-2783-Type1;172521.0000;DATA;1611606832.369143
/ndn/s6-site/s6/C2Data-4356-Type2;184868.0000;DATA;1611606839.569247
/ndn/v10-site/v10/C2Data-6655-Type2;481.0000;NACK;1611606839.967217
/ndn/h4-site/h4/C2Data-484-Type2;196017.0000;DATA;1611606841.108302
/ndn/s11-site/s11/C2Data-4961-Type2;237122.0000;DATA;1611606841.150260
/ndn/v14-site/v14/C2Data-3599-Type3;141721.0000;DATA;1611606856.290259
/ndn/s13-site/s13/C2Data-2623-Type3;259170.0000;DATA;1611606859.112327
/ndn/h10-site/h10/C2Data-610-Type3;265095.0000;DATA;1611606862.211215
/ndn/h13-site/h13/C2Data-793-Type3;93722.0000;DATA;1611606862.773249
/ndn/s5-site/s5/C2Data-4236-Type2;193802.0000;DATA;1611606863.238227
/ndn/v1-site/v1/C2Data-5567-Type2;69892.0000;DATA;1611606864.030259
/ndn/s6-site/s6/C2Data-4357-Type2;259805.0000;DATA;1611606865.586262
/ndn/d0-site/d0/C2Data-915-Type3;164873.0000;DATA;1611606867.039245
/ndn/v7-site/v7/C2Data-6293-Type2;238483.0000;DATA;1611606867.290246
/ndn/h5-site/h5/C2Data-606-Type2;142771.0000;DATA;1611606867.407328
/ndn/d3-site/d3/C2Data-2179-Type1;233407.0000;DATA;1611606868.848248
/ndn/d8-site/d8/C2Data-1403-Type3;168280.0000;DATA;1611606870.098235
/ndn/s2-site/s2/C2Data-3873-Type2;70473.0000;DATA;1611606872.883151
/ndn/h2-site/h2/C2Data-122-Type3;23920.0000;DATA;1611606873.072184
/ndn/s14-site/s14/C2Data-5325-Type1;121969.0000;DATA;1611606874.197231
/ndn/d5-site/d5/C2Data-1220-Type3;174818.0000;DATA;1611606878.805230
/ndn/s14-site/s14/C2Data-2684-Type3;135854.0000;DATA;1611606880.037214
/ndn/h0-site/h0/C2Data-2-Type2;213578.0000;DATA;1611606893.063246
/ndn/s12-site/s12/C2Data-5084-Type1;241809.0000;DATA;1611606895.685217
/ndn/h11-site/h11/C2Data-1333-Type1;93732.0000;DATA;1611606896.894259
/ndn/d5-site/d5/C2Data-2422-Type1;136704.0000;DATA;1611606899.303212
/ndn/h13-site/h13/C2Data-1575-Type1;97825.0000;DATA;1611606900.250176
/ndn/d9-site/d9/C2Data-2906-Type2;194848.0000;DATA;1611606900.354196
/ndn/s8-site/s8/C2Data-4600-Type1;48027.0000;DATA;1611606901.582271
/ndn/s7-site/s7/C2Data-4479-Type2;119026.0000;DATA;1611606902.161243
/ndn/h2-site/h2/C2Data-244-Type2;23779.0000;DATA;1611606903.810275
/ndn/h5-site/h5/C2Data-306-Type3;147087.0000;DATA;1611606920.788234
/ndn/s1-site/s1/C2Data-1892-Type3;6000391.0000;TIMEOUT;1611606921.051261
/ndn/s4-site/s4/C2Data-2075-Type3;23689.0000;DATA;1611606927.151177
/ndn/h4-site/h4/C2Data-245-Type3;184814.0000;DATA;1611606928.306165
/ndn/v13-site/v13/C2Data-3539-Type3;75692.0000;DATA;1611606928.980143
/ndn/s5-site/s5/C2Data-2136-Type3;191416.0000;DATA;1611606929.356146
/ndn/d7-site/d7/C2Data-2665-Type1;213491.0000;DATA;1611606929.598378
/ndn/d2-site/d2/C2Data-425-Type4;141939.0000;DATA;1611606929.684183
/ndn/s2-site/s2/C2Data-3875-Type1;6000237.0000;TIMEOUT;1611606927.094208
/ndn/s6-site/s6/C2Data-4359-Type2;6000311.0000;TIMEOUT;1611606929.080225
/ndn/s2-site/s2/C2Data-3875-Type2;6000396.0000;TIMEOUT;1611606929.830219
/ndn/h4-site/h4/C2Data-100-Type4;192539.0000;DATA;1611606935.682229
/ndn/h13-site/h13/C2Data-325-Type4;112082.0000;DATA;1611606937.213151
/ndn/s5-site/s5/C2Data-4238-Type2;6000318.0000;TIMEOUT;1611606932.298205
/ndn/v4-site/v4/C2Data-2990-Type3;294225.0000;DATA;1611606938.315150
/ndn/s6-site/s6/C2Data-2197-Type3;6001247.0000;TIMEOUT;1611606933.638233
/ndn/s3-site/s3/C2Data-3996-Type2;6001813.0000;TIMEOUT;1611606933.934168
/ndn/d9-site/d9/C2Data-600-Type4;206449.0000;DATA;1611606941.650302
/ndn/h6-site/h6/C2Data-150-Type4;199276.0000;DATA;1611606942.688164
/ndn/v8-site/v8/C2Data-950-Type4;265358.0000;DATA;1611606947.781244
/ndn/d10-site/d10/C2Data-625-Type4;216525.0000;DATA;1611606947.986315
/ndn/h14-site/h14/C2Data-1698-Type1;23905.0000;DATA;1611606952.471229
/ndn/d4-site/d4/C2Data-2303-Type1;117555.0000;DATA;1611606953.437238
/ndn/d8-site/d8/C2Data-575-Type4;171916.0000;DATA;1611606954.201255
/ndn/v11-site/v11/C2Data-6780-Type2;92719.0000;DATA;1611606954.502157
/ndn/h13-site/h13/C2Data-1577-Type2;103846.0000;DATA;1611606958.637152
/ndn/v0-site/v0/C2Data-750-Type4;243461.0000;DATA;1611606958.579149
/ndn/s5-site/s5/C2Data-4239-Type2;6000451.0000;TIMEOUT;1611606954.064230
/ndn/h12-site/h12/C2Data-1456-Type2;48691.0000;DATA;1611606960.316341
/ndn/d0-site/d0/C2Data-1819-Type1;166825.0000;DATA;1611606960.292167
/ndn/h14-site/h14/C2Data-1698-Type2;27030.0000;DATA;1611606960.726240
/ndn/v4-site/v4/C2Data-850-Type4;281217.0000;DATA;1611606962.572144
/ndn/h9-site/h9/C2Data-1093-Type2;167853.0000;DATA;1611606963.023137
/ndn/h14-site/h14/C2Data-350-Type4;26009.0000;DATA;1611606964.138251
/ndn/s5-site/s5/C2Data-4239-Type1;6002780.0000;TIMEOUT;1611606959.439252
/ndn/s3-site/s3/C2Data-3997-Type1;6000457.0000;TIMEOUT;1611606959.913160
/ndn/s12-site/s12/C2Data-5086-Type2;6000245.0000;TIMEOUT;1611606960.757942
/ndn/v3-site/v3/C2Data-825-Type4;131923.0000;DATA;1611606968.582248
/ndn/d0-site/d0/C2Data-375-Type4;215259.0000;DATA;1611606968.792239
/ndn/h10-site/h10/C2Data-250-Type4;284415.0000;DATA;1611606970.271138
/ndn/d8-site/d8/C2Data-1405-Type3;170001.0000;DATA;1611606977.947168
/ndn/v10-site/v10/C2Data-3357-Type3;226710.0000;DATA;1611606979.153172
/ndn/v12-site/v12/C2Data-3479-Type3;269066.0000;DATA;1611606980.544182
/ndn/d4-site/d4/C2Data-1161-Type3;118518.0000;DATA;1611606982.304206
/ndn/v1-site/v1/C2Data-775-Type4;272188.0000;DATA;1611606982.296215
/ndn/s11-site/s11/C2Data-2503-Type3;6000330.0000;TIMEOUT;1611606976.819210
/ndn/d14-site/d14/C2Data-3514-Type2;71846.0000;DATA;1611606982.891219
/ndn/s0-site/s0/C2Data-1832-Type3;6000252.0000;TIMEOUT;1611606977.391158
/ndn/d12-site/d12/C2Data-675-Type4;192884.0000;DATA;1611606983.463317
/ndn/d8-site/d8/C2Data-2788-Type2;165053.0000;DATA;1611606984.116246
/ndn/s9-site/s9/C2Data-2381-Type3;6000720.0000;TIMEOUT;1611606978.348234
/ndn/v0-site/v0/C2Data-2747-Type3;254396.0000;DATA;1611606984.500190
/ndn/d5-site/d5/C2Data-2425-Type1;165245.0000;DATA;1611606985.122267
/ndn/v14-site/v14/C2Data-1100-Type4;121500.0000;DATA;1611606985.350186
/ndn/d7-site/d7/C2Data-2667-Type1;149730.0000;DATA;1611606986.797141
/ndn/v3-site/v3/C2Data-2930-Type3;119390.0000;DATA;1611606987.530187
/ndn/v10-site/v10/C2Data-6660-Type1;218839.0000;DATA;1611606987.493260
/ndn/d13-site/d13/C2Data-1710-Type3;100080.0000;DATA;1611606987.654250
/ndn/h7-site/h7/C2Data-429-Type3;235549.0000;DATA;1611606987.863216
/ndn/d12-site/d12/C2Data-3272-Type2;187065.0000;DATA;1611606988.163261
/ndn/d3-site/d3/C2Data-2183-Type2;245678.0000;DATA;1611606989.104262
/ndn/s4-site/s4/C2Data-4119-Type1;6000317.0000;TIMEOUT;1611606984.186289
/ndn/h11-site/h11/C2Data-1336-Type2;93274.0000;DATA;1611606990.802141
/ndn/s0-site/s0/C2Data-3635-Type1;6000233.0000;TIMEOUT;1611606985.100171
/ndn/s6-site/s6/C2Data-4361-Type2;6000318.0000;TIMEOUT;1611606985.745244
/ndn/v5-site/v5/C2Data-3052-Type3;286447.0000;DATA;1611606991.474168
/ndn/s12-site/s12/C2Data-5087-Type2;6000401.0000;TIMEOUT;1611606985.913151
/ndn/d11-site/d11/C2Data-3151-Type1;214156.0000;DATA;1611606993.338234
/ndn/s6-site/s6/C2Data-4361-Type1;6000207.0000;TIMEOUT;1611606987.606227
/ndn/d12-site/d12/C2Data-3272-Type1;192956.0000;DATA;1611606993.975176
/ndn/v6-site/v6/C2Data-3113-Type3;89480.0000;NACK;1611606994.475221
/ndn/v1-site/v1/C2Data-2808-Type3;270272.0000;DATA;1611606995.544212
/ndn/v4-site/v4/C2Data-2991-Type3;399302.0000;DATA;1611606996.182205
/ndn/s1-site/s1/C2Data-1893-Type3;6002144.0000;TIMEOUT;1611606991.237181
/ndn/s8-site/s8/C2Data-4603-Type1;6000317.0000;TIMEOUT;1611606993.727174
/ndn/d0-site/d0/C2Data-1821-Type1;169113.0000;DATA;1611607013.334297
/ndn/h6-site/h6/C2Data-732-Type1;185051.0000;DATA;1611607013.484139
/ndn/h7-site/h7/C2Data-853-Type2;242235.0000;DATA;1611607016.431281
/ndn/d14-site/d14/C2Data-3515-Type1;69917.0000;DATA;1611607017.234219
/ndn/h3-site/h3/C2Data-369-Type2;243765.0000;DATA;1611607017.901758
/ndn/d13-site/d13/C2Data-3394-Type2;110111.0000;DATA;1611607018.576247
/ndn/h4-site/h4/C2Data-490-Type1;193752.0000;DATA;1611607020.151237
/ndn/d3-site/d3/C2Data-2184-Type1;244939.0000;DATA;1611607021.103188
/ndn/h10-site/h10/C2Data-1216-Type2;259369.0000;DATA;1611607021.381146
/ndn/h0-site/h0/C2Data-6-Type2;212209.0000;DATA;1611607023.628265
/ndn/s7-site/s7/C2Data-4483-Type2;6012132.0000;TIMEOUT;1611607020.919184
/ndn/s3-site/s3/C2Data-3999-Type2;6000267.0000;TIMEOUT;1611607021.200281
/ndn/d4-site/d4/C2Data-1162-Type3;99353.0000;DATA;1611607036.853243
/ndn/h1-site/h1/C2Data-64-Type3;152800.0000;DATA;1611607037.177431
/ndn/h14-site/h14/C2Data-857-Type3;25385.0000;DATA;1611607042.337274
/ndn/v11-site/v11/C2Data-6783-Type1;98843.0000;DATA;1611607042.360214
/ndn/h13-site/h13/C2Data-796-Type3;98051.0000;DATA;1611607043.741260
/ndn/h0-site/h0/C2Data-7-Type1;210224.0000;DATA;1611607046.027272
/ndn/v7-site/v7/C2Data-3175-Type3;236101.0000;DATA;1611607046.392195
/ndn/v6-site/v6/C2Data-6178-Type1;85770.0000;NACK;1611607046.918253
/ndn/v6-site/v6/C2Data-3114-Type3;83733.0000;NACK;1611607047.586230
/ndn/s4-site/s4/C2Data-2077-Type3;6000761.0000;TIMEOUT;1611607041.708292
/ndn/s5-site/s5/C2Data-2138-Type3;6001623.0000;TIMEOUT;1611607042.104438
