/ndn/v10-site/v10/C2Data-6655-Type1;535.0000;NACK;1611602008.863179
/ndn/d5-site/d5/C2Data-2420-Type2;101799.0000;DATA;1611602009.342220
/ndn/h9-site/h9/C2Data-1089-Type1;108899.0000;DATA;1611602009.632154
/ndn/s0-site/s0/C2Data-3630-Type1;152719.0000;DATA;1611602009.695219
/ndn/d8-site/d8/C2Data-2783-Type1;121017.0000;DATA;1611602013.247132
/ndn/h5-site/h5/C2Data-605-Type2;71939.0000;DATA;1611602013.762165
/ndn/h0-site/h0/C2Data-0-Type1;152308.0000;DATA;1611602014.644299
/ndn/s13-site/s13/C2Data-5203-Type2;449.0000;NACK;1611602015.319149
/ndn/v4-site/v4/C2Data-5929-Type2;246246.0000;DATA;1611602015.193188
/ndn/v12-site/v12/C2Data-6897-Type1;464.0000;NACK;1611602016.962181
/ndn/v11-site/v11/C2Data-6776-Type1;73387.0000;DATA;1611602018.342222
/ndn/d6-site/d6/C2Data-2541-Type1;171547.0000;DATA;1611602019.062148
/ndn/h13-site/h13/C2Data-1573-Type1;24986.0000;DATA;1611602019.636172
/ndn/h13-site/h13/C2Data-793-Type3;24201.0000;DATA;1611602036.982180
/ndn/v6-site/v6/C2Data-6172-Type2;46368.0000;DATA;1611602038.049221
/ndn/d10-site/d10/C2Data-1525-Type3;120013.0000;DATA;1611602037.984206
/ndn/d6-site/d6/C2Data-2542-Type1;165368.0000;DATA;1611602038.081196
/ndn/s1-site/s1/C2Data-3752-Type1;191875.0000;DATA;1611602038.244141
/ndn/h3-site/h3/C2Data-364-Type2;183706.0000;DATA;1611602038.447197
/ndn/h8-site/h8/C2Data-969-Type2;116155.0000;DATA;1611602040.842571
/ndn/v1-site/v1/C2Data-5567-Type2;213805.0000;DATA;1611602040.869179
/ndn/d5-site/d5/C2Data-1220-Type3;99043.0000;DATA;1611602041.826192
/ndn/h3-site/h3/C2Data-364-Type1;198045.0000;DATA;1611602042.445130
/ndn/d9-site/d9/C2Data-1464-Type3;123560.0000;DATA;1611602042.977196
/ndn/s14-site/s14/C2Data-5325-Type1;95629.0000;DATA;1611602043.433143
/ndn/s6-site/s6/C2Data-2196-Type3;186672.0000;DATA;1611602044.144126
/ndn/v12-site/v12/C2Data-3477-Type3;384.0000;NACK;1611602044.511206
/ndn/h6-site/h6/C2Data-727-Type2;123994.0000;DATA;1611602045.392187
/ndn/d4-site/d4/C2Data-2300-Type1;93503.0000;DATA;1611602045.952169
/ndn/s12-site/s12/C2Data-5083-Type1;167227.0000;DATA;1611602046.168128
/ndn/s0-site/s0/C2Data-3631-Type2;138440.0000;DATA;1611602046.342166
/ndn/h8-site/h8/C2Data-488-Type3;124890.0000;DATA;1611602047.222172
/ndn/s7-site/s7/C2Data-4478-Type2;97237.0000;DATA;1611602047.596166
/ndn/d2-site/d2/C2Data-1037-Type3;97189.0000;DATA;1611602048.590166
/ndn/s11-site/s11/C2Data-2501-Type3;164697.0000;DATA;1611602048.917120
/ndn/s4-site/s4/C2Data-2074-Type3;92639.0000;DATA;1611602049.223933
/ndn/v14-site/v14/C2Data-3599-Type3;49188.0000;DATA;1611602049.366201
/ndn/s10-site/s10/C2Data-4841-Type1;73313.0000;DATA;1611602049.654288
/ndn/v2-site/v2/C2Data-2867-Type3;174438.0000;DATA;1611602052.142189
/ndn/s8-site/s8/C2Data-4600-Type1;24263.0000;DATA;1611602068.059148
/ndn/d0-site/d0/C2Data-1817-Type2;125098.0000;DATA;1611602068.554165
/ndn/v10-site/v10/C2Data-6657-Type1;169858.0000;DATA;1611602068.615158
/ndn/s2-site/s2/C2Data-3874-Type2;27044.0000;DATA;1611602073.541209
/ndn/s3-site/s3/C2Data-3995-Type1;167053.0000;DATA;1611602073.463227
/ndn/v12-site/v12/C2Data-6899-Type1;222707.0000;DATA;1611602073.514806
/ndn/s14-site/s14/C2Data-5326-Type2;97764.0000;DATA;1611602074.397426
/ndn/d13-site/d13/C2Data-3390-Type2;70505.0000;DATA;1611602076.383197
/ndn/v4-site/v4/C2Data-5931-Type1;240290.0000;DATA;1611602076.993112
/ndn/s5-site/s5/C2Data-4237-Type1;140043.0000;DATA;1611602077.673225
/ndn/h8-site/h8/C2Data-970-Type1;128957.0000;DATA;1611602078.100112
/ndn/h8-site/h8/C2Data-970-Type2;128154.0000;DATA;1611602079.309195
/ndn/s0-site/s0/C2Data-3632-Type2;6002953.0000;TIMEOUT;1611602074.867220
/ndn/v14-site/v14/C2Data-3600-Type3;47650.0000;DATA;1611602091.934620
/ndn/h9-site/h9/C2Data-550-Type3;98339.0000;DATA;1611602093.975177
/ndn/d1-site/d1/C2Data-977-Type3;73326.0000;DATA;1611602094.149139
/ndn/d9-site/d9/C2Data-1465-Type3;38679.0000;DATA;1611602095.078729
/ndn/d2-site/d2/C2Data-1038-Type3;104690.0000;DATA;1611602097.548183
/ndn/d4-site/d4/C2Data-2302-Type2;99384.0000;DATA;1611602098.977180
/ndn/h13-site/h13/C2Data-794-Type3;28277.0000;DATA;1611602099.936213
/ndn/v7-site/v7/C2Data-6295-Type1;196662.0000;DATA;1611602099.769222
/ndn/h11-site/h11/C2Data-1334-Type2;69671.0000;DATA;1611602100.617193
/ndn/s0-site/s0/C2Data-1831-Type3;6000270.0000;TIMEOUT;1611602095.832171
/ndn/h12-site/h12/C2Data-733-Type3;99807.0000;DATA;1611602102.337232
/ndn/v12-site/v12/C2Data-6900-Type1;209856.0000;DATA;1611602103.261142
/ndn/h12-site/h12/C2Data-1455-Type2;95649.0000;DATA;1611602103.404156
/ndn/d5-site/d5/C2Data-2423-Type2;98355.0000;DATA;1611602103.920003
/ndn/v8-site/v8/C2Data-950-Type4;139684.0000;DATA;1611602104.037235
/ndn/h12-site/h12/C2Data-1455-Type1;91768.0000;DATA;1611602104.513161
/ndn/d14-site/d14/C2Data-725-Type4;48567.0000;DATA;1611602105.302182
/ndn/v11-site/v11/C2Data-3417-Type3;76638.0000;DATA;1611602105.764363
/ndn/d5-site/d5/C2Data-1221-Type3;92769.0000;DATA;1611602106.646134
/ndn/h7-site/h7/C2Data-850-Type1;162661.0000;DATA;1611602106.944174
/ndn/v10-site/v10/C2Data-6658-Type2;161437.0000;DATA;1611602107.080179
/ndn/h0-site/h0/C2Data-3-Type2;141215.0000;DATA;1611602107.322129
/ndn/h12-site/h12/C2Data-300-Type4;95136.0000;DATA;1611602108.999118
/ndn/d13-site/d13/C2Data-1709-Type3;78673.0000;DATA;1611602110.012138
/ndn/v8-site/v8/C2Data-3234-Type3;152940.0000;DATA;1611602112.574174
/ndn/s3-site/s3/C2Data-3996-Type1;6000224.0000;TIMEOUT;1611602108.654105
/ndn/h3-site/h3/C2Data-75-Type4;187619.0000;DATA;1611602114.991164
/ndn/v5-site/v5/C2Data-3051-Type3;239918.0000;DATA;1611602115.369206
/ndn/v4-site/v4/C2Data-5933-Type2;242821.0000;DATA;1611602128.299196
/ndn/v2-site/v2/C2Data-5691-Type1;163294.0000;DATA;1611602130.151172
/ndn/h8-site/h8/C2Data-972-Type1;121415.0000;DATA;1611602131.263252
/ndn/v7-site/v7/C2Data-6296-Type2;192063.0000;DATA;1611602132.149209
/ndn/d7-site/d7/C2Data-2666-Type2;155092.0000;DATA;1611602132.344153
/ndn/h12-site/h12/C2Data-1456-Type2;93600.0000;DATA;1611602132.486109
/ndn/d3-site/d3/C2Data-2182-Type1;179061.0000;DATA;1611602133.611202
/ndn/h13-site/h13/C2Data-1577-Type1;25826.0000;DATA;1611602134.811289
/ndn/s3-site/s3/C2Data-3997-Type1;6000405.0000;TIMEOUT;1611602129.344171
/ndn/h0-site/h0/C2Data-4-Type1;141875.0000;DATA;1611602136.770203
/ndn/v1-site/v1/C2Data-775-Type4;218969.0000;DATA;1611602136.714275
/ndn/h12-site/h12/C2Data-1456-Type1;99257.0000;DATA;1611602137.101121
/ndn/v9-site/v9/C2Data-6538-Type1;141000.0000;DATA;1611602137.341189
/ndn/h0-site/h0/C2Data-4-Type2;144854.0000;DATA;1611602137.855176
/ndn/h5-site/h5/C2Data-125-Type4;71295.0000;DATA;1611602138.097308
/ndn/s7-site/s7/C2Data-4481-Type2;6000240.0000;TIMEOUT;1611602132.239156
/ndn/d2-site/d2/C2Data-2061-Type1;92441.0000;DATA;1611602138.455149
/ndn/s10-site/s10/C2Data-4844-Type1;6000876.0000;TIMEOUT;1611602139.047207
/ndn/v11-site/v11/C2Data-1025-Type4;82238.0000;DATA;1611602146.360220
/ndn/v2-site/v2/C2Data-800-Type4;183515.0000;DATA;1611602146.831357
/ndn/d12-site/d12/C2Data-675-Type4;148735.0000;DATA;1611602149.125193
/ndn/d2-site/d2/C2Data-425-Type4;113077.0000;DATA;1611602149.570989
/ndn/h8-site/h8/C2Data-200-Type4;133333.0000;DATA;1611602151.914483
/ndn/d4-site/d4/C2Data-1161-Type3;95981.0000;DATA;1611602154.239172
/ndn/h5-site/h5/C2Data-307-Type3;81688.0000;DATA;1611602155.360226
/ndn/v3-site/v3/C2Data-825-Type4;57139.0000;DATA;1611602156.960238
/ndn/d0-site/d0/C2Data-1820-Type1;119376.0000;DATA;1611602158.040179
/ndn/d2-site/d2/C2Data-2062-Type1;94939.0000;DATA;1611602158.610235
/ndn/h0-site/h0/C2Data-5-Type1;144605.0000;DATA;1611602160.793166
/ndn/v5-site/v5/C2Data-6055-Type2;239695.0000;DATA;1611602161.136152
/ndn/d14-site/d14/C2Data-3514-Type1;48533.0000;DATA;1611602161.363250
/ndn/h12-site/h12/C2Data-1457-Type1;99722.0000;DATA;1611602161.819306
/ndn/v9-site/v9/C2Data-6539-Type2;143243.0000;DATA;1611602161.890121
/ndn/v9-site/v9/C2Data-975-Type4;141395.0000;DATA;1611602162.069198
/ndn/s3-site/s3/C2Data-2015-Type3;6000383.0000;TIMEOUT;1611602157.192930
/ndn/d12-site/d12/C2Data-1649-Type3;139215.0000;DATA;1611602163.893215
/ndn/d12-site/d12/C2Data-3272-Type2;141001.0000;DATA;1611602163.925103
/ndn/v14-site/v14/C2Data-3601-Type3;46201.0000;DATA;1611602166.833202
/ndn/d3-site/d3/C2Data-2183-Type1;162412.0000;DATA;1611602167.250227
/ndn/v5-site/v5/C2Data-6055-Type1;237544.0000;DATA;1611602167.764185
/ndn/v2-site/v2/C2Data-5692-Type1;164885.0000;DATA;1611602168.007189
/ndn/h9-site/h9/C2Data-551-Type3;98780.0000;DATA;1611602168.256120
/ndn/s8-site/s8/C2Data-4603-Type1;6000371.0000;TIMEOUT;1611602164.574253
/ndn/s0-site/s0/C2Data-3635-Type1;6000229.0000;TIMEOUT;1611602164.823171
/ndn/s10-site/s10/C2Data-2442-Type3;6003999.0000;TIMEOUT;1611602170.833140
/ndn/s5-site/s5/C2Data-2137-Type3;6000630.0000;TIMEOUT;1611602172.257120
/ndn/s12-site/s12/C2Data-2564-Type3;6001405.0000;TIMEOUT;1611602173.681185
/ndn/h12-site/h12/C2Data-1458-Type2;62396.0000;DATA;1611602187.940112
/ndn/v7-site/v7/C2Data-6298-Type1;196371.0000;DATA;1611602188.879133
/ndn/v0-site/v0/C2Data-5451-Type1;134181.0000;DATA;1611602191.331168
/ndn/h9-site/h9/C2Data-1095-Type1;95903.0000;DATA;1611602194.222193
/ndn/d3-site/d3/C2Data-2184-Type1;194254.0000;DATA;1611602194.337130
/ndn/h4-site/h4/C2Data-490-Type1;123702.0000;DATA;1611602194.897137
/ndn/s5-site/s5/C2Data-4241-Type2;6000371.0000;TIMEOUT;1611602189.312133
/ndn/v9-site/v9/C2Data-6540-Type1;147734.0000;DATA;1611602195.697982
/ndn/v6-site/v6/C2Data-6177-Type2;51553.0000;DATA;1611602197.997113
/ndn/s13-site/s13/C2Data-5209-Type1;6000298.0000;TIMEOUT;1611602192.740195
/ndn/v3-site/v3/C2Data-5814-Type2;46361.0000;DATA;1611602199.225177
/ndn/s6-site/s6/C2Data-4362-Type2;6000381.0000;TIMEOUT;1611602195.421250
/ndn/s7-site/s7/C2Data-4483-Type1;6000302.0000;TIMEOUT;1611602198.484174
/ndn/v6-site/v6/C2Data-3114-Type3;57062.0000;DATA;1611602212.952184
/ndn/v8-site/v8/C2Data-3236-Type3;146355.0000;DATA;1611602217.345210
/ndn/v11-site/v11/C2Data-3419-Type3;73636.0000;DATA;1611602217.974262
/ndn/v3-site/v3/C2Data-5815-Type2;49862.0000;DATA;1611602218.030194
/ndn/v11-site/v11/C2Data-6783-Type2;69356.0000;DATA;1611602218.102097
/ndn/d1-site/d1/C2Data-979-Type3;71186.0000;DATA;1611602221.410266
/ndn/d10-site/d10/C2Data-3032-Type2;120879.0000;DATA;1611602222.372224
/ndn/h13-site/h13/C2Data-1580-Type2;25320.0000;DATA;1611602223.759263
