/ndn/d11-site/d11/C2Data-3146-Type2;125792.0000;DATA;1611608000.148468
/ndn/s7-site/s7/C2Data-4477-Type2;173875.0000;DATA;1611608002.849416
/ndn/v3-site/v3/C2Data-5808-Type1;23555.0000;DATA;1611608003.283538
/ndn/d6-site/d6/C2Data-2541-Type2;80468.0000;DATA;1611608003.913467
/ndn/v1-site/v1/C2Data-5566-Type2;671.0000;NACK;1611608004.425517
/ndn/v2-site/v2/C2Data-5687-Type2;499.0000;NACK;1611608004.574461
/ndn/s4-site/s4/C2Data-4114-Type1;550.0000;NACK;1611608004.723535
/ndn/h4-site/h4/C2Data-484-Type2;644.0000;DATA;1611608006.447437
/ndn/d12-site/d12/C2Data-3267-Type2;92037.0000;DATA;1611608008.572487
/ndn/v14-site/v14/C2Data-7139-Type1;451.0000;DATA;1611608009.564568
/ndn/s6-site/s6/C2Data-4356-Type2;686.0000;DATA;1611608010.215991
/ndn/s12-site/s12/C2Data-5082-Type2;120252.0000;DATA;1611608011.054476
/ndn/d0-site/d0/C2Data-1816-Type1;96685.0000;DATA;1611608031.210593
/ndn/v5-site/v5/C2Data-3050-Type3;445.0000;NACK;1611608031.773417
/ndn/h3-site/h3/C2Data-364-Type1;48624.0000;DATA;1611608032.440552
/ndn/s6-site/s6/C2Data-2196-Type3;695.0000;DATA;1611608032.939453
/ndn/v3-site/v3/C2Data-2928-Type3;69143.0000;DATA;1611608033.089492
/ndn/s12-site/s12/C2Data-5083-Type2;25708.0000;DATA;1611608034.350470
/ndn/s7-site/s7/C2Data-2257-Type3;23587.0000;DATA;1611608034.842136
/ndn/s13-site/s13/C2Data-5204-Type1;23381.0000;DATA;1611608035.221448
/ndn/v3-site/v3/C2Data-5809-Type2;75878.0000;DATA;1611608036.031524
/ndn/d4-site/d4/C2Data-2300-Type2;23402.0000;DATA;1611608036.579483
/ndn/h12-site/h12/C2Data-732-Type3;527.0000;NACK;1611608037.380606
/ndn/v7-site/v7/C2Data-3172-Type3;524.0000;NACK;1611608038.279209
/ndn/v6-site/v6/C2Data-3111-Type3;525.0000;NACK;1611608038.923429
/ndn/s10-site/s10/C2Data-4841-Type2;563.0000;NACK;1611608039.963415
/ndn/d5-site/d5/C2Data-1220-Type3;600.0000;DATA;1611608040.482214
/ndn/d3-site/d3/C2Data-1098-Type3;611.0000;DATA;1611608040.654426
/ndn/s11-site/s11/C2Data-4962-Type2;505.0000;DATA;1611608041.002515
/ndn/h13-site/h13/C2Data-793-Type3;595.0000;DATA;1611608044.216282
/ndn/v2-site/v2/C2Data-2867-Type3;463.0000;DATA;1611608045.461480
/ndn/h0-site/h0/C2Data-2-Type1;611.0000;DATA;1611608063.201529
/ndn/v13-site/v13/C2Data-7020-Type1;101379.0000;DATA;1611608063.105593
/ndn/d13-site/d13/C2Data-3390-Type1;171550.0000;DATA;1611608063.074506
/ndn/v2-site/v2/C2Data-5689-Type2;69774.0000;DATA;1611608063.615676
/ndn/s1-site/s1/C2Data-3753-Type1;575.0000;DATA;1611608063.927423
/ndn/v8-site/v8/C2Data-6415-Type2;703.0000;DATA;1611608064.094493
/ndn/h14-site/h14/C2Data-1696-Type2;699.0000;NACK;1611608064.769499
/ndn/h2-site/h2/C2Data-244-Type2;547.0000;NACK;1611608065.134480
/ndn/h3-site/h3/C2Data-365-Type2;100029.0000;DATA;1611608065.457546
/ndn/s10-site/s10/C2Data-4842-Type2;403.0000;NACK;1611608065.709453
/ndn/v1-site/v1/C2Data-5568-Type2;548.0000;NACK;1611608065.829424
/ndn/d14-site/d14/C2Data-3511-Type2;25923.0000;DATA;1611608066.284656
/ndn/s4-site/s4/C2Data-4116-Type1;557.0000;NACK;1611608067.926424
/ndn/d5-site/d5/C2Data-2422-Type2;49599.0000;DATA;1611608070.753562
/ndn/s6-site/s6/C2Data-2197-Type3;94481.0000;DATA;1611608087.515495
/ndn/s3-site/s3/C2Data-2014-Type3;723.0000;DATA;1611608088.336484
/ndn/s12-site/s12/C2Data-2563-Type3;121520.0000;DATA;1611608088.487453
/ndn/v2-site/v2/C2Data-2868-Type3;793.0000;DATA;1611608090.488464
/ndn/s8-site/s8/C2Data-4601-Type1;120699.0000;DATA;1611608091.428495
/ndn/h0-site/h0/C2Data-1-Type3;419.0000;DATA;1611608091.801444
/ndn/d9-site/d9/C2Data-1465-Type3;531.0000;DATA;1611608093.010432
/ndn/v14-site/v14/C2Data-3600-Type3;575.0000;DATA;1611608093.144411
/ndn/d3-site/d3/C2Data-1099-Type3;70134.0000;DATA;1611608093.485475
/ndn/v11-site/v11/C2Data-3417-Type3;23937.0000;DATA;1611608093.745470
/ndn/d8-site/d8/C2Data-1404-Type3;599.0000;DATA;1611608094.075561
/ndn/s9-site/s9/C2Data-2380-Type3;604.0000;DATA;1611608094.329519
/ndn/h7-site/h7/C2Data-850-Type2;823.0000;DATA;1611608096.016466
/ndn/v13-site/v13/C2Data-7021-Type2;541.0000;DATA;1611608096.470505
/ndn/s11-site/s11/C2Data-4964-Type1;651.0000;DATA;1611608097.481610
/ndn/s9-site/s9/C2Data-4722-Type1;566.0000;DATA;1611608097.952462
/ndn/h1-site/h1/C2Data-124-Type2;119759.0000;DATA;1611608098.651528
/ndn/d10-site/d10/C2Data-1526-Type3;605.0000;DATA;1611608098.943469
/ndn/s0-site/s0/C2Data-1831-Type3;630.0000;DATA;1611608098.979419
/ndn/s11-site/s11/C2Data-2502-Type3;439.0000;DATA;1611608099.437429
/ndn/s10-site/s10/C2Data-4843-Type2;23645.0000;DATA;1611608099.455479
/ndn/v9-site/v9/C2Data-6537-Type1;687.0000;DATA;1611608100.654421
/ndn/v4-site/v4/C2Data-850-Type4;192436.0000;DATA;1611608101.398486
/ndn/v6-site/v6/C2Data-3112-Type3;121698.0000;DATA;1611608102.521480
/ndn/v14-site/v14/C2Data-1100-Type4;46865.0000;DATA;1611608102.711492
/ndn/v13-site/v13/C2Data-3539-Type3;651.0000;DATA;1611608104.004505
/ndn/h5-site/h5/C2Data-306-Type3;587.0000;DATA;1611608105.491543
/ndn/h2-site/h2/C2Data-50-Type4;32851.0000;DATA;1611608119.332463
/ndn/d0-site/d0/C2Data-1819-Type2;98690.0000;DATA;1611608121.094510
/ndn/h7-site/h7/C2Data-851-Type1;451.0000;DATA;1611608121.658608
/ndn/h6-site/h6/C2Data-730-Type2;74653.0000;DATA;1611608121.935477
/ndn/v3-site/v3/C2Data-5812-Type2;626.0000;DATA;1611608122.963546
/ndn/h14-site/h14/C2Data-1698-Type1;149657.0000;DATA;1611608123.069473
/ndn/h1-site/h1/C2Data-125-Type1;119490.0000;DATA;1611608124.680468
/ndn/h0-site/h0/C2Data-4-Type2;507.0000;DATA;1611608128.163486
/ndn/d11-site/d11/C2Data-3150-Type1;704.0000;DATA;1611608128.940452
/ndn/v0-site/v0/C2Data-5449-Type2;72973.0000;DATA;1611608129.496411
/ndn/d2-site/d2/C2Data-2061-Type2;431.0000;DATA;1611608130.219484
/ndn/h12-site/h12/C2Data-1456-Type2;101841.0000;DATA;1611608131.308430
/ndn/h14-site/h14/C2Data-350-Type4;41688.0000;DATA;1611608133.938459
/ndn/h4-site/h4/C2Data-100-Type4;653.0000;DATA;1611608139.754500
/ndn/v3-site/v3/C2Data-825-Type4;25186.0000;DATA;1611608144.613427
/ndn/d2-site/d2/C2Data-1039-Type3;118281.0000;DATA;1611608144.541514
/ndn/h0-site/h0/C2Data-2-Type3;100041.0000;DATA;1611608147.885404
/ndn/h13-site/h13/C2Data-325-Type4;549.0000;DATA;1611608148.251488
/ndn/s10-site/s10/C2Data-2442-Type3;70512.0000;DATA;1611608149.513508
/ndn/s9-site/s9/C2Data-2381-Type3;494.0000;DATA;1611608150.562431
/ndn/h3-site/h3/C2Data-368-Type2;144230.0000;DATA;1611608150.857614
/ndn/v5-site/v5/C2Data-875-Type4;702.0000;DATA;1611608151.043498
/ndn/s7-site/s7/C2Data-4482-Type2;196937.0000;DATA;1611608152.083458
/ndn/h8-site/h8/C2Data-490-Type3;24664.0000;DATA;1611608153.768614
/ndn/v3-site/v3/C2Data-5813-Type1;23625.0000;DATA;1611608153.917499
/ndn/d4-site/d4/C2Data-1161-Type3;23325.0000;DATA;1611608154.485528
/ndn/h11-site/h11/C2Data-673-Type3;171564.0000;DATA;1611608155.208509
/ndn/d4-site/d4/C2Data-2304-Type1;26729.0000;DATA;1611608155.913409
/ndn/h10-site/h10/C2Data-612-Type3;465.0000;DATA;1611608156.305560
/ndn/v10-site/v10/C2Data-6660-Type2;562.0000;DATA;1611608156.399544
/ndn/h2-site/h2/C2Data-124-Type3;699.0000;DATA;1611608157.940497
/ndn/s4-site/s4/C2Data-4119-Type1;189396.0000;DATA;1611608158.709450
/ndn/v5-site/v5/C2Data-6055-Type2;497.0000;DATA;1611608159.221507
/ndn/s13-site/s13/C2Data-2625-Type3;611.0000;DATA;1611608159.660466
/ndn/v8-site/v8/C2Data-6418-Type1;635.0000;DATA;1611608160.259469
/ndn/h7-site/h7/C2Data-852-Type2;626.0000;DATA;1611608160.803455
/ndn/d6-site/d6/C2Data-1283-Type3;701.0000;DATA;1611608161.426467
/ndn/h5-site/h5/C2Data-610-Type2;509.0000;DATA;1611608161.547437
/ndn/s0-site/s0/C2Data-3635-Type2;439.0000;DATA;1611608161.589590
/ndn/d13-site/d13/C2Data-3393-Type1;69408.0000;DATA;1611608161.580439
/ndn/v14-site/v14/C2Data-3601-Type3;1312.0000;DATA;1611608162.676329
/ndn/h14-site/h14/C2Data-856-Type3;634.0000;DATA;1611608163.205985
/ndn/d1-site/d1/C2Data-978-Type3;23379.0000;DATA;1611608167.095400
/ndn/s11-site/s11/C2Data-4967-Type1;118349.0000;DATA;1611608180.204481
/ndn/v8-site/v8/C2Data-6419-Type1;553.0000;DATA;1611608180.839412
/ndn/h7-site/h7/C2Data-853-Type1;121639.0000;DATA;1611608181.002535
/ndn/h8-site/h8/C2Data-974-Type2;26660.0000;DATA;1611608181.479614
/ndn/h6-site/h6/C2Data-732-Type1;24163.0000;DATA;1611608182.245503
/ndn/v5-site/v5/C2Data-6056-Type2;570.0000;DATA;1611608184.171498
/ndn/d5-site/d5/C2Data-2426-Type1;709.0000;DATA;1611608184.197426
/ndn/v12-site/v12/C2Data-6903-Type1;93254.0000;DATA;1611608185.048505
/ndn/h5-site/h5/C2Data-611-Type2;644.0000;DATA;1611608186.094504
/ndn/s7-site/s7/C2Data-4483-Type2;166470.0000;DATA;1611608186.168422
/ndn/h2-site/h2/C2Data-248-Type1;191423.0000;DATA;1611608187.360418
/ndn/v14-site/v14/C2Data-7145-Type2;532.0000;DATA;1611608187.831462
/ndn/v5-site/v5/C2Data-6056-Type1;686.0000;DATA;1611608188.149466
/ndn/d7-site/d7/C2Data-2668-Type2;50303.0000;DATA;1611608189.156527
/ndn/v9-site/v9/C2Data-6540-Type2;548.0000;DATA;1611608189.710495
/ndn/h3-site/h3/C2Data-369-Type2;652.0000;DATA;1611608191.158489
/ndn/v6-site/v6/C2Data-6177-Type1;117377.0000;DATA;1611608191.129442
/ndn/s9-site/s9/C2Data-2382-Type3;53711.0000;DATA;1611608204.037558
/ndn/h13-site/h13/C2Data-796-Type3;23418.0000;DATA;1611608204.805444
/ndn/s4-site/s4/C2Data-2077-Type3;207458.0000;DATA;1611608207.494502
/ndn/s10-site/s10/C2Data-2443-Type3;24099.0000;DATA;1611608209.469501
/ndn/v7-site/v7/C2Data-3175-Type3;47065.0000;DATA;1611608210.075494
/ndn/v12-site/v12/C2Data-3480-Type3;47489.0000;DATA;1611608210.973496
/ndn/s13-site/s13/C2Data-5210-Type2;608.0000;DATA;1611608211.608414
/ndn/s7-site/s7/C2Data-2260-Type3;24431.0000;DATA;1611608212.282432
/ndn/h2-site/h2/C2Data-249-Type2;71485.0000;DATA;1611608212.301519
/ndn/h13-site/h13/C2Data-1580-Type2;70855.0000;DATA;1611608212.411436
/ndn/v6-site/v6/C2Data-3114-Type3;98745.0000;DATA;1611608213.250430
/ndn/s4-site/s4/C2Data-4121-Type1;23511.0000;DATA;1611608213.496487
/ndn/v1-site/v1/C2Data-2809-Type3;23396.0000;DATA;1611608213.538464
/ndn/h3-site/h3/C2Data-370-Type2;146882.0000;DATA;1611608213.800494
/ndn/d9-site/d9/C2Data-2911-Type1;579.0000;DATA;1611608215.144467
/ndn/h3-site/h3/C2Data-186-Type3;140831.0000;DATA;1611608215.412634
/ndn/s11-site/s11/C2Data-4968-Type1;117068.0000;DATA;1611608215.855413
