/ndn/v0-site/v0/C2Data-5445-Type1;528.0000;NACK;1611602586.065577
/ndn/d11-site/d11/C2Data-3146-Type2;166607.0000;DATA;1611602587.346496
/ndn/v8-site/v8/C2Data-6413-Type1;550.0000;NACK;1611602588.070631
/ndn/s1-site/s1/C2Data-3751-Type1;145721.0000;DATA;1611602589.936546
/ndn/d5-site/d5/C2Data-2420-Type2;49928.0000;DATA;1611602590.952230
/ndn/v9-site/v9/C2Data-6534-Type2;662.0000;NACK;1611602592.434546
/ndn/s11-site/s11/C2Data-4961-Type2;122905.0000;DATA;1611602593.408469
/ndn/h1-site/h1/C2Data-121-Type1;95867.0000;DATA;1611602594.508434
/ndn/h3-site/h3/C2Data-183-Type3;204254.0000;DATA;1611602609.779491
/ndn/s6-site/s6/C2Data-2196-Type3;147707.0000;DATA;1611602614.098564
/ndn/s0-site/s0/C2Data-1830-Type3;100440.0000;DATA;1611602616.633473
/ndn/d3-site/d3/C2Data-2179-Type1;116823.0000;DATA;1611602617.871586
/ndn/s8-site/s8/C2Data-4599-Type1;72047.0000;DATA;1611602617.993454
/ndn/s11-site/s11/C2Data-4962-Type1;124706.0000;DATA;1611602618.302530
/ndn/h1-site/h1/C2Data-122-Type2;93156.0000;DATA;1611602618.480526
/ndn/h10-site/h10/C2Data-610-Type3;146188.0000;DATA;1611602618.639471
/ndn/d3-site/d3/C2Data-1098-Type3;115330.0000;DATA;1611602619.789175
/ndn/v12-site/v12/C2Data-6898-Type2;808.0000;NACK;1611602620.213536
/ndn/h1-site/h1/C2Data-122-Type1;102327.0000;DATA;1611602620.540506
/ndn/d4-site/d4/C2Data-2300-Type2;116749.0000;DATA;1611602621.244530
/ndn/v2-site/v2/C2Data-5688-Type1;117171.0000;DATA;1611602621.329450
/ndn/d13-site/d13/C2Data-3389-Type2;92291.0000;DATA;1611602622.334488
/ndn/d1-site/d1/C2Data-1937-Type1;118718.0000;DATA;1611602622.700523
/ndn/h9-site/h9/C2Data-549-Type3;47843.0000;DATA;1611602622.777441
/ndn/h11-site/h11/C2Data-671-Type3;116795.0000;DATA;1611602622.901678
/ndn/v7-site/v7/C2Data-6293-Type1;192976.0000;DATA;1611602623.086587
/ndn/d13-site/d13/C2Data-1708-Type3;96907.0000;DATA;1611602624.967413
/ndn/d1-site/d1/C2Data-1937-Type2;124614.0000;DATA;1611602626.607523
/ndn/h4-site/h4/C2Data-244-Type3;74531.0000;DATA;1611602628.897571
/ndn/v8-site/v8/C2Data-3233-Type3;100735.0000;DATA;1611602630.566478
/ndn/s14-site/s14/C2Data-5326-Type2;128921.0000;DATA;1611602645.948603
/ndn/d8-site/d8/C2Data-2785-Type2;147887.0000;DATA;1611602646.009509
/ndn/h2-site/h2/C2Data-244-Type2;146854.0000;DATA;1611602646.218773
/ndn/v12-site/v12/C2Data-6899-Type1;212802.0000;DATA;1611602647.158306
/ndn/v10-site/v10/C2Data-6657-Type2;127227.0000;DATA;1611602647.628551
/ndn/s1-site/s1/C2Data-3753-Type2;144542.0000;DATA;1611602649.066519
/ndn/v2-site/v2/C2Data-5689-Type1;119230.0000;DATA;1611602652.104555
/ndn/s8-site/s8/C2Data-4600-Type2;72216.0000;DATA;1611602652.715504
/ndn/d6-site/d6/C2Data-2543-Type1;121954.0000;DATA;1611602653.472556
/ndn/s13-site/s13/C2Data-5205-Type2;6007989.0000;TIMEOUT;1611602651.037694
/ndn/h12-site/h12/C2Data-733-Type3;151313.0000;DATA;1611602675.087618
/ndn/s9-site/s9/C2Data-4722-Type1;24314.0000;DATA;1611602676.641708
/ndn/h7-site/h7/C2Data-428-Type3;118793.0000;DATA;1611602676.945496
/ndn/s5-site/s5/C2Data-4238-Type2;119181.0000;DATA;1611602678.298537
/ndn/d8-site/d8/C2Data-1404-Type3;141819.0000;DATA;1611602678.329515
/ndn/v9-site/v9/C2Data-6537-Type1;98317.0000;DATA;1611602679.091515
/ndn/d14-site/d14/C2Data-3512-Type2;96116.0000;DATA;1611602680.173751
/ndn/s13-site/s13/C2Data-5206-Type1;6000248.0000;TIMEOUT;1611602675.925612
/ndn/v8-site/v8/C2Data-6416-Type1;93683.0000;DATA;1611602681.873469
/ndn/s5-site/s5/C2Data-4238-Type1;119713.0000;DATA;1611602681.900507
/ndn/v11-site/v11/C2Data-1025-Type4;95532.0000;DATA;1611602682.607452
/ndn/h2-site/h2/C2Data-245-Type2;140292.0000;DATA;1611602683.015579
/ndn/s13-site/s13/C2Data-5206-Type2;6000472.0000;TIMEOUT;1611602677.292466
/ndn/h12-site/h12/C2Data-1455-Type1;142999.0000;DATA;1611602684.635550
/ndn/h12-site/h12/C2Data-1455-Type2;141306.0000;DATA;1611602684.889543
/ndn/v13-site/v13/C2Data-7021-Type1;48633.0000;DATA;1611602684.988521
/ndn/v8-site/v8/C2Data-3234-Type3;13245.0000;DATA;1611602685.370093
/ndn/d0-site/d0/C2Data-916-Type3;147540.0000;DATA;1611602685.582441
/ndn/h8-site/h8/C2Data-489-Type3;56287.0000;DATA;1611602687.636478
/ndn/d1-site/d1/C2Data-977-Type3;123536.0000;DATA;1611602688.360452
/ndn/s3-site/s3/C2Data-3996-Type2;6000261.0000;TIMEOUT;1611602682.569484
/ndn/s9-site/s9/C2Data-4722-Type2;6000605.0000;TIMEOUT;1611602684.859560
/ndn/s3-site/s3/C2Data-3996-Type1;6000289.0000;TIMEOUT;1611602685.788498
/ndn/s5-site/s5/C2Data-2136-Type3;6000944.0000;TIMEOUT;1611602686.470556
/ndn/h4-site/h4/C2Data-100-Type4;98949.0000;DATA;1611602693.275649
/ndn/d13-site/d13/C2Data-3392-Type2;96221.0000;DATA;1611602705.366493
/ndn/v11-site/v11/C2Data-6780-Type2;97349.0000;DATA;1611602706.003486
/ndn/v12-site/v12/C2Data-1050-Type4;219343.0000;DATA;1611602706.275466
/ndn/v7-site/v7/C2Data-6296-Type2;196035.0000;DATA;1611602706.984533
/ndn/h2-site/h2/C2Data-50-Type4;148431.0000;DATA;1611602707.450545
/ndn/h13-site/h13/C2Data-1577-Type1;24302.0000;DATA;1611602709.382627
/ndn/s11-site/s11/C2Data-4965-Type1;6000563.0000;TIMEOUT;1611602705.526643
/ndn/h8-site/h8/C2Data-972-Type1;72797.0000;DATA;1611602713.111482
/ndn/d14-site/d14/C2Data-725-Type4;96153.0000;DATA;1611602713.475462
/ndn/s0-site/s0/C2Data-3634-Type1;6000507.0000;TIMEOUT;1611602707.973533
/ndn/d12-site/d12/C2Data-3271-Type1;146142.0000;DATA;1611602714.880695
/ndn/h1-site/h1/C2Data-25-Type4;100023.0000;DATA;1611602715.165629
/ndn/h6-site/h6/C2Data-730-Type1;72104.0000;DATA;1611602715.335534
/ndn/h14-site/h14/C2Data-1698-Type2;93517.0000;DATA;1611602715.556551
/ndn/h5-site/h5/C2Data-609-Type1;24064.0000;DATA;1611602716.606547
/ndn/d7-site/d7/C2Data-2666-Type2;99539.0000;DATA;1611602716.850538
/ndn/h2-site/h2/C2Data-246-Type1;148314.0000;DATA;1611602716.974561
/ndn/s9-site/s9/C2Data-4723-Type2;6002237.0000;TIMEOUT;1611602715.122541
/ndn/d11-site/d11/C2Data-650-Type4;208376.0000;DATA;1611602724.891365
/ndn/d0-site/d0/C2Data-375-Type4;151222.0000;DATA;1611602726.280451
/ndn/h12-site/h12/C2Data-734-Type3;159882.0000;DATA;1611602733.280575
/ndn/h1-site/h1/C2Data-126-Type2;95621.0000;DATA;1611602735.447482
/ndn/d0-site/d0/C2Data-1820-Type2;143323.0000;DATA;1611602736.345660
/ndn/d2-site/d2/C2Data-2062-Type1;118822.0000;DATA;1611602737.951466
/ndn/d7-site/d7/C2Data-2667-Type1;94276.0000;DATA;1611602738.004554
/ndn/v2-site/v2/C2Data-5692-Type1;119528.0000;DATA;1611602738.005188
/ndn/s4-site/s4/C2Data-2076-Type3;6000389.0000;TIMEOUT;1611602733.754506
/ndn/v9-site/v9/C2Data-6539-Type2;93256.0000;DATA;1611602740.337536
/ndn/d9-site/d9/C2Data-1466-Type3;70651.0000;DATA;1611602740.775507
/ndn/s3-site/s3/C2Data-2015-Type3;6000316.0000;TIMEOUT;1611602736.158545
/ndn/d12-site/d12/C2Data-1649-Type3;142081.0000;DATA;1611602742.154532
/ndn/h0-site/h0/C2Data-5-Type2;96140.0000;DATA;1611602743.027547
/ndn/d9-site/d9/C2Data-2909-Type2;70536.0000;DATA;1611602743.309703
/ndn/h12-site/h12/C2Data-1457-Type1;143117.0000;DATA;1611602743.728538
/ndn/v8-site/v8/C2Data-6418-Type1;96899.0000;DATA;1611602744.658568
/ndn/v1-site/v1/C2Data-5571-Type2;216382.0000;DATA;1611602744.849645
/ndn/v6-site/v6/C2Data-3113-Type3;69967.0000;DATA;1611602745.675503
/ndn/s12-site/s12/C2Data-5087-Type1;6000250.0000;TIMEOUT;1611602741.585609
/ndn/s5-site/s5/C2Data-4240-Type2;6000268.0000;TIMEOUT;1611602742.452734
/ndn/h13-site/h13/C2Data-795-Type3;24487.0000;DATA;1611602748.996553
/ndn/h0-site/h0/C2Data-2-Type3;96324.0000;DATA;1611602749.855534
/ndn/s5-site/s5/C2Data-2137-Type3;6000258.0000;TIMEOUT;1611602745.248669
/ndn/s12-site/s12/C2Data-5087-Type2;6000252.0000;TIMEOUT;1611602745.337582
/ndn/v12-site/v12/C2Data-3479-Type3;210883.0000;DATA;1611602751.392444
/ndn/v9-site/v9/C2Data-6540-Type2;99664.0000;DATA;1611602767.448554
/ndn/d8-site/d8/C2Data-2789-Type1;148071.0000;DATA;1611602768.226600
/ndn/v1-site/v1/C2Data-5572-Type2;219186.0000;DATA;1611602768.436212
/ndn/d1-site/d1/C2Data-1942-Type1;120468.0000;DATA;1611602769.346572
/ndn/h2-site/h2/C2Data-248-Type2;150828.0000;DATA;1611602773.027558
/ndn/d10-site/d10/C2Data-3031-Type1;70129.0000;DATA;1611602774.335565
/ndn/d10-site/d10/C2Data-3031-Type2;69822.0000;DATA;1611602774.382447
/ndn/d11-site/d11/C2Data-3152-Type1;165493.0000;DATA;1611602775.067593
/ndn/v8-site/v8/C2Data-6419-Type1;97258.0000;DATA;1611602775.442492
/ndn/d4-site/d4/C2Data-2305-Type2;115324.0000;DATA;1611602776.124506
/ndn/s9-site/s9/C2Data-4725-Type2;6000318.0000;TIMEOUT;1611602770.813445
/ndn/v12-site/v12/C2Data-6903-Type1;229891.0000;DATA;1611602776.965669
/ndn/s13-site/s13/C2Data-5209-Type2;6000612.0000;TIMEOUT;1611602775.906430
/ndn/h1-site/h1/C2Data-64-Type3;112069.0000;DATA;1611602793.553608
/ndn/d12-site/d12/C2Data-3274-Type1;167190.0000;DATA;1611602796.065430
/ndn/h2-site/h2/C2Data-249-Type2;145081.0000;DATA;1611602796.312636
/ndn/h13-site/h13/C2Data-796-Type3;25174.0000;DATA;1611602796.594536
/ndn/v4-site/v4/C2Data-5936-Type2;235117.0000;DATA;1611602796.787449
/ndn/d5-site/d5/C2Data-1223-Type3;49614.0000;DATA;1611602797.801492
/ndn/d14-site/d14/C2Data-3516-Type1;95124.0000;DATA;1611602798.591542
/ndn/v11-site/v11/C2Data-3419-Type3;96519.0000;DATA;1611602798.802576
/ndn/d0-site/d0/C2Data-1822-Type1;144317.0000;DATA;1611602800.163541
/ndn/v0-site/v0/C2Data-5452-Type1;115389.0000;DATA;1611602800.477587
/ndn/s13-site/s13/C2Data-5210-Type1;6002378.0000;TIMEOUT;1611602795.005437
