/ndn/h4-site/h4/C2Data-484-Type1;50420.0000;DATA;1612145937.435924
/ndn/h3-site/h3/C2Data-363-Type1;91030.0000;DATA;1612145938.645927
/ndn/v9-site/v9/C2Data-4719-Type2;126824.0000;DATA;1612145939.415233
/ndn/s0-site/s0/C2Data-2420-Type2;54962.0000;DATA;1612145940.548536
/ndn/h9-site/h9/C2Data-1089-Type1;187707.0000;DATA;1612145941.533907
/ndn/d4-site/d4/C2Data-1694-Type1;48784.0000;DATA;1612145942.427118
/ndn/d3-site/d3/C2Data-1573-Type2;72420.0000;DATA;1612145943.533196
/ndn/d8-site/d8/C2Data-2178-Type1;149721.0000;DATA;1612145944.069661
/ndn/v8-site/v8/C2Data-4598-Type2;24407.0000;DATA;1612145946.984581
/ndn/d4-site/d4/C2Data-1694-Type2;25946.0000;DATA;1612145948.090282
/ndn/s5-site/s5/C2Data-3025-Type1;26497.0000;DATA;1612145948.249144
/ndn/d3-site/d3/C2Data-1573-Type1;76951.0000;DATA;1612145948.491964
/ndn/v3-site/v3/C2Data-2013-Type3;179869.0000;DATA;1612145960.695169
/ndn/s0-site/s0/C2Data-1220-Type3;26639.0000;DATA;1612145964.937368
/ndn/d2-site/d2/C2Data-732-Type3;25965.0000;DATA;1612145968.655580
/ndn/d6-site/d6/C2Data-1937-Type2;119039.0000;DATA;1612145969.016376
/ndn/h5-site/h5/C2Data-606-Type1;24052.0000;DATA;1612145971.677321
/ndn/d0-site/d0/C2Data-1211-Type2;131264.0000;DATA;1612145973.326531
/ndn/h5-site/h5/C2Data-305-Type3;38352.0000;DATA;1612145975.057340
/ndn/h1-site/h1/C2Data-122-Type2;27655.0000;DATA;1612145975.638038
/ndn/s8-site/s8/C2Data-1708-Type3;24753.0000;DATA;1612145976.482000
/ndn/h7-site/h7/C2Data-848-Type2;73866.0000;DATA;1612145976.901935
/ndn/s7-site/s7/C2Data-3268-Type1;77240.0000;DATA;1612145978.194312
/ndn/d6-site/d6/C2Data-976-Type3;26129.0000;DATA;1612145978.328966
/ndn/d5-site/d5/C2Data-1816-Type1;26469.0000;DATA;1612145978.456434
/ndn/s7-site/s7/C2Data-1647-Type3;35041.0000;DATA;1612145979.779793
/ndn/h9-site/h9/C2Data-549-Type3;185240.0000;DATA;1612145983.268803
/ndn/d0-site/d0/C2Data-1212-Type1;214167.0000;DATA;1612145997.207103
/ndn/s7-site/s7/C2Data-3269-Type2;78861.0000;DATA;1612146000.247250
/ndn/h2-site/h2/C2Data-244-Type2;110206.0000;DATA;1612146000.764469
/ndn/h3-site/h3/C2Data-365-Type2;72254.0000;DATA;1612146003.490721
/ndn/s6-site/s6/C2Data-3148-Type2;24840.0000;DATA;1612146004.993962
/ndn/d7-site/d7/C2Data-2059-Type1;30256.0000;DATA;1612146008.343305
/ndn/v0-site/v0/C2Data-1831-Type3;27737.0000;DATA;1612146021.727865
/ndn/h9-site/h9/C2Data-550-Type3;148193.0000;DATA;1612146025.903364
/ndn/d9-site/d9/C2Data-1160-Type3;151458.0000;DATA;1612146027.959127
/ndn/s9-site/s9/C2Data-3512-Type2;142289.0000;DATA;1612146027.994327
/ndn/d4-site/d4/C2Data-1697-Type2;69538.0000;DATA;1612146028.817195
/ndn/s2-site/s2/C2Data-1343-Type3;36267.0000;DATA;1612146029.314928
/ndn/d5-site/d5/C2Data-1818-Type2;26816.0000;DATA;1612146031.814258
/ndn/d8-site/d8/C2Data-2181-Type2;157960.0000;DATA;1612146031.982886
/ndn/v7-site/v7/C2Data-4480-Type1;25256.0000;DATA;1612146032.135398
/ndn/d5-site/d5/C2Data-916-Type3;153502.0000;DATA;1612146032.075861
