/ndn/h3-site/h3/C2Data-363-Type2;49415.0000;DATA;1612145939.812763
/ndn/v2-site/v2/C2Data-3872-Type2;28645.0000;DATA;1612145939.957768
/ndn/s9-site/s9/C2Data-3509-Type1;167625.0000;DATA;1612145940.477871
/ndn/s5-site/s5/C2Data-3025-Type2;941.0000;DATA;1612145941.957220
/ndn/v7-site/v7/C2Data-4477-Type1;28241.0000;DATA;1612145946.251382
/ndn/v5-site/v5/C2Data-4235-Type1;1533.0000;DATA;1612145947.433598
/ndn/d9-site/d9/C2Data-2299-Type1;123870.0000;DATA;1612145947.373479
/ndn/v2-site/v2/C2Data-1952-Type3;27119.0000;DATA;1612145960.651381
/ndn/h8-site/h8/C2Data-488-Type3;171073.0000;DATA;1612145962.256050
/ndn/h3-site/h3/C2Data-183-Type3;48710.0000;DATA;1612145962.573861
/ndn/v4-site/v4/C2Data-2074-Type3;152667.0000;DATA;1612145962.645289
/ndn/d7-site/d7/C2Data-1037-Type3;26957.0000;DATA;1612145964.017682
/ndn/v2-site/v2/C2Data-3873-Type2;889.0000;DATA;1612145968.693036
/ndn/h5-site/h5/C2Data-305-Type3;51238.0000;DATA;1612145970.586612
/ndn/h7-site/h7/C2Data-427-Type3;74438.0000;DATA;1612145970.664855
/ndn/h9-site/h9/C2Data-549-Type3;1174.0000;DATA;1612145970.802971
/ndn/v3-site/v3/C2Data-3994-Type1;48997.0000;DATA;1612145973.603888
/ndn/v6-site/v6/C2Data-2196-Type3;51390.0000;DATA;1612145973.620000
/ndn/d3-site/d3/C2Data-1574-Type2;1267.0000;DATA;1612145976.491977
/ndn/v5-site/v5/C2Data-4236-Type2;53415.0000;DATA;1612145977.568895
/ndn/s8-site/s8/C2Data-1708-Type3;1284.0000;DATA;1612145978.004386
/ndn/s9-site/s9/C2Data-1769-Type3;3706.0000;DATA;1612145979.785325
/ndn/s0-site/s0/C2Data-1220-Type3;3306.0000;DATA;1612145981.211582
/ndn/v5-site/v5/C2Data-2135-Type3;1368.0000;DATA;1612145982.869003
/ndn/s8-site/s8/C2Data-3390-Type2;26317.0000;DATA;1612145998.089038
/ndn/h0-site/h0/C2Data-2-Type2;1013.0000;DATA;1612145998.346957
/ndn/d4-site/d4/C2Data-1696-Type1;228736.0000;DATA;1612145998.674768
/ndn/h9-site/h9/C2Data-1091-Type1;48672.0000;DATA;1612146001.051876
/ndn/s1-site/s1/C2Data-2543-Type1;49006.0000;DATA;1612146002.907252
/ndn/h4-site/h4/C2Data-486-Type2;195100.0000;DATA;1612146002.960700
/ndn/v0-site/v0/C2Data-3632-Type1;156719.0000;DATA;1612146004.104997
/ndn/h8-site/h8/C2Data-970-Type1;174405.0000;DATA;1612146005.097160
/ndn/s6-site/s6/C2Data-3148-Type2;893.0000;DATA;1612146007.745278
/ndn/h2-site/h2/C2Data-244-Type2;55526.0000;DATA;1612146007.851293
/ndn/s1-site/s1/C2Data-1282-Type3;928.0000;DATA;1612146025.784869
/ndn/s5-site/s5/C2Data-1526-Type3;85180.0000;DATA;1612146025.759957
/ndn/s9-site/s9/C2Data-3512-Type2;52066.0000;DATA;1612146028.608751
/ndn/d3-site/d3/C2Data-1576-Type1;153619.0000;DATA;1612146030.025447
/ndn/h1-site/h1/C2Data-62-Type3;3717.0000;DATA;1612146030.501169
/ndn/h8-site/h8/C2Data-489-Type3;130593.0000;DATA;1612146030.705031
