/ndn/h1-site/h1/C2Data-121-Type2;143135.0000;DATA;1611608579.824798
/ndn/h11-site/h11/C2Data-1331-Type1;114859.0000;DATA;1611608581.502846
/ndn/d14-site/d14/C2Data-3509-Type1;97018.0000;DATA;1611608582.114839
/ndn/d11-site/d11/C2Data-3146-Type2;241400.0000;DATA;1611608583.076891
/ndn/h4-site/h4/C2Data-484-Type2;211723.0000;DATA;1611608585.495783
/ndn/v12-site/v12/C2Data-6897-Type1;365.0000;NACK;1611608585.709828
/ndn/s13-site/s13/C2Data-5203-Type2;372.0000;NACK;1611608586.431826
/ndn/s1-site/s1/C2Data-3751-Type1;285892.0000;DATA;1611608586.864821
/ndn/v14-site/v14/C2Data-7139-Type1;338.0000;NACK;1611608589.956787
/ndn/s4-site/s4/C2Data-4114-Type1;24217.0000;DATA;1611608590.346869
/ndn/v7-site/v7/C2Data-3172-Type3;263802.0000;DATA;1611608606.884762
/ndn/s6-site/s6/C2Data-2196-Type3;281894.0000;DATA;1611608609.723787
/ndn/v4-site/v4/C2Data-2989-Type3;597.0000;NACK;1611608610.069837
/ndn/h3-site/h3/C2Data-364-Type2;262736.0000;DATA;1611608610.554865
/ndn/d14-site/d14/C2Data-3510-Type2;98674.0000;DATA;1611608610.881809
/ndn/v1-site/v1/C2Data-5567-Type2;282540.0000;DATA;1611608611.293785
/ndn/s10-site/s10/C2Data-4841-Type1;24158.0000;DATA;1611608611.783839
/ndn/v9-site/v9/C2Data-6535-Type1;231975.0000;DATA;1611608613.205833
/ndn/s12-site/s12/C2Data-5083-Type2;254348.0000;DATA;1611608613.447771
/ndn/s7-site/s7/C2Data-2257-Type3;140295.0000;DATA;1611608613.685805
/ndn/d6-site/d6/C2Data-1281-Type3;257622.0000;DATA;1611608613.594820
/ndn/s13-site/s13/C2Data-5204-Type1;598.0000;NACK;1611608616.000805
/ndn/d3-site/d3/C2Data-1098-Type3;257076.0000;DATA;1611608615.845859
/ndn/v14-site/v14/C2Data-7140-Type2;102203.0000;NACK;1611608616.080841
/ndn/s5-site/s5/C2Data-4236-Type2;209988.0000;DATA;1611608617.874792
/ndn/d8-site/d8/C2Data-2784-Type2;189903.0000;DATA;1611608617.988904
/ndn/v2-site/v2/C2Data-2867-Type3;177952.0000;DATA;1611608622.487786
/ndn/s14-site/s14/C2Data-2684-Type3;151157.0000;DATA;1611608626.817875
/ndn/h6-site/h6/C2Data-728-Type1;211902.0000;DATA;1611608641.149826
/ndn/s12-site/s12/C2Data-5084-Type1;266680.0000;DATA;1611608641.436761
/ndn/s8-site/s8/C2Data-4600-Type1;69043.0000;DATA;1611608641.967850
/ndn/h3-site/h3/C2Data-365-Type2;260594.0000;DATA;1611608642.216775
/ndn/v14-site/v14/C2Data-7141-Type2;153565.0000;DATA;1611608646.049781
/ndn/v2-site/v2/C2Data-5689-Type2;261358.0000;DATA;1611608647.631806
/ndn/s1-site/s1/C2Data-3753-Type2;301429.0000;DATA;1611608649.602766
/ndn/v13-site/v13/C2Data-7020-Type1;92605.0000;DATA;1611608650.294849
/ndn/s6-site/s6/C2Data-4358-Type1;6017778.0000;TIMEOUT;1611608647.276757
/ndn/h0-site/h0/C2Data-1-Type3;238650.0000;DATA;1611608664.073801
/ndn/d12-site/d12/C2Data-1648-Type3;218583.0000;DATA;1611608664.545821
/ndn/d6-site/d6/C2Data-1282-Type3;267423.0000;DATA;1611608664.999808
/ndn/d10-site/d10/C2Data-1526-Type3;242831.0000;DATA;1611608665.731479
/ndn/d9-site/d9/C2Data-1465-Type3;242523.0000;DATA;1611608666.835885
/ndn/v11-site/v11/C2Data-3417-Type3;135739.0000;DATA;1611608667.286810
/ndn/h14-site/h14/C2Data-1697-Type1;50392.0000;DATA;1611608669.724847
/ndn/s11-site/s11/C2Data-4964-Type1;261435.0000;DATA;1611608670.043595
/ndn/d2-site/d2/C2Data-1038-Type3;173973.0000;DATA;1611608670.333834
/ndn/d5-site/d5/C2Data-1221-Type3;191995.0000;DATA;1611608670.561817
/ndn/h1-site/h1/C2Data-124-Type2;144189.0000;DATA;1611608671.135806
/ndn/v8-site/v8/C2Data-6416-Type1;237107.0000;DATA;1611608671.385813
/ndn/h6-site/h6/C2Data-729-Type2;213351.0000;DATA;1611608673.440846
/ndn/v8-site/v8/C2Data-3234-Type3;239338.0000;DATA;1611608673.538813
/ndn/v14-site/v14/C2Data-3600-Type3;140692.0000;DATA;1611608674.750794
/ndn/d11-site/d11/C2Data-1587-Type3;238468.0000;DATA;1611608675.407743
/ndn/s9-site/s9/C2Data-4722-Type2;142555.0000;DATA;1611608676.673683
/ndn/v6-site/v6/C2Data-6174-Type2;114852.0000;DATA;1611608676.764784
/ndn/s7-site/s7/C2Data-2258-Type3;6000292.0000;TIMEOUT;1611608671.281949
/ndn/s2-site/s2/C2Data-1953-Type3;6000271.0000;TIMEOUT;1611608671.674837
/ndn/d9-site/d9/C2Data-2907-Type1;212955.0000;DATA;1611608677.664843
/ndn/v2-site/v2/C2Data-800-Type4;260183.0000;DATA;1611608678.268849
/ndn/d5-site/d5/C2Data-2423-Type1;190705.0000;DATA;1611608679.729766
/ndn/s14-site/s14/C2Data-5327-Type2;6000989.0000;TIMEOUT;1611608673.988916
/ndn/v3-site/v3/C2Data-5811-Type1;140483.0000;DATA;1611608681.563809
/ndn/v1-site/v1/C2Data-775-Type4;296307.0000;DATA;1611608682.848830
/ndn/s11-site/s11/C2Data-2502-Type3;6000990.0000;TIMEOUT;1611608677.572826
/ndn/s3-site/s3/C2Data-3996-Type2;6000389.0000;TIMEOUT;1611608677.827799
/ndn/s2-site/s2/C2Data-3875-Type1;6000364.0000;TIMEOUT;1611608679.241949
/ndn/v2-site/v2/C2Data-2868-Type3;258291.0000;DATA;1611608685.641042
/ndn/s6-site/s6/C2Data-2197-Type3;6000301.0000;TIMEOUT;1611608687.658874
/ndn/d4-site/d4/C2Data-475-Type4;176572.0000;DATA;1611608697.404921
/ndn/d12-site/d12/C2Data-675-Type4;324588.0000;DATA;1611608698.157091
/ndn/v13-site/v13/C2Data-7022-Type1;96430.0000;DATA;1611608702.170786
/ndn/v3-site/v3/C2Data-5812-Type1;145289.0000;DATA;1611608702.382782
/ndn/h14-site/h14/C2Data-1698-Type1;47125.0000;DATA;1611608702.492856
/ndn/h13-site/h13/C2Data-1577-Type2;114732.0000;DATA;1611608702.641807
/ndn/d13-site/d13/C2Data-3392-Type1;116648.0000;DATA;1611608703.252748
/ndn/v5-site/v5/C2Data-6054-Type2;315647.0000;DATA;1611608704.184395
/ndn/s12-site/s12/C2Data-5086-Type1;6000906.0000;TIMEOUT;1611608700.079874
/ndn/v11-site/v11/C2Data-6780-Type2;116701.0000;DATA;1611608706.362857
/ndn/v14-site/v14/C2Data-7143-Type1;188502.0000;DATA;1611608706.873839
/ndn/h1-site/h1/C2Data-125-Type2;144974.0000;DATA;1611608707.324761
/ndn/d10-site/d10/C2Data-625-Type4;208455.0000;DATA;1611608707.610858
/ndn/h2-site/h2/C2Data-246-Type2;31209.0000;DATA;1611608707.959820
/ndn/s0-site/s0/C2Data-3634-Type1;6000254.0000;TIMEOUT;1611608702.713780
/ndn/h2-site/h2/C2Data-246-Type1;24394.0000;DATA;1611608708.925827
/ndn/s2-site/s2/C2Data-3876-Type2;6001093.0000;TIMEOUT;1611608703.251765
/ndn/d12-site/d12/C2Data-3271-Type1;215842.0000;DATA;1611608709.106747
/ndn/d11-site/d11/C2Data-3150-Type2;237301.0000;DATA;1611608709.271755
/ndn/h13-site/h13/C2Data-1577-Type1;121031.0000;DATA;1611608709.642822
/ndn/s8-site/s8/C2Data-4602-Type1;6000278.0000;TIMEOUT;1611608704.304762
/ndn/s0-site/s0/C2Data-3634-Type2;6000245.0000;TIMEOUT;1611608704.662745
/ndn/h5-site/h5/C2Data-125-Type4;177830.0000;DATA;1611608711.885630
/ndn/h14-site/h14/C2Data-350-Type4;60670.0000;DATA;1611608712.832995
/ndn/s1-site/s1/C2Data-3755-Type1;6002066.0000;TIMEOUT;1611608708.448780
/ndn/s3-site/s3/C2Data-3997-Type1;6003136.0000;TIMEOUT;1611608709.978814
/ndn/h2-site/h2/C2Data-50-Type4;26455.0000;DATA;1611608716.445061
/ndn/d8-site/d8/C2Data-575-Type4;237109.0000;DATA;1611608718.245899
/ndn/d10-site/d10/C2Data-1527-Type3;213162.0000;DATA;1611608728.727805
/ndn/d5-site/d5/C2Data-2425-Type1;187774.0000;DATA;1611608730.797843
/ndn/d10-site/d10/C2Data-3030-Type1;215264.0000;DATA;1611608731.488832
/ndn/d14-site/d14/C2Data-725-Type4;94676.0000;DATA;1611608731.759772
/ndn/v6-site/v6/C2Data-6176-Type2;119248.0000;DATA;1611608732.811838
/ndn/s9-site/s9/C2Data-2381-Type3;6000533.0000;TIMEOUT;1611608728.091775
/ndn/d8-site/d8/C2Data-1405-Type3;188325.0000;DATA;1611608735.598817
/ndn/s3-site/s3/C2Data-2015-Type3;6000219.0000;TIMEOUT;1611608730.453814
/ndn/h1-site/h1/C2Data-126-Type1;142000.0000;DATA;1611608737.006812
/ndn/s3-site/s3/C2Data-3998-Type2;6000257.0000;TIMEOUT;1611608731.244819
/ndn/v10-site/v10/C2Data-6660-Type2;238894.0000;DATA;1611608737.634754
/ndn/h0-site/h0/C2Data-2-Type3;237239.0000;DATA;1611608738.817839
/ndn/s9-site/s9/C2Data-4724-Type2;6000246.0000;TIMEOUT;1611608733.529766
/ndn/d5-site/d5/C2Data-2425-Type2;189558.0000;DATA;1611608739.922845
/ndn/d12-site/d12/C2Data-3272-Type2;215391.0000;DATA;1611608740.552930
/ndn/d9-site/d9/C2Data-1466-Type3;210131.0000;DATA;1611608740.793821
/ndn/s4-site/s4/C2Data-4119-Type1;6000243.0000;TIMEOUT;1611608735.579801
/ndn/h10-site/h10/C2Data-612-Type3;284195.0000;DATA;1611608741.388822
/ndn/h2-site/h2/C2Data-247-Type1;23973.0000;DATA;1611608741.653795
/ndn/v11-site/v11/C2Data-6781-Type2;121065.0000;DATA;1611608741.646846
/ndn/s5-site/s5/C2Data-4240-Type2;6000862.0000;TIMEOUT;1611608737.989830
/ndn/s4-site/s4/C2Data-2076-Type3;6000786.0000;TIMEOUT;1611608738.172777
/ndn/s0-site/s0/C2Data-3635-Type2;6001071.0000;TIMEOUT;1611608738.644768
/ndn/h14-site/h14/C2Data-856-Type3;48417.0000;DATA;1611608745.724800
/ndn/v3-site/v3/C2Data-2930-Type3;125452.0000;DATA;1611608746.751841
/ndn/s10-site/s10/C2Data-2442-Type3;6000559.0000;TIMEOUT;1611608745.058796
/ndn/s0-site/s0/C2Data-1832-Type3;6001053.0000;TIMEOUT;1611608747.665747
/ndn/d12-site/d12/C2Data-3273-Type2;218528.0000;DATA;1611608761.765961
/ndn/d1-site/d1/C2Data-1942-Type2;49765.0000;DATA;1611608761.942825
/ndn/d3-site/d3/C2Data-2184-Type1;268852.0000;DATA;1611608762.476763
/ndn/v9-site/v9/C2Data-6540-Type1;247413.0000;DATA;1611608764.121808
/ndn/s12-site/s12/C2Data-5088-Type2;6003293.0000;TIMEOUT;1611608760.353835
/ndn/v4-site/v4/C2Data-5935-Type2;311562.0000;DATA;1611608766.388860
/ndn/d2-site/d2/C2Data-2063-Type2;165847.0000;DATA;1611608767.158769
/ndn/d9-site/d9/C2Data-2910-Type1;212008.0000;DATA;1611608769.738833
/ndn/d14-site/d14/C2Data-3515-Type1;100666.0000;DATA;1611608770.354888
/ndn/s8-site/s8/C2Data-4604-Type2;6000294.0000;TIMEOUT;1611608764.660754
/ndn/h1-site/h1/C2Data-127-Type2;140615.0000;DATA;1611608771.353874
/ndn/s1-site/s1/C2Data-3757-Type2;6000368.0000;TIMEOUT;1611608769.111848
/ndn/s11-site/s11/C2Data-4967-Type2;6001663.0000;TIMEOUT;1611608769.732944
/ndn/s10-site/s10/C2Data-4846-Type2;6001614.0000;TIMEOUT;1611608771.025802
/ndn/h4-site/h4/C2Data-247-Type3;239722.0000;DATA;1611608783.814819
/ndn/h8-site/h8/C2Data-491-Type3;222571.0000;DATA;1611608789.327836
/ndn/h13-site/h13/C2Data-796-Type3;119645.0000;DATA;1611608791.131929
/ndn/h0-site/h0/C2Data-3-Type3;235981.0000;DATA;1611608792.365808
/ndn/v0-site/v0/C2Data-5452-Type2;259641.0000;DATA;1611608793.802850
/ndn/d1-site/d1/C2Data-979-Type3;46612.0000;DATA;1611608795.305801
