/C2Data/d1/C2Data-105-Type2;456929.0000;DATA;1609267442.725514
/C2Data/d1/C2Data-105-Type1;280492.0000;DATA;1609267459.659548
/C2Data/d1/C2Data-106-Type1;454201.0000;DATA;1609267501.612968
/C2Data/s1/C2Data-190-Type2;262145.0000;DATA;1609267503.257686
/C2Data/h0/C2Data-0-Type3;118840.0000;DATA;1609267508.216311
/C2Data/v2/C2Data-295-Type1;29186.0000;DATA;1609267521.574588
/C2Data/v3/C2Data-165-Type3;382057.0000;DATA;1609267526.976282
/C2Data/d2/C2Data-66-Type3;255840.0000;DATA;1609267528.632790
/C2Data/d3/C2Data-77-Type3;343797.0000;DATA;1609267529.246228
/C2Data/v2/C2Data-154-Type3;33207.0000;DATA;1609267537.145359
/C2Data/s0/C2Data-170-Type2;130290.0000;DATA;1609267568.888934
/C2Data/d3/C2Data-149-Type1;255507.0000;DATA;1609267574.508888
/C2Data/s1/C2Data-191-Type2;303122.0000;DATA;1609267577.228608
/C2Data/d1/C2Data-107-Type1;137753.0000;DATA;1609267579.346558
/C2Data/s3/C2Data-233-Type1;69247.0000;DATA;1609267585.062326
/C2Data/s2/C2Data-111-Type3;61416.0000;DATA;1609267612.446987
/C2Data/v0/C2Data-255-Type1;27529.0000;DATA;1609267629.710333
/C2Data/s1/C2Data-100-Type3;297905.0000;DATA;1609267632.382124
/C2Data/v0/C2Data-133-Type3;23748.0000;DATA;1609267639.149104
/C2Data/h3/C2Data-15-Type4;143404.0000;NACK;1609267677.602981
/C2Data/d3/C2Data-151-Type2;114884.0000;DATA;1609267685.020650
/C2Data/d1/C2Data-109-Type1;147393.0000;DATA;1609267690.195791
/C2Data/d3/C2Data-151-Type1;164032.0000;DATA;1609267691.909483
/C2Data/h2/C2Data-10-Type4;48797.0000;NACK;1609267695.768414
/C2Data/d0/C2Data-88-Type1;180124.0000;DATA;1609267698.473454
/C2Data/v1/C2Data-277-Type1;302058.0000;DATA;1609267698.662058
/C2Data/h2/C2Data-46-Type2;25758.0000;NACK;1609267703.674160
/C2Data/s1/C2Data-194-Type1;168384.0000;DATA;1609267745.312147
/C2Data/v0/C2Data-257-Type1;23809.0000;DATA;1609267745.877787
/C2Data/h3/C2Data-68-Type1;106497.0000;NACK;1609267756.527936
/C2Data/s3/C2Data-123-Type3;73531.0000;DATA;1609267761.010991
/C2Data/v3/C2Data-320-Type2;138378.0000;DATA;1609267762.019975
/C2Data/s3/C2Data-236-Type2;69523.0000;DATA;1609267762.168799
/C2Data/s1/C2Data-195-Type2;313092.0000;DATA;1609267814.721519
/C2Data/h3/C2Data-69-Type2;103475.0000;NACK;1609267816.149883
/C2Data/v1/C2Data-279-Type2;140489.0000;DATA;1609267817.361024
/C2Data/h2/C2Data-49-Type1;43495.0000;NACK;1609267866.235150
/C2Data/v0/C2Data-135-Type3;39592.0000;DATA;1609267867.698789
/C2Data/d1/C2Data-112-Type2;185988.0000;DATA;1609267868.484314
/C2Data/s3/C2Data-124-Type3;75127.0000;DATA;1609267886.106749
/C2Data/h0/C2Data-3-Type3;47083.0000;DATA;1609267887.047575
/C2Data/s1/C2Data-102-Type3;408455.0000;DATA;1609267889.856923
/C2Data/d1/C2Data-113-Type1;246908.0000;DATA;1609267928.961610
/C2Data/h3/C2Data-71-Type2;107695.0000;NACK;1609267930.895442
/C2Data/d1/C2Data-113-Type2;304484.0000;DATA;1609267940.295926
/C2Data/v3/C2Data-323-Type2;293855.0000;DATA;1609267947.761621
/C2Data/d2/C2Data-31-Type4;111892.0000;DATA;1609267948.659301
/C2Data/d2/C2Data-134-Type2;134247.0000;DATA;1609267955.448955
/C2Data/d1/C2Data-59-Type3;456008.0000;DATA;1609267977.976921
/C2Data/v1/C2Data-282-Type2;166771.0000;DATA;1609268007.291961
/C2Data/s1/C2Data-198-Type2;6002321.0000;TIMEOUT;1609268014.161451
