/ndn/v11-site/v11/C2Data-6776-Type1;117174.0000;DATA;1611602010.099113
/ndn/d9-site/d9/C2Data-2904-Type1;101390.0000;DATA;1611602010.130221
/ndn/v1-site/v1/C2Data-5566-Type1;48113.0000;DATA;1611602014.060167
/ndn/h3-site/h3/C2Data-363-Type2;26534.0000;DATA;1611602014.186153
/ndn/s4-site/s4/C2Data-4114-Type2;244975.0000;DATA;1611602017.146136
/ndn/s10-site/s10/C2Data-4840-Type2;220392.0000;DATA;1611602018.716152
/ndn/v12-site/v12/C2Data-6897-Type1;54339.0000;DATA;1611602019.199129
/ndn/v13-site/v13/C2Data-7018-Type1;174107.0000;DATA;1611602019.545097
/ndn/s13-site/s13/C2Data-2623-Type3;594.0000;NACK;1611602032.470650
/ndn/s0-site/s0/C2Data-1830-Type3;150767.0000;DATA;1611602033.168169
/ndn/s4-site/s4/C2Data-2074-Type3;252399.0000;DATA;1611602034.086186
/ndn/h7-site/h7/C2Data-427-Type3;265993.0000;DATA;1611602034.121237
/ndn/s1-site/s1/C2Data-1891-Type3;345633.0000;DATA;1611602037.042181
/ndn/d1-site/d1/C2Data-976-Type3;222752.0000;DATA;1611602037.335074
/ndn/h0-site/h0/C2Data-1-Type1;211133.0000;DATA;1611602037.952213
/ndn/h13-site/h13/C2Data-793-Type3;163489.0000;DATA;1611602038.386304
/ndn/h4-site/h4/C2Data-244-Type3;187272.0000;DATA;1611602039.128176
/ndn/h11-site/h11/C2Data-1332-Type2;144440.0000;DATA;1611602039.211249
/ndn/d9-site/d9/C2Data-2905-Type2;102323.0000;DATA;1611602040.980205
/ndn/h2-site/h2/C2Data-243-Type2;233147.0000;DATA;1611602041.666172
/ndn/d3-site/d3/C2Data-2179-Type2;117739.0000;DATA;1611602042.413229
/ndn/s11-site/s11/C2Data-4962-Type1;242633.0000;DATA;1611602043.007229
/ndn/s13-site/s13/C2Data-5204-Type2;64320.0000;NACK;1611602044.239154
/ndn/h1-site/h1/C2Data-122-Type2;92049.0000;DATA;1611602044.510244
/ndn/d5-site/d5/C2Data-2421-Type2;173707.0000;DATA;1611602044.567167
/ndn/v1-site/v1/C2Data-5567-Type1;46869.0000;DATA;1611602045.640099
/ndn/d0-site/d0/C2Data-915-Type3;46725.0000;DATA;1611602045.826139
/ndn/v5-site/v5/C2Data-3050-Type3;74968.0000;DATA;1611602047.236160
/ndn/h5-site/h5/C2Data-606-Type2;140640.0000;DATA;1611602047.361142
/ndn/s3-site/s3/C2Data-3994-Type2;244954.0000;DATA;1611602048.025162
/ndn/d13-site/d13/C2Data-1708-Type3;123740.0000;DATA;1611602051.115155
/ndn/h1-site/h1/C2Data-61-Type3;97127.0000;DATA;1611602051.202083
/ndn/h6-site/h6/C2Data-366-Type3;192795.0000;DATA;1611602051.659163
/ndn/h3-site/h3/C2Data-183-Type3;24015.0000;DATA;1611602052.591176
/ndn/s13-site/s13/C2Data-5205-Type2;61925.0000;NACK;1611602071.995179
/ndn/s7-site/s7/C2Data-4479-Type2;165110.0000;DATA;1611602072.726357
/ndn/h5-site/h5/C2Data-607-Type2;125887.0000;DATA;1611602073.765118
/ndn/v8-site/v8/C2Data-6415-Type1;155377.0000;DATA;1611602075.961132
/ndn/h8-site/h8/C2Data-970-Type2;121777.0000;DATA;1611602076.122222
/ndn/s10-site/s10/C2Data-4842-Type1;219448.0000;DATA;1611602076.989170
/ndn/s6-site/s6/C2Data-4358-Type2;6000400.0000;TIMEOUT;1611602072.688233
/ndn/d10-site/d10/C2Data-1526-Type3;201849.0000;DATA;1611602094.960130
/ndn/s5-site/s5/C2Data-2136-Type3;46706.0000;DATA;1611602095.485232
/ndn/h9-site/h9/C2Data-550-Type3;128907.0000;DATA;1611602095.612122
/ndn/s7-site/s7/C2Data-2258-Type3;6000207.0000;TIMEOUT;1611602091.959153
/ndn/d1-site/d1/C2Data-1939-Type1;222398.0000;DATA;1611602097.859157
/ndn/s5-site/s5/C2Data-4238-Type2;47913.0000;DATA;1611602098.197099
/ndn/v1-site/v1/C2Data-5569-Type1;47977.0000;DATA;1611602098.815240
/ndn/s3-site/s3/C2Data-2014-Type3;235154.0000;DATA;1611602099.552174
/ndn/d4-site/d4/C2Data-2302-Type2;143779.0000;DATA;1611602100.192132
/ndn/v2-site/v2/C2Data-5690-Type1;94910.0000;DATA;1611602100.661155
/ndn/d6-site/d6/C2Data-1282-Type3;142785.0000;DATA;1611602101.623271
/ndn/v12-site/v12/C2Data-6900-Type2;47904.0000;DATA;1611602102.649103
/ndn/h8-site/h8/C2Data-489-Type3;120340.0000;DATA;1611602102.911097
/ndn/d13-site/d13/C2Data-3391-Type1;118851.0000;DATA;1611602103.075123
/ndn/v11-site/v11/C2Data-6779-Type1;118543.0000;DATA;1611602104.736252
/ndn/d2-site/d2/C2Data-2060-Type1;76989.0000;DATA;1611602105.590147
/ndn/v10-site/v10/C2Data-6658-Type1;72272.0000;DATA;1611602107.066122
/ndn/h13-site/h13/C2Data-1576-Type1;161759.0000;DATA;1611602107.314105
/ndn/h5-site/h5/C2Data-306-Type3;147622.0000;DATA;1611602107.648157
/ndn/v3-site/v3/C2Data-5811-Type1;190796.0000;DATA;1611602109.396172
/ndn/s6-site/s6/C2Data-4359-Type2;6001198.0000;TIMEOUT;1611602104.979140
/ndn/v2-site/v2/C2Data-2868-Type3;92105.0000;DATA;1611602111.683165
/ndn/s14-site/s14/C2Data-5327-Type2;6000186.0000;TIMEOUT;1611602106.150119
/ndn/s2-site/s2/C2Data-1953-Type3;6000345.0000;TIMEOUT;1611602107.422171
/ndn/h13-site/h13/C2Data-794-Type3;162156.0000;DATA;1611602113.492086
/ndn/h5-site/h5/C2Data-125-Type4;164595.0000;DATA;1611602120.946704
/ndn/s6-site/s6/C2Data-2197-Type3;6002145.0000;TIMEOUT;1611602115.664106
/ndn/d2-site/d2/C2Data-2061-Type2;73639.0000;DATA;1611602128.309319
/ndn/h11-site/h11/C2Data-275-Type4;141588.0000;DATA;1611602129.269155
/ndn/h4-site/h4/C2Data-488-Type2;196483.0000;DATA;1611602129.724176
/ndn/s13-site/s13/C2Data-5207-Type1;258050.0000;DATA;1611602130.132163
/ndn/v5-site/v5/C2Data-6054-Type2;69729.0000;DATA;1611602131.133175
/ndn/v8-site/v8/C2Data-6417-Type1;212720.0000;DATA;1611602131.757154
/ndn/v4-site/v4/C2Data-5933-Type2;72403.0000;DATA;1611602132.096199
/ndn/h12-site/h12/C2Data-1456-Type1;240609.0000;DATA;1611602132.767200
/ndn/s6-site/s6/C2Data-4360-Type1;6000262.0000;TIMEOUT;1611602130.092129
/ndn/v7-site/v7/C2Data-6296-Type2;23614.0000;DATA;1611602139.432251
/ndn/d12-site/d12/C2Data-675-Type4;24136.0000;DATA;1611602144.976138
/ndn/d3-site/d3/C2Data-450-Type4;124960.0000;DATA;1611602147.623170
/ndn/v2-site/v2/C2Data-800-Type4;120430.0000;DATA;1611602148.271410
/ndn/h14-site/h14/C2Data-856-Type3;243951.0000;DATA;1611602152.078135
/ndn/v7-site/v7/C2Data-3174-Type3;26910.0000;DATA;1611602152.501186
/ndn/v0-site/v0/C2Data-2747-Type3;161501.0000;DATA;1611602153.144177
/ndn/v5-site/v5/C2Data-3052-Type3;69744.0000;DATA;1611602156.463171
/ndn/v12-site/v12/C2Data-3479-Type3;52605.0000;DATA;1611602157.223174
/ndn/d13-site/d13/C2Data-1710-Type3;117191.0000;DATA;1611602158.266229
/ndn/s0-site/s0/C2Data-1832-Type3;6000455.0000;TIMEOUT;1611602153.058166
/ndn/h6-site/h6/C2Data-368-Type3;192951.0000;DATA;1611602159.328118
/ndn/h6-site/h6/C2Data-150-Type4;190949.0000;DATA;1611602160.117163
/ndn/v5-site/v5/C2Data-6055-Type1;72835.0000;DATA;1611602163.031132
/ndn/d10-site/d10/C2Data-3030-Type2;193528.0000;DATA;1611602163.251142
/ndn/h8-site/h8/C2Data-490-Type3;117868.0000;DATA;1611602163.522145
/ndn/h3-site/h3/C2Data-368-Type2;26544.0000;DATA;1611602164.507169
/ndn/v1-site/v1/C2Data-5571-Type2;47596.0000;DATA;1611602166.540112
/ndn/d13-site/d13/C2Data-3393-Type1;116724.0000;DATA;1611602166.726209
/ndn/d4-site/d4/C2Data-2304-Type1;145918.0000;DATA;1611602167.526171
/ndn/h8-site/h8/C2Data-973-Type2;115157.0000;DATA;1611602169.043081
/ndn/s14-site/s14/C2Data-5329-Type2;6000415.0000;TIMEOUT;1611602164.872165
/ndn/s6-site/s6/C2Data-4361-Type2;6000270.0000;TIMEOUT;1611602165.912371
/ndn/d9-site/d9/C2Data-1466-Type3;80605.0000;DATA;1611602172.027150
/ndn/h1-site/h1/C2Data-127-Type1;93224.0000;DATA;1611602188.573162
/ndn/v1-site/v1/C2Data-5572-Type1;49899.0000;DATA;1611602191.293934
/ndn/h9-site/h9/C2Data-1095-Type1;125247.0000;DATA;1611602192.685191
/ndn/s6-site/s6/C2Data-4362-Type1;6000244.0000;TIMEOUT;1611602188.227115
/ndn/h11-site/h11/C2Data-1337-Type1;149513.0000;DATA;1611602194.584135
/ndn/v11-site/v11/C2Data-6782-Type2;127371.0000;DATA;1611602194.921163
/ndn/v5-site/v5/C2Data-6056-Type1;11308.0000;DATA;1611602197.703166
/ndn/h8-site/h8/C2Data-974-Type2;135875.0000;DATA;1611602199.324095
/ndn/s10-site/s10/C2Data-4846-Type1;6000387.0000;TIMEOUT;1611602194.768141
/ndn/v12-site/v12/C2Data-3480-Type3;46199.0000;DATA;1611602213.376306
/ndn/v10-site/v10/C2Data-3358-Type3;84201.0000;DATA;1611602214.053831
/ndn/v0-site/v0/C2Data-2748-Type3;152026.0000;DATA;1611602215.263149
/ndn/h5-site/h5/C2Data-308-Type3;146893.0000;DATA;1611602215.272215
/ndn/d5-site/d5/C2Data-1223-Type3;189418.0000;DATA;1611602217.455320
/ndn/h8-site/h8/C2Data-975-Type1;118869.0000;DATA;1611602218.447175
/ndn/h3-site/h3/C2Data-370-Type1;24328.0000;DATA;1611602222.239186
/ndn/h14-site/h14/C2Data-1701-Type1;189943.0000;DATA;1611602222.792228
/ndn/v8-site/v8/C2Data-6420-Type2;211311.0000;DATA;1611602223.082139
