/ndn/h6-site/h6/C2Data-726-Type1;207639.0000;DATA;1612720364.163105
/ndn/s0-site/s0/C2Data-2420-Type2;194251.0000;DATA;1612720365.372247
/ndn/s7-site/s7/C2Data-3267-Type1;102767.0000;DATA;1612720365.971447
/ndn/d8-site/d8/C2Data-2178-Type1;61126.0000;DATA;1612720366.025563
/ndn/d6-site/d6/C2Data-1936-Type2;273868.0000;DATA;1612720366.619403
/ndn/d8-site/d8/C2Data-2178-Type2;64817.0000;DATA;1612720367.195794
/ndn/h3-site/h3/C2Data-363-Type1;171069.0000;DATA;1612720367.683115
/ndn/d2-site/d2/C2Data-1452-Type2;49737.0000;DATA;1612720367.916156
/ndn/s5-site/s5/C2Data-3025-Type1;263633.0000;DATA;1612720369.507999
/ndn/v6-site/v6/C2Data-4356-Type1;197245.0000;DATA;1612720369.699323
/ndn/d4-site/d4/C2Data-854-Type3;116243.0000;DATA;1612720384.764140
/ndn/s3-site/s3/C2Data-1403-Type3;450055.0000;DATA;1612720388.069901
/ndn/h2-site/h2/C2Data-243-Type1;179432.0000;DATA;1612720388.816283
/ndn/v9-site/v9/C2Data-4720-Type1;24683.0000;DATA;1612720389.360521
/ndn/d2-site/d2/C2Data-732-Type3;51325.0000;DATA;1612720390.583051
/ndn/h8-site/h8/C2Data-488-Type3;196421.0000;DATA;1612720390.576455
/ndn/h5-site/h5/C2Data-305-Type3;160599.0000;DATA;1612720390.884864
/ndn/s5-site/s5/C2Data-3026-Type2;199089.0000;DATA;1612720391.111148
/ndn/d1-site/d1/C2Data-1332-Type2;135550.0000;DATA;1612720391.569192
/ndn/d2-site/d2/C2Data-1453-Type1;73726.0000;DATA;1612720392.020969
/ndn/s5-site/s5/C2Data-3026-Type1;193706.0000;DATA;1612720393.745158
/ndn/s3-site/s3/C2Data-2784-Type1;247559.0000;DATA;1612720395.416065
/ndn/s8-site/s8/C2Data-1708-Type3;154122.0000;DATA;1612720397.032625
/ndn/v8-site/v8/C2Data-4599-Type2;190564.0000;DATA;1612720397.981979
/ndn/d8-site/d8/C2Data-2179-Type1;48265.0000;DATA;1612720398.170997
/ndn/h1-site/h1/C2Data-61-Type3;190511.0000;DATA;1612720400.657677
/ndn/s1-site/s1/C2Data-1281-Type3;245264.0000;DATA;1612720401.850922
/ndn/s4-site/s4/C2Data-1464-Type3;161305.0000;DATA;1612720403.675806
/ndn/d7-site/d7/C2Data-1037-Type3;98853.0000;DATA;1612720405.180972
/ndn/v4-site/v4/C2Data-2074-Type3;278551.0000;DATA;1612720405.571137
/ndn/d7-site/d7/C2Data-2059-Type1;122461.0000;DATA;1612720423.559975
/ndn/s7-site/s7/C2Data-3269-Type2;70761.0000;DATA;1612720424.474943
/ndn/d7-site/d7/C2Data-2059-Type2;115547.0000;DATA;1612720424.760863
/ndn/h1-site/h1/C2Data-123-Type2;158640.0000;DATA;1612720425.619556
/ndn/h5-site/h5/C2Data-607-Type1;155705.0000;DATA;1612720425.663340
/ndn/s0-site/s0/C2Data-2422-Type1;191207.0000;DATA;1612720426.606068
/ndn/s7-site/s7/C2Data-3269-Type1;77479.0000;DATA;1612720428.237332
/ndn/h7-site/h7/C2Data-849-Type1;683344.0000;DATA;1612720430.115986
/ndn/h0-site/h0/C2Data-1-Type3;59248.0000;DATA;1612720443.523976
/ndn/h6-site/h6/C2Data-367-Type3;302138.0000;DATA;1612720446.317695
/ndn/s5-site/s5/C2Data-1526-Type3;141076.0000;DATA;1612720447.754948
/ndn/h7-site/h7/C2Data-850-Type1;176272.0000;DATA;1612720450.913139
/ndn/s9-site/s9/C2Data-3512-Type1;315871.0000;DATA;1612720451.430925
/ndn/s0-site/s0/C2Data-2423-Type1;186324.0000;DATA;1612720451.691206
/ndn/s1-site/s1/C2Data-2544-Type1;233486.0000;DATA;1612720451.884050
/ndn/s6-site/s6/C2Data-3149-Type1;59977.0000;DATA;1612720454.498180
/ndn/v1-site/v1/C2Data-3754-Type2;152715.0000;DATA;1612720456.939184
/ndn/v5-site/v5/C2Data-625-Type4;278205.0000;DATA;1612720456.826864
/ndn/s7-site/s7/C2Data-3270-Type1;6003869.0000;TIMEOUT;1612720451.108118
/ndn/h7-site/h7/C2Data-175-Type4;171311.0000;DATA;1612720459.762958
/ndn/h2-site/h2/C2Data-245-Type2;175820.0000;DATA;1612720459.796993
/ndn/d2-site/d2/C2Data-1455-Type1;50440.0000;DATA;1612720460.313623
/ndn/h1-site/h1/C2Data-62-Type3;159650.0000;DATA;1612720460.446929
/ndn/v2-site/v2/C2Data-1953-Type3;165128.0000;DATA;1612720465.353486
/ndn/s7-site/s7/C2Data-1648-Type3;6001120.0000;TIMEOUT;1612720463.812522
/ndn/s3-site/s3/C2Data-1404-Type3;6003192.0000;TIMEOUT;1612720466.410710
/ndn/v4-site/v4/C2Data-4118-Type1;279467.0000;DATA;1612720479.523538
/ndn/d2-site/d2/C2Data-1456-Type1;49759.0000;DATA;1612720481.871934
/ndn/v5-site/v5/C2Data-4239-Type2;260116.0000;DATA;1612720481.952938
/ndn/d2-site/d2/C2Data-300-Type4;48378.0000;DATA;1612720484.339082
/ndn/v1-site/v1/C2Data-3755-Type2;155111.0000;DATA;1612720485.009020
/ndn/s2-site/s2/C2Data-2666-Type2;191758.0000;DATA;1612720485.321672
/ndn/s5-site/s5/C2Data-3029-Type2;6001702.0000;TIMEOUT;1612720489.114582
/ndn/d0-site/d0/C2Data-612-Type3;245841.0000;DATA;1612720503.664763
/ndn/v5-site/v5/C2Data-2137-Type3;277936.0000;DATA;1612720503.807115
/ndn/h8-site/h8/C2Data-490-Type3;196265.0000;DATA;1612720508.450956
/ndn/s3-site/s3/C2Data-1405-Type3;6001390.0000;TIMEOUT;1612720504.960563
/ndn/h2-site/h2/C2Data-124-Type3;173185.0000;DATA;1612720512.743256
/ndn/v3-site/v3/C2Data-3998-Type2;26153.0000;DATA;1612720513.261717
/ndn/v0-site/v0/C2Data-3635-Type1;143299.0000;DATA;1612720513.487685
/ndn/h4-site/h4/C2Data-489-Type2;158811.0000;DATA;1612720516.086551
/ndn/d6-site/d6/C2Data-1941-Type2;237595.0000;DATA;1612720516.764198
/ndn/h7-site/h7/C2Data-852-Type2;205063.0000;DATA;1612720516.883941
/ndn/s0-site/s0/C2Data-2425-Type2;6000396.0000;TIMEOUT;1612720511.784289
/ndn/s9-site/s9/C2Data-3514-Type2;6001182.0000;TIMEOUT;1612720511.859016
/ndn/d3-site/d3/C2Data-1578-Type1;263853.0000;DATA;1612720518.461858
/ndn/s4-site/s4/C2Data-1466-Type3;6009555.0000;TIMEOUT;1612720512.822944
/ndn/s2-site/s2/C2Data-2667-Type1;6002472.0000;TIMEOUT;1612720513.700369
/ndn/h9-site/h9/C2Data-551-Type3;131284.0000;DATA;1612720521.321698
/ndn/s0-site/s0/C2Data-2425-Type1;6001853.0000;TIMEOUT;1612720515.689143
/ndn/h1-site/h1/C2Data-63-Type3;167345.0000;DATA;1612720522.425035
/ndn/s8-site/s8/C2Data-1710-Type3;6000612.0000;TIMEOUT;1612720518.409119
/ndn/v7-site/v7/C2Data-2259-Type3;93380.0000;DATA;1612720525.565574
/ndn/d6-site/d6/C2Data-1942-Type1;264513.0000;DATA;1612720539.252258
/ndn/v5-site/v5/C2Data-4241-Type1;287088.0000;DATA;1612720541.121885
/ndn/h0-site/h0/C2Data-6-Type2;54244.0000;DATA;1612720544.216758
/ndn/v6-site/v6/C2Data-4362-Type1;222240.0000;DATA;1612720545.492944
/ndn/h7-site/h7/C2Data-853-Type1;212669.0000;DATA;1612720546.904976
/ndn/d7-site/d7/C2Data-2063-Type2;108845.0000;DATA;1612720548.890052
/ndn/s9-site/s9/C2Data-3515-Type2;6002311.0000;TIMEOUT;1612720547.717131
/ndn/d8-site/d8/C2Data-1101-Type3;63882.0000;DATA;1612720563.274002
/ndn/v7-site/v7/C2Data-2260-Type3;81907.0000;DATA;1612720563.559869
/ndn/h7-site/h7/C2Data-430-Type3;193144.0000;DATA;1612720570.803062
/ndn/d8-site/d8/C2Data-2185-Type2;71427.0000;DATA;1612720572.251061
/ndn/s8-site/s8/C2Data-1711-Type3;6002690.0000;TIMEOUT;1612720567.956724
/ndn/d5-site/d5/C2Data-1822-Type1;26926.0000;DATA;1612720575.882038
/ndn/v7-site/v7/C2Data-4484-Type1;75731.0000;DATA;1612720575.921688
/ndn/v8-site/v8/C2Data-4605-Type2;170935.0000;DATA;1612720575.994012
/ndn/s9-site/s9/C2Data-1772-Type3;6000993.0000;TIMEOUT;1612720572.143659
/ndn/h9-site/h9/C2Data-1096-Type1;75210.0000;DATA;1612720580.355114
/ndn/s0-site/s0/C2Data-2427-Type1;6003514.0000;TIMEOUT;1612720575.624517
/ndn/h9-site/h9/C2Data-552-Type3;78251.0000;DATA;1612720583.265054
/ndn/s6-site/s6/C2Data-3153-Type2;6019452.0000;TIMEOUT;1612720579.728220
/ndn/s4-site/s4/C2Data-1467-Type3;6005729.0000;TIMEOUT;1612720581.974209
/ndn/s3-site/s3/C2Data-1406-Type3;6001221.0000;TIMEOUT;1612720582.801023
/ndn/h0-site/h0/C2Data-0-Type5;51755.0000;DATA;1612720588.788496
/ndn/v5-site/v5/C2Data-325-Type5;429108.0000;DATA;1612720590.113784
/ndn/d8-site/d8/C2Data-2186-Type1;48947.0000;DATA;1612720601.464998
/ndn/h6-site/h6/C2Data-734-Type1;215474.0000;DATA;1612720603.045262
/ndn/v5-site/v5/C2Data-4243-Type1;288893.0000;DATA;1612720603.116825
/ndn/h7-site/h7/C2Data-855-Type2;186927.0000;DATA;1612720603.774372
/ndn/d0-site/d0/C2Data-1218-Type1;238211.0000;DATA;1612720606.017250
/ndn/s8-site/s8/C2Data-3396-Type2;6012292.0000;TIMEOUT;1612720603.249312
/ndn/s7-site/s7/C2Data-3275-Type1;6001161.0000;TIMEOUT;1612720608.053885
/ndn/v0-site/v0/C2Data-501-Type4;172439.0000;DATA;1612720619.272238
/ndn/v3-site/v3/C2Data-299-Type5;29229.0000;DATA;1612720622.028278
/ndn/h2-site/h2/C2Data-126-Type3;175509.0000;DATA;1612720623.117691
/ndn/d1-site/d1/C2Data-276-Type4;145842.0000;DATA;1612720623.259163
/ndn/v1-site/v1/C2Data-526-Type4;229456.0000;DATA;1612720624.193800
/ndn/d3-site/d3/C2Data-169-Type5;263730.0000;DATA;1612720624.841316
/ndn/v5-site/v5/C2Data-626-Type4;332876.0000;DATA;1612720625.632957
/ndn/s9-site/s9/C2Data-1773-Type3;6002662.0000;TIMEOUT;1612720622.617949
/ndn/v4-site/v4/C2Data-4123-Type1;274850.0000;DATA;1612720628.936962
/ndn/v0-site/v0/C2Data-3639-Type1;124727.0000;DATA;1612720629.898980
/ndn/s1-site/s1/C2Data-1285-Type3;6001035.0000;TIMEOUT;1612720624.512765
/ndn/h1-site/h1/C2Data-130-Type1;157147.0000;DATA;1612720630.865582
/ndn/v0-site/v0/C2Data-1834-Type3;130193.0000;DATA;1612720631.211349
/ndn/h5-site/h5/C2Data-65-Type5;159041.0000;DATA;1612720631.337813
/ndn/h6-site/h6/C2Data-735-Type1;215948.0000;DATA;1612720632.641012
/ndn/s9-site/s9/C2Data-3518-Type2;6003462.0000;TIMEOUT;1612720629.390123
/ndn/h7-site/h7/C2Data-856-Type1;189999.0000;DATA;1612720636.416291
/ndn/h7-site/h7/C2Data-431-Type3;168676.0000;DATA;1612720638.456070
/ndn/v9-site/v9/C2Data-4728-Type2;27293.0000;DATA;1612720639.808833
/ndn/s5-site/s5/C2Data-1529-Type3;6002390.0000;TIMEOUT;1612720634.038790
/ndn/v9-site/v9/C2Data-377-Type5;26574.0000;DATA;1612720640.290001
/ndn/s1-site/s1/C2Data-2550-Type2;6005825.0000;TIMEOUT;1612720635.396545
/ndn/s5-site/s5/C2Data-3034-Type1;6002745.0000;TIMEOUT;1612720635.657354
/ndn/h1-site/h1/C2Data-65-Type3;232282.0000;DATA;1612720644.196498
/ndn/v2-site/v2/C2Data-1956-Type3;154432.0000;DATA;1612720645.025787
/ndn/d5-site/d5/C2Data-919-Type3;28675.0000;DATA;1612720645.583320
/ndn/s8-site/s8/C2Data-1712-Type3;6001753.0000;TIMEOUT;1612720639.748255
/ndn/d8-site/d8/C2Data-234-Type5;102516.0000;DATA;1612720651.533491
/ndn/h3-site/h3/C2Data-76-Type4;178123.0000;DATA;1612720655.291043
/ndn/d7-site/d7/C2Data-2067-Type2;103070.0000;DATA;1612720660.188689
/ndn/h0-site/h0/C2Data-1-Type4;54390.0000;DATA;1612720661.531536
/ndn/v6-site/v6/C2Data-4366-Type1;838028.0000;DATA;1612720662.201143
/ndn/d1-site/d1/C2Data-1341-Type2;130026.0000;DATA;1612720663.089717
/ndn/h8-site/h8/C2Data-104-Type5;207078.0000;DATA;1612720663.561062
/ndn/v9-site/v9/C2Data-4729-Type1;24703.0000;DATA;1612720667.203184
/ndn/v4-site/v4/C2Data-4124-Type2;288257.0000;DATA;1612720667.580972
/ndn/h4-site/h4/C2Data-494-Type2;152904.0000;DATA;1612720669.850444
/ndn/s9-site/s9/C2Data-3519-Type1;6011118.0000;TIMEOUT;1612720666.027282
/ndn/s3-site/s3/C2Data-2793-Type2;6000546.0000;TIMEOUT;1612720670.495784
/ndn/v7-site/v7/C2Data-2262-Type3;134300.0000;DATA;1612720683.482281
/ndn/h7-site/h7/C2Data-432-Type3;189207.0000;DATA;1612720686.874876
/ndn/h2-site/h2/C2Data-253-Type1;178740.0000;DATA;1612720688.885070
/ndn/v9-site/v9/C2Data-4730-Type1;26263.0000;DATA;1612720690.153309
/ndn/h4-site/h4/C2Data-495-Type2;149449.0000;DATA;1612720693.846185
/ndn/h2-site/h2/C2Data-127-Type3;180446.0000;DATA;1612720695.965515
/ndn/s6-site/s6/C2Data-3157-Type2;6003088.0000;TIMEOUT;1612720690.407641
/ndn/s4-site/s4/C2Data-1469-Type3;6013304.0000;TIMEOUT;1612720690.526130
/ndn/v0-site/v0/C2Data-3641-Type2;138606.0000;DATA;1612720696.645017
/ndn/v9-site/v9/C2Data-4730-Type2;42149.0000;DATA;1612720698.185012
/ndn/s1-site/s1/C2Data-2552-Type2;6001831.0000;TIMEOUT;1612720693.586419
/ndn/s2-site/s2/C2Data-2673-Type1;6000955.0000;TIMEOUT;1612720694.136928
/ndn/s8-site/s8/C2Data-3399-Type2;6001023.0000;TIMEOUT;1612720696.650998
/ndn/s3-site/s3/C2Data-2794-Type1;6001381.0000;TIMEOUT;1612720696.802723
/ndn/d1-site/d1/C2Data-676-Type3;136883.0000;DATA;1612720703.398800
/ndn/s0-site/s0/C2Data-2431-Type1;6002311.0000;TIMEOUT;1612720698.624009
/ndn/v4-site/v4/C2Data-2079-Type3;214760.0000;DATA;1612720704.672360
/ndn/v0-site/v0/C2Data-3642-Type2;622648.0000;DATA;1612720718.901578
/ndn/v3-site/v3/C2Data-4005-Type2;34427.0000;DATA;1612720720.326901
/ndn/d5-site/d5/C2Data-1827-Type2;26697.0000;DATA;1612720724.454147
/ndn/h6-site/h6/C2Data-738-Type2;214153.0000;DATA;1612720724.332957
/ndn/v1-site/v1/C2Data-3763-Type2;143484.0000;DATA;1612720725.544945
/ndn/v1-site/v1/C2Data-3763-Type1;221173.0000;DATA;1612720727.019095
/ndn/h4-site/h4/C2Data-496-Type1;147079.0000;DATA;1612720729.075986
/ndn/s7-site/s7/C2Data-3279-Type2;6000638.0000;TIMEOUT;1612720724.395309
/ndn/s7-site/s7/C2Data-3279-Type1;6006374.0000;TIMEOUT;1612720729.463707
/ndn/v2-site/v2/C2Data-1958-Type3;122537.0000;DATA;1612720745.145808
/ndn/d5-site/d5/C2Data-921-Type3;32968.0000;DATA;1612720745.654727
/ndn/h6-site/h6/C2Data-739-Type1;192784.0000;DATA;1612720748.583357
/ndn/v4-site/v4/C2Data-4127-Type1;296318.0000;DATA;1612720751.871607
/ndn/v1-site/v1/C2Data-3764-Type1;162534.0000;DATA;1612720753.205572
/ndn/v6-site/v6/C2Data-4369-Type1;272756.0000;DATA;1612720753.436977
/ndn/h3-site/h3/C2Data-189-Type3;187599.0000;DATA;1612720755.560277
/ndn/s8-site/s8/C2Data-1714-Type3;6000303.0000;TIMEOUT;1612720749.948289
/ndn/h2-site/h2/C2Data-255-Type2;181009.0000;DATA;1612720756.419266
/ndn/h4-site/h4/C2Data-250-Type3;155766.0000;DATA;1612720759.181119
/ndn/h3-site/h3/C2Data-376-Type1;176983.0000;DATA;1612720760.021653
/ndn/v1-site/v1/C2Data-1897-Type3;157369.0000;DATA;1612720761.186898
/ndn/v5-site/v5/C2Data-627-Type4;306734.0000;DATA;1612720761.042631
/ndn/s1-site/s1/C2Data-2554-Type2;6001456.0000;TIMEOUT;1612720756.220373
/ndn/d6-site/d6/C2Data-402-Type4;292734.0000;DATA;1612720763.548156
/ndn/h9-site/h9/C2Data-555-Type3;110728.0000;DATA;1612720763.840164
/ndn/s4-site/s4/C2Data-2917-Type2;6000646.0000;TIMEOUT;1612720760.205248
/ndn/h3-site/h3/C2Data-77-Type4;422940.0000;DATA;1612720772.462267
/ndn/d4-site/d4/C2Data-352-Type4;116528.0000;DATA;1612720778.907249
/ndn/v1-site/v1/C2Data-527-Type4;164273.0000;DATA;1612720782.219019
/ndn/h6-site/h6/C2Data-740-Type2;221811.0000;DATA;1612720782.340237
/ndn/v6-site/v6/C2Data-652-Type4;195148.0000;DATA;1612720783.481901
/ndn/d3-site/d3/C2Data-327-Type4;244580.0000;DATA;1612720785.110022
/ndn/h1-site/h1/C2Data-135-Type1;171162.0000;DATA;1612720788.195180
/ndn/v9-site/v9/C2Data-2386-Type3;28071.0000;DATA;1612720802.651001
/ndn/h4-site/h4/C2Data-499-Type1;151386.0000;DATA;1612720809.693200
/ndn/h8-site/h8/C2Data-495-Type3;221633.0000;DATA;1612720809.815469
/ndn/v5-site/v5/C2Data-4250-Type2;297742.0000;DATA;1612720810.312894
/ndn/v4-site/v4/C2Data-602-Type4;275932.0000;DATA;1612720810.933395
/ndn/v8-site/v8/C2Data-4613-Type1;200871.0000;DATA;1612720811.618298
/ndn/d1-site/d1/C2Data-277-Type4;138678.0000;DATA;1612720812.186154
/ndn/d6-site/d6/C2Data-1951-Type1;224361.0000;DATA;1612720812.539936
/ndn/s4-site/s4/C2Data-1471-Type3;6001384.0000;TIMEOUT;1612720806.841968
/ndn/v2-site/v2/C2Data-3887-Type2;124133.0000;DATA;1612720814.648845
/ndn/s0-site/s0/C2Data-2435-Type1;6001817.0000;TIMEOUT;1612720809.836854
/ndn/d2-site/d2/C2Data-1467-Type1;52763.0000;DATA;1612720816.445078
/ndn/d1-site/d1/C2Data-678-Type3;179839.0000;DATA;1612720817.088271
/ndn/v0-site/v0/C2Data-3645-Type1;123740.0000;DATA;1612720817.738814
/ndn/d7-site/d7/C2Data-2072-Type1;106860.0000;DATA;1612720818.330114
/ndn/v8-site/v8/C2Data-2325-Type3;170327.0000;DATA;1612720819.106969
/ndn/h4-site/h4/C2Data-251-Type3;177897.0000;DATA;1612720821.985008
/ndn/s2-site/s2/C2Data-1349-Type3;6001740.0000;TIMEOUT;1612720817.130267
/ndn/v1-site/v1/C2Data-1898-Type3;163297.0000;DATA;1612720823.016689
/ndn/s9-site/s9/C2Data-3524-Type1;6001543.0000;TIMEOUT;1612720818.200592
/ndn/v0-site/v0/C2Data-1837-Type3;215592.0000;DATA;1612720825.496956
/ndn/s8-site/s8/C2Data-1715-Type3;6006640.0000;TIMEOUT;1612720821.142722
/ndn/s9-site/s9/C2Data-1776-Type3;6000820.0000;TIMEOUT;1612720824.818362
/ndn/d6-site/d6/C2Data-1952-Type2;222057.0000;DATA;1612720842.016062
/ndn/h7-site/h7/C2Data-863-Type2;197951.0000;DATA;1612720843.024616
/ndn/v0-site/v0/C2Data-3646-Type2;124231.0000;DATA;1612720844.546312
/ndn/d3-site/d3/C2Data-1589-Type2;252982.0000;DATA;1612720844.504935
/ndn/d5-site/d5/C2Data-1831-Type2;25654.0000;DATA;1612720845.605968
/ndn/d1-site/d1/C2Data-1347-Type1;126818.0000;DATA;1612720845.535151
/ndn/v8-site/v8/C2Data-4614-Type1;184198.0000;DATA;1612720847.798794
/ndn/d3-site/d3/C2Data-801-Type3;284855.0000;DATA;1612720868.849964
/ndn/d5-site/d5/C2Data-1832-Type1;26767.0000;DATA;1612720869.543000
/ndn/v6-site/v6/C2Data-182-Type6;204034.0000;DATA;1612720872.471016
/ndn/h0-site/h0/C2Data-17-Type2;50645.0000;DATA;1612720874.743722
/ndn/s4-site/s4/C2Data-1472-Type3;6000490.0000;TIMEOUT;1612720869.475014
/ndn/d1-site/d1/C2Data-1348-Type2;131994.0000;DATA;1612720876.057259
/ndn/s0-site/s0/C2Data-2437-Type1;6002388.0000;TIMEOUT;1612720870.593238
/ndn/h9-site/h9/C2Data-63-Type6;74783.0000;DATA;1612720876.743023
/ndn/d4-site/d4/C2Data-1711-Type2;108322.0000;DATA;1612720877.788669
/ndn/s0-site/s0/C2Data-1228-Type3;6001079.0000;TIMEOUT;1612720874.291347
/ndn/h5-site/h5/C2Data-313-Type3;154023.0000;DATA;1612720882.254563
/ndn/s8-site/s8/C2Data-3405-Type2;6001571.0000;TIMEOUT;1612720879.326024
/ndn/d4-site/d4/C2Data-862-Type3;99310.0000;DATA;1612720886.442021
/ndn/v7-site/v7/C2Data-4495-Type1;70984.0000;DATA;1612720899.092134
/ndn/v0-site/v0/C2Data-3648-Type2;121148.0000;DATA;1612720902.795919
/ndn/h5-site/h5/C2Data-623-Type1;144253.0000;DATA;1612720904.770008
/ndn/d0-site/d0/C2Data-1228-Type2;245113.0000;DATA;1612720905.065281
/ndn/d3-site/d3/C2Data-328-Type4;236716.0000;DATA;1612720906.493057
/ndn/h9-site/h9/C2Data-1107-Type2;72821.0000;DATA;1612720907.859531
/ndn/s5-site/s5/C2Data-3043-Type1;6007740.0000;TIMEOUT;1612720903.394409
/ndn/h1-site/h1/C2Data-139-Type2;149548.0000;DATA;1612720910.184557
/ndn/s3-site/s3/C2Data-2801-Type2;6008990.0000;TIMEOUT;1612720905.697153
/ndn/s5-site/s5/C2Data-3043-Type2;6007590.0000;TIMEOUT;1612720907.333690
/ndn/v1-site/v1/C2Data-528-Type4;151599.0000;DATA;1612720915.633122
/ndn/d3-site/d3/C2Data-91-Type6;267552.0000;DATA;1612720922.334015
/ndn/h9-site/h9/C2Data-558-Type3;81714.0000;DATA;1612720923.104152
/ndn/v3-site/v3/C2Data-578-Type4;26273.0000;DATA;1612720925.917817
/ndn/d4-site/d4/C2Data-863-Type3;105184.0000;DATA;1612720925.961420
/ndn/h4-site/h4/C2Data-253-Type3;146285.0000;DATA;1612720926.304929
/ndn/h8-site/h8/C2Data-203-Type4;252743.0000;DATA;1612720926.727799
/ndn/d4-site/d4/C2Data-1713-Type2;107825.0000;DATA;1612720928.662464
/ndn/v9-site/v9/C2Data-2388-Type3;25896.0000;DATA;1612720930.171794
/ndn/d3-site/d3/C2Data-1592-Type2;289779.0000;DATA;1612720931.350700
/ndn/s6-site/s6/C2Data-1595-Type3;6000706.0000;TIMEOUT;1612720928.425279
