/ndn/h1-site/h1/C2Data-121-Type2;24506.0000;DATA;1611606254.873751
/ndn/s13-site/s13/C2Data-5203-Type2;267448.0000;DATA;1611606256.855151
/ndn/s4-site/s4/C2Data-4114-Type1;542.0000;NACK;1611606257.771718
/ndn/h3-site/h3/C2Data-363-Type2;98520.0000;DATA;1611606259.008824
/ndn/v10-site/v10/C2Data-6655-Type1;69796.0000;DATA;1611606259.555784
/ndn/d3-site/d3/C2Data-2178-Type2;120016.0000;DATA;1611606259.865716
/ndn/h11-site/h11/C2Data-1331-Type1;71865.0000;DATA;1611606260.052744
/ndn/h7-site/h7/C2Data-847-Type1;236340.0000;DATA;1611606259.949754
/ndn/h5-site/h5/C2Data-605-Type2;149116.0000;DATA;1611606261.036769
/ndn/h4-site/h4/C2Data-484-Type1;194941.0000;DATA;1611606262.534696
/ndn/s11-site/s11/C2Data-4961-Type1;241965.0000;DATA;1611606264.626778
/ndn/s0-site/s0/C2Data-3630-Type1;138287.0000;DATA;1611606264.905746
/ndn/h4-site/h4/C2Data-244-Type3;193155.0000;DATA;1611606280.161088
/ndn/h3-site/h3/C2Data-183-Type3;137211.0000;DATA;1611606281.821727
/ndn/d10-site/d10/C2Data-1525-Type3;237553.0000;DATA;1611606282.842737
/ndn/d9-site/d9/C2Data-1464-Type3;111776.0000;DATA;1611606283.805835
/ndn/v10-site/v10/C2Data-3355-Type3;71269.0000;DATA;1611606284.838741
/ndn/h6-site/h6/C2Data-727-Type1;187236.0000;DATA;1611606285.041770
/ndn/s11-site/s11/C2Data-4962-Type2;241884.0000;DATA;1611606286.834717
/ndn/v9-site/v9/C2Data-6535-Type2;211746.0000;DATA;1611606287.230754
/ndn/s4-site/s4/C2Data-4115-Type2;167055.0000;DATA;1611606287.658690
/ndn/d13-site/d13/C2Data-3389-Type2;48799.0000;DATA;1611606288.008770
/ndn/h7-site/h7/C2Data-848-Type1;240033.0000;DATA;1611606288.017682
/ndn/v7-site/v7/C2Data-3172-Type3;95608.0000;DATA;1611606288.352700
/ndn/v0-site/v0/C2Data-5446-Type2;145297.0000;DATA;1611606288.362693
/ndn/h1-site/h1/C2Data-61-Type3;23704.0000;DATA;1611606288.949730
/ndn/s13-site/s13/C2Data-2623-Type3;267358.0000;DATA;1611606288.842771
/ndn/s12-site/s12/C2Data-5083-Type1;239860.0000;DATA;1611606289.384709
/ndn/s4-site/s4/C2Data-2074-Type3;162576.0000;DATA;1611606290.422826
/ndn/h5-site/h5/C2Data-606-Type2;141532.0000;DATA;1611606290.952768
/ndn/s7-site/s7/C2Data-4478-Type1;97406.0000;DATA;1611606293.882739
/ndn/h13-site/h13/C2Data-793-Type3;93298.0000;DATA;1611606294.393838
/ndn/d13-site/d13/C2Data-3389-Type1;46421.0000;DATA;1611606295.397742
/ndn/s6-site/s6/C2Data-2196-Type3;131234.0000;DATA;1611606295.547691
/ndn/d0-site/d0/C2Data-915-Type3;25480.0000;DATA;1611606297.651797
/ndn/v5-site/v5/C2Data-3050-Type3;75582.0000;DATA;1611606298.752748
/ndn/v9-site/v9/C2Data-3294-Type3;219456.0000;DATA;1611606298.714778
/ndn/s7-site/s7/C2Data-2257-Type3;92949.0000;DATA;1611606298.928753
/ndn/v2-site/v2/C2Data-2867-Type3;95737.0000;DATA;1611606300.368737
/ndn/s0-site/s0/C2Data-1830-Type3;152894.0000;DATA;1611606300.889805
/ndn/d7-site/d7/C2Data-1342-Type3;78067.0000;DATA;1611606301.103693
/ndn/h14-site/h14/C2Data-1696-Type1;125558.0000;DATA;1611606316.275852
/ndn/s0-site/s0/C2Data-3632-Type1;141007.0000;DATA;1611606318.220803
/ndn/h4-site/h4/C2Data-486-Type1;205365.0000;DATA;1611606319.103734
/ndn/s1-site/s1/C2Data-3753-Type1;251707.0000;DATA;1611606320.984755
/ndn/h11-site/h11/C2Data-1333-Type1;74480.0000;DATA;1611606321.649799
/ndn/s13-site/s13/C2Data-5205-Type2;6000266.0000;TIMEOUT;1611606316.133727
/ndn/d13-site/d13/C2Data-3390-Type1;46624.0000;DATA;1611606322.556686
/ndn/v10-site/v10/C2Data-6657-Type1;70753.0000;DATA;1611606322.603800
/ndn/v12-site/v12/C2Data-6899-Type1;115452.0000;DATA;1611606322.755799
/ndn/s1-site/s1/C2Data-3753-Type2;257580.0000;DATA;1611606322.830816
/ndn/v11-site/v11/C2Data-6778-Type2;47716.0000;DATA;1611606325.954762
/ndn/v1-site/v1/C2Data-2807-Type3;154466.0000;DATA;1611606343.518755
/ndn/h12-site/h12/C2Data-1455-Type1;163892.0000;DATA;1611606344.402767
/ndn/v4-site/v4/C2Data-5932-Type1;54798.0000;DATA;1611606344.833736
/ndn/h11-site/h11/C2Data-1334-Type1;73148.0000;DATA;1611606344.875827
/ndn/s7-site/s7/C2Data-2258-Type3;6000287.0000;TIMEOUT;1611606339.079766
/ndn/v1-site/v1/C2Data-5569-Type2;120298.0000;DATA;1611606345.734743
/ndn/v14-site/v14/C2Data-7142-Type1;123980.0000;DATA;1611606345.796803
/ndn/v14-site/v14/C2Data-7142-Type2;125248.0000;DATA;1611606346.375773
/ndn/v2-site/v2/C2Data-5690-Type2;93758.0000;DATA;1611606346.794783
/ndn/d11-site/d11/C2Data-1587-Type3;72303.0000;DATA;1611606347.068866
/ndn/d10-site/d10/C2Data-3028-Type2;188734.0000;DATA;1611606347.465704
/ndn/v4-site/v4/C2Data-5932-Type2;146952.0000;DATA;1611606347.558781
/ndn/h9-site/h9/C2Data-1092-Type2;119028.0000;DATA;1611606347.673793
/ndn/h10-site/h10/C2Data-611-Type3;119329.0000;DATA;1611606347.977816
/ndn/v7-site/v7/C2Data-3173-Type3;96900.0000;DATA;1611606348.157729
/ndn/v8-site/v8/C2Data-6416-Type2;209425.0000;DATA;1611606350.711741
/ndn/s13-site/s13/C2Data-5206-Type2;6000324.0000;TIMEOUT;1611606345.420741
/ndn/v10-site/v10/C2Data-6658-Type1;73591.0000;DATA;1611606351.658714
/ndn/h12-site/h12/C2Data-1455-Type2;163297.0000;DATA;1611606351.731844
/ndn/d11-site/d11/C2Data-3149-Type2;73856.0000;DATA;1611606352.661785
/ndn/h14-site/h14/C2Data-855-Type3;116498.0000;DATA;1611606352.679695
/ndn/v10-site/v10/C2Data-3356-Type3;73711.0000;DATA;1611606354.333788
/ndn/s0-site/s0/C2Data-1831-Type3;6000999.0000;TIMEOUT;1611606349.415700
/ndn/h3-site/h3/C2Data-366-Type1;98965.0000;DATA;1611606355.742959
/ndn/v4-site/v4/C2Data-2990-Type3;140680.0000;DATA;1611606355.772762
/ndn/s6-site/s6/C2Data-2197-Type3;6001175.0000;TIMEOUT;1611606349.934722
/ndn/s0-site/s0/C2Data-3633-Type2;6002222.0000;TIMEOUT;1611606351.266751
/ndn/v13-site/v13/C2Data-3539-Type3;92728.0000;DATA;1611606357.349932
/ndn/s9-site/s9/C2Data-2380-Type3;6000409.0000;TIMEOUT;1611606352.602048
/ndn/s7-site/s7/C2Data-4480-Type2;6000516.0000;TIMEOUT;1611606353.798701
/ndn/h3-site/h3/C2Data-75-Type4;92328.0000;DATA;1611606359.991778
/ndn/d1-site/d1/C2Data-400-Type4;144032.0000;DATA;1611606360.825718
/ndn/s10-site/s10/C2Data-2441-Type3;6001512.0000;TIMEOUT;1611606359.711698
/ndn/v10-site/v10/C2Data-6659-Type2;75574.0000;DATA;1611606377.331801
/ndn/h9-site/h9/C2Data-1093-Type1;118111.0000;DATA;1611606377.444776
/ndn/v9-site/v9/C2Data-6538-Type2;193859.0000;DATA;1611606378.712761
/ndn/v13-site/v13/C2Data-7022-Type2;96404.0000;DATA;1611606379.042754
/ndn/h12-site/h12/C2Data-1456-Type2;169189.0000;DATA;1611606379.427762
/ndn/v8-site/v8/C2Data-6417-Type1;226458.0000;DATA;1611606381.231762
/ndn/v7-site/v7/C2Data-6296-Type1;96789.0000;DATA;1611606383.248757
/ndn/d0-site/d0/C2Data-1819-Type1;23944.0000;DATA;1611606383.574769
/ndn/v14-site/v14/C2Data-7143-Type1;128842.0000;DATA;1611606384.914696
/ndn/d12-site/d12/C2Data-3271-Type2;46655.0000;DATA;1611606385.544686
/ndn/h8-site/h8/C2Data-972-Type1;123528.0000;DATA;1611606385.854714
/ndn/s13-site/s13/C2Data-5207-Type2;6000387.0000;TIMEOUT;1611606381.967714
/ndn/v6-site/v6/C2Data-3113-Type3;48720.0000;DATA;1611606398.560063
/ndn/v14-site/v14/C2Data-3601-Type3;123273.0000;DATA;1611606398.805823
/ndn/d6-site/d6/C2Data-1283-Type3;140694.0000;DATA;1611606398.938779
/ndn/v5-site/v5/C2Data-3052-Type3;143402.0000;DATA;1611606400.607782
/ndn/h2-site/h2/C2Data-124-Type3;173848.0000;DATA;1611606400.628805
/ndn/h5-site/h5/C2Data-610-Type2;140750.0000;DATA;1611606406.377792
/ndn/h5-site/h5/C2Data-125-Type4;146510.0000;DATA;1611606406.574810
/ndn/h10-site/h10/C2Data-1215-Type1;115973.0000;DATA;1611606408.476715
/ndn/d14-site/d14/C2Data-1771-Type3;71312.0000;DATA;1611606408.580681
/ndn/h1-site/h1/C2Data-126-Type1;24356.0000;DATA;1611606409.264806
/ndn/s12-site/s12/C2Data-2564-Type3;6000476.0000;TIMEOUT;1611606403.680743
/ndn/s9-site/s9/C2Data-2381-Type3;6000303.0000;TIMEOUT;1611606403.848772
/ndn/d9-site/d9/C2Data-2909-Type1;94098.0000;DATA;1611606411.559765
/ndn/h11-site/h11/C2Data-1336-Type1;71095.0000;DATA;1611606412.012773
/ndn/v5-site/v5/C2Data-6055-Type2;140677.0000;DATA;1611606411.951745
/ndn/d13-site/d13/C2Data-1710-Type3;47080.0000;DATA;1611606413.001788
/ndn/s8-site/s8/C2Data-4603-Type1;6000307.0000;TIMEOUT;1611606407.866732
/ndn/h14-site/h14/C2Data-856-Type3;125360.0000;DATA;1611606414.403750
/ndn/d11-site/d11/C2Data-1588-Type3;75016.0000;DATA;1611606415.005775
/ndn/s13-site/s13/C2Data-2625-Type3;6000294.0000;TIMEOUT;1611606410.744754
/ndn/s9-site/s9/C2Data-4724-Type1;6000362.0000;TIMEOUT;1611606411.810703
/ndn/s11-site/s11/C2Data-2503-Type3;6000272.0000;TIMEOUT;1611606411.836859
/ndn/h7-site/h7/C2Data-429-Type3;247043.0000;DATA;1611606418.893782
/ndn/s14-site/s14/C2Data-5329-Type2;6000767.0000;TIMEOUT;1611606414.262689
/ndn/s13-site/s13/C2Data-5208-Type1;6002580.0000;TIMEOUT;1611606415.271817
/ndn/s7-site/s7/C2Data-4482-Type1;6002886.0000;TIMEOUT;1611606415.307799
/ndn/h6-site/h6/C2Data-368-Type3;197420.0000;DATA;1611606422.123680
/ndn/s10-site/s10/C2Data-2442-Type3;6000370.0000;TIMEOUT;1611606417.892762
/ndn/s1-site/s1/C2Data-1893-Type3;6002394.0000;TIMEOUT;1611606418.687757
/ndn/v7-site/v7/C2Data-6298-Type2;96375.0000;DATA;1611606434.913746
/ndn/v9-site/v9/C2Data-6540-Type2;218044.0000;DATA;1611606434.954786
/ndn/s10-site/s10/C2Data-4846-Type2;6000263.0000;TIMEOUT;1611606434.546761
/ndn/h4-site/h4/C2Data-490-Type1;196764.0000;DATA;1611606442.760759
/ndn/s13-site/s13/C2Data-5209-Type1;6000237.0000;TIMEOUT;1611606437.012734
/ndn/s11-site/s11/C2Data-4967-Type1;6000239.0000;TIMEOUT;1611606437.189773
/ndn/v13-site/v13/C2Data-7024-Type1;96551.0000;DATA;1611606443.324834
/ndn/d3-site/d3/C2Data-2184-Type2;121063.0000;DATA;1611606443.664742
/ndn/s6-site/s6/C2Data-4362-Type2;6000218.0000;TIMEOUT;1611606439.956697
/ndn/s5-site/s5/C2Data-4241-Type2;6001696.0000;TIMEOUT;1611606441.458766
/ndn/s1-site/s1/C2Data-3757-Type2;6000764.0000;TIMEOUT;1611606444.317745
/ndn/s13-site/s13/C2Data-5209-Type2;6000673.0000;TIMEOUT;1611606444.586780
/ndn/s5-site/s5/C2Data-4241-Type1;6005502.0000;TIMEOUT;1611606444.652706
/ndn/v2-site/v2/C2Data-2870-Type3;97521.0000;DATA;1611606463.019757
/ndn/h1-site/h1/C2Data-128-Type1;24211.0000;DATA;1611606464.818773
/ndn/v13-site/v13/C2Data-3541-Type3;98032.0000;DATA;1611606465.298715
/ndn/h13-site/h13/C2Data-796-Type3;97693.0000;DATA;1611606465.886730
/ndn/d4-site/d4/C2Data-2306-Type2;30333.0000;DATA;1611606466.170756
/ndn/d1-site/d1/C2Data-1943-Type2;108772.0000;DATA;1611606466.366725
/ndn/s9-site/s9/C2Data-2382-Type3;6000402.0000;TIMEOUT;1611606460.724734
/ndn/d5-site/d5/C2Data-2427-Type2;174728.0000;DATA;1611606467.423748
/ndn/h5-site/h5/C2Data-612-Type2;144707.0000;DATA;1611606468.278780
/ndn/v10-site/v10/C2Data-3358-Type3;72298.0000;DATA;1611606469.682696
