/ndn/v1-site/v1/C2Data-5566-Type1;28157.0000;DATA;1611610901.792308
/ndn/h5-site/h5/C2Data-605-Type1;174783.0000;DATA;1611610901.736418
/ndn/h2-site/h2/C2Data-242-Type2;787.0000;NACK;1611610904.833378
/ndn/d13-site/d13/C2Data-3388-Type2;148801.0000;DATA;1611610904.803414
/ndn/s0-site/s0/C2Data-3630-Type1;168320.0000;DATA;1611610905.218360
/ndn/d5-site/d5/C2Data-2420-Type1;62185.0000;DATA;1611610905.376349
/ndn/h8-site/h8/C2Data-968-Type2;172322.0000;DATA;1611610905.633381
/ndn/s12-site/s12/C2Data-5082-Type1;573.0000;NACK;1611610906.567401
/ndn/d10-site/d10/C2Data-3025-Type1;228937.0000;DATA;1611610907.122490
/ndn/v4-site/v4/C2Data-5929-Type2;48952.0000;DATA;1611610907.406332
/ndn/s13-site/s13/C2Data-5203-Type2;457.0000;NACK;1611610909.632387
/ndn/s7-site/s7/C2Data-4477-Type1;194677.0000;DATA;1611610910.704369
/ndn/d13-site/d13/C2Data-1708-Type3;147499.0000;DATA;1611610926.046322
/ndn/h9-site/h9/C2Data-549-Type3;150461.0000;DATA;1611610927.387474
/ndn/h4-site/h4/C2Data-244-Type3;232614.0000;DATA;1611610927.853382
/ndn/v5-site/v5/C2Data-3050-Type3;50637.0000;DATA;1611610930.429399
/ndn/s9-site/s9/C2Data-4720-Type2;188017.0000;DATA;1611610930.733333
/ndn/d3-site/d3/C2Data-2179-Type2;143647.0000;DATA;1611610931.899406
/ndn/h14-site/h14/C2Data-1695-Type1;426.0000;NACK;1611610933.448388
/ndn/s2-site/s2/C2Data-3873-Type1;165242.0000;DATA;1611610934.161336
/ndn/s1-site/s1/C2Data-1891-Type3;281331.0000;DATA;1611610935.311328
/ndn/v0-site/v0/C2Data-2745-Type3;169499.0000;DATA;1611610936.937480
/ndn/s0-site/s0/C2Data-3631-Type2;173970.0000;DATA;1611610937.426440
/ndn/v10-site/v10/C2Data-6656-Type1;102843.0000;DATA;1611610938.656328
/ndn/h1-site/h1/C2Data-122-Type1;122075.0000;DATA;1611610939.603332
/ndn/v2-site/v2/C2Data-2867-Type3;133904.0000;DATA;1611610940.121994
/ndn/s4-site/s4/C2Data-2074-Type3;270964.0000;DATA;1611610940.073430
/ndn/s10-site/s10/C2Data-2440-Type3;249110.0000;DATA;1611610942.538403
/ndn/s13-site/s13/C2Data-2623-Type3;305876.0000;DATA;1611610944.020333
/ndn/v5-site/v5/C2Data-6052-Type1;46597.0000;DATA;1611610960.767364
/ndn/d3-site/d3/C2Data-2180-Type2;144592.0000;DATA;1611610961.913439
/ndn/v12-site/v12/C2Data-6899-Type2;50160.0000;DATA;1611610962.508537
/ndn/h8-site/h8/C2Data-970-Type1;138288.0000;DATA;1611610963.647393
/ndn/v8-site/v8/C2Data-6415-Type2;233085.0000;DATA;1611610966.456319
/ndn/h5-site/h5/C2Data-607-Type1;166682.0000;DATA;1611610967.291417
/ndn/h9-site/h9/C2Data-1091-Type2;139973.0000;DATA;1611610967.995432
/ndn/d6-site/d6/C2Data-2543-Type2;164970.0000;DATA;1611610968.328391
/ndn/s2-site/s2/C2Data-3874-Type1;163383.0000;DATA;1611610969.394317
/ndn/h1-site/h1/C2Data-123-Type1;120995.0000;DATA;1611610970.503381
/ndn/h3-site/h3/C2Data-365-Type1;26018.0000;DATA;1611610971.236490
/ndn/d4-site/d4/C2Data-2301-Type2;173707.0000;DATA;1611610971.092375
/ndn/v12-site/v12/C2Data-3478-Type3;48278.0000;DATA;1611610987.248310
/ndn/d2-site/d2/C2Data-1038-Type3;95901.0000;DATA;1611610988.375392
/ndn/d0-site/d0/C2Data-916-Type3;69548.0000;DATA;1611610988.582415
/ndn/h11-site/h11/C2Data-672-Type3;165942.0000;DATA;1611610990.250320
/ndn/v9-site/v9/C2Data-6537-Type1;240406.0000;DATA;1611610991.717319
/ndn/v13-site/v13/C2Data-7021-Type1;186525.0000;DATA;1611610992.290354
/ndn/d2-site/d2/C2Data-2060-Type1;95464.0000;DATA;1611610992.532403
/ndn/s9-site/s9/C2Data-2380-Type3;190851.0000;DATA;1611610992.661391
/ndn/s11-site/s11/C2Data-2502-Type3;255861.0000;DATA;1611610993.090359
/ndn/s3-site/s3/C2Data-3996-Type1;261369.0000;DATA;1611610993.162335
/ndn/v11-site/v11/C2Data-3417-Type3;146865.0000;DATA;1611610993.786426
/ndn/s10-site/s10/C2Data-4843-Type2;234455.0000;DATA;1611610995.015374
/ndn/h0-site/h0/C2Data-1-Type3;233847.0000;DATA;1611610995.191394
/ndn/d8-site/d8/C2Data-2786-Type1;71977.0000;DATA;1611610995.549385
/ndn/h9-site/h9/C2Data-550-Type3;143217.0000;DATA;1611610995.722361
/ndn/s6-site/s6/C2Data-2197-Type3;6000249.0000;TIMEOUT;1611610990.265346
/ndn/v14-site/v14/C2Data-3600-Type3;195152.0000;DATA;1611610996.446351
/ndn/d8-site/d8/C2Data-1404-Type3;71743.0000;DATA;1611610996.678377
/ndn/s12-site/s12/C2Data-2563-Type3;261510.0000;DATA;1611610996.570361
/ndn/v6-site/v6/C2Data-6174-Type2;140154.0000;DATA;1611610997.169339
/ndn/v8-site/v8/C2Data-6416-Type1;233557.0000;DATA;1611610997.484434
/ndn/s9-site/s9/C2Data-4722-Type1;195087.0000;DATA;1611610998.006421
/ndn/s0-site/s0/C2Data-3633-Type2;6000789.0000;TIMEOUT;1611610992.804317
/ndn/h11-site/h11/C2Data-1334-Type1;162624.0000;DATA;1611610999.124477
/ndn/s8-site/s8/C2Data-4601-Type2;193663.0000;DATA;1611610999.399926
/ndn/s5-site/s5/C2Data-2136-Type3;70170.0000;DATA;1611610999.707337
/ndn/d2-site/d2/C2Data-2060-Type2;95270.0000;DATA;1611611000.180418
/ndn/d5-site/d5/C2Data-1221-Type3;190920.0000;DATA;1611611001.114410
/ndn/h0-site/h0/C2Data-3-Type1;242859.0000;DATA;1611611002.578398
/ndn/s12-site/s12/C2Data-5085-Type2;6000296.0000;TIMEOUT;1611610998.041342
/ndn/s7-site/s7/C2Data-4480-Type1;6000314.0000;TIMEOUT;1611610998.252801
/ndn/s3-site/s3/C2Data-3996-Type2;6002438.0000;TIMEOUT;1611610999.181428
/ndn/v3-site/v3/C2Data-2929-Type3;217857.0000;DATA;1611611007.434351
/ndn/v6-site/v6/C2Data-900-Type4;162619.0000;DATA;1611611009.398239
/ndn/s7-site/s7/C2Data-2258-Type3;6000454.0000;TIMEOUT;1611611006.412419
/ndn/d12-site/d12/C2Data-675-Type4;51697.0000;DATA;1611611018.468320
/ndn/h2-site/h2/C2Data-246-Type2;261719.0000;DATA;1611611025.595340
/ndn/h12-site/h12/C2Data-1456-Type1;264545.0000;DATA;1611611026.735389
/ndn/d9-site/d9/C2Data-600-Type4;121012.0000;DATA;1611611026.889323
/ndn/s3-site/s3/C2Data-3997-Type1;6000268.0000;TIMEOUT;1611611021.524393
/ndn/h10-site/h10/C2Data-1214-Type1;141902.0000;DATA;1611611030.396375
/ndn/h9-site/h9/C2Data-1093-Type1;143083.0000;DATA;1611611030.419368
/ndn/h14-site/h14/C2Data-1698-Type1;209324.0000;DATA;1611611031.295329
/ndn/h4-site/h4/C2Data-100-Type4;209235.0000;DATA;1611611031.591307
/ndn/h6-site/h6/C2Data-730-Type2;218453.0000;DATA;1611611032.214343
/ndn/h12-site/h12/C2Data-1456-Type2;265506.0000;DATA;1611611032.470381
/ndn/h14-site/h14/C2Data-350-Type4;293435.0000;DATA;1611611039.467391
/ndn/h2-site/h2/C2Data-50-Type4;303790.0000;DATA;1611611042.817405
/ndn/v14-site/v14/C2Data-1100-Type4;195327.0000;DATA;1611611045.730385
/ndn/d6-site/d6/C2Data-2546-Type1;170084.0000;DATA;1611611051.270404
/ndn/h11-site/h11/C2Data-1336-Type1;166967.0000;DATA;1611611051.338383
/ndn/h7-site/h7/C2Data-429-Type3;266091.0000;DATA;1611611051.442308
/ndn/h12-site/h12/C2Data-1457-Type2;264317.0000;DATA;1611611052.399395
/ndn/v3-site/v3/C2Data-5813-Type1;214923.0000;DATA;1611611052.507347
/ndn/v4-site/v4/C2Data-2991-Type3;47538.0000;DATA;1611611053.058415
/ndn/h4-site/h4/C2Data-489-Type1;225103.0000;DATA;1611611053.560407
/ndn/v12-site/v12/C2Data-6902-Type2;46770.0000;DATA;1611611054.107323
/ndn/h14-site/h14/C2Data-1699-Type2;214961.0000;DATA;1611611055.647320
/ndn/d2-site/d2/C2Data-2062-Type2;92056.0000;DATA;1611611056.571331
/ndn/s5-site/s5/C2Data-4240-Type2;6000559.0000;TIMEOUT;1611611050.739364
/ndn/s12-site/s12/C2Data-5087-Type2;6000211.0000;TIMEOUT;1611611052.006358
/ndn/h9-site/h9/C2Data-1094-Type2;145178.0000;DATA;1611611058.756361
/ndn/s8-site/s8/C2Data-4603-Type2;6000474.0000;TIMEOUT;1611611053.149331
/ndn/d1-site/d1/C2Data-1941-Type2;239274.0000;DATA;1611611059.200398
/ndn/s13-site/s13/C2Data-5208-Type1;6000341.0000;TIMEOUT;1611611053.436408
/ndn/h6-site/h6/C2Data-368-Type3;213949.0000;DATA;1611611059.562380
/ndn/h0-site/h0/C2Data-5-Type2;237791.0000;DATA;1611611060.611381
/ndn/s13-site/s13/C2Data-2625-Type3;6000280.0000;TIMEOUT;1611611055.144362
/ndn/h3-site/h3/C2Data-368-Type2;24734.0000;DATA;1611611061.145570
/ndn/h9-site/h9/C2Data-551-Type3;146398.0000;DATA;1611611061.247311
/ndn/d14-site/d14/C2Data-3514-Type2;168090.0000;DATA;1611611062.042340
/ndn/d5-site/d5/C2Data-1222-Type3;191930.0000;DATA;1611611062.517341
/ndn/v9-site/v9/C2Data-6539-Type1;243041.0000;DATA;1611611062.591311
/ndn/s6-site/s6/C2Data-4361-Type2;6000297.0000;TIMEOUT;1611611058.959382
/ndn/s14-site/s14/C2Data-5329-Type2;6001024.0000;TIMEOUT;1611611059.957329
/ndn/v14-site/v14/C2Data-3601-Type3;209288.0000;DATA;1611611067.212402
/ndn/s4-site/s4/C2Data-4119-Type2;6000247.0000;TIMEOUT;1611611062.394394
/ndn/v13-site/v13/C2Data-7024-Type1;187237.0000;DATA;1611611081.258078
/ndn/v8-site/v8/C2Data-6419-Type1;242197.0000;DATA;1611611081.226975
/ndn/d10-site/d10/C2Data-3031-Type1;231170.0000;DATA;1611611082.096360
/ndn/v1-site/v1/C2Data-5572-Type1;27955.0000;DATA;1611611084.936417
/ndn/v0-site/v0/C2Data-5451-Type2;175356.0000;DATA;1611611085.132399
/ndn/v14-site/v14/C2Data-7145-Type2;201544.0000;DATA;1611611085.132970
/ndn/d10-site/d10/C2Data-3031-Type2;219317.0000;DATA;1611611086.044321
/ndn/s8-site/s8/C2Data-4604-Type1;6000984.0000;TIMEOUT;1611611081.520331
/ndn/h8-site/h8/C2Data-974-Type1;149647.0000;DATA;1611611087.745542
/ndn/h0-site/h0/C2Data-6-Type1;245743.0000;DATA;1611611087.657348
/ndn/h1-site/h1/C2Data-127-Type1;122510.0000;DATA;1611611088.132484
/ndn/v10-site/v10/C2Data-6661-Type2;103336.0000;DATA;1611611088.973423
/ndn/s6-site/s6/C2Data-4362-Type1;6000586.0000;TIMEOUT;1611611084.715326
/ndn/s9-site/s9/C2Data-4725-Type2;6000309.0000;TIMEOUT;1611611087.135404
/ndn/s2-site/s2/C2Data-3878-Type2;6001428.0000;TIMEOUT;1611611090.257316
/ndn/d9-site/d9/C2Data-1467-Type3;127143.0000;DATA;1611611108.066380
/ndn/v1-site/v1/C2Data-5573-Type1;23945.0000;DATA;1611611111.545408
/ndn/h12-site/h12/C2Data-1459-Type1;260661.0000;DATA;1611611111.410389
/ndn/v6-site/v6/C2Data-6178-Type2;144336.0000;DATA;1611611111.732428
/ndn/h2-site/h2/C2Data-249-Type1;265207.0000;DATA;1611611112.909404
/ndn/d8-site/d8/C2Data-2790-Type2;84494.0000;DATA;1611611113.775349
/ndn/v3-site/v3/C2Data-5815-Type2;216062.0000;DATA;1611611115.990353
