/ndn/d7-site/d7/C2Data-2057-Type1;97981.0000;DATA;1612146637.433174
/ndn/d4-site/d4/C2Data-1694-Type1;109962.0000;DATA;1612146638.580595
/ndn/d3-site/d3/C2Data-1573-Type2;250748.0000;DATA;1612146639.234112
/ndn/h4-site/h4/C2Data-484-Type2;147966.0000;DATA;1612146641.114470
/ndn/v1-site/v1/C2Data-3751-Type2;148890.0000;DATA;1612146642.127027
/ndn/v8-site/v8/C2Data-4598-Type2;185855.0000;DATA;1612146643.026152
/ndn/h1-site/h1/C2Data-121-Type1;208716.0000;DATA;1612146643.733456
/ndn/v5-site/v5/C2Data-4235-Type1;325025.0000;DATA;1612146643.714369
/ndn/s7-site/s7/C2Data-3267-Type1;75553.0000;DATA;1612146645.371616
/ndn/h8-site/h8/C2Data-968-Type1;219933.0000;DATA;1612146646.136375
/ndn/v6-site/v6/C2Data-4356-Type1;204722.0000;DATA;1612146646.486989
/ndn/s1-site/s1/C2Data-2541-Type1;239668.0000;DATA;1612146646.471645
/ndn/d2-site/d2/C2Data-1452-Type1;51986.0000;DATA;1612146648.631533
/ndn/s9-site/s9/C2Data-1769-Type3;330168.0000;DATA;1612146661.939024
/ndn/h3-site/h3/C2Data-183-Type3;135272.0000;DATA;1612146663.254074
/ndn/d1-site/d1/C2Data-671-Type3;152662.0000;DATA;1612146664.331617
/ndn/h5-site/h5/C2Data-606-Type1;153164.0000;DATA;1612146667.578148
/ndn/h6-site/h6/C2Data-727-Type2;230087.0000;DATA;1612146668.219430
/ndn/h8-site/h8/C2Data-488-Type3;193453.0000;DATA;1612146670.845394
/ndn/v7-site/v7/C2Data-4478-Type1;73753.0000;DATA;1612146672.335800
/ndn/d4-site/d4/C2Data-1695-Type1;106985.0000;DATA;1612146672.551153
/ndn/v8-site/v8/C2Data-2318-Type3;167906.0000;DATA;1612146673.031417
/ndn/d9-site/d9/C2Data-1159-Type3;27278.0000;DATA;1612146673.611420
/ndn/d2-site/d2/C2Data-1453-Type2;52010.0000;DATA;1612146676.595905
/ndn/h5-site/h5/C2Data-305-Type3;180765.0000;DATA;1612146676.493626
/ndn/h4-site/h4/C2Data-244-Type3;158835.0000;DATA;1612146677.423948
/ndn/s0-site/s0/C2Data-1220-Type3;222031.0000;DATA;1612146682.490932
/ndn/v7-site/v7/C2Data-2257-Type3;77056.0000;DATA;1612146682.992380
/ndn/h9-site/h9/C2Data-549-Type3;87578.0000;DATA;1612146683.452550
/ndn/d9-site/d9/C2Data-2301-Type1;28386.0000;DATA;1612146698.577123
/ndn/h5-site/h5/C2Data-607-Type1;152116.0000;DATA;1612146698.984933
/ndn/s2-site/s2/C2Data-2664-Type2;268362.0000;DATA;1612146701.843430
/ndn/v9-site/v9/C2Data-4721-Type2;27464.0000;DATA;1612146703.548808
/ndn/v8-site/v8/C2Data-4600-Type2;185095.0000;DATA;1612146704.846847
/ndn/v7-site/v7/C2Data-4479-Type2;72853.0000;DATA;1612146705.218400
/ndn/s9-site/s9/C2Data-3511-Type2;286851.0000;DATA;1612146705.321400
/ndn/v6-site/v6/C2Data-4358-Type2;201197.0000;DATA;1612146706.057473
/ndn/d9-site/d9/C2Data-2301-Type2;27464.0000;DATA;1612146707.247933
/ndn/d6-site/d6/C2Data-1938-Type2;234909.0000;DATA;1612146707.351849
/ndn/v3-site/v3/C2Data-2014-Type3;26947.0000;DATA;1612146727.088022
/ndn/h4-site/h4/C2Data-245-Type3;152801.0000;DATA;1612146728.735129
/ndn/v4-site/v4/C2Data-4117-Type2;307806.0000;DATA;1612146731.283443
