/ndn/v10-site/v10/C2Data-6655-Type2;487.0000;NACK;1611611481.256144
/ndn/v6-site/v6/C2Data-6171-Type2;25959.0000;DATA;1611611481.690090
/ndn/s1-site/s1/C2Data-3751-Type2;253343.0000;DATA;1611611482.060125
/ndn/d4-site/d4/C2Data-2299-Type1;24560.0000;DATA;1611611483.536153
/ndn/h4-site/h4/C2Data-484-Type2;170808.0000;DATA;1611611484.989107
/ndn/v3-site/v3/C2Data-5808-Type2;98771.0000;DATA;1611611487.220126
/ndn/s7-site/s7/C2Data-4477-Type2;47884.0000;DATA;1611611488.558172
/ndn/v11-site/v11/C2Data-6776-Type1;23934.0000;DATA;1611611488.962154
/ndn/s1-site/s1/C2Data-3751-Type1;250271.0000;DATA;1611611488.917086
/ndn/v2-site/v2/C2Data-5687-Type1;141940.0000;DATA;1611611490.643275
/ndn/v8-site/v8/C2Data-6413-Type1;193009.0000;DATA;1611611491.393191
/ndn/v5-site/v5/C2Data-6050-Type1;195869.0000;DATA;1611611492.112134
/ndn/v0-site/v0/C2Data-5445-Type1;197383.0000;DATA;1611611493.012121
/ndn/d2-site/d2/C2Data-1037-Type3;49966.0000;DATA;1611611506.482178
/ndn/s9-site/s9/C2Data-2379-Type3;97665.0000;DATA;1611611506.963187
/ndn/v2-site/v2/C2Data-2867-Type3;151994.0000;DATA;1611611508.479157
/ndn/v3-site/v3/C2Data-2928-Type3;97110.0000;DATA;1611611508.537138
/ndn/v8-site/v8/C2Data-3233-Type3;200918.0000;DATA;1611611508.540094
/ndn/h13-site/h13/C2Data-793-Type3;71719.0000;DATA;1611611511.129105
/ndn/s0-site/s0/C2Data-1830-Type3;186180.0000;DATA;1611611511.653101
/ndn/h4-site/h4/C2Data-485-Type2;168624.0000;DATA;1611611511.838202
/ndn/s8-site/s8/C2Data-4599-Type1;19230.0000;DATA;1611611512.563189
/ndn/s14-site/s14/C2Data-5325-Type1;25661.0000;DATA;1611611513.273095
/ndn/s7-site/s7/C2Data-4478-Type2;49219.0000;DATA;1611611513.587096
/ndn/d7-site/d7/C2Data-2663-Type1;119739.0000;DATA;1611611514.189106
/ndn/v14-site/v14/C2Data-7140-Type2;99676.0000;DATA;1611611514.476152
/ndn/d1-site/d1/C2Data-1937-Type1;105271.0000;DATA;1611611514.885157
/ndn/h5-site/h5/C2Data-606-Type2;118505.0000;DATA;1611611516.012098
/ndn/s10-site/s10/C2Data-4841-Type1;92593.0000;DATA;1611611517.460095
/ndn/h12-site/h12/C2Data-732-Type3;115436.0000;DATA;1611611518.360181
/ndn/v13-site/v13/C2Data-3538-Type3;70631.0000;DATA;1611611519.179157
/ndn/v6-site/v6/C2Data-6172-Type2;23797.0000;DATA;1611611519.251155
/ndn/s14-site/s14/C2Data-2684-Type3;24358.0000;DATA;1611611519.290155
/ndn/v12-site/v12/C2Data-6898-Type2;164560.0000;DATA;1611611519.349090
/ndn/s2-site/s2/C2Data-3873-Type1;46843.0000;DATA;1611611520.536094
/ndn/s13-site/s13/C2Data-5204-Type2;239180.0000;DATA;1611611520.646138
/ndn/h3-site/h3/C2Data-364-Type2;146305.0000;DATA;1611611520.786188
/ndn/d2-site/d2/C2Data-2058-Type2;47654.0000;DATA;1611611520.925099
/ndn/h4-site/h4/C2Data-244-Type3;167657.0000;DATA;1611611521.707175
/ndn/h10-site/h10/C2Data-1211-Type2;165201.0000;DATA;1611611522.134212
/ndn/s2-site/s2/C2Data-3873-Type2;47480.0000;DATA;1611611522.591122
/ndn/d9-site/d9/C2Data-1464-Type3;152318.0000;DATA;1611611524.482108
/ndn/h10-site/h10/C2Data-610-Type3;134527.0000;DATA;1611611525.136266
/ndn/s12-site/s12/C2Data-5084-Type1;214580.0000;DATA;1611611541.272151
/ndn/v8-site/v8/C2Data-6415-Type1;191507.0000;DATA;1611611542.346098
/ndn/d1-site/d1/C2Data-1938-Type1;94397.0000;DATA;1611611545.552151
/ndn/d8-site/d8/C2Data-2785-Type2;71526.0000;DATA;1611611545.897183
/ndn/v13-site/v13/C2Data-7020-Type2;71210.0000;DATA;1611611545.936164
/ndn/v6-site/v6/C2Data-6173-Type1;25705.0000;DATA;1611611546.476145
/ndn/s0-site/s0/C2Data-3632-Type2;200450.0000;DATA;1611611548.011138
/ndn/v4-site/v4/C2Data-5931-Type1;198154.0000;DATA;1611611549.538113
/ndn/h11-site/h11/C2Data-1333-Type1;24096.0000;DATA;1611611550.032137
/ndn/d7-site/d7/C2Data-2664-Type2;117590.0000;DATA;1611611551.180186
/ndn/h8-site/h8/C2Data-970-Type1;168565.0000;DATA;1611611551.142106
/ndn/s11-site/s11/C2Data-2502-Type3;218613.0000;DATA;1611611566.017097
/ndn/s12-site/s12/C2Data-2563-Type3;164161.0000;DATA;1611611569.681186
/ndn/h14-site/h14/C2Data-1697-Type1;70567.0000;DATA;1611611572.799172
/ndn/d0-site/d0/C2Data-916-Type3;70184.0000;DATA;1611611573.503155
/ndn/d0-site/d0/C2Data-1818-Type2;71761.0000;DATA;1611611574.539198
/ndn/s8-site/s8/C2Data-4601-Type2;46416.0000;DATA;1611611574.769170
/ndn/s7-site/s7/C2Data-2258-Type3;6000805.0000;TIMEOUT;1611611568.982143
/ndn/v7-site/v7/C2Data-6295-Type1;161222.0000;DATA;1611611574.908108
/ndn/h11-site/h11/C2Data-1334-Type1;24221.0000;DATA;1611611577.379102
/ndn/v2-site/v2/C2Data-2868-Type3;159584.0000;DATA;1611611579.346156
/ndn/h9-site/h9/C2Data-550-Type3;148352.0000;DATA;1611611579.900106
/ndn/h4-site/h4/C2Data-487-Type2;173255.0000;DATA;1611611580.263163
/ndn/d2-site/d2/C2Data-2060-Type1;47945.0000;DATA;1611611580.421155
/ndn/v8-site/v8/C2Data-3234-Type3;188306.0000;DATA;1611611581.439146
/ndn/h9-site/h9/C2Data-1092-Type2;140506.0000;DATA;1611611581.953161
/ndn/h0-site/h0/C2Data-0-Type4;193437.0000;DATA;1611611583.684133
/ndn/h8-site/h8/C2Data-200-Type4;256703.0000;DATA;1611611590.334124
/ndn/v6-site/v6/C2Data-900-Type4;27416.0000;DATA;1611611593.721144
/ndn/d4-site/d4/C2Data-475-Type4;23556.0000;DATA;1611611594.310101
/ndn/d0-site/d0/C2Data-1819-Type1;75904.0000;DATA;1611611603.104117
/ndn/d12-site/d12/C2Data-3271-Type1;101716.0000;DATA;1611611606.012100
/ndn/d2-site/d2/C2Data-2061-Type1;49548.0000;DATA;1611611607.575139
/ndn/v1-site/v1/C2Data-5570-Type1;167594.0000;DATA;1611611608.252176
/ndn/v4-site/v4/C2Data-5933-Type1;188035.0000;DATA;1611611612.456196
/ndn/d9-site/d9/C2Data-2908-Type1;148579.0000;DATA;1611611612.813242
/ndn/v4-site/v4/C2Data-850-Type4;245759.0000;DATA;1611611613.176091
/ndn/s13-site/s13/C2Data-5207-Type1;6005131.0000;TIMEOUT;1611611609.649174
/ndn/s10-site/s10/C2Data-4844-Type1;6003817.0000;TIMEOUT;1611611610.159113
/ndn/s6-site/s6/C2Data-4360-Type1;6000276.0000;TIMEOUT;1611611610.759144
/ndn/s0-site/s0/C2Data-3634-Type2;6002826.0000;TIMEOUT;1611611612.129096
/ndn/d9-site/d9/C2Data-600-Type4;263723.0000;DATA;1611611622.789191
/ndn/h2-site/h2/C2Data-50-Type4;175302.0000;DATA;1611611624.005203
/ndn/v2-site/v2/C2Data-800-Type4;164995.0000;DATA;1611611624.691137
/ndn/v4-site/v4/C2Data-2991-Type3;238157.0000;DATA;1611611626.142188
/ndn/v13-site/v13/C2Data-3540-Type3;75644.0000;DATA;1611611628.053137
/ndn/v0-site/v0/C2Data-750-Type4;330767.0000;DATA;1611611629.588973
/ndn/d9-site/d9/C2Data-1466-Type3;147748.0000;DATA;1611611630.213156
/ndn/d7-site/d7/C2Data-1344-Type3;124505.0000;DATA;1611611630.794145
/ndn/v13-site/v13/C2Data-7023-Type2;74702.0000;DATA;1611611632.221149
/ndn/v11-site/v11/C2Data-6781-Type2;24477.0000;DATA;1611611633.371166
/ndn/d11-site/d11/C2Data-1588-Type3;117855.0000;DATA;1611611633.893149
/ndn/d4-site/d4/C2Data-2304-Type2;23797.0000;DATA;1611611636.466093
/ndn/v9-site/v9/C2Data-6539-Type1;193809.0000;DATA;1611611637.250160
/ndn/s2-site/s2/C2Data-3877-Type1;6000695.0000;TIMEOUT;1611611632.063150
/ndn/v12-site/v12/C2Data-6902-Type2;169381.0000;DATA;1611611638.529169
/ndn/v14-site/v14/C2Data-7144-Type2;92718.0000;DATA;1611611639.841299
/ndn/v0-site/v0/C2Data-2747-Type3;186550.0000;DATA;1611611639.843782
/ndn/v5-site/v5/C2Data-3052-Type3;192210.0000;DATA;1611611640.241859
/ndn/s12-site/s12/C2Data-2564-Type3;6000304.0000;TIMEOUT;1611611634.851129
/ndn/s14-site/s14/C2Data-5329-Type2;6000729.0000;TIMEOUT;1611611635.371142
/ndn/v11-site/v11/C2Data-3418-Type3;24728.0000;DATA;1611611641.655662
/ndn/h11-site/h11/C2Data-673-Type3;23777.0000;DATA;1611611641.916156
/ndn/v3-site/v3/C2Data-5813-Type2;95835.0000;DATA;1611611642.001562
/ndn/h8-site/h8/C2Data-973-Type2;168236.0000;DATA;1611611642.373150
/ndn/d11-site/d11/C2Data-3151-Type2;118375.0000;DATA;1611611642.453166
/ndn/v2-site/v2/C2Data-5692-Type2;153335.0000;DATA;1611611642.584121
/ndn/s12-site/s12/C2Data-5087-Type1;6000231.0000;TIMEOUT;1611611638.109159
/ndn/v3-site/v3/C2Data-2930-Type3;93325.0000;DATA;1611611647.780174
/ndn/s11-site/s11/C2Data-2503-Type3;6000373.0000;TIMEOUT;1611611645.003718
/ndn/v6-site/v6/C2Data-6177-Type2;25531.0000;DATA;1611611661.649227
/ndn/v8-site/v8/C2Data-6419-Type1;208514.0000;DATA;1611611662.277110
/ndn/v11-site/v11/C2Data-6782-Type1;26819.0000;DATA;1611611664.428112
/ndn/d0-site/d0/C2Data-1821-Type1;70751.0000;DATA;1611611665.536116
/ndn/h13-site/h13/C2Data-1579-Type2;74757.0000;DATA;1611611666.319169
/ndn/s12-site/s12/C2Data-5088-Type1;6003164.0000;TIMEOUT;1611611665.629176
/ndn/h0-site/h0/C2Data-6-Type1;194051.0000;DATA;1611611673.132127
/ndn/h12-site/h12/C2Data-735-Type3;118123.0000;DATA;1611611688.573204
/ndn/d5-site/d5/C2Data-1223-Type3;143449.0000;DATA;1611611688.949173
/ndn/h5-site/h5/C2Data-308-Type3;147725.0000;DATA;1611611691.060208
/ndn/d1-site/d1/C2Data-979-Type3;96793.0000;DATA;1611611691.156110
/ndn/s5-site/s5/C2Data-2138-Type3;6000273.0000;TIMEOUT;1611611685.474176
/ndn/v14-site/v14/C2Data-3602-Type3;93786.0000;DATA;1611611694.009166
/ndn/v0-site/v0/C2Data-2748-Type3;193288.0000;DATA;1611611695.245115
/ndn/v7-site/v7/C2Data-6299-Type2;142042.0000;DATA;1611611696.843090
