/ndn/s9-site/s9/C2Data-3509-Type1;173800.0000;DATA;1612714524.994106
/ndn/h2-site/h2/C2Data-242-Type2;121691.0000;DATA;1612714526.747417
/ndn/d5-site/d5/C2Data-1815-Type1;126530.0000;DATA;1612714527.297597
/ndn/h0-site/h0/C2Data-0-Type1;1106.0000;DATA;1612714528.731713
/ndn/h0-site/h0/C2Data-0-Type2;871.0000;DATA;1612714528.855147
/ndn/d9-site/d9/C2Data-2299-Type2;1185.0000;DATA;1612714529.131975
/ndn/h3-site/h3/C2Data-363-Type2;105198.0000;DATA;1612714529.627997
/ndn/s8-site/s8/C2Data-3388-Type1;114413.0000;DATA;1612714529.795961
/ndn/v2-site/v2/C2Data-3872-Type1;178138.0000;DATA;1612714532.727026
/ndn/d8-site/d8/C2Data-2178-Type1;852.0000;DATA;1612714535.650897
/ndn/v8-site/v8/C2Data-4598-Type1;48798.0000;DATA;1612714536.454075
/ndn/s0-site/s0/C2Data-1220-Type3;128764.0000;DATA;1612714550.768165
/ndn/h5-site/h5/C2Data-305-Type3;28436.0000;DATA;1612714552.002817
/ndn/d2-site/d2/C2Data-732-Type3;172677.0000;DATA;1612714555.157012
/ndn/v3-site/v3/C2Data-3994-Type2;113667.0000;DATA;1612714555.267217
/ndn/h8-site/h8/C2Data-969-Type2;76458.0000;DATA;1612714555.672613
/ndn/s7-site/s7/C2Data-1647-Type3;1292.0000;DATA;1612714558.375884
/ndn/d2-site/d2/C2Data-1453-Type1;1245.0000;DATA;1612714558.384164
/ndn/d3-site/d3/C2Data-793-Type3;163008.0000;DATA;1612714559.157643
/ndn/h7-site/h7/C2Data-848-Type1;30382.0000;DATA;1612714559.390238
/ndn/s9-site/s9/C2Data-1769-Type3;151032.0000;DATA;1612714559.486992
/ndn/h4-site/h4/C2Data-485-Type1;25675.0000;DATA;1612714560.127912
/ndn/s3-site/s3/C2Data-2784-Type2;125232.0000;DATA;1612714560.688036
/ndn/v7-site/v7/C2Data-2257-Type3;862.0000;DATA;1612714560.942019
/ndn/d9-site/d9/C2Data-1159-Type3;104185.0000;DATA;1612714563.323659
/ndn/h1-site/h1/C2Data-122-Type2;938.0000;DATA;1612714564.422254
/ndn/d1-site/d1/C2Data-671-Type3;53759.0000;DATA;1612714572.168410
/ndn/v7-site/v7/C2Data-4479-Type2;60789.0000;DATA;1612714585.199875
/ndn/h8-site/h8/C2Data-970-Type1;89228.0000;DATA;1612714586.059886
/ndn/d7-site/d7/C2Data-2059-Type1;173068.0000;DATA;1612714586.923114
/ndn/s5-site/s5/C2Data-3027-Type2;51655.0000;DATA;1612714588.980022
/ndn/h0-site/h0/C2Data-2-Type1;109772.0000;DATA;1612714592.929681
/ndn/v5-site/v5/C2Data-4237-Type1;155213.0000;DATA;1612714593.136065
/ndn/v7-site/v7/C2Data-2258-Type3;62548.0000;DATA;1612714609.967016
/ndn/v5-site/v5/C2Data-2136-Type3;266099.0000;DATA;1612714610.546410
/ndn/s4-site/s4/C2Data-1465-Type3;126759.0000;DATA;1612714610.884180
/ndn/h3-site/h3/C2Data-184-Type3;54423.0000;DATA;1612714612.879064
/ndn/h0-site/h0/C2Data-1-Type3;111525.0000;DATA;1612714613.791651
/ndn/d8-site/d8/C2Data-1099-Type3;121920.0000;DATA;1612714614.138628
/ndn/h4-site/h4/C2Data-245-Type3;3141.0000;DATA;1612714614.770715
/ndn/v8-site/v8/C2Data-2319-Type3;49991.0000;DATA;1612714614.761885
/ndn/d2-site/d2/C2Data-1455-Type2;74455.0000;DATA;1612714615.105799
/ndn/s5-site/s5/C2Data-3028-Type1;97774.0000;DATA;1612714617.261635
/ndn/s5-site/s5/C2Data-3028-Type2;55686.0000;DATA;1612714618.036047
/ndn/s2-site/s2/C2Data-1343-Type3;1138.0000;DATA;1612714618.379150
/ndn/d1-site/d1/C2Data-1334-Type1;107747.0000;DATA;1612714618.678525
/ndn/h1-site/h1/C2Data-124-Type1;25092.0000;DATA;1612714618.958174
/ndn/h8-site/h8/C2Data-971-Type2;74438.0000;DATA;1612714619.256108
/ndn/s6-site/s6/C2Data-3149-Type1;1493.0000;DATA;1612714620.350051
/ndn/h9-site/h9/C2Data-1092-Type1;151667.0000;DATA;1612714621.605484
/ndn/d3-site/d3/C2Data-1576-Type1;153091.0000;DATA;1612714621.829141
/ndn/v6-site/v6/C2Data-2197-Type3;123969.0000;DATA;1612714622.373608
/ndn/d6-site/d6/C2Data-1939-Type2;2328.0000;DATA;1612714622.769331
/ndn/v5-site/v5/C2Data-4238-Type1;179344.0000;DATA;1612714623.626383
/ndn/h2-site/h2/C2Data-245-Type2;50747.0000;DATA;1612714625.817055
/ndn/h3-site/h3/C2Data-366-Type2;807.0000;DATA;1612714626.219228
/ndn/d2-site/d2/C2Data-733-Type3;1534.0000;DATA;1612714627.076150
/ndn/v5-site/v5/C2Data-625-Type4;1170.0000;DATA;1612714627.963501
/ndn/h0-site/h0/C2Data-0-Type4;122379.0000;DATA;1612714633.590052
/ndn/d0-site/d0/C2Data-250-Type4;73325.0000;DATA;1612714639.172719
/ndn/d6-site/d6/C2Data-1940-Type2;97469.0000;DATA;1612714646.883050
/ndn/h5-site/h5/C2Data-609-Type2;1220.0000;DATA;1612714647.399898
/ndn/d4-site/d4/C2Data-1698-Type1;899.0000;DATA;1612714647.412684
/ndn/v1-site/v1/C2Data-525-Type4;1593.0000;DATA;1612714647.964873
/ndn/s4-site/s4/C2Data-2908-Type2;166662.0000;DATA;1612714647.802023
/ndn/s8-site/s8/C2Data-3392-Type2;50855.0000;DATA;1612714649.464289
/ndn/d8-site/d8/C2Data-2182-Type1;120824.0000;DATA;1612714650.726337
/ndn/v3-site/v3/C2Data-3997-Type1;99520.0000;DATA;1612714652.001681
/ndn/s3-site/s3/C2Data-2787-Type1;137400.0000;DATA;1612714652.329072
/ndn/s1-site/s1/C2Data-2545-Type2;130229.0000;DATA;1612714654.531703
/ndn/d7-site/d7/C2Data-1039-Type3;203487.0000;DATA;1612714672.735842
/ndn/h3-site/h3/C2Data-185-Type3;61507.0000;DATA;1612714673.928122
/ndn/v8-site/v8/C2Data-4603-Type1;25398.0000;DATA;1612714675.337237
/ndn/v5-site/v5/C2Data-4240-Type1;967.0000;DATA;1612714676.238170
/ndn/s3-site/s3/C2Data-1405-Type3;1744.0000;DATA;1612714677.434169
/ndn/d7-site/d7/C2Data-2062-Type2;185577.0000;DATA;1612714677.340050
/ndn/s7-site/s7/C2Data-1649-Type3;893.0000;DATA;1612714680.023986
/ndn/v5-site/v5/C2Data-2137-Type3;79497.0000;DATA;1612714681.721348
/ndn/s9-site/s9/C2Data-1771-Type3;21889.0000;DATA;1612714683.648918
/ndn/v1-site/v1/C2Data-1893-Type3;1949.0000;DATA;1612714684.058999
/ndn/v7-site/v7/C2Data-2259-Type3;864.0000;DATA;1612714684.155098
/ndn/h9-site/h9/C2Data-551-Type3;962.0000;DATA;1612714684.503276
/ndn/h2-site/h2/C2Data-124-Type3;1007.0000;DATA;1612714685.731284
/ndn/d7-site/d7/C2Data-2062-Type1;206917.0000;DATA;1612714685.869326
/ndn/s9-site/s9/C2Data-3514-Type2;1074.0000;DATA;1612714686.227989
/ndn/d5-site/d5/C2Data-917-Type3;1152.0000;DATA;1612714688.381325
/ndn/d6-site/d6/C2Data-1942-Type2;27392.0000;DATA;1612714706.184903
/ndn/h5-site/h5/C2Data-611-Type1;26332.0000;DATA;1612714707.643949
/ndn/h5-site/h5/C2Data-611-Type2;26677.0000;DATA;1612714707.704262
/ndn/s3-site/s3/C2Data-2789-Type2;153652.0000;DATA;1612714709.583321
/ndn/h0-site/h0/C2Data-6-Type2;828.0000;DATA;1612714710.868961
/ndn/h9-site/h9/C2Data-1095-Type2;27190.0000;DATA;1612714714.476239
/ndn/s1-site/s1/C2Data-2547-Type1;40658.0000;DATA;1612714715.342590
/ndn/s5-site/s5/C2Data-3031-Type2;25268.0000;DATA;1612714716.141296
/ndn/h1-site/h1/C2Data-64-Type3;31135.0000;DATA;1612714730.563995
/ndn/s5-site/s5/C2Data-3032-Type2;95835.0000;DATA;1612714734.860046
/ndn/h9-site/h9/C2Data-552-Type3;148390.0000;DATA;1612714735.420461
/ndn/v1-site/v1/C2Data-3758-Type2;25010.0000;DATA;1612714736.403452
/ndn/d6-site/d6/C2Data-979-Type3;1877.0000;DATA;1612714737.227012
/ndn/h1-site/h1/C2Data-128-Type2;25611.0000;DATA;1612714737.773468
/ndn/s3-site/s3/C2Data-2790-Type2;123974.0000;DATA;1612714740.404945
/ndn/s9-site/s9/C2Data-3516-Type1;24764.0000;DATA;1612714740.919308
/ndn/v4-site/v4/C2Data-312-Type5;196631.0000;DATA;1612714741.626133
/ndn/h6-site/h6/C2Data-369-Type3;71616.0000;DATA;1612714742.208330
/ndn/h4-site/h4/C2Data-491-Type2;35349.0000;DATA;1612714742.270063
/ndn/s6-site/s6/C2Data-3153-Type2;78983.0000;DATA;1612714742.258338
/ndn/d5-site/d5/C2Data-1822-Type2;1744.0000;DATA;1612714742.800715
/ndn/s7-site/s7/C2Data-3274-Type1;54127.0000;DATA;1612714743.270825
/ndn/s6-site/s6/C2Data-1589-Type3;867.0000;DATA;1612714743.659979
/ndn/v5-site/v5/C2Data-4242-Type1;24314.0000;DATA;1612714744.362000
/ndn/d7-site/d7/C2Data-2064-Type1;178563.0000;DATA;1612714744.220269
/ndn/d3-site/d3/C2Data-169-Type5;155422.0000;DATA;1612714744.330106
/ndn/d4-site/d4/C2Data-1701-Type1;2137.0000;DATA;1612714744.884828
/ndn/s4-site/s4/C2Data-2911-Type2;77658.0000;DATA;1612714745.416745
/ndn/s0-site/s0/C2Data-1223-Type3;850.0000;DATA;1612714745.917953
/ndn/v8-site/v8/C2Data-2321-Type3;4219.0000;DATA;1612714746.875963
/ndn/d8-site/d8/C2Data-1101-Type3;1981.0000;DATA;1612714748.165573
/ndn/h7-site/h7/C2Data-430-Type3;2094.0000;DATA;1612714752.243908
/ndn/h2-site/h2/C2Data-250-Type1;122192.0000;DATA;1612714764.997134
/ndn/s0-site/s0/C2Data-2428-Type2;121470.0000;DATA;1612714765.482996
/ndn/h7-site/h7/C2Data-855-Type1;1728.0000;DATA;1612714765.780286
/ndn/d8-site/d8/C2Data-2186-Type2;140201.0000;DATA;1612714766.311812
/ndn/v9-site/v9/C2Data-4727-Type2;942.0000;DATA;1612714773.967218
/ndn/h7-site/h7/C2Data-855-Type2;2351.0000;DATA;1612714775.610465
/ndn/h6-site/h6/C2Data-78-Type5;4643.0000;DATA;1612714785.035031
/ndn/v3-site/v3/C2Data-576-Type4;29608.0000;DATA;1612714791.608878
/ndn/v8-site/v8/C2Data-701-Type4;67423.0000;DATA;1612714791.536842
/ndn/h6-site/h6/C2Data-735-Type2;787.0000;DATA;1612714796.156788
/ndn/d1-site/d1/C2Data-675-Type3;107144.0000;DATA;1612714796.351875
/ndn/v3-site/v3/C2Data-299-Type5;1604.0000;DATA;1612714796.551085
/ndn/s9-site/s9/C2Data-1773-Type3;3032.0000;DATA;1612714798.253997
/ndn/h5-site/h5/C2Data-309-Type3;1064.0000;DATA;1612714799.703094
/ndn/s6-site/s6/C2Data-1590-Type3;923.0000;DATA;1612714799.857086
/ndn/s3-site/s3/C2Data-1407-Type3;28822.0000;DATA;1612714800.211407
/ndn/d9-site/d9/C2Data-1163-Type3;24643.0000;DATA;1612714800.222794
/ndn/v2-site/v2/C2Data-3881-Type1;29592.0000;DATA;1612714800.257940
/ndn/h4-site/h4/C2Data-248-Type3;1102.0000;DATA;1612714800.847713
/ndn/s7-site/s7/C2Data-1651-Type3;9760.0000;DATA;1612714800.883116
/ndn/v8-site/v8/C2Data-4607-Type1;49412.0000;DATA;1612714801.940509
/ndn/s3-site/s3/C2Data-2792-Type2;28394.0000;DATA;1612714802.036813
/ndn/v4-site/v4/C2Data-601-Type4;164705.0000;DATA;1612714803.187764
/ndn/h9-site/h9/C2Data-553-Type3;4697.0000;DATA;1612714803.968053
/ndn/s5-site/s5/C2Data-1529-Type3;983.0000;DATA;1612714804.401427
/ndn/v9-site/v9/C2Data-726-Type4;1865.0000;DATA;1612714804.762227
/ndn/v8-site/v8/C2Data-4607-Type2;1312.0000;DATA;1612714805.386471
/ndn/d3-site/d3/C2Data-326-Type4;826.0000;DATA;1612714805.615063
/ndn/v7-site/v7/C2Data-4486-Type1;51561.0000;DATA;1612714805.630446
/ndn/h6-site/h6/C2Data-370-Type3;4417.0000;DATA;1612714808.759512
/ndn/v8-site/v8/C2Data-2322-Type3;845.0000;DATA;1612714811.844418
/ndn/d0-site/d0/C2Data-251-Type4;2805.0000;DATA;1612714814.783801
/ndn/v2-site/v2/C2Data-286-Type5;54292.0000;DATA;1612714815.179686
/ndn/v1-site/v1/C2Data-526-Type4;2102.0000;DATA;1612714815.303714
/ndn/h8-site/h8/C2Data-104-Type5;2301.0000;DATA;1612714819.395255
/ndn/h6-site/h6/C2Data-151-Type4;769.0000;DATA;1612714823.145848
/ndn/v3-site/v3/C2Data-4003-Type1;2811.0000;DATA;1612714828.139324
/ndn/h3-site/h3/C2Data-76-Type4;1023.0000;DATA;1612714829.466521
/ndn/d9-site/d9/C2Data-2309-Type2;1800.0000;DATA;1612714829.498448
/ndn/h1-site/h1/C2Data-131-Type1;24073.0000;DATA;1612714830.746293
/ndn/h6-site/h6/C2Data-736-Type2;82652.0000;DATA;1612714834.052884
/ndn/v7-site/v7/C2Data-4487-Type1;1593.0000;DATA;1612714835.599315
/ndn/d4-site/d4/C2Data-182-Type5;1488.0000;DATA;1612714839.583355
/ndn/v8-site/v8/C2Data-2323-Type3;63355.0000;DATA;1612714849.180061
/ndn/v6-site/v6/C2Data-2201-Type3;109485.0000;DATA;1612714853.395580
/ndn/d8-site/d8/C2Data-2189-Type1;141334.0000;DATA;1612714854.822197
/ndn/d6-site/d6/C2Data-1947-Type1;98811.0000;DATA;1612714854.940260
/ndn/v5-site/v5/C2Data-4246-Type2;147174.0000;DATA;1612714855.273987
/ndn/h9-site/h9/C2Data-1100-Type1;154301.0000;DATA;1612714857.788056
/ndn/d4-site/d4/C2Data-1705-Type2;2699.0000;DATA;1612714858.724321
/ndn/h4-site/h4/C2Data-495-Type2;1455.0000;DATA;1612714859.466072
/ndn/d5-site/d5/C2Data-1826-Type2;121261.0000;DATA;1612714860.503068
/ndn/s2-site/s2/C2Data-1347-Type3;986.0000;DATA;1612714861.405746
/ndn/v9-site/v9/C2Data-2384-Type3;910.0000;DATA;1612714863.335724
/ndn/v7-site/v7/C2Data-4488-Type1;49423.0000;DATA;1612714863.984757
/ndn/s0-site/s0/C2Data-1225-Type3;118626.0000;DATA;1612714866.235367
/ndn/d4-site/d4/C2Data-1705-Type1;1269.0000;DATA;1612714866.702890
/ndn/d6-site/d6/C2Data-981-Type3;1047.0000;DATA;1612714868.150275
/ndn/v2-site/v2/C2Data-3884-Type2;187818.0000;DATA;1612714886.163152
/ndn/d2-site/d2/C2Data-1464-Type1;88040.0000;DATA;1612714886.403414
/ndn/v9-site/v9/C2Data-4731-Type1;3076.0000;DATA;1612714889.545155
/ndn/s0-site/s0/C2Data-2432-Type2;51538.0000;DATA;1612714892.111622
/ndn/h9-site/h9/C2Data-1101-Type2;158811.0000;DATA;1612714892.433281
/ndn/d2-site/d2/C2Data-1464-Type2;74587.0000;DATA;1612714892.752630
/ndn/d1-site/d1/C2Data-1343-Type1;168524.0000;DATA;1612714895.242975
/ndn/s7-site/s7/C2Data-3279-Type2;6001241.0000;TIMEOUT;1612714893.872605
/ndn/s7-site/s7/C2Data-3279-Type1;6003934.0000;TIMEOUT;1612714894.830457
/ndn/v5-site/v5/C2Data-4248-Type2;184855.0000;DATA;1612714914.774533
/ndn/h6-site/h6/C2Data-739-Type2;77351.0000;DATA;1612714916.342401
/ndn/s0-site/s0/C2Data-1226-Type3;6000916.0000;TIMEOUT;1612714912.088153
/ndn/d2-site/d2/C2Data-302-Type4;72847.0000;DATA;1612714920.832521
/ndn/h3-site/h3/C2Data-376-Type1;113964.0000;DATA;1612714921.031676
/ndn/h5-site/h5/C2Data-618-Type1;25946.0000;DATA;1612714922.070283
/ndn/h5-site/h5/C2Data-618-Type2;28077.0000;DATA;1612714922.220538
/ndn/v5-site/v5/C2Data-4248-Type1;183514.0000;DATA;1612714922.629519
/ndn/s7-site/s7/C2Data-1653-Type3;6007811.0000;TIMEOUT;1612714916.862086
/ndn/v6-site/v6/C2Data-2202-Type3;49267.0000;DATA;1612714923.007826
/ndn/v5-site/v5/C2Data-2141-Type3;145012.0000;DATA;1612714924.409197
/ndn/v7-site/v7/C2Data-4490-Type2;24820.0000;DATA;1612714925.481197
/ndn/v9-site/v9/C2Data-2385-Type3;115786.0000;DATA;1612714925.660265
/ndn/d8-site/d8/C2Data-452-Type4;121666.0000;DATA;1612714926.248193
/ndn/h2-site/h2/C2Data-128-Type3;1389.0000;DATA;1612714926.833184
/ndn/v7-site/v7/C2Data-2263-Type3;788.0000;DATA;1612714927.647340
/ndn/s7-site/s7/C2Data-3280-Type2;6003430.0000;TIMEOUT;1612714924.142435
/ndn/h3-site/h3/C2Data-77-Type4;117818.0000;DATA;1612714932.234566
/ndn/s1-site/s1/C2Data-1287-Type3;6015347.0000;TIMEOUT;1612714928.222879
/ndn/h4-site/h4/C2Data-498-Type2;28246.0000;DATA;1612714944.836794
/ndn/v1-site/v1/C2Data-527-Type4;31112.0000;DATA;1612714945.135295
/ndn/h2-site/h2/C2Data-256-Type2;1103.0000;DATA;1612714952.972704
/ndn/h8-site/h8/C2Data-982-Type1;4673.0000;DATA;1612714953.395403
/ndn/s4-site/s4/C2Data-2918-Type1;6000628.0000;TIMEOUT;1612714948.872840
/ndn/s8-site/s8/C2Data-3402-Type2;6000376.0000;TIMEOUT;1612714950.109983
/ndn/d1-site/d1/C2Data-277-Type4;25620.0000;DATA;1612714963.948283
/ndn/v8-site/v8/C2Data-2325-Type3;51552.0000;DATA;1612714970.202824
/ndn/v8-site/v8/C2Data-702-Type4;2672.0000;DATA;1612714970.387397
/ndn/v9-site/v9/C2Data-727-Type4;1359.0000;DATA;1612714973.636168
/ndn/h3-site/h3/C2Data-190-Type3;117672.0000;DATA;1612714976.523087
/ndn/d0-site/d0/C2Data-1225-Type1;110789.0000;DATA;1612714979.857719
/ndn/s4-site/s4/C2Data-1471-Type3;6001396.0000;TIMEOUT;1612714975.153422
/ndn/s2-site/s2/C2Data-2677-Type2;6000522.0000;TIMEOUT;1612714977.461174
/ndn/d9-site/d9/C2Data-2314-Type2;125419.0000;DATA;1612714983.903432
/ndn/d1-site/d1/C2Data-1346-Type2;169778.0000;DATA;1612714984.456278
/ndn/s0-site/s0/C2Data-2435-Type2;6002867.0000;TIMEOUT;1612714980.050248
/ndn/d5-site/d5/C2Data-1830-Type1;128927.0000;DATA;1612714986.750170
/ndn/s0-site/s0/C2Data-1227-Type3;6001020.0000;TIMEOUT;1612714982.143575
/ndn/v7-site/v7/C2Data-2264-Type3;1986.0000;DATA;1612714989.425123
/ndn/s6-site/s6/C2Data-1593-Type3;6001213.0000;TIMEOUT;1612714983.786941
/ndn/v3-site/v3/C2Data-2020-Type3;877.0000;DATA;1612714991.163106
/ndn/s2-site/s2/C2Data-2677-Type1;6008015.0000;TIMEOUT;1612714985.451115
/ndn/h6-site/h6/C2Data-742-Type2;76770.0000;DATA;1612715008.193203
/ndn/v3-site/v3/C2Data-4009-Type1;2998.0000;DATA;1612715009.660300
/ndn/h3-site/h3/C2Data-379-Type2;53376.0000;DATA;1612715010.183537
/ndn/v2-site/v2/C2Data-3888-Type1;173547.0000;DATA;1612715012.444062
/ndn/s8-site/s8/C2Data-3404-Type2;6000918.0000;TIMEOUT;1612715009.861996
/ndn/s9-site/s9/C2Data-3525-Type1;6037564.0000;TIMEOUT;1612715010.553420
/ndn/s1-site/s1/C2Data-2557-Type1;6001187.0000;TIMEOUT;1612715011.792980
/ndn/s4-site/s4/C2Data-2920-Type2;6003869.0000;TIMEOUT;1612715014.272386
/ndn/v1-site/v1/C2Data-1899-Type3;24776.0000;DATA;1612715032.332585
/ndn/h5-site/h5/C2Data-622-Type2;27366.0000;DATA;1612715035.659980
/ndn/h9-site/h9/C2Data-1106-Type2;155875.0000;DATA;1612715036.052034
/ndn/v4-site/v4/C2Data-2082-Type3;7142.0000;DATA;1612715036.380303
/ndn/d3-site/d3/C2Data-801-Type3;147960.0000;DATA;1612715036.871923
/ndn/v3-site/v3/C2Data-2021-Type3;1618.0000;DATA;1612715037.349732
/ndn/h7-site/h7/C2Data-864-Type2;58152.0000;DATA;1612715037.383143
/ndn/h7-site/h7/C2Data-49-Type6;906.0000;DATA;1612715037.504970
/ndn/s9-site/s9/C2Data-3526-Type1;6002239.0000;TIMEOUT;1612715034.918605
/ndn/s1-site/s1/C2Data-2558-Type2;6000334.0000;TIMEOUT;1612715035.147239
/ndn/d0-site/d0/C2Data-1227-Type1;99549.0000;DATA;1612715041.173326
/ndn/d4-site/d4/C2Data-862-Type3;25611.0000;DATA;1612715044.626273
/ndn/s5-site/s5/C2Data-3042-Type1;6000555.0000;TIMEOUT;1612715039.837629
/ndn/h6-site/h6/C2Data-374-Type3;1063.0000;DATA;1612715045.881537
/ndn/s1-site/s1/C2Data-1289-Type3;6001525.0000;TIMEOUT;1612715041.585341
/ndn/h8-site/h8/C2Data-496-Type3;4156.0000;DATA;1612715047.937375
/ndn/d1-site/d1/C2Data-144-Type5;169797.0000;DATA;1612715050.406007
/ndn/h0-site/h0/C2Data-8-Type3;1159.0000;DATA;1612715051.514810
/ndn/s2-site/s2/C2Data-2679-Type2;6002660.0000;TIMEOUT;1612715045.870183
/ndn/h1-site/h1/C2Data-69-Type3;9325.0000;DATA;1612715052.456163
/ndn/s6-site/s6/C2Data-1594-Type3;6002673.0000;TIMEOUT;1612715048.729253
/ndn/v8-site/v8/C2Data-196-Type6;76386.0000;DATA;1612715056.690808
/ndn/v9-site/v9/C2Data-203-Type6;100622.0000;DATA;1612715061.960994
/ndn/v8-site/v8/C2Data-4616-Type1;55670.0000;DATA;1612715065.582206
/ndn/h7-site/h7/C2Data-92-Type5;886.0000;DATA;1612715067.248126
/ndn/h2-site/h2/C2Data-260-Type2;124339.0000;DATA;1612715067.478388
/ndn/v6-site/v6/C2Data-4374-Type1;51864.0000;DATA;1612715069.072159
/ndn/h3-site/h3/C2Data-381-Type2;109044.0000;DATA;1612715070.888081
/ndn/v5-site/v5/C2Data-4253-Type2;1032.0000;DATA;1612715071.571132
/ndn/h0-site/h0/C2Data-18-Type1;97221.0000;DATA;1612715071.530398
/ndn/v4-site/v4/C2Data-4132-Type2;1560.0000;DATA;1612715072.749195
/ndn/d2-site/d2/C2Data-84-Type6;881.0000;DATA;1612715072.865038
/ndn/d2-site/d2/C2Data-1470-Type2;971.0000;DATA;1612715074.273182
/ndn/h8-site/h8/C2Data-105-Type5;73581.0000;DATA;1612715074.336064
/ndn/s5-site/s5/C2Data-3043-Type1;6002191.0000;TIMEOUT;1612715071.083074
/ndn/d6-site/d6/C2Data-1955-Type1;117179.0000;DATA;1612715094.965859
/ndn/v2-site/v2/C2Data-1961-Type3;54738.0000;DATA;1612715095.056088
/ndn/d4-site/d4/C2Data-183-Type5;2483.0000;DATA;1612715095.576417
/ndn/h4-site/h4/C2Data-503-Type2;39880.0000;DATA;1612715097.743874
/ndn/v6-site/v6/C2Data-4375-Type2;50434.0000;DATA;1612715098.649982
/ndn/s9-site/s9/C2Data-1778-Type3;6001383.0000;TIMEOUT;1612715093.239229
/ndn/h1-site/h1/C2Data-140-Type1;31565.0000;DATA;1612715099.578122
