/ndn/s6-site/s6/C2Data-4356-Type2;198285.0000;DATA;1611609163.687374
/ndn/v7-site/v7/C2Data-6292-Type1;49357.0000;DATA;1611609165.402379
/ndn/s10-site/s10/C2Data-4840-Type2;309976.0000;DATA;1611609166.057270
/ndn/d5-site/d5/C2Data-2420-Type1;237198.0000;DATA;1611609166.996320
/ndn/v8-site/v8/C2Data-6413-Type2;360.0000;NACK;1611609167.240539
/ndn/h14-site/h14/C2Data-1694-Type2;261495.0000;DATA;1611609167.098359
/ndn/h1-site/h1/C2Data-121-Type1;164942.0000;DATA;1611609169.703420
/ndn/s12-site/s12/C2Data-5082-Type2;399.0000;NACK;1611609170.833637
/ndn/h4-site/h4/C2Data-484-Type1;145202.0000;DATA;1611609170.918471
/ndn/d9-site/d9/C2Data-2904-Type1;171327.0000;DATA;1611609172.615425
/ndn/d0-site/d0/C2Data-1815-Type2;119920.0000;DATA;1611609173.785413
/ndn/d2-site/d2/C2Data-1037-Type3;147122.0000;DATA;1611609187.382143
/ndn/h1-site/h1/C2Data-61-Type3;166184.0000;DATA;1611609188.296397
/ndn/s6-site/s6/C2Data-2196-Type3;202147.0000;DATA;1611609188.615390
/ndn/h9-site/h9/C2Data-549-Type3;196343.0000;DATA;1611609189.005333
/ndn/v8-site/v8/C2Data-3233-Type3;531.0000;NACK;1611609190.245966
/ndn/h14-site/h14/C2Data-854-Type3;293234.0000;DATA;1611609191.361476
/ndn/v10-site/v10/C2Data-6656-Type1;145775.0000;DATA;1611609193.533390
/ndn/h8-site/h8/C2Data-969-Type2;188791.0000;DATA;1611609195.098529
/ndn/d4-site/d4/C2Data-2300-Type2;214666.0000;DATA;1611609195.099306
/ndn/d0-site/d0/C2Data-1816-Type1;132473.0000;DATA;1611609195.916317
/ndn/h10-site/h10/C2Data-610-Type3;196786.0000;DATA;1611609197.985497
/ndn/h3-site/h3/C2Data-364-Type1;46442.0000;DATA;1611609198.889414
/ndn/h11-site/h11/C2Data-1332-Type2;213982.0000;DATA;1611609198.855373
/ndn/d2-site/d2/C2Data-2058-Type2;142616.0000;DATA;1611609199.674374
/ndn/s5-site/s5/C2Data-2135-Type3;122417.0000;DATA;1611609200.576352
/ndn/s14-site/s14/C2Data-5325-Type2;214983.0000;DATA;1611609200.677374
/ndn/d5-site/d5/C2Data-2421-Type1;244085.0000;DATA;1611609200.878417
/ndn/h12-site/h12/C2Data-732-Type3;227762.0000;DATA;1611609203.699323
/ndn/s10-site/s10/C2Data-4841-Type2;293639.0000;DATA;1611609203.735337
/ndn/h4-site/h4/C2Data-244-Type3;290606.0000;DATA;1611609207.382406
/ndn/d9-site/d9/C2Data-1464-Type3;171896.0000;DATA;1611609208.346465
/ndn/v12-site/v12/C2Data-6899-Type2;24410.0000;DATA;1611609222.623424
/ndn/d0-site/d0/C2Data-1817-Type1;118478.0000;DATA;1611609223.728412
/ndn/h0-site/h0/C2Data-2-Type1;295473.0000;DATA;1611609224.173549
/ndn/d6-site/d6/C2Data-2543-Type1;214174.0000;DATA;1611609226.807377
/ndn/v11-site/v11/C2Data-6778-Type1;197079.0000;DATA;1611609228.793385
/ndn/v1-site/v1/C2Data-5568-Type1;23857.0000;DATA;1611609229.420421
/ndn/h4-site/h4/C2Data-486-Type2;256529.0000;DATA;1611609229.336309
/ndn/v5-site/v5/C2Data-6052-Type1;25181.0000;DATA;1611609231.458336
/ndn/d13-site/d13/C2Data-3390-Type2;199588.0000;DATA;1611609231.434395
/ndn/v6-site/v6/C2Data-6173-Type1;189425.0000;DATA;1611609231.826370
/ndn/d11-site/d11/C2Data-3148-Type2;73419.0000;DATA;1611609232.215308
/ndn/d12-site/d12/C2Data-3269-Type2;95611.0000;DATA;1611609232.554406
/ndn/v6-site/v6/C2Data-6173-Type2;192768.0000;DATA;1611609232.694444
/ndn/s4-site/s4/C2Data-4116-Type2;327923.0000;DATA;1611609234.284410
/ndn/s10-site/s10/C2Data-4842-Type1;6010262.0000;TIMEOUT;1611609233.734402
/ndn/v14-site/v14/C2Data-3600-Type3;238019.0000;DATA;1611609250.895342
/ndn/s9-site/s9/C2Data-2380-Type3;256886.0000;DATA;1611609251.081424
/ndn/d13-site/d13/C2Data-1709-Type3;188434.0000;DATA;1611609253.446392
/ndn/d8-site/d8/C2Data-1404-Type3;116600.0000;DATA;1611609255.578422
/ndn/v5-site/v5/C2Data-6053-Type1;24647.0000;DATA;1611609257.106397
/ndn/h12-site/h12/C2Data-733-Type3;313105.0000;DATA;1611609257.657314
/ndn/v3-site/v3/C2Data-5811-Type1;255688.0000;DATA;1611609258.124381
/ndn/h6-site/h6/C2Data-729-Type1;265124.0000;DATA;1611609258.851329
/ndn/s0-site/s0/C2Data-1831-Type3;6000253.0000;TIMEOUT;1611609253.233405
/ndn/d10-site/d10/C2Data-3028-Type1;256299.0000;DATA;1611609259.471391
/ndn/s11-site/s11/C2Data-4964-Type1;308503.0000;DATA;1611609259.452359
/ndn/h1-site/h1/C2Data-124-Type2;171775.0000;DATA;1611609259.827308
/ndn/v9-site/v9/C2Data-3295-Type3;283489.0000;DATA;1611609259.728479
/ndn/s2-site/s2/C2Data-3875-Type1;6000342.0000;TIMEOUT;1611609254.312559
/ndn/s6-site/s6/C2Data-4359-Type2;6000831.0000;TIMEOUT;1611609255.597394
/ndn/v11-site/v11/C2Data-3417-Type3;180724.0000;DATA;1611609261.629410
/ndn/d10-site/d10/C2Data-1526-Type3;263296.0000;DATA;1611609261.952338
/ndn/v0-site/v0/C2Data-5448-Type1;215152.0000;DATA;1611609262.209435
/ndn/s2-site/s2/C2Data-1953-Type3;6000558.0000;TIMEOUT;1611609256.931415
/ndn/h4-site/h4/C2Data-245-Type3;265177.0000;DATA;1611609262.786323
/ndn/d6-site/d6/C2Data-2544-Type2;209659.0000;DATA;1611609263.510322
/ndn/s2-site/s2/C2Data-3875-Type2;6000292.0000;TIMEOUT;1611609258.610464
/ndn/v2-site/v2/C2Data-2868-Type3;178530.0000;DATA;1611609264.643410
/ndn/s14-site/s14/C2Data-2685-Type3;6003956.0000;TIMEOUT;1611609260.136519
/ndn/v7-site/v7/C2Data-925-Type4;51552.0000;DATA;1611609266.249380
/ndn/d8-site/d8/C2Data-575-Type4;114889.0000;DATA;1611609266.375325
/ndn/h9-site/h9/C2Data-550-Type3;197900.0000;DATA;1611609267.921373
/ndn/h5-site/h5/C2Data-306-Type3;219140.0000;DATA;1611609268.268405
/ndn/s6-site/s6/C2Data-2197-Type3;6003214.0000;TIMEOUT;1611609262.870325
/ndn/s14-site/s14/C2Data-5327-Type1;6000669.0000;TIMEOUT;1611609264.039395
/ndn/v6-site/v6/C2Data-900-Type4;209705.0000;DATA;1611609272.048778
/ndn/v5-site/v5/C2Data-875-Type4;26474.0000;DATA;1611609274.412418
/ndn/d14-site/d14/C2Data-725-Type4;244912.0000;DATA;1611609277.164379
/ndn/v8-site/v8/C2Data-6417-Type1;286544.0000;DATA;1611609285.022381
/ndn/v0-site/v0/C2Data-5449-Type1;218317.0000;DATA;1611609287.152401
/ndn/h8-site/h8/C2Data-972-Type1;196850.0000;DATA;1611609287.184412
/ndn/h0-site/h0/C2Data-0-Type4;81243.0000;DATA;1611609287.596354
/ndn/v13-site/v13/C2Data-7022-Type1;237463.0000;DATA;1611609288.792363
/ndn/h6-site/h6/C2Data-150-Type4;265315.0000;DATA;1611609289.157631
/ndn/s1-site/s1/C2Data-3755-Type1;6000933.0000;TIMEOUT;1611609284.123345
/ndn/v0-site/v0/C2Data-750-Type4;215015.0000;DATA;1611609290.808378
/ndn/d6-site/d6/C2Data-2545-Type1;223098.0000;DATA;1611609291.021417
/ndn/s5-site/s5/C2Data-4239-Type1;6000289.0000;TIMEOUT;1611609285.979326
/ndn/h10-site/h10/C2Data-1214-Type2;185592.0000;DATA;1611609292.163318
/ndn/v2-site/v2/C2Data-800-Type4;187709.0000;DATA;1611609294.715499
/ndn/s9-site/s9/C2Data-4723-Type1;6000463.0000;TIMEOUT;1611609289.879389
/ndn/s7-site/s7/C2Data-4481-Type1;6000347.0000;TIMEOUT;1611609291.366422
/ndn/d10-site/d10/C2Data-625-Type4;282805.0000;DATA;1611609298.433365
/ndn/s7-site/s7/C2Data-4481-Type2;6000304.0000;TIMEOUT;1611609293.417396
/ndn/d11-site/d11/C2Data-1588-Type3;72892.0000;DATA;1611609306.742403
/ndn/h10-site/h10/C2Data-612-Type3;194893.0000;DATA;1611609307.371366
/ndn/d6-site/d6/C2Data-1283-Type3;218160.0000;DATA;1611609308.843595
/ndn/h1-site/h1/C2Data-63-Type3;173139.0000;DATA;1611609309.258413
/ndn/h12-site/h12/C2Data-734-Type3;311040.0000;DATA;1611609312.476446
/ndn/h2-site/h2/C2Data-50-Type4;301922.0000;DATA;1611609313.265433
/ndn/v5-site/v5/C2Data-3052-Type3;23495.0000;DATA;1611609314.122373
/ndn/h7-site/h7/C2Data-852-Type1;316600.0000;DATA;1611609314.085435
/ndn/d3-site/d3/C2Data-2183-Type1;189952.0000;DATA;1611609314.471322
/ndn/d1-site/d1/C2Data-1941-Type2;286461.0000;DATA;1611609314.378409
/ndn/d8-site/d8/C2Data-1405-Type3;117951.0000;DATA;1611609315.272262
/ndn/h11-site/h11/C2Data-1336-Type1;210708.0000;DATA;1611609315.279450
/ndn/s11-site/s11/C2Data-2503-Type3;6000378.0000;TIMEOUT;1611609312.330450
/ndn/s12-site/s12/C2Data-5087-Type1;6000446.0000;TIMEOUT;1611609312.790318
/ndn/d8-site/d8/C2Data-2788-Type2;121083.0000;DATA;1611609320.472408
/ndn/d13-site/d13/C2Data-3393-Type2;189661.0000;DATA;1611609321.079448
/ndn/h9-site/h9/C2Data-1094-Type2;195583.0000;DATA;1611609321.640400
/ndn/v7-site/v7/C2Data-6297-Type2;48842.0000;DATA;1611609321.895377
/ndn/s0-site/s0/C2Data-1832-Type3;6003351.0000;TIMEOUT;1611609315.975452
/ndn/s1-site/s1/C2Data-3756-Type1;6000873.0000;TIMEOUT;1611609317.705419
/ndn/v3-site/v3/C2Data-5813-Type1;259547.0000;DATA;1611609323.853384
/ndn/s13-site/s13/C2Data-2625-Type3;6007131.0000;TIMEOUT;1611609324.069340
/ndn/h13-site/h13/C2Data-1579-Type1;234737.0000;DATA;1611609344.831314
/ndn/d5-site/d5/C2Data-2426-Type2;184002.0000;DATA;1611609350.036407
/ndn/h2-site/h2/C2Data-248-Type2;315039.0000;DATA;1611609352.034356
/ndn/s1-site/s1/C2Data-3757-Type2;6000261.0000;TIMEOUT;1611609346.814360
/ndn/s7-site/s7/C2Data-4483-Type2;6000402.0000;TIMEOUT;1611609348.213328
/ndn/s11-site/s11/C2Data-4967-Type1;6000314.0000;TIMEOUT;1611609351.692443
/ndn/v9-site/v9/C2Data-3297-Type3;316876.0000;DATA;1611609366.613398
/ndn/d8-site/d8/C2Data-1406-Type3;124387.0000;DATA;1611609368.060347
/ndn/v12-site/v12/C2Data-3480-Type3;24982.0000;DATA;1611609369.541389
/ndn/d7-site/d7/C2Data-1345-Type3;147821.0000;DATA;1611609371.810315
/ndn/h8-site/h8/C2Data-975-Type2;183593.0000;DATA;1611609372.658409
/ndn/d0-site/d0/C2Data-1822-Type2;116131.0000;DATA;1611609372.872363
/ndn/h14-site/h14/C2Data-1701-Type2;261435.0000;DATA;1611609373.443472
/ndn/d1-site/d1/C2Data-1943-Type1;290924.0000;DATA;1611609374.563454
/ndn/s13-site/s13/C2Data-2626-Type3;6000351.0000;TIMEOUT;1611609368.962340
/ndn/d3-site/d3/C2Data-1101-Type3;194368.0000;DATA;1611609374.919452
/ndn/s11-site/s11/C2Data-2504-Type3;6000678.0000;TIMEOUT;1611609370.222357
/ndn/d2-site/d2/C2Data-2064-Type1;139543.0000;DATA;1611609376.135418
/ndn/h1-site/h1/C2Data-64-Type3;168695.0000;DATA;1611609376.408415
/ndn/h0-site/h0/C2Data-7-Type2;280745.0000;DATA;1611609377.299325
