/ndn/v11-site/v11/C2Data-6776-Type1;515.0000;NACK;1611607422.389317
/ndn/d9-site/d9/C2Data-2904-Type1;49713.0000;DATA;1611607422.420354
/ndn/v1-site/v1/C2Data-5566-Type1;575.0000;DATA;1611607426.350423
/ndn/h3-site/h3/C2Data-363-Type2;718.0000;DATA;1611607426.476368
/ndn/s4-site/s4/C2Data-4114-Type2;481.0000;NACK;1611607429.436366
/ndn/s10-site/s10/C2Data-4840-Type2;688.0000;NACK;1611607431.006379
/ndn/v12-site/v12/C2Data-6897-Type1;55240.0000;DATA;1611607431.489361
/ndn/v13-site/v13/C2Data-7018-Type1;24989.0000;DATA;1611607431.835427
/ndn/s13-site/s13/C2Data-2623-Type3;646.0000;NACK;1611607444.786005
/ndn/s0-site/s0/C2Data-1830-Type3;137995.0000;DATA;1611607445.458349
/ndn/s4-site/s4/C2Data-2074-Type3;658.0000;NACK;1611607446.376398
/ndn/h7-site/h7/C2Data-427-Type3;25893.0000;DATA;1611607446.411327
/ndn/s1-site/s1/C2Data-1891-Type3;155195.0000;DATA;1611607449.332350
/ndn/d1-site/d1/C2Data-976-Type3;509.0000;NACK;1611607449.625419
/ndn/h0-site/h0/C2Data-1-Type1;214444.0000;DATA;1611607450.242380
/ndn/h13-site/h13/C2Data-793-Type3;528.0000;DATA;1611607450.676289
/ndn/h4-site/h4/C2Data-244-Type3;813.0000;DATA;1611607451.418274
/ndn/h11-site/h11/C2Data-1332-Type2;120510.0000;DATA;1611607451.501260
/ndn/d9-site/d9/C2Data-2905-Type2;23380.0000;DATA;1611607453.270288
/ndn/h2-site/h2/C2Data-243-Type2;239666.0000;DATA;1611607453.956338
/ndn/d3-site/d3/C2Data-2179-Type2;558.0000;DATA;1611607454.703266
/ndn/s11-site/s11/C2Data-4962-Type1;482.0000;NACK;1611607455.297251
/ndn/s13-site/s13/C2Data-5204-Type2;408.0000;NACK;1611607456.529306
/ndn/h1-site/h1/C2Data-122-Type2;69483.0000;DATA;1611607456.800391
/ndn/d5-site/d5/C2Data-2421-Type2;147105.0000;DATA;1611607456.857322
/ndn/v1-site/v1/C2Data-5567-Type1;47811.0000;DATA;1611607457.930253
/ndn/d0-site/d0/C2Data-915-Type3;518.0000;DATA;1611607458.116275
/ndn/v5-site/v5/C2Data-3050-Type3;497.0000;DATA;1611607459.526309
/ndn/h5-site/h5/C2Data-606-Type2;576.0000;DATA;1611607459.651308
/ndn/s3-site/s3/C2Data-3994-Type2;455.0000;NACK;1611607460.315306
/ndn/d13-site/d13/C2Data-1708-Type3;640.0000;DATA;1611607463.405278
/ndn/h1-site/h1/C2Data-61-Type3;489.0000;DATA;1611607463.492260
/ndn/h6-site/h6/C2Data-366-Type3;601.0000;DATA;1611607463.949348
/ndn/h3-site/h3/C2Data-183-Type3;639.0000;DATA;1611607464.881351
/ndn/s13-site/s13/C2Data-5205-Type2;51171.0000;DATA;1611607484.285342
/ndn/s7-site/s7/C2Data-4479-Type2;71322.0000;DATA;1611607485.016341
/ndn/s6-site/s6/C2Data-4358-Type2;134189.0000;DATA;1611607484.978294
/ndn/h5-site/h5/C2Data-607-Type2;114088.0000;DATA;1611607486.055344
/ndn/v8-site/v8/C2Data-6415-Type1;100480.0000;DATA;1611607488.251358
/ndn/h8-site/h8/C2Data-970-Type2;634.0000;DATA;1611607488.412300
/ndn/s10-site/s10/C2Data-4842-Type1;566.0000;DATA;1611607489.279258
/ndn/s7-site/s7/C2Data-2258-Type3;172391.0000;DATA;1611607504.249309
/ndn/d10-site/d10/C2Data-1526-Type3;147555.0000;DATA;1611607507.250315
/ndn/s5-site/s5/C2Data-2136-Type3;49561.0000;DATA;1611607507.775294
/ndn/h9-site/h9/C2Data-550-Type3;134112.0000;DATA;1611607507.902325
/ndn/d1-site/d1/C2Data-1939-Type1;218859.0000;DATA;1611607510.149293
/ndn/s5-site/s5/C2Data-4238-Type2;47901.0000;DATA;1611607510.487362
/ndn/v1-site/v1/C2Data-5569-Type1;46434.0000;DATA;1611607511.105301
/ndn/s3-site/s3/C2Data-2014-Type3;120068.0000;DATA;1611607511.842444
/ndn/d4-site/d4/C2Data-2302-Type2;115942.0000;DATA;1611607512.482309
/ndn/v2-site/v2/C2Data-5690-Type1;98822.0000;DATA;1611607512.951283
/ndn/d6-site/d6/C2Data-1282-Type3;723.0000;DATA;1611607513.913254
/ndn/v12-site/v12/C2Data-6900-Type2;540.0000;DATA;1611607514.939335
/ndn/h8-site/h8/C2Data-489-Type3;52560.0000;DATA;1611607515.201324
/ndn/d13-site/d13/C2Data-3391-Type1;122448.0000;DATA;1611607515.365384
/ndn/v11-site/v11/C2Data-6779-Type1;71065.0000;DATA;1611607517.026469
/ndn/s6-site/s6/C2Data-4359-Type2;614.0000;DATA;1611607517.269307
/ndn/d2-site/d2/C2Data-2060-Type1;73475.0000;DATA;1611607517.880343
/ndn/s14-site/s14/C2Data-5327-Type2;115194.0000;DATA;1611607518.440326
/ndn/v10-site/v10/C2Data-6658-Type1;46608.0000;DATA;1611607519.356418
/ndn/h13-site/h13/C2Data-1576-Type1;70487.0000;DATA;1611607519.604250
/ndn/s2-site/s2/C2Data-1953-Type3;571.0000;DATA;1611607519.712347
/ndn/h5-site/h5/C2Data-306-Type3;556.0000;DATA;1611607519.938342
/ndn/v3-site/v3/C2Data-5811-Type1;192979.0000;DATA;1611607521.686305
/ndn/v2-site/v2/C2Data-2868-Type3;753.0000;DATA;1611607523.973353
/ndn/h13-site/h13/C2Data-794-Type3;171469.0000;DATA;1611607525.782257
/ndn/s6-site/s6/C2Data-2197-Type3;537.0000;DATA;1611607527.954330
/ndn/h5-site/h5/C2Data-125-Type4;36816.0000;DATA;1611607533.240070
/ndn/d2-site/d2/C2Data-2061-Type2;72112.0000;DATA;1611607540.599340
/ndn/h11-site/h11/C2Data-275-Type4;71766.0000;DATA;1611607541.559308
/ndn/h4-site/h4/C2Data-488-Type2;198517.0000;DATA;1611607542.014428
/ndn/s6-site/s6/C2Data-4360-Type1;124229.0000;DATA;1611607542.382296
/ndn/s13-site/s13/C2Data-5207-Type1;137979.0000;DATA;1611607542.422455
/ndn/v5-site/v5/C2Data-6054-Type2;70330.0000;DATA;1611607543.423282
/ndn/v8-site/v8/C2Data-6417-Type1;487.0000;DATA;1611607544.047319
/ndn/v4-site/v4/C2Data-5933-Type2;559.0000;DATA;1611607544.386347
/ndn/h12-site/h12/C2Data-1456-Type1;775.0000;DATA;1611607545.057299
/ndn/v7-site/v7/C2Data-6296-Type2;562.0000;DATA;1611607551.722290
/ndn/d12-site/d12/C2Data-675-Type4;635.0000;DATA;1611607557.266269
/ndn/d3-site/d3/C2Data-450-Type4;654.0000;DATA;1611607559.913303
/ndn/v2-site/v2/C2Data-800-Type4;610.0000;DATA;1611607560.561612
/ndn/h14-site/h14/C2Data-856-Type3;185242.0000;DATA;1611607564.368288
/ndn/v7-site/v7/C2Data-3174-Type3;25453.0000;DATA;1611607564.791353
/ndn/s0-site/s0/C2Data-1832-Type3;144505.0000;DATA;1611607565.348319
/ndn/v0-site/v0/C2Data-2747-Type3;143437.0000;DATA;1611607565.434328
/ndn/v5-site/v5/C2Data-3052-Type3;678.0000;DATA;1611607568.753263
/ndn/v12-site/v12/C2Data-3479-Type3;730.0000;DATA;1611607569.513417
/ndn/d13-site/d13/C2Data-1710-Type3;71205.0000;DATA;1611607570.556345
/ndn/h6-site/h6/C2Data-368-Type3;25322.0000;DATA;1611607571.618326
/ndn/h6-site/h6/C2Data-150-Type4;663.0000;DATA;1611607572.407289
/ndn/v5-site/v5/C2Data-6055-Type1;546.0000;DATA;1611607575.321380
/ndn/d10-site/d10/C2Data-3030-Type2;194858.0000;DATA;1611607575.541593
/ndn/h8-site/h8/C2Data-490-Type3;120291.0000;DATA;1611607575.812316
/ndn/h3-site/h3/C2Data-368-Type2;743.0000;DATA;1611607576.797374
/ndn/s14-site/s14/C2Data-5329-Type2;25746.0000;DATA;1611607577.162250
/ndn/s6-site/s6/C2Data-4361-Type2;123388.0000;DATA;1611607578.202368
/ndn/v1-site/v1/C2Data-5571-Type2;704.0000;DATA;1611607578.830390
/ndn/d13-site/d13/C2Data-3393-Type1;117822.0000;DATA;1611607579.016334
/ndn/d4-site/d4/C2Data-2304-Type1;143403.0000;DATA;1611607579.816395
/ndn/h8-site/h8/C2Data-973-Type2;120678.0000;DATA;1611607581.333337
/ndn/d9-site/d9/C2Data-1466-Type3;447.0000;DATA;1611607584.317307
/ndn/s6-site/s6/C2Data-4362-Type1;119951.0000;DATA;1611607600.517431
/ndn/h1-site/h1/C2Data-127-Type1;97416.0000;DATA;1611607600.863324
/ndn/v1-site/v1/C2Data-5572-Type1;50429.0000;DATA;1611607603.583852
/ndn/h9-site/h9/C2Data-1095-Type1;72906.0000;DATA;1611607604.975311
/ndn/h11-site/h11/C2Data-1337-Type1;596.0000;DATA;1611607606.874307
/ndn/s10-site/s10/C2Data-4846-Type1;528.0000;DATA;1611607607.058368
/ndn/v11-site/v11/C2Data-6782-Type2;122552.0000;DATA;1611607607.211329
/ndn/v5-site/v5/C2Data-6056-Type1;5436.0000;DATA;1611607609.993283
/ndn/h8-site/h8/C2Data-974-Type2;46551.0000;DATA;1611607611.614300
/ndn/v12-site/v12/C2Data-3480-Type3;50371.0000;DATA;1611607625.660459
/ndn/v10-site/v10/C2Data-3358-Type3;52847.0000;DATA;1611607626.340705
/ndn/v0-site/v0/C2Data-2748-Type3;161358.0000;DATA;1611607627.553334
/ndn/h5-site/h5/C2Data-308-Type3;162700.0000;DATA;1611607627.562264
/ndn/d5-site/d5/C2Data-1223-Type3;198847.0000;DATA;1611607629.745248
/ndn/h8-site/h8/C2Data-975-Type1;118469.0000;DATA;1611607630.737295
/ndn/s3-site/s3/C2Data-4000-Type1;247144.0000;DATA;1611607632.324258
/ndn/s5-site/s5/C2Data-2138-Type3;528.0000;DATA;1611607632.633339
/ndn/s13-site/s13/C2Data-5210-Type1;141178.0000;DATA;1611607634.167255
/ndn/h3-site/h3/C2Data-370-Type1;676.0000;DATA;1611607634.529339
/ndn/h14-site/h14/C2Data-1701-Type1;138090.0000;DATA;1611607635.082408
/ndn/v8-site/v8/C2Data-6420-Type2;145649.0000;DATA;1611607635.372368
