/ndn/v3-site/v3/C2Data-5808-Type2;463.0000;NACK;1611610904.056424
/ndn/h7-site/h7/C2Data-847-Type2;26140.0000;DATA;1611610904.282365
/ndn/h2-site/h2/C2Data-242-Type2;577.0000;NACK;1611610905.196343
/ndn/s10-site/s10/C2Data-4840-Type2;568.0000;NACK;1611610912.121327
/ndn/v5-site/v5/C2Data-3050-Type3;543.0000;NACK;1611610925.106465
/ndn/h3-site/h3/C2Data-183-Type3;240860.0000;DATA;1611610928.278313
/ndn/s7-site/s7/C2Data-2257-Type3;277624.0000;DATA;1611610928.642650
/ndn/v4-site/v4/C2Data-5930-Type2;426.0000;NACK;1611610930.691353
/ndn/h7-site/h7/C2Data-427-Type3;24179.0000;DATA;1611610932.185414
/ndn/d6-site/d6/C2Data-2542-Type1;161896.0000;DATA;1611610932.372326
/ndn/d7-site/d7/C2Data-2663-Type1;144484.0000;DATA;1611610932.396351
/ndn/s3-site/s3/C2Data-2013-Type3;95109.0000;DATA;1611610932.487340
/ndn/h12-site/h12/C2Data-1453-Type1;702.0000;NACK;1611610933.302438
/ndn/s5-site/s5/C2Data-2135-Type3;161516.0000;DATA;1611610933.638361
/ndn/h6-site/h6/C2Data-366-Type3;23707.0000;DATA;1611610933.787328
/ndn/d0-site/d0/C2Data-1816-Type2;192475.0000;DATA;1611610935.526384
/ndn/h2-site/h2/C2Data-122-Type3;472.0000;NACK;1611610935.816328
/ndn/s1-site/s1/C2Data-1891-Type3;50363.0000;DATA;1611610935.901371
/ndn/v11-site/v11/C2Data-6777-Type1;426.0000;NACK;1611610937.239068
/ndn/s7-site/s7/C2Data-4478-Type2;243822.0000;DATA;1611610938.080418
/ndn/d10-site/d10/C2Data-3026-Type1;72449.0000;DATA;1611610939.178385
/ndn/s13-site/s13/C2Data-5204-Type2;48940.0000;DATA;1611610939.287366
/ndn/d9-site/d9/C2Data-2905-Type1;116417.0000;DATA;1611610939.314367
/ndn/h1-site/h1/C2Data-61-Type3;190752.0000;DATA;1611610940.425382
/ndn/v1-site/v1/C2Data-5567-Type1;561.0000;NACK;1611610941.502333
/ndn/d1-site/d1/C2Data-976-Type3;573.0000;NACK;1611610942.231351
/ndn/d6-site/d6/C2Data-2542-Type2;178971.0000;DATA;1611610942.648412
/ndn/d3-site/d3/C2Data-1098-Type3;161921.0000;DATA;1611610943.412369
/ndn/s13-site/s13/C2Data-2623-Type3;49014.0000;DATA;1611610944.139388
/ndn/h9-site/h9/C2Data-549-Type3;94586.0000;DATA;1611610945.269445
/ndn/d14-site/d14/C2Data-1769-Type3;210741.0000;DATA;1611610947.951336
/ndn/d6-site/d6/C2Data-1281-Type3;173108.0000;DATA;1611610948.362394
/ndn/h5-site/h5/C2Data-305-Type3;71645.0000;DATA;1611610948.516363
/ndn/h5-site/h5/C2Data-607-Type1;71374.0000;DATA;1611610962.338407
/ndn/h12-site/h12/C2Data-1454-Type2;464.0000;NACK;1611610963.006376
/ndn/h5-site/h5/C2Data-607-Type2;74430.0000;DATA;1611610963.143340
/ndn/h3-site/h3/C2Data-365-Type1;236124.0000;DATA;1611610963.061390
/ndn/d6-site/d6/C2Data-2543-Type2;164579.0000;DATA;1611610964.612412
/ndn/v3-site/v3/C2Data-5810-Type1;115093.0000;DATA;1611610965.158384
/ndn/d0-site/d0/C2Data-1817-Type1;125832.0000;DATA;1611610966.091323
/ndn/d1-site/d1/C2Data-1938-Type2;639.0000;NACK;1611610967.339317
/ndn/d13-site/d13/C2Data-3390-Type1;183339.0000;DATA;1611610968.747433
/ndn/v6-site/v6/C2Data-6173-Type2;164008.0000;DATA;1611610969.295420
/ndn/v13-site/v13/C2Data-7020-Type2;147290.0000;DATA;1611610969.749395
/ndn/d13-site/d13/C2Data-3390-Type2;190162.0000;DATA;1611610969.735440
/ndn/d2-site/d2/C2Data-2059-Type1;217253.0000;DATA;1611610970.000331
/ndn/s6-site/s6/C2Data-4358-Type2;6001059.0000;TIMEOUT;1611610964.691409
/ndn/s1-site/s1/C2Data-3753-Type1;47682.0000;DATA;1611610970.730321
/ndn/s5-site/s5/C2Data-2136-Type3;167477.0000;DATA;1611610989.274439
/ndn/h0-site/h0/C2Data-1-Type3;23935.0000;DATA;1611610990.668325
/ndn/s10-site/s10/C2Data-4843-Type2;215535.0000;DATA;1611610991.699354
/ndn/d1-site/d1/C2Data-1939-Type1;222243.0000;DATA;1611610991.888318
/ndn/d8-site/d8/C2Data-1404-Type3;222528.0000;DATA;1611610992.467344
/ndn/h8-site/h8/C2Data-971-Type1;122770.0000;DATA;1611610994.676488
/ndn/h9-site/h9/C2Data-1092-Type2;92736.0000;DATA;1611610997.365461
/ndn/s4-site/s4/C2Data-2075-Type3;228688.0000;DATA;1611611000.145319
/ndn/d13-site/d13/C2Data-3391-Type2;189937.0000;DATA;1611611000.364405
/ndn/s2-site/s2/C2Data-3875-Type1;6000300.0000;TIMEOUT;1611610994.581491
/ndn/s10-site/s10/C2Data-4843-Type1;217586.0000;DATA;1611611000.807395
/ndn/v4-site/v4/C2Data-2990-Type3;283490.0000;DATA;1611611001.034328
/ndn/d2-site/d2/C2Data-425-Type4;215098.0000;DATA;1611611001.188408
/ndn/d5-site/d5/C2Data-1221-Type3;47445.0000;DATA;1611611004.853410
/ndn/d0-site/d0/C2Data-916-Type3;223251.0000;DATA;1611611005.626407
/ndn/s12-site/s12/C2Data-5085-Type1;6001590.0000;TIMEOUT;1611611000.664335
/ndn/s9-site/s9/C2Data-2380-Type3;6000774.0000;TIMEOUT;1611611000.706847
/ndn/d12-site/d12/C2Data-1648-Type3;189189.0000;DATA;1611611007.039390
/ndn/v1-site/v1/C2Data-775-Type4;307480.0000;DATA;1611611008.637328
/ndn/h0-site/h0/C2Data-0-Type4;26230.0000;DATA;1611611016.672327
/ndn/h3-site/h3/C2Data-75-Type4;241976.0000;DATA;1611611021.779492
/ndn/v13-site/v13/C2Data-7022-Type1;158530.0000;DATA;1611611022.596342
/ndn/h4-site/h4/C2Data-488-Type2;74288.0000;DATA;1611611022.959325
/ndn/h6-site/h6/C2Data-150-Type4;23674.0000;DATA;1611611023.654334
/ndn/v2-site/v2/C2Data-5691-Type2;167333.0000;DATA;1611611025.604389
/ndn/d12-site/d12/C2Data-675-Type4;193853.0000;DATA;1611611026.315359
/ndn/h14-site/h14/C2Data-1698-Type2;209952.0000;DATA;1611611027.055329
/ndn/d11-site/d11/C2Data-3150-Type1;223879.0000;DATA;1611611028.706351
/ndn/v10-site/v10/C2Data-6659-Type2;177185.0000;DATA;1611611028.956456
/ndn/v9-site/v9/C2Data-6538-Type2;94561.0000;DATA;1611611029.152352
/ndn/s3-site/s3/C2Data-3997-Type2;6000276.0000;TIMEOUT;1611611025.635458
/ndn/d7-site/d7/C2Data-2666-Type2;142521.0000;DATA;1611611031.907402
/ndn/d4-site/d4/C2Data-2303-Type1;211661.0000;DATA;1611611032.066389
/ndn/s8-site/s8/C2Data-4602-Type1;6000207.0000;TIMEOUT;1611611026.872326
/ndn/d11-site/d11/C2Data-650-Type4;238478.0000;DATA;1611611036.261400
/ndn/s14-site/s14/C2Data-5328-Type1;6000281.0000;TIMEOUT;1611611031.723370
/ndn/v10-site/v10/C2Data-1000-Type4;306314.0000;DATA;1611611041.703562
/ndn/v6-site/v6/C2Data-900-Type4;196228.0000;DATA;1611611046.470389
/ndn/d1-site/d1/C2Data-978-Type3;213860.0000;DATA;1611611048.402316
/ndn/d4-site/d4/C2Data-1161-Type3;206742.0000;DATA;1611611050.383332
/ndn/d14-site/d14/C2Data-3514-Type2;190361.0000;DATA;1611611051.182426
/ndn/d8-site/d8/C2Data-1405-Type3;220494.0000;DATA;1611611051.321375
/ndn/d0-site/d0/C2Data-375-Type4;194825.0000;DATA;1611611051.602422
/ndn/h3-site/h3/C2Data-185-Type3;239901.0000;DATA;1611611052.764385
/ndn/d5-site/d5/C2Data-2425-Type2;50205.0000;DATA;1611611054.306389
/ndn/d1-site/d1/C2Data-1941-Type2;219921.0000;DATA;1611611054.217404
/ndn/d7-site/d7/C2Data-1344-Type3;143970.0000;DATA;1611611054.698326
/ndn/h2-site/h2/C2Data-50-Type4;239318.0000;DATA;1611611054.719398
/ndn/d6-site/d6/C2Data-2546-Type1;164994.0000;DATA;1611611054.940366
/ndn/h11-site/h11/C2Data-275-Type4;211312.0000;DATA;1611611054.976389
/ndn/d0-site/d0/C2Data-1820-Type1;189360.0000;DATA;1611611055.669351
/ndn/h8-site/h8/C2Data-490-Type3;119866.0000;DATA;1611611055.900320
/ndn/h4-site/h4/C2Data-489-Type1;69463.0000;DATA;1611611056.620320
/ndn/h8-site/h8/C2Data-973-Type2;122388.0000;DATA;1611611056.957318
/ndn/d0-site/d0/C2Data-1820-Type2;194861.0000;DATA;1611611056.926358
/ndn/h10-site/h10/C2Data-1215-Type1;192979.0000;DATA;1611611059.623421
/ndn/s9-site/s9/C2Data-4724-Type2;6000386.0000;TIMEOUT;1611611053.887337
/ndn/d7-site/d7/C2Data-2667-Type2;143501.0000;DATA;1611611061.068340
/ndn/d2-site/d2/C2Data-1039-Type3;218470.0000;DATA;1611611062.455353
/ndn/d6-site/d6/C2Data-1283-Type3;171093.0000;DATA;1611611062.690371
/ndn/s10-site/s10/C2Data-2442-Type3;6000589.0000;TIMEOUT;1611611057.179319
/ndn/d14-site/d14/C2Data-1771-Type3;197318.0000;DATA;1611611063.097418
/ndn/v1-site/v1/C2Data-2808-Type3;266520.0000;DATA;1611611064.366363
/ndn/s4-site/s4/C2Data-2076-Type3;6000345.0000;TIMEOUT;1611611062.637410
/ndn/d11-site/d11/C2Data-3152-Type1;212985.0000;DATA;1611611080.718364
/ndn/v12-site/v12/C2Data-6903-Type2;269183.0000;DATA;1611611084.480341
/ndn/d2-site/d2/C2Data-2063-Type2;222020.0000;DATA;1611611084.567410
/ndn/d5-site/d5/C2Data-2426-Type1;52732.0000;DATA;1611611086.375367
/ndn/s2-site/s2/C2Data-3878-Type1;6000882.0000;TIMEOUT;1611611082.023342
/ndn/h4-site/h4/C2Data-490-Type1;72187.0000;DATA;1611611087.964321
/ndn/v4-site/v4/C2Data-5935-Type2;297843.0000;DATA;1611611088.314378
/ndn/d9-site/d9/C2Data-2910-Type1;125707.0000;DATA;1611611088.754404
/ndn/d7-site/d7/C2Data-2668-Type1;151885.0000;DATA;1611611089.027411
/ndn/d5-site/d5/C2Data-2426-Type2;51568.0000;DATA;1611611089.613424
/ndn/d7-site/d7/C2Data-2668-Type2;142936.0000;DATA;1611611090.083461
/ndn/v12-site/v12/C2Data-6903-Type1;265608.0000;DATA;1611611090.295374
/ndn/h13-site/h13/C2Data-796-Type3;126149.0000;DATA;1611611104.962459
/ndn/h10-site/h10/C2Data-1217-Type2;186792.0000;DATA;1611611111.884418
/ndn/v13-site/v13/C2Data-7025-Type2;149123.0000;DATA;1611611112.826326
/ndn/d7-site/d7/C2Data-2669-Type1;145736.0000;DATA;1611611113.435383
/ndn/v11-site/v11/C2Data-6783-Type2;194558.0000;DATA;1611611114.849404
/ndn/h5-site/h5/C2Data-612-Type1;70517.0000;DATA;1611611115.292364
/ndn/h12-site/h12/C2Data-1459-Type1;239537.0000;DATA;1611611115.218444
/ndn/s11-site/s11/C2Data-2504-Type3;6000234.0000;TIMEOUT;1611611110.343340
