/ndn/v8-site/v8/C2Data-6413-Type1;599.0000;NACK;1611609744.147203
/ndn/v13-site/v13/C2Data-7018-Type2;21526.0000;NACK;1611609744.485195
/ndn/d8-site/d8/C2Data-2783-Type1;25792.0000;DATA;1611609745.332149
/ndn/s2-site/s2/C2Data-3872-Type2;91766.0000;DATA;1611609746.979135
/ndn/v5-site/v5/C2Data-6050-Type1;169129.0000;DATA;1611609746.991122
/ndn/d2-site/d2/C2Data-2057-Type2;97126.0000;DATA;1611609747.131291
/ndn/s13-site/s13/C2Data-5203-Type1;725.0000;NACK;1611609747.652134
/ndn/h6-site/h6/C2Data-726-Type1;144512.0000;DATA;1611609747.956192
/ndn/v13-site/v13/C2Data-7018-Type1;20896.0000;NACK;1611609749.129157
/ndn/d7-site/d7/C2Data-2662-Type2;27521.0000;DATA;1611609749.489144
/ndn/s10-site/s10/C2Data-4840-Type2;20915.0000;NACK;1611609749.662239
/ndn/s6-site/s6/C2Data-4356-Type1;24179.0000;DATA;1611609752.874194
/ndn/v14-site/v14/C2Data-7139-Type1;128168.0000;DATA;1611609753.187194
/ndn/s7-site/s7/C2Data-4477-Type2;95259.0000;DATA;1611609753.285197
/ndn/s11-site/s11/C2Data-4961-Type1;459.0000;NACK;1611609755.684151
/ndn/h10-site/h10/C2Data-1210-Type1;579.0000;DATA;1611609755.828152
/ndn/d11-site/d11/C2Data-1586-Type3;106266.0000;DATA;1611609767.968178
/ndn/s6-site/s6/C2Data-2196-Type3;737.0000;DATA;1611609769.501179
/ndn/v12-site/v12/C2Data-3477-Type3;508.0000;NACK;1611609770.446125
/ndn/s0-site/s0/C2Data-1830-Type3;569.0000;DATA;1611609770.913173
/ndn/h4-site/h4/C2Data-485-Type2;150169.0000;DATA;1611609773.941131
/ndn/v8-site/v8/C2Data-3233-Type3;402.0000;NACK;1611609774.397245
/ndn/h14-site/h14/C2Data-1695-Type1;21067.0000;NACK;1611609774.865140
/ndn/v11-site/v11/C2Data-3416-Type3;20742.0000;NACK;1611609775.024175
/ndn/s9-site/s9/C2Data-4720-Type1;120680.0000;DATA;1611609775.207190
/ndn/s11-site/s11/C2Data-4962-Type1;493.0000;NACK;1611609775.566150
/ndn/v4-site/v4/C2Data-5930-Type2;166600.0000;DATA;1611609776.258132
/ndn/d11-site/d11/C2Data-3147-Type2;74986.0000;DATA;1611609776.753117
/ndn/s6-site/s6/C2Data-4357-Type2;397.0000;DATA;1611609776.934792
/ndn/h2-site/h2/C2Data-122-Type3;20851.0000;NACK;1611609777.371153
/ndn/d0-site/d0/C2Data-1816-Type2;23563.0000;DATA;1611609777.987170
/ndn/s2-site/s2/C2Data-3873-Type1;160720.0000;DATA;1611609777.913146
/ndn/h2-site/h2/C2Data-243-Type2;21111.0000;NACK;1611609778.696214
/ndn/h6-site/h6/C2Data-366-Type3;23707.0000;DATA;1611609780.802294
/ndn/h9-site/h9/C2Data-1090-Type2;71696.0000;DATA;1611609781.196299
/ndn/s12-site/s12/C2Data-5083-Type1;93782.0000;DATA;1611609782.498853
/ndn/v11-site/v11/C2Data-6777-Type2;669.0000;DATA;1611609785.123204
/ndn/h11-site/h11/C2Data-671-Type3;939.0000;DATA;1611609786.196785
/ndn/v5-site/v5/C2Data-3050-Type3;584.0000;DATA;1611609786.636130
/ndn/d13-site/d13/C2Data-1708-Type3;466.0000;DATA;1611609791.792179
/ndn/d12-site/d12/C2Data-3269-Type1;72299.0000;DATA;1611609804.476145
/ndn/h6-site/h6/C2Data-728-Type1;142537.0000;DATA;1611609804.532259
/ndn/d8-site/d8/C2Data-2785-Type1;24464.0000;DATA;1611609806.979236
/ndn/d0-site/d0/C2Data-1817-Type2;77332.0000;DATA;1611609807.035212
/ndn/h4-site/h4/C2Data-486-Type1;23558.0000;DATA;1611609810.428174
/ndn/d7-site/d7/C2Data-2664-Type1;529.0000;DATA;1611609810.632169
/ndn/d8-site/d8/C2Data-2785-Type2;23752.0000;DATA;1611609813.078164
/ndn/h1-site/h1/C2Data-123-Type1;127247.0000;DATA;1611609813.210127
/ndn/d5-site/d5/C2Data-2422-Type1;122010.0000;DATA;1611609814.872113
/ndn/d1-site/d1/C2Data-1938-Type1;99493.0000;DATA;1611609815.282182
/ndn/h5-site/h5/C2Data-306-Type3;98183.0000;DATA;1611609828.266196
/ndn/s10-site/s10/C2Data-2441-Type3;243801.0000;DATA;1611609828.539267
/ndn/s6-site/s6/C2Data-2197-Type3;23933.0000;DATA;1611609829.300137
/ndn/v13-site/v13/C2Data-3539-Type3;71722.0000;DATA;1611609832.436181
/ndn/h7-site/h7/C2Data-428-Type3;24414.0000;DATA;1611609834.016137
/ndn/s10-site/s10/C2Data-4843-Type1;240778.0000;DATA;1611609834.154213
/ndn/s3-site/s3/C2Data-2014-Type3;23992.0000;DATA;1611609837.770288
/ndn/v9-site/v9/C2Data-3295-Type3;172271.0000;DATA;1611609839.246190
/ndn/d12-site/d12/C2Data-3270-Type1;26030.0000;DATA;1611609839.864558
/ndn/h13-site/h13/C2Data-1576-Type2;73053.0000;DATA;1611609840.058191
/ndn/d5-site/d5/C2Data-500-Type4;118224.0000;DATA;1611609840.543153
/ndn/d10-site/d10/C2Data-3028-Type1;141410.0000;DATA;1611609840.664128
/ndn/v13-site/v13/C2Data-7021-Type1;171549.0000;DATA;1611609840.938346
/ndn/v0-site/v0/C2Data-5448-Type1;49436.0000;DATA;1611609841.517222
/ndn/d0-site/d0/C2Data-1818-Type2;578.0000;DATA;1611609842.583138
/ndn/d10-site/d10/C2Data-625-Type4;147177.0000;DATA;1611609842.722225
/ndn/h1-site/h1/C2Data-124-Type2;25968.0000;DATA;1611609843.108198
/ndn/s2-site/s2/C2Data-3875-Type1;168659.0000;DATA;1611609843.124177
/ndn/s9-site/s9/C2Data-4722-Type1;23566.0000;DATA;1611609843.773159
/ndn/d0-site/d0/C2Data-916-Type3;650.0000;DATA;1611609843.966171
/ndn/s3-site/s3/C2Data-3996-Type2;24771.0000;DATA;1611609844.124151
/ndn/s0-site/s0/C2Data-1831-Type3;650.0000;DATA;1611609844.628152
/ndn/d14-site/d14/C2Data-3512-Type2;170248.0000;DATA;1611609844.930173
/ndn/h9-site/h9/C2Data-550-Type3;23677.0000;DATA;1611609845.967190
/ndn/d10-site/d10/C2Data-1526-Type3;26157.0000;DATA;1611609849.627129
/ndn/v10-site/v10/C2Data-1000-Type4;23851.0000;DATA;1611609850.609166
/ndn/v7-site/v7/C2Data-925-Type4;28314.0000;DATA;1611609853.001828
/ndn/d14-site/d14/C2Data-725-Type4;191891.0000;DATA;1611609859.432181
/ndn/s2-site/s2/C2Data-3876-Type2;173702.0000;DATA;1611609864.697247
/ndn/s5-site/s5/C2Data-4239-Type1;50115.0000;DATA;1611609864.829197
/ndn/h14-site/h14/C2Data-350-Type4;97009.0000;DATA;1611609865.362119
/ndn/h8-site/h8/C2Data-972-Type2;82241.0000;DATA;1611609865.453198
/ndn/d9-site/d9/C2Data-2908-Type2;47159.0000;DATA;1611609866.103126
/ndn/h2-site/h2/C2Data-246-Type2;265307.0000;DATA;1611609865.982114
/ndn/h9-site/h9/C2Data-1093-Type1;23801.0000;DATA;1611609867.253189
/ndn/d4-site/d4/C2Data-2303-Type2;154248.0000;DATA;1611609867.548221
/ndn/v12-site/v12/C2Data-6901-Type1;23857.0000;DATA;1611609868.043118
/ndn/h3-site/h3/C2Data-367-Type1;26512.0000;DATA;1611609869.024138
/ndn/v1-site/v1/C2Data-5570-Type2;75581.0000;DATA;1611609868.995126
/ndn/s8-site/s8/C2Data-4602-Type2;49460.0000;DATA;1611609870.184155
/ndn/d0-site/d0/C2Data-375-Type4;23406.0000;DATA;1611609870.428166
/ndn/d11-site/d11/C2Data-3150-Type1;71641.0000;DATA;1611609870.669130
/ndn/h1-site/h1/C2Data-125-Type1;29102.0000;DATA;1611609872.740231
/ndn/d6-site/d6/C2Data-525-Type4;566.0000;DATA;1611609873.580809
/ndn/d1-site/d1/C2Data-1940-Type2;52394.0000;DATA;1611609873.775164
/ndn/d7-site/d7/C2Data-2666-Type2;655.0000;DATA;1611609875.429213
/ndn/h0-site/h0/C2Data-0-Type4;44952.0000;DATA;1611609887.433221
/ndn/v7-site/v7/C2Data-3174-Type3;109588.0000;DATA;1611609889.246143
/ndn/d11-site/d11/C2Data-1588-Type3;99975.0000;DATA;1611609889.555122
/ndn/h10-site/h10/C2Data-612-Type3;624.0000;DATA;1611609892.756187
/ndn/v6-site/v6/C2Data-900-Type4;125696.0000;NACK;1611609892.663139
/ndn/h9-site/h9/C2Data-551-Type3;46525.0000;DATA;1611609893.265138
/ndn/h3-site/h3/C2Data-368-Type1;118064.0000;DATA;1611609894.612151
/ndn/h1-site/h1/C2Data-126-Type2;122573.0000;DATA;1611609894.982130
/ndn/h9-site/h9/C2Data-1094-Type2;78587.0000;DATA;1611609895.679212
/ndn/d4-site/d4/C2Data-2304-Type2;164003.0000;DATA;1611609895.826227
/ndn/v10-site/v10/C2Data-6660-Type2;23919.0000;DATA;1611609896.284131
/ndn/s0-site/s0/C2Data-1832-Type3;464.0000;DATA;1611609896.842168
/ndn/s12-site/s12/C2Data-5087-Type2;28903.0000;DATA;1611609896.836180
/ndn/d3-site/d3/C2Data-2183-Type2;23656.0000;DATA;1611609897.171173
/ndn/s1-site/s1/C2Data-3756-Type1;46217.0000;DATA;1611609898.620198
/ndn/v5-site/v5/C2Data-3052-Type3;23332.0000;DATA;1611609898.693141
/ndn/h6-site/h6/C2Data-731-Type1;91891.0000;DATA;1611609898.674150
/ndn/d13-site/d13/C2Data-700-Type4;138351.0000;DATA;1611609898.852233
/ndn/h5-site/h5/C2Data-307-Type3;27006.0000;DATA;1611609899.032192
/ndn/s13-site/s13/C2Data-2625-Type3;23428.0000;DATA;1611609900.468132
/ndn/v1-site/v1/C2Data-5571-Type1;142574.0000;DATA;1611609900.470121
/ndn/h5-site/h5/C2Data-610-Type2;24337.0000;DATA;1611609901.931190
/ndn/v8-site/v8/C2Data-6418-Type1;69590.0000;DATA;1611609902.774172
/ndn/v8-site/v8/C2Data-6418-Type2;98182.0000;DATA;1611609902.901773
/ndn/v4-site/v4/C2Data-2991-Type3;619.0000;DATA;1611609905.610194
/ndn/h14-site/h14/C2Data-856-Type3;95319.0000;DATA;1611609905.692197
/ndn/h12-site/h12/C2Data-734-Type3;108984.0000;DATA;1611609907.703206
/ndn/d14-site/d14/C2Data-3515-Type2;620.0000;DATA;1611609924.916285
/ndn/v12-site/v12/C2Data-6903-Type2;144972.0000;DATA;1611609924.876926
/ndn/d3-site/d3/C2Data-2184-Type2;25534.0000;DATA;1611609926.108193
/ndn/d1-site/d1/C2Data-1942-Type1;263920.0000;DATA;1611609925.882224
/ndn/s2-site/s2/C2Data-3878-Type1;94837.0000;DATA;1611609926.713185
/ndn/d11-site/d11/C2Data-3152-Type1;628.0000;DATA;1611609926.819156
/ndn/h12-site/h12/C2Data-1458-Type1;259982.0000;DATA;1611609927.432220
/ndn/s9-site/s9/C2Data-4725-Type2;26422.0000;DATA;1611609928.464871
/ndn/s14-site/s14/C2Data-5330-Type1;127473.0000;DATA;1611609928.628188
/ndn/v6-site/v6/C2Data-6177-Type2;126832.0000;NACK;1611609931.853169
/ndn/v9-site/v9/C2Data-6540-Type2;26614.0000;DATA;1611609932.141164
/ndn/d5-site/d5/C2Data-2426-Type2;475.0000;DATA;1611609933.924201
/ndn/s12-site/s12/C2Data-5088-Type1;197207.0000;DATA;1611609934.262127
/ndn/h13-site/h13/C2Data-1579-Type2;145916.0000;DATA;1611609934.381159
/ndn/h5-site/h5/C2Data-611-Type2;73470.0000;DATA;1611609934.930214
/ndn/s0-site/s0/C2Data-3636-Type1;47366.0000;DATA;1611609935.223131
/ndn/v10-site/v10/C2Data-3358-Type3;23479.0000;DATA;1611609950.678205
/ndn/v7-site/v7/C2Data-3175-Type3;773.0000;DATA;1611609952.175197
/ndn/d5-site/d5/C2Data-1223-Type3;86028.0000;DATA;1611609953.500159
/ndn/v0-site/v0/C2Data-5452-Type2;46480.0000;DATA;1611609954.496146
/ndn/s5-site/s5/C2Data-4242-Type2;47695.0000;DATA;1611609954.948231
/ndn/h4-site/h4/C2Data-247-Type3;48586.0000;DATA;1611609955.390135
/ndn/h12-site/h12/C2Data-735-Type3;121904.0000;DATA;1611609955.624161
/ndn/h10-site/h10/C2Data-1217-Type2;701.0000;DATA;1611609956.542156
/ndn/h7-site/h7/C2Data-854-Type2;191476.0000;DATA;1611609956.940161
/ndn/s10-site/s10/C2Data-4847-Type1;100705.0000;DATA;1611609957.731225
/ndn/s14-site/s14/C2Data-5331-Type2;162327.0000;DATA;1611609958.024214
/ndn/v1-site/v1/C2Data-2809-Type3;24120.0000;DATA;1611609958.794125
