/ndn/s6-site/s6/C2Data-3146-Type2;103370.0000;DATA;1612146286.032829
/ndn/v8-site/v8/C2Data-4598-Type1;25661.0000;DATA;1612146286.322794
/ndn/d9-site/d9/C2Data-2299-Type2;169966.0000;DATA;1612146288.630633
/ndn/d0-site/d0/C2Data-1210-Type2;134215.0000;DATA;1612146289.282988
/ndn/d8-site/d8/C2Data-2178-Type2;159154.0000;DATA;1612146289.699813
/ndn/v8-site/v8/C2Data-4598-Type2;37631.0000;DATA;1612146292.599224
/ndn/s9-site/s9/C2Data-3509-Type1;181764.0000;DATA;1612146293.079205
/ndn/h9-site/h9/C2Data-1089-Type2;181790.0000;DATA;1612146294.238818
/ndn/d8-site/d8/C2Data-2178-Type1;153854.0000;DATA;1612146294.624251
/ndn/h8-site/h8/C2Data-968-Type2;103524.0000;DATA;1612146294.764041
/ndn/h2-site/h2/C2Data-242-Type2;105318.0000;DATA;1612146295.511260
/ndn/v8-site/v8/C2Data-2318-Type3;28899.0000;DATA;1612146310.010275
/ndn/h6-site/h6/C2Data-366-Type3;153121.0000;DATA;1612146315.135162
/ndn/s7-site/s7/C2Data-3268-Type1;71334.0000;DATA;1612146316.579796
/ndn/h3-site/h3/C2Data-364-Type1;84798.0000;DATA;1612146319.348345
/ndn/d7-site/d7/C2Data-2058-Type2;168532.0000;DATA;1612146319.384843
/ndn/v8-site/v8/C2Data-4599-Type2;28570.0000;DATA;1612146320.228686
/ndn/h3-site/h3/C2Data-364-Type2;74391.0000;DATA;1612146320.520619
/ndn/d0-site/d0/C2Data-1211-Type1;139276.0000;DATA;1612146321.323965
/ndn/s6-site/s6/C2Data-3147-Type1;97351.0000;DATA;1612146322.232440
/ndn/h9-site/h9/C2Data-549-Type3;173707.0000;DATA;1612146322.181897
/ndn/s1-site/s1/C2Data-2542-Type2;135400.0000;DATA;1612146322.853787
/ndn/s8-site/s8/C2Data-3389-Type2;98807.0000;DATA;1612146324.472778
/ndn/h0-site/h0/C2Data-1-Type2;122128.0000;DATA;1612146324.513617
/ndn/d3-site/d3/C2Data-793-Type3;147213.0000;DATA;1612146324.564301
/ndn/s6-site/s6/C2Data-3147-Type2;94326.0000;DATA;1612146324.942666
/ndn/d0-site/d0/C2Data-610-Type3;122673.0000;DATA;1612146325.555963
/ndn/d4-site/d4/C2Data-854-Type3;67153.0000;DATA;1612146328.683115
/ndn/s3-site/s3/C2Data-1403-Type3;170241.0000;DATA;1612146329.254068
/ndn/d2-site/d2/C2Data-732-Type3;139381.0000;DATA;1612146332.172915
/ndn/d4-site/d4/C2Data-1696-Type2;50232.0000;DATA;1612146346.083952
/ndn/v1-site/v1/C2Data-3753-Type2;26580.0000;DATA;1612146346.400245
/ndn/h4-site/h4/C2Data-486-Type1;50195.0000;DATA;1612146347.454713
/ndn/d9-site/d9/C2Data-2301-Type1;169404.0000;DATA;1612146348.128815
/ndn/v3-site/v3/C2Data-3995-Type1;127052.0000;DATA;1612146349.488041
/ndn/d9-site/d9/C2Data-2301-Type2;144960.0000;DATA;1612146353.559939
/ndn/v5-site/v5/C2Data-4237-Type1;169087.0000;DATA;1612146353.626460
/ndn/h2-site/h2/C2Data-244-Type1;100966.0000;DATA;1612146353.789881
/ndn/h0-site/h0/C2Data-2-Type2;119515.0000;DATA;1612146356.060801
/ndn/d0-site/d0/C2Data-1212-Type1;119961.0000;DATA;1612146357.105611
/ndn/h4-site/h4/C2Data-245-Type3;60623.0000;DATA;1612146371.363199
/ndn/d1-site/d1/C2Data-1334-Type2;121918.0000;DATA;1612146376.269786
/ndn/d6-site/d6/C2Data-1939-Type2;118890.0000;DATA;1612146377.221018
/ndn/h3-site/h3/C2Data-184-Type3;74700.0000;DATA;1612146377.986516
/ndn/h7-site/h7/C2Data-850-Type2;86987.0000;DATA;1612146378.307880
/ndn/s4-site/s4/C2Data-1465-Type3;191945.0000;DATA;1612146378.468074
/ndn/s8-site/s8/C2Data-3391-Type1;101423.0000;DATA;1612146379.214201
