/ndn/d8-site/d8/C2Data-2783-Type1;165805.0000;DATA;1611610900.785310
/ndn/s6-site/s6/C2Data-4356-Type2;185075.0000;DATA;1611610907.985334
/ndn/v10-site/v10/C2Data-6655-Type2;216413.0000;DATA;1611610908.383343
/ndn/h4-site/h4/C2Data-484-Type2;189320.0000;DATA;1611610909.524373
/ndn/s11-site/s11/C2Data-4961-Type2;246534.0000;DATA;1611610909.566352
/ndn/v14-site/v14/C2Data-3599-Type3;122883.0000;DATA;1611610924.706306
/ndn/s13-site/s13/C2Data-2623-Type3;576.0000;NACK;1611610927.528347
/ndn/h10-site/h10/C2Data-610-Type3;253955.0000;DATA;1611610930.627295
/ndn/h13-site/h13/C2Data-793-Type3;94179.0000;DATA;1611610931.189504
/ndn/s5-site/s5/C2Data-4236-Type2;187761.0000;DATA;1611610931.654341
/ndn/v1-site/v1/C2Data-5567-Type2;48552.0000;DATA;1611610932.446388
/ndn/s6-site/s6/C2Data-4357-Type2;258728.0000;DATA;1611610934.002318
/ndn/d0-site/d0/C2Data-915-Type3;167121.0000;DATA;1611610935.455352
/ndn/v7-site/v7/C2Data-6293-Type2;236745.0000;DATA;1611610935.706304
/ndn/h5-site/h5/C2Data-606-Type2;144984.0000;DATA;1611610935.823415
/ndn/d3-site/d3/C2Data-2179-Type1;245442.0000;DATA;1611610937.264434
/ndn/d8-site/d8/C2Data-1403-Type3;170945.0000;DATA;1611610938.513947
/ndn/s2-site/s2/C2Data-3873-Type2;76961.0000;DATA;1611610941.299418
/ndn/h2-site/h2/C2Data-122-Type3;27340.0000;DATA;1611610941.488380
/ndn/s14-site/s14/C2Data-5325-Type1;117724.0000;DATA;1611610942.613359
/ndn/d5-site/d5/C2Data-1220-Type3;177429.0000;DATA;1611610947.221336
/ndn/s14-site/s14/C2Data-2684-Type3;121636.0000;DATA;1611610948.453429
/ndn/h0-site/h0/C2Data-2-Type2;237883.0000;DATA;1611610961.479328
/ndn/s12-site/s12/C2Data-5084-Type1;238949.0000;DATA;1611610964.101357
/ndn/h11-site/h11/C2Data-1333-Type1;95334.0000;DATA;1611610965.310380
/ndn/d5-site/d5/C2Data-2422-Type1;135529.0000;DATA;1611610967.719358
/ndn/h13-site/h13/C2Data-1575-Type1;95181.0000;DATA;1611610968.666307
/ndn/d9-site/d9/C2Data-2906-Type2;182881.0000;DATA;1611610968.770404
/ndn/s8-site/s8/C2Data-4600-Type1;47452.0000;DATA;1611610969.998312
/ndn/s7-site/s7/C2Data-4479-Type2;120863.0000;DATA;1611610970.577400
/ndn/h2-site/h2/C2Data-244-Type2;24628.0000;DATA;1611610972.226352
/ndn/h5-site/h5/C2Data-306-Type3;140836.0000;DATA;1611610989.204368
/ndn/s1-site/s1/C2Data-1892-Type3;6000690.0000;TIMEOUT;1611610989.467460
/ndn/s4-site/s4/C2Data-2075-Type3;24978.0000;DATA;1611610995.567296
/ndn/h4-site/h4/C2Data-245-Type3;196417.0000;DATA;1611610996.722307
/ndn/v13-site/v13/C2Data-3539-Type3;72391.0000;DATA;1611610997.396316
/ndn/s5-site/s5/C2Data-2136-Type3;188128.0000;DATA;1611610997.772308
/ndn/d7-site/d7/C2Data-2665-Type1;209546.0000;DATA;1611610998.014349
/ndn/d2-site/d2/C2Data-425-Type4;140342.0000;DATA;1611610998.100378
/ndn/s2-site/s2/C2Data-3875-Type1;6000559.0000;TIMEOUT;1611610995.510297
/ndn/s6-site/s6/C2Data-4359-Type2;6000245.0000;TIMEOUT;1611610997.496401
/ndn/s2-site/s2/C2Data-3875-Type2;6000388.0000;TIMEOUT;1611610998.246363
/ndn/h4-site/h4/C2Data-100-Type4;194286.0000;DATA;1611611004.098387
/ndn/h13-site/h13/C2Data-325-Type4;98706.0000;DATA;1611611005.629303
/ndn/s5-site/s5/C2Data-4238-Type2;6001074.0000;TIMEOUT;1611611000.714386
/ndn/v4-site/v4/C2Data-2990-Type3;297839.0000;DATA;1611611006.731302
/ndn/s6-site/s6/C2Data-2197-Type3;6000300.0000;TIMEOUT;1611611002.054334
/ndn/s3-site/s3/C2Data-3996-Type2;6002320.0000;TIMEOUT;1611611002.350309
/ndn/d9-site/d9/C2Data-600-Type4;190799.0000;DATA;1611611010.066354
/ndn/h6-site/h6/C2Data-150-Type4;199050.0000;DATA;1611611011.104298
/ndn/v8-site/v8/C2Data-950-Type4;267170.0000;DATA;1611611016.197350
/ndn/d10-site/d10/C2Data-625-Type4;192917.0000;DATA;1611611016.431588
/ndn/h14-site/h14/C2Data-1698-Type1;25498.0000;DATA;1611611020.887361
/ndn/d4-site/d4/C2Data-2303-Type1;123172.0000;DATA;1611611021.853616
/ndn/d8-site/d8/C2Data-575-Type4;193941.0000;DATA;1611611022.617313
/ndn/v11-site/v11/C2Data-6780-Type2;93547.0000;DATA;1611611022.918318
/ndn/h13-site/h13/C2Data-1577-Type2;116096.0000;DATA;1611611027.053309
/ndn/v0-site/v0/C2Data-750-Type4;259108.0000;DATA;1611611026.995313
/ndn/s5-site/s5/C2Data-4239-Type2;6000330.0000;TIMEOUT;1611611022.480298
/ndn/h12-site/h12/C2Data-1456-Type2;47604.0000;DATA;1611611028.732363
/ndn/d0-site/d0/C2Data-1819-Type1;167987.0000;DATA;1611611028.708298
/ndn/h14-site/h14/C2Data-1698-Type2;23880.0000;DATA;1611611029.142379
/ndn/v4-site/v4/C2Data-850-Type4;292551.0000;DATA;1611611030.988307
/ndn/h9-site/h9/C2Data-1093-Type2;170856.0000;DATA;1611611031.439300
/ndn/h14-site/h14/C2Data-350-Type4;25669.0000;DATA;1611611032.554296
/ndn/s5-site/s5/C2Data-4239-Type1;6000252.0000;TIMEOUT;1611611027.855326
/ndn/s3-site/s3/C2Data-3997-Type1;6004095.0000;TIMEOUT;1611611028.329380
/ndn/s12-site/s12/C2Data-5086-Type2;6000358.0000;TIMEOUT;1611611029.174454
/ndn/v3-site/v3/C2Data-825-Type4;138925.0000;DATA;1611611036.998889
/ndn/d0-site/d0/C2Data-375-Type4;205916.0000;DATA;1611611037.208373
/ndn/h10-site/h10/C2Data-250-Type4;290761.0000;DATA;1611611038.697629
/ndn/d8-site/d8/C2Data-1405-Type3;185070.0000;DATA;1611611046.363338
/ndn/v10-site/v10/C2Data-3357-Type3;283103.0000;DATA;1611611047.569377
/ndn/v12-site/v12/C2Data-3479-Type3;273304.0000;DATA;1611611048.960331
/ndn/d4-site/d4/C2Data-1161-Type3;122978.0000;DATA;1611611050.720312
/ndn/v1-site/v1/C2Data-775-Type4;264110.0000;DATA;1611611050.712291
/ndn/s11-site/s11/C2Data-2503-Type3;6000242.0000;TIMEOUT;1611611045.235342
/ndn/d14-site/d14/C2Data-3514-Type2;72454.0000;DATA;1611611051.307365
/ndn/s0-site/s0/C2Data-1832-Type3;6000205.0000;TIMEOUT;1611611045.807308
/ndn/d12-site/d12/C2Data-675-Type4;186406.0000;DATA;1611611051.879348
/ndn/d8-site/d8/C2Data-2788-Type2;167576.0000;DATA;1611611052.532363
/ndn/s9-site/s9/C2Data-2381-Type3;6000582.0000;TIMEOUT;1611611046.764316
/ndn/v0-site/v0/C2Data-2747-Type3;230389.0000;DATA;1611611052.916342
/ndn/d5-site/d5/C2Data-2425-Type1;163091.0000;DATA;1611611053.538334
/ndn/v14-site/v14/C2Data-1100-Type4;119566.0000;DATA;1611611053.766324
/ndn/d7-site/d7/C2Data-2667-Type1;155033.0000;DATA;1611611055.213297
/ndn/v3-site/v3/C2Data-2930-Type3;121964.0000;DATA;1611611055.946415
/ndn/v10-site/v10/C2Data-6660-Type1;214604.0000;DATA;1611611055.909322
/ndn/d13-site/d13/C2Data-1710-Type3;95377.0000;DATA;1611611056.070315
/ndn/h7-site/h7/C2Data-429-Type3;238166.0000;DATA;1611611056.279299
/ndn/d12-site/d12/C2Data-3272-Type2;184861.0000;DATA;1611611056.579384
/ndn/d3-site/d3/C2Data-2183-Type2;233299.0000;DATA;1611611057.518367
/ndn/s4-site/s4/C2Data-4119-Type1;6000916.0000;TIMEOUT;1611611052.602317
/ndn/h11-site/h11/C2Data-1336-Type2;94497.0000;DATA;1611611059.218389
/ndn/s0-site/s0/C2Data-3635-Type1;6000407.0000;TIMEOUT;1611611053.516296
/ndn/s6-site/s6/C2Data-4361-Type2;6000415.0000;TIMEOUT;1611611054.161389
/ndn/v5-site/v5/C2Data-3052-Type3;291509.0000;DATA;1611611059.890303
/ndn/s12-site/s12/C2Data-5087-Type2;6000837.0000;TIMEOUT;1611611054.329295
/ndn/d11-site/d11/C2Data-3151-Type1;217651.0000;DATA;1611611061.754372
/ndn/s6-site/s6/C2Data-4361-Type1;6000363.0000;TIMEOUT;1611611056.022373
/ndn/d12-site/d12/C2Data-3272-Type1;191659.0000;DATA;1611611062.391350
/ndn/v6-site/v6/C2Data-3113-Type3;96379.0000;DATA;1611611062.891373
/ndn/v1-site/v1/C2Data-2808-Type3;272046.0000;DATA;1611611063.960342
/ndn/v4-site/v4/C2Data-2991-Type3;343918.0000;DATA;1611611064.598381
/ndn/s1-site/s1/C2Data-1893-Type3;6000313.0000;TIMEOUT;1611611059.653362
/ndn/s8-site/s8/C2Data-4603-Type1;6000267.0000;TIMEOUT;1611611062.143379
/ndn/d0-site/d0/C2Data-1821-Type1;168698.0000;DATA;1611611081.750326
/ndn/h6-site/h6/C2Data-732-Type1;201601.0000;DATA;1611611081.900305
/ndn/h7-site/h7/C2Data-853-Type2;246874.0000;DATA;1611611084.847300
/ndn/d14-site/d14/C2Data-3515-Type1;71687.0000;DATA;1611611085.650411
/ndn/h3-site/h3/C2Data-369-Type2;241654.0000;DATA;1611611086.317542
/ndn/d13-site/d13/C2Data-3394-Type2;104928.0000;DATA;1611611086.992381
/ndn/h4-site/h4/C2Data-490-Type1;198514.0000;DATA;1611611088.567380
/ndn/d3-site/d3/C2Data-2184-Type1;240153.0000;DATA;1611611089.519326
/ndn/h10-site/h10/C2Data-1216-Type2;262913.0000;DATA;1611611089.797302
/ndn/h0-site/h0/C2Data-6-Type2;225666.0000;DATA;1611611092.044428
/ndn/s7-site/s7/C2Data-4483-Type2;6000535.0000;TIMEOUT;1611611089.335349
/ndn/s3-site/s3/C2Data-3999-Type2;6000416.0000;TIMEOUT;1611611089.616299
/ndn/d4-site/d4/C2Data-1162-Type3;101885.0000;DATA;1611611105.269306
/ndn/h1-site/h1/C2Data-64-Type3;152075.0000;DATA;1611611105.593308
/ndn/h14-site/h14/C2Data-857-Type3;23844.0000;DATA;1611611110.753359
/ndn/v11-site/v11/C2Data-6783-Type1;96721.0000;DATA;1611611110.776381
/ndn/h13-site/h13/C2Data-796-Type3;99824.0000;DATA;1611611112.157366
/ndn/h0-site/h0/C2Data-7-Type1;214505.0000;DATA;1611611114.443415
/ndn/v7-site/v7/C2Data-3175-Type3;237395.0000;DATA;1611611114.808329
/ndn/v6-site/v6/C2Data-6178-Type1;97998.0000;DATA;1611611115.334339
/ndn/v6-site/v6/C2Data-3114-Type3;99394.0000;DATA;1611611116.002351
/ndn/s4-site/s4/C2Data-2077-Type3;6000495.0000;TIMEOUT;1611611110.124398
/ndn/s5-site/s5/C2Data-2138-Type3;6000307.0000;TIMEOUT;1611611110.523992
