/C2Data/h1/C2Data-21-Type2;132842.0000;DATA;1609266202.347814
/C2Data/d3/C2Data-147-Type2;26082.0000;DATA;1609266202.489519
/C2Data/d0/C2Data-84-Type2;108254.0000;DATA;1609266204.597523
/C2Data/v0/C2Data-252-Type2;123537.0000;DATA;1609266205.724870
/C2Data/s1/C2Data-189-Type2;112817.0000;NACK;1609266215.025865
/C2Data/v2/C2Data-295-Type2;96181.0000;DATA;1609266258.745987
/C2Data/s3/C2Data-121-Type3;47106.0000;DATA;1609266266.184425
/C2Data/v1/C2Data-143-Type3;68391.0000;DATA;1609266274.919443
/C2Data/s1/C2Data-99-Type3;64359.0000;NACK;1609266282.472028
/C2Data/s2/C2Data-212-Type1;151981.0000;DATA;1609266321.403936
/C2Data/d0/C2Data-86-Type1;40841.0000;DATA;1609266322.771170
/C2Data/h3/C2Data-34-Type3;44264.0000;DATA;1609266365.668075
/C2Data/v3/C2Data-166-Type3;91811.0000;DATA;1609266372.289089
/C2Data/s3/C2Data-234-Type1;84626.0000;DATA;1609266378.324981
/C2Data/h1/C2Data-12-Type3;102434.0000;DATA;1609266379.320955
/C2Data/s1/C2Data-100-Type3;69121.0000;NACK;1609266381.412589
/C2Data/s1/C2Data-192-Type1;90293.0000;NACK;1609266384.740837
/C2Data/d3/C2Data-78-Type3;27513.0000;DATA;1609266387.829217
/C2Data/d0/C2Data-87-Type1;27911.0000;DATA;1609266388.043291
/C2Data/h2/C2Data-23-Type3;138720.0000;DATA;1609266401.405969
/C2Data/v3/C2Data-55-Type4;80878.0000;DATA;1609266408.126677
/C2Data/v0/C2Data-256-Type1;69411.0000;DATA;1609266435.698065
/C2Data/h1/C2Data-25-Type1;92855.0000;DATA;1609266448.304895
/C2Data/h3/C2Data-67-Type2;23792.0000;DATA;1609266453.737295
/C2Data/s1/C2Data-194-Type2;142583.0000;NACK;1609266495.758286
/C2Data/h3/C2Data-68-Type2;23862.0000;DATA;1609266496.990572
/C2Data/h2/C2Data-24-Type3;69747.0000;DATA;1609266502.486913
/C2Data/v1/C2Data-278-Type2;46754.0000;DATA;1609266502.828161
/C2Data/s0/C2Data-173-Type1;23708.0000;DATA;1609266513.744540
/C2Data/h1/C2Data-13-Type3;92958.0000;DATA;1609266516.571923
/C2Data/v1/C2Data-279-Type1;189431.0000;DATA;1609266557.055744
/C2Data/s1/C2Data-195-Type1;192192.0000;NACK;1609266558.152347
/C2Data/h1/C2Data-27-Type1;160818.0000;DATA;1609266560.533859
/C2Data/v3/C2Data-321-Type1;50383.0000;DATA;1609266571.186083
/C2Data/v2/C2Data-157-Type3;91903.0000;DATA;1609266618.340464
/C2Data/h0/C2Data-3-Type3;156153.0000;DATA;1609266620.290858
/C2Data/d0/C2Data-91-Type1;24009.0000;DATA;1609266620.908934
/C2Data/s0/C2Data-175-Type2;33299.0000;DATA;1609266623.706274
/C2Data/h3/C2Data-36-Type3;47233.0000;DATA;1609266626.009346
/C2Data/d0/C2Data-12-Type5;25322.0000;DATA;1609266628.654895
/C2Data/d1/C2Data-58-Type3;76602.0000;DATA;1609266630.346497
/C2Data/s2/C2Data-113-Type3;153987.0000;DATA;1609266634.883811
/C2Data/v1/C2Data-280-Type2;101543.0000;DATA;1609266637.660222
/C2Data/h3/C2Data-71-Type2;43784.0000;DATA;1609266677.157613
/C2Data/d0/C2Data-92-Type2;43036.0000;DATA;1609266687.550363
/C2Data/d3/C2Data-36-Type4;157451.0000;DATA;1609266736.086999
/C2Data/v1/C2Data-282-Type2;46690.0000;DATA;1609266737.297872
/C2Data/s0/C2Data-177-Type2;23956.0000;DATA;1609266738.307678
/C2Data/d1/C2Data-15-Type5;99868.0000;DATA;1609266739.240586
/C2Data/h2/C2Data-51-Type1;70067.0000;DATA;1609266759.099966
/C2Data/h2/C2Data-11-Type4;79426.0000;DATA;1609266759.992360
/C2Data/s2/C2Data-219-Type2;6001496.0000;TIMEOUT;1609266760.154722
/C2Data/h0/C2Data-9-Type2;47015.0000;DATA;1609266772.661025
/C2Data/d1/C2Data-114-Type2;56524.0000;DATA;1609266792.573302
/C2Data/v3/C2Data-169-Type3;50036.0000;DATA;1609266801.191238
