/ndn/v12-site/v12/C2Data-6897-Type1;557.0000;NACK;1611608000.091440
/ndn/v14-site/v14/C2Data-7139-Type1;677.0000;NACK;1611608000.960500
/ndn/v3-site/v3/C2Data-5808-Type1;98730.0000;DATA;1611608001.080535
/ndn/v4-site/v4/C2Data-5929-Type1;542.0000;NACK;1611608002.284487
/ndn/s14-site/s14/C2Data-5324-Type2;503.0000;NACK;1611608003.408504
/ndn/s4-site/s4/C2Data-4114-Type1;498.0000;NACK;1611608005.979485
/ndn/v5-site/v5/C2Data-6050-Type1;431.0000;NACK;1611608007.812576
/ndn/v10-site/v10/C2Data-6655-Type2;613.0000;NACK;1611608009.969423
/ndn/d9-site/d9/C2Data-2904-Type2;95791.0000;DATA;1611608011.130428
/ndn/v8-site/v8/C2Data-3233-Type3;73923.0000;DATA;1611608025.723425
/ndn/h13-site/h13/C2Data-793-Type3;103082.0000;DATA;1611608027.912456
/ndn/v0-site/v0/C2Data-5446-Type2;515.0000;NACK;1611608030.130517
/ndn/s2-site/s2/C2Data-3873-Type2;121508.0000;DATA;1611608031.198444
/ndn/h1-site/h1/C2Data-61-Type3;123167.0000;DATA;1611608035.010481
/ndn/d0-site/d0/C2Data-915-Type3;93463.0000;DATA;1611608036.036436
/ndn/h2-site/h2/C2Data-122-Type3;145875.0000;DATA;1611608036.772509
/ndn/v3-site/v3/C2Data-2928-Type3;50381.0000;DATA;1611608036.998455
/ndn/s9-site/s9/C2Data-4720-Type1;48146.0000;DATA;1611608037.124423
/ndn/d1-site/d1/C2Data-1937-Type1;139056.0000;DATA;1611608037.063463
/ndn/d2-site/d2/C2Data-2058-Type2;119848.0000;DATA;1611608037.108417
/ndn/d13-site/d13/C2Data-1708-Type3;23816.0000;DATA;1611608037.233488
/ndn/v13-site/v13/C2Data-3538-Type3;24019.0000;DATA;1611608037.669498
/ndn/v5-site/v5/C2Data-6051-Type1;67768.0000;NACK;1611608038.425502
/ndn/h2-site/h2/C2Data-243-Type2;146689.0000;DATA;1611608038.481513
/ndn/s3-site/s3/C2Data-3994-Type2;810.0000;DATA;1611608038.716503
/ndn/h9-site/h9/C2Data-549-Type3;23274.0000;DATA;1611608039.686416
/ndn/v6-site/v6/C2Data-3111-Type3;149274.0000;DATA;1611608040.349583
/ndn/h5-site/h5/C2Data-305-Type3;23431.0000;DATA;1611608040.667443
/ndn/h1-site/h1/C2Data-122-Type2;25464.0000;DATA;1611608040.890505
/ndn/h7-site/h7/C2Data-848-Type2;25712.0000;DATA;1611608041.694421
/ndn/v3-site/v3/C2Data-5809-Type2;47274.0000;DATA;1611608041.684465
/ndn/v7-site/v7/C2Data-3172-Type3;70712.0000;NACK;1611608042.747404
/ndn/h10-site/h10/C2Data-610-Type3;23276.0000;DATA;1611608044.792420
/ndn/h14-site/h14/C2Data-1696-Type2;179317.0000;DATA;1611608060.241550
/ndn/v9-site/v9/C2Data-6536-Type2;23861.0000;DATA;1611608061.067557
/ndn/d8-site/d8/C2Data-2785-Type1;188849.0000;DATA;1611608061.138494
/ndn/d14-site/d14/C2Data-3511-Type2;164904.0000;DATA;1611608062.462467
/ndn/s10-site/s10/C2Data-4842-Type1;23849.0000;DATA;1611608063.305445
/ndn/d2-site/d2/C2Data-2059-Type1;187947.0000;DATA;1611608063.144526
/ndn/s14-site/s14/C2Data-5326-Type2;100892.0000;DATA;1611608063.342482
/ndn/s2-site/s2/C2Data-3874-Type1;46619.0000;DATA;1611608064.268435
/ndn/s3-site/s3/C2Data-3995-Type2;552.0000;DATA;1611608065.601477
/ndn/s3-site/s3/C2Data-3995-Type1;576.0000;DATA;1611608065.851533
/ndn/v6-site/v6/C2Data-6173-Type1;141253.0000;DATA;1611608065.825607
/ndn/v12-site/v12/C2Data-6899-Type1;238673.0000;DATA;1611608067.128492
/ndn/d10-site/d10/C2Data-3027-Type1;23875.0000;DATA;1611608068.884490
/ndn/s7-site/s7/C2Data-4479-Type1;228275.0000;DATA;1611608070.921484
/ndn/h0-site/h0/C2Data-1-Type3;27129.0000;DATA;1611608085.584499
/ndn/h14-site/h14/C2Data-855-Type3;169139.0000;DATA;1611608086.294656
/ndn/d2-site/d2/C2Data-1038-Type3;93878.0000;DATA;1611608087.674443
/ndn/h3-site/h3/C2Data-184-Type3;23541.0000;DATA;1611608088.471450
/ndn/s11-site/s11/C2Data-2502-Type3;905.0000;DATA;1611608088.852457
/ndn/d5-site/d5/C2Data-2423-Type2;25506.0000;DATA;1611608090.350521
/ndn/v13-site/v13/C2Data-3539-Type3;25339.0000;DATA;1611608090.714480
/ndn/h13-site/h13/C2Data-1576-Type2;98622.0000;DATA;1611608091.196430
/ndn/s12-site/s12/C2Data-5085-Type1;47875.0000;DATA;1611608091.882507
/ndn/v10-site/v10/C2Data-6658-Type1;143292.0000;DATA;1611608094.398516
/ndn/d9-site/d9/C2Data-1465-Type3;23698.0000;DATA;1611608094.915501
/ndn/h5-site/h5/C2Data-608-Type1;26585.0000;DATA;1611608095.076440
/ndn/d12-site/d12/C2Data-3270-Type1;94828.0000;DATA;1611608095.046485
/ndn/s0-site/s0/C2Data-3633-Type2;26668.0000;DATA;1611608095.675479
/ndn/s7-site/s7/C2Data-4480-Type1;53265.0000;DATA;1611608095.664528
/ndn/s0-site/s0/C2Data-3633-Type1;121424.0000;DATA;1611608096.312450
/ndn/s9-site/s9/C2Data-4722-Type1;24730.0000;DATA;1611608097.685528
/ndn/v5-site/v5/C2Data-3051-Type3;95678.0000;DATA;1611608098.295446
/ndn/d8-site/d8/C2Data-1404-Type3;23529.0000;DATA;1611608098.789540
/ndn/h14-site/h14/C2Data-1697-Type2;138259.0000;DATA;1611608098.763463
/ndn/d13-site/d13/C2Data-3391-Type2;165477.0000;DATA;1611608099.068528
/ndn/s10-site/s10/C2Data-4843-Type1;137918.0000;DATA;1611608099.717462
/ndn/s2-site/s2/C2Data-3875-Type1;48436.0000;DATA;1611608100.382548
/ndn/d3-site/d3/C2Data-2181-Type1;26866.0000;DATA;1611608100.586410
/ndn/h11-site/h11/C2Data-1334-Type2;27953.0000;DATA;1611608100.989497
/ndn/d8-site/d8/C2Data-2786-Type1;193281.0000;DATA;1611608100.898463
/ndn/d9-site/d9/C2Data-600-Type4;96615.0000;DATA;1611608101.569523
/ndn/s5-site/s5/C2Data-2136-Type3;27873.0000;DATA;1611608101.829677
/ndn/v10-site/v10/C2Data-6658-Type2;26007.0000;DATA;1611608101.954406
/ndn/d7-site/d7/C2Data-1343-Type3;101677.0000;DATA;1611608102.408450
/ndn/s1-site/s1/C2Data-1892-Type3;26324.0000;DATA;1611608104.370451
/ndn/d13-site/d13/C2Data-1709-Type3;26193.0000;DATA;1611608105.457989
/ndn/d11-site/d11/C2Data-1587-Type3;23283.0000;DATA;1611608107.241467
/ndn/d1-site/d1/C2Data-400-Type4;143807.0000;DATA;1611608109.905670
/ndn/v8-site/v8/C2Data-950-Type4;28532.0000;DATA;1611608113.540437
/ndn/h7-site/h7/C2Data-851-Type1;26455.0000;DATA;1611608121.154404
/ndn/d11-site/d11/C2Data-650-Type4;23816.0000;DATA;1611608121.857588
/ndn/s1-site/s1/C2Data-3755-Type2;71697.0000;DATA;1611608122.606508
/ndn/d4-site/d4/C2Data-2303-Type2;169670.0000;DATA;1611608123.785467
/ndn/d7-site/d7/C2Data-2666-Type1;121208.0000;DATA;1611608124.562523
/ndn/d2-site/d2/C2Data-2061-Type2;186148.0000;DATA;1611608124.950599
/ndn/s6-site/s6/C2Data-4360-Type1;142677.0000;DATA;1611608126.121462
/ndn/v2-site/v2/C2Data-5691-Type2;24059.0000;DATA;1611608127.079443
/ndn/h6-site/h6/C2Data-150-Type4;23300.0000;DATA;1611608127.381421
/ndn/h13-site/h13/C2Data-1577-Type2;47401.0000;DATA;1611608128.019462
/ndn/d1-site/d1/C2Data-1940-Type2;46640.0000;DATA;1611608128.441486
/ndn/v12-site/v12/C2Data-6901-Type1;244969.0000;DATA;1611608130.360477
/ndn/h5-site/h5/C2Data-609-Type2;48789.0000;DATA;1611608130.939455
/ndn/s1-site/s1/C2Data-3755-Type1;71752.0000;DATA;1611608131.233013
/ndn/v4-site/v4/C2Data-5933-Type1;118415.0000;DATA;1611608131.624437
/ndn/d4-site/d4/C2Data-1161-Type3;25282.0000;DATA;1611608152.836517
/ndn/h2-site/h2/C2Data-50-Type4;25607.0000;DATA;1611608153.177570
/ndn/v4-site/v4/C2Data-5934-Type2;23713.0000;DATA;1611608153.391464
/ndn/d4-site/d4/C2Data-2304-Type2;163141.0000;DATA;1611608153.597471
/ndn/s6-site/s6/C2Data-2198-Type3;168163.0000;DATA;1611608153.978541
/ndn/s3-site/s3/C2Data-3998-Type1;641.0000;DATA;1611608155.061470
/ndn/s14-site/s14/C2Data-5329-Type1;94521.0000;DATA;1611608155.070479
/ndn/v10-site/v10/C2Data-6660-Type2;23697.0000;DATA;1611608155.698413
/ndn/d12-site/d12/C2Data-3272-Type2;23587.0000;DATA;1611608156.180423
/ndn/s13-site/s13/C2Data-5208-Type1;76040.0000;DATA;1611608157.290478
/ndn/h7-site/h7/C2Data-429-Type3;24157.0000;DATA;1611608158.590460
/ndn/d13-site/d13/C2Data-3393-Type2;165812.0000;DATA;1611608158.938474
/ndn/v0-site/v0/C2Data-2747-Type3;23717.0000;DATA;1611608159.667071
/ndn/v12-site/v12/C2Data-6902-Type1;258872.0000;DATA;1611608161.970524
/ndn/d11-site/d11/C2Data-1588-Type3;25504.0000;DATA;1611608162.848442
/ndn/v12-site/v12/C2Data-3479-Type3;25456.0000;DATA;1611608163.306436
/ndn/v6-site/v6/C2Data-3113-Type3;36731.0000;DATA;1611608166.737799
/ndn/h6-site/h6/C2Data-368-Type3;48108.0000;DATA;1611608167.747775
/ndn/v2-site/v2/C2Data-2869-Type3;123583.0000;DATA;1611608167.803488
/ndn/d4-site/d4/C2Data-2305-Type2;173403.0000;DATA;1611608181.234500
/ndn/v8-site/v8/C2Data-6419-Type2;69751.0000;DATA;1611608186.927464
/ndn/d13-site/d13/C2Data-3394-Type1;170108.0000;DATA;1611608186.885471
/ndn/s4-site/s4/C2Data-4120-Type1;121477.0000;DATA;1611608186.987109
/ndn/h9-site/h9/C2Data-1095-Type2;69683.0000;DATA;1611608188.584996
/ndn/s13-site/s13/C2Data-5209-Type2;634.0000;DATA;1611608191.192495
/ndn/v12-site/v12/C2Data-6903-Type1;24780.0000;DATA;1611608191.388559
/ndn/s3-site/s3/C2Data-3999-Type1;476.0000;DATA;1611608191.528429
/ndn/s11-site/s11/C2Data-2504-Type3;46509.0000;DATA;1611608204.856426
/ndn/h1-site/h1/C2Data-64-Type3;173670.0000;DATA;1611608205.686439
/ndn/v4-site/v4/C2Data-2992-Type3;271552.0000;DATA;1611608206.663527
/ndn/s10-site/s10/C2Data-2443-Type3;137033.0000;DATA;1611608207.834410
/ndn/v13-site/v13/C2Data-3541-Type3;49533.0000;DATA;1611608208.872454
/ndn/s7-site/s7/C2Data-2260-Type3;186268.0000;DATA;1611608210.054548
/ndn/s1-site/s1/C2Data-3758-Type2;73817.0000;DATA;1611608210.854458
/ndn/d10-site/d10/C2Data-3032-Type2;24222.0000;DATA;1611608211.925446
/ndn/h10-site/h10/C2Data-613-Type3;176152.0000;DATA;1611608213.108467
/ndn/v3-site/v3/C2Data-2931-Type3;23500.0000;DATA;1611608213.545443
/ndn/d4-site/d4/C2Data-1162-Type3;164509.0000;DATA;1611608213.637412
/ndn/s13-site/s13/C2Data-5210-Type2;814.0000;DATA;1611608214.012424
/ndn/d5-site/d5/C2Data-1223-Type3;24444.0000;DATA;1611608214.067465
/ndn/s0-site/s0/C2Data-3637-Type1;117287.0000;DATA;1611608214.290475
/ndn/v8-site/v8/C2Data-3236-Type3;24212.0000;DATA;1611608215.410503
