/ndn/v2-site/v2/C2Data-3872-Type1;888.0000;DATA;1612146991.352107
/ndn/s9-site/s9/C2Data-3509-Type2;25098.0000;DATA;1612146992.187063
/ndn/s2-site/s2/C2Data-2662-Type2;72822.0000;DATA;1612146993.691800
/ndn/s8-site/s8/C2Data-3388-Type2;6228.0000;DATA;1612146996.714367
/ndn/h4-site/h4/C2Data-484-Type1;1992.0000;DATA;1612146997.651738
/ndn/v5-site/v5/C2Data-2135-Type3;25761.0000;DATA;1612147018.847201
/ndn/h0-site/h0/C2Data-1-Type2;246873.0000;DATA;1612147020.893578
/ndn/h8-site/h8/C2Data-969-Type1;79117.0000;DATA;1612147021.494795
/ndn/v8-site/v8/C2Data-2318-Type3;133215.0000;DATA;1612147021.551381
/ndn/h8-site/h8/C2Data-969-Type2;74439.0000;DATA;1612147022.757757
/ndn/h5-site/h5/C2Data-305-Type3;174322.0000;DATA;1612147023.658912
/ndn/h3-site/h3/C2Data-183-Type3;957.0000;DATA;1612147028.147415
/ndn/h2-site/h2/C2Data-122-Type3;114923.0000;DATA;1612147028.175846
/ndn/s2-site/s2/C2Data-2663-Type1;53024.0000;DATA;1612147029.323459
/ndn/v7-site/v7/C2Data-2257-Type3;166536.0000;DATA;1612147031.987733
/ndn/s5-site/s5/C2Data-1525-Type3;1646.0000;DATA;1612147034.893398
/ndn/h0-site/h0/C2Data-0-Type3;167254.0000;DATA;1612147034.983996
/ndn/s6-site/s6/C2Data-3148-Type1;252458.0000;DATA;1612147049.051456
/ndn/h4-site/h4/C2Data-486-Type1;133510.0000;DATA;1612147051.550940
/ndn/s4-site/s4/C2Data-2906-Type2;109098.0000;DATA;1612147053.393503
/ndn/d7-site/d7/C2Data-2059-Type2;79000.0000;DATA;1612147054.616768
/ndn/v7-site/v7/C2Data-4479-Type1;207392.0000;DATA;1612147057.943687
/ndn/h5-site/h5/C2Data-607-Type2;201071.0000;DATA;1612147058.154975
/ndn/s1-site/s1/C2Data-2543-Type1;26454.0000;DATA;1612147059.463854
/ndn/s3-site/s3/C2Data-1404-Type3;27945.0000;DATA;1612147071.618222
/ndn/d2-site/d2/C2Data-733-Type3;226265.0000;DATA;1612147071.742613
/ndn/d0-site/d0/C2Data-611-Type3;47421.0000;DATA;1612147077.611806
/ndn/s2-site/s2/C2Data-1343-Type3;101444.0000;DATA;1612147078.215104
/ndn/v7-site/v7/C2Data-4480-Type1;200071.0000;DATA;1612147078.155796
/ndn/s0-site/s0/C2Data-1221-Type3;92949.0000;DATA;1612147081.172969
/ndn/s5-site/s5/C2Data-3028-Type2;102604.0000;DATA;1612147082.757152
