/ndn/d8-site/d8/C2Data-2783-Type1;174154.0000;DATA;1611608000.159526
/ndn/s6-site/s6/C2Data-4356-Type2;200970.0000;DATA;1611608007.359492
/ndn/v10-site/v10/C2Data-6655-Type2;212272.0000;DATA;1611608007.757422
/ndn/h4-site/h4/C2Data-484-Type2;24713.0000;DATA;1611608008.898483
/ndn/s11-site/s11/C2Data-4961-Type2;86990.0000;NACK;1611608008.940452
/ndn/v14-site/v14/C2Data-3599-Type3;119988.0000;DATA;1611608024.080545
/ndn/s13-site/s13/C2Data-2623-Type3;290944.0000;DATA;1611608026.902567
/ndn/h10-site/h10/C2Data-610-Type3;164520.0000;DATA;1611608030.001522
/ndn/h13-site/h13/C2Data-793-Type3;70075.0000;DATA;1611608030.563467
/ndn/s5-site/s5/C2Data-4236-Type2;191725.0000;DATA;1611608031.028499
/ndn/v1-site/v1/C2Data-5567-Type2;59962.0000;DATA;1611608031.820446
/ndn/s6-site/s6/C2Data-4357-Type2;73614.0000;DATA;1611608033.376425
/ndn/d0-site/d0/C2Data-915-Type3;168961.0000;DATA;1611608034.829416
/ndn/h5-site/h5/C2Data-606-Type2;506.0000;DATA;1611608035.197484
/ndn/v7-site/v7/C2Data-6293-Type2;232080.0000;DATA;1611608035.080417
/ndn/d3-site/d3/C2Data-2179-Type1;23376.0000;DATA;1611608036.638477
/ndn/d8-site/d8/C2Data-1403-Type3;161657.0000;DATA;1611608037.888289
/ndn/s2-site/s2/C2Data-3873-Type2;637.0000;DATA;1611608040.673716
/ndn/h2-site/h2/C2Data-122-Type3;709.0000;DATA;1611608040.862449
/ndn/s14-site/s14/C2Data-5325-Type1;93254.0000;DATA;1611608041.987482
/ndn/d5-site/d5/C2Data-1220-Type3;71575.0000;DATA;1611608046.595443
/ndn/s14-site/s14/C2Data-2684-Type3;25353.0000;DATA;1611608047.827489
/ndn/h0-site/h0/C2Data-2-Type2;142429.0000;DATA;1611608060.853503
/ndn/s12-site/s12/C2Data-5084-Type1;24977.0000;DATA;1611608063.475467
/ndn/h11-site/h11/C2Data-1333-Type1;94855.0000;DATA;1611608064.684423
/ndn/d5-site/d5/C2Data-2422-Type1;402.0000;DATA;1611608067.093450
/ndn/h13-site/h13/C2Data-1575-Type1;95976.0000;DATA;1611608068.040451
/ndn/d9-site/d9/C2Data-2906-Type2;207408.0000;DATA;1611608068.144413
/ndn/s8-site/s8/C2Data-4600-Type1;47584.0000;DATA;1611608069.372417
/ndn/s7-site/s7/C2Data-4479-Type2;620.0000;DATA;1611608069.951486
/ndn/h2-site/h2/C2Data-244-Type2;712.0000;DATA;1611608071.600434
/ndn/h5-site/h5/C2Data-306-Type3;147765.0000;DATA;1611608088.578471
/ndn/s1-site/s1/C2Data-1892-Type3;283441.0000;DATA;1611608088.841445
/ndn/s4-site/s4/C2Data-2075-Type3;480.0000;DATA;1611608094.941519
/ndn/s2-site/s2/C2Data-3875-Type1;62200.0000;DATA;1611608094.884410
/ndn/h4-site/h4/C2Data-245-Type3;24939.0000;DATA;1611608096.096537
/ndn/v13-site/v13/C2Data-3539-Type3;71956.0000;DATA;1611608096.770406
/ndn/s6-site/s6/C2Data-4359-Type2;71332.0000;DATA;1611608096.870481
/ndn/s5-site/s5/C2Data-2136-Type3;118409.0000;DATA;1611608097.146494
/ndn/d7-site/d7/C2Data-2665-Type1;216297.0000;DATA;1611608097.388435
/ndn/d2-site/d2/C2Data-425-Type4;139419.0000;DATA;1611608097.474407
/ndn/s2-site/s2/C2Data-3875-Type2;73745.0000;DATA;1611608097.620526
/ndn/s5-site/s5/C2Data-4238-Type2;96092.0000;DATA;1611608100.088522
/ndn/s6-site/s6/C2Data-2197-Type3;145059.0000;DATA;1611608101.428419
/ndn/s3-site/s3/C2Data-3996-Type2;23607.0000;DATA;1611608101.724489
/ndn/h4-site/h4/C2Data-100-Type4;24737.0000;DATA;1611608103.472525
/ndn/h13-site/h13/C2Data-325-Type4;99644.0000;DATA;1611608105.003398
/ndn/v4-site/v4/C2Data-2990-Type3;146902.0000;DATA;1611608106.105413
/ndn/d9-site/d9/C2Data-600-Type4;169781.0000;DATA;1611608109.440474
/ndn/h6-site/h6/C2Data-150-Type4;166489.0000;DATA;1611608110.478392
/ndn/v8-site/v8/C2Data-950-Type4;46413.0000;DATA;1611608115.571400
/ndn/d10-site/d10/C2Data-625-Type4;131843.0000;DATA;1611608115.776995
/ndn/h14-site/h14/C2Data-1698-Type1;27827.0000;DATA;1611608120.261531
/ndn/d4-site/d4/C2Data-2303-Type1;124209.0000;DATA;1611608121.227493
/ndn/s5-site/s5/C2Data-4239-Type2;193268.0000;DATA;1611608121.854404
/ndn/d8-site/d8/C2Data-575-Type4;172685.0000;DATA;1611608121.991474
/ndn/v11-site/v11/C2Data-6780-Type2;92102.0000;DATA;1611608122.292432
/ndn/h13-site/h13/C2Data-1577-Type2;23453.0000;DATA;1611608126.427411
/ndn/v0-site/v0/C2Data-750-Type4;144724.0000;DATA;1611608126.369464
/ndn/s5-site/s5/C2Data-4239-Type1;192635.0000;DATA;1611608127.229510
/ndn/s3-site/s3/C2Data-3997-Type1;103106.0000;DATA;1611608127.703405
/ndn/h12-site/h12/C2Data-1456-Type2;47023.0000;DATA;1611608128.106432
/ndn/d0-site/d0/C2Data-1819-Type1;169450.0000;DATA;1611608128.082399
/ndn/h14-site/h14/C2Data-1698-Type2;23195.0000;DATA;1611608128.516518
/ndn/s12-site/s12/C2Data-5086-Type2;96108.0000;DATA;1611608128.548132
/ndn/v4-site/v4/C2Data-850-Type4;194986.0000;DATA;1611608130.362402
/ndn/h9-site/h9/C2Data-1093-Type2;176375.0000;DATA;1611608130.813409
/ndn/h14-site/h14/C2Data-350-Type4;23381.0000;DATA;1611608131.928455
/ndn/v3-site/v3/C2Data-825-Type4;108123.0000;DATA;1611608136.386159
/ndn/d0-site/d0/C2Data-375-Type4;173380.0000;DATA;1611608136.582421
/ndn/h10-site/h10/C2Data-250-Type4;30724.0000;DATA;1611608138.059233
/ndn/s11-site/s11/C2Data-2503-Type3;272820.0000;DATA;1611608144.609513
/ndn/s0-site/s0/C2Data-1832-Type3;225671.0000;DATA;1611608145.181399
/ndn/d8-site/d8/C2Data-1405-Type3;167916.0000;DATA;1611608145.737430
/ndn/s9-site/s9/C2Data-2381-Type3;127818.0000;DATA;1611608146.138475
/ndn/v10-site/v10/C2Data-3357-Type3;241555.0000;DATA;1611608146.943410
/ndn/v12-site/v12/C2Data-3479-Type3;206820.0000;DATA;1611608148.334410
/ndn/v1-site/v1/C2Data-775-Type4;561.0000;DATA;1611608150.086524
/ndn/d4-site/d4/C2Data-1161-Type3;45759.0000;DATA;1611608150.094529
/ndn/d14-site/d14/C2Data-3514-Type2;49378.0000;DATA;1611608150.681603
/ndn/d12-site/d12/C2Data-675-Type4;526.0000;DATA;1611608151.253483
/ndn/s4-site/s4/C2Data-4119-Type1;24830.0000;DATA;1611608151.976501
/ndn/d8-site/d8/C2Data-2788-Type2;163957.0000;DATA;1611608151.906482
/ndn/v0-site/v0/C2Data-2747-Type3;243099.0000;DATA;1611608152.290479
/ndn/d5-site/d5/C2Data-2425-Type1;23408.0000;DATA;1611608152.912425
/ndn/s0-site/s0/C2Data-3635-Type1;217670.0000;DATA;1611608152.890448
/ndn/v14-site/v14/C2Data-1100-Type4;50860.0000;DATA;1611608153.140405
/ndn/s6-site/s6/C2Data-4361-Type2;260021.0000;DATA;1611608153.535480
/ndn/s12-site/s12/C2Data-5087-Type2;142499.0000;DATA;1611608153.703559
/ndn/d7-site/d7/C2Data-2667-Type1;151882.0000;DATA;1611608154.587403
/ndn/v3-site/v3/C2Data-2930-Type3;24060.0000;DATA;1611608155.320428
/ndn/d13-site/d13/C2Data-1710-Type3;572.0000;DATA;1611608155.444471
/ndn/v10-site/v10/C2Data-6660-Type1;216276.0000;DATA;1611608155.283446
/ndn/s6-site/s6/C2Data-4361-Type1;206776.0000;DATA;1611608155.396492
/ndn/h7-site/h7/C2Data-429-Type3;50275.0000;DATA;1611608155.653405
/ndn/d12-site/d12/C2Data-3272-Type2;188243.0000;DATA;1611608155.953422
/ndn/d3-site/d3/C2Data-2183-Type2;240118.0000;DATA;1611608156.892485
/ndn/h11-site/h11/C2Data-1336-Type2;47948.0000;DATA;1611608158.592401
/ndn/s1-site/s1/C2Data-1893-Type3;648.0000;DATA;1611608159.027432
/ndn/v5-site/v5/C2Data-3052-Type3;458.0000;DATA;1611608159.264402
/ndn/d11-site/d11/C2Data-3151-Type1;188615.0000;DATA;1611608161.128452
/ndn/s8-site/s8/C2Data-4603-Type1;47544.0000;DATA;1611608161.517514
/ndn/d12-site/d12/C2Data-3272-Type1;194665.0000;DATA;1611608161.765626
/ndn/v6-site/v6/C2Data-3113-Type3;28349.0000;DATA;1611608162.265780
/ndn/v1-site/v1/C2Data-2808-Type3;104955.0000;DATA;1611608163.334491
/ndn/v4-site/v4/C2Data-2991-Type3;73432.0000;DATA;1611608163.972433
/ndn/d0-site/d0/C2Data-1821-Type1;165500.0000;DATA;1611608181.124459
/ndn/h6-site/h6/C2Data-732-Type1;199518.0000;DATA;1611608181.274474
/ndn/h7-site/h7/C2Data-853-Type2;176813.0000;DATA;1611608184.221395
/ndn/d14-site/d14/C2Data-3515-Type1;46420.0000;DATA;1611608185.024491
/ndn/h3-site/h3/C2Data-369-Type2;200972.0000;DATA;1611608185.691485
/ndn/d13-site/d13/C2Data-3394-Type2;104078.0000;DATA;1611608186.366479
/ndn/h4-site/h4/C2Data-490-Type1;74312.0000;DATA;1611608187.941498
/ndn/s7-site/s7/C2Data-4483-Type2;49494.0000;DATA;1611608188.709451
/ndn/d3-site/d3/C2Data-2184-Type1;244867.0000;DATA;1611608188.893418
/ndn/s3-site/s3/C2Data-3999-Type2;151473.0000;DATA;1611608188.990417
/ndn/h10-site/h10/C2Data-1216-Type2;272386.0000;DATA;1611608189.171397
/ndn/h0-site/h0/C2Data-6-Type2;97522.0000;DATA;1611608191.418406
/ndn/d4-site/d4/C2Data-1162-Type3;93360.0000;DATA;1611608204.643437
/ndn/h1-site/h1/C2Data-64-Type3;116592.0000;DATA;1611608204.967485
/ndn/s4-site/s4/C2Data-2077-Type3;644.0000;DATA;1611608209.498478
/ndn/s5-site/s5/C2Data-2138-Type3;105393.0000;DATA;1611608209.897598
/ndn/h14-site/h14/C2Data-857-Type3;24813.0000;DATA;1611608210.127479
/ndn/v11-site/v11/C2Data-6783-Type1;95135.0000;DATA;1611608210.150462
/ndn/h13-site/h13/C2Data-796-Type3;23671.0000;DATA;1611608211.531457
/ndn/s1-site/s1/C2Data-1894-Type3;93281.0000;DATA;1611608212.917414
/ndn/h0-site/h0/C2Data-7-Type1;141974.0000;DATA;1611608213.817450
/ndn/v7-site/v7/C2Data-3175-Type3;190887.0000;DATA;1611608214.182475
/ndn/s0-site/s0/C2Data-3637-Type2;139067.0000;DATA;1611608214.321448
/ndn/v6-site/v6/C2Data-6178-Type1;104518.0000;DATA;1611608214.708433
/ndn/v6-site/v6/C2Data-3114-Type3;69799.0000;DATA;1611608215.376489
