/ndn/h4-site/h4/C2Data-484-Type2;82058.0000;DATA;1612148039.953781
/ndn/d2-site/d2/C2Data-1452-Type1;24581.0000;DATA;1612148043.012996
/ndn/h3-site/h3/C2Data-363-Type1;155115.0000;DATA;1612148043.845175
/ndn/s6-site/s6/C2Data-3146-Type2;58205.0000;DATA;1612148045.449375
/ndn/s7-site/s7/C2Data-3267-Type2;27862.0000;DATA;1612148046.260844
/ndn/s2-site/s2/C2Data-2662-Type2;127553.0000;DATA;1612148046.477679
/ndn/s5-site/s5/C2Data-3025-Type1;151585.0000;DATA;1612148047.539623
/ndn/v0-site/v0/C2Data-3630-Type2;56315.0000;DATA;1612148048.113069
/ndn/d7-site/d7/C2Data-2057-Type2;118700.0000;DATA;1612148049.494255
/ndn/d7-site/d7/C2Data-1037-Type3;175002.0000;DATA;1612148064.753390
/ndn/v9-site/v9/C2Data-2379-Type3;70543.0000;DATA;1612148065.882076
/ndn/s5-site/s5/C2Data-1525-Type3;160950.0000;DATA;1612148066.078962
/ndn/s7-site/s7/C2Data-1647-Type3;28719.0000;DATA;1612148067.085340
/ndn/h1-site/h1/C2Data-122-Type1;82603.0000;DATA;1612148070.923890
/ndn/d1-site/d1/C2Data-671-Type3;156929.0000;DATA;1612148072.381397
/ndn/h9-site/h9/C2Data-1090-Type2;107290.0000;DATA;1612148072.982857
/ndn/v6-site/v6/C2Data-4357-Type1;170468.0000;DATA;1612148073.481356
/ndn/h1-site/h1/C2Data-122-Type2;72423.0000;DATA;1612148075.156686
/ndn/s0-site/s0/C2Data-2421-Type1;179051.0000;DATA;1612148075.551623
/ndn/v1-site/v1/C2Data-1891-Type3;73327.0000;DATA;1612148075.731980
/ndn/s8-site/s8/C2Data-1708-Type3;122694.0000;DATA;1612148075.902733
/ndn/h8-site/h8/C2Data-969-Type1;139846.0000;DATA;1612148076.260937
/ndn/s8-site/s8/C2Data-3389-Type2;168546.0000;DATA;1612148078.525179
/ndn/d7-site/d7/C2Data-2058-Type2;120658.0000;DATA;1612148079.586877
/ndn/d8-site/d8/C2Data-1098-Type3;83197.0000;DATA;1612148081.880372
/ndn/v8-site/v8/C2Data-2318-Type3;95019.0000;DATA;1612148084.427858
/ndn/s3-site/s3/C2Data-1403-Type3;184535.0000;DATA;1612148084.760144
/ndn/h4-site/h4/C2Data-486-Type2;76985.0000;DATA;1612148098.472965
/ndn/v9-site/v9/C2Data-4721-Type2;53451.0000;DATA;1612148099.417016
/ndn/h4-site/h4/C2Data-486-Type1;93949.0000;DATA;1612148102.525005
/ndn/d2-site/d2/C2Data-1454-Type1;29892.0000;DATA;1612148105.752842
/ndn/v8-site/v8/C2Data-4600-Type1;113818.0000;DATA;1612148105.848771
/ndn/d3-site/d3/C2Data-1575-Type2;192062.0000;DATA;1612148106.047625
/ndn/d0-site/d0/C2Data-1212-Type1;144476.0000;DATA;1612148106.310791
/ndn/d8-site/d8/C2Data-2180-Type2;72046.0000;DATA;1612148106.967624
/ndn/d3-site/d3/C2Data-1575-Type1;202732.0000;DATA;1612148107.917590
/ndn/s7-site/s7/C2Data-3269-Type1;25599.0000;DATA;1612148108.413740
/ndn/s2-site/s2/C2Data-1343-Type3;122967.0000;DATA;1612148122.476762
/ndn/h4-site/h4/C2Data-245-Type3;74365.0000;DATA;1612148123.103392
/ndn/d2-site/d2/C2Data-733-Type3;33723.0000;DATA;1612148129.649618
/ndn/s3-site/s3/C2Data-2786-Type2;173031.0000;DATA;1612148130.154406
/ndn/h7-site/h7/C2Data-850-Type2;97989.0000;DATA;1612148130.259119
/ndn/d7-site/d7/C2Data-2060-Type2;135071.0000;DATA;1612148132.689003
/ndn/s2-site/s2/C2Data-2665-Type1;127287.0000;DATA;1612148134.033890
