/ndn/h1-site/h1/C2Data-121-Type2;144800.0000;DATA;1611605089.171939
/ndn/d6-site/d6/C2Data-2541-Type2;199807.0000;DATA;1611605089.730968
/ndn/v4-site/v4/C2Data-5929-Type1;23887.0000;DATA;1611605090.764013
/ndn/d11-site/d11/C2Data-3146-Type1;46965.0000;DATA;1611605091.102023
/ndn/v0-site/v0/C2Data-5445-Type1;194598.0000;DATA;1611605091.421132
/ndn/h4-site/h4/C2Data-484-Type1;247952.0000;DATA;1611605091.505321
/ndn/d14-site/d14/C2Data-3509-Type1;203390.0000;DATA;1611605092.557024
/ndn/s7-site/s7/C2Data-4477-Type2;93806.0000;DATA;1611605095.463927
/ndn/s1-site/s1/C2Data-3751-Type1;322328.0000;DATA;1611605095.769987
/ndn/s5-site/s5/C2Data-4235-Type1;105489.0000;DATA;1611605097.925141
/ndn/s0-site/s0/C2Data-3630-Type2;173380.0000;DATA;1611605099.929963
/ndn/h8-site/h8/C2Data-968-Type1;168232.0000;DATA;1611605100.092018
/ndn/h9-site/h9/C2Data-1089-Type1;161179.0000;DATA;1611605100.237005
/ndn/v8-site/v8/C2Data-3233-Type3;563.0000;NACK;1611605115.034037
/ndn/v11-site/v11/C2Data-3416-Type3;129577.0000;DATA;1611605116.343009
/ndn/h13-site/h13/C2Data-793-Type3;189053.0000;DATA;1611605117.660065
/ndn/v9-site/v9/C2Data-6535-Type2;657.0000;NACK;1611605119.175043
/ndn/v10-site/v10/C2Data-6656-Type1;24356.0000;DATA;1611605120.322013
/ndn/d2-site/d2/C2Data-2058-Type1;23829.0000;DATA;1611605121.354998
/ndn/h7-site/h7/C2Data-848-Type1;283944.0000;DATA;1611605121.442715
/ndn/h9-site/h9/C2Data-1090-Type1;165247.0000;DATA;1611605122.950114
/ndn/d0-site/d0/C2Data-915-Type3;74060.0000;DATA;1611605123.310015
/ndn/h11-site/h11/C2Data-1332-Type2;49112.0000;DATA;1611605123.726957
/ndn/s14-site/s14/C2Data-5325-Type1;120067.0000;DATA;1611605123.897056
/ndn/s1-site/s1/C2Data-3752-Type2;170525.0000;DATA;1611605123.852699
/ndn/d10-site/d10/C2Data-3026-Type2;243031.0000;DATA;1611605123.852002
/ndn/s3-site/s3/C2Data-2013-Type3;669.0000;NACK;1611605124.225958
/ndn/d9-site/d9/C2Data-2905-Type2;47567.0000;DATA;1611605124.293010
/ndn/d6-site/d6/C2Data-2542-Type2;200681.0000;DATA;1611605124.576010
/ndn/s3-site/s3/C2Data-3994-Type1;558.0000;NACK;1611605125.045024
/ndn/d14-site/d14/C2Data-1769-Type3;120206.0000;DATA;1611605125.186143
/ndn/s8-site/s8/C2Data-2318-Type3;218853.0000;DATA;1611605125.285127
/ndn/v6-site/v6/C2Data-6172-Type1;73171.0000;DATA;1611605125.621016
/ndn/d3-site/d3/C2Data-1098-Type3;24100.0000;DATA;1611605125.753068
/ndn/d12-site/d12/C2Data-1647-Type3;69849.0000;DATA;1611605126.051778
/ndn/v2-site/v2/C2Data-5688-Type1;94860.0000;DATA;1611605126.407052
/ndn/v4-site/v4/C2Data-2989-Type3;27415.0000;DATA;1611605127.222151
/ndn/h10-site/h10/C2Data-610-Type3;23804.0000;DATA;1611605130.102021
/ndn/h5-site/h5/C2Data-305-Type3;94765.0000;DATA;1611605130.558028
/ndn/h8-site/h8/C2Data-488-Type3;98530.0000;DATA;1611605130.740984
/ndn/s13-site/s13/C2Data-5204-Type2;343.0000;NACK;1611605130.910009
/ndn/s7-site/s7/C2Data-4478-Type2;124082.0000;DATA;1611605130.903988
/ndn/d9-site/d9/C2Data-1464-Type3;106660.0000;DATA;1611605132.163027
/ndn/s14-site/s14/C2Data-5326-Type2;198214.0000;DATA;1611605149.253936
/ndn/s10-site/s10/C2Data-4842-Type1;264721.0000;DATA;1611605149.328983
/ndn/h8-site/h8/C2Data-970-Type2;162299.0000;DATA;1611605149.520242
/ndn/d12-site/d12/C2Data-3269-Type1;69496.0000;DATA;1611605150.518010
/ndn/s0-site/s0/C2Data-3632-Type2;190405.0000;DATA;1611605150.469038
/ndn/h14-site/h14/C2Data-1696-Type2;23556.0000;DATA;1611605152.259079
/ndn/s11-site/s11/C2Data-4963-Type1;321113.0000;DATA;1611605152.198939
/ndn/s2-site/s2/C2Data-3874-Type1;177653.0000;DATA;1611605152.523043
/ndn/s8-site/s8/C2Data-4600-Type2;25399.0000;DATA;1611605152.688039
/ndn/s1-site/s1/C2Data-3753-Type1;141786.0000;DATA;1611605152.845982
/ndn/s9-site/s9/C2Data-4721-Type1;215287.0000;DATA;1611605153.454978
/ndn/d4-site/d4/C2Data-2301-Type1;171021.0000;DATA;1611605153.858964
/ndn/d7-site/d7/C2Data-2664-Type1;73030.0000;DATA;1611605156.053062
/ndn/d5-site/d5/C2Data-2422-Type1;24496.0000;DATA;1611605159.419006
/ndn/v8-site/v8/C2Data-6415-Type2;47858.0000;DATA;1611605160.142050
/ndn/s7-site/s7/C2Data-2258-Type3;55821.0000;DATA;1611605175.127972
/ndn/h0-site/h0/C2Data-1-Type3;96774.0000;DATA;1611605176.576042
/ndn/v2-site/v2/C2Data-2868-Type3;118425.0000;DATA;1611605176.713077
/ndn/v10-site/v10/C2Data-3356-Type3;124157.0000;DATA;1611605178.329026
/ndn/h11-site/h11/C2Data-672-Type3;46276.0000;DATA;1611605179.411066
/ndn/s1-site/s1/C2Data-3754-Type2;308173.0000;DATA;1611605179.172181
/ndn/h0-site/h0/C2Data-3-Type2;266501.0000;DATA;1611605179.522064
/ndn/s6-site/s6/C2Data-4359-Type1;164049.0000;DATA;1611605179.642980
/ndn/h4-site/h4/C2Data-487-Type1;235205.0000;DATA;1611605179.627014
/ndn/s1-site/s1/C2Data-1892-Type3;188862.0000;DATA;1611605180.034030
/ndn/v3-site/v3/C2Data-2929-Type3;96497.0000;DATA;1611605180.777952
/ndn/d6-site/d6/C2Data-2544-Type2;191777.0000;DATA;1611605181.897939
/ndn/h1-site/h1/C2Data-124-Type2;145949.0000;DATA;1611605182.628020
/ndn/s11-site/s11/C2Data-4964-Type1;192210.0000;DATA;1611605182.948016
/ndn/d14-site/d14/C2Data-1770-Type3;117423.0000;DATA;1611605184.079027
/ndn/d0-site/d0/C2Data-916-Type3;49667.0000;DATA;1611605184.283060
/ndn/h8-site/h8/C2Data-971-Type1;169006.0000;DATA;1611605185.417019
/ndn/h12-site/h12/C2Data-1455-Type1;217108.0000;DATA;1611605185.769052
/ndn/v13-site/v13/C2Data-3539-Type3;210615.0000;DATA;1611605185.938938
/ndn/d9-site/d9/C2Data-1465-Type3;69708.0000;DATA;1611605187.567105
/ndn/h14-site/h14/C2Data-855-Type3;25754.0000;DATA;1611605187.921003
/ndn/d0-site/d0/C2Data-1818-Type2;24598.0000;DATA;1611605188.419999
/ndn/d8-site/d8/C2Data-2786-Type2;24927.0000;DATA;1611605189.702061
/ndn/h7-site/h7/C2Data-850-Type1;202922.0000;DATA;1611605189.739006
/ndn/d10-site/d10/C2Data-3028-Type2;97730.0000;DATA;1611605190.166983
/ndn/d1-site/d1/C2Data-1939-Type2;121831.0000;DATA;1611605190.587064
/ndn/h4-site/h4/C2Data-487-Type2;81873.0000;DATA;1611605190.866997
/ndn/v2-site/v2/C2Data-800-Type4;95331.0000;DATA;1611605192.388968
/ndn/d7-site/d7/C2Data-550-Type4;114973.0000;DATA;1611605192.452939
/ndn/s3-site/s3/C2Data-2014-Type3;59140.0000;DATA;1611605193.501056
/ndn/d10-site/d10/C2Data-625-Type4;135374.0000;DATA;1611605194.754077
/ndn/d2-site/d2/C2Data-1038-Type3;23881.0000;DATA;1611605196.221063
/ndn/h3-site/h3/C2Data-184-Type3;25382.0000;DATA;1611605196.953004
/ndn/v11-site/v11/C2Data-3417-Type3;23208.0000;DATA;1611605197.095002
/ndn/h14-site/h14/C2Data-350-Type4;68916.0000;DATA;1611605200.657393
/ndn/d0-site/d0/C2Data-375-Type4;91628.0000;DATA;1611605201.194027
/ndn/h7-site/h7/C2Data-851-Type1;291161.0000;DATA;1611605209.534031
/ndn/s6-site/s6/C2Data-4360-Type2;165960.0000;DATA;1611605211.936003
/ndn/s8-site/s8/C2Data-4602-Type2;115850.0000;DATA;1611605212.788988
/ndn/v14-site/v14/C2Data-7143-Type2;216749.0000;DATA;1611605213.268992
/ndn/h1-site/h1/C2Data-25-Type4;116511.0000;DATA;1611605213.500997
/ndn/h0-site/h0/C2Data-0-Type4;166349.0000;DATA;1611605214.070012
/ndn/h5-site/h5/C2Data-609-Type1;194996.0000;DATA;1611605214.428944
/ndn/d12-site/d12/C2Data-3271-Type2;76597.0000;DATA;1611605215.644721
/ndn/v1-site/v1/C2Data-5570-Type1;24884.0000;DATA;1611605217.350027
/ndn/h10-site/h10/C2Data-1214-Type2;93074.0000;DATA;1611605217.299021
/ndn/d10-site/d10/C2Data-3029-Type2;117773.0000;DATA;1611605218.761022
/ndn/v13-site/v13/C2Data-7022-Type1;27186.0000;DATA;1611605219.895544
/ndn/s3-site/s3/C2Data-3997-Type2;23287.0000;DATA;1611605220.044919
/ndn/d1-site/d1/C2Data-1940-Type1;71458.0000;DATA;1611605220.056048
/ndn/v0-site/v0/C2Data-5449-Type1;26521.0000;DATA;1611605220.206952
/ndn/h10-site/h10/C2Data-250-Type4;24216.0000;DATA;1611605232.050140
/ndn/v6-site/v6/C2Data-900-Type4;27896.0000;DATA;1611605232.503983
/ndn/v6-site/v6/C2Data-3113-Type3;125119.0000;DATA;1611605234.801079
/ndn/d4-site/d4/C2Data-1161-Type3;165582.0000;DATA;1611605239.273113
/ndn/s8-site/s8/C2Data-2320-Type3;69468.0000;DATA;1611605240.722248
/ndn/h11-site/h11/C2Data-1336-Type2;115309.0000;DATA;1611605241.317055
/ndn/h7-site/h7/C2Data-852-Type2;73890.0000;DATA;1611605241.914759
/ndn/s12-site/s12/C2Data-5087-Type2;46199.0000;DATA;1611605242.340784
/ndn/v13-site/v13/C2Data-3540-Type3;164337.0000;DATA;1611605242.407001
/ndn/s9-site/s9/C2Data-4724-Type1;208968.0000;DATA;1611605242.548058
/ndn/s9-site/s9/C2Data-2381-Type3;127847.0000;DATA;1611605243.266165
/ndn/d9-site/d9/C2Data-1466-Type3;93023.0000;DATA;1611605243.638991
/ndn/s10-site/s10/C2Data-4845-Type1;211776.0000;DATA;1611605243.651043
/ndn/h12-site/h12/C2Data-1457-Type1;209059.0000;DATA;1611605243.893935
/ndn/v14-site/v14/C2Data-7144-Type1;189861.0000;DATA;1611605244.865987
/ndn/d3-site/d3/C2Data-2183-Type2;145151.0000;DATA;1611605245.222956
/ndn/s10-site/s10/C2Data-4845-Type2;216080.0000;DATA;1611605245.241992
/ndn/d12-site/d12/C2Data-3272-Type2;71843.0000;DATA;1611605245.500041
/ndn/v0-site/v0/C2Data-2747-Type3;49173.0000;DATA;1611605245.688960
/ndn/s3-site/s3/C2Data-2015-Type3;187243.0000;DATA;1611605245.986001
/ndn/d0-site/d0/C2Data-917-Type3;24063.0000;DATA;1611605246.475033
/ndn/s12-site/s12/C2Data-2564-Type3;23473.0000;DATA;1611605247.921010
/ndn/d14-site/d14/C2Data-1771-Type3;117763.0000;DATA;1611605248.087003
/ndn/s7-site/s7/C2Data-4482-Type2;118279.0000;DATA;1611605248.256994
/ndn/d12-site/d12/C2Data-1649-Type3;23397.0000;DATA;1611605254.019005
/ndn/h13-site/h13/C2Data-795-Type3;26593.0000;DATA;1611605255.340088
/ndn/s9-site/s9/C2Data-4725-Type2;216413.0000;DATA;1611605270.536044
/ndn/v10-site/v10/C2Data-6661-Type2;126626.0000;DATA;1611605271.564931
/ndn/s12-site/s12/C2Data-5088-Type1;23694.0000;DATA;1611605272.373988
/ndn/s7-site/s7/C2Data-4483-Type1;212578.0000;DATA;1611605273.406978
/ndn/v5-site/v5/C2Data-6056-Type1;27573.0000;DATA;1611605275.286987
/ndn/d6-site/d6/C2Data-2547-Type2;193189.0000;DATA;1611605275.234037
/ndn/s13-site/s13/C2Data-5209-Type2;24457.0000;DATA;1611605277.938578
/ndn/s11-site/s11/C2Data-4967-Type1;23763.0000;DATA;1611605278.829958
/ndn/v2-site/v2/C2Data-5693-Type1;145911.0000;DATA;1611605279.116122
/ndn/d12-site/d12/C2Data-3273-Type1;70083.0000;DATA;1611605279.593037
/ndn/d11-site/d11/C2Data-3152-Type2;23314.0000;DATA;1611605280.954010
/ndn/s10-site/s10/C2Data-2443-Type3;269328.0000;DATA;1611605294.051939
/ndn/h10-site/h10/C2Data-613-Type3;166162.0000;DATA;1611605295.687009
/ndn/v10-site/v10/C2Data-3358-Type3;27839.0000;DATA;1611605296.347184
/ndn/s4-site/s4/C2Data-4121-Type1;221726.0000;DATA;1611605300.902042
/ndn/v7-site/v7/C2Data-6299-Type2;47137.0000;DATA;1611605301.138029
/ndn/v13-site/v13/C2Data-3541-Type3;122027.0000;DATA;1611605301.165926
/ndn/s10-site/s10/C2Data-4847-Type1;266525.0000;DATA;1611605301.512997
/ndn/s3-site/s3/C2Data-4000-Type2;23496.0000;DATA;1611605302.363019
/ndn/d12-site/d12/C2Data-3274-Type1;73066.0000;DATA;1611605302.616777
/ndn/h11-site/h11/C2Data-1338-Type1;190947.0000;DATA;1611605302.588912
/ndn/v11-site/v11/C2Data-3419-Type3;23509.0000;DATA;1611605302.930074
/ndn/d1-site/d1/C2Data-1943-Type1;24004.0000;DATA;1611605303.479993
/ndn/d8-site/d8/C2Data-2790-Type1;95920.0000;DATA;1611605303.787963
/ndn/s2-site/s2/C2Data-1955-Type3;123426.0000;DATA;1611605304.053949
/ndn/v2-site/v2/C2Data-5694-Type1;75366.0000;DATA;1611605304.966011
