/ndn/v8-site/v8/C2Data-6413-Type1;28854.0000;DATA;1611608001.148500
/ndn/d4-site/d4/C2Data-2299-Type2;226113.0000;DATA;1611608002.119500
/ndn/h5-site/h5/C2Data-605-Type2;69562.0000;DATA;1611608005.416482
/ndn/d7-site/d7/C2Data-2662-Type2;142600.0000;DATA;1611608006.428480
/ndn/s14-site/s14/C2Data-5324-Type1;548.0000;NACK;1611608006.767508
/ndn/v1-site/v1/C2Data-5566-Type2;462.0000;NACK;1611608006.782518
/ndn/h1-site/h1/C2Data-121-Type1;252222.0000;DATA;1611608006.560502
/ndn/v13-site/v13/C2Data-7018-Type1;151483.0000;DATA;1611608007.509581
/ndn/h9-site/h9/C2Data-1089-Type2;69305.0000;DATA;1611608007.835440
/ndn/s13-site/s13/C2Data-5203-Type1;46818.0000;DATA;1611608008.651489
/ndn/v6-site/v6/C2Data-6171-Type1;516.0000;NACK;1611608009.586472
/ndn/v4-site/v4/C2Data-2989-Type3;548.0000;NACK;1611608024.091413
/ndn/h9-site/h9/C2Data-549-Type3;96428.0000;DATA;1611608026.156496
/ndn/v13-site/v13/C2Data-3538-Type3;164137.0000;DATA;1611608027.001439
/ndn/h7-site/h7/C2Data-427-Type3;666.0000;DATA;1611608028.484494
/ndn/s1-site/s1/C2Data-3752-Type2;50503.0000;DATA;1611608030.414482
/ndn/d4-site/d4/C2Data-2300-Type1;52810.0000;DATA;1611608032.070417
/ndn/v5-site/v5/C2Data-6051-Type1;749.0000;NACK;1611608032.793478
/ndn/s13-site/s13/C2Data-2623-Type3;49943.0000;DATA;1611608032.859407
/ndn/s5-site/s5/C2Data-4236-Type2;166175.0000;DATA;1611608032.744488
/ndn/s3-site/s3/C2Data-3994-Type2;95350.0000;DATA;1611608032.863502
/ndn/h8-site/h8/C2Data-969-Type2;49936.0000;DATA;1611608034.143496
/ndn/d1-site/d1/C2Data-1937-Type2;554.0000;NACK;1611608035.054421
/ndn/v5-site/v5/C2Data-6051-Type2;450.0000;NACK;1611608035.711492
/ndn/h12-site/h12/C2Data-732-Type3;115145.0000;DATA;1611608036.391411
/ndn/d9-site/d9/C2Data-2905-Type2;121254.0000;DATA;1611608037.084492
/ndn/s2-site/s2/C2Data-1952-Type3;147306.0000;DATA;1611608037.247580
/ndn/h10-site/h10/C2Data-610-Type3;23278.0000;DATA;1611608037.379443
/ndn/s0-site/s0/C2Data-3631-Type2;46388.0000;DATA;1611608037.470450
/ndn/h1-site/h1/C2Data-61-Type3;46569.0000;DATA;1611608038.343402
/ndn/s4-site/s4/C2Data-2074-Type3;119193.0000;DATA;1611608038.666405
/ndn/s13-site/s13/C2Data-5204-Type2;25085.0000;DATA;1611608038.789446
/ndn/d13-site/d13/C2Data-3389-Type1;195580.0000;DATA;1611608038.672887
/ndn/h1-site/h1/C2Data-122-Type1;121355.0000;DATA;1611608039.723441
/ndn/h10-site/h10/C2Data-1211-Type1;48991.0000;DATA;1611608040.251518
/ndn/v7-site/v7/C2Data-3172-Type3;82341.0000;NACK;1611608041.787442
/ndn/h6-site/h6/C2Data-366-Type3;28694.0000;DATA;1611608043.069511
/ndn/d3-site/d3/C2Data-1098-Type3;24185.0000;DATA;1611608044.687435
/ndn/s2-site/s2/C2Data-3874-Type2;146317.0000;DATA;1611608060.771422
/ndn/v13-site/v13/C2Data-7020-Type2;49116.0000;DATA;1611608061.158459
/ndn/h6-site/h6/C2Data-728-Type2;24102.0000;DATA;1611608061.410478
/ndn/h2-site/h2/C2Data-244-Type2;47528.0000;DATA;1611608061.961512
/ndn/s13-site/s13/C2Data-5205-Type2;53543.0000;DATA;1611608062.201414
/ndn/v10-site/v10/C2Data-6657-Type1;49777.0000;DATA;1611608064.071421
/ndn/d2-site/d2/C2Data-2059-Type2;216621.0000;DATA;1611608064.850485
/ndn/d7-site/d7/C2Data-2664-Type1;71025.0000;DATA;1611608066.455521
/ndn/h9-site/h9/C2Data-1091-Type1;99752.0000;DATA;1611608066.584407
/ndn/d12-site/d12/C2Data-3269-Type1;196367.0000;DATA;1611608066.720680
/ndn/d12-site/d12/C2Data-3269-Type2;46761.0000;DATA;1611608067.269492
/ndn/v14-site/v14/C2Data-7141-Type1;49352.0000;DATA;1611608067.548556
/ndn/d10-site/d10/C2Data-3027-Type1;47453.0000;DATA;1611608069.909579
/ndn/v8-site/v8/C2Data-6415-Type1;23438.0000;DATA;1611608070.742501
/ndn/d10-site/d10/C2Data-3027-Type2;23392.0000;DATA;1611608071.034441
/ndn/d3-site/d3/C2Data-2180-Type2;176907.0000;DATA;1611608070.904455
/ndn/v2-site/v2/C2Data-5689-Type2;50934.0000;DATA;1611608071.549584
/ndn/s11-site/s11/C2Data-2502-Type3;76878.0000;DATA;1611608085.689863
/ndn/v5-site/v5/C2Data-6053-Type1;285088.0000;DATA;1611608093.384447
/ndn/s14-site/s14/C2Data-5327-Type1;191860.0000;DATA;1611608094.252440
/ndn/d6-site/d6/C2Data-2544-Type2;170915.0000;DATA;1611608095.169616
/ndn/h4-site/h4/C2Data-487-Type1;49888.0000;DATA;1611608095.358445
/ndn/s8-site/s8/C2Data-4601-Type2;167629.0000;DATA;1611608095.309528
/ndn/d5-site/d5/C2Data-2423-Type2;51901.0000;DATA;1611608095.641475
/ndn/h5-site/h5/C2Data-608-Type2;71969.0000;DATA;1611608095.846455
/ndn/v3-site/v3/C2Data-5811-Type2;25500.0000;DATA;1611608095.912416
/ndn/d4-site/d4/C2Data-1160-Type3;185107.0000;DATA;1611608096.780467
/ndn/s13-site/s13/C2Data-5206-Type2;47506.0000;DATA;1611608097.036411
/ndn/v1-site/v1/C2Data-2807-Type3;138560.0000;DATA;1611608097.012584
/ndn/v3-site/v3/C2Data-5811-Type1;70544.0000;DATA;1611608097.294488
/ndn/s7-site/s7/C2Data-2258-Type3;47447.0000;DATA;1611608097.866415
/ndn/v9-site/v9/C2Data-6537-Type2;93846.0000;DATA;1611608098.498895
/ndn/d2-site/d2/C2Data-425-Type4;212843.0000;DATA;1611608098.505472
/ndn/h8-site/h8/C2Data-489-Type3;46804.0000;DATA;1611608098.870476
/ndn/d3-site/d3/C2Data-2181-Type2;118058.0000;DATA;1611608100.118456
/ndn/h13-site/h13/C2Data-1576-Type1;123611.0000;DATA;1611608100.194583
/ndn/s2-site/s2/C2Data-1953-Type3;644.0000;DATA;1611608100.459481
/ndn/d0-site/d0/C2Data-1818-Type1;74960.0000;DATA;1611608100.515459
/ndn/h9-site/h9/C2Data-225-Type4;94872.0000;DATA;1611608101.336456
/ndn/v2-site/v2/C2Data-5690-Type2;428.0000;DATA;1611608101.472462
/ndn/s1-site/s1/C2Data-1892-Type3;635.0000;DATA;1611608101.541507
/ndn/h9-site/h9/C2Data-1092-Type2;24014.0000;DATA;1611608101.697567
/ndn/s4-site/s4/C2Data-2075-Type3;26462.0000;DATA;1611608105.714489
/ndn/d10-site/d10/C2Data-1526-Type3;51590.0000;DATA;1611608106.261640
/ndn/v8-site/v8/C2Data-3234-Type3;44448.0000;DATA;1611608107.345448
/ndn/d11-site/d11/C2Data-650-Type4;269954.0000;DATA;1611608110.056489
/ndn/h11-site/h11/C2Data-275-Type4;222978.0000;DATA;1611608112.439459
/ndn/v0-site/v0/C2Data-750-Type4;238342.0000;DATA;1611608113.711501
/ndn/h4-site/h4/C2Data-100-Type4;50342.0000;DATA;1611608116.902441
/ndn/v13-site/v13/C2Data-7022-Type1;161451.0000;DATA;1611608120.032878
/ndn/h3-site/h3/C2Data-367-Type1;71750.0000;DATA;1611608123.989518
/ndn/h10-site/h10/C2Data-1214-Type2;72207.0000;DATA;1611608124.343463
/ndn/d2-site/d2/C2Data-2061-Type1;80734.0000;DATA;1611608126.421442
/ndn/v13-site/v13/C2Data-7022-Type2;73352.0000;DATA;1611608126.607442
/ndn/v5-site/v5/C2Data-6054-Type1;71251.0000;DATA;1611608128.001416
/ndn/v14-site/v14/C2Data-7143-Type2;71013.0000;DATA;1611608128.116413
/ndn/d7-site/d7/C2Data-2666-Type1;50786.0000;DATA;1611608129.238551
/ndn/v10-site/v10/C2Data-1000-Type4;72714.0000;DATA;1611608129.401469
/ndn/h9-site/h9/C2Data-1093-Type1;53020.0000;DATA;1611608131.008489
/ndn/v11-site/v11/C2Data-6780-Type1;189208.0000;DATA;1611608131.085408
/ndn/v12-site/v12/C2Data-3479-Type3;319945.0000;DATA;1611608145.866492
/ndn/d1-site/d1/C2Data-978-Type3;228014.0000;DATA;1611608146.446580
/ndn/d13-site/d13/C2Data-1710-Type3;238909.0000;DATA;1611608147.310414
/ndn/v7-site/v7/C2Data-3174-Type3;148162.0000;DATA;1611608147.876483
/ndn/s9-site/s9/C2Data-2381-Type3;72765.0000;DATA;1611608150.211572
/ndn/s0-site/s0/C2Data-1832-Type3;49056.0000;DATA;1611608150.934455
/ndn/h3-site/h3/C2Data-368-Type2;65254.0000;DATA;1611608151.181557
/ndn/d2-site/d2/C2Data-2062-Type1;220359.0000;DATA;1611608152.440403
/ndn/h5-site/h5/C2Data-307-Type3;50823.0000;DATA;1611608153.455465
/ndn/h10-site/h10/C2Data-612-Type3;71410.0000;DATA;1611608154.034485
/ndn/s6-site/s6/C2Data-4361-Type1;189336.0000;DATA;1611608154.477615
/ndn/d5-site/d5/C2Data-1222-Type3;46322.0000;DATA;1611608155.178483
/ndn/d1-site/d1/C2Data-1941-Type2;23458.0000;DATA;1611608155.627484
/ndn/h2-site/h2/C2Data-247-Type1;172309.0000;DATA;1611608155.697654
/ndn/s12-site/s12/C2Data-2564-Type3;95599.0000;DATA;1611608156.031468
/ndn/v5-site/v5/C2Data-3052-Type3;46328.0000;DATA;1611608156.489622
/ndn/v0-site/v0/C2Data-5450-Type1;170610.0000;DATA;1611608156.643544
/ndn/h4-site/h4/C2Data-246-Type3;46572.0000;DATA;1611608158.700460
/ndn/s14-site/s14/C2Data-5329-Type1;47796.0000;DATA;1611608159.189419
/ndn/s3-site/s3/C2Data-3998-Type2;95663.0000;DATA;1611608159.652457
/ndn/s9-site/s9/C2Data-4724-Type2;23572.0000;DATA;1611608160.432475
/ndn/v0-site/v0/C2Data-5450-Type2;166175.0000;DATA;1611608160.504516
/ndn/v13-site/v13/C2Data-7023-Type1;665.0000;DATA;1611608161.539482
/ndn/d1-site/d1/C2Data-1941-Type1;216152.0000;DATA;1611608161.561484
/ndn/s5-site/s5/C2Data-4240-Type2;80034.0000;DATA;1611608161.777560
/ndn/d3-site/d3/C2Data-1100-Type3;52503.0000;DATA;1611608162.710436
/ndn/s3-site/s3/C2Data-2015-Type3;94643.0000;DATA;1611608163.034530
/ndn/v0-site/v0/C2Data-2747-Type3;46289.0000;DATA;1611608165.624418
/ndn/s13-site/s13/C2Data-2625-Type3;50284.0000;DATA;1611608167.970496
/ndn/v11-site/v11/C2Data-6782-Type2;193691.0000;DATA;1611608180.481625
/ndn/d14-site/d14/C2Data-3515-Type1;195037.0000;DATA;1611608180.615456
/ndn/v12-site/v12/C2Data-6903-Type2;69320.0000;DATA;1611608182.699451
/ndn/h11-site/h11/C2Data-1337-Type2;214591.0000;DATA;1611608182.765491
/ndn/s3-site/s3/C2Data-3999-Type1;92168.0000;DATA;1611608183.866410
/ndn/d13-site/d13/C2Data-3394-Type2;187654.0000;DATA;1611608185.251424
/ndn/h3-site/h3/C2Data-369-Type2;159646.0000;DATA;1611608185.888480
/ndn/s0-site/s0/C2Data-3636-Type2;121931.0000;DATA;1611608186.110487
/ndn/d9-site/d9/C2Data-2910-Type2;71614.0000;DATA;1611608186.851425
/ndn/h6-site/h6/C2Data-732-Type2;27707.0000;DATA;1611608187.013684
/ndn/d13-site/d13/C2Data-3394-Type1;47048.0000;DATA;1611608188.508523
/ndn/d11-site/d11/C2Data-3152-Type2;123433.0000;DATA;1611608189.577429
/ndn/h2-site/h2/C2Data-248-Type2;46145.0000;DATA;1611608190.518405
/ndn/h9-site/h9/C2Data-1095-Type1;94466.0000;DATA;1611608191.631462
/ndn/d1-site/d1/C2Data-979-Type3;213448.0000;DATA;1611608204.203531
/ndn/s9-site/s9/C2Data-2382-Type3;69546.0000;DATA;1611608205.107495
/ndn/d0-site/d0/C2Data-918-Type3;193095.0000;DATA;1611608205.303415
/ndn/s14-site/s14/C2Data-2687-Type3;225101.0000;DATA;1611608205.330418
/ndn/h4-site/h4/C2Data-247-Type3;46422.0000;DATA;1611608208.412448
/ndn/s4-site/s4/C2Data-2077-Type3;80429.0000;DATA;1611608208.489458
/ndn/d14-site/d14/C2Data-1772-Type3;209359.0000;DATA;1611608209.782518
/ndn/v10-site/v10/C2Data-6662-Type2;167910.0000;DATA;1611608210.717404
/ndn/v0-site/v0/C2Data-5452-Type2;169259.0000;DATA;1611608211.511501
/ndn/v2-site/v2/C2Data-5694-Type2;178692.0000;DATA;1611608212.515499
/ndn/h7-site/h7/C2Data-854-Type1;791.0000;DATA;1611608212.693634
/ndn/h13-site/h13/C2Data-796-Type3;23557.0000;DATA;1611608213.534463
/ndn/h14-site/h14/C2Data-857-Type3;193308.0000;DATA;1611608214.241546
/ndn/v1-site/v1/C2Data-5573-Type1;265548.0000;DATA;1611608215.250520
