/ndn/h13-site/h13/C2Data-1573-Type1;244900.0000;DATA;1611611482.227158
/ndn/v6-site/v6/C2Data-6171-Type1;425.0000;NACK;1611611484.894117
/ndn/s12-site/s12/C2Data-5082-Type2;542.0000;NACK;1611611485.369117
/ndn/v5-site/v5/C2Data-6050-Type1;23865.0000;DATA;1611611486.436868
/ndn/v8-site/v8/C2Data-6413-Type2;276800.0000;DATA;1611611488.709105
/ndn/d7-site/d7/C2Data-2662-Type2;121365.0000;DATA;1611611490.231166
/ndn/s9-site/s9/C2Data-4719-Type2;214804.0000;DATA;1611611490.636134
/ndn/s14-site/s14/C2Data-5324-Type2;192713.0000;DATA;1611611490.707167
/ndn/s1-site/s1/C2Data-3751-Type2;257501.0000;DATA;1611611490.685139
/ndn/s6-site/s6/C2Data-4356-Type2;173991.0000;DATA;1611611490.929127
/ndn/s0-site/s0/C2Data-3630-Type1;194582.0000;DATA;1611611491.935105
/ndn/s5-site/s5/C2Data-4235-Type1;100620.0000;DATA;1611611492.933119
/ndn/s2-site/s2/C2Data-3872-Type2;192046.0000;DATA;1611611493.017256
/ndn/s14-site/s14/C2Data-2684-Type3;230556.0000;DATA;1611611510.651890
/ndn/s5-site/s5/C2Data-2135-Type3;95449.0000;DATA;1611611511.731120
/ndn/d4-site/d4/C2Data-2300-Type1;187060.0000;DATA;1611611511.657121
/ndn/h13-site/h13/C2Data-1574-Type2;217047.0000;DATA;1611611511.840118
/ndn/h9-site/h9/C2Data-549-Type3;165725.0000;DATA;1611611512.260224
/ndn/s8-site/s8/C2Data-4599-Type1;219708.0000;DATA;1611611512.453242
/ndn/v4-site/v4/C2Data-5930-Type1;43809.0000;DATA;1611611513.725118
/ndn/h6-site/h6/C2Data-366-Type3;266251.0000;DATA;1611611513.659186
/ndn/h10-site/h10/C2Data-610-Type3;165292.0000;DATA;1611611514.790272
/ndn/s13-site/s13/C2Data-2623-Type3;310169.0000;DATA;1611611515.230209
/ndn/s3-site/s3/C2Data-3994-Type2;290083.0000;DATA;1611611515.749136
/ndn/d0-site/d0/C2Data-1816-Type1;100970.0000;DATA;1611611516.514127
/ndn/s14-site/s14/C2Data-5325-Type1;194370.0000;DATA;1611611516.485912
/ndn/s2-site/s2/C2Data-3873-Type2;189820.0000;DATA;1611611517.050176
/ndn/v14-site/v14/C2Data-7140-Type2;209654.0000;DATA;1611611517.404171
/ndn/v0-site/v0/C2Data-5446-Type1;184992.0000;DATA;1611611517.521191
/ndn/d1-site/d1/C2Data-1937-Type2;266906.0000;DATA;1611611517.498168
/ndn/d13-site/d13/C2Data-3389-Type1;168698.0000;DATA;1611611519.770179
/ndn/v5-site/v5/C2Data-3050-Type3;23865.0000;DATA;1611611520.550228
/ndn/s11-site/s11/C2Data-4962-Type2;285229.0000;DATA;1611611520.404176
/ndn/h2-site/h2/C2Data-122-Type3;279717.0000;DATA;1611611520.492119
/ndn/d7-site/d7/C2Data-2663-Type1;116067.0000;DATA;1611611520.875158
/ndn/s0-site/s0/C2Data-1830-Type3;197533.0000;DATA;1611611520.934149
/ndn/h4-site/h4/C2Data-485-Type2;248338.0000;DATA;1611611520.923192
/ndn/v4-site/v4/C2Data-5930-Type2;23934.0000;DATA;1611611522.855150
/ndn/h6-site/h6/C2Data-727-Type2;275216.0000;DATA;1611611523.101228
/ndn/d4-site/d4/C2Data-1159-Type3;207039.0000;DATA;1611611523.575121
/ndn/v8-site/v8/C2Data-3233-Type3;272784.0000;DATA;1611611524.017104
/ndn/v14-site/v14/C2Data-3599-Type3;213643.0000;DATA;1611611528.727100
/ndn/s3-site/s3/C2Data-2013-Type3;282062.0000;DATA;1611611528.715129
/ndn/s9-site/s9/C2Data-4721-Type1;223118.0000;DATA;1611611546.055193
/ndn/d0-site/d0/C2Data-1817-Type1;97949.0000;DATA;1611611547.088181
/ndn/h5-site/h5/C2Data-607-Type2;200826.0000;DATA;1611611547.062185
/ndn/s3-site/s3/C2Data-3995-Type1;285750.0000;DATA;1611611548.080163
/ndn/d1-site/d1/C2Data-1938-Type1;252824.0000;DATA;1611611548.726174
/ndn/s10-site/s10/C2Data-4842-Type1;258908.0000;DATA;1611611549.673212
/ndn/s3-site/s3/C2Data-3995-Type2;283624.0000;DATA;1611611549.847135
/ndn/h7-site/h7/C2Data-849-Type2;285322.0000;DATA;1611611550.214225
/ndn/v2-site/v2/C2Data-5689-Type2;143883.0000;DATA;1611611550.516182
/ndn/s13-site/s13/C2Data-5205-Type1;6000287.0000;TIMEOUT;1611611544.672137
/ndn/s14-site/s14/C2Data-5326-Type2;192018.0000;DATA;1611611550.807134
/ndn/d10-site/d10/C2Data-3027-Type2;243002.0000;DATA;1611611551.924167
/ndn/d12-site/d12/C2Data-3269-Type1;71409.0000;DATA;1611611552.242198
/ndn/h14-site/h14/C2Data-1696-Type2;265908.0000;DATA;1611611553.110145
/ndn/s2-site/s2/C2Data-3874-Type2;6000314.0000;TIMEOUT;1611611551.135126
/ndn/d1-site/d1/C2Data-977-Type3;278583.0000;DATA;1611611565.945139
/ndn/s14-site/s14/C2Data-5327-Type1;189473.0000;DATA;1611611571.380122
/ndn/v3-site/v3/C2Data-5811-Type2;242890.0000;DATA;1611611571.599130
/ndn/s10-site/s10/C2Data-2441-Type3;260784.0000;DATA;1611611574.034257
/ndn/h5-site/h5/C2Data-306-Type3;193025.0000;DATA;1611611574.517133
/ndn/d11-site/d11/C2Data-1587-Type3;48884.0000;DATA;1611611575.029165
/ndn/s6-site/s6/C2Data-2197-Type3;6000245.0000;TIMEOUT;1611611569.246191
/ndn/v6-site/v6/C2Data-6174-Type2;167042.0000;DATA;1611611575.662174
/ndn/h5-site/h5/C2Data-608-Type2;190380.0000;DATA;1611611577.510261
/ndn/s14-site/s14/C2Data-2685-Type3;6000232.0000;TIMEOUT;1611611571.773125
/ndn/h11-site/h11/C2Data-1334-Type1;187777.0000;DATA;1611611578.131138
/ndn/h7-site/h7/C2Data-428-Type3;286726.0000;DATA;1611611578.304172
/ndn/v7-site/v7/C2Data-6295-Type1;23823.0000;DATA;1611611578.655159
/ndn/d8-site/d8/C2Data-2786-Type2;99141.0000;DATA;1611611578.984117
/ndn/v7-site/v7/C2Data-6295-Type2;25602.0000;DATA;1611611581.502120
/ndn/v11-site/v11/C2Data-3417-Type3;166687.0000;DATA;1611611583.165128
/ndn/v5-site/v5/C2Data-3051-Type3;23689.0000;DATA;1611611584.397110
/ndn/v2-site/v2/C2Data-800-Type4;148747.0000;DATA;1611611587.593171
/ndn/h9-site/h9/C2Data-225-Type4;179536.0000;DATA;1611611588.293095
/ndn/h8-site/h8/C2Data-200-Type4;182349.0000;DATA;1611611589.148142
/ndn/s7-site/s7/C2Data-2258-Type3;6000363.0000;TIMEOUT;1611611585.795324
/ndn/v6-site/v6/C2Data-900-Type4;189679.0000;DATA;1611611593.069111
/ndn/d10-site/d10/C2Data-625-Type4;255661.0000;DATA;1611611593.484310
/ndn/d12-site/d12/C2Data-675-Type4;80575.0000;DATA;1611611597.597369
/ndn/h4-site/h4/C2Data-488-Type1;248170.0000;DATA;1611611605.610160
/ndn/h3-site/h3/C2Data-367-Type1;24298.0000;DATA;1611611606.638144
/ndn/v11-site/v11/C2Data-6780-Type2;169594.0000;DATA;1611611607.242110
/ndn/s1-site/s1/C2Data-3755-Type1;6002117.0000;TIMEOUT;1611611601.842148
/ndn/s3-site/s3/C2Data-3997-Type1;6000212.0000;TIMEOUT;1611611601.914136
/ndn/d8-site/d8/C2Data-2787-Type2;101807.0000;DATA;1611611608.207207
/ndn/v9-site/v9/C2Data-6538-Type2;282427.0000;DATA;1611611608.260148
/ndn/h9-site/h9/C2Data-1093-Type2;168413.0000;DATA;1611611609.565381
/ndn/v6-site/v6/C2Data-6175-Type1;163345.0000;DATA;1611611610.924225
/ndn/h2-site/h2/C2Data-246-Type1;284306.0000;DATA;1611611612.654200
/ndn/v8-site/v8/C2Data-6417-Type2;262157.0000;DATA;1611611612.702148
/ndn/s7-site/s7/C2Data-4481-Type2;6003792.0000;TIMEOUT;1611611607.244094
/ndn/d9-site/d9/C2Data-600-Type4;147649.0000;DATA;1611611615.526737
/ndn/s3-site/s3/C2Data-3997-Type2;6000195.0000;TIMEOUT;1611611612.895139
/ndn/v14-site/v14/C2Data-1100-Type4;229915.0000;DATA;1611611620.557771
/ndn/v4-site/v4/C2Data-2991-Type3;29702.0000;DATA;1611611625.335111
/ndn/v4-site/v4/C2Data-850-Type4;23612.0000;DATA;1611611627.567203
/ndn/d0-site/d0/C2Data-917-Type3;98589.0000;DATA;1611611628.076217
/ndn/h0-site/h0/C2Data-2-Type3;266380.0000;DATA;1611611630.203159
/ndn/d7-site/d7/C2Data-1344-Type3;134214.0000;DATA;1611611630.656131
/ndn/v12-site/v12/C2Data-3479-Type3;47087.0000;DATA;1611611631.134138
/ndn/v12-site/v12/C2Data-6902-Type1;47008.0000;DATA;1611611632.697252
/ndn/v9-site/v9/C2Data-6539-Type1;268201.0000;DATA;1611611634.568117
/ndn/h2-site/h2/C2Data-124-Type3;286266.0000;DATA;1611611634.666139
/ndn/v4-site/v4/C2Data-5934-Type2;23911.0000;DATA;1611611636.488129
/ndn/v3-site/v3/C2Data-5813-Type2;240224.0000;DATA;1611611636.790179
/ndn/h14-site/h14/C2Data-1699-Type2;236906.0000;DATA;1611611638.446118
/ndn/s8-site/s8/C2Data-4603-Type1;6000288.0000;TIMEOUT;1611611633.510155
/ndn/d2-site/d2/C2Data-1039-Type3;123283.0000;DATA;1611611641.239193
/ndn/v12-site/v12/C2Data-6902-Type2;46667.0000;DATA;1611611641.548312
/ndn/h7-site/h7/C2Data-429-Type3;281723.0000;DATA;1611611641.313110
/ndn/s11-site/s11/C2Data-4966-Type2;6000329.0000;TIMEOUT;1611611636.027146
/ndn/h10-site/h10/C2Data-1215-Type2;177642.0000;DATA;1611611642.657117
/ndn/h5-site/h5/C2Data-307-Type3;187266.0000;DATA;1611611642.855131
/ndn/v13-site/v13/C2Data-3540-Type3;223854.0000;DATA;1611611643.653119
/ndn/v2-site/v2/C2Data-2869-Type3;148370.0000;DATA;1611611643.851195
/ndn/s3-site/s3/C2Data-3998-Type2;6000220.0000;TIMEOUT;1611611638.214116
/ndn/d9-site/d9/C2Data-1466-Type3;147541.0000;DATA;1611611645.344176
/ndn/s10-site/s10/C2Data-2442-Type3;6000968.0000;TIMEOUT;1611611640.619130
/ndn/d13-site/d13/C2Data-1710-Type3;180547.0000;DATA;1611611646.618197
/ndn/s7-site/s7/C2Data-4482-Type2;6000559.0000;TIMEOUT;1611611642.438179
/ndn/s1-site/s1/C2Data-3756-Type1;6000334.0000;TIMEOUT;1611611642.761191
/ndn/s13-site/s13/C2Data-2625-Type3;6000499.0000;TIMEOUT;1611611645.351114
/ndn/s14-site/s14/C2Data-2686-Type3;6000450.0000;TIMEOUT;1611611648.076621
/ndn/d2-site/d2/C2Data-2063-Type1;152725.0000;DATA;1611611661.426189
/ndn/v2-site/v2/C2Data-5693-Type1;143127.0000;DATA;1611611662.123162
/ndn/h13-site/h13/C2Data-1579-Type2;209309.0000;DATA;1611611662.992057
/ndn/d0-site/d0/C2Data-1821-Type1;98503.0000;DATA;1611611663.516124
/ndn/d8-site/d8/C2Data-2789-Type1;95779.0000;DATA;1611611664.012144
/ndn/d14-site/d14/C2Data-3515-Type1;192046.0000;DATA;1611611664.045194
/ndn/h11-site/h11/C2Data-1337-Type1;196332.0000;DATA;1611611665.134163
/ndn/h8-site/h8/C2Data-974-Type1;176624.0000;DATA;1611611666.281136
/ndn/h4-site/h4/C2Data-490-Type2;274361.0000;DATA;1611611669.504156
/ndn/s12-site/s12/C2Data-5088-Type1;6000766.0000;TIMEOUT;1611611664.210116
/ndn/d4-site/d4/C2Data-2305-Type1;190179.0000;DATA;1611611670.033180
/ndn/d11-site/d11/C2Data-3152-Type1;49212.0000;DATA;1611611670.764137
/ndn/v6-site/v6/C2Data-6177-Type1;169647.0000;DATA;1611611670.647155
/ndn/v2-site/v2/C2Data-5693-Type2;156067.0000;DATA;1611611671.415206
/ndn/v13-site/v13/C2Data-7024-Type1;215996.0000;DATA;1611611671.465210
/ndn/s6-site/s6/C2Data-4362-Type2;6006358.0000;TIMEOUT;1611611672.791142
/ndn/d1-site/d1/C2Data-979-Type3;264931.0000;DATA;1611611685.402132
/ndn/v11-site/v11/C2Data-3419-Type3;170727.0000;DATA;1611611685.756185
/ndn/v10-site/v10/C2Data-3358-Type3;137851.0000;DATA;1611611688.247118
/ndn/v13-site/v13/C2Data-7025-Type2;222389.0000;DATA;1611611691.571158
/ndn/d10-site/d10/C2Data-3032-Type2;244546.0000;DATA;1611611691.549200
/ndn/h0-site/h0/C2Data-7-Type1;272392.0000;DATA;1611611691.728152
/ndn/d11-site/d11/C2Data-3153-Type1;49269.0000;DATA;1611611692.536129
/ndn/s1-site/s1/C2Data-1894-Type3;6001808.0000;TIMEOUT;1611611688.503147
/ndn/v10-site/v10/C2Data-6662-Type2;118745.0000;DATA;1611611694.870210
/ndn/h5-site/h5/C2Data-612-Type1;188599.0000;DATA;1611611695.304227
/ndn/h3-site/h3/C2Data-370-Type1;24129.0000;DATA;1611611696.271195
