/ndn/h4-site/h4/C2Data-484-Type1;59318.0000;DATA;1612717858.023336
/ndn/h3-site/h3/C2Data-363-Type1;135684.0000;DATA;1612717859.227966
/ndn/v9-site/v9/C2Data-4719-Type2;147341.0000;DATA;1612717859.998819
/ndn/s0-site/s0/C2Data-2420-Type2;25226.0000;DATA;1612717861.129942
/ndn/h9-site/h9/C2Data-1089-Type1;193328.0000;DATA;1612717862.115970
/ndn/d4-site/d4/C2Data-1694-Type1;58455.0000;DATA;1612717863.008454
/ndn/d3-site/d3/C2Data-1573-Type2;95045.0000;DATA;1612717864.114943
/ndn/d8-site/d8/C2Data-2178-Type1;156115.0000;DATA;1612717864.648499
/ndn/v8-site/v8/C2Data-4598-Type2;24664.0000;DATA;1612717867.566190
/ndn/d4-site/d4/C2Data-1694-Type2;24438.0000;DATA;1612717868.672016
/ndn/s5-site/s5/C2Data-3025-Type1;28393.0000;DATA;1612717868.830156
/ndn/d3-site/d3/C2Data-1573-Type1;76187.0000;DATA;1612717869.073162
/ndn/v3-site/v3/C2Data-2013-Type3;255391.0000;DATA;1612717881.276139
/ndn/s0-site/s0/C2Data-1220-Type3;27954.0000;DATA;1612717885.473397
/ndn/d2-site/d2/C2Data-732-Type3;30477.0000;DATA;1612717889.237953
/ndn/d6-site/d6/C2Data-1937-Type2;131186.0000;DATA;1612717889.597936
/ndn/h5-site/h5/C2Data-606-Type1;24913.0000;DATA;1612717892.259017
/ndn/d0-site/d0/C2Data-1211-Type2;133400.0000;DATA;1612717894.265052
/ndn/h5-site/h5/C2Data-305-Type3;36956.0000;DATA;1612717895.645622
/ndn/h1-site/h1/C2Data-122-Type2;25863.0000;DATA;1612717896.220573
/ndn/s8-site/s8/C2Data-1708-Type3;26959.0000;DATA;1612717897.064128
/ndn/h7-site/h7/C2Data-848-Type2;92977.0000;DATA;1612717897.484247
/ndn/s7-site/s7/C2Data-3268-Type1;74201.0000;DATA;1612717898.776077
/ndn/d6-site/d6/C2Data-976-Type3;26597.0000;DATA;1612717898.910924
/ndn/d5-site/d5/C2Data-1816-Type1;25332.0000;DATA;1612717899.038717
/ndn/s7-site/s7/C2Data-1647-Type3;26825.0000;DATA;1612717900.370169
/ndn/h9-site/h9/C2Data-549-Type3;28696.0000;DATA;1612717903.850407
/ndn/d0-site/d0/C2Data-1212-Type1;137209.0000;DATA;1612717917.790469
/ndn/s7-site/s7/C2Data-3269-Type2;79256.0000;DATA;1612717920.832787
/ndn/h2-site/h2/C2Data-244-Type2;97492.0000;DATA;1612717921.346928
/ndn/h3-site/h3/C2Data-365-Type2;75220.0000;DATA;1612717924.068511
/ndn/s6-site/s6/C2Data-3148-Type2;25252.0000;DATA;1612717925.575932
/ndn/d7-site/d7/C2Data-2059-Type1;30123.0000;DATA;1612717928.924696
/ndn/v0-site/v0/C2Data-1831-Type3;27955.0000;DATA;1612717942.312055
/ndn/h9-site/h9/C2Data-550-Type3;176992.0000;DATA;1612717946.485437
/ndn/d9-site/d9/C2Data-1160-Type3;153363.0000;DATA;1612717948.541822
/ndn/s9-site/s9/C2Data-3512-Type2;149545.0000;DATA;1612717948.576887
/ndn/d4-site/d4/C2Data-1697-Type2;74507.0000;DATA;1612717949.399101
/ndn/s2-site/s2/C2Data-1343-Type3;523776.0000;DATA;1612717949.898192
/ndn/d5-site/d5/C2Data-1818-Type2;24789.0000;DATA;1612717952.396658
/ndn/d8-site/d8/C2Data-2181-Type2;158216.0000;DATA;1612717952.565448
/ndn/v7-site/v7/C2Data-4480-Type1;25560.0000;DATA;1612717952.716991
/ndn/d5-site/d5/C2Data-916-Type3;145100.0000;DATA;1612717952.657058
/ndn/s4-site/s4/C2Data-2907-Type2;185774.0000;DATA;1612717953.314004
/ndn/h7-site/h7/C2Data-850-Type2;25897.0000;DATA;1612717956.119955
/ndn/v6-site/v6/C2Data-4359-Type1;116714.0000;DATA;1612717956.641203
/ndn/s1-site/s1/C2Data-1282-Type3;28019.0000;DATA;1612717956.963129
/ndn/h6-site/h6/C2Data-729-Type1;26084.0000;DATA;1612717957.148023
/ndn/h7-site/h7/C2Data-850-Type1;75387.0000;DATA;1612717958.581065
/ndn/h2-site/h2/C2Data-123-Type3;26862.0000;DATA;1612717959.675763
/ndn/d2-site/d2/C2Data-300-Type4;127447.0000;DATA;1612717960.672401
/ndn/d8-site/d8/C2Data-1099-Type3;26654.0000;DATA;1612717962.835405
/ndn/h9-site/h9/C2Data-225-Type4;191262.0000;DATA;1612717974.407128
/ndn/h5-site/h5/C2Data-609-Type1;48012.0000;DATA;1612717977.354324
/ndn/v5-site/v5/C2Data-4239-Type1;183327.0000;DATA;1612717978.410327
/ndn/s8-site/s8/C2Data-3392-Type2;114854.0000;DATA;1612717978.889249
/ndn/d2-site/d2/C2Data-1456-Type1;101183.0000;DATA;1612717980.625764
/ndn/s8-site/s8/C2Data-3392-Type1;25161.0000;DATA;1612717981.798103
/ndn/s2-site/s2/C2Data-2666-Type2;24744.0000;DATA;1612717984.567946
/ndn/v5-site/v5/C2Data-4239-Type2;86373.0000;DATA;1612717984.695024
/ndn/d7-site/d7/C2Data-2061-Type1;132570.0000;DATA;1612717984.959006
/ndn/v7-site/v7/C2Data-4481-Type1;80545.0000;DATA;1612717987.555343
/ndn/d6-site/d6/C2Data-1940-Type2;23841.0000;DATA;1612717988.013015
/ndn/h4-site/h4/C2Data-488-Type2;30551.0000;DATA;1612717988.298610
/ndn/h4-site/h4/C2Data-100-Type4;26377.0000;DATA;1612717989.594767
/ndn/v9-site/v9/C2Data-725-Type4;346648.0000;DATA;1612717994.328385
/ndn/d0-site/d0/C2Data-250-Type4;61122.0000;DATA;1612717997.191705
/ndn/h3-site/h3/C2Data-185-Type3;88276.0000;DATA;1612718003.476482
/ndn/v3-site/v3/C2Data-2015-Type3;26780.0000;DATA;1612718004.791583
/ndn/s7-site/s7/C2Data-1649-Type3;24551.0000;DATA;1612718007.987552
/ndn/h2-site/h2/C2Data-247-Type1;100702.0000;DATA;1612718008.115665
/ndn/h0-site/h0/C2Data-5-Type2;128694.0000;DATA;1612718009.906282
/ndn/s9-site/s9/C2Data-3514-Type1;171097.0000;DATA;1612718010.182424
/ndn/d8-site/d8/C2Data-450-Type4;26284.0000;DATA;1612718010.793614
/ndn/s8-site/s8/C2Data-3393-Type1;32900.0000;DATA;1612718011.235976
/ndn/v4-site/v4/C2Data-4119-Type2;183988.0000;DATA;1612718011.658280
/ndn/h4-site/h4/C2Data-246-Type3;24194.0000;DATA;1612718017.211537
/ndn/h5-site/h5/C2Data-610-Type1;26449.0000;DATA;1612718017.558477
/ndn/d7-site/d7/C2Data-1039-Type3;28072.0000;DATA;1612718017.595477
/ndn/s1-site/s1/C2Data-2546-Type1;148857.0000;DATA;1612718017.748862
/ndn/v0-site/v0/C2Data-1832-Type3;527962.0000;DATA;1612718022.542497
/ndn/d4-site/d4/C2Data-1700-Type1;66735.0000;DATA;1612718037.850771
/ndn/h8-site/h8/C2Data-974-Type2;204489.0000;DATA;1612718037.976603
/ndn/d2-site/d2/C2Data-1458-Type1;100470.0000;DATA;1612718038.346540
/ndn/s6-site/s6/C2Data-3152-Type2;104606.0000;DATA;1612718039.082112
/ndn/v8-site/v8/C2Data-4604-Type2;35896.0000;DATA;1612718040.574092
/ndn/d6-site/d6/C2Data-1942-Type1;28964.0000;DATA;1612718041.665884
/ndn/h4-site/h4/C2Data-490-Type1;49544.0000;DATA;1612718042.240344
/ndn/h6-site/h6/C2Data-732-Type1;24883.0000;DATA;1612718043.609979
/ndn/d3-site/d3/C2Data-1579-Type2;149673.0000;DATA;1612718046.275199
/ndn/s1-site/s1/C2Data-1284-Type3;24635.0000;DATA;1612718062.008152
/ndn/v5-site/v5/C2Data-2138-Type3;248345.0000;DATA;1612718062.078306
/ndn/h1-site/h1/C2Data-64-Type3;26128.0000;DATA;1612718064.195829
/ndn/s4-site/s4/C2Data-1467-Type3;25028.0000;DATA;1612718067.277621
/ndn/h6-site/h6/C2Data-733-Type1;97836.0000;DATA;1612718067.297026
/ndn/v8-site/v8/C2Data-4605-Type1;25066.0000;DATA;1612718070.196655
/ndn/d5-site/d5/C2Data-1822-Type2;26311.0000;DATA;1612718072.297431
/ndn/d8-site/d8/C2Data-2185-Type1;150790.0000;DATA;1612718076.387296
/ndn/s3-site/s3/C2Data-1406-Type3;148250.0000;DATA;1612718076.751774
/ndn/h6-site/h6/C2Data-78-Type5;103344.0000;DATA;1612718077.109045
/ndn/v9-site/v9/C2Data-4726-Type1;162522.0000;DATA;1612718077.879035
/ndn/s6-site/s6/C2Data-1589-Type3;26831.0000;DATA;1612718084.204792
/ndn/h5-site/h5/C2Data-65-Type5;84863.0000;DATA;1612718092.567276
/ndn/v3-site/v3/C2Data-4001-Type1;153209.0000;DATA;1612718098.446288
/ndn/h7-site/h7/C2Data-855-Type2;76603.0000;DATA;1612718099.235042
/ndn/d0-site/d0/C2Data-1218-Type2;24990.0000;DATA;1612718101.334966
/ndn/d0-site/d0/C2Data-1218-Type1;29802.0000;DATA;1612718102.233632
/ndn/s0-site/s0/C2Data-2428-Type1;26171.0000;DATA;1612718106.100007
/ndn/h6-site/h6/C2Data-151-Type4;99571.0000;DATA;1612718106.006661
/ndn/d4-site/d4/C2Data-351-Type4;58028.0000;DATA;1612718116.564735
/ndn/d3-site/d3/C2Data-169-Type5;93490.0000;DATA;1612718120.890896
/ndn/h4-site/h4/C2Data-248-Type3;67863.0000;DATA;1612718121.708671
/ndn/h7-site/h7/C2Data-431-Type3;84529.0000;DATA;1612718121.760526
/ndn/v9-site/v9/C2Data-726-Type4;157441.0000;DATA;1612718122.088115
/ndn/d2-site/d2/C2Data-301-Type4;116087.0000;DATA;1612718123.879123
/ndn/h8-site/h8/C2Data-201-Type4;26241.0000;DATA;1612718126.866938
/ndn/v6-site/v6/C2Data-2200-Type3;101733.0000;DATA;1612718127.638708
/ndn/v0-site/v0/C2Data-3639-Type1;26582.0000;DATA;1612718128.159187
/ndn/h6-site/h6/C2Data-735-Type2;94775.0000;DATA;1612718128.154586
/ndn/h9-site/h9/C2Data-553-Type3;61138.0000;DATA;1612718128.461386
/ndn/h0-site/h0/C2Data-4-Type3;132537.0000;DATA;1612718129.306375
/ndn/d6-site/d6/C2Data-980-Type3;121616.0000;DATA;1612718129.850478
/ndn/h0-site/h0/C2Data-0-Type5;23777.0000;DATA;1612718130.649176
/ndn/d8-site/d8/C2Data-2187-Type1;159726.0000;DATA;1612718131.504117
/ndn/d6-site/d6/C2Data-1945-Type2;123952.0000;DATA;1612718131.563404
/ndn/v9-site/v9/C2Data-2383-Type3;127914.0000;DATA;1612718132.283715
/ndn/s6-site/s6/C2Data-1590-Type3;30389.0000;DATA;1612718132.299906
/ndn/s9-site/s9/C2Data-3518-Type2;74732.0000;DATA;1612718132.356064
/ndn/h0-site/h0/C2Data-9-Type1;124991.0000;DATA;1612718133.318779
/ndn/v6-site/v6/C2Data-4365-Type1;100192.0000;DATA;1612718133.665285
/ndn/s5-site/s5/C2Data-3034-Type1;77618.0000;DATA;1612718134.011814
/ndn/h4-site/h4/C2Data-493-Type2;31626.0000;DATA;1612718134.074676
/ndn/s5-site/s5/C2Data-3034-Type2;73091.0000;DATA;1612718134.144058
/ndn/d2-site/d2/C2Data-1461-Type2;25084.0000;DATA;1612718134.382523
/ndn/s1-site/s1/C2Data-2550-Type2;72276.0000;DATA;1612718134.383834
/ndn/h6-site/h6/C2Data-370-Type3;24805.0000;DATA;1612718135.267209
/ndn/v3-site/v3/C2Data-4002-Type1;24271.0000;DATA;1612718136.091579
/ndn/h5-site/h5/C2Data-126-Type4;24494.0000;DATA;1612718136.657960
/ndn/d7-site/d7/C2Data-2066-Type2;76352.0000;DATA;1612718136.650082
/ndn/h7-site/h7/C2Data-856-Type1;29130.0000;DATA;1612718137.466279
/ndn/s5-site/s5/C2Data-1529-Type3;33225.0000;DATA;1612718137.654357
/ndn/v8-site/v8/C2Data-2322-Type3;27818.0000;DATA;1612718137.852774
/ndn/v4-site/v4/C2Data-601-Type4;78860.0000;DATA;1612718137.857026
/ndn/d4-site/d4/C2Data-858-Type3;41332.0000;DATA;1612718138.487385
/ndn/d7-site/d7/C2Data-426-Type4;105046.0000;DATA;1612718140.781662
/ndn/d0-site/d0/C2Data-614-Type3;28264.0000;DATA;1612718142.638517
/ndn/v0-site/v0/C2Data-501-Type4;24888.0000;DATA;1612718144.698185
/ndn/d5-site/d5/C2Data-919-Type3;32625.0000;DATA;1612718145.125019
/ndn/v9-site/v9/C2Data-377-Type5;36710.0000;DATA;1612718153.992071
/ndn/d1-site/d1/C2Data-1341-Type1;125277.0000;DATA;1612718158.397289
/ndn/v8-site/v8/C2Data-4608-Type1;41601.0000;DATA;1612718159.391093
/ndn/v2-site/v2/C2Data-3882-Type2;163498.0000;DATA;1612718159.499385
/ndn/d9-site/d9/C2Data-247-Type5;25368.0000;DATA;1612718161.235189
/ndn/d6-site/d6/C2Data-1946-Type1;132117.0000;DATA;1612718161.522225
/ndn/d8-site/d8/C2Data-2188-Type1;37894.0000;DATA;1612718161.713070
/ndn/h5-site/h5/C2Data-615-Type1;149500.0000;DATA;1612718162.002900
/ndn/s8-site/s8/C2Data-3398-Type2;100454.0000;DATA;1612718164.251928
/ndn/h3-site/h3/C2Data-373-Type2;25865.0000;DATA;1612718164.865211
/ndn/s5-site/s5/C2Data-3035-Type1;24994.0000;DATA;1612718165.622021
/ndn/v4-site/v4/C2Data-4124-Type2;189491.0000;DATA;1612718165.530924
/ndn/h6-site/h6/C2Data-736-Type2;61960.0000;DATA;1612718166.955078
/ndn/s2-site/s2/C2Data-2672-Type1;53314.0000;DATA;1612718167.043007
/ndn/h2-site/h2/C2Data-252-Type1;106186.0000;DATA;1612718167.866771
/ndn/h8-site/h8/C2Data-978-Type1;106933.0000;DATA;1612718167.959798
/ndn/d2-site/d2/C2Data-1462-Type2;23933.0000;DATA;1612718168.128922
/ndn/s9-site/s9/C2Data-3519-Type2;125148.0000;DATA;1612718168.047418
/ndn/h2-site/h2/C2Data-26-Type5;58546.0000;DATA;1612718179.112886
/ndn/s8-site/s8/C2Data-1713-Type3;107511.0000;DATA;1612718183.754459
/ndn/s3-site/s3/C2Data-2794-Type2;548922.0000;DATA;1612718188.459945
/ndn/v9-site/v9/C2Data-4730-Type2;123045.0000;DATA;1612718191.802474
/ndn/v9-site/v9/C2Data-2384-Type3;26817.0000;DATA;1612718191.910022
/ndn/d2-site/d2/C2Data-737-Type3;24378.0000;DATA;1612718193.111953
/ndn/h6-site/h6/C2Data-371-Type3;108325.0000;DATA;1612718193.264200
/ndn/s5-site/s5/C2Data-1530-Type3;24383.0000;DATA;1612718194.399920
/ndn/s5-site/s5/C2Data-3036-Type1;87771.0000;DATA;1612718194.464049
/ndn/s3-site/s3/C2Data-1408-Type3;27218.0000;DATA;1612718194.604355
/ndn/v0-site/v0/C2Data-3641-Type1;25093.0000;DATA;1612718197.413928
/ndn/d0-site/d0/C2Data-615-Type3;128666.0000;DATA;1612718197.750267
/ndn/v8-site/v8/C2Data-2323-Type3;27664.0000;DATA;1612718198.234076
/ndn/d4-site/d4/C2Data-859-Type3;26494.0000;DATA;1612718199.249915
/ndn/v7-site/v7/C2Data-2262-Type3;29861.0000;DATA;1612718200.727640
/ndn/v4-site/v4/C2Data-2079-Type3;103076.0000;DATA;1612718201.258065
/ndn/d5-site/d5/C2Data-920-Type3;42809.0000;DATA;1612718202.659309
/ndn/v0-site/v0/C2Data-3642-Type1;34854.0000;DATA;1612718217.219450
/ndn/d5-site/d5/C2Data-1827-Type2;149713.0000;DATA;1612718219.850938
/ndn/h3-site/h3/C2Data-375-Type1;84476.0000;DATA;1612718221.299246
/ndn/h5-site/h5/C2Data-617-Type2;49734.0000;DATA;1612718222.704667
/ndn/h6-site/h6/C2Data-738-Type1;55187.0000;DATA;1612718222.959968
/ndn/s0-site/s0/C2Data-2432-Type2;123672.0000;DATA;1612718223.122481
/ndn/v7-site/v7/C2Data-4489-Type1;24775.0000;DATA;1612718227.069703
/ndn/s7-site/s7/C2Data-3279-Type1;6009987.0000;TIMEOUT;1612718226.496329
/ndn/v6-site/v6/C2Data-2202-Type3;207750.0000;DATA;1612718241.613753
/ndn/d6-site/d6/C2Data-982-Type3;140370.0000;DATA;1612718245.473294
/ndn/s2-site/s2/C2Data-1348-Type3;53699.0000;DATA;1612718246.740249
/ndn/h5-site/h5/C2Data-311-Type3;24594.0000;DATA;1612718250.725071
/ndn/v4-site/v4/C2Data-4127-Type1;75884.0000;DATA;1612718252.676895
/ndn/s1-site/s1/C2Data-1287-Type3;6001494.0000;TIMEOUT;1612718247.092461
/ndn/s9-site/s9/C2Data-3522-Type1;6000744.0000;TIMEOUT;1612718247.263219
/ndn/v2-site/v2/C2Data-3885-Type1;147477.0000;DATA;1612718254.313472
/ndn/h5-site/h5/C2Data-618-Type1;24333.0000;DATA;1612718256.467943
/ndn/d7-site/d7/C2Data-1043-Type3;27871.0000;DATA;1612718257.009253
/ndn/s6-site/s6/C2Data-3159-Type1;6000611.0000;TIMEOUT;1612718251.116147
/ndn/d6-site/d6/C2Data-1949-Type1;24796.0000;DATA;1612718257.858952
/ndn/d4-site/d4/C2Data-1707-Type2;24937.0000;DATA;1612718258.464989
/ndn/d0-site/d0/C2Data-616-Type3;48719.0000;DATA;1612718260.627611
/ndn/h6-site/h6/C2Data-372-Type3;37965.0000;DATA;1612718261.814326
/ndn/s6-site/s6/C2Data-3159-Type2;6000679.0000;TIMEOUT;1612718256.736566
/ndn/s5-site/s5/C2Data-3038-Type1;6000912.0000;TIMEOUT;1612718258.157862
/ndn/h9-site/h9/C2Data-227-Type4;27479.0000;DATA;1612718272.757032
/ndn/v7-site/v7/C2Data-4491-Type2;79800.0000;DATA;1612718277.991116
/ndn/v4-site/v4/C2Data-602-Type4;73170.0000;DATA;1612718278.482090
/ndn/d7-site/d7/C2Data-2071-Type1;159157.0000;DATA;1612718281.267312
/ndn/h9-site/h9/C2Data-1103-Type1;172447.0000;DATA;1612718281.704901
/ndn/h4-site/h4/C2Data-498-Type1;49630.0000;DATA;1612718288.339557
/ndn/d8-site/d8/C2Data-2192-Type1;174280.0000;DATA;1612718288.453173
/ndn/v7-site/v7/C2Data-677-Type4;26663.0000;DATA;1612718291.366939
/ndn/v0-site/v0/C2Data-502-Type4;28564.0000;DATA;1612718292.608670
/ndn/s5-site/s5/C2Data-3039-Type1;6001451.0000;TIMEOUT;1612718287.699113
/ndn/h2-site/h2/C2Data-52-Type4;53506.0000;DATA;1612718300.787327
/ndn/v9-site/v9/C2Data-2386-Type3;575810.0000;DATA;1612718303.804150
/ndn/d6-site/d6/C2Data-402-Type4;31960.0000;DATA;1612718306.514755
/ndn/v7-site/v7/C2Data-2264-Type3;26738.0000;DATA;1612718307.389610
/ndn/v3-site/v3/C2Data-2020-Type3;25150.0000;DATA;1612718307.751015
/ndn/d4-site/d4/C2Data-1709-Type1;51542.0000;DATA;1612718308.819911
/ndn/v8-site/v8/C2Data-2325-Type3;24236.0000;DATA;1612718309.250560
/ndn/d5-site/d5/C2Data-1830-Type2;163353.0000;DATA;1612718309.276996
/ndn/s2-site/s2/C2Data-2677-Type1;6000578.0000;TIMEOUT;1612718307.736932
/ndn/s4-site/s4/C2Data-1471-Type3;6000462.0000;TIMEOUT;1612718308.389997
/ndn/v0-site/v0/C2Data-3645-Type1;28543.0000;DATA;1612718315.916292
/ndn/v5-site/v5/C2Data-2142-Type3;77625.0000;DATA;1612718316.141777
/ndn/v6-site/v6/C2Data-4371-Type1;75631.0000;DATA;1612718316.434879
/ndn/h7-site/h7/C2Data-862-Type1;76688.0000;DATA;1612718316.634297
/ndn/v6-site/v6/C2Data-2203-Type3;38538.0000;DATA;1612718320.318246
/ndn/s8-site/s8/C2Data-3403-Type2;6001826.0000;TIMEOUT;1612718316.801616
/ndn/s2-site/s2/C2Data-1349-Type3;6021683.0000;TIMEOUT;1612718322.711179
/ndn/h5-site/h5/C2Data-621-Type1;49191.0000;DATA;1612718341.731187
/ndn/h8-site/h8/C2Data-984-Type1;54446.0000;DATA;1612718343.583131
/ndn/s6-site/s6/C2Data-3162-Type2;6001849.0000;TIMEOUT;1612718338.410667
/ndn/d8-site/d8/C2Data-2194-Type2;64720.0000;DATA;1612718344.779331
/ndn/s8-site/s8/C2Data-3404-Type1;6000760.0000;TIMEOUT;1612718339.847494
/ndn/s2-site/s2/C2Data-2678-Type1;6005565.0000;TIMEOUT;1612718340.061337
/ndn/s9-site/s9/C2Data-3525-Type1;6001766.0000;TIMEOUT;1612718340.238924
/ndn/v7-site/v7/C2Data-4493-Type1;29591.0000;DATA;1612718348.059620
/ndn/h9-site/h9/C2Data-557-Type3;180555.0000;DATA;1612718361.294395
/ndn/h2-site/h2/C2Data-130-Type3;224422.0000;DATA;1612718361.585860
/ndn/h1-site/h1/C2Data-69-Type3;29700.0000;DATA;1612718364.730639
/ndn/h5-site/h5/C2Data-35-Type6;56041.0000;DATA;1612718365.814414
/ndn/v8-site/v8/C2Data-2326-Type3;24523.0000;DATA;1612718367.348295
/ndn/d4-site/d4/C2Data-1711-Type2;56999.0000;DATA;1612718367.354104
/ndn/h8-site/h8/C2Data-496-Type3;24616.0000;DATA;1612718370.630904
/ndn/v7-site/v7/C2Data-4494-Type2;83549.0000;DATA;1612718371.521329
/ndn/d5-site/d5/C2Data-1832-Type1;24856.0000;DATA;1612718372.583296
/ndn/h9-site/h9/C2Data-1106-Type2;26499.0000;DATA;1612718372.653115
/ndn/s3-site/s3/C2Data-2800-Type1;6000467.0000;TIMEOUT;1612718367.727017
/ndn/v9-site/v9/C2Data-2387-Type3;27007.0000;DATA;1612718374.794462
/ndn/d8-site/d8/C2Data-1106-Type3;146289.0000;DATA;1612718375.181623
/ndn/v9-site/v9/C2Data-4736-Type1;127218.0000;DATA;1612718375.566374
/ndn/d7-site/d7/C2Data-1045-Type3;27506.0000;DATA;1612718378.330038
/ndn/s1-site/s1/C2Data-2558-Type2;6002133.0000;TIMEOUT;1612718372.622713
/ndn/s8-site/s8/C2Data-3405-Type1;6000940.0000;TIMEOUT;1612718376.288987
/ndn/s4-site/s4/C2Data-1472-Type3;6001929.0000;TIMEOUT;1612718380.214435
/ndn/d8-site/d8/C2Data-126-Type6;31238.0000;DATA;1612718387.477583
/ndn/h5-site/h5/C2Data-66-Type5;50658.0000;DATA;1612718391.036673
/ndn/h6-site/h6/C2Data-42-Type6;98538.0000;DATA;1612718391.104289
/ndn/v6-site/v6/C2Data-339-Type5;76989.0000;DATA;1612718391.187004
/ndn/h0-site/h0/C2Data-1-Type5;28090.0000;DATA;1612718392.727616
/ndn/h7-site/h7/C2Data-49-Type6;27347.0000;DATA;1612718394.043497
/ndn/h4-site/h4/C2Data-502-Type1;25050.0000;DATA;1612718398.266934
/ndn/h1-site/h1/C2Data-139-Type2;25991.0000;DATA;1612718399.868991
/ndn/d3-site/d3/C2Data-1591-Type1;147986.0000;DATA;1612718402.752270
/ndn/s6-site/s6/C2Data-3164-Type2;6015968.0000;TIMEOUT;1612718397.176738
/ndn/d6-site/d6/C2Data-1954-Type2;25644.0000;DATA;1612718405.788172
/ndn/s5-site/s5/C2Data-3043-Type2;6003085.0000;TIMEOUT;1612718401.084971
/ndn/s4-site/s4/C2Data-2922-Type1;6000556.0000;TIMEOUT;1612718401.211136
/ndn/h9-site/h9/C2Data-1107-Type1;74002.0000;DATA;1612718407.966987
/ndn/s8-site/s8/C2Data-3406-Type2;6001815.0000;TIMEOUT;1612718403.367919
/ndn/s2-site/s2/C2Data-2680-Type2;6003661.0000;TIMEOUT;1612718404.177756
/ndn/h1-site/h1/C2Data-28-Type4;24487.0000;DATA;1612718414.268727
/ndn/s1-site/s1/C2Data-2559-Type2;6001178.0000;TIMEOUT;1612718408.490773
/ndn/h3-site/h3/C2Data-78-Type4;168292.0000;DATA;1612718419.661726
/ndn/d7-site/d7/C2Data-222-Type5;34017.0000;DATA;1612718419.848325
/ndn/d3-site/d3/C2Data-328-Type4;160957.0000;DATA;1612718420.681696
/ndn/h0-site/h0/C2Data-9-Type3;133862.0000;DATA;1612718421.690236
/ndn/d2-site/d2/C2Data-157-Type5;28522.0000;DATA;1612718422.726545
/ndn/d8-site/d8/C2Data-1107-Type3;157906.0000;DATA;1612718425.682210
/ndn/v4-site/v4/C2Data-4133-Type2;170462.0000;DATA;1612718427.659779
/ndn/v5-site/v5/C2Data-4254-Type2;191915.0000;DATA;1612718428.046577
/ndn/h7-site/h7/C2Data-866-Type1;76161.0000;DATA;1612718428.310904
/ndn/v4-site/v4/C2Data-2083-Type3;160739.0000;DATA;1612718428.590537
/ndn/v0-site/v0/C2Data-3649-Type1;27391.0000;DATA;1612718428.794108
/ndn/h1-site/h1/C2Data-70-Type3;31464.0000;DATA;1612718430.618588
/ndn/h2-site/h2/C2Data-261-Type1;100035.0000;DATA;1612718430.851469
/ndn/v3-site/v3/C2Data-300-Type5;171116.0000;DATA;1612718431.197631
/ndn/v9-site/v9/C2Data-2388-Type3;24672.0000;DATA;1612718431.677757
/ndn/v9-site/v9/C2Data-4738-Type2;28817.0000;DATA;1612718432.004229
/ndn/d5-site/d5/C2Data-924-Type3;32356.0000;DATA;1612718432.087828
/ndn/v7-site/v7/C2Data-4496-Type2;77068.0000;DATA;1612718432.152409
/ndn/d2-site/d2/C2Data-1471-Type1;30830.0000;DATA;1612718432.272290
/ndn/v2-site/v2/C2Data-3891-Type1;145337.0000;DATA;1612718432.588084
/ndn/d3-site/d3/C2Data-1592-Type2;96054.0000;DATA;1612718432.918155
