/ndn/h6-site/h6/C2Data-726-Type1;209700.0000;DATA;1612717032.014513
/ndn/s0-site/s0/C2Data-2420-Type2;181353.0000;DATA;1612717033.153088
/ndn/s7-site/s7/C2Data-3267-Type1;99099.0000;DATA;1612717033.826950
/ndn/d8-site/d8/C2Data-2178-Type1;53817.0000;DATA;1612717033.887777
/ndn/d6-site/d6/C2Data-1936-Type2;221415.0000;DATA;1612717034.480087
/ndn/d8-site/d8/C2Data-2178-Type2;52302.0000;DATA;1612717035.052252
/ndn/h3-site/h3/C2Data-363-Type1;178033.0000;DATA;1612717035.543037
/ndn/d2-site/d2/C2Data-1452-Type2;56990.0000;DATA;1612717035.769637
/ndn/s5-site/s5/C2Data-3025-Type1;209655.0000;DATA;1612717037.363477
/ndn/v6-site/v6/C2Data-4356-Type1;180124.0000;DATA;1612717037.554457
/ndn/d4-site/d4/C2Data-854-Type3;115487.0000;DATA;1612717052.619534
/ndn/s3-site/s3/C2Data-1403-Type3;526721.0000;DATA;1612717055.975325
/ndn/h2-site/h2/C2Data-243-Type1;182466.0000;DATA;1612717056.694843
/ndn/v9-site/v9/C2Data-4720-Type1;28244.0000;DATA;1612717057.214142
/ndn/d2-site/d2/C2Data-732-Type3;51297.0000;DATA;1612717058.117112
/ndn/h8-site/h8/C2Data-488-Type3;197271.0000;DATA;1612717057.968667
/ndn/h5-site/h5/C2Data-305-Type3;143884.0000;DATA;1612717058.739445
/ndn/s5-site/s5/C2Data-3026-Type2;230645.0000;DATA;1612717058.963573
/ndn/d1-site/d1/C2Data-1332-Type2;128156.0000;DATA;1612717059.427850
/ndn/d2-site/d2/C2Data-1453-Type1;62071.0000;DATA;1612717059.876756
/ndn/s5-site/s5/C2Data-3026-Type1;191073.0000;DATA;1612717061.599942
/ndn/s3-site/s3/C2Data-2784-Type1;246982.0000;DATA;1612717063.271131
/ndn/s8-site/s8/C2Data-1708-Type3;148423.0000;DATA;1612717065.152754
/ndn/v8-site/v8/C2Data-4599-Type2;191392.0000;DATA;1612717065.837129
/ndn/d8-site/d8/C2Data-2179-Type1;50730.0000;DATA;1612717066.030954
/ndn/h1-site/h1/C2Data-61-Type3;205245.0000;DATA;1612717068.508861
/ndn/s1-site/s1/C2Data-1281-Type3;235899.0000;DATA;1612717069.707414
/ndn/s4-site/s4/C2Data-1464-Type3;123835.0000;DATA;1612717071.529906
/ndn/d7-site/d7/C2Data-1037-Type3;103733.0000;DATA;1612717073.035977
/ndn/v4-site/v4/C2Data-2074-Type3;288642.0000;DATA;1612717073.426793
/ndn/d7-site/d7/C2Data-2059-Type1;105527.0000;DATA;1612717091.415335
/ndn/s7-site/s7/C2Data-3269-Type2;80454.0000;DATA;1612717092.330886
/ndn/d7-site/d7/C2Data-2059-Type2;111814.0000;DATA;1612717092.614344
/ndn/h1-site/h1/C2Data-123-Type2;153420.0000;DATA;1612717093.475795
/ndn/h5-site/h5/C2Data-607-Type1;151331.0000;DATA;1612717093.531788
/ndn/s0-site/s0/C2Data-2422-Type1;214840.0000;DATA;1612717094.461812
/ndn/s7-site/s7/C2Data-3269-Type1;77576.0000;DATA;1612717096.093275
/ndn/h7-site/h7/C2Data-849-Type1;183413.0000;DATA;1612717097.970938
/ndn/h0-site/h0/C2Data-1-Type3;54030.0000;DATA;1612717111.378944
/ndn/h6-site/h6/C2Data-367-Type3;332804.0000;DATA;1612717114.166839
/ndn/s5-site/s5/C2Data-1526-Type3;221974.0000;DATA;1612717115.607383
/ndn/h7-site/h7/C2Data-850-Type1;195201.0000;DATA;1612717118.768023
/ndn/s9-site/s9/C2Data-3512-Type1;254266.0000;DATA;1612717119.286129
/ndn/s0-site/s0/C2Data-2423-Type1;178855.0000;DATA;1612717119.552557
/ndn/s1-site/s1/C2Data-2544-Type1;225102.0000;DATA;1612717119.739798
/ndn/s6-site/s6/C2Data-3149-Type1;51185.0000;DATA;1612717122.354500
/ndn/v5-site/v5/C2Data-625-Type4;265475.0000;DATA;1612717124.679973
/ndn/v1-site/v1/C2Data-3754-Type2;145280.0000;DATA;1612717124.795610
/ndn/s7-site/s7/C2Data-3270-Type1;6001477.0000;TIMEOUT;1612717118.963356
/ndn/h7-site/h7/C2Data-175-Type4;670753.0000;DATA;1612717127.615554
/ndn/h2-site/h2/C2Data-245-Type2;675022.0000;DATA;1612717127.655416
/ndn/d2-site/d2/C2Data-1455-Type1;49008.0000;DATA;1612717128.342955
/ndn/h1-site/h1/C2Data-62-Type3;544430.0000;DATA;1612717128.391107
/ndn/v2-site/v2/C2Data-1953-Type3;134991.0000;DATA;1612717133.073253
/ndn/s7-site/s7/C2Data-1648-Type3;6011106.0000;TIMEOUT;1612717131.667968
/ndn/s3-site/s3/C2Data-1404-Type3;6006129.0000;TIMEOUT;1612717134.248121
/ndn/v4-site/v4/C2Data-4118-Type1;310240.0000;DATA;1612717147.371952
/ndn/d2-site/d2/C2Data-1456-Type1;50992.0000;DATA;1612717149.727723
/ndn/v5-site/v5/C2Data-4239-Type2;288655.0000;DATA;1612717149.808000
/ndn/d2-site/d2/C2Data-300-Type4;56038.0000;DATA;1612717152.194397
/ndn/v1-site/v1/C2Data-3755-Type2;164607.0000;DATA;1612717152.862548
/ndn/s2-site/s2/C2Data-2666-Type2;224458.0000;DATA;1612717153.177960
/ndn/s5-site/s5/C2Data-3029-Type2;6001200.0000;TIMEOUT;1612717156.968265
/ndn/d0-site/d0/C2Data-612-Type3;220327.0000;DATA;1612717171.510846
/ndn/v5-site/v5/C2Data-2137-Type3;284769.0000;DATA;1612717171.662807
/ndn/h8-site/h8/C2Data-490-Type3;197400.0000;DATA;1612717176.305996
/ndn/s3-site/s3/C2Data-1405-Type3;6001395.0000;TIMEOUT;1612717172.813200
/ndn/h2-site/h2/C2Data-124-Type3;214828.0000;DATA;1612717180.276065
/ndn/v3-site/v3/C2Data-3998-Type2;25995.0000;DATA;1612717181.119627
/ndn/v0-site/v0/C2Data-3635-Type1;132321.0000;DATA;1612717181.342181
/ndn/h4-site/h4/C2Data-489-Type2;147632.0000;DATA;1612717183.941006
/ndn/d6-site/d6/C2Data-1941-Type2;219862.0000;DATA;1612717184.620058
/ndn/h7-site/h7/C2Data-852-Type2;186308.0000;DATA;1612717184.739340
/ndn/s0-site/s0/C2Data-2425-Type2;6000381.0000;TIMEOUT;1612717179.639079
/ndn/s9-site/s9/C2Data-3514-Type2;6002455.0000;TIMEOUT;1612717179.713982
/ndn/d3-site/d3/C2Data-1578-Type1;257726.0000;DATA;1612717186.315193
/ndn/s4-site/s4/C2Data-1466-Type3;6000449.0000;TIMEOUT;1612717180.660230
/ndn/s2-site/s2/C2Data-2667-Type1;6000831.0000;TIMEOUT;1612717181.556162
/ndn/h9-site/h9/C2Data-551-Type3;87963.0000;DATA;1612717189.184849
/ndn/s0-site/s0/C2Data-2425-Type1;6008748.0000;TIMEOUT;1612717183.544431
/ndn/h1-site/h1/C2Data-63-Type3;156616.0000;DATA;1612717190.275371
/ndn/s8-site/s8/C2Data-1710-Type3;6006941.0000;TIMEOUT;1612717186.265032
/ndn/v7-site/v7/C2Data-2259-Type3;100057.0000;DATA;1612717193.445929
/ndn/d6-site/d6/C2Data-1942-Type1;220776.0000;DATA;1612717207.107733
/ndn/v5-site/v5/C2Data-4241-Type1;271773.0000;DATA;1612717208.976810
/ndn/h0-site/h0/C2Data-6-Type2;70039.0000;DATA;1612717212.076401
/ndn/v6-site/v6/C2Data-4362-Type1;214293.0000;DATA;1612717213.348016
/ndn/h7-site/h7/C2Data-853-Type1;170398.0000;DATA;1612717214.761301
/ndn/d7-site/d7/C2Data-2063-Type2;114992.0000;DATA;1612717216.745274
/ndn/s9-site/s9/C2Data-3515-Type2;6000795.0000;TIMEOUT;1612717215.572055
/ndn/d8-site/d8/C2Data-1101-Type3;67821.0000;DATA;1612717231.128987
/ndn/v7-site/v7/C2Data-2260-Type3;87269.0000;DATA;1612717231.414570
/ndn/h7-site/h7/C2Data-430-Type3;190621.0000;DATA;1612717238.666322
/ndn/d8-site/d8/C2Data-2185-Type2;50054.0000;DATA;1612717240.139262
/ndn/s8-site/s8/C2Data-1711-Type3;6000927.0000;TIMEOUT;1612717235.812478
/ndn/d5-site/d5/C2Data-1822-Type1;25833.0000;DATA;1612717243.736976
/ndn/v7-site/v7/C2Data-4484-Type1;76930.0000;DATA;1612717243.775047
/ndn/v8-site/v8/C2Data-4605-Type2;172960.0000;DATA;1612717243.849800
/ndn/s9-site/s9/C2Data-1772-Type3;6000459.0000;TIMEOUT;1612717239.998642
/ndn/h9-site/h9/C2Data-1096-Type1;83213.0000;DATA;1612717248.210611
/ndn/s0-site/s0/C2Data-2427-Type1;6000881.0000;TIMEOUT;1612717243.478118
/ndn/h9-site/h9/C2Data-552-Type3;132371.0000;DATA;1612717251.121062
/ndn/s6-site/s6/C2Data-3153-Type2;6001553.0000;TIMEOUT;1612717247.583633
/ndn/s4-site/s4/C2Data-1467-Type3;6008768.0000;TIMEOUT;1612717249.829042
/ndn/s3-site/s3/C2Data-1406-Type3;6000527.0000;TIMEOUT;1612717250.655066
/ndn/h0-site/h0/C2Data-0-Type5;56940.0000;DATA;1612717256.634825
/ndn/v5-site/v5/C2Data-325-Type5;365788.0000;DATA;1612717257.967955
/ndn/d8-site/d8/C2Data-2186-Type1;59419.0000;DATA;1612717269.319301
/ndn/h6-site/h6/C2Data-734-Type1;213312.0000;DATA;1612717270.897312
/ndn/v5-site/v5/C2Data-4243-Type1;276371.0000;DATA;1612717270.971309
/ndn/h7-site/h7/C2Data-855-Type2;177443.0000;DATA;1612717271.629339
/ndn/d0-site/d0/C2Data-1218-Type1;233253.0000;DATA;1612717273.868876
/ndn/s8-site/s8/C2Data-3396-Type2;6004480.0000;TIMEOUT;1612717271.106069
/ndn/s7-site/s7/C2Data-3275-Type1;6008588.0000;TIMEOUT;1612717275.901384
/ndn/v0-site/v0/C2Data-501-Type4;125427.0000;DATA;1612717287.117753
/ndn/v3-site/v3/C2Data-299-Type5;26179.0000;DATA;1612717290.094498
/ndn/d1-site/d1/C2Data-276-Type4;125219.0000;DATA;1612717291.115405
/ndn/h2-site/h2/C2Data-126-Type3;197966.0000;DATA;1612717290.999256
/ndn/v1-site/v1/C2Data-526-Type4;155604.0000;DATA;1612717292.046822
/ndn/d3-site/d3/C2Data-169-Type5;272674.0000;DATA;1612717292.690379
/ndn/v5-site/v5/C2Data-626-Type4;302733.0000;DATA;1612717293.487976
/ndn/s9-site/s9/C2Data-1773-Type3;6001490.0000;TIMEOUT;1612717290.473077
/ndn/v4-site/v4/C2Data-4123-Type1;279406.0000;DATA;1612717296.792674
/ndn/v0-site/v0/C2Data-3639-Type1;129159.0000;DATA;1612717297.754917
/ndn/s1-site/s1/C2Data-1285-Type3;6000871.0000;TIMEOUT;1612717292.380432
/ndn/h1-site/h1/C2Data-130-Type1;156180.0000;DATA;1612717298.718699
/ndn/v0-site/v0/C2Data-1834-Type3;131248.0000;DATA;1612717299.073164
/ndn/h5-site/h5/C2Data-65-Type5;158280.0000;DATA;1612717299.199700
/ndn/h6-site/h6/C2Data-735-Type1;199028.0000;DATA;1612717300.494950
/ndn/s9-site/s9/C2Data-3518-Type2;6001715.0000;TIMEOUT;1612717297.245357
/ndn/h7-site/h7/C2Data-856-Type1;211028.0000;DATA;1612717304.271623
/ndn/h7-site/h7/C2Data-431-Type3;176457.0000;DATA;1612717306.311065
/ndn/v9-site/v9/C2Data-4728-Type2;26736.0000;DATA;1612717307.665639
/ndn/s5-site/s5/C2Data-1529-Type3;6000939.0000;TIMEOUT;1612717301.890051
/ndn/v9-site/v9/C2Data-377-Type5;26951.0000;DATA;1612717308.149672
/ndn/s1-site/s1/C2Data-2550-Type2;6004132.0000;TIMEOUT;1612717303.252867
/ndn/s5-site/s5/C2Data-3034-Type1;6001440.0000;TIMEOUT;1612717303.513378
/ndn/h1-site/h1/C2Data-65-Type3;151813.0000;DATA;1612717312.054779
/ndn/v2-site/v2/C2Data-1956-Type3;131543.0000;DATA;1612717312.880585
/ndn/d5-site/d5/C2Data-919-Type3;31052.0000;DATA;1612717313.439800
/ndn/s8-site/s8/C2Data-1712-Type3;6004070.0000;TIMEOUT;1612717307.602775
/ndn/d8-site/d8/C2Data-234-Type5;63915.0000;DATA;1612717319.391880
/ndn/h3-site/h3/C2Data-76-Type4;193540.0000;DATA;1612717323.145326
/ndn/d7-site/d7/C2Data-2067-Type2;101690.0000;DATA;1612717328.281853
/ndn/h0-site/h0/C2Data-1-Type4;50906.0000;DATA;1612717329.387262
/ndn/v6-site/v6/C2Data-4366-Type1;235118.0000;DATA;1612717330.056709
/ndn/d1-site/d1/C2Data-1341-Type2;143796.0000;DATA;1612717330.887023
/ndn/h8-site/h8/C2Data-104-Type5;207930.0000;DATA;1612717331.416542
/ndn/v9-site/v9/C2Data-4729-Type1;25110.0000;DATA;1612717335.058093
/ndn/v4-site/v4/C2Data-4124-Type2;285992.0000;DATA;1612717335.436290
/ndn/h4-site/h4/C2Data-494-Type2;644195.0000;DATA;1612717337.705659
/ndn/s9-site/s9/C2Data-3519-Type1;6003883.0000;TIMEOUT;1612717333.881659
/ndn/s3-site/s3/C2Data-2793-Type2;6002575.0000;TIMEOUT;1612717338.353310
/ndn/v7-site/v7/C2Data-2262-Type3;105564.0000;DATA;1612717351.334785
/ndn/h7-site/h7/C2Data-432-Type3;182523.0000;DATA;1612717354.729314
/ndn/h2-site/h2/C2Data-253-Type1;175330.0000;DATA;1612717356.739974
/ndn/v9-site/v9/C2Data-4730-Type1;24296.0000;DATA;1612717358.008001
/ndn/h4-site/h4/C2Data-495-Type2;145679.0000;DATA;1612717361.701343
/ndn/h2-site/h2/C2Data-127-Type3;172321.0000;DATA;1612717363.820350
/ndn/s6-site/s6/C2Data-3157-Type2;6000544.0000;TIMEOUT;1612717358.255845
/ndn/s4-site/s4/C2Data-1469-Type3;6004576.0000;TIMEOUT;1612717358.380032
/ndn/v0-site/v0/C2Data-3641-Type2;121446.0000;DATA;1612717364.500689
/ndn/v9-site/v9/C2Data-4730-Type2;26155.0000;DATA;1612717366.041075
/ndn/s1-site/s1/C2Data-2552-Type2;6000732.0000;TIMEOUT;1612717361.432489
/ndn/s2-site/s2/C2Data-2673-Type1;6002596.0000;TIMEOUT;1612717361.993163
/ndn/s8-site/s8/C2Data-3399-Type2;6000399.0000;TIMEOUT;1612717364.507547
/ndn/s3-site/s3/C2Data-2794-Type1;6000736.0000;TIMEOUT;1612717364.657769
/ndn/d1-site/d1/C2Data-676-Type3;131221.0000;DATA;1612717371.256538
/ndn/s0-site/s0/C2Data-2431-Type1;6000809.0000;TIMEOUT;1612717366.479761
/ndn/v4-site/v4/C2Data-2079-Type3;228245.0000;DATA;1612717372.415166
/ndn/v0-site/v0/C2Data-3642-Type2;127786.0000;DATA;1612717386.829424
/ndn/v3-site/v3/C2Data-4005-Type2;25468.0000;DATA;1612717388.180972
/ndn/d5-site/d5/C2Data-1827-Type2;29600.0000;DATA;1612717392.537395
/ndn/h6-site/h6/C2Data-738-Type2;215326.0000;DATA;1612717392.495330
/ndn/v1-site/v1/C2Data-3763-Type2;184146.0000;DATA;1612717393.400232
/ndn/v1-site/v1/C2Data-3763-Type1;162004.0000;DATA;1612717394.874696
/ndn/h4-site/h4/C2Data-496-Type1;145791.0000;DATA;1612717396.931217
/ndn/s7-site/s7/C2Data-3279-Type2;6003884.0000;TIMEOUT;1612717392.507540
/ndn/s7-site/s7/C2Data-3279-Type1;6000873.0000;TIMEOUT;1612717397.318196
/ndn/v2-site/v2/C2Data-1958-Type3;120102.0000;DATA;1612717413.000765
/ndn/d5-site/d5/C2Data-921-Type3;62812.0000;DATA;1612717413.492347
/ndn/h6-site/h6/C2Data-739-Type1;200159.0000;DATA;1612717416.440921
/ndn/v4-site/v4/C2Data-4127-Type1;294630.0000;DATA;1612717419.726423
/ndn/v1-site/v1/C2Data-3764-Type1;158708.0000;DATA;1612717421.060553
/ndn/v6-site/v6/C2Data-4369-Type1;205051.0000;DATA;1612717421.291967
/ndn/h3-site/h3/C2Data-189-Type3;175977.0000;DATA;1612717423.414544
/ndn/s8-site/s8/C2Data-1714-Type3;6001205.0000;TIMEOUT;1612717417.802232
/ndn/h2-site/h2/C2Data-255-Type2;182417.0000;DATA;1612717424.277239
/ndn/h4-site/h4/C2Data-250-Type3;171197.0000;DATA;1612717427.037596
/ndn/h3-site/h3/C2Data-376-Type1;172155.0000;DATA;1612717427.876215
/ndn/v1-site/v1/C2Data-1897-Type3;151590.0000;DATA;1612717429.043371
/ndn/v5-site/v5/C2Data-627-Type4;284554.0000;DATA;1612717428.901086
/ndn/s1-site/s1/C2Data-2554-Type2;6003456.0000;TIMEOUT;1612717424.075599
/ndn/d6-site/d6/C2Data-402-Type4;233531.0000;DATA;1612717431.401429
/ndn/h9-site/h9/C2Data-555-Type3;98960.0000;DATA;1612717431.695288
/ndn/s4-site/s4/C2Data-2917-Type2;6000453.0000;TIMEOUT;1612717428.060097
/ndn/h3-site/h3/C2Data-77-Type4;194828.0000;DATA;1612717440.319089
/ndn/d4-site/d4/C2Data-352-Type4;104004.0000;DATA;1612717446.758231
/ndn/v1-site/v1/C2Data-527-Type4;154945.0000;DATA;1612717449.819763
/ndn/h6-site/h6/C2Data-740-Type2;226070.0000;DATA;1612717450.102459
/ndn/v6-site/v6/C2Data-652-Type4;213105.0000;DATA;1612717451.312292
/ndn/d3-site/d3/C2Data-327-Type4;248477.0000;DATA;1612717452.965821
/ndn/h1-site/h1/C2Data-135-Type1;169847.0000;DATA;1612717456.050875
/ndn/v9-site/v9/C2Data-2386-Type3;33810.0000;DATA;1612717470.500994
/ndn/h4-site/h4/C2Data-499-Type1;149814.0000;DATA;1612717477.548467
/ndn/h8-site/h8/C2Data-495-Type3;239994.0000;DATA;1612717477.670963
/ndn/v5-site/v5/C2Data-4250-Type2;274718.0000;DATA;1612717478.167872
/ndn/v4-site/v4/C2Data-602-Type4;265615.0000;DATA;1612717478.788494
/ndn/v8-site/v8/C2Data-4613-Type1;179739.0000;DATA;1612717479.473506
/ndn/d1-site/d1/C2Data-277-Type4;120681.0000;DATA;1612717480.041295
/ndn/d6-site/d6/C2Data-1951-Type1;229605.0000;DATA;1612717480.393950
/ndn/s4-site/s4/C2Data-1471-Type3;6000536.0000;TIMEOUT;1612717474.697125
/ndn/v2-site/v2/C2Data-3887-Type2;127946.0000;DATA;1612717482.503782
/ndn/s0-site/s0/C2Data-2435-Type1;6001265.0000;TIMEOUT;1612717477.691818
/ndn/d2-site/d2/C2Data-1467-Type1;57078.0000;DATA;1612717484.300242
/ndn/d1-site/d1/C2Data-678-Type3;131710.0000;DATA;1612717484.942021
/ndn/v0-site/v0/C2Data-3645-Type1;128409.0000;DATA;1612717485.593582
/ndn/d7-site/d7/C2Data-2072-Type1;131611.0000;DATA;1612717486.185204
/ndn/v8-site/v8/C2Data-2325-Type3;172423.0000;DATA;1612717486.962002
/ndn/h4-site/h4/C2Data-251-Type3;225218.0000;DATA;1612717489.840382
/ndn/s2-site/s2/C2Data-1349-Type3;6002385.0000;TIMEOUT;1612717484.984977
/ndn/v1-site/v1/C2Data-1898-Type3;261206.0000;DATA;1612717490.874306
/ndn/s9-site/s9/C2Data-3524-Type1;6001843.0000;TIMEOUT;1612717486.055287
/ndn/v0-site/v0/C2Data-1837-Type3;154216.0000;DATA;1612717493.349201
/ndn/s8-site/s8/C2Data-1715-Type3;6001226.0000;TIMEOUT;1612717488.999143
/ndn/s9-site/s9/C2Data-1776-Type3;6003476.0000;TIMEOUT;1612717492.673416
/ndn/d6-site/d6/C2Data-1952-Type2;234912.0000;DATA;1612717509.871882
/ndn/h7-site/h7/C2Data-863-Type2;169355.0000;DATA;1612717510.879038
/ndn/v0-site/v0/C2Data-3646-Type2;142041.0000;DATA;1612717512.402430
/ndn/d3-site/d3/C2Data-1589-Type2;255641.0000;DATA;1612717512.358959
/ndn/d5-site/d5/C2Data-1831-Type2;25224.0000;DATA;1612717513.628934
/ndn/d1-site/d1/C2Data-1347-Type1;120289.0000;DATA;1612717513.606642
/ndn/v8-site/v8/C2Data-4614-Type1;193647.0000;DATA;1612717515.655164
/ndn/d3-site/d3/C2Data-801-Type3;254412.0000;DATA;1612717536.706879
/ndn/d5-site/d5/C2Data-1832-Type1;25935.0000;DATA;1612717537.398620
/ndn/v6-site/v6/C2Data-182-Type6;211073.0000;DATA;1612717540.327027
/ndn/h0-site/h0/C2Data-17-Type2;48886.0000;DATA;1612717542.597959
/ndn/s4-site/s4/C2Data-1472-Type3;6003979.0000;TIMEOUT;1612717537.328964
/ndn/d1-site/d1/C2Data-1348-Type2;132092.0000;DATA;1612717543.912715
/ndn/s0-site/s0/C2Data-2437-Type1;6003595.0000;TIMEOUT;1612717538.448452
/ndn/h9-site/h9/C2Data-63-Type6;72366.0000;DATA;1612717544.599114
/ndn/d4-site/d4/C2Data-1711-Type2;99579.0000;DATA;1612717545.645568
/ndn/s0-site/s0/C2Data-1228-Type3;6001265.0000;TIMEOUT;1612717542.155195
/ndn/h5-site/h5/C2Data-313-Type3;171184.0000;DATA;1612717550.092317
/ndn/s8-site/s8/C2Data-3405-Type2;6002828.0000;TIMEOUT;1612717547.181347
/ndn/d4-site/d4/C2Data-862-Type3;215918.0000;DATA;1612717554.297987
/ndn/v7-site/v7/C2Data-4495-Type1;98304.0000;DATA;1612717566.946259
/ndn/v0-site/v0/C2Data-3648-Type2;136118.0000;DATA;1612717570.653775
/ndn/h5-site/h5/C2Data-623-Type1;160987.0000;DATA;1612717572.625409
/ndn/d0-site/d0/C2Data-1228-Type2;236043.0000;DATA;1612717572.918452
/ndn/d3-site/d3/C2Data-328-Type4;250684.0000;DATA;1612717574.348590
/ndn/h9-site/h9/C2Data-1107-Type2;75824.0000;DATA;1612717575.714199
/ndn/s5-site/s5/C2Data-3043-Type1;6000458.0000;TIMEOUT;1612717571.250172
/ndn/h1-site/h1/C2Data-139-Type2;176822.0000;DATA;1612717578.038292
/ndn/s3-site/s3/C2Data-2801-Type2;6001187.0000;TIMEOUT;1612717573.551958
/ndn/s5-site/s5/C2Data-3043-Type2;6001285.0000;TIMEOUT;1612717575.187959
/ndn/v1-site/v1/C2Data-528-Type4;151198.0000;DATA;1612717583.202237
/ndn/d3-site/d3/C2Data-91-Type6;257439.0000;DATA;1612717590.191204
/ndn/h9-site/h9/C2Data-558-Type3;79929.0000;DATA;1612717590.959290
/ndn/v3-site/v3/C2Data-578-Type4;24725.0000;DATA;1612717593.777470
/ndn/d4-site/d4/C2Data-863-Type3;109888.0000;DATA;1612717593.813663
/ndn/h4-site/h4/C2Data-253-Type3;152701.0000;DATA;1612717594.160138
/ndn/h8-site/h8/C2Data-203-Type4;204548.0000;DATA;1612717594.590651
/ndn/d4-site/d4/C2Data-1713-Type2;111173.0000;DATA;1612717596.516996
/ndn/v9-site/v9/C2Data-2388-Type3;28230.0000;DATA;1612717598.021713
/ndn/d3-site/d3/C2Data-1592-Type2;257697.0000;DATA;1612717599.213843
/ndn/s6-site/s6/C2Data-1595-Type3;6000772.0000;TIMEOUT;1612717596.280657
