/ndn/d7-site/d7/C2Data-2057-Type1;103804.0000;DATA;1612714524.921790
/ndn/d4-site/d4/C2Data-1694-Type1;101840.0000;DATA;1612714526.066024
/ndn/d3-site/d3/C2Data-1573-Type2;267829.0000;DATA;1612714526.719361
/ndn/h4-site/h4/C2Data-484-Type2;102718.0000;DATA;1612714528.600017
/ndn/v1-site/v1/C2Data-3751-Type2;168251.0000;DATA;1612714529.612070
/ndn/v8-site/v8/C2Data-4598-Type2;198840.0000;DATA;1612714530.512138
/ndn/h1-site/h1/C2Data-121-Type1;166537.0000;DATA;1612714531.218946
/ndn/v5-site/v5/C2Data-4235-Type1;305278.0000;DATA;1612714531.202850
/ndn/s7-site/s7/C2Data-3267-Type1;73841.0000;DATA;1612714532.857699
/ndn/h8-site/h8/C2Data-968-Type1;143330.0000;DATA;1612714533.622175
/ndn/s1-site/s1/C2Data-2541-Type1;23788.0000;DATA;1612714533.959285
/ndn/v6-site/v6/C2Data-4356-Type1;198113.0000;DATA;1612714533.973032
/ndn/d2-site/d2/C2Data-1452-Type1;47858.0000;DATA;1612714536.117775
/ndn/s9-site/s9/C2Data-1769-Type3;321339.0000;DATA;1612714549.387471
/ndn/h3-site/h3/C2Data-183-Type3;134356.0000;DATA;1612714550.740168
/ndn/d1-site/d1/C2Data-671-Type3;132842.0000;DATA;1612714551.772732
/ndn/h5-site/h5/C2Data-606-Type1;272143.0000;DATA;1612714555.063341
/ndn/h6-site/h6/C2Data-727-Type2;159349.0000;DATA;1612714555.705998
/ndn/h8-site/h8/C2Data-488-Type3;24462.0000;DATA;1612714558.331967
/ndn/v7-site/v7/C2Data-4478-Type1;77446.0000;DATA;1612714559.822618
/ndn/d4-site/d4/C2Data-1695-Type1;98122.0000;DATA;1612714560.037814
/ndn/v8-site/v8/C2Data-2318-Type3;150374.0000;DATA;1612714560.518588
/ndn/d9-site/d9/C2Data-1159-Type3;25157.0000;DATA;1612714561.098472
/ndn/h5-site/h5/C2Data-305-Type3;98730.0000;DATA;1612714563.980568
/ndn/d2-site/d2/C2Data-1453-Type2;63676.0000;DATA;1612714564.082123
/ndn/h4-site/h4/C2Data-244-Type3;98131.0000;DATA;1612714564.909794
/ndn/s0-site/s0/C2Data-1220-Type3;29817.0000;DATA;1612714569.981811
/ndn/v7-site/v7/C2Data-2257-Type3;30616.0000;DATA;1612714570.478362
/ndn/h9-site/h9/C2Data-549-Type3;26336.0000;DATA;1612714570.939336
/ndn/d9-site/d9/C2Data-2301-Type1;25334.0000;DATA;1612714586.071195
/ndn/h5-site/h5/C2Data-607-Type1;145501.0000;DATA;1612714586.470377
/ndn/s2-site/s2/C2Data-2664-Type2;282939.0000;DATA;1612714589.330176
/ndn/v9-site/v9/C2Data-4721-Type2;26258.0000;DATA;1612714591.030255
/ndn/v8-site/v8/C2Data-4600-Type2;201235.0000;DATA;1612714592.333443
/ndn/v7-site/v7/C2Data-4479-Type2;75294.0000;DATA;1612714592.705074
/ndn/s9-site/s9/C2Data-3511-Type2;260042.0000;DATA;1612714592.810350
/ndn/v6-site/v6/C2Data-4358-Type2;179853.0000;DATA;1612714593.545395
/ndn/d9-site/d9/C2Data-2301-Type2;27798.0000;DATA;1612714594.730479
/ndn/d6-site/d6/C2Data-1938-Type2;98557.0000;DATA;1612714594.838440
/ndn/v3-site/v3/C2Data-2014-Type3;30534.0000;DATA;1612714614.760512
/ndn/h4-site/h4/C2Data-245-Type3;74924.0000;DATA;1612714616.221998
/ndn/v4-site/v4/C2Data-4117-Type2;52612.0000;DATA;1612714618.769955
/ndn/s7-site/s7/C2Data-3270-Type2;81608.0000;DATA;1612714619.174029
/ndn/d3-site/d3/C2Data-1576-Type2;272547.0000;DATA;1612714622.037197
/ndn/s1-site/s1/C2Data-2544-Type2;272025.0000;DATA;1612714622.346259
/ndn/v4-site/v4/C2Data-600-Type4;369515.0000;DATA;1612714623.443024
/ndn/d2-site/d2/C2Data-733-Type3;52490.0000;DATA;1612714625.186999
/ndn/s7-site/s7/C2Data-3270-Type1;75395.0000;DATA;1612714625.459055
/ndn/h5-site/h5/C2Data-125-Type4;154651.0000;DATA;1612714625.949883
/ndn/v6-site/v6/C2Data-2197-Type3;24088.0000;DATA;1612714630.333743
/ndn/h0-site/h0/C2Data-1-Type3;37189.0000;DATA;1612714630.807648
/ndn/s1-site/s1/C2Data-1282-Type3;28429.0000;DATA;1612714631.363732
/ndn/s5-site/s5/C2Data-1526-Type3;28519.0000;DATA;1612714631.982891
/ndn/v9-site/v9/C2Data-725-Type4;63941.0000;DATA;1612714644.078615
/ndn/v9-site/v9/C2Data-4723-Type1;26911.0000;DATA;1612714645.239981
/ndn/v1-site/v1/C2Data-3755-Type1;161083.0000;DATA;1612714645.275080
/ndn/s7-site/s7/C2Data-3271-Type2;74062.0000;DATA;1612714647.105254
/ndn/d1-site/d1/C2Data-1335-Type2;25985.0000;DATA;1612714647.694140
/ndn/d7-site/d7/C2Data-2061-Type2;101811.0000;DATA;1612714647.569514
/ndn/d0-site/d0/C2Data-1214-Type2;220657.0000;DATA;1612714648.037111
/ndn/d3-site/d3/C2Data-1577-Type2;301754.0000;DATA;1612714648.677377
/ndn/s1-site/s1/C2Data-2545-Type1;232136.0000;DATA;1612714651.867550
/ndn/h4-site/h4/C2Data-100-Type4;158501.0000;DATA;1612714652.279797
/ndn/s0-site/s0/C2Data-2424-Type2;123320.0000;DATA;1612714655.464947
/ndn/h1-site/h1/C2Data-125-Type1;154373.0000;DATA;1612714656.053444
/ndn/d6-site/d6/C2Data-400-Type4;131376.0000;DATA;1612714658.605051
/ndn/h7-site/h7/C2Data-175-Type4;153256.0000;DATA;1612714659.735145
/ndn/d1-site/d1/C2Data-275-Type4;123514.0000;DATA;1612714664.804204
/ndn/d8-site/d8/C2Data-450-Type4;50682.0000;DATA;1612714665.492835
/ndn/v8-site/v8/C2Data-700-Type4;172902.0000;DATA;1612714673.214995
/ndn/h5-site/h5/C2Data-610-Type2;148929.0000;DATA;1612714675.481143
/ndn/v9-site/v9/C2Data-4724-Type1;29441.0000;DATA;1612714677.453306
/ndn/d2-site/d2/C2Data-1457-Type1;48085.0000;DATA;1612714677.566969
/ndn/h3-site/h3/C2Data-368-Type1;101527.0000;DATA;1612714677.610102
/ndn/d0-site/d0/C2Data-612-Type3;75072.0000;DATA;1612714679.431495
/ndn/h1-site/h1/C2Data-126-Type2;149821.0000;DATA;1612714679.820047
/ndn/d8-site/d8/C2Data-2183-Type1;49831.0000;DATA;1612714680.201017
/ndn/h2-site/h2/C2Data-124-Type3;25740.0000;DATA;1612714681.065802
/ndn/d2-site/d2/C2Data-1457-Type2;55151.0000;DATA;1612714684.378962
/ndn/d7-site/d7/C2Data-2062-Type1;101797.0000;DATA;1612714684.345653
/ndn/s6-site/s6/C2Data-3151-Type2;48524.0000;DATA;1612714686.258047
/ndn/s1-site/s1/C2Data-2546-Type1;31788.0000;DATA;1612714686.604195
/ndn/s7-site/s7/C2Data-3272-Type2;70396.0000;DATA;1612714686.632063
/ndn/v0-site/v0/C2Data-1832-Type3;180945.0000;DATA;1612714688.022456
/ndn/s4-site/s4/C2Data-1466-Type3;27155.0000;DATA;1612714691.266130
/ndn/s8-site/s8/C2Data-1710-Type3;31494.0000;DATA;1612714691.858527
/ndn/v9-site/v9/C2Data-4725-Type2;30581.0000;DATA;1612714705.767900
/ndn/s2-site/s2/C2Data-2668-Type1;26587.0000;DATA;1612714706.331247
/ndn/v6-site/v6/C2Data-4362-Type1;220803.0000;DATA;1612714707.187600
/ndn/v1-site/v1/C2Data-3757-Type2;201185.0000;DATA;1612714709.499172
/ndn/h2-site/h2/C2Data-248-Type1;179567.0000;DATA;1612714710.353246
/ndn/v8-site/v8/C2Data-4604-Type2;164248.0000;DATA;1612714712.653104
/ndn/h0-site/h0/C2Data-6-Type2;24986.0000;DATA;1612714716.191488
/ndn/s6-site/s6/C2Data-1589-Type3;54489.0000;DATA;1612714729.408097
/ndn/v3-site/v3/C2Data-2016-Type3;66198.0000;DATA;1612714731.138168
/ndn/h4-site/h4/C2Data-247-Type3;146387.0000;DATA;1612714731.586005
/ndn/d7-site/d7/C2Data-1040-Type3;39774.0000;DATA;1612714734.614549
/ndn/s5-site/s5/C2Data-1528-Type3;118962.0000;DATA;1612714735.977102
/ndn/s7-site/s7/C2Data-3274-Type1;84749.0000;DATA;1612714736.760012
/ndn/v3-site/v3/C2Data-4000-Type2;26733.0000;DATA;1612714736.854278
/ndn/s4-site/s4/C2Data-1467-Type3;96055.0000;DATA;1612714737.040659
/ndn/d7-site/d7/C2Data-2064-Type2;56510.0000;DATA;1612714740.678257
/ndn/h5-site/h5/C2Data-308-Type3;154294.0000;DATA;1612714741.136006
/ndn/h5-site/h5/C2Data-612-Type2;77678.0000;DATA;1612714742.075619
/ndn/v1-site/v1/C2Data-1894-Type3;74117.0000;DATA;1612714742.167778
/ndn/d8-site/d8/C2Data-2185-Type2;24069.0000;DATA;1612714743.174971
/ndn/v9-site/v9/C2Data-4726-Type1;24613.0000;DATA;1612714743.752004
/ndn/v3-site/v3/C2Data-4000-Type1;32321.0000;DATA;1612714744.681109
/ndn/d3-site/d3/C2Data-1580-Type1;124361.0000;DATA;1612714744.914433
/ndn/d1-site/d1/C2Data-1338-Type2;60618.0000;DATA;1612714746.566975
/ndn/d9-site/d9/C2Data-1162-Type3;28393.0000;DATA;1612714746.829053
/ndn/h2-site/h2/C2Data-125-Type3;193426.0000;DATA;1612714747.222792
/ndn/s3-site/s3/C2Data-1406-Type3;135264.0000;DATA;1612714748.376098
/ndn/d1-site/d1/C2Data-143-Type5;118586.0000;DATA;1612714748.875151
/ndn/h6-site/h6/C2Data-369-Type3;115809.0000;DATA;1612714751.519610
/ndn/v5-site/v5/C2Data-2138-Type3;69468.0000;DATA;1612714752.071465
/ndn/d0-site/d0/C2Data-130-Type5;262118.0000;DATA;1612714762.718035
/ndn/d1-site/d1/C2Data-1339-Type2;131175.0000;DATA;1612714765.801142
/ndn/s5-site/s5/C2Data-3033-Type1;214070.0000;DATA;1612714767.635456
/ndn/s2-site/s2/C2Data-2670-Type1;50457.0000;DATA;1612714768.532317
/ndn/h2-site/h2/C2Data-250-Type1;181551.0000;DATA;1612714768.709022
/ndn/d9-site/d9/C2Data-2307-Type1;30915.0000;DATA;1612714770.433963
/ndn/s2-site/s2/C2Data-2670-Type2;176893.0000;DATA;1612714770.755334
/ndn/h4-site/h4/C2Data-492-Type1;172684.0000;DATA;1612714771.776116
/ndn/d2-site/d2/C2Data-156-Type5;58514.0000;DATA;1612714777.112048
/ndn/v4-site/v4/C2Data-601-Type4;468588.0000;DATA;1612714781.117242
/ndn/v9-site/v9/C2Data-377-Type5;30791.0000;DATA;1612714784.322541
/ndn/d3-site/d3/C2Data-326-Type4;54039.0000;DATA;1612714784.602666
/ndn/h8-site/h8/C2Data-104-Type5;79702.0000;DATA;1612714784.826031
/ndn/h8-site/h8/C2Data-201-Type4;88265.0000;DATA;1612714785.056945
/ndn/h0-site/h0/C2Data-0-Type5;26828.0000;DATA;1612714788.746620
/ndn/v0-site/v0/C2Data-1834-Type3;137678.0000;DATA;1612714791.895088
/ndn/h5-site/h5/C2Data-309-Type3;73174.0000;DATA;1612714796.077194
/ndn/v0-site/v0/C2Data-501-Type4;74250.0000;DATA;1612714796.864012
/ndn/v1-site/v1/C2Data-3760-Type2;161017.0000;DATA;1612714797.434493
/ndn/d3-site/d3/C2Data-1582-Type1;27584.0000;DATA;1612714799.566879
/ndn/h7-site/h7/C2Data-431-Type3;100556.0000;DATA;1612714800.176638
/ndn/d7-site/d7/C2Data-1041-Type3;39497.0000;DATA;1612714800.887174
/ndn/s5-site/s5/C2Data-3034-Type1;190143.0000;DATA;1612714800.921897
/ndn/d2-site/d2/C2Data-736-Type3;49319.0000;DATA;1612714801.233387
/ndn/s6-site/s6/C2Data-3155-Type1;31026.0000;DATA;1612714802.081413
/ndn/h4-site/h4/C2Data-493-Type1;175528.0000;DATA;1612714802.831232
/ndn/d6-site/d6/C2Data-1945-Type2;74195.0000;DATA;1612714803.919969
/ndn/d6-site/d6/C2Data-980-Type3;103039.0000;DATA;1612714804.266744
/ndn/s8-site/s8/C2Data-1712-Type3;106066.0000;DATA;1612714804.312931
/ndn/h1-site/h1/C2Data-26-Type4;145480.0000;DATA;1612714804.376068
/ndn/v2-site/v2/C2Data-3881-Type1;128296.0000;DATA;1612714805.172958
/ndn/v9-site/v9/C2Data-726-Type4;25407.0000;DATA;1612714806.323298
/ndn/d0-site/d0/C2Data-251-Type4;128609.0000;DATA;1612714806.550674
/ndn/h9-site/h9/C2Data-553-Type3;50711.0000;DATA;1612714811.121025
/ndn/d8-site/d8/C2Data-234-Type5;51365.0000;DATA;1612714814.028723
/ndn/h2-site/h2/C2Data-51-Type4;50051.0000;DATA;1612714821.058732
/ndn/v1-site/v1/C2Data-3761-Type2;156153.0000;DATA;1612714825.864687
/ndn/v0-site/v0/C2Data-3640-Type2;129405.0000;DATA;1612714827.319735
/ndn/d9-site/d9/C2Data-476-Type4;24294.0000;DATA;1612714829.415623
/ndn/d7-site/d7/C2Data-2067-Type2;28096.0000;DATA;1612714831.424695
/ndn/h5-site/h5/C2Data-615-Type2;89828.0000;DATA;1612714833.128184
/ndn/v9-site/v9/C2Data-4729-Type1;27978.0000;DATA;1612714833.948979
/ndn/d4-site/d4/C2Data-1704-Type1;97363.0000;DATA;1612714834.197453
/ndn/s9-site/s9/C2Data-3519-Type1;26325.0000;DATA;1612714834.464507
/ndn/s7-site/s7/C2Data-3277-Type2;86936.0000;DATA;1612714836.589990
/ndn/h7-site/h7/C2Data-432-Type3;229180.0000;DATA;1612714850.215615
/ndn/d3-site/d3/C2Data-798-Type3;264210.0000;DATA;1612714854.762821
/ndn/h0-site/h0/C2Data-11-Type1;49608.0000;DATA;1612714856.132065
/ndn/d8-site/d8/C2Data-2189-Type2;51179.0000;DATA;1612714858.037621
/ndn/v5-site/v5/C2Data-4246-Type1;266228.0000;DATA;1612714858.223906
/ndn/d8-site/d8/C2Data-2189-Type1;51267.0000;DATA;1612714863.464384
/ndn/d7-site/d7/C2Data-1042-Type3;24911.0000;DATA;1612714863.506411
/ndn/v4-site/v4/C2Data-4125-Type1;289795.0000;DATA;1612714864.382646
/ndn/s2-site/s2/C2Data-1347-Type3;197666.0000;DATA;1612714866.849017
/ndn/d6-site/d6/C2Data-981-Type3;37074.0000;DATA;1612714869.231140
/ndn/s6-site/s6/C2Data-1591-Type3;60293.0000;DATA;1612714869.577739
/ndn/v0-site/v0/C2Data-1835-Type3;25749.0000;DATA;1612714869.824104
/ndn/d2-site/d2/C2Data-1464-Type2;62181.0000;DATA;1612714885.131357
/ndn/d9-site/d9/C2Data-2311-Type2;30687.0000;DATA;1612714885.944761
/ndn/h3-site/h3/C2Data-375-Type2;181812.0000;DATA;1612714886.041307
/ndn/s3-site/s3/C2Data-2795-Type2;75955.0000;DATA;1612714889.014845
/ndn/s8-site/s8/C2Data-3400-Type2;157770.0000;DATA;1612714889.840136
/ndn/s6-site/s6/C2Data-3158-Type2;83465.0000;DATA;1612714890.166168
/ndn/s5-site/s5/C2Data-3037-Type2;165766.0000;DATA;1612714892.663008
/ndn/d2-site/d2/C2Data-1464-Type1;49341.0000;DATA;1612714894.634511
/ndn/d8-site/d8/C2Data-2190-Type1;47924.0000;DATA;1612714896.461071
/ndn/h9-site/h9/C2Data-1101-Type2;48912.0000;DATA;1612714896.545117
/ndn/h7-site/h7/C2Data-433-Type3;149101.0000;DATA;1612714913.143171
/ndn/v6-site/v6/C2Data-2202-Type3;283290.0000;DATA;1612714914.371963
/ndn/d4-site/d4/C2Data-860-Type3;106561.0000;DATA;1612714914.785190
/ndn/d8-site/d8/C2Data-2191-Type2;65156.0000;DATA;1612714915.725572
/ndn/s2-site/s2/C2Data-2675-Type1;200995.0000;DATA;1612714916.989098
/ndn/v2-site/v2/C2Data-3885-Type2;50266.0000;DATA;1612714917.854695
/ndn/d4-site/d4/C2Data-1707-Type2;95676.0000;DATA;1612714918.205970
/ndn/d2-site/d2/C2Data-1465-Type2;52929.0000;DATA;1612714918.338031
/ndn/s2-site/s2/C2Data-1348-Type3;28849.0000;DATA;1612714919.219295
/ndn/s0-site/s0/C2Data-1226-Type3;6002022.0000;TIMEOUT;1612714913.748276
/ndn/v2-site/v2/C2Data-3885-Type1;127926.0000;DATA;1612714920.794464
/ndn/d9-site/d9/C2Data-2312-Type2;28060.0000;DATA;1612714922.027126
/ndn/s5-site/s5/C2Data-1531-Type3;6003605.0000;TIMEOUT;1612714917.818260
/ndn/v0-site/v0/C2Data-3643-Type1;125570.0000;DATA;1612714925.022203
/ndn/v1-site/v1/C2Data-3764-Type2;184245.0000;DATA;1612714925.908007
/ndn/v0-site/v0/C2Data-1836-Type3;124477.0000;DATA;1612714926.210949
/ndn/v3-site/v3/C2Data-4006-Type1;26923.0000;DATA;1612714926.662655
/ndn/s2-site/s2/C2Data-2675-Type2;6000642.0000;TIMEOUT;1612714921.412391
/ndn/s6-site/s6/C2Data-3159-Type2;6001071.0000;TIMEOUT;1612714921.439019
/ndn/s8-site/s8/C2Data-3401-Type1;6003300.0000;TIMEOUT;1612714921.718026
/ndn/s8-site/s8/C2Data-3401-Type2;6002389.0000;TIMEOUT;1612714922.235037
/ndn/s1-site/s1/C2Data-1287-Type3;6000712.0000;TIMEOUT;1612714923.023035
/ndn/d8-site/d8/C2Data-452-Type4;154417.0000;DATA;1612714936.424846
/ndn/d6-site/d6/C2Data-402-Type4;82452.0000;DATA;1612714936.589870
/ndn/s7-site/s7/C2Data-1653-Type3;6002996.0000;TIMEOUT;1612714931.153044
/ndn/s4-site/s4/C2Data-1470-Type3;6002747.0000;TIMEOUT;1612714931.586942
/ndn/v4-site/v4/C2Data-602-Type4;722762.0000;DATA;1612714937.955832
/ndn/v7-site/v7/C2Data-4491-Type2;84284.0000;DATA;1612714945.310690
/ndn/d7-site/d7/C2Data-2071-Type1;124041.0000;DATA;1612714946.931899
/ndn/v6-site/v6/C2Data-4370-Type1;181754.0000;DATA;1612714947.668193
/ndn/d3-site/d3/C2Data-1587-Type2;245630.0000;DATA;1612714947.912078
/ndn/d0-site/d0/C2Data-252-Type4;242039.0000;DATA;1612714948.356746
/ndn/d2-site/d2/C2Data-1466-Type1;51296.0000;DATA;1612714948.870679
/ndn/v6-site/v6/C2Data-652-Type4;52026.0000;DATA;1612714948.956012
/ndn/d1-site/d1/C2Data-1345-Type1;124594.0000;DATA;1612714955.193620
/ndn/s4-site/s4/C2Data-2918-Type2;6002620.0000;TIMEOUT;1612714951.135464
/ndn/h9-site/h9/C2Data-227-Type4;27815.0000;DATA;1612714966.192444
/ndn/d9-site/d9/C2Data-2314-Type1;25995.0000;DATA;1612714976.000194
/ndn/h4-site/h4/C2Data-251-Type3;155037.0000;DATA;1612714977.502796
/ndn/v9-site/v9/C2Data-4734-Type2;26697.0000;DATA;1612714977.937985
/ndn/v1-site/v1/C2Data-3766-Type1;148233.0000;DATA;1612714977.870204
/ndn/h7-site/h7/C2Data-862-Type1;168599.0000;DATA;1612714977.969600
/ndn/h6-site/h6/C2Data-741-Type2;225961.0000;DATA;1612714979.983934
/ndn/h5-site/h5/C2Data-620-Type2;149239.0000;DATA;1612714981.242800
/ndn/h3-site/h3/C2Data-378-Type1;175902.0000;DATA;1612714982.372321
/ndn/v6-site/v6/C2Data-2203-Type3;23839.0000;DATA;1612714982.979411
/ndn/h1-site/h1/C2Data-68-Type3;95678.0000;DATA;1612714982.969665
/ndn/s5-site/s5/C2Data-1532-Type3;6001455.0000;TIMEOUT;1612714977.644174
/ndn/h8-site/h8/C2Data-983-Type1;247950.0000;DATA;1612714985.119789
/ndn/s0-site/s0/C2Data-2435-Type2;6001540.0000;TIMEOUT;1612714980.913214
/ndn/s7-site/s7/C2Data-3282-Type2;6002015.0000;TIMEOUT;1612714980.951087
/ndn/s7-site/s7/C2Data-3282-Type1;6006345.0000;TIMEOUT;1612714983.154968
/ndn/s9-site/s9/C2Data-3524-Type1;6003439.0000;TIMEOUT;1612714984.129034
/ndn/v1-site/v1/C2Data-3767-Type1;174024.0000;DATA;1612715005.493878
/ndn/d3-site/d3/C2Data-1589-Type2;269429.0000;DATA;1612715009.442773
/ndn/h8-site/h8/C2Data-984-Type2;205075.0000;DATA;1612715012.270583
/ndn/v4-site/v4/C2Data-4130-Type2;121592.0000;DATA;1612715013.402803
/ndn/s5-site/s5/C2Data-3041-Type1;6005185.0000;TIMEOUT;1612715009.115997
/ndn/s7-site/s7/C2Data-3283-Type2;6000672.0000;TIMEOUT;1612715013.955047
/ndn/v2-site/v2/C2Data-1960-Type3;119499.0000;DATA;1612715030.205034
/ndn/v9-site/v9/C2Data-2387-Type3;31953.0000;DATA;1612715033.442712
/ndn/h8-site/h8/C2Data-496-Type3;172548.0000;DATA;1612715033.330558
/ndn/h2-site/h2/C2Data-130-Type3;178985.0000;DATA;1612715033.926808
/ndn/d9-site/d9/C2Data-2316-Type1;30184.0000;DATA;1612715035.652058
/ndn/v8-site/v8/C2Data-4615-Type1;176554.0000;DATA;1612715035.525958
/ndn/s2-site/s2/C2Data-1350-Type3;6004297.0000;TIMEOUT;1612715030.755722
/ndn/d7-site/d7/C2Data-2074-Type1;102932.0000;DATA;1612715037.903000
/ndn/s8-site/s8/C2Data-1716-Type3;6001457.0000;TIMEOUT;1612715035.455034
/ndn/v0-site/v0/C2Data-1838-Type3;81902.0000;DATA;1612715041.623265
/ndn/s3-site/s3/C2Data-2800-Type1;6000786.0000;TIMEOUT;1612715036.540042
/ndn/v9-site/v9/C2Data-4736-Type1;25463.0000;DATA;1612715042.731004
/ndn/s2-site/s2/C2Data-2679-Type2;6001330.0000;TIMEOUT;1612715037.682231
/ndn/h7-site/h7/C2Data-92-Type5;174374.0000;DATA;1612715044.330098
/ndn/v7-site/v7/C2Data-4494-Type2;75066.0000;DATA;1612715045.750639
/ndn/s1-site/s1/C2Data-1289-Type3;6001046.0000;TIMEOUT;1612715041.509411
/ndn/s6-site/s6/C2Data-1594-Type3;6001752.0000;TIMEOUT;1612715042.118970
/ndn/v7-site/v7/C2Data-2265-Type3;72490.0000;DATA;1612715048.369851
/ndn/s2-site/s2/C2Data-2679-Type1;6001413.0000;TIMEOUT;1612715043.670522
/ndn/s9-site/s9/C2Data-1777-Type3;6001236.0000;TIMEOUT;1612715044.631270
/ndn/v1-site/v1/C2Data-1899-Type3;109251.0000;DATA;1612715051.327549
/ndn/d6-site/d6/C2Data-112-Type6;90291.0000;DATA;1612715061.870773
/ndn/d4-site/d4/C2Data-1712-Type1;110631.0000;DATA;1612715067.048666
/ndn/h8-site/h8/C2Data-986-Type2;201033.0000;DATA;1612715070.423320
/ndn/d0-site/d0/C2Data-1228-Type2;215355.0000;DATA;1612715070.465404
/ndn/h1-site/h1/C2Data-28-Type4;151068.0000;DATA;1612715071.103083
/ndn/h0-site/h0/C2Data-18-Type1;51955.0000;DATA;1612715073.379145
/ndn/s5-site/s5/C2Data-3043-Type1;6000566.0000;TIMEOUT;1612715072.815233
/ndn/d9-site/d9/C2Data-248-Type5;29557.0000;DATA;1612715082.119512
/ndn/d1-site/d1/C2Data-278-Type4;129785.0000;DATA;1612715095.510743
/ndn/d6-site/d6/C2Data-985-Type3;96630.0000;DATA;1612715099.363979
/ndn/d1-site/d1/C2Data-1350-Type1;67558.0000;DATA;1612715100.162023
/ndn/d3-site/d3/C2Data-170-Type5;142441.0000;DATA;1612715100.487662
/ndn/v9-site/v9/C2Data-2388-Type3;25164.0000;DATA;1612715100.703130
