/C2Data/v1/C2Data-273-Type1;32338.0000;DATA;1609199277.168893
/C2Data/h0/C2Data-0-Type3;330180.0000;DATA;1609199319.999535
/C2Data/s1/C2Data-99-Type3;46944.0000;DATA;1609199321.312710
/C2Data/d2/C2Data-127-Type1;55882.0000;DATA;1609199322.823276
/C2Data/h0/C2Data-1-Type1;137890.0000;DATA;1609199326.508197
/C2Data/h1/C2Data-11-Type3;138665.0000;DATA;1609199328.228503
/C2Data/d3/C2Data-148-Type2;30894.0000;NACK;1609199335.655728
/C2Data/h2/C2Data-43-Type1;23539.0000;DATA;1609199335.737820
/C2Data/d1/C2Data-55-Type3;24390.0000;DATA;1609199339.940800
/C2Data/d0/C2Data-85-Type2;54980.0000;DATA;1609199346.022365
/C2Data/s3/C2Data-233-Type2;102800.0000;DATA;1609199383.719805
/C2Data/s3/C2Data-233-Type1;140170.0000;DATA;1609199397.993436
/C2Data/s0/C2Data-89-Type3;63663.0000;DATA;1609199442.581560
/C2Data/s1/C2Data-100-Type3;24001.0000;DATA;1609199443.699983
/C2Data/h1/C2Data-24-Type2;83106.0000;DATA;1609199450.036781
/C2Data/h3/C2Data-66-Type2;82478.0000;DATA;1609199453.830026
/C2Data/s2/C2Data-213-Type1;106644.0000;DATA;1609199458.293883
/C2Data/d0/C2Data-87-Type2;69480.0000;DATA;1609199459.614454
/C2Data/v1/C2Data-144-Type3;26138.0000;DATA;1609199469.566245
/C2Data/h3/C2Data-15-Type4;71997.0000;DATA;1609199499.861996
/C2Data/d1/C2Data-109-Type2;27138.0000;DATA;1609199503.817503
/C2Data/d0/C2Data-88-Type2;106979.0000;DATA;1609199504.007745
/C2Data/d2/C2Data-130-Type1;72233.0000;DATA;1609199506.142865
/C2Data/v1/C2Data-277-Type1;28618.0000;DATA;1609199507.912975
/C2Data/s1/C2Data-193-Type2;24121.0000;DATA;1609199511.812434
/C2Data/h0/C2Data-4-Type2;88980.0000;DATA;1609199525.127100
/C2Data/h3/C2Data-35-Type3;92813.0000;DATA;1609199561.864369
/C2Data/v1/C2Data-278-Type1;46512.0000;DATA;1609199563.338134
/C2Data/d2/C2Data-131-Type1;23423.0000;DATA;1609199569.133418
/C2Data/s1/C2Data-194-Type1;28287.0000;DATA;1609199569.898127
/C2Data/v1/C2Data-45-Type4;87488.0000;DATA;1609199572.467778
/C2Data/v1/C2Data-145-Type3;71881.0000;DATA;1609199576.508901
/C2Data/v2/C2Data-299-Type1;242932.0000;DATA;1609199582.888116
/C2Data/h2/C2Data-47-Type1;283812.0000;DATA;1609199584.228643
/C2Data/d0/C2Data-46-Type3;42158.0000;DATA;1609199594.221082
/C2Data/d3/C2Data-153-Type1;20974.0000;NACK;1609199637.136811
/C2Data/v2/C2Data-300-Type1;117707.0000;DATA;1609199638.927901
/C2Data/v1/C2Data-279-Type2;23557.0000;DATA;1609199639.484900
/C2Data/h3/C2Data-69-Type1;74679.0000;DATA;1609199644.963229
/C2Data/v1/C2Data-146-Type3;23479.0000;DATA;1609199674.573553
/C2Data/h2/C2Data-49-Type2;125456.0000;DATA;1609199688.748513
/C2Data/s3/C2Data-124-Type3;137298.0000;DATA;1609199688.883087
/C2Data/v2/C2Data-157-Type3;66894.0000;DATA;1609199717.214834
/C2Data/h1/C2Data-14-Type3;90832.0000;DATA;1609199718.125542
/C2Data/h2/C2Data-50-Type1;319221.0000;DATA;1609199752.565142
/C2Data/d3/C2Data-155-Type2;20889.0000;NACK;1609199754.011338
/C2Data/d0/C2Data-92-Type1;70119.0000;DATA;1609199763.801827
/C2Data/s2/C2Data-218-Type2;115880.0000;DATA;1609199764.086669
/C2Data/d2/C2Data-18-Type5;245466.0000;DATA;1609199772.467981
/C2Data/s1/C2Data-103-Type3;45360.0000;DATA;1609199791.862159
/C2Data/v0/C2Data-41-Type4;227531.0000;DATA;1609199792.686216
/C2Data/h3/C2Data-9-Type5;89544.0000;DATA;1609199795.512539
/C2Data/d0/C2Data-93-Type1;129980.0000;DATA;1609199806.565393
/C2Data/h0/C2Data-1-Type4;219545.0000;DATA;1609199808.233401
/C2Data/v1/C2Data-282-Type1;95595.0000;DATA;1609199810.775004
