/ndn/s3-site/s3/C2Data-2783-Type1;281294.0000;DATA;1612147340.875934
/ndn/v6-site/v6/C2Data-4356-Type2;215573.0000;DATA;1612147343.725630
/ndn/s0-site/s0/C2Data-2420-Type1;118716.0000;DATA;1612147344.209712
/ndn/d3-site/d3/C2Data-1573-Type1;218412.0000;DATA;1612147349.556024
/ndn/s4-site/s4/C2Data-2904-Type1;99684.0000;DATA;1612147350.785687
/ndn/d9-site/d9/C2Data-1159-Type3;57432.0000;DATA;1612147365.915452
/ndn/v0-site/v0/C2Data-1830-Type3;97786.0000;DATA;1612147369.051968
/ndn/h9-site/h9/C2Data-1090-Type1;92776.0000;DATA;1612147372.804928
/ndn/h8-site/h8/C2Data-488-Type3;9231.0000;DATA;1612147374.743704
/ndn/d4-site/d4/C2Data-1695-Type2;1974.0000;DATA;1612147375.652216
/ndn/d9-site/d9/C2Data-2300-Type1;49432.0000;DATA;1612147375.679584
/ndn/d1-site/d1/C2Data-671-Type3;1341.0000;DATA;1612147375.893287
/ndn/d4-site/d4/C2Data-854-Type3;24276.0000;DATA;1612147376.393821
/ndn/v8-site/v8/C2Data-4599-Type1;117919.0000;DATA;1612147376.582581
/ndn/h3-site/h3/C2Data-183-Type3;25089.0000;DATA;1612147377.910311
/ndn/h7-site/h7/C2Data-848-Type1;76364.0000;DATA;1612147378.195263
/ndn/v1-site/v1/C2Data-3752-Type2;97133.0000;DATA;1612147379.996799
/ndn/v4-site/v4/C2Data-4115-Type2;248802.0000;DATA;1612147381.009925
/ndn/s9-site/s9/C2Data-1769-Type3;79728.0000;DATA;1612147381.356061
/ndn/d6-site/d6/C2Data-976-Type3;28670.0000;DATA;1612147386.171613
/ndn/s0-site/s0/C2Data-1220-Type3;48648.0000;DATA;1612147387.927383
/ndn/d5-site/d5/C2Data-1817-Type2;49406.0000;DATA;1612147401.355522
/ndn/v8-site/v8/C2Data-4600-Type1;127577.0000;DATA;1612147401.279349
/ndn/v1-site/v1/C2Data-3753-Type1;96732.0000;DATA;1612147406.569409
/ndn/h1-site/h1/C2Data-123-Type2;45659.0000;DATA;1612147410.630039
/ndn/s3-site/s3/C2Data-2785-Type2;195140.0000;DATA;1612147411.861052
/ndn/s6-site/s6/C2Data-3149-Type2;26733.0000;DATA;1612147431.621100
/ndn/d5-site/d5/C2Data-1818-Type2;49133.0000;DATA;1612147431.725890
/ndn/s3-site/s3/C2Data-2786-Type1;223406.0000;DATA;1612147432.130046
/ndn/v0-site/v0/C2Data-1831-Type3;24760.0000;DATA;1612147432.346023
/ndn/v9-site/v9/C2Data-4722-Type1;32950.0000;DATA;1612147433.007043
/ndn/v3-site/v3/C2Data-3996-Type2;27106.0000;DATA;1612147433.074157
/ndn/d4-site/d4/C2Data-855-Type3;71276.0000;DATA;1612147433.662318
/ndn/s0-site/s0/C2Data-2423-Type2;175790.0000;DATA;1612147434.258980
/ndn/s9-site/s9/C2Data-3512-Type1;145655.0000;DATA;1612147434.393953
/ndn/v9-site/v9/C2Data-2380-Type3;25958.0000;DATA;1612147434.666182
/ndn/v3-site/v3/C2Data-3996-Type1;27374.0000;DATA;1612147435.281492
/ndn/d6-site/d6/C2Data-1939-Type2;103731.0000;DATA;1612147435.420372
