/ndn/s9-site/s9/C2Data-3509-Type1;153612.0000;DATA;1612146285.979914
/ndn/h2-site/h2/C2Data-242-Type2;139275.0000;DATA;1612146287.730068
/ndn/d5-site/d5/C2Data-1815-Type1;126264.0000;DATA;1612146288.278451
/ndn/h0-site/h0/C2Data-0-Type1;109673.0000;DATA;1612146289.717166
/ndn/h0-site/h0/C2Data-0-Type2;97864.0000;DATA;1612146289.841508
/ndn/d9-site/d9/C2Data-2299-Type2;120558.0000;DATA;1612146290.118892
/ndn/h3-site/h3/C2Data-363-Type2;97918.0000;DATA;1612146290.612780
/ndn/s8-site/s8/C2Data-3388-Type1;121832.0000;DATA;1612146290.781820
/ndn/v2-site/v2/C2Data-3872-Type1;174485.0000;DATA;1612146293.713385
/ndn/d8-site/d8/C2Data-2178-Type1;138204.0000;DATA;1612146296.636204
/ndn/v8-site/v8/C2Data-4598-Type1;51971.0000;DATA;1612146297.440619
/ndn/s0-site/s0/C2Data-1220-Type3;123587.0000;DATA;1612146311.753823
/ndn/h5-site/h5/C2Data-305-Type3;30373.0000;DATA;1612146313.005702
/ndn/d2-site/d2/C2Data-732-Type3;75940.0000;DATA;1612146316.142839
/ndn/v3-site/v3/C2Data-3994-Type2;106868.0000;DATA;1612146316.252410
/ndn/h8-site/h8/C2Data-969-Type2;77413.0000;DATA;1612146316.657915
/ndn/s7-site/s7/C2Data-1647-Type3;61222.0000;DATA;1612146319.360894
/ndn/d2-site/d2/C2Data-1453-Type1;93347.0000;DATA;1612146319.369039
/ndn/d3-site/d3/C2Data-793-Type3;172057.0000;DATA;1612146320.143710
/ndn/h7-site/h7/C2Data-848-Type1;64519.0000;DATA;1612146320.376394
/ndn/s9-site/s9/C2Data-1769-Type3;148103.0000;DATA;1612146320.473714
/ndn/h4-site/h4/C2Data-485-Type1;26033.0000;DATA;1612146321.113060
/ndn/s3-site/s3/C2Data-2784-Type2;120871.0000;DATA;1612146321.673926
/ndn/v7-site/v7/C2Data-2257-Type3;64011.0000;DATA;1612146321.927792
/ndn/d9-site/d9/C2Data-1159-Type3;126632.0000;DATA;1612146324.330897
/ndn/h1-site/h1/C2Data-122-Type2;25253.0000;DATA;1612146325.407447
/ndn/d1-site/d1/C2Data-671-Type3;245674.0000;DATA;1612146333.155212
/ndn/v7-site/v7/C2Data-4479-Type2;48759.0000;DATA;1612146346.185355
/ndn/h8-site/h8/C2Data-970-Type1;76190.0000;DATA;1612146347.045061
/ndn/d7-site/d7/C2Data-2059-Type1;170824.0000;DATA;1612146347.908636
/ndn/s5-site/s5/C2Data-3027-Type2;98459.0000;DATA;1612146349.966215
/ndn/h0-site/h0/C2Data-2-Type1;96085.0000;DATA;1612146353.915388
/ndn/v5-site/v5/C2Data-4237-Type1;172325.0000;DATA;1612146354.121979
/ndn/v7-site/v7/C2Data-2258-Type3;54201.0000;DATA;1612146370.953250
/ndn/v5-site/v5/C2Data-2136-Type3;243597.0000;DATA;1612146371.531252
/ndn/s4-site/s4/C2Data-1465-Type3;174220.0000;DATA;1612146371.870091
/ndn/h3-site/h3/C2Data-184-Type3;101139.0000;DATA;1612146373.866167
/ndn/h0-site/h0/C2Data-1-Type3;100829.0000;DATA;1612146374.765763
/ndn/d8-site/d8/C2Data-1099-Type3;124615.0000;DATA;1612146375.125585
/ndn/v8-site/v8/C2Data-2319-Type3;65674.0000;DATA;1612146375.534649
/ndn/h4-site/h4/C2Data-245-Type3;24732.0000;DATA;1612146375.723799
/ndn/d2-site/d2/C2Data-1455-Type2;101634.0000;DATA;1612146376.092514
/ndn/s2-site/s2/C2Data-1343-Type3;77944.0000;DATA;1612146379.364830
/ndn/d1-site/d1/C2Data-1334-Type1;168724.0000;DATA;1612146379.663459
/ndn/h1-site/h1/C2Data-124-Type1;45073.0000;DATA;1612146379.942913
/ndn/h8-site/h8/C2Data-971-Type2;75348.0000;DATA;1612146380.242581
/ndn/s6-site/s6/C2Data-3149-Type1;72536.0000;DATA;1612146381.336594
