/ndn/s0-site/s0/C2Data-2420-Type2;98349.0000;DATA;1612720359.779274
/ndn/v5-site/v5/C2Data-4235-Type2;146571.0000;DATA;1612720360.445661
/ndn/v7-site/v7/C2Data-4477-Type2;74477.0000;DATA;1612720361.511393
/ndn/v9-site/v9/C2Data-4719-Type2;121224.0000;DATA;1612720362.342870
/ndn/d8-site/d8/C2Data-2178-Type2;652090.0000;DATA;1612720362.735941
/ndn/v3-site/v3/C2Data-3993-Type1;139440.0000;DATA;1612720363.387123
/ndn/h8-site/h8/C2Data-968-Type1;58120.0000;DATA;1612720364.122098
/ndn/h6-site/h6/C2Data-726-Type1;62959.0000;DATA;1612720364.646849
/ndn/d6-site/d6/C2Data-1936-Type1;79835.0000;DATA;1612720364.760374
/ndn/v1-site/v1/C2Data-3751-Type2;90132.0000;DATA;1612720366.866968
/ndn/v9-site/v9/C2Data-4719-Type1;136017.0000;DATA;1612720367.221398
/ndn/h5-site/h5/C2Data-605-Type2;24030.0000;DATA;1612720367.756510
/ndn/v2-site/v2/C2Data-3872-Type1;223218.0000;DATA;1612720369.532491
/ndn/d2-site/d2/C2Data-1452-Type1;109807.0000;DATA;1612720370.247375
/ndn/h0-site/h0/C2Data-0-Type3;182389.0000;DATA;1612720383.878661
/ndn/v1-site/v1/C2Data-1891-Type3;52525.0000;DATA;1612720388.589190
/ndn/h7-site/h7/C2Data-848-Type1;25324.0000;DATA;1612720389.320261
/ndn/s4-site/s4/C2Data-2905-Type2;173770.0000;DATA;1612720390.580476
/ndn/v9-site/v9/C2Data-4720-Type1;129832.0000;DATA;1612720392.519360
/ndn/d9-site/d9/C2Data-2300-Type2;147438.0000;DATA;1612720392.573128
/ndn/s9-site/s9/C2Data-3510-Type2;123361.0000;DATA;1612720394.011236
/ndn/d6-site/d6/C2Data-1937-Type1;73852.0000;DATA;1612720394.743473
/ndn/d5-site/d5/C2Data-1816-Type1;149454.0000;DATA;1612720395.431545
/ndn/v2-site/v2/C2Data-3873-Type2;144016.0000;DATA;1612720395.453697
/ndn/s5-site/s5/C2Data-3026-Type1;72305.0000;DATA;1612720395.803982
/ndn/s8-site/s8/C2Data-1708-Type3;103450.0000;DATA;1612720396.214207
/ndn/s7-site/s7/C2Data-3268-Type1;77277.0000;DATA;1612720396.666749
/ndn/v9-site/v9/C2Data-2379-Type3;128862.0000;DATA;1612720398.365590
/ndn/v8-site/v8/C2Data-4599-Type1;26032.0000;DATA;1612720399.465213
/ndn/h1-site/h1/C2Data-123-Type1;50830.0000;DATA;1612720418.727160
/ndn/s2-site/s2/C2Data-2664-Type2;109486.0000;DATA;1612720419.017032
/ndn/v4-site/v4/C2Data-4116-Type2;149669.0000;DATA;1612720419.737313
/ndn/v6-site/v6/C2Data-4358-Type1;97427.0000;DATA;1612720420.233702
/ndn/s1-site/s1/C2Data-2543-Type1;157226.0000;DATA;1612720420.540503
/ndn/v5-site/v5/C2Data-4237-Type1;143096.0000;DATA;1612720421.261561
/ndn/s4-site/s4/C2Data-2906-Type1;171820.0000;DATA;1612720422.297636
/ndn/v5-site/v5/C2Data-4237-Type2;166294.0000;DATA;1612720422.987979
/ndn/s9-site/s9/C2Data-3511-Type1;130423.0000;DATA;1612720424.685564
/ndn/d0-site/d0/C2Data-1212-Type1;78977.0000;DATA;1612720425.149273
/ndn/h0-site/h0/C2Data-2-Type2;133670.0000;DATA;1612720425.445083
/ndn/d6-site/d6/C2Data-1938-Type2;83827.0000;DATA;1612720425.631427
/ndn/d7-site/d7/C2Data-2059-Type1;150226.0000;DATA;1612720426.539376
/ndn/h9-site/h9/C2Data-1091-Type2;176981.0000;DATA;1612720427.547738
/ndn/h2-site/h2/C2Data-244-Type1;117145.0000;DATA;1612720427.930660
/ndn/h1-site/h1/C2Data-62-Type3;62084.0000;DATA;1612720443.163775
/ndn/v0-site/v0/C2Data-1831-Type3;26164.0000;DATA;1612720443.839963
/ndn/h2-site/h2/C2Data-123-Type3;115645.0000;DATA;1612720445.559013
/ndn/v1-site/v1/C2Data-1892-Type3;65617.0000;DATA;1612720448.394941
/ndn/d2-site/d2/C2Data-1455-Type1;96076.0000;DATA;1612720448.629021
/ndn/h7-site/h7/C2Data-850-Type2;25889.0000;DATA;1612720448.715810
/ndn/s3-site/s3/C2Data-1404-Type3;107083.0000;DATA;1612720449.399174
/ndn/v1-site/v1/C2Data-3754-Type1;50118.0000;DATA;1612720449.955948
/ndn/d6-site/d6/C2Data-977-Type3;91779.0000;DATA;1612720451.229807
/ndn/d7-site/d7/C2Data-2060-Type1;153857.0000;DATA;1612720452.213733
/ndn/h0-site/h0/C2Data-3-Type2;121389.0000;DATA;1612720454.810370
/ndn/h0-site/h0/C2Data-1-Type3;122134.0000;DATA;1612720455.636503
/ndn/v4-site/v4/C2Data-600-Type4;142968.0000;DATA;1612720455.734683
/ndn/h9-site/h9/C2Data-1092-Type1;174167.0000;DATA;1612720455.710173
/ndn/s6-site/s6/C2Data-3149-Type1;96863.0000;DATA;1612720456.886482
/ndn/s1-site/s1/C2Data-1282-Type3;130972.0000;DATA;1612720458.639164
/ndn/h2-site/h2/C2Data-245-Type2;104066.0000;DATA;1612720459.310061
/ndn/v5-site/v5/C2Data-2136-Type3;156360.0000;DATA;1612720461.737198
/ndn/h3-site/h3/C2Data-184-Type3;73585.0000;DATA;1612720465.313441
/ndn/d4-site/d4/C2Data-855-Type3;63113.0000;DATA;1612720465.710918
/ndn/v1-site/v1/C2Data-525-Type4;117398.0000;DATA;1612720465.716052
/ndn/v6-site/v6/C2Data-2197-Type3;107400.0000;DATA;1612720465.971197
/ndn/v0-site/v0/C2Data-500-Type4;32321.0000;DATA;1612720468.015920
/ndn/v6-site/v6/C2Data-650-Type4;107070.0000;DATA;1612720473.185557
/ndn/s9-site/s9/C2Data-3513-Type2;133118.0000;DATA;1612720480.653979
/ndn/h5-site/h5/C2Data-609-Type1;24378.0000;DATA;1612720481.106012
/ndn/d4-site/d4/C2Data-1698-Type2;57207.0000;DATA;1612720482.610087
/ndn/d1-site/d1/C2Data-1335-Type1;138713.0000;DATA;1612720484.104266
/ndn/v8-site/v8/C2Data-700-Type4;25074.0000;DATA;1612720486.155956
/ndn/s4-site/s4/C2Data-2908-Type2;6004635.0000;TIMEOUT;1612720489.668037
/ndn/v2-site/v2/C2Data-550-Type4;200472.0000;DATA;1612720496.243860
/ndn/v1-site/v1/C2Data-1893-Type3;52265.0000;DATA;1612720506.107882
/ndn/h0-site/h0/C2Data-2-Type3;153515.0000;DATA;1612720506.364605
/ndn/h7-site/h7/C2Data-852-Type2;35854.0000;DATA;1612720512.044297
/ndn/h9-site/h9/C2Data-551-Type3;198800.0000;DATA;1612720516.929480
/ndn/v4-site/v4/C2Data-2076-Type3;160039.0000;DATA;1612720517.327374
/ndn/s8-site/s8/C2Data-3393-Type2;6000914.0000;TIMEOUT;1612720511.729390
/ndn/h5-site/h5/C2Data-307-Type3;26723.0000;DATA;1612720517.909845
/ndn/v2-site/v2/C2Data-1954-Type3;144814.0000;DATA;1612720518.167809
/ndn/v6-site/v6/C2Data-2198-Type3;108176.0000;DATA;1612720518.485996
/ndn/d0-site/d0/C2Data-1215-Type1;75681.0000;DATA;1612720518.599164
/ndn/h5-site/h5/C2Data-610-Type2;26088.0000;DATA;1612720520.275885
/ndn/s9-site/s9/C2Data-1771-Type3;6000923.0000;TIMEOUT;1612720514.696959
/ndn/s5-site/s5/C2Data-3030-Type2;6001088.0000;TIMEOUT;1612720518.373967
/ndn/h3-site/h3/C2Data-185-Type3;72346.0000;DATA;1612720524.366426
/ndn/d7-site/d7/C2Data-1039-Type3;164945.0000;DATA;1612720525.786769
/ndn/h3-site/h3/C2Data-369-Type2;83222.0000;DATA;1612720541.800130
/ndn/v1-site/v1/C2Data-3757-Type1;67314.0000;DATA;1612720541.897257
/ndn/d9-site/d9/C2Data-2305-Type1;149794.0000;DATA;1612720544.783641
/ndn/v2-site/v2/C2Data-3878-Type1;151608.0000;DATA;1612720546.200952
/ndn/d7-site/d7/C2Data-2063-Type2;187898.0000;DATA;1612720546.981381
/ndn/d0-site/d0/C2Data-1216-Type1;72230.0000;DATA;1612720547.787833
/ndn/h2-site/h2/C2Data-248-Type2;101964.0000;DATA;1612720548.275964
/ndn/s7-site/s7/C2Data-3273-Type1;6000942.0000;TIMEOUT;1612720543.588720
/ndn/v7-site/v7/C2Data-4483-Type2;77233.0000;DATA;1612720549.562163
/ndn/s1-site/s1/C2Data-2547-Type2;6006634.0000;TIMEOUT;1612720546.503991
/ndn/d6-site/d6/C2Data-979-Type3;73910.0000;DATA;1612720563.711434
/ndn/v5-site/v5/C2Data-2138-Type3;161980.0000;DATA;1612720565.800174
/ndn/d9-site/d9/C2Data-1162-Type3;189122.0000;DATA;1612720566.717138
/ndn/h8-site/h8/C2Data-491-Type3;54378.0000;DATA;1612720567.335727
/ndn/v9-site/v9/C2Data-2382-Type3;125517.0000;DATA;1612720568.933013
/ndn/v0-site/v0/C2Data-1833-Type3;26069.0000;DATA;1612720574.059519
/ndn/v7-site/v7/C2Data-4484-Type2;72287.0000;DATA;1612720574.987166
/ndn/v5-site/v5/C2Data-4242-Type1;147625.0000;DATA;1612720575.832016
/ndn/v9-site/v9/C2Data-377-Type5;125738.0000;DATA;1612720576.652179
/ndn/d0-site/d0/C2Data-1217-Type2;77522.0000;DATA;1612720577.300906
/ndn/s4-site/s4/C2Data-2911-Type1;6001517.0000;TIMEOUT;1612720573.032816
/ndn/s4-site/s4/C2Data-1467-Type3;6002157.0000;TIMEOUT;1612720573.195963
/ndn/s9-site/s9/C2Data-3516-Type1;6000881.0000;TIMEOUT;1612720573.760961
/ndn/v0-site/v0/C2Data-3637-Type1;26724.0000;DATA;1612720579.961127
/ndn/h7-site/h7/C2Data-430-Type3;25500.0000;DATA;1612720580.808579
/ndn/s7-site/s7/C2Data-1650-Type3;6000659.0000;TIMEOUT;1612720576.559166
/ndn/s0-site/s0/C2Data-2427-Type2;6005762.0000;TIMEOUT;1612720578.450610
/ndn/h6-site/h6/C2Data-78-Type5;53803.0000;DATA;1612720597.463596
/ndn/v1-site/v1/C2Data-3759-Type1;55793.0000;DATA;1612720599.018428
/ndn/h2-site/h2/C2Data-250-Type1;110341.0000;DATA;1612720601.199462
/ndn/v5-site/v5/C2Data-4243-Type1;151350.0000;DATA;1612720601.261460
/ndn/d9-site/d9/C2Data-2307-Type2;177226.0000;DATA;1612720604.437298
/ndn/h0-site/h0/C2Data-8-Type1;132007.0000;DATA;1612720605.315135
/ndn/v8-site/v8/C2Data-4606-Type2;27335.0000;DATA;1612720607.649921
/ndn/v2-site/v2/C2Data-3880-Type1;171764.0000;DATA;1612720608.311264
/ndn/h1-site/h1/C2Data-129-Type1;59481.0000;DATA;1612720608.860878
/ndn/v2-site/v2/C2Data-3880-Type2;163181.0000;DATA;1612720609.176020
/ndn/d9-site/d9/C2Data-2307-Type1;169754.0000;DATA;1612720609.623111
/ndn/s9-site/s9/C2Data-3517-Type2;6005273.0000;TIMEOUT;1612720607.367737
/ndn/s2-site/s2/C2Data-2670-Type1;6025606.0000;TIMEOUT;1612720608.826025
/ndn/d2-site/d2/C2Data-156-Type5;100466.0000;DATA;1612720615.856442
/ndn/s1-site/s1/C2Data-1285-Type3;6000425.0000;TIMEOUT;1612720624.620359
/ndn/d6-site/d6/C2Data-401-Type4;77119.0000;DATA;1612720630.655090
/ndn/d0-site/d0/C2Data-1219-Type1;79151.0000;DATA;1612720631.527929
/ndn/v7-site/v7/C2Data-676-Type4;72311.0000;DATA;1612720632.834835
/ndn/d3-site/d3/C2Data-797-Type3;138874.0000;DATA;1612720632.923462
/ndn/d9-site/d9/C2Data-2308-Type2;155534.0000;DATA;1612720634.054799
/ndn/d0-site/d0/C2Data-614-Type3;74781.0000;DATA;1612720634.187150
/ndn/d4-site/d4/C2Data-1703-Type1;50582.0000;DATA;1612720635.785669
/ndn/s3-site/s3/C2Data-2792-Type1;6000939.0000;TIMEOUT;1612720630.090771
/ndn/h2-site/h2/C2Data-251-Type2;96578.0000;DATA;1612720636.639213
/ndn/d4-site/d4/C2Data-1703-Type2;48683.0000;DATA;1612720637.938052
/ndn/v0-site/v0/C2Data-3639-Type2;30151.0000;DATA;1612720638.556251
/ndn/d7-site/d7/C2Data-1041-Type3;161614.0000;DATA;1612720639.023329
/ndn/d1-site/d1/C2Data-1340-Type1;133208.0000;DATA;1612720639.327730
/ndn/s9-site/s9/C2Data-3518-Type1;6001698.0000;TIMEOUT;1612720634.250884
/ndn/d2-site/d2/C2Data-736-Type3;99146.0000;DATA;1612720640.523135
/ndn/d5-site/d5/C2Data-919-Type3;149149.0000;DATA;1612720641.455829
/ndn/d9-site/d9/C2Data-1163-Type3;155657.0000;DATA;1612720641.844222
/ndn/v1-site/v1/C2Data-526-Type4;50644.0000;DATA;1612720643.391965
/ndn/v5-site/v5/C2Data-626-Type4;159554.0000;DATA;1612720644.437983
/ndn/s1-site/s1/C2Data-2550-Type1;6002670.0000;TIMEOUT;1612720639.124074
/ndn/v4-site/v4/C2Data-312-Type5;170111.0000;DATA;1612720645.387577
/ndn/v9-site/v9/C2Data-726-Type4;167949.0000;DATA;1612720645.772034
/ndn/s7-site/s7/C2Data-1651-Type3;6020321.0000;TIMEOUT;1612720641.629940
/ndn/d1-site/d1/C2Data-276-Type4;149163.0000;DATA;1612720647.577719
/ndn/s8-site/s8/C2Data-1712-Type3;6009803.0000;TIMEOUT;1612720642.765971
/ndn/s9-site/s9/C2Data-1773-Type3;6000878.0000;TIMEOUT;1612720644.350020
/ndn/h7-site/h7/C2Data-176-Type4;42732.0000;DATA;1612720657.073637
/ndn/v1-site/v1/C2Data-273-Type5;59492.0000;DATA;1612720657.358841
/ndn/v4-site/v4/C2Data-601-Type4;192605.0000;DATA;1612720658.009983
/ndn/v3-site/v3/C2Data-299-Type5;145577.0000;DATA;1612720658.724275
/ndn/v0-site/v0/C2Data-3640-Type1;27681.0000;DATA;1612720659.718807
/ndn/d8-site/d8/C2Data-2188-Type1;176443.0000;DATA;1612720659.672988
/ndn/v3-site/v3/C2Data-4003-Type1;125454.0000;DATA;1612720660.859034
/ndn/d1-site/d1/C2Data-1341-Type2;122385.0000;DATA;1612720667.128875
/ndn/d6-site/d6/C2Data-1946-Type1;77710.0000;DATA;1612720667.223984
/ndn/d2-site/d2/C2Data-1462-Type2;101680.0000;DATA;1612720667.831581
/ndn/s1-site/s1/C2Data-2551-Type2;6000413.0000;TIMEOUT;1612720662.049840
/ndn/d8-site/d8/C2Data-2188-Type2;156479.0000;DATA;1612720668.312987
/ndn/h5-site/h5/C2Data-615-Type1;30094.0000;DATA;1612720668.458149
/ndn/h3-site/h3/C2Data-39-Type5;85457.0000;DATA;1612720673.025031
/ndn/v4-site/v4/C2Data-2079-Type3;186213.0000;DATA;1612720684.396134
/ndn/d1-site/d1/C2Data-676-Type3;123138.0000;DATA;1612720688.355381
/ndn/v8-site/v8/C2Data-4609-Type1;44065.0000;DATA;1612720689.514730
/ndn/v5-site/v5/C2Data-2140-Type3;189919.0000;DATA;1612720696.852539
/ndn/d7-site/d7/C2Data-2068-Type2;150244.0000;DATA;1612720699.921113
/ndn/h0-site/h0/C2Data-5-Type3;125006.0000;DATA;1612720703.030344
/ndn/s2-site/s2/C2Data-2673-Type2;6002193.0000;TIMEOUT;1612720697.837258
/ndn/h3-site/h3/C2Data-188-Type3;76905.0000;DATA;1612720706.338303
/ndn/v0-site/v0/C2Data-1835-Type3;26584.0000;DATA;1612720706.440661
/ndn/v6-site/v6/C2Data-4368-Type2;94966.0000;DATA;1612720720.885941
/ndn/d9-site/d9/C2Data-2311-Type2;153598.0000;DATA;1612720720.954700
/ndn/d2-site/d2/C2Data-1464-Type1;98751.0000;DATA;1612720725.758257
/ndn/v3-site/v3/C2Data-4005-Type2;147633.0000;DATA;1612720725.872996
/ndn/d8-site/d8/C2Data-2190-Type1;148996.0000;DATA;1612720726.425650
/ndn/v0-site/v0/C2Data-3642-Type2;27581.0000;DATA;1612720726.813978
/ndn/v7-site/v7/C2Data-4489-Type1;73207.0000;DATA;1612720729.825151
/ndn/v4-site/v4/C2Data-4126-Type2;147524.0000;DATA;1612720729.782256
/ndn/s5-site/s5/C2Data-3037-Type2;6000829.0000;TIMEOUT;1612720725.459545
/ndn/d2-site/d2/C2Data-1465-Type1;106994.0000;DATA;1612720748.928409
/ndn/v0-site/v0/C2Data-3643-Type2;27709.0000;DATA;1612720749.978208
/ndn/h3-site/h3/C2Data-376-Type2;82710.0000;DATA;1612720750.206969
/ndn/v5-site/v5/C2Data-4248-Type2;156207.0000;DATA;1612720750.610846
/ndn/h2-site/h2/C2Data-128-Type3;107925.0000;DATA;1612720751.374133
/ndn/h5-site/h5/C2Data-311-Type3;27810.0000;DATA;1612720751.697632
/ndn/v2-site/v2/C2Data-1958-Type3;155250.0000;DATA;1612720752.496800
/ndn/h0-site/h0/C2Data-13-Type2;124536.0000;DATA;1612720754.475975
/ndn/s6-site/s6/C2Data-3159-Type2;6001516.0000;TIMEOUT;1612720748.977501
/ndn/d7-site/d7/C2Data-2070-Type2;146489.0000;DATA;1612720757.960892
/ndn/v8-site/v8/C2Data-4611-Type1;39600.0000;DATA;1612720758.301959
/ndn/v7-site/v7/C2Data-2263-Type3;81770.0000;DATA;1612720759.200180
/ndn/s8-site/s8/C2Data-3401-Type1;6001910.0000;TIMEOUT;1612720754.103252
/ndn/d2-site/d2/C2Data-1465-Type2;120412.0000;DATA;1612720760.272551
/ndn/s0-site/s0/C2Data-1226-Type3;6001484.0000;TIMEOUT;1612720755.059377
/ndn/s7-site/s7/C2Data-3280-Type1;6013640.0000;TIMEOUT;1612720755.761131
/ndn/s3-site/s3/C2Data-1409-Type3;6001164.0000;TIMEOUT;1612720756.813182
/ndn/d4-site/d4/C2Data-860-Type3;48554.0000;DATA;1612720762.986714
/ndn/v4-site/v4/C2Data-602-Type4;164699.0000;DATA;1612720763.919937
/ndn/h1-site/h1/C2Data-67-Type3;50895.0000;DATA;1612720766.225233
/ndn/s6-site/s6/C2Data-1592-Type3;6000629.0000;TIMEOUT;1612720766.449828
/ndn/v3-site/v3/C2Data-4007-Type1;128571.0000;DATA;1612720779.950951
/ndn/v6-site/v6/C2Data-652-Type4;97176.0000;DATA;1612720780.180985
/ndn/v5-site/v5/C2Data-4249-Type2;200429.0000;DATA;1612720780.667622
/ndn/h6-site/h6/C2Data-740-Type1;53057.0000;DATA;1612720781.523948
/ndn/s6-site/s6/C2Data-3160-Type1;6001040.0000;TIMEOUT;1612720784.054731
/ndn/s5-site/s5/C2Data-3039-Type2;6003081.0000;TIMEOUT;1612720784.884017
/ndn/s0-site/s0/C2Data-2434-Type1;6000697.0000;TIMEOUT;1612720787.318754
/ndn/v0-site/v0/C2Data-502-Type4;26061.0000;DATA;1612720798.039689
/ndn/d5-site/d5/C2Data-377-Type4;172807.0000;DATA;1612720801.504044
/ndn/s9-site/s9/C2Data-1776-Type3;6001605.0000;TIMEOUT;1612720802.611354
/ndn/d1-site/d1/C2Data-678-Type3;128486.0000;DATA;1612720808.814832
/ndn/v3-site/v3/C2Data-4008-Type1;137875.0000;DATA;1612720810.342335
/ndn/h9-site/h9/C2Data-1104-Type2;183466.0000;DATA;1612720814.063096
/ndn/v8-site/v8/C2Data-2325-Type3;25138.0000;DATA;1612720814.347961
/ndn/v7-site/v7/C2Data-2264-Type3;84040.0000;DATA;1612720814.422987
/ndn/d8-site/d8/C2Data-1105-Type3;143281.0000;DATA;1612720814.568114
/ndn/h2-site/h2/C2Data-257-Type2;101337.0000;DATA;1612720815.395637
/ndn/d9-site/d9/C2Data-1166-Type3;150502.0000;DATA;1612720816.678244
/ndn/h8-site/h8/C2Data-983-Type2;57732.0000;DATA;1612720817.049192
/ndn/s3-site/s3/C2Data-2798-Type2;6002766.0000;TIMEOUT;1612720811.192048
/ndn/d5-site/d5/C2Data-1830-Type2;150245.0000;DATA;1612720817.470229
/ndn/h6-site/h6/C2Data-741-Type1;59460.0000;DATA;1612720819.054195
/ndn/v9-site/v9/C2Data-4734-Type1;142145.0000;DATA;1612720819.756679
/ndn/d4-site/d4/C2Data-1709-Type2;56594.0000;DATA;1612720819.945792
/ndn/s5-site/s5/C2Data-3040-Type2;6001903.0000;TIMEOUT;1612720818.720121
/ndn/s5-site/s5/C2Data-1532-Type3;6039015.0000;TIMEOUT;1612720820.770625
/ndn/h5-site/h5/C2Data-621-Type2;24516.0000;DATA;1612720840.700101
/ndn/v3-site/v3/C2Data-4009-Type1;125522.0000;DATA;1612720840.949459
/ndn/h0-site/h0/C2Data-16-Type1;121748.0000;DATA;1612720841.774125
/ndn/d6-site/d6/C2Data-1952-Type2;81300.0000;DATA;1612720843.299976
/ndn/d9-site/d9/C2Data-2315-Type2;182054.0000;DATA;1612720843.914188
/ndn/s7-site/s7/C2Data-3283-Type1;6000636.0000;TIMEOUT;1612720841.051238
/ndn/s7-site/s7/C2Data-3283-Type2;6001497.0000;TIMEOUT;1612720841.733079
/ndn/s8-site/s8/C2Data-3404-Type2;6006122.0000;TIMEOUT;1612720842.954211
/ndn/h8-site/h8/C2Data-984-Type1;50606.0000;DATA;1612720849.053465
/ndn/h9-site/h9/C2Data-1105-Type2;189205.0000;DATA;1612720848.987540
/ndn/s2-site/s2/C2Data-2678-Type1;6001991.0000;TIMEOUT;1612720847.868807
/ndn/d4-site/d4/C2Data-98-Type6;51416.0000;DATA;1612720854.577213
/ndn/h1-site/h1/C2Data-69-Type3;60948.0000;DATA;1612720868.992969
/ndn/v5-site/v5/C2Data-2143-Type3;158110.0000;DATA;1612720871.585973
/ndn/s7-site/s7/C2Data-1655-Type3;6001380.0000;TIMEOUT;1612720866.538815
/ndn/v5-site/v5/C2Data-4252-Type1;153452.0000;DATA;1612720872.818991
/ndn/v2-site/v2/C2Data-3889-Type1;149179.0000;DATA;1612720876.207980
/ndn/v5-site/v5/C2Data-4252-Type2;147828.0000;DATA;1612720876.597931
/ndn/v8-site/v8/C2Data-4615-Type2;34303.0000;DATA;1612720878.455287
/ndn/v1-site/v1/C2Data-3768-Type2;51761.0000;DATA;1612720878.523347
/ndn/d1-site/d1/C2Data-77-Type6;139545.0000;DATA;1612720879.910226
/ndn/h1-site/h1/C2Data-138-Type1;54895.0000;DATA;1612720880.313011
/ndn/h0-site/h0/C2Data-1-Type5;132736.0000;DATA;1612720882.303327
/ndn/s6-site/s6/C2Data-3163-Type1;6002077.0000;TIMEOUT;1612720877.006626
/ndn/v2-site/v2/C2Data-154-Type6;182137.0000;DATA;1612720884.009001
/ndn/s4-site/s4/C2Data-1472-Type3;6001278.0000;TIMEOUT;1612720878.692521
/ndn/v3-site/v3/C2Data-2021-Type3;120322.0000;DATA;1612720885.069336
/ndn/s1-site/s1/C2Data-1289-Type3;6001171.0000;TIMEOUT;1612720880.438661
/ndn/s2-site/s2/C2Data-1350-Type3;6001003.0000;TIMEOUT;1612720880.792622
/ndn/d2-site/d2/C2Data-84-Type6;130726.0000;DATA;1612720891.115909
/ndn/h8-site/h8/C2Data-986-Type1;51259.0000;DATA;1612720899.518913
/ndn/s3-site/s3/C2Data-2801-Type1;6001837.0000;TIMEOUT;1612720899.025162
/ndn/s9-site/s9/C2Data-3527-Type2;6000921.0000;TIMEOUT;1612720900.161495
/ndn/d6-site/d6/C2Data-1954-Type2;73868.0000;DATA;1612720906.412936
/ndn/v5-site/v5/C2Data-4253-Type1;157109.0000;DATA;1612720908.678493
/ndn/s3-site/s3/C2Data-2801-Type2;6000891.0000;TIMEOUT;1612720903.165023
/ndn/h8-site/h8/C2Data-105-Type5;53563.0000;DATA;1612720910.344169
/ndn/h8-site/h8/C2Data-203-Type4;54495.0000;DATA;1612720919.080388
/ndn/v2-site/v2/C2Data-287-Type5;212439.0000;DATA;1612720919.070956
/ndn/v9-site/v9/C2Data-378-Type5;144516.0000;DATA;1612720925.020911
/ndn/v8-site/v8/C2Data-703-Type4;24680.0000;DATA;1612720926.202366
/ndn/h9-site/h9/C2Data-228-Type4;232146.0000;DATA;1612720928.357223
/ndn/d3-site/d3/C2Data-802-Type3;122501.0000;DATA;1612720931.635896
/ndn/d4-site/d4/C2Data-863-Type3;54456.0000;DATA;1612720931.896996
/ndn/h0-site/h0/C2Data-9-Type3;142705.0000;DATA;1612720932.860333
/ndn/h2-site/h2/C2Data-53-Type4;110277.0000;DATA;1612720934.115057
