/ndn/d11-site/d11/C2Data-3146-Type2;166446.0000;DATA;1611611482.534117
/ndn/h3-site/h3/C2Data-363-Type1;195035.0000;DATA;1611611482.811104
/ndn/s2-site/s2/C2Data-3872-Type2;25993.0000;DATA;1611611483.084155
/ndn/s7-site/s7/C2Data-4477-Type1;128486.0000;DATA;1611611484.652162
/ndn/s11-site/s11/C2Data-4961-Type1;155172.0000;DATA;1611611485.591130
/ndn/v5-site/v5/C2Data-6050-Type1;247974.0000;DATA;1611611487.635187
/ndn/d5-site/d5/C2Data-2420-Type2;72189.0000;DATA;1611611490.702221
/ndn/h2-site/h2/C2Data-242-Type1;129004.0000;DATA;1611611491.188114
/ndn/h11-site/h11/C2Data-1331-Type1;98743.0000;DATA;1611611491.543179
/ndn/h9-site/h9/C2Data-1089-Type1;70272.0000;DATA;1611611491.610112
/ndn/v7-site/v7/C2Data-6292-Type2;197401.0000;DATA;1611611491.702100
/ndn/s14-site/s14/C2Data-5324-Type2;94170.0000;DATA;1611611492.274154
/ndn/d2-site/d2/C2Data-1037-Type3;98985.0000;DATA;1611611507.774109
/ndn/s4-site/s4/C2Data-2074-Type3;137063.0000;DATA;1611611509.269103
/ndn/s6-site/s6/C2Data-2196-Type3;180371.0000;DATA;1611611509.226146
/ndn/s13-site/s13/C2Data-2623-Type3;163184.0000;DATA;1611611510.248148
/ndn/s4-site/s4/C2Data-4115-Type2;116743.0000;DATA;1611611511.667117
/ndn/d11-site/d11/C2Data-3147-Type1;172750.0000;DATA;1611611511.814110
/ndn/h1-site/h1/C2Data-61-Type3;70574.0000;DATA;1611611512.036193
/ndn/h12-site/h12/C2Data-1453-Type2;126000.0000;DATA;1611611512.674100
/ndn/s11-site/s11/C2Data-4962-Type2;145399.0000;DATA;1611611512.821096
/ndn/h7-site/h7/C2Data-848-Type2;143035.0000;DATA;1611611516.134106
/ndn/s8-site/s8/C2Data-4599-Type2;50525.0000;DATA;1611611516.596228
/ndn/s9-site/s9/C2Data-4720-Type2;36913.0000;DATA;1611611517.715167
/ndn/s14-site/s14/C2Data-2684-Type3;92091.0000;DATA;1611611518.641177
/ndn/s14-site/s14/C2Data-5325-Type1;98239.0000;DATA;1611611519.069233
/ndn/v11-site/v11/C2Data-6777-Type1;73783.0000;DATA;1611611519.230168
/ndn/s8-site/s8/C2Data-4599-Type1;49263.0000;DATA;1611611519.444249
/ndn/h2-site/h2/C2Data-243-Type1;120217.0000;DATA;1611611519.493165
/ndn/h9-site/h9/C2Data-1090-Type2;74823.0000;DATA;1611611519.723145
/ndn/v5-site/v5/C2Data-3050-Type3;238324.0000;DATA;1611611520.124119
/ndn/d2-site/d2/C2Data-2058-Type2;95398.0000;DATA;1611611521.747307
/ndn/d7-site/d7/C2Data-1342-Type3;120908.0000;DATA;1611611521.969185
/ndn/d0-site/d0/C2Data-1816-Type1;118167.0000;DATA;1611611522.569202
/ndn/h3-site/h3/C2Data-183-Type3;188511.0000;DATA;1611611522.865177
/ndn/h7-site/h7/C2Data-427-Type3;164698.0000;DATA;1611611523.537322
/ndn/v7-site/v7/C2Data-3172-Type3;201050.0000;DATA;1611611524.081122
/ndn/d6-site/d6/C2Data-1281-Type3;146259.0000;DATA;1611611526.267140
/ndn/h11-site/h11/C2Data-671-Type3;94875.0000;DATA;1611611528.769192
/ndn/v2-site/v2/C2Data-5689-Type1;143828.0000;DATA;1611611542.175149
/ndn/d7-site/d7/C2Data-2664-Type1;122427.0000;DATA;1611611542.656097
/ndn/s10-site/s10/C2Data-4842-Type2;144504.0000;DATA;1611611542.753181
/ndn/d7-site/d7/C2Data-2664-Type2;126990.0000;DATA;1611611543.994120
/ndn/s0-site/s0/C2Data-3632-Type2;115557.0000;DATA;1611611544.702152
/ndn/v1-site/v1/C2Data-5568-Type1;210300.0000;DATA;1611611547.507126
/ndn/h10-site/h10/C2Data-1212-Type2;175537.0000;DATA;1611611547.863178
/ndn/d5-site/d5/C2Data-2422-Type1;72828.0000;DATA;1611611548.254113
/ndn/h3-site/h3/C2Data-365-Type2;188466.0000;DATA;1611611548.900248
/ndn/h1-site/h1/C2Data-123-Type2;73861.0000;DATA;1611611551.193167
/ndn/s9-site/s9/C2Data-4721-Type1;25958.0000;DATA;1611611552.315178
/ndn/h3-site/h3/C2Data-365-Type1;190871.0000;DATA;1611611552.186097
/ndn/s2-site/s2/C2Data-3874-Type1;6000204.0000;TIMEOUT;1611611551.903146
/ndn/d11-site/d11/C2Data-1587-Type3;172001.0000;DATA;1611611565.825737
/ndn/s11-site/s11/C2Data-2502-Type3;153664.0000;DATA;1611611567.184137
/ndn/d13-site/d13/C2Data-1709-Type3;75287.0000;DATA;1611611568.472169
/ndn/v8-site/v8/C2Data-3234-Type3;118333.0000;DATA;1611611571.279196
/ndn/v3-site/v3/C2Data-5811-Type2;24907.0000;DATA;1611611572.318239
/ndn/v9-site/v9/C2Data-6537-Type2;118258.0000;DATA;1611611573.894144
/ndn/h12-site/h12/C2Data-733-Type3;121166.0000;DATA;1611611573.915152
/ndn/d0-site/d0/C2Data-916-Type3;118340.0000;DATA;1611611574.232105
/ndn/h0-site/h0/C2Data-3-Type1;116746.0000;DATA;1611611575.457279
/ndn/v7-site/v7/C2Data-6295-Type2;191687.0000;DATA;1611611576.832121
/ndn/v6-site/v6/C2Data-900-Type4;46600.0000;DATA;1611611577.945321
/ndn/h8-site/h8/C2Data-489-Type3;93478.0000;DATA;1611611579.444119
/ndn/d8-site/d8/C2Data-2786-Type2;120591.0000;DATA;1611611580.036181
/ndn/v9-site/v9/C2Data-3295-Type3;120105.0000;DATA;1611611580.161174
/ndn/d7-site/d7/C2Data-2665-Type2;122333.0000;DATA;1611611580.799115
/ndn/d4-site/d4/C2Data-2302-Type2;95090.0000;DATA;1611611580.962105
/ndn/v13-site/v13/C2Data-7021-Type2;24559.0000;DATA;1611611581.620116
/ndn/d7-site/d7/C2Data-550-Type4;123579.0000;DATA;1611611581.735202
/ndn/s13-site/s13/C2Data-2624-Type3;6003115.0000;TIMEOUT;1611611576.178206
/ndn/d6-site/d6/C2Data-1282-Type3;146768.0000;DATA;1611611584.978177
/ndn/d8-site/d8/C2Data-1404-Type3;117874.0000;DATA;1611611585.973117
/ndn/d6-site/d6/C2Data-525-Type4;155269.0000;DATA;1611611593.501099
/ndn/d1-site/d1/C2Data-400-Type4;91467.0000;DATA;1611611595.430500
/ndn/h2-site/h2/C2Data-50-Type4;152864.0000;DATA;1611611598.830005
/ndn/v10-site/v10/C2Data-1000-Type4;154972.0000;DATA;1611611599.018194
/ndn/v1-site/v1/C2Data-775-Type4;360170.0000;DATA;1611611599.421972
/ndn/v3-site/v3/C2Data-825-Type4;23666.0000;DATA;1611611600.430109
/ndn/v1-site/v1/C2Data-5570-Type2;217169.0000;DATA;1611611602.329129
/ndn/v13-site/v13/C2Data-1075-Type4;24728.0000;DATA;1611611603.439138
/ndn/v7-site/v7/C2Data-6296-Type1;196009.0000;DATA;1611611603.614140
/ndn/d7-site/d7/C2Data-2666-Type1;125216.0000;DATA;1611611606.751104
/ndn/s8-site/s8/C2Data-4602-Type1;6000298.0000;TIMEOUT;1611611601.723103
/ndn/s14-site/s14/C2Data-5328-Type1;6000353.0000;TIMEOUT;1611611605.597938
/ndn/h4-site/h4/C2Data-488-Type1;93030.0000;DATA;1611611612.888184
/ndn/s8-site/s8/C2Data-4602-Type2;6000293.0000;TIMEOUT;1611611608.025155
/ndn/h1-site/h1/C2Data-25-Type4;74113.0000;DATA;1611611619.256112
/ndn/v6-site/v6/C2Data-3113-Type3;49464.0000;DATA;1611611626.774122
/ndn/h12-site/h12/C2Data-300-Type4;116966.0000;DATA;1611611631.105159
/ndn/d1-site/d1/C2Data-1941-Type1;92519.0000;DATA;1611611632.444187
/ndn/v3-site/v3/C2Data-5813-Type2;23889.0000;DATA;1611611633.713100
/ndn/h1-site/h1/C2Data-63-Type3;71920.0000;DATA;1611611633.843180
/ndn/d0-site/d0/C2Data-375-Type4;116985.0000;DATA;1611611633.899113
/ndn/d0-site/d0/C2Data-917-Type3;121064.0000;DATA;1611611634.217107
/ndn/h5-site/h5/C2Data-307-Type3;53284.0000;DATA;1611611636.045095
/ndn/d12-site/d12/C2Data-1649-Type3;149771.0000;DATA;1611611635.975147
/ndn/h12-site/h12/C2Data-1457-Type2;120952.0000;DATA;1611611636.042104
/ndn/d5-site/d5/C2Data-2425-Type2;73686.0000;DATA;1611611637.085203
/ndn/h4-site/h4/C2Data-489-Type2;94177.0000;DATA;1611611637.555222
/ndn/d5-site/d5/C2Data-2425-Type1;65528.0000;DATA;1611611637.652117
/ndn/d13-site/d13/C2Data-3393-Type1;71979.0000;DATA;1611611638.493113
/ndn/v2-site/v2/C2Data-5692-Type1;141291.0000;DATA;1611611638.927104
/ndn/h14-site/h14/C2Data-856-Type3;74148.0000;DATA;1611611640.290228
/ndn/v5-site/v5/C2Data-3052-Type3;227572.0000;DATA;1611611640.441147
/ndn/s7-site/s7/C2Data-2259-Type3;6000544.0000;TIMEOUT;1611611634.714226
/ndn/d4-site/d4/C2Data-1161-Type3;98657.0000;DATA;1611611640.961125
/ndn/h10-site/h10/C2Data-1215-Type1;167660.0000;DATA;1611611641.674152
/ndn/s14-site/s14/C2Data-5329-Type1;6000223.0000;TIMEOUT;1611611636.048229
/ndn/s7-site/s7/C2Data-4482-Type1;6000233.0000;TIMEOUT;1611611636.319160
/ndn/d13-site/d13/C2Data-3393-Type2;72436.0000;DATA;1611611642.337164
/ndn/d2-site/d2/C2Data-1039-Type3;96277.0000;DATA;1611611642.425102
/ndn/d1-site/d1/C2Data-978-Type3;93406.0000;DATA;1611611642.732092
/ndn/v10-site/v10/C2Data-6660-Type2;144135.0000;DATA;1611611643.162771
/ndn/v12-site/v12/C2Data-3479-Type3;217801.0000;DATA;1611611644.835118
/ndn/v8-site/v8/C2Data-3235-Type3;130604.0000;DATA;1611611645.748150
/ndn/h6-site/h6/C2Data-368-Type3;103207.0000;DATA;1611611646.404124
/ndn/d8-site/d8/C2Data-1405-Type3;127594.0000;DATA;1611611646.631162
/ndn/s3-site/s3/C2Data-3998-Type1;6000420.0000;TIMEOUT;1611611640.798190
/ndn/v4-site/v4/C2Data-2991-Type3;262369.0000;DATA;1611611647.139269
/ndn/v3-site/v3/C2Data-2930-Type3;25048.0000;DATA;1611611648.245154
/ndn/s3-site/s3/C2Data-2015-Type3;6001365.0000;TIMEOUT;1611611647.668183
/ndn/h6-site/h6/C2Data-732-Type2;94748.0000;DATA;1611611661.284223
/ndn/v13-site/v13/C2Data-7024-Type2;24419.0000;DATA;1611611664.013268
/ndn/d0-site/d0/C2Data-1821-Type1;121240.0000;DATA;1611611664.209173
/ndn/h14-site/h14/C2Data-1700-Type1;77028.0000;DATA;1611611666.790128
/ndn/h1-site/h1/C2Data-127-Type1;69735.0000;DATA;1611611667.947150
/ndn/s9-site/s9/C2Data-4725-Type2;6005194.0000;TIMEOUT;1611611662.187175
/ndn/d14-site/d14/C2Data-3515-Type2;73897.0000;DATA;1611611668.273125
/ndn/h3-site/h3/C2Data-369-Type1;188820.0000;DATA;1611611668.400095
/ndn/d11-site/d11/C2Data-3152-Type2;166747.0000;DATA;1611611668.704220
/ndn/s1-site/s1/C2Data-3757-Type2;6018899.0000;TIMEOUT;1611611663.632175
/ndn/d9-site/d9/C2Data-2910-Type1;98205.0000;DATA;1611611670.228187
/ndn/h7-site/h7/C2Data-853-Type1;139366.0000;DATA;1611611671.595152
/ndn/v12-site/v12/C2Data-6903-Type2;213130.0000;DATA;1611611671.824157
/ndn/v10-site/v10/C2Data-6661-Type2;147435.0000;DATA;1611611672.155147
/ndn/v6-site/v6/C2Data-6177-Type2;49884.0000;DATA;1611611672.332148
/ndn/s12-site/s12/C2Data-5088-Type2;6000704.0000;TIMEOUT;1611611667.076174
/ndn/s13-site/s13/C2Data-5209-Type2;6012496.0000;TIMEOUT;1611611670.548128
/ndn/s11-site/s11/C2Data-4967-Type1;6000396.0000;TIMEOUT;1611611671.213107
/ndn/s10-site/s10/C2Data-4846-Type2;6000883.0000;TIMEOUT;1611611671.274236
/ndn/v0-site/v0/C2Data-2748-Type3;171326.0000;DATA;1611611686.518169
/ndn/d1-site/d1/C2Data-979-Type3;94485.0000;DATA;1611611687.988102
/ndn/h10-site/h10/C2Data-1217-Type2;162129.0000;DATA;1611611691.210146
/ndn/d8-site/d8/C2Data-2790-Type1;121268.0000;DATA;1611611694.439139
/ndn/s2-site/s2/C2Data-1955-Type3;6000319.0000;TIMEOUT;1611611688.752568
/ndn/d13-site/d13/C2Data-3395-Type2;71551.0000;DATA;1611611695.278181
/ndn/v1-site/v1/C2Data-5573-Type2;214009.0000;DATA;1611611695.747107
/ndn/v4-site/v4/C2Data-5936-Type1;230846.0000;DATA;1611611695.829189
/ndn/h4-site/h4/C2Data-491-Type2;94338.0000;DATA;1611611696.009151
/ndn/d5-site/d5/C2Data-1223-Type3;74053.0000;DATA;1611611696.136323
/ndn/v5-site/v5/C2Data-6057-Type1;238305.0000;DATA;1611611696.567141
