/ndn/s2-site/s2/C2Data-3872-Type2;116326.0000;DATA;1611609162.449826
/ndn/h14-site/h14/C2Data-1694-Type2;513.0000;NACK;1611609162.584306
/ndn/d9-site/d9/C2Data-2904-Type1;98798.0000;DATA;1611609168.517067
/ndn/d7-site/d7/C2Data-2662-Type2;122149.0000;DATA;1611609169.103336
/ndn/h11-site/h11/C2Data-1331-Type2;200362.0000;DATA;1611609171.889309
/ndn/d2-site/d2/C2Data-2057-Type1;195509.0000;DATA;1611609171.942310
/ndn/d11-site/d11/C2Data-3146-Type1;186723.0000;DATA;1611609172.098378
/ndn/d13-site/d13/C2Data-3388-Type2;172805.0000;DATA;1611609172.336411
/ndn/d4-site/d4/C2Data-2299-Type1;195469.0000;DATA;1611609173.573330
/ndn/s4-site/s4/C2Data-2074-Type3;251212.0000;DATA;1611609191.287216
/ndn/s14-site/s14/C2Data-2684-Type3;190434.0000;DATA;1611609191.928375
/ndn/v10-site/v10/C2Data-6656-Type1;662.0000;NACK;1611609192.436308
/ndn/d8-site/d8/C2Data-2784-Type2;201229.0000;DATA;1611609192.782322
/ndn/d13-site/d13/C2Data-3389-Type2;172113.0000;DATA;1611609192.844440
/ndn/h1-site/h1/C2Data-122-Type2;219562.0000;DATA;1611609194.624290
/ndn/h10-site/h10/C2Data-1211-Type1;165167.0000;DATA;1611609195.078345
/ndn/v4-site/v4/C2Data-2989-Type3;550.0000;NACK;1611609195.390314
/ndn/d5-site/d5/C2Data-1220-Type3;25851.0000;DATA;1611609195.587390
/ndn/h2-site/h2/C2Data-122-Type3;210356.0000;DATA;1611609195.695410
/ndn/s10-site/s10/C2Data-4841-Type1;186564.0000;DATA;1611609196.140486
/ndn/v8-site/v8/C2Data-3233-Type3;72880.0000;DATA;1611609197.511337
/ndn/h14-site/h14/C2Data-1695-Type2;165267.0000;DATA;1611609197.748565
/ndn/d13-site/d13/C2Data-1708-Type3;163246.0000;DATA;1611609198.232392
/ndn/h4-site/h4/C2Data-485-Type2;23652.0000;DATA;1611609198.456359
/ndn/h3-site/h3/C2Data-364-Type2;218524.0000;DATA;1611609199.012313
/ndn/h8-site/h8/C2Data-969-Type2;104857.0000;DATA;1611609199.205324
/ndn/s13-site/s13/C2Data-2623-Type3;70178.0000;DATA;1611609199.372337
/ndn/v7-site/v7/C2Data-6293-Type2;559.0000;NACK;1611609199.526774
/ndn/s5-site/s5/C2Data-2135-Type3;141546.0000;DATA;1611609199.718453
/ndn/d0-site/d0/C2Data-915-Type3;162911.0000;DATA;1611609199.726584
/ndn/h3-site/h3/C2Data-183-Type3;210793.0000;DATA;1611609201.649360
/ndn/v6-site/v6/C2Data-6172-Type1;651.0000;NACK;1611609202.584377
/ndn/v5-site/v5/C2Data-6051-Type1;440.0000;NACK;1611609203.934295
/ndn/h11-site/h11/C2Data-671-Type3;193911.0000;DATA;1611609205.247313
/ndn/h12-site/h12/C2Data-732-Type3;229124.0000;DATA;1611609207.428357
/ndn/v11-site/v11/C2Data-3416-Type3;176641.0000;DATA;1611609209.319659
/ndn/v12-site/v12/C2Data-6899-Type1;243366.0000;DATA;1611609223.671431
/ndn/h14-site/h14/C2Data-1696-Type2;169346.0000;DATA;1611609223.764500
/ndn/s13-site/s13/C2Data-5205-Type2;74496.0000;DATA;1611609224.418389
/ndn/s10-site/s10/C2Data-4842-Type1;187422.0000;DATA;1611609224.703389
/ndn/d6-site/d6/C2Data-2543-Type1;71154.0000;DATA;1611609225.284315
/ndn/v14-site/v14/C2Data-7141-Type1;70680.0000;DATA;1611609225.609355
/ndn/h0-site/h0/C2Data-2-Type1;70283.0000;DATA;1611609226.240341
/ndn/s12-site/s12/C2Data-5084-Type2;54088.0000;DATA;1611609226.324361
/ndn/d12-site/d12/C2Data-3269-Type2;172141.0000;DATA;1611609226.691450
/ndn/d6-site/d6/C2Data-2543-Type2;145858.0000;DATA;1611609229.289329
/ndn/v2-site/v2/C2Data-5689-Type2;146808.0000;DATA;1611609229.541341
/ndn/v11-site/v11/C2Data-6778-Type2;166548.0000;DATA;1611609229.542292
/ndn/s4-site/s4/C2Data-4116-Type1;215801.0000;DATA;1611609230.109315
/ndn/d11-site/d11/C2Data-3148-Type2;185605.0000;DATA;1611609230.791476
/ndn/d8-site/d8/C2Data-2785-Type2;199335.0000;DATA;1611609231.293316
/ndn/h6-site/h6/C2Data-728-Type2;46619.0000;DATA;1611609231.649387
/ndn/d5-site/d5/C2Data-2422-Type1;23706.0000;DATA;1611609231.952587
/ndn/d12-site/d12/C2Data-1648-Type3;171210.0000;DATA;1611609246.890378
/ndn/s11-site/s11/C2Data-2502-Type3;48019.0000;DATA;1611609247.828317
/ndn/s9-site/s9/C2Data-2380-Type3;78459.0000;DATA;1611609248.428364
/ndn/h3-site/h3/C2Data-184-Type3;208208.0000;DATA;1611609249.039322
/ndn/d6-site/d6/C2Data-1282-Type3;148498.0000;DATA;1611609249.505898
/ndn/v12-site/v12/C2Data-3478-Type3;257980.0000;DATA;1611609250.668370
/ndn/v13-site/v13/C2Data-7021-Type1;118870.0000;DATA;1611609254.473398
/ndn/h4-site/h4/C2Data-487-Type1;26412.0000;DATA;1611609256.225314
/ndn/h8-site/h8/C2Data-489-Type3;92964.0000;DATA;1611609256.946297
/ndn/d1-site/d1/C2Data-1939-Type1;188528.0000;DATA;1611609258.000262
/ndn/s2-site/s2/C2Data-3875-Type2;6000446.0000;TIMEOUT;1611609252.482408
/ndn/d1-site/d1/C2Data-1939-Type2;190952.0000;DATA;1611609258.337397
/ndn/s14-site/s14/C2Data-5327-Type2;6000604.0000;TIMEOUT;1611609253.169409
/ndn/v9-site/v9/C2Data-6537-Type2;27456.0000;DATA;1611609259.295362
/ndn/v2-site/v2/C2Data-800-Type4;152834.0000;DATA;1611609259.321363
/ndn/h1-site/h1/C2Data-124-Type1;169017.0000;DATA;1611609259.754324
/ndn/h6-site/h6/C2Data-729-Type1;52583.0000;DATA;1611609262.380310
/ndn/s2-site/s2/C2Data-3875-Type1;6000178.0000;TIMEOUT;1611609257.133534
/ndn/v14-site/v14/C2Data-3600-Type3;69416.0000;DATA;1611609263.770318
/ndn/d11-site/d11/C2Data-1587-Type3;192930.0000;DATA;1611609263.999375
/ndn/h9-site/h9/C2Data-550-Type3;69710.0000;DATA;1611609265.277370
/ndn/v11-site/v11/C2Data-3417-Type3;161629.0000;DATA;1611609265.781330
/ndn/d0-site/d0/C2Data-916-Type3;170589.0000;DATA;1611609266.048413
/ndn/v5-site/v5/C2Data-3051-Type3;293533.0000;DATA;1611609268.579434
/ndn/h2-site/h2/C2Data-123-Type3;216502.0000;DATA;1611609268.975356
/ndn/v6-site/v6/C2Data-900-Type4;148263.0000;DATA;1611609270.383385
/ndn/v14-site/v14/C2Data-1100-Type4;76814.0000;DATA;1611609270.983358
/ndn/h1-site/h1/C2Data-25-Type4;177252.0000;DATA;1611609270.999316
/ndn/h14-site/h14/C2Data-350-Type4;169810.0000;DATA;1611609273.542384
/ndn/d0-site/d0/C2Data-375-Type4;162834.0000;DATA;1611609277.036381
/ndn/v5-site/v5/C2Data-875-Type4;393690.0000;DATA;1611609281.872011
/ndn/d8-site/d8/C2Data-2787-Type2;200319.0000;DATA;1611609283.333396
/ndn/v7-site/v7/C2Data-6296-Type2;220004.0000;DATA;1611609283.686468
/ndn/v1-site/v1/C2Data-5570-Type1;230569.0000;DATA;1611609285.055322
/ndn/d8-site/d8/C2Data-2787-Type1;194315.0000;DATA;1611609285.480349
/ndn/v12-site/v12/C2Data-6901-Type1;237141.0000;DATA;1611609286.166319
/ndn/d0-site/d0/C2Data-1819-Type2;169196.0000;DATA;1611609289.112372
/ndn/s0-site/s0/C2Data-3634-Type2;6000747.0000;TIMEOUT;1611609284.148429
/ndn/h9-site/h9/C2Data-1093-Type1;72966.0000;DATA;1611609290.335350
/ndn/h11-site/h11/C2Data-1335-Type1;191803.0000;DATA;1611609290.846531
/ndn/s12-site/s12/C2Data-5086-Type2;6002514.0000;TIMEOUT;1611609286.029405
/ndn/v13-site/v13/C2Data-7022-Type2;115860.0000;DATA;1611609292.120381
/ndn/h13-site/h13/C2Data-1577-Type2;92810.0000;DATA;1611609293.113399
/ndn/v11-site/v11/C2Data-6780-Type1;168820.0000;DATA;1611609293.947377
/ndn/s5-site/s5/C2Data-4239-Type1;6001957.0000;TIMEOUT;1611609288.433402
/ndn/s14-site/s14/C2Data-5328-Type1;6004237.0000;TIMEOUT;1611609289.457301
/ndn/d6-site/d6/C2Data-525-Type4;168651.0000;DATA;1611609295.686410
/ndn/s2-site/s2/C2Data-3876-Type1;6000305.0000;TIMEOUT;1611609290.215391
/ndn/s4-site/s4/C2Data-4118-Type1;6002105.0000;TIMEOUT;1611609290.411398
/ndn/v13-site/v13/C2Data-1075-Type4;120313.0000;DATA;1611609297.938371
/ndn/h2-site/h2/C2Data-50-Type4;233386.0000;DATA;1611609298.961345
/ndn/s13-site/s13/C2Data-5207-Type2;6000219.0000;TIMEOUT;1611609293.665394
/ndn/h4-site/h4/C2Data-100-Type4;23734.0000;DATA;1611609303.137207
/ndn/d9-site/d9/C2Data-600-Type4;127280.0000;DATA;1611609307.728327
/ndn/v10-site/v10/C2Data-1000-Type4;157108.0000;DATA;1611609308.928398
/ndn/v11-site/v11/C2Data-3418-Type3;173741.0000;DATA;1611609310.208358
/ndn/v14-site/v14/C2Data-3601-Type3;72563.0000;DATA;1611609310.570315
/ndn/h1-site/h1/C2Data-63-Type3;166493.0000;DATA;1611609313.454333
/ndn/s0-site/s0/C2Data-1832-Type3;6000701.0000;TIMEOUT;1611609307.812355
/ndn/v4-site/v4/C2Data-5934-Type1;263491.0000;DATA;1611609313.878325
/ndn/v5-site/v5/C2Data-6055-Type2;262759.0000;DATA;1611609314.363289
/ndn/d11-site/d11/C2Data-1588-Type3;186607.0000;DATA;1611609314.793401
/ndn/d4-site/d4/C2Data-2304-Type1;189550.0000;DATA;1611609315.125586
/ndn/v11-site/v11/C2Data-6781-Type2;163269.0000;DATA;1611609315.164892
/ndn/v7-site/v7/C2Data-6297-Type2;213270.0000;DATA;1611609316.650309
/ndn/v12-site/v12/C2Data-1050-Type4;236118.0000;DATA;1611609316.674405
/ndn/d6-site/d6/C2Data-1283-Type3;139757.0000;DATA;1611609318.063323
/ndn/h1-site/h1/C2Data-126-Type2;171395.0000;DATA;1611609318.588460
/ndn/v12-site/v12/C2Data-3479-Type3;241498.0000;DATA;1611609319.346373
/ndn/d3-site/d3/C2Data-1100-Type3;142751.0000;DATA;1611609320.193415
/ndn/v5-site/v5/C2Data-6055-Type1;266563.0000;DATA;1611609320.078354
/ndn/d9-site/d9/C2Data-1466-Type3;101736.0000;DATA;1611609320.611388
/ndn/h13-site/h13/C2Data-795-Type3;95974.0000;DATA;1611609320.665507
/ndn/v0-site/v0/C2Data-2747-Type3;149599.0000;DATA;1611609320.832378
/ndn/s5-site/s5/C2Data-2137-Type3;6000954.0000;TIMEOUT;1611609315.286359
/ndn/v6-site/v6/C2Data-3113-Type3;141505.0000;DATA;1611609321.166301
/ndn/h8-site/h8/C2Data-973-Type1;99177.0000;DATA;1611609321.546310
/ndn/d9-site/d9/C2Data-2909-Type2;97984.0000;DATA;1611609321.813392
/ndn/s9-site/s9/C2Data-4724-Type2;6002821.0000;TIMEOUT;1611609316.371346
/ndn/h5-site/h5/C2Data-307-Type3;46328.0000;DATA;1611609322.452298
/ndn/s12-site/s12/C2Data-5087-Type2;6000265.0000;TIMEOUT;1611609318.389361
/ndn/s3-site/s3/C2Data-3998-Type1;6000293.0000;TIMEOUT;1611609318.466297
/ndn/d8-site/d8/C2Data-1405-Type3;209501.0000;DATA;1611609325.845372
/ndn/h10-site/h10/C2Data-612-Type3;166155.0000;DATA;1611609326.056398
/ndn/v14-site/v14/C2Data-7145-Type2;71325.0000;DATA;1611609343.146360
/ndn/d13-site/d13/C2Data-3394-Type1;166868.0000;DATA;1611609343.373398
/ndn/v4-site/v4/C2Data-5935-Type1;235769.0000;DATA;1611609344.014369
/ndn/h2-site/h2/C2Data-248-Type1;227052.0000;DATA;1611609344.281329
/ndn/h7-site/h7/C2Data-853-Type2;95771.0000;DATA;1611609345.452362
/ndn/v9-site/v9/C2Data-6540-Type1;24358.0000;DATA;1611609347.512300
/ndn/d9-site/d9/C2Data-2910-Type1;105779.0000;DATA;1611609347.924510
/ndn/v0-site/v0/C2Data-5451-Type1;152980.0000;DATA;1611609348.582419
/ndn/h3-site/h3/C2Data-369-Type2;217526.0000;DATA;1611609348.782306
/ndn/h9-site/h9/C2Data-1095-Type2;73265.0000;DATA;1611609352.316321
/ndn/h13-site/h13/C2Data-1579-Type2;97639.0000;DATA;1611609353.056298
/ndn/s10-site/s10/C2Data-4846-Type1;6000302.0000;TIMEOUT;1611609353.065408
/ndn/d1-site/d1/C2Data-979-Type3;187194.0000;DATA;1611609367.158358
/ndn/v9-site/v9/C2Data-3297-Type3;24387.0000;DATA;1611609369.273316
/ndn/d7-site/d7/C2Data-1345-Type3;120173.0000;DATA;1611609369.459413
/ndn/h8-site/h8/C2Data-491-Type3;92171.0000;DATA;1611609370.109374
/ndn/v7-site/v7/C2Data-3175-Type3;217240.0000;DATA;1611609372.862414
/ndn/v5-site/v5/C2Data-6057-Type1;265521.0000;DATA;1611609373.682406
/ndn/h9-site/h9/C2Data-1096-Type1;73116.0000;DATA;1611609374.884378
/ndn/s0-site/s0/C2Data-1833-Type3;6000909.0000;TIMEOUT;1611609369.843300
/ndn/v0-site/v0/C2Data-5452-Type1;151827.0000;DATA;1611609378.233738
