/ndn/v3-site/v3/C2Data-5808-Type2;142422.0000;DATA;1611606832.893323
/ndn/d4-site/d4/C2Data-2299-Type1;262632.0000;DATA;1611606833.500181
/ndn/h8-site/h8/C2Data-968-Type1;144344.0000;DATA;1611606835.987253
/ndn/h12-site/h12/C2Data-1452-Type2;516.0000;NACK;1611606836.393152
/ndn/d2-site/d2/C2Data-2057-Type2;242778.0000;DATA;1611606836.346052
/ndn/s8-site/s8/C2Data-4598-Type1;192155.0000;DATA;1611606836.881160
/ndn/h5-site/h5/C2Data-605-Type1;93438.0000;DATA;1611606837.288162
/ndn/v1-site/v1/C2Data-5566-Type1;286590.0000;DATA;1611606838.190219
/ndn/d9-site/d9/C2Data-2904-Type1;143988.0000;DATA;1611606840.810190
/ndn/h10-site/h10/C2Data-1210-Type2;224886.0000;DATA;1611606840.996164
/ndn/v14-site/v14/C2Data-7139-Type1;119464.0000;DATA;1611606843.033265
/ndn/d9-site/d9/C2Data-1464-Type3;148552.0000;DATA;1611606857.246266
/ndn/v8-site/v8/C2Data-3233-Type3;28028.0000;DATA;1611606858.921270
/ndn/v9-site/v9/C2Data-3294-Type3;70038.0000;DATA;1611606859.393288
/ndn/v9-site/v9/C2Data-6535-Type1;75900.0000;DATA;1611606862.283171
/ndn/v8-site/v8/C2Data-6414-Type1;24006.0000;DATA;1611606863.654235
/ndn/h13-site/h13/C2Data-1574-Type1;146450.0000;DATA;1611606864.056294
/ndn/v5-site/v5/C2Data-6051-Type1;303886.0000;DATA;1611606865.321229
/ndn/v10-site/v10/C2Data-6656-Type1;183510.0000;DATA;1611606865.781275
/ndn/s1-site/s1/C2Data-3752-Type2;24329.0000;DATA;1611606866.514335
/ndn/h4-site/h4/C2Data-485-Type2;101662.0000;DATA;1611606867.042251
/ndn/v4-site/v4/C2Data-5930-Type1;309261.0000;DATA;1611606867.571306
/ndn/h0-site/h0/C2Data-0-Type3;25833.0000;DATA;1611606867.902306
/ndn/d5-site/d5/C2Data-2421-Type1;71363.0000;DATA;1611606868.020466
/ndn/d2-site/d2/C2Data-1037-Type3;234447.0000;DATA;1611606868.895177
/ndn/d0-site/d0/C2Data-1816-Type1;212658.0000;DATA;1611606870.471234
/ndn/d3-site/d3/C2Data-2179-Type1;191317.0000;DATA;1611606870.744280
/ndn/h1-site/h1/C2Data-61-Type3;217536.0000;DATA;1611606870.995285
/ndn/v9-site/v9/C2Data-6535-Type2;69812.0000;DATA;1611606871.996348
/ndn/h8-site/h8/C2Data-969-Type2;145479.0000;DATA;1611606872.151261
/ndn/d8-site/d8/C2Data-1403-Type3;237878.0000;DATA;1611606872.276248
/ndn/h2-site/h2/C2Data-122-Type3;268355.0000;DATA;1611606872.490150
/ndn/s10-site/s10/C2Data-4841-Type1;240684.0000;DATA;1611606872.622165
/ndn/s10-site/s10/C2Data-2440-Type3;254349.0000;DATA;1611606873.271263
/ndn/d1-site/d1/C2Data-1937-Type1;235352.0000;DATA;1611606873.793247
/ndn/d7-site/d7/C2Data-1342-Type3;181652.0000;DATA;1611606876.663225
/ndn/h11-site/h11/C2Data-671-Type3;245357.0000;DATA;1611606879.204209
/ndn/h10-site/h10/C2Data-610-Type3;234135.0000;DATA;1611606879.513232
/ndn/v9-site/v9/C2Data-6536-Type2;72242.0000;DATA;1611606895.496242
/ndn/v13-site/v13/C2Data-7020-Type1;170047.0000;DATA;1611606897.472319
/ndn/s4-site/s4/C2Data-4116-Type1;255728.0000;DATA;1611606899.022258
/ndn/d8-site/d8/C2Data-2785-Type1;237252.0000;DATA;1611606900.848299
/ndn/s10-site/s10/C2Data-4842-Type2;232614.0000;DATA;1611606900.974256
/ndn/h3-site/h3/C2Data-365-Type2;262730.0000;DATA;1611606901.981285
/ndn/d6-site/d6/C2Data-2543-Type1;195922.0000;DATA;1611606902.206222
/ndn/s5-site/s5/C2Data-4237-Type1;192747.0000;DATA;1611606902.323221
/ndn/v8-site/v8/C2Data-3234-Type3;30801.0000;DATA;1611606918.087244
/ndn/s12-site/s12/C2Data-2563-Type3;79285.0000;DATA;1611606920.382256
/ndn/h14-site/h14/C2Data-855-Type3;224941.0000;DATA;1611606921.023807
/ndn/v4-site/v4/C2Data-5932-Type2;309735.0000;DATA;1611606922.538313
/ndn/v2-site/v2/C2Data-5690-Type2;190064.0000;DATA;1611606924.946206
/ndn/h12-site/h12/C2Data-1455-Type2;285320.0000;DATA;1611606925.498169
/ndn/v11-site/v11/C2Data-3417-Type3;210362.0000;DATA;1611606926.489254
/ndn/h5-site/h5/C2Data-608-Type1;96209.0000;DATA;1611606926.883226
/ndn/v12-site/v12/C2Data-6900-Type1;286227.0000;DATA;1611606926.791203
/ndn/h0-site/h0/C2Data-1-Type3;24880.0000;DATA;1611606927.703243
/ndn/d14-site/d14/C2Data-1770-Type3;216005.0000;DATA;1611606927.538214
/ndn/s6-site/s6/C2Data-2197-Type3;6000474.0000;TIMEOUT;1611606921.939143
/ndn/s8-site/s8/C2Data-4601-Type1;188354.0000;DATA;1611606927.813230
/ndn/v1-site/v1/C2Data-5569-Type1;288063.0000;DATA;1611606927.833222
/ndn/d2-site/d2/C2Data-1038-Type3;239506.0000;DATA;1611606929.703197
/ndn/h5-site/h5/C2Data-608-Type2;95549.0000;DATA;1611606930.306290
/ndn/s2-site/s2/C2Data-1953-Type3;6001936.0000;TIMEOUT;1611606924.521240
/ndn/d13-site/d13/C2Data-1709-Type3;218555.0000;DATA;1611606930.742316
/ndn/v7-site/v7/C2Data-925-Type4;263584.0000;DATA;1611606930.819319
/ndn/v5-site/v5/C2Data-6053-Type1;308602.0000;DATA;1611606930.860261
/ndn/v2-site/v2/C2Data-2868-Type3;198185.0000;DATA;1611606931.190160
/ndn/d4-site/d4/C2Data-2302-Type2;241692.0000;DATA;1611606932.143839
/ndn/h4-site/h4/C2Data-487-Type2;96813.0000;DATA;1611606933.662253
/ndn/h11-site/h11/C2Data-672-Type3;241373.0000;DATA;1611606933.637160
/ndn/s14-site/s14/C2Data-5327-Type1;6000733.0000;TIMEOUT;1611606930.550270
/ndn/s3-site/s3/C2Data-2014-Type3;6000400.0000;TIMEOUT;1611606932.235245
/ndn/h2-site/h2/C2Data-123-Type3;275525.0000;DATA;1611606938.272278
/ndn/s11-site/s11/C2Data-4964-Type1;6002430.0000;TIMEOUT;1611606933.482289
/ndn/s5-site/s5/C2Data-2136-Type3;6000380.0000;TIMEOUT;1611606933.566243
/ndn/s11-site/s11/C2Data-4964-Type2;6001043.0000;TIMEOUT;1611606933.942351
/ndn/v14-site/v14/C2Data-1100-Type4;127717.0000;DATA;1611606943.308314
/ndn/s9-site/s9/C2Data-2380-Type3;6001361.0000;TIMEOUT;1611606937.805243
/ndn/v2-site/v2/C2Data-800-Type4;185675.0000;DATA;1611606944.729237
/ndn/h0-site/h0/C2Data-4-Type2;24305.0000;DATA;1611606954.362216
/ndn/d9-site/d9/C2Data-2908-Type1;149066.0000;DATA;1611606954.433258
/ndn/h8-site/h8/C2Data-972-Type1;140877.0000;DATA;1611606954.936836
/ndn/v8-site/v8/C2Data-6417-Type2;27720.0000;DATA;1611606955.140268
/ndn/v3-site/v3/C2Data-5812-Type2;145565.0000;DATA;1611606955.467240
/ndn/d0-site/d0/C2Data-375-Type4;218264.0000;DATA;1611606957.390311
/ndn/s11-site/s11/C2Data-4965-Type1;6001398.0000;TIMEOUT;1611606954.489206
/ndn/v13-site/v13/C2Data-7022-Type2;163183.0000;DATA;1611606960.606251
/ndn/d11-site/d11/C2Data-3150-Type1;230224.0000;DATA;1611606960.553263
/ndn/d0-site/d0/C2Data-1819-Type2;212528.0000;DATA;1611606960.794208
/ndn/v0-site/v0/C2Data-5449-Type1;187540.0000;DATA;1611606961.097338
/ndn/s10-site/s10/C2Data-4844-Type1;6001207.0000;TIMEOUT;1611606955.934163
/ndn/v6-site/v6/C2Data-6175-Type2;166482.0000;NACK;1611606961.827260
/ndn/d12-site/d12/C2Data-3271-Type2;218311.0000;DATA;1611606962.084158
/ndn/v11-site/v11/C2Data-1025-Type4;216348.0000;DATA;1611606975.637209
/ndn/h3-site/h3/C2Data-75-Type4;266091.0000;DATA;1611606977.134163
/ndn/v3-site/v3/C2Data-5813-Type1;144013.0000;DATA;1611606982.776296
/ndn/d3-site/d3/C2Data-2183-Type1;192416.0000;DATA;1611606983.786185
/ndn/d9-site/d9/C2Data-600-Type4;146609.0000;DATA;1611606983.861173
/ndn/v7-site/v7/C2Data-3174-Type3;258640.0000;DATA;1611606983.770187
/ndn/d12-site/d12/C2Data-3272-Type2;210967.0000;DATA;1611606984.132242
/ndn/h14-site/h14/C2Data-1699-Type2;221573.0000;DATA;1611606984.433158
/ndn/h6-site/h6/C2Data-150-Type4;47656.0000;DATA;1611606984.758216
/ndn/v6-site/v6/C2Data-6176-Type1;169713.0000;NACK;1611606984.774181
/ndn/s2-site/s2/C2Data-1954-Type3;6000657.0000;TIMEOUT;1611606979.032325
/ndn/h6-site/h6/C2Data-731-Type1;47850.0000;DATA;1611606985.109288
/ndn/h10-site/h10/C2Data-250-Type4;211281.0000;DATA;1611606986.386257
/ndn/v2-site/v2/C2Data-5692-Type1;186413.0000;DATA;1611606986.440289
/ndn/v6-site/v6/C2Data-6176-Type2;166196.0000;NACK;1611606988.605263
/ndn/d7-site/d7/C2Data-1344-Type3;171740.0000;DATA;1611606989.543277
/ndn/h4-site/h4/C2Data-489-Type1;94522.0000;DATA;1611606989.757166
/ndn/v13-site/v13/C2Data-7023-Type1;160880.0000;DATA;1611606989.945204
/ndn/h9-site/h9/C2Data-1094-Type1;119742.0000;DATA;1611606990.028324
/ndn/h6-site/h6/C2Data-368-Type3;47198.0000;DATA;1611606990.575145
/ndn/h8-site/h8/C2Data-973-Type2;143188.0000;DATA;1611606990.969276
/ndn/s6-site/s6/C2Data-4361-Type2;6000325.0000;TIMEOUT;1611606987.762948
/ndn/v12-site/v12/C2Data-6902-Type2;285039.0000;DATA;1611606993.582175
/ndn/s10-site/s10/C2Data-4845-Type1;6000377.0000;TIMEOUT;1611606988.037153
/ndn/v2-site/v2/C2Data-5692-Type2;186979.0000;DATA;1611606993.852262
/ndn/s11-site/s11/C2Data-2503-Type3;6000251.0000;TIMEOUT;1611606989.610240
/ndn/d6-site/d6/C2Data-1283-Type3;200378.0000;DATA;1611606995.495255
/ndn/s0-site/s0/C2Data-3635-Type2;6002917.0000;TIMEOUT;1611606990.073165
/ndn/s10-site/s10/C2Data-2442-Type3;6002973.0000;TIMEOUT;1611606991.075277
/ndn/v5-site/v5/C2Data-3052-Type3;346976.0000;DATA;1611606997.285785
/ndn/s14-site/s14/C2Data-5329-Type1;6000262.0000;TIMEOUT;1611606992.078380
/ndn/s8-site/s8/C2Data-2320-Type3;6000318.0000;TIMEOUT;1611606992.606221
/ndn/s3-site/s3/C2Data-2015-Type3;6001044.0000;TIMEOUT;1611606997.804251
/ndn/h12-site/h12/C2Data-1458-Type2;260795.0000;DATA;1611607012.643308
/ndn/v5-site/v5/C2Data-6056-Type2;313168.0000;DATA;1611607013.689910
/ndn/d10-site/d10/C2Data-3031-Type1;96946.0000;DATA;1611607014.318273
/ndn/h4-site/h4/C2Data-490-Type1;98486.0000;DATA;1611607016.245235
/ndn/v12-site/v12/C2Data-6903-Type2;288629.0000;DATA;1611607016.385205
/ndn/v7-site/v7/C2Data-6298-Type2;266371.0000;DATA;1611607016.438428
/ndn/d3-site/d3/C2Data-2184-Type2;186640.0000;DATA;1611607017.198227
/ndn/s12-site/s12/C2Data-5088-Type2;6000590.0000;TIMEOUT;1611607012.456229
/ndn/d8-site/d8/C2Data-2789-Type1;239823.0000;DATA;1611607019.611191
/ndn/d12-site/d12/C2Data-3273-Type2;217125.0000;DATA;1611607020.515261
/ndn/h6-site/h6/C2Data-732-Type1;48720.0000;DATA;1611607021.364237
/ndn/s10-site/s10/C2Data-4846-Type1;6000264.0000;TIMEOUT;1611607016.581806
/ndn/s11-site/s11/C2Data-4967-Type1;6000317.0000;TIMEOUT;1611607022.614217
/ndn/s8-site/s8/C2Data-4604-Type2;6003250.0000;TIMEOUT;1611607023.644249
/ndn/v2-site/v2/C2Data-2870-Type3;220483.0000;DATA;1611607036.500250
/ndn/d8-site/d8/C2Data-1406-Type3;291811.0000;DATA;1611607037.109537
/ndn/h12-site/h12/C2Data-735-Type3;279042.0000;DATA;1611607040.015256
/ndn/v11-site/v11/C2Data-3419-Type3;212389.0000;DATA;1611607042.724268
/ndn/d2-site/d2/C2Data-2064-Type2;239074.0000;DATA;1611607043.861243
/ndn/h4-site/h4/C2Data-491-Type1;97558.0000;DATA;1611607046.535216
/ndn/v8-site/v8/C2Data-6420-Type1;25498.0000;DATA;1611607046.657264
/ndn/v4-site/v4/C2Data-5936-Type2;307931.0000;DATA;1611607046.832238
