/ndn/s2-site/s2/C2Data-2662-Type2;114069.0000;DATA;1612145936.915883
/ndn/d6-site/d6/C2Data-1936-Type2;168077.0000;DATA;1612145941.683906
/ndn/s5-site/s5/C2Data-3025-Type2;97729.0000;DATA;1612145941.829151
/ndn/s2-site/s2/C2Data-2662-Type1;119067.0000;DATA;1612145941.973171
/ndn/d2-site/d2/C2Data-1452-Type2;122725.0000;DATA;1612145942.569126
/ndn/s3-site/s3/C2Data-2783-Type2;24038.0000;DATA;1612145942.817159
/ndn/h2-site/h2/C2Data-242-Type2;25050.0000;DATA;1612145944.186057
/ndn/h7-site/h7/C2Data-847-Type2;200571.0000;DATA;1612145944.853059
/ndn/s5-site/s5/C2Data-3025-Type1;131446.0000;DATA;1612145946.133912
/ndn/s8-site/s8/C2Data-3388-Type1;51327.0000;DATA;1612145948.307167
/ndn/s8-site/s8/C2Data-1708-Type3;53205.0000;DATA;1612145960.648070
/ndn/s4-site/s4/C2Data-1464-Type3;26599.0000;DATA;1612145963.600416
/ndn/d4-site/d4/C2Data-854-Type3;133378.0000;DATA;1612145964.483753
/ndn/h8-site/h8/C2Data-488-Type3;30591.0000;DATA;1612145966.604248
/ndn/h3-site/h3/C2Data-364-Type2;28945.0000;DATA;1612145967.487474
/ndn/s0-site/s0/C2Data-2421-Type1;72555.0000;DATA;1612145967.825048
/ndn/v8-site/v8/C2Data-4599-Type1;121821.0000;DATA;1612145968.514035
/ndn/h2-site/h2/C2Data-243-Type1;25053.0000;DATA;1612145969.395477
/ndn/h0-site/h0/C2Data-0-Type3;100732.0000;DATA;1612145969.928689
/ndn/h9-site/h9/C2Data-549-Type3;57553.0000;DATA;1612145970.253460
/ndn/h0-site/h0/C2Data-1-Type1;101082.0000;DATA;1612145970.720453
/ndn/v4-site/v4/C2Data-2074-Type3;27181.0000;DATA;1612145971.684452
/ndn/d9-site/d9/C2Data-1159-Type3;24569.0000;DATA;1612145972.796218
/ndn/h5-site/h5/C2Data-305-Type3;24512.0000;DATA;1612145973.495166
/ndn/s8-site/s8/C2Data-3389-Type2;54067.0000;DATA;1612145974.772074
/ndn/v5-site/v5/C2Data-2135-Type3;98020.0000;DATA;1612145976.576042
/ndn/d6-site/d6/C2Data-976-Type3;75578.0000;DATA;1612145977.128354
/ndn/s5-site/s5/C2Data-3026-Type1;101381.0000;DATA;1612145977.145170
/ndn/s1-site/s1/C2Data-2542-Type2;72886.0000;DATA;1612145978.142040
/ndn/d5-site/d5/C2Data-1816-Type1;117740.0000;DATA;1612145978.208100
/ndn/d5-site/d5/C2Data-915-Type3;47783.0000;DATA;1612145978.397090
/ndn/h4-site/h4/C2Data-244-Type3;185894.0000;DATA;1612145980.533444
/ndn/v6-site/v6/C2Data-2196-Type3;27134.0000;DATA;1612145982.715263
/ndn/h4-site/h4/C2Data-486-Type1;153380.0000;DATA;1612145997.071051
/ndn/s6-site/s6/C2Data-3148-Type1;128488.0000;DATA;1612145997.542713
/ndn/v3-site/v3/C2Data-3995-Type1;137540.0000;DATA;1612145999.803479
/ndn/d3-site/d3/C2Data-1575-Type2;160531.0000;DATA;1612145999.782653
/ndn/s1-site/s1/C2Data-2543-Type2;130031.0000;DATA;1612146004.874895
/ndn/s4-site/s4/C2Data-2906-Type1;26651.0000;DATA;1612146005.659119
/ndn/h8-site/h8/C2Data-970-Type2;207928.0000;DATA;1612146005.877590
/ndn/v3-site/v3/C2Data-2014-Type3;158314.0000;DATA;1612146020.847979
/ndn/s7-site/s7/C2Data-1648-Type3;62070.0000;DATA;1612146028.755030
/ndn/d8-site/d8/C2Data-1099-Type3;73212.0000;DATA;1612146029.052417
/ndn/d7-site/d7/C2Data-2060-Type1;26121.0000;DATA;1612146029.101912
/ndn/h5-site/h5/C2Data-608-Type1;119821.0000;DATA;1612146029.135291
/ndn/v9-site/v9/C2Data-4722-Type1;25022.0000;DATA;1612146029.724658
/ndn/h5-site/h5/C2Data-608-Type2;182721.0000;DATA;1612146030.049818
