/ndn/h11-site/h11/C2Data-1331-Type2;115948.0000;DATA;1611608579.778412
/ndn/h13-site/h13/C2Data-1573-Type1;164137.0000;DATA;1611608580.119803
/ndn/s1-site/s1/C2Data-3751-Type1;244853.0000;DATA;1611608580.705780
/ndn/h4-site/h4/C2Data-484-Type2;165827.0000;DATA;1611608580.815812
/ndn/s11-site/s11/C2Data-4961-Type1;219080.0000;DATA;1611608581.993797
/ndn/h12-site/h12/C2Data-1452-Type1;214731.0000;DATA;1611608584.385830
/ndn/s1-site/s1/C2Data-3751-Type2;190327.0000;DATA;1611608587.682812
/ndn/v13-site/v13/C2Data-7018-Type1;653.0000;NACK;1611608589.023760
/ndn/d9-site/d9/C2Data-2904-Type1;71670.0000;DATA;1611608591.107789
/ndn/d14-site/d14/C2Data-3509-Type2;136792.0000;DATA;1611608591.711240
/ndn/h4-site/h4/C2Data-244-Type3;165791.0000;DATA;1611608606.226419
/ndn/d0-site/d0/C2Data-915-Type3;23474.0000;DATA;1611608606.566272
/ndn/v10-site/v10/C2Data-3355-Type3;46731.0000;DATA;1611608609.544835
/ndn/h6-site/h6/C2Data-366-Type3;166351.0000;DATA;1611608609.978803
/ndn/d2-site/d2/C2Data-2058-Type2;46782.0000;DATA;1611608611.196823
/ndn/s6-site/s6/C2Data-2196-Type3;95080.0000;DATA;1611608611.354749
/ndn/d9-site/d9/C2Data-2905-Type2;69344.0000;DATA;1611608612.416777
/ndn/h13-site/h13/C2Data-793-Type3;174698.0000;DATA;1611608613.857828
/ndn/v6-site/v6/C2Data-6172-Type1;387.0000;NACK;1611608614.204864
/ndn/d1-site/d1/C2Data-976-Type3;185324.0000;DATA;1611608615.474834
/ndn/d1-site/d1/C2Data-1937-Type1;191643.0000;DATA;1611608615.800780
/ndn/s3-site/s3/C2Data-2013-Type3;210191.0000;DATA;1611608616.222828
/ndn/v5-site/v5/C2Data-3050-Type3;94798.0000;DATA;1611608617.255827
/ndn/s4-site/s4/C2Data-4115-Type2;210157.0000;DATA;1611608618.253802
/ndn/s4-site/s4/C2Data-2074-Type3;207702.0000;DATA;1611608618.272840
/ndn/v14-site/v14/C2Data-7140-Type2;142189.0000;DATA;1611608619.525808
/ndn/h0-site/h0/C2Data-1-Type1;193366.0000;DATA;1611608619.841894
/ndn/v3-site/v3/C2Data-5809-Type1;164703.0000;DATA;1611608619.900767
/ndn/d7-site/d7/C2Data-1342-Type3;62813.0000;DATA;1611608622.675780
/ndn/d7-site/d7/C2Data-2664-Type1;48830.0000;DATA;1611608643.321849
/ndn/h1-site/h1/C2Data-123-Type2;73508.0000;DATA;1611608644.174746
/ndn/s0-site/s0/C2Data-3632-Type2;123781.0000;DATA;1611608645.061839
/ndn/s6-site/s6/C2Data-4358-Type2;6000254.0000;TIMEOUT;1611608647.986814
/ndn/s9-site/s9/C2Data-2380-Type3;145230.0000;DATA;1611608667.680768
/ndn/d8-site/d8/C2Data-2786-Type1;24956.0000;DATA;1611608669.834815
/ndn/d2-site/d2/C2Data-2060-Type1;52284.0000;DATA;1611608670.420809
/ndn/h0-site/h0/C2Data-3-Type2;193858.0000;DATA;1611608671.119845
/ndn/v2-site/v2/C2Data-2868-Type3;74866.0000;DATA;1611608671.594842
/ndn/h3-site/h3/C2Data-366-Type1;50763.0000;DATA;1611608672.057857
/ndn/s8-site/s8/C2Data-4601-Type1;141372.0000;DATA;1611608673.622832
/ndn/h4-site/h4/C2Data-487-Type2;168555.0000;DATA;1611608673.657902
/ndn/v13-site/v13/C2Data-7021-Type2;147686.0000;DATA;1611608674.243811
/ndn/h3-site/h3/C2Data-366-Type2;50415.0000;DATA;1611608674.574817
/ndn/d9-site/d9/C2Data-1465-Type3;75274.0000;DATA;1611608675.787844
/ndn/s14-site/s14/C2Data-2685-Type3;6000209.0000;TIMEOUT;1611608669.912805
/ndn/v4-site/v4/C2Data-5932-Type2;94537.0000;DATA;1611608676.190836
/ndn/d8-site/d8/C2Data-1404-Type3;24180.0000;DATA;1611608676.570795
/ndn/v5-site/v5/C2Data-875-Type4;93571.0000;DATA;1611608677.101874
/ndn/h5-site/h5/C2Data-125-Type4;115410.0000;DATA;1611608678.554858
/ndn/d0-site/d0/C2Data-1818-Type1;23738.0000;DATA;1611608679.889807
/ndn/v12-site/v12/C2Data-6900-Type1;69491.0000;DATA;1611608680.155784
/ndn/s11-site/s11/C2Data-4964-Type1;6000292.0000;TIMEOUT;1611608674.416808
/ndn/h7-site/h7/C2Data-428-Type3;226484.0000;DATA;1611608682.709821
/ndn/v13-site/v13/C2Data-3539-Type3;151995.0000;DATA;1611608683.453921
/ndn/v6-site/v6/C2Data-900-Type4;94177.0000;DATA;1611608683.788910
/ndn/h8-site/h8/C2Data-200-Type4;96968.0000;DATA;1611608683.954781
/ndn/v3-site/v3/C2Data-2929-Type3;167476.0000;DATA;1611608683.945800
/ndn/h14-site/h14/C2Data-350-Type4;172519.0000;DATA;1611608686.202836
/ndn/s5-site/s5/C2Data-4238-Type1;6000244.0000;TIMEOUT;1611608680.619815
/ndn/d2-site/d2/C2Data-425-Type4;49935.0000;DATA;1611608689.638792
/ndn/s4-site/s4/C2Data-2075-Type3;6002376.0000;TIMEOUT;1611608686.978751
/ndn/d3-site/d3/C2Data-450-Type4;91803.0000;DATA;1611608694.418812
/ndn/h1-site/h1/C2Data-125-Type1;73594.0000;DATA;1611608700.113858
/ndn/v1-site/v1/C2Data-775-Type4;73901.0000;DATA;1611608702.330796
/ndn/h14-site/h14/C2Data-1698-Type2;173631.0000;DATA;1611608702.455745
/ndn/v3-site/v3/C2Data-5812-Type1;178804.0000;DATA;1611608702.454831
/ndn/h2-site/h2/C2Data-246-Type1;215368.0000;DATA;1611608705.374750
/ndn/d1-site/d1/C2Data-1940-Type1;190631.0000;DATA;1611608705.854067
/ndn/d7-site/d7/C2Data-2666-Type2;47788.0000;DATA;1611608706.421752
/ndn/d10-site/d10/C2Data-625-Type4;171761.0000;DATA;1611608707.511773
/ndn/v13-site/v13/C2Data-1075-Type4;141759.0000;DATA;1611608707.681751
/ndn/d9-site/d9/C2Data-2908-Type2;70589.0000;DATA;1611608708.916855
/ndn/s11-site/s11/C2Data-4965-Type2;6002980.0000;TIMEOUT;1611608704.125899
/ndn/d7-site/d7/C2Data-2666-Type1;47108.0000;DATA;1611608710.880812
/ndn/h0-site/h0/C2Data-4-Type1;198069.0000;DATA;1611608711.149762
/ndn/s0-site/s0/C2Data-3634-Type2;6002233.0000;TIMEOUT;1611608707.149781
/ndn/s10-site/s10/C2Data-4844-Type1;6001544.0000;TIMEOUT;1611608707.261895
/ndn/v7-site/v7/C2Data-925-Type4;49961.0000;DATA;1611608718.416842
/ndn/h10-site/h10/C2Data-250-Type4;112573.0000;DATA;1611608719.698808
/ndn/v7-site/v7/C2Data-3174-Type3;46964.0000;DATA;1611608727.641743
/ndn/h2-site/h2/C2Data-124-Type3;160177.0000;DATA;1611608727.526761
/ndn/d1-site/d1/C2Data-978-Type3;194785.0000;DATA;1611608728.281870
/ndn/v4-site/v4/C2Data-2991-Type3;95688.0000;DATA;1611608730.085788
/ndn/d0-site/d0/C2Data-917-Type3;25059.0000;DATA;1611608730.703751
/ndn/h7-site/h7/C2Data-429-Type3;218814.0000;DATA;1611608731.415740
/ndn/h7-site/h7/C2Data-852-Type2;213037.0000;DATA;1611608731.744800
/ndn/d5-site/d5/C2Data-2425-Type1;138676.0000;DATA;1611608732.415762
/ndn/h9-site/h9/C2Data-1094-Type2;94974.0000;DATA;1611608732.623759
/ndn/h0-site/h0/C2Data-2-Type3;193595.0000;DATA;1611608732.529799
/ndn/d8-site/d8/C2Data-2788-Type2;23680.0000;DATA;1611608733.328809
/ndn/v0-site/v0/C2Data-2747-Type3;119038.0000;DATA;1611608733.396743
/ndn/s8-site/s8/C2Data-2320-Type3;6000325.0000;TIMEOUT;1611608727.807799
/ndn/h2-site/h2/C2Data-247-Type1;220618.0000;DATA;1611608734.032801
/ndn/s13-site/s13/C2Data-2625-Type3;6000194.0000;TIMEOUT;1611608728.375771
/ndn/h10-site/h10/C2Data-612-Type3;97151.0000;DATA;1611608735.414743
/ndn/d8-site/d8/C2Data-1405-Type3;23905.0000;DATA;1611608736.639742
/ndn/s8-site/s8/C2Data-4603-Type1;6000236.0000;TIMEOUT;1611608732.514833
/ndn/h10-site/h10/C2Data-1215-Type1;92330.0000;DATA;1611608738.512750
/ndn/v5-site/v5/C2Data-6055-Type2;93886.0000;DATA;1611608740.415794
/ndn/d2-site/d2/C2Data-2062-Type2;47585.0000;DATA;1611608740.573828
/ndn/s14-site/s14/C2Data-5329-Type2;6000813.0000;TIMEOUT;1611608734.667819
/ndn/d9-site/d9/C2Data-1466-Type3;74045.0000;DATA;1611608743.172818
/ndn/s11-site/s11/C2Data-4966-Type1;6000460.0000;TIMEOUT;1611608737.422764
/ndn/s9-site/s9/C2Data-2381-Type3;6000238.0000;TIMEOUT;1611608743.491861
/ndn/s10-site/s10/C2Data-2442-Type3;6001318.0000;TIMEOUT;1611608743.894760
/ndn/h14-site/h14/C2Data-1700-Type2;176660.0000;DATA;1611608760.185944
/ndn/v1-site/v1/C2Data-5572-Type2;76142.0000;DATA;1611608760.862743
/ndn/d13-site/d13/C2Data-3394-Type1;93290.0000;DATA;1611608760.973816
/ndn/s13-site/s13/C2Data-5209-Type2;6000688.0000;TIMEOUT;1611608760.187740
/ndn/h4-site/h4/C2Data-490-Type2;171146.0000;DATA;1611608766.894837
/ndn/s3-site/s3/C2Data-3999-Type2;6000185.0000;TIMEOUT;1611608761.170747
/ndn/h1-site/h1/C2Data-127-Type1;69004.0000;DATA;1611608767.796912
/ndn/v11-site/v11/C2Data-6782-Type1;95125.0000;DATA;1611608768.122805
/ndn/v4-site/v4/C2Data-5935-Type2;110529.0000;DATA;1611608768.992803
/ndn/h12-site/h12/C2Data-1458-Type2;214673.0000;DATA;1611608769.692805
/ndn/v13-site/v13/C2Data-7024-Type2;147339.0000;DATA;1611608770.586794
/ndn/v4-site/v4/C2Data-5935-Type1;92880.0000;DATA;1611608771.472812
/ndn/h2-site/h2/C2Data-248-Type2;212545.0000;DATA;1611608771.651767
/ndn/s1-site/s1/C2Data-3757-Type1;6000272.0000;TIMEOUT;1611608766.926836
/ndn/v7-site/v7/C2Data-3175-Type3;55840.0000;DATA;1611608785.392817
/ndn/v4-site/v4/C2Data-2992-Type3;99887.0000;DATA;1611608789.987848
/ndn/h2-site/h2/C2Data-125-Type3;209661.0000;DATA;1611608790.371786
/ndn/s1-site/s1/C2Data-1894-Type3;6000353.0000;TIMEOUT;1611608784.973744
/ndn/v2-site/v2/C2Data-5694-Type1;72655.0000;DATA;1611608791.091810
/ndn/s9-site/s9/C2Data-2382-Type3;6000347.0000;TIMEOUT;1611608785.313845
/ndn/s7-site/s7/C2Data-2260-Type3;6000274.0000;TIMEOUT;1611608786.187329
/ndn/d7-site/d7/C2Data-2669-Type2;47249.0000;DATA;1611608794.914768
