/ndn/d9-site/d9/C2Data-2299-Type1;29613.0000;DATA;1612717029.527613
/ndn/h2-site/h2/C2Data-242-Type2;168945.0000;DATA;1612717029.648934
/ndn/s0-site/s0/C2Data-2420-Type1;146590.0000;DATA;1612717030.252088
/ndn/d2-site/d2/C2Data-1452-Type2;25590.0000;DATA;1612717030.520013
/ndn/v6-site/v6/C2Data-4356-Type2;179371.0000;DATA;1612717033.868693
/ndn/d1-site/d1/C2Data-1331-Type1;104545.0000;DATA;1612717034.042372
/ndn/h0-site/h0/C2Data-0-Type1;24501.0000;DATA;1612717035.880142
/ndn/h9-site/h9/C2Data-549-Type3;58062.0000;DATA;1612717051.300921
/ndn/s6-site/s6/C2Data-1586-Type3;26492.0000;DATA;1612717052.299082
/ndn/d5-site/d5/C2Data-915-Type3;26336.0000;DATA;1612717052.314903
/ndn/h8-site/h8/C2Data-488-Type3;185886.0000;DATA;1612717052.421097
/ndn/v6-site/v6/C2Data-4357-Type2;170767.0000;DATA;1612717059.253265
/ndn/s5-site/s5/C2Data-1525-Type3;183701.0000;DATA;1612717060.605826
/ndn/d4-site/d4/C2Data-1695-Type2;73959.0000;DATA;1612717061.378096
/ndn/v3-site/v3/C2Data-3994-Type1;53881.0000;DATA;1612717061.869655
/ndn/s8-site/s8/C2Data-1708-Type3;121706.0000;DATA;1612717062.218849
/ndn/s0-site/s0/C2Data-2421-Type2;152400.0000;DATA;1612717062.592988
/ndn/d3-site/d3/C2Data-1574-Type2;221890.0000;DATA;1612717063.698375
/ndn/s9-site/s9/C2Data-3510-Type2;234776.0000;DATA;1612717065.786997
/ndn/v7-site/v7/C2Data-2257-Type3;50910.0000;DATA;1612717066.378576
/ndn/s3-site/s3/C2Data-1403-Type3;216101.0000;DATA;1612717066.303647
/ndn/s4-site/s4/C2Data-1464-Type3;73493.0000;DATA;1612717066.545553
/ndn/d4-site/d4/C2Data-1695-Type1;74286.0000;DATA;1612717067.016908
/ndn/d5-site/d5/C2Data-1816-Type1;30308.0000;DATA;1612717068.043920
/ndn/d2-site/d2/C2Data-732-Type3;32316.0000;DATA;1612717068.687259
/ndn/v5-site/v5/C2Data-2135-Type3;271597.0000;DATA;1612717072.128868
/ndn/d8-site/d8/C2Data-2180-Type1;42339.0000;DATA;1612717087.323894
/ndn/s5-site/s5/C2Data-3027-Type1;204907.0000;DATA;1612717087.208435
/ndn/v4-site/v4/C2Data-4116-Type1;292691.0000;DATA;1612717091.689976
/ndn/s5-site/s5/C2Data-3027-Type2;187097.0000;DATA;1612717092.081415
/ndn/h6-site/h6/C2Data-728-Type1;183276.0000;DATA;1612717092.629259
/ndn/h9-site/h9/C2Data-1091-Type2;49300.0000;DATA;1612717093.025577
/ndn/s7-site/s7/C2Data-3269-Type2;52896.0000;DATA;1612717093.270094
/ndn/v3-site/v3/C2Data-3995-Type2;52414.0000;DATA;1612717093.707793
/ndn/s1-site/s1/C2Data-2543-Type2;226008.0000;DATA;1612717094.630112
/ndn/v7-site/v7/C2Data-4479-Type1;56717.0000;DATA;1612717095.021310
/ndn/s0-site/s0/C2Data-2422-Type2;185207.0000;DATA;1612717095.182008
/ndn/s3-site/s3/C2Data-2785-Type1;241310.0000;DATA;1612717095.306360
/ndn/d0-site/d0/C2Data-1212-Type2;201999.0000;DATA;1612717097.169334
/ndn/h2-site/h2/C2Data-244-Type1;154286.0000;DATA;1612717097.867042
/ndn/s1-site/s1/C2Data-1282-Type3;712010.0000;DATA;1612717111.539265
/ndn/d1-site/d1/C2Data-1334-Type2;95842.0000;DATA;1612717117.503932
/ndn/d5-site/d5/C2Data-916-Type3;25412.0000;DATA;1612717118.453341
/ndn/v8-site/v8/C2Data-4601-Type2;156445.0000;DATA;1612717118.640049
/ndn/h8-site/h8/C2Data-489-Type3;182893.0000;DATA;1612717119.306610
/ndn/h7-site/h7/C2Data-850-Type1;147724.0000;DATA;1612717119.839006
/ndn/d2-site/d2/C2Data-1455-Type1;25669.0000;DATA;1612717122.512414
/ndn/h4-site/h4/C2Data-245-Type3;124512.0000;DATA;1612717123.435068
/ndn/v3-site/v3/C2Data-3996-Type1;47478.0000;DATA;1612717125.162973
/ndn/h3-site/h3/C2Data-366-Type1;150406.0000;DATA;1612717126.960122
/ndn/h9-site/h9/C2Data-550-Type3;545684.0000;DATA;1612717128.371659
/ndn/s1-site/s1/C2Data-2544-Type1;650590.0000;DATA;1612717128.314026
/ndn/h2-site/h2/C2Data-50-Type4;179219.0000;DATA;1612717129.225334
/ndn/v6-site/v6/C2Data-2197-Type3;179028.0000;DATA;1612717130.037258
/ndn/s7-site/s7/C2Data-3270-Type2;6000370.0000;TIMEOUT;1612717125.354992
/ndn/h0-site/h0/C2Data-1-Type3;34170.0000;DATA;1612717132.673662
/ndn/s8-site/s8/C2Data-3391-Type1;6004364.0000;TIMEOUT;1612717127.657274
/ndn/v1-site/v1/C2Data-525-Type4;167044.0000;DATA;1612717135.519547
/ndn/h0-site/h0/C2Data-0-Type4;36197.0000;DATA;1612717146.284207
/ndn/d4-site/d4/C2Data-350-Type4;81675.0000;DATA;1612717146.573552
/ndn/h5-site/h5/C2Data-609-Type2;129264.0000;DATA;1612717146.730713
/ndn/h4-site/h4/C2Data-488-Type2;124521.0000;DATA;1612717147.698393
/ndn/d1-site/d1/C2Data-1335-Type2;94623.0000;DATA;1612717148.427286
/ndn/h6-site/h6/C2Data-150-Type4;207170.0000;DATA;1612717151.119729
/ndn/h1-site/h1/C2Data-125-Type2;129245.0000;DATA;1612717151.384411
/ndn/v8-site/v8/C2Data-4602-Type1;162975.0000;DATA;1612717154.355574
/ndn/v7-site/v7/C2Data-4481-Type1;59798.0000;DATA;1612717156.348008
/ndn/h1-site/h1/C2Data-25-Type4;155549.0000;DATA;1612717163.872308
/ndn/h4-site/h4/C2Data-100-Type4;124251.0000;DATA;1612717171.211144
/ndn/v3-site/v3/C2Data-2015-Type3;47648.0000;DATA;1612717171.499512
/ndn/v7-site/v7/C2Data-2259-Type3;49071.0000;DATA;1612717174.037733
/ndn/d9-site/d9/C2Data-2304-Type1;25542.0000;DATA;1612717176.575226
/ndn/h5-site/h5/C2Data-610-Type1;123793.0000;DATA;1612717176.662543
/ndn/s7-site/s7/C2Data-1649-Type3;6002397.0000;TIMEOUT;1612717171.457843
/ndn/v3-site/v3/C2Data-3998-Type2;56755.0000;DATA;1612717177.529537
/ndn/v0-site/v0/C2Data-3635-Type2;124009.0000;DATA;1612717177.973640
/ndn/d7-site/d7/C2Data-2062-Type1;99647.0000;DATA;1612717180.031300
/ndn/s1-site/s1/C2Data-1283-Type3;6001538.0000;TIMEOUT;1612717175.564793
/ndn/d4-site/d4/C2Data-1699-Type2;84948.0000;DATA;1612717181.967795
/ndn/s0-site/s0/C2Data-2425-Type2;6001228.0000;TIMEOUT;1612717176.644757
/ndn/d2-site/d2/C2Data-734-Type3;25157.0000;DATA;1612717186.496262
/ndn/h6-site/h6/C2Data-731-Type1;168184.0000;DATA;1612717186.900004
/ndn/v2-site/v2/C2Data-3877-Type1;129925.0000;DATA;1612717187.262466
/ndn/s1-site/s1/C2Data-2546-Type1;6001531.0000;TIMEOUT;1612717183.897133
/ndn/v0-site/v0/C2Data-1832-Type3;98487.0000;DATA;1612717189.865612
/ndn/v3-site/v3/C2Data-3999-Type2;51648.0000;DATA;1612717208.654654
/ndn/v5-site/v5/C2Data-4241-Type1;317718.0000;DATA;1612717209.893979
/ndn/v0-site/v0/C2Data-3636-Type1;96914.0000;DATA;1612717211.788718
/ndn/s2-site/s2/C2Data-2668-Type1;6000641.0000;TIMEOUT;1612717206.413130
/ndn/s9-site/s9/C2Data-3515-Type1;6001400.0000;TIMEOUT;1612717208.560504
/ndn/d4-site/d4/C2Data-1700-Type1;74560.0000;DATA;1612717215.807975
/ndn/v3-site/v3/C2Data-3999-Type1;54673.0000;DATA;1612717216.020773
/ndn/s7-site/s7/C2Data-3273-Type1;6003721.0000;TIMEOUT;1612717214.567971
/ndn/s1-site/s1/C2Data-2547-Type2;6001474.0000;TIMEOUT;1612717216.610107
/ndn/s4-site/s4/C2Data-2910-Type2;6001481.0000;TIMEOUT;1612717217.307182
/ndn/d7-site/d7/C2Data-1040-Type3;97433.0000;DATA;1612717231.532739
/ndn/v8-site/v8/C2Data-2321-Type3;181911.0000;DATA;1612717239.753111
/ndn/h6-site/h6/C2Data-733-Type1;212781.0000;DATA;1612717239.794033
/ndn/d6-site/d6/C2Data-979-Type3;199184.0000;DATA;1612717240.087006
/ndn/s2-site/s2/C2Data-1345-Type3;6000467.0000;TIMEOUT;1612717234.534272
/ndn/v4-site/v4/C2Data-4121-Type2;250813.0000;DATA;1612717240.492486
/ndn/h2-site/h2/C2Data-249-Type1;150614.0000;DATA;1612717242.905452
/ndn/v6-site/v6/C2Data-4363-Type2;180928.0000;DATA;1612717246.048382
/ndn/v0-site/v0/C2Data-1833-Type3;108654.0000;DATA;1612717247.288066
/ndn/d6-site/d6/C2Data-1943-Type2;221419.0000;DATA;1612717247.708763
/ndn/s6-site/s6/C2Data-1589-Type3;6001207.0000;TIMEOUT;1612717246.029422
/ndn/h2-site/h2/C2Data-26-Type5;225031.0000;DATA;1612717252.377522
/ndn/s5-site/s5/C2Data-1528-Type3;6000974.0000;TIMEOUT;1612717253.641249
/ndn/s0-site/s0/C2Data-1223-Type3;6012181.0000;TIMEOUT;1612717253.939417
/ndn/s4-site/s4/C2Data-1467-Type3;6002288.0000;TIMEOUT;1612717254.119060
/ndn/h7-site/h7/C2Data-855-Type1;196442.0000;DATA;1612717266.737832
/ndn/v3-site/v3/C2Data-299-Type5;50501.0000;DATA;1612717266.928828
/ndn/h0-site/h0/C2Data-8-Type1;36044.0000;DATA;1612717268.445420
/ndn/v7-site/v7/C2Data-4485-Type1;55516.0000;DATA;1612717268.919528
/ndn/h7-site/h7/C2Data-91-Type5;154440.0000;DATA;1612717270.793490
/ndn/d2-site/d2/C2Data-1460-Type1;24539.0000;DATA;1612717272.427605
/ndn/v8-site/v8/C2Data-4606-Type1;143667.0000;DATA;1612717273.020283
/ndn/v1-site/v1/C2Data-526-Type4;160620.0000;DATA;1612717275.896889
/ndn/h9-site/h9/C2Data-1097-Type2;48650.0000;DATA;1612717276.750057
/ndn/h8-site/h8/C2Data-976-Type1;177749.0000;DATA;1612717277.069924
/ndn/s0-site/s0/C2Data-2428-Type1;6006307.0000;TIMEOUT;1612717273.547830
/ndn/s0-site/s0/C2Data-2428-Type2;6000682.0000;TIMEOUT;1612717273.637314
/ndn/d1-site/d1/C2Data-276-Type4;106920.0000;DATA;1612717280.972510
/ndn/d7-site/d7/C2Data-221-Type5;95417.0000;DATA;1612717289.253649
/ndn/v0-site/v0/C2Data-1834-Type3;97280.0000;DATA;1612717297.010279
/ndn/d3-site/d3/C2Data-1582-Type1;230602.0000;DATA;1612717297.546689
/ndn/d7-site/d7/C2Data-1041-Type3;82846.0000;DATA;1612717299.761574
/ndn/h8-site/h8/C2Data-104-Type5;176025.0000;DATA;1612717300.805040
/ndn/h8-site/h8/C2Data-977-Type2;173104.0000;DATA;1612717302.812662
/ndn/d1-site/d1/C2Data-675-Type3;98574.0000;DATA;1612717303.001078
/ndn/v4-site/v4/C2Data-4123-Type1;258227.0000;DATA;1612717303.084745
/ndn/v7-site/v7/C2Data-4486-Type2;51348.0000;DATA;1612717303.620407
/ndn/v1-site/v1/C2Data-3760-Type1;146343.0000;DATA;1612717304.986227
/ndn/d1-site/d1/C2Data-143-Type5;99293.0000;DATA;1612717305.221651
/ndn/h4-site/h4/C2Data-248-Type3;124339.0000;DATA;1612717306.134098
/ndn/s5-site/s5/C2Data-1529-Type3;6000426.0000;TIMEOUT;1612717300.296022
/ndn/s0-site/s0/C2Data-2429-Type1;6001302.0000;TIMEOUT;1612717300.956157
/ndn/s9-site/s9/C2Data-1773-Type3;6000828.0000;TIMEOUT;1612717302.957770
/ndn/s6-site/s6/C2Data-3155-Type1;6237658.0000;TIMEOUT;1612717302.996022
/ndn/s0-site/s0/C2Data-1224-Type3;6003166.0000;TIMEOUT;1612717303.549615
/ndn/s5-site/s5/C2Data-3034-Type1;6001980.0000;TIMEOUT;1612717305.119021
/ndn/s4-site/s4/C2Data-1468-Type3;6000531.0000;TIMEOUT;1612717305.785336
/ndn/h5-site/h5/C2Data-309-Type3;128895.0000;DATA;1612717312.136956
/ndn/d8-site/d8/C2Data-451-Type4;51005.0000;DATA;1612717315.824868
/ndn/d4-site/d4/C2Data-182-Type5;82018.0000;DATA;1612717316.345535
/ndn/d9-site/d9/C2Data-247-Type5;30432.0000;DATA;1612717317.862917
/ndn/h1-site/h1/C2Data-13-Type5;134071.0000;DATA;1612717326.565150
/ndn/h0-site/h0/C2Data-10-Type1;29378.0000;DATA;1612717328.748004
/ndn/v1-site/v1/C2Data-3761-Type1;122437.0000;DATA;1612717328.749698
/ndn/v6-site/v6/C2Data-4366-Type1;175441.0000;DATA;1612717329.359599
/ndn/h8-site/h8/C2Data-978-Type1;210321.0000;DATA;1612717329.952024
/ndn/d8-site/d8/C2Data-2188-Type1;25293.0000;DATA;1612717331.061036
/ndn/s2-site/s2/C2Data-2672-Type1;6015313.0000;TIMEOUT;1612717329.297220
/ndn/s6-site/s6/C2Data-3156-Type2;6003133.0000;TIMEOUT;1612717329.645369
/ndn/s2-site/s2/C2Data-2672-Type2;6000337.0000;TIMEOUT;1612717330.552708
/ndn/s1-site/s1/C2Data-2551-Type2;6006804.0000;TIMEOUT;1612717335.297205
/ndn/d7-site/d7/C2Data-1042-Type3;89418.0000;DATA;1612717351.101859
/ndn/d6-site/d6/C2Data-981-Type3;205146.0000;DATA;1612717354.664758
/ndn/d5-site/d5/C2Data-1826-Type2;42876.0000;DATA;1612717361.331453
/ndn/s8-site/s8/C2Data-3399-Type1;6000683.0000;TIMEOUT;1612717359.100438
/ndn/v5-site/v5/C2Data-4246-Type1;271466.0000;DATA;1612717364.852014
/ndn/d1-site/d1/C2Data-676-Type3;109470.0000;DATA;1612717365.226715
/ndn/h1-site/h1/C2Data-66-Type3;127229.0000;DATA;1612717366.372226
/ndn/v8-site/v8/C2Data-2323-Type3;163825.0000;DATA;1612717366.752566
/ndn/h8-site/h8/C2Data-979-Type2;194322.0000;DATA;1612717367.170539
/ndn/v0-site/v0/C2Data-1835-Type3;126145.0000;DATA;1612717369.554380
/ndn/v4-site/v4/C2Data-2079-Type3;264681.0000;DATA;1612717369.743666
/ndn/h2-site/h2/C2Data-127-Type3;152716.0000;DATA;1612717370.151317
/ndn/s7-site/s7/C2Data-3278-Type1;6004146.0000;TIMEOUT;1612717365.720146
/ndn/h4-site/h4/C2Data-249-Type3;169410.0000;DATA;1612717373.159802
/ndn/s0-site/s0/C2Data-2431-Type2;6002443.0000;TIMEOUT;1612717368.325229
/ndn/s8-site/s8/C2Data-1713-Type3;6001219.0000;TIMEOUT;1612717368.671514
/ndn/d7-site/d7/C2Data-2069-Type1;75154.0000;DATA;1612717388.938706
/ndn/h8-site/h8/C2Data-980-Type2;193274.0000;DATA;1612717390.561289
/ndn/v4-site/v4/C2Data-4126-Type2;241991.0000;DATA;1612717391.248008
/ndn/d7-site/d7/C2Data-2069-Type2;78530.0000;DATA;1612717392.571245
/ndn/v7-site/v7/C2Data-4489-Type2;77244.0000;DATA;1612717394.663178
/ndn/h2-site/h2/C2Data-254-Type1;144645.0000;DATA;1612717395.096336
/ndn/v3-site/v3/C2Data-4005-Type1;52023.0000;DATA;1612717395.632344
/ndn/d1-site/d1/C2Data-1343-Type2;130259.0000;DATA;1612717396.439137
/ndn/d8-site/d8/C2Data-1104-Type3;39766.0000;DATA;1612717411.396134
/ndn/v6-site/v6/C2Data-4369-Type1;182921.0000;DATA;1612717417.092996
/ndn/s2-site/s2/C2Data-1348-Type3;6001235.0000;TIMEOUT;1612717413.109124
/ndn/s8-site/s8/C2Data-1714-Type3;6000607.0000;TIMEOUT;1612717414.254772
/ndn/d1-site/d1/C2Data-1344-Type2;100141.0000;DATA;1612717420.899125
/ndn/d0-site/d0/C2Data-1223-Type2;220108.0000;DATA;1612717422.658139
/ndn/h8-site/h8/C2Data-981-Type2;186813.0000;DATA;1612717422.879221
/ndn/h9-site/h9/C2Data-555-Type3;48217.0000;DATA;1612717423.228927
/ndn/v8-site/v8/C2Data-2324-Type3;165078.0000;DATA;1612717423.816863
/ndn/v8-site/v8/C2Data-702-Type4;165300.0000;DATA;1612717423.818975
/ndn/h9-site/h9/C2Data-1102-Type2;52209.0000;DATA;1612717424.031721
/ndn/s3-site/s3/C2Data-1409-Type3;6000479.0000;TIMEOUT;1612717419.498275
/ndn/d5-site/d5/C2Data-921-Type3;27663.0000;DATA;1612717428.389559
/ndn/h2-site/h2/C2Data-128-Type3;180992.0000;DATA;1612717428.744370
/ndn/v4-site/v4/C2Data-2080-Type3;252353.0000;DATA;1612717430.919659
/ndn/h3-site/h3/C2Data-189-Type3;160112.0000;DATA;1612717432.788931
/ndn/d0-site/d0/C2Data-616-Type3;226859.0000;DATA;1612717433.361321
/ndn/s7-site/s7/C2Data-1653-Type3;6011181.0000;TIMEOUT;1612717431.315976
/ndn/v7-site/v7/C2Data-4491-Type2;62380.0000;DATA;1612717447.031663
/ndn/v2-site/v2/C2Data-3886-Type2;119402.0000;DATA;1612717449.950501
/ndn/v1-site/v1/C2Data-3765-Type1;125259.0000;DATA;1612717451.515307
/ndn/h5-site/h5/C2Data-619-Type2;126690.0000;DATA;1612717451.642269
/ndn/h1-site/h1/C2Data-135-Type1;168030.0000;DATA;1612717455.892104
/ndn/v0-site/v0/C2Data-3644-Type1;108359.0000;DATA;1612717456.519016
/ndn/d3-site/d3/C2Data-1587-Type2;222223.0000;DATA;1612717456.737388
/ndn/h3-site/h3/C2Data-377-Type1;148813.0000;DATA;1612717456.913256
/ndn/h6-site/h6/C2Data-740-Type1;174935.0000;DATA;1612717458.218950
/ndn/s9-site/s9/C2Data-3523-Type2;6009167.0000;TIMEOUT;1612717454.968984
/ndn/d8-site/d8/C2Data-452-Type4;46387.0000;DATA;1612717463.145136
/ndn/v3-site/v3/C2Data-2020-Type3;49432.0000;DATA;1612717470.498395
/ndn/v6-site/v6/C2Data-2203-Type3;174197.0000;DATA;1612717476.788982
/ndn/d7-site/d7/C2Data-2072-Type2;78196.0000;DATA;1612717478.343925
/ndn/v7-site/v7/C2Data-4492-Type1;48690.0000;DATA;1612717478.550921
/ndn/h0-site/h0/C2Data-15-Type1;25177.0000;DATA;1612717478.777531
/ndn/h8-site/h8/C2Data-983-Type1;177086.0000;DATA;1612717479.084853
/ndn/v0-site/v0/C2Data-3645-Type2;99629.0000;DATA;1612717479.449229
/ndn/v5-site/v5/C2Data-2142-Type3;240805.0000;DATA;1612717480.055967
/ndn/d2-site/d2/C2Data-739-Type3;27331.0000;DATA;1612717480.335012
/ndn/h4-site/h4/C2Data-251-Type3;123947.0000;DATA;1612717480.567117
/ndn/v8-site/v8/C2Data-2325-Type3;153936.0000;DATA;1612717483.767197
/ndn/s5-site/s5/C2Data-1532-Type3;6001019.0000;TIMEOUT;1612717478.280853
/ndn/h6-site/h6/C2Data-741-Type1;181317.0000;DATA;1612717484.305276
/ndn/h9-site/h9/C2Data-1104-Type2;50872.0000;DATA;1612717484.770858
/ndn/d8-site/d8/C2Data-2193-Type1;28830.0000;DATA;1612717485.703364
/ndn/h0-site/h0/C2Data-15-Type2;26842.0000;DATA;1612717486.069865
/ndn/s8-site/s8/C2Data-1715-Type3;6000830.0000;TIMEOUT;1612717480.370165
/ndn/d9-site/d9/C2Data-2314-Type1;27514.0000;DATA;1612717487.928969
/ndn/h1-site/h1/C2Data-136-Type1;147019.0000;DATA;1612717487.825293
/ndn/h9-site/h9/C2Data-556-Type3;56053.0000;DATA;1612717488.073652
/ndn/s0-site/s0/C2Data-2435-Type1;6014254.0000;TIMEOUT;1612717483.508849
/ndn/s6-site/s6/C2Data-3161-Type1;6000651.0000;TIMEOUT;1612717484.351346
/ndn/v2-site/v2/C2Data-1959-Type3;106722.0000;DATA;1612717491.092700
/ndn/s5-site/s5/C2Data-3040-Type1;6000675.0000;TIMEOUT;1612717486.810832
/ndn/s7-site/s7/C2Data-3282-Type2;6004794.0000;TIMEOUT;1612717487.188911
/ndn/d1-site/d1/C2Data-1347-Type2;106018.0000;DATA;1612717509.284211
/ndn/v7-site/v7/C2Data-189-Type6;48588.0000;DATA;1612717509.403678
/ndn/d8-site/d8/C2Data-2194-Type1;29503.0000;DATA;1612717516.491498
/ndn/s7-site/s7/C2Data-3283-Type2;6002087.0000;TIMEOUT;1612717514.618492
/ndn/d7-site/d7/C2Data-1045-Type3;73147.0000;DATA;1612717531.493694
/ndn/v5-site/v5/C2Data-2143-Type3;452749.0000;DATA;1612717532.435492
/ndn/s1-site/s1/C2Data-1289-Type3;6001859.0000;TIMEOUT;1612717535.241282
/ndn/v2-site/v2/C2Data-1960-Type3;101284.0000;DATA;1612717542.556012
/ndn/h3-site/h3/C2Data-191-Type3;147192.0000;DATA;1612717543.293052
/ndn/s4-site/s4/C2Data-2921-Type1;6000345.0000;TIMEOUT;1612717537.564968
/ndn/v8-site/v8/C2Data-4615-Type2;161338.0000;DATA;1612717544.019130
/ndn/s6-site/s6/C2Data-3163-Type2;6000327.0000;TIMEOUT;1612717540.100186
/ndn/s4-site/s4/C2Data-2921-Type2;6003247.0000;TIMEOUT;1612717540.218779
/ndn/d5-site/d5/C2Data-1832-Type2;31071.0000;DATA;1612717546.609368
/ndn/h8-site/h8/C2Data-985-Type1;177602.0000;DATA;1612717547.359831
/ndn/h6-site/h6/C2Data-743-Type1;183144.0000;DATA;1612717547.878989
/ndn/v0-site/v0/C2Data-1838-Type3;104586.0000;DATA;1612717548.481805
/ndn/s0-site/s0/C2Data-1228-Type3;6001584.0000;TIMEOUT;1612717544.815362
/ndn/v6-site/v6/C2Data-2204-Type3;204786.0000;DATA;1612717551.733046
/ndn/v3-site/v3/C2Data-2021-Type3;55622.0000;DATA;1612717552.683819
/ndn/s3-site/s3/C2Data-1411-Type3;6001847.0000;TIMEOUT;1612717547.047980
/ndn/s2-site/s2/C2Data-2679-Type1;6002085.0000;TIMEOUT;1612717547.485729
/ndn/s8-site/s8/C2Data-1716-Type3;6001332.0000;TIMEOUT;1612717552.632305
/ndn/d8-site/d8/C2Data-235-Type5;32006.0000;DATA;1612717561.678343
/ndn/h7-site/h7/C2Data-865-Type1;177728.0000;DATA;1612717566.861818
/ndn/h0-site/h0/C2Data-18-Type1;27869.0000;DATA;1612717567.939161
/ndn/v1-site/v1/C2Data-3769-Type1;124606.0000;DATA;1612717569.274160
/ndn/d2-site/d2/C2Data-1470-Type1;30461.0000;DATA;1612717571.737870
/ndn/h6-site/h6/C2Data-744-Type1;206593.0000;DATA;1612717571.691822
/ndn/d3-site/d3/C2Data-1591-Type1;244207.0000;DATA;1612717574.612007
/ndn/d9-site/d9/C2Data-2317-Type2;24815.0000;DATA;1612717575.986023
/ndn/s2-site/s2/C2Data-2680-Type1;6001890.0000;TIMEOUT;1612717570.092729
/ndn/h9-site/h9/C2Data-228-Type4;48782.0000;DATA;1612717582.770870
/ndn/s4-site/s4/C2Data-2922-Type1;6001073.0000;TIMEOUT;1612717577.314770
/ndn/s4-site/s4/C2Data-2922-Type2;6001426.0000;TIMEOUT;1612717577.777383
/ndn/h5-site/h5/C2Data-314-Type3;128515.0000;DATA;1612717593.041166
/ndn/v0-site/v0/C2Data-1839-Type3;110086.0000;DATA;1612717595.349564
/ndn/d7-site/d7/C2Data-1046-Type3;72875.0000;DATA;1612717596.490845
/ndn/h1-site/h1/C2Data-70-Type3;125622.0000;DATA;1612717596.940063
/ndn/h7-site/h7/C2Data-866-Type2;169087.0000;DATA;1612717597.213862
/ndn/v5-site/v5/C2Data-2144-Type3;247861.0000;DATA;1612717598.663464
/ndn/d0-site/d0/C2Data-131-Type5;227194.0000;DATA;1612717600.641397
/ndn/d0-site/d0/C2Data-1229-Type1;195234.0000;DATA;1612717601.235036
