/ndn/s3-site/s3/C2Data-3993-Type2;215519.0000;DATA;1611602585.955593
/ndn/h3-site/h3/C2Data-363-Type2;120576.0000;DATA;1611602588.241346
/ndn/h2-site/h2/C2Data-242-Type2;524.0000;NACK;1611602588.861490
/ndn/h8-site/h8/C2Data-968-Type1;23932.0000;DATA;1611602589.626484
/ndn/v2-site/v2/C2Data-5687-Type2;48616.0000;DATA;1611602589.801454
/ndn/v3-site/v3/C2Data-5808-Type2;99970.0000;DATA;1611602590.684516
/ndn/h10-site/h10/C2Data-1210-Type2;69183.0000;DATA;1611602592.260540
/ndn/v6-site/v6/C2Data-6171-Type2;143661.0000;DATA;1611602593.813496
/ndn/s2-site/s2/C2Data-3872-Type1;119198.0000;DATA;1611602594.496534
/ndn/h14-site/h14/C2Data-1694-Type2;41376.0000;NACK;1611602596.230433
/ndn/h10-site/h10/C2Data-1210-Type1;74178.0000;DATA;1611602596.304569
/ndn/s6-site/s6/C2Data-2196-Type3;81256.0000;DATA;1611602609.284988
/ndn/s0-site/s0/C2Data-1830-Type3;71058.0000;DATA;1611602610.491426
/ndn/d0-site/d0/C2Data-915-Type3;79248.0000;DATA;1611602611.597426
/ndn/d2-site/d2/C2Data-1037-Type3;101109.0000;DATA;1611602613.279473
/ndn/v12-site/v12/C2Data-3477-Type3;613.0000;NACK;1611602614.826476
/ndn/h8-site/h8/C2Data-969-Type1;24243.0000;DATA;1611602616.540436
/ndn/v9-site/v9/C2Data-3294-Type3;390.0000;NACK;1611602617.643136
/ndn/v14-site/v14/C2Data-7140-Type1;78788.0000;DATA;1611602617.573625
/ndn/s7-site/s7/C2Data-4478-Type2;193488.0000;DATA;1611602617.625506
/ndn/h4-site/h4/C2Data-485-Type1;96485.0000;DATA;1611602618.222425
/ndn/v1-site/v1/C2Data-5567-Type1;145235.0000;DATA;1611602618.653420
/ndn/s14-site/s14/C2Data-5325-Type1;168795.0000;DATA;1611602618.978416
/ndn/s12-site/s12/C2Data-5083-Type2;159592.0000;DATA;1611602620.378475
/ndn/s11-site/s11/C2Data-2501-Type3;139426.0000;DATA;1611602620.783550
/ndn/h7-site/h7/C2Data-427-Type3;141905.0000;DATA;1611602620.781113
/ndn/d8-site/d8/C2Data-2784-Type1;96398.0000;DATA;1611602620.954475
/ndn/d13-site/d13/C2Data-3389-Type1;149576.0000;DATA;1611602621.925091
/ndn/v8-site/v8/C2Data-3233-Type3;117263.0000;DATA;1611602623.716425
/ndn/h4-site/h4/C2Data-244-Type3;94065.0000;DATA;1611602623.851512
/ndn/h12-site/h12/C2Data-1453-Type1;211354.0000;DATA;1611602623.754462
/ndn/v7-site/v7/C2Data-6293-Type1;118500.0000;DATA;1611602624.493495
/ndn/s14-site/s14/C2Data-5325-Type2;170278.0000;DATA;1611602624.822495
/ndn/h7-site/h7/C2Data-848-Type1;141401.0000;DATA;1611602625.123551
/ndn/h3-site/h3/C2Data-364-Type2;121436.0000;DATA;1611602625.169435
/ndn/d5-site/d5/C2Data-1220-Type3;70413.0000;DATA;1611602625.947483
/ndn/s14-site/s14/C2Data-2684-Type3;166327.0000;DATA;1611602625.963462
/ndn/v1-site/v1/C2Data-5567-Type2;161109.0000;DATA;1611602626.814537
/ndn/v6-site/v6/C2Data-3111-Type3;154409.0000;DATA;1611602629.259507
/ndn/v14-site/v14/C2Data-3599-Type3;71222.0000;DATA;1611602629.594464
/ndn/v5-site/v5/C2Data-3050-Type3;164956.0000;DATA;1611602629.518562
/ndn/h1-site/h1/C2Data-61-Type3;117922.0000;DATA;1611602630.117481
/ndn/v11-site/v11/C2Data-3416-Type3;158959.0000;DATA;1611602631.036495
/ndn/s3-site/s3/C2Data-2013-Type3;151166.0000;DATA;1611602632.052460
/ndn/s1-site/s1/C2Data-3753-Type1;163002.0000;DATA;1611602645.127510
/ndn/h6-site/h6/C2Data-728-Type1;139171.0000;DATA;1611602646.476461
/ndn/d1-site/d1/C2Data-1938-Type1;197494.0000;DATA;1611602648.160542
/ndn/v8-site/v8/C2Data-6415-Type1;120055.0000;DATA;1611602649.076458
/ndn/d6-site/d6/C2Data-2543-Type2;71712.0000;DATA;1611602649.516506
/ndn/v7-site/v7/C2Data-6294-Type2;127746.0000;DATA;1611602649.829502
/ndn/h12-site/h12/C2Data-1454-Type1;225314.0000;DATA;1611602652.408518
/ndn/s2-site/s2/C2Data-3874-Type1;117302.0000;DATA;1611602652.738564
/ndn/h9-site/h9/C2Data-1091-Type1;23579.0000;DATA;1611602653.760545
/ndn/s2-site/s2/C2Data-3874-Type2;121770.0000;DATA;1611602654.810459
/ndn/h14-site/h14/C2Data-1696-Type1;167894.0000;DATA;1611602654.797597
/ndn/s5-site/s5/C2Data-4237-Type1;18513.0000;DATA;1611602655.162572
/ndn/d4-site/d4/C2Data-2301-Type2;177997.0000;DATA;1611602655.812517
/ndn/d11-site/d11/C2Data-1587-Type3;92619.0000;DATA;1611602669.269452
/ndn/v7-site/v7/C2Data-3173-Type3;123775.0000;DATA;1611602669.325648
/ndn/d2-site/d2/C2Data-1038-Type3;99065.0000;DATA;1611602671.145525
/ndn/d10-site/d10/C2Data-1526-Type3;94658.0000;DATA;1611602674.570615
/ndn/d0-site/d0/C2Data-916-Type3;74944.0000;DATA;1611602674.870539
/ndn/v14-site/v14/C2Data-3600-Type3;69525.0000;DATA;1611602675.338437
/ndn/d1-site/d1/C2Data-1939-Type2;191952.0000;DATA;1611602675.575466
/ndn/h9-site/h9/C2Data-1092-Type1;25538.0000;DATA;1611602675.931503
/ndn/s0-site/s0/C2Data-1831-Type3;6000237.0000;TIMEOUT;1611602669.999516
/ndn/v2-site/v2/C2Data-5690-Type2;48282.0000;DATA;1611602676.077550
/ndn/d7-site/d7/C2Data-1343-Type3;23633.0000;DATA;1611602676.810464
/ndn/d3-site/d3/C2Data-2181-Type2;71110.0000;DATA;1611602680.402482
/ndn/h3-site/h3/C2Data-366-Type1;121670.0000;DATA;1611602680.440474
/ndn/d5-site/d5/C2Data-2423-Type2;71747.0000;DATA;1611602681.487499
/ndn/s2-site/s2/C2Data-1953-Type3;6000451.0000;TIMEOUT;1611602675.924493
/ndn/s2-site/s2/C2Data-3875-Type2;6001599.0000;TIMEOUT;1611602676.167511
/ndn/v6-site/v6/C2Data-6174-Type1;145551.0000;DATA;1611602682.097668
/ndn/d11-site/d11/C2Data-3149-Type2;93414.0000;DATA;1611602682.345825
/ndn/s5-site/s5/C2Data-2136-Type3;46569.0000;DATA;1611602684.176489
/ndn/d7-site/d7/C2Data-2665-Type1;24280.0000;DATA;1611602685.075283
/ndn/v4-site/v4/C2Data-5932-Type1;163250.0000;DATA;1611602685.016469
/ndn/h14-site/h14/C2Data-1697-Type1;165283.0000;DATA;1611602685.801436
/ndn/h8-site/h8/C2Data-971-Type2;24645.0000;DATA;1611602686.707497
/ndn/v8-site/v8/C2Data-3234-Type3;121172.0000;DATA;1611602687.897470
/ndn/h8-site/h8/C2Data-489-Type3;23875.0000;DATA;1611602688.639459
/ndn/s3-site/s3/C2Data-3996-Type1;6002929.0000;TIMEOUT;1611602684.313635
/ndn/h6-site/h6/C2Data-367-Type3;95612.0000;DATA;1611602690.435506
/ndn/d12-site/d12/C2Data-675-Type4;79118.0000;DATA;1611602703.667512
/ndn/v5-site/v5/C2Data-875-Type4;178413.0000;DATA;1611602705.102295
/ndn/h2-site/h2/C2Data-50-Type4;215837.0000;DATA;1611602709.514513
/ndn/h2-site/h2/C2Data-246-Type2;211848.0000;DATA;1611602709.860544
/ndn/d8-site/d8/C2Data-2787-Type2;93979.0000;DATA;1611602710.593880
/ndn/h13-site/h13/C2Data-1577-Type1;96108.0000;DATA;1611602710.716494
/ndn/v14-site/v14/C2Data-1100-Type4;70483.0000;DATA;1611602712.560511
/ndn/d14-site/d14/C2Data-3513-Type1;175773.0000;DATA;1611602713.091433
/ndn/h10-site/h10/C2Data-1214-Type1;69439.0000;DATA;1611602716.188454
/ndn/s10-site/s10/C2Data-4844-Type1;6000700.0000;TIMEOUT;1611602714.220521
/ndn/v2-site/v2/C2Data-800-Type4;50689.0000;DATA;1611602722.622504
/ndn/v6-site/v6/C2Data-900-Type4;208326.0000;DATA;1611602725.783424
/ndn/h10-site/h10/C2Data-250-Type4;72788.0000;DATA;1611602727.591461
/ndn/v6-site/v6/C2Data-3113-Type3;139232.0000;DATA;1611602729.549459
/ndn/v5-site/v5/C2Data-3052-Type3;174519.0000;DATA;1611602732.538482
/ndn/h9-site/h9/C2Data-551-Type3;26113.0000;DATA;1611602733.661502
/ndn/d1-site/d1/C2Data-1941-Type1;195508.0000;DATA;1611602735.057527
/ndn/h7-site/h7/C2Data-175-Type4;143271.0000;DATA;1611602735.234458
/ndn/d6-site/d6/C2Data-525-Type4;71276.0000;DATA;1611602735.712459
/ndn/d13-site/d13/C2Data-1710-Type3;143403.0000;DATA;1611602736.530479
/ndn/v1-site/v1/C2Data-2808-Type3;147781.0000;DATA;1611602736.732435
/ndn/h2-site/h2/C2Data-247-Type2;212594.0000;DATA;1611602737.000573
/ndn/v10-site/v10/C2Data-6660-Type2;52956.0000;DATA;1611602738.125440
/ndn/v13-site/v13/C2Data-7023-Type2;123168.0000;DATA;1611602738.120423
/ndn/v0-site/v0/C2Data-2747-Type3;69427.0000;DATA;1611602739.073514
/ndn/s1-site/s1/C2Data-3756-Type1;6001014.0000;TIMEOUT;1611602735.390521
/ndn/v13-site/v13/C2Data-7023-Type1;116524.0000;DATA;1611602741.446210
/ndn/v2-site/v2/C2Data-5692-Type2;47426.0000;DATA;1611602742.200517
/ndn/h6-site/h6/C2Data-731-Type1;96520.0000;DATA;1611602742.480510
/ndn/h1-site/h1/C2Data-126-Type2;117531.0000;DATA;1611602744.175479
/ndn/s13-site/s13/C2Data-2625-Type3;6000375.0000;TIMEOUT;1611602739.018507
/ndn/h13-site/h13/C2Data-795-Type3;96114.0000;DATA;1611602745.133493
/ndn/v2-site/v2/C2Data-5692-Type1;48010.0000;DATA;1611602745.916536
/ndn/h9-site/h9/C2Data-1094-Type2;24089.0000;DATA;1611602745.950519
/ndn/d0-site/d0/C2Data-917-Type3;69398.0000;DATA;1611602745.919449
/ndn/s2-site/s2/C2Data-3877-Type2;6000213.0000;TIMEOUT;1611602740.227503
/ndn/d8-site/d8/C2Data-1405-Type3;101196.0000;DATA;1611602746.351542
/ndn/s0-site/s0/C2Data-3635-Type1;6000442.0000;TIMEOUT;1611602740.615525
/ndn/d4-site/d4/C2Data-1161-Type3;164588.0000;DATA;1611602748.597651
/ndn/s0-site/s0/C2Data-1832-Type3;6002588.0000;TIMEOUT;1611602743.451551
/ndn/d2-site/d2/C2Data-1039-Type3;96594.0000;DATA;1611602750.292549
/ndn/s3-site/s3/C2Data-3998-Type2;6000632.0000;TIMEOUT;1611602745.240511
/ndn/h0-site/h0/C2Data-2-Type3;120689.0000;DATA;1611602751.237409
/ndn/h12-site/h12/C2Data-1458-Type2;220135.0000;DATA;1611602765.009636
/ndn/v14-site/v14/C2Data-7145-Type2;75657.0000;DATA;1611602765.241439
/ndn/v5-site/v5/C2Data-6056-Type2;165519.0000;DATA;1611602766.023519
/ndn/v3-site/v3/C2Data-5814-Type2;96537.0000;DATA;1611602767.731428
/ndn/d4-site/d4/C2Data-2305-Type2;173512.0000;DATA;1611602768.083499
/ndn/d6-site/d6/C2Data-2547-Type1;72325.0000;DATA;1611602769.051441
/ndn/v0-site/v0/C2Data-5451-Type2;74457.0000;DATA;1611602770.984384
/ndn/d13-site/d13/C2Data-3394-Type2;148440.0000;DATA;1611602772.517507
/ndn/d2-site/d2/C2Data-2063-Type2;96163.0000;DATA;1611602773.633485
/ndn/v7-site/v7/C2Data-6298-Type1;117653.0000;DATA;1611602774.128416
/ndn/s8-site/s8/C2Data-4604-Type2;6001573.0000;TIMEOUT;1611602769.327422
/ndn/h8-site/h8/C2Data-974-Type1;28570.0000;DATA;1611602775.299509
/ndn/v13-site/v13/C2Data-7024-Type1;116034.0000;DATA;1611602776.263485
/ndn/d7-site/d7/C2Data-2668-Type2;25449.0000;DATA;1611602776.365480
/ndn/d1-site/d1/C2Data-1942-Type1;191806.0000;DATA;1611602776.860530
/ndn/s8-site/s8/C2Data-4604-Type1;6000592.0000;TIMEOUT;1611602772.759421
/ndn/v13-site/v13/C2Data-3541-Type3;127024.0000;DATA;1611602789.750509
/ndn/d2-site/d2/C2Data-1040-Type3;97787.0000;DATA;1611602790.202535
/ndn/d0-site/d0/C2Data-918-Type3;123408.0000;DATA;1611602791.801420
/ndn/h4-site/h4/C2Data-247-Type3;102453.0000;DATA;1611602792.689492
/ndn/h14-site/h14/C2Data-1701-Type2;161808.0000;DATA;1611602797.696009
