/ndn/h4-site/h4/C2Data-484-Type1;50930.0000;DATA;1612147689.627296
/ndn/h3-site/h3/C2Data-363-Type1;74548.0000;DATA;1612147690.835966
/ndn/v9-site/v9/C2Data-4719-Type2;120881.0000;DATA;1612147691.604735
/ndn/s0-site/s0/C2Data-2420-Type2;128744.0000;DATA;1612147692.737320
/ndn/h9-site/h9/C2Data-1089-Type1;165215.0000;DATA;1612147693.723260
/ndn/d4-site/d4/C2Data-1694-Type1;75010.0000;DATA;1612147694.615123
/ndn/d3-site/d3/C2Data-1573-Type2;144821.0000;DATA;1612147695.723153
/ndn/d8-site/d8/C2Data-2178-Type1;146399.0000;DATA;1612147696.261409
/ndn/v8-site/v8/C2Data-4598-Type2;26008.0000;DATA;1612147699.173944
/ndn/d4-site/d4/C2Data-1694-Type2;49297.0000;DATA;1612147700.279861
/ndn/s5-site/s5/C2Data-3025-Type1;72510.0000;DATA;1612147700.437634
/ndn/d3-site/d3/C2Data-1573-Type1;165541.0000;DATA;1612147700.680324
/ndn/v3-site/v3/C2Data-2013-Type3;125245.0000;DATA;1612147712.885341
/ndn/s0-site/s0/C2Data-1220-Type3;123008.0000;DATA;1612147717.080723
/ndn/d2-site/d2/C2Data-732-Type3;110986.0000;DATA;1612147720.844059
/ndn/d6-site/d6/C2Data-1937-Type2;120566.0000;DATA;1612147721.205315
/ndn/h5-site/h5/C2Data-606-Type1;48822.0000;DATA;1612147723.866981
/ndn/d0-site/d0/C2Data-1211-Type2;125037.0000;DATA;1612147725.513695
/ndn/h5-site/h5/C2Data-305-Type3;52056.0000;DATA;1612147727.244546
/ndn/h1-site/h1/C2Data-122-Type2;38541.0000;DATA;1612147727.827721
/ndn/s8-site/s8/C2Data-1708-Type3;97249.0000;DATA;1612147728.672039
/ndn/h7-site/h7/C2Data-848-Type2;89571.0000;DATA;1612147729.091262
/ndn/s7-site/s7/C2Data-3268-Type1;72533.0000;DATA;1612147730.383353
/ndn/d6-site/d6/C2Data-976-Type3;134808.0000;DATA;1612147730.518238
/ndn/d5-site/d5/C2Data-1816-Type1;146203.0000;DATA;1612147730.645146
/ndn/s7-site/s7/C2Data-1647-Type3;80491.0000;DATA;1612147732.049846
/ndn/h9-site/h9/C2Data-549-Type3;188739.0000;DATA;1612147735.457224
/ndn/d0-site/d0/C2Data-1212-Type1;132113.0000;DATA;1612147749.396866
/ndn/s7-site/s7/C2Data-3269-Type2;72918.0000;DATA;1612147752.446011
/ndn/h2-site/h2/C2Data-244-Type2;114339.0000;DATA;1612147752.953680
/ndn/h3-site/h3/C2Data-365-Type2;75525.0000;DATA;1612147755.675461
/ndn/s6-site/s6/C2Data-3148-Type2;94845.0000;DATA;1612147757.183060
/ndn/d7-site/d7/C2Data-2059-Type1;150002.0000;DATA;1612147760.531477
/ndn/v0-site/v0/C2Data-1831-Type3;25798.0000;DATA;1612147773.999750
/ndn/h9-site/h9/C2Data-550-Type3;183076.0000;DATA;1612147778.092516
/ndn/d9-site/d9/C2Data-1160-Type3;161136.0000;DATA;1612147780.148473
/ndn/s9-site/s9/C2Data-3512-Type2;152875.0000;DATA;1612147780.183086
/ndn/d4-site/d4/C2Data-1697-Type2;48802.0000;DATA;1612147781.019893
/ndn/s2-site/s2/C2Data-1343-Type3;48126.0000;DATA;1612147781.504087
/ndn/d5-site/d5/C2Data-1818-Type2;142812.0000;DATA;1612147784.003276
/ndn/d8-site/d8/C2Data-2181-Type2;143025.0000;DATA;1612147784.172059
/ndn/v7-site/v7/C2Data-4480-Type1;73451.0000;DATA;1612147784.324095
/ndn/d5-site/d5/C2Data-916-Type3;146610.0000;DATA;1612147784.264093
