/ndn/d11-site/d11/C2Data-3146-Type2;139758.0000;DATA;1611610326.757107
/ndn/h3-site/h3/C2Data-363-Type1;203067.0000;DATA;1611610327.034135
/ndn/s2-site/s2/C2Data-3872-Type2;550.0000;DATA;1611610327.307073
/ndn/s7-site/s7/C2Data-4477-Type1;120572.0000;DATA;1611610328.875063
/ndn/s11-site/s11/C2Data-4961-Type1;560.0000;NACK;1611610329.814086
/ndn/v5-site/v5/C2Data-6050-Type1;592.0000;NACK;1611610331.858158
/ndn/d5-site/d5/C2Data-2420-Type2;597.0000;DATA;1611610334.925082
/ndn/h2-site/h2/C2Data-242-Type1;592.0000;NACK;1611610335.411034
/ndn/h11-site/h11/C2Data-1331-Type1;101415.0000;DATA;1611610335.766111
/ndn/h9-site/h9/C2Data-1089-Type1;84517.0000;DATA;1611610335.833036
/ndn/v7-site/v7/C2Data-6292-Type2;299.0000;NACK;1611610335.925057
/ndn/s14-site/s14/C2Data-5324-Type2;589.0000;NACK;1611610336.497105
/ndn/d2-site/d2/C2Data-1037-Type3;75859.0000;DATA;1611610351.997036
/ndn/s4-site/s4/C2Data-2074-Type3;683.0000;NACK;1611610353.492090
/ndn/s6-site/s6/C2Data-2196-Type3;181120.0000;DATA;1611610353.449133
/ndn/s13-site/s13/C2Data-2623-Type3;598.0000;NACK;1611610354.471026
/ndn/s4-site/s4/C2Data-4115-Type2;673.0000;NACK;1611610355.890034
/ndn/d11-site/d11/C2Data-3147-Type1;160708.0000;DATA;1611610356.037073
/ndn/h1-site/h1/C2Data-61-Type3;69263.0000;DATA;1611610356.259082
/ndn/h12-site/h12/C2Data-1453-Type2;861.0000;NACK;1611610356.897037
/ndn/s11-site/s11/C2Data-4962-Type2;513.0000;NACK;1611610357.044108
/ndn/h7-site/h7/C2Data-848-Type2;151814.0000;DATA;1611610360.357034
/ndn/s8-site/s8/C2Data-4599-Type2;50402.0000;DATA;1611610360.819078
/ndn/s9-site/s9/C2Data-4720-Type2;588.0000;DATA;1611610361.934087
/ndn/s14-site/s14/C2Data-2684-Type3;77144.0000;DATA;1611610362.864038
/ndn/s14-site/s14/C2Data-5325-Type1;111276.0000;DATA;1611610363.292081
/ndn/v11-site/v11/C2Data-6777-Type1;632.0000;DATA;1611610363.453087
/ndn/s8-site/s8/C2Data-4599-Type1;48303.0000;DATA;1611610363.667111
/ndn/h2-site/h2/C2Data-243-Type1;335.0000;NACK;1611610363.716089
/ndn/h9-site/h9/C2Data-1090-Type2;73669.0000;DATA;1611610363.946187
/ndn/v5-site/v5/C2Data-3050-Type3;504.0000;NACK;1611610364.347047
/ndn/d2-site/d2/C2Data-2058-Type2;85066.0000;DATA;1611610365.970076
/ndn/d7-site/d7/C2Data-1342-Type3;94981.0000;DATA;1611610366.192112
/ndn/d0-site/d0/C2Data-1816-Type1;121156.0000;DATA;1611610366.792093
/ndn/h3-site/h3/C2Data-183-Type3;77316.0000;DATA;1611610367.088089
/ndn/h7-site/h7/C2Data-427-Type3;527.0000;DATA;1611610367.760194
/ndn/v7-site/v7/C2Data-3172-Type3;619.0000;NACK;1611610368.304067
/ndn/d6-site/d6/C2Data-1281-Type3;476.0000;DATA;1611610370.490056
/ndn/h11-site/h11/C2Data-671-Type3;525.0000;DATA;1611610372.992090
/ndn/v2-site/v2/C2Data-5689-Type1;131119.0000;DATA;1611610386.398030
/ndn/s10-site/s10/C2Data-4842-Type2;586.0000;NACK;1611610386.976088
/ndn/d7-site/d7/C2Data-2664-Type1;122966.0000;DATA;1611610386.879073
/ndn/d7-site/d7/C2Data-2664-Type2;126992.0000;DATA;1611610388.217039
/ndn/s0-site/s0/C2Data-3632-Type2;120315.0000;DATA;1611610388.925095
/ndn/v1-site/v1/C2Data-5568-Type1;649.0000;NACK;1611610391.730123
/ndn/h10-site/h10/C2Data-1212-Type2;168777.0000;DATA;1611610392.086124
/ndn/d5-site/d5/C2Data-2422-Type1;618.0000;DATA;1611610392.477066
/ndn/h3-site/h3/C2Data-365-Type2;72789.0000;DATA;1611610393.123110
/ndn/h1-site/h1/C2Data-123-Type2;78128.0000;DATA;1611610395.416186
/ndn/s2-site/s2/C2Data-3874-Type1;438.0000;DATA;1611610396.126066
/ndn/h3-site/h3/C2Data-365-Type1;141757.0000;DATA;1611610396.409248
/ndn/s9-site/s9/C2Data-4721-Type1;27923.0000;DATA;1611610396.538081
/ndn/d11-site/d11/C2Data-1587-Type3;144279.0000;DATA;1611610410.048917
/ndn/s11-site/s11/C2Data-2502-Type3;128750.0000;DATA;1611610411.407092
/ndn/d13-site/d13/C2Data-1709-Type3;52068.0000;DATA;1611610412.695044
/ndn/v8-site/v8/C2Data-3234-Type3;627.0000;DATA;1611610415.502089
/ndn/v3-site/v3/C2Data-5811-Type2;669.0000;DATA;1611610416.541054
/ndn/h12-site/h12/C2Data-733-Type3;879.0000;NACK;1611610418.138033
/ndn/v9-site/v9/C2Data-6537-Type2;122311.0000;DATA;1611610418.117030
/ndn/d0-site/d0/C2Data-916-Type3;71163.0000;DATA;1611610418.455074
/ndn/h0-site/h0/C2Data-3-Type1;48484.0000;DATA;1611610419.680036
/ndn/s13-site/s13/C2Data-2624-Type3;171302.0000;DATA;1611610420.401101
/ndn/v7-site/v7/C2Data-6295-Type2;137273.0000;DATA;1611610421.055060
/ndn/v6-site/v6/C2Data-900-Type4;46614.0000;DATA;1611610422.168181
/ndn/h8-site/h8/C2Data-489-Type3;48168.0000;DATA;1611610423.667095
/ndn/d8-site/d8/C2Data-2786-Type2;117605.0000;DATA;1611610424.259105
/ndn/v9-site/v9/C2Data-3295-Type3;47518.0000;DATA;1611610424.384260
/ndn/d7-site/d7/C2Data-2665-Type2;118272.0000;DATA;1611610425.022044
/ndn/d4-site/d4/C2Data-2302-Type2;495.0000;DATA;1611610425.185041
/ndn/v13-site/v13/C2Data-7021-Type2;581.0000;DATA;1611610425.843165
/ndn/d7-site/d7/C2Data-550-Type4;119565.0000;DATA;1611610425.958134
/ndn/d6-site/d6/C2Data-1282-Type3;618.0000;DATA;1611610429.201065
/ndn/d8-site/d8/C2Data-1404-Type3;719.0000;DATA;1611610430.196038
/ndn/d6-site/d6/C2Data-525-Type4;52089.0000;DATA;1611610437.724066
/ndn/d1-site/d1/C2Data-400-Type4;703.0000;DATA;1611610439.686273
/ndn/h2-site/h2/C2Data-50-Type4;48632.0000;DATA;1611610443.068856
/ndn/v10-site/v10/C2Data-1000-Type4;173885.0000;DATA;1611610443.241093
/ndn/v1-site/v1/C2Data-775-Type4;183112.0000;DATA;1611610443.628396
/ndn/v3-site/v3/C2Data-825-Type4;23956.0000;DATA;1611610444.743775
/ndn/s8-site/s8/C2Data-4602-Type1;46910.0000;DATA;1611610445.946029
/ndn/v1-site/v1/C2Data-5570-Type2;224693.0000;DATA;1611610446.552067
/ndn/v13-site/v13/C2Data-1075-Type4;23536.0000;DATA;1611610447.662024
/ndn/v7-site/v7/C2Data-6296-Type1;146715.0000;DATA;1611610447.837122
/ndn/s14-site/s14/C2Data-5328-Type1;101214.0000;DATA;1611610449.820703
/ndn/d7-site/d7/C2Data-2666-Type1;52921.0000;DATA;1611610450.974061
/ndn/s8-site/s8/C2Data-4602-Type2;619.0000;DATA;1611610452.248044
/ndn/h4-site/h4/C2Data-488-Type1;101087.0000;DATA;1611610457.111131
/ndn/h1-site/h1/C2Data-25-Type4;752.0000;DATA;1611610463.512309
/ndn/v6-site/v6/C2Data-3113-Type3;49691.0000;DATA;1611610470.997211
/ndn/h12-site/h12/C2Data-300-Type4;549.0000;DATA;1611610475.328047
/ndn/d1-site/d1/C2Data-1941-Type1;664.0000;DATA;1611610476.667058
/ndn/v3-site/v3/C2Data-5813-Type2;27471.0000;DATA;1611610477.936040
/ndn/h1-site/h1/C2Data-63-Type3;910.0000;DATA;1611610478.066073
/ndn/d0-site/d0/C2Data-375-Type4;46918.0000;DATA;1611610478.122181
/ndn/d0-site/d0/C2Data-917-Type3;49322.0000;DATA;1611610478.440075
/ndn/s7-site/s7/C2Data-2259-Type3;46643.0000;DATA;1611610478.937126
/ndn/h5-site/h5/C2Data-307-Type3;404.0000;DATA;1611610480.268042
/ndn/h12-site/h12/C2Data-1457-Type2;48255.0000;DATA;1611610480.265069
/ndn/d12-site/d12/C2Data-1649-Type3;145156.0000;DATA;1611610480.198161
/ndn/s14-site/s14/C2Data-5329-Type1;78682.0000;DATA;1611610480.271043
/ndn/s7-site/s7/C2Data-4482-Type1;97960.0000;DATA;1611610480.542061
/ndn/d5-site/d5/C2Data-2425-Type2;78228.0000;DATA;1611610481.308067
/ndn/h4-site/h4/C2Data-489-Type2;91595.0000;DATA;1611610481.778126
/ndn/d5-site/d5/C2Data-2425-Type1;71603.0000;DATA;1611610481.875080
/ndn/d13-site/d13/C2Data-3393-Type1;69752.0000;DATA;1611610482.716053
/ndn/v2-site/v2/C2Data-5692-Type1;23786.0000;DATA;1611610483.150039
/ndn/h14-site/h14/C2Data-856-Type3;842.0000;DATA;1611610484.513057
/ndn/v5-site/v5/C2Data-3052-Type3;46942.0000;DATA;1611610484.664049
/ndn/s3-site/s3/C2Data-3998-Type1;595.0000;DATA;1611610485.021038
/ndn/d4-site/d4/C2Data-1161-Type3;608.0000;DATA;1611610485.184099
/ndn/h10-site/h10/C2Data-1215-Type1;51391.0000;DATA;1611610485.897047
/ndn/d13-site/d13/C2Data-3393-Type2;541.0000;DATA;1611610486.560048
/ndn/d2-site/d2/C2Data-1039-Type3;70638.0000;DATA;1611610486.648050
/ndn/d1-site/d1/C2Data-978-Type3;505.0000;DATA;1611610486.955032
/ndn/v10-site/v10/C2Data-6660-Type2;46167.0000;DATA;1611610487.385913
/ndn/v12-site/v12/C2Data-3479-Type3;49911.0000;DATA;1611610489.058076
/ndn/v8-site/v8/C2Data-3235-Type3;46274.0000;DATA;1611610489.971050
/ndn/h6-site/h6/C2Data-368-Type3;561.0000;DATA;1611610490.627111
/ndn/d8-site/d8/C2Data-1405-Type3;70617.0000;DATA;1611610490.854075
/ndn/v4-site/v4/C2Data-2991-Type3;75146.0000;DATA;1611610491.361955
/ndn/s3-site/s3/C2Data-2015-Type3;673.0000;DATA;1611610491.891101
/ndn/v3-site/v3/C2Data-2930-Type3;648.0000;DATA;1611610492.468051
/ndn/h6-site/h6/C2Data-732-Type2;100718.0000;DATA;1611610505.507089
/ndn/s9-site/s9/C2Data-4725-Type2;24116.0000;DATA;1611610506.410134
/ndn/s1-site/s1/C2Data-3757-Type2;51425.0000;DATA;1611610507.855084
/ndn/v13-site/v13/C2Data-7024-Type2;25987.0000;DATA;1611610508.236044
/ndn/d0-site/d0/C2Data-1821-Type1;69349.0000;DATA;1611610508.432058
/ndn/h14-site/h14/C2Data-1700-Type1;644.0000;DATA;1611610511.013112
/ndn/s12-site/s12/C2Data-5088-Type2;646.0000;DATA;1611610511.299114
/ndn/h1-site/h1/C2Data-127-Type1;76422.0000;DATA;1611610512.170081
/ndn/d14-site/d14/C2Data-3515-Type2;545.0000;DATA;1611610512.496062
/ndn/h3-site/h3/C2Data-369-Type1;77427.0000;DATA;1611610512.623059
/ndn/d11-site/d11/C2Data-3152-Type2;166782.0000;DATA;1611610512.927101
/ndn/d9-site/d9/C2Data-2910-Type1;46731.0000;DATA;1611610514.451042
/ndn/s13-site/s13/C2Data-5209-Type2;646.0000;DATA;1611610514.771104
/ndn/s11-site/s11/C2Data-4967-Type1;46742.0000;DATA;1611610515.436147
/ndn/s10-site/s10/C2Data-4846-Type2;47923.0000;DATA;1611610515.497073
/ndn/h7-site/h7/C2Data-853-Type1;140070.0000;DATA;1611610515.818094
/ndn/v12-site/v12/C2Data-6903-Type2;76852.0000;DATA;1611610516.047082
/ndn/v10-site/v10/C2Data-6661-Type2;148414.0000;DATA;1611610516.378072
/ndn/v6-site/v6/C2Data-6177-Type2;601.0000;DATA;1611610516.555079
/ndn/v0-site/v0/C2Data-2748-Type3;152370.0000;DATA;1611610530.741069
/ndn/d1-site/d1/C2Data-979-Type3;683.0000;DATA;1611610532.211180
/ndn/s2-site/s2/C2Data-1955-Type3;24638.0000;DATA;1611610532.975241
/ndn/h10-site/h10/C2Data-1217-Type2;170048.0000;DATA;1611610535.433039
/ndn/s14-site/s14/C2Data-5331-Type1;73935.0000;DATA;1611610535.913033
/ndn/s5-site/s5/C2Data-4242-Type2;123404.0000;DATA;1611610537.145068
/ndn/d8-site/d8/C2Data-2790-Type1;128832.0000;DATA;1611610538.662045
/ndn/s6-site/s6/C2Data-4363-Type2;168833.0000;DATA;1611610538.980025
/ndn/d13-site/d13/C2Data-3395-Type2;71551.0000;DATA;1611610539.501070
/ndn/v1-site/v1/C2Data-5573-Type2;75003.0000;DATA;1611610539.970084
/ndn/v4-site/v4/C2Data-5936-Type1;248533.0000;DATA;1611610540.052153
/ndn/h4-site/h4/C2Data-491-Type2;71860.0000;DATA;1611610540.232125
/ndn/d5-site/d5/C2Data-1223-Type3;510.0000;DATA;1611610540.359033
/ndn/v5-site/v5/C2Data-6057-Type1;143838.0000;DATA;1611610540.790055
