/ndn/h9-site/h9/C2Data-1089-Type1;242948.0000;DATA;1612146988.324844
/ndn/s3-site/s3/C2Data-2783-Type2;56240.0000;DATA;1612146990.657502
/ndn/v3-site/v3/C2Data-3993-Type1;267988.0000;DATA;1612146991.988409
/ndn/v6-site/v6/C2Data-4356-Type1;102535.0000;DATA;1612146992.583812
/ndn/s8-site/s8/C2Data-3388-Type2;104134.0000;DATA;1612146996.024110
/ndn/h4-site/h4/C2Data-484-Type1;163988.0000;DATA;1612146996.910761
/ndn/h3-site/h3/C2Data-363-Type2;117372.0000;DATA;1612146996.966778
/ndn/d5-site/d5/C2Data-1815-Type1;269151.0000;DATA;1612146997.590288
/ndn/v6-site/v6/C2Data-2196-Type3;70166.0000;DATA;1612147013.322445
/ndn/d6-site/d6/C2Data-976-Type3;108586.0000;DATA;1612147017.588612
/ndn/d8-site/d8/C2Data-2179-Type2;224770.0000;DATA;1612147018.108044
/ndn/s5-site/s5/C2Data-3026-Type1;150340.0000;DATA;1612147018.662570
/ndn/v2-site/v2/C2Data-3873-Type2;200494.0000;DATA;1612147019.259422
/ndn/d5-site/d5/C2Data-1816-Type2;299436.0000;DATA;1612147020.003999
/ndn/d3-site/d3/C2Data-1574-Type1;26395.0000;DATA;1612147020.962086
/ndn/h4-site/h4/C2Data-485-Type2;163176.0000;DATA;1612147023.630958
/ndn/h2-site/h2/C2Data-243-Type2;152382.0000;DATA;1612147024.299481
/ndn/d6-site/d6/C2Data-1937-Type2;55994.0000;DATA;1612147024.728912
/ndn/v4-site/v4/C2Data-2074-Type3;24193.0000;DATA;1612147026.524749
/ndn/v4-site/v4/C2Data-4115-Type2;24492.0000;DATA;1612147026.875990
/ndn/s4-site/s4/C2Data-1464-Type3;25077.0000;DATA;1612147027.632251
/ndn/h3-site/h3/C2Data-183-Type3;97543.0000;DATA;1612147027.685924
/ndn/d7-site/d7/C2Data-2058-Type1;121567.0000;DATA;1612147028.417808
/ndn/h9-site/h9/C2Data-549-Type3;248345.0000;DATA;1612147033.014116
/ndn/d2-site/d2/C2Data-1454-Type1;264139.0000;DATA;1612147048.608010
/ndn/d4-site/d4/C2Data-1696-Type1;203971.0000;DATA;1612147049.272455
/ndn/s6-site/s6/C2Data-3148-Type2;186137.0000;DATA;1612147051.618156
/ndn/d1-site/d1/C2Data-1333-Type2;73412.0000;DATA;1612147052.208815
/ndn/d5-site/d5/C2Data-1817-Type2;352216.0000;DATA;1612147053.347434
/ndn/h5-site/h5/C2Data-607-Type1;184832.0000;DATA;1612147055.441116
/ndn/h3-site/h3/C2Data-365-Type2;112477.0000;DATA;1612147056.444495
/ndn/v2-site/v2/C2Data-3874-Type1;160537.0000;DATA;1612147058.099822
/ndn/s7-site/s7/C2Data-1648-Type3;223531.0000;DATA;1612147072.658838
/ndn/h1-site/h1/C2Data-62-Type3;149232.0000;DATA;1612147073.598761
/ndn/h7-site/h7/C2Data-428-Type3;131302.0000;DATA;1612147073.685967
/ndn/s5-site/s5/C2Data-1526-Type3;312082.0000;DATA;1612147075.907634
/ndn/s5-site/s5/C2Data-3028-Type1;117303.0000;DATA;1612147077.590341
/ndn/s6-site/s6/C2Data-3149-Type1;247903.0000;DATA;1612147078.830768
/ndn/s8-site/s8/C2Data-3391-Type2;125026.0000;DATA;1612147080.377572
/ndn/s6-site/s6/C2Data-3149-Type2;209471.0000;DATA;1612147081.749201
