/ndn/h9-site/h9/C2Data-1089-Type1;196964.0000;DATA;1612715359.216624
/ndn/s3-site/s3/C2Data-2783-Type2;53901.0000;DATA;1612715361.549227
/ndn/v3-site/v3/C2Data-3993-Type1;273337.0000;DATA;1612715362.881141
/ndn/v6-site/v6/C2Data-4356-Type1;74280.0000;DATA;1612715363.477627
/ndn/s8-site/s8/C2Data-3388-Type2;129610.0000;DATA;1612715366.916859
/ndn/h3-site/h3/C2Data-363-Type2;97009.0000;DATA;1612715367.858339
/ndn/h4-site/h4/C2Data-484-Type1;144565.0000;DATA;1612715367.801605
/ndn/d5-site/d5/C2Data-1815-Type1;275535.0000;DATA;1612715368.479623
/ndn/v6-site/v6/C2Data-2196-Type3;76822.0000;DATA;1612715384.214149
/ndn/d6-site/d6/C2Data-976-Type3;109382.0000;DATA;1612715388.481486
/ndn/d8-site/d8/C2Data-2179-Type2;217190.0000;DATA;1612715389.000907
/ndn/s5-site/s5/C2Data-3026-Type1;160627.0000;DATA;1612715389.553688
/ndn/v2-site/v2/C2Data-3873-Type2;188166.0000;DATA;1612715390.153103
/ndn/d5-site/d5/C2Data-1816-Type2;308780.0000;DATA;1612715390.896275
/ndn/d3-site/d3/C2Data-1574-Type1;25489.0000;DATA;1612715391.851844
/ndn/h4-site/h4/C2Data-485-Type2;146076.0000;DATA;1612715394.527657
/ndn/h2-site/h2/C2Data-243-Type2;128711.0000;DATA;1612715395.190895
/ndn/d6-site/d6/C2Data-1937-Type2;65942.0000;DATA;1612715395.620699
/ndn/v4-site/v4/C2Data-2074-Type3;26452.0000;DATA;1612715397.416801
/ndn/v4-site/v4/C2Data-4115-Type2;25387.0000;DATA;1612715397.768026
/ndn/s4-site/s4/C2Data-1464-Type3;24895.0000;DATA;1612715398.525396
/ndn/h3-site/h3/C2Data-183-Type3;100347.0000;DATA;1612715398.577681
/ndn/d7-site/d7/C2Data-2058-Type1;122724.0000;DATA;1612715399.309632
/ndn/h9-site/h9/C2Data-549-Type3;108495.0000;DATA;1612715403.890338
/ndn/d2-site/d2/C2Data-1454-Type1;295430.0000;DATA;1612715419.504630
/ndn/d4-site/d4/C2Data-1696-Type1;203262.0000;DATA;1612715420.164795
/ndn/s6-site/s6/C2Data-3148-Type2;186073.0000;DATA;1612715422.509086
/ndn/d1-site/d1/C2Data-1333-Type2;56699.0000;DATA;1612715423.100651
/ndn/d5-site/d5/C2Data-1817-Type2;292172.0000;DATA;1612715424.239030
/ndn/h5-site/h5/C2Data-607-Type1;170733.0000;DATA;1612715426.331635
/ndn/h3-site/h3/C2Data-365-Type2;120166.0000;DATA;1612715427.336629
/ndn/v2-site/v2/C2Data-3874-Type1;116538.0000;DATA;1612715428.992854
/ndn/s7-site/s7/C2Data-1648-Type3;228618.0000;DATA;1612715443.554578
/ndn/h1-site/h1/C2Data-62-Type3;141554.0000;DATA;1612715444.483351
/ndn/h7-site/h7/C2Data-428-Type3;127788.0000;DATA;1612715444.577670
/ndn/s5-site/s5/C2Data-1526-Type3;131999.0000;DATA;1612715446.802674
/ndn/s5-site/s5/C2Data-3028-Type1;123785.0000;DATA;1612715448.794737
/ndn/s6-site/s6/C2Data-3149-Type1;253120.0000;DATA;1612715449.723537
/ndn/s8-site/s8/C2Data-3391-Type2;588081.0000;DATA;1612715451.268570
/ndn/s6-site/s6/C2Data-3149-Type2;173058.0000;DATA;1612715452.641255
/ndn/s2-site/s2/C2Data-1343-Type3;26759.0000;DATA;1612715454.473174
/ndn/s7-site/s7/C2Data-3270-Type1;130289.0000;DATA;1612715455.045715
/ndn/s4-site/s4/C2Data-2907-Type1;100460.0000;DATA;1612715455.290784
/ndn/v9-site/v9/C2Data-4722-Type2;79795.0000;DATA;1612715455.995644
/ndn/h4-site/h4/C2Data-487-Type2;81311.0000;DATA;1612715456.010784
/ndn/h3-site/h3/C2Data-184-Type3;122447.0000;DATA;1612715456.991702
/ndn/v4-site/v4/C2Data-4117-Type1;33597.0000;DATA;1612715457.903575
/ndn/h3-site/h3/C2Data-366-Type2;99564.0000;DATA;1612715459.912551
/ndn/d5-site/d5/C2Data-916-Type3;30379.0000;DATA;1612715460.669999
/ndn/v3-site/v3/C2Data-2014-Type3;90730.0000;DATA;1612715463.704521
/ndn/d2-site/d2/C2Data-300-Type4;208801.0000;DATA;1612715466.608350
/ndn/d9-site/d9/C2Data-2303-Type2;283258.0000;DATA;1612715480.423541
/ndn/v3-site/v3/C2Data-575-Type4;111872.0000;DATA;1612715480.864800
/ndn/h7-site/h7/C2Data-175-Type4;24502.0000;DATA;1612715481.030418
/ndn/s4-site/s4/C2Data-2908-Type1;223416.0000;DATA;1612715480.976406
/ndn/s9-site/s9/C2Data-3513-Type2;32746.0000;DATA;1612715481.481870
/ndn/s8-site/s8/C2Data-3392-Type1;118226.0000;DATA;1612715482.252256
/ndn/v6-site/v6/C2Data-4360-Type2;72245.0000;DATA;1612715482.587284
/ndn/h7-site/h7/C2Data-851-Type2;129081.0000;DATA;1612715484.838165
/ndn/v2-site/v2/C2Data-550-Type4;25792.0000;DATA;1612715485.904682
/ndn/s8-site/s8/C2Data-3392-Type2;106625.0000;DATA;1612715485.986240
/ndn/h1-site/h1/C2Data-25-Type4;128525.0000;DATA;1612715505.624581
/ndn/d9-site/d9/C2Data-2304-Type1;248180.0000;DATA;1612715509.315841
/ndn/d2-site/d2/C2Data-1457-Type1;296475.0000;DATA;1612715509.662817
/ndn/d0-site/d0/C2Data-1215-Type2;58330.0000;DATA;1612715510.462229
/ndn/s3-site/s3/C2Data-2788-Type1;51298.0000;DATA;1612715510.809154
/ndn/h9-site/h9/C2Data-551-Type3;48263.0000;DATA;1612715511.138731
/ndn/d0-site/d0/C2Data-1215-Type1;76398.0000;DATA;1612715511.291150
/ndn/h3-site/h3/C2Data-185-Type3;27488.0000;DATA;1612715511.930825
/ndn/v4-site/v4/C2Data-4119-Type1;24916.0000;DATA;1612715512.112261
/ndn/h6-site/h6/C2Data-731-Type2;132376.0000;DATA;1612715512.148167
/ndn/v3-site/v3/C2Data-3998-Type1;344993.0000;DATA;1612715512.206935
/ndn/d1-site/d1/C2Data-1336-Type1;175357.0000;DATA;1612715512.781806
/ndn/h8-site/h8/C2Data-490-Type3;101752.0000;DATA;1612715516.895009
/ndn/s1-site/s1/C2Data-2546-Type1;51820.0000;DATA;1612715517.181758
/ndn/s3-site/s3/C2Data-1405-Type3;50973.0000;DATA;1612715517.542918
/ndn/v6-site/v6/C2Data-4361-Type1;87968.0000;DATA;1612715518.580382
/ndn/d8-site/d8/C2Data-2183-Type2;250312.0000;DATA;1612715518.641826
/ndn/d0-site/d0/C2Data-612-Type3;53502.0000;DATA;1612715524.153632
/ndn/h2-site/h2/C2Data-248-Type2;124735.0000;DATA;1612715539.951961
/ndn/h0-site/h0/C2Data-6-Type2;254968.0000;DATA;1612715541.116817
/ndn/h7-site/h7/C2Data-853-Type1;121486.0000;DATA;1612715541.358825
/ndn/v4-site/v4/C2Data-4120-Type2;35153.0000;DATA;1612715542.542615
/ndn/v4-site/v4/C2Data-4120-Type1;24386.0000;DATA;1612715544.001587
/ndn/s4-site/s4/C2Data-2910-Type2;226615.0000;DATA;1612715546.723122
/ndn/v2-site/v2/C2Data-3878-Type1;25902.0000;DATA;1612715547.287174
/ndn/v7-site/v7/C2Data-4483-Type1;222353.0000;DATA;1612715547.626097
/ndn/d1-site/d1/C2Data-1338-Type1;148666.0000;DATA;1612715568.536752
/ndn/d9-site/d9/C2Data-2306-Type2;282152.0000;DATA;1612715569.192580
/ndn/s8-site/s8/C2Data-3395-Type1;103590.0000;DATA;1612715570.019002
/ndn/d3-site/d3/C2Data-1580-Type1;25354.0000;DATA;1612715570.541491
/ndn/h6-site/h6/C2Data-733-Type1;99791.0000;DATA;1612715571.520759
/ndn/d7-site/d7/C2Data-2064-Type1;184091.0000;DATA;1612715571.534700
/ndn/v6-site/v6/C2Data-4363-Type1;60260.0000;DATA;1612715571.667180
/ndn/d2-site/d2/C2Data-1459-Type2;269925.0000;DATA;1612715571.958287
/ndn/v2-site/v2/C2Data-3879-Type2;66561.0000;DATA;1612715572.198514
/ndn/s9-site/s9/C2Data-1772-Type3;26345.0000;DATA;1612715572.486054
/ndn/h3-site/h3/C2Data-186-Type3;83504.0000;DATA;1612715573.191994
/ndn/v3-site/v3/C2Data-4000-Type1;315460.0000;DATA;1612715573.024266
/ndn/d6-site/d6/C2Data-1943-Type2;99163.0000;DATA;1612715574.280575
/ndn/s5-site/s5/C2Data-1528-Type3;126592.0000;DATA;1612715574.262950
/ndn/d2-site/d2/C2Data-735-Type3;586895.0000;DATA;1612715574.327878
/ndn/v0-site/v0/C2Data-1833-Type3;24470.0000;DATA;1612715574.927220
/ndn/d1-site/d1/C2Data-674-Type3;24647.0000;DATA;1612715576.286418
/ndn/v7-site/v7/C2Data-4484-Type2;157074.0000;DATA;1612715577.183766
/ndn/s6-site/s6/C2Data-3153-Type2;191672.0000;DATA;1612715577.211977
/ndn/d3-site/d3/C2Data-1580-Type2;36074.0000;DATA;1612715577.494205
/ndn/d5-site/d5/C2Data-1822-Type1;273080.0000;DATA;1612715577.470588
/ndn/v8-site/v8/C2Data-4605-Type2;149940.0000;DATA;1612715579.662796
/ndn/h6-site/h6/C2Data-369-Type3;129591.0000;DATA;1612715581.430846
/ndn/v4-site/v4/C2Data-2077-Type3;29068.0000;DATA;1612715583.638577
/ndn/h7-site/h7/C2Data-430-Type3;40099.0000;DATA;1612715584.699703
/ndn/d3-site/d3/C2Data-169-Type5;24284.0000;DATA;1612715589.962728
/ndn/d4-site/d4/C2Data-1702-Type2;29443.0000;DATA;1612715599.311400
/ndn/h6-site/h6/C2Data-734-Type2;123368.0000;DATA;1612715599.234648
/ndn/d5-site/d5/C2Data-1823-Type1;28023.0000;DATA;1612715600.835242
/ndn/d9-site/d9/C2Data-247-Type5;339761.0000;DATA;1612715602.972644
/ndn/h2-site/h2/C2Data-250-Type2;129735.0000;DATA;1612715604.267435
/ndn/h0-site/h0/C2Data-8-Type2;190777.0000;DATA;1612715604.800672
/ndn/s1-site/s1/C2Data-2549-Type2;49125.0000;DATA;1612715605.072364
/ndn/s6-site/s6/C2Data-3154-Type1;169073.0000;DATA;1612715605.005260
/ndn/s2-site/s2/C2Data-2670-Type1;96353.0000;DATA;1612715605.410603
/ndn/h0-site/h0/C2Data-8-Type1;267238.0000;DATA;1612715607.401983
/ndn/d8-site/d8/C2Data-234-Type5;286969.0000;DATA;1612715612.413078
/ndn/d4-site/d4/C2Data-858-Type3;111175.0000;DATA;1612715625.184367
/ndn/d7-site/d7/C2Data-1041-Type3;102048.0000;DATA;1612715628.858564
/ndn/d0-site/d0/C2Data-251-Type4;76941.0000;DATA;1612715628.867633
/ndn/s1-site/s1/C2Data-2550-Type1;52228.0000;DATA;1612715629.538693
/ndn/d0-site/d0/C2Data-614-Type3;74506.0000;DATA;1612715629.526743
/ndn/s9-site/s9/C2Data-1773-Type3;24730.0000;DATA;1612715629.950245
/ndn/s1-site/s1/C2Data-2550-Type2;51671.0000;DATA;1612715631.296481
/ndn/s8-site/s8/C2Data-1712-Type3;48378.0000;DATA;1612715632.724281
/ndn/v2-site/v2/C2Data-3881-Type2;103726.0000;DATA;1612715633.430826
/ndn/h5-site/h5/C2Data-309-Type3;188287.0000;DATA;1612715633.363457
/ndn/d8-site/d8/C2Data-2187-Type1;151894.0000;DATA;1612715633.492965
/ndn/s2-site/s2/C2Data-1346-Type3;77492.0000;DATA;1612715633.725854
/ndn/h8-site/h8/C2Data-201-Type4;24595.0000;DATA;1612715633.903814
/ndn/d3-site/d3/C2Data-797-Type3;28701.0000;DATA;1612715636.167858
/ndn/v8-site/v8/C2Data-4607-Type1;144807.0000;DATA;1612715636.637883
/ndn/d9-site/d9/C2Data-476-Type4;125686.0000;DATA;1612715637.695421
/ndn/d9-site/d9/C2Data-2308-Type1;72728.0000;DATA;1612715638.069602
/ndn/d2-site/d2/C2Data-301-Type4;120539.0000;DATA;1612715638.541579
/ndn/v0-site/v0/C2Data-3639-Type1;187483.0000;DATA;1612715639.049134
/ndn/v1-site/v1/C2Data-3760-Type2;101708.0000;DATA;1612715639.520176
/ndn/s7-site/s7/C2Data-1651-Type3;26163.0000;DATA;1612715641.085268
/ndn/v8-site/v8/C2Data-701-Type4;117421.0000;DATA;1612715647.171881
/ndn/d5-site/d5/C2Data-376-Type4;223578.0000;DATA;1612715656.584866
/ndn/s5-site/s5/C2Data-3035-Type1;135796.0000;DATA;1612715659.322439
/ndn/d9-site/d9/C2Data-2309-Type2;280256.0000;DATA;1612715659.651293
/ndn/s1-site/s1/C2Data-2551-Type2;51747.0000;DATA;1612715660.072718
/ndn/d8-site/d8/C2Data-451-Type4;24561.0000;DATA;1612715660.113867
/ndn/s2-site/s2/C2Data-2672-Type2;144358.0000;DATA;1612715660.436722
/ndn/s5-site/s5/C2Data-3035-Type2;128078.0000;DATA;1612715661.388623
/ndn/h5-site/h5/C2Data-615-Type1;202885.0000;DATA;1612715661.863801
/ndn/v9-site/v9/C2Data-726-Type4;159612.0000;DATA;1612715662.178841
/ndn/d3-site/d3/C2Data-1583-Type1;23679.0000;DATA;1612715666.154567
/ndn/d2-site/d2/C2Data-1462-Type2;233563.0000;DATA;1612715666.895553
/ndn/v7-site/v7/C2Data-4487-Type1;74998.0000;DATA;1612715667.516403
/ndn/d1-site/d1/C2Data-1341-Type2;127693.0000;DATA;1612715669.773773
/ndn/h7-site/h7/C2Data-857-Type1;144780.0000;DATA;1612715669.830536
/ndn/h7-site/h7/C2Data-91-Type5;147910.0000;DATA;1612715672.867845
/ndn/v8-site/v8/C2Data-2323-Type3;161265.0000;DATA;1612715684.211268
/ndn/v3-site/v3/C2Data-2018-Type3;288045.0000;DATA;1612715685.355828
/ndn/s2-site/s2/C2Data-1347-Type3;81238.0000;DATA;1612715685.825689
/ndn/v1-site/v1/C2Data-1896-Type3;93928.0000;DATA;1612715687.084703
/ndn/h4-site/h4/C2Data-52-Type5;183473.0000;DATA;1612715687.857815
/ndn/h1-site/h1/C2Data-132-Type1;184316.0000;DATA;1612715688.880585
/ndn/h8-site/h8/C2Data-493-Type3;29372.0000;DATA;1612715689.811297
/ndn/v7-site/v7/C2Data-4488-Type2;282294.0000;DATA;1612715690.743337
/ndn/d0-site/d0/C2Data-615-Type3;58661.0000;DATA;1612715691.342481
/ndn/d5-site/d5/C2Data-920-Type3;121347.0000;DATA;1612715691.588822
/ndn/v4-site/v4/C2Data-4125-Type2;27341.0000;DATA;1612715692.011266
/ndn/s4-site/s4/C2Data-2915-Type1;200262.0000;DATA;1612715691.905463
/ndn/h2-site/h2/C2Data-253-Type1;128802.0000;DATA;1612715692.818866
/ndn/h1-site/h1/C2Data-132-Type2;25840.0000;DATA;1612715693.098216
/ndn/h8-site/h8/C2Data-979-Type1;115539.0000;DATA;1612715695.874925
/ndn/d6-site/d6/C2Data-981-Type3;33676.0000;DATA;1612715696.489942
/ndn/s8-site/s8/C2Data-1713-Type3;25701.0000;DATA;1612715697.239798
/ndn/h6-site/h6/C2Data-371-Type3;124407.0000;DATA;1612715697.296699
/ndn/v0-site/v0/C2Data-3641-Type1;186503.0000;DATA;1612715698.279076
/ndn/h4-site/h4/C2Data-249-Type3;150741.0000;DATA;1612715701.083614
/ndn/h0-site/h0/C2Data-5-Type3;247557.0000;DATA;1612715702.124064
/ndn/v0-site/v0/C2Data-1835-Type3;133192.0000;DATA;1612715702.863671
/ndn/h2-site/h2/C2Data-127-Type3;25366.0000;DATA;1612715703.489757
/ndn/s0-site/s0/C2Data-2432-Type2;101054.0000;DATA;1612715718.830094
/ndn/s3-site/s3/C2Data-2795-Type1;52119.0000;DATA;1612715719.941328
/ndn/v3-site/v3/C2Data-4005-Type2;274133.0000;DATA;1612715724.538278
/ndn/h8-site/h8/C2Data-980-Type1;124414.0000;DATA;1612715726.356715
/ndn/h7-site/h7/C2Data-859-Type2;131138.0000;DATA;1612715729.433799
/ndn/s1-site/s1/C2Data-2553-Type1;56664.0000;DATA;1612715730.068142
/ndn/s8-site/s8/C2Data-3400-Type1;6000962.0000;TIMEOUT;1612715730.198875
/ndn/s0-site/s0/C2Data-1226-Type3;95487.0000;DATA;1612715748.503600
/ndn/s6-site/s6/C2Data-1592-Type3;6000379.0000;TIMEOUT;1612715742.899334
/ndn/h8-site/h8/C2Data-981-Type1;129225.0000;DATA;1612715749.526604
/ndn/d8-site/d8/C2Data-2191-Type2;221695.0000;DATA;1612715750.774414
/ndn/d6-site/d6/C2Data-982-Type3;25376.0000;DATA;1612715751.644183
/ndn/v0-site/v0/C2Data-3643-Type1;173149.0000;DATA;1612715752.065416
/ndn/h3-site/h3/C2Data-376-Type1;25712.0000;DATA;1612715752.340340
/ndn/v8-site/v8/C2Data-2324-Type3;77384.0000;DATA;1612715753.036265
/ndn/h7-site/h7/C2Data-433-Type3;72227.0000;DATA;1612715753.894670
/ndn/d9-site/d9/C2Data-2312-Type2;271986.0000;DATA;1612715755.074643
/ndn/h1-site/h1/C2Data-67-Type3;27761.0000;DATA;1612715755.518350
/ndn/d9-site/d9/C2Data-1165-Type3;176390.0000;DATA;1612715755.758191
/ndn/v2-site/v2/C2Data-1958-Type3;29713.0000;DATA;1612715756.278566
/ndn/d0-site/d0/C2Data-1223-Type1;79345.0000;DATA;1612715757.068644
/ndn/d8-site/d8/C2Data-1104-Type3;275800.0000;DATA;1612715761.458616
/ndn/s4-site/s4/C2Data-1470-Type3;6000926.0000;TIMEOUT;1612715759.206094
/ndn/s1-site/s1/C2Data-1287-Type3;6001586.0000;TIMEOUT;1612715760.486867
/ndn/s8-site/s8/C2Data-1714-Type3;6001893.0000;TIMEOUT;1612715762.903927
/ndn/h9-site/h9/C2Data-227-Type4;24591.0000;DATA;1612715778.463945
/ndn/h5-site/h5/C2Data-619-Type2;192645.0000;DATA;1612715778.483186
/ndn/d2-site/d2/C2Data-302-Type4;131452.0000;DATA;1612715779.718167
/ndn/v1-site/v1/C2Data-3765-Type1;185015.0000;DATA;1612715783.112325
/ndn/d4-site/d4/C2Data-1708-Type1;126702.0000;DATA;1612715783.956726
/ndn/d6-site/d6/C2Data-1950-Type1;109008.0000;DATA;1612715788.824033
/ndn/s3-site/s3/C2Data-2797-Type2;6017927.0000;TIMEOUT;1612715786.625611
/ndn/h7-site/h7/C2Data-177-Type4;215380.0000;DATA;1612715796.007368
/ndn/v4-site/v4/C2Data-602-Type4;28449.0000;DATA;1612715796.227014
/ndn/d3-site/d3/C2Data-327-Type4;24469.0000;DATA;1612715806.423748
/ndn/v4-site/v4/C2Data-4129-Type1;40545.0000;DATA;1612715809.427513
/ndn/h3-site/h3/C2Data-378-Type2;101119.0000;DATA;1612715809.501797
/ndn/h6-site/h6/C2Data-152-Type4;25522.0000;DATA;1612715809.732447
/ndn/v6-site/v6/C2Data-2203-Type3;102016.0000;DATA;1612715810.372690
/ndn/d5-site/d5/C2Data-1830-Type2;285955.0000;DATA;1612715811.863986
/ndn/s8-site/s8/C2Data-1715-Type3;6009859.0000;TIMEOUT;1612715806.346909
/ndn/v1-site/v1/C2Data-3766-Type2;175118.0000;DATA;1612715813.237917
/ndn/v0-site/v0/C2Data-3645-Type2;169192.0000;DATA;1612715813.704251
/ndn/v6-site/v6/C2Data-4371-Type2;73301.0000;DATA;1612715815.345639
/ndn/v7-site/v7/C2Data-4492-Type1;192623.0000;DATA;1612715815.426718
/ndn/s1-site/s1/C2Data-1288-Type3;6000626.0000;TIMEOUT;1612715811.577658
/ndn/s6-site/s6/C2Data-1593-Type3;6000966.0000;TIMEOUT;1612715812.576374
/ndn/h1-site/h1/C2Data-136-Type1;156371.0000;DATA;1612715818.643843
/ndn/s1-site/s1/C2Data-2556-Type2;6000696.0000;TIMEOUT;1612715814.378037
/ndn/v8-site/v8/C2Data-2325-Type3;138439.0000;DATA;1612715820.734143
/ndn/v7-site/v7/C2Data-2264-Type3;36354.0000;DATA;1612715821.183096
/ndn/d9-site/d9/C2Data-1166-Type3;305176.0000;DATA;1612715821.065627
/ndn/s0-site/s0/C2Data-1227-Type3;6000970.0000;TIMEOUT;1612715816.970677
/ndn/s3-site/s3/C2Data-2798-Type1;6000816.0000;TIMEOUT;1612715818.811358
/ndn/v6-site/v6/C2Data-4372-Type2;77015.0000;DATA;1612715840.273278
/ndn/d5-site/d5/C2Data-1831-Type1;268376.0000;DATA;1612715840.332211
/ndn/h7-site/h7/C2Data-863-Type1;120421.0000;DATA;1612715840.846575
/ndn/d4-site/d4/C2Data-1710-Type1;237363.0000;DATA;1612715841.744242
/ndn/d3-site/d3/C2Data-1589-Type1;26304.0000;DATA;1612715842.494617
/ndn/h4-site/h4/C2Data-500-Type1;153709.0000;DATA;1612715847.184811
/ndn/s6-site/s6/C2Data-3162-Type1;6001625.0000;TIMEOUT;1612715841.539826
/ndn/v7-site/v7/C2Data-4493-Type1;197094.0000;DATA;1612715849.456792
/ndn/s9-site/s9/C2Data-3525-Type1;6006774.0000;TIMEOUT;1612715847.732913
/ndn/v8-site/v8/C2Data-2326-Type3;158636.0000;DATA;1612715863.610796
/ndn/h4-site/h4/C2Data-252-Type3;641529.0000;DATA;1612715865.910726
/ndn/v7-site/v7/C2Data-2265-Type3;122566.0000;DATA;1612715866.538496
/ndn/d1-site/d1/C2Data-1348-Type2;106137.0000;DATA;1612715868.646611
/ndn/h3-site/h3/C2Data-380-Type1;97150.0000;DATA;1612715869.100684
/ndn/d2-site/d2/C2Data-1469-Type1;276831.0000;DATA;1612715872.009611
/ndn/d0-site/d0/C2Data-1227-Type1;28355.0000;DATA;1612715872.994795
/ndn/s3-site/s3/C2Data-1411-Type3;6000621.0000;TIMEOUT;1612715867.121737
/ndn/v4-site/v4/C2Data-4131-Type2;39973.0000;DATA;1612715873.747631
/ndn/s0-site/s0/C2Data-1228-Type3;6000967.0000;TIMEOUT;1612715868.770692
/ndn/v2-site/v2/C2Data-154-Type6;127891.0000;DATA;1612715875.336741
/ndn/h0-site/h0/C2Data-0-Type6;258822.0000;DATA;1612715876.100179
/ndn/h6-site/h6/C2Data-743-Type1;135624.0000;DATA;1612715876.558929
/ndn/d6-site/d6/C2Data-984-Type3;25972.0000;DATA;1612715880.077679
/ndn/h0-site/h0/C2Data-8-Type3;143835.0000;DATA;1612715881.705448
/ndn/s6-site/s6/C2Data-1594-Type3;6001265.0000;TIMEOUT;1612715876.291229
/ndn/s0-site/s0/C2Data-2437-Type2;6003524.0000;TIMEOUT;1612715876.506014
/ndn/h0-site/h0/C2Data-1-Type5;361899.0000;DATA;1612715883.166993
/ndn/h1-site/h1/C2Data-69-Type3;29248.0000;DATA;1612715883.647394
/ndn/s6-site/s6/C2Data-3163-Type2;6003011.0000;TIMEOUT;1612715878.213953
/ndn/h1-site/h1/C2Data-14-Type5;183299.0000;DATA;1612715884.617691
/ndn/d4-site/d4/C2Data-862-Type3;178841.0000;DATA;1612715886.285332
/ndn/s9-site/s9/C2Data-1777-Type3;6001049.0000;TIMEOUT;1612715882.713533
/ndn/h9-site/h9/C2Data-1107-Type2;204206.0000;DATA;1612715900.320751
/ndn/h2-site/h2/C2Data-260-Type1;119387.0000;DATA;1612715901.299697
/ndn/v3-site/v3/C2Data-4011-Type2;263185.0000;DATA;1612715904.144627
/ndn/v1-site/v1/C2Data-528-Type4;185848.0000;DATA;1612715905.149145
/ndn/s1-site/s1/C2Data-2559-Type1;6000538.0000;TIMEOUT;1612715899.712761
/ndn/h5-site/h5/C2Data-623-Type2;77525.0000;DATA;1612715906.138072
/ndn/v9-site/v9/C2Data-4737-Type1;245568.0000;DATA;1612715907.518619
/ndn/d7-site/d7/C2Data-2075-Type2;177187.0000;DATA;1612715908.311695
/ndn/s3-site/s3/C2Data-2801-Type2;6001274.0000;TIMEOUT;1612715904.273882
/ndn/s4-site/s4/C2Data-2922-Type2;6001282.0000;TIMEOUT;1612715904.600987
/ndn/s3-site/s3/C2Data-2801-Type1;6001508.0000;TIMEOUT;1612715909.211298
/ndn/v4-site/v4/C2Data-2083-Type3;30683.0000;DATA;1612715925.371829
/ndn/v6-site/v6/C2Data-2205-Type3;78876.0000;DATA;1612715925.498641
/ndn/v1-site/v1/C2Data-3770-Type1;182250.0000;DATA;1612715928.530786
/ndn/d0-site/d0/C2Data-619-Type3;77529.0000;DATA;1612715929.382655
/ndn/d3-site/d3/C2Data-1592-Type1;26797.0000;DATA;1612715929.816153
