/ndn/s2-site/s2/C2Data-2662-Type2;102923.0000;DATA;1612716189.872240
/ndn/s5-site/s5/C2Data-3025-Type2;98238.0000;DATA;1612716194.784921
/ndn/d6-site/d6/C2Data-1936-Type2;225786.0000;DATA;1612716194.646849
/ndn/s2-site/s2/C2Data-2662-Type1;98193.0000;DATA;1612716194.928740
/ndn/d2-site/d2/C2Data-1452-Type2;132624.0000;DATA;1612716195.525014
/ndn/s3-site/s3/C2Data-2783-Type2;171297.0000;DATA;1612716195.771931
/ndn/h2-site/h2/C2Data-242-Type2;71771.0000;DATA;1612716197.141959
/ndn/h7-site/h7/C2Data-847-Type2;187571.0000;DATA;1612716197.809071
/ndn/s5-site/s5/C2Data-3025-Type1;108581.0000;DATA;1612716199.090864
/ndn/s8-site/s8/C2Data-3388-Type1;52700.0000;DATA;1612716201.264843
/ndn/s8-site/s8/C2Data-1708-Type3;47854.0000;DATA;1612716213.603791
/ndn/s4-site/s4/C2Data-1464-Type3;47997.0000;DATA;1612716216.561590
/ndn/d4-site/d4/C2Data-854-Type3;175139.0000;DATA;1612716217.436562
/ndn/h8-site/h8/C2Data-488-Type3;211705.0000;DATA;1612716219.548659
/ndn/h3-site/h3/C2Data-364-Type2;73238.0000;DATA;1612716220.443069
/ndn/s0-site/s0/C2Data-2421-Type1;70920.0000;DATA;1612716220.781790
/ndn/v8-site/v8/C2Data-4599-Type1;126207.0000;DATA;1612716221.470736
/ndn/h2-site/h2/C2Data-243-Type1;72925.0000;DATA;1612716222.351462
/ndn/h0-site/h0/C2Data-0-Type3;101056.0000;DATA;1612716222.902498
/ndn/h9-site/h9/C2Data-549-Type3;53804.0000;DATA;1612716223.209127
/ndn/h0-site/h0/C2Data-1-Type1;100919.0000;DATA;1612716223.674743
/ndn/v4-site/v4/C2Data-2074-Type3;182913.0000;DATA;1612716224.640207
/ndn/d9-site/d9/C2Data-1159-Type3;128451.0000;DATA;1612716225.751502
/ndn/h5-site/h5/C2Data-305-Type3;169721.0000;DATA;1612716226.451774
/ndn/s8-site/s8/C2Data-3389-Type2;51077.0000;DATA;1612716227.728548
/ndn/v5-site/v5/C2Data-2135-Type3;172335.0000;DATA;1612716229.534327
/ndn/s5-site/s5/C2Data-3026-Type1;112681.0000;DATA;1612716230.101218
/ndn/d6-site/d6/C2Data-976-Type3;266132.0000;DATA;1612716230.083971
/ndn/s1-site/s1/C2Data-2542-Type2;124360.0000;DATA;1612716231.097994
/ndn/d5-site/d5/C2Data-1816-Type1;116608.0000;DATA;1612716231.164019
/ndn/d5-site/d5/C2Data-915-Type3;119259.0000;DATA;1612716231.353362
/ndn/h4-site/h4/C2Data-244-Type3;216368.0000;DATA;1612716233.484084
/ndn/v6-site/v6/C2Data-2196-Type3;109079.0000;DATA;1612716235.670964
/ndn/h4-site/h4/C2Data-486-Type1;180143.0000;DATA;1612716250.027376
/ndn/s6-site/s6/C2Data-3148-Type1;122826.0000;DATA;1612716250.500168
/ndn/d3-site/d3/C2Data-1575-Type2;207512.0000;DATA;1612716252.738652
/ndn/v3-site/v3/C2Data-3995-Type1;205827.0000;DATA;1612716252.759669
/ndn/s1-site/s1/C2Data-2543-Type2;125987.0000;DATA;1612716257.831572
/ndn/s4-site/s4/C2Data-2906-Type1;25730.0000;DATA;1612716258.615156
/ndn/h8-site/h8/C2Data-970-Type2;205620.0000;DATA;1612716258.837819
/ndn/v3-site/v3/C2Data-2014-Type3;146577.0000;DATA;1612716273.804598
/ndn/d8-site/d8/C2Data-1099-Type3;75933.0000;DATA;1612716282.009499
/ndn/d7-site/d7/C2Data-2060-Type1;25817.0000;DATA;1612716282.060655
/ndn/h5-site/h5/C2Data-608-Type1;150316.0000;DATA;1612716282.091131
/ndn/v9-site/v9/C2Data-4722-Type1;107603.0000;DATA;1612716282.683980
/ndn/h5-site/h5/C2Data-608-Type2;160726.0000;DATA;1612716283.008948
/ndn/v0-site/v0/C2Data-3633-Type2;187007.0000;DATA;1612716286.688510
/ndn/s7-site/s7/C2Data-1648-Type3;6000542.0000;TIMEOUT;1612716281.713206
/ndn/v1-site/v1/C2Data-525-Type4;193333.0000;DATA;1612716291.514491
/ndn/h0-site/h0/C2Data-1-Type3;118441.0000;DATA;1612716292.453034
/ndn/h4-site/h4/C2Data-100-Type4;198007.0000;DATA;1612716294.177630
/ndn/v7-site/v7/C2Data-675-Type4;161208.0000;DATA;1612716298.308736
/ndn/h3-site/h3/C2Data-75-Type4;77278.0000;DATA;1612716305.252342
/ndn/v3-site/v3/C2Data-575-Type4;152415.0000;DATA;1612716305.185634
/ndn/s2-site/s2/C2Data-2666-Type2;104037.0000;DATA;1612716311.497579
/ndn/d9-site/d9/C2Data-475-Type4;127841.0000;DATA;1612716312.690063
/ndn/d2-site/d2/C2Data-300-Type4;124287.0000;DATA;1612716315.949534
/ndn/h4-site/h4/C2Data-488-Type2;156885.0000;DATA;1612716317.388221
/ndn/h8-site/h8/C2Data-972-Type1;200144.0000;DATA;1612716317.535849
/ndn/d4-site/d4/C2Data-1698-Type2;173184.0000;DATA;1612716318.491402
/ndn/h0-site/h0/C2Data-4-Type2;108682.0000;DATA;1612716320.805370
/ndn/h7-site/h7/C2Data-175-Type4;179397.0000;DATA;1612716335.854583
/ndn/v0-site/v0/C2Data-1832-Type3;520789.0000;DATA;1612716339.806593
/ndn/v7-site/v7/C2Data-4482-Type1;145404.0000;DATA;1612716341.412921
/ndn/s6-site/s6/C2Data-3151-Type1;6000339.0000;TIMEOUT;1612716339.549640
/ndn/s5-site/s5/C2Data-3030-Type2;6001756.0000;TIMEOUT;1612716340.311120
/ndn/s3-site/s3/C2Data-2788-Type2;6000654.0000;TIMEOUT;1612716341.784889
/ndn/s7-site/s7/C2Data-3272-Type2;6001702.0000;TIMEOUT;1612716344.640601
/ndn/s8-site/s8/C2Data-3393-Type2;6001358.0000;TIMEOUT;1612716348.004864
/ndn/s1-site/s1/C2Data-1283-Type3;6001460.0000;TIMEOUT;1612716353.383981
/ndn/h1-site/h1/C2Data-127-Type1;235632.0000;DATA;1612716371.026835
/ndn/s0-site/s0/C2Data-2426-Type1;6000465.0000;TIMEOUT;1612716370.702680
/ndn/h5-site/h5/C2Data-611-Type2;155133.0000;DATA;1612716377.715669
/ndn/h9-site/h9/C2Data-1095-Type1;78404.0000;DATA;1612716378.881048
/ndn/s5-site/s5/C2Data-3031-Type2;6001387.0000;TIMEOUT;1612716377.817317
/ndn/v7-site/v7/C2Data-2260-Type3;145924.0000;DATA;1612716394.215967
/ndn/d7-site/d7/C2Data-1040-Type3;24112.0000;DATA;1612716397.596764
/ndn/s2-site/s2/C2Data-1345-Type3;6001168.0000;TIMEOUT;1612716393.786736
/ndn/d8-site/d8/C2Data-1101-Type3;73674.0000;DATA;1612716402.267027
/ndn/h5-site/h5/C2Data-612-Type1;160660.0000;DATA;1612716403.622902
/ndn/s0-site/s0/C2Data-1223-Type3;6000972.0000;TIMEOUT;1612716397.865058
/ndn/s3-site/s3/C2Data-1406-Type3;6000900.0000;TIMEOUT;1612716399.192863
/ndn/s7-site/s7/C2Data-3274-Type1;6000292.0000;TIMEOUT;1612716399.816223
/ndn/d3-site/d3/C2Data-1580-Type1;165528.0000;DATA;1612716405.862665
/ndn/h6-site/h6/C2Data-733-Type1;211734.0000;DATA;1612716406.244509
/ndn/s1-site/s1/C2Data-1284-Type3;6000653.0000;TIMEOUT;1612716403.242644
/ndn/v7-site/v7/C2Data-4484-Type1;154421.0000;DATA;1612716409.088134
/ndn/s5-site/s5/C2Data-1528-Type3;6001598.0000;TIMEOUT;1612716404.503470
/ndn/d9-site/d9/C2Data-1162-Type3;131322.0000;DATA;1612716414.267596
/ndn/s6-site/s6/C2Data-3153-Type2;6000753.0000;TIMEOUT;1612716408.502804
/ndn/d1-site/d1/C2Data-674-Type3;28433.0000;DATA;1612716417.222013
/ndn/h8-site/h8/C2Data-976-Type1;208722.0000;DATA;1612716429.804278
/ndn/h4-site/h4/C2Data-492-Type2;162044.0000;DATA;1612716431.004891
/ndn/h0-site/h0/C2Data-8-Type2;120126.0000;DATA;1612716433.772003
/ndn/h8-site/h8/C2Data-976-Type2;225393.0000;DATA;1612716433.676879
/ndn/d0-site/d0/C2Data-1218-Type2;206858.0000;DATA;1612716434.395332
/ndn/s9-site/s9/C2Data-3517-Type1;6000878.0000;TIMEOUT;1612716430.869245
/ndn/d6-site/d6/C2Data-1944-Type1;251364.0000;DATA;1612716437.110522
/ndn/v5-site/v5/C2Data-4243-Type1;185236.0000;DATA;1612716437.807175
/ndn/s3-site/s3/C2Data-2791-Type1;6000881.0000;TIMEOUT;1612716432.638743
/ndn/v3-site/v3/C2Data-4001-Type1;160574.0000;DATA;1612716441.411806
/ndn/d9-site/d9/C2Data-476-Type4;124153.0000;DATA;1612716455.574825
/ndn/d3-site/d3/C2Data-797-Type3;239920.0000;DATA;1612716458.621137
/ndn/s0-site/s0/C2Data-1224-Type3;6002949.0000;TIMEOUT;1612716453.750804
/ndn/d0-site/d0/C2Data-1219-Type2;197434.0000;DATA;1612716461.538215
/ndn/d6-site/d6/C2Data-1945-Type1;227487.0000;DATA;1612716461.781878
/ndn/d3-site/d3/C2Data-1582-Type1;150245.0000;DATA;1612716462.850889
/ndn/d2-site/d2/C2Data-736-Type3;123818.0000;DATA;1612716463.334076
/ndn/v6-site/v6/C2Data-2200-Type3;102666.0000;DATA;1612716467.716128
/ndn/v7-site/v7/C2Data-4486-Type1;157698.0000;DATA;1612716469.236431
/ndn/h0-site/h0/C2Data-9-Type1;101082.0000;DATA;1612716469.512098
/ndn/h2-site/h2/C2Data-251-Type1;72158.0000;DATA;1612716470.499512
/ndn/s6-site/s6/C2Data-3155-Type2;6000503.0000;TIMEOUT;1612716465.108548
/ndn/d9-site/d9/C2Data-1163-Type3;133899.0000;DATA;1612716473.056198
/ndn/s9-site/s9/C2Data-3518-Type1;6005660.0000;TIMEOUT;1612716468.018039
/ndn/v3-site/v3/C2Data-576-Type4;167342.0000;DATA;1612716473.894864
/ndn/s8-site/s8/C2Data-3397-Type1;6001423.0000;TIMEOUT;1612716468.526959
/ndn/h4-site/h4/C2Data-248-Type3;148276.0000;DATA;1612716475.622803
/ndn/v4-site/v4/C2Data-312-Type5;177096.0000;DATA;1612716476.708921
/ndn/s1-site/s1/C2Data-1285-Type3;6000592.0000;TIMEOUT;1612716470.870192
/ndn/v8-site/v8/C2Data-701-Type4;206464.0000;DATA;1612716480.735979
/ndn/h4-site/h4/C2Data-494-Type1;160787.0000;DATA;1612716490.447696
/ndn/d4-site/d4/C2Data-1704-Type2;179721.0000;DATA;1612716491.096920
/ndn/v7-site/v7/C2Data-4487-Type1;146420.0000;DATA;1612716493.621175
/ndn/d2-site/d2/C2Data-301-Type4;123065.0000;DATA;1612716495.131260
/ndn/h5-site/h5/C2Data-615-Type1;150397.0000;DATA;1612716496.948973
/ndn/h6-site/h6/C2Data-78-Type5;226732.0000;DATA;1612716497.191894
/ndn/h0-site/h0/C2Data-10-Type1;110238.0000;DATA;1612716499.167774
/ndn/v3-site/v3/C2Data-4003-Type1;198754.0000;DATA;1612716499.662807
/ndn/h7-site/h7/C2Data-432-Type3;190965.0000;DATA;1612716518.987747
/ndn/v9-site/v9/C2Data-2384-Type3;103449.0000;DATA;1612716519.150602
/ndn/d0-site/d0/C2Data-615-Type3;211859.0000;DATA;1612716519.293271
/ndn/d0-site/d0/C2Data-1221-Type2;219846.0000;DATA;1612716522.452417
/ndn/s5-site/s5/C2Data-1530-Type3;6001398.0000;TIMEOUT;1612716516.917129
/ndn/d1-site/d1/C2Data-1342-Type2;25120.0000;DATA;1612716524.791913
/ndn/d1-site/d1/C2Data-1342-Type1;29234.0000;DATA;1612716524.793090
/ndn/s1-site/s1/C2Data-2552-Type1;6002624.0000;TIMEOUT;1612716520.410695
/ndn/d0-site/d0/C2Data-1221-Type1;199299.0000;DATA;1612716526.350628
/ndn/h2-site/h2/C2Data-253-Type2;75701.0000;DATA;1612716528.220813
/ndn/h9-site/h9/C2Data-1100-Type2;47861.0000;DATA;1612716529.003551
/ndn/h0-site/h0/C2Data-11-Type2;103753.0000;DATA;1612716531.068034
/ndn/s5-site/s5/C2Data-3036-Type2;6001625.0000;TIMEOUT;1612716525.346955
/ndn/d2-site/d2/C2Data-737-Type3;122792.0000;DATA;1612716532.447289
/ndn/v1-site/v1/C2Data-1896-Type3;144836.0000;DATA;1612716532.883580
/ndn/s8-site/s8/C2Data-1713-Type3;6002124.0000;TIMEOUT;1612716529.966311
/ndn/s9-site/s9/C2Data-3520-Type1;6015614.0000;TIMEOUT;1612716530.100947
/ndn/d3-site/d3/C2Data-798-Type3;149465.0000;DATA;1612716537.393516
/ndn/s4-site/s4/C2Data-1469-Type3;6010450.0000;TIMEOUT;1612716537.323258
/ndn/s2-site/s2/C2Data-1347-Type3;6002443.0000;TIMEOUT;1612716537.449534
/ndn/d7-site/d7/C2Data-2069-Type1;27456.0000;DATA;1612716550.312936
/ndn/d8-site/d8/C2Data-2190-Type2;75486.0000;DATA;1612716550.352903
/ndn/v6-site/v6/C2Data-4368-Type1;101877.0000;DATA;1612716550.764705
/ndn/h6-site/h6/C2Data-738-Type1;203300.0000;DATA;1612716553.845892
/ndn/s9-site/s9/C2Data-3521-Type2;6005086.0000;TIMEOUT;1612716550.147135
/ndn/s6-site/s6/C2Data-3158-Type1;6001439.0000;TIMEOUT;1612716550.571812
/ndn/v1-site/v1/C2Data-3763-Type1;197159.0000;DATA;1612716559.054885
/ndn/v7-site/v7/C2Data-4489-Type2;149751.0000;DATA;1612716559.449266
/ndn/h2-site/h2/C2Data-254-Type1;88783.0000;DATA;1612716559.785261
/ndn/s8-site/s8/C2Data-3400-Type2;6000864.0000;TIMEOUT;1612716559.748371
/ndn/s0-site/s0/C2Data-2432-Type2;6005938.0000;TIMEOUT;1612716560.139153
/ndn/h5-site/h5/C2Data-311-Type3;153945.0000;DATA;1612716574.675589
/ndn/d3-site/d3/C2Data-799-Type3;161144.0000;DATA;1612716575.398976
/ndn/v9-site/v9/C2Data-2385-Type3;123390.0000;DATA;1612716576.929910
/ndn/d0-site/d0/C2Data-616-Type3;222769.0000;DATA;1612716579.128040
/ndn/d1-site/d1/C2Data-1344-Type2;25845.0000;DATA;1612716584.808437
/ndn/v1-site/v1/C2Data-1897-Type3;143323.0000;DATA;1612716585.590604
/ndn/h8-site/h8/C2Data-494-Type3;224591.0000;DATA;1612716586.139664
/ndn/h4-site/h4/C2Data-497-Type1;173151.0000;DATA;1612716587.099942
/ndn/d7-site/d7/C2Data-427-Type4;25299.0000;DATA;1612716587.910182
/ndn/s7-site/s7/C2Data-3280-Type2;6000934.0000;TIMEOUT;1612716582.461817
/ndn/d8-site/d8/C2Data-2191-Type2;72001.0000;DATA;1612716589.010576
/ndn/v0-site/v0/C2Data-502-Type4;175384.0000;DATA;1612716589.517143
/ndn/h6-site/h6/C2Data-152-Type4;197324.0000;DATA;1612716590.187583
/ndn/h2-site/h2/C2Data-128-Type3;74409.0000;DATA;1612716591.530209
/ndn/h7-site/h7/C2Data-433-Type3;191092.0000;DATA;1612716594.278941
/ndn/v1-site/v1/C2Data-527-Type4;153091.0000;DATA;1612716594.845806
/ndn/h6-site/h6/C2Data-372-Type3;212177.0000;DATA;1612716595.493243
/ndn/d1-site/d1/C2Data-677-Type3;26666.0000;DATA;1612716596.539218
/ndn/h3-site/h3/C2Data-189-Type3;79286.0000;DATA;1612716597.337937
/ndn/s0-site/s0/C2Data-1226-Type3;6002869.0000;TIMEOUT;1612716593.710971
/ndn/v3-site/v3/C2Data-577-Type4;193346.0000;DATA;1612716604.876102
/ndn/h9-site/h9/C2Data-1103-Type2;50968.0000;DATA;1612716610.977307
/ndn/h7-site/h7/C2Data-861-Type2;195870.0000;DATA;1612716611.952650
/ndn/v4-site/v4/C2Data-602-Type4;173419.0000;DATA;1612716612.859026
/ndn/h1-site/h1/C2Data-135-Type1;161944.0000;DATA;1612716613.321705
/ndn/d5-site/d5/C2Data-377-Type4;122377.0000;DATA;1612716614.756881
/ndn/d8-site/d8/C2Data-2192-Type1;75970.0000;DATA;1612716615.708893
/ndn/d1-site/d1/C2Data-277-Type4;38131.0000;DATA;1612716616.228275
/ndn/h5-site/h5/C2Data-619-Type1;154639.0000;DATA;1612716616.271133
/ndn/h9-site/h9/C2Data-1103-Type1;51849.0000;DATA;1612716618.725439
/ndn/h8-site/h8/C2Data-982-Type1;210520.0000;DATA;1612716620.114217
/ndn/s4-site/s4/C2Data-2918-Type2;6000535.0000;TIMEOUT;1612716615.501286
/ndn/s0-site/s0/C2Data-2434-Type2;6018890.0000;TIMEOUT;1612716621.177457
/ndn/d8-site/d8/C2Data-452-Type4;90432.0000;DATA;1612716632.860013
/ndn/s1-site/s1/C2Data-1288-Type3;6002215.0000;TIMEOUT;1612716635.130925
/ndn/s6-site/s6/C2Data-1593-Type3;6000627.0000;TIMEOUT;1612716636.199707
/ndn/h4-site/h4/C2Data-102-Type4;176102.0000;DATA;1612716643.342942
/ndn/d9-site/d9/C2Data-2314-Type2;152023.0000;DATA;1612716643.385558
/ndn/v4-site/v4/C2Data-4129-Type1;191132.0000;DATA;1612716645.493197
/ndn/d8-site/d8/C2Data-2193-Type2;74598.0000;DATA;1612716645.657893
/ndn/s6-site/s6/C2Data-3161-Type1;6026476.0000;TIMEOUT;1612716640.490212
/ndn/v6-site/v6/C2Data-4371-Type1;98471.0000;DATA;1612716647.637874
/ndn/v4-site/v4/C2Data-4129-Type2;183257.0000;DATA;1612716647.588000
/ndn/d1-site/d1/C2Data-1346-Type1;28340.0000;DATA;1612716648.571543
/ndn/h3-site/h3/C2Data-190-Type3;75284.0000;DATA;1612716649.164439
/ndn/d3-site/d3/C2Data-1588-Type2;145102.0000;DATA;1612716650.728293
/ndn/d0-site/d0/C2Data-617-Type3;208321.0000;DATA;1612716652.160768
/ndn/s1-site/s1/C2Data-2556-Type2;6002052.0000;TIMEOUT;1612716646.499326
/ndn/v6-site/v6/C2Data-2203-Type3;123565.0000;DATA;1612716653.321876
/ndn/v9-site/v9/C2Data-2386-Type3;105398.0000;DATA;1612716653.823410
/ndn/d8-site/d8/C2Data-1105-Type3;87636.0000;DATA;1612716654.633552
/ndn/h6-site/h6/C2Data-373-Type3;223603.0000;DATA;1612716655.418725
/ndn/v3-site/v3/C2Data-2020-Type3;163193.0000;DATA;1612716656.523604
/ndn/v8-site/v8/C2Data-196-Type6;251892.0000;DATA;1612716668.589237
/ndn/d7-site/d7/C2Data-2073-Type1;38621.0000;DATA;1612716673.464202
/ndn/h1-site/h1/C2Data-137-Type1;202275.0000;DATA;1612716675.133212
/ndn/d6-site/d6/C2Data-1952-Type2;237089.0000;DATA;1612716675.530320
/ndn/v9-site/v9/C2Data-4735-Type1;101184.0000;DATA;1612716676.516985
/ndn/v0-site/v0/C2Data-3646-Type2;167376.0000;DATA;1612716676.678944
/ndn/h5-site/h5/C2Data-621-Type2;155823.0000;DATA;1612716678.343612
/ndn/v3-site/v3/C2Data-4009-Type1;143847.0000;DATA;1612716678.726642
/ndn/v6-site/v6/C2Data-4372-Type1;120054.0000;DATA;1612716680.043120
/ndn/s8-site/s8/C2Data-3404-Type1;6013751.0000;TIMEOUT;1612716678.474074
/ndn/h1-site/h1/C2Data-7-Type6;166759.0000;DATA;1612716684.372933
/ndn/s3-site/s3/C2Data-2799-Type2;6004641.0000;TIMEOUT;1612716679.406514
/ndn/s1-site/s1/C2Data-2557-Type1;6000951.0000;TIMEOUT;1612716680.028657
/ndn/s5-site/s5/C2Data-3041-Type1;6000558.0000;TIMEOUT;1612716680.199205
/ndn/d3-site/d3/C2Data-1590-Type2;146392.0000;DATA;1612716701.705393
/ndn/d7-site/d7/C2Data-1045-Type3;36628.0000;DATA;1612716704.382893
/ndn/s2-site/s2/C2Data-1350-Type3;6000763.0000;TIMEOUT;1612716698.424239
/ndn/s0-site/s0/C2Data-1228-Type3;6000945.0000;TIMEOUT;1612716698.626251
/ndn/v3-site/v3/C2Data-4010-Type1;158544.0000;DATA;1612716707.421041
/ndn/s2-site/s2/C2Data-2679-Type2;6001088.0000;TIMEOUT;1612716703.103447
/ndn/s6-site/s6/C2Data-1594-Type3;6000554.0000;TIMEOUT;1612716703.198568
/ndn/d6-site/d6/C2Data-1953-Type1;220537.0000;DATA;1612716709.574037
/ndn/v8-site/v8/C2Data-4615-Type2;124906.0000;DATA;1612716710.000098
/ndn/v6-site/v6/C2Data-4373-Type2;104732.0000;DATA;1612716710.050873
/ndn/d3-site/d3/C2Data-801-Type3;147791.0000;DATA;1612716710.277286
/ndn/s9-site/s9/C2Data-3526-Type1;6004154.0000;TIMEOUT;1612716705.289194
/ndn/h1-site/h1/C2Data-69-Type3;151389.0000;DATA;1612716711.529121
/ndn/s8-site/s8/C2Data-3405-Type1;6000819.0000;TIMEOUT;1612716707.836511
/ndn/s4-site/s4/C2Data-1472-Type3;6001316.0000;TIMEOUT;1612716708.357091
/ndn/v7-site/v7/C2Data-189-Type6;251118.0000;DATA;1612716727.986571
/ndn/h1-site/h1/C2Data-139-Type2;158413.0000;DATA;1612716730.866173
/ndn/h2-site/h2/C2Data-260-Type2;74123.0000;DATA;1612716731.218371
/ndn/v0-site/v0/C2Data-3648-Type2;179270.0000;DATA;1612716731.438900
/ndn/d8-site/d8/C2Data-2196-Type1;76587.0000;DATA;1612716731.593149
/ndn/d8-site/d8/C2Data-2196-Type2;73653.0000;DATA;1612716733.808294
/ndn/v1-site/v1/C2Data-3769-Type2;174036.0000;DATA;1612716734.719766
/ndn/h2-site/h2/C2Data-260-Type1;120004.0000;DATA;1612716736.476984
/ndn/d8-site/d8/C2Data-235-Type5;74592.0000;DATA;1612716737.164733
/ndn/v6-site/v6/C2Data-653-Type4;101029.0000;DATA;1612716737.237640
/ndn/h0-site/h0/C2Data-1-Type5;96821.0000;DATA;1612716746.774738
/ndn/d9-site/d9/C2Data-478-Type4;164821.0000;DATA;1612716749.430345
/ndn/v7-site/v7/C2Data-352-Type5;284442.0000;DATA;1612716750.878699
/ndn/d1-site/d1/C2Data-680-Type3;25714.0000;DATA;1612716757.296893
/ndn/d2-site/d2/C2Data-741-Type3;133250.0000;DATA;1612716757.946143
/ndn/d3-site/d3/C2Data-170-Type5;160066.0000;DATA;1612716758.344709
/ndn/h6-site/h6/C2Data-745-Type2;203496.0000;DATA;1612716759.597311
/ndn/h5-site/h5/C2Data-624-Type1;150097.0000;DATA;1612716760.145855
/ndn/h9-site/h9/C2Data-1108-Type2;56732.0000;DATA;1612716760.281055
/ndn/d9-site/d9/C2Data-2318-Type2;118353.0000;DATA;1612716760.577912
/ndn/s0-site/s0/C2Data-1229-Type3;6002450.0000;TIMEOUT;1612716755.730870
/ndn/d9-site/d9/C2Data-133-Type6;138624.0000;DATA;1612716762.715697
