/ndn/v7-site/v7/C2Data-4477-Type1;51639.0000;DATA;1612716189.984968
/ndn/s1-site/s1/C2Data-2541-Type2;236029.0000;DATA;1612716191.807215
/ndn/h7-site/h7/C2Data-847-Type1;610136.0000;DATA;1612716194.047879
/ndn/s0-site/s0/C2Data-2420-Type2;168515.0000;DATA;1612716196.979003
/ndn/s9-site/s9/C2Data-3509-Type1;233495.0000;DATA;1612716197.977678
/ndn/s8-site/s8/C2Data-3388-Type2;124848.0000;DATA;1612716200.517942
/ndn/s4-site/s4/C2Data-1464-Type3;167389.0000;DATA;1612716213.836910
/ndn/h3-site/h3/C2Data-183-Type3;151754.0000;DATA;1612716219.901252
/ndn/h3-site/h3/C2Data-364-Type2;166331.0000;DATA;1612716220.226041
/ndn/v0-site/v0/C2Data-3631-Type2;105698.0000;DATA;1612716223.367333
/ndn/d3-site/d3/C2Data-1574-Type2;229548.0000;DATA;1612716224.780988
/ndn/s2-site/s2/C2Data-2663-Type1;173258.0000;DATA;1612716226.566909
/ndn/v9-site/v9/C2Data-4720-Type2;24883.0000;DATA;1612716227.640078
/ndn/s9-site/s9/C2Data-3510-Type1;246144.0000;DATA;1612716227.837613
/ndn/d1-site/d1/C2Data-1332-Type1;128168.0000;DATA;1612716230.012121
/ndn/d0-site/d0/C2Data-1211-Type1;214311.0000;DATA;1612716230.045597
/ndn/v3-site/v3/C2Data-3994-Type2;83089.0000;DATA;1612716230.605801
/ndn/d2-site/d2/C2Data-732-Type3;27937.0000;DATA;1612716231.006974
/ndn/v4-site/v4/C2Data-2074-Type3;306114.0000;DATA;1612716233.713664
/ndn/d6-site/d6/C2Data-976-Type3;209501.0000;DATA;1612716234.405749
/ndn/s2-site/s2/C2Data-1342-Type3;184842.0000;DATA;1612716236.505786
/ndn/s6-site/s6/C2Data-3148-Type1;38006.0000;DATA;1612716252.663171
/ndn/s3-site/s3/C2Data-2785-Type1;233519.0000;DATA;1612716253.622727
/ndn/v8-site/v8/C2Data-4600-Type1;158524.0000;DATA;1612716257.510341
/ndn/s5-site/s5/C2Data-3027-Type2;209378.0000;DATA;1612716257.695100
/ndn/s0-site/s0/C2Data-1221-Type3;175179.0000;DATA;1612716274.662887
/ndn/d3-site/d3/C2Data-794-Type3;260127.0000;DATA;1612716278.303376
/ndn/h5-site/h5/C2Data-608-Type2;145611.0000;DATA;1612716283.954147
/ndn/s2-site/s2/C2Data-1343-Type3;195755.0000;DATA;1612716284.078941
/ndn/h9-site/h9/C2Data-550-Type3;52222.0000;DATA;1612716285.739735
/ndn/v1-site/v1/C2Data-3754-Type2;136423.0000;DATA;1612716285.746294
/ndn/h6-site/h6/C2Data-729-Type1;187621.0000;DATA;1612716287.054629
/ndn/d5-site/d5/C2Data-375-Type4;66646.0000;DATA;1612716287.795024
/ndn/v6-site/v6/C2Data-4359-Type2;169838.0000;DATA;1612716288.352899
/ndn/d0-site/d0/C2Data-1213-Type2;204087.0000;DATA;1612716288.915888
/ndn/d4-site/d4/C2Data-1697-Type2;81331.0000;DATA;1612716289.046901
/ndn/s1-site/s1/C2Data-1282-Type3;198636.0000;DATA;1612716289.087241
/ndn/d5-site/d5/C2Data-1818-Type1;64598.0000;DATA;1612716289.804596
/ndn/v1-site/v1/C2Data-1892-Type3;140196.0000;DATA;1612716289.771939
/ndn/h6-site/h6/C2Data-729-Type2;186766.0000;DATA;1612716290.400615
/ndn/s3-site/s3/C2Data-2786-Type2;6002704.0000;TIMEOUT;1612716287.096028
/ndn/s5-site/s5/C2Data-3028-Type2;6004252.0000;TIMEOUT;1612716287.206998
/ndn/s5-site/s5/C2Data-3028-Type1;6000587.0000;TIMEOUT;1612716288.833005
/ndn/h5-site/h5/C2Data-306-Type3;144497.0000;DATA;1612716295.063367
/ndn/s5-site/s5/C2Data-1526-Type3;6000585.0000;TIMEOUT;1612716291.059237
/ndn/v0-site/v0/C2Data-1831-Type3;109965.0000;DATA;1612716296.940146
/ndn/s3-site/s3/C2Data-1404-Type3;6002453.0000;TIMEOUT;1612716294.429359
/ndn/d6-site/d6/C2Data-400-Type4;322681.0000;DATA;1612716301.235905
/ndn/s8-site/s8/C2Data-1709-Type3;6002228.0000;TIMEOUT;1612716296.297168
/ndn/v8-site/v8/C2Data-4602-Type1;645350.0000;DATA;1612716309.883537
/ndn/v1-site/v1/C2Data-525-Type4;123348.0000;DATA;1612716310.920916
/ndn/d3-site/d3/C2Data-1577-Type1;230993.0000;DATA;1612716312.331353
/ndn/s8-site/s8/C2Data-3392-Type2;6001201.0000;TIMEOUT;1612716310.648056
/ndn/v0-site/v0/C2Data-500-Type4;101151.0000;DATA;1612716318.610598
/ndn/d9-site/d9/C2Data-475-Type4;49482.0000;DATA;1612716324.855106
/ndn/s1-site/s1/C2Data-2545-Type1;6000527.0000;TIMEOUT;1612716321.515129
/ndn/d8-site/d8/C2Data-450-Type4;28310.0000;DATA;1612716329.226883
/ndn/v6-site/v6/C2Data-2198-Type3;180619.0000;DATA;1612716335.499524
/ndn/v1-site/v1/C2Data-1893-Type3;131480.0000;DATA;1612716335.719202
/ndn/h8-site/h8/C2Data-973-Type2;175911.0000;DATA;1612716339.960886
/ndn/d2-site/d2/C2Data-1457-Type2;28547.0000;DATA;1612716340.915633
/ndn/v4-site/v4/C2Data-2076-Type3;237359.0000;DATA;1612716340.951206
/ndn/s7-site/s7/C2Data-1649-Type3;6001475.0000;TIMEOUT;1612716337.043249
/ndn/h2-site/h2/C2Data-247-Type1;155917.0000;DATA;1612716346.314656
/ndn/h8-site/h8/C2Data-490-Type3;173805.0000;DATA;1612716346.326353
/ndn/s0-site/s0/C2Data-2425-Type1;6001451.0000;TIMEOUT;1612716340.419423
/ndn/h3-site/h3/C2Data-368-Type1;151770.0000;DATA;1612716347.110937
/ndn/v7-site/v7/C2Data-4482-Type1;48993.0000;DATA;1612716349.234105
/ndn/s3-site/s3/C2Data-1405-Type3;6000470.0000;TIMEOUT;1612716343.973925
/ndn/s3-site/s3/C2Data-2788-Type2;6001354.0000;TIMEOUT;1612716345.682873
/ndn/v2-site/v2/C2Data-1954-Type3;102268.0000;DATA;1612716353.943882
/ndn/d7-site/d7/C2Data-1039-Type3;96208.0000;DATA;1612716354.760804
/ndn/s4-site/s4/C2Data-2909-Type1;6007318.0000;TIMEOUT;1612716350.369117
/ndn/d0-site/d0/C2Data-612-Type3;206955.0000;DATA;1612716356.653328
/ndn/h9-site/h9/C2Data-1095-Type2;64306.0000;DATA;1612716370.840775
/ndn/h1-site/h1/C2Data-127-Type2;135116.0000;DATA;1612716370.780002
/ndn/d9-site/d9/C2Data-2305-Type1;60073.0000;DATA;1612716370.971978
/ndn/d0-site/d0/C2Data-1216-Type2;217725.0000;DATA;1612716371.547525
/ndn/h6-site/h6/C2Data-732-Type2;226910.0000;DATA;1612716373.032584
/ndn/h3-site/h3/C2Data-369-Type1;145877.0000;DATA;1612716375.582004
/ndn/h8-site/h8/C2Data-974-Type2;178002.0000;DATA;1612716375.947280
/ndn/d2-site/d2/C2Data-1458-Type2;31190.0000;DATA;1612716376.390380
/ndn/h6-site/h6/C2Data-732-Type1;199284.0000;DATA;1612716378.101279
/ndn/d2-site/d2/C2Data-735-Type3;28723.0000;DATA;1612716399.454464
/ndn/h3-site/h3/C2Data-370-Type1;259836.0000;DATA;1612716400.892000
/ndn/v2-site/v2/C2Data-3879-Type2;176476.0000;DATA;1612716401.218684
/ndn/d5-site/d5/C2Data-1822-Type2;53216.0000;DATA;1612716403.907929
/ndn/d6-site/d6/C2Data-1943-Type2;246086.0000;DATA;1612716405.015974
/ndn/d1-site/d1/C2Data-1338-Type2;99752.0000;DATA;1612716405.800920
/ndn/s9-site/s9/C2Data-3516-Type1;6001594.0000;TIMEOUT;1612716400.555197
/ndn/v6-site/v6/C2Data-338-Type5;186852.0000;DATA;1612716406.576092
/ndn/d1-site/d1/C2Data-1338-Type1;106693.0000;DATA;1612716407.241432
/ndn/s6-site/s6/C2Data-1589-Type3;6001145.0000;TIMEOUT;1612716402.509326
/ndn/h6-site/h6/C2Data-733-Type2;169888.0000;DATA;1612716409.067782
/ndn/h4-site/h4/C2Data-491-Type2;120502.0000;DATA;1612716409.838914
/ndn/h3-site/h3/C2Data-370-Type2;143086.0000;DATA;1612716410.928571
/ndn/s2-site/s2/C2Data-2669-Type2;6004000.0000;TIMEOUT;1612716407.296065
/ndn/s7-site/s7/C2Data-3274-Type2;6002228.0000;TIMEOUT;1612716407.570937
/ndn/v5-site/v5/C2Data-2138-Type3;279025.0000;DATA;1612716414.558327
/ndn/s8-site/s8/C2Data-1711-Type3;6002538.0000;TIMEOUT;1612716409.911960
/ndn/v1-site/v1/C2Data-1894-Type3;151448.0000;DATA;1612716416.100125
/ndn/d3-site/d3/C2Data-169-Type5;294840.0000;DATA;1612716418.520535
/ndn/v4-site/v4/C2Data-312-Type5;586995.0000;DATA;1612716418.831013
/ndn/v7-site/v7/C2Data-4485-Type1;62648.0000;DATA;1612716434.549775
/ndn/h7-site/h7/C2Data-176-Type4;168899.0000;DATA;1612716436.208043
/ndn/s4-site/s4/C2Data-2912-Type2;6000533.0000;TIMEOUT;1612716430.447119
/ndn/s8-site/s8/C2Data-3396-Type2;6000988.0000;TIMEOUT;1612716430.615838
/ndn/d5-site/d5/C2Data-1823-Type1;52538.0000;DATA;1612716436.650131
/ndn/s8-site/s8/C2Data-3396-Type1;6004874.0000;TIMEOUT;1612716432.426268
/ndn/h4-site/h4/C2Data-101-Type4;120454.0000;DATA;1612716438.690010
/ndn/h8-site/h8/C2Data-976-Type2;167028.0000;DATA;1612716438.795002
/ndn/d4-site/d4/C2Data-1702-Type2;73263.0000;DATA;1612716440.624311
/ndn/h6-site/h6/C2Data-151-Type4;179165.0000;DATA;1612716444.734818
/ndn/d3-site/d3/C2Data-326-Type4;260253.0000;DATA;1612716446.317293
/ndn/s1-site/s1/C2Data-2549-Type2;6000977.0000;TIMEOUT;1612716441.072210
/ndn/v8-site/v8/C2Data-4607-Type2;154894.0000;DATA;1612716459.802918
/ndn/h5-site/h5/C2Data-614-Type1;131338.0000;DATA;1612716460.501196
/ndn/d0-site/d0/C2Data-614-Type3;197037.0000;DATA;1612716460.663972
/ndn/h2-site/h2/C2Data-51-Type4;149780.0000;DATA;1612716461.491736
/ndn/d5-site/d5/C2Data-1824-Type2;53309.0000;DATA;1612716462.606259
/ndn/d2-site/d2/C2Data-736-Type3;24986.0000;DATA;1612716463.210801
/ndn/v2-site/v2/C2Data-551-Type4;105761.0000;DATA;1612716463.248963
/ndn/h6-site/h6/C2Data-370-Type3;173219.0000;DATA;1612716463.699852
/ndn/d6-site/d6/C2Data-1945-Type1;205317.0000;DATA;1612716464.066178
/ndn/d4-site/d4/C2Data-858-Type3;76790.0000;DATA;1612716465.497622
/ndn/h1-site/h1/C2Data-130-Type1;120777.0000;DATA;1612716466.134869
/ndn/v9-site/v9/C2Data-4728-Type2;30519.0000;DATA;1612716467.324058
/ndn/s0-site/s0/C2Data-1224-Type3;6000632.0000;TIMEOUT;1612716463.386205
/ndn/s1-site/s1/C2Data-2550-Type2;6000689.0000;TIMEOUT;1612716463.776970
/ndn/v2-site/v2/C2Data-3881-Type1;109435.0000;DATA;1612716470.606740
/ndn/s7-site/s7/C2Data-1651-Type3;6011231.0000;TIMEOUT;1612716465.365023
/ndn/v6-site/v6/C2Data-2200-Type3;178795.0000;DATA;1612716471.254846
/ndn/d6-site/d6/C2Data-980-Type3;213096.0000;DATA;1612716471.971266
/ndn/d9-site/d9/C2Data-1163-Type3;51799.0000;DATA;1612716472.179916
/ndn/h5-site/h5/C2Data-309-Type3;130678.0000;DATA;1612716473.554452
/ndn/s2-site/s2/C2Data-2671-Type1;6006025.0000;TIMEOUT;1612716471.235004
/ndn/h5-site/h5/C2Data-126-Type4;139447.0000;DATA;1612716477.473190
/ndn/v5-site/v5/C2Data-626-Type4;295105.0000;DATA;1612716479.314219
/ndn/v3-site/v3/C2Data-299-Type5;56875.0000;DATA;1612716482.159490
/ndn/d5-site/d5/C2Data-376-Type4;56531.0000;DATA;1612716488.652864
/ndn/d2-site/d2/C2Data-156-Type5;27903.0000;DATA;1612716490.402297
/ndn/v1-site/v1/C2Data-526-Type4;134555.0000;DATA;1612716493.780306
/ndn/h7-site/h7/C2Data-857-Type1;149667.0000;DATA;1612716494.966192
/ndn/v0-site/v0/C2Data-3640-Type2;97555.0000;DATA;1612716496.931247
/ndn/v7-site/v7/C2Data-4487-Type2;56948.0000;DATA;1612716497.454864
/ndn/s4-site/s4/C2Data-2914-Type2;6002367.0000;TIMEOUT;1612716491.955703
/ndn/v4-site/v4/C2Data-4124-Type1;328487.0000;DATA;1612716498.965218
/ndn/d7-site/d7/C2Data-2067-Type1;83263.0000;DATA;1612716499.877067
/ndn/d4-site/d4/C2Data-1704-Type1;76170.0000;DATA;1612716499.945409
/ndn/s6-site/s6/C2Data-3156-Type1;6004004.0000;TIMEOUT;1612716494.751257
/ndn/d4-site/d4/C2Data-1704-Type2;86957.0000;DATA;1612716501.195856
/ndn/h9-site/h9/C2Data-117-Type5;114841.0000;DATA;1612716505.340474
/ndn/d6-site/d6/C2Data-981-Type3;200123.0000;DATA;1612716513.851506
/ndn/v0-site/v0/C2Data-260-Type5;110805.0000;DATA;1612716516.845981
/ndn/v2-site/v2/C2Data-1957-Type3;106913.0000;DATA;1612716518.555289
/ndn/v6-site/v6/C2Data-2201-Type3;169959.0000;DATA;1612716521.139897
/ndn/v9-site/v9/C2Data-2384-Type3;37829.0000;DATA;1612716522.216611
/ndn/s0-site/s0/C2Data-1225-Type3;6000605.0000;TIMEOUT;1612716521.848961
/ndn/s8-site/s8/C2Data-3399-Type1;6001461.0000;TIMEOUT;1612716522.310875
/ndn/s3-site/s3/C2Data-1408-Type3;6000409.0000;TIMEOUT;1612716523.106919
/ndn/v9-site/v9/C2Data-4730-Type2;39928.0000;DATA;1612716530.946860
/ndn/d4-site/d4/C2Data-1705-Type1;78595.0000;DATA;1612716531.242557
/ndn/s4-site/s4/C2Data-2915-Type1;6001169.0000;TIMEOUT;1612716525.913082
/ndn/s9-site/s9/C2Data-1774-Type3;6000940.0000;TIMEOUT;1612716527.005034
/ndn/s7-site/s7/C2Data-1652-Type3;6001466.0000;TIMEOUT;1612716529.573986
/ndn/s0-site/s0/C2Data-2431-Type1;6001650.0000;TIMEOUT;1612716531.024467
/ndn/s5-site/s5/C2Data-1530-Type3;6005756.0000;TIMEOUT;1612716533.518203
/ndn/v6-site/v6/C2Data-4368-Type1;201907.0000;DATA;1612716556.698241
/ndn/v3-site/v3/C2Data-4005-Type2;80949.0000;DATA;1612716557.075893
/ndn/s1-site/s1/C2Data-2553-Type1;6000479.0000;TIMEOUT;1612716551.569993
/ndn/s3-site/s3/C2Data-2795-Type2;6017125.0000;TIMEOUT;1612716551.713465
/ndn/s9-site/s9/C2Data-3521-Type1;6006195.0000;TIMEOUT;1612716552.639621
/ndn/h1-site/h1/C2Data-133-Type1;125755.0000;DATA;1612716560.745188
/ndn/s0-site/s0/C2Data-2432-Type1;6001217.0000;TIMEOUT;1612716558.559955
/ndn/h6-site/h6/C2Data-372-Type3;193061.0000;DATA;1612716576.234921
/ndn/d5-site/d5/C2Data-1828-Type1;52448.0000;DATA;1612716581.069040
/ndn/v6-site/v6/C2Data-2202-Type3;165157.0000;DATA;1612716583.894103
/ndn/v1-site/v1/C2Data-1897-Type3;125106.0000;DATA;1612716584.223984
/ndn/v4-site/v4/C2Data-4127-Type2;281517.0000;DATA;1612716584.901227
/ndn/h3-site/h3/C2Data-376-Type2;147719.0000;DATA;1612716586.580974
/ndn/s3-site/s3/C2Data-1409-Type3;6001308.0000;TIMEOUT;1612716581.556962
/ndn/h9-site/h9/C2Data-227-Type4;55911.0000;DATA;1612716587.724969
/ndn/v2-site/v2/C2Data-3885-Type2;101049.0000;DATA;1612716588.426039
/ndn/s5-site/s5/C2Data-3038-Type1;6000809.0000;TIMEOUT;1612716584.870917
/ndn/v6-site/v6/C2Data-652-Type4;182578.0000;DATA;1612716592.465223
/ndn/h5-site/h5/C2Data-127-Type4;144843.0000;DATA;1612716592.741018
/ndn/h4-site/h4/C2Data-250-Type3;128136.0000;DATA;1612716593.740938
/ndn/v0-site/v0/C2Data-1836-Type3;97162.0000;DATA;1612716594.674952
/ndn/v2-site/v2/C2Data-1958-Type3;105120.0000;DATA;1612716595.615274
/ndn/d4-site/d4/C2Data-352-Type4;94937.0000;DATA;1612716596.804309
/ndn/h3-site/h3/C2Data-77-Type4;172378.0000;DATA;1612716600.556117
/ndn/d6-site/d6/C2Data-402-Type4;304217.0000;DATA;1612716604.073523
/ndn/h4-site/h4/C2Data-498-Type1;128240.0000;DATA;1612716609.669903
/ndn/v5-site/v5/C2Data-627-Type4;277120.0000;DATA;1612716610.042916
/ndn/d0-site/d0/C2Data-1224-Type1;222513.0000;DATA;1612716611.245465
/ndn/h3-site/h3/C2Data-377-Type2;161054.0000;DATA;1612716613.557807
/ndn/v6-site/v6/C2Data-4370-Type2;188682.0000;DATA;1612716614.023207
/ndn/d5-site/d5/C2Data-1829-Type1;70422.0000;DATA;1612716615.301779
/ndn/v7-site/v7/C2Data-4491-Type2;50211.0000;DATA;1612716616.331961
/ndn/s7-site/s7/C2Data-3281-Type2;6001249.0000;TIMEOUT;1612716610.992225
/ndn/v7-site/v7/C2Data-4491-Type1;60963.0000;DATA;1612716617.579002
/ndn/d2-site/d2/C2Data-302-Type4;24910.0000;DATA;1612716617.833937
/ndn/d1-site/d1/C2Data-1345-Type2;122965.0000;DATA;1612716618.591070
/ndn/h2-site/h2/C2Data-256-Type2;151548.0000;DATA;1612716620.149837
/ndn/v3-site/v3/C2Data-4007-Type1;49501.0000;DATA;1612716621.423655
/ndn/s3-site/s3/C2Data-2797-Type1;6003153.0000;TIMEOUT;1612716616.268884
/ndn/s5-site/s5/C2Data-3039-Type1;6013727.0000;TIMEOUT;1612716616.859982
/ndn/s8-site/s8/C2Data-3402-Type1;6022657.0000;TIMEOUT;1612716617.020871
/ndn/s8-site/s8/C2Data-3402-Type2;6000926.0000;TIMEOUT;1612716621.419823
/ndn/v1-site/v1/C2Data-527-Type4;129660.0000;DATA;1612716627.702670
/ndn/h2-site/h2/C2Data-129-Type3;144174.0000;DATA;1612716634.948955
/ndn/d7-site/d7/C2Data-2072-Type1;79601.0000;DATA;1612716639.868860
/ndn/v7-site/v7/C2Data-2264-Type3;50079.0000;DATA;1612716640.544333
/ndn/v6-site/v6/C2Data-4371-Type2;168865.0000;DATA;1612716640.504891
/ndn/s3-site/s3/C2Data-1410-Type3;6001011.0000;TIMEOUT;1612716634.890554
/ndn/v9-site/v9/C2Data-727-Type4;25149.0000;DATA;1612716641.557933
/ndn/h9-site/h9/C2Data-556-Type3;54770.0000;DATA;1612716644.009906
/ndn/v7-site/v7/C2Data-4492-Type1;51968.0000;DATA;1612716646.491103
/ndn/d6-site/d6/C2Data-1951-Type2;213405.0000;DATA;1612716650.044722
/ndn/s8-site/s8/C2Data-3403-Type1;6001866.0000;TIMEOUT;1612716646.386105
/ndn/s7-site/s7/C2Data-3282-Type2;6004316.0000;TIMEOUT;1612716648.488383
/ndn/v9-site/v9/C2Data-2386-Type3;26608.0000;DATA;1612716654.794565
/ndn/s2-site/s2/C2Data-1349-Type3;6007195.0000;TIMEOUT;1612716649.237029
/ndn/h4-site/h4/C2Data-500-Type1;138602.0000;DATA;1612716671.619407
/ndn/h3-site/h3/C2Data-379-Type1;144173.0000;DATA;1612716674.706934
/ndn/v9-site/v9/C2Data-4735-Type2;27146.0000;DATA;1612716677.273597
/ndn/v5-site/v5/C2Data-4251-Type1;280516.0000;DATA;1612716679.814116
/ndn/v2-site/v2/C2Data-154-Type6;107567.0000;DATA;1612716700.325389
/ndn/h6-site/h6/C2Data-743-Type1;189105.0000;DATA;1612716700.300327
/ndn/h3-site/h3/C2Data-191-Type3;156295.0000;DATA;1612716700.381957
/ndn/v5-site/v5/C2Data-4252-Type2;255687.0000;DATA;1612716701.985534
/ndn/h4-site/h4/C2Data-501-Type1;125587.0000;DATA;1612716702.917014
/ndn/v8-site/v8/C2Data-4615-Type2;146100.0000;DATA;1612716703.867255
/ndn/d6-site/d6/C2Data-984-Type3;200891.0000;DATA;1612716704.520903
/ndn/d2-site/d2/C2Data-740-Type3;27839.0000;DATA;1612716706.565312
/ndn/v4-site/v4/C2Data-2082-Type3;269963.0000;DATA;1612716707.263037
/ndn/s6-site/s6/C2Data-3163-Type2;6000503.0000;TIMEOUT;1612716702.009056
/ndn/v1-site/v1/C2Data-3768-Type2;133917.0000;DATA;1612716707.895038
/ndn/s1-site/s1/C2Data-1289-Type3;6001443.0000;TIMEOUT;1612716703.030055
/ndn/s0-site/s0/C2Data-1228-Type3;6000632.0000;TIMEOUT;1612716703.816585
/ndn/v9-site/v9/C2Data-2387-Type3;27099.0000;DATA;1612716713.039717
/ndn/s5-site/s5/C2Data-3042-Type2;6000788.0000;TIMEOUT;1612716707.562461
/ndn/s0-site/s0/C2Data-2437-Type1;6002874.0000;TIMEOUT;1612716707.626588
/ndn/v2-site/v2/C2Data-1960-Type3;113685.0000;DATA;1612716714.456976
/ndn/s3-site/s3/C2Data-2800-Type2;6001109.0000;TIMEOUT;1612716708.743946
/ndn/s7-site/s7/C2Data-3284-Type1;6000538.0000;TIMEOUT;1612716709.000082
/ndn/v1-site/v1/C2Data-1899-Type3;143499.0000;DATA;1612716715.913124
/ndn/s1-site/s1/C2Data-2558-Type2;6000716.0000;TIMEOUT;1612716710.386070
/ndn/d9-site/d9/C2Data-133-Type6;54794.0000;DATA;1612716722.230403
/ndn/h7-site/h7/C2Data-49-Type6;155304.0000;DATA;1612716723.396165
/ndn/v6-site/v6/C2Data-4374-Type2;174379.0000;DATA;1612716730.053865
/ndn/h4-site/h4/C2Data-502-Type1;127121.0000;DATA;1612716730.573021
/ndn/d8-site/d8/C2Data-2196-Type1;43144.0000;DATA;1612716730.780978
/ndn/v4-site/v4/C2Data-4132-Type2;288721.0000;DATA;1612716731.587206
/ndn/d1-site/d1/C2Data-1349-Type2;101352.0000;DATA;1612716735.284155
/ndn/d2-site/d2/C2Data-84-Type6;25256.0000;DATA;1612716737.611162
/ndn/d4-site/d4/C2Data-1712-Type2;74244.0000;DATA;1612716737.652183
/ndn/d6-site/d6/C2Data-1954-Type2;208868.0000;DATA;1612716737.541768
/ndn/v6-site/v6/C2Data-4374-Type1;184759.0000;DATA;1612716740.596682
/ndn/h3-site/h3/C2Data-78-Type4;227953.0000;DATA;1612716743.966245
/ndn/d8-site/d8/C2Data-235-Type5;27412.0000;DATA;1612716746.792301
/ndn/h2-site/h2/C2Data-53-Type4;160803.0000;DATA;1612716752.247394
/ndn/v9-site/v9/C2Data-728-Type4;34067.0000;DATA;1612716752.755300
/ndn/v3-site/v3/C2Data-2022-Type3;60543.0000;DATA;1612716755.040114
/ndn/d7-site/d7/C2Data-1046-Type3;83361.0000;DATA;1612716758.522964
/ndn/s9-site/s9/C2Data-1778-Type3;6001543.0000;TIMEOUT;1612716754.539192
/ndn/v6-site/v6/C2Data-4375-Type1;168072.0000;DATA;1612716761.464952
/ndn/h6-site/h6/C2Data-375-Type3;166627.0000;DATA;1612716761.481050
/ndn/s4-site/s4/C2Data-1473-Type3;6000352.0000;TIMEOUT;1612716755.914188
/ndn/d8-site/d8/C2Data-2197-Type1;25032.0000;DATA;1612716762.997088
/ndn/v7-site/v7/C2Data-352-Type5;49181.0000;DATA;1612716763.952900
/ndn/h5-site/h5/C2Data-128-Type4;126645.0000;DATA;1612716764.242700
/ndn/d9-site/d9/C2Data-2318-Type2;50245.0000;DATA;1612716765.022613
