/ndn/v12-site/v12/C2Data-6897-Type1;509.0000;NACK;1611609162.491288
/ndn/v14-site/v14/C2Data-7139-Type1;543.0000;NACK;1611609163.360385
/ndn/v3-site/v3/C2Data-5808-Type1;616.0000;NACK;1611609163.480473
/ndn/v4-site/v4/C2Data-5929-Type1;620.0000;NACK;1611609164.684382
/ndn/s14-site/s14/C2Data-5324-Type2;367.0000;NACK;1611609165.808367
/ndn/s4-site/s4/C2Data-4114-Type1;438.0000;NACK;1611609168.379403
/ndn/v5-site/v5/C2Data-6050-Type1;574.0000;NACK;1611609170.212302
/ndn/v10-site/v10/C2Data-6655-Type2;472.0000;NACK;1611609172.369403
/ndn/d9-site/d9/C2Data-2904-Type2;94000.0000;DATA;1611609173.530299
/ndn/v8-site/v8/C2Data-3233-Type3;83947.0000;DATA;1611609188.123432
/ndn/h13-site/h13/C2Data-793-Type3;100533.0000;DATA;1611609190.312358
/ndn/v0-site/v0/C2Data-5446-Type2;648.0000;NACK;1611609192.530391
/ndn/s2-site/s2/C2Data-3873-Type2;120438.0000;DATA;1611609193.598381
/ndn/h1-site/h1/C2Data-61-Type3;214026.0000;DATA;1611609197.410390
/ndn/d0-site/d0/C2Data-915-Type3;161308.0000;DATA;1611609198.436321
/ndn/h2-site/h2/C2Data-122-Type3;212254.0000;DATA;1611609199.172330
/ndn/v3-site/v3/C2Data-2928-Type3;100945.0000;DATA;1611609199.398339
/ndn/s9-site/s9/C2Data-4720-Type1;73216.0000;DATA;1611609199.524358
/ndn/d1-site/d1/C2Data-1937-Type1;190976.0000;DATA;1611609199.463404
/ndn/d2-site/d2/C2Data-2058-Type2;187364.0000;DATA;1611609199.508441
/ndn/d13-site/d13/C2Data-1708-Type3;145032.0000;DATA;1611609199.633318
/ndn/v13-site/v13/C2Data-3538-Type3;120996.0000;DATA;1611609200.069639
/ndn/v5-site/v5/C2Data-6051-Type1;495.0000;NACK;1611609200.825396
/ndn/h2-site/h2/C2Data-243-Type2;218917.0000;DATA;1611609200.881387
/ndn/s3-site/s3/C2Data-3994-Type2;47889.0000;DATA;1611609201.116413
/ndn/h9-site/h9/C2Data-549-Type3;70714.0000;DATA;1611609202.086323
/ndn/v6-site/v6/C2Data-3111-Type3;385.0000;NACK;1611609202.749377
/ndn/h5-site/h5/C2Data-305-Type3;47599.0000;DATA;1611609203.067366
/ndn/h1-site/h1/C2Data-122-Type2;159468.0000;DATA;1611609203.290341
/ndn/v3-site/v3/C2Data-5809-Type2;92318.0000;DATA;1611609204.084355
/ndn/h7-site/h7/C2Data-848-Type2;94935.0000;DATA;1611609204.094332
/ndn/v7-site/v7/C2Data-3172-Type3;566.0000;NACK;1611609205.147387
/ndn/h10-site/h10/C2Data-610-Type3;172612.0000;DATA;1611609207.192306
/ndn/h14-site/h14/C2Data-1696-Type2;165548.0000;DATA;1611609222.641371
/ndn/v9-site/v9/C2Data-6536-Type2;23681.0000;DATA;1611609223.467386
/ndn/d8-site/d8/C2Data-2785-Type1;195026.0000;DATA;1611609223.538390
/ndn/d14-site/d14/C2Data-3511-Type2;168483.0000;DATA;1611609224.862335
/ndn/d2-site/d2/C2Data-2059-Type1;196640.0000;DATA;1611609225.544396
/ndn/s10-site/s10/C2Data-4842-Type1;189290.0000;DATA;1611609225.705398
/ndn/s14-site/s14/C2Data-5326-Type2;192592.0000;DATA;1611609225.742373
/ndn/s2-site/s2/C2Data-3874-Type1;119900.0000;DATA;1611609226.668371
/ndn/s3-site/s3/C2Data-3995-Type2;46626.0000;DATA;1611609228.001416
/ndn/s3-site/s3/C2Data-3995-Type1;52796.0000;DATA;1611609228.251324
/ndn/v6-site/v6/C2Data-6173-Type1;149322.0000;DATA;1611609228.225346
/ndn/v12-site/v12/C2Data-6899-Type1;236538.0000;DATA;1611609229.528309
/ndn/d10-site/d10/C2Data-3027-Type1;27431.0000;DATA;1611609231.284301
/ndn/s7-site/s7/C2Data-4479-Type1;6008990.0000;TIMEOUT;1611609233.321374
/ndn/h0-site/h0/C2Data-1-Type3;69801.0000;DATA;1611609247.984402
/ndn/h14-site/h14/C2Data-855-Type3;176180.0000;DATA;1611609248.693845
/ndn/d2-site/d2/C2Data-1038-Type3;184665.0000;DATA;1611609250.074466
/ndn/h3-site/h3/C2Data-184-Type3;214076.0000;DATA;1611609250.871317
/ndn/s11-site/s11/C2Data-2502-Type3;50535.0000;DATA;1611609251.252341
/ndn/d5-site/d5/C2Data-2423-Type2;27638.0000;DATA;1611609252.750344
/ndn/v13-site/v13/C2Data-3539-Type3;121288.0000;DATA;1611609253.114349
/ndn/h13-site/h13/C2Data-1576-Type2;96930.0000;DATA;1611609253.596361
/ndn/s12-site/s12/C2Data-5085-Type1;47368.0000;DATA;1611609254.282361
/ndn/v10-site/v10/C2Data-6658-Type1;147173.0000;DATA;1611609256.798304
/ndn/d9-site/d9/C2Data-1465-Type3;95412.0000;DATA;1611609257.315403
/ndn/h5-site/h5/C2Data-608-Type1;47092.0000;DATA;1611609257.476374
/ndn/d12-site/d12/C2Data-3270-Type1;167875.0000;DATA;1611609257.446300
/ndn/s9-site/s9/C2Data-4722-Type1;70562.0000;DATA;1611609260.085675
/ndn/v5-site/v5/C2Data-3051-Type3;291355.0000;DATA;1611609260.695301
/ndn/h14-site/h14/C2Data-1697-Type2;164572.0000;DATA;1611609261.163387
/ndn/d8-site/d8/C2Data-1404-Type3;187473.0000;DATA;1611609261.189350
/ndn/d13-site/d13/C2Data-3391-Type2;161665.0000;DATA;1611609261.468395
/ndn/d3-site/d3/C2Data-2181-Type1;142934.0000;DATA;1611609262.986307
/ndn/d8-site/d8/C2Data-2786-Type1;188169.0000;DATA;1611609263.298397
/ndn/h11-site/h11/C2Data-1334-Type2;188946.0000;DATA;1611609263.389398
/ndn/d9-site/d9/C2Data-600-Type4;95402.0000;DATA;1611609263.969417
/ndn/s7-site/s7/C2Data-4480-Type1;6000248.0000;TIMEOUT;1611609258.064373
/ndn/s0-site/s0/C2Data-3633-Type2;6000285.0000;TIMEOUT;1611609258.075438
/ndn/v10-site/v10/C2Data-6658-Type2;145860.0000;DATA;1611609264.354329
/ndn/s0-site/s0/C2Data-3633-Type1;6000468.0000;TIMEOUT;1611609258.712347
/ndn/d7-site/d7/C2Data-1343-Type3;119621.0000;DATA;1611609264.808429
/ndn/d13-site/d13/C2Data-1709-Type3;164309.0000;DATA;1611609267.835597
/ndn/s10-site/s10/C2Data-4843-Type1;6000327.0000;TIMEOUT;1611609262.117365
/ndn/s2-site/s2/C2Data-3875-Type1;6000539.0000;TIMEOUT;1611609262.782457
/ndn/d11-site/d11/C2Data-1587-Type3;285118.0000;DATA;1611609269.641390
/ndn/s5-site/s5/C2Data-2136-Type3;6000262.0000;TIMEOUT;1611609264.229390
/ndn/d1-site/d1/C2Data-400-Type4;209399.0000;DATA;1611609272.301169
/ndn/s1-site/s1/C2Data-1892-Type3;6000366.0000;TIMEOUT;1611609266.770402
/ndn/v8-site/v8/C2Data-950-Type4;71974.0000;DATA;1611609275.934440
/ndn/h7-site/h7/C2Data-851-Type1;96853.0000;DATA;1611609283.554294
/ndn/d11-site/d11/C2Data-650-Type4;190233.0000;DATA;1611609284.257317
/ndn/d4-site/d4/C2Data-2303-Type2;189358.0000;DATA;1611609286.185404
/ndn/d7-site/d7/C2Data-2666-Type1;117518.0000;DATA;1611609286.962325
/ndn/d2-site/d2/C2Data-2061-Type2;191246.0000;DATA;1611609287.350507
/ndn/v2-site/v2/C2Data-5691-Type2;140594.0000;DATA;1611609289.479350
/ndn/h6-site/h6/C2Data-150-Type4;59704.0000;DATA;1611609289.781302
/ndn/h13-site/h13/C2Data-1577-Type2;93764.0000;DATA;1611609290.419375
/ndn/s1-site/s1/C2Data-3755-Type2;6001388.0000;TIMEOUT;1611609285.006371
/ndn/d1-site/d1/C2Data-1940-Type2;192957.0000;DATA;1611609290.841326
/ndn/v12-site/v12/C2Data-6901-Type1;245132.0000;DATA;1611609292.760332
/ndn/h5-site/h5/C2Data-609-Type2;48264.0000;DATA;1611609293.339352
/ndn/v4-site/v4/C2Data-5933-Type1;258539.0000;DATA;1611609294.024369
/ndn/s6-site/s6/C2Data-4360-Type1;6000226.0000;TIMEOUT;1611609288.521373
/ndn/s1-site/s1/C2Data-3755-Type1;6000277.0000;TIMEOUT;1611609293.632997
/ndn/d4-site/d4/C2Data-1161-Type3;192511.0000;DATA;1611609315.236302
/ndn/h2-site/h2/C2Data-50-Type4;211620.0000;DATA;1611609315.577458
/ndn/v4-site/v4/C2Data-5934-Type2;264444.0000;DATA;1611609315.791371
/ndn/d4-site/d4/C2Data-2304-Type2;190721.0000;DATA;1611609315.997488
/ndn/v10-site/v10/C2Data-6660-Type2;143700.0000;DATA;1611609318.098302
/ndn/d12-site/d12/C2Data-3272-Type2;167398.0000;DATA;1611609318.580391
/ndn/h7-site/h7/C2Data-429-Type3;93423.0000;DATA;1611609320.990374
/ndn/d13-site/d13/C2Data-3393-Type2;163854.0000;DATA;1611609321.338298
/ndn/v0-site/v0/C2Data-2747-Type3;142352.0000;DATA;1611609322.067012
/ndn/s6-site/s6/C2Data-2198-Type3;6000513.0000;TIMEOUT;1611609316.378316
/ndn/s3-site/s3/C2Data-3998-Type1;6000223.0000;TIMEOUT;1611609317.461421
/ndn/s14-site/s14/C2Data-5329-Type1;6000282.0000;TIMEOUT;1611609317.470439
/ndn/v12-site/v12/C2Data-6902-Type1;249527.0000;DATA;1611609324.370346
/ndn/d11-site/d11/C2Data-1588-Type3;189167.0000;DATA;1611609325.248341
/ndn/s13-site/s13/C2Data-5208-Type1;6000340.0000;TIMEOUT;1611609319.690325
/ndn/v12-site/v12/C2Data-3479-Type3;256529.0000;DATA;1611609325.706300
/ndn/v6-site/v6/C2Data-3113-Type3;152069.0000;DATA;1611609329.140508
/ndn/h6-site/h6/C2Data-368-Type3;48429.0000;DATA;1611609330.147774
/ndn/v2-site/v2/C2Data-2869-Type3;151413.0000;DATA;1611609330.203377
/ndn/d4-site/d4/C2Data-2305-Type2;197555.0000;DATA;1611609343.634372
/ndn/v8-site/v8/C2Data-6419-Type2;71110.0000;DATA;1611609349.327389
/ndn/d13-site/d13/C2Data-3394-Type1;166580.0000;DATA;1611609349.285707
/ndn/h9-site/h9/C2Data-1095-Type2;81845.0000;DATA;1611609350.985090
/ndn/v12-site/v12/C2Data-6903-Type1;236289.0000;DATA;1611609353.788388
/ndn/s4-site/s4/C2Data-4120-Type1;6000209.0000;TIMEOUT;1611609349.386872
/ndn/s13-site/s13/C2Data-5209-Type2;6001169.0000;TIMEOUT;1611609353.592319
/ndn/s3-site/s3/C2Data-3999-Type1;6003887.0000;TIMEOUT;1611609353.928515
/ndn/h1-site/h1/C2Data-64-Type3;176394.0000;DATA;1611609368.086393
/ndn/v4-site/v4/C2Data-2992-Type3;276197.0000;DATA;1611609369.063323
/ndn/v13-site/v13/C2Data-3541-Type3;123975.0000;DATA;1611609371.272322
/ndn/s11-site/s11/C2Data-2504-Type3;6000337.0000;TIMEOUT;1611609367.256430
/ndn/d10-site/d10/C2Data-3032-Type2;23909.0000;DATA;1611609374.325368
/ndn/h10-site/h10/C2Data-613-Type3;179900.0000;DATA;1611609375.508384
/ndn/v3-site/v3/C2Data-2931-Type3;96089.0000;DATA;1611609375.945455
/ndn/d4-site/d4/C2Data-1162-Type3;186858.0000;DATA;1611609376.037299
/ndn/s10-site/s10/C2Data-2443-Type3;6000235.0000;TIMEOUT;1611609370.234430
/ndn/d5-site/d5/C2Data-1223-Type3;27971.0000;DATA;1611609376.467359
/ndn/v8-site/v8/C2Data-3236-Type3;72127.0000;DATA;1611609377.810347
