/ndn/v3-site/v3/C2Data-5808-Type2;162413.0000;DATA;1611606254.785982
/ndn/d4-site/d4/C2Data-2299-Type1;238434.0000;DATA;1611606255.392691
/ndn/h8-site/h8/C2Data-968-Type1;137793.0000;DATA;1611606257.879752
/ndn/d2-site/d2/C2Data-2057-Type2;239803.0000;DATA;1611606258.237002
/ndn/h12-site/h12/C2Data-1452-Type2;269645.0000;DATA;1611606258.285710
/ndn/s8-site/s8/C2Data-4598-Type1;188354.0000;DATA;1611606258.773927
/ndn/h5-site/h5/C2Data-605-Type1;98245.0000;DATA;1611606259.180762
/ndn/v1-site/v1/C2Data-5566-Type1;286103.0000;DATA;1611606260.082716
/ndn/d9-site/d9/C2Data-2904-Type1;142176.0000;DATA;1611606262.702819
/ndn/h10-site/h10/C2Data-1210-Type2;210434.0000;DATA;1611606262.888752
/ndn/v14-site/v14/C2Data-7139-Type1;119673.0000;DATA;1611606264.925766
/ndn/d9-site/d9/C2Data-1464-Type3;147115.0000;DATA;1611606279.138730
/ndn/v8-site/v8/C2Data-3233-Type3;25863.0000;DATA;1611606280.813787
/ndn/v9-site/v9/C2Data-3294-Type3;69416.0000;DATA;1611606281.285775
/ndn/v9-site/v9/C2Data-6535-Type1;70786.0000;DATA;1611606284.175910
/ndn/v8-site/v8/C2Data-6414-Type1;24005.0000;DATA;1611606285.546811
/ndn/h13-site/h13/C2Data-1574-Type1;149609.0000;DATA;1611606285.948807
/ndn/v5-site/v5/C2Data-6051-Type1;308248.0000;DATA;1611606287.213799
/ndn/v10-site/v10/C2Data-6656-Type1;195445.0000;DATA;1611606287.673797
/ndn/s1-site/s1/C2Data-3752-Type2;23832.0000;DATA;1611606288.406749
/ndn/h4-site/h4/C2Data-485-Type2;100117.0000;DATA;1611606288.934750
/ndn/v4-site/v4/C2Data-5930-Type1;313027.0000;DATA;1611606289.463761
/ndn/h0-site/h0/C2Data-0-Type3;25008.0000;DATA;1611606289.794800
/ndn/d5-site/d5/C2Data-2421-Type1;70651.0000;DATA;1611606289.912744
/ndn/d2-site/d2/C2Data-1037-Type3;237673.0000;DATA;1611606290.787728
/ndn/d0-site/d0/C2Data-1816-Type1;209113.0000;DATA;1611606292.363814
/ndn/d3-site/d3/C2Data-2179-Type1;186821.0000;DATA;1611606292.636768
/ndn/h1-site/h1/C2Data-61-Type3;212408.0000;DATA;1611606292.887791
/ndn/v9-site/v9/C2Data-6535-Type2;73056.0000;DATA;1611606293.888963
/ndn/h8-site/h8/C2Data-969-Type2;138194.0000;DATA;1611606294.043788
/ndn/d8-site/d8/C2Data-1403-Type3;239621.0000;DATA;1611606294.168820
/ndn/h2-site/h2/C2Data-122-Type3;261077.0000;DATA;1611606294.382700
/ndn/s10-site/s10/C2Data-4841-Type1;247233.0000;DATA;1611606294.514839
/ndn/s10-site/s10/C2Data-2440-Type3;235408.0000;DATA;1611606295.163861
/ndn/d1-site/d1/C2Data-1937-Type1;233760.0000;DATA;1611606295.685711
/ndn/d7-site/d7/C2Data-1342-Type3;167660.0000;DATA;1611606298.555775
/ndn/h11-site/h11/C2Data-671-Type3;243636.0000;DATA;1611606301.096773
/ndn/h10-site/h10/C2Data-610-Type3;255812.0000;DATA;1611606301.405879
/ndn/v9-site/v9/C2Data-6536-Type2;77087.0000;DATA;1611606317.388845
/ndn/v13-site/v13/C2Data-7020-Type1;161757.0000;DATA;1611606319.364801
/ndn/s4-site/s4/C2Data-4116-Type1;256934.0000;DATA;1611606320.914767
/ndn/d8-site/d8/C2Data-2785-Type1;231413.0000;DATA;1611606322.740793
/ndn/h3-site/h3/C2Data-365-Type2;256969.0000;DATA;1611606323.873687
/ndn/d6-site/d6/C2Data-2543-Type1;195317.0000;DATA;1611606324.098786
/ndn/s5-site/s5/C2Data-4237-Type1;191360.0000;DATA;1611606324.215744
/ndn/s10-site/s10/C2Data-4842-Type2;6010918.0000;TIMEOUT;1611606322.866896
/ndn/v8-site/v8/C2Data-3234-Type3;24607.0000;DATA;1611606339.979752
/ndn/s12-site/s12/C2Data-2563-Type3;69982.0000;DATA;1611606342.274835
/ndn/h14-site/h14/C2Data-855-Type3;223540.0000;DATA;1611606342.916087
/ndn/v4-site/v4/C2Data-5932-Type2;307818.0000;DATA;1611606344.430767
/ndn/v2-site/v2/C2Data-5690-Type2;189328.0000;DATA;1611606346.838754
/ndn/h12-site/h12/C2Data-1455-Type2;257310.0000;DATA;1611606347.390717
/ndn/v11-site/v11/C2Data-3417-Type3;208842.0000;DATA;1611606348.381742
/ndn/h5-site/h5/C2Data-608-Type1;95569.0000;DATA;1611606348.775780
/ndn/v12-site/v12/C2Data-6900-Type1;290628.0000;DATA;1611606348.683727
/ndn/h0-site/h0/C2Data-1-Type3;23924.0000;DATA;1611606349.595756
/ndn/d14-site/d14/C2Data-1770-Type3;224766.0000;DATA;1611606349.430798
/ndn/s6-site/s6/C2Data-2197-Type3;6000266.0000;TIMEOUT;1611606343.831684
/ndn/s8-site/s8/C2Data-4601-Type1;187711.0000;DATA;1611606349.705725
/ndn/v1-site/v1/C2Data-5569-Type1;282439.0000;DATA;1611606349.725783
/ndn/d2-site/d2/C2Data-1038-Type3;239104.0000;DATA;1611606351.595754
/ndn/h5-site/h5/C2Data-608-Type2;93063.0000;DATA;1611606352.198768
/ndn/s2-site/s2/C2Data-1953-Type3;6000307.0000;TIMEOUT;1611606346.413762
/ndn/d13-site/d13/C2Data-1709-Type3;206839.0000;DATA;1611606352.634785
/ndn/v7-site/v7/C2Data-925-Type4;255883.0000;DATA;1611606352.711765
/ndn/v5-site/v5/C2Data-6053-Type1;306486.0000;DATA;1611606352.752828
/ndn/v2-site/v2/C2Data-2868-Type3;190946.0000;DATA;1611606353.082734
/ndn/d4-site/d4/C2Data-2302-Type2;240622.0000;DATA;1611606354.036371
/ndn/h4-site/h4/C2Data-487-Type2;93397.0000;DATA;1611606355.554778
/ndn/h11-site/h11/C2Data-672-Type3;237785.0000;DATA;1611606355.529705
/ndn/s14-site/s14/C2Data-5327-Type1;6000238.0000;TIMEOUT;1611606352.442798
/ndn/s3-site/s3/C2Data-2014-Type3;6000302.0000;TIMEOUT;1611606354.127756
/ndn/h2-site/h2/C2Data-123-Type3;297177.0000;DATA;1611606360.164785
/ndn/s11-site/s11/C2Data-4964-Type1;6000387.0000;TIMEOUT;1611606355.374845
/ndn/s5-site/s5/C2Data-2136-Type3;6001278.0000;TIMEOUT;1611606355.458721
/ndn/s11-site/s11/C2Data-4964-Type2;6000232.0000;TIMEOUT;1611606355.834856
/ndn/v14-site/v14/C2Data-1100-Type4;117773.0000;DATA;1611606365.200729
/ndn/s9-site/s9/C2Data-2380-Type3;6000279.0000;TIMEOUT;1611606359.697765
/ndn/v2-site/v2/C2Data-800-Type4;204993.0000;DATA;1611606366.621799
/ndn/h0-site/h0/C2Data-4-Type2;23873.0000;DATA;1611606376.254822
/ndn/d9-site/d9/C2Data-2908-Type1;144190.0000;DATA;1611606376.325841
/ndn/h8-site/h8/C2Data-972-Type1;142799.0000;DATA;1611606376.829637
/ndn/v8-site/v8/C2Data-6417-Type2;24895.0000;DATA;1611606377.032847
/ndn/v3-site/v3/C2Data-5812-Type2;146593.0000;DATA;1611606377.359805
/ndn/d0-site/d0/C2Data-375-Type4;208627.0000;DATA;1611606379.282820
/ndn/s11-site/s11/C2Data-4965-Type1;6000218.0000;TIMEOUT;1611606376.381808
/ndn/v13-site/v13/C2Data-7022-Type2;168176.0000;DATA;1611606382.498754
/ndn/d11-site/d11/C2Data-3150-Type1;235870.0000;DATA;1611606382.445695
/ndn/d0-site/d0/C2Data-1819-Type2;218908.0000;DATA;1611606382.686688
/ndn/v0-site/v0/C2Data-5449-Type1;192172.0000;DATA;1611606382.989788
/ndn/s10-site/s10/C2Data-4844-Type1;6000834.0000;TIMEOUT;1611606377.826731
/ndn/v6-site/v6/C2Data-6175-Type2;192884.0000;DATA;1611606383.719769
/ndn/d12-site/d12/C2Data-3271-Type2;216783.0000;DATA;1611606383.976694
/ndn/v11-site/v11/C2Data-1025-Type4;382015.0000;DATA;1611606397.529769
/ndn/h3-site/h3/C2Data-75-Type4;283062.0000;DATA;1611606399.026727
/ndn/v3-site/v3/C2Data-5813-Type1;140107.0000;DATA;1611606404.668707
/ndn/d3-site/d3/C2Data-2183-Type1;187748.0000;DATA;1611606405.678745
/ndn/d9-site/d9/C2Data-600-Type4;140857.0000;DATA;1611606405.753724
/ndn/v7-site/v7/C2Data-3174-Type3;261885.0000;DATA;1611606405.662698
/ndn/d12-site/d12/C2Data-3272-Type2;214012.0000;DATA;1611606406.024711
/ndn/h14-site/h14/C2Data-1699-Type2;210981.0000;DATA;1611606406.325745
/ndn/h6-site/h6/C2Data-150-Type4;49582.0000;DATA;1611606406.650819
/ndn/v6-site/v6/C2Data-6176-Type1;188191.0000;DATA;1611606406.666689
/ndn/s2-site/s2/C2Data-1954-Type3;6000324.0000;TIMEOUT;1611606400.924701
/ndn/h6-site/h6/C2Data-731-Type1;47007.0000;DATA;1611606407.001744
/ndn/h10-site/h10/C2Data-250-Type4;215050.0000;DATA;1611606408.278751
/ndn/v2-site/v2/C2Data-5692-Type1;194315.0000;DATA;1611606408.332724
/ndn/v6-site/v6/C2Data-6176-Type2;187994.0000;DATA;1611606410.497986
/ndn/d7-site/d7/C2Data-1344-Type3;172124.0000;DATA;1611606411.435783
/ndn/h4-site/h4/C2Data-489-Type1;97769.0000;DATA;1611606411.649788
/ndn/v13-site/v13/C2Data-7023-Type1;163563.0000;DATA;1611606411.837854
/ndn/h9-site/h9/C2Data-1094-Type1;116667.0000;DATA;1611606411.920775
/ndn/h6-site/h6/C2Data-368-Type3;49132.0000;DATA;1611606412.467687
/ndn/h8-site/h8/C2Data-973-Type2;138865.0000;DATA;1611606412.861857
/ndn/s6-site/s6/C2Data-4361-Type2;6000328.0000;TIMEOUT;1611606409.655305
/ndn/v12-site/v12/C2Data-6902-Type2;308918.0000;DATA;1611606415.474915
/ndn/s10-site/s10/C2Data-4845-Type1;6000320.0000;TIMEOUT;1611606409.929845
/ndn/v2-site/v2/C2Data-5692-Type2;197332.0000;DATA;1611606415.744876
/ndn/s11-site/s11/C2Data-2503-Type3;6004495.0000;TIMEOUT;1611606411.502820
/ndn/d6-site/d6/C2Data-1283-Type3;202135.0000;DATA;1611606417.387802
/ndn/s0-site/s0/C2Data-3635-Type2;6000336.0000;TIMEOUT;1611606411.966154
/ndn/s10-site/s10/C2Data-2442-Type3;6000284.0000;TIMEOUT;1611606412.967819
/ndn/v5-site/v5/C2Data-3052-Type3;322685.0000;DATA;1611606419.181996
/ndn/s14-site/s14/C2Data-5329-Type1;6000294.0000;TIMEOUT;1611606413.970771
/ndn/s8-site/s8/C2Data-2320-Type3;6000356.0000;TIMEOUT;1611606414.498851
/ndn/s3-site/s3/C2Data-2015-Type3;6000485.0000;TIMEOUT;1611606419.696889
/ndn/h12-site/h12/C2Data-1458-Type2;257776.0000;DATA;1611606434.535841
/ndn/v5-site/v5/C2Data-6056-Type2;309824.0000;DATA;1611606435.582660
/ndn/d10-site/d10/C2Data-3031-Type1;102555.0000;DATA;1611606436.210753
/ndn/h4-site/h4/C2Data-490-Type1;100689.0000;DATA;1611606438.137750
/ndn/v12-site/v12/C2Data-6903-Type2;292867.0000;DATA;1611606438.277697
/ndn/v7-site/v7/C2Data-6298-Type2;273802.0000;DATA;1611606438.330769
/ndn/d3-site/d3/C2Data-2184-Type2;196286.0000;DATA;1611606439.090822
/ndn/s12-site/s12/C2Data-5088-Type2;6000271.0000;TIMEOUT;1611606434.348781
/ndn/d8-site/d8/C2Data-2789-Type1;238791.0000;DATA;1611606441.503885
/ndn/d12-site/d12/C2Data-3273-Type2;219294.0000;DATA;1611606442.407759
/ndn/h6-site/h6/C2Data-732-Type1;46533.0000;DATA;1611606443.256776
/ndn/s10-site/s10/C2Data-4846-Type1;6000245.0000;TIMEOUT;1611606438.474378
/ndn/s11-site/s11/C2Data-4967-Type1;6000200.0000;TIMEOUT;1611606444.506751
/ndn/s8-site/s8/C2Data-4604-Type2;6000738.0000;TIMEOUT;1611606445.536692
/ndn/v2-site/v2/C2Data-2870-Type3;196779.0000;DATA;1611606458.392754
/ndn/d8-site/d8/C2Data-1406-Type3;275896.0000;DATA;1611606459.001940
/ndn/h12-site/h12/C2Data-735-Type3;265952.0000;DATA;1611606461.907775
/ndn/v11-site/v11/C2Data-3419-Type3;213207.0000;DATA;1611606464.616893
/ndn/d2-site/d2/C2Data-2064-Type2;236039.0000;DATA;1611606465.753745
/ndn/h4-site/h4/C2Data-491-Type1;98038.0000;DATA;1611606468.427864
/ndn/v8-site/v8/C2Data-6420-Type1;23765.0000;DATA;1611606468.549832
/ndn/v4-site/v4/C2Data-5936-Type2;309007.0000;DATA;1611606468.724772
