/ndn/h0-site/h0/C2Data-0-Type2;25804.0000;DATA;1612146988.473394
/ndn/h9-site/h9/C2Data-1089-Type1;111619.0000;DATA;1612146989.075084
/ndn/s2-site/s2/C2Data-2662-Type2;51209.0000;DATA;1612146989.656158
/ndn/d0-site/d0/C2Data-1210-Type1;27462.0000;DATA;1612146989.688956
/ndn/s1-site/s1/C2Data-2541-Type2;101394.0000;DATA;1612146990.965442
/ndn/v2-site/v2/C2Data-3872-Type2;150945.0000;DATA;1612146991.804824
/ndn/s8-site/s8/C2Data-3388-Type2;101290.0000;DATA;1612146994.562760
/ndn/v8-site/v8/C2Data-4598-Type2;28498.0000;DATA;1612146995.436718
/ndn/d7-site/d7/C2Data-2057-Type1;77456.0000;DATA;1612146995.741403
/ndn/v9-site/v9/C2Data-4719-Type2;25195.0000;DATA;1612146996.306420
/ndn/d8-site/d8/C2Data-2178-Type2;25530.0000;DATA;1612146996.847057
/ndn/h3-site/h3/C2Data-363-Type2;27983.0000;DATA;1612146996.939448
/ndn/s0-site/s0/C2Data-2420-Type1;140834.0000;DATA;1612146997.265203
/ndn/s5-site/s5/C2Data-3025-Type1;25541.0000;DATA;1612146998.323761
/ndn/s7-site/s7/C2Data-3267-Type2;25561.0000;DATA;1612146998.885830
/ndn/d7-site/d7/C2Data-2057-Type2;25523.0000;DATA;1612146998.958183
/ndn/d9-site/d9/C2Data-2299-Type1;26825.0000;DATA;1612146999.189005
/ndn/v5-site/v5/C2Data-4235-Type2;24604.0000;DATA;1612146999.207764
/ndn/v4-site/v4/C2Data-4114-Type2;172327.0000;DATA;1612146999.280488
/ndn/s0-site/s0/C2Data-1220-Type3;25470.0000;DATA;1612147013.830280
/ndn/s9-site/s9/C2Data-3510-Type2;147454.0000;DATA;1612147018.050011
/ndn/v6-site/v6/C2Data-2196-Type3;30406.0000;DATA;1612147020.688756
/ndn/s2-site/s2/C2Data-2663-Type1;29937.0000;DATA;1612147020.943802
/ndn/v6-site/v6/C2Data-4357-Type1;137847.0000;DATA;1612147022.124215
/ndn/v0-site/v0/C2Data-3631-Type2;26334.0000;DATA;1612147022.992879
/ndn/s4-site/s4/C2Data-2905-Type1;171619.0000;DATA;1612147022.875205
/ndn/d5-site/d5/C2Data-1816-Type2;166535.0000;DATA;1612147023.247749
/ndn/s8-site/s8/C2Data-1708-Type3;28500.0000;DATA;1612147023.696960
/ndn/d5-site/d5/C2Data-915-Type3;55768.0000;DATA;1612147025.064755
/ndn/s8-site/s8/C2Data-3389-Type1;100807.0000;DATA;1612147026.274058
/ndn/d7-site/d7/C2Data-1037-Type3;112405.0000;DATA;1612147030.384870
/ndn/d6-site/d6/C2Data-1938-Type2;99149.0000;DATA;1612147048.541230
/ndn/s8-site/s8/C2Data-3390-Type1;29976.0000;DATA;1612147052.364493
/ndn/s9-site/s9/C2Data-3511-Type1;31280.0000;DATA;1612147054.893707
/ndn/h6-site/h6/C2Data-728-Type2;33750.0000;DATA;1612147056.489514
/ndn/v2-site/v2/C2Data-3874-Type2;24284.0000;DATA;1612147056.627990
/ndn/h4-site/h4/C2Data-245-Type3;24909.0000;DATA;1612147080.085710
/ndn/v2-site/v2/C2Data-3875-Type2;155273.0000;DATA;1612147080.224619
/ndn/v9-site/v9/C2Data-4722-Type1;100252.0000;DATA;1612147082.060138
/ndn/s1-site/s1/C2Data-1282-Type3;88704.0000;DATA;1612147082.716863
