/ndn/v4-site/v4/C2Data-5929-Type2;578.0000;NACK;1611608579.889762
/ndn/h11-site/h11/C2Data-1331-Type2;195063.0000;DATA;1611608579.881827
/ndn/h5-site/h5/C2Data-605-Type2;47711.0000;DATA;1611608580.754938
/ndn/h0-site/h0/C2Data-0-Type2;115491.0000;DATA;1611608584.523779
/ndn/d1-site/d1/C2Data-1936-Type2;550.0000;NACK;1611608586.857809
/ndn/v4-site/v4/C2Data-2989-Type3;543.0000;NACK;1611608604.744835
/ndn/d2-site/d2/C2Data-1037-Type3;129433.0000;DATA;1611608605.103784
/ndn/d12-site/d12/C2Data-1647-Type3;96276.0000;DATA;1611608605.407799
/ndn/h7-site/h7/C2Data-427-Type3;148086.0000;DATA;1611608608.083839
/ndn/v7-site/v7/C2Data-3172-Type3;423.0000;NACK;1611608611.028805
/ndn/d0-site/d0/C2Data-1816-Type2;95741.0000;DATA;1611608611.911839
/ndn/d13-site/d13/C2Data-3389-Type1;171586.0000;DATA;1611608612.259825
/ndn/d4-site/d4/C2Data-2300-Type2;186952.0000;DATA;1611608613.071926
/ndn/s0-site/s0/C2Data-3631-Type2;24686.0000;DATA;1611608613.488787
/ndn/v7-site/v7/C2Data-6293-Type1;481.0000;NACK;1611608614.709795
/ndn/d1-site/d1/C2Data-976-Type3;187808.0000;DATA;1611608614.533829
/ndn/s6-site/s6/C2Data-4357-Type2;72469.0000;DATA;1611608616.250861
/ndn/v2-site/v2/C2Data-2867-Type3;70533.0000;DATA;1611608616.564770
/ndn/s4-site/s4/C2Data-2074-Type3;209252.0000;DATA;1611608616.932929
/ndn/v5-site/v5/C2Data-6051-Type2;491.0000;NACK;1611608618.074828
/ndn/v8-site/v8/C2Data-3233-Type3;116609.0000;DATA;1611608618.857744
/ndn/d7-site/d7/C2Data-1342-Type3;47144.0000;DATA;1611608619.702831
/ndn/d4-site/d4/C2Data-2300-Type1;191801.0000;DATA;1611608620.212793
/ndn/s7-site/s7/C2Data-4478-Type2;209110.0000;DATA;1611608620.661831
/ndn/h11-site/h11/C2Data-671-Type3;185206.0000;DATA;1611608620.701807
/ndn/v10-site/v10/C2Data-3355-Type3;73355.0000;DATA;1611608622.597875
/ndn/h3-site/h3/C2Data-183-Type3;138658.0000;DATA;1611608623.080771
/ndn/h9-site/h9/C2Data-549-Type3;24312.0000;DATA;1611608625.700936
/ndn/d13-site/d13/C2Data-1708-Type3;163758.0000;DATA;1611608626.079845
/ndn/v12-site/v12/C2Data-3477-Type3;590.0000;NACK;1611608627.285815
/ndn/d11-site/d11/C2Data-1586-Type3;122445.0000;DATA;1611608627.343833
/ndn/h2-site/h2/C2Data-244-Type1;229495.0000;DATA;1611608642.340820
/ndn/s12-site/s12/C2Data-5084-Type1;141742.0000;DATA;1611608643.039850
/ndn/s13-site/s13/C2Data-5205-Type2;166941.0000;DATA;1611608643.350860
/ndn/h11-site/h11/C2Data-1333-Type2;109573.0000;DATA;1611608644.897843
/ndn/h12-site/h12/C2Data-1454-Type2;215095.0000;DATA;1611608644.868793
/ndn/h9-site/h9/C2Data-1091-Type2;27631.0000;DATA;1611608646.311863
/ndn/v12-site/v12/C2Data-6899-Type2;164514.0000;DATA;1611608648.366804
/ndn/d12-site/d12/C2Data-3269-Type2;92186.0000;DATA;1611608650.305790
/ndn/h1-site/h1/C2Data-123-Type1;144684.0000;DATA;1611608650.683796
/ndn/v8-site/v8/C2Data-6415-Type2;118717.0000;DATA;1611608651.386861
/ndn/d13-site/d13/C2Data-1709-Type3;167133.0000;DATA;1611608665.130789
/ndn/v5-site/v5/C2Data-3051-Type3;205922.0000;DATA;1611608667.014954
/ndn/s3-site/s3/C2Data-2014-Type3;147614.0000;DATA;1611608667.544745
/ndn/d1-site/d1/C2Data-1939-Type2;43055.0000;DATA;1611608670.466797
/ndn/h0-site/h0/C2Data-1-Type3;130815.0000;DATA;1611608670.937753
/ndn/v10-site/v10/C2Data-3356-Type3;69737.0000;DATA;1611608672.016758
/ndn/s6-site/s6/C2Data-2197-Type3;6000504.0000;TIMEOUT;1611608667.541819
/ndn/d12-site/d12/C2Data-3270-Type1;93121.0000;DATA;1611608673.509843
/ndn/s8-site/s8/C2Data-2319-Type3;143254.0000;DATA;1611608673.881890
/ndn/v2-site/v2/C2Data-5690-Type2;70930.0000;DATA;1611608674.511908
/ndn/d9-site/d9/C2Data-1465-Type3;24222.0000;DATA;1611608675.321814
/ndn/v7-site/v7/C2Data-6295-Type1;143822.0000;DATA;1611608675.731841
/ndn/s0-site/s0/C2Data-1831-Type3;6000261.0000;TIMEOUT;1611608670.361801
/ndn/s7-site/s7/C2Data-4480-Type1;6000262.0000;TIMEOUT;1611608670.925816
/ndn/d6-site/d6/C2Data-1282-Type3;51601.0000;DATA;1611608677.521828
/ndn/v2-site/v2/C2Data-2868-Type3;75554.0000;DATA;1611608678.053826
/ndn/s13-site/s13/C2Data-5206-Type1;165776.0000;DATA;1611608678.192559
/ndn/d3-site/d3/C2Data-2181-Type2;46583.0000;DATA;1611608678.586789
/ndn/d11-site/d11/C2Data-1587-Type3;117356.0000;DATA;1611608678.628824
/ndn/h4-site/h4/C2Data-487-Type2;93842.0000;DATA;1611608678.908773
/ndn/v11-site/v11/C2Data-3417-Type3;165117.0000;DATA;1611608678.926801
/ndn/h12-site/h12/C2Data-1455-Type2;211332.0000;DATA;1611608679.233805
/ndn/h12-site/h12/C2Data-1455-Type1;213020.0000;DATA;1611608679.932819
/ndn/d8-site/d8/C2Data-1404-Type3;123563.0000;DATA;1611608680.481823
/ndn/v4-site/v4/C2Data-2990-Type3;190215.0000;DATA;1611608680.826811
/ndn/h10-site/h10/C2Data-250-Type4;70005.0000;DATA;1611608681.382811
/ndn/h5-site/h5/C2Data-306-Type3;48968.0000;DATA;1611608681.904761
/ndn/v14-site/v14/C2Data-3600-Type3;70302.0000;DATA;1611608682.453829
/ndn/s9-site/s9/C2Data-4722-Type1;6000192.0000;TIMEOUT;1611608677.892883
/ndn/s11-site/s11/C2Data-2502-Type3;6000233.0000;TIMEOUT;1611608679.061793
/ndn/v8-site/v8/C2Data-3234-Type3;117868.0000;DATA;1611608685.708801
/ndn/s9-site/s9/C2Data-2380-Type3;6001584.0000;TIMEOUT;1611608681.734934
/ndn/v8-site/v8/C2Data-950-Type4;122898.0000;DATA;1611608691.387594
/ndn/v6-site/v6/C2Data-900-Type4;158903.0000;DATA;1611608693.734977
/ndn/v5-site/v5/C2Data-875-Type4;199773.0000;DATA;1611608695.247119
/ndn/v14-site/v14/C2Data-1100-Type4;88257.0000;DATA;1611608696.368928
/ndn/d12-site/d12/C2Data-3271-Type2;94975.0000;DATA;1611608699.904830
/ndn/d7-site/d7/C2Data-550-Type4;47148.0000;DATA;1611608700.259809
/ndn/d0-site/d0/C2Data-1819-Type2;92909.0000;DATA;1611608701.636801
/ndn/s0-site/s0/C2Data-3634-Type1;6000274.0000;TIMEOUT;1611608699.954809
/ndn/d1-site/d1/C2Data-1940-Type2;200805.0000;DATA;1611608706.096804
/ndn/v7-site/v7/C2Data-6296-Type2;141111.0000;DATA;1611608707.376842
/ndn/h14-site/h14/C2Data-1698-Type1;163872.0000;DATA;1611608708.015832
/ndn/h4-site/h4/C2Data-488-Type2;104803.0000;DATA;1611608708.327833
/ndn/d9-site/d9/C2Data-2908-Type2;23817.0000;DATA;1611608708.679815
/ndn/s8-site/s8/C2Data-4602-Type1;6000290.0000;TIMEOUT;1611608706.251911
/ndn/d10-site/d10/C2Data-625-Type4;92780.0000;DATA;1611608715.872533
/ndn/d2-site/d2/C2Data-425-Type4;130573.0000;DATA;1611608722.276780
/ndn/h13-site/h13/C2Data-325-Type4;117170.0000;DATA;1611608724.554838
/ndn/d13-site/d13/C2Data-1710-Type3;170958.0000;DATA;1611608727.997788
/ndn/v7-site/v7/C2Data-925-Type4;146006.0000;DATA;1611608729.766849
/ndn/h5-site/h5/C2Data-610-Type1;49848.0000;DATA;1611608730.102762
/ndn/v1-site/v1/C2Data-5571-Type1;169885.0000;DATA;1611608730.170785
/ndn/h11-site/h11/C2Data-673-Type3;190354.0000;DATA;1611608730.495777
/ndn/h12-site/h12/C2Data-1457-Type1;213923.0000;DATA;1611608730.489835
/ndn/d14-site/d14/C2Data-725-Type4;174593.0000;DATA;1611608731.057004
/ndn/d8-site/d8/C2Data-1405-Type3;115933.0000;DATA;1611608731.724840
/ndn/d11-site/d11/C2Data-1588-Type3;119133.0000;DATA;1611608731.877800
/ndn/h6-site/h6/C2Data-368-Type3;97424.0000;DATA;1611608732.404847
/ndn/h10-site/h10/C2Data-1215-Type1;75876.0000;DATA;1611608733.171859
/ndn/v7-site/v7/C2Data-3174-Type3;140135.0000;DATA;1611608733.843794
/ndn/h11-site/h11/C2Data-1336-Type2;196242.0000;DATA;1611608733.978764
/ndn/v3-site/v3/C2Data-2930-Type3;94528.0000;DATA;1611608734.452867
/ndn/d6-site/d6/C2Data-2546-Type1;46687.0000;DATA;1611608735.801788
/ndn/d5-site/d5/C2Data-2425-Type1;73126.0000;DATA;1611608736.176821
/ndn/h9-site/h9/C2Data-1094-Type2;24033.0000;DATA;1611608737.901804
/ndn/d3-site/d3/C2Data-2183-Type2;54045.0000;DATA;1611608738.972817
/ndn/h7-site/h7/C2Data-852-Type1;139612.0000;DATA;1611608739.358748
/ndn/v13-site/v13/C2Data-7023-Type2;119186.0000;DATA;1611608740.940752
/ndn/h1-site/h1/C2Data-126-Type1;140525.0000;DATA;1611608740.962767
/ndn/v11-site/v11/C2Data-3418-Type3;162773.0000;DATA;1611608741.066855
/ndn/d7-site/d7/C2Data-2667-Type1;46735.0000;DATA;1611608741.358815
/ndn/s7-site/s7/C2Data-4482-Type1;6000818.0000;TIMEOUT;1611608736.022812
/ndn/s13-site/s13/C2Data-2625-Type3;6001397.0000;TIMEOUT;1611608736.689843
/ndn/s12-site/s12/C2Data-5087-Type2;6001870.0000;TIMEOUT;1611608737.260815
/ndn/d0-site/d0/C2Data-917-Type3;103251.0000;DATA;1611608746.019844
/ndn/d2-site/d2/C2Data-1039-Type3;117850.0000;DATA;1611608746.140844
/ndn/s8-site/s8/C2Data-4603-Type2;6001274.0000;TIMEOUT;1611608740.852782
/ndn/s4-site/s4/C2Data-2076-Type3;6004369.0000;TIMEOUT;1611608746.155757
/ndn/h11-site/h11/C2Data-1337-Type1;188657.0000;DATA;1611608760.521825
/ndn/d2-site/d2/C2Data-2063-Type2;120666.0000;DATA;1611608761.045872
/ndn/d12-site/d12/C2Data-3273-Type2;92362.0000;DATA;1611608762.122840
/ndn/d4-site/d4/C2Data-2305-Type2;195431.0000;DATA;1611608765.229820
/ndn/s6-site/s6/C2Data-4362-Type2;6002678.0000;TIMEOUT;1611608760.024791
/ndn/d14-site/d14/C2Data-3515-Type2;170096.0000;DATA;1611608766.859852
/ndn/d11-site/d11/C2Data-3152-Type2;117835.0000;DATA;1611608768.050754
/ndn/s0-site/s0/C2Data-3636-Type2;6000377.0000;TIMEOUT;1611608762.987759
/ndn/h2-site/h2/C2Data-248-Type2;222276.0000;DATA;1611608769.571768
/ndn/h5-site/h5/C2Data-611-Type2;47230.0000;DATA;1611608770.558852
/ndn/v2-site/v2/C2Data-5693-Type1;71283.0000;DATA;1611608771.026434
/ndn/v9-site/v9/C2Data-6540-Type2;122144.0000;DATA;1611608771.511790
/ndn/s1-site/s1/C2Data-3757-Type1;6002960.0000;TIMEOUT;1611608768.751809
/ndn/s1-site/s1/C2Data-3757-Type2;6000379.0000;TIMEOUT;1611608769.002817
/ndn/v1-site/v1/C2Data-2809-Type3;176314.0000;DATA;1611608783.825818
/ndn/h0-site/h0/C2Data-7-Type1;121162.0000;DATA;1611608789.734832
/ndn/v11-site/v11/C2Data-6783-Type1;161599.0000;DATA;1611608791.585879
/ndn/v0-site/v0/C2Data-5452-Type2;48548.0000;DATA;1611608791.878836
/ndn/s14-site/s14/C2Data-2687-Type3;6001747.0000;TIMEOUT;1611608786.197878
/ndn/s5-site/s5/C2Data-2138-Type3;6001318.0000;TIMEOUT;1611608787.049929
/ndn/v13-site/v13/C2Data-7025-Type2;117707.0000;DATA;1611608793.745855
/ndn/h5-site/h5/C2Data-612-Type2;46813.0000;DATA;1611608793.958748
/ndn/h5-site/h5/C2Data-612-Type1;47764.0000;DATA;1611608794.437761
/ndn/h2-site/h2/C2Data-249-Type2;221351.0000;DATA;1611608794.881899
