/ndn/h1-site/h1/C2Data-121-Type2;25016.0000;DATA;1611602008.576268
/ndn/s13-site/s13/C2Data-5203-Type2;341.0000;NACK;1611602010.557455
/ndn/s4-site/s4/C2Data-4114-Type1;167700.0000;DATA;1611602011.474114
/ndn/h3-site/h3/C2Data-363-Type2;95535.0000;DATA;1611602012.711164
/ndn/v10-site/v10/C2Data-6655-Type1;72626.0000;DATA;1611602013.258166
/ndn/d3-site/d3/C2Data-2178-Type2;123090.0000;DATA;1611602013.568196
/ndn/h11-site/h11/C2Data-1331-Type1;70465.0000;DATA;1611602013.755084
/ndn/h7-site/h7/C2Data-847-Type1;243370.0000;DATA;1611602013.652126
/ndn/h5-site/h5/C2Data-605-Type2;149398.0000;DATA;1611602014.739169
/ndn/h4-site/h4/C2Data-484-Type1;193951.0000;DATA;1611602016.237077
/ndn/s11-site/s11/C2Data-4961-Type1;62873.0000;NACK;1611602018.329154
/ndn/s0-site/s0/C2Data-3630-Type1;142179.0000;DATA;1611602018.608113
/ndn/h4-site/h4/C2Data-244-Type3;213215.0000;DATA;1611602033.863625
/ndn/h3-site/h3/C2Data-183-Type3;154730.0000;DATA;1611602035.524171
/ndn/d10-site/d10/C2Data-1525-Type3;195764.0000;DATA;1611602036.545198
/ndn/d9-site/d9/C2Data-1464-Type3;119496.0000;DATA;1611602037.508171
/ndn/v10-site/v10/C2Data-3355-Type3;69849.0000;DATA;1611602038.541148
/ndn/h6-site/h6/C2Data-727-Type1;189461.0000;DATA;1611602038.744197
/ndn/s11-site/s11/C2Data-4962-Type2;63356.0000;NACK;1611602040.537092
/ndn/v9-site/v9/C2Data-6535-Type2;62191.0000;NACK;1611602040.933175
/ndn/s4-site/s4/C2Data-4115-Type2;169033.0000;DATA;1611602041.361141
/ndn/d13-site/d13/C2Data-3389-Type2;47851.0000;DATA;1611602041.711194
/ndn/h7-site/h7/C2Data-848-Type1;236751.0000;DATA;1611602041.720106
/ndn/v7-site/v7/C2Data-3172-Type3;96936.0000;DATA;1611602042.055119
/ndn/v0-site/v0/C2Data-5446-Type2;142379.0000;DATA;1611602042.065264
/ndn/s13-site/s13/C2Data-2623-Type3;408.0000;NACK;1611602042.545155
/ndn/h1-site/h1/C2Data-61-Type3;24063.0000;DATA;1611602042.652080
/ndn/s12-site/s12/C2Data-5083-Type1;243826.0000;DATA;1611602043.087081
/ndn/s4-site/s4/C2Data-2074-Type3;164339.0000;DATA;1611602044.125242
/ndn/h5-site/h5/C2Data-606-Type2;147425.0000;DATA;1611602044.655168
/ndn/s7-site/s7/C2Data-4478-Type1;94997.0000;DATA;1611602047.585182
/ndn/h13-site/h13/C2Data-793-Type3;92970.0000;DATA;1611602048.096193
/ndn/d13-site/d13/C2Data-3389-Type1;48232.0000;DATA;1611602049.100159
/ndn/s6-site/s6/C2Data-2196-Type3;117758.0000;DATA;1611602049.250150
/ndn/d0-site/d0/C2Data-915-Type3;25660.0000;DATA;1611602051.354159
/ndn/v5-site/v5/C2Data-3050-Type3;73233.0000;DATA;1611602052.455097
/ndn/v9-site/v9/C2Data-3294-Type3;218475.0000;DATA;1611602052.417238
/ndn/s7-site/s7/C2Data-2257-Type3;95109.0000;DATA;1611602052.631155
/ndn/v2-site/v2/C2Data-2867-Type3;102132.0000;DATA;1611602054.071176
/ndn/s0-site/s0/C2Data-1830-Type3;172977.0000;DATA;1611602054.592162
/ndn/d7-site/d7/C2Data-1342-Type3;72902.0000;DATA;1611602054.806121
/ndn/s13-site/s13/C2Data-5205-Type2;67366.0000;NACK;1611602069.836162
/ndn/h14-site/h14/C2Data-1696-Type1;124978.0000;DATA;1611602069.978250
/ndn/s0-site/s0/C2Data-3632-Type1;149141.0000;DATA;1611602071.923209
/ndn/h4-site/h4/C2Data-486-Type1;191553.0000;DATA;1611602072.806148
/ndn/s1-site/s1/C2Data-3753-Type1;258084.0000;DATA;1611602074.687237
/ndn/h11-site/h11/C2Data-1333-Type1;72346.0000;DATA;1611602075.352183
/ndn/d13-site/d13/C2Data-3390-Type1;47223.0000;DATA;1611602076.259155
/ndn/v10-site/v10/C2Data-6657-Type1;71109.0000;DATA;1611602076.306142
/ndn/v12-site/v12/C2Data-6899-Type1;118987.0000;DATA;1611602076.458154
/ndn/s1-site/s1/C2Data-3753-Type2;272484.0000;DATA;1611602076.533133
/ndn/v11-site/v11/C2Data-6778-Type2;46501.0000;DATA;1611602079.657169
/ndn/v1-site/v1/C2Data-2807-Type3;152063.0000;DATA;1611602097.221110
/ndn/h12-site/h12/C2Data-1455-Type1;166683.0000;DATA;1611602098.105147
/ndn/v4-site/v4/C2Data-5932-Type1;58894.0000;DATA;1611602098.536081
/ndn/h11-site/h11/C2Data-1334-Type1;70091.0000;DATA;1611602098.578121
/ndn/s7-site/s7/C2Data-2258-Type3;6000309.0000;TIMEOUT;1611602092.782183
/ndn/s13-site/s13/C2Data-5206-Type2;262450.0000;DATA;1611602099.123167
/ndn/v1-site/v1/C2Data-5569-Type2;120744.0000;DATA;1611602099.437172
/ndn/v14-site/v14/C2Data-7142-Type1;117161.0000;DATA;1611602099.499077
/ndn/v14-site/v14/C2Data-7142-Type2;120311.0000;DATA;1611602100.078148
/ndn/v2-site/v2/C2Data-5690-Type2;93761.0000;DATA;1611602100.497162
/ndn/d11-site/d11/C2Data-1587-Type3;74343.0000;DATA;1611602100.771092
/ndn/d10-site/d10/C2Data-3028-Type2;188160.0000;DATA;1611602101.168082
/ndn/v4-site/v4/C2Data-5932-Type2;141053.0000;DATA;1611602101.261132
/ndn/h9-site/h9/C2Data-1092-Type2;118883.0000;DATA;1611602101.376187
/ndn/h10-site/h10/C2Data-611-Type3;115636.0000;DATA;1611602101.680136
/ndn/v7-site/v7/C2Data-3173-Type3;92395.0000;DATA;1611602101.860081
/ndn/v8-site/v8/C2Data-6416-Type2;209835.0000;DATA;1611602104.414180
/ndn/v10-site/v10/C2Data-6658-Type1;73133.0000;DATA;1611602105.361075
/ndn/h12-site/h12/C2Data-1455-Type2;169332.0000;DATA;1611602105.434136
/ndn/d11-site/d11/C2Data-3149-Type2;73567.0000;DATA;1611602106.364165
/ndn/h14-site/h14/C2Data-855-Type3;125236.0000;DATA;1611602106.382101
/ndn/v10-site/v10/C2Data-3356-Type3;71689.0000;DATA;1611602108.036165
/ndn/s0-site/s0/C2Data-1831-Type3;6000241.0000;TIMEOUT;1611602103.118102
/ndn/h3-site/h3/C2Data-366-Type1;95676.0000;DATA;1611602109.445110
/ndn/v4-site/v4/C2Data-2990-Type3;142409.0000;DATA;1611602109.475157
/ndn/s6-site/s6/C2Data-2197-Type3;6000326.0000;TIMEOUT;1611602103.637125
/ndn/s0-site/s0/C2Data-3633-Type2;6000344.0000;TIMEOUT;1611602104.969109
/ndn/v13-site/v13/C2Data-3539-Type3;93079.0000;DATA;1611602111.052155
/ndn/s9-site/s9/C2Data-2380-Type3;6003992.0000;TIMEOUT;1611602106.304421
/ndn/s7-site/s7/C2Data-4480-Type2;6000464.0000;TIMEOUT;1611602107.501123
/ndn/h3-site/h3/C2Data-75-Type4;95679.0000;DATA;1611602113.694151
/ndn/d1-site/d1/C2Data-400-Type4;146663.0000;DATA;1611602114.528192
/ndn/s10-site/s10/C2Data-2441-Type3;6000551.0000;TIMEOUT;1611602113.414100
/ndn/v10-site/v10/C2Data-6659-Type2;74153.0000;DATA;1611602131.034263
/ndn/h9-site/h9/C2Data-1093-Type1;131637.0000;DATA;1611602131.147240
/ndn/v9-site/v9/C2Data-6538-Type2;200090.0000;DATA;1611602132.415149
/ndn/v13-site/v13/C2Data-7022-Type2;97085.0000;DATA;1611602132.745142
/ndn/h12-site/h12/C2Data-1456-Type2;166206.0000;DATA;1611602133.130184
/ndn/v8-site/v8/C2Data-6417-Type1;240213.0000;DATA;1611602134.934152
/ndn/v7-site/v7/C2Data-6296-Type1;98377.0000;DATA;1611602136.951129
/ndn/d0-site/d0/C2Data-1819-Type1;24498.0000;DATA;1611602137.277143
/ndn/v14-site/v14/C2Data-7143-Type1;122593.0000;DATA;1611602138.617346
/ndn/d12-site/d12/C2Data-3271-Type2;47410.0000;DATA;1611602139.247190
/ndn/h8-site/h8/C2Data-972-Type1;120829.0000;DATA;1611602139.557163
/ndn/s13-site/s13/C2Data-5207-Type2;6000445.0000;TIMEOUT;1611602135.670116
/ndn/v6-site/v6/C2Data-3113-Type3;47119.0000;DATA;1611602152.265195
/ndn/v14-site/v14/C2Data-3601-Type3;117269.0000;DATA;1611602152.508109
/ndn/d6-site/d6/C2Data-1283-Type3;147166.0000;DATA;1611602152.641179
/ndn/v5-site/v5/C2Data-3052-Type3;145625.0000;DATA;1611602154.310251
/ndn/h2-site/h2/C2Data-124-Type3;171495.0000;DATA;1611602154.331133
/ndn/h5-site/h5/C2Data-610-Type2;148808.0000;DATA;1611602160.080170
/ndn/h5-site/h5/C2Data-125-Type4;146224.0000;DATA;1611602160.277166
/ndn/h10-site/h10/C2Data-1215-Type1;122380.0000;DATA;1611602162.179173
/ndn/d14-site/d14/C2Data-1771-Type3;72365.0000;DATA;1611602162.283072
/ndn/h1-site/h1/C2Data-126-Type1;25918.0000;DATA;1611602162.967168
/ndn/s12-site/s12/C2Data-2564-Type3;6001194.0000;TIMEOUT;1611602157.383178
/ndn/s9-site/s9/C2Data-2381-Type3;6000484.0000;TIMEOUT;1611602157.551145
/ndn/d9-site/d9/C2Data-2909-Type1;102468.0000;DATA;1611602165.262172
/ndn/h11-site/h11/C2Data-1336-Type1;74515.0000;DATA;1611602165.715185
/ndn/v5-site/v5/C2Data-6055-Type2;146312.0000;DATA;1611602165.654179
/ndn/d13-site/d13/C2Data-1710-Type3;48861.0000;DATA;1611602166.704114
/ndn/s8-site/s8/C2Data-4603-Type1;6001936.0000;TIMEOUT;1611602161.569097
/ndn/h14-site/h14/C2Data-856-Type3;119470.0000;DATA;1611602168.106254
/ndn/d11-site/d11/C2Data-1588-Type3;72270.0000;DATA;1611602168.708115
/ndn/s13-site/s13/C2Data-2625-Type3;6000651.0000;TIMEOUT;1611602164.447146
/ndn/s9-site/s9/C2Data-4724-Type1;6000652.0000;TIMEOUT;1611602165.513128
/ndn/s11-site/s11/C2Data-2503-Type3;6003407.0000;TIMEOUT;1611602165.539269
/ndn/h7-site/h7/C2Data-429-Type3;242702.0000;DATA;1611602172.596175
/ndn/s14-site/s14/C2Data-5329-Type2;6003684.0000;TIMEOUT;1611602167.965083
/ndn/s13-site/s13/C2Data-5208-Type1;6007416.0000;TIMEOUT;1611602168.974097
/ndn/s7-site/s7/C2Data-4482-Type1;6000234.0000;TIMEOUT;1611602169.010136
/ndn/h6-site/h6/C2Data-368-Type3;205637.0000;DATA;1611602175.826142
/ndn/s10-site/s10/C2Data-2442-Type3;6000370.0000;TIMEOUT;1611602171.595264
/ndn/s1-site/s1/C2Data-1893-Type3;6000258.0000;TIMEOUT;1611602172.390133
/ndn/v7-site/v7/C2Data-6298-Type2;98974.0000;DATA;1611602188.616137
/ndn/v9-site/v9/C2Data-6540-Type2;218498.0000;DATA;1611602188.657186
/ndn/s10-site/s10/C2Data-4846-Type2;6000234.0000;TIMEOUT;1611602188.249149
/ndn/h4-site/h4/C2Data-490-Type1;193834.0000;DATA;1611602196.463132
/ndn/s13-site/s13/C2Data-5209-Type1;6000301.0000;TIMEOUT;1611602190.715134
/ndn/s11-site/s11/C2Data-4967-Type1;6000279.0000;TIMEOUT;1611602190.892155
/ndn/v13-site/v13/C2Data-7024-Type1;93495.0000;DATA;1611602197.027160
/ndn/d3-site/d3/C2Data-2184-Type2;119885.0000;DATA;1611602197.367089
/ndn/s6-site/s6/C2Data-4362-Type2;6000587.0000;TIMEOUT;1611602193.659107
/ndn/s5-site/s5/C2Data-4241-Type2;6000290.0000;TIMEOUT;1611602195.161165
/ndn/s1-site/s1/C2Data-3757-Type2;6001024.0000;TIMEOUT;1611602198.020175
/ndn/s13-site/s13/C2Data-5209-Type2;6000248.0000;TIMEOUT;1611602198.289184
/ndn/s5-site/s5/C2Data-4241-Type1;6002255.0000;TIMEOUT;1611602198.355164
/ndn/v2-site/v2/C2Data-2870-Type3;109394.0000;DATA;1611602216.722154
/ndn/h1-site/h1/C2Data-128-Type1;23919.0000;DATA;1611602218.521188
/ndn/v13-site/v13/C2Data-3541-Type3;95126.0000;DATA;1611602219.001161
/ndn/h13-site/h13/C2Data-796-Type3;96920.0000;DATA;1611602219.589148
/ndn/d4-site/d4/C2Data-2306-Type2;24528.0000;DATA;1611602219.873102
/ndn/d1-site/d1/C2Data-1943-Type2;114415.0000;DATA;1611602220.069096
/ndn/s9-site/s9/C2Data-2382-Type3;6003477.0000;TIMEOUT;1611602214.427167
/ndn/d5-site/d5/C2Data-2427-Type2;169099.0000;DATA;1611602221.126124
/ndn/h5-site/h5/C2Data-612-Type2;141077.0000;DATA;1611602221.981178
/ndn/v10-site/v10/C2Data-3358-Type3;70453.0000;DATA;1611602223.385196
