/C2Data/v2/C2Data-294-Type2;54113.0000;DATA;1609267442.302215
/C2Data/v3/C2Data-315-Type1;229724.0000;DATA;1609267444.137984
/C2Data/v0/C2Data-252-Type2;60040.0000;DATA;1609267445.850114
/C2Data/s2/C2Data-210-Type1;28715.0000;DATA;1609267447.088053
/C2Data/h2/C2Data-42-Type1;62710.0000;NACK;1609267453.751962
/C2Data/v2/C2Data-154-Type3;96648.0000;DATA;1609267503.152482
/C2Data/h2/C2Data-43-Type2;50740.0000;NACK;1609267505.493956
/C2Data/d1/C2Data-106-Type2;249696.0000;DATA;1609267506.089838
/C2Data/s3/C2Data-232-Type1;28761.0000;DATA;1609267510.992149
/C2Data/h3/C2Data-33-Type3;101139.0000;NACK;1609267511.158996
/C2Data/s2/C2Data-211-Type2;27560.0000;DATA;1609267514.117050
/C2Data/d0/C2Data-44-Type3;25307.0000;DATA;1609267533.880097
/C2Data/v2/C2Data-296-Type2;181119.0000;DATA;1609267562.621697
/C2Data/s1/C2Data-191-Type1;294799.0000;DATA;1609267563.264254
/C2Data/d1/C2Data-107-Type1;192375.0000;DATA;1609267564.200474
/C2Data/v3/C2Data-317-Type2;172942.0000;DATA;1609267566.558890
/C2Data/s2/C2Data-212-Type1;55076.0000;DATA;1609267569.659002
/C2Data/v1/C2Data-275-Type2;103009.0000;DATA;1609267581.626929
/C2Data/h3/C2Data-34-Type3;98121.0000;NACK;1609267609.804725
/C2Data/v3/C2Data-166-Type3;287981.0000;DATA;1609267615.555848
/C2Data/h2/C2Data-23-Type3;22148.0000;NACK;1609267620.060131
/C2Data/v1/C2Data-276-Type2;191145.0000;DATA;1609267625.623614
/C2Data/d1/C2Data-56-Type3;92205.0000;DATA;1609267633.407544
/C2Data/h1/C2Data-12-Type3;56181.0000;DATA;1609267635.368911
/C2Data/d3/C2Data-150-Type1;181309.0000;DATA;1609267639.602602
/C2Data/v2/C2Data-298-Type1;110315.0000;DATA;1609267686.884579
/C2Data/s3/C2Data-235-Type1;23544.0000;DATA;1609267694.544341
/C2Data/d0/C2Data-88-Type2;60530.0000;DATA;1609267696.327431
/C2Data/v2/C2Data-50-Type4;60991.0000;DATA;1609267699.426132
/C2Data/s2/C2Data-214-Type2;72138.0000;DATA;1609267701.125248
/C2Data/v1/C2Data-45-Type4;360149.0000;DATA;1609267716.844478
/C2Data/v1/C2Data-278-Type1;95811.0000;DATA;1609267744.358450
/C2Data/h2/C2Data-24-Type3;21046.0000;NACK;1609267745.282945
/C2Data/v1/C2Data-278-Type2;95107.0000;DATA;1609267746.668128
/C2Data/s1/C2Data-101-Type3;267287.0000;DATA;1609267747.319782
/C2Data/d1/C2Data-57-Type3;168253.0000;DATA;1609267747.595879
/C2Data/h2/C2Data-47-Type2;33818.0000;NACK;1609267747.772525
/C2Data/v3/C2Data-167-Type3;217767.0000;DATA;1609267748.059597
/C2Data/s2/C2Data-112-Type3;23736.0000;DATA;1609267753.493427
/C2Data/v3/C2Data-320-Type2;260798.0000;DATA;1609267761.137298
/C2Data/d3/C2Data-79-Type3;130373.0000;DATA;1609267761.579347
/C2Data/d0/C2Data-89-Type1;25574.0000;DATA;1609267761.720244
/C2Data/s0/C2Data-174-Type2;71276.0000;DATA;1609267802.197594
/C2Data/d1/C2Data-111-Type2;193390.0000;DATA;1609267811.522542
/C2Data/s2/C2Data-216-Type1;196661.0000;DATA;1609267814.351008
/C2Data/v2/C2Data-300-Type2;58949.0000;DATA;1609267816.049409
/C2Data/v3/C2Data-321-Type1;120783.0000;DATA;1609267818.345635
/C2Data/s3/C2Data-237-Type1;26833.0000;DATA;1609267824.965442
/C2Data/d2/C2Data-69-Type3;49058.0000;DATA;1609267853.308205
/C2Data/h2/C2Data-25-Type3;20906.0000;NACK;1609267869.147626
/C2Data/s1/C2Data-196-Type1;120897.0000;DATA;1609267876.088675
/C2Data/v2/C2Data-301-Type2;48418.0000;DATA;1609267882.676214
/C2Data/v3/C2Data-168-Type3;113026.0000;DATA;1609267883.792946
/C2Data/v2/C2Data-157-Type3;103838.0000;DATA;1609267887.318663
/C2Data/h1/C2Data-14-Type3;95882.0000;DATA;1609267894.207523
/C2Data/s2/C2Data-113-Type3;25278.0000;DATA;1609267895.093570
/C2Data/s0/C2Data-91-Type3;79422.0000;DATA;1609267895.826088
/C2Data/s3/C2Data-239-Type2;53756.0000;DATA;1609267921.390078
/C2Data/v3/C2Data-323-Type2;92615.0000;DATA;1609267922.641751
/C2Data/s0/C2Data-176-Type1;167186.0000;DATA;1609267929.857576
/C2Data/s3/C2Data-239-Type1;32513.0000;DATA;1609267940.608838
/C2Data/d2/C2Data-31-Type4;92390.0000;DATA;1609267954.986005
/C2Data/s0/C2Data-176-Type2;74819.0000;DATA;1609267955.087083
/C2Data/v0/C2Data-136-Type3;27100.0000;DATA;1609267978.473646
/C2Data/s2/C2Data-114-Type3;25703.0000;DATA;1609267978.566095
/C2Data/h2/C2Data-26-Type3;26251.0000;NACK;1609267987.149128
/C2Data/h2/C2Data-11-Type4;21005.0000;NACK;1609267987.969846
/C2Data/s1/C2Data-103-Type3;6000514.0000;TIMEOUT;1609268001.227239
/C2Data/d1/C2Data-59-Type3;275793.0000;DATA;1609268020.841319
