/ndn/v3-site/v3/C2Data-5808-Type2;104678.0000;DATA;1611609162.792370
/ndn/v1-site/v1/C2Data-5566-Type1;439.0000;NACK;1611609163.872394
/ndn/s5-site/s5/C2Data-4235-Type2;162195.0000;DATA;1611609166.567330
/ndn/v14-site/v14/C2Data-7139-Type2;117354.0000;DATA;1611609167.417305
/ndn/v10-site/v10/C2Data-6655-Type1;191014.0000;DATA;1611609168.224400
/ndn/v8-site/v8/C2Data-6413-Type1;697.0000;NACK;1611609169.284409
/ndn/s13-site/s13/C2Data-5203-Type2;551.0000;NACK;1611609169.401396
/ndn/d11-site/d11/C2Data-3146-Type2;195043.0000;DATA;1611609169.971357
/ndn/s1-site/s1/C2Data-3751-Type2;79294.0000;DATA;1611609170.341492
/ndn/s4-site/s4/C2Data-4114-Type2;47309.0000;DATA;1611609172.689364
/ndn/d8-site/d8/C2Data-2783-Type2;143119.0000;DATA;1611609173.281387
/ndn/h11-site/h11/C2Data-671-Type3;78318.0000;DATA;1611609190.714403
/ndn/h6-site/h6/C2Data-727-Type1;165598.0000;DATA;1611609192.795341
/ndn/d9-site/d9/C2Data-1464-Type3;167780.0000;DATA;1611609193.643309
/ndn/s5-site/s5/C2Data-4236-Type2;161848.0000;DATA;1611609194.123478
/ndn/d11-site/d11/C2Data-3147-Type2;191537.0000;DATA;1611609194.346387
/ndn/d3-site/d3/C2Data-2179-Type2;217029.0000;DATA;1611609194.542332
/ndn/h10-site/h10/C2Data-1211-Type1;241202.0000;DATA;1611609195.557317
/ndn/d3-site/d3/C2Data-2179-Type1;209946.0000;DATA;1611609196.043346
/ndn/d5-site/d5/C2Data-2421-Type2;149301.0000;DATA;1611609196.899401
/ndn/v4-site/v4/C2Data-5930-Type2;269575.0000;DATA;1611609196.818405
/ndn/v13-site/v13/C2Data-7019-Type2;48688.0000;DATA;1611609200.640304
/ndn/v9-site/v9/C2Data-6535-Type2;189853.0000;DATA;1611609200.647087
/ndn/v7-site/v7/C2Data-6293-Type1;214256.0000;DATA;1611609200.905118
/ndn/s10-site/s10/C2Data-2440-Type3;23952.0000;DATA;1611609202.379606
/ndn/v10-site/v10/C2Data-3355-Type3;193281.0000;DATA;1611609203.100368
/ndn/d7-site/d7/C2Data-1342-Type3;196260.0000;DATA;1611609203.106326
/ndn/d2-site/d2/C2Data-2058-Type2;116336.0000;DATA;1611609203.428305
/ndn/h0-site/h0/C2Data-1-Type1;191080.0000;DATA;1611609203.728352
/ndn/d5-site/d5/C2Data-2421-Type1;143317.0000;DATA;1611609204.246384
/ndn/v8-site/v8/C2Data-3233-Type3;202145.0000;DATA;1611609204.652191
/ndn/v2-site/v2/C2Data-2867-Type3;215179.0000;DATA;1611609205.130377
/ndn/d1-site/d1/C2Data-976-Type3;23685.0000;DATA;1611609205.324374
/ndn/s6-site/s6/C2Data-2196-Type3;264884.0000;DATA;1611609205.681413
/ndn/v13-site/v13/C2Data-3538-Type3;48240.0000;DATA;1611609207.235465
/ndn/h6-site/h6/C2Data-366-Type3;166618.0000;DATA;1611609208.063377
/ndn/s2-site/s2/C2Data-3874-Type2;47218.0000;DATA;1611609225.091380
/ndn/v2-site/v2/C2Data-5689-Type1;223292.0000;DATA;1611609226.626366
/ndn/v1-site/v1/C2Data-5568-Type2;243852.0000;DATA;1611609226.833365
/ndn/d8-site/d8/C2Data-2785-Type1;141363.0000;DATA;1611609228.503306
/ndn/s3-site/s3/C2Data-3995-Type2;220973.0000;DATA;1611609228.700371
/ndn/h12-site/h12/C2Data-1454-Type2;48347.0000;DATA;1611609229.074509
/ndn/v8-site/v8/C2Data-6415-Type1;190110.0000;DATA;1611609232.223326
/ndn/h11-site/h11/C2Data-1333-Type2;72157.0000;DATA;1611609234.385341
/ndn/s1-site/s1/C2Data-3753-Type2;6001131.0000;TIMEOUT;1611609232.706354
/ndn/h2-site/h2/C2Data-123-Type3;50167.0000;DATA;1611609252.119392
/ndn/d6-site/d6/C2Data-1282-Type3;219536.0000;DATA;1611609252.487470
/ndn/s9-site/s9/C2Data-4722-Type2;94982.0000;DATA;1611609254.222416
/ndn/h5-site/h5/C2Data-306-Type3;119132.0000;DATA;1611609254.304434
/ndn/d0-site/d0/C2Data-916-Type3;142498.0000;DATA;1611609255.121365
/ndn/h11-site/h11/C2Data-1334-Type1;71498.0000;DATA;1611609255.977309
/ndn/h4-site/h4/C2Data-245-Type3;167872.0000;DATA;1611609257.009373
/ndn/d2-site/d2/C2Data-1038-Type3;126006.0000;DATA;1611609258.306360
/ndn/h11-site/h11/C2Data-1334-Type2;72729.0000;DATA;1611609258.514414
/ndn/d11-site/d11/C2Data-3149-Type2;191645.0000;DATA;1611609258.454439
/ndn/s12-site/s12/C2Data-5085-Type1;212851.0000;DATA;1611609259.095318
/ndn/d10-site/d10/C2Data-1526-Type3;171394.0000;DATA;1611609260.031387
/ndn/h4-site/h4/C2Data-100-Type4;169294.0000;DATA;1611609260.389357
/ndn/v8-site/v8/C2Data-3234-Type3;192566.0000;DATA;1611609260.383468
/ndn/h11-site/h11/C2Data-672-Type3;70488.0000;DATA;1611609264.553457
/ndn/h10-site/h10/C2Data-250-Type4;246315.0000;DATA;1611609264.739388
/ndn/s1-site/s1/C2Data-3754-Type1;6000275.0000;TIMEOUT;1611609260.026342
/ndn/v13-site/v13/C2Data-3539-Type3;46544.0000;DATA;1611609266.343493
/ndn/v2-site/v2/C2Data-2868-Type3;218687.0000;DATA;1611609266.731344
/ndn/v5-site/v5/C2Data-875-Type4;264295.0000;DATA;1611609266.791404
/ndn/s5-site/s5/C2Data-4238-Type1;6001131.0000;TIMEOUT;1611609261.882382
/ndn/s0-site/s0/C2Data-1831-Type3;6000514.0000;TIMEOUT;1611609262.909408
/ndn/v13-site/v13/C2Data-1075-Type4;48057.0000;DATA;1611609269.176320
/ndn/v4-site/v4/C2Data-2990-Type3;267183.0000;DATA;1611609269.318002
/ndn/s1-site/s1/C2Data-1892-Type3;6000259.0000;TIMEOUT;1611609264.016357
/ndn/s12-site/s12/C2Data-2563-Type3;6001114.0000;TIMEOUT;1611609266.924374
/ndn/v10-site/v10/C2Data-1000-Type4;255714.0000;DATA;1611609277.442439
/ndn/h8-site/h8/C2Data-200-Type4;171941.0000;DATA;1611609280.368315
/ndn/v2-site/v2/C2Data-5691-Type1;220394.0000;DATA;1611609282.596416
/ndn/v12-site/v12/C2Data-6901-Type1;235272.0000;DATA;1611609282.986355
/ndn/d10-site/d10/C2Data-3029-Type1;174317.0000;DATA;1611609283.732848
/ndn/d3-site/d3/C2Data-2182-Type2;220733.0000;DATA;1611609284.822301
/ndn/d10-site/d10/C2Data-625-Type4;167275.0000;DATA;1611609285.026314
/ndn/v14-site/v14/C2Data-7143-Type1;99581.0000;DATA;1611609285.490377
/ndn/d6-site/d6/C2Data-525-Type4;211129.0000;DATA;1611609285.526332
/ndn/h13-site/h13/C2Data-325-Type4;74357.0000;DATA;1611609288.121303
/ndn/v3-site/v3/C2Data-5812-Type1;92773.0000;DATA;1611609288.765380
/ndn/d1-site/d1/C2Data-1940-Type2;24191.0000;DATA;1611609291.502329
/ndn/h9-site/h9/C2Data-1093-Type1;142062.0000;DATA;1611609291.889374
/ndn/s9-site/s9/C2Data-4723-Type2;6000247.0000;TIMEOUT;1611609286.112293
/ndn/d9-site/d9/C2Data-600-Type4;165604.0000;DATA;1611609292.013373
/ndn/v7-site/v7/C2Data-925-Type4;218508.0000;DATA;1611609292.311360
/ndn/s1-site/s1/C2Data-3755-Type2;6000316.0000;TIMEOUT;1611609286.788438
/ndn/s10-site/s10/C2Data-4844-Type1;6000316.0000;TIMEOUT;1611609287.406398
/ndn/d3-site/d3/C2Data-2182-Type1;209001.0000;DATA;1611609293.580313
/ndn/d8-site/d8/C2Data-575-Type4;145352.0000;DATA;1611609293.697351
/ndn/s6-site/s6/C2Data-4360-Type1;6000250.0000;TIMEOUT;1611609289.872327
/ndn/d6-site/d6/C2Data-1283-Type3;234302.0000;DATA;1611609309.518665
/ndn/v14-site/v14/C2Data-3601-Type3;103854.0000;DATA;1611609310.553389
/ndn/d11-site/d11/C2Data-1588-Type3;205852.0000;DATA;1611609311.455470
/ndn/h12-site/h12/C2Data-734-Type3;47411.0000;DATA;1611609312.415422
/ndn/v1-site/v1/C2Data-5571-Type2;241362.0000;DATA;1611609313.766389
/ndn/d0-site/d0/C2Data-375-Type4;147923.0000;DATA;1611609314.288365
/ndn/v4-site/v4/C2Data-5934-Type1;265174.0000;DATA;1611609314.788398
/ndn/d13-site/d13/C2Data-1710-Type3;71243.0000;DATA;1611609315.224440
/ndn/v3-site/v3/C2Data-2930-Type3;96633.0000;DATA;1611609315.619422
/ndn/v6-site/v6/C2Data-3113-Type3;69265.0000;DATA;1611609315.755319
/ndn/h4-site/h4/C2Data-489-Type1;169554.0000;DATA;1611609316.137341
/ndn/s12-site/s12/C2Data-2564-Type3;6000234.0000;TIMEOUT;1611609311.207359
/ndn/s11-site/s11/C2Data-2503-Type3;6002048.0000;TIMEOUT;1611609312.541386
/ndn/v6-site/v6/C2Data-6176-Type2;69871.0000;DATA;1611609324.155417
/ndn/s3-site/s3/C2Data-3998-Type1;6000274.0000;TIMEOUT;1611609323.000388
/ndn/s3-site/s3/C2Data-3998-Type2;6000373.0000;TIMEOUT;1611609324.011297
/ndn/s13-site/s13/C2Data-2625-Type3;6000955.0000;TIMEOUT;1611609328.828368
/ndn/s8-site/s8/C2Data-2320-Type3;6016842.0000;TIMEOUT;1611609330.005389
/ndn/v13-site/v13/C2Data-7024-Type2;47013.0000;DATA;1611609343.257335
/ndn/h12-site/h12/C2Data-1458-Type2;49582.0000;DATA;1611609348.670368
/ndn/v2-site/v2/C2Data-5693-Type2;218486.0000;DATA;1611609349.108355
/ndn/s13-site/s13/C2Data-5209-Type2;6000495.0000;TIMEOUT;1611609343.873305
/ndn/h10-site/h10/C2Data-1216-Type1;239729.0000;DATA;1611609350.052364
/ndn/s6-site/s6/C2Data-4362-Type2;6002933.0000;TIMEOUT;1611609345.033381
/ndn/s3-site/s3/C2Data-3999-Type1;6000292.0000;TIMEOUT;1611609345.664469
/ndn/h2-site/h2/C2Data-248-Type1;46568.0000;DATA;1611609352.372407
/ndn/s12-site/s12/C2Data-5088-Type2;6000387.0000;TIMEOUT;1611609346.615302
/ndn/h6-site/h6/C2Data-732-Type1;166056.0000;DATA;1611609354.104302
/ndn/h10-site/h10/C2Data-1216-Type2;238057.0000;DATA;1611609354.335367
/ndn/h13-site/h13/C2Data-796-Type3;69546.0000;DATA;1611609367.108405
/ndn/v0-site/v0/C2Data-2748-Type3;169812.0000;DATA;1611609370.233359
/ndn/v10-site/v10/C2Data-3358-Type3;189376.0000;DATA;1611609370.929423
/ndn/d8-site/d8/C2Data-1406-Type3;141781.0000;DATA;1611609371.017320
/ndn/h13-site/h13/C2Data-1580-Type2;70915.0000;DATA;1611609372.448382
/ndn/v11-site/v11/C2Data-6783-Type1;68372.0000;DATA;1611609372.562368
/ndn/v7-site/v7/C2Data-6299-Type2;206634.0000;DATA;1611609372.645354
/ndn/h8-site/h8/C2Data-975-Type1;175808.0000;DATA;1611609373.231380
/ndn/s6-site/s6/C2Data-2199-Type3;6000313.0000;TIMEOUT;1611609368.523363
/ndn/v1-site/v1/C2Data-5573-Type2;242933.0000;DATA;1611609374.435456
/ndn/h5-site/h5/C2Data-612-Type2;124835.0000;DATA;1611609374.790404
/ndn/h8-site/h8/C2Data-975-Type2;174592.0000;DATA;1611609375.529486
/ndn/d7-site/d7/C2Data-1345-Type3;195465.0000;DATA;1611609377.543394
/ndn/h5-site/h5/C2Data-308-Type3;121461.0000;DATA;1611609378.082446
