/ndn/v12-site/v12/C2Data-6897-Type1;430.0000;NACK;1611608579.783828
/ndn/v14-site/v14/C2Data-7139-Type1;73239.0000;DATA;1611608580.653009
/ndn/v3-site/v3/C2Data-5808-Type1;98086.0000;DATA;1611608580.772816
/ndn/v4-site/v4/C2Data-5929-Type1;437.0000;NACK;1611608581.976831
/ndn/s14-site/s14/C2Data-5324-Type2;196650.0000;DATA;1611608583.100828
/ndn/s4-site/s4/C2Data-4114-Type1;221635.0000;DATA;1611608585.671820
/ndn/v5-site/v5/C2Data-6050-Type1;551.0000;NACK;1611608587.504742
/ndn/v10-site/v10/C2Data-6655-Type2;525.0000;NACK;1611608589.661821
/ndn/d9-site/d9/C2Data-2904-Type2;104604.0000;DATA;1611608590.822751
/ndn/v8-site/v8/C2Data-3233-Type3;73788.0000;DATA;1611608605.415815
/ndn/h13-site/h13/C2Data-793-Type3;108100.0000;DATA;1611608607.604820
/ndn/v0-site/v0/C2Data-5446-Type2;141209.0000;DATA;1611608609.822837
/ndn/s2-site/s2/C2Data-3873-Type2;122547.0000;DATA;1611608610.890756
/ndn/h1-site/h1/C2Data-61-Type3;163933.0000;DATA;1611608614.702831
/ndn/d0-site/d0/C2Data-915-Type3;166550.0000;DATA;1611608615.728799
/ndn/h2-site/h2/C2Data-122-Type3;218933.0000;DATA;1611608616.464783
/ndn/v3-site/v3/C2Data-2928-Type3;95317.0000;DATA;1611608616.690750
/ndn/s9-site/s9/C2Data-4720-Type1;71282.0000;DATA;1611608616.816814
/ndn/d1-site/d1/C2Data-1937-Type1;191180.0000;DATA;1611608616.755777
/ndn/d2-site/d2/C2Data-2058-Type2;188097.0000;DATA;1611608616.800814
/ndn/d13-site/d13/C2Data-1708-Type3;145563.0000;DATA;1611608616.925830
/ndn/v13-site/v13/C2Data-3538-Type3;119477.0000;DATA;1611608617.361890
/ndn/v5-site/v5/C2Data-6051-Type1;506.0000;NACK;1611608618.117843
/ndn/h2-site/h2/C2Data-243-Type2;210099.0000;DATA;1611608618.173847
/ndn/s3-site/s3/C2Data-3994-Type2;47466.0000;DATA;1611608618.408878
/ndn/h9-site/h9/C2Data-549-Type3;71727.0000;DATA;1611608619.378933
/ndn/v6-site/v6/C2Data-3111-Type3;140977.0000;DATA;1611608620.041769
/ndn/h5-site/h5/C2Data-305-Type3;46953.0000;DATA;1611608620.359790
/ndn/h1-site/h1/C2Data-122-Type2;176567.0000;DATA;1611608620.582878
/ndn/v3-site/v3/C2Data-5809-Type2;92479.0000;DATA;1611608621.376766
/ndn/h7-site/h7/C2Data-848-Type2;91864.0000;DATA;1611608621.386743
/ndn/v7-site/v7/C2Data-3172-Type3;133200.0000;NACK;1611608622.439874
/ndn/h10-site/h10/C2Data-610-Type3;181981.0000;DATA;1611608624.484776
/ndn/h14-site/h14/C2Data-1696-Type2;163597.0000;DATA;1611608639.933819
/ndn/v9-site/v9/C2Data-6536-Type2;24279.0000;DATA;1611608640.759788
/ndn/d8-site/d8/C2Data-2785-Type1;195589.0000;DATA;1611608640.830896
/ndn/d14-site/d14/C2Data-3511-Type2;170142.0000;DATA;1611608642.154792
/ndn/d2-site/d2/C2Data-2059-Type1;194291.0000;DATA;1611608642.836869
/ndn/s10-site/s10/C2Data-4842-Type1;190271.0000;DATA;1611608642.997826
/ndn/s2-site/s2/C2Data-3874-Type1;115460.0000;DATA;1611608643.960752
/ndn/s3-site/s3/C2Data-3995-Type2;50931.0000;DATA;1611608645.293830
/ndn/s3-site/s3/C2Data-3995-Type1;47623.0000;DATA;1611608645.543894
/ndn/v6-site/v6/C2Data-6173-Type1;151158.0000;DATA;1611608645.517770
/ndn/v12-site/v12/C2Data-6899-Type1;240658.0000;DATA;1611608646.820890
/ndn/d10-site/d10/C2Data-3027-Type1;25544.0000;DATA;1611608648.576773
/ndn/s14-site/s14/C2Data-5326-Type2;6000235.0000;TIMEOUT;1611608643.034827
/ndn/s7-site/s7/C2Data-4479-Type1;6000232.0000;TIMEOUT;1611608650.613788
/ndn/h0-site/h0/C2Data-1-Type3;88433.0000;DATA;1611608665.276853
/ndn/h14-site/h14/C2Data-855-Type3;180370.0000;DATA;1611608665.987034
/ndn/d2-site/d2/C2Data-1038-Type3;194164.0000;DATA;1611608667.366845
/ndn/h3-site/h3/C2Data-184-Type3;217018.0000;DATA;1611608668.163824
/ndn/s11-site/s11/C2Data-2502-Type3;48576.0000;DATA;1611608668.544751
/ndn/d5-site/d5/C2Data-2423-Type2;25128.0000;DATA;1611608670.042813
/ndn/v13-site/v13/C2Data-3539-Type3;128377.0000;DATA;1611608670.406806
/ndn/h13-site/h13/C2Data-1576-Type2;100554.0000;DATA;1611608670.888822
/ndn/s12-site/s12/C2Data-5085-Type1;49217.0000;DATA;1611608671.574784
/ndn/v10-site/v10/C2Data-6658-Type1;148754.0000;DATA;1611608674.090927
/ndn/d9-site/d9/C2Data-1465-Type3;94326.0000;DATA;1611608674.607819
/ndn/h5-site/h5/C2Data-608-Type1;47659.0000;DATA;1611608674.768790
/ndn/d12-site/d12/C2Data-3270-Type1;164210.0000;DATA;1611608674.738803
/ndn/s9-site/s9/C2Data-4722-Type1;69830.0000;DATA;1611608677.377815
/ndn/v5-site/v5/C2Data-3051-Type3;262249.0000;DATA;1611608677.987879
/ndn/h14-site/h14/C2Data-1697-Type2;165496.0000;DATA;1611608678.455893
/ndn/d8-site/d8/C2Data-1404-Type3;192401.0000;DATA;1611608678.481818
/ndn/d13-site/d13/C2Data-3391-Type2;165658.0000;DATA;1611608678.760833
/ndn/d3-site/d3/C2Data-2181-Type1;140841.0000;DATA;1611608680.278850
/ndn/d8-site/d8/C2Data-2786-Type1;191310.0000;DATA;1611608680.590857
/ndn/h11-site/h11/C2Data-1334-Type2;189847.0000;DATA;1611608680.681926
/ndn/s7-site/s7/C2Data-4480-Type1;6000361.0000;TIMEOUT;1611608675.356814
/ndn/d9-site/d9/C2Data-600-Type4;97525.0000;DATA;1611608681.261834
/ndn/s0-site/s0/C2Data-3633-Type2;6000203.0000;TIMEOUT;1611608675.367866
/ndn/v10-site/v10/C2Data-6658-Type2;142560.0000;DATA;1611608681.646746
/ndn/s0-site/s0/C2Data-3633-Type1;6000192.0000;TIMEOUT;1611608676.004780
/ndn/d7-site/d7/C2Data-1343-Type3;118392.0000;DATA;1611608682.100862
/ndn/d13-site/d13/C2Data-1709-Type3;161031.0000;DATA;1611608685.123823
/ndn/s10-site/s10/C2Data-4843-Type1;6000499.0000;TIMEOUT;1611608679.409858
/ndn/s2-site/s2/C2Data-3875-Type1;6000214.0000;TIMEOUT;1611608680.074801
/ndn/d11-site/d11/C2Data-1587-Type3;191493.0000;DATA;1611608686.933837
/ndn/s5-site/s5/C2Data-2136-Type3;6000217.0000;TIMEOUT;1611608681.521840
/ndn/d1-site/d1/C2Data-400-Type4;191850.0000;DATA;1611608689.592579
/ndn/s1-site/s1/C2Data-1892-Type3;6006556.0000;TIMEOUT;1611608684.062818
/ndn/v8-site/v8/C2Data-950-Type4;107676.0000;DATA;1611608693.227084
/ndn/h7-site/h7/C2Data-851-Type1;94149.0000;DATA;1611608700.846849
/ndn/d11-site/d11/C2Data-650-Type4;187270.0000;DATA;1611608701.549784
/ndn/d4-site/d4/C2Data-2303-Type2;184464.0000;DATA;1611608703.477841
/ndn/d7-site/d7/C2Data-2666-Type1;118487.0000;DATA;1611608704.254793
/ndn/d2-site/d2/C2Data-2061-Type2;186860.0000;DATA;1611608704.642769
/ndn/v2-site/v2/C2Data-5691-Type2;143816.0000;DATA;1611608706.771788
/ndn/h6-site/h6/C2Data-150-Type4;46601.0000;DATA;1611608707.073929
/ndn/h13-site/h13/C2Data-1577-Type2;97927.0000;DATA;1611608707.711807
/ndn/s1-site/s1/C2Data-3755-Type2;6000276.0000;TIMEOUT;1611608702.298845
/ndn/d1-site/d1/C2Data-1940-Type2;187433.0000;DATA;1611608708.133792
/ndn/v12-site/v12/C2Data-6901-Type1;248727.0000;DATA;1611608710.052783
/ndn/h5-site/h5/C2Data-609-Type2;49505.0000;DATA;1611608710.631779
/ndn/v4-site/v4/C2Data-5933-Type1;259244.0000;DATA;1611608711.316770
/ndn/s6-site/s6/C2Data-4360-Type1;6000519.0000;TIMEOUT;1611608705.813876
/ndn/s1-site/s1/C2Data-3755-Type1;6000622.0000;TIMEOUT;1611608710.925602
/ndn/d4-site/d4/C2Data-1161-Type3;191053.0000;DATA;1611608732.528852
/ndn/h2-site/h2/C2Data-50-Type4;216706.0000;DATA;1611608732.869762
/ndn/v4-site/v4/C2Data-5934-Type2;258279.0000;DATA;1611608733.083824
/ndn/d4-site/d4/C2Data-2304-Type2;186599.0000;DATA;1611608733.289803
/ndn/v10-site/v10/C2Data-6660-Type2;141151.0000;DATA;1611608735.390749
/ndn/d12-site/d12/C2Data-3272-Type2;165765.0000;DATA;1611608735.872889
/ndn/h7-site/h7/C2Data-429-Type3;94694.0000;DATA;1611608738.282814
/ndn/d13-site/d13/C2Data-3393-Type2;162339.0000;DATA;1611608738.630750
/ndn/v0-site/v0/C2Data-2747-Type3;140206.0000;DATA;1611608739.359299
/ndn/s6-site/s6/C2Data-2198-Type3;6000404.0000;TIMEOUT;1611608733.670788
/ndn/s3-site/s3/C2Data-3998-Type1;6000701.0000;TIMEOUT;1611608734.753821
/ndn/s14-site/s14/C2Data-5329-Type1;6000257.0000;TIMEOUT;1611608734.762771
/ndn/v12-site/v12/C2Data-6902-Type1;270854.0000;DATA;1611608741.662805
/ndn/d11-site/d11/C2Data-1588-Type3;198790.0000;DATA;1611608742.540834
/ndn/s13-site/s13/C2Data-5208-Type1;6000204.0000;TIMEOUT;1611608736.982831
/ndn/v12-site/v12/C2Data-3479-Type3;245769.0000;DATA;1611608742.998857
/ndn/v6-site/v6/C2Data-3113-Type3;160234.0000;DATA;1611608746.429947
/ndn/h6-site/h6/C2Data-368-Type3;46522.0000;DATA;1611608747.439770
/ndn/v2-site/v2/C2Data-2869-Type3;138985.0000;DATA;1611608747.495818
/ndn/d4-site/d4/C2Data-2305-Type2;199203.0000;DATA;1611608760.926858
/ndn/v8-site/v8/C2Data-6419-Type2;71940.0000;DATA;1611608766.619775
/ndn/d13-site/d13/C2Data-3394-Type1;170360.0000;DATA;1611608766.577892
/ndn/h9-site/h9/C2Data-1095-Type2;79000.0000;DATA;1611608768.277510
/ndn/v12-site/v12/C2Data-6903-Type1;249613.0000;DATA;1611608771.080870
/ndn/s4-site/s4/C2Data-4120-Type1;6000256.0000;TIMEOUT;1611608766.679488
/ndn/s13-site/s13/C2Data-5209-Type2;6007940.0000;TIMEOUT;1611608770.884794
/ndn/s3-site/s3/C2Data-3999-Type1;6005601.0000;TIMEOUT;1611608771.220801
/ndn/h1-site/h1/C2Data-64-Type3;177142.0000;DATA;1611608785.378882
/ndn/v4-site/v4/C2Data-2992-Type3;351861.0000;DATA;1611608786.355803
/ndn/v13-site/v13/C2Data-3541-Type3;119359.0000;DATA;1611608788.564800
/ndn/s11-site/s11/C2Data-2504-Type3;6000413.0000;TIMEOUT;1611608784.548829
/ndn/d10-site/d10/C2Data-3032-Type2;23922.0000;DATA;1611608791.617835
/ndn/h10-site/h10/C2Data-613-Type3;164543.0000;DATA;1611608792.800747
/ndn/v3-site/v3/C2Data-2931-Type3;95259.0000;DATA;1611608793.237819
/ndn/d4-site/d4/C2Data-1162-Type3;191080.0000;DATA;1611608793.329747
/ndn/s10-site/s10/C2Data-2443-Type3;6000263.0000;TIMEOUT;1611608787.526757
/ndn/d5-site/d5/C2Data-1223-Type3;23656.0000;DATA;1611608793.759812
/ndn/v8-site/v8/C2Data-3236-Type3;73338.0000;DATA;1611608795.102852
