/ndn/h4-site/h4/C2Data-484-Type2;72791.0000;DATA;1612145937.820793
/ndn/v4-site/v4/C2Data-4114-Type1;111620.0000;DATA;1612145940.622031
/ndn/d1-site/d1/C2Data-1331-Type2;26478.0000;DATA;1612145941.640895
/ndn/h0-site/h0/C2Data-0-Type2;97270.0000;DATA;1612145943.491918
/ndn/s7-site/s7/C2Data-3267-Type1;147276.0000;DATA;1612145943.477013
/ndn/d7-site/d7/C2Data-2057-Type1;219771.0000;DATA;1612145944.390859
/ndn/v5-site/v5/C2Data-4235-Type1;72432.0000;DATA;1612145946.055874
/ndn/h7-site/h7/C2Data-847-Type2;60462.0000;DATA;1612145947.895643
/ndn/h8-site/h8/C2Data-488-Type3;23966.0000;DATA;1612145967.291877
/ndn/v9-site/v9/C2Data-2379-Type3;48652.0000;DATA;1612145969.188293
/ndn/v6-site/v6/C2Data-4357-Type2;154015.0000;DATA;1612145969.710346
/ndn/d1-site/d1/C2Data-671-Type3;95963.0000;DATA;1612145970.717964
/ndn/d0-site/d0/C2Data-1211-Type2;24636.0000;DATA;1612145971.374010
/ndn/s0-site/s0/C2Data-2421-Type2;159004.0000;DATA;1612145971.758315
/ndn/s6-site/s6/C2Data-3147-Type2;172470.0000;DATA;1612145972.666880
/ndn/s3-site/s3/C2Data-2784-Type2;24778.0000;DATA;1612145973.124280
/ndn/v3-site/v3/C2Data-3994-Type2;118995.0000;DATA;1612145973.933441
/ndn/h1-site/h1/C2Data-122-Type1;101291.0000;DATA;1612145974.450152
/ndn/h6-site/h6/C2Data-727-Type1;27518.0000;DATA;1612145975.072856
/ndn/s9-site/s9/C2Data-3510-Type2;23783.0000;DATA;1612145977.375883
/ndn/v7-site/v7/C2Data-4478-Type1;142955.0000;DATA;1612145977.430014
/ndn/s4-site/s4/C2Data-1464-Type3;25549.0000;DATA;1612145977.844132
/ndn/d8-site/d8/C2Data-2179-Type1;75053.0000;DATA;1612145977.952163
/ndn/v0-site/v0/C2Data-3631-Type1;105804.0000;DATA;1612145978.143997
/ndn/s7-site/s7/C2Data-3269-Type1;24896.0000;DATA;1612146000.865614
/ndn/s8-site/s8/C2Data-3390-Type1;170610.0000;DATA;1612146007.002872
/ndn/d2-site/d2/C2Data-733-Type3;49605.0000;DATA;1612146021.476076
/ndn/s2-site/s2/C2Data-1343-Type3;108110.0000;DATA;1612146022.865663
/ndn/s0-site/s0/C2Data-2423-Type2;172413.0000;DATA;1612146026.636343
/ndn/s5-site/s5/C2Data-3028-Type2;164594.0000;DATA;1612146027.141924
/ndn/v0-site/v0/C2Data-1831-Type3;72963.0000;DATA;1612146029.108047
/ndn/s2-site/s2/C2Data-2665-Type2;123813.0000;DATA;1612146029.795253
/ndn/h1-site/h1/C2Data-124-Type1;126496.0000;DATA;1612146030.885913
/ndn/d0-site/d0/C2Data-1213-Type2;24926.0000;DATA;1612146031.686665
/ndn/d3-site/d3/C2Data-1576-Type2;72796.0000;DATA;1612146031.737193
