/ndn/v7-site/v7/C2Data-4477-Type1;55463.0000;DATA;1612146286.203685
/ndn/s1-site/s1/C2Data-2541-Type2;273787.0000;DATA;1612146288.029362
/ndn/h7-site/h7/C2Data-847-Type1;146666.0000;DATA;1612146290.266755
/ndn/s0-site/s0/C2Data-2420-Type2;175661.0000;DATA;1612146293.203355
/ndn/s9-site/s9/C2Data-3509-Type1;229014.0000;DATA;1612146294.195766
/ndn/s8-site/s8/C2Data-3388-Type2;133299.0000;DATA;1612146296.737153
/ndn/s4-site/s4/C2Data-1464-Type3;74499.0000;DATA;1612146310.057264
/ndn/h3-site/h3/C2Data-183-Type3;154707.0000;DATA;1612146316.117810
/ndn/h3-site/h3/C2Data-364-Type2;157690.0000;DATA;1612146316.445674
/ndn/v0-site/v0/C2Data-3631-Type2;116729.0000;DATA;1612146319.586953
/ndn/d3-site/d3/C2Data-1574-Type2;219496.0000;DATA;1612146321.000117
/ndn/s2-site/s2/C2Data-2663-Type1;184942.0000;DATA;1612146322.784851
/ndn/v9-site/v9/C2Data-4720-Type2;24065.0000;DATA;1612146323.859510
/ndn/s9-site/s9/C2Data-3510-Type1;237273.0000;DATA;1612146324.059382
/ndn/d1-site/d1/C2Data-1332-Type1;102765.0000;DATA;1612146326.230782
/ndn/d0-site/d0/C2Data-1211-Type1;191986.0000;DATA;1612146326.262123
/ndn/v3-site/v3/C2Data-3994-Type2;50307.0000;DATA;1612146326.823877
/ndn/d2-site/d2/C2Data-732-Type3;27072.0000;DATA;1612146327.226090
/ndn/v4-site/v4/C2Data-2074-Type3;329042.0000;DATA;1612146329.939266
/ndn/d6-site/d6/C2Data-976-Type3;305372.0000;DATA;1612146330.629365
/ndn/s2-site/s2/C2Data-1342-Type3;192065.0000;DATA;1612146332.724532
/ndn/s6-site/s6/C2Data-3148-Type1;32640.0000;DATA;1612146348.911574
/ndn/s3-site/s3/C2Data-2785-Type1;232279.0000;DATA;1612146349.840363
/ndn/v8-site/v8/C2Data-4600-Type1;142778.0000;DATA;1612146353.728764
/ndn/s5-site/s5/C2Data-3027-Type2;175546.0000;DATA;1612146353.913906
/ndn/s0-site/s0/C2Data-1221-Type3;149730.0000;DATA;1612146370.881400
/ndn/d3-site/d3/C2Data-794-Type3;218203.0000;DATA;1612146374.518005
/ndn/h5-site/h5/C2Data-608-Type2;127724.0000;DATA;1612146380.172884
/ndn/s2-site/s2/C2Data-1343-Type3;176322.0000;DATA;1612146380.298161
