/ndn/v7-site/v7/C2Data-4477-Type1;110515.0000;DATA;1612719526.595421
/ndn/v3-site/v3/C2Data-3993-Type2;100828.0000;DATA;1612719527.802879
/ndn/h8-site/h8/C2Data-968-Type2;233810.0000;DATA;1612719529.366339
/ndn/v2-site/v2/C2Data-3872-Type2;54197.0000;DATA;1612719533.802117
/ndn/s6-site/s6/C2Data-3146-Type2;75787.0000;DATA;1612719537.039020
/ndn/d3-site/d3/C2Data-1573-Type1;177942.0000;DATA;1612719537.708083
/ndn/d2-site/d2/C2Data-732-Type3;78249.0000;DATA;1612719554.770586
/ndn/d0-site/d0/C2Data-610-Type3;225988.0000;DATA;1612719556.739967
/ndn/d4-site/d4/C2Data-1695-Type2;120872.0000;DATA;1612719557.125013
/ndn/v2-site/v2/C2Data-3873-Type2;52097.0000;DATA;1612719557.927726
/ndn/d5-site/d5/C2Data-915-Type3;83134.0000;DATA;1612719558.008890
/ndn/d5-site/d5/C2Data-1816-Type1;74991.0000;DATA;1612719558.719771
/ndn/s5-site/s5/C2Data-3026-Type2;126769.0000;DATA;1612719560.071319
/ndn/v3-site/v3/C2Data-3994-Type1;97101.0000;DATA;1612719560.551609
/ndn/v4-site/v4/C2Data-4115-Type2;195475.0000;DATA;1612719561.733399
/ndn/h3-site/h3/C2Data-364-Type2;94766.0000;DATA;1612719562.438715
/ndn/s5-site/s5/C2Data-3026-Type1;131757.0000;DATA;1612719563.630814
/ndn/d6-site/d6/C2Data-976-Type3;254211.0000;DATA;1612719564.273628
/ndn/s3-site/s3/C2Data-2784-Type2;218869.0000;DATA;1612719567.471655
/ndn/d1-site/d1/C2Data-671-Type3;54624.0000;DATA;1612719568.954322
/ndn/s4-site/s4/C2Data-1464-Type3;28421.0000;DATA;1612719571.559098
/ndn/s9-site/s9/C2Data-1769-Type3;209536.0000;DATA;1612719572.495057
/ndn/d8-site/d8/C2Data-2180-Type1;26144.0000;DATA;1612719586.546333
/ndn/v2-site/v2/C2Data-3874-Type2;50613.0000;DATA;1612719587.360821
/ndn/d6-site/d6/C2Data-1938-Type2;332151.0000;DATA;1612719587.456258
/ndn/d1-site/d1/C2Data-1333-Type2;52682.0000;DATA;1612719587.774380
/ndn/d2-site/d2/C2Data-1454-Type2;80761.0000;DATA;1612719588.840657
/ndn/v0-site/v0/C2Data-3632-Type2;148690.0000;DATA;1612719594.005283
/ndn/v6-site/v6/C2Data-4358-Type1;122989.0000;DATA;1612719594.366777
/ndn/h1-site/h1/C2Data-123-Type2;176808.0000;DATA;1612719594.378162
/ndn/h6-site/h6/C2Data-728-Type2;229597.0000;DATA;1612719595.779069
/ndn/s9-site/s9/C2Data-3511-Type1;185034.0000;DATA;1612719597.867862
/ndn/v8-site/v8/C2Data-2319-Type3;149351.0000;DATA;1612719610.438275
/ndn/s9-site/s9/C2Data-1770-Type3;186635.0000;DATA;1612719611.486945
/ndn/v3-site/v3/C2Data-3996-Type1;95101.0000;DATA;1612719617.366264
/ndn/v7-site/v7/C2Data-4480-Type1;100021.0000;DATA;1612719618.709875
/ndn/d8-site/d8/C2Data-2181-Type1;25160.0000;DATA;1612719618.907715
/ndn/v1-site/v1/C2Data-3754-Type2;185618.0000;DATA;1612719620.772777
/ndn/s4-site/s4/C2Data-1465-Type3;27824.0000;DATA;1612719621.283947
/ndn/h2-site/h2/C2Data-245-Type2;94710.0000;DATA;1612719621.946094
/ndn/v1-site/v1/C2Data-3754-Type1;175543.0000;DATA;1612719622.235462
/ndn/s7-site/s7/C2Data-1648-Type3;6002288.0000;TIMEOUT;1612719616.961044
/ndn/s3-site/s3/C2Data-2786-Type1;205222.0000;DATA;1612719623.002683
/ndn/d2-site/d2/C2Data-300-Type4;83980.0000;DATA;1612719627.676242
/ndn/d3-site/d3/C2Data-794-Type3;203662.0000;DATA;1612719630.713180
/ndn/d9-site/d9/C2Data-1160-Type3;81478.0000;DATA;1612719631.122078
/ndn/v3-site/v3/C2Data-2014-Type3;97086.0000;DATA;1612719632.218092
/ndn/d8-site/d8/C2Data-450-Type4;35331.0000;DATA;1612719640.994753
/ndn/d1-site/d1/C2Data-275-Type4;57397.0000;DATA;1612719644.089188
/ndn/d6-site/d6/C2Data-1940-Type1;272373.0000;DATA;1612719648.058318
/ndn/v0-site/v0/C2Data-3634-Type2;130298.0000;DATA;1612719649.005105
/ndn/v1-site/v1/C2Data-3755-Type1;171385.0000;DATA;1612719650.696476
/ndn/h1-site/h1/C2Data-125-Type1;173701.0000;DATA;1612719652.655014
/ndn/d7-site/d7/C2Data-2061-Type1;27668.0000;DATA;1612719653.344037
/ndn/d8-site/d8/C2Data-2182-Type1;26216.0000;DATA;1612719653.647135
/ndn/s6-site/s6/C2Data-3150-Type2;75727.0000;DATA;1612719654.187848
/ndn/s3-site/s3/C2Data-2787-Type1;6003232.0000;TIMEOUT;1612719654.818801
/ndn/s9-site/s9/C2Data-3513-Type1;6002184.0000;TIMEOUT;1612719656.401848
/ndn/h6-site/h6/C2Data-150-Type4;287104.0000;DATA;1612719670.579309
/ndn/d3-site/d3/C2Data-795-Type3;225034.0000;DATA;1612719673.519089
/ndn/d8-site/d8/C2Data-1100-Type3;26242.0000;DATA;1612719674.650812
/ndn/d2-site/d2/C2Data-1457-Type1;82667.0000;DATA;1612719677.208272
/ndn/h1-site/h1/C2Data-126-Type1;185899.0000;DATA;1612719677.174134
/ndn/d4-site/d4/C2Data-350-Type4;137490.0000;DATA;1612719677.250423
/ndn/v3-site/v3/C2Data-3998-Type1;103987.0000;DATA;1612719677.866424
/ndn/h4-site/h4/C2Data-246-Type3;175191.0000;DATA;1612719678.083033
/ndn/d5-site/d5/C2Data-1820-Type2;74943.0000;DATA;1612719678.395205
/ndn/v1-site/v1/C2Data-3756-Type2;176087.0000;DATA;1612719679.760236
/ndn/h0-site/h0/C2Data-5-Type2;82862.0000;DATA;1612719681.983019
/ndn/d5-site/d5/C2Data-917-Type3;71773.0000;DATA;1612719682.207182
/ndn/s4-site/s4/C2Data-1466-Type3;6000369.0000;TIMEOUT;1612719676.684830
/ndn/s4-site/s4/C2Data-2909-Type1;6001585.0000;TIMEOUT;1612719678.299029
/ndn/v3-site/v3/C2Data-3998-Type2;97841.0000;DATA;1612719685.595697
/ndn/d1-site/d1/C2Data-1336-Type2;63201.0000;DATA;1612719687.954187
/ndn/s9-site/s9/C2Data-3514-Type2;6001395.0000;TIMEOUT;1612719683.585134
/ndn/s2-site/s2/C2Data-2667-Type2;6012464.0000;TIMEOUT;1612719686.106090
/ndn/s7-site/s7/C2Data-1649-Type3;6004064.0000;TIMEOUT;1612719689.348789
/ndn/v1-site/v1/C2Data-3757-Type1;190358.0000;DATA;1612719706.922567
/ndn/d7-site/d7/C2Data-2063-Type1;33324.0000;DATA;1612719711.577470
/ndn/v2-site/v2/C2Data-3878-Type2;48003.0000;DATA;1612719713.452151
/ndn/h2-site/h2/C2Data-248-Type2;104020.0000;DATA;1612719714.280833
/ndn/v0-site/v0/C2Data-3636-Type1;150151.0000;DATA;1612719715.440201
/ndn/d4-site/d4/C2Data-1700-Type2;142964.0000;DATA;1612719715.715518
/ndn/v5-site/v5/C2Data-4241-Type2;216143.0000;DATA;1612719716.324901
/ndn/h7-site/h7/C2Data-853-Type2;246617.0000;DATA;1612719716.551789
/ndn/s6-site/s6/C2Data-3152-Type1;6000650.0000;TIMEOUT;1612719712.447341
/ndn/s2-site/s2/C2Data-2668-Type2;6000607.0000;TIMEOUT;1612719715.887123
/ndn/v3-site/v3/C2Data-2016-Type3;106673.0000;DATA;1612719733.313186
/ndn/h5-site/h5/C2Data-612-Type2;182502.0000;DATA;1612719736.771595
/ndn/v0-site/v0/C2Data-1833-Type3;165799.0000;DATA;1612719737.502124
/ndn/h8-site/h8/C2Data-975-Type2;221461.0000;DATA;1612719739.152242
/ndn/s3-site/s3/C2Data-2790-Type2;6013304.0000;TIMEOUT;1612719738.117242
/ndn/s2-site/s2/C2Data-2669-Type2;6001437.0000;TIMEOUT;1612719739.712226
/ndn/d1-site/d1/C2Data-674-Type3;53713.0000;DATA;1612719748.380064
/ndn/s4-site/s4/C2Data-1467-Type3;6001557.0000;TIMEOUT;1612719742.697580
/ndn/s1-site/s1/C2Data-2548-Type1;6007436.0000;TIMEOUT;1612719742.723407
/ndn/d4-site/d4/C2Data-182-Type5;128100.0000;DATA;1612719748.791804
/ndn/s8-site/s8/C2Data-3395-Type2;6002894.0000;TIMEOUT;1612719743.121109
/ndn/s3-site/s3/C2Data-2790-Type1;6001790.0000;TIMEOUT;1612719745.257092
/ndn/s8-site/s8/C2Data-3395-Type1;6001124.0000;TIMEOUT;1612719747.246013
/ndn/d6-site/d6/C2Data-208-Type5;300405.0000;DATA;1612719755.132023
/ndn/s1-site/s1/C2Data-1284-Type3;6000922.0000;TIMEOUT;1612719753.182312
/ndn/d2-site/d2/C2Data-1460-Type1;78855.0000;DATA;1612719767.726541
/ndn/v2-site/v2/C2Data-3880-Type1;53226.0000;DATA;1612719772.702761
/ndn/s7-site/s7/C2Data-3275-Type1;6001075.0000;TIMEOUT;1612719767.200442
/ndn/h7-site/h7/C2Data-176-Type4;249309.0000;DATA;1612719773.609960
/ndn/v1-site/v1/C2Data-3759-Type1;676300.0000;DATA;1612719774.240677
/ndn/v7-site/v7/C2Data-4485-Type1;590198.0000;DATA;1612719774.337450
/ndn/h4-site/h4/C2Data-492-Type1;169001.0000;DATA;1612719775.135036
/ndn/s9-site/s9/C2Data-3517-Type2;6001456.0000;TIMEOUT;1612719770.953395
/ndn/h6-site/h6/C2Data-151-Type4;298242.0000;DATA;1612719780.840593
/ndn/v5-site/v5/C2Data-325-Type5;195792.0000;DATA;1612719785.568233
/ndn/h8-site/h8/C2Data-201-Type4;221915.0000;DATA;1612719785.619794
/ndn/v1-site/v1/C2Data-273-Type5;251152.0000;DATA;1612719787.344600
/ndn/d2-site/d2/C2Data-736-Type3;78465.0000;DATA;1612719792.205642
/ndn/v6-site/v6/C2Data-2200-Type3;149941.0000;DATA;1612719796.811262
/ndn/s1-site/s1/C2Data-1285-Type3;6000772.0000;TIMEOUT;1612719794.214457
/ndn/h2-site/h2/C2Data-51-Type4;102364.0000;DATA;1612719800.161752
/ndn/h0-site/h0/C2Data-1-Type4;49585.0000;DATA;1612719803.295160
/ndn/h6-site/h6/C2Data-370-Type3;242829.0000;DATA;1612719803.943227
/ndn/v6-site/v6/C2Data-4365-Type2;120278.0000;DATA;1612719804.224708
/ndn/d5-site/d5/C2Data-376-Type4;102137.0000;DATA;1612719804.880727
/ndn/d2-site/d2/C2Data-1461-Type2;72649.0000;DATA;1612719805.499985
/ndn/d8-site/d8/C2Data-451-Type4;26127.0000;DATA;1612719805.838135
/ndn/d0-site/d0/C2Data-1219-Type1;230246.0000;DATA;1612719805.641634
/ndn/v1-site/v1/C2Data-3760-Type2;179936.0000;DATA;1612719805.969765
/ndn/v4-site/v4/C2Data-4123-Type1;212180.0000;DATA;1612719806.690047
/ndn/v9-site/v9/C2Data-4728-Type1;52705.0000;DATA;1612719807.400374
/ndn/d3-site/d3/C2Data-797-Type3;170997.0000;DATA;1612719807.447546
/ndn/h5-site/h5/C2Data-309-Type3;203399.0000;DATA;1612719808.418730
/ndn/s1-site/s1/C2Data-2550-Type2;6000483.0000;TIMEOUT;1612719802.646751
/ndn/s4-site/s4/C2Data-1468-Type3;6000596.0000;TIMEOUT;1612719803.662549
/ndn/s0-site/s0/C2Data-2429-Type2;6000615.0000;TIMEOUT;1612719804.495087
/ndn/s5-site/s5/C2Data-3034-Type1;6000873.0000;TIMEOUT;1612719805.780079
/ndn/s6-site/s6/C2Data-3155-Type2;6000761.0000;TIMEOUT;1612719806.228701
/ndn/d6-site/d6/C2Data-980-Type3;274147.0000;DATA;1612719813.667208
/ndn/s9-site/s9/C2Data-1773-Type3;6000849.0000;TIMEOUT;1612719808.094138
/ndn/d9-site/d9/C2Data-476-Type4;91457.0000;DATA;1612719816.775540
/ndn/s0-site/s0/C2Data-1224-Type3;6001571.0000;TIMEOUT;1612719812.133534
/ndn/v1-site/v1/C2Data-526-Type4;208904.0000;DATA;1612719819.295712
/ndn/d5-site/d5/C2Data-1825-Type1;76987.0000;DATA;1612719826.802911
/ndn/h0-site/h0/C2Data-10-Type1;51316.0000;DATA;1612719827.296128
/ndn/h5-site/h5/C2Data-615-Type2;169199.0000;DATA;1612719828.562102
/ndn/h4-site/h4/C2Data-494-Type2;177229.0000;DATA;1612719834.183276
/ndn/v8-site/v8/C2Data-4608-Type2;159169.0000;DATA;1612719834.631109
/ndn/s9-site/s9/C2Data-3519-Type1;6000484.0000;TIMEOUT;1612719828.841615
/ndn/h8-site/h8/C2Data-978-Type2;230354.0000;DATA;1612719835.019626
/ndn/d0-site/d0/C2Data-1220-Type2;236740.0000;DATA;1612719835.312265
/ndn/v8-site/v8/C2Data-2323-Type3;180449.0000;DATA;1612719852.603560
/ndn/v0-site/v0/C2Data-3641-Type1;161648.0000;DATA;1612719857.746154
/ndn/v0-site/v0/C2Data-260-Type5;162966.0000;DATA;1612719858.458169
/ndn/d7-site/d7/C2Data-1042-Type3;25192.0000;DATA;1612719861.503983
/ndn/s3-site/s3/C2Data-2794-Type2;6003884.0000;TIMEOUT;1612719856.349301
/ndn/h8-site/h8/C2Data-979-Type2;230253.0000;DATA;1612719866.037241
/ndn/d6-site/d6/C2Data-1947-Type2;255679.0000;DATA;1612719866.438809
/ndn/s6-site/s6/C2Data-3157-Type2;6001894.0000;TIMEOUT;1612719862.381619
/ndn/s7-site/s7/C2Data-1652-Type3;6000445.0000;TIMEOUT;1612719863.467393
/ndn/v4-site/v4/C2Data-2079-Type3;203017.0000;DATA;1612719871.906708
/ndn/h0-site/h0/C2Data-5-Type3;59921.0000;DATA;1612719873.204462
/ndn/v6-site/v6/C2Data-4368-Type1;135922.0000;DATA;1612719892.170178
/ndn/s5-site/s5/C2Data-3037-Type1;6001560.0000;TIMEOUT;1612719893.863259
/ndn/s2-site/s2/C2Data-2674-Type1;6001776.0000;TIMEOUT;1612719893.897196
/ndn/s9-site/s9/C2Data-1775-Type3;6000334.0000;TIMEOUT;1612719911.300082
/ndn/d5-site/d5/C2Data-1828-Type2;71540.0000;DATA;1612719918.945682
/ndn/v3-site/v3/C2Data-4006-Type2;98944.0000;DATA;1612719919.092073
/ndn/d6-site/d6/C2Data-982-Type3;266596.0000;DATA;1612719919.337049
/ndn/v5-site/v5/C2Data-2141-Type3;203517.0000;DATA;1612719920.911997
/ndn/h2-site/h2/C2Data-255-Type2;99103.0000;DATA;1612719922.936671
/ndn/d5-site/d5/C2Data-1828-Type1;76555.0000;DATA;1612719923.952923
/ndn/d3-site/d3/C2Data-799-Type3;172026.0000;DATA;1612719924.975515
/ndn/h4-site/h4/C2Data-497-Type1;172714.0000;DATA;1612719926.005430
/ndn/s0-site/s0/C2Data-1226-Type3;6001500.0000;TIMEOUT;1612719920.706173
/ndn/d7-site/d7/C2Data-1043-Type3;29347.0000;DATA;1612719929.483121
/ndn/v7-site/v7/C2Data-2263-Type3;107335.0000;DATA;1612719930.502908
/ndn/d4-site/d4/C2Data-860-Type3;139844.0000;DATA;1612719931.156690
/ndn/h2-site/h2/C2Data-128-Type3;105398.0000;DATA;1612719932.881817
/ndn/d1-site/d1/C2Data-677-Type3;51068.0000;DATA;1612719933.646845
/ndn/s7-site/s7/C2Data-1653-Type3;6001489.0000;TIMEOUT;1612719932.912273
/ndn/v3-site/v3/C2Data-4007-Type1;106083.0000;DATA;1612719948.010964
/ndn/v4-site/v4/C2Data-4128-Type2;197236.0000;DATA;1612719949.257139
/ndn/v8-site/v8/C2Data-702-Type4;147805.0000;DATA;1612719949.497020
/ndn/d1-site/d1/C2Data-1345-Type2;53714.0000;DATA;1612719950.431157
/ndn/h0-site/h0/C2Data-14-Type1;51755.0000;DATA;1612719951.352252
/ndn/s1-site/s1/C2Data-2555-Type1;6000986.0000;TIMEOUT;1612719946.623734
/ndn/v3-site/v3/C2Data-577-Type4;97953.0000;DATA;1612719955.363158
/ndn/h4-site/h4/C2Data-102-Type4;172897.0000;DATA;1612719955.572170
/ndn/v0-site/v0/C2Data-3644-Type1;159071.0000;DATA;1612719957.075143
/ndn/v6-site/v6/C2Data-4370-Type2;120619.0000;DATA;1612719957.215672
/ndn/d9-site/d9/C2Data-477-Type4;75267.0000;DATA;1612719958.717643
/ndn/d2-site/d2/C2Data-302-Type4;87592.0000;DATA;1612719971.061201
/ndn/v7-site/v7/C2Data-677-Type4;113397.0000;DATA;1612719976.270586
/ndn/h1-site/h1/C2Data-136-Type1;197650.0000;DATA;1612719978.113126
/ndn/s9-site/s9/C2Data-1776-Type3;6002367.0000;TIMEOUT;1612719973.164065
/ndn/d9-site/d9/C2Data-2314-Type1;72487.0000;DATA;1612719979.762522
/ndn/d5-site/d5/C2Data-377-Type4;123418.0000;DATA;1612719980.373227
/ndn/h8-site/h8/C2Data-983-Type2;223894.0000;DATA;1612719982.799687
/ndn/s3-site/s3/C2Data-2798-Type2;6000886.0000;TIMEOUT;1612719978.967135
/ndn/d8-site/d8/C2Data-1105-Type3;25194.0000;DATA;1612719986.018701
/ndn/v3-site/v3/C2Data-4008-Type1;97418.0000;DATA;1612719986.431387
/ndn/s1-site/s1/C2Data-2556-Type2;6019225.0000;TIMEOUT;1612719981.181866
/ndn/v0-site/v0/C2Data-1837-Type3;158527.0000;DATA;1612719988.173564
/ndn/v6-site/v6/C2Data-182-Type6;139697.0000;DATA;1612719989.523041
/ndn/s5-site/s5/C2Data-3040-Type2;6001169.0000;TIMEOUT;1612719983.629994
/ndn/s9-site/s9/C2Data-3524-Type2;6002064.0000;TIMEOUT;1612719983.823095
/ndn/s3-site/s3/C2Data-2798-Type1;6001698.0000;TIMEOUT;1612719984.501171
/ndn/s5-site/s5/C2Data-1532-Type3;6018074.0000;TIMEOUT;1612719988.207798
/ndn/v9-site/v9/C2Data-4735-Type2;53978.0000;DATA;1612720006.303082
/ndn/h3-site/h3/C2Data-379-Type1;158963.0000;DATA;1612720008.622401
/ndn/v1-site/v1/C2Data-3767-Type2;180202.0000;DATA;1612720013.608729
/ndn/s2-site/s2/C2Data-2678-Type2;6000519.0000;TIMEOUT;1612720008.337110
/ndn/v0-site/v0/C2Data-3646-Type2;148249.0000;DATA;1612720017.640095
/ndn/v5-site/v5/C2Data-4251-Type1;208315.0000;DATA;1612720017.934346
/ndn/s6-site/s6/C2Data-3162-Type2;6004406.0000;TIMEOUT;1612720012.976205
/ndn/h7-site/h7/C2Data-49-Type6;227214.0000;DATA;1612720018.923948
/ndn/s1-site/s1/C2Data-2557-Type1;6002259.0000;TIMEOUT;1612720013.673431
/ndn/v4-site/v4/C2Data-2082-Type3;209293.0000;DATA;1612720032.198899
/ndn/h0-site/h0/C2Data-8-Type3;60790.0000;DATA;1612720033.837264
/ndn/d4-site/d4/C2Data-862-Type3;128530.0000;DATA;1612720035.441051
/ndn/h4-site/h4/C2Data-252-Type3;194024.0000;DATA;1612720036.106909
/ndn/d7-site/d7/C2Data-1045-Type3;27138.0000;DATA;1612720037.045157
/ndn/v8-site/v8/C2Data-2326-Type3;152157.0000;DATA;1612720037.729607
/ndn/s3-site/s3/C2Data-1411-Type3;6002387.0000;TIMEOUT;1612720032.634591
/ndn/v5-site/v5/C2Data-4252-Type2;212276.0000;DATA;1612720040.680359
/ndn/v7-site/v7/C2Data-189-Type6;97910.0000;DATA;1612720041.401038
/ndn/v4-site/v4/C2Data-4131-Type2;194348.0000;DATA;1612720042.642287
/ndn/d2-site/d2/C2Data-1469-Type2;72073.0000;DATA;1612720045.555133
/ndn/s0-site/s0/C2Data-1228-Type3;6005413.0000;TIMEOUT;1612720040.446005
/ndn/d0-site/d0/C2Data-1227-Type2;229892.0000;DATA;1612720047.488618
/ndn/s7-site/s7/C2Data-1655-Type3;6003311.0000;TIMEOUT;1612720042.728350
/ndn/v5-site/v5/C2Data-2143-Type3;203198.0000;DATA;1612720050.124447
/ndn/s2-site/s2/C2Data-2679-Type2;6000545.0000;TIMEOUT;1612720044.396106
/ndn/d1-site/d1/C2Data-144-Type5;51438.0000;DATA;1612720066.107262
/ndn/d1-site/d1/C2Data-1349-Type2;52021.0000;DATA;1612720067.266466
/ndn/v7-site/v7/C2Data-4495-Type2;98624.0000;DATA;1612720069.108816
/ndn/d3-site/d3/C2Data-1591-Type2;189257.0000;DATA;1612720070.957600
/ndn/s8-site/s8/C2Data-3406-Type2;6000721.0000;TIMEOUT;1612720066.214285
/ndn/d6-site/d6/C2Data-1954-Type1;257401.0000;DATA;1612720072.330863
/ndn/s7-site/s7/C2Data-3285-Type2;6001517.0000;TIMEOUT;1612720070.637598
/ndn/s4-site/s4/C2Data-2922-Type2;6001180.0000;TIMEOUT;1612720076.141886
/ndn/d2-site/d2/C2Data-157-Type5;86119.0000;DATA;1612720083.144091
/ndn/v5-site/v5/C2Data-326-Type5;282050.0000;DATA;1612720086.473474
/ndn/d1-site/d1/C2Data-77-Type6;92163.0000;DATA;1612720087.802841
/ndn/d5-site/d5/C2Data-378-Type4;192748.0000;DATA;1612720088.880368
/ndn/v7-site/v7/C2Data-2266-Type3;100195.0000;DATA;1612720093.458852
/ndn/h2-site/h2/C2Data-131-Type3;115751.0000;DATA;1612720095.235250
/ndn/h4-site/h4/C2Data-503-Type1;170604.0000;DATA;1612720096.230266
/ndn/d2-site/d2/C2Data-303-Type4;80684.0000;DATA;1612720097.492853
/ndn/d5-site/d5/C2Data-924-Type3;76638.0000;DATA;1612720097.750352
