/ndn/d4-site/d4/C2Data-1694-Type1;126111.0000;DATA;1612719526.659334
/ndn/h1-site/h1/C2Data-121-Type1;120899.0000;DATA;1612719527.419399
/ndn/d1-site/d1/C2Data-1331-Type2;176937.0000;DATA;1612719529.232137
/ndn/h0-site/h0/C2Data-0-Type1;206157.0000;DATA;1612719529.703301
/ndn/d7-site/d7/C2Data-2057-Type2;196037.0000;DATA;1612719531.933574
/ndn/v2-site/v2/C2Data-3872-Type2;216114.0000;DATA;1612719532.744053
/ndn/s7-site/s7/C2Data-3267-Type2;158434.0000;DATA;1612719534.208258
/ndn/s3-site/s3/C2Data-1403-Type3;30678.0000;DATA;1612719551.501095
/ndn/s7-site/s7/C2Data-1647-Type3;216678.0000;DATA;1612719552.828247
/ndn/h0-site/h0/C2Data-0-Type3;215459.0000;DATA;1612719554.640268
/ndn/s2-site/s2/C2Data-2663-Type2;126657.0000;DATA;1612719559.028438
/ndn/s4-site/s4/C2Data-1464-Type3;226573.0000;DATA;1612719561.415015
/ndn/d9-site/d9/C2Data-2300-Type1;220375.0000;DATA;1612719562.252133
/ndn/s7-site/s7/C2Data-3268-Type1;148104.0000;DATA;1612719562.582113
/ndn/s2-site/s2/C2Data-1342-Type3;127177.0000;DATA;1612719563.329290
/ndn/d1-site/d1/C2Data-1332-Type1;179443.0000;DATA;1612719565.288816
/ndn/v0-site/v0/C2Data-3631-Type2;115483.0000;DATA;1612719565.815148
/ndn/s3-site/s3/C2Data-2784-Type1;31921.0000;DATA;1612719566.773774
/ndn/h5-site/h5/C2Data-305-Type3;100821.0000;DATA;1612719566.812062
/ndn/d1-site/d1/C2Data-1333-Type2;182005.0000;DATA;1612719588.800884
/ndn/v6-site/v6/C2Data-4358-Type1;95362.0000;DATA;1612719589.915917
/ndn/s0-site/s0/C2Data-2422-Type2;126395.0000;DATA;1612719593.221663
/ndn/v5-site/v5/C2Data-4237-Type1;77244.0000;DATA;1612719593.426648
/ndn/h8-site/h8/C2Data-970-Type2;26661.0000;DATA;1612719593.778728
/ndn/s1-site/s1/C2Data-2543-Type1;75571.0000;DATA;1612719593.871488
/ndn/h4-site/h4/C2Data-245-Type3;75763.0000;DATA;1612719616.123185
/ndn/d1-site/d1/C2Data-1334-Type1;199402.0000;DATA;1612719616.105028
/ndn/v6-site/v6/C2Data-4359-Type2;104767.0000;DATA;1612719616.398116
/ndn/h4-site/h4/C2Data-487-Type2;73496.0000;DATA;1612719617.320150
/ndn/v3-site/v3/C2Data-2014-Type3;214782.0000;DATA;1612719618.650591
/ndn/h5-site/h5/C2Data-608-Type1;106660.0000;DATA;1612719619.133165
/ndn/v0-site/v0/C2Data-3633-Type1;105831.0000;DATA;1612719620.546348
/ndn/v8-site/v8/C2Data-4601-Type1;98355.0000;DATA;1612719621.329809
/ndn/v3-site/v3/C2Data-3996-Type1;213349.0000;DATA;1612719621.583015
/ndn/h1-site/h1/C2Data-25-Type4;141271.0000;DATA;1612719623.629970
/ndn/h2-site/h2/C2Data-245-Type2;632882.0000;DATA;1612719623.961456
/ndn/s6-site/s6/C2Data-1587-Type3;183196.0000;DATA;1612719624.528766
/ndn/s7-site/s7/C2Data-1648-Type3;6000565.0000;TIMEOUT;1612719619.351805
/ndn/h8-site/h8/C2Data-971-Type1;27647.0000;DATA;1612719625.330149
/ndn/v0-site/v0/C2Data-1831-Type3;113841.0000;DATA;1612719625.261627
/ndn/v5-site/v5/C2Data-4238-Type2;72892.0000;DATA;1612719626.524857
/ndn/d9-site/d9/C2Data-2302-Type2;227336.0000;DATA;1612719627.262073
/ndn/s7-site/s7/C2Data-3270-Type1;6000934.0000;TIMEOUT;1612719623.943999
/ndn/s1-site/s1/C2Data-1282-Type3;83513.0000;DATA;1612719632.710067
/ndn/v3-site/v3/C2Data-575-Type4;247898.0000;DATA;1612719635.407075
/ndn/h4-site/h4/C2Data-100-Type4;110285.0000;DATA;1612719645.584987
/ndn/d8-site/d8/C2Data-2182-Type2;220935.0000;DATA;1612719646.415553
/ndn/h3-site/h3/C2Data-367-Type2;147896.0000;DATA;1612719646.763614
/ndn/h2-site/h2/C2Data-246-Type1;149375.0000;DATA;1612719648.762297
/ndn/d4-site/d4/C2Data-1698-Type2;120635.0000;DATA;1612719649.012139
/ndn/v8-site/v8/C2Data-4602-Type1;105662.0000;DATA;1612719650.088454
/ndn/h6-site/h6/C2Data-150-Type4;48857.0000;DATA;1612719650.560897
/ndn/h3-site/h3/C2Data-75-Type4;145585.0000;DATA;1612719650.908078
/ndn/v9-site/v9/C2Data-4723-Type2;205935.0000;DATA;1612719651.198690
/ndn/s6-site/s6/C2Data-3150-Type1;170912.0000;DATA;1612719651.249074
/ndn/d6-site/d6/C2Data-1940-Type1;36515.0000;DATA;1612719652.839212
/ndn/s2-site/s2/C2Data-2666-Type2;120168.0000;DATA;1612719653.237436
/ndn/h0-site/h0/C2Data-4-Type2;233210.0000;DATA;1612719655.306857
/ndn/d8-site/d8/C2Data-2182-Type1;240048.0000;DATA;1612719655.368281
/ndn/s9-site/s9/C2Data-3513-Type1;6000863.0000;TIMEOUT;1612719650.481410
/ndn/d5-site/d5/C2Data-1819-Type1;220619.0000;DATA;1612719657.773453
/ndn/s7-site/s7/C2Data-3271-Type2;6020728.0000;TIMEOUT;1612719656.067432
/ndn/v9-site/v9/C2Data-2381-Type3;282310.0000;DATA;1612719673.026016
/ndn/h9-site/h9/C2Data-551-Type3;242570.0000;DATA;1612719674.164715
/ndn/h4-site/h4/C2Data-246-Type3;72224.0000;DATA;1612719674.753799
/ndn/v1-site/v1/C2Data-3756-Type1;118161.0000;DATA;1612719676.152766
/ndn/h5-site/h5/C2Data-610-Type1;100048.0000;DATA;1612719676.822721
/ndn/d4-site/d4/C2Data-350-Type4;141597.0000;DATA;1612719679.129014
/ndn/h4-site/h4/C2Data-489-Type2;73076.0000;DATA;1612719679.912017
/ndn/h2-site/h2/C2Data-124-Type3;147407.0000;DATA;1612719680.451050
/ndn/v3-site/v3/C2Data-3998-Type2;195807.0000;DATA;1612719683.652416
/ndn/h7-site/h7/C2Data-429-Type3;50509.0000;DATA;1612719684.257464
/ndn/s2-site/s2/C2Data-2667-Type2;6002095.0000;TIMEOUT;1612719679.563363
/ndn/v5-site/v5/C2Data-2137-Type3;80255.0000;DATA;1612719685.929180
/ndn/s7-site/s7/C2Data-1649-Type3;6000709.0000;TIMEOUT;1612719684.893035
/ndn/v5-site/v5/C2Data-4241-Type1;97560.0000;DATA;1612719706.868514
/ndn/h6-site/h6/C2Data-732-Type2;48758.0000;DATA;1612719714.589068
/ndn/s7-site/s7/C2Data-3273-Type2;6000351.0000;TIMEOUT;1612719709.049781
/ndn/d1-site/d1/C2Data-1337-Type1;169851.0000;DATA;1612719715.426063
/ndn/s4-site/s4/C2Data-2910-Type1;6018414.0000;TIMEOUT;1612719714.590691
/ndn/s2-site/s2/C2Data-2668-Type2;6003879.0000;TIMEOUT;1612719714.679832
/ndn/d7-site/d7/C2Data-1040-Type3;326013.0000;DATA;1612719734.591533
/ndn/v0-site/v0/C2Data-1833-Type3;114235.0000;DATA;1612719736.142464
/ndn/v6-site/v6/C2Data-4363-Type2;96895.0000;DATA;1612719736.272987
/ndn/v5-site/v5/C2Data-4242-Type2;77390.0000;DATA;1612719737.119037
/ndn/v2-site/v2/C2Data-3879-Type1;214829.0000;DATA;1612719740.319735
/ndn/h4-site/h4/C2Data-491-Type1;83493.0000;DATA;1612719742.656000
/ndn/s1-site/s1/C2Data-1284-Type3;6000637.0000;TIMEOUT;1612719737.164098
/ndn/s1-site/s1/C2Data-2548-Type1;6000961.0000;TIMEOUT;1612719741.231004
/ndn/d8-site/d8/C2Data-2185-Type2;276891.0000;DATA;1612719747.813806
/ndn/s4-site/s4/C2Data-1467-Type3;6000446.0000;TIMEOUT;1612719743.242925
/ndn/s2-site/s2/C2Data-1345-Type3;6001067.0000;TIMEOUT;1612719743.672086
/ndn/v7-site/v7/C2Data-351-Type5;161709.0000;DATA;1612719750.305377
/ndn/v9-site/v9/C2Data-377-Type5;318266.0000;DATA;1612719754.237320
/ndn/v3-site/v3/C2Data-299-Type5;208016.0000;DATA;1612719760.795642
/ndn/d1-site/d1/C2Data-1339-Type1;183646.0000;DATA;1612719767.857304
/ndn/v6-site/v6/C2Data-4364-Type1;160039.0000;DATA;1612719768.463439
/ndn/v2-site/v2/C2Data-3880-Type1;218224.0000;DATA;1612719770.874413
/ndn/s7-site/s7/C2Data-3275-Type1;6002925.0000;TIMEOUT;1612719767.842730
/ndn/d3-site/d3/C2Data-1581-Type1;53562.0000;DATA;1612719773.978875
/ndn/s1-site/s1/C2Data-2549-Type2;6000306.0000;TIMEOUT;1612719768.169505
/ndn/h5-site/h5/C2Data-613-Type2;98636.0000;DATA;1612719774.929344
/ndn/h8-site/h8/C2Data-976-Type1;27729.0000;DATA;1612719776.096065
/ndn/v2-site/v2/C2Data-3880-Type2;214394.0000;DATA;1612719778.040196
/ndn/s4-site/s4/C2Data-2912-Type2;6002412.0000;TIMEOUT;1612719776.089012
/ndn/h0-site/h0/C2Data-0-Type5;208130.0000;DATA;1612719786.468544
/ndn/d1-site/d1/C2Data-675-Type3;208765.0000;DATA;1612719791.369073
/ndn/d9-site/d9/C2Data-247-Type5;219433.0000;DATA;1612719795.611895
/ndn/d9-site/d9/C2Data-476-Type4;215281.0000;DATA;1612719796.242058
/ndn/h7-site/h7/C2Data-856-Type1;50562.0000;DATA;1612719796.585732
/ndn/h8-site/h8/C2Data-104-Type5;25173.0000;DATA;1612719796.725088
/ndn/v7-site/v7/C2Data-2261-Type3;149130.0000;DATA;1612719798.265115
/ndn/d7-site/d7/C2Data-1041-Type3;200164.0000;DATA;1612719798.330028
/ndn/h8-site/h8/C2Data-492-Type3;27324.0000;DATA;1612719800.362650
/ndn/d3-site/d3/C2Data-1582-Type2;51898.0000;DATA;1612719800.745116
/ndn/s1-site/s1/C2Data-1285-Type3;6001209.0000;TIMEOUT;1612719794.903506
/ndn/v3-site/v3/C2Data-4002-Type2;206841.0000;DATA;1612719801.187858
/ndn/v9-site/v9/C2Data-4728-Type2;205681.0000;DATA;1612719801.246959
/ndn/d8-site/d8/C2Data-1102-Type3;243870.0000;DATA;1612719802.257417
/ndn/h4-site/h4/C2Data-248-Type3;81776.0000;DATA;1612719803.118985
/ndn/h4-site/h4/C2Data-493-Type2;72521.0000;DATA;1612719804.105274
/ndn/v0-site/v0/C2Data-3639-Type2;98127.0000;DATA;1612719804.168393
/ndn/s2-site/s2/C2Data-1346-Type3;6003023.0000;TIMEOUT;1612719798.580656
/ndn/s8-site/s8/C2Data-1712-Type3;6001121.0000;TIMEOUT;1612719799.136383
/ndn/s0-site/s0/C2Data-1224-Type3;6000383.0000;TIMEOUT;1612719799.147130
/ndn/h4-site/h4/C2Data-101-Type4;79212.0000;DATA;1612719805.443033
/ndn/v7-site/v7/C2Data-4486-Type2;147290.0000;DATA;1612719807.593124
/ndn/d5-site/d5/C2Data-919-Type3;216071.0000;DATA;1612719807.532076
/ndn/v3-site/v3/C2Data-576-Type4;225111.0000;DATA;1612719809.385579
/ndn/s6-site/s6/C2Data-1590-Type3;6004983.0000;TIMEOUT;1612719808.728985
/ndn/s4-site/s4/C2Data-1468-Type3;6000968.0000;TIMEOUT;1612719810.521301
/ndn/s9-site/s9/C2Data-1773-Type3;6004128.0000;TIMEOUT;1612719811.768812
/ndn/v5-site/v5/C2Data-626-Type4;112390.0000;DATA;1612719821.606924
/ndn/v9-site/v9/C2Data-726-Type4;220322.0000;DATA;1612719824.877027
/ndn/d6-site/d6/C2Data-208-Type5;32293.0000;DATA;1612719825.888344
/ndn/d4-site/d4/C2Data-1704-Type2;126047.0000;DATA;1612719829.282829
/ndn/v9-site/v9/C2Data-4729-Type1;196548.0000;DATA;1612719830.674529
/ndn/d7-site/d7/C2Data-221-Type5;226607.0000;DATA;1612719831.299335
/ndn/v7-site/v7/C2Data-4487-Type1;181086.0000;DATA;1612719832.440205
/ndn/v4-site/v4/C2Data-312-Type5;79938.0000;DATA;1612719832.853059
/ndn/v6-site/v6/C2Data-4366-Type2;97487.0000;DATA;1612719834.501525
/ndn/v3-site/v3/C2Data-4003-Type1;218000.0000;DATA;1612719836.492135
/ndn/h0-site/h0/C2Data-10-Type2;298376.0000;DATA;1612719837.165599
/ndn/s6-site/s6/C2Data-3156-Type1;6002793.0000;TIMEOUT;1612719832.092179
/ndn/s4-site/s4/C2Data-2914-Type1;6009773.0000;TIMEOUT;1612719833.230305
/ndn/s0-site/s0/C2Data-2430-Type2;6002179.0000;TIMEOUT;1612719835.833142
/ndn/s3-site/s3/C2Data-2793-Type1;6009831.0000;TIMEOUT;1612719837.161691
/ndn/d2-site/d2/C2Data-737-Type3;174875.0000;DATA;1612719853.070816
/ndn/v9-site/v9/C2Data-2384-Type3;202581.0000;DATA;1612719854.782416
/ndn/h1-site/h1/C2Data-132-Type2;135484.0000;DATA;1612719856.419092
/ndn/v5-site/v5/C2Data-4246-Type1;78588.0000;DATA;1612719857.165172
/ndn/d8-site/d8/C2Data-2189-Type2;219032.0000;DATA;1612719863.864003
/ndn/h4-site/h4/C2Data-495-Type2;82149.0000;DATA;1612719865.368683
/ndn/s7-site/s7/C2Data-3278-Type1;6000444.0000;TIMEOUT;1612719859.695875
/ndn/d3-site/d3/C2Data-1584-Type1;51349.0000;DATA;1612719867.998928
/ndn/v4-site/v4/C2Data-2079-Type3;91600.0000;DATA;1612719869.512072
/ndn/v7-site/v7/C2Data-4489-Type2;152183.0000;DATA;1612719886.784066
/ndn/h3-site/h3/C2Data-375-Type2;137372.0000;DATA;1612719888.415347
/ndn/s4-site/s4/C2Data-2916-Type1;6000754.0000;TIMEOUT;1612719887.536673
/ndn/s7-site/s7/C2Data-3279-Type1;6001587.0000;TIMEOUT;1612719888.097348
/ndn/s3-site/s3/C2Data-2795-Type1;6000859.0000;TIMEOUT;1612719889.385029
/ndn/v8-site/v8/C2Data-4610-Type2;104475.0000;DATA;1612719897.336207
/ndn/s5-site/s5/C2Data-3037-Type2;6002654.0000;TIMEOUT;1612719895.139770
/ndn/h7-site/h7/C2Data-433-Type3;52090.0000;DATA;1612719911.240134
/ndn/h1-site/h1/C2Data-67-Type3;175719.0000;DATA;1612719912.057051
/ndn/v3-site/v3/C2Data-2019-Type3;329529.0000;DATA;1612719914.092870
/ndn/h9-site/h9/C2Data-555-Type3;247970.0000;DATA;1612719916.528237
/ndn/s5-site/s5/C2Data-1531-Type3;6001219.0000;TIMEOUT;1612719911.915101
/ndn/d6-site/d6/C2Data-982-Type3;30853.0000;DATA;1612719918.029496
/ndn/d7-site/d7/C2Data-2070-Type1;193233.0000;DATA;1612719920.233013
/ndn/d5-site/d5/C2Data-1828-Type2;235020.0000;DATA;1612719920.654350
/ndn/v4-site/v4/C2Data-4127-Type2;77861.0000;DATA;1612719921.465497
/ndn/v2-site/v2/C2Data-3885-Type2;206142.0000;DATA;1612719922.214372
/ndn/v8-site/v8/C2Data-4611-Type2;103699.0000;DATA;1612719922.676808
/ndn/h6-site/h6/C2Data-152-Type4;49395.0000;DATA;1612719929.179911
/ndn/h0-site/h0/C2Data-6-Type3;208868.0000;DATA;1612719929.572116
/ndn/s8-site/s8/C2Data-1714-Type3;6003540.0000;TIMEOUT;1612719926.224135
/ndn/d9-site/d9/C2Data-1165-Type3;224766.0000;DATA;1612719932.370360
/ndn/h2-site/h2/C2Data-52-Type4;171800.0000;DATA;1612719944.422142
/ndn/h4-site/h4/C2Data-498-Type1;76584.0000;DATA;1612719947.664066
/ndn/v0-site/v0/C2Data-502-Type4;99750.0000;DATA;1612719948.354965
/ndn/h2-site/h2/C2Data-256-Type1;151077.0000;DATA;1612719949.964057
/ndn/h9-site/h9/C2Data-1103-Type2;235302.0000;DATA;1612719950.484431
/ndn/d7-site/d7/C2Data-2071-Type1;207322.0000;DATA;1612719950.657447
/ndn/d9-site/d9/C2Data-2313-Type1;230855.0000;DATA;1612719952.712457
/ndn/h3-site/h3/C2Data-377-Type2;119962.0000;DATA;1612719957.291237
/ndn/s8-site/s8/C2Data-3402-Type1;6002288.0000;TIMEOUT;1612719952.666657
/ndn/d8-site/d8/C2Data-1105-Type3;310377.0000;DATA;1612719972.077607
/ndn/v1-site/v1/C2Data-1898-Type3;230390.0000;DATA;1612719975.030011
/ndn/v9-site/v9/C2Data-2386-Type3;213600.0000;DATA;1612719975.744463
/ndn/h4-site/h4/C2Data-499-Type2;77174.0000;DATA;1612719976.635642
/ndn/s4-site/s4/C2Data-1471-Type3;6001864.0000;TIMEOUT;1612719970.752612
/ndn/v8-site/v8/C2Data-702-Type4;120652.0000;DATA;1612719977.036057
/ndn/d4-site/d4/C2Data-352-Type4;150409.0000;DATA;1612719978.547342
/ndn/h5-site/h5/C2Data-620-Type2;432311.0000;DATA;1612719979.195301
/ndn/h4-site/h4/C2Data-499-Type1;73673.0000;DATA;1612719979.711603
/ndn/d7-site/d7/C2Data-2072-Type1;214291.0000;DATA;1612719980.717616
/ndn/h7-site/h7/C2Data-862-Type2;50594.0000;DATA;1612719981.076183
/ndn/d8-site/d8/C2Data-2193-Type2;235952.0000;DATA;1612719983.653677
/ndn/d9-site/d9/C2Data-2314-Type2;219945.0000;DATA;1612719985.386963
/ndn/s0-site/s0/C2Data-2435-Type2;6001720.0000;TIMEOUT;1612719981.268214
/ndn/h7-site/h7/C2Data-434-Type3;50966.0000;DATA;1612719987.825698
/ndn/s3-site/s3/C2Data-2798-Type2;6000698.0000;TIMEOUT;1612719982.569638
/ndn/s1-site/s1/C2Data-2556-Type2;6001184.0000;TIMEOUT;1612719984.544201
/ndn/s9-site/s9/C2Data-3524-Type1;6002733.0000;TIMEOUT;1612719985.807311
/ndn/s0-site/s0/C2Data-1227-Type3;6001716.0000;TIMEOUT;1612719992.275566
/ndn/d3-site/d3/C2Data-1589-Type2;51847.0000;DATA;1612720008.197714
/ndn/v3-site/v3/C2Data-4009-Type2;199651.0000;DATA;1612720009.889648
/ndn/d7-site/d7/C2Data-2073-Type2;228644.0000;DATA;1612720011.510139
/ndn/v8-site/v8/C2Data-4614-Type1;112622.0000;DATA;1612720012.059697
/ndn/s2-site/s2/C2Data-2678-Type2;6002835.0000;TIMEOUT;1612720009.851305
/ndn/v0-site/v0/C2Data-3646-Type1;102033.0000;DATA;1612720017.014519
/ndn/s4-site/s4/C2Data-2920-Type1;6001683.0000;TIMEOUT;1612720013.099908
/ndn/d8-site/d8/C2Data-126-Type6;321338.0000;DATA;1612720024.055013
/ndn/d9-site/d9/C2Data-1167-Type3;219749.0000;DATA;1612720035.204667
/ndn/h9-site/h9/C2Data-557-Type3;232804.0000;DATA;1612720036.401705
/ndn/v0-site/v0/C2Data-3647-Type1;96366.0000;DATA;1612720037.312095
/ndn/v9-site/v9/C2Data-2387-Type3;205937.0000;DATA;1612720038.203569
/ndn/d5-site/d5/C2Data-1832-Type1;241326.0000;DATA;1612720038.309121
/ndn/v5-site/v5/C2Data-4252-Type2;74274.0000;DATA;1612720039.338434
/ndn/s8-site/s8/C2Data-1716-Type3;6003796.0000;TIMEOUT;1612720035.852530
/ndn/d4-site/d4/C2Data-1711-Type2;125373.0000;DATA;1612720042.185288
/ndn/v7-site/v7/C2Data-2265-Type3;149115.0000;DATA;1612720042.167164
/ndn/s3-site/s3/C2Data-2800-Type1;6001598.0000;TIMEOUT;1612720036.961084
/ndn/s4-site/s4/C2Data-1472-Type3;6003849.0000;TIMEOUT;1612720037.249050
/ndn/d5-site/d5/C2Data-1832-Type2;217803.0000;DATA;1612720043.029892
/ndn/h4-site/h4/C2Data-501-Type1;79790.0000;DATA;1612720044.149298
/ndn/v2-site/v2/C2Data-3889-Type2;191768.0000;DATA;1612720044.210744
/ndn/v2-site/v2/C2Data-3889-Type1;206400.0000;DATA;1612720044.682260
/ndn/v4-site/v4/C2Data-4131-Type1;72396.0000;DATA;1612720046.881032
/ndn/s8-site/s8/C2Data-3405-Type1;6004693.0000;TIMEOUT;1612720042.684259
/ndn/s1-site/s1/C2Data-2558-Type1;6005050.0000;TIMEOUT;1612720043.340378
/ndn/v0-site/v0/C2Data-1838-Type3;126673.0000;DATA;1612720052.498152
/ndn/v1-site/v1/C2Data-1899-Type3;159523.0000;DATA;1612720053.617247
/ndn/s5-site/s5/C2Data-1533-Type3;6022268.0000;TIMEOUT;1612720049.681246
/ndn/s0-site/s0/C2Data-1228-Type3;6008307.0000;TIMEOUT;1612720051.397116
/ndn/v7-site/v7/C2Data-4495-Type2;148553.0000;DATA;1612720066.228223
/ndn/v6-site/v6/C2Data-4374-Type2;99492.0000;DATA;1612720067.284026
/ndn/h5-site/h5/C2Data-623-Type1;112818.0000;DATA;1612720067.670913
/ndn/h9-site/h9/C2Data-118-Type5;233814.0000;DATA;1612720069.364434
/ndn/v5-site/v5/C2Data-4253-Type1;86710.0000;DATA;1612720069.877526
/ndn/v4-site/v4/C2Data-4132-Type2;84921.0000;DATA;1612720070.278166
/ndn/h5-site/h5/C2Data-623-Type2;99633.0000;DATA;1612720071.462996
/ndn/d4-site/d4/C2Data-1712-Type2;139087.0000;DATA;1612720071.632050
/ndn/v3-site/v3/C2Data-4011-Type2;202273.0000;DATA;1612720075.022876
/ndn/d3-site/d3/C2Data-1591-Type2;53881.0000;DATA;1612720076.920565
/ndn/s9-site/s9/C2Data-3527-Type1;6000476.0000;TIMEOUT;1612720074.762578
/ndn/d5-site/d5/C2Data-378-Type4;230220.0000;DATA;1612720083.185383
/ndn/s7-site/s7/C2Data-3285-Type1;6001851.0000;TIMEOUT;1612720077.993923
/ndn/v7-site/v7/C2Data-352-Type5;170278.0000;DATA;1612720084.280123
/ndn/d4-site/d4/C2Data-863-Type3;132453.0000;DATA;1612720090.174449
/ndn/v9-site/v9/C2Data-2388-Type3;209032.0000;DATA;1612720091.666920
/ndn/d9-site/d9/C2Data-1168-Type3;239732.0000;DATA;1612720091.743505
/ndn/d3-site/d3/C2Data-802-Type3;50768.0000;DATA;1612720093.884692
/ndn/h0-site/h0/C2Data-9-Type3;194220.0000;DATA;1612720094.026214
/ndn/h7-site/h7/C2Data-436-Type3;48448.0000;DATA;1612720096.039724
/ndn/d8-site/d8/C2Data-2197-Type1;233076.0000;DATA;1612720097.925449
/ndn/h1-site/h1/C2Data-28-Type4;122812.0000;DATA;1612720100.283130
/ndn/d3-site/d3/C2Data-1592-Type2;49574.0000;DATA;1612720100.661016
