/ndn/h2-site/h2/C2Data-242-Type2;477.0000;NACK;1611608000.811454
/ndn/h10-site/h10/C2Data-1210-Type1;665.0000;DATA;1611608002.327404
/ndn/h9-site/h9/C2Data-1089-Type1;27253.0000;DATA;1611608003.741425
/ndn/h13-site/h13/C2Data-1573-Type1;122140.0000;DATA;1611608005.749539
/ndn/h3-site/h3/C2Data-363-Type2;638.0000;DATA;1611608005.935493
/ndn/h6-site/h6/C2Data-726-Type2;99727.0000;DATA;1611608006.191474
/ndn/v12-site/v12/C2Data-6897-Type2;100726.0000;DATA;1611608007.570455
/ndn/s4-site/s4/C2Data-4114-Type1;447.0000;NACK;1611608008.591458
/ndn/s11-site/s11/C2Data-4961-Type1;607.0000;NACK;1611608008.784420
/ndn/h8-site/h8/C2Data-968-Type2;23280.0000;DATA;1611608009.163435
/ndn/v2-site/v2/C2Data-5687-Type1;607.0000;DATA;1611608010.456450
/ndn/v4-site/v4/C2Data-5929-Type2;647.0000;DATA;1611608011.269624
/ndn/d5-site/d5/C2Data-1220-Type3;212117.0000;DATA;1611608024.527486
/ndn/h10-site/h10/C2Data-610-Type3;100944.0000;DATA;1611608024.808407
/ndn/h5-site/h5/C2Data-305-Type3;133998.0000;DATA;1611608026.932455
/ndn/d14-site/d14/C2Data-1769-Type3;113032.0000;DATA;1611608027.024480
/ndn/h13-site/h13/C2Data-793-Type3;48239.0000;DATA;1611608028.697535
/ndn/h9-site/h9/C2Data-549-Type3;23822.0000;DATA;1611608029.086514
/ndn/v3-site/v3/C2Data-5809-Type1;143850.0000;DATA;1611608031.794411
/ndn/d10-site/d10/C2Data-1525-Type3;609.0000;DATA;1611608032.519432
/ndn/d3-site/d3/C2Data-2179-Type1;94332.0000;DATA;1611608032.984484
/ndn/h6-site/h6/C2Data-727-Type1;586.0000;DATA;1611608033.116540
/ndn/d1-site/d1/C2Data-1937-Type1;518.0000;NACK;1611608033.132487
/ndn/v4-site/v4/C2Data-5930-Type1;99270.0000;DATA;1611608033.163404
/ndn/d9-site/d9/C2Data-2905-Type1;72468.0000;DATA;1611608033.978475
/ndn/s0-site/s0/C2Data-3631-Type2;95666.0000;DATA;1611608034.859473
/ndn/s13-site/s13/C2Data-5204-Type1;549.0000;NACK;1611608035.731487
/ndn/v14-site/v14/C2Data-3599-Type3;93399.0000;DATA;1611608038.163478
/ndn/v0-site/v0/C2Data-5446-Type2;419.0000;DATA;1611608038.984429
/ndn/v13-site/v13/C2Data-3538-Type3;69487.0000;DATA;1611608038.959491
/ndn/v1-site/v1/C2Data-5567-Type1;48830.0000;DATA;1611608039.685437
/ndn/d6-site/d6/C2Data-1281-Type3;481.0000;DATA;1611608040.101421
/ndn/v14-site/v14/C2Data-7140-Type2;24816.0000;DATA;1611608040.211521
/ndn/s7-site/s7/C2Data-2257-Type3;663.0000;DATA;1611608040.364495
/ndn/s13-site/s13/C2Data-5204-Type2;23848.0000;DATA;1611608041.278452
/ndn/d14-site/d14/C2Data-3510-Type1;76570.0000;DATA;1611608041.357423
/ndn/v12-site/v12/C2Data-3477-Type3;675.0000;DATA;1611608041.918401
/ndn/d7-site/d7/C2Data-1342-Type3;741.0000;DATA;1611608043.083442
/ndn/s8-site/s8/C2Data-2318-Type3;24347.0000;DATA;1611608045.479500
/ndn/d3-site/d3/C2Data-1098-Type3;673.0000;DATA;1611608047.533209
/ndn/s10-site/s10/C2Data-4842-Type1;610.0000;NACK;1611608060.783411
/ndn/s8-site/s8/C2Data-4600-Type1;124071.0000;DATA;1611608061.497584
/ndn/d10-site/d10/C2Data-3027-Type2;166648.0000;DATA;1611608061.738457
/ndn/d8-site/d8/C2Data-2785-Type1;23498.0000;DATA;1611608062.592502
/ndn/v8-site/v8/C2Data-6415-Type2;190989.0000;DATA;1611608062.944477
/ndn/v7-site/v7/C2Data-6294-Type1;624.0000;DATA;1611608063.568444
/ndn/d12-site/d12/C2Data-3269-Type2;23899.0000;DATA;1611608064.529433
/ndn/d4-site/d4/C2Data-2301-Type1;24451.0000;DATA;1611608064.916413
/ndn/d8-site/d8/C2Data-2785-Type2;28201.0000;DATA;1611608065.307472
/ndn/v3-site/v3/C2Data-5810-Type2;142496.0000;DATA;1611608065.817503
/ndn/s5-site/s5/C2Data-4237-Type1;25188.0000;DATA;1611608066.736536
/ndn/h11-site/h11/C2Data-1333-Type1;699.0000;DATA;1611608067.185610
/ndn/s10-site/s10/C2Data-4842-Type2;540.0000;NACK;1611608068.463571
/ndn/s0-site/s0/C2Data-3632-Type1;119460.0000;DATA;1611608070.244460
/ndn/d6-site/d6/C2Data-2543-Type1;127956.0000;DATA;1611608071.018230
/ndn/v14-site/v14/C2Data-7141-Type2;46304.0000;DATA;1611608071.531476
/ndn/v0-site/v0/C2Data-5447-Type2;120219.0000;DATA;1611608071.665640
/ndn/h0-site/h0/C2Data-1-Type3;192012.0000;DATA;1611608084.238454
/ndn/s6-site/s6/C2Data-2197-Type3;27186.0000;DATA;1611608089.094451
/ndn/d4-site/d4/C2Data-1160-Type3;93051.0000;DATA;1611608091.780472
/ndn/h14-site/h14/C2Data-855-Type3;609.0000;NACK;1611608092.622465
/ndn/s0-site/s0/C2Data-3633-Type1;93365.0000;DATA;1611608092.552464
/ndn/h8-site/h8/C2Data-489-Type3;47277.0000;DATA;1611608092.752527
/ndn/v2-site/v2/C2Data-2868-Type3;24392.0000;DATA;1611608092.993467
/ndn/h4-site/h4/C2Data-245-Type3;23255.0000;DATA;1611608095.669424
/ndn/v8-site/v8/C2Data-6416-Type2;190814.0000;DATA;1611608095.838429
/ndn/v4-site/v4/C2Data-5932-Type1;117284.0000;DATA;1611608096.872945
/ndn/v4-site/v4/C2Data-5932-Type2;505.0000;DATA;1611608097.554507
/ndn/h13-site/h13/C2Data-1576-Type1;117346.0000;DATA;1611608097.965422
/ndn/h12-site/h12/C2Data-1455-Type1;23517.0000;DATA;1611608099.115421
/ndn/d11-site/d11/C2Data-1587-Type3;527.0000;DATA;1611608099.510514
/ndn/h8-site/h8/C2Data-971-Type1;24030.0000;DATA;1611608099.657513
/ndn/h14-site/h14/C2Data-1697-Type1;143793.0000;DATA;1611608099.900403
/ndn/h9-site/h9/C2Data-550-Type3;24280.0000;DATA;1611608100.080487
/ndn/v14-site/v14/C2Data-3600-Type3;26321.0000;DATA;1611608100.332444
/ndn/d3-site/d3/C2Data-2181-Type1;98242.0000;DATA;1611608101.106476
/ndn/h6-site/h6/C2Data-729-Type1;23241.0000;DATA;1611608101.190404
/ndn/d6-site/d6/C2Data-1282-Type3;653.0000;DATA;1611608102.607478
/ndn/d9-site/d9/C2Data-1465-Type3;790.0000;DATA;1611608103.368479
/ndn/s7-site/s7/C2Data-2258-Type3;419.0000;DATA;1611608103.424487
/ndn/h5-site/h5/C2Data-306-Type3;24304.0000;DATA;1611608103.491451
/ndn/v10-site/v10/C2Data-1000-Type4;635.0000;DATA;1611608113.416638
/ndn/d6-site/d6/C2Data-2545-Type2;120293.0000;DATA;1611608120.692396
/ndn/h7-site/h7/C2Data-851-Type2;215702.0000;DATA;1611608121.331416
/ndn/v6-site/v6/C2Data-900-Type4;617.0000;DATA;1611608122.054491
/ndn/v3-site/v3/C2Data-5812-Type1;119886.0000;DATA;1611608122.064503
/ndn/d1-site/d1/C2Data-1940-Type2;568.0000;DATA;1611608122.570434
/ndn/d7-site/d7/C2Data-2666-Type2;48079.0000;DATA;1611608122.984476
/ndn/s2-site/s2/C2Data-3876-Type2;97234.0000;DATA;1611608124.230494
/ndn/v7-site/v7/C2Data-6296-Type2;516.0000;DATA;1611608125.266491
/ndn/v10-site/v10/C2Data-6659-Type2;690.0000;DATA;1611608126.658482
/ndn/s10-site/s10/C2Data-4844-Type2;166640.0000;DATA;1611608126.783471
/ndn/h8-site/h8/C2Data-972-Type2;49242.0000;DATA;1611608127.364560
/ndn/s13-site/s13/C2Data-5207-Type2;91740.0000;DATA;1611608127.453480
/ndn/h2-site/h2/C2Data-246-Type1;23527.0000;DATA;1611608127.556489
/ndn/v8-site/v8/C2Data-950-Type4;93295.0000;DATA;1611608127.489488
/ndn/s3-site/s3/C2Data-3997-Type1;117560.0000;DATA;1611608127.919398
/ndn/s6-site/s6/C2Data-4360-Type1;481.0000;DATA;1611608128.125601
/ndn/v3-site/v3/C2Data-5812-Type2;140313.0000;DATA;1611608128.486470
/ndn/h4-site/h4/C2Data-100-Type4;118908.0000;DATA;1611608129.547526
/ndn/h0-site/h0/C2Data-0-Type4;24985.0000;DATA;1611608129.980482
/ndn/v9-site/v9/C2Data-6538-Type1;118933.0000;DATA;1611608131.075436
/ndn/d9-site/d9/C2Data-600-Type4;607.0000;DATA;1611608132.352503
/ndn/d8-site/d8/C2Data-575-Type4;28278.0000;DATA;1611608134.193848
/ndn/s1-site/s1/C2Data-1893-Type3;24348.0000;DATA;1611608146.397295
/ndn/v11-site/v11/C2Data-3418-Type3;53002.0000;DATA;1611608146.918477
/ndn/d13-site/d13/C2Data-1710-Type3;75903.0000;DATA;1611608146.913398
/ndn/s0-site/s0/C2Data-1832-Type3;25245.0000;DATA;1611608147.291424
/ndn/h10-site/h10/C2Data-612-Type3;23909.0000;DATA;1611608148.212501
/ndn/v4-site/v4/C2Data-850-Type4;539.0000;DATA;1611608148.292495
/ndn/s13-site/s13/C2Data-2625-Type3;24363.0000;DATA;1611608150.001478
/ndn/h7-site/h7/C2Data-852-Type1;212813.0000;DATA;1611608150.171546
/ndn/d14-site/d14/C2Data-725-Type4;479.0000;DATA;1611608152.656499
/ndn/h1-site/h1/C2Data-25-Type4;578.0000;DATA;1611608153.724472
/ndn/v0-site/v0/C2Data-750-Type4;518.0000;DATA;1611608155.316536
/ndn/s7-site/s7/C2Data-4482-Type2;94985.0000;DATA;1611608155.576440
/ndn/d14-site/d14/C2Data-3514-Type2;93248.0000;DATA;1611608156.510453
/ndn/d10-site/d10/C2Data-1527-Type3;25084.0000;DATA;1611608156.776406
/ndn/h0-site/h0/C2Data-2-Type3;26941.0000;DATA;1611608156.887474
/ndn/h11-site/h11/C2Data-1336-Type2;701.0000;DATA;1611608157.151483
/ndn/h8-site/h8/C2Data-973-Type1;106971.0000;DATA;1611608158.197480
/ndn/d2-site/d2/C2Data-2062-Type2;651.0000;DATA;1611608158.510449
/ndn/s7-site/s7/C2Data-4482-Type1;121150.0000;DATA;1611608158.614417
/ndn/h14-site/h14/C2Data-1699-Type2;655.0000;DATA;1611608158.831456
/ndn/v1-site/v1/C2Data-5571-Type2;526.0000;DATA;1611608159.196615
/ndn/s6-site/s6/C2Data-4361-Type2;728.0000;DATA;1611608160.323473
/ndn/v5-site/v5/C2Data-3052-Type3;676.0000;DATA;1611608160.342436
/ndn/d11-site/d11/C2Data-1588-Type3;545.0000;DATA;1611608160.548445
/ndn/s12-site/s12/C2Data-5087-Type1;93959.0000;DATA;1611608160.704457
/ndn/h0-site/h0/C2Data-5-Type1;25132.0000;DATA;1611608161.090451
/ndn/h2-site/h2/C2Data-247-Type1;191870.0000;DATA;1611608161.678438
/ndn/d5-site/d5/C2Data-2426-Type1;147284.0000;DATA;1611608180.214411
/ndn/v7-site/v7/C2Data-6298-Type2;72296.0000;DATA;1611608180.416441
/ndn/v1-site/v1/C2Data-5572-Type2;88043.0000;DATA;1611608181.166491
/ndn/s8-site/s8/C2Data-4604-Type1;25817.0000;DATA;1611608181.361745
/ndn/h0-site/h0/C2Data-6-Type1;211608.0000;DATA;1611608181.945579
/ndn/d2-site/d2/C2Data-2063-Type2;649.0000;DATA;1611608182.993473
/ndn/v12-site/v12/C2Data-6903-Type1;97199.0000;DATA;1611608186.529422
/ndn/d9-site/d9/C2Data-2910-Type2;23779.0000;DATA;1611608188.928541
/ndn/s5-site/s5/C2Data-4241-Type2;541.0000;DATA;1611608189.297442
/ndn/s13-site/s13/C2Data-5209-Type1;239458.0000;DATA;1611608189.592433
/ndn/v4-site/v4/C2Data-5935-Type1;123137.0000;DATA;1611608189.901458
/ndn/h8-site/h8/C2Data-974-Type1;47938.0000;DATA;1611608191.044523
/ndn/v10-site/v10/C2Data-3358-Type3;46893.0000;DATA;1611608205.292430
/ndn/d11-site/d11/C2Data-3153-Type1;48014.0000;DATA;1611608211.746455
/ndn/d4-site/d4/C2Data-2306-Type2;98361.0000;DATA;1611608212.012417
/ndn/h10-site/h10/C2Data-613-Type3;587.0000;DATA;1611608212.255452
/ndn/v13-site/v13/C2Data-3541-Type3;23385.0000;DATA;1611608212.309426
/ndn/h12-site/h12/C2Data-735-Type3;747.0000;DATA;1611608213.520488
/ndn/v12-site/v12/C2Data-6904-Type2;100550.0000;DATA;1611608213.612445
/ndn/d9-site/d9/C2Data-1467-Type3;23291.0000;DATA;1611608214.624402
/ndn/d5-site/d5/C2Data-2427-Type1;140709.0000;DATA;1611608214.518447
/ndn/h12-site/h12/C2Data-1459-Type1;26255.0000;DATA;1611608214.934426
/ndn/s10-site/s10/C2Data-4847-Type1;576.0000;DATA;1611608215.530464
