/ndn/d1-site/d1/C2Data-1936-Type1;482.0000;NACK;1611605674.663103
/ndn/h6-site/h6/C2Data-726-Type2;167956.0000;DATA;1611605674.696114
/ndn/v8-site/v8/C2Data-6413-Type2;696.0000;NACK;1611605675.241190
/ndn/s11-site/s11/C2Data-4961-Type2;690.0000;NACK;1611605677.083117
/ndn/s8-site/s8/C2Data-4598-Type2;71658.0000;DATA;1611605679.625235
/ndn/v11-site/v11/C2Data-6776-Type1;509.0000;DATA;1611605681.433152
/ndn/s9-site/s9/C2Data-4719-Type1;97878.0000;DATA;1611605682.630109
/ndn/d13-site/d13/C2Data-3388-Type2;503.0000;DATA;1611605682.977097
/ndn/v1-site/v1/C2Data-5566-Type2;621.0000;DATA;1611605683.207094
/ndn/s6-site/s6/C2Data-4356-Type2;69621.0000;DATA;1611605683.382187
/ndn/h2-site/h2/C2Data-242-Type2;639.0000;NACK;1611605683.647117
/ndn/v9-site/v9/C2Data-6534-Type1;769.0000;NACK;1611605684.147038
/ndn/v9-site/v9/C2Data-6534-Type2;589.0000;NACK;1611605685.719598
/ndn/s13-site/s13/C2Data-2623-Type3;420.0000;NACK;1611605701.323126
/ndn/v12-site/v12/C2Data-6898-Type1;394.0000;NACK;1611605705.869205
/ndn/v14-site/v14/C2Data-3599-Type3;536.0000;NACK;1611605706.992183
/ndn/v2-site/v2/C2Data-5688-Type1;500.0000;DATA;1611605707.222034
/ndn/h5-site/h5/C2Data-305-Type3;95675.0000;DATA;1611605707.328048
/ndn/v5-site/v5/C2Data-6051-Type2;168417.0000;DATA;1611605707.255041
/ndn/s3-site/s3/C2Data-3994-Type2;561.0000;NACK;1611605709.106112
/ndn/h9-site/h9/C2Data-549-Type3;45793.0000;DATA;1611605711.310059
/ndn/d6-site/d6/C2Data-1281-Type3;138074.0000;DATA;1611605711.306188
/ndn/h14-site/h14/C2Data-1695-Type2;97488.0000;DATA;1611605712.571028
/ndn/s7-site/s7/C2Data-4478-Type2;450.0000;DATA;1611605712.892141
/ndn/h8-site/h8/C2Data-969-Type1;148608.0000;DATA;1611605712.813106
/ndn/v3-site/v3/C2Data-5809-Type1;99196.0000;DATA;1611605713.149114
/ndn/s12-site/s12/C2Data-5083-Type1;71389.0000;DATA;1611605713.488038
/ndn/d7-site/d7/C2Data-1342-Type3;105185.0000;DATA;1611605713.801071
/ndn/s2-site/s2/C2Data-3873-Type1;23522.0000;DATA;1611605715.704035
/ndn/h10-site/h10/C2Data-1211-Type1;141773.0000;DATA;1611605715.760231
/ndn/d2-site/d2/C2Data-1037-Type3;739.0000;DATA;1611605719.136053
/ndn/h12-site/h12/C2Data-732-Type3;25705.0000;DATA;1611605721.017054
/ndn/d10-site/d10/C2Data-1525-Type3;81740.0000;DATA;1611605721.284129
/ndn/v9-site/v9/C2Data-3294-Type3;24283.0000;DATA;1611605721.388089
/ndn/h5-site/h5/C2Data-607-Type1;121227.0000;DATA;1611605734.193243
/ndn/v6-site/v6/C2Data-6173-Type1;24284.0000;DATA;1611605734.466125
/ndn/h9-site/h9/C2Data-1091-Type1;143446.0000;DATA;1611605734.941143
/ndn/h11-site/h11/C2Data-1333-Type2;568.0000;DATA;1611605735.257156
/ndn/s7-site/s7/C2Data-4479-Type2;71692.0000;DATA;1611605735.988028
/ndn/d2-site/d2/C2Data-2059-Type2;23818.0000;DATA;1611605737.727065
/ndn/s1-site/s1/C2Data-3753-Type2;130493.0000;DATA;1611605740.899084
/ndn/v10-site/v10/C2Data-6657-Type1;97893.0000;DATA;1611605740.954061
/ndn/s8-site/s8/C2Data-4600-Type1;49344.0000;DATA;1611605742.224015
/ndn/d6-site/d6/C2Data-2543-Type2;72643.0000;DATA;1611605742.744043
/ndn/d3-site/d3/C2Data-2180-Type1;767.0000;DATA;1611605743.218096
/ndn/s1-site/s1/C2Data-3753-Type1;239093.0000;DATA;1611605743.789374
/ndn/s14-site/s14/C2Data-5326-Type2;647.0000;DATA;1611605744.056187
/ndn/s12-site/s12/C2Data-5084-Type1;122229.0000;DATA;1611605744.991015
/ndn/s0-site/s0/C2Data-3632-Type1;45964.0000;DATA;1611605745.991117
/ndn/s5-site/s5/C2Data-2136-Type3;714.0000;DATA;1611605762.508520
/ndn/d10-site/d10/C2Data-1526-Type3;46842.0000;DATA;1611605762.750032
/ndn/s0-site/s0/C2Data-1831-Type3;170792.0000;DATA;1611605762.730155
/ndn/h7-site/h7/C2Data-428-Type3;161785.0000;DATA;1611605763.152048
/ndn/s3-site/s3/C2Data-2014-Type3;116115.0000;DATA;1611605764.033167
/ndn/v11-site/v11/C2Data-6779-Type1;25399.0000;DATA;1611605764.748125
/ndn/h7-site/h7/C2Data-850-Type1;216222.0000;DATA;1611605764.587037
/ndn/s13-site/s13/C2Data-5206-Type2;264855.0000;DATA;1611605764.833107
/ndn/d7-site/d7/C2Data-1343-Type3;94299.0000;DATA;1611605765.288063
/ndn/h12-site/h12/C2Data-1455-Type2;142862.0000;DATA;1611605765.639141
/ndn/v14-site/v14/C2Data-7142-Type1;630.0000;DATA;1611605766.703080
/ndn/s3-site/s3/C2Data-3996-Type2;222861.0000;DATA;1611605766.716081
/ndn/d3-site/d3/C2Data-2181-Type1;74421.0000;DATA;1611605767.047067
/ndn/d6-site/d6/C2Data-1282-Type3;602.0000;DATA;1611605767.331113
/ndn/s2-site/s2/C2Data-3875-Type1;798.0000;DATA;1611605767.389069
/ndn/d2-site/d2/C2Data-2060-Type1;25651.0000;DATA;1611605767.454050
/ndn/s10-site/s10/C2Data-4843-Type2;549.0000;DATA;1611605769.308117
/ndn/d1-site/d1/C2Data-977-Type3;570.0000;DATA;1611605771.713093
/ndn/d14-site/d14/C2Data-3512-Type1;51335.0000;DATA;1611605771.982049
/ndn/s10-site/s10/C2Data-4843-Type1;550.0000;DATA;1611605772.109128
/ndn/d2-site/d2/C2Data-425-Type4;451.0000;DATA;1611605772.491026
/ndn/h9-site/h9/C2Data-1092-Type1;143604.0000;DATA;1611605773.040094
/ndn/v4-site/v4/C2Data-5932-Type2;24110.0000;DATA;1611605773.213042
/ndn/d12-site/d12/C2Data-1648-Type3;547.0000;DATA;1611605773.571158
/ndn/d9-site/d9/C2Data-600-Type4;121996.0000;DATA;1611605773.488052
/ndn/s14-site/s14/C2Data-5327-Type1;468.0000;DATA;1611605774.456135
/ndn/v14-site/v14/C2Data-1100-Type4;105762.0000;DATA;1611605774.786098
/ndn/d5-site/d5/C2Data-1221-Type3;24129.0000;DATA;1611605774.974136
/ndn/s12-site/s12/C2Data-5085-Type1;24462.0000;DATA;1611605775.799864
/ndn/s1-site/s1/C2Data-1892-Type3;46568.0000;DATA;1611605776.239074
/ndn/s11-site/s11/C2Data-2502-Type3;24621.0000;DATA;1611605779.514105
/ndn/h5-site/h5/C2Data-306-Type3;24080.0000;DATA;1611605779.748262
/ndn/d8-site/d8/C2Data-1404-Type3;470.0000;DATA;1611605780.732070
/ndn/v3-site/v3/C2Data-2929-Type3;705.0000;DATA;1611605781.029062
/ndn/d10-site/d10/C2Data-625-Type4;114809.0000;DATA;1611605784.493239
/ndn/v10-site/v10/C2Data-1000-Type4;103584.0000;DATA;1611605785.854173
/ndn/d14-site/d14/C2Data-725-Type4;618.0000;DATA;1611605787.783085
/ndn/v7-site/v7/C2Data-925-Type4;616.0000;DATA;1611605789.364376
/ndn/d1-site/d1/C2Data-1940-Type1;123681.0000;DATA;1611605796.324084
/ndn/s10-site/s10/C2Data-4844-Type1;120362.0000;DATA;1611605796.393097
/ndn/h6-site/h6/C2Data-730-Type1;169789.0000;DATA;1611605796.793150
/ndn/s8-site/s8/C2Data-4602-Type1;69479.0000;DATA;1611605798.824028
/ndn/h10-site/h10/C2Data-1214-Type1;154683.0000;DATA;1611605799.279059
/ndn/s0-site/s0/C2Data-3634-Type2;656.0000;DATA;1611605799.609133
/ndn/v13-site/v13/C2Data-7022-Type1;74384.0000;DATA;1611605800.161141
/ndn/d0-site/d0/C2Data-1819-Type1;1130.0000;DATA;1611605800.816064
/ndn/s1-site/s1/C2Data-3755-Type2;49142.0000;DATA;1611605801.132151
/ndn/h11-site/h11/C2Data-275-Type4;589.0000;DATA;1611605802.064134
/ndn/d10-site/d10/C2Data-3029-Type1;177527.0000;DATA;1611605802.405077
/ndn/v1-site/v1/C2Data-5570-Type1;426.0000;DATA;1611605803.653131
/ndn/v2-site/v2/C2Data-5691-Type2;98387.0000;DATA;1611605803.796126
/ndn/h5-site/h5/C2Data-609-Type1;121434.0000;DATA;1611605804.163141
/ndn/s12-site/s12/C2Data-5086-Type1;218291.0000;DATA;1611605804.329166
/ndn/d4-site/d4/C2Data-2303-Type2;615.0000;DATA;1611605805.109141
/ndn/v11-site/v11/C2Data-3418-Type3;27107.0000;DATA;1611605819.147165
/ndn/h7-site/h7/C2Data-175-Type4;118269.0000;DATA;1611605822.267032
/ndn/v7-site/v7/C2Data-3174-Type3;69565.0000;DATA;1611605822.816024
/ndn/h3-site/h3/C2Data-185-Type3;121971.0000;DATA;1611605823.946051
/ndn/v4-site/v4/C2Data-5934-Type1;177816.0000;DATA;1611605824.494075
/ndn/s13-site/s13/C2Data-5208-Type2;251314.0000;DATA;1611605824.504198
/ndn/v2-site/v2/C2Data-5692-Type1;706.0000;DATA;1611605824.813133
/ndn/v1-site/v1/C2Data-5571-Type2;781.0000;DATA;1611605826.661106
/ndn/h12-site/h12/C2Data-1457-Type2;528.0000;DATA;1611605826.724230
/ndn/s1-site/s1/C2Data-3756-Type1;123015.0000;DATA;1611605828.625024
/ndn/d12-site/d12/C2Data-675-Type4;519.0000;DATA;1611605829.053071
/ndn/s2-site/s2/C2Data-1954-Type3;46268.0000;DATA;1611605829.377100
/ndn/s2-site/s2/C2Data-3877-Type2;49513.0000;DATA;1611605829.824110
/ndn/h2-site/h2/C2Data-247-Type2;70084.0000;DATA;1611605830.112104
/ndn/s3-site/s3/C2Data-3998-Type1;211520.0000;DATA;1611605831.363025
/ndn/d13-site/d13/C2Data-3393-Type2;588.0000;DATA;1611605833.015066
/ndn/s11-site/s11/C2Data-4966-Type2;126689.0000;DATA;1611605833.087184
/ndn/d13-site/d13/C2Data-1710-Type3;717.0000;DATA;1611605836.397123
/ndn/h6-site/h6/C2Data-368-Type3;25110.0000;DATA;1611605836.872110
/ndn/h0-site/h0/C2Data-2-Type3;46210.0000;DATA;1611605840.479056
/ndn/d4-site/d4/C2Data-2305-Type1;50693.0000;DATA;1611605854.932040
/ndn/v6-site/v6/C2Data-6177-Type2;23609.0000;DATA;1611605856.289113
/ndn/h3-site/h3/C2Data-369-Type1;119000.0000;DATA;1611605856.403095
/ndn/h11-site/h11/C2Data-1337-Type2;53643.0000;DATA;1611605856.715045
/ndn/s12-site/s12/C2Data-5088-Type2;72546.0000;DATA;1611605856.710101
/ndn/d5-site/d5/C2Data-2426-Type1;123193.0000;DATA;1611605857.606034
/ndn/s14-site/s14/C2Data-5330-Type1;46489.0000;DATA;1611605858.432132
/ndn/s4-site/s4/C2Data-4120-Type1;75868.0000;DATA;1611605859.235961
/ndn/h8-site/h8/C2Data-974-Type2;141022.0000;DATA;1611605861.562085
/ndn/h12-site/h12/C2Data-1458-Type2;72705.0000;DATA;1611605861.657093
/ndn/s10-site/s10/C2Data-4846-Type2;656.0000;DATA;1611605861.852147
/ndn/h3-site/h3/C2Data-369-Type2;502.0000;DATA;1611605862.316110
/ndn/d13-site/d13/C2Data-3394-Type2;514.0000;DATA;1611605863.237160
/ndn/s7-site/s7/C2Data-4483-Type1;71773.0000;DATA;1611605863.733152
/ndn/h0-site/h0/C2Data-6-Type2;24836.0000;DATA;1611605864.340022
/ndn/h5-site/h5/C2Data-611-Type1;50166.0000;DATA;1611605865.116065
/ndn/v9-site/v9/C2Data-6540-Type2;122917.0000;DATA;1611605865.571118
/ndn/h12-site/h12/C2Data-735-Type3;148557.0000;DATA;1611605878.343124
/ndn/v11-site/v11/C2Data-3419-Type3;543.0000;DATA;1611605880.120097
/ndn/v3-site/v3/C2Data-5815-Type2;71835.0000;DATA;1611605884.522117
/ndn/d2-site/d2/C2Data-2064-Type2;28639.0000;DATA;1611605885.192135
/ndn/v7-site/v7/C2Data-6299-Type2;636.0000;DATA;1611605885.447026
/ndn/s13-site/s13/C2Data-5210-Type1;24456.0000;DATA;1611605886.085131
/ndn/h3-site/h3/C2Data-370-Type1;70180.0000;DATA;1611605886.921106
/ndn/s8-site/s8/C2Data-4605-Type2;55422.0000;DATA;1611605886.981190
/ndn/h8-site/h8/C2Data-975-Type1;72681.0000;DATA;1611605887.910116
/ndn/v9-site/v9/C2Data-6541-Type1;115214.0000;DATA;1611605887.927079
/ndn/h5-site/h5/C2Data-612-Type1;118645.0000;DATA;1611605888.576092
/ndn/h12-site/h12/C2Data-1459-Type1;667.0000;DATA;1611605889.755071
/ndn/s3-site/s3/C2Data-4000-Type2;124542.0000;DATA;1611605889.698377
/ndn/h10-site/h10/C2Data-613-Type3;651.0000;DATA;1611605889.838108
