/ndn/d5-site/d5/C2Data-2420-Type2;177577.0000;DATA;1611609163.698316
/ndn/s14-site/s14/C2Data-5324-Type2;48974.0000;DATA;1611609163.901417
/ndn/h10-site/h10/C2Data-1210-Type2;194138.0000;DATA;1611609165.688847
/ndn/d2-site/d2/C2Data-2057-Type2;71551.0000;DATA;1611609166.579305
/ndn/d12-site/d12/C2Data-3267-Type1;117168.0000;DATA;1611609166.559599
/ndn/d4-site/d4/C2Data-2299-Type1;25075.0000;DATA;1611609168.855353
/ndn/h12-site/h12/C2Data-1452-Type2;115387.0000;DATA;1611609170.684409
/ndn/d0-site/d0/C2Data-1815-Type2;92359.0000;DATA;1611609170.851388
/ndn/v11-site/v11/C2Data-6776-Type1;49596.0000;DATA;1611609171.484348
/ndn/v14-site/v14/C2Data-7139-Type1;121062.0000;DATA;1611609171.641425
/ndn/s11-site/s11/C2Data-4961-Type1;494.0000;NACK;1611609172.822382
/ndn/d1-site/d1/C2Data-1936-Type1;95076.0000;DATA;1611609173.235429
/ndn/h3-site/h3/C2Data-363-Type2;167394.0000;DATA;1611609173.178311
/ndn/h5-site/h5/C2Data-605-Type2;141650.0000;DATA;1611609173.525310
/ndn/s14-site/s14/C2Data-2684-Type3;47337.0000;DATA;1611609190.092344
/ndn/h13-site/h13/C2Data-1574-Type2;96506.0000;DATA;1611609193.796346
/ndn/d5-site/d5/C2Data-2421-Type2;165402.0000;DATA;1611609195.541398
/ndn/s7-site/s7/C2Data-2257-Type3;24598.0000;DATA;1611609195.702370
/ndn/s12-site/s12/C2Data-5083-Type1;455.0000;NACK;1611609196.323417
/ndn/v5-site/v5/C2Data-6051-Type1;212724.0000;DATA;1611609196.271326
/ndn/d10-site/d10/C2Data-3026-Type1;195466.0000;DATA;1611609196.371370
/ndn/d12-site/d12/C2Data-1647-Type3;118051.0000;DATA;1611609196.961427
/ndn/d9-site/d9/C2Data-2905-Type1;169117.0000;DATA;1611609197.389361
/ndn/s11-site/s11/C2Data-4962-Type1;232682.0000;DATA;1611609198.665475
/ndn/v0-site/v0/C2Data-5446-Type2;212983.0000;DATA;1611609199.500353
/ndn/v0-site/v0/C2Data-5446-Type1;208690.0000;DATA;1611609200.424320
/ndn/v10-site/v10/C2Data-3355-Type3;137798.0000;DATA;1611609200.535346
/ndn/v2-site/v2/C2Data-2867-Type3;168699.0000;DATA;1611609200.587302
/ndn/v7-site/v7/C2Data-6293-Type2;171507.0000;DATA;1611609201.211313
/ndn/h7-site/h7/C2Data-427-Type3;236830.0000;DATA;1611609201.418393
/ndn/d4-site/d4/C2Data-2300-Type2;23907.0000;DATA;1611609202.194324
/ndn/d10-site/d10/C2Data-3026-Type2;194512.0000;DATA;1611609203.102309
/ndn/s12-site/s12/C2Data-5083-Type2;239296.0000;DATA;1611609204.246981
/ndn/v2-site/v2/C2Data-5688-Type1;167467.0000;DATA;1611609204.356442
/ndn/v3-site/v3/C2Data-2928-Type3;119634.0000;DATA;1611609205.312301
/ndn/s5-site/s5/C2Data-2135-Type3;122992.0000;DATA;1611609207.025350
/ndn/h6-site/h6/C2Data-366-Type3;202225.0000;DATA;1611609207.243343
/ndn/s13-site/s13/C2Data-2623-Type3;264156.0000;DATA;1611609208.842360
/ndn/h4-site/h4/C2Data-486-Type1;190268.0000;DATA;1611609223.954374
/ndn/v4-site/v4/C2Data-5931-Type2;224788.0000;DATA;1611609224.581328
/ndn/d9-site/d9/C2Data-2906-Type1;167838.0000;DATA;1611609226.925388
/ndn/d0-site/d0/C2Data-1817-Type2;99339.0000;DATA;1611609228.773337
/ndn/d0-site/d0/C2Data-1817-Type1;94186.0000;DATA;1611609229.347326
/ndn/h5-site/h5/C2Data-607-Type1;140686.0000;DATA;1611609229.560460
/ndn/d13-site/d13/C2Data-3390-Type1;24749.0000;DATA;1611609229.979316
/ndn/h8-site/h8/C2Data-970-Type1;194082.0000;DATA;1611609232.169461
/ndn/v14-site/v14/C2Data-7141-Type2;120576.0000;DATA;1611609232.456363
/ndn/d1-site/d1/C2Data-1938-Type2;97636.0000;DATA;1611609232.851405
/ndn/d11-site/d11/C2Data-3148-Type2;149476.0000;DATA;1611609233.720415
/ndn/v12-site/v12/C2Data-6899-Type1;190206.0000;DATA;1611609234.305396
/ndn/h0-site/h0/C2Data-1-Type3;231520.0000;DATA;1611609248.563339
/ndn/h9-site/h9/C2Data-550-Type3;166765.0000;DATA;1611609252.654336
/ndn/d13-site/d13/C2Data-1709-Type3;23963.0000;DATA;1611609252.985367
/ndn/d6-site/d6/C2Data-2544-Type1;206123.0000;DATA;1611609253.168498
/ndn/h2-site/h2/C2Data-245-Type1;118956.0000;DATA;1611609253.418319
/ndn/v3-site/v3/C2Data-5811-Type2;119308.0000;DATA;1611609254.053419
/ndn/v11-site/v11/C2Data-3417-Type3;48712.0000;DATA;1611609254.728322
/ndn/s5-site/s5/C2Data-4238-Type2;116186.0000;DATA;1611609256.896362
/ndn/d3-site/d3/C2Data-2181-Type2;190046.0000;DATA;1611609257.286047
/ndn/h10-site/h10/C2Data-1213-Type1;190031.0000;DATA;1611609257.542390
/ndn/s2-site/s2/C2Data-3875-Type1;6000451.0000;TIMEOUT;1611609253.004342
/ndn/h14-site/h14/C2Data-350-Type4;73679.0000;DATA;1611609258.961387
/ndn/s2-site/s2/C2Data-1953-Type3;6003414.0000;TIMEOUT;1611609253.179449
/ndn/d8-site/d8/C2Data-1404-Type3;93007.0000;DATA;1611609259.186395
/ndn/v9-site/v9/C2Data-6537-Type1;189368.0000;DATA;1611609259.546860
/ndn/v13-site/v13/C2Data-1075-Type4;73055.0000;DATA;1611609260.777322
/ndn/v0-site/v0/C2Data-2746-Type3;209172.0000;DATA;1611609261.411302
/ndn/d14-site/d14/C2Data-3512-Type1;26019.0000;DATA;1611609262.306418
/ndn/s7-site/s7/C2Data-2258-Type3;6000889.0000;TIMEOUT;1611609257.136314
/ndn/h4-site/h4/C2Data-487-Type2;189343.0000;DATA;1611609263.467403
/ndn/v11-site/v11/C2Data-6779-Type2;49730.0000;DATA;1611609263.665338
/ndn/d6-site/d6/C2Data-2544-Type2;209427.0000;DATA;1611609264.379360
/ndn/h0-site/h0/C2Data-0-Type4;209838.0000;DATA;1611609265.787336
/ndn/d2-site/d2/C2Data-1038-Type3;73117.0000;DATA;1611609266.663295
/ndn/d11-site/d11/C2Data-1587-Type3;144428.0000;DATA;1611609268.332309
/ndn/v8-site/v8/C2Data-3234-Type3;247444.0000;DATA;1611609268.611347
/ndn/d14-site/d14/C2Data-725-Type4;23741.0000;DATA;1611609273.363694
/ndn/h1-site/h1/C2Data-125-Type2;48976.0000;DATA;1611609282.680354
/ndn/d4-site/d4/C2Data-2303-Type1;23960.0000;DATA;1611609283.391394
/ndn/d2-site/d2/C2Data-425-Type4;72061.0000;DATA;1611609284.472567
/ndn/d8-site/d8/C2Data-2787-Type2;95566.0000;DATA;1611609285.701308
/ndn/d14-site/d14/C2Data-3513-Type1;26580.0000;DATA;1611609286.098344
/ndn/h4-site/h4/C2Data-488-Type1;198022.0000;DATA;1611609285.996355
/ndn/h6-site/h6/C2Data-730-Type1;196083.0000;DATA;1611609286.487356
/ndn/h4-site/h4/C2Data-100-Type4;200615.0000;DATA;1611609286.645379
/ndn/d11-site/d11/C2Data-3150-Type1;155156.0000;DATA;1611609288.033384
/ndn/s0-site/s0/C2Data-3634-Type2;6000352.0000;TIMEOUT;1611609282.728395
/ndn/v11-site/v11/C2Data-1025-Type4;49333.0000;DATA;1611609291.359493
/ndn/d10-site/d10/C2Data-3029-Type2;191851.0000;DATA;1611609291.250413
/ndn/h6-site/h6/C2Data-150-Type4;192157.0000;DATA;1611609291.974371
/ndn/v10-site/v10/C2Data-6659-Type1;145430.0000;DATA;1611609292.452435
/ndn/s7-site/s7/C2Data-4481-Type2;6002301.0000;TIMEOUT;1611609286.860361
/ndn/h4-site/h4/C2Data-488-Type2;194354.0000;DATA;1611609292.733417
/ndn/h9-site/h9/C2Data-1093-Type1;167052.0000;DATA;1611609292.800393
/ndn/v9-site/v9/C2Data-6538-Type1;212772.0000;DATA;1611609292.782366
/ndn/d0-site/d0/C2Data-1819-Type1;93893.0000;DATA;1611609293.109370
/ndn/h2-site/h2/C2Data-246-Type2;53130.0000;DATA;1611609293.886391
/ndn/s3-site/s3/C2Data-3997-Type1;6000808.0000;TIMEOUT;1611609289.782320
/ndn/s5-site/s5/C2Data-4239-Type1;6000300.0000;TIMEOUT;1611609293.215382
/ndn/h14-site/h14/C2Data-856-Type3;73197.0000;DATA;1611609308.838316
/ndn/v2-site/v2/C2Data-2869-Type3;166789.0000;DATA;1611609309.680398
/ndn/v6-site/v6/C2Data-900-Type4;46351.0000;DATA;1611609310.625369
/ndn/d0-site/d0/C2Data-375-Type4;97084.0000;DATA;1611609312.376346
/ndn/v8-site/v8/C2Data-6418-Type2;214741.0000;DATA;1611609312.751351
/ndn/h13-site/h13/C2Data-1578-Type1;97508.0000;DATA;1611609312.972406
/ndn/d4-site/d4/C2Data-2304-Type1;23534.0000;DATA;1611609313.283398
/ndn/h5-site/h5/C2Data-307-Type3;140480.0000;DATA;1611609314.519392
/ndn/d7-site/d7/C2Data-1344-Type3;144295.0000;DATA;1611609315.014322
/ndn/d9-site/d9/C2Data-600-Type4;170095.0000;DATA;1611609315.554387
/ndn/d4-site/d4/C2Data-1161-Type3;23893.0000;DATA;1611609315.833319
/ndn/d7-site/d7/C2Data-2667-Type2;143703.0000;DATA;1611609316.057391
/ndn/s3-site/s3/C2Data-3998-Type2;6000806.0000;TIMEOUT;1611609312.784369
/ndn/h0-site/h0/C2Data-2-Type3;197057.0000;DATA;1611609318.824301
/ndn/d1-site/d1/C2Data-1941-Type1;92478.0000;DATA;1611609319.361565
/ndn/s2-site/s2/C2Data-1954-Type3;6000832.0000;TIMEOUT;1611609313.908316
/ndn/v4-site/v4/C2Data-2991-Type3;218864.0000;DATA;1611609319.892388
/ndn/v2-site/v2/C2Data-5692-Type2;166906.0000;DATA;1611609320.422488
/ndn/h6-site/h6/C2Data-731-Type1;191568.0000;DATA;1611609320.492399
/ndn/v14-site/v14/C2Data-3601-Type3;105417.0000;DATA;1611609321.413364
/ndn/v7-site/v7/C2Data-3174-Type3;165141.0000;DATA;1611609321.720410
/ndn/d2-site/d2/C2Data-1039-Type3;69647.0000;DATA;1611609321.907330
/ndn/s6-site/s6/C2Data-2198-Type3;6001310.0000;TIMEOUT;1611609316.156330
/ndn/v0-site/v0/C2Data-2747-Type3;216167.0000;DATA;1611609322.663338
/ndn/s7-site/s7/C2Data-4482-Type1;6000349.0000;TIMEOUT;1611609317.250410
/ndn/d11-site/d11/C2Data-1588-Type3;138849.0000;DATA;1611609323.136365
/ndn/h0-site/h0/C2Data-5-Type1;210227.0000;DATA;1611609323.752347
/ndn/v12-site/v12/C2Data-3479-Type3;190452.0000;DATA;1611609326.357390
/ndn/v14-site/v14/C2Data-7145-Type2;123629.0000;DATA;1611609347.352397
/ndn/d14-site/d14/C2Data-3515-Type1;24568.0000;DATA;1611609348.643389
/ndn/h5-site/h5/C2Data-611-Type2;151749.0000;DATA;1611609348.584344
/ndn/h1-site/h1/C2Data-127-Type1;52613.0000;DATA;1611609349.011390
/ndn/v8-site/v8/C2Data-6419-Type1;215809.0000;DATA;1611609349.343345
/ndn/d0-site/d0/C2Data-1821-Type1;97452.0000;DATA;1611609349.873297
/ndn/s0-site/s0/C2Data-3636-Type1;6000273.0000;TIMEOUT;1611609344.420350
/ndn/s9-site/s9/C2Data-4725-Type2;6000686.0000;TIMEOUT;1611609353.709295
/ndn/s11-site/s11/C2Data-4967-Type1;6000294.0000;TIMEOUT;1611609353.772375
/ndn/v14-site/v14/C2Data-3602-Type3;124034.0000;DATA;1611609372.120331
/ndn/d1-site/d1/C2Data-1943-Type1;94505.0000;DATA;1611609372.539342
/ndn/h13-site/h13/C2Data-1580-Type2;93484.0000;DATA;1611609373.511299
/ndn/s2-site/s2/C2Data-1955-Type3;6000374.0000;TIMEOUT;1611609369.713814
/ndn/h9-site/h9/C2Data-1096-Type2;164481.0000;DATA;1611609375.875308
/ndn/d3-site/d3/C2Data-2185-Type1;187718.0000;DATA;1611609376.266320
