/C2Data/s1/C2Data-189-Type2;198969.0000;NACK;1609266199.250374
/C2Data/v1/C2Data-273-Type2;55851.0000;DATA;1609266202.791978
/C2Data/h2/C2Data-42-Type2;129801.0000;DATA;1609266204.713712
/C2Data/d1/C2Data-105-Type1;50167.0000;DATA;1609266214.471844
/C2Data/d2/C2Data-66-Type3;28805.0000;DATA;1609266253.800895
/C2Data/h2/C2Data-43-Type2;253708.0000;DATA;1609266257.864849
/C2Data/d3/C2Data-77-Type3;36123.0000;DATA;1609266270.956897
/C2Data/s2/C2Data-211-Type1;169381.0000;DATA;1609266273.795578
/C2Data/s3/C2Data-121-Type3;79597.0000;DATA;1609266280.281707
/C2Data/d0/C2Data-44-Type3;57197.0000;DATA;1609266285.503847
/C2Data/s0/C2Data-88-Type3;85957.0000;DATA;1609266285.570596
/C2Data/v0/C2Data-132-Type3;276617.0000;DATA;1609266289.877470
/C2Data/v0/C2Data-254-Type2;242876.0000;DATA;1609266325.281488
/C2Data/v1/C2Data-275-Type1;82470.0000;DATA;1609266325.905295
/C2Data/h0/C2Data-2-Type2;200106.0000;DATA;1609266329.529875
/C2Data/h2/C2Data-44-Type1;186785.0000;DATA;1609266337.164567
/C2Data/v2/C2Data-155-Type3;385915.0000;DATA;1609266362.806882
/C2Data/v0/C2Data-133-Type3;245459.0000;DATA;1609266365.210614
/C2Data/d1/C2Data-56-Type3;127686.0000;DATA;1609266370.683492
/C2Data/s3/C2Data-234-Type2;53543.0000;DATA;1609266377.397777
/C2Data/s0/C2Data-171-Type1;33254.0000;DATA;1609266379.107032
/C2Data/s2/C2Data-213-Type1;145891.0000;DATA;1609266383.881486
/C2Data/h1/C2Data-24-Type1;170077.0000;DATA;1609266387.865516
/C2Data/d1/C2Data-108-Type2;117625.0000;DATA;1609266392.044426
/C2Data/h2/C2Data-45-Type2;177669.0000;DATA;1609266392.625361
/C2Data/d3/C2Data-78-Type3;71610.0000;DATA;1609266395.628778
/C2Data/d2/C2Data-67-Type3;23681.0000;DATA;1609266409.732498
/C2Data/d3/C2Data-35-Type4;58829.0000;DATA;1609266422.620568
/C2Data/h0/C2Data-4-Type2;151869.0000;DATA;1609266437.708778
/C2Data/s0/C2Data-172-Type1;33733.0000;DATA;1609266446.545391
/C2Data/v2/C2Data-50-Type4;115622.0000;DATA;1609266446.881423
/C2Data/s2/C2Data-214-Type1;203926.0000;DATA;1609266450.896415
/C2Data/s1/C2Data-193-Type1;102156.0000;NACK;1609266452.855243
/C2Data/s3/C2Data-236-Type2;58051.0000;DATA;1609266511.823081
/C2Data/h0/C2Data-5-Type1;120705.0000;DATA;1609266517.854366
/C2Data/d0/C2Data-46-Type3;96116.0000;DATA;1609266523.134897
/C2Data/d2/C2Data-132-Type1;24041.0000;DATA;1609266555.826136
/C2Data/s0/C2Data-174-Type2;24106.0000;DATA;1609266558.353199
/C2Data/h2/C2Data-48-Type1;98474.0000;DATA;1609266568.158249
/C2Data/h0/C2Data-6-Type1;117128.0000;DATA;1609266573.051619
/C2Data/s2/C2Data-216-Type1;118733.0000;DATA;1609266574.415094
/C2Data/d0/C2Data-90-Type1;103644.0000;DATA;1609266574.544728
/C2Data/h2/C2Data-25-Type3;171812.0000;DATA;1609266615.516733
/C2Data/v3/C2Data-168-Type3;52769.0000;DATA;1609266616.300452
/C2Data/v0/C2Data-135-Type3;186314.0000;DATA;1609266621.369812
/C2Data/s0/C2Data-175-Type1;24630.0000;DATA;1609266622.133865
/C2Data/s2/C2Data-217-Type2;190163.0000;DATA;1609266627.041696
/C2Data/v3/C2Data-322-Type2;115525.0000;DATA;1609266635.046130
/C2Data/v1/C2Data-280-Type1;56532.0000;DATA;1609266637.770823
/C2Data/d1/C2Data-112-Type2;83015.0000;DATA;1609266637.850760
/C2Data/v3/C2Data-323-Type1;54990.0000;DATA;1609266687.604027
/C2Data/s3/C2Data-239-Type2;84144.0000;DATA;1609266687.668273
/C2Data/s2/C2Data-218-Type1;116179.0000;DATA;1609266695.866137
/C2Data/d0/C2Data-12-Type5;46516.0000;DATA;1609266720.075618
/C2Data/d2/C2Data-70-Type3;27944.0000;DATA;1609266725.844400
/C2Data/s1/C2Data-103-Type3;116612.0000;NACK;1609266728.513543
/C2Data/v0/C2Data-41-Type4;152032.0000;DATA;1609266729.320371
/C2Data/d1/C2Data-114-Type1;68809.0000;DATA;1609266738.717198
/C2Data/s2/C2Data-219-Type1;133771.0000;DATA;1609266738.794832
/C2Data/s0/C2Data-177-Type1;6002855.0000;TIMEOUT;1609266739.350375
/C2Data/d0/C2Data-93-Type2;46929.0000;DATA;1609266745.519149
/C2Data/d3/C2Data-156-Type1;26627.0000;DATA;1609266760.081529
