/ndn/v7-site/v7/C2Data-6292-Type2;169443.0000;DATA;1611606257.511815
/ndn/v11-site/v11/C2Data-6776-Type1;102975.0000;NACK;1611606257.936801
/ndn/d11-site/d11/C2Data-3146-Type1;142530.0000;DATA;1611606259.182819
/ndn/s6-site/s6/C2Data-4356-Type2;27094.0000;DATA;1611606260.147765
/ndn/h3-site/h3/C2Data-363-Type1;171397.0000;DATA;1611606261.152761
/ndn/s0-site/s0/C2Data-3630-Type2;25156.0000;DATA;1611606261.970838
/ndn/d9-site/d9/C2Data-2904-Type2;73622.0000;DATA;1611606264.398849
/ndn/v1-site/v1/C2Data-5566-Type2;192969.0000;DATA;1611606265.575759
/ndn/v11-site/v11/C2Data-3416-Type3;202103.0000;DATA;1611606278.969713
/ndn/h4-site/h4/C2Data-244-Type3;142881.0000;DATA;1611606280.315767
/ndn/d10-site/d10/C2Data-1525-Type3;143018.0000;DATA;1611606283.132836
/ndn/v9-site/v9/C2Data-6535-Type2;94229.0000;DATA;1611606284.299711
/ndn/d12-site/d12/C2Data-3268-Type2;119007.0000;DATA;1611606284.847843
/ndn/s5-site/s5/C2Data-4236-Type2;96354.0000;DATA;1611606287.437771
/ndn/v9-site/v9/C2Data-3294-Type3;167960.0000;DATA;1611606287.619730
/ndn/s10-site/s10/C2Data-4841-Type2;235231.0000;DATA;1611606287.756793
/ndn/d2-site/d2/C2Data-2058-Type2;142662.0000;DATA;1611606287.854738
/ndn/s7-site/s7/C2Data-4478-Type2;236534.0000;DATA;1611606287.886793
/ndn/d1-site/d1/C2Data-976-Type3;236249.0000;DATA;1611606290.032545
/ndn/d9-site/d9/C2Data-2905-Type2;70747.0000;DATA;1611606290.374861
/ndn/s13-site/s13/C2Data-2623-Type3;210833.0000;DATA;1611606290.618785
/ndn/v3-site/v3/C2Data-2928-Type3;140997.0000;DATA;1611606290.957726
/ndn/v5-site/v5/C2Data-3050-Type3;211750.0000;DATA;1611606291.256804
/ndn/h11-site/h11/C2Data-1332-Type2;213442.0000;DATA;1611606291.989808
/ndn/v8-site/v8/C2Data-3233-Type3;168755.0000;DATA;1611606294.178728
/ndn/d5-site/d5/C2Data-1220-Type3;122739.0000;DATA;1611606294.424828
/ndn/h3-site/h3/C2Data-183-Type3;169927.0000;DATA;1611606297.689782
/ndn/v7-site/v7/C2Data-3172-Type3;170548.0000;DATA;1611606298.846848
/ndn/v12-site/v12/C2Data-3477-Type3;220968.0000;DATA;1611606298.994878
/ndn/h12-site/h12/C2Data-732-Type3;118138.0000;DATA;1611606299.829822
/ndn/h13-site/h13/C2Data-1575-Type1;143288.0000;DATA;1611606314.466793
/ndn/h0-site/h0/C2Data-2-Type2;168035.0000;DATA;1611606314.544748
/ndn/v2-site/v2/C2Data-5689-Type1;48723.0000;DATA;1611606315.287822
/ndn/s8-site/s8/C2Data-4600-Type1;191818.0000;DATA;1611606315.359800
/ndn/v2-site/v2/C2Data-5689-Type2;48520.0000;DATA;1611606315.868756
/ndn/h3-site/h3/C2Data-365-Type1;162363.0000;DATA;1611606316.038742
/ndn/v9-site/v9/C2Data-6536-Type2;169882.0000;DATA;1611606317.063812
/ndn/d12-site/d12/C2Data-3269-Type1;119404.0000;DATA;1611606317.733724
/ndn/v1-site/v1/C2Data-5568-Type1;161660.0000;DATA;1611606317.852846
/ndn/d9-site/d9/C2Data-2906-Type1;69924.0000;DATA;1611606318.525744
/ndn/d6-site/d6/C2Data-2543-Type1;27627.0000;DATA;1611606319.052792
/ndn/v4-site/v4/C2Data-5931-Type2;211534.0000;DATA;1611606319.510777
/ndn/v8-site/v8/C2Data-6415-Type1;165266.0000;DATA;1611606325.750836
/ndn/s0-site/s0/C2Data-3632-Type1;6000390.0000;TIMEOUT;1611606323.050817
/ndn/s6-site/s6/C2Data-4358-Type1;6001894.0000;TIMEOUT;1611606324.495793
/ndn/s14-site/s14/C2Data-5326-Type2;6002077.0000;TIMEOUT;1611606325.479777
/ndn/v3-site/v3/C2Data-2929-Type3;143840.0000;DATA;1611606344.099797
/ndn/h11-site/h11/C2Data-1334-Type1;221834.0000;DATA;1611606345.107816
/ndn/v11-site/v11/C2Data-3417-Type3;192253.0000;DATA;1611606345.830763
/ndn/s12-site/s12/C2Data-5085-Type1;190003.0000;DATA;1611606346.525799
/ndn/v3-site/v3/C2Data-5811-Type1;140940.0000;DATA;1611606347.234840
/ndn/h4-site/h4/C2Data-245-Type3;145183.0000;DATA;1611606347.334951
/ndn/v11-site/v11/C2Data-6779-Type1;194369.0000;DATA;1611606347.460770
/ndn/v1-site/v1/C2Data-5569-Type1;183688.0000;DATA;1611606348.494712
/ndn/s0-site/s0/C2Data-1831-Type3;6000266.0000;TIMEOUT;1611606344.763789
/ndn/h2-site/h2/C2Data-123-Type3;256105.0000;DATA;1611606351.640826
/ndn/s6-site/s6/C2Data-4359-Type1;6000268.0000;TIMEOUT;1611606346.458724
/ndn/v12-site/v12/C2Data-3478-Type3;188646.0000;DATA;1611606353.009824
/ndn/h5-site/h5/C2Data-608-Type2;97377.0000;DATA;1611606353.760926
/ndn/d9-site/d9/C2Data-1465-Type3;71590.0000;DATA;1611606354.538836
/ndn/h7-site/h7/C2Data-428-Type3;195827.0000;DATA;1611606356.293813
/ndn/d0-site/d0/C2Data-916-Type3;115691.0000;DATA;1611606356.587810
/ndn/s14-site/s14/C2Data-5327-Type1;6000231.0000;TIMEOUT;1611606351.139555
/ndn/s2-site/s2/C2Data-1953-Type3;6000357.0000;TIMEOUT;1611606351.491557
/ndn/v6-site/v6/C2Data-900-Type4;184574.0000;DATA;1611606357.732801
/ndn/s14-site/s14/C2Data-5327-Type2;6000357.0000;TIMEOUT;1611606354.096731
/ndn/s7-site/s7/C2Data-2258-Type3;6000735.0000;TIMEOUT;1611606361.084871
/ndn/d9-site/d9/C2Data-600-Type4;74144.0000;DATA;1611606370.094826
/ndn/v5-site/v5/C2Data-875-Type4;277129.0000;DATA;1611606372.774487
/ndn/h13-site/h13/C2Data-1577-Type2;140920.0000;DATA;1611606374.479817
/ndn/h2-site/h2/C2Data-246-Type1;266018.0000;DATA;1611606374.391732
/ndn/d6-site/d6/C2Data-2545-Type1;25133.0000;DATA;1611606376.588793
/ndn/h8-site/h8/C2Data-972-Type2;46694.0000;DATA;1611606377.711771
/ndn/d3-site/d3/C2Data-2182-Type2;46885.0000;DATA;1611606378.266768
/ndn/v8-site/v8/C2Data-6417-Type2;164442.0000;DATA;1611606382.352758
/ndn/d4-site/d4/C2Data-475-Type4;215501.0000;DATA;1611606382.681802
/ndn/h10-site/h10/C2Data-1214-Type2;47802.0000;DATA;1611606385.179707
/ndn/s13-site/s13/C2Data-5207-Type2;6003434.0000;TIMEOUT;1611606381.116768
/ndn/s5-site/s5/C2Data-4239-Type2;6008989.0000;TIMEOUT;1611606383.543822
/ndn/h1-site/h1/C2Data-25-Type4;181593.0000;DATA;1611606389.674761
/ndn/h6-site/h6/C2Data-150-Type4;154568.0000;DATA;1611606390.517773
/ndn/h14-site/h14/C2Data-350-Type4;205734.0000;DATA;1611606391.229178
/ndn/h10-site/h10/C2Data-250-Type4;49863.0000;DATA;1611606391.870780
/ndn/v1-site/v1/C2Data-775-Type4;209713.0000;DATA;1611606396.369801
/ndn/d14-site/d14/C2Data-1771-Type3;216085.0000;DATA;1611606398.343757
/ndn/h7-site/h7/C2Data-429-Type3;211808.0000;DATA;1611606398.978733
/ndn/d3-site/d3/C2Data-2183-Type1;48279.0000;DATA;1611606404.186765
/ndn/v6-site/v6/C2Data-3113-Type3;189863.0000;DATA;1611606404.071815
/ndn/h10-site/h10/C2Data-612-Type3;46965.0000;DATA;1611606405.289706
/ndn/v11-site/v11/C2Data-6781-Type1;183842.0000;DATA;1611606406.272813
/ndn/d8-site/d8/C2Data-1405-Type3;151180.0000;DATA;1611606406.621872
/ndn/h3-site/h3/C2Data-368-Type2;162422.0000;DATA;1611606406.973791
/ndn/v3-site/v3/C2Data-5813-Type2;138659.0000;DATA;1611606407.258707
/ndn/v2-site/v2/C2Data-2869-Type3;46874.0000;DATA;1611606407.788860
/ndn/v2-site/v2/C2Data-5692-Type2;55489.0000;DATA;1611606407.864841
/ndn/h9-site/h9/C2Data-1094-Type1;73879.0000;DATA;1611606409.246822
/ndn/v12-site/v12/C2Data-6902-Type2;193907.0000;DATA;1611606411.791721
/ndn/s12-site/s12/C2Data-5087-Type1;6003335.0000;TIMEOUT;1611606406.081830
/ndn/s10-site/s10/C2Data-4845-Type2;6000594.0000;TIMEOUT;1611606406.201884
/ndn/v8-site/v8/C2Data-6418-Type1;165655.0000;DATA;1611606412.389821
/ndn/s5-site/s5/C2Data-4240-Type1;6000359.0000;TIMEOUT;1611606407.446728
/ndn/v10-site/v10/C2Data-6660-Type2;70379.0000;DATA;1611606414.447729
/ndn/h7-site/h7/C2Data-852-Type1;200824.0000;DATA;1611606414.681770
/ndn/v13-site/v13/C2Data-3540-Type3;213290.0000;DATA;1611606416.282501
/ndn/d13-site/d13/C2Data-1710-Type3;199174.0000;DATA;1611606417.157855
/ndn/s13-site/s13/C2Data-5208-Type1;6000644.0000;TIMEOUT;1611606414.090693
/ndn/d11-site/d11/C2Data-1588-Type3;142090.0000;DATA;1611606421.088818
/ndn/d14-site/d14/C2Data-3515-Type1;214608.0000;DATA;1611606434.404822
/ndn/v4-site/v4/C2Data-5935-Type2;212650.0000;DATA;1611606435.637824
/ndn/d10-site/d10/C2Data-3031-Type1;144734.0000;DATA;1611606436.892745
/ndn/h3-site/h3/C2Data-369-Type2;175010.0000;DATA;1611606438.873806
/ndn/d1-site/d1/C2Data-1942-Type1;242932.0000;DATA;1611606439.334788
/ndn/v7-site/v7/C2Data-6298-Type1;164562.0000;DATA;1611606439.517881
/ndn/h9-site/h9/C2Data-1095-Type1;75166.0000;DATA;1611606441.013802
/ndn/h8-site/h8/C2Data-974-Type1;46597.0000;DATA;1611606443.584734
/ndn/h3-site/h3/C2Data-369-Type1;170341.0000;DATA;1611606445.386796
/ndn/s11-site/s11/C2Data-4967-Type1;6000320.0000;TIMEOUT;1611606439.570742
/ndn/h2-site/h2/C2Data-248-Type2;265191.0000;DATA;1611606445.858841
/ndn/s4-site/s4/C2Data-4120-Type2;6000672.0000;TIMEOUT;1611606440.583799
/ndn/s13-site/s13/C2Data-5209-Type2;6002203.0000;TIMEOUT;1611606445.805824
/ndn/v14-site/v14/C2Data-3602-Type3;118756.0000;DATA;1611606458.772877
/ndn/d9-site/d9/C2Data-1467-Type3;75849.0000;DATA;1611606460.865792
/ndn/v8-site/v8/C2Data-3236-Type3;172599.0000;DATA;1611606464.966749
/ndn/h6-site/h6/C2Data-733-Type1;143156.0000;DATA;1611606468.784748
/ndn/d14-site/d14/C2Data-1772-Type3;210669.0000;DATA;1611606469.049802
