/ndn/d5-site/d5/C2Data-1815-Type2;287685.0000;DATA;1612720359.872997
/ndn/v2-site/v2/C2Data-3872-Type1;191611.0000;DATA;1612720361.088335
/ndn/h9-site/h9/C2Data-1089-Type2;203997.0000;DATA;1612720364.371322
/ndn/v1-site/v1/C2Data-3751-Type1;184291.0000;DATA;1612720364.686137
/ndn/s9-site/s9/C2Data-3509-Type1;25649.0000;DATA;1612720368.845116
/ndn/h6-site/h6/C2Data-726-Type2;124801.0000;DATA;1612720368.912186
/ndn/v6-site/v6/C2Data-2196-Type3;42443.0000;DATA;1612720384.376160
/ndn/s7-site/s7/C2Data-1647-Type3;278445.0000;DATA;1612720386.675479
/ndn/h8-site/h8/C2Data-488-Type3;137416.0000;DATA;1612720388.131348
/ndn/s9-site/s9/C2Data-3510-Type1;26128.0000;DATA;1612720388.599509
/ndn/d1-site/d1/C2Data-671-Type3;156369.0000;DATA;1612720389.688378
/ndn/d8-site/d8/C2Data-2179-Type1;239342.0000;DATA;1612720389.621215
/ndn/s3-site/s3/C2Data-2784-Type2;49365.0000;DATA;1612720391.155399
/ndn/d0-site/d0/C2Data-1211-Type2;74009.0000;DATA;1612720391.195954
/ndn/s4-site/s4/C2Data-1464-Type3;126249.0000;DATA;1612720393.893456
/ndn/s8-site/s8/C2Data-1708-Type3;125426.0000;DATA;1612720394.770668
/ndn/d6-site/d6/C2Data-976-Type3;97272.0000;DATA;1612720394.836187
/ndn/h7-site/h7/C2Data-427-Type3;123146.0000;DATA;1612720395.060886
/ndn/h1-site/h1/C2Data-122-Type2;185502.0000;DATA;1612720395.768400
/ndn/v2-site/v2/C2Data-3873-Type2;194681.0000;DATA;1612720396.374485
/ndn/d0-site/d0/C2Data-1211-Type1;74363.0000;DATA;1612720400.128210
/ndn/v8-site/v8/C2Data-2318-Type3;157414.0000;DATA;1612720404.182531
/ndn/s5-site/s5/C2Data-1525-Type3;122118.0000;DATA;1612720404.762642
/ndn/v9-site/v9/C2Data-2379-Type3;262890.0000;DATA;1612720405.344847
/ndn/s8-site/s8/C2Data-3390-Type1;119597.0000;DATA;1612720419.740634
/ndn/h0-site/h0/C2Data-2-Type2;238401.0000;DATA;1612720419.782424
/ndn/h7-site/h7/C2Data-849-Type2;129231.0000;DATA;1612720419.998589
/ndn/d1-site/d1/C2Data-1333-Type1;148357.0000;DATA;1612720421.285008
/ndn/d8-site/d8/C2Data-2180-Type1;229687.0000;DATA;1612720424.027208
/ndn/h0-site/h0/C2Data-2-Type1;270089.0000;DATA;1612720426.550728
/ndn/v3-site/v3/C2Data-3995-Type1;286039.0000;DATA;1612720427.784473
/ndn/d2-site/d2/C2Data-1454-Type1;257880.0000;DATA;1612720428.771599
/ndn/h9-site/h9/C2Data-1091-Type2;721269.0000;DATA;1612720429.968394
/ndn/d5-site/d5/C2Data-1817-Type2;783183.0000;DATA;1612720429.970670
/ndn/d7-site/d7/C2Data-1038-Type3;174386.0000;DATA;1612720445.037179
/ndn/d2-site/d2/C2Data-733-Type3;394536.0000;DATA;1612720447.269271
/ndn/h0-site/h0/C2Data-3-Type2;242743.0000;DATA;1612720452.043137
/ndn/d5-site/d5/C2Data-916-Type3;296987.0000;DATA;1612720452.460956
/ndn/d7-site/d7/C2Data-2060-Type1;175526.0000;DATA;1612720453.294670
/ndn/d1-site/d1/C2Data-1334-Type2;145141.0000;DATA;1612720453.877654
/ndn/s7-site/s7/C2Data-1648-Type3;6001399.0000;TIMEOUT;1612720448.051377
/ndn/d3-site/d3/C2Data-1576-Type1;28718.0000;DATA;1612720454.216994
/ndn/h8-site/h8/C2Data-971-Type2;99440.0000;DATA;1612720455.282955
/ndn/s3-site/s3/C2Data-1404-Type3;49802.0000;DATA;1612720455.697015
/ndn/v9-site/v9/C2Data-4722-Type2;245769.0000;DATA;1612720456.509510
/ndn/d5-site/d5/C2Data-1818-Type2;271607.0000;DATA;1612720456.868965
/ndn/h3-site/h3/C2Data-75-Type4;109121.0000;DATA;1612720457.111034
/ndn/v2-site/v2/C2Data-3875-Type2;176816.0000;DATA;1612720457.862084
/ndn/d4-site/d4/C2Data-1697-Type2;225474.0000;DATA;1612720458.131701
/ndn/h6-site/h6/C2Data-367-Type3;134578.0000;DATA;1612720458.244146
/ndn/s2-site/s2/C2Data-2665-Type1;125561.0000;DATA;1612720459.818242
/ndn/h2-site/h2/C2Data-123-Type3;123666.0000;DATA;1612720459.948475
/ndn/h3-site/h3/C2Data-184-Type3;123886.0000;DATA;1612720462.176572
/ndn/s2-site/s2/C2Data-1343-Type3;159236.0000;DATA;1612720462.199816
/ndn/s3-site/s3/C2Data-2786-Type1;6001460.0000;TIMEOUT;1612720457.897841
/ndn/v3-site/v3/C2Data-2014-Type3;345263.0000;DATA;1612720465.299171
/ndn/v7-site/v7/C2Data-2258-Type3;308465.0000;DATA;1612720466.201976
/ndn/h3-site/h3/C2Data-367-Type1;95463.0000;DATA;1612720482.828390
/ndn/v5-site/v5/C2Data-4239-Type2;28116.0000;DATA;1612720483.259950
/ndn/d4-site/d4/C2Data-1698-Type1;198170.0000;DATA;1612720484.245382
/ndn/v2-site/v2/C2Data-3876-Type1;177213.0000;DATA;1612720485.882622
/ndn/s1-site/s1/C2Data-2545-Type2;6000302.0000;TIMEOUT;1612720480.740058
/ndn/v1-site/v1/C2Data-3755-Type2;178014.0000;DATA;1612720487.436930
/ndn/s4-site/s4/C2Data-2908-Type2;6390185.0000;TIMEOUT;1612720482.058219
/ndn/h9-site/h9/C2Data-225-Type4;206090.0000;DATA;1612720490.599379
/ndn/s6-site/s6/C2Data-3150-Type2;6000844.0000;TIMEOUT;1612720488.567077
/ndn/v6-site/v6/C2Data-2198-Type3;72180.0000;DATA;1612720503.315253
/ndn/h3-site/h3/C2Data-185-Type3;110267.0000;DATA;1612720503.800028
/ndn/h4-site/h4/C2Data-100-Type4;166706.0000;DATA;1612720508.817123
/ndn/d6-site/d6/C2Data-978-Type3;121428.0000;DATA;1612720510.086771
/ndn/h0-site/h0/C2Data-2-Type3;241364.0000;DATA;1612720512.651104
/ndn/v9-site/v9/C2Data-4724-Type1;264797.0000;DATA;1612720513.061818
/ndn/d7-site/d7/C2Data-2062-Type2;197908.0000;DATA;1612720513.370038
/ndn/v8-site/v8/C2Data-4603-Type2;149796.0000;DATA;1612720513.921297
/ndn/v0-site/v0/C2Data-1832-Type3;192830.0000;DATA;1612720514.297086
/ndn/h6-site/h6/C2Data-731-Type1;127125.0000;DATA;1612720515.826133
/ndn/v2-site/v2/C2Data-3877-Type2;190198.0000;DATA;1612720516.048097
/ndn/s6-site/s6/C2Data-3151-Type1;6013221.0000;TIMEOUT;1612720510.851621
/ndn/d9-site/d9/C2Data-2304-Type2;278980.0000;DATA;1612720518.075970
/ndn/d7-site/d7/C2Data-1039-Type3;175455.0000;DATA;1612720518.301153
/ndn/h0-site/h0/C2Data-5-Type1;249340.0000;DATA;1612720518.296039
/ndn/d8-site/d8/C2Data-1100-Type3;223853.0000;DATA;1612720524.052548
/ndn/s3-site/s3/C2Data-2788-Type1;6002068.0000;TIMEOUT;1612720518.966219
/ndn/s0-site/s0/C2Data-2425-Type1;6000730.0000;TIMEOUT;1612720519.023396
/ndn/s4-site/s4/C2Data-2909-Type2;6001764.0000;TIMEOUT;1612720519.824946
/ndn/h0-site/h0/C2Data-6-Type1;255675.0000;DATA;1612720539.896618
/ndn/d9-site/d9/C2Data-2305-Type1;379189.0000;DATA;1612720541.623443
/ndn/d3-site/d3/C2Data-1579-Type2;24648.0000;DATA;1612720544.102398
/ndn/s3-site/s3/C2Data-2789-Type1;6000501.0000;TIMEOUT;1612720538.672628
/ndn/d0-site/d0/C2Data-1216-Type1;79355.0000;DATA;1612720547.454837
/ndn/v1-site/v1/C2Data-3757-Type2;181553.0000;DATA;1612720548.355242
/ndn/h7-site/h7/C2Data-853-Type1;156679.0000;DATA;1612720549.157623
/ndn/s9-site/s9/C2Data-3515-Type1;6000784.0000;TIMEOUT;1612720548.196483
/ndn/s0-site/s0/C2Data-2426-Type2;6001009.0000;TIMEOUT;1612720549.081728
/ndn/d8-site/d8/C2Data-1101-Type3;371346.0000;DATA;1612720562.593003
/ndn/h7-site/h7/C2Data-430-Type3;128929.0000;DATA;1612720562.854249
/ndn/d7-site/d7/C2Data-1040-Type3;210332.0000;DATA;1612720564.063055
/ndn/v5-site/v5/C2Data-2138-Type3;27582.0000;DATA;1612720565.285465
/ndn/s6-site/s6/C2Data-1589-Type3;6000464.0000;TIMEOUT;1612720564.366699
/ndn/s2-site/s2/C2Data-1345-Type3;6002687.0000;TIMEOUT;1612720564.859361
/ndn/h2-site/h2/C2Data-249-Type1;129492.0000;DATA;1612720571.091472
/ndn/d9-site/d9/C2Data-2306-Type1;282510.0000;DATA;1612720574.586169
/ndn/s7-site/s7/C2Data-3274-Type2;6003461.0000;TIMEOUT;1612720570.301135
/ndn/h0-site/h0/C2Data-7-Type1;241773.0000;DATA;1612720576.464950
/ndn/s4-site/s4/C2Data-2911-Type2;6000600.0000;TIMEOUT;1612720571.013715
/ndn/h9-site/h9/C2Data-1096-Type1;205662.0000;DATA;1612720577.398348
/ndn/s5-site/s5/C2Data-3032-Type1;6002430.0000;TIMEOUT;1612720575.743074
/ndn/v2-site/v2/C2Data-1955-Type3;326133.0000;DATA;1612720584.868676
/ndn/h8-site/h8/C2Data-491-Type3;101037.0000;DATA;1612720585.135025
/ndn/h2-site/h2/C2Data-26-Type5;126092.0000;DATA;1612720585.412913
/ndn/s9-site/s9/C2Data-1772-Type3;6010115.0000;TIMEOUT;1612720585.122678
/ndn/d1-site/d1/C2Data-143-Type5;263158.0000;DATA;1612720593.196683
/ndn/d5-site/d5/C2Data-195-Type5;461585.0000;DATA;1612720594.325478
/ndn/d7-site/d7/C2Data-221-Type5;214048.0000;DATA;1612720597.042068
/ndn/h0-site/h0/C2Data-8-Type1;246436.0000;DATA;1612720599.312705
/ndn/v8-site/v8/C2Data-4606-Type2;161948.0000;DATA;1612720599.915734
/ndn/d2-site/d2/C2Data-1460-Type2;274688.0000;DATA;1612720600.395862
/ndn/d5-site/d5/C2Data-1823-Type1;282722.0000;DATA;1612720600.405364
/ndn/h8-site/h8/C2Data-976-Type1;108461.0000;DATA;1612720603.521408
/ndn/h8-site/h8/C2Data-976-Type2;136382.0000;DATA;1612720604.031241
/ndn/v6-site/v6/C2Data-4364-Type1;73454.0000;DATA;1612720605.614625
/ndn/h8-site/h8/C2Data-201-Type4;107798.0000;DATA;1612720606.515762
/ndn/v9-site/v9/C2Data-4727-Type1;274856.0000;DATA;1612720606.825856
/ndn/s4-site/s4/C2Data-2912-Type1;6000908.0000;TIMEOUT;1612720603.052119
/ndn/d8-site/d8/C2Data-451-Type4;229199.0000;DATA;1612720612.598984
/ndn/d7-site/d7/C2Data-426-Type4;289564.0000;DATA;1612720626.084984
/ndn/v6-site/v6/C2Data-651-Type4;83527.0000;DATA;1612720628.323358
/ndn/d7-site/d7/C2Data-2066-Type2;177113.0000;DATA;1612720629.145151
/ndn/v5-site/v5/C2Data-4244-Type2;24870.0000;DATA;1612720629.693781
/ndn/s6-site/s6/C2Data-1590-Type3;6001423.0000;TIMEOUT;1612720624.536293
/ndn/h0-site/h0/C2Data-9-Type2;244942.0000;DATA;1612720630.513671
/ndn/s1-site/s1/C2Data-1285-Type3;6002621.0000;TIMEOUT;1612720625.429693
/ndn/h7-site/h7/C2Data-856-Type2;122214.0000;DATA;1612720631.781580
/ndn/h3-site/h3/C2Data-372-Type1;106173.0000;DATA;1612720633.805138
/ndn/h8-site/h8/C2Data-977-Type2;96237.0000;DATA;1612720634.203333
/ndn/s9-site/s9/C2Data-1773-Type3;6001248.0000;TIMEOUT;1612720628.843014
/ndn/h5-site/h5/C2Data-126-Type4;182606.0000;DATA;1612720635.056898
/ndn/h6-site/h6/C2Data-370-Type3;124323.0000;DATA;1612720635.419289
/ndn/v8-site/v8/C2Data-2322-Type3;150671.0000;DATA;1612720635.461914
/ndn/h4-site/h4/C2Data-248-Type3;161999.0000;DATA;1612720636.931335
/ndn/h6-site/h6/C2Data-78-Type5;121994.0000;DATA;1612720637.812369
/ndn/s9-site/s9/C2Data-3518-Type2;6001251.0000;TIMEOUT;1612720632.322369
/ndn/h7-site/h7/C2Data-856-Type1;126391.0000;DATA;1612720639.043413
/ndn/s7-site/s7/C2Data-3276-Type1;6000578.0000;TIMEOUT;1612720633.671724
/ndn/s4-site/s4/C2Data-1468-Type3;6000387.0000;TIMEOUT;1612720634.116391
/ndn/h6-site/h6/C2Data-151-Type4;133605.0000;DATA;1612720640.658100
/ndn/s5-site/s5/C2Data-3034-Type1;6007099.0000;TIMEOUT;1612720637.249657
/ndn/s7-site/s7/C2Data-1651-Type3;6001087.0000;TIMEOUT;1612720638.859134
/ndn/d1-site/d1/C2Data-276-Type4;373896.0000;DATA;1612720652.219557
/ndn/v1-site/v1/C2Data-3761-Type2;199434.0000;DATA;1612720659.943695
/ndn/v6-site/v6/C2Data-4366-Type2;79525.0000;DATA;1612720661.435701
/ndn/v5-site/v5/C2Data-4245-Type1;28275.0000;DATA;1612720663.078161
/ndn/d5-site/d5/C2Data-376-Type4;929384.0000;DATA;1612720662.228007
/ndn/s9-site/s9/C2Data-3519-Type1;6001174.0000;TIMEOUT;1612720659.682363
/ndn/h3-site/h3/C2Data-373-Type2;110939.0000;DATA;1612720666.679976
/ndn/s7-site/s7/C2Data-3277-Type2;6002053.0000;TIMEOUT;1612720660.804689
/ndn/v3-site/v3/C2Data-4003-Type2;321048.0000;DATA;1612720669.968831
/ndn/h8-site/h8/C2Data-978-Type2;99874.0000;DATA;1612720670.377963
/ndn/s4-site/s4/C2Data-2914-Type1;6001542.0000;TIMEOUT;1612720666.998435
/ndn/s0-site/s0/C2Data-2430-Type1;6000959.0000;TIMEOUT;1612720667.704911
/ndn/s6-site/s6/C2Data-3156-Type2;6007191.0000;TIMEOUT;1612720670.460970
/ndn/s2-site/s2/C2Data-2672-Type2;6000751.0000;TIMEOUT;1612720670.473121
/ndn/d6-site/d6/C2Data-981-Type3;114101.0000;DATA;1612720685.660846
/ndn/v2-site/v2/C2Data-3883-Type2;185272.0000;DATA;1612720688.945066
/ndn/h8-site/h8/C2Data-979-Type2;98041.0000;DATA;1612720689.355071
/ndn/v2-site/v2/C2Data-3883-Type1;176939.0000;DATA;1612720689.880252
/ndn/h1-site/h1/C2Data-132-Type2;177217.0000;DATA;1612720689.918161
/ndn/h1-site/h1/C2Data-66-Type3;181840.0000;DATA;1612720690.260129
/ndn/v6-site/v6/C2Data-338-Type5;73357.0000;DATA;1612720691.030719
/ndn/s5-site/s5/C2Data-1530-Type3;6000945.0000;TIMEOUT;1612720687.320725
/ndn/d3-site/d3/C2Data-798-Type3;31416.0000;DATA;1612720693.509273
/ndn/s2-site/s2/C2Data-2673-Type2;6000677.0000;TIMEOUT;1612720690.810007
/ndn/d7-site/d7/C2Data-2068-Type1;187924.0000;DATA;1612720698.349878
/ndn/s7-site/s7/C2Data-1652-Type3;6000585.0000;TIMEOUT;1612720694.396513
/ndn/h6-site/h6/C2Data-737-Type1;133343.0000;DATA;1612720700.482520
/ndn/s8-site/s8/C2Data-1713-Type3;6002250.0000;TIMEOUT;1612720695.006958
/ndn/v9-site/v9/C2Data-2384-Type3;289554.0000;DATA;1612720701.500231
/ndn/s9-site/s9/C2Data-3520-Type1;6000812.0000;TIMEOUT;1612720696.940136
/ndn/v0-site/v0/C2Data-1835-Type3;181583.0000;DATA;1612720705.169259
/ndn/s0-site/s0/C2Data-1225-Type3;6021019.0000;TIMEOUT;1612720703.598759
/ndn/h4-site/h4/C2Data-496-Type2;159479.0000;DATA;1612720720.572020
/ndn/d5-site/d5/C2Data-1827-Type1;285328.0000;DATA;1612720720.719209
/ndn/h3-site/h3/C2Data-375-Type2;104612.0000;DATA;1612720724.234552
/ndn/d4-site/d4/C2Data-1706-Type2;209588.0000;DATA;1612720727.232414
/ndn/v8-site/v8/C2Data-4610-Type1;154023.0000;DATA;1612720727.389739
/ndn/s5-site/s5/C2Data-3037-Type2;6001546.0000;TIMEOUT;1612720723.139173
/ndn/d0-site/d0/C2Data-1222-Type1;72511.0000;DATA;1612720729.259016
/ndn/s7-site/s7/C2Data-3279-Type2;6001848.0000;TIMEOUT;1612720725.467106
/ndn/s6-site/s6/C2Data-3158-Type1;6001753.0000;TIMEOUT;1612720728.085002
/ndn/d0-site/d0/C2Data-616-Type3;73105.0000;DATA;1612720742.729130
/ndn/d5-site/d5/C2Data-921-Type3;301656.0000;DATA;1612720743.616311
/ndn/v2-site/v2/C2Data-1958-Type3;309652.0000;DATA;1612720745.377531
/ndn/d4-site/d4/C2Data-1707-Type1;210954.0000;DATA;1612720748.968507
/ndn/v6-site/v6/C2Data-4369-Type2;73988.0000;DATA;1612720750.129177
/ndn/s9-site/s9/C2Data-1775-Type3;6004355.0000;TIMEOUT;1612720744.644038
/ndn/d2-site/d2/C2Data-1465-Type1;261095.0000;DATA;1612720752.863239
/ndn/d4-site/d4/C2Data-352-Type4;214774.0000;DATA;1612720755.015277
/ndn/h9-site/h9/C2Data-227-Type4;218506.0000;DATA;1612720755.527028
/ndn/v8-site/v8/C2Data-2324-Type3;156710.0000;DATA;1612720756.952446
/ndn/v1-site/v1/C2Data-3764-Type2;184734.0000;DATA;1612720758.202998
/ndn/v9-site/v9/C2Data-4732-Type1;255218.0000;DATA;1612720758.333335
/ndn/d3-site/d3/C2Data-799-Type3;30164.0000;DATA;1612720759.002289
/ndn/v6-site/v6/C2Data-2202-Type3;85256.0000;DATA;1612720759.523557
/ndn/s3-site/s3/C2Data-2796-Type1;6007878.0000;TIMEOUT;1612720753.655718
/ndn/h6-site/h6/C2Data-152-Type4;121697.0000;DATA;1612720760.391272
/ndn/s1-site/s1/C2Data-2554-Type1;6001393.0000;TIMEOUT;1612720756.995437
/ndn/v0-site/v0/C2Data-1836-Type3;209987.0000;DATA;1612720763.986154
/ndn/d6-site/d6/C2Data-982-Type3;595565.0000;DATA;1612720764.582682
/ndn/h1-site/h1/C2Data-67-Type3;178241.0000;DATA;1612720765.240135
/ndn/h2-site/h2/C2Data-52-Type4;216488.0000;DATA;1612720769.604847
/ndn/s1-site/s1/C2Data-1287-Type3;6000596.0000;TIMEOUT;1612720765.243123
/ndn/v7-site/v7/C2Data-677-Type4;233300.0000;DATA;1612720779.855174
/ndn/d4-site/d4/C2Data-1708-Type2;201913.0000;DATA;1612720784.069658
/ndn/v0-site/v0/C2Data-3644-Type2;195844.0000;DATA;1612720788.462397
/ndn/s0-site/s0/C2Data-2434-Type2;6006515.0000;TIMEOUT;1612720783.271911
/ndn/d3-site/d3/C2Data-1587-Type1;26712.0000;DATA;1612720790.019188
/ndn/s8-site/s8/C2Data-3402-Type2;6016738.0000;TIMEOUT;1612720785.500028
/ndn/s8-site/s8/C2Data-3402-Type1;6000555.0000;TIMEOUT;1612720786.053108
/ndn/d6-site/d6/C2Data-402-Type4;116734.0000;DATA;1612720796.445152
/ndn/v2-site/v2/C2Data-552-Type4;181298.0000;DATA;1612720799.345342
/ndn/d2-site/d2/C2Data-302-Type4;259667.0000;DATA;1612720803.637821
/ndn/d1-site/d1/C2Data-678-Type3;156694.0000;DATA;1612720805.938098
/ndn/d0-site/d0/C2Data-617-Type3;111944.0000;DATA;1612720806.714059
/ndn/v0-site/v0/C2Data-502-Type4;170609.0000;DATA;1612720809.255341
/ndn/s9-site/s9/C2Data-1776-Type3;6001654.0000;TIMEOUT;1612720803.631360
/ndn/v3-site/v3/C2Data-4008-Type1;270495.0000;DATA;1612720811.357413
/ndn/d3-site/d3/C2Data-327-Type4;26197.0000;DATA;1612720811.829898
/ndn/h7-site/h7/C2Data-177-Type4;125282.0000;DATA;1612720812.706471
/ndn/h6-site/h6/C2Data-373-Type3;126255.0000;DATA;1612720812.738500
/ndn/d3-site/d3/C2Data-800-Type3;24777.0000;DATA;1612720814.677189
/ndn/v0-site/v0/C2Data-3645-Type1;174306.0000;DATA;1612720817.510833
/ndn/h1-site/h1/C2Data-68-Type3;179464.0000;DATA;1612720821.148737
/ndn/v8-site/v8/C2Data-2325-Type3;188556.0000;DATA;1612720821.856339
/ndn/s0-site/s0/C2Data-2435-Type1;6000652.0000;TIMEOUT;1612720816.251622
/ndn/s3-site/s3/C2Data-2798-Type1;6009774.0000;TIMEOUT;1612720817.698995
/ndn/s4-site/s4/C2Data-1471-Type3;6008142.0000;TIMEOUT;1612720823.578136
/ndn/d2-site/d2/C2Data-1468-Type2;252965.0000;DATA;1612720839.722357
/ndn/d4-site/d4/C2Data-1710-Type1;199045.0000;DATA;1612720842.227027
/ndn/s2-site/s2/C2Data-2678-Type2;6006158.0000;TIMEOUT;1612720838.788695
/ndn/s3-site/s3/C2Data-2799-Type1;6002443.0000;TIMEOUT;1612720839.396771
/ndn/d6-site/d6/C2Data-1952-Type2;97837.0000;DATA;1612720846.240050
/ndn/d7-site/d7/C2Data-2073-Type2;166223.0000;DATA;1612720846.766104
/ndn/d1-site/d1/C2Data-1347-Type2;149220.0000;DATA;1612720847.489041
/ndn/s9-site/s9/C2Data-3525-Type1;6002652.0000;TIMEOUT;1612720843.355375
/ndn/s4-site/s4/C2Data-2920-Type2;6002578.0000;TIMEOUT;1612720843.446524
/ndn/d0-site/d0/C2Data-1226-Type1;75454.0000;DATA;1612720849.457553
/ndn/s6-site/s6/C2Data-3162-Type2;6002557.0000;TIMEOUT;1612720846.695205
/ndn/s5-site/s5/C2Data-3041-Type1;6000882.0000;TIMEOUT;1612720847.659063
/ndn/v7-site/v7/C2Data-2265-Type3;235024.0000;DATA;1612720868.257507
/ndn/s6-site/s6/C2Data-1594-Type3;6000340.0000;TIMEOUT;1612720863.701052
/ndn/d0-site/d0/C2Data-1227-Type1;72748.0000;DATA;1612720872.431079
/ndn/d6-site/d6/C2Data-1953-Type2;103175.0000;DATA;1612720872.545247
/ndn/s7-site/s7/C2Data-1655-Type3;6000306.0000;TIMEOUT;1612720866.740214
/ndn/s9-site/s9/C2Data-1777-Type3;6001001.0000;TIMEOUT;1612720866.945319
/ndn/v5-site/v5/C2Data-4252-Type2;28655.0000;DATA;1612720873.800436
/ndn/s2-site/s2/C2Data-2679-Type1;6000945.0000;TIMEOUT;1612720870.270368
/ndn/d0-site/d0/C2Data-618-Type3;75306.0000;DATA;1612720876.749173
/ndn/s8-site/s8/C2Data-3405-Type2;6003345.0000;TIMEOUT;1612720871.968893
/ndn/d6-site/d6/C2Data-984-Type3;104840.0000;DATA;1612720878.449707
/ndn/h3-site/h3/C2Data-380-Type1;110144.0000;DATA;1612720879.092034
/ndn/s0-site/s0/C2Data-1228-Type3;6000365.0000;TIMEOUT;1612720873.429724
/ndn/v0-site/v0/C2Data-1838-Type3;181263.0000;DATA;1612720879.595485
/ndn/h7-site/h7/C2Data-92-Type5;151129.0000;DATA;1612720881.017523
/ndn/s8-site/s8/C2Data-1716-Type3;6000789.0000;TIMEOUT;1612720879.873459
/ndn/s2-site/s2/C2Data-1350-Type3;6002009.0000;TIMEOUT;1612720880.219965
/ndn/d5-site/d5/C2Data-923-Type3;337069.0000;DATA;1612720885.891838
/ndn/s3-site/s3/C2Data-1411-Type3;6006958.0000;TIMEOUT;1612720884.984389
/ndn/v7-site/v7/C2Data-189-Type6;297309.0000;DATA;1612720891.747603
/ndn/v8-site/v8/C2Data-4616-Type2;176655.0000;DATA;1612720901.110376
/ndn/d3-site/d3/C2Data-91-Type6;25934.0000;DATA;1612720902.746306
/ndn/s6-site/s6/C2Data-3164-Type1;6011482.0000;TIMEOUT;1612720906.193636
/ndn/v3-site/v3/C2Data-578-Type4;301634.0000;DATA;1612720912.941650
/ndn/s3-site/s3/C2Data-2801-Type1;6000543.0000;TIMEOUT;1612720907.817721
/ndn/d2-site/d2/C2Data-303-Type4;316511.0000;DATA;1612720913.489349
/ndn/s0-site/s0/C2Data-2438-Type1;6219722.0000;TIMEOUT;1612720909.342737
/ndn/v1-site/v1/C2Data-274-Type5;217291.0000;DATA;1612720920.034021
/ndn/v2-site/v2/C2Data-1961-Type3;180794.0000;DATA;1612720923.107299
/ndn/h4-site/h4/C2Data-503-Type2;153849.0000;DATA;1612720928.864476
/ndn/v1-site/v1/C2Data-1900-Type3;676127.0000;DATA;1612720929.370992
/ndn/v7-site/v7/C2Data-2266-Type3;225924.0000;DATA;1612720930.230839
/ndn/d4-site/d4/C2Data-98-Type6;196350.0000;DATA;1612720930.326099
/ndn/d1-site/d1/C2Data-680-Type3;161098.0000;DATA;1612720931.000109
/ndn/d6-site/d6/C2Data-403-Type4;99583.0000;DATA;1612720931.992176
/ndn/h9-site/h9/C2Data-1108-Type1;214716.0000;DATA;1612720932.106939
/ndn/h5-site/h5/C2Data-66-Type5;189821.0000;DATA;1612720933.428294
/ndn/d5-site/d5/C2Data-1834-Type1;272916.0000;DATA;1612720933.812838
