/ndn/v10-site/v10/C2Data-6655-Type1;551.0000;NACK;1611611482.209152
/ndn/d5-site/d5/C2Data-2420-Type2;101863.0000;DATA;1611611482.688146
/ndn/h9-site/h9/C2Data-1089-Type1;98952.0000;DATA;1611611482.978124
/ndn/s0-site/s0/C2Data-3630-Type1;163454.0000;DATA;1611611483.041207
/ndn/d8-site/d8/C2Data-2783-Type1;115976.0000;DATA;1611611486.593126
/ndn/h5-site/h5/C2Data-605-Type2;72711.0000;DATA;1611611487.108126
/ndn/h0-site/h0/C2Data-0-Type1;139971.0000;DATA;1611611487.990111
/ndn/v4-site/v4/C2Data-5929-Type2;235784.0000;DATA;1611611488.539195
/ndn/s13-site/s13/C2Data-5203-Type2;189946.0000;DATA;1611611488.665127
/ndn/v12-site/v12/C2Data-6897-Type1;228156.0000;DATA;1611611490.308186
/ndn/v11-site/v11/C2Data-6776-Type1;82777.0000;DATA;1611611491.688184
/ndn/d6-site/d6/C2Data-2541-Type1;167670.0000;DATA;1611611492.408138
/ndn/h13-site/h13/C2Data-1573-Type1;25566.0000;DATA;1611611492.982121
/ndn/h13-site/h13/C2Data-793-Type3;23637.0000;DATA;1611611510.328167
/ndn/v6-site/v6/C2Data-6172-Type2;49059.0000;DATA;1611611511.395166
/ndn/d10-site/d10/C2Data-1525-Type3;120991.0000;DATA;1611611511.330151
/ndn/d6-site/d6/C2Data-2542-Type1;169868.0000;DATA;1611611511.427164
/ndn/s1-site/s1/C2Data-3752-Type1;190311.0000;DATA;1611611511.590199
/ndn/h3-site/h3/C2Data-364-Type2;195443.0000;DATA;1611611511.793187
/ndn/h8-site/h8/C2Data-969-Type2;121074.0000;DATA;1611611514.188164
/ndn/v1-site/v1/C2Data-5567-Type2;215958.0000;DATA;1611611514.215202
/ndn/d5-site/d5/C2Data-1220-Type3;97236.0000;DATA;1611611515.172138
/ndn/h3-site/h3/C2Data-364-Type1;196734.0000;DATA;1611611515.791116
/ndn/d9-site/d9/C2Data-1464-Type3;117926.0000;DATA;1611611516.323205
/ndn/s14-site/s14/C2Data-5325-Type1;93780.0000;DATA;1611611516.779204
/ndn/s6-site/s6/C2Data-2196-Type3;186873.0000;DATA;1611611517.490143
/ndn/v12-site/v12/C2Data-3477-Type3;206111.0000;DATA;1611611517.857174
/ndn/h6-site/h6/C2Data-727-Type2;116664.0000;DATA;1611611518.738196
/ndn/d4-site/d4/C2Data-2300-Type1;93370.0000;DATA;1611611519.298248
/ndn/s12-site/s12/C2Data-5083-Type1;163691.0000;DATA;1611611519.514133
/ndn/s0-site/s0/C2Data-3631-Type2;143731.0000;DATA;1611611519.688130
/ndn/h8-site/h8/C2Data-488-Type3;115798.0000;DATA;1611611520.568137
/ndn/s7-site/s7/C2Data-4478-Type2;97971.0000;DATA;1611611520.942183
/ndn/d2-site/d2/C2Data-1037-Type3;103011.0000;DATA;1611611521.936181
/ndn/s11-site/s11/C2Data-2501-Type3;182961.0000;DATA;1611611522.263126
/ndn/s4-site/s4/C2Data-2074-Type3;94003.0000;DATA;1611611522.570014
/ndn/v14-site/v14/C2Data-3599-Type3;55314.0000;DATA;1611611522.712204
/ndn/s10-site/s10/C2Data-4841-Type1;68929.0000;DATA;1611611523.000133
/ndn/v2-site/v2/C2Data-2867-Type3;163972.0000;DATA;1611611525.488223
/ndn/s8-site/s8/C2Data-4600-Type1;26798.0000;DATA;1611611541.405330
/ndn/d0-site/d0/C2Data-1817-Type2;120720.0000;DATA;1611611541.900194
/ndn/v10-site/v10/C2Data-6657-Type1;174354.0000;DATA;1611611541.961140
/ndn/s2-site/s2/C2Data-3874-Type2;23437.0000;DATA;1611611546.887135
/ndn/s3-site/s3/C2Data-3995-Type1;166743.0000;DATA;1611611546.809179
/ndn/v12-site/v12/C2Data-6899-Type1;213525.0000;DATA;1611611546.860810
/ndn/s14-site/s14/C2Data-5326-Type2;94351.0000;DATA;1611611547.743136
/ndn/d13-site/d13/C2Data-3390-Type2;73023.0000;DATA;1611611549.729158
/ndn/v4-site/v4/C2Data-5931-Type1;234313.0000;DATA;1611611550.339116
/ndn/s5-site/s5/C2Data-4237-Type1;142767.0000;DATA;1611611551.019162
/ndn/h8-site/h8/C2Data-970-Type1;124103.0000;DATA;1611611551.446156
/ndn/h8-site/h8/C2Data-970-Type2;120732.0000;DATA;1611611552.655200
/ndn/s0-site/s0/C2Data-3632-Type2;6000739.0000;TIMEOUT;1611611548.213256
/ndn/v14-site/v14/C2Data-3600-Type3;46921.0000;DATA;1611611565.278452
/ndn/h9-site/h9/C2Data-550-Type3;95379.0000;DATA;1611611567.321115
/ndn/d1-site/d1/C2Data-977-Type3;73477.0000;DATA;1611611567.495111
/ndn/d9-site/d9/C2Data-1465-Type3;33213.0000;DATA;1611611568.423200
/ndn/d2-site/d2/C2Data-1038-Type3;103815.0000;DATA;1611611570.894155
/ndn/d4-site/d4/C2Data-2302-Type2;97312.0000;DATA;1611611572.323181
/ndn/v7-site/v7/C2Data-6295-Type1;191108.0000;DATA;1611611573.115176
/ndn/h13-site/h13/C2Data-794-Type3;24501.0000;DATA;1611611573.282188
/ndn/h11-site/h11/C2Data-1334-Type2;71453.0000;DATA;1611611573.963212
/ndn/s0-site/s0/C2Data-1831-Type3;6000231.0000;TIMEOUT;1611611569.178150
/ndn/h12-site/h12/C2Data-733-Type3;95211.0000;DATA;1611611575.683103
/ndn/v12-site/v12/C2Data-6900-Type1;218086.0000;DATA;1611611576.607214
/ndn/h12-site/h12/C2Data-1455-Type2;99851.0000;DATA;1611611576.750189
/ndn/d5-site/d5/C2Data-2423-Type2;93577.0000;DATA;1611611577.265968
/ndn/v8-site/v8/C2Data-950-Type4;146802.0000;DATA;1611611577.383115
/ndn/h12-site/h12/C2Data-1455-Type1;92977.0000;DATA;1611611577.859164
/ndn/d14-site/d14/C2Data-725-Type4;50959.0000;DATA;1611611578.648182
/ndn/v11-site/v11/C2Data-3417-Type3;69585.0000;DATA;1611611579.110154
/ndn/d5-site/d5/C2Data-1221-Type3;95858.0000;DATA;1611611579.992305
/ndn/h7-site/h7/C2Data-850-Type1;166339.0000;DATA;1611611580.290179
/ndn/v10-site/v10/C2Data-6658-Type2;168489.0000;DATA;1611611580.426206
/ndn/h0-site/h0/C2Data-3-Type2;142598.0000;DATA;1611611580.668172
/ndn/h12-site/h12/C2Data-300-Type4;93879.0000;DATA;1611611582.345159
/ndn/d13-site/d13/C2Data-1709-Type3;70621.0000;DATA;1611611583.358113
/ndn/v8-site/v8/C2Data-3234-Type3;140154.0000;DATA;1611611585.920111
/ndn/s3-site/s3/C2Data-3996-Type1;6000301.0000;TIMEOUT;1611611582.000402
/ndn/h3-site/h3/C2Data-75-Type4;237960.0000;DATA;1611611588.337193
/ndn/v5-site/v5/C2Data-3051-Type3;268002.0000;DATA;1611611588.715188
/ndn/v4-site/v4/C2Data-5933-Type2;238481.0000;DATA;1611611601.645207
/ndn/v2-site/v2/C2Data-5691-Type1;169345.0000;DATA;1611611603.497178
/ndn/h8-site/h8/C2Data-972-Type1;125280.0000;DATA;1611611604.609170
/ndn/v7-site/v7/C2Data-6296-Type2;186947.0000;DATA;1611611605.495230
/ndn/d7-site/d7/C2Data-2666-Type2;158640.0000;DATA;1611611605.690125
/ndn/h12-site/h12/C2Data-1456-Type2;100983.0000;DATA;1611611605.832118
/ndn/d3-site/d3/C2Data-2182-Type1;206036.0000;DATA;1611611606.957138
/ndn/h13-site/h13/C2Data-1577-Type1;25890.0000;DATA;1611611608.157226
/ndn/s3-site/s3/C2Data-3997-Type1;6000757.0000;TIMEOUT;1611611602.690216
/ndn/h0-site/h0/C2Data-4-Type1;146290.0000;DATA;1611611610.116121
/ndn/v1-site/v1/C2Data-775-Type4;213917.0000;DATA;1611611610.060105
/ndn/h12-site/h12/C2Data-1456-Type1;103882.0000;DATA;1611611610.447146
/ndn/v9-site/v9/C2Data-6538-Type1;144640.0000;DATA;1611611610.687216
/ndn/h0-site/h0/C2Data-4-Type2;147624.0000;DATA;1611611611.201207
/ndn/h5-site/h5/C2Data-125-Type4;70422.0000;DATA;1611611611.443147
/ndn/s7-site/s7/C2Data-4481-Type2;6000898.0000;TIMEOUT;1611611605.585159
/ndn/d2-site/d2/C2Data-2061-Type1;92522.0000;DATA;1611611611.801296
/ndn/s10-site/s10/C2Data-4844-Type1;6001563.0000;TIMEOUT;1611611612.393182
/ndn/v11-site/v11/C2Data-1025-Type4;123593.0000;DATA;1611611619.703140
/ndn/v2-site/v2/C2Data-800-Type4;210499.0000;DATA;1611611620.194934
/ndn/d12-site/d12/C2Data-675-Type4;174584.0000;DATA;1611611622.471202
/ndn/d2-site/d2/C2Data-425-Type4;98046.0000;DATA;1611611622.953925
/ndn/h8-site/h8/C2Data-200-Type4;127905.0000;DATA;1611611625.262531
/ndn/d4-site/d4/C2Data-1161-Type3;94018.0000;DATA;1611611627.585123
/ndn/h5-site/h5/C2Data-307-Type3;81490.0000;DATA;1611611628.706153
/ndn/v3-site/v3/C2Data-825-Type4;47133.0000;DATA;1611611630.306183
/ndn/d0-site/d0/C2Data-1820-Type1;120842.0000;DATA;1611611631.386168
/ndn/d2-site/d2/C2Data-2062-Type1;97310.0000;DATA;1611611631.956103
/ndn/h0-site/h0/C2Data-5-Type1;142353.0000;DATA;1611611634.139192
/ndn/v5-site/v5/C2Data-6055-Type2;249133.0000;DATA;1611611634.482161
/ndn/d14-site/d14/C2Data-3514-Type1;48218.0000;DATA;1611611634.709283
/ndn/h12-site/h12/C2Data-1457-Type1;93624.0000;DATA;1611611635.165121
/ndn/v9-site/v9/C2Data-6539-Type2;142616.0000;DATA;1611611635.236158
/ndn/v9-site/v9/C2Data-975-Type4;142910.0000;DATA;1611611635.415188
/ndn/s3-site/s3/C2Data-2015-Type3;6000298.0000;TIMEOUT;1611611630.543792
/ndn/d12-site/d12/C2Data-1649-Type3;142027.0000;DATA;1611611637.239146
/ndn/d12-site/d12/C2Data-3272-Type2;143217.0000;DATA;1611611637.271169
/ndn/v14-site/v14/C2Data-3601-Type3;46964.0000;DATA;1611611640.179122
/ndn/d3-site/d3/C2Data-2183-Type1;190855.0000;DATA;1611611640.596183
/ndn/v5-site/v5/C2Data-6055-Type1;244377.0000;DATA;1611611641.110215
/ndn/v2-site/v2/C2Data-5692-Type1;163462.0000;DATA;1611611641.353188
/ndn/h9-site/h9/C2Data-551-Type3;96865.0000;DATA;1611611641.602155
/ndn/s8-site/s8/C2Data-4603-Type1;6000973.0000;TIMEOUT;1611611637.920134
/ndn/s0-site/s0/C2Data-3635-Type1;6002325.0000;TIMEOUT;1611611638.169171
/ndn/s10-site/s10/C2Data-2442-Type3;6000274.0000;TIMEOUT;1611611644.180432
/ndn/s5-site/s5/C2Data-2137-Type3;6001045.0000;TIMEOUT;1611611645.603188
/ndn/s12-site/s12/C2Data-2564-Type3;6000607.0000;TIMEOUT;1611611647.027126
/ndn/h12-site/h12/C2Data-1458-Type2;74524.0000;DATA;1611611661.286117
/ndn/v7-site/v7/C2Data-6298-Type1;203385.0000;DATA;1611611662.225167
/ndn/v0-site/v0/C2Data-5451-Type1;129090.0000;DATA;1611611664.677136
/ndn/h9-site/h9/C2Data-1095-Type1;97378.0000;DATA;1611611667.568166
/ndn/d3-site/d3/C2Data-2184-Type1;177612.0000;DATA;1611611667.683139
/ndn/h4-site/h4/C2Data-490-Type1;117407.0000;DATA;1611611668.243217
/ndn/s5-site/s5/C2Data-4241-Type2;6000223.0000;TIMEOUT;1611611662.658120
/ndn/v9-site/v9/C2Data-6540-Type1;151084.0000;DATA;1611611669.043902
/ndn/v6-site/v6/C2Data-6177-Type2;47929.0000;DATA;1611611671.343128
/ndn/s13-site/s13/C2Data-5209-Type1;6000289.0000;TIMEOUT;1611611666.086185
/ndn/v3-site/v3/C2Data-5814-Type2;49073.0000;DATA;1611611672.571113
/ndn/s6-site/s6/C2Data-4362-Type2;6049492.0000;TIMEOUT;1611611668.767210
/ndn/s7-site/s7/C2Data-4483-Type1;6001210.0000;TIMEOUT;1611611671.830175
/ndn/v6-site/v6/C2Data-3114-Type3;48013.0000;DATA;1611611686.298193
/ndn/v8-site/v8/C2Data-3236-Type3;141663.0000;DATA;1611611690.691187
/ndn/v11-site/v11/C2Data-3419-Type3;74840.0000;DATA;1611611691.320307
/ndn/v3-site/v3/C2Data-5815-Type2;47362.0000;DATA;1611611691.376246
/ndn/v11-site/v11/C2Data-6783-Type2;73164.0000;DATA;1611611691.448116
/ndn/d1-site/d1/C2Data-979-Type3;71511.0000;DATA;1611611694.756126
/ndn/d10-site/d10/C2Data-3032-Type2;119008.0000;DATA;1611611695.718229
/ndn/h13-site/h13/C2Data-1580-Type2;23803.0000;DATA;1611611697.105166
