/ndn/h2-site/h2/C2Data-242-Type2;188961.0000;DATA;1611609163.211373
/ndn/h10-site/h10/C2Data-1210-Type1;100033.0000;DATA;1611609164.727456
/ndn/h9-site/h9/C2Data-1089-Type1;99735.0000;DATA;1611609166.141325
/ndn/h13-site/h13/C2Data-1573-Type1;114573.0000;DATA;1611609168.149761
/ndn/h3-site/h3/C2Data-363-Type2;70374.0000;DATA;1611609168.335370
/ndn/h6-site/h6/C2Data-726-Type2;170416.0000;DATA;1611609168.591368
/ndn/v12-site/v12/C2Data-6897-Type2;104741.0000;DATA;1611609169.970441
/ndn/s11-site/s11/C2Data-4961-Type1;643.0000;NACK;1611609171.184313
/ndn/s4-site/s4/C2Data-4114-Type1;193813.0000;DATA;1611609170.991353
/ndn/h8-site/h8/C2Data-968-Type2;96279.0000;DATA;1611609171.563364
/ndn/v2-site/v2/C2Data-5687-Type1;73193.0000;DATA;1611609172.856378
/ndn/v4-site/v4/C2Data-5929-Type2;115338.0000;DATA;1611609173.669348
/ndn/d5-site/d5/C2Data-1220-Type3;145598.0000;DATA;1611609186.927381
/ndn/h10-site/h10/C2Data-610-Type3;103168.0000;DATA;1611609187.208335
/ndn/h5-site/h5/C2Data-305-Type3;118212.0000;DATA;1611609189.332355
/ndn/d14-site/d14/C2Data-1769-Type3;97547.0000;DATA;1611609189.424384
/ndn/h13-site/h13/C2Data-793-Type3;48913.0000;DATA;1611609191.095228
/ndn/h9-site/h9/C2Data-549-Type3;115846.0000;DATA;1611609191.486407
/ndn/v3-site/v3/C2Data-5809-Type1;140767.0000;DATA;1611609194.194355
/ndn/d10-site/d10/C2Data-1525-Type3;169253.0000;DATA;1611609194.919337
/ndn/d3-site/d3/C2Data-2179-Type1;98373.0000;DATA;1611609195.384376
/ndn/v4-site/v4/C2Data-5930-Type1;118453.0000;DATA;1611609195.563458
/ndn/h6-site/h6/C2Data-727-Type1;165257.0000;DATA;1611609195.516340
/ndn/d1-site/d1/C2Data-1937-Type1;164256.0000;DATA;1611609195.532401
/ndn/d9-site/d9/C2Data-2905-Type1;70906.0000;DATA;1611609196.378325
/ndn/s0-site/s0/C2Data-3631-Type2;117510.0000;DATA;1611609197.259386
/ndn/s13-site/s13/C2Data-5204-Type1;82255.0000;NACK;1611609198.131457
/ndn/v14-site/v14/C2Data-3599-Type3;141128.0000;DATA;1611609200.563368
/ndn/v13-site/v13/C2Data-3538-Type3;118576.0000;DATA;1611609201.359363
/ndn/v0-site/v0/C2Data-5446-Type2;118951.0000;DATA;1611609201.384452
/ndn/v1-site/v1/C2Data-5567-Type1;94938.0000;DATA;1611609202.085366
/ndn/d6-site/d6/C2Data-1281-Type3;119912.0000;DATA;1611609202.501375
/ndn/v14-site/v14/C2Data-7140-Type2;144390.0000;DATA;1611609202.611351
/ndn/s7-site/s7/C2Data-2257-Type3;116530.0000;DATA;1611609202.764391
/ndn/d14-site/d14/C2Data-3510-Type1;99664.0000;DATA;1611609203.757346
/ndn/s13-site/s13/C2Data-5204-Type2;238573.0000;DATA;1611609203.678363
/ndn/v12-site/v12/C2Data-3477-Type3;98717.0000;DATA;1611609204.318383
/ndn/d7-site/d7/C2Data-1342-Type3;49683.0000;DATA;1611609205.483353
/ndn/s8-site/s8/C2Data-2318-Type3;126964.0000;DATA;1611609207.879342
/ndn/d3-site/d3/C2Data-1098-Type3;93182.0000;DATA;1611609209.933963
/ndn/s10-site/s10/C2Data-4842-Type1;168544.0000;DATA;1611609223.183316
/ndn/s8-site/s8/C2Data-4600-Type1;119564.0000;DATA;1611609223.897317
/ndn/d10-site/d10/C2Data-3027-Type2;163810.0000;DATA;1611609224.138367
/ndn/d8-site/d8/C2Data-2785-Type1;23673.0000;DATA;1611609224.992393
/ndn/v8-site/v8/C2Data-6415-Type2;187327.0000;DATA;1611609225.344365
/ndn/v7-site/v7/C2Data-6294-Type1;71346.0000;DATA;1611609225.968406
/ndn/d12-site/d12/C2Data-3269-Type2;24337.0000;DATA;1611609226.929327
/ndn/d4-site/d4/C2Data-2301-Type1;94276.0000;DATA;1611609227.316306
/ndn/d8-site/d8/C2Data-2785-Type2;25809.0000;DATA;1611609227.707385
/ndn/v3-site/v3/C2Data-5810-Type2;149918.0000;DATA;1611609228.217549
/ndn/s5-site/s5/C2Data-4237-Type1;25324.0000;DATA;1611609229.136384
/ndn/h11-site/h11/C2Data-1333-Type1;96744.0000;DATA;1611609229.585398
/ndn/d6-site/d6/C2Data-2543-Type1;119886.0000;DATA;1611609233.418039
/ndn/v14-site/v14/C2Data-7141-Type2;151702.0000;DATA;1611609233.931369
/ndn/v0-site/v0/C2Data-5447-Type2;143815.0000;DATA;1611609234.065354
/ndn/s10-site/s10/C2Data-4842-Type2;6000313.0000;TIMEOUT;1611609230.863452
/ndn/s0-site/s0/C2Data-3632-Type1;6000400.0000;TIMEOUT;1611609232.644336
/ndn/h0-site/h0/C2Data-1-Type3;205335.0000;DATA;1611609246.638317
/ndn/d4-site/d4/C2Data-1160-Type3;99822.0000;DATA;1611609254.180346
/ndn/h14-site/h14/C2Data-855-Type3;140481.0000;DATA;1611609255.022369
/ndn/h8-site/h8/C2Data-489-Type3;94060.0000;DATA;1611609255.152329
/ndn/v2-site/v2/C2Data-2868-Type3;75427.0000;DATA;1611609255.393360
/ndn/s6-site/s6/C2Data-2197-Type3;6000825.0000;TIMEOUT;1611609251.494369
/ndn/h4-site/h4/C2Data-245-Type3;160506.0000;DATA;1611609258.069316
/ndn/v8-site/v8/C2Data-6416-Type2;192466.0000;DATA;1611609258.238348
/ndn/v4-site/v4/C2Data-5932-Type1;116512.0000;DATA;1611609259.272849
/ndn/v4-site/v4/C2Data-5932-Type2;123723.0000;DATA;1611609259.954348
/ndn/h13-site/h13/C2Data-1576-Type1;122741.0000;DATA;1611609260.365285
/ndn/s0-site/s0/C2Data-3633-Type1;6000233.0000;TIMEOUT;1611609254.952392
/ndn/h12-site/h12/C2Data-1455-Type1;188018.0000;DATA;1611609261.515311
/ndn/d11-site/d11/C2Data-1587-Type3;50712.0000;DATA;1611609261.910443
/ndn/h8-site/h8/C2Data-971-Type1;92632.0000;DATA;1611609262.057347
/ndn/h14-site/h14/C2Data-1697-Type1;140829.0000;DATA;1611609262.300289
/ndn/h9-site/h9/C2Data-550-Type3;101606.0000;DATA;1611609262.480380
/ndn/v14-site/v14/C2Data-3600-Type3;144353.0000;DATA;1611609262.732363
/ndn/d3-site/d3/C2Data-2181-Type1;95105.0000;DATA;1611609263.506360
/ndn/h6-site/h6/C2Data-729-Type1;165423.0000;DATA;1611609263.590343
/ndn/d6-site/d6/C2Data-1282-Type3;124905.0000;DATA;1611609265.007489
/ndn/d9-site/d9/C2Data-1465-Type3;72036.0000;DATA;1611609265.768387
/ndn/h5-site/h5/C2Data-306-Type3;117087.0000;DATA;1611609265.891300
/ndn/s7-site/s7/C2Data-2258-Type3;6000273.0000;TIMEOUT;1611609265.824305
/ndn/v10-site/v10/C2Data-1000-Type4;67463.0000;DATA;1611609275.822482
/ndn/d6-site/d6/C2Data-2545-Type2;120626.0000;DATA;1611609283.092292
/ndn/h7-site/h7/C2Data-851-Type2;220661.0000;DATA;1611609283.731335
/ndn/v6-site/v6/C2Data-900-Type4;71184.0000;DATA;1611609284.454363
/ndn/v3-site/v3/C2Data-5812-Type1;140731.0000;DATA;1611609284.464405
/ndn/d1-site/d1/C2Data-1940-Type2;172321.0000;DATA;1611609284.970363
/ndn/d7-site/d7/C2Data-2666-Type2;47465.0000;DATA;1611609285.384355
/ndn/v7-site/v7/C2Data-6296-Type2;74627.0000;DATA;1611609287.666367
/ndn/v10-site/v10/C2Data-6659-Type2;46733.0000;DATA;1611609289.058377
/ndn/h8-site/h8/C2Data-972-Type2;110073.0000;DATA;1611609289.767613
/ndn/v8-site/v8/C2Data-950-Type4;191996.0000;DATA;1611609289.889418
/ndn/h2-site/h2/C2Data-246-Type1;187822.0000;DATA;1611609289.956383
/ndn/v3-site/v3/C2Data-5812-Type2;148019.0000;DATA;1611609290.886379
/ndn/h4-site/h4/C2Data-100-Type4;167089.0000;DATA;1611609291.947323
/ndn/h0-site/h0/C2Data-0-Type4;197377.0000;DATA;1611609292.380366
/ndn/s2-site/s2/C2Data-3876-Type2;6000307.0000;TIMEOUT;1611609286.630391
/ndn/v9-site/v9/C2Data-6538-Type1;189283.0000;DATA;1611609293.475362
/ndn/d9-site/d9/C2Data-600-Type4;84978.0000;DATA;1611609294.752388
/ndn/s10-site/s10/C2Data-4844-Type2;6000300.0000;TIMEOUT;1611609289.183350
/ndn/s13-site/s13/C2Data-5207-Type2;6003904.0000;TIMEOUT;1611609289.853370
/ndn/s3-site/s3/C2Data-3997-Type1;6000229.0000;TIMEOUT;1611609290.319286
/ndn/s6-site/s6/C2Data-4360-Type1;6001891.0000;TIMEOUT;1611609290.525348
/ndn/d8-site/d8/C2Data-575-Type4;26585.0000;DATA;1611609296.595949
/ndn/d13-site/d13/C2Data-1710-Type3;73467.0000;DATA;1611609309.313363
/ndn/v11-site/v11/C2Data-3418-Type3;75254.0000;DATA;1611609309.318305
/ndn/h10-site/h10/C2Data-612-Type3;93980.0000;DATA;1611609310.612384
/ndn/v4-site/v4/C2Data-850-Type4;115721.0000;DATA;1611609310.692371
/ndn/h7-site/h7/C2Data-852-Type1;216682.0000;DATA;1611609312.571423
/ndn/s1-site/s1/C2Data-1893-Type3;6000328.0000;TIMEOUT;1611609308.784592
/ndn/d14-site/d14/C2Data-725-Type4;95291.0000;DATA;1611609315.056391
/ndn/s0-site/s0/C2Data-1832-Type3;6000295.0000;TIMEOUT;1611609309.691324
/ndn/h1-site/h1/C2Data-25-Type4;48089.0000;DATA;1611609316.124369
/ndn/v0-site/v0/C2Data-750-Type4;120524.0000;DATA;1611609317.716294
/ndn/s13-site/s13/C2Data-2625-Type3;6000464.0000;TIMEOUT;1611609312.401375
/ndn/d14-site/d14/C2Data-3514-Type2;94429.0000;DATA;1611609318.910345
/ndn/d10-site/d10/C2Data-1527-Type3;170373.0000;DATA;1611609319.176351
/ndn/h0-site/h0/C2Data-2-Type3;188225.0000;DATA;1611609319.287372
/ndn/h11-site/h11/C2Data-1336-Type2;99853.0000;DATA;1611609319.551387
/ndn/h8-site/h8/C2Data-973-Type1;100417.0000;DATA;1611609320.597392
/ndn/d2-site/d2/C2Data-2062-Type2;26065.0000;DATA;1611609320.910355
/ndn/h14-site/h14/C2Data-1699-Type2;140925.0000;DATA;1611609321.231402
/ndn/v1-site/v1/C2Data-5571-Type2;92698.0000;DATA;1611609321.596474
/ndn/v5-site/v5/C2Data-3052-Type3;119245.0000;DATA;1611609322.742372
/ndn/d11-site/d11/C2Data-1588-Type3;48204.0000;DATA;1611609322.948310
/ndn/h0-site/h0/C2Data-5-Type1;194823.0000;DATA;1611609323.490323
/ndn/s7-site/s7/C2Data-4482-Type2;6000287.0000;TIMEOUT;1611609317.976405
/ndn/h2-site/h2/C2Data-247-Type1;192502.0000;DATA;1611609324.078319
/ndn/s7-site/s7/C2Data-4482-Type1;6045146.0000;TIMEOUT;1611609321.014361
/ndn/s6-site/s6/C2Data-4361-Type2;6003863.0000;TIMEOUT;1611609322.723328
/ndn/s12-site/s12/C2Data-5087-Type1;6002022.0000;TIMEOUT;1611609323.104380
/ndn/d5-site/d5/C2Data-2426-Type1;145585.0000;DATA;1611609342.614407
/ndn/v7-site/v7/C2Data-6298-Type2;73382.0000;DATA;1611609342.816333
/ndn/v1-site/v1/C2Data-5572-Type2;86071.0000;DATA;1611609343.566378
/ndn/h0-site/h0/C2Data-6-Type1;198082.0000;DATA;1611609344.345361
/ndn/d2-site/d2/C2Data-2063-Type2;48766.0000;DATA;1611609345.393450
/ndn/v12-site/v12/C2Data-6903-Type1;100725.0000;DATA;1611609348.929325
/ndn/s8-site/s8/C2Data-4604-Type1;6002546.0000;TIMEOUT;1611609343.761434
/ndn/d9-site/d9/C2Data-2910-Type2;70325.0000;DATA;1611609351.328319
/ndn/v4-site/v4/C2Data-5935-Type1;121542.0000;DATA;1611609352.301303
/ndn/h8-site/h8/C2Data-974-Type1;99948.0000;DATA;1611609353.444371
/ndn/s5-site/s5/C2Data-4241-Type2;6001525.0000;TIMEOUT;1611609351.697296
/ndn/s13-site/s13/C2Data-5209-Type1;6000244.0000;TIMEOUT;1611609351.992343
/ndn/v10-site/v10/C2Data-3358-Type3;47892.0000;DATA;1611609367.692315
/ndn/d11-site/d11/C2Data-3153-Type1;46410.0000;DATA;1611609374.146395
/ndn/d4-site/d4/C2Data-2306-Type2;96976.0000;DATA;1611609374.412307
/ndn/h10-site/h10/C2Data-613-Type3;94222.0000;DATA;1611609374.655381
/ndn/v13-site/v13/C2Data-3541-Type3;119412.0000;DATA;1611609374.709343
/ndn/v12-site/v12/C2Data-6904-Type2;93902.0000;DATA;1611609376.012391
/ndn/h12-site/h12/C2Data-735-Type3;189311.0000;DATA;1611609375.920301
/ndn/d5-site/d5/C2Data-2427-Type1;146512.0000;DATA;1611609376.918343
/ndn/d9-site/d9/C2Data-1467-Type3;73409.0000;DATA;1611609377.024290
/ndn/h12-site/h12/C2Data-1459-Type1;184231.0000;DATA;1611609377.334326
