/ndn/d2-site/d2/C2Data-1452-Type1;185502.0000;DATA;1612715359.131250
/ndn/d8-site/d8/C2Data-2178-Type1;128913.0000;DATA;1612715361.196846
/ndn/v5-site/v5/C2Data-4235-Type2;77542.0000;DATA;1612715361.389626
/ndn/s8-site/s8/C2Data-3388-Type1;26583.0000;DATA;1612715361.936366
/ndn/h1-site/h1/C2Data-121-Type1;53350.0000;DATA;1612715362.159062
/ndn/v8-site/v8/C2Data-4598-Type1;62394.0000;DATA;1612715362.593333
/ndn/h0-site/h0/C2Data-0-Type1;180453.0000;DATA;1612715364.064053
/ndn/s4-site/s4/C2Data-2904-Type1;3483.0000;DATA;1612715364.526478
/ndn/s4-site/s4/C2Data-2904-Type2;102857.0000;DATA;1612715365.303973
/ndn/v4-site/v4/C2Data-4114-Type1;77997.0000;DATA;1612715366.502543
/ndn/h4-site/h4/C2Data-484-Type2;70209.0000;DATA;1612715367.345252
/ndn/s3-site/s3/C2Data-2783-Type2;3758.0000;DATA;1612715368.206178
/ndn/v6-site/v6/C2Data-4356-Type1;1259.0000;DATA;1612715369.709614
/ndn/d6-site/d6/C2Data-1936-Type2;4170.0000;DATA;1612715370.085057
/ndn/s5-site/s5/C2Data-3025-Type2;24177.0000;DATA;1612715370.383281
/ndn/d6-site/d6/C2Data-976-Type3;161052.0000;DATA;1612715384.001204
/ndn/d9-site/d9/C2Data-2300-Type1;216234.0000;DATA;1612715388.574149
/ndn/d2-site/d2/C2Data-1453-Type1;175011.0000;DATA;1612715388.989628
/ndn/d4-site/d4/C2Data-854-Type3;158412.0000;DATA;1612715389.531645
/ndn/v9-site/v9/C2Data-2379-Type3;28116.0000;DATA;1612715390.056754
/ndn/d7-site/d7/C2Data-2058-Type1;86158.0000;DATA;1612715391.169602
/ndn/v5-site/v5/C2Data-4236-Type2;74179.0000;DATA;1612715392.272713
/ndn/d6-site/d6/C2Data-1937-Type2;72343.0000;DATA;1612715394.482623
/ndn/h1-site/h1/C2Data-122-Type1;75877.0000;DATA;1612715394.951898
/ndn/s4-site/s4/C2Data-2905-Type1;1166.0000;DATA;1612715395.615626
/ndn/v2-site/v2/C2Data-1952-Type3;55863.0000;DATA;1612715395.741841
/ndn/s1-site/s1/C2Data-2542-Type1;55431.0000;DATA;1612715396.085156
/ndn/h6-site/h6/C2Data-727-Type2;1114.0000;DATA;1612715397.855694
/ndn/h5-site/h5/C2Data-606-Type2;87282.0000;DATA;1612715397.884068
/ndn/v9-site/v9/C2Data-4720-Type1;180095.0000;DATA;1612715398.278633
/ndn/s1-site/s1/C2Data-2542-Type2;4065.0000;DATA;1612715398.513625
/ndn/v8-site/v8/C2Data-4599-Type1;48571.0000;DATA;1612715398.469934
/ndn/v6-site/v6/C2Data-4357-Type1;40547.0000;DATA;1612715398.726672
/ndn/s0-site/s0/C2Data-1220-Type3;2783.0000;DATA;1612715402.169140
/ndn/d7-site/d7/C2Data-2059-Type2;72929.0000;DATA;1612715419.047630
/ndn/v1-site/v1/C2Data-3753-Type1;73876.0000;DATA;1612715423.522598
/ndn/s1-site/s1/C2Data-2543-Type1;976.0000;DATA;1612715425.359405
/ndn/d5-site/d5/C2Data-1817-Type2;7533.0000;DATA;1612715426.018285
/ndn/s7-site/s7/C2Data-3269-Type2;96635.0000;DATA;1612715426.785632
/ndn/h9-site/h9/C2Data-1091-Type2;2691.0000;DATA;1612715428.693855
/ndn/d1-site/d1/C2Data-1333-Type1;53981.0000;DATA;1612715429.877729
/ndn/s3-site/s3/C2Data-1404-Type3;116890.0000;DATA;1612715445.757829
/ndn/s1-site/s1/C2Data-2544-Type1;49746.0000;DATA;1612715448.820213
/ndn/s7-site/s7/C2Data-1648-Type3;100130.0000;DATA;1612715449.135652
/ndn/s6-site/s6/C2Data-3149-Type2;201819.0000;DATA;1612715449.355596
/ndn/h4-site/h4/C2Data-487-Type2;72952.0000;DATA;1612715450.501689
/ndn/s4-site/s4/C2Data-2907-Type1;98953.0000;DATA;1612715450.681691
/ndn/h1-site/h1/C2Data-124-Type2;74459.0000;DATA;1612715450.756852
/ndn/h7-site/h7/C2Data-850-Type1;99519.0000;DATA;1612715450.790131
/ndn/v4-site/v4/C2Data-4117-Type1;76995.0000;DATA;1612715450.952652
/ndn/v0-site/v0/C2Data-3633-Type2;104754.0000;DATA;1612715451.015827
/ndn/h1-site/h1/C2Data-124-Type1;51936.0000;DATA;1612715453.531605
/ndn/d3-site/d3/C2Data-1576-Type1;819.0000;DATA;1612715453.769283
/ndn/d2-site/d2/C2Data-1455-Type1;99144.0000;DATA;1612715453.683824
/ndn/v7-site/v7/C2Data-4480-Type1;144053.0000;DATA;1612715455.267116
/ndn/v5-site/v5/C2Data-4238-Type2;500500.0000;DATA;1612715456.185740
/ndn/d8-site/d8/C2Data-2181-Type1;124938.0000;DATA;1612715458.368860
/ndn/h4-site/h4/C2Data-100-Type4;78860.0000;DATA;1612715458.899954
/ndn/v8-site/v8/C2Data-2319-Type3;986.0000;DATA;1612715460.779622
/ndn/h7-site/h7/C2Data-175-Type4;225273.0000;DATA;1612715466.338826
/ndn/d1-site/d1/C2Data-1335-Type2;58758.0000;DATA;1612715480.548597
/ndn/h6-site/h6/C2Data-150-Type4;1185.0000;DATA;1612715481.402608
/ndn/s9-site/s9/C2Data-3513-Type1;78495.0000;DATA;1612715485.141438
/ndn/v2-site/v2/C2Data-3876-Type2;1565.0000;DATA;1612715485.871733
/ndn/s5-site/s5/C2Data-3029-Type1;27288.0000;DATA;1612715485.923895
/ndn/d8-site/d8/C2Data-450-Type4;122729.0000;DATA;1612715486.251390
/ndn/d2-site/d2/C2Data-1456-Type1;181729.0000;DATA;1612715487.476568
/ndn/d1-site/d1/C2Data-275-Type4;1078.0000;DATA;1612715487.706263
/ndn/v6-site/v6/C2Data-650-Type4;772.0000;DATA;1612715493.163606
/ndn/s7-site/s7/C2Data-1649-Type3;147888.0000;DATA;1612715504.507644
/ndn/h7-site/h7/C2Data-429-Type3;123586.0000;DATA;1612715505.246548
/ndn/v8-site/v8/C2Data-4603-Type1;50391.0000;DATA;1612715509.066242
/ndn/d7-site/d7/C2Data-2062-Type1;84944.0000;DATA;1612715510.190634
/ndn/v4-site/v4/C2Data-2076-Type3;1037.0000;DATA;1612715510.431353
/ndn/v9-site/v9/C2Data-4724-Type1;32172.0000;DATA;1612715511.460380
/ndn/h4-site/h4/C2Data-489-Type1;82421.0000;DATA;1612715511.847740
/ndn/h9-site/h9/C2Data-551-Type3;1621.0000;DATA;1612715512.416476
/ndn/s3-site/s3/C2Data-1405-Type3;886.0000;DATA;1612715512.709289
/ndn/s6-site/s6/C2Data-3151-Type2;100593.0000;DATA;1612715514.341846
/ndn/v4-site/v4/C2Data-4119-Type2;1504.0000;DATA;1612715515.249629
/ndn/d4-site/d4/C2Data-856-Type3;49267.0000;DATA;1612715516.078796
/ndn/s2-site/s2/C2Data-1344-Type3;27336.0000;DATA;1612715517.117609
/ndn/d5-site/d5/C2Data-917-Type3;105172.0000;DATA;1612715517.291254
/ndn/h5-site/h5/C2Data-610-Type2;78335.0000;DATA;1612715517.565084
/ndn/d0-site/d0/C2Data-1215-Type1;131062.0000;DATA;1612715518.486809
/ndn/d0-site/d0/C2Data-612-Type3;963.0000;DATA;1612715520.213337
/ndn/v0-site/v0/C2Data-1832-Type3;2162.0000;DATA;1612715521.414638
/ndn/s8-site/s8/C2Data-1710-Type3;2336.0000;DATA;1612715523.214152
/ndn/h4-site/h4/C2Data-246-Type3;25084.0000;DATA;1612715523.838703
/ndn/s9-site/s9/C2Data-1771-Type3;4608.0000;DATA;1612715524.534779
/ndn/s8-site/s8/C2Data-3394-Type1;28351.0000;DATA;1612715542.253128
/ndn/d6-site/d6/C2Data-1942-Type1;84002.0000;DATA;1612715542.459814
/ndn/s9-site/s9/C2Data-3515-Type1;73142.0000;DATA;1612715544.659765
/ndn/v3-site/v3/C2Data-3999-Type1;53593.0000;DATA;1612715546.699641
/ndn/s3-site/s3/C2Data-2789-Type1;102768.0000;DATA;1612715547.014643
/ndn/v3-site/v3/C2Data-2016-Type3;239151.0000;DATA;1612715563.070717
/ndn/d0-site/d0/C2Data-613-Type3;152343.0000;DATA;1612715563.749652
/ndn/v2-site/v2/C2Data-1955-Type3;31845.0000;DATA;1612715564.147722
/ndn/v1-site/v1/C2Data-1894-Type3;80823.0000;DATA;1612715565.700686
/ndn/d1-site/d1/C2Data-674-Type3;58362.0000;DATA;1612715565.877315
/ndn/s6-site/s6/C2Data-1589-Type3;3114.0000;DATA;1612715566.854102
/ndn/v7-site/v7/C2Data-4484-Type2;166105.0000;DATA;1612715568.892738
/ndn/v1-site/v1/C2Data-3758-Type2;83247.0000;DATA;1612715569.013480
/ndn/s7-site/s7/C2Data-3274-Type1;179072.0000;DATA;1612715570.799176
/ndn/s4-site/s4/C2Data-2911-Type2;8967.0000;DATA;1612715574.972619
/ndn/h2-site/h2/C2Data-125-Type3;29548.0000;DATA;1612715574.947655
/ndn/h1-site/h1/C2Data-64-Type3;74287.0000;DATA;1612715575.053728
/ndn/d0-site/d0/C2Data-1217-Type2;129936.0000;DATA;1612715575.455631
/ndn/v5-site/v5/C2Data-2138-Type3;2525.0000;DATA;1612715575.840575
/ndn/v6-site/v6/C2Data-4363-Type2;1048.0000;DATA;1612715577.062038
/ndn/h4-site/h4/C2Data-491-Type2;76493.0000;DATA;1612715577.336681
/ndn/v2-site/v2/C2Data-3879-Type1;73384.0000;DATA;1612715578.733953
/ndn/d5-site/d5/C2Data-1822-Type2;158987.0000;DATA;1612715579.106055
/ndn/h6-site/h6/C2Data-369-Type3;80889.0000;DATA;1612715584.202601
/ndn/s8-site/s8/C2Data-3396-Type1;38290.0000;DATA;1612715598.569838
/ndn/h6-site/h6/C2Data-734-Type2;127548.0000;DATA;1612715600.832040
/ndn/s7-site/s7/C2Data-3275-Type1;102785.0000;DATA;1612715601.477769
/ndn/d5-site/d5/C2Data-1823-Type2;113545.0000;DATA;1612715602.469768
/ndn/h4-site/h4/C2Data-492-Type1;83129.0000;DATA;1612715604.263066
/ndn/s4-site/s4/C2Data-2912-Type1;1724.0000;DATA;1612715606.369486
/ndn/v2-site/v2/C2Data-3880-Type2;81659.0000;DATA;1612715607.202246
/ndn/d6-site/d6/C2Data-1944-Type1;1664.0000;DATA;1612715608.178816
/ndn/d9-site/d9/C2Data-2307-Type2;26165.0000;DATA;1612715609.626806
/ndn/s6-site/s6/C2Data-3154-Type1;183249.0000;DATA;1612715610.028294
/ndn/d5-site/d5/C2Data-919-Type3;192683.0000;DATA;1612715622.478163
/ndn/v0-site/v0/C2Data-1834-Type3;124250.0000;DATA;1612715623.012862
/ndn/s2-site/s2/C2Data-1346-Type3;1389.0000;DATA;1612715624.583800
/ndn/h6-site/h6/C2Data-78-Type5;52265.0000;DATA;1612715629.368778
/ndn/h7-site/h7/C2Data-91-Type5;79040.0000;DATA;1612715629.679385
/ndn/v3-site/v3/C2Data-4002-Type2;203793.0000;DATA;1612715630.213861
/ndn/s6-site/s6/C2Data-3155-Type1;205225.0000;DATA;1612715631.842129
/ndn/h6-site/h6/C2Data-370-Type3;74938.0000;DATA;1612715632.658426
/ndn/d8-site/d8/C2Data-2187-Type2;139140.0000;DATA;1612715632.786141
/ndn/v9-site/v9/C2Data-4728-Type2;24574.0000;DATA;1612715632.953850
/ndn/d4-site/d4/C2Data-182-Type5;73667.0000;DATA;1612715633.341190
/ndn/h8-site/h8/C2Data-104-Type5;75975.0000;DATA;1612715633.820646
/ndn/d5-site/d5/C2Data-1824-Type1;179821.0000;DATA;1612715633.822097
/ndn/s1-site/s1/C2Data-1285-Type3;1153.0000;DATA;1612715634.703878
/ndn/s4-site/s4/C2Data-1468-Type3;3145.0000;DATA;1612715635.274095
/ndn/d9-site/d9/C2Data-1163-Type3;1240.0000;DATA;1612715635.901710
/ndn/v4-site/v4/C2Data-2078-Type3;124192.0000;DATA;1612715635.969607
/ndn/v8-site/v8/C2Data-701-Type4;26065.0000;DATA;1612715637.127420
/ndn/h1-site/h1/C2Data-130-Type2;75621.0000;DATA;1612715637.475219
/ndn/s3-site/s3/C2Data-2792-Type1;96000.0000;DATA;1612715638.338769
/ndn/v8-site/v8/C2Data-2322-Type3;2694.0000;DATA;1612715638.892900
/ndn/d3-site/d3/C2Data-326-Type4;1306.0000;DATA;1612715639.227657
/ndn/d1-site/d1/C2Data-675-Type3;971.0000;DATA;1612715639.776619
/ndn/s7-site/s7/C2Data-1651-Type3;98352.0000;DATA;1612715639.889215
/ndn/h4-site/h4/C2Data-101-Type4;111623.0000;DATA;1612715641.715930
/ndn/v1-site/v1/C2Data-1895-Type3;84677.0000;DATA;1612715643.182168
/ndn/v0-site/v0/C2Data-501-Type4;5984.0000;DATA;1612715649.918239
/ndn/d2-site/d2/C2Data-156-Type5;104871.0000;DATA;1612715659.535714
/ndn/v4-site/v4/C2Data-4124-Type1;112039.0000;DATA;1612715659.864987
/ndn/h9-site/h9/C2Data-1099-Type1;104498.0000;DATA;1612715661.238902
/ndn/s0-site/s0/C2Data-2430-Type1;1052.0000;DATA;1612715661.560225
/ndn/s4-site/s4/C2Data-2914-Type1;102824.0000;DATA;1612715661.448161
/ndn/s2-site/s2/C2Data-2672-Type2;858.0000;DATA;1612715662.468775
/ndn/s8-site/s8/C2Data-3398-Type1;1975.0000;DATA;1612715666.411130
/ndn/s8-site/s8/C2Data-3398-Type2;1161.0000;DATA;1612715668.233305
/ndn/h9-site/h9/C2Data-1099-Type2;90746.0000;DATA;1612715668.781455
/ndn/s9-site/s9/C2Data-3519-Type2;73541.0000;DATA;1612715669.334747
/ndn/d0-site/d0/C2Data-615-Type3;218374.0000;DATA;1612715683.620306
/ndn/d5-site/d5/C2Data-920-Type3;192762.0000;DATA;1612715685.541126
/ndn/v1-site/v1/C2Data-1896-Type3;48855.0000;DATA;1612715685.892611
/ndn/d9-site/d9/C2Data-247-Type5;5114.0000;DATA;1612715687.107791
/ndn/v6-site/v6/C2Data-2201-Type3;25862.0000;DATA;1612715687.112458
/ndn/v6-site/v6/C2Data-4367-Type2;24887.0000;DATA;1612715689.674649
/ndn/s4-site/s4/C2Data-1469-Type3;110867.0000;DATA;1612715689.620615
/ndn/v0-site/v0/C2Data-3641-Type1;96364.0000;DATA;1612715689.869546
/ndn/h4-site/h4/C2Data-249-Type3;83599.0000;DATA;1612715690.608584
/ndn/s0-site/s0/C2Data-2431-Type2;936.0000;DATA;1612715692.596804
/ndn/s7-site/s7/C2Data-3278-Type2;60687.0000;DATA;1612715692.996168
/ndn/h5-site/h5/C2Data-616-Type2;55574.0000;DATA;1612715694.027907
/ndn/h6-site/h6/C2Data-737-Type1;846.0000;DATA;1612715694.176258
/ndn/s2-site/s2/C2Data-1347-Type3;1107.0000;DATA;1612715694.954391
/ndn/s6-site/s6/C2Data-3157-Type2;183262.0000;DATA;1612715697.069745
/ndn/s4-site/s4/C2Data-2916-Type2;111021.0000;DATA;1612715719.114625
/ndn/v2-site/v2/C2Data-3884-Type1;84090.0000;DATA;1612715720.619035
/ndn/d5-site/d5/C2Data-1827-Type1;1022.0000;DATA;1612715721.614363
/ndn/h5-site/h5/C2Data-617-Type2;48248.0000;DATA;1612715722.060153
/ndn/v9-site/v9/C2Data-4731-Type1;222838.0000;DATA;1612715722.452918
/ndn/h7-site/h7/C2Data-859-Type2;129709.0000;DATA;1612715723.737077
/ndn/s0-site/s0/C2Data-2432-Type1;1080.0000;DATA;1612715724.820175
/ndn/s7-site/s7/C2Data-3279-Type1;6000853.0000;TIMEOUT;1612715721.776046
/ndn/d6-site/d6/C2Data-1948-Type1;50105.0000;DATA;1612715729.357791
/ndn/v6-site/v6/C2Data-4368-Type2;1896.0000;DATA;1612715730.144829
/ndn/v0-site/v0/C2Data-1836-Type3;106314.0000;DATA;1612715744.606252
/ndn/h9-site/h9/C2Data-1102-Type1;96345.0000;DATA;1612715749.040380
/ndn/h0-site/h0/C2Data-13-Type1;50201.0000;DATA;1612715749.772792
/ndn/h9-site/h9/C2Data-555-Type3;1286.0000;DATA;1612715750.474269
/ndn/d8-site/d8/C2Data-2191-Type2;51261.0000;DATA;1612715750.893729
/ndn/h1-site/h1/C2Data-134-Type1;1461.0000;DATA;1612715751.495681
/ndn/v9-site/v9/C2Data-2385-Type3;72806.0000;DATA;1612715752.370501
/ndn/s9-site/s9/C2Data-1775-Type3;6001218.0000;TIMEOUT;1612715746.747073
/ndn/s6-site/s6/C2Data-1592-Type3;6005205.0000;TIMEOUT;1612715746.966078
/ndn/v7-site/v7/C2Data-2263-Type3;116229.0000;DATA;1612715753.038337
/ndn/d8-site/d8/C2Data-2191-Type1;123656.0000;DATA;1612715757.462767
/ndn/d0-site/d0/C2Data-1223-Type2;36997.0000;DATA;1612715759.681575
/ndn/s7-site/s7/C2Data-1653-Type3;6002474.0000;TIMEOUT;1612715755.497748
/ndn/d0-site/d0/C2Data-616-Type3;957.0000;DATA;1612715763.547745
/ndn/s2-site/s2/C2Data-2675-Type2;6001213.0000;TIMEOUT;1612715758.361774
/ndn/h4-site/h4/C2Data-102-Type4;72448.0000;DATA;1612715765.486679
/ndn/d6-site/d6/C2Data-402-Type4;81912.0000;DATA;1612715768.891580
/ndn/h2-site/h2/C2Data-256-Type1;55956.0000;DATA;1612715779.614382
/ndn/v5-site/v5/C2Data-627-Type4;3270.0000;DATA;1612715780.485379
/ndn/d8-site/d8/C2Data-2192-Type1;125847.0000;DATA;1612715784.285795
/ndn/d2-site/d2/C2Data-302-Type4;903.0000;DATA;1612715784.557398
/ndn/d4-site/d4/C2Data-1708-Type1;153071.0000;DATA;1612715784.756568
/ndn/d8-site/d8/C2Data-452-Type4;58931.0000;DATA;1612715786.152533
/ndn/d0-site/d0/C2Data-1224-Type1;120159.0000;DATA;1612715789.269931
/ndn/v8-site/v8/C2Data-4612-Type2;55798.0000;DATA;1612715789.634603
/ndn/h0-site/h0/C2Data-2-Type4;170149.0000;DATA;1612715793.572541
/ndn/s6-site/s6/C2Data-3160-Type2;6001428.0000;TIMEOUT;1612715790.007131
/ndn/v8-site/v8/C2Data-702-Type4;1002.0000;DATA;1612715797.997688
/ndn/d3-site/d3/C2Data-327-Type4;1157.0000;DATA;1612715800.827701
/ndn/d7-site/d7/C2Data-427-Type4;346927.0000;DATA;1612715802.242714
/ndn/h4-site/h4/C2Data-251-Type3;90245.0000;DATA;1612715805.450362
/ndn/h2-site/h2/C2Data-129-Type3;507964.0000;DATA;1612715805.557780
/ndn/v9-site/v9/C2Data-727-Type4;8313.0000;DATA;1612715806.235379
/ndn/v2-site/v2/C2Data-1959-Type3;82538.0000;DATA;1612715808.617359
/ndn/d6-site/d6/C2Data-983-Type3;121351.0000;DATA;1612715808.739799
/ndn/d4-site/d4/C2Data-861-Type3;155609.0000;DATA;1612715809.310119
/ndn/d6-site/d6/C2Data-1951-Type1;73591.0000;DATA;1612715813.932294
/ndn/v3-site/v3/C2Data-2020-Type3;53096.0000;DATA;1612715814.956296
/ndn/d1-site/d1/C2Data-1346-Type1;51254.0000;DATA;1612715816.526967
/ndn/d4-site/d4/C2Data-1709-Type1;138824.0000;DATA;1612715818.114638
/ndn/v5-site/v5/C2Data-4250-Type1;72151.0000;DATA;1612715818.866836
/ndn/s7-site/s7/C2Data-3282-Type2;6002588.0000;TIMEOUT;1612715813.418619
/ndn/s1-site/s1/C2Data-1288-Type3;6001948.0000;TIMEOUT;1612715823.859676
/ndn/s5-site/s5/C2Data-1532-Type3;6043889.0000;TIMEOUT;1612715825.646252
/ndn/v6-site/v6/C2Data-4372-Type1;1172.0000;DATA;1612715840.496807
/ndn/d3-site/d3/C2Data-1589-Type1;843.0000;DATA;1612715840.816076
/ndn/h2-site/h2/C2Data-258-Type2;26988.0000;DATA;1612715842.998756
/ndn/v4-site/v4/C2Data-4130-Type1;109899.0000;DATA;1612715844.723364
/ndn/d4-site/d4/C2Data-98-Type6;103216.0000;DATA;1612715846.544495
/ndn/d2-site/d2/C2Data-1468-Type1;170747.0000;DATA;1612715848.386428
/ndn/s7-site/s7/C2Data-3283-Type2;6001264.0000;TIMEOUT;1612715849.357857
/ndn/v4-site/v4/C2Data-2082-Type3;1736.0000;DATA;1612715866.535835
/ndn/h9-site/h9/C2Data-1106-Type2;99420.0000;DATA;1612715869.055196
/ndn/d8-site/d8/C2Data-1106-Type3;2757.0000;DATA;1612715871.103985
/ndn/d3-site/d3/C2Data-1590-Type1;75357.0000;DATA;1612715871.239475
/ndn/h8-site/h8/C2Data-985-Type2;139616.0000;DATA;1612715874.045880
/ndn/d5-site/d5/C2Data-923-Type3;169735.0000;DATA;1612715874.946914
/ndn/s2-site/s2/C2Data-2679-Type1;6002300.0000;TIMEOUT;1612715870.586242
/ndn/v4-site/v4/C2Data-4131-Type2;2334.0000;DATA;1612715876.811061
/ndn/h4-site/h4/C2Data-252-Type3;73114.0000;DATA;1612715877.548782
/ndn/d0-site/d0/C2Data-131-Type5;148194.0000;DATA;1612715877.776796
/ndn/s9-site/s9/C2Data-3526-Type2;6001805.0000;TIMEOUT;1612715872.226134
/ndn/d3-site/d3/C2Data-1590-Type2;834.0000;DATA;1612715879.661819
/ndn/s3-site/s3/C2Data-1411-Type3;6000593.0000;TIMEOUT;1612715874.859715
/ndn/s0-site/s0/C2Data-2437-Type1;6000576.0000;TIMEOUT;1612715875.247780
/ndn/h6-site/h6/C2Data-374-Type3;105188.0000;DATA;1612715885.374882
/ndn/v7-site/v7/C2Data-189-Type6;2563.0000;DATA;1612715888.884435
/ndn/v9-site/v9/C2Data-4737-Type2;152752.0000;DATA;1612715898.558069
/ndn/v1-site/v1/C2Data-3769-Type2;52355.0000;DATA;1612715903.418484
/ndn/h6-site/h6/C2Data-744-Type2;125898.0000;DATA;1612715903.431022
/ndn/d3-site/d3/C2Data-91-Type6;30530.0000;DATA;1612715903.672261
/ndn/d8-site/d8/C2Data-2196-Type2;85415.0000;DATA;1612715904.565275
/ndn/s7-site/s7/C2Data-3285-Type2;6000774.0000;TIMEOUT;1612715898.754633
/ndn/v0-site/v0/C2Data-3648-Type2;2119.0000;DATA;1612715906.125193
/ndn/v4-site/v4/C2Data-4132-Type2;993.0000;DATA;1612715906.677806
/ndn/v3-site/v3/C2Data-4011-Type1;75396.0000;DATA;1612715908.833369
/ndn/h9-site/h9/C2Data-228-Type4;100210.0000;DATA;1612715909.515445
/ndn/h5-site/h5/C2Data-623-Type2;74978.0000;DATA;1612715909.555597
/ndn/v9-site/v9/C2Data-728-Type4;154146.0000;DATA;1612715910.722096
/ndn/d0-site/d0/C2Data-253-Type4;198125.0000;DATA;1612715918.171572
/ndn/h4-site/h4/C2Data-253-Type3;83674.0000;DATA;1612715923.506705
/ndn/d9-site/d9/C2Data-478-Type4;4695.0000;DATA;1612715926.078451
/ndn/h5-site/h5/C2Data-314-Type3;957.0000;DATA;1612715928.757410
/ndn/d4-site/d4/C2Data-1713-Type2;129220.0000;DATA;1612715929.486052
/ndn/h6-site/h6/C2Data-375-Type3;73840.0000;DATA;1612715930.584580
/ndn/v8-site/v8/C2Data-4617-Type1;3023.0000;DATA;1612715932.405862
/ndn/v8-site/v8/C2Data-2327-Type3;889.0000;DATA;1612715932.451963
/ndn/h5-site/h5/C2Data-35-Type6;74115.0000;DATA;1612715933.492380
/ndn/h0-site/h0/C2Data-19-Type2;152870.0000;DATA;1612715933.590560
/ndn/s9-site/s9/C2Data-3528-Type1;6001413.0000;TIMEOUT;1612715928.467870
