/ndn/h1-site/h1/C2Data-121-Type1;27223.0000;DATA;1612147688.975869
/ndn/h0-site/h0/C2Data-0-Type2;164850.0000;DATA;1612147689.491751
/ndn/s3-site/s3/C2Data-2783-Type2;126075.0000;DATA;1612147690.526222
/ndn/s2-site/s2/C2Data-2662-Type2;25115.0000;DATA;1612147693.598269
/ndn/d1-site/d1/C2Data-1331-Type2;96604.0000;DATA;1612147693.573168
/ndn/v7-site/v7/C2Data-4477-Type1;106466.0000;DATA;1612147695.972488
/ndn/s6-site/s6/C2Data-3146-Type2;122916.0000;DATA;1612147696.085716
/ndn/s4-site/s4/C2Data-2904-Type2;161160.0000;DATA;1612147697.908138
/ndn/v6-site/v6/C2Data-4356-Type2;73671.0000;DATA;1612147698.129612
/ndn/s7-site/s7/C2Data-3267-Type1;123588.0000;DATA;1612147699.236152
/ndn/s9-site/s9/C2Data-1769-Type3;175494.0000;DATA;1612147718.852473
/ndn/v1-site/v1/C2Data-3752-Type1;24943.0000;DATA;1612147719.628293
/ndn/s2-site/s2/C2Data-2663-Type1;27817.0000;DATA;1612147719.647113
/ndn/d6-site/d6/C2Data-1937-Type1;95212.0000;DATA;1612147722.698092
/ndn/v7-site/v7/C2Data-2257-Type3;101897.0000;DATA;1612147722.807308
/ndn/s3-site/s3/C2Data-2784-Type2;123584.0000;DATA;1612147727.522421
/ndn/d0-site/d0/C2Data-1211-Type1;99050.0000;DATA;1612147728.967329
/ndn/s5-site/s5/C2Data-3026-Type1;50126.0000;DATA;1612147729.388529
/ndn/h1-site/h1/C2Data-122-Type1;32003.0000;DATA;1612147729.444577
/ndn/v5-site/v5/C2Data-4236-Type2;168545.0000;DATA;1612147730.738394
/ndn/v6-site/v6/C2Data-2196-Type3;90347.0000;DATA;1612147733.418751
/ndn/s7-site/s7/C2Data-1647-Type3;172762.0000;DATA;1612147735.800047
/ndn/d1-site/d1/C2Data-1333-Type1;96856.0000;DATA;1612147750.421808
/ndn/s6-site/s6/C2Data-3148-Type2;119260.0000;DATA;1612147750.471426
/ndn/d7-site/d7/C2Data-2059-Type1;125421.0000;DATA;1612147752.429736
/ndn/v6-site/v6/C2Data-4358-Type2;75858.0000;DATA;1612147753.405149
/ndn/h3-site/h3/C2Data-365-Type2;50101.0000;DATA;1612147756.376413
/ndn/h4-site/h4/C2Data-486-Type1;25291.0000;DATA;1612147757.181061
/ndn/h5-site/h5/C2Data-607-Type1;35027.0000;DATA;1612147758.067455
/ndn/s1-site/s1/C2Data-2543-Type1;102706.0000;DATA;1612147758.702826
/ndn/d4-site/d4/C2Data-1696-Type2;80533.0000;DATA;1612147759.909749
/ndn/d2-site/d2/C2Data-733-Type3;138924.0000;DATA;1612147773.561573
/ndn/d3-site/d3/C2Data-794-Type3;127627.0000;DATA;1612147777.443949
/ndn/h5-site/h5/C2Data-608-Type1;26916.0000;DATA;1612147780.636515
/ndn/s0-site/s0/C2Data-2423-Type2;75383.0000;DATA;1612147781.150860
/ndn/v0-site/v0/C2Data-3633-Type2;55741.0000;DATA;1612147781.422418
/ndn/d0-site/d0/C2Data-1213-Type2;97572.0000;DATA;1612147783.482044
