/ndn/v7-site/v7/C2Data-6292-Type2;168093.0000;DATA;1611607423.503941
/ndn/v11-site/v11/C2Data-6776-Type1;963.0000;NACK;1611607423.929652
/ndn/d11-site/d11/C2Data-3146-Type1;151328.0000;DATA;1611607425.175353
/ndn/s6-site/s6/C2Data-4356-Type2;26457.0000;DATA;1611607426.140510
/ndn/h3-site/h3/C2Data-363-Type1;175368.0000;DATA;1611607427.145302
/ndn/s0-site/s0/C2Data-3630-Type2;25177.0000;DATA;1611607427.963560
/ndn/d9-site/d9/C2Data-2904-Type2;78604.0000;DATA;1611607430.391358
/ndn/v1-site/v1/C2Data-5566-Type2;79534.0000;DATA;1611607431.568446
/ndn/v11-site/v11/C2Data-3416-Type3;581.0000;NACK;1611607444.962371
/ndn/h4-site/h4/C2Data-244-Type3;73969.0000;DATA;1611607446.308372
/ndn/d10-site/d10/C2Data-1525-Type3;70218.0000;DATA;1611607449.125343
/ndn/v9-site/v9/C2Data-6535-Type2;409.0000;NACK;1611607450.292375
/ndn/d12-site/d12/C2Data-3268-Type2;119269.0000;DATA;1611607450.840263
/ndn/s5-site/s5/C2Data-4236-Type2;69936.0000;DATA;1611607453.430354
/ndn/v9-site/v9/C2Data-3294-Type3;430.0000;NACK;1611607453.612349
/ndn/s10-site/s10/C2Data-4841-Type2;191571.0000;DATA;1611607453.749372
/ndn/s7-site/s7/C2Data-4478-Type2;71463.0000;DATA;1611607453.879373
/ndn/d2-site/d2/C2Data-2058-Type2;143956.0000;DATA;1611607453.847396
/ndn/d1-site/d1/C2Data-976-Type3;46934.0000;DATA;1611607456.024972
/ndn/d9-site/d9/C2Data-2905-Type2;71599.0000;DATA;1611607456.367314
/ndn/s13-site/s13/C2Data-2623-Type3;389.0000;NACK;1611607456.611408
/ndn/v3-site/v3/C2Data-2928-Type3;73539.0000;DATA;1611607456.950280
/ndn/v5-site/v5/C2Data-3050-Type3;74846.0000;DATA;1611607457.249395
/ndn/h11-site/h11/C2Data-1332-Type2;141498.0000;DATA;1611607457.982363
/ndn/v8-site/v8/C2Data-3233-Type3;434.0000;NACK;1611607460.171282
/ndn/d5-site/d5/C2Data-1220-Type3;24060.0000;DATA;1611607460.417367
/ndn/h3-site/h3/C2Data-183-Type3;53506.0000;DATA;1611607463.682259
/ndn/v7-site/v7/C2Data-3172-Type3;46477.0000;DATA;1611607464.839333
/ndn/v12-site/v12/C2Data-3477-Type3;607.0000;NACK;1611607464.987350
/ndn/h12-site/h12/C2Data-732-Type3;24249.0000;DATA;1611607465.822336
/ndn/h13-site/h13/C2Data-1575-Type1;145525.0000;DATA;1611607480.459360
/ndn/h0-site/h0/C2Data-2-Type2;167313.0000;DATA;1611607480.537290
/ndn/v2-site/v2/C2Data-5689-Type1;46604.0000;DATA;1611607481.280314
/ndn/s8-site/s8/C2Data-4600-Type1;172745.0000;DATA;1611607481.352345
/ndn/v2-site/v2/C2Data-5689-Type2;50479.0000;DATA;1611607481.861280
/ndn/h3-site/h3/C2Data-365-Type1;122380.0000;DATA;1611607482.031381
/ndn/v9-site/v9/C2Data-6536-Type2;142872.0000;DATA;1611607483.056297
/ndn/d12-site/d12/C2Data-3269-Type1;47880.0000;DATA;1611607483.726269
/ndn/v1-site/v1/C2Data-5568-Type1;160244.0000;DATA;1611607483.845295
/ndn/d9-site/d9/C2Data-2906-Type1;69020.0000;DATA;1611607484.518486
/ndn/d6-site/d6/C2Data-2543-Type1;23464.0000;DATA;1611607485.045302
/ndn/v4-site/v4/C2Data-5931-Type2;122536.0000;DATA;1611607485.503320
/ndn/s0-site/s0/C2Data-3632-Type1;23724.0000;DATA;1611607489.043324
/ndn/s6-site/s6/C2Data-4358-Type1;23471.0000;DATA;1611607490.488364
/ndn/s14-site/s14/C2Data-5326-Type2;148674.0000;DATA;1611607491.472313
/ndn/v8-site/v8/C2Data-6415-Type1;95173.0000;DATA;1611607491.743355
/ndn/v3-site/v3/C2Data-2929-Type3;99853.0000;DATA;1611607510.092368
/ndn/s0-site/s0/C2Data-1831-Type3;24380.0000;DATA;1611607510.756291
/ndn/h11-site/h11/C2Data-1334-Type1;145262.0000;DATA;1611607511.100366
/ndn/v11-site/v11/C2Data-3417-Type3;186247.0000;DATA;1611607511.823379
/ndn/s6-site/s6/C2Data-4359-Type1;24536.0000;DATA;1611607512.451346
/ndn/s12-site/s12/C2Data-5085-Type1;142068.0000;DATA;1611607512.518339
/ndn/v3-site/v3/C2Data-5811-Type1;139609.0000;DATA;1611607513.227337
/ndn/h4-site/h4/C2Data-245-Type3;70234.0000;DATA;1611607513.327412
/ndn/v11-site/v11/C2Data-6779-Type1;162796.0000;DATA;1611607513.453378
/ndn/v1-site/v1/C2Data-5569-Type1;70219.0000;DATA;1611607514.487303
/ndn/s14-site/s14/C2Data-5327-Type1;220038.0000;DATA;1611607517.131962
/ndn/s2-site/s2/C2Data-1953-Type3;23220.0000;DATA;1611607517.484528
/ndn/h2-site/h2/C2Data-123-Type3;96325.0000;DATA;1611607517.633354
/ndn/v12-site/v12/C2Data-3478-Type3;46300.0000;DATA;1611607519.002346
/ndn/h5-site/h5/C2Data-608-Type2;28072.0000;DATA;1611607519.753318
/ndn/s14-site/s14/C2Data-5327-Type2;147696.0000;DATA;1611607520.089451
/ndn/d9-site/d9/C2Data-1465-Type3;47579.0000;DATA;1611607520.531441
/ndn/h7-site/h7/C2Data-428-Type3;23827.0000;DATA;1611607522.286313
/ndn/d0-site/d0/C2Data-916-Type3;50353.0000;DATA;1611607522.580392
/ndn/v6-site/v6/C2Data-900-Type4;191383.0000;DATA;1611607523.725322
/ndn/s7-site/s7/C2Data-2258-Type3;104848.0000;DATA;1611607527.077392
/ndn/d9-site/d9/C2Data-600-Type4;75774.0000;DATA;1611607536.087288
/ndn/v5-site/v5/C2Data-875-Type4;75273.0000;DATA;1611607538.766713
/ndn/h13-site/h13/C2Data-1577-Type2;140775.0000;DATA;1611607540.472349
/ndn/h2-site/h2/C2Data-246-Type1;255618.0000;DATA;1611607540.384265
/ndn/d6-site/d6/C2Data-2545-Type1;23681.0000;DATA;1611607542.581319
/ndn/h8-site/h8/C2Data-972-Type2;46748.0000;DATA;1611607543.704289
/ndn/d3-site/d3/C2Data-2182-Type2;49535.0000;DATA;1611607544.259346
/ndn/s13-site/s13/C2Data-5207-Type2;101197.0000;DATA;1611607547.109277
/ndn/v8-site/v8/C2Data-6417-Type2;73514.0000;DATA;1611607548.345370
/ndn/d4-site/d4/C2Data-475-Type4;148404.0000;DATA;1611607548.674350
/ndn/s5-site/s5/C2Data-4239-Type2;73894.0000;DATA;1611607549.536321
/ndn/h10-site/h10/C2Data-1214-Type2;49270.0000;DATA;1611607551.172280
/ndn/h1-site/h1/C2Data-25-Type4;99727.0000;DATA;1611607555.667367
/ndn/h6-site/h6/C2Data-150-Type4;26346.0000;DATA;1611607556.510359
/ndn/h14-site/h14/C2Data-350-Type4;99474.0000;DATA;1611607557.224000
/ndn/h10-site/h10/C2Data-250-Type4;52429.0000;DATA;1611607557.863321
/ndn/v1-site/v1/C2Data-775-Type4;68860.0000;DATA;1611607562.362360
/ndn/d14-site/d14/C2Data-1771-Type3;210420.0000;DATA;1611607564.336313
/ndn/h7-site/h7/C2Data-429-Type3;198744.0000;DATA;1611607564.971281
/ndn/v6-site/v6/C2Data-3113-Type3;70410.0000;DATA;1611607570.064324
/ndn/d3-site/d3/C2Data-2183-Type1;49491.0000;DATA;1611607570.179424
/ndn/h10-site/h10/C2Data-612-Type3;46300.0000;DATA;1611607571.282300
/ndn/s12-site/s12/C2Data-5087-Type1;23525.0000;DATA;1611607572.074286
/ndn/s10-site/s10/C2Data-4845-Type2;244705.0000;DATA;1611607572.194346
/ndn/v11-site/v11/C2Data-6781-Type1;195668.0000;DATA;1611607572.265372
/ndn/d8-site/d8/C2Data-1405-Type3;73116.0000;DATA;1611607572.614367
/ndn/h3-site/h3/C2Data-368-Type2;47527.0000;DATA;1611607572.966390
/ndn/v3-site/v3/C2Data-5813-Type2;99983.0000;DATA;1611607573.251273
/ndn/s5-site/s5/C2Data-4240-Type1;96524.0000;DATA;1611607573.439395
/ndn/v2-site/v2/C2Data-2869-Type3;47304.0000;DATA;1611607573.781591
/ndn/v2-site/v2/C2Data-5692-Type2;46931.0000;DATA;1611607573.857336
/ndn/h9-site/h9/C2Data-1094-Type1;72723.0000;DATA;1611607575.239379
/ndn/v12-site/v12/C2Data-6902-Type2;119416.0000;DATA;1611607577.784302
/ndn/v8-site/v8/C2Data-6418-Type1;173182.0000;DATA;1611607578.382325
/ndn/s13-site/s13/C2Data-5208-Type1;148664.0000;DATA;1611607580.083359
/ndn/v10-site/v10/C2Data-6660-Type2;46545.0000;DATA;1611607580.440284
/ndn/h7-site/h7/C2Data-852-Type1;47524.0000;DATA;1611607580.674303
/ndn/v13-site/v13/C2Data-3540-Type3;171853.0000;DATA;1611607582.276370
/ndn/d13-site/d13/C2Data-1710-Type3;49114.0000;DATA;1611607583.150275
/ndn/d11-site/d11/C2Data-1588-Type3;51063.0000;DATA;1611607587.081305
/ndn/d14-site/d14/C2Data-3515-Type1;220479.0000;DATA;1611607600.397316
/ndn/v4-site/v4/C2Data-5935-Type2;224131.0000;DATA;1611607601.630373
/ndn/d10-site/d10/C2Data-3031-Type1;74466.0000;DATA;1611607602.885404
/ndn/h3-site/h3/C2Data-369-Type2;175667.0000;DATA;1611607604.866364
/ndn/d1-site/d1/C2Data-1942-Type1;137678.0000;DATA;1611607605.327373
/ndn/v7-site/v7/C2Data-6298-Type1;123335.0000;DATA;1611607605.510321
/ndn/s11-site/s11/C2Data-4967-Type1;192165.0000;DATA;1611607605.563364
/ndn/s4-site/s4/C2Data-4120-Type2;23180.0000;DATA;1611607606.576361
/ndn/h9-site/h9/C2Data-1095-Type1;70841.0000;DATA;1611607607.006425
/ndn/h8-site/h8/C2Data-974-Type1;47500.0000;DATA;1611607609.577314
/ndn/h3-site/h3/C2Data-369-Type1;173926.0000;DATA;1611607611.379357
/ndn/s13-site/s13/C2Data-5209-Type2;75602.0000;DATA;1611607611.798383
/ndn/h2-site/h2/C2Data-248-Type2;48204.0000;DATA;1611607611.851317
/ndn/v14-site/v14/C2Data-3602-Type3;129114.0000;DATA;1611607624.765372
/ndn/d9-site/d9/C2Data-1467-Type3;69434.0000;DATA;1611607626.858384
/ndn/s11-site/s11/C2Data-4968-Type1;186282.0000;DATA;1611607630.419367
/ndn/v8-site/v8/C2Data-3236-Type3;68947.0000;DATA;1611607630.959275
/ndn/s2-site/s2/C2Data-3879-Type2;23561.0000;DATA;1611607631.370351
/ndn/s14-site/s14/C2Data-5331-Type1;144354.0000;DATA;1611607632.762365
/ndn/h6-site/h6/C2Data-733-Type1;72518.0000;DATA;1611607634.777320
/ndn/d14-site/d14/C2Data-1772-Type3;138151.0000;DATA;1611607635.042386
