/ndn/s3-site/s3/C2Data-3993-Type2;143054.0000;DATA;1611606255.101761
/ndn/h3-site/h3/C2Data-363-Type2;124737.0000;DATA;1611606257.388451
/ndn/h2-site/h2/C2Data-242-Type2;244797.0000;DATA;1611606258.007763
/ndn/h8-site/h8/C2Data-968-Type1;24018.0000;DATA;1611606258.772934
/ndn/v2-site/v2/C2Data-5687-Type2;47504.0000;DATA;1611606258.947792
/ndn/v3-site/v3/C2Data-5808-Type2;95116.0000;DATA;1611606259.830761
/ndn/h10-site/h10/C2Data-1210-Type2;72491.0000;DATA;1611606261.406688
/ndn/v6-site/v6/C2Data-6171-Type2;142577.0000;DATA;1611606262.959881
/ndn/s2-site/s2/C2Data-3872-Type1;120071.0000;DATA;1611606263.642718
/ndn/h10-site/h10/C2Data-1210-Type1;73217.0000;DATA;1611606265.450735
/ndn/h14-site/h14/C2Data-1694-Type2;170019.0000;DATA;1611606265.376828
/ndn/s6-site/s6/C2Data-2196-Type3;72330.0000;DATA;1611606278.405972
/ndn/s0-site/s0/C2Data-1830-Type3;55947.0000;DATA;1611606279.637743
/ndn/d0-site/d0/C2Data-915-Type3;77590.0000;DATA;1611606280.743690
/ndn/d2-site/d2/C2Data-1037-Type3;103033.0000;DATA;1611606282.425737
/ndn/v12-site/v12/C2Data-3477-Type3;143688.0000;DATA;1611606283.972792
/ndn/h8-site/h8/C2Data-969-Type1;25494.0000;DATA;1611606285.686791
/ndn/v14-site/v14/C2Data-7140-Type1;77138.0000;DATA;1611606286.719852
/ndn/v9-site/v9/C2Data-3294-Type3;116192.0000;DATA;1611606286.789327
/ndn/s7-site/s7/C2Data-4478-Type2;186802.0000;DATA;1611606286.771790
/ndn/h4-site/h4/C2Data-485-Type1;96468.0000;DATA;1611606287.368745
/ndn/v1-site/v1/C2Data-5567-Type1;145154.0000;DATA;1611606287.799685
/ndn/s14-site/s14/C2Data-5325-Type1;165775.0000;DATA;1611606288.124759
/ndn/s12-site/s12/C2Data-5083-Type2;154008.0000;DATA;1611606289.524764
/ndn/h7-site/h7/C2Data-427-Type3;142100.0000;DATA;1611606289.892796
/ndn/s11-site/s11/C2Data-2501-Type3;143913.0000;DATA;1611606289.920763
/ndn/d8-site/d8/C2Data-2784-Type1;94115.0000;DATA;1611606290.100764
/ndn/d13-site/d13/C2Data-3389-Type1;139929.0000;DATA;1611606291.071940
/ndn/v8-site/v8/C2Data-3233-Type3;117677.0000;DATA;1611606292.862782
/ndn/h4-site/h4/C2Data-244-Type3;92966.0000;DATA;1611606292.997846
/ndn/h12-site/h12/C2Data-1453-Type1;208136.0000;DATA;1611606292.900826
/ndn/v7-site/v7/C2Data-6293-Type1;121448.0000;DATA;1611606293.639799
/ndn/s14-site/s14/C2Data-5325-Type2;167401.0000;DATA;1611606293.968780
/ndn/h7-site/h7/C2Data-848-Type1;141349.0000;DATA;1611606294.269872
/ndn/h3-site/h3/C2Data-364-Type2;118187.0000;DATA;1611606294.315685
/ndn/d5-site/d5/C2Data-1220-Type3;72032.0000;DATA;1611606295.093813
/ndn/s14-site/s14/C2Data-2684-Type3;170215.0000;DATA;1611606295.109733
/ndn/v1-site/v1/C2Data-5567-Type2;149303.0000;DATA;1611606295.960762
/ndn/v6-site/v6/C2Data-3111-Type3;145746.0000;DATA;1611606298.405756
/ndn/v14-site/v14/C2Data-3599-Type3;72832.0000;DATA;1611606298.740727
/ndn/v5-site/v5/C2Data-3050-Type3;172800.0000;DATA;1611606298.664849
/ndn/h1-site/h1/C2Data-61-Type3;128745.0000;DATA;1611606299.263728
/ndn/v11-site/v11/C2Data-3416-Type3;167745.0000;DATA;1611606300.182783
/ndn/s3-site/s3/C2Data-2013-Type3;148096.0000;DATA;1611606301.198773
/ndn/s1-site/s1/C2Data-3753-Type1;169500.0000;DATA;1611606314.273710
/ndn/h6-site/h6/C2Data-728-Type1;85010.0000;DATA;1611606315.622769
/ndn/d1-site/d1/C2Data-1938-Type1;192232.0000;DATA;1611606317.306833
/ndn/v8-site/v8/C2Data-6415-Type1;119013.0000;DATA;1611606318.222824
/ndn/d6-site/d6/C2Data-2543-Type2;74420.0000;DATA;1611606318.662822
/ndn/v7-site/v7/C2Data-6294-Type2;120399.0000;DATA;1611606318.975764
/ndn/h12-site/h12/C2Data-1454-Type1;218280.0000;DATA;1611606321.554785
/ndn/s2-site/s2/C2Data-3874-Type1;123220.0000;DATA;1611606321.884908
/ndn/h9-site/h9/C2Data-1091-Type1;26645.0000;DATA;1611606322.906746
/ndn/s2-site/s2/C2Data-3874-Type2;119334.0000;DATA;1611606323.956815
/ndn/h14-site/h14/C2Data-1696-Type1;167180.0000;DATA;1611606323.943908
/ndn/s5-site/s5/C2Data-4237-Type1;23782.0000;DATA;1611606324.308804
/ndn/d4-site/d4/C2Data-2301-Type2;161437.0000;DATA;1611606324.958878
/ndn/d11-site/d11/C2Data-1587-Type3;94478.0000;DATA;1611606338.415779
/ndn/v7-site/v7/C2Data-3173-Type3;119650.0000;DATA;1611606338.471769
/ndn/d2-site/d2/C2Data-1038-Type3;104906.0000;DATA;1611606340.291746
/ndn/d10-site/d10/C2Data-1526-Type3;98286.0000;DATA;1611606343.716762
/ndn/d0-site/d0/C2Data-916-Type3;72152.0000;DATA;1611606344.016800
/ndn/v14-site/v14/C2Data-3600-Type3;71924.0000;DATA;1611606344.484704
/ndn/d1-site/d1/C2Data-1939-Type2;194611.0000;DATA;1611606344.721702
/ndn/h9-site/h9/C2Data-1092-Type1;23612.0000;DATA;1611606345.077889
/ndn/s0-site/s0/C2Data-1831-Type3;6000632.0000;TIMEOUT;1611606339.145750
/ndn/v2-site/v2/C2Data-5690-Type2;53377.0000;DATA;1611606345.223768
/ndn/d7-site/d7/C2Data-1343-Type3;23743.0000;DATA;1611606345.956794
/ndn/d3-site/d3/C2Data-2181-Type2;71564.0000;DATA;1611606349.548802
/ndn/h3-site/h3/C2Data-366-Type1;126708.0000;DATA;1611606349.586723
/ndn/d5-site/d5/C2Data-2423-Type2;69922.0000;DATA;1611606350.633752
/ndn/s2-site/s2/C2Data-1953-Type3;6003987.0000;TIMEOUT;1611606345.070864
/ndn/s2-site/s2/C2Data-3875-Type2;6000232.0000;TIMEOUT;1611606345.313791
/ndn/v6-site/v6/C2Data-6174-Type1;140536.0000;DATA;1611606351.243825
/ndn/d11-site/d11/C2Data-3149-Type2;95432.0000;DATA;1611606351.492131
/ndn/s5-site/s5/C2Data-2136-Type3;47289.0000;DATA;1611606353.322725
/ndn/d7-site/d7/C2Data-2665-Type1;24336.0000;DATA;1611606354.221592
/ndn/v4-site/v4/C2Data-5932-Type1;170466.0000;DATA;1611606354.162828
/ndn/h14-site/h14/C2Data-1697-Type1;167775.0000;DATA;1611606354.947739
/ndn/h8-site/h8/C2Data-971-Type2;24130.0000;DATA;1611606355.853775
/ndn/v8-site/v8/C2Data-3234-Type3;122103.0000;DATA;1611606357.043799
/ndn/h8-site/h8/C2Data-489-Type3;24053.0000;DATA;1611606357.785800
/ndn/s3-site/s3/C2Data-3996-Type1;6001773.0000;TIMEOUT;1611606353.459750
/ndn/h6-site/h6/C2Data-367-Type3;95516.0000;DATA;1611606359.581713
/ndn/d12-site/d12/C2Data-675-Type4;111902.0000;DATA;1611606372.813756
/ndn/v5-site/v5/C2Data-875-Type4;165845.0000;DATA;1611606374.246766
/ndn/h2-site/h2/C2Data-50-Type4;207980.0000;DATA;1611606378.660703
/ndn/h2-site/h2/C2Data-246-Type2;214134.0000;DATA;1611606379.006781
/ndn/d8-site/d8/C2Data-2787-Type2;96966.0000;DATA;1611606379.739686
/ndn/h13-site/h13/C2Data-1577-Type1;93386.0000;DATA;1611606379.862730
/ndn/v14-site/v14/C2Data-1100-Type4;72063.0000;DATA;1611606381.706751
/ndn/d14-site/d14/C2Data-3513-Type1;175045.0000;DATA;1611606382.237753
/ndn/h10-site/h10/C2Data-1214-Type1;72777.0000;DATA;1611606385.334729
/ndn/s10-site/s10/C2Data-4844-Type1;6009048.0000;TIMEOUT;1611606383.366783
/ndn/v2-site/v2/C2Data-800-Type4;53933.0000;DATA;1611606391.768773
/ndn/v6-site/v6/C2Data-900-Type4;158769.0000;DATA;1611606394.929737
/ndn/h10-site/h10/C2Data-250-Type4;88237.0000;DATA;1611606396.737792
/ndn/v6-site/v6/C2Data-3113-Type3;152804.0000;DATA;1611606398.695764
/ndn/v5-site/v5/C2Data-3052-Type3;177177.0000;DATA;1611606401.684766
/ndn/h9-site/h9/C2Data-551-Type3;24135.0000;DATA;1611606402.807751
/ndn/d1-site/d1/C2Data-1941-Type1;192399.0000;DATA;1611606404.203711
/ndn/h7-site/h7/C2Data-175-Type4;141178.0000;DATA;1611606404.380697
/ndn/d6-site/d6/C2Data-525-Type4;73362.0000;DATA;1611606404.858791
/ndn/d13-site/d13/C2Data-1710-Type3;145196.0000;DATA;1611606405.676781
/ndn/v1-site/v1/C2Data-2808-Type3;142634.0000;DATA;1611606405.878721
/ndn/h2-site/h2/C2Data-247-Type2;208585.0000;DATA;1611606406.146765
/ndn/v10-site/v10/C2Data-6660-Type2;46401.0000;DATA;1611606407.271768
/ndn/v13-site/v13/C2Data-7023-Type2;119844.0000;DATA;1611606407.266695
/ndn/v0-site/v0/C2Data-2747-Type3;72843.0000;DATA;1611606408.219799
/ndn/s1-site/s1/C2Data-3756-Type1;6000266.0000;TIMEOUT;1611606404.536695
/ndn/v13-site/v13/C2Data-7023-Type1;118725.0000;DATA;1611606410.592522
/ndn/v2-site/v2/C2Data-5692-Type2;49659.0000;DATA;1611606411.346794
/ndn/h6-site/h6/C2Data-731-Type1;95637.0000;DATA;1611606411.626785
/ndn/h1-site/h1/C2Data-126-Type2;121532.0000;DATA;1611606413.322097
/ndn/s13-site/s13/C2Data-2625-Type3;6000296.0000;TIMEOUT;1611606408.164756
/ndn/h13-site/h13/C2Data-795-Type3;95595.0000;DATA;1611606414.279733
/ndn/v2-site/v2/C2Data-5692-Type1;48043.0000;DATA;1611606415.062882
/ndn/h9-site/h9/C2Data-1094-Type2;24762.0000;DATA;1611606415.096873
/ndn/d0-site/d0/C2Data-917-Type3;73728.0000;DATA;1611606415.065835
/ndn/s2-site/s2/C2Data-3877-Type2;6003680.0000;TIMEOUT;1611606409.373799
/ndn/d8-site/d8/C2Data-1405-Type3;103364.0000;DATA;1611606415.497780
/ndn/s0-site/s0/C2Data-3635-Type1;6000379.0000;TIMEOUT;1611606409.761798
/ndn/d4-site/d4/C2Data-1161-Type3;172657.0000;DATA;1611606417.743751
/ndn/s0-site/s0/C2Data-1832-Type3;6005381.0000;TIMEOUT;1611606412.597789
/ndn/d2-site/d2/C2Data-1039-Type3;100324.0000;DATA;1611606419.438813
/ndn/s3-site/s3/C2Data-3998-Type2;6000390.0000;TIMEOUT;1611606414.386777
/ndn/h0-site/h0/C2Data-2-Type3;119141.0000;DATA;1611606420.383703
/ndn/h12-site/h12/C2Data-1458-Type2;210784.0000;DATA;1611606434.156106
/ndn/v14-site/v14/C2Data-7145-Type2;74108.0000;DATA;1611606434.387736
/ndn/v5-site/v5/C2Data-6056-Type2;163418.0000;DATA;1611606435.169822
/ndn/v3-site/v3/C2Data-5814-Type2;99102.0000;DATA;1611606436.877731
/ndn/d4-site/d4/C2Data-2305-Type2;169365.0000;DATA;1611606437.229806
/ndn/d6-site/d6/C2Data-2547-Type1;74519.0000;DATA;1611606438.197852
/ndn/v0-site/v0/C2Data-5451-Type2;79325.0000;DATA;1611606440.130220
/ndn/d13-site/d13/C2Data-3394-Type2;144580.0000;DATA;1611606441.663813
/ndn/d2-site/d2/C2Data-2063-Type2;98800.0000;DATA;1611606442.779799
/ndn/v7-site/v7/C2Data-6298-Type1;120612.0000;DATA;1611606443.274704
/ndn/h8-site/h8/C2Data-974-Type1;23642.0000;DATA;1611606444.445808
/ndn/s8-site/s8/C2Data-4604-Type2;6000279.0000;TIMEOUT;1611606438.473721
/ndn/v13-site/v13/C2Data-7024-Type1;120114.0000;DATA;1611606445.409776
/ndn/d7-site/d7/C2Data-2668-Type2;28113.0000;DATA;1611606445.511729
/ndn/d1-site/d1/C2Data-1942-Type1;194001.0000;DATA;1611606446.006745
/ndn/s8-site/s8/C2Data-4604-Type1;6000535.0000;TIMEOUT;1611606441.905701
/ndn/v13-site/v13/C2Data-3541-Type3;140824.0000;DATA;1611606458.896765
/ndn/d2-site/d2/C2Data-1040-Type3;101487.0000;DATA;1611606459.348813
/ndn/d0-site/d0/C2Data-918-Type3;79537.0000;DATA;1611606460.947734
/ndn/h4-site/h4/C2Data-247-Type3;99437.0000;DATA;1611606461.835765
/ndn/h14-site/h14/C2Data-1701-Type2;162476.0000;DATA;1611606466.842303
