/ndn/v11-site/v11/C2Data-6776-Type1;529.0000;NACK;1611611483.445099
/ndn/d9-site/d9/C2Data-2904-Type1;96866.0000;DATA;1611611483.476118
/ndn/v1-site/v1/C2Data-5566-Type1;46451.0000;DATA;1611611487.406201
/ndn/h3-site/h3/C2Data-363-Type2;23624.0000;DATA;1611611487.532209
/ndn/s4-site/s4/C2Data-4114-Type2;243396.0000;DATA;1611611490.492242
/ndn/s10-site/s10/C2Data-4840-Type2;219476.0000;DATA;1611611492.062117
/ndn/v12-site/v12/C2Data-6897-Type1;49403.0000;DATA;1611611492.545112
/ndn/v13-site/v13/C2Data-7018-Type1;172348.0000;DATA;1611611492.891100
/ndn/s13-site/s13/C2Data-2623-Type3;359921.0000;DATA;1611611505.820102
/ndn/s0-site/s0/C2Data-1830-Type3;156383.0000;DATA;1611611506.514130
/ndn/s4-site/s4/C2Data-2074-Type3;284060.0000;DATA;1611611507.432173
/ndn/h7-site/h7/C2Data-427-Type3;277956.0000;DATA;1611611507.467170
/ndn/s1-site/s1/C2Data-1891-Type3;295857.0000;DATA;1611611510.388135
/ndn/d1-site/d1/C2Data-976-Type3;256262.0000;DATA;1611611510.681095
/ndn/h0-site/h0/C2Data-1-Type1;216253.0000;DATA;1611611511.298156
/ndn/h13-site/h13/C2Data-793-Type3;165938.0000;DATA;1611611511.732089
/ndn/h4-site/h4/C2Data-244-Type3;199438.0000;DATA;1611611512.474208
/ndn/h11-site/h11/C2Data-1332-Type2;145822.0000;DATA;1611611512.557101
/ndn/d9-site/d9/C2Data-2905-Type2;93993.0000;DATA;1611611514.326193
/ndn/h2-site/h2/C2Data-243-Type2;239536.0000;DATA;1611611515.012186
/ndn/d3-site/d3/C2Data-2179-Type2;122687.0000;DATA;1611611515.759102
/ndn/s11-site/s11/C2Data-4962-Type1;244103.0000;DATA;1611611516.353111
/ndn/s13-site/s13/C2Data-5204-Type2;261754.0000;DATA;1611611517.585124
/ndn/h1-site/h1/C2Data-122-Type2;92039.0000;DATA;1611611517.856196
/ndn/d5-site/d5/C2Data-2421-Type2;161806.0000;DATA;1611611517.913199
/ndn/v1-site/v1/C2Data-5567-Type1;47573.0000;DATA;1611611518.986103
/ndn/d0-site/d0/C2Data-915-Type3;48873.0000;DATA;1611611519.172113
/ndn/v5-site/v5/C2Data-3050-Type3;69327.0000;DATA;1611611520.582137
/ndn/h5-site/h5/C2Data-606-Type2;143733.0000;DATA;1611611520.707181
/ndn/s3-site/s3/C2Data-3994-Type2;246437.0000;DATA;1611611521.371102
/ndn/d13-site/d13/C2Data-1708-Type3;125857.0000;DATA;1611611524.461130
/ndn/h1-site/h1/C2Data-61-Type3;100237.0000;DATA;1611611524.548285
/ndn/h6-site/h6/C2Data-366-Type3;194012.0000;DATA;1611611525.005180
/ndn/h3-site/h3/C2Data-183-Type3;27561.0000;DATA;1611611525.937163
/ndn/s7-site/s7/C2Data-4479-Type2;172180.0000;DATA;1611611546.072276
/ndn/h5-site/h5/C2Data-607-Type2;125609.0000;DATA;1611611547.111140
/ndn/v8-site/v8/C2Data-6415-Type1;167613.0000;DATA;1611611549.307247
/ndn/h8-site/h8/C2Data-970-Type2;119345.0000;DATA;1611611549.468124
/ndn/s10-site/s10/C2Data-4842-Type1;212605.0000;DATA;1611611550.335100
/ndn/s13-site/s13/C2Data-5205-Type2;6000653.0000;TIMEOUT;1611611545.341115
/ndn/s6-site/s6/C2Data-4358-Type2;6000272.0000;TIMEOUT;1611611546.034111
/ndn/d10-site/d10/C2Data-1526-Type3;197245.0000;DATA;1611611568.306136
/ndn/s5-site/s5/C2Data-2136-Type3;46474.0000;DATA;1611611568.831097
/ndn/h9-site/h9/C2Data-550-Type3;121386.0000;DATA;1611611568.958167
/ndn/s7-site/s7/C2Data-2258-Type3;6000286.0000;TIMEOUT;1611611565.305108
/ndn/d1-site/d1/C2Data-1939-Type1;207763.0000;DATA;1611611571.205118
/ndn/s5-site/s5/C2Data-4238-Type2;47221.0000;DATA;1611611571.543124
/ndn/v1-site/v1/C2Data-5569-Type1;50467.0000;DATA;1611611572.161104
/ndn/s3-site/s3/C2Data-2014-Type3;237198.0000;DATA;1611611572.898120
/ndn/d4-site/d4/C2Data-2302-Type2;138653.0000;DATA;1611611573.538165
/ndn/v2-site/v2/C2Data-5690-Type1;94999.0000;DATA;1611611574.007188
/ndn/d6-site/d6/C2Data-1282-Type3;141790.0000;DATA;1611611574.969097
/ndn/v12-site/v12/C2Data-6900-Type2;48917.0000;DATA;1611611575.995123
/ndn/h8-site/h8/C2Data-489-Type3;117804.0000;DATA;1611611576.257214
/ndn/d13-site/d13/C2Data-3391-Type1;122281.0000;DATA;1611611576.421110
/ndn/v11-site/v11/C2Data-6779-Type1;117212.0000;DATA;1611611578.082149
/ndn/d2-site/d2/C2Data-2060-Type1;70553.0000;DATA;1611611578.936153
/ndn/v10-site/v10/C2Data-6658-Type1;71416.0000;DATA;1611611580.412095
/ndn/h13-site/h13/C2Data-1576-Type1;165532.0000;DATA;1611611580.660127
/ndn/h5-site/h5/C2Data-306-Type3;140979.0000;DATA;1611611580.994149
/ndn/v3-site/v3/C2Data-5811-Type1;193508.0000;DATA;1611611582.742135
/ndn/s6-site/s6/C2Data-4359-Type2;6000467.0000;TIMEOUT;1611611578.325176
/ndn/v2-site/v2/C2Data-2868-Type3;97049.0000;DATA;1611611585.029182
/ndn/s14-site/s14/C2Data-5327-Type2;6000481.0000;TIMEOUT;1611611579.496122
/ndn/s2-site/s2/C2Data-1953-Type3;6002243.0000;TIMEOUT;1611611580.768180
/ndn/h13-site/h13/C2Data-794-Type3;172599.0000;DATA;1611611586.838246
/ndn/h5-site/h5/C2Data-125-Type4;153213.0000;DATA;1611611594.292099
/ndn/s6-site/s6/C2Data-2197-Type3;6000566.0000;TIMEOUT;1611611589.010159
/ndn/d2-site/d2/C2Data-2061-Type2;71017.0000;DATA;1611611601.655096
/ndn/h11-site/h11/C2Data-275-Type4;150274.0000;DATA;1611611602.615160
/ndn/h4-site/h4/C2Data-488-Type2;188498.0000;DATA;1611611603.070176
/ndn/v5-site/v5/C2Data-6054-Type2;72328.0000;DATA;1611611604.479115
/ndn/v8-site/v8/C2Data-6417-Type1;222279.0000;DATA;1611611605.103165
/ndn/v4-site/v4/C2Data-5933-Type2;70884.0000;DATA;1611611605.442110
/ndn/h12-site/h12/C2Data-1456-Type1;238223.0000;DATA;1611611606.113102
/ndn/s6-site/s6/C2Data-4360-Type1;6000643.0000;TIMEOUT;1611611603.438124
/ndn/s13-site/s13/C2Data-5207-Type1;6000207.0000;TIMEOUT;1611611603.478090
/ndn/v7-site/v7/C2Data-6296-Type2;25387.0000;DATA;1611611612.778156
/ndn/d12-site/d12/C2Data-675-Type4;23895.0000;DATA;1611611618.322172
/ndn/d3-site/d3/C2Data-450-Type4;147657.0000;DATA;1611611620.969130
/ndn/v2-site/v2/C2Data-800-Type4;153445.0000;DATA;1611611621.617057
/ndn/h14-site/h14/C2Data-856-Type3;195068.0000;DATA;1611611625.424182
/ndn/v7-site/v7/C2Data-3174-Type3;31972.0000;DATA;1611611625.847166
/ndn/v0-site/v0/C2Data-2747-Type3;203893.0000;DATA;1611611626.490095
/ndn/v5-site/v5/C2Data-3052-Type3;69433.0000;DATA;1611611629.809178
/ndn/v12-site/v12/C2Data-3479-Type3;56771.0000;DATA;1611611630.569129
/ndn/d13-site/d13/C2Data-1710-Type3;125807.0000;DATA;1611611631.612196
/ndn/s0-site/s0/C2Data-1832-Type3;6000678.0000;TIMEOUT;1611611626.404240
/ndn/h6-site/h6/C2Data-368-Type3;191196.0000;DATA;1611611632.674131
/ndn/h6-site/h6/C2Data-150-Type4;190949.0000;DATA;1611611633.463136
/ndn/v5-site/v5/C2Data-6055-Type1;75190.0000;DATA;1611611636.377277
/ndn/d10-site/d10/C2Data-3030-Type2;196543.0000;DATA;1611611636.597136
/ndn/h8-site/h8/C2Data-490-Type3;118454.0000;DATA;1611611636.868153
/ndn/h3-site/h3/C2Data-368-Type2;24553.0000;DATA;1611611637.853186
/ndn/v1-site/v1/C2Data-5571-Type2;50719.0000;DATA;1611611639.886096
/ndn/d13-site/d13/C2Data-3393-Type1;117963.0000;DATA;1611611640.072228
/ndn/d4-site/d4/C2Data-2304-Type1;142274.0000;DATA;1611611640.872133
/ndn/h8-site/h8/C2Data-973-Type2;123978.0000;DATA;1611611642.389165
/ndn/s14-site/s14/C2Data-5329-Type2;6000255.0000;TIMEOUT;1611611638.218098
/ndn/s6-site/s6/C2Data-4361-Type2;6002628.0000;TIMEOUT;1611611639.258143
/ndn/d9-site/d9/C2Data-1466-Type3;92477.0000;DATA;1611611645.373107
/ndn/h1-site/h1/C2Data-127-Type1;97719.0000;DATA;1611611661.919139
/ndn/v1-site/v1/C2Data-5572-Type1;46631.0000;DATA;1611611664.639977
/ndn/h9-site/h9/C2Data-1095-Type1;119360.0000;DATA;1611611666.031217
/ndn/s6-site/s6/C2Data-4362-Type1;6000433.0000;TIMEOUT;1611611661.573112
/ndn/h11-site/h11/C2Data-1337-Type1;137798.0000;DATA;1611611667.930143
/ndn/v11-site/v11/C2Data-6782-Type2;117474.0000;DATA;1611611668.267191
/ndn/v5-site/v5/C2Data-6056-Type1;7845.0000;DATA;1611611671.049106
/ndn/h8-site/h8/C2Data-974-Type2;124623.0000;DATA;1611611672.670128
/ndn/s10-site/s10/C2Data-4846-Type1;6000294.0000;TIMEOUT;1611611668.114159
/ndn/v12-site/v12/C2Data-3480-Type3;66023.0000;DATA;1611611686.719209
/ndn/v10-site/v10/C2Data-3358-Type3;89496.0000;DATA;1611611687.405605
/ndn/v0-site/v0/C2Data-2748-Type3;160508.0000;DATA;1611611688.609126
/ndn/h5-site/h5/C2Data-308-Type3;170586.0000;DATA;1611611688.618127
/ndn/d5-site/d5/C2Data-1223-Type3;178016.0000;DATA;1611611690.801139
/ndn/h8-site/h8/C2Data-975-Type1;123509.0000;DATA;1611611691.793138
/ndn/h3-site/h3/C2Data-370-Type1;26083.0000;DATA;1611611695.585101
/ndn/h14-site/h14/C2Data-1701-Type1;195278.0000;DATA;1611611696.138206
/ndn/v8-site/v8/C2Data-6420-Type2;219776.0000;DATA;1611611696.428170
