/ndn/s3-site/s3/C2Data-3993-Type2;483.0000;NACK;1611609163.399389
/ndn/h3-site/h3/C2Data-363-Type2;115976.0000;DATA;1611609165.689577
/ndn/h2-site/h2/C2Data-242-Type2;592.0000;NACK;1611609166.305391
/ndn/h8-site/h8/C2Data-968-Type1;24259.0000;DATA;1611609167.070430
/ndn/v2-site/v2/C2Data-5687-Type2;50576.0000;DATA;1611609167.245302
/ndn/v3-site/v3/C2Data-5808-Type2;96138.0000;DATA;1611609168.128419
/ndn/h10-site/h10/C2Data-1210-Type2;73207.0000;DATA;1611609169.704394
/ndn/v6-site/v6/C2Data-6171-Type2;529.0000;NACK;1611609171.257325
/ndn/s2-site/s2/C2Data-3872-Type1;120839.0000;DATA;1611609171.940392
/ndn/h10-site/h10/C2Data-1210-Type1;71886.0000;DATA;1611609173.748366
/ndn/h14-site/h14/C2Data-1694-Type2;162489.0000;DATA;1611609173.674478
/ndn/s6-site/s6/C2Data-2196-Type3;98930.0000;DATA;1611609186.699627
/ndn/s0-site/s0/C2Data-1830-Type3;80475.0000;DATA;1611609187.935357
/ndn/d0-site/d0/C2Data-915-Type3;72188.0000;DATA;1611609189.041393
/ndn/d2-site/d2/C2Data-1037-Type3;106639.0000;DATA;1611609190.723412
/ndn/v12-site/v12/C2Data-3477-Type3;365.0000;NACK;1611609192.270456
/ndn/h8-site/h8/C2Data-969-Type1;24961.0000;DATA;1611609193.984367
/ndn/v14-site/v14/C2Data-7140-Type1;72803.0000;DATA;1611609195.017389
/ndn/v9-site/v9/C2Data-3294-Type3;120873.0000;DATA;1611609195.086993
/ndn/s7-site/s7/C2Data-4478-Type2;194507.0000;DATA;1611609195.069385
/ndn/h4-site/h4/C2Data-485-Type1;95184.0000;DATA;1611609195.666298
/ndn/v1-site/v1/C2Data-5567-Type1;143512.0000;DATA;1611609196.097306
/ndn/s14-site/s14/C2Data-5325-Type1;170658.0000;DATA;1611609196.422346
/ndn/s12-site/s12/C2Data-5083-Type2;141930.0000;DATA;1611609197.822443
/ndn/h7-site/h7/C2Data-427-Type3;140685.0000;DATA;1611609198.190301
/ndn/s11-site/s11/C2Data-2501-Type3;139638.0000;DATA;1611609198.218354
/ndn/d8-site/d8/C2Data-2784-Type1;95202.0000;DATA;1611609198.398471
/ndn/d13-site/d13/C2Data-3389-Type1;142225.0000;DATA;1611609199.369051
/ndn/v8-site/v8/C2Data-3233-Type3;117989.0000;DATA;1611609201.160529
/ndn/h4-site/h4/C2Data-244-Type3;94609.0000;DATA;1611609201.295387
/ndn/h12-site/h12/C2Data-1453-Type1;223150.0000;DATA;1611609201.198314
/ndn/v7-site/v7/C2Data-6293-Type1;120440.0000;DATA;1611609201.937396
/ndn/s14-site/s14/C2Data-5325-Type2;164408.0000;DATA;1611609202.266444
/ndn/h7-site/h7/C2Data-848-Type1;140745.0000;DATA;1611609202.567316
/ndn/h3-site/h3/C2Data-364-Type2;120619.0000;DATA;1611609202.613415
/ndn/d5-site/d5/C2Data-1220-Type3;69645.0000;DATA;1611609203.391323
/ndn/s14-site/s14/C2Data-2684-Type3;167194.0000;DATA;1611609203.407433
/ndn/v1-site/v1/C2Data-5567-Type2;144818.0000;DATA;1611609204.258392
/ndn/v6-site/v6/C2Data-3111-Type3;144832.0000;DATA;1611609206.703374
/ndn/v14-site/v14/C2Data-3599-Type3;73109.0000;DATA;1611609207.038307
/ndn/v5-site/v5/C2Data-3050-Type3;172644.0000;DATA;1611609206.962379
/ndn/h1-site/h1/C2Data-61-Type3;129020.0000;DATA;1611609207.561313
/ndn/v11-site/v11/C2Data-3416-Type3;181295.0000;DATA;1611609208.480427
/ndn/s3-site/s3/C2Data-2013-Type3;140625.0000;DATA;1611609209.496353
/ndn/s1-site/s1/C2Data-3753-Type1;164802.0000;DATA;1611609222.571342
/ndn/h6-site/h6/C2Data-728-Type1;82370.0000;DATA;1611609223.920351
/ndn/d1-site/d1/C2Data-1938-Type1;191559.0000;DATA;1611609225.604473
/ndn/v8-site/v8/C2Data-6415-Type1;121531.0000;DATA;1611609226.520444
/ndn/d6-site/d6/C2Data-2543-Type2;73018.0000;DATA;1611609226.960361
/ndn/v7-site/v7/C2Data-6294-Type2;122651.0000;DATA;1611609227.273315
/ndn/h12-site/h12/C2Data-1454-Type1;209186.0000;DATA;1611609229.852384
/ndn/s2-site/s2/C2Data-3874-Type1;125232.0000;DATA;1611609230.182509
/ndn/h9-site/h9/C2Data-1091-Type1;23849.0000;DATA;1611609231.204309
/ndn/s2-site/s2/C2Data-3874-Type2;114835.0000;DATA;1611609232.254345
/ndn/h14-site/h14/C2Data-1696-Type1;162200.0000;DATA;1611609232.241390
/ndn/s5-site/s5/C2Data-4237-Type1;16208.0000;DATA;1611609232.606393
/ndn/d4-site/d4/C2Data-2301-Type2;166933.0000;DATA;1611609233.256384
/ndn/d11-site/d11/C2Data-1587-Type3;96529.0000;DATA;1611609246.713312
/ndn/v7-site/v7/C2Data-3173-Type3;127017.0000;DATA;1611609246.769378
/ndn/d2-site/d2/C2Data-1038-Type3;110235.0000;DATA;1611609248.589352
/ndn/d10-site/d10/C2Data-1526-Type3;95338.0000;DATA;1611609252.014382
/ndn/d0-site/d0/C2Data-916-Type3;75995.0000;DATA;1611609252.314391
/ndn/v14-site/v14/C2Data-3600-Type3;69174.0000;DATA;1611609252.782422
/ndn/d1-site/d1/C2Data-1939-Type2;190731.0000;DATA;1611609253.019320
/ndn/h9-site/h9/C2Data-1092-Type1;24048.0000;DATA;1611609253.375322
/ndn/s0-site/s0/C2Data-1831-Type3;6000279.0000;TIMEOUT;1611609247.443387
/ndn/v2-site/v2/C2Data-5690-Type2;47126.0000;DATA;1611609253.521369
/ndn/d7-site/d7/C2Data-1343-Type3;23796.0000;DATA;1611609254.254351
/ndn/d3-site/d3/C2Data-2181-Type2;72927.0000;DATA;1611609257.846343
/ndn/h3-site/h3/C2Data-366-Type1;127051.0000;DATA;1611609257.884401
/ndn/d5-site/d5/C2Data-2423-Type2;72447.0000;DATA;1611609258.931370
/ndn/s2-site/s2/C2Data-1953-Type3;6000248.0000;TIMEOUT;1611609253.368303
/ndn/s2-site/s2/C2Data-3875-Type2;6000385.0000;TIMEOUT;1611609253.611447
/ndn/v6-site/v6/C2Data-6174-Type1;145319.0000;DATA;1611609259.541392
/ndn/d11-site/d11/C2Data-3149-Type2;91811.0000;DATA;1611609259.790402
/ndn/s5-site/s5/C2Data-2136-Type3;46697.0000;DATA;1611609261.620292
/ndn/s3-site/s3/C2Data-3996-Type1;145623.0000;DATA;1611609261.757381
/ndn/d7-site/d7/C2Data-2665-Type1;24135.0000;DATA;1611609262.519044
/ndn/v4-site/v4/C2Data-5932-Type1;171449.0000;DATA;1611609262.460299
/ndn/h14-site/h14/C2Data-1697-Type1;168203.0000;DATA;1611609263.245390
/ndn/h8-site/h8/C2Data-971-Type2;23871.0000;DATA;1611609264.151397
/ndn/v8-site/v8/C2Data-3234-Type3;124469.0000;DATA;1611609265.341326
/ndn/h8-site/h8/C2Data-489-Type3;28103.0000;DATA;1611609266.083357
/ndn/h6-site/h6/C2Data-367-Type3;98600.0000;DATA;1611609267.879340
/ndn/d12-site/d12/C2Data-675-Type4;120863.0000;DATA;1611609281.111355
/ndn/v5-site/v5/C2Data-875-Type4;169853.0000;DATA;1611609282.555300
/ndn/h2-site/h2/C2Data-50-Type4;214014.0000;DATA;1611609286.958356
/ndn/h2-site/h2/C2Data-246-Type2;220170.0000;DATA;1611609287.304365
/ndn/d8-site/d8/C2Data-2787-Type2;101616.0000;DATA;1611609288.037456
/ndn/h13-site/h13/C2Data-1577-Type1;99059.0000;DATA;1611609288.160333
/ndn/v14-site/v14/C2Data-1100-Type4;73446.0000;DATA;1611609290.004383
/ndn/d14-site/d14/C2Data-3513-Type1;171221.0000;DATA;1611609290.535372
/ndn/h10-site/h10/C2Data-1214-Type1;70872.0000;DATA;1611609293.632399
/ndn/s10-site/s10/C2Data-4844-Type1;6000447.0000;TIMEOUT;1611609291.664392
/ndn/v2-site/v2/C2Data-800-Type4;60951.0000;DATA;1611609300.066327
/ndn/v6-site/v6/C2Data-900-Type4;159097.0000;DATA;1611609303.227330
/ndn/h10-site/h10/C2Data-250-Type4;73193.0000;DATA;1611609305.035336
/ndn/v6-site/v6/C2Data-3113-Type3;144812.0000;DATA;1611609306.993341
/ndn/v5-site/v5/C2Data-3052-Type3;205418.0000;DATA;1611609309.982384
/ndn/h9-site/h9/C2Data-551-Type3;25753.0000;DATA;1611609311.105358
/ndn/d1-site/d1/C2Data-1941-Type1;188812.0000;DATA;1611609312.501401
/ndn/h7-site/h7/C2Data-175-Type4;138431.0000;DATA;1611609312.678366
/ndn/d6-site/d6/C2Data-525-Type4;70161.0000;DATA;1611609313.156367
/ndn/d13-site/d13/C2Data-1710-Type3;144393.0000;DATA;1611609313.974302
/ndn/v1-site/v1/C2Data-2808-Type3;148915.0000;DATA;1611609314.176308
/ndn/h2-site/h2/C2Data-247-Type2;209725.0000;DATA;1611609314.444506
/ndn/v10-site/v10/C2Data-6660-Type2;50356.0000;DATA;1611609315.569451
/ndn/v13-site/v13/C2Data-7023-Type2;120661.0000;DATA;1611609315.564315
/ndn/v0-site/v0/C2Data-2747-Type3;71918.0000;DATA;1611609316.517386
/ndn/s1-site/s1/C2Data-3756-Type1;6000293.0000;TIMEOUT;1611609312.834506
/ndn/v13-site/v13/C2Data-7023-Type1;119037.0000;DATA;1611609318.889994
/ndn/v2-site/v2/C2Data-5692-Type2;49301.0000;DATA;1611609319.644396
/ndn/h6-site/h6/C2Data-731-Type1;99803.0000;DATA;1611609319.924473
/ndn/h1-site/h1/C2Data-126-Type2;120916.0000;DATA;1611609321.619304
/ndn/s13-site/s13/C2Data-2625-Type3;6000266.0000;TIMEOUT;1611609316.462387
/ndn/h13-site/h13/C2Data-795-Type3;93502.0000;DATA;1611609322.577332
/ndn/v2-site/v2/C2Data-5692-Type1;48467.0000;DATA;1611609323.360389
/ndn/h9-site/h9/C2Data-1094-Type2;28382.0000;DATA;1611609323.394374
/ndn/d0-site/d0/C2Data-917-Type3;71581.0000;DATA;1611609323.363301
/ndn/s2-site/s2/C2Data-3877-Type2;6000220.0000;TIMEOUT;1611609317.671401
/ndn/d8-site/d8/C2Data-1405-Type3;94652.0000;DATA;1611609323.795332
/ndn/s0-site/s0/C2Data-3635-Type1;6000322.0000;TIMEOUT;1611609318.059319
/ndn/d4-site/d4/C2Data-1161-Type3;165081.0000;DATA;1611609326.041304
/ndn/s0-site/s0/C2Data-1832-Type3;6000516.0000;TIMEOUT;1611609320.895332
/ndn/d2-site/d2/C2Data-1039-Type3;98972.0000;DATA;1611609327.736418
/ndn/s3-site/s3/C2Data-3998-Type2;6001193.0000;TIMEOUT;1611609322.684390
/ndn/h0-site/h0/C2Data-2-Type3;120783.0000;DATA;1611609328.681305
/ndn/h12-site/h12/C2Data-1458-Type2;214746.0000;DATA;1611609342.462041
/ndn/v14-site/v14/C2Data-7145-Type2;71833.0000;DATA;1611609342.685418
/ndn/v5-site/v5/C2Data-6056-Type2;164460.0000;DATA;1611609343.467362
/ndn/v3-site/v3/C2Data-5814-Type2;97055.0000;DATA;1611609345.175300
/ndn/d4-site/d4/C2Data-2305-Type2;183451.0000;DATA;1611609345.527433
/ndn/d6-site/d6/C2Data-2547-Type1;69879.0000;DATA;1611609346.495442
/ndn/v0-site/v0/C2Data-5451-Type2;85098.0000;DATA;1611609348.428757
/ndn/d13-site/d13/C2Data-3394-Type2;141337.0000;DATA;1611609349.961313
/ndn/d2-site/d2/C2Data-2063-Type2;98150.0000;DATA;1611609351.077388
/ndn/v7-site/v7/C2Data-6298-Type1;119604.0000;DATA;1611609351.572293
/ndn/h8-site/h8/C2Data-974-Type1;24379.0000;DATA;1611609352.743379
/ndn/s8-site/s8/C2Data-4604-Type2;6000318.0000;TIMEOUT;1611609346.771462
/ndn/v13-site/v13/C2Data-7024-Type1;121131.0000;DATA;1611609353.707360
/ndn/d7-site/d7/C2Data-2668-Type2;26458.0000;DATA;1611609353.809377
/ndn/d1-site/d1/C2Data-1942-Type1;193368.0000;DATA;1611609354.304315
/ndn/s8-site/s8/C2Data-4604-Type1;6002530.0000;TIMEOUT;1611609350.203290
/ndn/v13-site/v13/C2Data-3541-Type3;116399.0000;DATA;1611609367.194363
/ndn/d2-site/d2/C2Data-1040-Type3;98742.0000;DATA;1611609367.646432
/ndn/d0-site/d0/C2Data-918-Type3;72862.0000;DATA;1611609369.245362
/ndn/h4-site/h4/C2Data-247-Type3;92130.0000;DATA;1611609370.133308
/ndn/h14-site/h14/C2Data-1701-Type2;163710.0000;DATA;1611609375.140154
