/ndn/d2-site/d2/C2Data-1452-Type1;180799.0000;DATA;1612145588.153471
/ndn/d8-site/d8/C2Data-2178-Type1;124758.0000;DATA;1612145590.218910
/ndn/v5-site/v5/C2Data-4235-Type2;75021.0000;DATA;1612145590.409441
/ndn/s8-site/s8/C2Data-3388-Type1;27103.0000;DATA;1612145590.954849
/ndn/h1-site/h1/C2Data-121-Type1;49043.0000;DATA;1612145591.179317
/ndn/v8-site/v8/C2Data-4598-Type1;84011.0000;DATA;1612145591.613703
/ndn/h0-site/h0/C2Data-0-Type1;163216.0000;DATA;1612145593.084395
/ndn/s4-site/s4/C2Data-2904-Type1;722.0000;DATA;1612145593.545523
/ndn/s4-site/s4/C2Data-2904-Type2;101874.0000;DATA;1612145594.323268
/ndn/v4-site/v4/C2Data-4114-Type1;82577.0000;DATA;1612145595.521384
/ndn/h4-site/h4/C2Data-484-Type2;74054.0000;DATA;1612145596.365913
/ndn/s3-site/s3/C2Data-2783-Type2;985.0000;DATA;1612145597.225914
/ndn/v6-site/v6/C2Data-4356-Type1;2266.0000;DATA;1612145598.729470
/ndn/d6-site/d6/C2Data-1936-Type2;1417.0000;DATA;1612145599.105940
/ndn/s5-site/s5/C2Data-3025-Type2;45849.0000;DATA;1612145599.402634
/ndn/d6-site/d6/C2Data-976-Type3;157523.0000;DATA;1612145613.020319
/ndn/d9-site/d9/C2Data-2300-Type1;186161.0000;DATA;1612145617.594529
/ndn/d2-site/d2/C2Data-1453-Type1;183632.0000;DATA;1612145618.011719
/ndn/d4-site/d4/C2Data-854-Type3;143888.0000;DATA;1612145618.551534
/ndn/v9-site/v9/C2Data-2379-Type3;36923.0000;DATA;1612145619.050268
/ndn/d7-site/d7/C2Data-2058-Type1;97298.0000;DATA;1612145620.189915
/ndn/v5-site/v5/C2Data-4236-Type2;74664.0000;DATA;1612145621.291985
/ndn/d6-site/d6/C2Data-1937-Type2;74998.0000;DATA;1612145623.502187
/ndn/h1-site/h1/C2Data-122-Type1;72119.0000;DATA;1612145623.971522
/ndn/s4-site/s4/C2Data-2905-Type1;1599.0000;DATA;1612145624.635729
/ndn/v2-site/v2/C2Data-1952-Type3;49363.0000;DATA;1612145624.759575
/ndn/s1-site/s1/C2Data-2542-Type1;50398.0000;DATA;1612145625.105326
/ndn/h6-site/h6/C2Data-727-Type2;949.0000;DATA;1612145626.876367
/ndn/h5-site/h5/C2Data-606-Type2;81741.0000;DATA;1612145626.903155
/ndn/v9-site/v9/C2Data-4720-Type1;165292.0000;DATA;1612145627.298526
/ndn/s1-site/s1/C2Data-2542-Type2;2909.0000;DATA;1612145627.533518
/ndn/v8-site/v8/C2Data-4599-Type1;51664.0000;DATA;1612145627.488616
/ndn/v6-site/v6/C2Data-4357-Type1;26208.0000;DATA;1612145627.746538
/ndn/s0-site/s0/C2Data-1220-Type3;729.0000;DATA;1612145631.182663
/ndn/d7-site/d7/C2Data-2059-Type2;75039.0000;DATA;1612145648.068879
/ndn/v1-site/v1/C2Data-3753-Type1;81209.0000;DATA;1612145652.542475
/ndn/s1-site/s1/C2Data-2543-Type1;1013.0000;DATA;1612145654.379255
/ndn/d5-site/d5/C2Data-1817-Type2;1301.0000;DATA;1612145655.037997
/ndn/s7-site/s7/C2Data-3269-Type2;94392.0000;DATA;1612145655.805474
/ndn/h9-site/h9/C2Data-1091-Type2;1563.0000;DATA;1612145657.713595
/ndn/d1-site/d1/C2Data-1333-Type1;49624.0000;DATA;1612145658.897459
/ndn/s3-site/s3/C2Data-1404-Type3;271494.0000;DATA;1612145674.774480
/ndn/s1-site/s1/C2Data-2544-Type1;50764.0000;DATA;1612145677.790803
/ndn/s7-site/s7/C2Data-1648-Type3;101232.0000;DATA;1612145678.154773
/ndn/s6-site/s6/C2Data-3149-Type2;195094.0000;DATA;1612145678.365906
/ndn/h4-site/h4/C2Data-487-Type2;101273.0000;DATA;1612145679.521565
/ndn/s4-site/s4/C2Data-2907-Type1;101386.0000;DATA;1612145679.701508
/ndn/h1-site/h1/C2Data-124-Type2;80901.0000;DATA;1612145679.776521
/ndn/h7-site/h7/C2Data-850-Type1;110984.0000;DATA;1612145679.809511
/ndn/v4-site/v4/C2Data-4117-Type1;73918.0000;DATA;1612145679.968660
/ndn/v0-site/v0/C2Data-3633-Type2;111068.0000;DATA;1612145680.034102
/ndn/h1-site/h1/C2Data-124-Type1;51477.0000;DATA;1612145682.551560
/ndn/d3-site/d3/C2Data-1576-Type1;848.0000;DATA;1612145682.788955
/ndn/d2-site/d2/C2Data-1455-Type1;179013.0000;DATA;1612145682.703867
