/ndn/d10-site/d10/C2Data-3025-Type2;24403.0000;DATA;1611608000.391451
/ndn/d0-site/d0/C2Data-1815-Type2;153050.0000;DATA;1611608002.499489
/ndn/s10-site/s10/C2Data-4840-Type2;532.0000;NACK;1611608005.439509
/ndn/h13-site/h13/C2Data-1573-Type1;23523.0000;DATA;1611608005.459457
/ndn/v11-site/v11/C2Data-6776-Type2;376.0000;NACK;1611608005.556498
/ndn/h4-site/h4/C2Data-484-Type1;461.0000;DATA;1611608005.953404
/ndn/h14-site/h14/C2Data-1694-Type2;554.0000;NACK;1611608005.995439
/ndn/h2-site/h2/C2Data-242-Type1;529.0000;NACK;1611608007.859479
/ndn/v12-site/v12/C2Data-6897-Type1;518.0000;NACK;1611608008.187400
/ndn/v8-site/v8/C2Data-6413-Type1;46741.0000;DATA;1611608008.338450
/ndn/v3-site/v3/C2Data-5808-Type2;714.0000;DATA;1611608009.274478
/ndn/v10-site/v10/C2Data-6655-Type2;511.0000;NACK;1611608010.352405
/ndn/d11-site/d11/C2Data-3146-Type1;317.0000;DATA;1611608010.355497
/ndn/v1-site/v1/C2Data-5566-Type1;459.0000;NACK;1611608011.454497
/ndn/s13-site/s13/C2Data-5203-Type1;104077.0000;DATA;1611608011.731477
/ndn/d2-site/d2/C2Data-1037-Type3;73149.0000;DATA;1611608029.637586
/ndn/h8-site/h8/C2Data-969-Type2;71161.0000;DATA;1611608030.100485
/ndn/d14-site/d14/C2Data-1769-Type3;153306.0000;DATA;1611608030.515528
/ndn/d4-site/d4/C2Data-2300-Type1;147834.0000;DATA;1611608030.605487
/ndn/v14-site/v14/C2Data-7140-Type2;51224.0000;DATA;1611608031.522485
/ndn/h4-site/h4/C2Data-485-Type2;496.0000;DATA;1611608031.614465
/ndn/v2-site/v2/C2Data-5688-Type1;404.0000;NACK;1611608031.926452
/ndn/s0-site/s0/C2Data-3631-Type2;97408.0000;DATA;1611608032.718417
/ndn/s14-site/s14/C2Data-2684-Type3;466.0000;NACK;1611608033.748554
/ndn/h13-site/h13/C2Data-1574-Type1;492.0000;DATA;1611608034.615433
/ndn/v2-site/v2/C2Data-2867-Type3;645.0000;NACK;1611608035.629122
/ndn/s10-site/s10/C2Data-4841-Type1;701.0000;NACK;1611608035.741433
/ndn/s4-site/s4/C2Data-4115-Type1;190687.0000;DATA;1611608036.699540
/ndn/s7-site/s7/C2Data-2257-Type3;625.0000;DATA;1611608037.152525
/ndn/d0-site/d0/C2Data-1816-Type2;657.0000;DATA;1611608037.758420
/ndn/s2-site/s2/C2Data-3873-Type1;25922.0000;DATA;1611608037.773431
/ndn/h10-site/h10/C2Data-1211-Type1;140847.0000;DATA;1611608037.775398
/ndn/v7-site/v7/C2Data-6293-Type2;41439.0000;NACK;1611608039.115401
/ndn/h5-site/h5/C2Data-606-Type2;27915.0000;DATA;1611608039.388402
/ndn/h4-site/h4/C2Data-244-Type3;458.0000;DATA;1611608039.641729
/ndn/d13-site/d13/C2Data-1708-Type3;652.0000;DATA;1611608040.029494
/ndn/s6-site/s6/C2Data-2196-Type3;26209.0000;DATA;1611608040.725485
/ndn/v9-site/v9/C2Data-3294-Type3;861.0000;DATA;1611608046.009045
/ndn/h12-site/h12/C2Data-732-Type3;685.0000;DATA;1611608046.158458
/ndn/s13-site/s13/C2Data-2623-Type3;563.0000;DATA;1611608046.208440
/ndn/h2-site/h2/C2Data-244-Type2;228758.0000;DATA;1611608060.062738
/ndn/v13-site/v13/C2Data-7020-Type2;99039.0000;DATA;1611608060.592470
/ndn/s4-site/s4/C2Data-4116-Type2;201102.0000;DATA;1611608060.667397
/ndn/s12-site/s12/C2Data-5084-Type1;601.0000;DATA;1611608061.536485
/ndn/v8-site/v8/C2Data-6415-Type1;696.0000;DATA;1611608062.002459
/ndn/d11-site/d11/C2Data-3148-Type1;533.0000;DATA;1611608062.313421
/ndn/s14-site/s14/C2Data-5326-Type1;141274.0000;DATA;1611608062.490432
/ndn/d6-site/d6/C2Data-2543-Type1;118490.0000;DATA;1611608062.801507
/ndn/h8-site/h8/C2Data-970-Type1;23609.0000;DATA;1611608063.565417
/ndn/v10-site/v10/C2Data-6657-Type2;23360.0000;DATA;1611608063.766503
/ndn/s10-site/s10/C2Data-4842-Type2;75090.0000;DATA;1611608063.949714
/ndn/s0-site/s0/C2Data-3632-Type1;101441.0000;DATA;1611608066.047476
/ndn/s13-site/s13/C2Data-5205-Type2;598.0000;DATA;1611608068.795501
/ndn/d3-site/d3/C2Data-2180-Type1;120418.0000;DATA;1611608070.373503
/ndn/d12-site/d12/C2Data-3269-Type2;551.0000;DATA;1611608071.095429
/ndn/h1-site/h1/C2Data-123-Type2;73241.0000;DATA;1611608071.932568
/ndn/v2-site/v2/C2Data-2868-Type3;115727.0000;DATA;1611608084.946491
/ndn/v11-site/v11/C2Data-3417-Type3;143206.0000;DATA;1611608087.582516
/ndn/h4-site/h4/C2Data-245-Type3;26416.0000;DATA;1611608088.233607
/ndn/h8-site/h8/C2Data-489-Type3;515.0000;DATA;1611608090.145450
/ndn/v4-site/v4/C2Data-5932-Type1;241013.0000;DATA;1611608090.196561
/ndn/h9-site/h9/C2Data-550-Type3;23464.0000;DATA;1611608090.606397
/ndn/v13-site/v13/C2Data-7021-Type2;92637.0000;DATA;1611608090.633424
/ndn/s7-site/s7/C2Data-2258-Type3;120830.0000;DATA;1611608092.476495
/ndn/h8-site/h8/C2Data-971-Type1;76009.0000;DATA;1611608092.962540
/ndn/h4-site/h4/C2Data-487-Type1;429.0000;DATA;1611608093.463529
/ndn/h11-site/h11/C2Data-1334-Type2;127791.0000;DATA;1611608093.776468
/ndn/h0-site/h0/C2Data-3-Type1;668.0000;DATA;1611608094.037489
/ndn/d9-site/d9/C2Data-1465-Type3;27806.0000;DATA;1611608094.069454
/ndn/v7-site/v7/C2Data-6295-Type2;195985.0000;DATA;1611608094.111443
/ndn/d8-site/d8/C2Data-1404-Type3;467.0000;DATA;1611608095.385487
/ndn/s12-site/s12/C2Data-5085-Type1;592.0000;DATA;1611608095.575415
/ndn/h13-site/h13/C2Data-1576-Type2;413.0000;DATA;1611608095.657451
/ndn/v7-site/v7/C2Data-925-Type4;190501.0000;DATA;1611608096.412492
/ndn/h3-site/h3/C2Data-366-Type2;144315.0000;DATA;1611608096.872401
/ndn/d2-site/d2/C2Data-2060-Type2;175510.0000;DATA;1611608096.992627
/ndn/h2-site/h2/C2Data-50-Type4;187800.0000;DATA;1611608097.006442
/ndn/d1-site/d1/C2Data-1939-Type2;605.0000;DATA;1611608097.248509
/ndn/s5-site/s5/C2Data-4238-Type1;23733.0000;DATA;1611608097.307436
/ndn/s13-site/s13/C2Data-5206-Type1;353.0000;DATA;1611608097.653588
/ndn/s5-site/s5/C2Data-4238-Type2;23358.0000;DATA;1611608097.717468
/ndn/h5-site/h5/C2Data-608-Type1;24045.0000;DATA;1611608098.653540
/ndn/d12-site/d12/C2Data-1648-Type3;812.0000;DATA;1611608098.707021
/ndn/h14-site/h14/C2Data-1697-Type2;655.0000;DATA;1611608099.226410
/ndn/d9-site/d9/C2Data-600-Type4;549.0000;DATA;1611608104.502472
/ndn/s4-site/s4/C2Data-2075-Type3;652.0000;DATA;1611608104.957475
/ndn/v12-site/v12/C2Data-3478-Type3;558.0000;DATA;1611608106.666353
/ndn/v8-site/v8/C2Data-3234-Type3;441.0000;DATA;1611608107.533470
/ndn/s6-site/s6/C2Data-2197-Type3;631.0000;DATA;1611608107.815463
/ndn/h13-site/h13/C2Data-794-Type3;75306.0000;DATA;1611608107.785439
/ndn/d6-site/d6/C2Data-525-Type4;573.0000;DATA;1611608115.599416
/ndn/v5-site/v5/C2Data-875-Type4;477.0000;DATA;1611608116.067475
/ndn/v1-site/v1/C2Data-5570-Type1;140899.0000;DATA;1611608120.538505
/ndn/s5-site/s5/C2Data-4239-Type2;129553.0000;DATA;1611608121.470425
/ndn/h5-site/h5/C2Data-125-Type4;23907.0000;DATA;1611608122.451496
/ndn/v7-site/v7/C2Data-6296-Type1;188195.0000;DATA;1611608122.321483
/ndn/s14-site/s14/C2Data-5328-Type2;169346.0000;DATA;1611608123.682422
/ndn/v9-site/v9/C2Data-6538-Type2;47461.0000;DATA;1611608124.666485
/ndn/d3-site/d3/C2Data-2182-Type1;125825.0000;DATA;1611608125.385630
/ndn/s4-site/s4/C2Data-4118-Type1;24895.0000;DATA;1611608125.659508
/ndn/s0-site/s0/C2Data-3634-Type1;23450.0000;DATA;1611608125.883488
/ndn/s6-site/s6/C2Data-4360-Type1;503.0000;DATA;1611608126.292469
/ndn/v8-site/v8/C2Data-6417-Type2;596.0000;DATA;1611608126.761411
/ndn/s4-site/s4/C2Data-4118-Type2;24387.0000;DATA;1611608127.622458
/ndn/s8-site/s8/C2Data-4602-Type2;23939.0000;DATA;1611608129.891585
/ndn/d1-site/d1/C2Data-1940-Type1;172275.0000;DATA;1611608129.958528
/ndn/d8-site/d8/C2Data-2787-Type2;894.0000;DATA;1611608131.706489
/ndn/v2-site/v2/C2Data-5691-Type1;122314.0000;DATA;1611608131.636472
/ndn/v0-site/v0/C2Data-750-Type4;663.0000;DATA;1611608134.628483
/ndn/v9-site/v9/C2Data-975-Type4;458.0000;DATA;1611608140.829397
/ndn/h10-site/h10/C2Data-250-Type4;23637.0000;DATA;1611608143.394595
/ndn/v8-site/v8/C2Data-950-Type4;703.0000;DATA;1611608143.646440
/ndn/v5-site/v5/C2Data-3052-Type3;23279.0000;DATA;1611608146.667057
/ndn/v8-site/v8/C2Data-3235-Type3;48898.0000;DATA;1611608148.417477
/ndn/v11-site/v11/C2Data-3418-Type3;740.0000;DATA;1611608150.625595
/ndn/h5-site/h5/C2Data-307-Type3;23283.0000;DATA;1611608150.990527
/ndn/v7-site/v7/C2Data-6297-Type2;192747.0000;DATA;1611608151.008484
/ndn/h1-site/h1/C2Data-126-Type2;72640.0000;DATA;1611608151.598480
/ndn/v3-site/v3/C2Data-5813-Type2;73149.0000;DATA;1611608151.936051
/ndn/s10-site/s10/C2Data-4845-Type1;165098.0000;DATA;1611608152.430484
/ndn/v10-site/v10/C2Data-6660-Type2;69654.0000;DATA;1611608153.989508
/ndn/d11-site/d11/C2Data-650-Type4;538.0000;DATA;1611608155.651412
/ndn/v6-site/v6/C2Data-6176-Type1;579.0000;DATA;1611608155.968429
/ndn/v4-site/v4/C2Data-5934-Type2;575.0000;DATA;1611608156.021476
/ndn/v14-site/v14/C2Data-7144-Type2;46889.0000;DATA;1611608156.185410
/ndn/h7-site/h7/C2Data-852-Type2;690.0000;DATA;1611608158.096438
/ndn/h5-site/h5/C2Data-610-Type2;674.0000;DATA;1611608159.433449
/ndn/v4-site/v4/C2Data-2991-Type3;650.0000;DATA;1611608160.550397
/ndn/h2-site/h2/C2Data-247-Type2;532.0000;DATA;1611608160.611439
/ndn/h13-site/h13/C2Data-1578-Type1;74099.0000;DATA;1611608161.688469
/ndn/d2-site/d2/C2Data-1039-Type3;677.0000;DATA;1611608161.963403
/ndn/h12-site/h12/C2Data-734-Type3;661.0000;DATA;1611608163.305424
/ndn/d0-site/d0/C2Data-917-Type3;29225.0000;DATA;1611608164.163602
/ndn/v0-site/v0/C2Data-5451-Type1;121231.0000;DATA;1611608180.853394
/ndn/v14-site/v14/C2Data-7145-Type2;639.0000;DATA;1611608183.558501
/ndn/h3-site/h3/C2Data-369-Type1;144566.0000;DATA;1611608183.906480
/ndn/v13-site/v13/C2Data-7024-Type2;70751.0000;DATA;1611608184.380428
/ndn/s1-site/s1/C2Data-3757-Type2;802.0000;DATA;1611608185.292477
/ndn/v7-site/v7/C2Data-6298-Type1;101471.0000;DATA;1611608185.780449
/ndn/v14-site/v14/C2Data-7145-Type1;51043.0000;DATA;1611608186.031451
/ndn/d10-site/d10/C2Data-3031-Type2;581.0000;DATA;1611608187.063407
/ndn/d2-site/d2/C2Data-2063-Type1;683.0000;DATA;1611608187.376504
/ndn/v5-site/v5/C2Data-6056-Type2;629.0000;DATA;1611608187.892453
/ndn/d9-site/d9/C2Data-2910-Type2;569.0000;DATA;1611608188.573471
/ndn/h2-site/h2/C2Data-248-Type2;73896.0000;DATA;1611608188.586445
/ndn/d3-site/d3/C2Data-2184-Type2;626.0000;DATA;1611608189.191433
/ndn/s0-site/s0/C2Data-3636-Type1;92466.0000;DATA;1611608190.275560
/ndn/h0-site/h0/C2Data-6-Type2;628.0000;DATA;1611608190.385401
/ndn/v4-site/v4/C2Data-5935-Type2;596.0000;DATA;1611608191.858457
/ndn/h5-site/h5/C2Data-308-Type3;64259.0000;DATA;1611608209.242624
/ndn/h4-site/h4/C2Data-491-Type2;27160.0000;DATA;1611608210.342436
/ndn/d8-site/d8/C2Data-2790-Type2;160574.0000;DATA;1611608210.456451
/ndn/s9-site/s9/C2Data-4726-Type1;595.0000;DATA;1611608213.865673
/ndn/h13-site/h13/C2Data-1580-Type2;25340.0000;DATA;1611608215.461650
