/ndn/v7-site/v7/C2Data-4477-Type1;51689.0000;DATA;1612145587.905125
/ndn/s1-site/s1/C2Data-2541-Type2;249718.0000;DATA;1612145589.736083
/ndn/h7-site/h7/C2Data-847-Type1;151507.0000;DATA;1612145591.970602
/ndn/s0-site/s0/C2Data-2420-Type2;28682.0000;DATA;1612145594.897748
/ndn/s9-site/s9/C2Data-3509-Type1;106442.0000;DATA;1612145595.899702
/ndn/s8-site/s8/C2Data-3388-Type2;78879.0000;DATA;1612145598.440996
/ndn/s4-site/s4/C2Data-1464-Type3;210116.0000;DATA;1612145611.760913
/ndn/h3-site/h3/C2Data-183-Type3;25863.0000;DATA;1612145617.822554
/ndn/h3-site/h3/C2Data-364-Type2;145563.0000;DATA;1612145618.149522
/ndn/v0-site/v0/C2Data-3631-Type2;5172.0000;DATA;1612145621.288117
/ndn/d3-site/d3/C2Data-1574-Type2;74098.0000;DATA;1612145622.704477
/ndn/s2-site/s2/C2Data-2663-Type1;183055.0000;DATA;1612145624.488842
/ndn/v9-site/v9/C2Data-4720-Type2;25615.0000;DATA;1612145625.562494
/ndn/s9-site/s9/C2Data-3510-Type1;238343.0000;DATA;1612145625.760725
/ndn/d1-site/d1/C2Data-1332-Type1;95978.0000;DATA;1612145627.934493
/ndn/d0-site/d0/C2Data-1211-Type1;94449.0000;DATA;1612145627.966075
/ndn/v3-site/v3/C2Data-3994-Type2;2039.0000;DATA;1612145628.527523
/ndn/d2-site/d2/C2Data-732-Type3;1156.0000;DATA;1612145628.929489
/ndn/v4-site/v4/C2Data-2074-Type3;126971.0000;DATA;1612145631.636353
/ndn/d6-site/d6/C2Data-976-Type3;2260.0000;DATA;1612145632.333019
/ndn/s2-site/s2/C2Data-1342-Type3;180180.0000;DATA;1612145634.416510
/ndn/s6-site/s6/C2Data-3148-Type1;2571.0000;DATA;1612145650.583750
/ndn/s3-site/s3/C2Data-2785-Type1;234765.0000;DATA;1612145651.543856
/ndn/v8-site/v8/C2Data-4600-Type1;73003.0000;DATA;1612145655.433201
/ndn/s5-site/s5/C2Data-3027-Type2;25531.0000;DATA;1612145655.617524
/ndn/s0-site/s0/C2Data-1221-Type3;163003.0000;DATA;1612145672.585184
/ndn/d3-site/d3/C2Data-794-Type3;165713.0000;DATA;1612145676.221518
/ndn/h5-site/h5/C2Data-608-Type2;152384.0000;DATA;1612145681.876941
/ndn/s2-site/s2/C2Data-1343-Type3;158500.0000;DATA;1612145682.002195
