/ndn/h11-site/h11/C2Data-1331-Type2;121504.0000;DATA;1611607420.284391
/ndn/v4-site/v4/C2Data-5929-Type2;191610.0000;DATA;1611607420.292390
/ndn/h5-site/h5/C2Data-605-Type2;48446.0000;DATA;1611607421.157617
/ndn/h0-site/h0/C2Data-0-Type2;120739.0000;DATA;1611607424.926410
/ndn/d1-site/d1/C2Data-1936-Type2;211528.0000;DATA;1611607427.260355
/ndn/v4-site/v4/C2Data-2989-Type3;23670.0000;DATA;1611607445.147363
/ndn/d2-site/d2/C2Data-1037-Type3;70230.0000;DATA;1611607445.506365
/ndn/d12-site/d12/C2Data-1647-Type3;106257.0000;DATA;1611607445.810308
/ndn/h7-site/h7/C2Data-427-Type3;587.0000;DATA;1611607448.486377
/ndn/v7-site/v7/C2Data-3172-Type3;50452.0000;DATA;1611607451.431351
/ndn/d0-site/d0/C2Data-1816-Type2;92839.0000;DATA;1611607452.314299
/ndn/d13-site/d13/C2Data-3389-Type1;169596.0000;DATA;1611607452.662349
/ndn/d4-site/d4/C2Data-2300-Type2;125489.0000;DATA;1611607453.474305
/ndn/s0-site/s0/C2Data-3631-Type2;559.0000;DATA;1611607453.891331
/ndn/d1-site/d1/C2Data-976-Type3;192383.0000;DATA;1611607454.936355
/ndn/v7-site/v7/C2Data-6293-Type1;27015.0000;DATA;1611607455.112462
/ndn/s6-site/s6/C2Data-4357-Type2;723.0000;DATA;1611607456.653328
/ndn/v2-site/v2/C2Data-2867-Type3;23939.0000;DATA;1611607456.967414
/ndn/s4-site/s4/C2Data-2074-Type3;46868.0000;DATA;1611607457.335274
/ndn/v5-site/v5/C2Data-6051-Type2;23714.0000;DATA;1611607458.477372
/ndn/v8-site/v8/C2Data-3233-Type3;593.0000;NACK;1611607459.260425
/ndn/d7-site/d7/C2Data-1342-Type3;49881.0000;DATA;1611607460.105354
/ndn/d4-site/d4/C2Data-2300-Type1;176844.0000;DATA;1611607460.615339
/ndn/s7-site/s7/C2Data-4478-Type2;24499.0000;DATA;1611607461.064345
/ndn/h11-site/h11/C2Data-671-Type3;46859.0000;DATA;1611607461.104269
/ndn/v10-site/v10/C2Data-3355-Type3;73412.0000;DATA;1611607463.000296
/ndn/h3-site/h3/C2Data-183-Type3;23816.0000;DATA;1611607463.483383
/ndn/h9-site/h9/C2Data-549-Type3;25080.0000;DATA;1611607466.103373
/ndn/d13-site/d13/C2Data-1708-Type3;46564.0000;DATA;1611607466.482339
/ndn/v12-site/v12/C2Data-3477-Type3;583.0000;NACK;1611607467.688299
/ndn/d11-site/d11/C2Data-1586-Type3;52488.0000;DATA;1611607467.746316
/ndn/h2-site/h2/C2Data-244-Type1;222325.0000;DATA;1611607482.743331
/ndn/s12-site/s12/C2Data-5084-Type1;47660.0000;DATA;1611607483.442273
/ndn/s13-site/s13/C2Data-5205-Type2;23434.0000;DATA;1611607483.753381
/ndn/h12-site/h12/C2Data-1454-Type2;49769.0000;DATA;1611607485.271335
/ndn/h11-site/h11/C2Data-1333-Type2;49357.0000;DATA;1611607485.300316
/ndn/h9-site/h9/C2Data-1091-Type2;31415.0000;DATA;1611607486.714372
/ndn/v12-site/v12/C2Data-6899-Type2;626.0000;NACK;1611607488.769352
/ndn/d12-site/d12/C2Data-3269-Type2;23383.0000;DATA;1611607490.708338
/ndn/h1-site/h1/C2Data-123-Type1;47124.0000;DATA;1611607491.086389
/ndn/v8-site/v8/C2Data-6415-Type2;26828.0000;DATA;1611607491.789328
/ndn/d13-site/d13/C2Data-1709-Type3;178504.0000;DATA;1611607505.533268
/ndn/v5-site/v5/C2Data-3051-Type3;228613.0000;DATA;1611607507.416886
/ndn/s6-site/s6/C2Data-2197-Type3;584.0000;DATA;1611607507.944345
/ndn/s3-site/s3/C2Data-2014-Type3;493.0000;DATA;1611607507.947422
/ndn/s0-site/s0/C2Data-1831-Type3;436.0000;DATA;1611607510.764260
/ndn/d1-site/d1/C2Data-1939-Type2;37039.0000;DATA;1611607510.869304
/ndn/h0-site/h0/C2Data-1-Type3;23335.0000;DATA;1611607511.340304
/ndn/s7-site/s7/C2Data-4480-Type1;212064.0000;DATA;1611607511.328306
/ndn/v10-site/v10/C2Data-3356-Type3;48266.0000;DATA;1611607512.419326
/ndn/d12-site/d12/C2Data-3270-Type1;98283.0000;DATA;1611607513.912348
/ndn/s8-site/s8/C2Data-2319-Type3;148112.0000;DATA;1611607514.284341
/ndn/v2-site/v2/C2Data-5690-Type2;23819.0000;DATA;1611607514.914278
/ndn/d9-site/d9/C2Data-1465-Type3;23752.0000;DATA;1611607515.724151
/ndn/v7-site/v7/C2Data-6295-Type1;105093.0000;DATA;1611607516.134315
/ndn/d6-site/d6/C2Data-1282-Type3;406.0000;DATA;1611607517.924418
/ndn/s9-site/s9/C2Data-4722-Type1;603.0000;DATA;1611607518.295453
/ndn/v2-site/v2/C2Data-2868-Type3;23976.0000;DATA;1611607518.456345
/ndn/s13-site/s13/C2Data-5206-Type1;503.0000;DATA;1611607518.596466
/ndn/d3-site/d3/C2Data-2181-Type2;443.0000;DATA;1611607518.989439
/ndn/d11-site/d11/C2Data-1587-Type3;27277.0000;DATA;1611607519.031344
/ndn/h4-site/h4/C2Data-487-Type2;23509.0000;DATA;1611607519.311482
/ndn/v11-site/v11/C2Data-3417-Type3;46816.0000;DATA;1611607519.329312
/ndn/s11-site/s11/C2Data-2502-Type3;26675.0000;DATA;1611607519.464304
/ndn/h12-site/h12/C2Data-1455-Type2;47976.0000;DATA;1611607519.636316
/ndn/h12-site/h12/C2Data-1455-Type1;94869.0000;DATA;1611607520.335297
/ndn/d8-site/d8/C2Data-1404-Type3;23750.0000;DATA;1611607520.884339
/ndn/v4-site/v4/C2Data-2990-Type3;26425.0000;DATA;1611607521.229324
/ndn/h10-site/h10/C2Data-250-Type4;73101.0000;DATA;1611607521.785464
/ndn/s9-site/s9/C2Data-2380-Type3;613.0000;DATA;1611607522.137350
/ndn/h5-site/h5/C2Data-306-Type3;500.0000;DATA;1611607522.307338
/ndn/v14-site/v14/C2Data-3600-Type3;24246.0000;DATA;1611607522.856362
/ndn/v8-site/v8/C2Data-3234-Type3;24576.0000;DATA;1611607526.111366
/ndn/v8-site/v8/C2Data-950-Type4;47688.0000;DATA;1611607531.790061
/ndn/v6-site/v6/C2Data-900-Type4;79493.0000;DATA;1611607534.154637
/ndn/v5-site/v5/C2Data-875-Type4;25363.0000;DATA;1611607535.640310
/ndn/v14-site/v14/C2Data-1100-Type4;28198.0000;DATA;1611607536.772548
/ndn/s0-site/s0/C2Data-3634-Type1;24023.0000;DATA;1611607540.357156
/ndn/d12-site/d12/C2Data-3271-Type2;99996.0000;DATA;1611607540.307278
/ndn/d7-site/d7/C2Data-550-Type4;23364.0000;DATA;1611607540.662359
/ndn/d0-site/d0/C2Data-1819-Type2;23750.0000;DATA;1611607542.039278
/ndn/d1-site/d1/C2Data-1940-Type2;548.0000;DATA;1611607546.499265
/ndn/s8-site/s8/C2Data-4602-Type1;49183.0000;DATA;1611607546.654999
/ndn/v7-site/v7/C2Data-6296-Type2;26886.0000;DATA;1611607547.779297
/ndn/h14-site/h14/C2Data-1698-Type1;170745.0000;DATA;1611607548.418398
/ndn/h4-site/h4/C2Data-488-Type2;25633.0000;DATA;1611607548.730316
/ndn/d9-site/d9/C2Data-2908-Type2;23558.0000;DATA;1611607549.082361
/ndn/d10-site/d10/C2Data-625-Type4;30273.0000;DATA;1611607556.277971
/ndn/d2-site/d2/C2Data-425-Type4;23380.0000;DATA;1611607562.679319
/ndn/h13-site/h13/C2Data-325-Type4;99770.0000;DATA;1611607564.957285
/ndn/d13-site/d13/C2Data-1710-Type3;93470.0000;DATA;1611607568.400346
/ndn/v7-site/v7/C2Data-925-Type4;23579.0000;DATA;1611607570.169485
/ndn/h5-site/h5/C2Data-610-Type1;49284.0000;DATA;1611607570.505261
/ndn/v1-site/v1/C2Data-5571-Type1;161104.0000;DATA;1611607570.573321
/ndn/h11-site/h11/C2Data-673-Type3;191957.0000;DATA;1611607570.898256
/ndn/h12-site/h12/C2Data-1457-Type1;210166.0000;DATA;1611607570.892354
/ndn/d14-site/d14/C2Data-725-Type4;48039.0000;DATA;1611607571.459278
/ndn/d8-site/d8/C2Data-1405-Type3;23676.0000;DATA;1611607572.127319
/ndn/d11-site/d11/C2Data-1588-Type3;47296.0000;DATA;1611607572.280296
/ndn/h6-site/h6/C2Data-368-Type3;25064.0000;DATA;1611607572.807271
/ndn/h10-site/h10/C2Data-1215-Type1;70378.0000;DATA;1611607573.574330
/ndn/v7-site/v7/C2Data-3174-Type3;23972.0000;DATA;1611607574.246300
/ndn/h11-site/h11/C2Data-1336-Type2;46078.0000;DATA;1611607574.381328
/ndn/v3-site/v3/C2Data-2930-Type3;486.0000;DATA;1611607574.855284
/ndn/d6-site/d6/C2Data-2546-Type1;661.0000;DATA;1611607576.204281
/ndn/s7-site/s7/C2Data-4482-Type1;50994.0000;DATA;1611607576.425288
/ndn/d5-site/d5/C2Data-2425-Type1;24297.0000;DATA;1611607576.579352
/ndn/s13-site/s13/C2Data-2625-Type3;723.0000;DATA;1611607577.092371
/ndn/s12-site/s12/C2Data-5087-Type2;23509.0000;DATA;1611607577.663323
/ndn/h9-site/h9/C2Data-1094-Type2;23431.0000;DATA;1611607578.304272
/ndn/d3-site/d3/C2Data-2183-Type2;671.0000;DATA;1611607579.375343
/ndn/h7-site/h7/C2Data-852-Type1;141823.0000;DATA;1611607579.761315
/ndn/v13-site/v13/C2Data-7023-Type2;797.0000;DATA;1611607581.343345
/ndn/s8-site/s8/C2Data-4603-Type2;145095.0000;DATA;1611607581.255333
/ndn/h1-site/h1/C2Data-126-Type1;147521.0000;DATA;1611607581.365502
/ndn/v11-site/v11/C2Data-3418-Type3;94697.0000;DATA;1611607581.469308
/ndn/d7-site/d7/C2Data-2667-Type1;48340.0000;DATA;1611607581.761419
/ndn/d0-site/d0/C2Data-917-Type3;31849.0000;DATA;1611607586.422372
/ndn/s4-site/s4/C2Data-2076-Type3;547.0000;DATA;1611607586.558451
/ndn/d2-site/d2/C2Data-1039-Type3;26976.0000;DATA;1611607586.543266
/ndn/s6-site/s6/C2Data-4362-Type2;69991.0000;DATA;1611607600.427302
/ndn/h11-site/h11/C2Data-1337-Type1;198146.0000;DATA;1611607600.924343
/ndn/d2-site/d2/C2Data-2063-Type2;122135.0000;DATA;1611607601.448357
/ndn/d12-site/d12/C2Data-3273-Type2;98730.0000;DATA;1611607602.525359
/ndn/s0-site/s0/C2Data-3636-Type2;24048.0000;DATA;1611607603.390400
/ndn/d4-site/d4/C2Data-2305-Type2;23724.0000;DATA;1611607605.632267
/ndn/d14-site/d14/C2Data-3515-Type2;46764.0000;DATA;1611607607.262426
/ndn/d11-site/d11/C2Data-3152-Type2;101367.0000;DATA;1611607608.453573
/ndn/s1-site/s1/C2Data-3757-Type1;23792.0000;DATA;1611607609.154347
/ndn/s1-site/s1/C2Data-3757-Type2;23352.0000;DATA;1611607609.405400
/ndn/h2-site/h2/C2Data-248-Type2;46409.0000;DATA;1611607609.974317
/ndn/h5-site/h5/C2Data-611-Type2;667.0000;DATA;1611607610.961309
/ndn/v2-site/v2/C2Data-5693-Type1;49552.0000;DATA;1611607611.429239
/ndn/v9-site/v9/C2Data-6540-Type2;652.0000;DATA;1611607611.914303
/ndn/v1-site/v1/C2Data-2809-Type3;165193.0000;DATA;1611607624.228259
/ndn/s14-site/s14/C2Data-2687-Type3;168599.0000;DATA;1611607626.600356
/ndn/s5-site/s5/C2Data-2138-Type3;75173.0000;DATA;1611607627.452373
/ndn/h0-site/h0/C2Data-7-Type1;116260.0000;DATA;1611607630.137296
/ndn/s8-site/s8/C2Data-4605-Type2;146689.0000;DATA;1611607631.372279
/ndn/v11-site/v11/C2Data-6783-Type1;166640.0000;DATA;1611607631.988303
/ndn/v0-site/v0/C2Data-5452-Type2;598.0000;DATA;1611607632.281258
/ndn/s13-site/s13/C2Data-5210-Type2;23739.0000;DATA;1611607633.252351
/ndn/v13-site/v13/C2Data-7025-Type2;48273.0000;DATA;1611607634.148376
/ndn/h5-site/h5/C2Data-612-Type2;23414.0000;DATA;1611607634.361280
/ndn/h5-site/h5/C2Data-612-Type1;23928.0000;DATA;1611607634.840266
/ndn/h2-site/h2/C2Data-249-Type2;23520.0000;DATA;1611607635.284263
/ndn/s3-site/s3/C2Data-4000-Type2;23619.0000;DATA;1611607635.896359
