/ndn/h3-site/h3/C2Data-363-Type2;48154.0000;DATA;1612719529.352757
/ndn/v2-site/v2/C2Data-3872-Type2;34603.0000;DATA;1612719529.494774
/ndn/s9-site/s9/C2Data-3509-Type1;123585.0000;DATA;1612719530.015075
/ndn/s5-site/s5/C2Data-3025-Type2;81447.0000;DATA;1612719531.494145
/ndn/v7-site/v7/C2Data-4477-Type1;158712.0000;DATA;1612719535.789444
/ndn/d9-site/d9/C2Data-2299-Type1;123524.0000;DATA;1612719536.910104
/ndn/v5-site/v5/C2Data-4235-Type1;146340.0000;DATA;1612719536.970468
/ndn/v2-site/v2/C2Data-1952-Type3;31855.0000;DATA;1612719550.183075
/ndn/h8-site/h8/C2Data-488-Type3;168376.0000;DATA;1612719551.795170
/ndn/h3-site/h3/C2Data-183-Type3;48876.0000;DATA;1612719552.111061
/ndn/v4-site/v4/C2Data-2074-Type3;329241.0000;DATA;1612719552.181048
/ndn/d7-site/d7/C2Data-1037-Type3;28031.0000;DATA;1612719553.564907
/ndn/v2-site/v2/C2Data-3873-Type2;28040.0000;DATA;1612719558.230011
/ndn/h5-site/h5/C2Data-305-Type3;125539.0000;DATA;1612719560.128103
/ndn/h7-site/h7/C2Data-427-Type3;157098.0000;DATA;1612719560.202349
/ndn/h9-site/h9/C2Data-549-Type3;57889.0000;DATA;1612719560.340362
/ndn/v6-site/v6/C2Data-2196-Type3;78623.0000;DATA;1612719563.159979
/ndn/v3-site/v3/C2Data-3994-Type1;147980.0000;DATA;1612719563.141766
/ndn/d3-site/d3/C2Data-1574-Type2;119909.0000;DATA;1612719566.029200
/ndn/v5-site/v5/C2Data-4236-Type2;169720.0000;DATA;1612719567.106517
/ndn/s8-site/s8/C2Data-1708-Type3;28060.0000;DATA;1612719567.541048
/ndn/s9-site/s9/C2Data-1769-Type3;141424.0000;DATA;1612719569.320210
/ndn/s0-site/s0/C2Data-1220-Type3;54341.0000;DATA;1612719570.752145
/ndn/v5-site/v5/C2Data-2135-Type3;191609.0000;DATA;1612719572.406262
/ndn/s8-site/s8/C2Data-3390-Type2;38398.0000;DATA;1612719587.625046
/ndn/h0-site/h0/C2Data-2-Type2;105238.0000;DATA;1612719587.884125
/ndn/d4-site/d4/C2Data-1696-Type1;189528.0000;DATA;1612719588.211441
/ndn/h9-site/h9/C2Data-1091-Type1;57280.0000;DATA;1612719590.589905
/ndn/s1-site/s1/C2Data-2543-Type1;100761.0000;DATA;1612719592.443056
/ndn/h4-site/h4/C2Data-486-Type2;127404.0000;DATA;1612719592.497331
/ndn/v0-site/v0/C2Data-3632-Type1;164828.0000;DATA;1612719593.648302
/ndn/h8-site/h8/C2Data-970-Type1;193538.0000;DATA;1612719594.635307
/ndn/s6-site/s6/C2Data-3148-Type2;122935.0000;DATA;1612719597.286677
/ndn/h2-site/h2/C2Data-244-Type2;48248.0000;DATA;1612719597.389076
/ndn/s5-site/s5/C2Data-1526-Type3;74889.0000;DATA;1612719615.297189
/ndn/s1-site/s1/C2Data-1282-Type3;109855.0000;DATA;1612719615.322470
/ndn/s9-site/s9/C2Data-3512-Type2;128136.0000;DATA;1612719618.145679
/ndn/d3-site/d3/C2Data-1576-Type1;125720.0000;DATA;1612719619.562044
/ndn/h1-site/h1/C2Data-62-Type3;130932.0000;DATA;1612719619.987960
/ndn/h8-site/h8/C2Data-489-Type3;171202.0000;DATA;1612719620.242885
/ndn/d7-site/d7/C2Data-2060-Type1;25029.0000;DATA;1612719622.824726
/ndn/v5-site/v5/C2Data-4238-Type2;151050.0000;DATA;1612719622.735477
/ndn/d4-site/d4/C2Data-1697-Type2;177226.0000;DATA;1612719623.203548
/ndn/v3-site/v3/C2Data-2014-Type3;146743.0000;DATA;1612719624.535545
/ndn/v2-site/v2/C2Data-550-Type4;25512.0000;DATA;1612719626.504076
/ndn/d2-site/d2/C2Data-733-Type3;130694.0000;DATA;1612719627.348066
/ndn/h5-site/h5/C2Data-306-Type3;130130.0000;DATA;1612719631.050061
/ndn/s3-site/s3/C2Data-1404-Type3;6001874.0000;TIMEOUT;1612719625.219392
/ndn/s5-site/s5/C2Data-3028-Type2;6001940.0000;TIMEOUT;1612719626.276035
/ndn/s3-site/s3/C2Data-2786-Type1;6000591.0000;TIMEOUT;1612719627.034676
/ndn/h6-site/h6/C2Data-150-Type4;402439.0000;DATA;1612719639.554639
/ndn/v0-site/v0/C2Data-500-Type4;277942.0000;DATA;1612719639.776015
/ndn/v3-site/v3/C2Data-3997-Type2;168613.0000;DATA;1612719646.619218
/ndn/h2-site/h2/C2Data-246-Type1;50925.0000;DATA;1612719647.261592
/ndn/v2-site/v2/C2Data-3876-Type1;25551.0000;DATA;1612719650.009413
/ndn/v0-site/v0/C2Data-3634-Type2;147710.0000;DATA;1612719649.897182
/ndn/d7-site/d7/C2Data-2061-Type1;30559.0000;DATA;1612719652.211781
/ndn/v8-site/v8/C2Data-4602-Type2;106284.0000;DATA;1612719653.175020
/ndn/v7-site/v7/C2Data-4481-Type1;152867.0000;DATA;1612719653.701164
/ndn/h6-site/h6/C2Data-730-Type1;189710.0000;DATA;1612719654.615577
/ndn/h8-site/h8/C2Data-972-Type2;174529.0000;DATA;1612719656.316774
/ndn/s0-site/s0/C2Data-2424-Type2;6004325.0000;TIMEOUT;1612719651.869671
/ndn/s1-site/s1/C2Data-2545-Type2;6001578.0000;TIMEOUT;1612719652.263403
/ndn/s6-site/s6/C2Data-3150-Type1;6001738.0000;TIMEOUT;1612719656.523777
/ndn/s8-site/s8/C2Data-3392-Type2;6003591.0000;TIMEOUT;1612719657.814595
/ndn/s9-site/s9/C2Data-3513-Type1;6000922.0000;TIMEOUT;1612719657.827596
/ndn/d9-site/d9/C2Data-475-Type4;128151.0000;DATA;1612719674.547863
/ndn/v2-site/v2/C2Data-1954-Type3;34090.0000;DATA;1612719678.216686
/ndn/h8-site/h8/C2Data-973-Type1;179334.0000;DATA;1612719678.463047
/ndn/d9-site/d9/C2Data-2304-Type2;157905.0000;DATA;1612719679.031376
/ndn/h9-site/h9/C2Data-1094-Type1;50591.0000;DATA;1612719679.688310
/ndn/d2-site/d2/C2Data-1457-Type1;117814.0000;DATA;1612719681.311121
/ndn/h7-site/h7/C2Data-175-Type4;146907.0000;DATA;1612719682.100795
/ndn/d4-site/d4/C2Data-1699-Type1;174419.0000;DATA;1612719682.898136
/ndn/s0-site/s0/C2Data-2425-Type2;6002418.0000;TIMEOUT;1612719679.550459
/ndn/s7-site/s7/C2Data-3272-Type2;6011477.0000;TIMEOUT;1612719680.470661
/ndn/s9-site/s9/C2Data-1771-Type3;6000547.0000;TIMEOUT;1612719680.494119
/ndn/s4-site/s4/C2Data-2909-Type2;6000685.0000;TIMEOUT;1612719680.826997
/ndn/s3-site/s3/C2Data-1405-Type3;6001945.0000;TIMEOUT;1612719683.518713
/ndn/s6-site/s6/C2Data-3151-Type1;6001615.0000;TIMEOUT;1612719685.489092
/ndn/s7-site/s7/C2Data-1649-Type3;6000894.0000;TIMEOUT;1612719688.030866
/ndn/v3-site/v3/C2Data-2015-Type3;150043.0000;DATA;1612719693.997042
/ndn/h6-site/h6/C2Data-732-Type1;176240.0000;DATA;1612719707.272255
/ndn/d9-site/d9/C2Data-2305-Type2;123339.0000;DATA;1612719709.023823
/ndn/d8-site/d8/C2Data-2184-Type2;75634.0000;DATA;1612719711.414644
/ndn/s3-site/s3/C2Data-2789-Type2;6001526.0000;TIMEOUT;1612719706.181958
/ndn/d8-site/d8/C2Data-2184-Type1;91557.0000;DATA;1612719716.077259
/ndn/v5-site/v5/C2Data-2138-Type3;159053.0000;DATA;1612719731.279336
/ndn/v3-site/v3/C2Data-2016-Type3;156660.0000;DATA;1612719735.607141
/ndn/d0-site/d0/C2Data-1217-Type1;167579.0000;DATA;1612719736.458929
/ndn/v8-site/v8/C2Data-4605-Type1;111638.0000;DATA;1612719736.745439
/ndn/v1-site/v1/C2Data-3758-Type1;127400.0000;DATA;1612719739.473995
/ndn/v0-site/v0/C2Data-1833-Type3;143526.0000;DATA;1612719739.503371
/ndn/s5-site/s5/C2Data-1528-Type3;6000799.0000;TIMEOUT;1612719734.219985
/ndn/h4-site/h4/C2Data-491-Type1;139045.0000;DATA;1612719740.800751
/ndn/v3-site/v3/C2Data-4000-Type2;153802.0000;DATA;1612719741.289493
/ndn/d6-site/d6/C2Data-1943-Type1;207392.0000;DATA;1612719741.600068
/ndn/v9-site/v9/C2Data-4726-Type1;102106.0000;DATA;1612719742.359675
/ndn/d7-site/d7/C2Data-1040-Type3;32342.0000;DATA;1612719742.837242
/ndn/s9-site/s9/C2Data-3516-Type2;6003141.0000;TIMEOUT;1612719736.971199
/ndn/s7-site/s7/C2Data-1650-Type3;6002975.0000;TIMEOUT;1612719737.122256
/ndn/d3-site/d3/C2Data-796-Type3;127993.0000;DATA;1612719744.136830
/ndn/s0-site/s0/C2Data-1223-Type3;6002361.0000;TIMEOUT;1612719739.147998
/ndn/v8-site/v8/C2Data-364-Type5;100054.0000;DATA;1612719745.466010
/ndn/h3-site/h3/C2Data-186-Type3;53012.0000;DATA;1612719745.714387
/ndn/s6-site/s6/C2Data-1589-Type3;6001902.0000;TIMEOUT;1612719741.295518
/ndn/h7-site/h7/C2Data-430-Type3;150534.0000;DATA;1612719748.810802
/ndn/s1-site/s1/C2Data-2548-Type1;6001353.0000;TIMEOUT;1612719743.117524
/ndn/d6-site/d6/C2Data-979-Type3;207374.0000;DATA;1612719750.216538
/ndn/d5-site/d5/C2Data-195-Type5;159439.0000;DATA;1612719752.742010
/ndn/v7-site/v7/C2Data-351-Type5;184822.0000;DATA;1612719762.741300
/ndn/d4-site/d4/C2Data-182-Type5;172714.0000;DATA;1612719767.509774
/ndn/d6-site/d6/C2Data-1944-Type1;108841.0000;DATA;1612719773.803066
/ndn/d4-site/d4/C2Data-351-Type4;169408.0000;DATA;1612719774.940973
/ndn/h1-site/h1/C2Data-129-Type1;126696.0000;DATA;1612719778.065372
/ndn/s5-site/s5/C2Data-3033-Type1;6005482.0000;TIMEOUT;1612719772.338332
/ndn/d7-site/d7/C2Data-1041-Type3;43526.0000;DATA;1612719790.908354
/ndn/v2-site/v2/C2Data-1956-Type3;39044.0000;DATA;1612719792.479423
/ndn/d9-site/d9/C2Data-1163-Type3;131562.0000;DATA;1612719792.706827
/ndn/d3-site/d3/C2Data-797-Type3;185899.0000;DATA;1612719794.355068
/ndn/v7-site/v7/C2Data-4486-Type1;159281.0000;DATA;1612719797.143695
/ndn/v9-site/v9/C2Data-726-Type4;107309.0000;DATA;1612719798.115082
/ndn/h6-site/h6/C2Data-78-Type5;180568.0000;DATA;1612719798.718830
/ndn/d8-site/d8/C2Data-2187-Type1;73494.0000;DATA;1612719799.580026
/ndn/h4-site/h4/C2Data-493-Type1;150865.0000;DATA;1612719801.192714
/ndn/d5-site/d5/C2Data-376-Type4;122724.0000;DATA;1612719802.012902
/ndn/h8-site/h8/C2Data-977-Type2;168624.0000;DATA;1612719802.075074
/ndn/s2-site/s2/C2Data-2671-Type2;6001097.0000;TIMEOUT;1612719796.270121
/ndn/v9-site/v9/C2Data-4728-Type1;143064.0000;DATA;1612719803.436819
/ndn/v2-site/v2/C2Data-3881-Type2;24775.0000;DATA;1612719805.289502
/ndn/h7-site/h7/C2Data-856-Type1;139606.0000;DATA;1612719806.250502
/ndn/d0-site/d0/C2Data-251-Type4;169759.0000;DATA;1612719807.039635
/ndn/v5-site/v5/C2Data-4244-Type1;147330.0000;DATA;1612719807.194009
/ndn/h2-site/h2/C2Data-251-Type2;50612.0000;DATA;1612719807.526149
/ndn/h4-site/h4/C2Data-493-Type2;125917.0000;DATA;1612719807.649079
/ndn/d5-site/d5/C2Data-1824-Type1;131238.0000;DATA;1612719808.102136
/ndn/s7-site/s7/C2Data-3276-Type1;6000534.0000;TIMEOUT;1612719803.459286
/ndn/s1-site/s1/C2Data-2550-Type1;6002821.0000;TIMEOUT;1612719803.820962
/ndn/d8-site/d8/C2Data-451-Type4;76384.0000;DATA;1612719810.319532
/ndn/h8-site/h8/C2Data-201-Type4;194556.0000;DATA;1612719810.218141
/ndn/h2-site/h2/C2Data-126-Type3;64440.0000;DATA;1612719812.391952
/ndn/d2-site/d2/C2Data-1462-Type1;140073.0000;DATA;1612719826.155551
/ndn/h6-site/h6/C2Data-736-Type1;178589.0000;DATA;1612719827.772251
/ndn/h1-site/h1/C2Data-131-Type2;156707.0000;DATA;1612719830.373179
/ndn/d5-site/d5/C2Data-1825-Type2;125360.0000;DATA;1612719832.649062
/ndn/v9-site/v9/C2Data-377-Type5;106994.0000;DATA;1612719832.996392
/ndn/s0-site/s0/C2Data-2430-Type2;6004033.0000;TIMEOUT;1612719830.419044
/ndn/v0-site/v0/C2Data-260-Type5;148662.0000;DATA;1612719836.963248
/ndn/s4-site/s4/C2Data-2914-Type1;6001464.0000;TIMEOUT;1612719831.369476
/ndn/v5-site/v5/C2Data-4245-Type2;160768.0000;DATA;1612719837.590289
/ndn/d0-site/d0/C2Data-1220-Type1;189658.0000;DATA;1612719837.813514
/ndn/d2-site/d2/C2Data-737-Type3;221614.0000;DATA;1612719850.156630
/ndn/d9-site/d9/C2Data-1164-Type3;124319.0000;DATA;1612719850.472735
/ndn/v1-site/v1/C2Data-273-Type5;165516.0000;DATA;1612719853.790424
/ndn/v6-site/v6/C2Data-4367-Type1;77926.0000;DATA;1612719856.407469
/ndn/v5-site/v5/C2Data-4246-Type2;170611.0000;DATA;1612719856.404810
/ndn/v4-site/v4/C2Data-2079-Type3;146024.0000;DATA;1612719858.263026
/ndn/d3-site/d3/C2Data-1584-Type2;135543.0000;DATA;1612719859.496713
/ndn/h9-site/h9/C2Data-554-Type3;59872.0000;DATA;1612719860.083947
/ndn/d0-site/d0/C2Data-615-Type3;169505.0000;DATA;1612719861.824263
/ndn/d9-site/d9/C2Data-2310-Type1;124705.0000;DATA;1612719862.148018
/ndn/h6-site/h6/C2Data-737-Type1;180166.0000;DATA;1612719862.877842
/ndn/d5-site/d5/C2Data-1826-Type1;130833.0000;DATA;1612719862.918162
/ndn/h3-site/h3/C2Data-188-Type3;50991.0000;DATA;1612719866.975274
/ndn/s7-site/s7/C2Data-3278-Type2;6000598.0000;TIMEOUT;1612719861.386595
/ndn/v9-site/v9/C2Data-4730-Type2;96754.0000;DATA;1612719867.369255
/ndn/s9-site/s9/C2Data-3520-Type2;6002525.0000;TIMEOUT;1612719863.641753
/ndn/s8-site/s8/C2Data-1713-Type3;6005478.0000;TIMEOUT;1612719863.868081
/ndn/h1-site/h1/C2Data-66-Type3;129375.0000;DATA;1612719869.894309
/ndn/s4-site/s4/C2Data-1469-Type3;6000513.0000;TIMEOUT;1612719864.043034
/ndn/s0-site/s0/C2Data-2431-Type1;6000915.0000;TIMEOUT;1612719866.098794
/ndn/d9-site/d9/C2Data-2311-Type2;125552.0000;DATA;1612719889.427075
/ndn/v1-site/v1/C2Data-3763-Type2;127118.0000;DATA;1612719889.452044
/ndn/v5-site/v5/C2Data-4247-Type1;148407.0000;DATA;1612719889.430089
/ndn/v2-site/v2/C2Data-3884-Type1;24685.0000;DATA;1612719891.704514
/ndn/s3-site/s3/C2Data-2795-Type1;6001330.0000;TIMEOUT;1612719886.231655
/ndn/h2-site/h2/C2Data-254-Type2;51283.0000;DATA;1612719893.480463
/ndn/v8-site/v8/C2Data-4610-Type2;96061.0000;DATA;1612719894.951511
/ndn/v7-site/v7/C2Data-4489-Type2;146499.0000;DATA;1612719896.471305
/ndn/s3-site/s3/C2Data-2795-Type2;6000873.0000;TIMEOUT;1612719893.429375
/ndn/h9-site/h9/C2Data-555-Type3;62715.0000;DATA;1612719910.713937
/ndn/h7-site/h7/C2Data-433-Type3;163922.0000;DATA;1612719911.154170
/ndn/h0-site/h0/C2Data-13-Type1;100671.0000;DATA;1612719916.161218
/ndn/v6-site/v6/C2Data-4369-Type2;106801.0000;DATA;1612719918.375225
/ndn/h2-site/h2/C2Data-128-Type3;51800.0000;DATA;1612719919.745956
/ndn/s1-site/s1/C2Data-1287-Type3;6001587.0000;TIMEOUT;1612719913.764355
/ndn/v1-site/v1/C2Data-3764-Type1;131182.0000;DATA;1612719920.535673
/ndn/d5-site/d5/C2Data-377-Type4;125268.0000;DATA;1612719922.508542
/ndn/s3-site/s3/C2Data-2796-Type2;6002972.0000;TIMEOUT;1612719916.832181
/ndn/h1-site/h1/C2Data-134-Type1;128474.0000;DATA;1612719925.385080
/ndn/s6-site/s6/C2Data-1592-Type3;6001124.0000;TIMEOUT;1612719919.961772
/ndn/v9-site/v9/C2Data-2385-Type3;109242.0000;DATA;1612719926.731013
/ndn/h6-site/h6/C2Data-372-Type3;171124.0000;DATA;1612719927.410234
/ndn/h8-site/h8/C2Data-981-Type2;179437.0000;DATA;1612719927.982786
/ndn/s9-site/s9/C2Data-1775-Type3;6002264.0000;TIMEOUT;1612719922.373220
/ndn/v7-site/v7/C2Data-677-Type4;152893.0000;DATA;1612719928.621748
/ndn/s5-site/s5/C2Data-1531-Type3;6001456.0000;TIMEOUT;1612719925.103553
/ndn/s0-site/s0/C2Data-1226-Type3;6000930.0000;TIMEOUT;1612719926.115521
/ndn/s6-site/s6/C2Data-3159-Type2;6005547.0000;TIMEOUT;1612719926.120227
/ndn/d7-site/d7/C2Data-1043-Type3;30082.0000;DATA;1612719934.031257
/ndn/s2-site/s2/C2Data-1348-Type3;6001489.0000;TIMEOUT;1612719929.268020
/ndn/d9-site/d9/C2Data-477-Type4;132860.0000;DATA;1612719937.462509
/ndn/d4-site/d4/C2Data-352-Type4;178164.0000;DATA;1612719937.700975
/ndn/d8-site/d8/C2Data-452-Type4;88082.0000;DATA;1612719943.940284
/ndn/d2-site/d2/C2Data-302-Type4;133119.0000;DATA;1612719947.214781
/ndn/h1-site/h1/C2Data-135-Type1;123734.0000;DATA;1612719949.508931
/ndn/h7-site/h7/C2Data-861-Type1;155669.0000;DATA;1612719950.663292
/ndn/h5-site/h5/C2Data-619-Type2;126455.0000;DATA;1612719951.538989
/ndn/v5-site/v5/C2Data-4249-Type1;152532.0000;DATA;1612719952.045303
/ndn/v7-site/v7/C2Data-4491-Type1;163634.0000;DATA;1612719952.453315
/ndn/h9-site/h9/C2Data-1103-Type1;53120.0000;DATA;1612719953.422770
/ndn/h3-site/h3/C2Data-77-Type4;52193.0000;DATA;1612719957.341187
/ndn/v8-site/v8/C2Data-4612-Type1;106072.0000;DATA;1612719957.597736
/ndn/d4-site/d4/C2Data-1708-Type1;681534.0000;DATA;1612719957.592090
/ndn/h2-site/h2/C2Data-52-Type4;49129.0000;DATA;1612719969.070316
/ndn/v9-site/v9/C2Data-727-Type4;99119.0000;DATA;1612719972.652425
/ndn/h9-site/h9/C2Data-1104-Type1;48513.0000;DATA;1612719977.958827
/ndn/h8-site/h8/C2Data-983-Type2;190773.0000;DATA;1612719978.021444
/ndn/d7-site/d7/C2Data-2072-Type1;29322.0000;DATA;1612719978.217082
/ndn/v3-site/v3/C2Data-2020-Type3;491167.0000;DATA;1612719979.178267
/ndn/v2-site/v2/C2Data-1959-Type3;30902.0000;DATA;1612719979.648077
/ndn/v5-site/v5/C2Data-4250-Type1;147623.0000;DATA;1612719979.818756
/ndn/h3-site/h3/C2Data-190-Type3;51572.0000;DATA;1612719981.171030
/ndn/h8-site/h8/C2Data-983-Type1;166385.0000;DATA;1612719981.586979
/ndn/v4-site/v4/C2Data-602-Type4;151615.0000;DATA;1612719981.669600
/ndn/s7-site/s7/C2Data-1654-Type3;6000978.0000;TIMEOUT;1612719976.665809
/ndn/s2-site/s2/C2Data-1349-Type3;6001131.0000;TIMEOUT;1612719977.175438
/ndn/s5-site/s5/C2Data-3040-Type2;6001895.0000;TIMEOUT;1612719977.941416
/ndn/d8-site/d8/C2Data-2193-Type2;78517.0000;DATA;1612719983.873753
/ndn/d8-site/d8/C2Data-1105-Type3;75907.0000;DATA;1612719991.110971
/ndn/s2-site/s2/C2Data-2677-Type2;6000554.0000;TIMEOUT;1612719985.512731
/ndn/s2-site/s2/C2Data-2677-Type1;6000493.0000;TIMEOUT;1612719985.866050
/ndn/d5-site/d5/C2Data-922-Type3;123522.0000;DATA;1612719993.743007
/ndn/d0-site/d0/C2Data-70-Type6;182861.0000;DATA;1612720006.461047
/ndn/d5-site/d5/C2Data-1831-Type2;125101.0000;DATA;1612720009.848690
/ndn/d8-site/d8/C2Data-2194-Type2;81615.0000;DATA;1612720010.626180
/ndn/v7-site/v7/C2Data-4493-Type2;152827.0000;DATA;1612720013.958213
/ndn/d4-site/d4/C2Data-1710-Type1;186681.0000;DATA;1612720015.143066
/ndn/s6-site/s6/C2Data-3162-Type2;6001559.0000;TIMEOUT;1612720012.709760
/ndn/s8-site/s8/C2Data-3404-Type2;6033105.0000;TIMEOUT;1612720017.476114
/ndn/d2-site/d2/C2Data-84-Type6;149320.0000;DATA;1612720031.615679
/ndn/v9-site/v9/C2Data-2387-Type3;113010.0000;DATA;1612720033.540762
/ndn/h1-site/h1/C2Data-69-Type3;143322.0000;DATA;1612720035.848097
/ndn/v6-site/v6/C2Data-2204-Type3;77750.0000;DATA;1612720037.811448
/ndn/v9-site/v9/C2Data-4736-Type1;102919.0000;DATA;1612720041.158898
/ndn/v2-site/v2/C2Data-1960-Type3;29577.0000;DATA;1612720042.239423
/ndn/v5-site/v5/C2Data-2143-Type3;163287.0000;DATA;1612720044.922830
/ndn/h4-site/h4/C2Data-501-Type1;125524.0000;DATA;1612720045.742039
/ndn/v3-site/v3/C2Data-4010-Type2;145276.0000;DATA;1612720045.756067
/ndn/s3-site/s3/C2Data-2800-Type2;6001354.0000;TIMEOUT;1612720041.900430
/ndn/d4-site/d4/C2Data-183-Type5;171657.0000;DATA;1612720049.007375
/ndn/h0-site/h0/C2Data-1-Type5;114760.0000;DATA;1612720052.173356
/ndn/s2-site/s2/C2Data-2679-Type1;6000941.0000;TIMEOUT;1612720046.485827
/ndn/h6-site/h6/C2Data-744-Type1;191040.0000;DATA;1612720067.086414
/ndn/h5-site/h5/C2Data-623-Type1;124286.0000;DATA;1612720069.614394
/ndn/h4-site/h4/C2Data-502-Type2;150659.0000;DATA;1612720073.376117
/ndn/h6-site/h6/C2Data-744-Type2;191110.0000;DATA;1612720073.547061
/ndn/v3-site/v3/C2Data-4011-Type2;192099.0000;DATA;1612720074.273782
/ndn/s0-site/s0/C2Data-2438-Type2;6001014.0000;TIMEOUT;1612720069.687024
/ndn/d3-site/d3/C2Data-1591-Type2;134093.0000;DATA;1612720076.138550
/ndn/h8-site/h8/C2Data-986-Type1;169582.0000;DATA;1612720076.894261
/ndn/s8-site/s8/C2Data-3406-Type1;6003515.0000;TIMEOUT;1612720071.634151
/ndn/s4-site/s4/C2Data-2922-Type2;6000627.0000;TIMEOUT;1612720075.266066
/ndn/s9-site/s9/C2Data-3527-Type1;6002131.0000;TIMEOUT;1612720076.195314
/ndn/h5-site/h5/C2Data-314-Type3;151125.0000;DATA;1612720091.976088
/ndn/d6-site/d6/C2Data-403-Type4;220347.0000;DATA;1612720093.435007
/ndn/h9-site/h9/C2Data-228-Type4;49553.0000;DATA;1612720094.050151
/ndn/v4-site/v4/C2Data-313-Type5;144330.0000;DATA;1612720094.092984
/ndn/h6-site/h6/C2Data-42-Type6;175096.0000;DATA;1612720095.948385
/ndn/d7-site/d7/C2Data-2076-Type1;28724.0000;DATA;1612720096.484149
/ndn/s0-site/s0/C2Data-1229-Type3;6000637.0000;TIMEOUT;1612720091.760099
/ndn/s7-site/s7/C2Data-1656-Type3;6001002.0000;TIMEOUT;1612720091.980287
/ndn/h7-site/h7/C2Data-178-Type4;151862.0000;DATA;1612720098.241036
/ndn/d8-site/d8/C2Data-2197-Type1;91528.0000;DATA;1612720098.454954
/ndn/h3-site/h3/C2Data-78-Type4;56804.0000;DATA;1612720099.440021
