/ndn/v3-site/v3/C2Data-3993-Type2;137655.0000;DATA;1612146288.664212
/ndn/s8-site/s8/C2Data-3388-Type2;59385.0000;DATA;1612146288.851916
/ndn/d2-site/d2/C2Data-1452-Type1;114735.0000;DATA;1612146289.415989
/ndn/h6-site/h6/C2Data-726-Type1;168072.0000;DATA;1612146291.856836
/ndn/v7-site/v7/C2Data-4477-Type1;122590.0000;DATA;1612146294.064857
/ndn/s1-site/s1/C2Data-2541-Type1;134674.0000;DATA;1612146295.681054
/ndn/s7-site/s7/C2Data-3267-Type1;127087.0000;DATA;1612146297.575954
/ndn/s0-site/s0/C2Data-2420-Type1;82471.0000;DATA;1612146297.676187
/ndn/h6-site/h6/C2Data-366-Type3;206591.0000;DATA;1612146314.792908
/ndn/v7-site/v7/C2Data-2257-Type3;128110.0000;DATA;1612146316.454795
/ndn/s3-site/s3/C2Data-2784-Type1;173317.0000;DATA;1612146317.757799
/ndn/d3-site/d3/C2Data-1574-Type2;149740.0000;DATA;1612146318.325774
/ndn/s7-site/s7/C2Data-3268-Type1;164444.0000;DATA;1612146320.140207
/ndn/h3-site/h3/C2Data-183-Type3;95860.0000;DATA;1612146320.323281
/ndn/s7-site/s7/C2Data-1647-Type3;123525.0000;DATA;1612146320.682137
/ndn/v3-site/v3/C2Data-3994-Type2;122664.0000;DATA;1612146322.205169
/ndn/s9-site/s9/C2Data-3510-Type2;142720.0000;DATA;1612146322.245201
/ndn/h8-site/h8/C2Data-969-Type2;196090.0000;DATA;1612146322.258298
/ndn/h8-site/h8/C2Data-488-Type3;197926.0000;DATA;1612146322.582368
/ndn/v0-site/v0/C2Data-3631-Type2;185166.0000;DATA;1612146324.092784
/ndn/d2-site/d2/C2Data-1453-Type2;94980.0000;DATA;1612146325.463027
/ndn/d1-site/d1/C2Data-1332-Type1;29046.0000;DATA;1612146326.917768
/ndn/h5-site/h5/C2Data-305-Type3;156209.0000;DATA;1612146326.976512
/ndn/s1-site/s1/C2Data-2542-Type2;78420.0000;DATA;1612146327.372070
/ndn/v5-site/v5/C2Data-2135-Type3;203873.0000;DATA;1612146327.591757
/ndn/h9-site/h9/C2Data-549-Type3;31376.0000;DATA;1612146333.372687
/ndn/d8-site/d8/C2Data-2180-Type1;53000.0000;DATA;1612146346.057978
/ndn/d6-site/d6/C2Data-1938-Type2;266771.0000;DATA;1612146347.464482
/ndn/h8-site/h8/C2Data-970-Type1;221785.0000;DATA;1612146348.189333
/ndn/d0-site/d0/C2Data-1212-Type1;208924.0000;DATA;1612146349.430617
/ndn/s7-site/s7/C2Data-3269-Type2;186768.0000;DATA;1612146350.876921
/ndn/v9-site/v9/C2Data-4721-Type2;91614.0000;DATA;1612146351.485797
/ndn/d3-site/d3/C2Data-1575-Type2;170514.0000;DATA;1612146351.481983
/ndn/h0-site/h0/C2Data-2-Type1;82423.0000;DATA;1612146352.593146
/ndn/d5-site/d5/C2Data-1817-Type1;113152.0000;DATA;1612146354.416500
/ndn/h0-site/h0/C2Data-2-Type2;72206.0000;DATA;1612146356.860892
/ndn/v0-site/v0/C2Data-1831-Type3;199127.0000;DATA;1612146370.296978
/ndn/h1-site/h1/C2Data-62-Type3;161246.0000;DATA;1612146375.460640
/ndn/v9-site/v9/C2Data-4722-Type1;72272.0000;DATA;1612146376.654969
/ndn/h9-site/h9/C2Data-1092-Type2;24790.0000;DATA;1612146377.686800
/ndn/s8-site/s8/C2Data-1709-Type3;58054.0000;DATA;1612146378.366461
/ndn/h5-site/h5/C2Data-608-Type1;163647.0000;DATA;1612146378.478038
/ndn/v1-site/v1/C2Data-3754-Type1;146709.0000;DATA;1612146379.091815
/ndn/s8-site/s8/C2Data-3391-Type1;49264.0000;DATA;1612146379.235800
/ndn/s6-site/s6/C2Data-3149-Type1;106762.0000;DATA;1612146380.130973
