/ndn/s6-site/s6/C2Data-3146-Type2;121449.0000;DATA;1612146637.560505
/ndn/v8-site/v8/C2Data-4598-Type1;26785.0000;DATA;1612146637.850462
/ndn/d9-site/d9/C2Data-2299-Type2;152738.0000;DATA;1612146640.158197
/ndn/d0-site/d0/C2Data-1210-Type2;134193.0000;DATA;1612146640.810562
/ndn/d8-site/d8/C2Data-2178-Type2;163363.0000;DATA;1612146641.227727
/ndn/v8-site/v8/C2Data-4598-Type2;29358.0000;DATA;1612146644.126258
/ndn/s9-site/s9/C2Data-3509-Type1;174732.0000;DATA;1612146644.604810
/ndn/h9-site/h9/C2Data-1089-Type2;201074.0000;DATA;1612146645.766799
/ndn/d8-site/d8/C2Data-2178-Type1;166392.0000;DATA;1612146646.151977
/ndn/h8-site/h8/C2Data-968-Type2;100865.0000;DATA;1612146646.291354
/ndn/h2-site/h2/C2Data-242-Type2;106870.0000;DATA;1612146647.037606
/ndn/v8-site/v8/C2Data-2318-Type3;38174.0000;DATA;1612146661.539607
/ndn/h6-site/h6/C2Data-366-Type3;106524.0000;DATA;1612146666.674613
/ndn/s7-site/s7/C2Data-3268-Type1;73021.0000;DATA;1612146668.107871
/ndn/h3-site/h3/C2Data-364-Type1;73929.0000;DATA;1612146670.875425
/ndn/d7-site/d7/C2Data-2058-Type2;150762.0000;DATA;1612146670.912604
/ndn/v8-site/v8/C2Data-4599-Type2;24746.0000;DATA;1612146671.755885
/ndn/h3-site/h3/C2Data-364-Type2;75285.0000;DATA;1612146672.047486
/ndn/d0-site/d0/C2Data-1211-Type1;120469.0000;DATA;1612146672.852371
/ndn/s6-site/s6/C2Data-3147-Type1;94143.0000;DATA;1612146673.759452
/ndn/h9-site/h9/C2Data-549-Type3;169102.0000;DATA;1612146673.709407
/ndn/s1-site/s1/C2Data-2542-Type2;152724.0000;DATA;1612146674.381632
/ndn/s8-site/s8/C2Data-3389-Type2;98767.0000;DATA;1612146675.999902
/ndn/h0-site/h0/C2Data-1-Type2;120576.0000;DATA;1612146676.018690
/ndn/d3-site/d3/C2Data-793-Type3;168014.0000;DATA;1612146676.089471
/ndn/s6-site/s6/C2Data-3147-Type2;123574.0000;DATA;1612146676.468579
/ndn/d0-site/d0/C2Data-610-Type3;129544.0000;DATA;1612146677.083572
/ndn/d4-site/d4/C2Data-854-Type3;49450.0000;DATA;1612146680.211116
/ndn/s3-site/s3/C2Data-1403-Type3;163287.0000;DATA;1612146680.777493
/ndn/d2-site/d2/C2Data-732-Type3;100071.0000;DATA;1612146683.701216
/ndn/d4-site/d4/C2Data-1696-Type2;47678.0000;DATA;1612146697.611603
/ndn/v1-site/v1/C2Data-3753-Type2;25449.0000;DATA;1612146697.922363
/ndn/h4-site/h4/C2Data-486-Type1;53633.0000;DATA;1612146698.981431
/ndn/d9-site/d9/C2Data-2301-Type1;159380.0000;DATA;1612146699.658103
/ndn/v3-site/v3/C2Data-3995-Type1;125046.0000;DATA;1612146701.016808
/ndn/d9-site/d9/C2Data-2301-Type2;144986.0000;DATA;1612146705.086538
/ndn/v5-site/v5/C2Data-4237-Type1;164572.0000;DATA;1612146705.154422
/ndn/h2-site/h2/C2Data-244-Type1;106364.0000;DATA;1612146705.319689
/ndn/h0-site/h0/C2Data-2-Type2;117917.0000;DATA;1612146707.588579
/ndn/d0-site/d0/C2Data-1212-Type1;141987.0000;DATA;1612146708.632545
/ndn/h4-site/h4/C2Data-245-Type3;102398.0000;DATA;1612146722.896582
/ndn/d1-site/d1/C2Data-1334-Type2;128678.0000;DATA;1612146727.797500
/ndn/d6-site/d6/C2Data-1939-Type2;131474.0000;DATA;1612146728.748438
/ndn/h3-site/h3/C2Data-184-Type3;74117.0000;DATA;1612146729.513834
/ndn/h7-site/h7/C2Data-850-Type2;72911.0000;DATA;1612146729.835524
/ndn/s4-site/s4/C2Data-1465-Type3;178532.0000;DATA;1612146729.995488
/ndn/s8-site/s8/C2Data-3391-Type1;122871.0000;DATA;1612146730.742037
