/ndn/d9-site/d9/C2Data-2299-Type1;36143.0000;DATA;1612719529.289639
/ndn/h2-site/h2/C2Data-242-Type2;152435.0000;DATA;1612719529.392621
/ndn/s0-site/s0/C2Data-2420-Type1;152782.0000;DATA;1612719529.994179
/ndn/d2-site/d2/C2Data-1452-Type2;51167.0000;DATA;1612719530.262224
/ndn/v6-site/v6/C2Data-4356-Type2;186939.0000;DATA;1612719533.609910
/ndn/d1-site/d1/C2Data-1331-Type1;124583.0000;DATA;1612719533.785216
/ndn/h0-site/h0/C2Data-0-Type1;35293.0000;DATA;1612719535.621070
/ndn/h9-site/h9/C2Data-549-Type3;51931.0000;DATA;1612719551.034752
/ndn/s6-site/s6/C2Data-1586-Type3;26109.0000;DATA;1612719552.041048
/ndn/d5-site/d5/C2Data-915-Type3;30248.0000;DATA;1612719552.057336
/ndn/h8-site/h8/C2Data-488-Type3;354625.0000;DATA;1612719552.164281
/ndn/v6-site/v6/C2Data-4357-Type2;172187.0000;DATA;1612719558.995815
/ndn/s5-site/s5/C2Data-1525-Type3;182379.0000;DATA;1612719560.351239
/ndn/d4-site/d4/C2Data-1695-Type2;102886.0000;DATA;1612719561.120584
/ndn/v3-site/v3/C2Data-3994-Type1;48510.0000;DATA;1612719561.612756
/ndn/s8-site/s8/C2Data-1708-Type3;122430.0000;DATA;1612719561.960060
/ndn/s0-site/s0/C2Data-2421-Type2;147427.0000;DATA;1612719562.335300
/ndn/d3-site/d3/C2Data-1574-Type2;223920.0000;DATA;1612719563.441398
/ndn/s9-site/s9/C2Data-3510-Type2;230281.0000;DATA;1612719565.529088
/ndn/v7-site/v7/C2Data-2257-Type3;49524.0000;DATA;1612719566.117262
/ndn/s3-site/s3/C2Data-1403-Type3;224795.0000;DATA;1612719566.045964
/ndn/s4-site/s4/C2Data-1464-Type3;95263.0000;DATA;1612719566.289601
/ndn/d4-site/d4/C2Data-1695-Type1;75931.0000;DATA;1612719566.758395
/ndn/d5-site/d5/C2Data-1816-Type1;30752.0000;DATA;1612719567.785073
/ndn/d2-site/d2/C2Data-732-Type3;27355.0000;DATA;1612719568.430383
/ndn/v5-site/v5/C2Data-2135-Type3;276269.0000;DATA;1612719571.872169
/ndn/d8-site/d8/C2Data-2180-Type1;29473.0000;DATA;1612719587.071143
/ndn/s5-site/s5/C2Data-3027-Type1;249945.0000;DATA;1612719586.965436
/ndn/v4-site/v4/C2Data-4116-Type1;299626.0000;DATA;1612719591.431450
/ndn/s5-site/s5/C2Data-3027-Type2;179155.0000;DATA;1612719591.822399
/ndn/h6-site/h6/C2Data-728-Type1;173556.0000;DATA;1612719592.371548
/ndn/h9-site/h9/C2Data-1091-Type2;53741.0000;DATA;1612719592.763806
/ndn/s7-site/s7/C2Data-3269-Type2;47479.0000;DATA;1612719593.012500
/ndn/v3-site/v3/C2Data-3995-Type2;51793.0000;DATA;1612719593.450006
/ndn/s1-site/s1/C2Data-2543-Type2;202228.0000;DATA;1612719594.373243
/ndn/v7-site/v7/C2Data-4479-Type1;53771.0000;DATA;1612719594.769819
/ndn/s0-site/s0/C2Data-2422-Type2;154452.0000;DATA;1612719594.925201
/ndn/s3-site/s3/C2Data-2785-Type1;275611.0000;DATA;1612719595.049143
/ndn/d0-site/d0/C2Data-1212-Type2;217277.0000;DATA;1612719596.911435
/ndn/h2-site/h2/C2Data-244-Type1;162177.0000;DATA;1612719597.609138
/ndn/s1-site/s1/C2Data-1282-Type3;208774.0000;DATA;1612719611.280122
/ndn/d1-site/d1/C2Data-1334-Type2;98498.0000;DATA;1612719617.245192
/ndn/d5-site/d5/C2Data-916-Type3;26225.0000;DATA;1612719618.189464
/ndn/v8-site/v8/C2Data-4601-Type2;150809.0000;DATA;1612719618.382247
/ndn/h8-site/h8/C2Data-489-Type3;188743.0000;DATA;1612719619.048080
/ndn/h7-site/h7/C2Data-850-Type1;146558.0000;DATA;1612719619.581573
/ndn/d2-site/d2/C2Data-1455-Type1;30277.0000;DATA;1612719622.719102
/ndn/h4-site/h4/C2Data-245-Type3;131426.0000;DATA;1612719623.176779
/ndn/v3-site/v3/C2Data-3996-Type1;49819.0000;DATA;1612719624.905994
/ndn/h3-site/h3/C2Data-366-Type1;155702.0000;DATA;1612719626.694793
/ndn/s1-site/s1/C2Data-2544-Type1;244075.0000;DATA;1612719627.636825
/ndn/h9-site/h9/C2Data-550-Type3;52849.0000;DATA;1612719627.978227
/ndn/h2-site/h2/C2Data-50-Type4;143012.0000;DATA;1612719628.967473
/ndn/v6-site/v6/C2Data-2197-Type3;183619.0000;DATA;1612719629.776201
/ndn/s7-site/s7/C2Data-3270-Type2;6000627.0000;TIMEOUT;1612719625.097033
/ndn/h0-site/h0/C2Data-1-Type3;30253.0000;DATA;1612719632.417193
/ndn/s8-site/s8/C2Data-3391-Type1;6003616.0000;TIMEOUT;1612719627.399061
/ndn/v1-site/v1/C2Data-525-Type4;140574.0000;DATA;1612719635.261108
/ndn/h0-site/h0/C2Data-0-Type4;27850.0000;DATA;1612719646.021992
/ndn/d4-site/d4/C2Data-350-Type4;92147.0000;DATA;1612719646.316234
/ndn/h5-site/h5/C2Data-609-Type2;123106.0000;DATA;1612719646.472274
/ndn/h4-site/h4/C2Data-488-Type2;127442.0000;DATA;1612719647.439290
/ndn/d1-site/d1/C2Data-1335-Type2;105704.0000;DATA;1612719648.169088
/ndn/h6-site/h6/C2Data-150-Type4;205723.0000;DATA;1612719650.861100
/ndn/h1-site/h1/C2Data-125-Type2;134799.0000;DATA;1612719651.123400
/ndn/v8-site/v8/C2Data-4602-Type1;149740.0000;DATA;1612719654.096094
/ndn/v7-site/v7/C2Data-4481-Type1;50580.0000;DATA;1612719656.090992
/ndn/h1-site/h1/C2Data-25-Type4;240849.0000;DATA;1612719663.613766
/ndn/h4-site/h4/C2Data-100-Type4;144775.0000;DATA;1612719670.953274
/ndn/v3-site/v3/C2Data-2015-Type3;48338.0000;DATA;1612719671.240653
/ndn/v7-site/v7/C2Data-2259-Type3;49004.0000;DATA;1612719673.779245
/ndn/d9-site/d9/C2Data-2304-Type1;25334.0000;DATA;1612719676.317380
/ndn/h5-site/h5/C2Data-610-Type1;133090.0000;DATA;1612719676.402858
/ndn/s7-site/s7/C2Data-1649-Type3;6000385.0000;TIMEOUT;1612719671.201023
/ndn/v3-site/v3/C2Data-3998-Type2;49824.0000;DATA;1612719677.274341
/ndn/v0-site/v0/C2Data-3635-Type2;97335.0000;DATA;1612719677.714290
/ndn/d7-site/d7/C2Data-2062-Type1;78526.0000;DATA;1612719679.773222
/ndn/s1-site/s1/C2Data-1283-Type3;6002244.0000;TIMEOUT;1612719675.314906
/ndn/d4-site/d4/C2Data-1699-Type2;76245.0000;DATA;1612719681.709635
/ndn/s0-site/s0/C2Data-2425-Type2;6001585.0000;TIMEOUT;1612719676.386269
/ndn/d2-site/d2/C2Data-734-Type3;26557.0000;DATA;1612719686.237116
/ndn/h6-site/h6/C2Data-731-Type1;176689.0000;DATA;1612719686.642820
/ndn/v2-site/v2/C2Data-3877-Type1;108303.0000;DATA;1612719687.000719
/ndn/s1-site/s1/C2Data-2546-Type1;6000661.0000;TIMEOUT;1612719683.639341
/ndn/v0-site/v0/C2Data-1832-Type3;98889.0000;DATA;1612719689.606560
/ndn/v3-site/v3/C2Data-3999-Type2;53932.0000;DATA;1612719708.396781
/ndn/v5-site/v5/C2Data-4241-Type1;279417.0000;DATA;1612719709.636404
/ndn/v0-site/v0/C2Data-3636-Type1;121771.0000;DATA;1612719711.531276
/ndn/s2-site/s2/C2Data-2668-Type1;6000556.0000;TIMEOUT;1612719706.156722
/ndn/s9-site/s9/C2Data-3515-Type1;6007433.0000;TIMEOUT;1612719708.305988
/ndn/d4-site/d4/C2Data-1700-Type1;72039.0000;DATA;1612719715.550988
/ndn/v3-site/v3/C2Data-3999-Type1;61521.0000;DATA;1612719715.759421
/ndn/s7-site/s7/C2Data-3273-Type1;6003516.0000;TIMEOUT;1612719714.315382
/ndn/s1-site/s1/C2Data-2547-Type2;6011221.0000;TIMEOUT;1612719716.351542
/ndn/s4-site/s4/C2Data-2910-Type2;6000633.0000;TIMEOUT;1612719717.047160
/ndn/d7-site/d7/C2Data-1040-Type3;78459.0000;DATA;1612719731.273924
/ndn/v8-site/v8/C2Data-2321-Type3;147207.0000;DATA;1612719739.495843
/ndn/h6-site/h6/C2Data-733-Type1;176153.0000;DATA;1612719739.537450
/ndn/d6-site/d6/C2Data-979-Type3;207101.0000;DATA;1612719739.829183
/ndn/s2-site/s2/C2Data-1345-Type3;6001080.0000;TIMEOUT;1612719734.279136
/ndn/v4-site/v4/C2Data-4121-Type2;246735.0000;DATA;1612719740.232533
/ndn/h2-site/h2/C2Data-249-Type1;149000.0000;DATA;1612719742.646798
/ndn/v6-site/v6/C2Data-4363-Type2;175551.0000;DATA;1612719745.789604
/ndn/v0-site/v0/C2Data-1833-Type3;105195.0000;DATA;1612719747.029647
/ndn/d6-site/d6/C2Data-1943-Type2;246943.0000;DATA;1612719747.450360
/ndn/s6-site/s6/C2Data-1589-Type3;6003885.0000;TIMEOUT;1612719745.771157
/ndn/h2-site/h2/C2Data-26-Type5;182955.0000;DATA;1612719752.117584
/ndn/s5-site/s5/C2Data-1528-Type3;6017097.0000;TIMEOUT;1612719753.398912
/ndn/s0-site/s0/C2Data-1223-Type3;6000902.0000;TIMEOUT;1612719753.681436
/ndn/s4-site/s4/C2Data-1467-Type3;6001482.0000;TIMEOUT;1612719753.862028
/ndn/h7-site/h7/C2Data-855-Type1;160405.0000;DATA;1612719766.479960
/ndn/v3-site/v3/C2Data-299-Type5;64322.0000;DATA;1612719766.665129
/ndn/h0-site/h0/C2Data-8-Type1;46952.0000;DATA;1612719768.188649
/ndn/v7-site/v7/C2Data-4485-Type1;78748.0000;DATA;1612719768.666423
/ndn/h7-site/h7/C2Data-91-Type5;200934.0000;DATA;1612719770.537587
/ndn/d2-site/d2/C2Data-1460-Type1;43159.0000;DATA;1612719772.169027
/ndn/v8-site/v8/C2Data-4606-Type1;168398.0000;DATA;1612719772.763116
/ndn/v1-site/v1/C2Data-526-Type4;136202.0000;DATA;1612719775.643566
/ndn/h9-site/h9/C2Data-1097-Type2;52197.0000;DATA;1612719776.492804
/ndn/h8-site/h8/C2Data-976-Type1;179865.0000;DATA;1612719776.811266
/ndn/s0-site/s0/C2Data-2428-Type1;6001326.0000;TIMEOUT;1612719773.289302
/ndn/s0-site/s0/C2Data-2428-Type2;6001890.0000;TIMEOUT;1612719773.378275
/ndn/d1-site/d1/C2Data-276-Type4;121297.0000;DATA;1612719780.713358
/ndn/d7-site/d7/C2Data-221-Type5;87467.0000;DATA;1612719788.994880
/ndn/v0-site/v0/C2Data-1834-Type3;96629.0000;DATA;1612719796.752928
/ndn/d3-site/d3/C2Data-1582-Type1;223323.0000;DATA;1612719797.288158
/ndn/d7-site/d7/C2Data-1041-Type3;74673.0000;DATA;1612719799.503577
/ndn/h8-site/h8/C2Data-104-Type5;174537.0000;DATA;1612719800.547137
/ndn/h8-site/h8/C2Data-977-Type2;173739.0000;DATA;1612719802.548219
/ndn/d1-site/d1/C2Data-675-Type3;99843.0000;DATA;1612719802.743208
/ndn/v4-site/v4/C2Data-4123-Type1;250803.0000;DATA;1612719802.827763
/ndn/v7-site/v7/C2Data-4486-Type2;51283.0000;DATA;1612719803.362649
/ndn/v1-site/v1/C2Data-3760-Type1;150301.0000;DATA;1612719804.728069
/ndn/d1-site/d1/C2Data-143-Type5;122427.0000;DATA;1612719804.963692
/ndn/h4-site/h4/C2Data-248-Type3;121273.0000;DATA;1612719805.876480
/ndn/s5-site/s5/C2Data-1529-Type3;6000881.0000;TIMEOUT;1612719800.036216
/ndn/s0-site/s0/C2Data-2429-Type1;6000351.0000;TIMEOUT;1612719800.698023
/ndn/s9-site/s9/C2Data-1773-Type3;6002107.0000;TIMEOUT;1612719802.699808
/ndn/s6-site/s6/C2Data-3155-Type1;6003300.0000;TIMEOUT;1612719802.738254
/ndn/s0-site/s0/C2Data-1224-Type3;6009519.0000;TIMEOUT;1612719803.291138
/ndn/s5-site/s5/C2Data-3034-Type1;6000678.0000;TIMEOUT;1612719804.860285
/ndn/s4-site/s4/C2Data-1468-Type3;6000827.0000;TIMEOUT;1612719805.529411
/ndn/h5-site/h5/C2Data-309-Type3;122747.0000;DATA;1612719811.879376
/ndn/d8-site/d8/C2Data-451-Type4;27085.0000;DATA;1612719815.566916
/ndn/d4-site/d4/C2Data-182-Type5;122656.0000;DATA;1612719816.087418
/ndn/d9-site/d9/C2Data-247-Type5;31935.0000;DATA;1612719817.610235
/ndn/h1-site/h1/C2Data-13-Type5;131266.0000;DATA;1612719826.303740
/ndn/h0-site/h0/C2Data-10-Type1;25572.0000;DATA;1612719828.494922
/ndn/v1-site/v1/C2Data-3761-Type1;126387.0000;DATA;1612719828.499061
/ndn/v6-site/v6/C2Data-4366-Type1;185465.0000;DATA;1612719829.102148
/ndn/h8-site/h8/C2Data-978-Type1;179449.0000;DATA;1612719829.695616
/ndn/d8-site/d8/C2Data-2188-Type1;27989.0000;DATA;1612719830.804657
/ndn/s2-site/s2/C2Data-2672-Type1;6001808.0000;TIMEOUT;1612719829.039968
/ndn/s6-site/s6/C2Data-3156-Type2;6000811.0000;TIMEOUT;1612719829.387828
/ndn/s2-site/s2/C2Data-2672-Type2;6004011.0000;TIMEOUT;1612719830.294170
/ndn/s1-site/s1/C2Data-2551-Type2;6011260.0000;TIMEOUT;1612719835.039236
/ndn/d7-site/d7/C2Data-1042-Type3;89478.0000;DATA;1612719850.871940
/ndn/d6-site/d6/C2Data-981-Type3;203124.0000;DATA;1612719854.413293
/ndn/d5-site/d5/C2Data-1826-Type2;32972.0000;DATA;1612719861.073005
/ndn/s8-site/s8/C2Data-3399-Type1;6001330.0000;TIMEOUT;1612719858.842535
/ndn/v5-site/v5/C2Data-4246-Type1;253100.0000;DATA;1612719864.594963
/ndn/d1-site/d1/C2Data-676-Type3;135531.0000;DATA;1612719864.968292
/ndn/h1-site/h1/C2Data-66-Type3;123171.0000;DATA;1612719866.114980
/ndn/v8-site/v8/C2Data-2323-Type3;158629.0000;DATA;1612719866.494863
/ndn/h8-site/h8/C2Data-979-Type2;187957.0000;DATA;1612719866.910277
/ndn/v0-site/v0/C2Data-1835-Type3;101712.0000;DATA;1612719869.298197
/ndn/v4-site/v4/C2Data-2079-Type3;267267.0000;DATA;1612719869.485152
/ndn/h2-site/h2/C2Data-127-Type3;147304.0000;DATA;1612719869.891907
/ndn/s7-site/s7/C2Data-3278-Type1;6002164.0000;TIMEOUT;1612719865.462603
/ndn/h4-site/h4/C2Data-249-Type3;133108.0000;DATA;1612719872.903845
/ndn/s0-site/s0/C2Data-2431-Type2;6003730.0000;TIMEOUT;1612719868.066288
/ndn/s8-site/s8/C2Data-1713-Type3;6002279.0000;TIMEOUT;1612719868.417396
/ndn/d7-site/d7/C2Data-2069-Type1;81814.0000;DATA;1612719888.681123
/ndn/h8-site/h8/C2Data-980-Type2;171146.0000;DATA;1612719890.305701
/ndn/v4-site/v4/C2Data-4126-Type2;254887.0000;DATA;1612719890.990732
/ndn/d7-site/d7/C2Data-2069-Type2;76913.0000;DATA;1612719892.182120
/ndn/v7-site/v7/C2Data-4489-Type2;51546.0000;DATA;1612719894.402695
/ndn/h2-site/h2/C2Data-254-Type1;150698.0000;DATA;1612719894.841521
/ndn/v3-site/v3/C2Data-4005-Type1;53358.0000;DATA;1612719895.376004
/ndn/d1-site/d1/C2Data-1343-Type2;115644.0000;DATA;1612719896.175705
/ndn/d8-site/d8/C2Data-1104-Type3;26097.0000;DATA;1612719911.105286
/ndn/v6-site/v6/C2Data-4369-Type1;182298.0000;DATA;1612719916.834193
/ndn/s2-site/s2/C2Data-1348-Type3;6000969.0000;TIMEOUT;1612719912.850068
/ndn/s8-site/s8/C2Data-1714-Type3;6001727.0000;TIMEOUT;1612719913.997789
/ndn/d1-site/d1/C2Data-1344-Type2;97968.0000;DATA;1612719920.641092
/ndn/d0-site/d0/C2Data-1223-Type2;200349.0000;DATA;1612719922.400965
/ndn/h8-site/h8/C2Data-981-Type2;170819.0000;DATA;1612719922.621502
/ndn/h9-site/h9/C2Data-555-Type3;49295.0000;DATA;1612719922.971937
/ndn/h9-site/h9/C2Data-1102-Type2;48390.0000;DATA;1612719923.777888
/ndn/v8-site/v8/C2Data-702-Type4;147785.0000;DATA;1612719923.714358
/ndn/v8-site/v8/C2Data-2324-Type3;153312.0000;DATA;1612719923.708831
/ndn/s3-site/s3/C2Data-1409-Type3;6000572.0000;TIMEOUT;1612719919.240374
/ndn/d5-site/d5/C2Data-921-Type3;37068.0000;DATA;1612719928.131466
/ndn/h2-site/h2/C2Data-128-Type3;161041.0000;DATA;1612719928.487334
/ndn/v4-site/v4/C2Data-2080-Type3;311165.0000;DATA;1612719930.661259
/ndn/h3-site/h3/C2Data-189-Type3;160645.0000;DATA;1612719932.531592
/ndn/d0-site/d0/C2Data-616-Type3;195639.0000;DATA;1612719933.103358
/ndn/s7-site/s7/C2Data-1653-Type3;6016518.0000;TIMEOUT;1612719931.057830
/ndn/v7-site/v7/C2Data-4491-Type2;55656.0000;DATA;1612719946.778522
/ndn/v2-site/v2/C2Data-3886-Type2;105762.0000;DATA;1612719949.692619
/ndn/h5-site/h5/C2Data-619-Type2;122612.0000;DATA;1612719951.416760
/ndn/v1-site/v1/C2Data-3765-Type1;124259.0000;DATA;1612719951.395498
/ndn/h1-site/h1/C2Data-135-Type1;127483.0000;DATA;1612719955.633556
/ndn/v0-site/v0/C2Data-3644-Type1;119273.0000;DATA;1612719956.261177
/ndn/d3-site/d3/C2Data-1587-Type2;223143.0000;DATA;1612719956.481695
/ndn/h3-site/h3/C2Data-377-Type1;167889.0000;DATA;1612719956.657298
/ndn/h6-site/h6/C2Data-740-Type1;185838.0000;DATA;1612719958.259496
/ndn/s9-site/s9/C2Data-3523-Type2;6002538.0000;TIMEOUT;1612719954.698667
/ndn/d8-site/d8/C2Data-452-Type4;26219.0000;DATA;1612719962.841242
/ndn/v3-site/v3/C2Data-2020-Type3;154500.0000;DATA;1612719970.243957
/ndn/v6-site/v6/C2Data-2203-Type3;175495.0000;DATA;1612719976.530904
/ndn/d7-site/d7/C2Data-2072-Type2;82507.0000;DATA;1612719978.085484
/ndn/v7-site/v7/C2Data-4492-Type1;58461.0000;DATA;1612719978.292095
/ndn/h0-site/h0/C2Data-15-Type1;26097.0000;DATA;1612719978.519121
/ndn/h8-site/h8/C2Data-983-Type1;179858.0000;DATA;1612719978.825276
/ndn/v0-site/v0/C2Data-3645-Type2;441013.0000;DATA;1612719979.191157
/ndn/v5-site/v5/C2Data-2142-Type3;249884.0000;DATA;1612719979.817024
/ndn/d2-site/d2/C2Data-739-Type3;26220.0000;DATA;1612719980.077823
/ndn/h4-site/h4/C2Data-251-Type3;180928.0000;DATA;1612719980.309340
/ndn/v8-site/v8/C2Data-2325-Type3;150046.0000;DATA;1612719983.669633
/ndn/s5-site/s5/C2Data-1532-Type3;6000365.0000;TIMEOUT;1612719978.022875
/ndn/h6-site/h6/C2Data-741-Type1;184773.0000;DATA;1612719984.046148
/ndn/h9-site/h9/C2Data-1104-Type2;48637.0000;DATA;1612719984.513135
/ndn/d8-site/d8/C2Data-2193-Type1;27076.0000;DATA;1612719985.445394
/ndn/h0-site/h0/C2Data-15-Type2;26642.0000;DATA;1612719985.801644
/ndn/s8-site/s8/C2Data-1715-Type3;6003995.0000;TIMEOUT;1612719980.112761
/ndn/d9-site/d9/C2Data-2314-Type1;26431.0000;DATA;1612719987.671508
/ndn/h1-site/h1/C2Data-136-Type1;150973.0000;DATA;1612719987.565234
/ndn/h9-site/h9/C2Data-556-Type3;51158.0000;DATA;1612719987.814671
/ndn/s0-site/s0/C2Data-2435-Type1;6000491.0000;TIMEOUT;1612719982.991033
/ndn/s6-site/s6/C2Data-3161-Type1;6000781.0000;TIMEOUT;1612719984.094168
/ndn/v2-site/v2/C2Data-1959-Type3;155924.0000;DATA;1612719990.828096
/ndn/s5-site/s5/C2Data-3040-Type1;6001971.0000;TIMEOUT;1612719986.553570
/ndn/s7-site/s7/C2Data-3282-Type2;6011732.0000;TIMEOUT;1612719986.930660
/ndn/d1-site/d1/C2Data-1347-Type2;103450.0000;DATA;1612720009.006597
/ndn/v7-site/v7/C2Data-189-Type6;51735.0000;DATA;1612720009.145197
/ndn/d8-site/d8/C2Data-2194-Type1;29883.0000;DATA;1612720016.237498
/ndn/s7-site/s7/C2Data-3283-Type2;6000918.0000;TIMEOUT;1612720014.361927
/ndn/d7-site/d7/C2Data-1045-Type3;76473.0000;DATA;1612720031.234895
/ndn/v5-site/v5/C2Data-2143-Type3;251936.0000;DATA;1612720032.177445
/ndn/s1-site/s1/C2Data-1289-Type3;6002539.0000;TIMEOUT;1612720034.989028
/ndn/v2-site/v2/C2Data-1960-Type3;96328.0000;DATA;1612720042.297933
/ndn/h3-site/h3/C2Data-191-Type3;151091.0000;DATA;1612720043.034321
/ndn/s4-site/s4/C2Data-2921-Type1;6001060.0000;TIMEOUT;1612720037.307203
/ndn/v8-site/v8/C2Data-4615-Type2;140284.0000;DATA;1612720043.761990
/ndn/s6-site/s6/C2Data-3163-Type2;6001229.0000;TIMEOUT;1612720039.842623
/ndn/s4-site/s4/C2Data-2921-Type2;6001226.0000;TIMEOUT;1612720039.961084
/ndn/d5-site/d5/C2Data-1832-Type2;30350.0000;DATA;1612720046.352833
/ndn/h8-site/h8/C2Data-985-Type1;189490.0000;DATA;1612720047.104015
/ndn/h6-site/h6/C2Data-743-Type1;183961.0000;DATA;1612720047.620418
/ndn/v0-site/v0/C2Data-1838-Type3;104610.0000;DATA;1612720048.224372
/ndn/s0-site/s0/C2Data-1228-Type3;6001157.0000;TIMEOUT;1612720044.557103
/ndn/v6-site/v6/C2Data-2204-Type3;190320.0000;DATA;1612720051.905881
/ndn/v3-site/v3/C2Data-2021-Type3;48620.0000;DATA;1612720052.426246
/ndn/s3-site/s3/C2Data-1411-Type3;6004936.0000;TIMEOUT;1612720046.790388
/ndn/s2-site/s2/C2Data-2679-Type1;6000503.0000;TIMEOUT;1612720047.228665
/ndn/s8-site/s8/C2Data-1716-Type3;6005930.0000;TIMEOUT;1612720052.374234
/ndn/d8-site/d8/C2Data-235-Type5;37009.0000;DATA;1612720061.419225
/ndn/h7-site/h7/C2Data-865-Type1;143116.0000;DATA;1612720066.603627
/ndn/h0-site/h0/C2Data-18-Type1;29547.0000;DATA;1612720067.680254
/ndn/v1-site/v1/C2Data-3769-Type1;129114.0000;DATA;1612720069.016034
/ndn/d2-site/d2/C2Data-1470-Type1;25408.0000;DATA;1612720071.479679
/ndn/h6-site/h6/C2Data-744-Type1;183433.0000;DATA;1612720071.433793
/ndn/d3-site/d3/C2Data-1591-Type1;241579.0000;DATA;1612720074.353047
/ndn/d9-site/d9/C2Data-2317-Type2;25851.0000;DATA;1612720075.727187
/ndn/s2-site/s2/C2Data-2680-Type1;6001959.0000;TIMEOUT;1612720069.830434
/ndn/h9-site/h9/C2Data-228-Type4;49066.0000;DATA;1612720082.512031
/ndn/s4-site/s4/C2Data-2922-Type1;6002764.0000;TIMEOUT;1612720077.056898
/ndn/s4-site/s4/C2Data-2922-Type2;6001685.0000;TIMEOUT;1612720077.518016
/ndn/h5-site/h5/C2Data-314-Type3;212458.0000;DATA;1612720092.782700
/ndn/v0-site/v0/C2Data-1839-Type3;100970.0000;DATA;1612720095.084243
/ndn/d7-site/d7/C2Data-1046-Type3;77371.0000;DATA;1612720096.232125
/ndn/h1-site/h1/C2Data-70-Type3;147091.0000;DATA;1612720096.681317
/ndn/h7-site/h7/C2Data-866-Type2;150914.0000;DATA;1612720096.956099
/ndn/v5-site/v5/C2Data-2144-Type3;258273.0000;DATA;1612720098.405994
/ndn/d0-site/d0/C2Data-131-Type5;211082.0000;DATA;1612720100.383096
/ndn/d0-site/d0/C2Data-1229-Type1;214303.0000;DATA;1612720100.978234
