/C2Data/v2/C2Data-294-Type1;24710.0000;DATA;1609269302.138552
/C2Data/d2/C2Data-66-Type3;108432.0000;DATA;1609269347.555902
/C2Data/v3/C2Data-316-Type1;115722.0000;DATA;1609269360.964449
/C2Data/h0/C2Data-1-Type2;41096.0000;DATA;1609269362.823124
/C2Data/d1/C2Data-106-Type2;56833.0000;DATA;1609269366.915245
/C2Data/s1/C2Data-190-Type1;363245.0000;DATA;1609269370.628050
/C2Data/v1/C2Data-274-Type2;152549.0000;DATA;1609269371.000938
/C2Data/s0/C2Data-88-Type3;29051.0000;DATA;1609269375.839260
/C2Data/s1/C2Data-99-Type3;54225.0000;DATA;1609269381.357149
/C2Data/v1/C2Data-143-Type3;75032.0000;DATA;1609269386.293267
/C2Data/s1/C2Data-191-Type2;400586.0000;DATA;1609269411.972192
/C2Data/d2/C2Data-128-Type2;208155.0000;DATA;1609269412.500122
/C2Data/d0/C2Data-86-Type2;58292.0000;DATA;1609269418.009001
/C2Data/v2/C2Data-296-Type2;683.0000;DATA;1609269424.123533
/C2Data/h1/C2Data-23-Type2;46275.0000;DATA;1609269429.030561
/C2Data/d1/C2Data-56-Type3;427860.0000;DATA;1609269462.947921
/C2Data/v2/C2Data-155-Type3;631.0000;DATA;1609269480.620472
/C2Data/d2/C2Data-129-Type1;202343.0000;DATA;1609269485.013390
/C2Data/v3/C2Data-55-Type4;172125.0000;DATA;1609269486.816286
/C2Data/v0/C2Data-255-Type1;23472.0000;DATA;1609269487.750032
/C2Data/v0/C2Data-40-Type4;23825.0000;DATA;1609269488.009189
/C2Data/h1/C2Data-12-Type3;637.0000;DATA;1609269488.707591
/C2Data/s0/C2Data-89-Type3;52944.0000;DATA;1609269490.754395
/C2Data/d3/C2Data-78-Type3;104411.0000;NACK;1609269494.789924
/C2Data/d2/C2Data-30-Type4;179354.0000;DATA;1609269525.289981
/C2Data/v3/C2Data-319-Type1;270613.0000;DATA;1609269536.065540
/C2Data/h1/C2Data-25-Type2;33153.0000;DATA;1609269541.837649
/C2Data/v0/C2Data-256-Type2;26026.0000;DATA;1609269545.470767
/C2Data/h3/C2Data-67-Type1;140717.0000;NACK;1609269548.439232
/C2Data/v3/C2Data-319-Type2;39326.0000;DATA;1609269550.668650
/C2Data/s3/C2Data-235-Type2;69079.0000;DATA;1609269550.716968
/C2Data/v1/C2Data-277-Type2;185477.0000;DATA;1609269551.628661
/C2Data/s0/C2Data-90-Type3;140515.0000;DATA;1609269582.204487
/C2Data/h3/C2Data-15-Type4;223216.0000;NACK;1609269590.196497
/C2Data/d0/C2Data-20-Type4;52381.0000;DATA;1609269590.429017
/C2Data/d2/C2Data-131-Type2;96419.0000;DATA;1609269592.128170
/C2Data/h3/C2Data-35-Type3;82922.0000;NACK;1609269593.258834
/C2Data/s2/C2Data-215-Type2;23819.0000;DATA;1609269598.664028
/C2Data/s3/C2Data-236-Type1;69053.0000;DATA;1609269604.636423
/C2Data/d1/C2Data-110-Type2;115286.0000;DATA;1609269605.185431
/C2Data/h1/C2Data-13-Type3;690.0000;DATA;1609269606.272950
/C2Data/d2/C2Data-68-Type3;44029.0000;DATA;1609269607.681999
/C2Data/v3/C2Data-167-Type3;86885.0000;DATA;1609269610.493726
/C2Data/d3/C2Data-152-Type2;102708.0000;NACK;1609269610.628741
/C2Data/h0/C2Data-5-Type1;43117.0000;DATA;1609269610.740032
/C2Data/d1/C2Data-111-Type1;381983.0000;DATA;1609269652.130469
/C2Data/d2/C2Data-132-Type1;149728.0000;DATA;1609269653.288770
/C2Data/d0/C2Data-90-Type2;60629.0000;DATA;1609269654.960324
/C2Data/h0/C2Data-6-Type1;23909.0000;DATA;1609269657.710297
/C2Data/v0/C2Data-258-Type1;44203.0000;DATA;1609269663.107938
/C2Data/h0/C2Data-6-Type2;52178.0000;DATA;1609269671.739602
/C2Data/s0/C2Data-174-Type1;92329.0000;DATA;1609269671.800324
/C2Data/d1/C2Data-112-Type1;264242.0000;DATA;1609269714.512559
/C2Data/h0/C2Data-7-Type1;63620.0000;DATA;1609269716.079469
/C2Data/s1/C2Data-196-Type2;360766.0000;DATA;1609269716.478162
/C2Data/v3/C2Data-322-Type1;219664.0000;DATA;1609269719.403517
/C2Data/s0/C2Data-175-Type1;281351.0000;DATA;1609269729.046399
/C2Data/v0/C2Data-135-Type3;28433.0000;DATA;1609269731.967742
/C2Data/h0/C2Data-8-Type2;157056.0000;DATA;1609269785.681418
/C2Data/h3/C2Data-71-Type1;82726.0000;NACK;1609269788.947313
/C2Data/h3/C2Data-9-Type5;195674.0000;NACK;1609269809.986528
/C2Data/h3/C2Data-72-Type2;199384.0000;NACK;1609269833.074495
/C2Data/h1/C2Data-3-Type5;23693.0000;DATA;1609269840.257462
/C2Data/s3/C2Data-240-Type1;87503.0000;DATA;1609269840.650465
