/ndn/d0-site/d0/C2Data-1210-Type1;309354.0000;DATA;1612147341.191015
/ndn/s5-site/s5/C2Data-3025-Type1;250240.0000;DATA;1612147341.495307
/ndn/s3-site/s3/C2Data-2783-Type2;259578.0000;DATA;1612147341.971373
/ndn/s7-site/s7/C2Data-3267-Type2;74104.0000;DATA;1612147343.255504
/ndn/d3-site/d3/C2Data-1573-Type1;203365.0000;DATA;1612147344.872738
/ndn/h7-site/h7/C2Data-847-Type1;24542.0000;DATA;1612147345.075001
/ndn/h5-site/h5/C2Data-605-Type1;143786.0000;DATA;1612147346.413980
/ndn/d3-site/d3/C2Data-1573-Type2;3159.0000;DATA;1612147349.466496
/ndn/v6-site/v6/C2Data-4356-Type2;1548.0000;DATA;1612147349.483817
/ndn/h9-site/h9/C2Data-549-Type3;1368.0000;DATA;1612147370.605893
/ndn/v0-site/v0/C2Data-3631-Type2;130668.0000;DATA;1612147370.629558
/ndn/h4-site/h4/C2Data-485-Type2;218324.0000;DATA;1612147372.624089
/ndn/s1-site/s1/C2Data-1281-Type3;169167.0000;DATA;1612147374.199463
/ndn/d7-site/d7/C2Data-2058-Type2;48890.0000;DATA;1612147375.767964
/ndn/h8-site/h8/C2Data-969-Type2;127112.0000;DATA;1612147377.051607
/ndn/d4-site/d4/C2Data-854-Type3;865.0000;DATA;1612147377.256320
/ndn/h1-site/h1/C2Data-122-Type2;98660.0000;DATA;1612147378.234291
/ndn/s0-site/s0/C2Data-2421-Type1;122104.0000;DATA;1612147379.153630
/ndn/v9-site/v9/C2Data-2379-Type3;886.0000;DATA;1612147379.295151
/ndn/d1-site/d1/C2Data-1332-Type2;973.0000;DATA;1612147379.817472
/ndn/v7-site/v7/C2Data-2257-Type3;1985.0000;DATA;1612147379.856702
/ndn/h1-site/h1/C2Data-122-Type1;150706.0000;DATA;1612147379.919017
/ndn/h7-site/h7/C2Data-848-Type1;73321.0000;DATA;1612147380.277183
/ndn/d7-site/d7/C2Data-2058-Type1;54508.0000;DATA;1612147380.459980
/ndn/d3-site/d3/C2Data-1574-Type2;1285.0000;DATA;1612147380.696982
/ndn/h3-site/h3/C2Data-364-Type2;777.0000;DATA;1612147381.989026
/ndn/s8-site/s8/C2Data-1708-Type3;1243.0000;DATA;1612147382.049358
/ndn/v0-site/v0/C2Data-3631-Type1;126901.0000;DATA;1612147382.074202
/ndn/s5-site/s5/C2Data-1525-Type3;3230.0000;DATA;1612147384.253456
/ndn/h5-site/h5/C2Data-305-Type3;97068.0000;DATA;1612147385.769881
/ndn/h8-site/h8/C2Data-488-Type3;54123.0000;DATA;1612147388.276571
/ndn/s2-site/s2/C2Data-2664-Type1;160730.0000;DATA;1612147401.108832
/ndn/d2-site/d2/C2Data-1454-Type1;52936.0000;DATA;1612147402.923550
/ndn/h0-site/h0/C2Data-2-Type1;24417.0000;DATA;1612147404.913340
/ndn/h7-site/h7/C2Data-849-Type1;166237.0000;DATA;1612147408.151971
/ndn/v7-site/v7/C2Data-4479-Type2;32429.0000;DATA;1612147409.873936
/ndn/h9-site/h9/C2Data-1091-Type2;760.0000;DATA;1612147410.997187
/ndn/v5-site/v5/C2Data-4237-Type2;247565.0000;DATA;1612147410.827977
/ndn/d1-site/d1/C2Data-1333-Type2;27094.0000;DATA;1612147412.021484
/ndn/s7-site/s7/C2Data-1648-Type3;72998.0000;DATA;1612147425.143504
/ndn/h9-site/h9/C2Data-550-Type3;33681.0000;DATA;1612147426.287846
/ndn/v3-site/v3/C2Data-2014-Type3;3662.0000;DATA;1612147429.604973
/ndn/s4-site/s4/C2Data-1465-Type3;851.0000;DATA;1612147429.643936
/ndn/d9-site/d9/C2Data-2302-Type1;70501.0000;DATA;1612147431.922342
/ndn/s1-site/s1/C2Data-1282-Type3;902.0000;DATA;1612147432.059022
/ndn/v4-site/v4/C2Data-4117-Type2;218725.0000;DATA;1612147432.722152
/ndn/v7-site/v7/C2Data-4480-Type2;73953.0000;DATA;1612147434.320955
