/ndn/d5-site/d5/C2Data-2420-Type2;170742.0000;DATA;1611602586.254485
/ndn/s14-site/s14/C2Data-5324-Type2;47492.0000;DATA;1611602586.457508
/ndn/h10-site/h10/C2Data-1210-Type2;192681.0000;DATA;1611602588.240498
/ndn/d2-site/d2/C2Data-2057-Type2;71451.0000;DATA;1611602589.135422
/ndn/d12-site/d12/C2Data-3267-Type1;119108.0000;DATA;1611602589.103422
/ndn/d4-site/d4/C2Data-2299-Type1;23818.0000;DATA;1611602591.411501
/ndn/h12-site/h12/C2Data-1452-Type2;145713.0000;DATA;1611602593.240519
/ndn/d0-site/d0/C2Data-1815-Type2;101587.0000;DATA;1611602593.407488
/ndn/v11-site/v11/C2Data-6776-Type1;47282.0000;DATA;1611602594.040555
/ndn/v14-site/v14/C2Data-7139-Type1;121202.0000;DATA;1611602594.197600
/ndn/s11-site/s11/C2Data-4961-Type1;237670.0000;DATA;1611602595.378497
/ndn/d1-site/d1/C2Data-1936-Type1;96059.0000;DATA;1611602595.791446
/ndn/h3-site/h3/C2Data-363-Type2;166774.0000;DATA;1611602595.734623
/ndn/h5-site/h5/C2Data-605-Type2;137824.0000;DATA;1611602596.081777
/ndn/s14-site/s14/C2Data-2684-Type3;49898.0000;DATA;1611602612.648574
/ndn/h13-site/h13/C2Data-1574-Type2;93937.0000;DATA;1611602616.352504
/ndn/d5-site/d5/C2Data-2421-Type2;164244.0000;DATA;1611602618.097615
/ndn/s7-site/s7/C2Data-2257-Type3;25478.0000;DATA;1611602618.258582
/ndn/v5-site/v5/C2Data-6051-Type1;214621.0000;DATA;1611602618.827531
/ndn/s12-site/s12/C2Data-5083-Type1;239069.0000;DATA;1611602618.879536
/ndn/d10-site/d10/C2Data-3026-Type1;196177.0000;DATA;1611602618.927486
/ndn/d12-site/d12/C2Data-1647-Type3;124358.0000;DATA;1611602619.517637
/ndn/d9-site/d9/C2Data-2905-Type1;168708.0000;DATA;1611602619.945645
/ndn/s11-site/s11/C2Data-4962-Type1;240907.0000;DATA;1611602621.221725
/ndn/v0-site/v0/C2Data-5446-Type2;220849.0000;DATA;1611602622.056491
/ndn/v0-site/v0/C2Data-5446-Type1;212801.0000;DATA;1611602622.980426
/ndn/v10-site/v10/C2Data-3355-Type3;148648.0000;DATA;1611602623.091470
/ndn/v2-site/v2/C2Data-2867-Type3;165138.0000;DATA;1611602623.143434
/ndn/v7-site/v7/C2Data-6293-Type2;164102.0000;DATA;1611602623.767468
/ndn/h7-site/h7/C2Data-427-Type3;241000.0000;DATA;1611602623.974523
/ndn/d4-site/d4/C2Data-2300-Type2;28551.0000;DATA;1611602624.750460
/ndn/d10-site/d10/C2Data-3026-Type2;184265.0000;DATA;1611602625.658429
/ndn/s12-site/s12/C2Data-5083-Type2;250539.0000;DATA;1611602626.803005
/ndn/v2-site/v2/C2Data-5688-Type1;174581.0000;DATA;1611602626.912429
/ndn/v3-site/v3/C2Data-2928-Type3;120318.0000;DATA;1611602627.868493
/ndn/s5-site/s5/C2Data-2135-Type3;118708.0000;DATA;1611602629.581436
/ndn/h6-site/h6/C2Data-366-Type3;204680.0000;DATA;1611602629.799416
/ndn/s13-site/s13/C2Data-2623-Type3;283071.0000;DATA;1611602631.398521
/ndn/h4-site/h4/C2Data-486-Type1;233700.0000;DATA;1611602646.510467
/ndn/v4-site/v4/C2Data-5931-Type2;221451.0000;DATA;1611602647.137437
/ndn/d9-site/d9/C2Data-2906-Type1;163623.0000;DATA;1611602649.481487
/ndn/d0-site/d0/C2Data-1817-Type2;99651.0000;DATA;1611602651.329501
/ndn/d0-site/d0/C2Data-1817-Type1;103646.0000;DATA;1611602651.903450
/ndn/h5-site/h5/C2Data-607-Type1;140062.0000;DATA;1611602652.116529
/ndn/d13-site/d13/C2Data-3390-Type1;24129.0000;DATA;1611602652.535462
/ndn/h8-site/h8/C2Data-970-Type1;189525.0000;DATA;1611602654.725423
/ndn/v14-site/v14/C2Data-7141-Type2;123574.0000;DATA;1611602655.012562
/ndn/d1-site/d1/C2Data-1938-Type2;98862.0000;DATA;1611602655.407504
/ndn/d11-site/d11/C2Data-3148-Type2;143226.0000;DATA;1611602656.276519
/ndn/v12-site/v12/C2Data-6899-Type1;277876.0000;DATA;1611602656.861484
/ndn/h0-site/h0/C2Data-1-Type3;217868.0000;DATA;1611602671.119573
/ndn/h9-site/h9/C2Data-550-Type3;166735.0000;DATA;1611602675.210437
/ndn/d13-site/d13/C2Data-1709-Type3;23376.0000;DATA;1611602675.541494
/ndn/d6-site/d6/C2Data-2544-Type1;215480.0000;DATA;1611602675.724459
/ndn/h2-site/h2/C2Data-245-Type1;122080.0000;DATA;1611602675.974502
/ndn/v3-site/v3/C2Data-5811-Type2;120507.0000;DATA;1611602676.609625
/ndn/v11-site/v11/C2Data-3417-Type3;51452.0000;DATA;1611602677.284430
/ndn/s5-site/s5/C2Data-4238-Type2;122098.0000;DATA;1611602679.452524
/ndn/d3-site/d3/C2Data-2181-Type2;189791.0000;DATA;1611602679.841613
/ndn/h10-site/h10/C2Data-1213-Type1;191583.0000;DATA;1611602680.098514
/ndn/s2-site/s2/C2Data-3875-Type1;6000316.0000;TIMEOUT;1611602675.560481
/ndn/h14-site/h14/C2Data-350-Type4;70409.0000;DATA;1611602681.517710
/ndn/s2-site/s2/C2Data-1953-Type3;6000432.0000;TIMEOUT;1611602675.735547
/ndn/d8-site/d8/C2Data-1404-Type3;100646.0000;DATA;1611602681.742532
/ndn/v9-site/v9/C2Data-6537-Type1;182729.0000;DATA;1611602682.103001
/ndn/v13-site/v13/C2Data-1075-Type4;69757.0000;DATA;1611602683.333449
/ndn/v0-site/v0/C2Data-2746-Type3;214843.0000;DATA;1611602683.967469
/ndn/d14-site/d14/C2Data-3512-Type1;23747.0000;DATA;1611602684.862532
/ndn/s7-site/s7/C2Data-2258-Type3;6000209.0000;TIMEOUT;1611602679.692637
/ndn/h4-site/h4/C2Data-487-Type2;200104.0000;DATA;1611602686.023508
/ndn/v11-site/v11/C2Data-6779-Type2;46603.0000;DATA;1611602686.221463
/ndn/d6-site/d6/C2Data-2544-Type2;237360.0000;DATA;1611602686.935499
/ndn/h0-site/h0/C2Data-0-Type4;216518.0000;DATA;1611602688.343430
/ndn/d2-site/d2/C2Data-1038-Type3;70650.0000;DATA;1611602689.219437
/ndn/d11-site/d11/C2Data-1587-Type3;147575.0000;DATA;1611602690.888473
/ndn/v8-site/v8/C2Data-3234-Type3;215681.0000;DATA;1611602691.167491
/ndn/d14-site/d14/C2Data-725-Type4;57529.0000;DATA;1611602695.917637
/ndn/h1-site/h1/C2Data-125-Type2;48446.0000;DATA;1611602705.236495
/ndn/d4-site/d4/C2Data-2303-Type1;23881.0000;DATA;1611602705.947423
/ndn/d2-site/d2/C2Data-425-Type4;73228.0000;DATA;1611602707.028462
/ndn/d8-site/d8/C2Data-2787-Type2;96754.0000;DATA;1611602708.257529
/ndn/d14-site/d14/C2Data-3513-Type1;24402.0000;DATA;1611602708.654502
/ndn/h4-site/h4/C2Data-488-Type1;193024.0000;DATA;1611602708.552567
/ndn/h6-site/h6/C2Data-730-Type1;203363.0000;DATA;1611602709.043494
/ndn/h4-site/h4/C2Data-100-Type4;188580.0000;DATA;1611602709.201580
/ndn/d11-site/d11/C2Data-3150-Type1;139773.0000;DATA;1611602710.589638
/ndn/s0-site/s0/C2Data-3634-Type2;6000448.0000;TIMEOUT;1611602705.284450
/ndn/v11-site/v11/C2Data-1025-Type4;47410.0000;DATA;1611602713.915503
/ndn/d10-site/d10/C2Data-3029-Type2;189828.0000;DATA;1611602713.806477
/ndn/h6-site/h6/C2Data-150-Type4;189060.0000;DATA;1611602714.530434
/ndn/v10-site/v10/C2Data-6659-Type1;144316.0000;DATA;1611602715.008435
/ndn/s7-site/s7/C2Data-4481-Type2;6000840.0000;TIMEOUT;1611602709.416566
/ndn/h4-site/h4/C2Data-488-Type2;204103.0000;DATA;1611602715.289509
/ndn/h9-site/h9/C2Data-1093-Type1;185935.0000;DATA;1611602715.356534
/ndn/v9-site/v9/C2Data-6538-Type1;225598.0000;DATA;1611602715.338617
/ndn/d0-site/d0/C2Data-1819-Type1;93523.0000;DATA;1611602715.665807
/ndn/h2-site/h2/C2Data-246-Type2;57326.0000;DATA;1611602716.442511
/ndn/s3-site/s3/C2Data-3997-Type1;6003797.0000;TIMEOUT;1611602712.338584
/ndn/s5-site/s5/C2Data-4239-Type1;6000220.0000;TIMEOUT;1611602715.771487
/ndn/h14-site/h14/C2Data-856-Type3;71047.0000;DATA;1611602731.394517
/ndn/v2-site/v2/C2Data-2869-Type3;177150.0000;DATA;1611602732.236462
/ndn/v6-site/v6/C2Data-900-Type4;49486.0000;DATA;1611602733.181472
/ndn/d0-site/d0/C2Data-375-Type4;95174.0000;DATA;1611602734.932546
/ndn/v8-site/v8/C2Data-6418-Type2;214114.0000;DATA;1611602735.307552
/ndn/h13-site/h13/C2Data-1578-Type1;93622.0000;DATA;1611602735.528454
/ndn/d4-site/d4/C2Data-2304-Type1;24472.0000;DATA;1611602735.839491
/ndn/h5-site/h5/C2Data-307-Type3;139218.0000;DATA;1611602737.075560
/ndn/d7-site/d7/C2Data-1344-Type3;144234.0000;DATA;1611602737.570571
/ndn/d9-site/d9/C2Data-600-Type4;167830.0000;DATA;1611602738.110429
/ndn/d4-site/d4/C2Data-1161-Type3;24216.0000;DATA;1611602738.389629
/ndn/d7-site/d7/C2Data-2667-Type2;141968.0000;DATA;1611602738.613455
/ndn/s3-site/s3/C2Data-3998-Type2;6001192.0000;TIMEOUT;1611602735.340470
/ndn/h0-site/h0/C2Data-2-Type3;190160.0000;DATA;1611602741.380439
/ndn/d1-site/d1/C2Data-1941-Type1;102732.0000;DATA;1611602741.917537
/ndn/s2-site/s2/C2Data-1954-Type3;6002157.0000;TIMEOUT;1611602736.464482
/ndn/v4-site/v4/C2Data-2991-Type3;217328.0000;DATA;1611602742.448515
/ndn/v2-site/v2/C2Data-5692-Type2;166160.0000;DATA;1611602742.978472
/ndn/h6-site/h6/C2Data-731-Type1;191629.0000;DATA;1611602743.048623
/ndn/v14-site/v14/C2Data-3601-Type3;97902.0000;DATA;1611602743.969480
/ndn/v7-site/v7/C2Data-3174-Type3;164968.0000;DATA;1611602744.276530
/ndn/d2-site/d2/C2Data-1039-Type3;76292.0000;DATA;1611602744.463556
/ndn/s6-site/s6/C2Data-2198-Type3;6000904.0000;TIMEOUT;1611602738.712459
/ndn/v0-site/v0/C2Data-2747-Type3;213382.0000;DATA;1611602745.219578
/ndn/s7-site/s7/C2Data-4482-Type1;6000396.0000;TIMEOUT;1611602739.806547
/ndn/d11-site/d11/C2Data-1588-Type3;143703.0000;DATA;1611602745.692513
/ndn/h0-site/h0/C2Data-5-Type1;214294.0000;DATA;1611602746.308443
/ndn/v12-site/v12/C2Data-3479-Type3;192086.0000;DATA;1611602748.913512
/ndn/v14-site/v14/C2Data-7145-Type2;123448.0000;DATA;1611602769.908514
/ndn/d14-site/d14/C2Data-3515-Type1;23711.0000;DATA;1611602771.199518
/ndn/h5-site/h5/C2Data-611-Type2;138528.0000;DATA;1611602771.140481
/ndn/h1-site/h1/C2Data-127-Type1;48685.0000;DATA;1611602771.567494
/ndn/v8-site/v8/C2Data-6419-Type1;215803.0000;DATA;1611602771.899484
/ndn/d0-site/d0/C2Data-1821-Type1;97687.0000;DATA;1611602772.429723
/ndn/s0-site/s0/C2Data-3636-Type1;6000427.0000;TIMEOUT;1611602766.976517
/ndn/s9-site/s9/C2Data-4725-Type2;6006908.0000;TIMEOUT;1611602776.265425
/ndn/s11-site/s11/C2Data-4967-Type1;6022730.0000;TIMEOUT;1611602776.328511
/ndn/v14-site/v14/C2Data-3602-Type3;133884.0000;DATA;1611602794.676426
/ndn/d1-site/d1/C2Data-1943-Type1;93100.0000;DATA;1611602795.095520
/ndn/h13-site/h13/C2Data-1580-Type2;99706.0000;DATA;1611602796.067434
/ndn/s2-site/s2/C2Data-1955-Type3;6000769.0000;TIMEOUT;1611602792.264480
/ndn/h9-site/h9/C2Data-1096-Type2;164433.0000;DATA;1611602798.431518
/ndn/d3-site/d3/C2Data-2185-Type1;212757.0000;DATA;1611602798.822607
