/ndn/v7-site/v7/C2Data-4477-Type1;85862.0000;DATA;1612147689.215162
/ndn/s1-site/s1/C2Data-2541-Type2;249139.0000;DATA;1612147691.039574
/ndn/h7-site/h7/C2Data-847-Type1;152086.0000;DATA;1612147693.281231
/ndn/s0-site/s0/C2Data-2420-Type2;151877.0000;DATA;1612147696.218273
/ndn/s9-site/s9/C2Data-3509-Type1;227981.0000;DATA;1612147697.210362
/ndn/s8-site/s8/C2Data-3388-Type2;144180.0000;DATA;1612147699.752238
/ndn/s4-site/s4/C2Data-1464-Type3;85166.0000;DATA;1612147713.070412
/ndn/h3-site/h3/C2Data-183-Type3;151434.0000;DATA;1612147719.145006
/ndn/h3-site/h3/C2Data-364-Type2;172789.0000;DATA;1612147719.459506
/ndn/v0-site/v0/C2Data-3631-Type2;98825.0000;DATA;1612147722.600787
/ndn/d3-site/d3/C2Data-1574-Type2;224683.0000;DATA;1612147724.014903
/ndn/s2-site/s2/C2Data-2663-Type1;175596.0000;DATA;1612147725.799598
/ndn/v9-site/v9/C2Data-4720-Type2;25760.0000;DATA;1612147726.873125
/ndn/s9-site/s9/C2Data-3510-Type1;303363.0000;DATA;1612147727.070900
/ndn/d1-site/d1/C2Data-1332-Type1;96718.0000;DATA;1612147729.245430
/ndn/d0-site/d0/C2Data-1211-Type1;193005.0000;DATA;1612147729.277544
/ndn/v3-site/v3/C2Data-3994-Type2;48820.0000;DATA;1612147729.838697
/ndn/d2-site/d2/C2Data-732-Type3;26122.0000;DATA;1612147730.240029
/ndn/v4-site/v4/C2Data-2074-Type3;387049.0000;DATA;1612147732.948263
/ndn/d6-site/d6/C2Data-976-Type3;262804.0000;DATA;1612147733.658595
/ndn/s2-site/s2/C2Data-1342-Type3;285789.0000;DATA;1612147735.733516
/ndn/s6-site/s6/C2Data-3148-Type1;43306.0000;DATA;1612147751.895317
/ndn/s3-site/s3/C2Data-2785-Type1;238066.0000;DATA;1612147752.854773
/ndn/v8-site/v8/C2Data-4600-Type1;167518.0000;DATA;1612147756.744098
/ndn/s5-site/s5/C2Data-3027-Type2;188610.0000;DATA;1612147756.928045
/ndn/s0-site/s0/C2Data-1221-Type3;150777.0000;DATA;1612147773.995101
/ndn/d3-site/d3/C2Data-794-Type3;221429.0000;DATA;1612147777.532943
/ndn/h5-site/h5/C2Data-608-Type2;127813.0000;DATA;1612147783.187207
/ndn/s2-site/s2/C2Data-1343-Type3;177578.0000;DATA;1612147783.312331
