/ndn/s2-site/s2/C2Data-3872-Type2;122074.0000;DATA;1611606832.263778
/ndn/h14-site/h14/C2Data-1694-Type2;529.0000;NACK;1611606832.394279
/ndn/d9-site/d9/C2Data-2904-Type1;97730.0000;DATA;1611606838.326950
/ndn/d7-site/d7/C2Data-2662-Type2;122468.0000;DATA;1611606838.913279
/ndn/h11-site/h11/C2Data-1331-Type2;192338.0000;DATA;1611606841.699155
/ndn/d2-site/d2/C2Data-2057-Type1;192098.0000;DATA;1611606841.752160
/ndn/d11-site/d11/C2Data-3146-Type1;196611.0000;DATA;1611606841.908277
/ndn/d13-site/d13/C2Data-3388-Type2;204456.0000;DATA;1611606842.146273
/ndn/d4-site/d4/C2Data-2299-Type1;261568.0000;DATA;1611606843.383218
/ndn/s4-site/s4/C2Data-2074-Type3;213771.0000;DATA;1611606861.096551
/ndn/s14-site/s14/C2Data-2684-Type3;172139.0000;DATA;1611606861.738210
/ndn/v10-site/v10/C2Data-6656-Type1;147950.0000;DATA;1611606862.246288
/ndn/d8-site/d8/C2Data-2784-Type2;194194.0000;DATA;1611606862.592209
/ndn/d13-site/d13/C2Data-3389-Type2;161716.0000;DATA;1611606862.654230
/ndn/h1-site/h1/C2Data-122-Type2;167871.0000;DATA;1611606864.434171
/ndn/h10-site/h10/C2Data-1211-Type1;165178.0000;DATA;1611606864.888206
/ndn/d5-site/d5/C2Data-1220-Type3;24217.0000;DATA;1611606865.397230
/ndn/v4-site/v4/C2Data-2989-Type3;259296.0000;DATA;1611606865.200168
/ndn/h2-site/h2/C2Data-122-Type3;217742.0000;DATA;1611606865.505245
/ndn/s10-site/s10/C2Data-4841-Type1;189183.0000;DATA;1611606865.950341
/ndn/v8-site/v8/C2Data-3233-Type3;69537.0000;DATA;1611606867.321179
/ndn/h14-site/h14/C2Data-1695-Type2;167808.0000;DATA;1611606867.558273
/ndn/d13-site/d13/C2Data-1708-Type3;167031.0000;DATA;1611606868.042288
/ndn/h4-site/h4/C2Data-485-Type2;24230.0000;DATA;1611606868.266208
/ndn/h3-site/h3/C2Data-364-Type2;217853.0000;DATA;1611606868.822225
/ndn/h8-site/h8/C2Data-969-Type2;92587.0000;DATA;1611606869.015234
/ndn/s13-site/s13/C2Data-2623-Type3;77303.0000;DATA;1611606869.182409
/ndn/v7-site/v7/C2Data-6293-Type2;209900.0000;DATA;1611606869.337023
/ndn/s5-site/s5/C2Data-2135-Type3;144120.0000;DATA;1611606869.528246
/ndn/d0-site/d0/C2Data-915-Type3;161926.0000;DATA;1611606869.536187
/ndn/h3-site/h3/C2Data-183-Type3;214345.0000;DATA;1611606871.459217
/ndn/v6-site/v6/C2Data-6172-Type1;125848.0000;NACK;1611606872.394227
/ndn/v5-site/v5/C2Data-6051-Type1;256083.0000;DATA;1611606873.744164
/ndn/h11-site/h11/C2Data-671-Type3;192338.0000;DATA;1611606875.057222
/ndn/h12-site/h12/C2Data-732-Type3;214740.0000;DATA;1611606877.238234
/ndn/v11-site/v11/C2Data-3416-Type3;181646.0000;DATA;1611606879.129646
/ndn/v12-site/v12/C2Data-6899-Type1;237882.0000;DATA;1611606893.481200
/ndn/h14-site/h14/C2Data-1696-Type2;168318.0000;DATA;1611606893.574281
/ndn/s10-site/s10/C2Data-4842-Type1;195081.0000;DATA;1611606894.513250
/ndn/d6-site/d6/C2Data-2543-Type1;58672.0000;DATA;1611606895.094237
/ndn/v14-site/v14/C2Data-7141-Type1;72237.0000;DATA;1611606895.419334
/ndn/h0-site/h0/C2Data-2-Type1;72231.0000;DATA;1611606896.050237
/ndn/s12-site/s12/C2Data-5084-Type2;46849.0000;DATA;1611606896.134290
/ndn/d12-site/d12/C2Data-3269-Type2;166012.0000;DATA;1611606896.501207
/ndn/d6-site/d6/C2Data-2543-Type2;141039.0000;DATA;1611606899.099141
/ndn/v2-site/v2/C2Data-5689-Type2;143637.0000;DATA;1611606899.351182
/ndn/v11-site/v11/C2Data-6778-Type2;168664.0000;DATA;1611606899.352139
/ndn/s4-site/s4/C2Data-4116-Type1;214991.0000;DATA;1611606899.919172
/ndn/s13-site/s13/C2Data-5205-Type2;6000282.0000;TIMEOUT;1611606894.228230
/ndn/d11-site/d11/C2Data-3148-Type2;186239.0000;DATA;1611606900.601145
/ndn/d8-site/d8/C2Data-2785-Type2;198610.0000;DATA;1611606901.103311
/ndn/h6-site/h6/C2Data-728-Type2;52212.0000;DATA;1611606901.459213
/ndn/d5-site/d5/C2Data-2422-Type1;25598.0000;DATA;1611606901.762544
/ndn/d12-site/d12/C2Data-1648-Type3;178480.0000;DATA;1611606916.700169
/ndn/s11-site/s11/C2Data-2502-Type3;47640.0000;DATA;1611606917.638169
/ndn/s9-site/s9/C2Data-2380-Type3;75898.0000;DATA;1611606918.258584
/ndn/h3-site/h3/C2Data-184-Type3;235589.0000;DATA;1611606918.849166
/ndn/d6-site/d6/C2Data-1282-Type3;150154.0000;DATA;1611606919.283616
/ndn/v12-site/v12/C2Data-3478-Type3;243056.0000;DATA;1611606920.478245
/ndn/v13-site/v13/C2Data-7021-Type1;128557.0000;DATA;1611606924.283263
/ndn/h4-site/h4/C2Data-487-Type1;25114.0000;DATA;1611606926.035180
/ndn/h8-site/h8/C2Data-489-Type3;94372.0000;DATA;1611606926.756157
/ndn/d1-site/d1/C2Data-1939-Type1;194718.0000;DATA;1611606927.809989
/ndn/s2-site/s2/C2Data-3875-Type2;6001382.0000;TIMEOUT;1611606922.292225
/ndn/d1-site/d1/C2Data-1939-Type2;194108.0000;DATA;1611606928.147255
/ndn/s14-site/s14/C2Data-5327-Type2;6000287.0000;TIMEOUT;1611606922.979210
/ndn/v9-site/v9/C2Data-6537-Type2;23689.0000;DATA;1611606929.105225
/ndn/v2-site/v2/C2Data-800-Type4;157596.0000;DATA;1611606929.131215
/ndn/h1-site/h1/C2Data-124-Type1;166932.0000;DATA;1611606929.564178
/ndn/h6-site/h6/C2Data-729-Type1;47642.0000;DATA;1611606932.190145
/ndn/s2-site/s2/C2Data-3875-Type1;6000248.0000;TIMEOUT;1611606926.943292
/ndn/v14-site/v14/C2Data-3600-Type3;72242.0000;DATA;1611606933.580265
/ndn/d11-site/d11/C2Data-1587-Type3;195195.0000;DATA;1611606933.809184
/ndn/h9-site/h9/C2Data-550-Type3;89121.0000;DATA;1611606935.087257
/ndn/v11-site/v11/C2Data-3417-Type3;163405.0000;DATA;1611606935.591210
/ndn/d0-site/d0/C2Data-916-Type3;173890.0000;DATA;1611606935.858225
/ndn/v5-site/v5/C2Data-3051-Type3;271515.0000;DATA;1611606938.389280
/ndn/h2-site/h2/C2Data-123-Type3;208474.0000;DATA;1611606938.785239
/ndn/v6-site/v6/C2Data-900-Type4;133022.0000;NACK;1611606940.193229
/ndn/v14-site/v14/C2Data-1100-Type4;76972.0000;DATA;1611606940.793234
/ndn/h1-site/h1/C2Data-25-Type4;193121.0000;DATA;1611606940.809198
/ndn/h14-site/h14/C2Data-350-Type4;186050.0000;DATA;1611606943.352233
/ndn/d0-site/d0/C2Data-375-Type4;169652.0000;DATA;1611606946.846664
/ndn/v5-site/v5/C2Data-875-Type4;288448.0000;DATA;1611606951.671014
/ndn/d8-site/d8/C2Data-2787-Type2;200805.0000;DATA;1611606953.143218
/ndn/v7-site/v7/C2Data-6296-Type2;208016.0000;DATA;1611606953.496243
/ndn/v1-site/v1/C2Data-5570-Type1;244891.0000;DATA;1611606954.865197
/ndn/d8-site/d8/C2Data-2787-Type1;198081.0000;DATA;1611606955.290305
/ndn/v12-site/v12/C2Data-6901-Type1;273400.0000;DATA;1611606955.976275
/ndn/d0-site/d0/C2Data-1819-Type2;181859.0000;DATA;1611606958.922225
/ndn/s0-site/s0/C2Data-3634-Type2;6000312.0000;TIMEOUT;1611606953.958159
/ndn/h9-site/h9/C2Data-1093-Type1;71210.0000;DATA;1611606960.145258
/ndn/h11-site/h11/C2Data-1335-Type1;187384.0000;DATA;1611606960.656336
/ndn/s12-site/s12/C2Data-5086-Type2;6000277.0000;TIMEOUT;1611606955.839211
/ndn/v13-site/v13/C2Data-7022-Type2;118219.0000;DATA;1611606961.930241
/ndn/h13-site/h13/C2Data-1577-Type2;96404.0000;DATA;1611606962.923289
/ndn/v11-site/v11/C2Data-6780-Type1;167249.0000;DATA;1611606963.757260
/ndn/s5-site/s5/C2Data-4239-Type1;6001646.0000;TIMEOUT;1611606958.243313
/ndn/s14-site/s14/C2Data-5328-Type1;6001372.0000;TIMEOUT;1611606959.267146
/ndn/d6-site/d6/C2Data-525-Type4;149968.0000;DATA;1611606965.496622
/ndn/s2-site/s2/C2Data-3876-Type1;6000443.0000;TIMEOUT;1611606960.025256
/ndn/s4-site/s4/C2Data-4118-Type1;6011404.0000;TIMEOUT;1611606960.221310
/ndn/v13-site/v13/C2Data-1075-Type4;117175.0000;DATA;1611606967.748362
/ndn/h2-site/h2/C2Data-50-Type4;260133.0000;DATA;1611606968.765705
/ndn/s13-site/s13/C2Data-5207-Type2;6000715.0000;TIMEOUT;1611606963.475241
/ndn/h4-site/h4/C2Data-100-Type4;25333.0000;DATA;1611606972.965208
/ndn/d9-site/d9/C2Data-600-Type4;98124.0000;DATA;1611606977.538243
/ndn/v10-site/v10/C2Data-1000-Type4;150077.0000;DATA;1611606978.738278
/ndn/v11-site/v11/C2Data-3418-Type3;176888.0000;DATA;1611606980.018222
/ndn/v14-site/v14/C2Data-3601-Type3;79004.0000;DATA;1611606980.380223
/ndn/h1-site/h1/C2Data-63-Type3;169701.0000;DATA;1611606983.264150
/ndn/s0-site/s0/C2Data-1832-Type3;6000264.0000;TIMEOUT;1611606977.622269
/ndn/v4-site/v4/C2Data-5934-Type1;266727.0000;DATA;1611606983.688203
/ndn/v5-site/v5/C2Data-6055-Type2;259395.0000;DATA;1611606984.173256
/ndn/d11-site/d11/C2Data-1588-Type3;201639.0000;DATA;1611606984.603354
/ndn/d4-site/d4/C2Data-2304-Type1;189536.0000;DATA;1611606984.935346
/ndn/v11-site/v11/C2Data-6781-Type2;169489.0000;DATA;1611606984.975358
/ndn/v7-site/v7/C2Data-6297-Type2;213934.0000;DATA;1611606986.460206
/ndn/v12-site/v12/C2Data-1050-Type4;238228.0000;DATA;1611606986.484293
/ndn/d6-site/d6/C2Data-1283-Type3;140866.0000;DATA;1611606987.873202
/ndn/h1-site/h1/C2Data-126-Type2;167251.0000;DATA;1611606988.398159
/ndn/v12-site/v12/C2Data-3479-Type3;244024.0000;DATA;1611606989.156210
/ndn/d3-site/d3/C2Data-1100-Type3;142849.0000;DATA;1611606990.003292
/ndn/v5-site/v5/C2Data-6055-Type1;262839.0000;DATA;1611606989.888207
/ndn/d9-site/d9/C2Data-1466-Type3;97375.0000;DATA;1611606990.421203
/ndn/h13-site/h13/C2Data-795-Type3;92199.0000;DATA;1611606990.475212
/ndn/v0-site/v0/C2Data-2747-Type3;147245.0000;DATA;1611606990.642266
/ndn/s5-site/s5/C2Data-2137-Type3;6000273.0000;TIMEOUT;1611606985.096314
/ndn/v6-site/v6/C2Data-3113-Type3;125547.0000;NACK;1611606990.976266
/ndn/h8-site/h8/C2Data-973-Type1;97129.0000;DATA;1611606991.356149
/ndn/d9-site/d9/C2Data-2909-Type2;97552.0000;DATA;1611606991.623236
/ndn/s9-site/s9/C2Data-4724-Type2;6000390.0000;TIMEOUT;1611606986.181154
/ndn/h5-site/h5/C2Data-307-Type3;50536.0000;DATA;1611606992.262218
/ndn/s12-site/s12/C2Data-5087-Type2;6000290.0000;TIMEOUT;1611606988.199247
/ndn/s3-site/s3/C2Data-3998-Type1;6000873.0000;TIMEOUT;1611606988.276228
/ndn/d8-site/d8/C2Data-1405-Type3;197193.0000;DATA;1611606995.655256
/ndn/h10-site/h10/C2Data-612-Type3;170272.0000;DATA;1611606995.866206
/ndn/v14-site/v14/C2Data-7145-Type2;71303.0000;DATA;1611607012.956216
/ndn/d13-site/d13/C2Data-3394-Type1;162484.0000;DATA;1611607013.183167
/ndn/v4-site/v4/C2Data-5935-Type1;229372.0000;DATA;1611607013.824235
/ndn/h2-site/h2/C2Data-248-Type1;217892.0000;DATA;1611607014.091230
/ndn/h7-site/h7/C2Data-853-Type2;203833.0000;DATA;1611607015.262246
/ndn/v9-site/v9/C2Data-6540-Type1;23705.0000;DATA;1611607017.322151
/ndn/d9-site/d9/C2Data-2910-Type1;105504.0000;DATA;1611607017.734241
/ndn/v0-site/v0/C2Data-5451-Type1;146073.0000;DATA;1611607018.392189
/ndn/h3-site/h3/C2Data-369-Type2;237742.0000;DATA;1611607018.592182
/ndn/h9-site/h9/C2Data-1095-Type2;69947.0000;DATA;1611607022.126189
/ndn/h13-site/h13/C2Data-1579-Type2;92778.0000;DATA;1611607022.866193
/ndn/s10-site/s10/C2Data-4846-Type1;6000298.0000;TIMEOUT;1611607022.875247
/ndn/d1-site/d1/C2Data-979-Type3;209455.0000;DATA;1611607036.968270
/ndn/v9-site/v9/C2Data-3297-Type3;24712.0000;DATA;1611607039.083173
/ndn/d7-site/d7/C2Data-1345-Type3;124929.0000;DATA;1611607039.269406
/ndn/h8-site/h8/C2Data-491-Type3;98652.0000;DATA;1611607039.919269
/ndn/v7-site/v7/C2Data-3175-Type3;227275.0000;DATA;1611607042.672268
/ndn/v5-site/v5/C2Data-6057-Type1;255508.0000;DATA;1611607043.492227
/ndn/h9-site/h9/C2Data-1096-Type1;71493.0000;DATA;1611607044.694234
/ndn/s0-site/s0/C2Data-1833-Type3;6000455.0000;TIMEOUT;1611607039.653257
/ndn/v0-site/v0/C2Data-5452-Type1;152296.0000;DATA;1611607048.043601
