/ndn/h10-site/h10/C2Data-1210-Type1;25552.0000;DATA;1611608003.110454
/ndn/d13-site/d13/C2Data-3388-Type2;26908.0000;DATA;1611608004.313474
/ndn/h2-site/h2/C2Data-242-Type1;152114.0000;DATA;1611608007.045432
/ndn/s14-site/s14/C2Data-5324-Type2;24185.0000;DATA;1611608007.368403
/ndn/v1-site/v1/C2Data-5566-Type2;186415.0000;DATA;1611608008.428486
/ndn/h13-site/h13/C2Data-793-Type3;111920.0000;DATA;1611608026.421416
/ndn/s11-site/s11/C2Data-4962-Type2;254855.0000;DATA;1611608030.501456
/ndn/v8-site/v8/C2Data-6414-Type1;220307.0000;DATA;1611608030.906481
/ndn/h4-site/h4/C2Data-244-Type3;138389.0000;DATA;1611608031.058413
/ndn/h12-site/h12/C2Data-732-Type3;145213.0000;DATA;1611608031.207408
/ndn/d12-site/d12/C2Data-3268-Type1;119299.0000;DATA;1611608032.251444
/ndn/d3-site/d3/C2Data-2179-Type2;118053.0000;DATA;1611608033.123561
/ndn/d7-site/d7/C2Data-2663-Type1;23223.0000;DATA;1611608033.572442
/ndn/s12-site/s12/C2Data-2562-Type3;231600.0000;DATA;1611608033.669450
/ndn/v2-site/v2/C2Data-2867-Type3;25960.0000;DATA;1611608034.665514
/ndn/v10-site/v10/C2Data-3355-Type3;72204.0000;DATA;1611608035.038496
/ndn/s13-site/s13/C2Data-5204-Type2;92710.0000;DATA;1611608036.032406
/ndn/v12-site/v12/C2Data-3477-Type3;24151.0000;DATA;1611608036.335459
/ndn/v12-site/v12/C2Data-6898-Type2;25656.0000;DATA;1611608036.917496
/ndn/h8-site/h8/C2Data-488-Type3;197890.0000;DATA;1611608036.767494
/ndn/s7-site/s7/C2Data-4478-Type2;24621.0000;DATA;1611608038.185506
/ndn/h4-site/h4/C2Data-485-Type1;194490.0000;DATA;1611608038.246429
/ndn/s10-site/s10/C2Data-4841-Type1;51063.0000;DATA;1611608038.652528
/ndn/v5-site/v5/C2Data-6051-Type2;27807.0000;DATA;1611608039.128447
/ndn/d0-site/d0/C2Data-1816-Type2;50951.0000;DATA;1611608039.978424
/ndn/d11-site/d11/C2Data-3147-Type1;25053.0000;DATA;1611608040.191454
/ndn/h2-site/h2/C2Data-243-Type2;47836.0000;DATA;1611608040.481457
/ndn/d0-site/d0/C2Data-915-Type3;23892.0000;DATA;1611608042.641579
/ndn/s14-site/s14/C2Data-2684-Type3;24975.0000;DATA;1611608044.090447
/ndn/d7-site/d7/C2Data-1342-Type3;26777.0000;DATA;1611608046.469477
/ndn/d6-site/d6/C2Data-1281-Type3;49296.0000;DATA;1611608046.461486
/ndn/d2-site/d2/C2Data-1037-Type3;24620.0000;DATA;1611608046.581596
/ndn/s13-site/s13/C2Data-2623-Type3;23629.0000;DATA;1611608047.015478
/ndn/h6-site/h6/C2Data-728-Type2;196901.0000;DATA;1611608060.565425
/ndn/s9-site/s9/C2Data-4721-Type1;123112.0000;DATA;1611608061.500466
/ndn/d11-site/d11/C2Data-3148-Type2;116563.0000;DATA;1611608065.557483
/ndn/h12-site/h12/C2Data-1454-Type2;69259.0000;DATA;1611608066.978432
/ndn/s8-site/s8/C2Data-4600-Type1;71656.0000;DATA;1611608067.320385
/ndn/h8-site/h8/C2Data-970-Type2;121005.0000;DATA;1611608068.866483
/ndn/s10-site/s10/C2Data-4842-Type2;47893.0000;DATA;1611608069.337442
/ndn/d13-site/d13/C2Data-3390-Type2;23738.0000;DATA;1611608070.770456
/ndn/s8-site/s8/C2Data-4600-Type2;46288.0000;DATA;1611608071.148450
/ndn/s11-site/s11/C2Data-4963-Type1;272197.0000;DATA;1611608071.930421
/ndn/v14-site/v14/C2Data-3600-Type3;98389.0000;DATA;1611608085.257479
/ndn/s4-site/s4/C2Data-2075-Type3;47299.0000;DATA;1611608086.590346
/ndn/d11-site/d11/C2Data-1587-Type3;81212.0000;DATA;1611608086.918503
/ndn/s7-site/s7/C2Data-2258-Type3;24271.0000;DATA;1611608087.471466
/ndn/v8-site/v8/C2Data-3234-Type3;234372.0000;DATA;1611608088.005458
/ndn/h14-site/h14/C2Data-855-Type3;81426.0000;DATA;1611608089.227092
/ndn/h11-site/h11/C2Data-672-Type3;25256.0000;DATA;1611608092.490443
/ndn/v0-site/v0/C2Data-5448-Type2;215603.0000;DATA;1611608092.462435
/ndn/v6-site/v6/C2Data-6174-Type1;51042.0000;DATA;1611608092.641575
/ndn/h6-site/h6/C2Data-729-Type1;191731.0000;DATA;1611608093.108472
/ndn/v6-site/v6/C2Data-6174-Type2;48278.0000;DATA;1611608094.110529
/ndn/d5-site/d5/C2Data-2423-Type2;169128.0000;DATA;1611608094.284407
/ndn/h5-site/h5/C2Data-608-Type2;94228.0000;DATA;1611608095.260432
/ndn/h10-site/h10/C2Data-1213-Type2;187674.0000;DATA;1611608095.187423
/ndn/d12-site/d12/C2Data-3270-Type1;117162.0000;DATA;1611608095.879461
/ndn/d0-site/d0/C2Data-1818-Type2;23471.0000;DATA;1611608096.358433
/ndn/s7-site/s7/C2Data-4480-Type1;23655.0000;DATA;1611608096.798468
/ndn/d12-site/d12/C2Data-3270-Type2;115083.0000;DATA;1611608096.719498
/ndn/v2-site/v2/C2Data-5690-Type2;26294.0000;DATA;1611608096.896421
/ndn/s4-site/s4/C2Data-4117-Type2;140022.0000;DATA;1611608097.034509
/ndn/s2-site/s2/C2Data-3875-Type2;47288.0000;DATA;1611608098.912876
/ndn/s10-site/s10/C2Data-4843-Type1;49958.0000;DATA;1611608099.125548
/ndn/s5-site/s5/C2Data-2136-Type3;24463.0000;DATA;1611608099.265532
/ndn/s9-site/s9/C2Data-2380-Type3;48523.0000;DATA;1611608099.476473
/ndn/h7-site/h7/C2Data-428-Type3;46575.0000;DATA;1611608099.708402
/ndn/d3-site/d3/C2Data-2181-Type2;23548.0000;DATA;1611608099.767407
/ndn/s8-site/s8/C2Data-4601-Type1;74293.0000;DATA;1611608100.418479
/ndn/s9-site/s9/C2Data-4722-Type1;127251.0000;DATA;1611608100.437400
/ndn/v12-site/v12/C2Data-6900-Type2;116268.0000;DATA;1611608100.639459
/ndn/v10-site/v10/C2Data-6658-Type1;72081.0000;DATA;1611608100.908866
/ndn/v10-site/v10/C2Data-6658-Type2;118789.0000;DATA;1611608101.229440
/ndn/h4-site/h4/C2Data-100-Type4;98332.0000;DATA;1611608106.378299
/ndn/s12-site/s12/C2Data-2563-Type3;27358.0000;DATA;1611608107.177576
/ndn/v10-site/v10/C2Data-3356-Type3;46633.0000;DATA;1611608107.285411
/ndn/h13-site/h13/C2Data-1577-Type1;99803.0000;DATA;1611608120.206478
/ndn/v0-site/v0/C2Data-5449-Type1;219698.0000;DATA;1611608120.318419
/ndn/v11-site/v11/C2Data-1025-Type4;47092.0000;DATA;1611608120.733501
/ndn/v2-site/v2/C2Data-5691-Type1;24486.0000;DATA;1611608123.102540
/ndn/h5-site/h5/C2Data-609-Type1;153773.0000;DATA;1611608123.761484
/ndn/h12-site/h12/C2Data-1456-Type2;148704.0000;DATA;1611608124.553470
/ndn/d2-site/d2/C2Data-425-Type4;23578.0000;DATA;1611608126.110403
/ndn/d2-site/d2/C2Data-2061-Type1;69488.0000;DATA;1611608126.301411
/ndn/d0-site/d0/C2Data-1819-Type1;25883.0000;DATA;1611608126.442444
/ndn/d10-site/d10/C2Data-3029-Type2;141434.0000;DATA;1611608126.791421
/ndn/h6-site/h6/C2Data-150-Type4;96008.0000;DATA;1611608127.174420
/ndn/h6-site/h6/C2Data-730-Type1;25833.0000;DATA;1611608127.635408
/ndn/s12-site/s12/C2Data-5086-Type2;141253.0000;DATA;1611608127.767410
/ndn/h10-site/h10/C2Data-1214-Type2;189885.0000;DATA;1611608128.060442
/ndn/s0-site/s0/C2Data-3634-Type1;216032.0000;DATA;1611608128.699476
/ndn/d5-site/d5/C2Data-2424-Type1;162027.0000;DATA;1611608128.998460
/ndn/h7-site/h7/C2Data-851-Type2;146287.0000;DATA;1611608129.088481
/ndn/v8-site/v8/C2Data-6417-Type2;151960.0000;DATA;1611608129.292419
/ndn/d0-site/d0/C2Data-1819-Type2;100666.0000;DATA;1611608129.762435
/ndn/v3-site/v3/C2Data-5812-Type2;46002.0000;DATA;1611608130.259491
/ndn/v14-site/v14/C2Data-7143-Type1;49944.0000;DATA;1611608130.555871
/ndn/v1-site/v1/C2Data-2808-Type3;206317.0000;DATA;1611608144.133568
/ndn/v2-site/v2/C2Data-800-Type4;23581.0000;DATA;1611608146.214468
/ndn/d14-site/d14/C2Data-725-Type4;26104.0000;DATA;1611608146.820476
/ndn/d8-site/d8/C2Data-1405-Type3;23583.0000;DATA;1611608147.350463
/ndn/v2-site/v2/C2Data-5692-Type1;181299.0000;DATA;1611608150.258512
/ndn/h10-site/h10/C2Data-1215-Type1;192226.0000;DATA;1611608150.654110
/ndn/d7-site/d7/C2Data-1344-Type3;23881.0000;DATA;1611608150.884106
/ndn/v14-site/v14/C2Data-7144-Type1;120498.0000;DATA;1611608151.462486
/ndn/h5-site/h5/C2Data-610-Type2;141384.0000;DATA;1611608152.075400
/ndn/s3-site/s3/C2Data-3998-Type1;142655.0000;DATA;1611608152.171397
/ndn/v13-site/v13/C2Data-7023-Type2;99272.0000;DATA;1611608152.754586
/ndn/v11-site/v11/C2Data-6781-Type2;24816.0000;DATA;1611608153.410477
/ndn/s12-site/s12/C2Data-5087-Type2;99922.0000;DATA;1611608154.318499
/ndn/v12-site/v12/C2Data-3479-Type3;24340.0000;DATA;1611608154.679461
/ndn/d1-site/d1/C2Data-1941-Type1;74535.0000;DATA;1611608154.650501
/ndn/h7-site/h7/C2Data-852-Type1;141417.0000;DATA;1611608154.613526
/ndn/h14-site/h14/C2Data-1699-Type1;46851.0000;DATA;1611608156.999501
/ndn/d5-site/d5/C2Data-2425-Type1;98201.0000;DATA;1611608158.236467
/ndn/v6-site/v6/C2Data-6176-Type1;23216.0000;DATA;1611608158.650445
/ndn/s10-site/s10/C2Data-4845-Type1;52046.0000;DATA;1611608158.692402
/ndn/s6-site/s6/C2Data-4361-Type2;23675.0000;DATA;1611608158.891436
/ndn/s11-site/s11/C2Data-4966-Type1;140512.0000;DATA;1611608158.858430
/ndn/s5-site/s5/C2Data-4240-Type1;121994.0000;DATA;1611608159.090502
/ndn/d10-site/d10/C2Data-1527-Type3;92002.0000;DATA;1611608159.341486
/ndn/s9-site/s9/C2Data-2381-Type3;49275.0000;DATA;1611608159.738441
/ndn/s14-site/s14/C2Data-5329-Type1;24068.0000;DATA;1611608159.869410
/ndn/d14-site/d14/C2Data-1771-Type3;47321.0000;DATA;1611608161.338486
/ndn/v8-site/v8/C2Data-6418-Type2;23354.0000;DATA;1611608161.386465
/ndn/s14-site/s14/C2Data-5329-Type2;24595.0000;DATA;1611608161.477436
/ndn/v9-site/v9/C2Data-6539-Type1;145358.0000;DATA;1611608161.444453
/ndn/v0-site/v0/C2Data-2747-Type3;24392.0000;DATA;1611608161.881566
/ndn/d13-site/d13/C2Data-1710-Type3;24353.0000;DATA;1611608162.203465
/ndn/s5-site/s5/C2Data-2137-Type3;27236.0000;DATA;1611608164.561854
/ndn/h0-site/h0/C2Data-6-Type2;211318.0000;DATA;1611608182.238418
/ndn/v6-site/v6/C2Data-6177-Type1;50589.0000;DATA;1611608183.070506
/ndn/s14-site/s14/C2Data-5330-Type1;25017.0000;DATA;1611608183.269489
/ndn/s7-site/s7/C2Data-4483-Type2;23610.0000;DATA;1611608183.563546
/ndn/h3-site/h3/C2Data-369-Type1;46380.0000;DATA;1611608185.298454
/ndn/s2-site/s2/C2Data-3878-Type1;49421.0000;DATA;1611608186.387418
/ndn/v12-site/v12/C2Data-6903-Type1;95145.0000;DATA;1611608187.518533
/ndn/d1-site/d1/C2Data-1942-Type1;122098.0000;DATA;1611608187.522526
/ndn/h1-site/h1/C2Data-127-Type1;25815.0000;DATA;1611608190.132476
/ndn/s3-site/s3/C2Data-3999-Type1;240909.0000;DATA;1611608190.033444
/ndn/s9-site/s9/C2Data-4725-Type2;95509.0000;DATA;1611608190.718447
/ndn/d6-site/d6/C2Data-2547-Type2;123079.0000;DATA;1611608191.745494
/ndn/s0-site/s0/C2Data-1833-Type3;232248.0000;DATA;1611608207.636467
/ndn/s2-site/s2/C2Data-1955-Type3;48591.0000;DATA;1611608207.986563
/ndn/h0-site/h0/C2Data-3-Type3;148298.0000;DATA;1611608209.333457
/ndn/h7-site/h7/C2Data-430-Type3;237869.0000;DATA;1611608210.023474
/ndn/d1-site/d1/C2Data-1943-Type1;25535.0000;DATA;1611608210.407433
/ndn/s13-site/s13/C2Data-5210-Type1;122646.0000;DATA;1611608210.674406
/ndn/s1-site/s1/C2Data-1894-Type3;146189.0000;DATA;1611608211.053468
/ndn/v11-site/v11/C2Data-3419-Type3;47190.0000;DATA;1611608211.467494
/ndn/d9-site/d9/C2Data-2911-Type1;170501.0000;DATA;1611608211.434480
/ndn/v1-site/v1/C2Data-5573-Type2;189000.0000;DATA;1611608211.812425
/ndn/h10-site/h10/C2Data-1217-Type2;194369.0000;DATA;1611608212.039579
/ndn/d12-site/d12/C2Data-3274-Type2;119939.0000;DATA;1611608212.157484
/ndn/h2-site/h2/C2Data-125-Type3;50649.0000;DATA;1611608212.739399
/ndn/h9-site/h9/C2Data-1096-Type1;141465.0000;DATA;1611608212.765427
/ndn/d6-site/d6/C2Data-1284-Type3;222741.0000;DATA;1611608212.736405
/ndn/h13-site/h13/C2Data-796-Type3;49425.0000;DATA;1611608213.181422
/ndn/d14-site/d14/C2Data-1772-Type3;46833.0000;DATA;1611608213.595453
/ndn/s14-site/s14/C2Data-5331-Type2;25317.0000;DATA;1611608214.743502
/ndn/h2-site/h2/C2Data-249-Type1;46187.0000;DATA;1611608215.312465
/ndn/s13-site/s13/C2Data-2626-Type3;94693.0000;DATA;1611608215.303496
/ndn/d5-site/d5/C2Data-1223-Type3;23564.0000;DATA;1611608215.563504
