/ndn/s14-site/s14/C2Data-5324-Type2;155476.0000;DATA;1611606833.991291
/ndn/v4-site/v4/C2Data-5929-Type1;146643.0000;DATA;1611606835.002328
/ndn/h4-site/h4/C2Data-484-Type1;145379.0000;DATA;1611606836.818233
/ndn/h3-site/h3/C2Data-363-Type1;103302.0000;DATA;1611606841.523267
/ndn/s1-site/s1/C2Data-3751-Type2;213252.0000;DATA;1611606841.733292
/ndn/v12-site/v12/C2Data-6897-Type1;516.0000;NACK;1611606842.381320
/ndn/v4-site/v4/C2Data-5929-Type2;145179.0000;DATA;1611606843.598151
/ndn/d2-site/d2/C2Data-1037-Type3;70816.0000;DATA;1611606856.662284
/ndn/h14-site/h14/C2Data-854-Type3;20951.0000;NACK;1611606858.858292
/ndn/d4-site/d4/C2Data-2300-Type1;142496.0000;DATA;1611606862.346226
/ndn/s5-site/s5/C2Data-4236-Type2;24107.0000;DATA;1611606862.546291
/ndn/s10-site/s10/C2Data-4841-Type2;20800.0000;NACK;1611606862.862300
/ndn/v3-site/v3/C2Data-5809-Type1;142701.0000;DATA;1611606862.933334
/ndn/v8-site/v8/C2Data-3233-Type3;171138.0000;DATA;1611606864.723216
/ndn/d8-site/d8/C2Data-2784-Type2;69628.0000;DATA;1611606866.935348
/ndn/v1-site/v1/C2Data-5567-Type2;70644.0000;DATA;1611606867.355168
/ndn/h13-site/h13/C2Data-793-Type3;143955.0000;DATA;1611606868.152308
/ndn/v7-site/v7/C2Data-6293-Type1;93331.0000;DATA;1611606869.081242
/ndn/s10-site/s10/C2Data-4841-Type1;208444.0000;DATA;1611606869.377194
/ndn/d2-site/d2/C2Data-2058-Type1;70773.0000;DATA;1611606869.575240
/ndn/s2-site/s2/C2Data-3873-Type1;141814.0000;DATA;1611606869.624263
/ndn/s9-site/s9/C2Data-2379-Type3;121165.0000;DATA;1611606869.880178
/ndn/s4-site/s4/C2Data-4115-Type2;237262.0000;DATA;1611606870.020309
/ndn/v7-site/v7/C2Data-3172-Type3;97424.0000;DATA;1611606870.214268
/ndn/d11-site/d11/C2Data-3147-Type1;71022.0000;DATA;1611606870.271336
/ndn/h11-site/h11/C2Data-671-Type3;147511.0000;DATA;1611606870.217173
/ndn/d12-site/d12/C2Data-1647-Type3;51404.0000;DATA;1611606870.517338
/ndn/h9-site/h9/C2Data-549-Type3;76416.0000;DATA;1611606870.652330
/ndn/h12-site/h12/C2Data-1453-Type2;234942.0000;DATA;1611606870.962624
/ndn/s4-site/s4/C2Data-2074-Type3;238963.0000;DATA;1611606871.155305
/ndn/v14-site/v14/C2Data-3599-Type3;124729.0000;DATA;1611606871.372259
/ndn/d1-site/d1/C2Data-976-Type3;209348.0000;DATA;1611606871.658176
/ndn/h6-site/h6/C2Data-366-Type3;142499.0000;DATA;1611606872.167247
/ndn/s7-site/s7/C2Data-2257-Type3;169238.0000;DATA;1611606872.177275
/ndn/s4-site/s4/C2Data-4115-Type1;244423.0000;DATA;1611606872.596252
/ndn/d9-site/d9/C2Data-1464-Type3;47507.0000;DATA;1611606873.280206
/ndn/h3-site/h3/C2Data-364-Type1;95845.0000;DATA;1611606873.426927
/ndn/h12-site/h12/C2Data-732-Type3;239548.0000;DATA;1611606873.457296
/ndn/s10-site/s10/C2Data-2440-Type3;226085.0000;DATA;1611606877.054071
/ndn/d3-site/d3/C2Data-1098-Type3;49308.0000;DATA;1611606877.615264
/ndn/d7-site/d7/C2Data-2664-Type1;24842.0000;DATA;1611606893.118325
/ndn/s13-site/s13/C2Data-5205-Type1;221012.0000;DATA;1611606894.124306
/ndn/s10-site/s10/C2Data-4842-Type2;225096.0000;DATA;1611606894.229212
/ndn/s11-site/s11/C2Data-4963-Type2;188151.0000;DATA;1611606896.612165
/ndn/h12-site/h12/C2Data-1454-Type1;235252.0000;DATA;1611606899.158280
/ndn/v13-site/v13/C2Data-7020-Type2;166354.0000;DATA;1611606899.487313
/ndn/s9-site/s9/C2Data-4721-Type2;122331.0000;DATA;1611606900.761270
/ndn/v9-site/v9/C2Data-6536-Type2;166780.0000;DATA;1611606902.068384
/ndn/h11-site/h11/C2Data-1333-Type1;142868.0000;DATA;1611606902.853206
/ndn/h8-site/h8/C2Data-489-Type3;73762.0000;DATA;1611606918.804300
/ndn/v12-site/v12/C2Data-6900-Type2;119557.0000;DATA;1611606924.047286
/ndn/d1-site/d1/C2Data-977-Type3;226453.0000;DATA;1611606924.262390
/ndn/d2-site/d2/C2Data-2060-Type1;69633.0000;DATA;1611606928.790255
/ndn/h2-site/h2/C2Data-245-Type2;237407.0000;DATA;1611606929.138226
/ndn/s7-site/s7/C2Data-2258-Type3;6000344.0000;TIMEOUT;1611606925.282189
/ndn/d1-site/d1/C2Data-1939-Type2;208330.0000;DATA;1611606931.119306
/ndn/d13-site/d13/C2Data-1709-Type3;117955.0000;DATA;1611606931.617267
/ndn/v5-site/v5/C2Data-3051-Type3;143826.0000;DATA;1611606933.586325
/ndn/d0-site/d0/C2Data-375-Type4;52923.0000;DATA;1611606933.686265
/ndn/s2-site/s2/C2Data-1953-Type3;6000357.0000;TIMEOUT;1611606928.109262
/ndn/s10-site/s10/C2Data-4843-Type1;6000991.0000;TIMEOUT;1611606929.021339
/ndn/s3-site/s3/C2Data-3996-Type2;6006927.0000;TIMEOUT;1611606931.464262
/ndn/s3-site/s3/C2Data-2014-Type3;6000402.0000;TIMEOUT;1611606932.187241
/ndn/s12-site/s12/C2Data-5085-Type1;6000278.0000;TIMEOUT;1611606933.703228
/ndn/h6-site/h6/C2Data-150-Type4;103473.0000;DATA;1611606942.753275
/ndn/v2-site/v2/C2Data-800-Type4;38165.0000;DATA;1611606942.861955
/ndn/h3-site/h3/C2Data-75-Type4;101466.0000;DATA;1611606947.063266
/ndn/h1-site/h1/C2Data-25-Type4;92755.0000;DATA;1611606948.172804
/ndn/d1-site/d1/C2Data-1940-Type2;216285.0000;DATA;1611606952.633274
/ndn/v3-site/v3/C2Data-5812-Type1;150441.0000;DATA;1611606952.817302
/ndn/v8-site/v8/C2Data-6417-Type2;170676.0000;DATA;1611606953.811352
/ndn/d3-site/d3/C2Data-2182-Type1;47137.0000;DATA;1611606956.530227
/ndn/h6-site/h6/C2Data-730-Type2;145419.0000;DATA;1611606956.795338
/ndn/v14-site/v14/C2Data-7143-Type2;116843.0000;DATA;1611606957.070275
/ndn/h1-site/h1/C2Data-125-Type1;103385.0000;DATA;1611606957.211241
/ndn/v7-site/v7/C2Data-6296-Type2;102411.0000;DATA;1611606957.279301
/ndn/s8-site/s8/C2Data-4602-Type2;6000604.0000;TIMEOUT;1611606952.407169
/ndn/d11-site/d11/C2Data-3150-Type2;71986.0000;DATA;1611606959.211215
/ndn/h0-site/h0/C2Data-4-Type2;170276.0000;DATA;1611606959.907280
/ndn/v11-site/v11/C2Data-6780-Type1;115374.0000;DATA;1611606960.720309
/ndn/d7-site/d7/C2Data-2666-Type2;28254.0000;DATA;1611606963.067293
/ndn/v5-site/v5/C2Data-6054-Type1;149097.0000;DATA;1611606963.539298
/ndn/v3-site/v3/C2Data-5812-Type2;139976.0000;DATA;1611606963.799097
/ndn/v9-site/v9/C2Data-975-Type4;194153.0000;DATA;1611606973.773540
/ndn/h5-site/h5/C2Data-307-Type3;99912.0000;DATA;1611606977.182209
/ndn/d12-site/d12/C2Data-3272-Type2;49199.0000;DATA;1611606982.615302
/ndn/v14-site/v14/C2Data-1100-Type4;117424.0000;DATA;1611606982.574266
/ndn/h1-site/h1/C2Data-126-Type1;96640.0000;DATA;1611606982.863179
/ndn/s13-site/s13/C2Data-2625-Type3;6000300.0000;TIMEOUT;1611606977.187180
/ndn/s9-site/s9/C2Data-2381-Type3;6000339.0000;TIMEOUT;1611606977.739266
/ndn/d6-site/d6/C2Data-2546-Type1;72657.0000;DATA;1611606984.396594
/ndn/v8-site/v8/C2Data-950-Type4;164036.0000;DATA;1611606986.173273
/ndn/h14-site/h14/C2Data-1699-Type2;188251.0000;DATA;1611606986.176160
/ndn/v12-site/v12/C2Data-1050-Type4;120454.0000;DATA;1611606988.024251
/ndn/s14-site/s14/C2Data-2686-Type3;6000580.0000;TIMEOUT;1611606982.223174
/ndn/s7-site/s7/C2Data-4482-Type1;6000261.0000;TIMEOUT;1611606983.563265
/ndn/d12-site/d12/C2Data-1649-Type3;46685.0000;DATA;1611606991.395168
/ndn/v3-site/v3/C2Data-5813-Type2;142434.0000;DATA;1611606991.463338
/ndn/d1-site/d1/C2Data-1941-Type1;216232.0000;DATA;1611606991.634216
/ndn/v9-site/v9/C2Data-6539-Type1;183869.0000;DATA;1611606992.090179
/ndn/d7-site/d7/C2Data-2667-Type1;23845.0000;DATA;1611606993.384268
/ndn/s2-site/s2/C2Data-3877-Type1;6000332.0000;TIMEOUT;1611606990.682283
/ndn/v12-site/v12/C2Data-3479-Type3;122205.0000;DATA;1611606996.588261
/ndn/v4-site/v4/C2Data-2991-Type3;134673.0000;DATA;1611606997.510269
/ndn/h6-site/h6/C2Data-368-Type3;154621.0000;DATA;1611606998.003229
/ndn/v13-site/v13/C2Data-3540-Type3;164402.0000;DATA;1611606998.482179
/ndn/s4-site/s4/C2Data-2076-Type3;6003713.0000;TIMEOUT;1611606993.108269
/ndn/s9-site/s9/C2Data-4724-Type2;6007422.0000;TIMEOUT;1611606993.421206
/ndn/s11-site/s11/C2Data-2503-Type3;6000455.0000;TIMEOUT;1611606996.148265
/ndn/s12-site/s12/C2Data-2564-Type3;6000960.0000;TIMEOUT;1611606999.642877
/ndn/d4-site/d4/C2Data-2305-Type2;144707.0000;DATA;1611607013.871192
/ndn/s10-site/s10/C2Data-4846-Type2;6000221.0000;TIMEOUT;1611607013.164286
/ndn/v7-site/v7/C2Data-6298-Type2;95316.0000;DATA;1611607019.670321
/ndn/s1-site/s1/C2Data-3757-Type2;6000320.0000;TIMEOUT;1611607014.480239
/ndn/s2-site/s2/C2Data-3878-Type1;6001647.0000;TIMEOUT;1611607014.901174
/ndn/h10-site/h10/C2Data-1216-Type1;47002.0000;DATA;1611607021.634185
/ndn/h8-site/h8/C2Data-974-Type1;73461.0000;DATA;1611607022.863265
/ndn/v13-site/v13/C2Data-7024-Type1;171916.0000;DATA;1611607023.152280
/ndn/d1-site/d1/C2Data-979-Type3;245579.0000;DATA;1611607036.668325
/ndn/v8-site/v8/C2Data-3236-Type3;194640.0000;DATA;1611607038.155360
/ndn/h2-site/h2/C2Data-125-Type3;261087.0000;DATA;1611607038.261295
/ndn/v7-site/v7/C2Data-3175-Type3;98982.0000;DATA;1611607040.706229
/ndn/d7-site/d7/C2Data-2669-Type1;24553.0000;DATA;1611607042.343240
/ndn/h8-site/h8/C2Data-491-Type3;72673.0000;DATA;1611607044.651179
/ndn/d8-site/d8/C2Data-1406-Type3;71060.0000;DATA;1611607045.096253
/ndn/d0-site/d0/C2Data-1822-Type1;49484.0000;DATA;1611607045.285545
/ndn/h11-site/h11/C2Data-674-Type3;142932.0000;DATA;1611607045.971237
/ndn/d5-site/d5/C2Data-1223-Type3;123273.0000;DATA;1611607047.113298
