/C2Data/d1/C2Data-105-Type2;82206.0000;DATA;1609267447.125009
/C2Data/s2/C2Data-210-Type2;102975.0000;DATA;1609267447.750974
/C2Data/v0/C2Data-252-Type1;55323.0000;DATA;1609267455.983050
/C2Data/d2/C2Data-126-Type1;30166.0000;DATA;1609267458.739110
/C2Data/h3/C2Data-63-Type1;101723.0000;NACK;1609267460.193805
/C2Data/h1/C2Data-21-Type1;117755.0000;DATA;1609267460.866919
/C2Data/s0/C2Data-168-Type1;84024.0000;DATA;1609267465.076251
/C2Data/h1/C2Data-22-Type2;110280.0000;DATA;1609267509.541424
/C2Data/h1/C2Data-22-Type1;113512.0000;DATA;1609267510.079933
/C2Data/d3/C2Data-148-Type1;55014.0000;DATA;1609267510.928878
/C2Data/d2/C2Data-66-Type3;41050.0000;DATA;1609267514.067891
/C2Data/h2/C2Data-22-Type3;48681.0000;NACK;1609267519.507616
/C2Data/v3/C2Data-165-Type3;70270.0000;DATA;1609267520.429514
/C2Data/s3/C2Data-121-Type3;23769.0000;DATA;1609267532.025078
/C2Data/v2/C2Data-154-Type3;77774.0000;DATA;1609267536.939321
/C2Data/s0/C2Data-170-Type1;51940.0000;DATA;1609267562.811870
/C2Data/v1/C2Data-275-Type1;111620.0000;DATA;1609267572.484005
/C2Data/s3/C2Data-233-Type2;47700.0000;DATA;1609267573.845467
/C2Data/h3/C2Data-65-Type2;73327.0000;NACK;1609267575.792390
/C2Data/v2/C2Data-296-Type1;113241.0000;DATA;1609267578.695941
/C2Data/d1/C2Data-107-Type2;72963.0000;DATA;1609267579.804952
/C2Data/h2/C2Data-44-Type1;66147.0000;NACK;1609267582.837661
/C2Data/h1/C2Data-23-Type1;143597.0000;DATA;1609267583.061004
/C2Data/v1/C2Data-276-Type1;124247.0000;DATA;1609267621.634231
/C2Data/v1/C2Data-144-Type3;122652.0000;DATA;1609267623.605475
/C2Data/v0/C2Data-255-Type2;46396.0000;DATA;1609267635.433983
/C2Data/v2/C2Data-297-Type1;150480.0000;DATA;1609267635.864720
/C2Data/s0/C2Data-171-Type2;58986.0000;DATA;1609267639.354204
/C2Data/h3/C2Data-34-Type3;80534.0000;NACK;1609267652.320099
/C2Data/h2/C2Data-46-Type1;42926.0000;NACK;1609267685.557216
/C2Data/d1/C2Data-109-Type2;275687.0000;DATA;1609267687.040782
/C2Data/s1/C2Data-193-Type1;245130.0000;DATA;1609267688.930302
/C2Data/h1/C2Data-25-Type1;92747.0000;DATA;1609267693.688589
/C2Data/v2/C2Data-298-Type2;119157.0000;DATA;1609267696.863942
/C2Data/h3/C2Data-67-Type1;75100.0000;NACK;1609267700.340506
/C2Data/d3/C2Data-79-Type3;96609.0000;DATA;1609267733.193499
/C2Data/s0/C2Data-173-Type2;56760.0000;DATA;1609267761.754520
/C2Data/v2/C2Data-156-Type3;246179.0000;DATA;1609267763.071664
/C2Data/s1/C2Data-101-Type3;196687.0000;DATA;1609267771.800110
/C2Data/s3/C2Data-237-Type2;23936.0000;DATA;1609267802.893453
/C2Data/v2/C2Data-300-Type2;83444.0000;DATA;1609267803.772497
/C2Data/v0/C2Data-258-Type1;46678.0000;DATA;1609267806.180355
/C2Data/h2/C2Data-48-Type2;51035.0000;NACK;1609267809.032066
/C2Data/d3/C2Data-153-Type2;70754.0000;DATA;1609267810.726788
/C2Data/v3/C2Data-321-Type2;78106.0000;DATA;1609267816.317447
/C2Data/v0/C2Data-258-Type2;54582.0000;DATA;1609267816.407989
/C2Data/s1/C2Data-196-Type1;164879.0000;DATA;1609267861.264598
/C2Data/h2/C2Data-49-Type2;60246.0000;NACK;1609267862.090094
/C2Data/s2/C2Data-113-Type3;60039.0000;DATA;1609267863.139878
/C2Data/h0/C2Data-3-Type3;43325.0000;DATA;1609267866.403615
/C2Data/d1/C2Data-58-Type3;116836.0000;DATA;1609267867.255912
/C2Data/h3/C2Data-70-Type1;41690.0000;NACK;1609267870.297177
/C2Data/s2/C2Data-217-Type1;80607.0000;DATA;1609267874.983952
/C2Data/s3/C2Data-238-Type1;23914.0000;DATA;1609267882.737969
/C2Data/v0/C2Data-135-Type3;48262.0000;DATA;1609267892.495459
/C2Data/v0/C2Data-260-Type1;92159.0000;DATA;1609267926.648063
/C2Data/v1/C2Data-281-Type1;168428.0000;DATA;1609267928.784061
/C2Data/h0/C2Data-8-Type2;29045.0000;DATA;1609267932.980552
/C2Data/h1/C2Data-29-Type1;116361.0000;DATA;1609267935.132457
/C2Data/h1/C2Data-6-Type4;116308.0000;DATA;1609267938.269400
/C2Data/s1/C2Data-197-Type1;6000425.0000;TIMEOUT;1609267941.212979
/C2Data/v2/C2Data-51-Type4;186385.0000;DATA;1609267955.624485
/C2Data/s0/C2Data-92-Type3;49121.0000;DATA;1609267978.508882
/C2Data/h2/C2Data-51-Type2;41752.0000;NACK;1609267987.778492
/C2Data/v0/C2Data-261-Type2;54264.0000;DATA;1609268020.386283
