/ndn/h5-site/h5/C2Data-605-Type1;120432.0000;DATA;1611611481.689152
/ndn/d6-site/d6/C2Data-2541-Type2;230282.0000;DATA;1611611482.016094
/ndn/v10-site/v10/C2Data-6655-Type1;414.0000;NACK;1611611482.332177
/ndn/h8-site/h8/C2Data-968-Type1;170278.0000;DATA;1611611483.310116
/ndn/v9-site/v9/C2Data-6534-Type2;494.0000;NACK;1611611484.044182
/ndn/s10-site/s10/C2Data-4840-Type2;71763.0000;DATA;1611611484.302170
/ndn/v8-site/v8/C2Data-6413-Type1;537.0000;NACK;1611611485.372144
/ndn/s4-site/s4/C2Data-4114-Type1;95919.0000;DATA;1611611487.945163
/ndn/s11-site/s11/C2Data-4961-Type2;209604.0000;DATA;1611611487.841157
/ndn/h4-site/h4/C2Data-484-Type2;162100.0000;DATA;1611611487.959160
/ndn/s1-site/s1/C2Data-3751-Type2;248422.0000;DATA;1611611488.915096
/ndn/h6-site/h6/C2Data-726-Type2;172182.0000;DATA;1611611489.333177
/ndn/v4-site/v4/C2Data-5929-Type1;213532.0000;DATA;1611611490.825159
/ndn/s1-site/s1/C2Data-1891-Type3;246460.0000;DATA;1611611509.036184
/ndn/s6-site/s6/C2Data-4357-Type2;186817.0000;DATA;1611611511.684170
/ndn/v10-site/v10/C2Data-6656-Type1;139937.0000;DATA;1611611512.216117
/ndn/h14-site/h14/C2Data-854-Type3;47755.0000;DATA;1611611512.798230
/ndn/h6-site/h6/C2Data-727-Type1;168572.0000;DATA;1611611512.756107
/ndn/d2-site/d2/C2Data-2058-Type2;79940.0000;DATA;1611611513.461171
/ndn/d2-site/d2/C2Data-2058-Type1;71438.0000;DATA;1611611514.181110
/ndn/v0-site/v0/C2Data-5446-Type1;214564.0000;DATA;1611611514.358180
/ndn/v12-site/v12/C2Data-6898-Type2;193235.0000;DATA;1611611514.586124
/ndn/d11-site/d11/C2Data-3147-Type2;140760.0000;DATA;1611611514.765112
/ndn/d4-site/d4/C2Data-2300-Type2;49897.0000;DATA;1611611515.192173
/ndn/v1-site/v1/C2Data-5567-Type2;193875.0000;DATA;1611611516.537124
/ndn/s14-site/s14/C2Data-5325-Type2;48965.0000;DATA;1611611516.983749
/ndn/s11-site/s11/C2Data-4962-Type1;205485.0000;DATA;1611611517.435133
/ndn/h12-site/h12/C2Data-732-Type3;92167.0000;DATA;1611611517.576177
/ndn/d1-site/d1/C2Data-1937-Type2;70656.0000;DATA;1611611519.204176
/ndn/h2-site/h2/C2Data-122-Type3;93074.0000;DATA;1611611519.233138
/ndn/v13-site/v13/C2Data-3538-Type3;46599.0000;DATA;1611611520.534133
/ndn/h3-site/h3/C2Data-364-Type2;167240.0000;DATA;1611611520.563164
/ndn/d11-site/d11/C2Data-3147-Type1;141235.0000;DATA;1611611521.044190
/ndn/h8-site/h8/C2Data-969-Type1;168647.0000;DATA;1611611521.225135
/ndn/d7-site/d7/C2Data-2663-Type1;149836.0000;DATA;1611611522.671185
/ndn/h9-site/h9/C2Data-549-Type3;139494.0000;DATA;1611611526.658170
/ndn/v7-site/v7/C2Data-6294-Type1;165992.0000;DATA;1611611541.497154
/ndn/s6-site/s6/C2Data-4358-Type1;191172.0000;DATA;1611611541.475190
/ndn/h4-site/h4/C2Data-486-Type2;170552.0000;DATA;1611611542.046140
/ndn/s2-site/s2/C2Data-3874-Type1;47429.0000;DATA;1611611542.178134
/ndn/d8-site/d8/C2Data-2785-Type1;96407.0000;DATA;1611611543.201162
/ndn/h1-site/h1/C2Data-123-Type1;51193.0000;DATA;1611611543.738107
/ndn/h13-site/h13/C2Data-1575-Type2;69949.0000;DATA;1611611545.177180
/ndn/s2-site/s2/C2Data-3874-Type2;48683.0000;DATA;1611611545.321215
/ndn/h14-site/h14/C2Data-1696-Type2;46498.0000;DATA;1611611545.543105
/ndn/d0-site/d0/C2Data-1817-Type2;97755.0000;DATA;1611611546.836143
/ndn/d7-site/d7/C2Data-2664-Type1;146145.0000;DATA;1611611547.105132
/ndn/h11-site/h11/C2Data-1333-Type2;23866.0000;DATA;1611611547.227104
/ndn/v3-site/v3/C2Data-5810-Type1;93617.0000;DATA;1611611549.184109
/ndn/d12-site/d12/C2Data-3269-Type1;117462.0000;DATA;1611611549.530167
/ndn/v11-site/v11/C2Data-6778-Type2;24285.0000;DATA;1611611549.916128
/ndn/d9-site/d9/C2Data-2906-Type1;167708.0000;DATA;1611611549.864196
/ndn/s12-site/s12/C2Data-5084-Type2;242345.0000;DATA;1611611552.722161
/ndn/v14-site/v14/C2Data-3600-Type3;106546.0000;DATA;1611611567.449182
/ndn/h0-site/h0/C2Data-1-Type3;196058.0000;DATA;1611611570.832117
/ndn/d8-site/d8/C2Data-1404-Type3;109981.0000;DATA;1611611571.067099
/ndn/h9-site/h9/C2Data-1092-Type2;141189.0000;DATA;1611611571.727111
/ndn/h5-site/h5/C2Data-608-Type2;117339.0000;DATA;1611611573.606167
/ndn/s8-site/s8/C2Data-4601-Type1;23698.0000;DATA;1611611573.728121
/ndn/s4-site/s4/C2Data-2075-Type3;97423.0000;DATA;1611611573.709100
/ndn/h5-site/h5/C2Data-306-Type3;116277.0000;DATA;1611611574.298178
/ndn/d6-site/d6/C2Data-2544-Type2;165175.0000;DATA;1611611576.352590
/ndn/v11-site/v11/C2Data-6779-Type2;24171.0000;DATA;1611611577.581140
/ndn/d0-site/d0/C2Data-1818-Type2;27205.0000;DATA;1611611577.580151
/ndn/s0-site/s0/C2Data-3633-Type2;6000206.0000;TIMEOUT;1611611571.834101
/ndn/v5-site/v5/C2Data-6053-Type2;214975.0000;DATA;1611611577.781902
/ndn/v14-site/v14/C2Data-7142-Type2;95751.0000;DATA;1611611578.055288
/ndn/h12-site/h12/C2Data-733-Type3;98206.0000;DATA;1611611578.503191
/ndn/v1-site/v1/C2Data-2807-Type3;189863.0000;DATA;1611611578.411099
/ndn/d10-site/d10/C2Data-3028-Type1;169899.0000;DATA;1611611578.682196
/ndn/h2-site/h2/C2Data-123-Type3;98177.0000;DATA;1611611579.521171
/ndn/h14-site/h14/C2Data-1697-Type2;49406.0000;DATA;1611611579.921212
/ndn/v8-site/v8/C2Data-950-Type4;190960.0000;DATA;1611611580.303127
/ndn/v1-site/v1/C2Data-5569-Type1;190197.0000;DATA;1611611580.377729
/ndn/s6-site/s6/C2Data-4359-Type2;6000790.0000;TIMEOUT;1611611575.276137
/ndn/d7-site/d7/C2Data-2665-Type1;144082.0000;DATA;1611611582.019132
/ndn/v12-site/v12/C2Data-1050-Type4;188398.0000;DATA;1611611582.480225
/ndn/v2-site/v2/C2Data-2868-Type3;170729.0000;DATA;1611611584.222140
/ndn/s5-site/s5/C2Data-4238-Type2;6003007.0000;TIMEOUT;1611611581.998205
/ndn/v11-site/v11/C2Data-3417-Type3;25605.0000;DATA;1611611589.159123
/ndn/h1-site/h1/C2Data-25-Type4;50403.0000;DATA;1611611590.547645
/ndn/d9-site/d9/C2Data-600-Type4;178556.0000;DATA;1611611595.534128
/ndn/d4-site/d4/C2Data-2303-Type2;47336.0000;DATA;1611611604.464107
/ndn/h6-site/h6/C2Data-730-Type2;170835.0000;DATA;1611611604.340158
/ndn/h3-site/h3/C2Data-367-Type2;162230.0000;DATA;1611611604.731181
/ndn/h8-site/h8/C2Data-972-Type1;172986.0000;DATA;1611611605.163149
/ndn/v7-site/v7/C2Data-925-Type4;174012.0000;DATA;1611611606.713101
/ndn/s13-site/s13/C2Data-5207-Type2;6002355.0000;TIMEOUT;1611611601.309886
/ndn/d11-site/d11/C2Data-3150-Type2;144898.0000;DATA;1611611610.161088
/ndn/s3-site/s3/C2Data-3997-Type2;6008762.0000;TIMEOUT;1611611604.600096
/ndn/d2-site/d2/C2Data-2061-Type1;73079.0000;DATA;1611611611.330164
/ndn/s0-site/s0/C2Data-3634-Type1;6000269.0000;TIMEOUT;1611611606.013106
/ndn/d12-site/d12/C2Data-3271-Type1;119912.0000;DATA;1611611611.923101
/ndn/h2-site/h2/C2Data-246-Type2;97775.0000;DATA;1611611612.583826
/ndn/s11-site/s11/C2Data-4965-Type1;6000305.0000;TIMEOUT;1611611610.423293
/ndn/v14-site/v14/C2Data-1100-Type4;101701.0000;DATA;1611611616.628800
/ndn/d6-site/d6/C2Data-525-Type4;211231.0000;DATA;1611611618.887136
/ndn/h8-site/h8/C2Data-200-Type4;170014.0000;DATA;1611611621.887183
/ndn/v0-site/v0/C2Data-2747-Type3;220437.0000;DATA;1611611627.137172
/ndn/v4-site/v4/C2Data-2991-Type3;222841.0000;DATA;1611611627.368195
/ndn/h12-site/h12/C2Data-734-Type3;100532.0000;DATA;1611611628.655450
/ndn/h7-site/h7/C2Data-429-Type3;223796.0000;DATA;1611611629.136164
/ndn/s1-site/s1/C2Data-1893-Type3;6000332.0000;TIMEOUT;1611611626.039126
/ndn/v13-site/v13/C2Data-7023-Type1;46312.0000;DATA;1611611632.047167
/ndn/d12-site/d12/C2Data-675-Type4;119576.0000;DATA;1611611632.431204
/ndn/h1-site/h1/C2Data-126-Type1;48296.0000;DATA;1611611632.562176
/ndn/v2-site/v2/C2Data-5692-Type2;175920.0000;DATA;1611611632.780169
/ndn/s13-site/s13/C2Data-2625-Type3;6000271.0000;TIMEOUT;1611611627.281116
/ndn/h7-site/h7/C2Data-852-Type1;210922.0000;DATA;1611611636.114181
/ndn/v14-site/v14/C2Data-7144-Type2;97481.0000;DATA;1611611636.298096
/ndn/h14-site/h14/C2Data-1699-Type1;50641.0000;DATA;1611611636.703163
/ndn/h4-site/h4/C2Data-100-Type4;166235.0000;DATA;1611611636.604126
/ndn/v6-site/v6/C2Data-6176-Type1;47612.0000;DATA;1611611637.909170
/ndn/h1-site/h1/C2Data-126-Type2;46554.0000;DATA;1611611639.254139
/ndn/d13-site/d13/C2Data-3393-Type2;24455.0000;DATA;1611611640.189190
/ndn/s14-site/s14/C2Data-5329-Type2;6000299.0000;TIMEOUT;1611611635.418099
/ndn/s13-site/s13/C2Data-5208-Type1;6002241.0000;TIMEOUT;1611611636.264116
/ndn/h1-site/h1/C2Data-63-Type3;49827.0000;DATA;1611611642.297135
/ndn/v6-site/v6/C2Data-6176-Type2;48750.0000;DATA;1611611642.328158
/ndn/s5-site/s5/C2Data-2137-Type3;6000242.0000;TIMEOUT;1611611636.950145
/ndn/s0-site/s0/C2Data-3635-Type1;6000753.0000;TIMEOUT;1611611637.234118
/ndn/s6-site/s6/C2Data-4361-Type1;6000443.0000;TIMEOUT;1611611637.388188
/ndn/s1-site/s1/C2Data-3756-Type2;6000267.0000;TIMEOUT;1611611637.717139
/ndn/s10-site/s10/C2Data-4845-Type2;6000469.0000;TIMEOUT;1611611637.872201
/ndn/s10-site/s10/C2Data-2442-Type3;6000268.0000;TIMEOUT;1611611639.865103
/ndn/s2-site/s2/C2Data-1954-Type3;6001165.0000;TIMEOUT;1611611648.635190
/ndn/v3-site/v3/C2Data-5814-Type2;96230.0000;DATA;1611611662.033137
/ndn/v6-site/v6/C2Data-6177-Type2;48909.0000;DATA;1611611662.405119
/ndn/v7-site/v7/C2Data-6298-Type1;161005.0000;DATA;1611611664.809117
/ndn/v8-site/v8/C2Data-6419-Type1;202663.0000;DATA;1611611665.808178
/ndn/h8-site/h8/C2Data-974-Type1;177104.0000;DATA;1611611666.607114
/ndn/v2-site/v2/C2Data-5693-Type2;169510.0000;DATA;1611611666.631149
/ndn/v5-site/v5/C2Data-6056-Type2;215018.0000;DATA;1611611669.014178
/ndn/h5-site/h5/C2Data-611-Type1;123226.0000;DATA;1611611671.961131
/ndn/d4-site/d4/C2Data-1162-Type3;55265.0000;DATA;1611611685.801099
/ndn/h10-site/h10/C2Data-613-Type3;202188.0000;DATA;1611611688.489137
/ndn/v8-site/v8/C2Data-3236-Type3;64975.0000;DATA;1611611690.796125
/ndn/v10-site/v10/C2Data-6662-Type1;144823.0000;DATA;1611611692.010151
/ndn/d4-site/d4/C2Data-2306-Type1;50884.0000;DATA;1611611692.184134
/ndn/d3-site/d3/C2Data-2185-Type1;194588.0000;DATA;1611611692.511092
/ndn/h6-site/h6/C2Data-733-Type2;168857.0000;DATA;1611611694.698130
/ndn/v0-site/v0/C2Data-5452-Type2;214576.0000;DATA;1611611696.311152
/ndn/v9-site/v9/C2Data-3297-Type3;190721.0000;DATA;1611611696.907280
