/ndn/h10-site/h10/C2Data-1210-Type1;95717.0000;DATA;1611609746.920116
/ndn/d13-site/d13/C2Data-3388-Type2;26045.0000;DATA;1611609748.123139
/ndn/h2-site/h2/C2Data-242-Type1;52826.0000;DATA;1611609750.855212
/ndn/s14-site/s14/C2Data-5324-Type2;29133.0000;DATA;1611609751.178210
/ndn/v1-site/v1/C2Data-5566-Type2;187677.0000;DATA;1611609752.238136
/ndn/h13-site/h13/C2Data-793-Type3;106280.0000;DATA;1611609770.231227
/ndn/s11-site/s11/C2Data-4962-Type2;235992.0000;DATA;1611609774.311203
/ndn/v8-site/v8/C2Data-6414-Type1;213045.0000;DATA;1611609774.716128
/ndn/h4-site/h4/C2Data-244-Type3;145946.0000;DATA;1611609774.868106
/ndn/h12-site/h12/C2Data-732-Type3;147242.0000;DATA;1611609775.017145
/ndn/d12-site/d12/C2Data-3268-Type1;120914.0000;DATA;1611609776.061190
/ndn/d3-site/d3/C2Data-2179-Type2;118586.0000;DATA;1611609776.933119
/ndn/d7-site/d7/C2Data-2663-Type1;23823.0000;DATA;1611609777.382149
/ndn/s12-site/s12/C2Data-2562-Type3;234164.0000;DATA;1611609777.479169
/ndn/v2-site/v2/C2Data-2867-Type3;24772.0000;DATA;1611609778.475112
/ndn/v10-site/v10/C2Data-3355-Type3;69958.0000;DATA;1611609778.848164
/ndn/s13-site/s13/C2Data-5204-Type2;99443.0000;DATA;1611609779.842103
/ndn/v12-site/v12/C2Data-3477-Type3;23549.0000;DATA;1611609780.145179
/ndn/v12-site/v12/C2Data-6898-Type2;23808.0000;DATA;1611609780.727243
/ndn/h8-site/h8/C2Data-488-Type3;195980.0000;DATA;1611609780.577135
/ndn/s7-site/s7/C2Data-4478-Type2;23708.0000;DATA;1611609781.995124
/ndn/h4-site/h4/C2Data-485-Type1;190987.0000;DATA;1611609782.056102
/ndn/s10-site/s10/C2Data-4841-Type1;49453.0000;DATA;1611609782.462194
/ndn/v5-site/v5/C2Data-6051-Type2;23514.0000;DATA;1611609782.938112
/ndn/d0-site/d0/C2Data-1816-Type2;47444.0000;DATA;1611609783.788182
/ndn/d11-site/d11/C2Data-3147-Type1;23708.0000;DATA;1611609784.001143
/ndn/h2-site/h2/C2Data-243-Type2;50684.0000;DATA;1611609784.291140
/ndn/d0-site/d0/C2Data-915-Type3;73665.0000;DATA;1611609786.452140
/ndn/s14-site/s14/C2Data-2684-Type3;23374.0000;DATA;1611609787.900127
/ndn/d7-site/d7/C2Data-1342-Type3;23674.0000;DATA;1611609790.279109
/ndn/d6-site/d6/C2Data-1281-Type3;54269.0000;DATA;1611609790.271123
/ndn/d2-site/d2/C2Data-1037-Type3;26900.0000;DATA;1611609790.391123
/ndn/s13-site/s13/C2Data-2623-Type3;23689.0000;DATA;1611609790.825157
/ndn/h6-site/h6/C2Data-728-Type2;200439.0000;DATA;1611609804.375183
/ndn/s9-site/s9/C2Data-4721-Type1;118364.0000;DATA;1611609805.310143
/ndn/d11-site/d11/C2Data-3148-Type2;115900.0000;DATA;1611609809.367192
/ndn/h12-site/h12/C2Data-1454-Type2;72173.0000;DATA;1611609810.788123
/ndn/s8-site/s8/C2Data-4600-Type1;75496.0000;DATA;1611609811.129623
/ndn/h8-site/h8/C2Data-970-Type2;119743.0000;DATA;1611609812.676207
/ndn/s10-site/s10/C2Data-4842-Type2;47406.0000;DATA;1611609813.147118
/ndn/d13-site/d13/C2Data-3390-Type2;23961.0000;DATA;1611609814.580166
/ndn/s8-site/s8/C2Data-4600-Type2;52319.0000;DATA;1611609814.958126
/ndn/s11-site/s11/C2Data-4963-Type1;244430.0000;DATA;1611609815.740127
/ndn/v14-site/v14/C2Data-3600-Type3;131326.0000;DATA;1611609829.067159
/ndn/s4-site/s4/C2Data-2075-Type3;46350.0000;DATA;1611609830.403984
/ndn/d11-site/d11/C2Data-1587-Type3;69052.0000;DATA;1611609830.728161
/ndn/s7-site/s7/C2Data-2258-Type3;25872.0000;DATA;1611609831.281157
/ndn/v8-site/v8/C2Data-3234-Type3;222255.0000;DATA;1611609831.815125
/ndn/h14-site/h14/C2Data-855-Type3;72269.0000;DATA;1611609833.036983
/ndn/h11-site/h11/C2Data-672-Type3;39304.0000;DATA;1611609836.300151
/ndn/v6-site/v6/C2Data-6174-Type1;42456.0000;NACK;1611609836.451138
/ndn/v0-site/v0/C2Data-5448-Type2;227666.0000;DATA;1611609836.272107
/ndn/h6-site/h6/C2Data-729-Type1;184086.0000;DATA;1611609836.918127
/ndn/v6-site/v6/C2Data-6174-Type2;41239.0000;NACK;1611609837.920207
/ndn/d5-site/d5/C2Data-2423-Type2;163412.0000;DATA;1611609838.094118
/ndn/h5-site/h5/C2Data-608-Type2;69744.0000;DATA;1611609839.070197
/ndn/h10-site/h10/C2Data-1213-Type2;187916.0000;DATA;1611609838.997130
/ndn/d12-site/d12/C2Data-3270-Type1;119481.0000;DATA;1611609839.689143
/ndn/d0-site/d0/C2Data-1818-Type2;24892.0000;DATA;1611609840.168111
/ndn/s7-site/s7/C2Data-4480-Type1;24392.0000;DATA;1611609840.608168
/ndn/d12-site/d12/C2Data-3270-Type2;119725.0000;DATA;1611609840.529114
/ndn/v2-site/v2/C2Data-5690-Type2;23369.0000;DATA;1611609840.706099
/ndn/s4-site/s4/C2Data-4117-Type2;148128.0000;DATA;1611609840.844183
/ndn/s2-site/s2/C2Data-3875-Type2;47166.0000;DATA;1611609842.723101
/ndn/s10-site/s10/C2Data-4843-Type1;47615.0000;DATA;1611609842.935133
/ndn/s5-site/s5/C2Data-2136-Type3;23325.0000;DATA;1611609843.075164
/ndn/s9-site/s9/C2Data-2380-Type3;47037.0000;DATA;1611609843.286171
/ndn/h7-site/h7/C2Data-428-Type3;51084.0000;DATA;1611609843.518167
/ndn/d3-site/d3/C2Data-2181-Type2;25660.0000;DATA;1611609843.577104
/ndn/s8-site/s8/C2Data-4601-Type1;70319.0000;DATA;1611609844.228190
/ndn/s9-site/s9/C2Data-4722-Type1;122884.0000;DATA;1611609844.247313
/ndn/v12-site/v12/C2Data-6900-Type2;124255.0000;DATA;1611609844.449203
/ndn/v10-site/v10/C2Data-6658-Type1;74919.0000;DATA;1611609844.717722
/ndn/v10-site/v10/C2Data-6658-Type2;120080.0000;DATA;1611609845.039157
/ndn/h4-site/h4/C2Data-100-Type4;76499.0000;DATA;1611609850.180298
/ndn/s12-site/s12/C2Data-2563-Type3;23459.0000;DATA;1611609850.987191
/ndn/v10-site/v10/C2Data-3356-Type3;55960.0000;DATA;1611609851.095200
/ndn/h13-site/h13/C2Data-1577-Type1;102636.0000;DATA;1611609864.016166
/ndn/v0-site/v0/C2Data-5449-Type1;213148.0000;DATA;1611609864.128178
/ndn/v11-site/v11/C2Data-1025-Type4;47916.0000;DATA;1611609864.543191
/ndn/v2-site/v2/C2Data-5691-Type1;25398.0000;DATA;1611609866.912137
/ndn/h5-site/h5/C2Data-609-Type1;156470.0000;DATA;1611609867.571188
/ndn/h12-site/h12/C2Data-1456-Type2;145242.0000;DATA;1611609868.363206
/ndn/d2-site/d2/C2Data-425-Type4;25404.0000;DATA;1611609869.920137
/ndn/d2-site/d2/C2Data-2061-Type1;74508.0000;DATA;1611609870.111120
/ndn/d0-site/d0/C2Data-1819-Type1;25064.0000;DATA;1611609870.252190
/ndn/d10-site/d10/C2Data-3029-Type2;139546.0000;DATA;1611609870.601118
/ndn/h6-site/h6/C2Data-150-Type4;76470.0000;DATA;1611609870.984105
/ndn/h6-site/h6/C2Data-730-Type1;51022.0000;DATA;1611609871.445115
/ndn/s12-site/s12/C2Data-5086-Type2;144881.0000;DATA;1611609871.577112
/ndn/h10-site/h10/C2Data-1214-Type2;186865.0000;DATA;1611609871.870114
/ndn/s0-site/s0/C2Data-3634-Type1;228264.0000;DATA;1611609872.509187
/ndn/d5-site/d5/C2Data-2424-Type1;167799.0000;DATA;1611609872.808151
/ndn/h7-site/h7/C2Data-851-Type2;141379.0000;DATA;1611609872.898224
/ndn/v8-site/v8/C2Data-6417-Type2;147832.0000;DATA;1611609873.102158
/ndn/d0-site/d0/C2Data-1819-Type2;92229.0000;DATA;1611609873.572162
/ndn/v3-site/v3/C2Data-5812-Type2;47095.0000;DATA;1611609874.069152
/ndn/v14-site/v14/C2Data-7143-Type1;46204.0000;DATA;1611609874.364173
/ndn/v1-site/v1/C2Data-2808-Type3;194695.0000;DATA;1611609887.943150
/ndn/v2-site/v2/C2Data-800-Type4;23341.0000;DATA;1611609890.024164
/ndn/d14-site/d14/C2Data-725-Type4;23773.0000;DATA;1611609890.630188
/ndn/d8-site/d8/C2Data-1405-Type3;25606.0000;DATA;1611609891.160120
/ndn/v2-site/v2/C2Data-5692-Type1;167472.0000;DATA;1611609894.068144
/ndn/h10-site/h10/C2Data-1215-Type1;190118.0000;DATA;1611609894.463761
/ndn/d7-site/d7/C2Data-1344-Type3;23976.0000;DATA;1611609894.693860
/ndn/v14-site/v14/C2Data-7144-Type1;115313.0000;DATA;1611609895.272170
/ndn/h5-site/h5/C2Data-610-Type2;141016.0000;DATA;1611609895.885225
/ndn/s3-site/s3/C2Data-3998-Type1;143594.0000;DATA;1611609895.981119
/ndn/v13-site/v13/C2Data-7023-Type2;94528.0000;DATA;1611609896.564176
/ndn/v11-site/v11/C2Data-6781-Type2;26093.0000;DATA;1611609897.220144
/ndn/s12-site/s12/C2Data-5087-Type2;102727.0000;DATA;1611609898.128114
/ndn/v12-site/v12/C2Data-3479-Type3;23308.0000;DATA;1611609898.489164
/ndn/d1-site/d1/C2Data-1941-Type1;69185.0000;DATA;1611609898.460129
/ndn/h7-site/h7/C2Data-852-Type1;141577.0000;DATA;1611609898.423157
/ndn/h14-site/h14/C2Data-1699-Type1;45989.0000;DATA;1611609900.809117
/ndn/d5-site/d5/C2Data-2425-Type1;102431.0000;DATA;1611609902.046150
/ndn/v6-site/v6/C2Data-6176-Type1;41134.0000;NACK;1611609902.460171
/ndn/s10-site/s10/C2Data-4845-Type1;50510.0000;DATA;1611609902.502105
/ndn/s11-site/s11/C2Data-4966-Type1;142238.0000;DATA;1611609902.668141
/ndn/s6-site/s6/C2Data-4361-Type2;119188.0000;DATA;1611609902.701134
/ndn/s5-site/s5/C2Data-4240-Type1;121183.0000;DATA;1611609902.900183
/ndn/d10-site/d10/C2Data-1527-Type3;74353.0000;DATA;1611609903.151117
/ndn/s9-site/s9/C2Data-2381-Type3;47744.0000;DATA;1611609903.548135
/ndn/s14-site/s14/C2Data-5329-Type1;24425.0000;DATA;1611609903.679137
/ndn/d14-site/d14/C2Data-1771-Type3;47539.0000;DATA;1611609905.148263
/ndn/v8-site/v8/C2Data-6418-Type2;25144.0000;DATA;1611609905.196171
/ndn/s14-site/s14/C2Data-5329-Type2;25418.0000;DATA;1611609905.287155
/ndn/v9-site/v9/C2Data-6539-Type1;146459.0000;DATA;1611609905.254252
/ndn/v0-site/v0/C2Data-2747-Type3;24116.0000;DATA;1611609905.691153
/ndn/d13-site/d13/C2Data-1710-Type3;24021.0000;DATA;1611609906.013144
/ndn/s5-site/s5/C2Data-2137-Type3;26530.0000;DATA;1611609908.369017
/ndn/h0-site/h0/C2Data-6-Type2;257559.0000;DATA;1611609926.048146
/ndn/v6-site/v6/C2Data-6177-Type1;41938.0000;NACK;1611609926.880133
/ndn/s14-site/s14/C2Data-5330-Type1;27209.0000;DATA;1611609927.079215
/ndn/s7-site/s7/C2Data-4483-Type2;24653.0000;DATA;1611609927.373103
/ndn/h3-site/h3/C2Data-369-Type1;46455.0000;DATA;1611609929.108117
/ndn/s2-site/s2/C2Data-3878-Type1;47747.0000;DATA;1611609930.197108
/ndn/v12-site/v12/C2Data-6903-Type1;99100.0000;DATA;1611609931.328146
/ndn/d1-site/d1/C2Data-1942-Type1;124408.0000;DATA;1611609931.332139
/ndn/h1-site/h1/C2Data-127-Type1;24097.0000;DATA;1611609933.942119
/ndn/s3-site/s3/C2Data-3999-Type1;234738.0000;DATA;1611609933.843191
/ndn/s9-site/s9/C2Data-4725-Type2;74229.0000;DATA;1611609934.528124
/ndn/d6-site/d6/C2Data-2547-Type2;115312.0000;DATA;1611609935.555191
/ndn/s0-site/s0/C2Data-1833-Type3;227756.0000;DATA;1611609951.446145
/ndn/s2-site/s2/C2Data-1955-Type3;50242.0000;DATA;1611609951.796198
/ndn/h0-site/h0/C2Data-3-Type3;188094.0000;DATA;1611609953.143133
/ndn/h7-site/h7/C2Data-430-Type3;239385.0000;DATA;1611609953.833187
/ndn/d1-site/d1/C2Data-1943-Type1;29249.0000;DATA;1611609954.217108
/ndn/s13-site/s13/C2Data-5210-Type1;115506.0000;DATA;1611609954.484119
/ndn/s1-site/s1/C2Data-1894-Type3;143375.0000;DATA;1611609954.863207
/ndn/v11-site/v11/C2Data-3419-Type3;50190.0000;DATA;1611609955.277129
/ndn/d9-site/d9/C2Data-2911-Type1;170776.0000;DATA;1611609955.244180
/ndn/v1-site/v1/C2Data-5573-Type2;200308.0000;DATA;1611609955.622197
/ndn/h10-site/h10/C2Data-1217-Type2;191332.0000;DATA;1611609955.849130
/ndn/d12-site/d12/C2Data-3274-Type2;121656.0000;DATA;1611609955.967194
/ndn/h2-site/h2/C2Data-125-Type3;46440.0000;DATA;1611609956.549231
/ndn/h9-site/h9/C2Data-1096-Type1;142771.0000;DATA;1611609956.575137
/ndn/d6-site/d6/C2Data-1284-Type3;214841.0000;DATA;1611609956.546109
/ndn/h13-site/h13/C2Data-796-Type3;48337.0000;DATA;1611609956.991154
/ndn/d14-site/d14/C2Data-1772-Type3;46593.0000;DATA;1611609957.405135
/ndn/s14-site/s14/C2Data-5331-Type2;25118.0000;DATA;1611609958.553186
/ndn/h2-site/h2/C2Data-249-Type1;48991.0000;DATA;1611609959.122127
/ndn/s13-site/s13/C2Data-2626-Type3;94059.0000;DATA;1611609959.113130
/ndn/d5-site/d5/C2Data-1223-Type3;23482.0000;DATA;1611609959.373274
