/ndn/s0-site/s0/C2Data-2420-Type2;99247.0000;DATA;1612145937.841793
/ndn/v5-site/v5/C2Data-4235-Type2;187995.0000;DATA;1612145938.508239
/ndn/v7-site/v7/C2Data-4477-Type2;74848.0000;DATA;1612145939.570862
/ndn/v9-site/v9/C2Data-4719-Type2;24166.0000;DATA;1612145940.403074
/ndn/d8-site/d8/C2Data-2178-Type2;24798.0000;DATA;1612145940.796993
/ndn/v3-site/v3/C2Data-3993-Type1;5147.0000;DATA;1612145941.326086
/ndn/h8-site/h8/C2Data-968-Type1;55472.0000;DATA;1612145942.173904
/ndn/h6-site/h6/C2Data-726-Type1;1356.0000;DATA;1612145942.705901
/ndn/d6-site/d6/C2Data-1936-Type1;76869.0000;DATA;1612145942.819940
/ndn/v1-site/v1/C2Data-3751-Type2;52005.0000;DATA;1612145944.927098
/ndn/v9-site/v9/C2Data-4719-Type1;118185.0000;DATA;1612145945.283726
/ndn/h5-site/h5/C2Data-605-Type2;24321.0000;DATA;1612145945.817731
/ndn/v2-site/v2/C2Data-3872-Type1;23828.0000;DATA;1612145947.592901
/ndn/d2-site/d2/C2Data-1452-Type1;95657.0000;DATA;1612145948.305939
/ndn/h0-site/h0/C2Data-0-Type3;195757.0000;DATA;1612145961.936061
/ndn/v1-site/v1/C2Data-1891-Type3;60729.0000;DATA;1612145966.649577
/ndn/h7-site/h7/C2Data-848-Type1;24674.0000;DATA;1612145967.379957
/ndn/s4-site/s4/C2Data-2905-Type2;167521.0000;DATA;1612145968.226568
/ndn/v9-site/v9/C2Data-4720-Type1;128186.0000;DATA;1612145970.577959
/ndn/d9-site/d9/C2Data-2300-Type2;149227.0000;DATA;1612145970.633658
/ndn/s9-site/s9/C2Data-3510-Type2;851.0000;DATA;1612145972.069974
/ndn/d6-site/d6/C2Data-1937-Type1;879.0000;DATA;1612145972.803624
/ndn/v2-site/v2/C2Data-3873-Type2;70770.0000;DATA;1612145973.512946
/ndn/d5-site/d5/C2Data-1816-Type1;142136.0000;DATA;1612145973.489327
/ndn/s5-site/s5/C2Data-3026-Type1;75380.0000;DATA;1612145973.863878
/ndn/s8-site/s8/C2Data-1708-Type3;30893.0000;DATA;1612145974.274225
/ndn/s7-site/s7/C2Data-3268-Type1;1410.0000;DATA;1612145974.725884
/ndn/v9-site/v9/C2Data-2379-Type3;1701.0000;DATA;1612145976.425753
/ndn/v8-site/v8/C2Data-4599-Type1;25660.0000;DATA;1612145977.524873
/ndn/h1-site/h1/C2Data-123-Type1;65460.0000;DATA;1612145996.793513
/ndn/s2-site/s2/C2Data-2664-Type2;56612.0000;DATA;1612145997.077917
/ndn/v4-site/v4/C2Data-4116-Type2;149841.0000;DATA;1612145997.549129
/ndn/v6-site/v6/C2Data-4358-Type1;100895.0000;DATA;1612145998.292058
/ndn/s1-site/s1/C2Data-2543-Type1;133551.0000;DATA;1612145998.606291
/ndn/v5-site/v5/C2Data-4237-Type1;145505.0000;DATA;1612145999.319708
/ndn/s4-site/s4/C2Data-2906-Type1;1156.0000;DATA;1612146000.345159
/ndn/v5-site/v5/C2Data-4237-Type2;149947.0000;DATA;1612146001.047874
/ndn/s9-site/s9/C2Data-3511-Type1;124248.0000;DATA;1612146002.745925
/ndn/d0-site/d0/C2Data-1212-Type1;95428.0000;DATA;1612146003.208687
/ndn/h0-site/h0/C2Data-2-Type2;138153.0000;DATA;1612146003.507105
/ndn/d6-site/d6/C2Data-1938-Type2;4133.0000;DATA;1612146003.698880
/ndn/d7-site/d7/C2Data-2059-Type1;164563.0000;DATA;1612146004.598084
/ndn/h9-site/h9/C2Data-1091-Type2;214864.0000;DATA;1612146005.606914
/ndn/h2-site/h2/C2Data-244-Type1;29386.0000;DATA;1612146005.991290
/ndn/h1-site/h1/C2Data-62-Type3;69754.0000;DATA;1612146021.236022
/ndn/v0-site/v0/C2Data-1831-Type3;37742.0000;DATA;1612146021.900549
/ndn/h2-site/h2/C2Data-123-Type3;107494.0000;DATA;1612146023.618162
/ndn/v1-site/v1/C2Data-1892-Type3;50051.0000;DATA;1612146026.455270
/ndn/h7-site/h7/C2Data-850-Type2;26720.0000;DATA;1612146026.774980
/ndn/d2-site/d2/C2Data-1455-Type1;122622.0000;DATA;1612146026.688990
/ndn/s3-site/s3/C2Data-1404-Type3;976.0000;DATA;1612146027.445807
/ndn/v1-site/v1/C2Data-3754-Type1;50845.0000;DATA;1612146028.016517
/ndn/d6-site/d6/C2Data-977-Type3;92521.0000;DATA;1612146029.288837
/ndn/d7-site/d7/C2Data-2060-Type1;218520.0000;DATA;1612146030.273064
