/ndn/s4-site/s4/C2Data-2904-Type1;221845.0000;DATA;1612718694.313310
/ndn/s5-site/s5/C2Data-3025-Type2;115176.0000;DATA;1612718696.142918
/ndn/d7-site/d7/C2Data-2057-Type2;171524.0000;DATA;1612718696.379043
/ndn/s6-site/s6/C2Data-3146-Type2;48782.0000;DATA;1612718697.800813
/ndn/d9-site/d9/C2Data-2299-Type2;51559.0000;DATA;1612718699.307643
/ndn/s2-site/s2/C2Data-2662-Type2;49895.0000;DATA;1612718700.589526
/ndn/d5-site/d5/C2Data-1815-Type2;145611.0000;DATA;1612718700.545030
/ndn/s4-site/s4/C2Data-2904-Type2;96996.0000;DATA;1612718700.805316
/ndn/s0-site/s0/C2Data-2420-Type2;26078.0000;DATA;1612718703.655041
/ndn/v9-site/v9/C2Data-4719-Type1;29164.0000;DATA;1612718704.228747
/ndn/v4-site/v4/C2Data-4114-Type1;31578.0000;DATA;1612718704.260752
/ndn/v4-site/v4/C2Data-4115-Type1;133203.0000;DATA;1612718722.897843
/ndn/h0-site/h0/C2Data-0-Type3;952.0000;DATA;1612718723.726764
/ndn/v9-site/v9/C2Data-2379-Type3;97368.0000;DATA;1612718723.910205
/ndn/v8-site/v8/C2Data-4599-Type2;79590.0000;DATA;1612718724.077787
/ndn/v8-site/v8/C2Data-2318-Type3;50041.0000;DATA;1612718724.292482
/ndn/d0-site/d0/C2Data-1211-Type1;48079.0000;DATA;1612718725.571779
/ndn/h5-site/h5/C2Data-606-Type2;54622.0000;DATA;1612718726.079111
/ndn/v4-site/v4/C2Data-2074-Type3;99348.0000;DATA;1612718726.848881
/ndn/d9-site/d9/C2Data-2300-Type2;24024.0000;DATA;1612718727.147245
/ndn/v7-site/v7/C2Data-4478-Type2;75447.0000;DATA;1612718728.431200
/ndn/s7-site/s7/C2Data-3268-Type2;109025.0000;DATA;1612718729.489404
/ndn/h6-site/h6/C2Data-727-Type2;1731.0000;DATA;1612718729.717805
/ndn/v7-site/v7/C2Data-2257-Type3;48504.0000;DATA;1612718729.722271
/ndn/s5-site/s5/C2Data-3026-Type2;95524.0000;DATA;1612718730.199614
/ndn/d4-site/d4/C2Data-1695-Type1;80715.0000;DATA;1612718730.242843
/ndn/v2-site/v2/C2Data-1952-Type3;100902.0000;DATA;1612718732.764848
/ndn/d2-site/d2/C2Data-1453-Type1;125609.0000;DATA;1612718733.070498
/ndn/h2-site/h2/C2Data-122-Type3;147060.0000;DATA;1612718737.308365
/ndn/d9-site/d9/C2Data-1159-Type3;62531.0000;DATA;1612718738.304755
/ndn/s4-site/s4/C2Data-2906-Type2;201782.0000;DATA;1612718754.251900
/ndn/s8-site/s8/C2Data-3390-Type1;102212.0000;DATA;1612718754.881929
/ndn/v6-site/v6/C2Data-4358-Type2;534354.0000;DATA;1612718755.124360
/ndn/s4-site/s4/C2Data-2906-Type1;196611.0000;DATA;1612718755.687914
/ndn/s6-site/s6/C2Data-3148-Type1;2496.0000;DATA;1612718756.012389
/ndn/v3-site/v3/C2Data-3995-Type2;57621.0000;DATA;1612718758.563777
/ndn/h3-site/h3/C2Data-365-Type1;106885.0000;DATA;1612718759.028075
/ndn/h1-site/h1/C2Data-123-Type2;78123.0000;DATA;1612718759.472772
/ndn/s3-site/s3/C2Data-2785-Type2;80149.0000;DATA;1612718763.107058
/ndn/s0-site/s0/C2Data-2422-Type2;120895.0000;DATA;1612718763.374327
/ndn/h1-site/h1/C2Data-62-Type3;26352.0000;DATA;1612718777.971049
/ndn/s2-site/s2/C2Data-1343-Type3;3863.0000;DATA;1612718779.265136
/ndn/h3-site/h3/C2Data-184-Type3;103261.0000;DATA;1612718779.281465
/ndn/d1-site/d1/C2Data-672-Type3;156237.0000;DATA;1612718781.393777
/ndn/v4-site/v4/C2Data-4117-Type1;122070.0000;DATA;1612718784.350207
/ndn/v0-site/v0/C2Data-1831-Type3;1093.0000;DATA;1612718785.929100
/ndn/d9-site/d9/C2Data-2302-Type1;1850.0000;DATA;1612718789.213218
/ndn/v1-site/v1/C2Data-525-Type4;80322.0000;DATA;1612718790.333269
/ndn/v0-site/v0/C2Data-3633-Type1;2817.0000;DATA;1612718790.737274
/ndn/h5-site/h5/C2Data-306-Type3;61485.0000;DATA;1612718790.685285
/ndn/h0-site/h0/C2Data-3-Type2;28917.0000;DATA;1612718791.119887
/ndn/v7-site/v7/C2Data-4480-Type2;49614.0000;DATA;1612718793.291187
/ndn/d7-site/d7/C2Data-425-Type4;207170.0000;DATA;1612718794.417739
/ndn/d0-site/d0/C2Data-250-Type4;50009.0000;DATA;1612718795.451926
/ndn/s1-site/s1/C2Data-1282-Type3;145112.0000;DATA;1612718795.650371
/ndn/s8-site/s8/C2Data-1709-Type3;829.0000;DATA;1612718799.847142
/ndn/d4-site/d4/C2Data-350-Type4;822.0000;DATA;1612718805.305425
/ndn/v3-site/v3/C2Data-3997-Type1;51340.0000;DATA;1612718813.285794
/ndn/s2-site/s2/C2Data-2666-Type2;80720.0000;DATA;1612718814.188042
/ndn/v4-site/v4/C2Data-4118-Type1;108766.0000;DATA;1612718814.604275
/ndn/v3-site/v3/C2Data-3997-Type2;243030.0000;DATA;1612718815.239399
/ndn/v5-site/v5/C2Data-4239-Type2;1161.0000;DATA;1612718816.945788
/ndn/h0-site/h0/C2Data-4-Type2;148104.0000;DATA;1612718817.739409
/ndn/s8-site/s8/C2Data-3392-Type1;59484.0000;DATA;1612718820.965576
/ndn/h0-site/h0/C2Data-4-Type1;52180.0000;DATA;1612718821.509091
/ndn/s3-site/s3/C2Data-2787-Type2;71192.0000;DATA;1612718821.501045
/ndn/h9-site/h9/C2Data-1093-Type1;192747.0000;DATA;1612718821.560567
/ndn/h2-site/h2/C2Data-246-Type1;124760.0000;DATA;1612718821.812878
/ndn/s4-site/s4/C2Data-1466-Type3;209959.0000;DATA;1612718837.866423
/ndn/d8-site/d8/C2Data-2183-Type2;174889.0000;DATA;1612718844.834397
/ndn/d3-site/d3/C2Data-1578-Type1;101184.0000;DATA;1612718844.932668
/ndn/s8-site/s8/C2Data-3393-Type2;49532.0000;DATA;1612718845.794243
/ndn/h9-site/h9/C2Data-1094-Type1;149241.0000;DATA;1612718846.454765
/ndn/h8-site/h8/C2Data-973-Type1;961.0000;DATA;1612718847.843688
/ndn/d8-site/d8/C2Data-1100-Type3;1511.0000;DATA;1612718848.721479
/ndn/s2-site/s2/C2Data-2667-Type1;65850.0000;DATA;1612718848.808375
/ndn/h9-site/h9/C2Data-1094-Type2;261926.0000;DATA;1612718849.381396
/ndn/h0-site/h0/C2Data-5-Type1;94099.0000;DATA;1612718849.940459
/ndn/d4-site/d4/C2Data-856-Type3;52072.0000;DATA;1612718850.796814
/ndn/v4-site/v4/C2Data-2076-Type3;2685.0000;DATA;1612718851.726966
/ndn/d7-site/d7/C2Data-1039-Type3;49092.0000;DATA;1612718854.281639
/ndn/s3-site/s3/C2Data-1405-Type3;3708.0000;DATA;1612718856.453555
/ndn/h9-site/h9/C2Data-551-Type3;28174.0000;DATA;1612718856.665320
/ndn/h2-site/h2/C2Data-124-Type3;804.0000;DATA;1612718858.299787
/ndn/h2-site/h2/C2Data-248-Type2;128619.0000;DATA;1612718873.146680
/ndn/s5-site/s5/C2Data-3031-Type1;104464.0000;DATA;1612718873.919514
/ndn/h5-site/h5/C2Data-611-Type1;51756.0000;DATA;1612718874.192138
/ndn/s9-site/s9/C2Data-3515-Type1;105327.0000;DATA;1612718877.933411
/ndn/v2-site/v2/C2Data-3878-Type2;121835.0000;DATA;1612718878.021698
/ndn/s6-site/s6/C2Data-3152-Type1;124842.0000;DATA;1612718878.152648
/ndn/v9-site/v9/C2Data-4725-Type1;158954.0000;DATA;1612718878.411454
/ndn/s3-site/s3/C2Data-2789-Type2;2274.0000;DATA;1612718878.605893
/ndn/d8-site/d8/C2Data-2184-Type1;1627.0000;DATA;1612718879.910848
/ndn/h8-site/h8/C2Data-974-Type2;1047.0000;DATA;1612718880.451831
/ndn/s8-site/s8/C2Data-1711-Type3;236918.0000;DATA;1612718900.270704
/ndn/s5-site/s5/C2Data-3032-Type1;102691.0000;DATA;1612718902.969519
/ndn/h9-site/h9/C2Data-1096-Type1;205280.0000;DATA;1612718903.033838
/ndn/s0-site/s0/C2Data-2427-Type2;129157.0000;DATA;1612718904.852516
/ndn/s2-site/s2/C2Data-1345-Type3;78279.0000;DATA;1612718905.591159
/ndn/d3-site/d3/C2Data-1580-Type1;96887.0000;DATA;1612718907.815453
/ndn/d2-site/d2/C2Data-735-Type3;1016.0000;DATA;1612718908.230893
/ndn/s1-site/s1/C2Data-1284-Type3;49563.0000;DATA;1612718908.528279
/ndn/h2-site/h2/C2Data-26-Type5;127916.0000;DATA;1612718908.721778
/ndn/h2-site/h2/C2Data-249-Type2;128054.0000;DATA;1612718908.983495
/ndn/s3-site/s3/C2Data-2790-Type2;1377.0000;DATA;1612718909.202002
/ndn/v7-site/v7/C2Data-4484-Type1;972.0000;DATA;1612718909.459831
/ndn/h8-site/h8/C2Data-975-Type2;1206.0000;DATA;1612718909.698058
/ndn/s6-site/s6/C2Data-1589-Type3;2161.0000;DATA;1612718912.053741
/ndn/d9-site/d9/C2Data-2306-Type1;170400.0000;DATA;1612718912.363115
/ndn/d1-site/d1/C2Data-1338-Type1;150272.0000;DATA;1612718913.172472
/ndn/s2-site/s2/C2Data-2669-Type1;79542.0000;DATA;1612718913.783222
/ndn/v5-site/v5/C2Data-2138-Type3;4492.0000;DATA;1612718914.007887
/ndn/d4-site/d4/C2Data-182-Type5;77206.0000;DATA;1612718918.843285
/ndn/s3-site/s3/C2Data-1406-Type3;840.0000;DATA;1612718920.366930
/ndn/h6-site/h6/C2Data-78-Type5;1360.0000;DATA;1612718931.977518
/ndn/d1-site/d1/C2Data-1339-Type1;105145.0000;DATA;1612718934.636354
/ndn/d2-site/d2/C2Data-1460-Type1;126055.0000;DATA;1612718936.294893
/ndn/d4-site/d4/C2Data-1702-Type1;71111.0000;DATA;1612718939.130280
/ndn/s5-site/s5/C2Data-3033-Type2;98848.0000;DATA;1612718939.645441
/ndn/s2-site/s2/C2Data-2670-Type2;62740.0000;DATA;1612718940.549437
/ndn/h5-site/h5/C2Data-613-Type1;54783.0000;DATA;1612718941.406621
/ndn/v1-site/v1/C2Data-3759-Type2;78364.0000;DATA;1612718942.185193
/ndn/h1-site/h1/C2Data-129-Type1;89837.0000;DATA;1612718942.523075
/ndn/s9-site/s9/C2Data-3517-Type1;952.0000;DATA;1612718942.641091
/ndn/h3-site/h3/C2Data-76-Type4;57181.0000;DATA;1612718950.948038
/ndn/h6-site/h6/C2Data-151-Type4;2601.0000;DATA;1612718954.290894
/ndn/h6-site/h6/C2Data-370-Type3;24934.0000;DATA;1612718957.320762
/ndn/s5-site/s5/C2Data-1529-Type3;54129.0000;DATA;1612718958.966603
/ndn/d2-site/d2/C2Data-301-Type4;58077.0000;DATA;1612718960.660927
/ndn/v9-site/v9/C2Data-726-Type4;51538.0000;DATA;1612718962.645479
/ndn/d2-site/d2/C2Data-1461-Type1;121600.0000;DATA;1612718963.621874
/ndn/s3-site/s3/C2Data-1407-Type3;72196.0000;DATA;1612718965.317071
/ndn/v4-site/v4/C2Data-4123-Type1;111625.0000;DATA;1612718967.665876
/ndn/v8-site/v8/C2Data-2322-Type3;1343.0000;DATA;1612718968.775465
/ndn/h4-site/h4/C2Data-493-Type1;25146.0000;DATA;1612718968.942746
/ndn/d2-site/d2/C2Data-1461-Type2;48476.0000;DATA;1612718969.047470
/ndn/d1-site/d1/C2Data-1340-Type2;100712.0000;DATA;1612718971.537773
/ndn/s1-site/s1/C2Data-2550-Type2;121065.0000;DATA;1612718971.553149
/ndn/v5-site/v5/C2Data-4244-Type2;133642.0000;DATA;1612718971.632808
/ndn/s4-site/s4/C2Data-2913-Type2;214778.0000;DATA;1612718972.060589
/ndn/d8-site/d8/C2Data-1102-Type3;2227.0000;DATA;1612718973.299371
/ndn/s9-site/s9/C2Data-1773-Type3;1732.0000;DATA;1612718979.838819
/ndn/v2-site/v2/C2Data-551-Type4;2691.0000;DATA;1612718982.639986
/ndn/h5-site/h5/C2Data-126-Type4;2522.0000;DATA;1612718983.331350
/ndn/d3-site/d3/C2Data-169-Type5;2206.0000;DATA;1612718990.992094
/ndn/d1-site/d1/C2Data-143-Type5;7282.0000;DATA;1612718993.487673
/ndn/d3-site/d3/C2Data-1583-Type1;98929.0000;DATA;1612718995.662132
/ndn/s4-site/s4/C2Data-2914-Type1;105047.0000;DATA;1612718996.137073
/ndn/s8-site/s8/C2Data-3398-Type1;113838.0000;DATA;1612719000.402904
/ndn/h0-site/h0/C2Data-10-Type1;147363.0000;DATA;1612719004.298739
/ndn/s3-site/s3/C2Data-2793-Type1;1755.0000;DATA;1612719004.533985
/ndn/h9-site/h9/C2Data-117-Type5;109136.0000;DATA;1612719010.535152
/ndn/v1-site/v1/C2Data-1896-Type3;138684.0000;DATA;1612719017.455823
/ndn/s7-site/s7/C2Data-1652-Type3;112344.0000;DATA;1612719018.197101
/ndn/v7-site/v7/C2Data-2262-Type3;120635.0000;DATA;1612719019.320530
/ndn/s6-site/s6/C2Data-1591-Type3;105128.0000;DATA;1612719020.648183
/ndn/d7-site/d7/C2Data-2068-Type2;212744.0000;DATA;1612719023.286394
/ndn/s0-site/s0/C2Data-2431-Type2;157501.0000;DATA;1612719023.382300
/ndn/d2-site/d2/C2Data-1463-Type1;136230.0000;DATA;1612719023.548755
/ndn/v6-site/v6/C2Data-4367-Type1;110065.0000;DATA;1612719023.966827
/ndn/h1-site/h1/C2Data-66-Type3;48188.0000;DATA;1612719026.271966
/ndn/v0-site/v0/C2Data-1835-Type3;1349.0000;DATA;1612719028.983743
/ndn/d1-site/d1/C2Data-1342-Type1;145770.0000;DATA;1612719031.567952
/ndn/h3-site/h3/C2Data-374-Type2;795.0000;DATA;1612719031.923482
/ndn/v8-site/v8/C2Data-4609-Type2;49380.0000;DATA;1612719033.922930
/ndn/s8-site/s8/C2Data-3399-Type1;123135.0000;DATA;1612719034.332314
/ndn/s1-site/s1/C2Data-1286-Type3;26084.0000;DATA;1612719034.710745
/ndn/d4-site/d4/C2Data-859-Type3;1127.0000;DATA;1612719035.695553
/ndn/h1-site/h1/C2Data-133-Type2;79561.0000;DATA;1612719052.826774
/ndn/s4-site/s4/C2Data-2916-Type2;101418.0000;DATA;1612719055.080932
/ndn/v7-site/v7/C2Data-4489-Type2;806.0000;DATA;1612719060.170571
/ndn/v0-site/v0/C2Data-3642-Type2;1035.0000;DATA;1612719062.007426
/ndn/h0-site/h0/C2Data-12-Type2;158616.0000;DATA;1612719063.336793
/ndn/d3-site/d3/C2Data-799-Type3;104531.0000;DATA;1612719076.803997
/ndn/h2-site/h2/C2Data-128-Type3;149547.0000;DATA;1612719080.366990
/ndn/d9-site/d9/C2Data-1165-Type3;2613.0000;DATA;1612719083.763844
/ndn/d7-site/d7/C2Data-1043-Type3;201438.0000;DATA;1612719085.117409
/ndn/v3-site/v3/C2Data-2019-Type3;858.0000;DATA;1612719086.013984
/ndn/h1-site/h1/C2Data-134-Type1;62684.0000;DATA;1612719086.133871
/ndn/s4-site/s4/C2Data-1470-Type3;6001328.0000;TIMEOUT;1612719080.570190
/ndn/d9-site/d9/C2Data-2312-Type1;49774.0000;DATA;1612719091.213494
/ndn/d6-site/d6/C2Data-1949-Type1;1153.0000;DATA;1612719092.350861
/ndn/v0-site/v0/C2Data-3643-Type1;49743.0000;DATA;1612719092.909746
/ndn/d4-site/d4/C2Data-1707-Type2;903.0000;DATA;1612719094.273851
/ndn/v8-site/v8/C2Data-702-Type4;48512.0000;DATA;1612719095.160199
/ndn/s0-site/s0/C2Data-1226-Type3;41211.0000;DATA;1612719095.476788
/ndn/s1-site/s1/C2Data-2554-Type2;6002231.0000;TIMEOUT;1612719089.626718
/ndn/d5-site/d5/C2Data-377-Type4;55863.0000;DATA;1612719111.839401
/ndn/v9-site/v9/C2Data-4733-Type2;171418.0000;DATA;1612719113.776226
/ndn/d6-site/d6/C2Data-1950-Type2;53828.0000;DATA;1612719114.200695
/ndn/d1-site/d1/C2Data-1345-Type1;154656.0000;DATA;1612719114.972801
/ndn/d7-site/d7/C2Data-2071-Type2;1325.0000;DATA;1612719118.615236
/ndn/s1-site/s1/C2Data-2555-Type2;6010671.0000;TIMEOUT;1612719113.536784
/ndn/h8-site/h8/C2Data-202-Type4;28124.0000;DATA;1612719120.041423
/ndn/v8-site/v8/C2Data-4612-Type1;49509.0000;DATA;1612719120.422320
/ndn/s3-site/s3/C2Data-2797-Type2;6003521.0000;TIMEOUT;1612719115.065119
/ndn/s1-site/s1/C2Data-2555-Type1;6001224.0000;TIMEOUT;1612719115.465791
/ndn/s0-site/s0/C2Data-2434-Type1;6002126.0000;TIMEOUT;1612719116.113846
/ndn/v7-site/v7/C2Data-4491-Type1;106885.0000;DATA;1612719122.613208
/ndn/h2-site/h2/C2Data-256-Type1;139244.0000;DATA;1612719123.402794
/ndn/h0-site/h0/C2Data-14-Type2;151824.0000;DATA;1612719124.220180
/ndn/s2-site/s2/C2Data-2676-Type1;6008824.0000;TIMEOUT;1612719122.324784
/ndn/d8-site/d8/C2Data-452-Type4;61477.0000;DATA;1612719140.718986
/ndn/v9-site/v9/C2Data-2386-Type3;54718.0000;DATA;1612719141.233631
/ndn/d6-site/d6/C2Data-983-Type3;50021.0000;DATA;1612719142.950281
/ndn/h0-site/h0/C2Data-15-Type1;181143.0000;DATA;1612719143.186947
/ndn/v3-site/v3/C2Data-4008-Type1;157263.0000;DATA;1612719143.942241
/ndn/d3-site/d3/C2Data-800-Type3;98179.0000;DATA;1612719144.047977
/ndn/s4-site/s4/C2Data-1471-Type3;6004034.0000;TIMEOUT;1612719138.378263
/ndn/v1-site/v1/C2Data-1898-Type3;1477.0000;DATA;1612719146.527235
/ndn/h4-site/h4/C2Data-251-Type3;26636.0000;DATA;1612719146.874933
/ndn/v5-site/v5/C2Data-627-Type4;4516.0000;DATA;1612719147.412781
/ndn/v2-site/v2/C2Data-1959-Type3;104437.0000;DATA;1612719147.672140
/ndn/s0-site/s0/C2Data-1227-Type3;6009272.0000;TIMEOUT;1612719142.384692
/ndn/v0-site/v0/C2Data-502-Type4;811.0000;DATA;1612719148.485639
/ndn/v1-site/v1/C2Data-3766-Type1;51427.0000;DATA;1612719148.471223
/ndn/d5-site/d5/C2Data-1830-Type2;50808.0000;DATA;1612719149.406074
/ndn/s0-site/s0/C2Data-2435-Type1;6002130.0000;TIMEOUT;1612719143.926598
/ndn/d0-site/d0/C2Data-617-Type3;980.0000;DATA;1612719150.007236
/ndn/v6-site/v6/C2Data-2203-Type3;57286.0000;DATA;1612719152.116063
/ndn/d2-site/d2/C2Data-739-Type3;169016.0000;DATA;1612719154.468770
/ndn/s7-site/s7/C2Data-1654-Type3;6000533.0000;TIMEOUT;1612719150.970270
/ndn/h2-site/h2/C2Data-129-Type3;98225.0000;DATA;1612719158.938101
/ndn/d4-site/d4/C2Data-1710-Type2;80379.0000;DATA;1612719173.138630
/ndn/v4-site/v4/C2Data-4130-Type2;125806.0000;DATA;1612719173.949061
/ndn/h6-site/h6/C2Data-742-Type2;825.0000;DATA;1612719177.824816
/ndn/v9-site/v9/C2Data-4735-Type2;148945.0000;DATA;1612719178.489961
/ndn/v7-site/v7/C2Data-4493-Type2;47218.0000;DATA;1612719179.106844
/ndn/d7-site/d7/C2Data-2073-Type1;1164.0000;DATA;1612719179.836828
/ndn/h2-site/h2/C2Data-258-Type1;141940.0000;DATA;1612719179.751628
/ndn/v1-site/v1/C2Data-3767-Type2;65409.0000;DATA;1612719180.158304
/ndn/d6-site/d6/C2Data-112-Type6;2212.0000;DATA;1612719184.213773
/ndn/v7-site/v7/C2Data-2265-Type3;108273.0000;DATA;1612719196.867651
/ndn/v8-site/v8/C2Data-196-Type6;49689.0000;DATA;1612719202.143153
/ndn/d4-site/d4/C2Data-1711-Type1;75999.0000;DATA;1612719202.729782
/ndn/d1-site/d1/C2Data-1348-Type2;143842.0000;DATA;1612719202.746771
/ndn/s2-site/s2/C2Data-1350-Type3;6000711.0000;TIMEOUT;1612719197.738473
/ndn/h9-site/h9/C2Data-1106-Type1;208159.0000;DATA;1612719204.204075
/ndn/v6-site/v6/C2Data-2204-Type3;48032.0000;DATA;1612719206.297748
/ndn/d3-site/d3/C2Data-1590-Type2;101895.0000;DATA;1612719207.964510
/ndn/h3-site/h3/C2Data-380-Type1;112048.0000;DATA;1612719208.582444
/ndn/h0-site/h0/C2Data-17-Type1;148932.0000;DATA;1612719208.891602
/ndn/v8-site/v8/C2Data-4615-Type1;56425.0000;DATA;1612719211.008848
/ndn/s7-site/s7/C2Data-1655-Type3;6000493.0000;TIMEOUT;1612719205.207808
/ndn/s5-site/s5/C2Data-1533-Type3;6000610.0000;TIMEOUT;1612719205.523166
/ndn/d0-site/d0/C2Data-1227-Type1;2487.0000;DATA;1612719211.619115
/ndn/s0-site/s0/C2Data-1228-Type3;6001096.0000;TIMEOUT;1612719205.662747
/ndn/v5-site/v5/C2Data-4252-Type1;124936.0000;DATA;1612719212.440985
/ndn/h0-site/h0/C2Data-8-Type3;51822.0000;DATA;1612719212.643799
/ndn/h0-site/h0/C2Data-1-Type5;199997.0000;DATA;1612719214.921017
/ndn/v8-site/v8/C2Data-2326-Type3;3244.0000;DATA;1612719217.108274
/ndn/s6-site/s6/C2Data-1594-Type3;6000524.0000;TIMEOUT;1612719212.168948
/ndn/s6-site/s6/C2Data-3163-Type2;6001009.0000;TIMEOUT;1612719213.053470
/ndn/h5-site/h5/C2Data-66-Type5;144279.0000;DATA;1612719233.336342
/ndn/h1-site/h1/C2Data-139-Type1;84490.0000;DATA;1612719234.906393
/ndn/d3-site/d3/C2Data-1591-Type1;99192.0000;DATA;1612719236.418839
/ndn/v6-site/v6/C2Data-4374-Type1;92675.0000;DATA;1612719236.973379
/ndn/d5-site/d5/C2Data-1833-Type2;132854.0000;DATA;1612719238.543459
/ndn/s0-site/s0/C2Data-2438-Type2;6001085.0000;TIMEOUT;1612719233.161293
/ndn/v5-site/v5/C2Data-4253-Type2;1145.0000;DATA;1612719239.623374
/ndn/d1-site/d1/C2Data-278-Type4;198864.0000;DATA;1612719239.531724
/ndn/v1-site/v1/C2Data-3769-Type2;50410.0000;DATA;1612719239.844817
/ndn/h3-site/h3/C2Data-381-Type2;48139.0000;DATA;1612719240.206976
/ndn/v5-site/v5/C2Data-4253-Type1;47947.0000;DATA;1612719241.105546
/ndn/s6-site/s6/C2Data-3164-Type2;6000873.0000;TIMEOUT;1612719236.883942
/ndn/d3-site/d3/C2Data-328-Type4;103377.0000;DATA;1612719242.837578
/ndn/s4-site/s4/C2Data-2922-Type1;6006851.0000;TIMEOUT;1612719237.517150
/ndn/v8-site/v8/C2Data-703-Type4;52084.0000;DATA;1612719249.441075
/ndn/s2-site/s2/C2Data-2680-Type1;6000970.0000;TIMEOUT;1612719243.620768
/ndn/s4-site/s4/C2Data-2922-Type2;6000813.0000;TIMEOUT;1612719244.346771
/ndn/d4-site/d4/C2Data-353-Type4;2460.0000;DATA;1612719251.934006
/ndn/v2-site/v2/C2Data-154-Type6;26533.0000;DATA;1612719257.654436
/ndn/v6-site/v6/C2Data-2205-Type3;143853.0000;DATA;1612719258.891995
/ndn/v0-site/v0/C2Data-140-Type6;48907.0000;DATA;1612719262.991111
/ndn/h3-site/h3/C2Data-382-Type1;101903.0000;DATA;1612719263.150915
/ndn/v0-site/v0/C2Data-3649-Type2;48827.0000;DATA;1612719263.715122
/ndn/d7-site/d7/C2Data-222-Type5;789.0000;DATA;1612719264.137395
/ndn/v4-site/v4/C2Data-4133-Type2;98133.0000;DATA;1612719265.819387
/ndn/h6-site/h6/C2Data-745-Type1;24586.0000;DATA;1612719267.351983
/ndn/s5-site/s5/C2Data-1534-Type3;6000739.0000;TIMEOUT;1612719262.005470
/ndn/v7-site/v7/C2Data-2266-Type3;2282.0000;DATA;1612719268.611728
