/ndn/h11-site/h11/C2Data-1331-Type2;124380.0000;DATA;1611606832.290186
/ndn/h13-site/h13/C2Data-1573-Type1;175866.0000;DATA;1611606832.637192
/ndn/s1-site/s1/C2Data-3751-Type1;246766.0000;DATA;1611606833.223158
/ndn/h4-site/h4/C2Data-484-Type2;170087.0000;DATA;1611606833.333277
/ndn/s11-site/s11/C2Data-4961-Type1;220028.0000;DATA;1611606834.511233
/ndn/h12-site/h12/C2Data-1452-Type1;648.0000;NACK;1611606836.903218
/ndn/s1-site/s1/C2Data-3751-Type2;197442.0000;DATA;1611606840.200250
/ndn/v13-site/v13/C2Data-7018-Type1;540.0000;NACK;1611606841.541189
/ndn/d9-site/d9/C2Data-2904-Type1;81181.0000;DATA;1611606843.625194
/ndn/d14-site/d14/C2Data-3509-Type2;125403.0000;DATA;1611606844.229577
/ndn/h4-site/h4/C2Data-244-Type3;173391.0000;DATA;1611606858.742050
/ndn/d0-site/d0/C2Data-915-Type3;25160.0000;DATA;1611606859.087983
/ndn/v10-site/v10/C2Data-3355-Type3;52578.0000;DATA;1611606862.062229
/ndn/h6-site/h6/C2Data-366-Type3;174174.0000;DATA;1611606862.496195
/ndn/d2-site/d2/C2Data-2058-Type2;49381.0000;DATA;1611606863.714305
/ndn/s6-site/s6/C2Data-2196-Type3;99453.0000;DATA;1611606863.872207
/ndn/d9-site/d9/C2Data-2905-Type2;71143.0000;DATA;1611606864.934244
/ndn/h13-site/h13/C2Data-793-Type3;164139.0000;DATA;1611606866.375227
/ndn/v6-site/v6/C2Data-6172-Type1;491.0000;NACK;1611606866.722258
/ndn/d1-site/d1/C2Data-976-Type3;191989.0000;DATA;1611606867.992271
/ndn/d1-site/d1/C2Data-1937-Type1;190500.0000;DATA;1611606868.318407
/ndn/s3-site/s3/C2Data-2013-Type3;217032.0000;DATA;1611606868.740156
/ndn/v5-site/v5/C2Data-3050-Type3;100453.0000;DATA;1611606869.773190
/ndn/s4-site/s4/C2Data-4115-Type2;213071.0000;DATA;1611606870.771298
/ndn/s4-site/s4/C2Data-2074-Type3;213061.0000;DATA;1611606870.790212
/ndn/v14-site/v14/C2Data-7140-Type2;141720.0000;DATA;1611606872.043243
/ndn/h0-site/h0/C2Data-1-Type1;185877.0000;DATA;1611606872.359237
/ndn/v3-site/v3/C2Data-5809-Type1;162876.0000;DATA;1611606872.418231
/ndn/d7-site/d7/C2Data-1342-Type3;50112.0000;DATA;1611606875.193215
/ndn/d7-site/d7/C2Data-2664-Type1;50346.0000;DATA;1611606895.839150
/ndn/h1-site/h1/C2Data-123-Type2;71293.0000;DATA;1611606896.692238
/ndn/s0-site/s0/C2Data-3632-Type2;123267.0000;DATA;1611606897.579252
/ndn/s6-site/s6/C2Data-4358-Type2;6001296.0000;TIMEOUT;1611606900.504245
/ndn/s9-site/s9/C2Data-2380-Type3;155944.0000;DATA;1611606920.198276
/ndn/d8-site/d8/C2Data-2786-Type1;24448.0000;DATA;1611606922.352254
/ndn/d2-site/d2/C2Data-2060-Type1;46771.0000;DATA;1611606922.938278
/ndn/h0-site/h0/C2Data-3-Type2;195024.0000;DATA;1611606923.637230
/ndn/v2-site/v2/C2Data-2868-Type3;70984.0000;DATA;1611606924.112274
/ndn/h3-site/h3/C2Data-366-Type1;49055.0000;DATA;1611606924.575249
/ndn/s8-site/s8/C2Data-4601-Type1;144549.0000;DATA;1611606926.140216
/ndn/h4-site/h4/C2Data-487-Type2;171369.0000;DATA;1611606926.175342
/ndn/v13-site/v13/C2Data-7021-Type2;141944.0000;DATA;1611606926.761148
/ndn/h3-site/h3/C2Data-366-Type2;47974.0000;DATA;1611606927.092269
/ndn/d9-site/d9/C2Data-1465-Type3;71536.0000;DATA;1611606928.305257
/ndn/s14-site/s14/C2Data-2685-Type3;6000261.0000;TIMEOUT;1611606922.430163
/ndn/v4-site/v4/C2Data-5932-Type2;95280.0000;DATA;1611606928.708245
/ndn/d8-site/d8/C2Data-1404-Type3;23615.0000;DATA;1611606929.088230
/ndn/v5-site/v5/C2Data-875-Type4;95354.0000;DATA;1611606929.619213
/ndn/h5-site/h5/C2Data-125-Type4;119081.0000;DATA;1611606931.072164
/ndn/d0-site/d0/C2Data-1818-Type1;23792.0000;DATA;1611606932.407165
/ndn/v12-site/v12/C2Data-6900-Type1;72351.0000;DATA;1611606932.673345
/ndn/s11-site/s11/C2Data-4964-Type1;6000254.0000;TIMEOUT;1611606926.934194
/ndn/h7-site/h7/C2Data-428-Type3;221717.0000;DATA;1611606935.227240
/ndn/v13-site/v13/C2Data-3539-Type3;144654.0000;DATA;1611606935.971237
/ndn/v6-site/v6/C2Data-900-Type4;85605.0000;NACK;1611606936.306236
/ndn/h8-site/h8/C2Data-200-Type4;100772.0000;DATA;1611606936.472138
/ndn/v3-site/v3/C2Data-2929-Type3;168318.0000;DATA;1611606936.463214
/ndn/h14-site/h14/C2Data-350-Type4;164726.0000;DATA;1611606938.720212
/ndn/s5-site/s5/C2Data-4238-Type1;6000498.0000;TIMEOUT;1611606933.137253
/ndn/d2-site/d2/C2Data-425-Type4;57133.0000;DATA;1611606942.156243
/ndn/s4-site/s4/C2Data-2075-Type3;6015789.0000;TIMEOUT;1611606939.496275
/ndn/d3-site/d3/C2Data-450-Type4;102280.0000;DATA;1611606946.936218
/ndn/h1-site/h1/C2Data-125-Type1;73142.0000;DATA;1611606952.631224
/ndn/v1-site/v1/C2Data-775-Type4;74923.0000;DATA;1611606954.848199
/ndn/v3-site/v3/C2Data-5812-Type1;169750.0000;DATA;1611606954.972187
/ndn/h14-site/h14/C2Data-1698-Type2;170712.0000;DATA;1611606954.973148
/ndn/h2-site/h2/C2Data-246-Type1;220733.0000;DATA;1611606957.892161
/ndn/d1-site/d1/C2Data-1940-Type1;192490.0000;DATA;1611606958.371242
/ndn/d7-site/d7/C2Data-2666-Type2;48079.0000;DATA;1611606958.939223
/ndn/d10-site/d10/C2Data-625-Type4;170659.0000;DATA;1611606960.029176
/ndn/v13-site/v13/C2Data-1075-Type4;142337.0000;DATA;1611606960.199279
/ndn/d9-site/d9/C2Data-2908-Type2;71263.0000;DATA;1611606961.434235
/ndn/s11-site/s11/C2Data-4965-Type2;6001955.0000;TIMEOUT;1611606956.643245
/ndn/d7-site/d7/C2Data-2666-Type1;49102.0000;DATA;1611606963.398221
/ndn/h0-site/h0/C2Data-4-Type1;187551.0000;DATA;1611606963.667218
/ndn/s0-site/s0/C2Data-3634-Type2;6000261.0000;TIMEOUT;1611606959.667208
/ndn/s10-site/s10/C2Data-4844-Type1;6000298.0000;TIMEOUT;1611606959.779267
/ndn/v7-site/v7/C2Data-925-Type4;49035.0000;DATA;1611606970.936624
/ndn/h10-site/h10/C2Data-250-Type4;107018.0000;DATA;1611606972.216268
/ndn/v7-site/v7/C2Data-3174-Type3;49799.0000;DATA;1611606980.159170
/ndn/h2-site/h2/C2Data-124-Type3;166333.0000;DATA;1611606980.044189
/ndn/d1-site/d1/C2Data-978-Type3;203146.0000;DATA;1611606980.802857
/ndn/v4-site/v4/C2Data-2991-Type3;98100.0000;DATA;1611606982.603149
/ndn/d0-site/d0/C2Data-917-Type3;24870.0000;DATA;1611606983.221213
/ndn/h7-site/h7/C2Data-429-Type3;218816.0000;DATA;1611606983.933240
/ndn/h7-site/h7/C2Data-852-Type2;211977.0000;DATA;1611606984.262155
/ndn/d5-site/d5/C2Data-2425-Type1;144055.0000;DATA;1611606984.933162
/ndn/h0-site/h0/C2Data-2-Type3;188506.0000;DATA;1611606985.047178
/ndn/h9-site/h9/C2Data-1094-Type2;96085.0000;DATA;1611606985.141301
/ndn/d8-site/d8/C2Data-2788-Type2;25519.0000;DATA;1611606985.846215
/ndn/v0-site/v0/C2Data-2747-Type3;119366.0000;DATA;1611606985.914155
/ndn/s8-site/s8/C2Data-2320-Type3;6000186.0000;TIMEOUT;1611606980.325373
/ndn/h2-site/h2/C2Data-247-Type1;211825.0000;DATA;1611606986.550229
/ndn/s13-site/s13/C2Data-2625-Type3;6000328.0000;TIMEOUT;1611606980.893249
/ndn/h10-site/h10/C2Data-612-Type3;94532.0000;DATA;1611606987.932221
/ndn/d8-site/d8/C2Data-1405-Type3;24517.0000;DATA;1611606989.157149
/ndn/s8-site/s8/C2Data-4603-Type1;6001039.0000;TIMEOUT;1611606985.032304
/ndn/h10-site/h10/C2Data-1215-Type1;93701.0000;DATA;1611606991.030229
/ndn/v5-site/v5/C2Data-6055-Type2;93282.0000;DATA;1611606992.933207
/ndn/d2-site/d2/C2Data-2062-Type2;47518.0000;DATA;1611606993.091251
/ndn/s14-site/s14/C2Data-5329-Type2;6000347.0000;TIMEOUT;1611606987.185176
/ndn/d9-site/d9/C2Data-1466-Type3;75892.0000;DATA;1611606995.690236
/ndn/s11-site/s11/C2Data-4966-Type1;6002243.0000;TIMEOUT;1611606989.940267
/ndn/s9-site/s9/C2Data-2381-Type3;6000762.0000;TIMEOUT;1611606996.009369
/ndn/s10-site/s10/C2Data-2442-Type3;6000379.0000;TIMEOUT;1611606996.457768
/ndn/h14-site/h14/C2Data-1700-Type2;167201.0000;DATA;1611607012.703176
/ndn/v1-site/v1/C2Data-5572-Type2;72391.0000;DATA;1611607013.380185
/ndn/d13-site/d13/C2Data-3394-Type1;95665.0000;DATA;1611607013.491152
/ndn/s13-site/s13/C2Data-5209-Type2;6000279.0000;TIMEOUT;1611607012.705340
/ndn/h4-site/h4/C2Data-490-Type2;181340.0000;DATA;1611607019.412232
/ndn/s3-site/s3/C2Data-3999-Type2;6000335.0000;TIMEOUT;1611607013.688348
/ndn/h1-site/h1/C2Data-127-Type1;72531.0000;DATA;1611607020.314254
/ndn/v11-site/v11/C2Data-6782-Type1;100005.0000;DATA;1611607020.640224
/ndn/v4-site/v4/C2Data-5935-Type2;92917.0000;DATA;1611607021.510152
/ndn/h12-site/h12/C2Data-1458-Type2;225211.0000;DATA;1611607022.210186
/ndn/v13-site/v13/C2Data-7024-Type2;141376.0000;DATA;1611607023.104246
/ndn/v4-site/v4/C2Data-5935-Type1;91687.0000;DATA;1611607023.990163
/ndn/h2-site/h2/C2Data-248-Type2;261203.0000;DATA;1611607024.169213
/ndn/s1-site/s1/C2Data-3757-Type1;6002382.0000;TIMEOUT;1611607019.444213
/ndn/v7-site/v7/C2Data-3175-Type3;50525.0000;DATA;1611607037.910275
/ndn/v4-site/v4/C2Data-2992-Type3;104510.0000;DATA;1611607042.505355
/ndn/h2-site/h2/C2Data-125-Type3;218135.0000;DATA;1611607042.889231
/ndn/s1-site/s1/C2Data-1894-Type3;6000308.0000;TIMEOUT;1611607037.491270
/ndn/v2-site/v2/C2Data-5694-Type1;69223.0000;DATA;1611607043.609230
/ndn/s9-site/s9/C2Data-2382-Type3;6000324.0000;TIMEOUT;1611607037.831260
/ndn/s7-site/s7/C2Data-2260-Type3;6000685.0000;TIMEOUT;1611607038.704347
/ndn/d7-site/d7/C2Data-2669-Type2;49742.0000;DATA;1611607047.432183
