/C2Data/h2/C2Data-42-Type2;272178.0000;DATA;1609203408.640363
/C2Data/v3/C2Data-315-Type2;25329.0000;DATA;1609203414.649429
/C2Data/v1/C2Data-273-Type2;46663.0000;DATA;1609203414.799059
/C2Data/v2/C2Data-294-Type2;172367.0000;DATA;1609203419.527993
/C2Data/v2/C2Data-294-Type1;268701.0000;DATA;1609203424.602421
/C2Data/d0/C2Data-44-Type3;27754.0000;DATA;1609203460.159595
/C2Data/v2/C2Data-154-Type3;198761.0000;DATA;1609203464.618715
/C2Data/d0/C2Data-85-Type2;70055.0000;DATA;1609203469.676205
/C2Data/v0/C2Data-253-Type1;116398.0000;DATA;1609203470.899583
/C2Data/h3/C2Data-64-Type1;64642.0000;DATA;1609203477.629529
/C2Data/v0/C2Data-132-Type3;138048.0000;DATA;1609203483.205240
/C2Data/s3/C2Data-121-Type3;46464.0000;DATA;1609203483.943102
/C2Data/d2/C2Data-128-Type1;75963.0000;DATA;1609203539.159800
/C2Data/h2/C2Data-44-Type2;25902.0000;DATA;1609203545.025574
/C2Data/h1/C2Data-12-Type3;260024.0000;DATA;1609203575.636974
/C2Data/v1/C2Data-144-Type3;25841.0000;DATA;1609203580.842681
/C2Data/h0/C2Data-1-Type3;131061.0000;DATA;1609203581.339553
/C2Data/v2/C2Data-297-Type2;138946.0000;DATA;1609203584.699808
/C2Data/s1/C2Data-192-Type2;27866.0000;DATA;1609203592.052979
/C2Data/h2/C2Data-23-Type3;120769.0000;DATA;1609203594.382376
/C2Data/d3/C2Data-150-Type2;80063.0000;NACK;1609203605.117958
/C2Data/h1/C2Data-5-Type4;264934.0000;DATA;1609203607.801901
/C2Data/d0/C2Data-20-Type4;260553.0000;DATA;1609203614.483925
/C2Data/d3/C2Data-151-Type1;21430.0000;NACK;1609203644.529645
/C2Data/s3/C2Data-235-Type2;130856.0000;DATA;1609203653.501008
/C2Data/d2/C2Data-130-Type2;64417.0000;DATA;1609203653.755832
/C2Data/v2/C2Data-298-Type1;272283.0000;DATA;1609203660.094771
/C2Data/v2/C2Data-156-Type3;204997.0000;DATA;1609203691.820893
/C2Data/v2/C2Data-50-Type4;46624.0000;DATA;1609203695.289774
/C2Data/v1/C2Data-145-Type3;56818.0000;DATA;1609203697.359989
/C2Data/v3/C2Data-167-Type3;43295.0000;DATA;1609203701.711814
/C2Data/v0/C2Data-257-Type2;369210.0000;DATA;1609203704.842643
/C2Data/s3/C2Data-123-Type3;118596.0000;DATA;1609203705.589147
/C2Data/v2/C2Data-299-Type1;328781.0000;DATA;1609203706.528210
/C2Data/h3/C2Data-35-Type3;23933.0000;DATA;1609203709.568649
/C2Data/h3/C2Data-68-Type2;108233.0000;DATA;1609203709.638056
/C2Data/d0/C2Data-46-Type3;120627.0000;DATA;1609203712.590273
/C2Data/v2/C2Data-299-Type2;188346.0000;DATA;1609203713.537749
/C2Data/d2/C2Data-68-Type3;67748.0000;DATA;1609203715.900354
/C2Data/v3/C2Data-320-Type1;27727.0000;DATA;1609203721.964241
/C2Data/s2/C2Data-215-Type1;238552.0000;DATA;1609203725.145700
/C2Data/d2/C2Data-132-Type2;47464.0000;DATA;1609203770.295133
/C2Data/s2/C2Data-216-Type2;199965.0000;DATA;1609203776.335213
/C2Data/d0/C2Data-90-Type2;111535.0000;DATA;1609203777.688456
/C2Data/v1/C2Data-279-Type1;24231.0000;DATA;1609203777.811370
/C2Data/h3/C2Data-36-Type3;137349.0000;DATA;1609203825.473996
/C2Data/d3/C2Data-154-Type1;23111.0000;NACK;1609203825.957897
/C2Data/s3/C2Data-238-Type2;119553.0000;DATA;1609203826.210408
/C2Data/v3/C2Data-322-Type1;44024.0000;DATA;1609203831.636553
/C2Data/d0/C2Data-91-Type1;66713.0000;DATA;1609203838.006682
/C2Data/v2/C2Data-301-Type1;216175.0000;DATA;1609203841.250726
/C2Data/v0/C2Data-259-Type1;307107.0000;DATA;1609203844.241320
/C2Data/s1/C2Data-102-Type3;26701.0000;DATA;1609203844.737831
/C2Data/d0/C2Data-47-Type3;180032.0000;DATA;1609203847.743340
/C2Data/h2/C2Data-50-Type2;116069.0000;DATA;1609203883.797902
/C2Data/v0/C2Data-260-Type1;411946.0000;DATA;1609203888.788026
/C2Data/d3/C2Data-155-Type1;21025.0000;NACK;1609203893.739477
/C2Data/h1/C2Data-29-Type2;25799.0000;DATA;1609203898.723484
/C2Data/v2/C2Data-302-Type2;141353.0000;DATA;1609203900.391326
/C2Data/d2/C2Data-134-Type1;47169.0000;DATA;1609203900.542252
/C2Data/v1/C2Data-281-Type1;44088.0000;DATA;1609203905.932390
/C2Data/v3/C2Data-56-Type4;35005.0000;DATA;1609203938.003333
/C2Data/h3/C2Data-9-Type5;43279.0000;DATA;1609203940.237300
/C2Data/d0/C2Data-93-Type2;119516.0000;DATA;1609203944.544417
/C2Data/h3/C2Data-72-Type2;46589.0000;DATA;1609203946.893517
/C2Data/h3/C2Data-72-Type1;49876.0000;DATA;1609203949.090071
/C2Data/d0/C2Data-48-Type3;88004.0000;DATA;1609203951.013079
/C2Data/d3/C2Data-81-Type3;56260.0000;NACK;1609203951.429217
