/ndn/h3-site/h3/C2Data-363-Type2;56579.0000;DATA;1612717860.395441
/ndn/v2-site/v2/C2Data-3872-Type2;27332.0000;DATA;1612717860.539762
/ndn/s9-site/s9/C2Data-3509-Type1;123695.0000;DATA;1612717861.061257
/ndn/s5-site/s5/C2Data-3025-Type2;3376.0000;DATA;1612717862.539774
/ndn/v7-site/v7/C2Data-4477-Type1;27349.0000;DATA;1612717866.850945
/ndn/v5-site/v5/C2Data-4235-Type1;1324.0000;DATA;1612717868.016386
/ndn/d9-site/d9/C2Data-2299-Type1;165319.0000;DATA;1612717867.954951
/ndn/v2-site/v2/C2Data-1952-Type3;25079.0000;DATA;1612717881.235385
/ndn/h8-site/h8/C2Data-488-Type3;199862.0000;DATA;1612717882.838925
/ndn/h3-site/h3/C2Data-183-Type3;64367.0000;DATA;1612717883.156113
/ndn/v4-site/v4/C2Data-2074-Type3;167336.0000;DATA;1612717883.226071
/ndn/d7-site/d7/C2Data-1037-Type3;33270.0000;DATA;1612717884.603082
/ndn/v2-site/v2/C2Data-3873-Type2;782.0000;DATA;1612717889.275126
/ndn/h5-site/h5/C2Data-305-Type3;51825.0000;DATA;1612717891.168031
/ndn/h7-site/h7/C2Data-427-Type3;76362.0000;DATA;1612717891.246916
/ndn/h9-site/h9/C2Data-549-Type3;990.0000;DATA;1612717891.385581
/ndn/v3-site/v3/C2Data-3994-Type1;49933.0000;DATA;1612717894.388280
/ndn/v6-site/v6/C2Data-2196-Type3;51132.0000;DATA;1612717894.390809
/ndn/d3-site/d3/C2Data-1574-Type2;1630.0000;DATA;1612717897.074327
/ndn/v5-site/v5/C2Data-4236-Type2;62151.0000;DATA;1612717898.150976
/ndn/s8-site/s8/C2Data-1708-Type3;813.0000;DATA;1612717898.586003
/ndn/s9-site/s9/C2Data-1769-Type3;2403.0000;DATA;1612717900.373476
/ndn/s0-site/s0/C2Data-1220-Type3;2728.0000;DATA;1612717901.795408
/ndn/v5-site/v5/C2Data-2135-Type3;1164.0000;DATA;1612717903.453913
/ndn/s8-site/s8/C2Data-3390-Type2;30817.0000;DATA;1612717918.670620
/ndn/h0-site/h0/C2Data-2-Type2;4861.0000;DATA;1612717918.930428
/ndn/d4-site/d4/C2Data-1696-Type1;175426.0000;DATA;1612717919.258020
/ndn/h9-site/h9/C2Data-1091-Type1;53516.0000;DATA;1612717921.634642
/ndn/s1-site/s1/C2Data-2543-Type1;55646.0000;DATA;1612717923.488189
/ndn/h4-site/h4/C2Data-486-Type2;160685.0000;DATA;1612717923.542815
/ndn/v0-site/v0/C2Data-3632-Type1;162322.0000;DATA;1612717924.686994
/ndn/h8-site/h8/C2Data-970-Type1;185443.0000;DATA;1612717925.680270
/ndn/s6-site/s6/C2Data-3148-Type2;990.0000;DATA;1612717928.327783
/ndn/h2-site/h2/C2Data-244-Type2;48697.0000;DATA;1612717928.433849
/ndn/s1-site/s1/C2Data-1282-Type3;1294.0000;DATA;1612717946.366931
/ndn/s5-site/s5/C2Data-1526-Type3;71192.0000;DATA;1612717946.341945
/ndn/s9-site/s9/C2Data-3512-Type2;50724.0000;DATA;1612717949.190780
/ndn/d3-site/d3/C2Data-1576-Type1;124990.0000;DATA;1612717950.612471
/ndn/h1-site/h1/C2Data-62-Type3;1750.0000;DATA;1612717951.112991
/ndn/h8-site/h8/C2Data-489-Type3;117743.0000;DATA;1612717951.287509
/ndn/v5-site/v5/C2Data-4238-Type2;140596.0000;DATA;1612717953.458930
/ndn/d7-site/d7/C2Data-2060-Type1;889.0000;DATA;1612717953.865042
/ndn/d4-site/d4/C2Data-1697-Type2;182162.0000;DATA;1612717954.247657
/ndn/v3-site/v3/C2Data-2014-Type3;24828.0000;DATA;1612717955.431007
/ndn/s3-site/s3/C2Data-1404-Type3;2942.0000;DATA;1612717956.263969
/ndn/s5-site/s5/C2Data-3028-Type2;2987.0000;DATA;1612717957.322297
/ndn/v2-site/v2/C2Data-550-Type4;1172.0000;DATA;1612717957.548932
/ndn/s3-site/s3/C2Data-2786-Type1;1419.0000;DATA;1612717958.079718
/ndn/d2-site/d2/C2Data-733-Type3;2289.0000;DATA;1612717958.392895
/ndn/h5-site/h5/C2Data-306-Type3;153253.0000;DATA;1612717962.095580
/ndn/h6-site/h6/C2Data-150-Type4;159609.0000;DATA;1612717970.607471
/ndn/v0-site/v0/C2Data-500-Type4;150630.0000;DATA;1612717970.820905
/ndn/v3-site/v3/C2Data-3997-Type2;173776.0000;DATA;1612717977.662956
/ndn/h2-site/h2/C2Data-246-Type1;47976.0000;DATA;1612717978.301977
/ndn/v2-site/v2/C2Data-3876-Type1;27618.0000;DATA;1612717981.054625
/ndn/v0-site/v0/C2Data-3634-Type2;145444.0000;DATA;1612717980.942337
/ndn/s0-site/s0/C2Data-2424-Type2;50258.0000;DATA;1612717982.915125
/ndn/d7-site/d7/C2Data-2061-Type1;34210.0000;DATA;1612717983.253449
/ndn/s1-site/s1/C2Data-2545-Type2;101124.0000;DATA;1612717983.307672
/ndn/v8-site/v8/C2Data-4602-Type2;1272.0000;DATA;1612717984.221377
/ndn/v7-site/v7/C2Data-4481-Type1;166919.0000;DATA;1612717984.746073
/ndn/h6-site/h6/C2Data-730-Type1;185455.0000;DATA;1612717985.659906
/ndn/h8-site/h8/C2Data-972-Type2;208000.0000;DATA;1612717987.361615
/ndn/s6-site/s6/C2Data-3150-Type1;129075.0000;DATA;1612717987.572471
/ndn/s8-site/s8/C2Data-3392-Type2;7731.0000;DATA;1612717988.856857
/ndn/s9-site/s9/C2Data-3513-Type1;1733.0000;DATA;1612717988.870726
/ndn/d9-site/d9/C2Data-475-Type4;33218.0000;DATA;1612718005.579692
/ndn/v2-site/v2/C2Data-1954-Type3;883.0000;DATA;1612718009.260047
/ndn/h8-site/h8/C2Data-973-Type1;217436.0000;DATA;1612718009.508812
/ndn/d9-site/d9/C2Data-2304-Type2;128550.0000;DATA;1612718010.076407
/ndn/s0-site/s0/C2Data-2425-Type2;855.0000;DATA;1612718010.596139
/ndn/h9-site/h9/C2Data-1094-Type1;63277.0000;DATA;1612718010.732912
/ndn/s9-site/s9/C2Data-1771-Type3;127064.0000;DATA;1612718011.538152
/ndn/s7-site/s7/C2Data-3272-Type2;159540.0000;DATA;1612718011.513248
/ndn/s4-site/s4/C2Data-2909-Type2;55147.0000;DATA;1612718011.873118
/ndn/d2-site/d2/C2Data-1457-Type1;52043.0000;DATA;1612718012.355992
/ndn/h7-site/h7/C2Data-175-Type4;881.0000;DATA;1612718013.145105
/ndn/d4-site/d4/C2Data-1699-Type1;186430.0000;DATA;1612718013.943234
/ndn/s3-site/s3/C2Data-1405-Type3;2892.0000;DATA;1612718014.563158
/ndn/s6-site/s6/C2Data-3151-Type1;1802.0000;DATA;1612718016.534009
/ndn/s7-site/s7/C2Data-1649-Type3;105764.0000;DATA;1612718019.075063
/ndn/v3-site/v3/C2Data-2015-Type3;1820.0000;DATA;1612718025.389551
/ndn/s3-site/s3/C2Data-2789-Type2;146002.0000;DATA;1612718037.226155
/ndn/h6-site/h6/C2Data-732-Type1;174447.0000;DATA;1612718038.317565
/ndn/d9-site/d9/C2Data-2305-Type2;124562.0000;DATA;1612718040.225974
/ndn/d8-site/d8/C2Data-2184-Type2;70659.0000;DATA;1612718042.458266
/ndn/d8-site/d8/C2Data-2184-Type1;86391.0000;DATA;1612718047.123197
/ndn/v5-site/v5/C2Data-2138-Type3;51093.0000;DATA;1612718062.326874
/ndn/s5-site/s5/C2Data-1528-Type3;75260.0000;DATA;1612718065.262887
/ndn/v3-site/v3/C2Data-2016-Type3;54277.0000;DATA;1612718066.639753
/ndn/d0-site/d0/C2Data-1217-Type1;179863.0000;DATA;1612718067.503254
/ndn/v8-site/v8/C2Data-4605-Type1;97743.0000;DATA;1612718068.198645
/ndn/s9-site/s9/C2Data-3516-Type2;137620.0000;DATA;1612718068.215368
/ndn/s7-site/s7/C2Data-1650-Type3;165118.0000;DATA;1612718068.251137
/ndn/s0-site/s0/C2Data-1223-Type3;8136.0000;DATA;1612718070.223184
/ndn/v1-site/v1/C2Data-3758-Type1;161069.0000;DATA;1612718070.519955
/ndn/v0-site/v0/C2Data-1833-Type3;163052.0000;DATA;1612718070.546909
/ndn/h4-site/h4/C2Data-491-Type1;64970.0000;DATA;1612718072.277855
/ndn/s6-site/s6/C2Data-1589-Type3;103443.0000;DATA;1612718072.375390
/ndn/v3-site/v3/C2Data-4000-Type2;155129.0000;DATA;1612718072.367605
/ndn/d6-site/d6/C2Data-1943-Type1;202358.0000;DATA;1612718072.645671
/ndn/v9-site/v9/C2Data-4726-Type1;103215.0000;DATA;1612718073.403909
/ndn/d7-site/d7/C2Data-1040-Type3;1107.0000;DATA;1612718073.882010
/ndn/s1-site/s1/C2Data-2548-Type1;1484.0000;DATA;1612718074.162229
/ndn/d3-site/d3/C2Data-796-Type3;522682.0000;DATA;1612718075.180879
/ndn/v8-site/v8/C2Data-364-Type5;99984.0000;DATA;1612718076.510998
/ndn/h3-site/h3/C2Data-186-Type3;47963.0000;DATA;1612718076.759804
/ndn/h7-site/h7/C2Data-430-Type3;1288.0000;DATA;1612718079.855793
/ndn/d6-site/d6/C2Data-979-Type3;127314.0000;DATA;1612718081.261658
/ndn/d5-site/d5/C2Data-195-Type5;126193.0000;DATA;1612718083.786968
/ndn/v7-site/v7/C2Data-351-Type5;189459.0000;DATA;1612718093.794577
/ndn/d4-site/d4/C2Data-182-Type5;62222.0000;DATA;1612718098.554146
/ndn/s5-site/s5/C2Data-3033-Type1;1538.0000;DATA;1612718103.385440
/ndn/d6-site/d6/C2Data-1944-Type1;13029.0000;DATA;1612718104.849261
/ndn/d4-site/d4/C2Data-351-Type4;185768.0000;DATA;1612718105.611896
/ndn/h1-site/h1/C2Data-129-Type1;103362.0000;DATA;1612718109.104655
/ndn/d7-site/d7/C2Data-1041-Type3;24737.0000;DATA;1612718121.953327
/ndn/v2-site/v2/C2Data-1956-Type3;27223.0000;DATA;1612718123.523592
/ndn/d9-site/d9/C2Data-1163-Type3;160112.0000;DATA;1612718123.748753
/ndn/d3-site/d3/C2Data-797-Type3;133053.0000;DATA;1612718125.414360
/ndn/s2-site/s2/C2Data-2671-Type2;75020.0000;DATA;1612718127.315232
/ndn/v7-site/v7/C2Data-4486-Type1;149190.0000;DATA;1612718128.188959
/ndn/v9-site/v9/C2Data-726-Type4;133956.0000;DATA;1612718129.158903
/ndn/h6-site/h6/C2Data-78-Type5;53782.0000;DATA;1612718129.762796
/ndn/d8-site/d8/C2Data-2187-Type1;70885.0000;DATA;1612718130.626689
/ndn/h4-site/h4/C2Data-493-Type1;133034.0000;DATA;1612718132.402014
/ndn/d5-site/d5/C2Data-376-Type4;80813.0000;DATA;1612718133.295565
/ndn/h8-site/h8/C2Data-977-Type2;178489.0000;DATA;1612718133.302138
/ndn/v9-site/v9/C2Data-4728-Type1;106691.0000;DATA;1612718134.482855
/ndn/s7-site/s7/C2Data-3276-Type1;164223.0000;DATA;1612718134.503548
/ndn/s1-site/s1/C2Data-2550-Type1;119669.0000;DATA;1612718134.870582
/ndn/v2-site/v2/C2Data-3881-Type2;1190.0000;DATA;1612718136.334100
/ndn/h7-site/h7/C2Data-856-Type1;247636.0000;DATA;1612718137.291503
/ndn/d0-site/d0/C2Data-251-Type4;155856.0000;DATA;1612718138.082510
/ndn/v5-site/v5/C2Data-4244-Type1;49005.0000;DATA;1612718138.259966
/ndn/h2-site/h2/C2Data-251-Type2;2616.0000;DATA;1612718138.572153
/ndn/h4-site/h4/C2Data-493-Type2;124953.0000;DATA;1612718138.694047
/ndn/d5-site/d5/C2Data-1824-Type1;130744.0000;DATA;1612718139.440230
/ndn/d8-site/d8/C2Data-451-Type4;1443.0000;DATA;1612718141.364155
/ndn/h8-site/h8/C2Data-201-Type4;214478.0000;DATA;1612718141.263620
/ndn/h2-site/h2/C2Data-126-Type3;2637.0000;DATA;1612718143.440145
/ndn/d2-site/d2/C2Data-1462-Type1;126055.0000;DATA;1612718157.176247
/ndn/h6-site/h6/C2Data-736-Type1;179338.0000;DATA;1612718158.817381
/ndn/s0-site/s0/C2Data-2430-Type2;64794.0000;DATA;1612718161.464546
/ndn/h1-site/h1/C2Data-131-Type2;152845.0000;DATA;1612718161.419087
/ndn/s4-site/s4/C2Data-2914-Type1;2456.0000;DATA;1612718162.410800
/ndn/d5-site/d5/C2Data-1825-Type2;139073.0000;DATA;1612718163.691929
/ndn/v9-site/v9/C2Data-377-Type5;2650.0000;DATA;1612718164.097879
/ndn/v0-site/v0/C2Data-260-Type5;74537.0000;DATA;1612718168.007122
/ndn/v5-site/v5/C2Data-4245-Type2;53052.0000;DATA;1612718168.635502
/ndn/d0-site/d0/C2Data-1220-Type1;219082.0000;DATA;1612718168.867761
/ndn/d2-site/d2/C2Data-737-Type3;151434.0000;DATA;1612718181.201417
/ndn/d9-site/d9/C2Data-1164-Type3;125037.0000;DATA;1612718181.516932
/ndn/v1-site/v1/C2Data-273-Type5;2584.0000;DATA;1612718184.845348
/ndn/v6-site/v6/C2Data-4367-Type1;74486.0000;DATA;1612718187.452945
/ndn/v5-site/v5/C2Data-4246-Type2;149149.0000;DATA;1612718187.450129
/ndn/v4-site/v4/C2Data-2079-Type3;122819.0000;DATA;1612718189.307912
/ndn/d3-site/d3/C2Data-1584-Type2;48604.0000;DATA;1612718190.540963
/ndn/h9-site/h9/C2Data-554-Type3;53127.0000;DATA;1612718191.130029
/ndn/s7-site/s7/C2Data-3278-Type2;145135.0000;DATA;1612718192.429688
/ndn/d0-site/d0/C2Data-615-Type3;2427.0000;DATA;1612718192.869469
/ndn/d9-site/d9/C2Data-2310-Type1;122762.0000;DATA;1612718193.192921
/ndn/h6-site/h6/C2Data-737-Type1;56892.0000;DATA;1612718193.923204
/ndn/d5-site/d5/C2Data-1826-Type1;14000.0000;DATA;1612718193.962789
/ndn/s9-site/s9/C2Data-3520-Type2;52541.0000;DATA;1612718194.686230
/ndn/s8-site/s8/C2Data-1713-Type3;30293.0000;DATA;1612718194.912934
/ndn/s4-site/s4/C2Data-1469-Type3;1040.0000;DATA;1612718195.088794
/ndn/s0-site/s0/C2Data-2431-Type1;59634.0000;DATA;1612718197.143011
/ndn/h3-site/h3/C2Data-188-Type3;65731.0000;DATA;1612718198.018989
/ndn/v9-site/v9/C2Data-4730-Type2;99950.0000;DATA;1612718198.413004
/ndn/h1-site/h1/C2Data-66-Type3;53468.0000;DATA;1612718200.939148
/ndn/s3-site/s3/C2Data-2795-Type1;145893.0000;DATA;1612718217.275966
/ndn/d9-site/d9/C2Data-2311-Type2;76512.0000;DATA;1612718220.472079
/ndn/v5-site/v5/C2Data-4247-Type1;82901.0000;DATA;1612718220.475889
/ndn/v1-site/v1/C2Data-3763-Type2;106979.0000;DATA;1612718220.497174
/ndn/v2-site/v2/C2Data-3884-Type1;910.0000;DATA;1612718222.749804
/ndn/h2-site/h2/C2Data-254-Type2;47605.0000;DATA;1612718224.525899
/ndn/s3-site/s3/C2Data-2795-Type2;147051.0000;DATA;1612718224.475335
/ndn/v8-site/v8/C2Data-4610-Type2;98005.0000;DATA;1612718225.995970
/ndn/v7-site/v7/C2Data-4489-Type2;30984.0000;DATA;1612718227.517035
/ndn/h9-site/h9/C2Data-555-Type3;57144.0000;DATA;1612718241.786373
/ndn/h7-site/h7/C2Data-433-Type3;154097.0000;DATA;1612718242.199778
/ndn/h0-site/h0/C2Data-13-Type1;110948.0000;DATA;1612718247.209493
/ndn/v6-site/v6/C2Data-4369-Type2;78294.0000;DATA;1612718249.420330
/ndn/s1-site/s1/C2Data-1287-Type3;6001531.0000;TIMEOUT;1612718244.595955
/ndn/h2-site/h2/C2Data-128-Type3;49686.0000;DATA;1612718250.786349
/ndn/v1-site/v1/C2Data-3764-Type1;156107.0000;DATA;1612718251.580143
/ndn/d5-site/d5/C2Data-377-Type4;123688.0000;DATA;1612718253.552625
/ndn/s3-site/s3/C2Data-2796-Type2;6014629.0000;TIMEOUT;1612718247.877823
/ndn/h1-site/h1/C2Data-134-Type1;128518.0000;DATA;1612718256.436387
/ndn/s6-site/s6/C2Data-1592-Type3;6000620.0000;TIMEOUT;1612718251.007013
/ndn/s0-site/s0/C2Data-1226-Type3;1150.0000;DATA;1612718257.163108
/ndn/v9-site/v9/C2Data-2385-Type3;3073.0000;DATA;1612718257.776698
/ndn/h6-site/h6/C2Data-372-Type3;121027.0000;DATA;1612718258.455403
/ndn/h8-site/h8/C2Data-981-Type2;96506.0000;DATA;1612718259.027037
/ndn/s9-site/s9/C2Data-1775-Type3;6000851.0000;TIMEOUT;1612718253.418545
/ndn/v7-site/v7/C2Data-677-Type4;180466.0000;DATA;1612718259.666432
/ndn/s2-site/s2/C2Data-1348-Type3;1044.0000;DATA;1612718260.312882
/ndn/s5-site/s5/C2Data-1531-Type3;6001194.0000;TIMEOUT;1612718256.149126
/ndn/s6-site/s6/C2Data-3159-Type2;6000987.0000;TIMEOUT;1612718257.164791
/ndn/d7-site/d7/C2Data-1043-Type3;2067.0000;DATA;1612718265.078541
/ndn/d9-site/d9/C2Data-477-Type4;81377.0000;DATA;1612718268.512550
/ndn/d4-site/d4/C2Data-352-Type4;110460.0000;DATA;1612718268.735903
/ndn/d8-site/d8/C2Data-452-Type4;128545.0000;DATA;1612718275.000025
/ndn/d2-site/d2/C2Data-302-Type4;134961.0000;DATA;1612718278.254019
/ndn/h1-site/h1/C2Data-135-Type1;123763.0000;DATA;1612718280.553024
/ndn/h7-site/h7/C2Data-861-Type1;127112.0000;DATA;1612718281.707785
/ndn/h5-site/h5/C2Data-619-Type2;119379.0000;DATA;1612718282.581926
/ndn/v5-site/v5/C2Data-4249-Type1;131162.0000;DATA;1612718283.089930
/ndn/v7-site/v7/C2Data-4491-Type1;145245.0000;DATA;1612718283.492742
/ndn/h9-site/h9/C2Data-1103-Type1;1749.0000;DATA;1612718284.470162
/ndn/h3-site/h3/C2Data-77-Type4;1554.0000;DATA;1612718288.386970
/ndn/v8-site/v8/C2Data-4612-Type1;98814.0000;DATA;1612718288.641944
/ndn/d4-site/d4/C2Data-1708-Type1;171817.0000;DATA;1612718288.638384
/ndn/h2-site/h2/C2Data-52-Type4;2392.0000;DATA;1612718300.081606
/ndn/v9-site/v9/C2Data-727-Type4;2575.0000;DATA;1612718303.696632
/ndn/h9-site/h9/C2Data-1104-Type1;49660.0000;DATA;1612718309.002966
/ndn/h8-site/h8/C2Data-983-Type2;176038.0000;DATA;1612718309.066359
/ndn/d7-site/d7/C2Data-2072-Type1;26705.0000;DATA;1612718309.261905
/ndn/v2-site/v2/C2Data-1959-Type3;1121.0000;DATA;1612718310.334995
/ndn/v3-site/v3/C2Data-2020-Type3;145134.0000;DATA;1612718310.223935
/ndn/v5-site/v5/C2Data-4250-Type1;49128.0000;DATA;1612718310.862027
/ndn/h3-site/h3/C2Data-190-Type3;1546.0000;DATA;1612718312.216347
/ndn/v4-site/v4/C2Data-602-Type4;1442.0000;DATA;1612718312.713886
/ndn/h8-site/h8/C2Data-983-Type1;125363.0000;DATA;1612718312.630887
/ndn/s7-site/s7/C2Data-1654-Type3;6003282.0000;TIMEOUT;1612718307.708924
/ndn/s2-site/s2/C2Data-1349-Type3;6004414.0000;TIMEOUT;1612718308.219467
/ndn/d8-site/d8/C2Data-2193-Type2;25992.0000;DATA;1612718314.918174
/ndn/s5-site/s5/C2Data-3040-Type2;6002235.0000;TIMEOUT;1612718308.986282
/ndn/d8-site/d8/C2Data-1105-Type3;1320.0000;DATA;1612718322.151732
/ndn/s2-site/s2/C2Data-2677-Type2;6000371.0000;TIMEOUT;1612718316.556955
/ndn/s2-site/s2/C2Data-2677-Type1;6001916.0000;TIMEOUT;1612718316.911289
/ndn/d5-site/d5/C2Data-922-Type3;125854.0000;DATA;1612718324.796782
/ndn/d0-site/d0/C2Data-70-Type6;235242.0000;DATA;1612718337.506883
/ndn/d5-site/d5/C2Data-1831-Type2;126029.0000;DATA;1612718340.892948
/ndn/d8-site/d8/C2Data-2194-Type2;80596.0000;DATA;1612718341.668064
/ndn/v7-site/v7/C2Data-4493-Type2;177532.0000;DATA;1612718345.002984
/ndn/d4-site/d4/C2Data-1710-Type1;173185.0000;DATA;1612718346.188778
/ndn/s6-site/s6/C2Data-3162-Type2;6008773.0000;TIMEOUT;1612718343.757293
/ndn/s8-site/s8/C2Data-3404-Type2;6008565.0000;TIMEOUT;1612718348.507612
/ndn/d2-site/d2/C2Data-84-Type6;117588.0000;DATA;1612718362.659920
/ndn/v9-site/v9/C2Data-2387-Type3;2447.0000;DATA;1612718364.592527
/ndn/h1-site/h1/C2Data-69-Type3;100605.0000;DATA;1612718366.895207
/ndn/v6-site/v6/C2Data-2204-Type3;83727.0000;DATA;1612718368.854901
/ndn/v9-site/v9/C2Data-4736-Type1;107516.0000;DATA;1612718372.203114
/ndn/v2-site/v2/C2Data-1960-Type3;1289.0000;DATA;1612718373.286595
/ndn/v5-site/v5/C2Data-2143-Type3;772.0000;DATA;1612718375.967721
/ndn/v3-site/v3/C2Data-4010-Type2;25501.0000;DATA;1612718376.801331
/ndn/h4-site/h4/C2Data-501-Type1;125356.0000;DATA;1612718376.788456
/ndn/s3-site/s3/C2Data-2800-Type2;6003895.0000;TIMEOUT;1612718372.958026
/ndn/d4-site/d4/C2Data-183-Type5;174323.0000;DATA;1612718380.056444
/ndn/h0-site/h0/C2Data-1-Type5;1515.0000;DATA;1612718383.184905
/ndn/s2-site/s2/C2Data-2679-Type1;6001432.0000;TIMEOUT;1612718377.530776
/ndn/h6-site/h6/C2Data-744-Type1;126550.0000;DATA;1612718398.134642
/ndn/h5-site/h5/C2Data-623-Type1;123238.0000;DATA;1612718400.658301
/ndn/h4-site/h4/C2Data-502-Type2;121326.0000;DATA;1612718404.421768
/ndn/h6-site/h6/C2Data-744-Type2;557252.0000;DATA;1612718404.592971
/ndn/v3-site/v3/C2Data-4011-Type2;154255.0000;DATA;1612718405.320922
/ndn/s0-site/s0/C2Data-2438-Type2;6001851.0000;TIMEOUT;1612718400.731807
/ndn/d3-site/d3/C2Data-1591-Type2;1095.0000;DATA;1612718406.979926
/ndn/h8-site/h8/C2Data-986-Type1;9404.0000;DATA;1612718407.938864
/ndn/s8-site/s8/C2Data-3406-Type1;6000622.0000;TIMEOUT;1612718402.678414
/ndn/s4-site/s4/C2Data-2922-Type2;6002247.0000;TIMEOUT;1612718406.311057
/ndn/s9-site/s9/C2Data-3527-Type1;6012692.0000;TIMEOUT;1612718407.233254
/ndn/h5-site/h5/C2Data-314-Type3;132376.0000;DATA;1612718423.005775
/ndn/d6-site/d6/C2Data-403-Type4;202611.0000;DATA;1612718424.481086
/ndn/h9-site/h9/C2Data-228-Type4;829.0000;DATA;1612718425.094921
/ndn/v4-site/v4/C2Data-313-Type5;55595.0000;DATA;1612718425.136925
/ndn/h6-site/h6/C2Data-42-Type6;96275.0000;DATA;1612718426.992417
/ndn/d7-site/d7/C2Data-2076-Type1;31417.0000;DATA;1612718427.529730
/ndn/s0-site/s0/C2Data-1229-Type3;6000298.0000;TIMEOUT;1612718422.804963
/ndn/s7-site/s7/C2Data-1656-Type3;6000979.0000;TIMEOUT;1612718423.022023
/ndn/h7-site/h7/C2Data-178-Type4;157854.0000;DATA;1612718429.286194
/ndn/d8-site/d8/C2Data-2197-Type1;72696.0000;DATA;1612718429.499172
/ndn/h3-site/h3/C2Data-78-Type4;1095.0000;DATA;1612718430.485859
