/ndn/v0-site/v0/C2Data-5445-Type1;630.0000;NACK;1611609163.509542
/ndn/d11-site/d11/C2Data-3146-Type2;166427.0000;DATA;1611609164.790362
/ndn/v8-site/v8/C2Data-6413-Type1;498.0000;NACK;1611609165.514335
/ndn/s1-site/s1/C2Data-3751-Type1;158651.0000;DATA;1611609167.380401
/ndn/d5-site/d5/C2Data-2420-Type2;49251.0000;DATA;1611609168.395885
/ndn/v9-site/v9/C2Data-6534-Type2;96006.0000;DATA;1611609169.878396
/ndn/s11-site/s11/C2Data-4961-Type2;119878.0000;DATA;1611609170.852367
/ndn/h1-site/h1/C2Data-121-Type1;104293.0000;DATA;1611609171.952534
/ndn/h3-site/h3/C2Data-183-Type3;196984.0000;DATA;1611609187.223391
/ndn/s6-site/s6/C2Data-2196-Type3;163112.0000;DATA;1611609191.542410
/ndn/s0-site/s0/C2Data-1830-Type3;94005.0000;DATA;1611609194.077423
/ndn/d3-site/d3/C2Data-2179-Type1;116322.0000;DATA;1611609195.315423
/ndn/s8-site/s8/C2Data-4599-Type1;72449.0000;DATA;1611609195.436999
/ndn/s11-site/s11/C2Data-4962-Type1;123003.0000;DATA;1611609195.746359
/ndn/h1-site/h1/C2Data-122-Type2;99012.0000;DATA;1611609195.924437
/ndn/h10-site/h10/C2Data-610-Type3;139587.0000;DATA;1611609196.083370
/ndn/d3-site/d3/C2Data-1098-Type3;118390.0000;DATA;1611609197.233126
/ndn/v12-site/v12/C2Data-6898-Type2;427.0000;NACK;1611609197.657426
/ndn/h1-site/h1/C2Data-122-Type1;95959.0000;DATA;1611609197.984439
/ndn/d4-site/d4/C2Data-2300-Type2;119372.0000;DATA;1611609198.688326
/ndn/v2-site/v2/C2Data-5688-Type1;115572.0000;DATA;1611609198.773312
/ndn/d13-site/d13/C2Data-3389-Type2;96480.0000;DATA;1611609199.778316
/ndn/d1-site/d1/C2Data-1937-Type1;122998.0000;DATA;1611609200.144422
/ndn/h9-site/h9/C2Data-549-Type3;47923.0000;DATA;1611609200.221511
/ndn/h11-site/h11/C2Data-671-Type3;130706.0000;DATA;1611609200.345319
/ndn/v7-site/v7/C2Data-6293-Type1;189370.0000;DATA;1611609200.530438
/ndn/d13-site/d13/C2Data-1708-Type3;92588.0000;DATA;1611609202.411346
/ndn/d1-site/d1/C2Data-1937-Type2;117567.0000;DATA;1611609204.051343
/ndn/h4-site/h4/C2Data-244-Type3;70398.0000;DATA;1611609206.341440
/ndn/v8-site/v8/C2Data-3233-Type3;94075.0000;DATA;1611609208.010402
/ndn/s14-site/s14/C2Data-5326-Type2;118267.0000;DATA;1611609223.392393
/ndn/d8-site/d8/C2Data-2785-Type2;146151.0000;DATA;1611609223.453368
/ndn/h2-site/h2/C2Data-244-Type2;143720.0000;DATA;1611609223.662393
/ndn/v12-site/v12/C2Data-6899-Type1;217235.0000;DATA;1611609224.602316
/ndn/v10-site/v10/C2Data-6657-Type2;118470.0000;DATA;1611609225.072568
/ndn/s1-site/s1/C2Data-3753-Type2;149398.0000;DATA;1611609226.510482
/ndn/s13-site/s13/C2Data-5205-Type2;143261.0000;DATA;1611609228.481347
/ndn/v2-site/v2/C2Data-5689-Type1;118359.0000;DATA;1611609229.548385
/ndn/s8-site/s8/C2Data-4600-Type2;73060.0000;DATA;1611609230.159413
/ndn/d6-site/d6/C2Data-2543-Type1;117193.0000;DATA;1611609230.916407
/ndn/h12-site/h12/C2Data-733-Type3;145983.0000;DATA;1611609252.531439
/ndn/s13-site/s13/C2Data-5206-Type1;143132.0000;DATA;1611609253.369317
/ndn/s9-site/s9/C2Data-4722-Type1;25616.0000;DATA;1611609254.085533
/ndn/h7-site/h7/C2Data-428-Type3;122793.0000;DATA;1611609254.389347
/ndn/s13-site/s13/C2Data-5206-Type2;144106.0000;DATA;1611609254.736590
/ndn/s5-site/s5/C2Data-4238-Type2;118297.0000;DATA;1611609255.742427
/ndn/d8-site/d8/C2Data-1404-Type3;137376.0000;DATA;1611609255.773325
/ndn/v9-site/v9/C2Data-6537-Type1;94564.0000;DATA;1611609256.535404
/ndn/d14-site/d14/C2Data-3512-Type2;97463.0000;DATA;1611609257.617356
/ndn/v8-site/v8/C2Data-6416-Type1;92493.0000;DATA;1611609259.317360
/ndn/s5-site/s5/C2Data-4238-Type1;126320.0000;DATA;1611609259.344424
/ndn/s3-site/s3/C2Data-3996-Type2;118281.0000;DATA;1611609260.013376
/ndn/v11-site/v11/C2Data-1025-Type4;95392.0000;DATA;1611609260.051506
/ndn/h2-site/h2/C2Data-245-Type2;141341.0000;DATA;1611609260.459371
/ndn/h12-site/h12/C2Data-1455-Type1;147648.0000;DATA;1611609262.079429
/ndn/h12-site/h12/C2Data-1455-Type2;137908.0000;DATA;1611609262.333488
/ndn/v13-site/v13/C2Data-7021-Type1;46478.0000;DATA;1611609262.432351
/ndn/v8-site/v8/C2Data-3234-Type3;14277.0000;DATA;1611609262.813972
/ndn/d0-site/d0/C2Data-916-Type3;143649.0000;DATA;1611609263.026317
/ndn/h8-site/h8/C2Data-489-Type3;57119.0000;DATA;1611609265.080495
/ndn/d1-site/d1/C2Data-977-Type3;114996.0000;DATA;1611609265.804559
/ndn/s9-site/s9/C2Data-4722-Type2;6000340.0000;TIMEOUT;1611609262.303465
/ndn/s3-site/s3/C2Data-3996-Type1;6002177.0000;TIMEOUT;1611609263.232406
/ndn/s5-site/s5/C2Data-2136-Type3;6000748.0000;TIMEOUT;1611609263.914448
/ndn/h4-site/h4/C2Data-100-Type4;90388.0000;DATA;1611609270.719006
/ndn/d13-site/d13/C2Data-3392-Type2;94226.0000;DATA;1611609282.810378
/ndn/v11-site/v11/C2Data-6780-Type2;96571.0000;DATA;1611609283.447391
/ndn/v12-site/v12/C2Data-1050-Type4;210886.0000;DATA;1611609283.719340
/ndn/v7-site/v7/C2Data-6296-Type2;200760.0000;DATA;1611609284.428419
/ndn/h2-site/h2/C2Data-50-Type4;146035.0000;DATA;1611609284.894410
/ndn/h13-site/h13/C2Data-1577-Type1;23840.0000;DATA;1611609286.826434
/ndn/s11-site/s11/C2Data-4965-Type1;6000744.0000;TIMEOUT;1611609282.970328
/ndn/h8-site/h8/C2Data-972-Type1;71929.0000;DATA;1611609290.555395
/ndn/d14-site/d14/C2Data-725-Type4;95462.0000;DATA;1611609290.919411
/ndn/s0-site/s0/C2Data-3634-Type1;6000323.0000;TIMEOUT;1611609285.417391
/ndn/d12-site/d12/C2Data-3271-Type1;141830.0000;DATA;1611609292.324571
/ndn/h1-site/h1/C2Data-25-Type4;99000.0000;DATA;1611609292.609468
/ndn/h6-site/h6/C2Data-730-Type1;70367.0000;DATA;1611609292.779389
/ndn/h14-site/h14/C2Data-1698-Type2;94724.0000;DATA;1611609293.000434
/ndn/h5-site/h5/C2Data-609-Type1;28448.0000;DATA;1611609294.050378
/ndn/d7-site/d7/C2Data-2666-Type2;97320.0000;DATA;1611609294.294409
/ndn/h2-site/h2/C2Data-246-Type1;146655.0000;DATA;1611609294.418439
/ndn/s9-site/s9/C2Data-4723-Type2;6011892.0000;TIMEOUT;1611609292.566420
/ndn/d11-site/d11/C2Data-650-Type4;213199.0000;DATA;1611609302.334095
/ndn/d0-site/d0/C2Data-375-Type4;160672.0000;DATA;1611609303.724308
/ndn/h12-site/h12/C2Data-734-Type3;139089.0000;DATA;1611609310.724336
/ndn/h1-site/h1/C2Data-126-Type2;94907.0000;DATA;1611609312.891368
/ndn/d0-site/d0/C2Data-1820-Type2;144883.0000;DATA;1611609313.789330
/ndn/d2-site/d2/C2Data-2062-Type1;118192.0000;DATA;1611609315.395336
/ndn/d7-site/d7/C2Data-2667-Type1;97007.0000;DATA;1611609315.448377
/ndn/v2-site/v2/C2Data-5692-Type1;114290.0000;DATA;1611609315.448992
/ndn/s4-site/s4/C2Data-2076-Type3;6000295.0000;TIMEOUT;1611609311.198411
/ndn/v9-site/v9/C2Data-6539-Type2;92950.0000;DATA;1611609317.781356
/ndn/d9-site/d9/C2Data-1466-Type3;71108.0000;DATA;1611609318.219319
/ndn/s3-site/s3/C2Data-2015-Type3;6001358.0000;TIMEOUT;1611609313.602380
/ndn/d12-site/d12/C2Data-1649-Type3;145454.0000;DATA;1611609319.598479
/ndn/h0-site/h0/C2Data-5-Type2;95375.0000;DATA;1611609320.471445
/ndn/d9-site/d9/C2Data-2909-Type2;71486.0000;DATA;1611609320.753330
/ndn/h12-site/h12/C2Data-1457-Type1;143346.0000;DATA;1611609321.172456
/ndn/v8-site/v8/C2Data-6418-Type1;100888.0000;DATA;1611609322.102420
/ndn/v1-site/v1/C2Data-5571-Type2;224189.0000;DATA;1611609322.293366
/ndn/v6-site/v6/C2Data-3113-Type3;72914.0000;DATA;1611609323.119383
/ndn/s12-site/s12/C2Data-5087-Type1;6000269.0000;TIMEOUT;1611609319.029419
/ndn/s5-site/s5/C2Data-4240-Type2;6000344.0000;TIMEOUT;1611609319.896342
/ndn/h13-site/h13/C2Data-795-Type3;23842.0000;DATA;1611609326.440396
/ndn/h0-site/h0/C2Data-2-Type3;96901.0000;DATA;1611609327.299400
/ndn/s5-site/s5/C2Data-2137-Type3;6000631.0000;TIMEOUT;1611609322.692347
/ndn/s12-site/s12/C2Data-5087-Type2;6000680.0000;TIMEOUT;1611609322.781353
/ndn/v12-site/v12/C2Data-3479-Type3;237469.0000;DATA;1611609328.836375
/ndn/v9-site/v9/C2Data-6540-Type2;95968.0000;DATA;1611609344.892464
/ndn/d8-site/d8/C2Data-2789-Type1;150398.0000;DATA;1611609345.670366
/ndn/v1-site/v1/C2Data-5572-Type2;213965.0000;DATA;1611609345.880694
/ndn/d1-site/d1/C2Data-1942-Type1;122925.0000;DATA;1611609346.790361
/ndn/h2-site/h2/C2Data-248-Type2;144068.0000;DATA;1611609350.471501
/ndn/d10-site/d10/C2Data-3031-Type1;72891.0000;DATA;1611609351.779417
/ndn/d10-site/d10/C2Data-3031-Type2;73703.0000;DATA;1611609351.826315
/ndn/d11-site/d11/C2Data-3152-Type1;161572.0000;DATA;1611609352.511305
/ndn/v8-site/v8/C2Data-6419-Type1;98755.0000;DATA;1611609352.886316
/ndn/d4-site/d4/C2Data-2305-Type2;116780.0000;DATA;1611609353.568489
/ndn/s9-site/s9/C2Data-4725-Type2;6000191.0000;TIMEOUT;1611609348.257415
/ndn/v12-site/v12/C2Data-6903-Type1;233800.0000;DATA;1611609354.409403
/ndn/s13-site/s13/C2Data-5209-Type2;6001787.0000;TIMEOUT;1611609353.350326
/ndn/h1-site/h1/C2Data-64-Type3;97942.0000;DATA;1611609370.997365
/ndn/d12-site/d12/C2Data-3274-Type1;137886.0000;DATA;1611609373.509311
/ndn/h2-site/h2/C2Data-249-Type2;143220.0000;DATA;1611609373.756387
/ndn/h13-site/h13/C2Data-796-Type3;24069.0000;DATA;1611609374.038397
/ndn/v4-site/v4/C2Data-5936-Type2;241315.0000;DATA;1611609374.231359
/ndn/d5-site/d5/C2Data-1223-Type3;47833.0000;DATA;1611609375.245403
/ndn/d14-site/d14/C2Data-3516-Type1;93633.0000;DATA;1611609376.035404
/ndn/v11-site/v11/C2Data-3419-Type3;96402.0000;DATA;1611609376.246319
/ndn/d0-site/d0/C2Data-1822-Type1;149357.0000;DATA;1611609377.607364
/ndn/v0-site/v0/C2Data-5452-Type1;119309.0000;DATA;1611609377.921472
