/ndn/s9-site/s9/C2Data-3509-Type1;176093.0000;DATA;1612717026.599976
/ndn/h2-site/h2/C2Data-242-Type2;123612.0000;DATA;1612717028.350459
/ndn/d5-site/d5/C2Data-1815-Type1;131147.0000;DATA;1612717028.903675
/ndn/h0-site/h0/C2Data-0-Type1;103965.0000;DATA;1612717030.338110
/ndn/h0-site/h0/C2Data-0-Type2;97674.0000;DATA;1612717030.461076
/ndn/d9-site/d9/C2Data-2299-Type2;136726.0000;DATA;1612717030.738049
/ndn/h3-site/h3/C2Data-363-Type2;112569.0000;DATA;1612717031.233637
/ndn/s8-site/s8/C2Data-3388-Type1;120685.0000;DATA;1612717031.402016
/ndn/v2-site/v2/C2Data-3872-Type1;195125.0000;DATA;1612717034.333129
/ndn/d8-site/d8/C2Data-2178-Type1;123946.0000;DATA;1612717037.256326
/ndn/v8-site/v8/C2Data-4598-Type1;49088.0000;DATA;1612717038.060401
/ndn/s0-site/s0/C2Data-1220-Type3;131183.0000;DATA;1612717052.374055
/ndn/h5-site/h5/C2Data-305-Type3;27826.0000;DATA;1612717053.610091
/ndn/d2-site/d2/C2Data-732-Type3;75250.0000;DATA;1612717056.763369
/ndn/v3-site/v3/C2Data-3994-Type2;107811.0000;DATA;1612717056.874928
/ndn/h8-site/h8/C2Data-969-Type2;95120.0000;DATA;1612717057.279706
/ndn/s7-site/s7/C2Data-1647-Type3;50324.0000;DATA;1612717059.981895
/ndn/d2-site/d2/C2Data-1453-Type1;76657.0000;DATA;1612717059.990207
/ndn/d3-site/d3/C2Data-793-Type3;150365.0000;DATA;1612717060.766028
/ndn/h7-site/h7/C2Data-848-Type1;50214.0000;DATA;1612717060.996478
/ndn/s9-site/s9/C2Data-1769-Type3;154865.0000;DATA;1612717061.093680
/ndn/h4-site/h4/C2Data-485-Type1;26186.0000;DATA;1612717061.733777
/ndn/s3-site/s3/C2Data-2784-Type2;122412.0000;DATA;1612717062.295125
/ndn/v7-site/v7/C2Data-2257-Type3;51349.0000;DATA;1612717062.548769
/ndn/d9-site/d9/C2Data-1159-Type3;120400.0000;DATA;1612717065.155457
/ndn/h1-site/h1/C2Data-122-Type2;24885.0000;DATA;1612717066.033596
/ndn/d1-site/d1/C2Data-671-Type3;170364.0000;DATA;1612717073.774080
/ndn/v7-site/v7/C2Data-4479-Type2;63061.0000;DATA;1612717086.805654
/ndn/h8-site/h8/C2Data-970-Type1;89741.0000;DATA;1612717087.663645
/ndn/d7-site/d7/C2Data-2059-Type1;182402.0000;DATA;1612717088.528200
/ndn/s5-site/s5/C2Data-3027-Type2;104311.0000;DATA;1612717090.586324
/ndn/h0-site/h0/C2Data-2-Type1;136041.0000;DATA;1612717094.536108
/ndn/v5-site/v5/C2Data-4237-Type1;189757.0000;DATA;1612717094.742153
/ndn/v7-site/v7/C2Data-2258-Type3;63820.0000;DATA;1612717111.572749
/ndn/v5-site/v5/C2Data-2136-Type3;181111.0000;DATA;1612717112.145087
/ndn/s4-site/s4/C2Data-1465-Type3;341542.0000;DATA;1612717112.594712
/ndn/h3-site/h3/C2Data-184-Type3;183305.0000;DATA;1612717114.485076
/ndn/h0-site/h0/C2Data-1-Type3;96073.0000;DATA;1612717115.388405
/ndn/d8-site/d8/C2Data-1099-Type3;132228.0000;DATA;1612717115.744109
/ndn/v8-site/v8/C2Data-2319-Type3;57685.0000;DATA;1612717116.155929
/ndn/h4-site/h4/C2Data-245-Type3;26906.0000;DATA;1612717116.344112
/ndn/d2-site/d2/C2Data-1455-Type2;75267.0000;DATA;1612717116.711239
/ndn/s2-site/s2/C2Data-1343-Type3;101091.0000;DATA;1612717119.985590
/ndn/d1-site/d1/C2Data-1334-Type1;172447.0000;DATA;1612717120.283986
/ndn/h1-site/h1/C2Data-124-Type1;26389.0000;DATA;1612717120.563109
/ndn/h8-site/h8/C2Data-971-Type2;78973.0000;DATA;1612717120.862908
/ndn/s6-site/s6/C2Data-3149-Type1;74566.0000;DATA;1612717121.956576
/ndn/h9-site/h9/C2Data-1092-Type1;150919.0000;DATA;1612717123.211853
/ndn/d3-site/d3/C2Data-1576-Type1;153081.0000;DATA;1612717123.437354
/ndn/v6-site/v6/C2Data-2197-Type3;125472.0000;DATA;1612717123.976184
/ndn/d6-site/d6/C2Data-1939-Type2;98669.0000;DATA;1612717124.373053
/ndn/s5-site/s5/C2Data-3028-Type1;6000361.0000;TIMEOUT;1612717118.867132
/ndn/v5-site/v5/C2Data-4238-Type1;188769.0000;DATA;1612717125.231967
/ndn/s5-site/s5/C2Data-3028-Type2;6001001.0000;TIMEOUT;1612717119.641049
/ndn/h2-site/h2/C2Data-245-Type2;156300.0000;DATA;1612717127.424163
/ndn/h3-site/h3/C2Data-366-Type2;96062.0000;DATA;1612717128.309830
/ndn/d2-site/d2/C2Data-733-Type3;73887.0000;DATA;1612717128.984290
/ndn/v5-site/v5/C2Data-625-Type4;182222.0000;DATA;1612717129.566743
/ndn/h0-site/h0/C2Data-0-Type4;143021.0000;DATA;1612717135.196051
/ndn/d0-site/d0/C2Data-250-Type4;99904.0000;DATA;1612717140.780409
/ndn/d6-site/d6/C2Data-1940-Type2;112192.0000;DATA;1612717148.489004
/ndn/h5-site/h5/C2Data-609-Type2;25058.0000;DATA;1612717149.005012
/ndn/d4-site/d4/C2Data-1698-Type1;24732.0000;DATA;1612717149.017406
/ndn/v1-site/v1/C2Data-525-Type4;26410.0000;DATA;1612717149.570830
/ndn/d8-site/d8/C2Data-2182-Type1;134358.0000;DATA;1612717152.332111
/ndn/v3-site/v3/C2Data-3997-Type1;99758.0000;DATA;1612717153.607684
/ndn/s4-site/s4/C2Data-2908-Type2;6000664.0000;TIMEOUT;1612717149.407076
/ndn/s8-site/s8/C2Data-3392-Type2;6001956.0000;TIMEOUT;1612717151.069966
/ndn/s3-site/s3/C2Data-2787-Type1;6300690.0000;TIMEOUT;1612717153.942534
/ndn/s1-site/s1/C2Data-2545-Type2;6003539.0000;TIMEOUT;1612717156.159023
/ndn/d7-site/d7/C2Data-1039-Type3;182672.0000;DATA;1612717174.341180
/ndn/h3-site/h3/C2Data-185-Type3;117035.0000;DATA;1612717175.531490
/ndn/v8-site/v8/C2Data-4603-Type1;50054.0000;DATA;1612717176.947986
/ndn/v5-site/v5/C2Data-4240-Type1;203432.0000;DATA;1612717177.844670
/ndn/d7-site/d7/C2Data-2062-Type2;171988.0000;DATA;1612717178.946898
/ndn/v5-site/v5/C2Data-2137-Type3;194657.0000;DATA;1612717183.326288
/ndn/s3-site/s3/C2Data-1405-Type3;6002963.0000;TIMEOUT;1612717179.040713
/ndn/v1-site/v1/C2Data-1893-Type3;25474.0000;DATA;1612717185.665802
/ndn/v7-site/v7/C2Data-2259-Type3;49019.0000;DATA;1612717185.762167
/ndn/h9-site/h9/C2Data-551-Type3;159272.0000;DATA;1612717186.108026
/ndn/h2-site/h2/C2Data-124-Type3;142054.0000;DATA;1612717187.338159
/ndn/s7-site/s7/C2Data-1649-Type3;6002060.0000;TIMEOUT;1612717181.630853
/ndn/d7-site/d7/C2Data-2062-Type1;186833.0000;DATA;1612717187.475750
/ndn/d5-site/d5/C2Data-917-Type3;125846.0000;DATA;1612717189.987728
/ndn/s9-site/s9/C2Data-1771-Type3;6000688.0000;TIMEOUT;1612717184.942327
/ndn/s9-site/s9/C2Data-3514-Type2;6000539.0000;TIMEOUT;1612717187.834132
/ndn/d6-site/d6/C2Data-1942-Type2;105650.0000;DATA;1612717207.791804
/ndn/h5-site/h5/C2Data-611-Type1;33230.0000;DATA;1612717209.248932
/ndn/h5-site/h5/C2Data-611-Type2;28908.0000;DATA;1612717209.319218
/ndn/h0-site/h0/C2Data-6-Type2;99882.0000;DATA;1612717212.474991
/ndn/h9-site/h9/C2Data-1095-Type2;149455.0000;DATA;1612717216.075418
/ndn/s3-site/s3/C2Data-2789-Type2;6000573.0000;TIMEOUT;1612717211.189907
/ndn/s1-site/s1/C2Data-2547-Type1;6003226.0000;TIMEOUT;1612717216.949173
/ndn/s5-site/s5/C2Data-3031-Type2;6005915.0000;TIMEOUT;1612717217.747108
/ndn/h1-site/h1/C2Data-64-Type3;25457.0000;DATA;1612717232.170005
/ndn/h9-site/h9/C2Data-552-Type3;658369.0000;DATA;1612717237.017425
/ndn/v1-site/v1/C2Data-3758-Type2;40615.0000;DATA;1612717238.030794
/ndn/d6-site/d6/C2Data-979-Type3;99513.0000;DATA;1612717238.833020
/ndn/h1-site/h1/C2Data-128-Type2;26245.0000;DATA;1612717239.379729
/ndn/s5-site/s5/C2Data-3032-Type2;6011188.0000;TIMEOUT;1612717236.467023
/ndn/v4-site/v4/C2Data-312-Type5;173673.0000;DATA;1612717243.233094
/ndn/h6-site/h6/C2Data-369-Type3;75006.0000;DATA;1612717243.813190
/ndn/h4-site/h4/C2Data-491-Type2;29743.0000;DATA;1612717243.877798
/ndn/d5-site/d5/C2Data-1822-Type2;146892.0000;DATA;1612717244.406097
/ndn/d7-site/d7/C2Data-2064-Type1;186575.0000;DATA;1612717245.826349
/ndn/d3-site/d3/C2Data-169-Type5;146379.0000;DATA;1612717245.935960
/ndn/v5-site/v5/C2Data-4242-Type1;179253.0000;DATA;1612717245.968746
/ndn/d4-site/d4/C2Data-1701-Type1;27380.0000;DATA;1612717246.491123
/ndn/s3-site/s3/C2Data-2790-Type2;6003128.0000;TIMEOUT;1612717242.010972
/ndn/s9-site/s9/C2Data-3516-Type1;6001288.0000;TIMEOUT;1612717242.525799
/ndn/v8-site/v8/C2Data-2321-Type3;63205.0000;DATA;1612717248.482857
/ndn/s6-site/s6/C2Data-3153-Type2;6002805.0000;TIMEOUT;1612717243.864758
/ndn/d8-site/d8/C2Data-1101-Type3;136822.0000;DATA;1612717249.758989
/ndn/s7-site/s7/C2Data-3274-Type1;6002483.0000;TIMEOUT;1612717244.876098
/ndn/s6-site/s6/C2Data-1589-Type3;6016318.0000;TIMEOUT;1612717245.265073
/ndn/s4-site/s4/C2Data-2911-Type2;6000934.0000;TIMEOUT;1612717247.019552
/ndn/s0-site/s0/C2Data-1223-Type3;6001087.0000;TIMEOUT;1612717247.525098
/ndn/h7-site/h7/C2Data-430-Type3;61385.0000;DATA;1612717253.845628
/ndn/h2-site/h2/C2Data-250-Type1;124989.0000;DATA;1612717266.603760
/ndn/h7-site/h7/C2Data-855-Type1;48431.0000;DATA;1612717267.386161
/ndn/d8-site/d8/C2Data-2186-Type2;127801.0000;DATA;1612717267.918417
/ndn/s0-site/s0/C2Data-2428-Type2;6001245.0000;TIMEOUT;1612717267.089832
/ndn/v9-site/v9/C2Data-4727-Type2;97655.0000;DATA;1612717275.573125
/ndn/h7-site/h7/C2Data-855-Type2;51807.0000;DATA;1612717277.185092
/ndn/h6-site/h6/C2Data-78-Type5;78330.0000;DATA;1612717286.631190
/ndn/v8-site/v8/C2Data-701-Type4;56842.0000;DATA;1612717293.151015
/ndn/v3-site/v3/C2Data-576-Type4;98701.0000;DATA;1612717293.214536
/ndn/h6-site/h6/C2Data-735-Type2;73555.0000;DATA;1612717297.762770
/ndn/d1-site/d1/C2Data-675-Type3;162523.0000;DATA;1612717297.957682
/ndn/v3-site/v3/C2Data-299-Type5;104562.0000;DATA;1612717298.162957
/ndn/h5-site/h5/C2Data-309-Type3;24811.0000;DATA;1612717301.309642
/ndn/d9-site/d9/C2Data-1163-Type3;163928.0000;DATA;1612717301.827092
/ndn/v2-site/v2/C2Data-3881-Type1;229214.0000;DATA;1612717301.860116
/ndn/h4-site/h4/C2Data-248-Type3;27185.0000;DATA;1612717302.717640
/ndn/v8-site/v8/C2Data-4607-Type1;48756.0000;DATA;1612717303.546505
/ndn/v4-site/v4/C2Data-601-Type4;184029.0000;DATA;1612717304.806967
/ndn/h9-site/h9/C2Data-553-Type3;151357.0000;DATA;1612717305.574098
/ndn/s9-site/s9/C2Data-1773-Type3;6001701.0000;TIMEOUT;1612717299.859398
/ndn/v9-site/v9/C2Data-726-Type4;99855.0000;DATA;1612717306.367999
/ndn/v8-site/v8/C2Data-4607-Type2;63097.0000;DATA;1612717306.988566
/ndn/v7-site/v7/C2Data-4486-Type1;54559.0000;DATA;1612717307.237743
/ndn/d3-site/d3/C2Data-326-Type4;149576.0000;DATA;1612717307.221161
/ndn/s6-site/s6/C2Data-1590-Type3;6000567.0000;TIMEOUT;1612717301.463316
/ndn/s3-site/s3/C2Data-1407-Type3;6000980.0000;TIMEOUT;1612717301.816964
/ndn/s7-site/s7/C2Data-1651-Type3;6398673.0000;TIMEOUT;1612717302.722093
/ndn/s3-site/s3/C2Data-2792-Type2;6001639.0000;TIMEOUT;1612717303.643115
/ndn/h6-site/h6/C2Data-370-Type3;97500.0000;DATA;1612717310.363949
/ndn/s5-site/s5/C2Data-1529-Type3;6000654.0000;TIMEOUT;1612717306.007980
/ndn/v8-site/v8/C2Data-2322-Type3;53242.0000;DATA;1612717313.451102
/ndn/d0-site/d0/C2Data-251-Type4;103909.0000;DATA;1612717316.391256
/ndn/v1-site/v1/C2Data-526-Type4;31792.0000;DATA;1612717316.908768
/ndn/v2-site/v2/C2Data-286-Type5;180795.0000;DATA;1612717316.785253
/ndn/h8-site/h8/C2Data-104-Type5;72282.0000;DATA;1612717320.842605
/ndn/h6-site/h6/C2Data-151-Type4;70389.0000;DATA;1612717324.750587
/ndn/v3-site/v3/C2Data-4003-Type1;103440.0000;DATA;1612717329.746134
/ndn/h3-site/h3/C2Data-76-Type4;113960.0000;DATA;1612717331.068664
/ndn/d9-site/d9/C2Data-2309-Type2;139241.0000;DATA;1612717331.104296
/ndn/h1-site/h1/C2Data-131-Type1;25526.0000;DATA;1612717332.352348
/ndn/h6-site/h6/C2Data-736-Type2;77161.0000;DATA;1612717335.656830
/ndn/v7-site/v7/C2Data-4487-Type1;50042.0000;DATA;1612717337.486003
/ndn/d4-site/d4/C2Data-182-Type5;34950.0000;DATA;1612717341.260672
/ndn/v8-site/v8/C2Data-2323-Type3;53802.0000;DATA;1612717350.786880
/ndn/v6-site/v6/C2Data-2201-Type3;155541.0000;DATA;1612717354.991430
/ndn/d8-site/d8/C2Data-2189-Type1;149711.0000;DATA;1612717356.426999
/ndn/d6-site/d6/C2Data-1947-Type1;107174.0000;DATA;1612717356.542940
/ndn/v5-site/v5/C2Data-4246-Type2;189055.0000;DATA;1612717356.879041
/ndn/h9-site/h9/C2Data-1100-Type1;161505.0000;DATA;1612717359.393267
/ndn/d4-site/d4/C2Data-1705-Type2;30491.0000;DATA;1612717360.325914
/ndn/h4-site/h4/C2Data-495-Type2;25479.0000;DATA;1612717361.072260
/ndn/d5-site/d5/C2Data-1826-Type2;131640.0000;DATA;1612717362.109093
/ndn/v9-site/v9/C2Data-2384-Type3;113284.0000;DATA;1612717364.941120
/ndn/v7-site/v7/C2Data-4488-Type1;53833.0000;DATA;1612717365.590405
/ndn/d4-site/d4/C2Data-1705-Type1;26394.0000;DATA;1612717368.308023
/ndn/s2-site/s2/C2Data-1347-Type3;6000917.0000;TIMEOUT;1612717363.011679
/ndn/d6-site/d6/C2Data-981-Type3;102522.0000;DATA;1612717369.758600
/ndn/s0-site/s0/C2Data-1225-Type3;6001250.0000;TIMEOUT;1612717367.824262
/ndn/v2-site/v2/C2Data-3884-Type2;198750.0000;DATA;1612717387.763680
/ndn/d2-site/d2/C2Data-1464-Type1;101428.0000;DATA;1612717388.011517
/ndn/v9-site/v9/C2Data-4731-Type1;112489.0000;DATA;1612717391.119565
/ndn/h9-site/h9/C2Data-1101-Type2;151252.0000;DATA;1612717394.039311
/ndn/d2-site/d2/C2Data-1464-Type2;98969.0000;DATA;1612717394.358891
/ndn/d1-site/d1/C2Data-1343-Type1;167200.0000;DATA;1612717396.849500
/ndn/s0-site/s0/C2Data-2432-Type2;6003211.0000;TIMEOUT;1612717393.717097
/ndn/s7-site/s7/C2Data-3279-Type2;6000628.0000;TIMEOUT;1612717395.478267
/ndn/s7-site/s7/C2Data-3279-Type1;6001527.0000;TIMEOUT;1612717396.443741
/ndn/v5-site/v5/C2Data-4248-Type2;181729.0000;DATA;1612717416.380747
/ndn/h6-site/h6/C2Data-739-Type2;73296.0000;DATA;1612717417.948781
/ndn/s0-site/s0/C2Data-1226-Type3;6000508.0000;TIMEOUT;1612717413.690971
/ndn/d2-site/d2/C2Data-302-Type4;85302.0000;DATA;1612717422.438680
/ndn/h3-site/h3/C2Data-376-Type1;133525.0000;DATA;1612717422.637671
/ndn/h5-site/h5/C2Data-618-Type1;28915.0000;DATA;1612717423.676075
/ndn/h5-site/h5/C2Data-618-Type2;37467.0000;DATA;1612717423.827585
/ndn/s7-site/s7/C2Data-1653-Type3;6001226.0000;TIMEOUT;1612717418.467988
/ndn/v5-site/v5/C2Data-4248-Type1;190136.0000;DATA;1612717424.234682
/ndn/v6-site/v6/C2Data-2202-Type3;122499.0000;DATA;1612717424.613214
/ndn/v5-site/v5/C2Data-2141-Type3;574649.0000;DATA;1612717426.014992
/ndn/v7-site/v7/C2Data-4490-Type2;61696.0000;DATA;1612717427.084975
/ndn/v9-site/v9/C2Data-2385-Type3;124008.0000;DATA;1612717427.266519
/ndn/d8-site/d8/C2Data-452-Type4;132510.0000;DATA;1612717427.854791
/ndn/h2-site/h2/C2Data-128-Type3;134679.0000;DATA;1612717428.439314
/ndn/v7-site/v7/C2Data-2263-Type3;55808.0000;DATA;1612717429.253481
/ndn/s7-site/s7/C2Data-3280-Type2;6003976.0000;TIMEOUT;1612717425.748084
/ndn/h3-site/h3/C2Data-77-Type4;105866.0000;DATA;1612717433.837511
/ndn/s1-site/s1/C2Data-1287-Type3;6019953.0000;TIMEOUT;1612717429.821217
/ndn/h4-site/h4/C2Data-498-Type2;25346.0000;DATA;1612717446.404023
/ndn/v1-site/v1/C2Data-527-Type4;26737.0000;DATA;1612717446.724673
/ndn/h2-site/h2/C2Data-256-Type2;146368.0000;DATA;1612717454.579507
/ndn/h8-site/h8/C2Data-982-Type1;87032.0000;DATA;1612717455.007543
/ndn/s4-site/s4/C2Data-2918-Type1;6000609.0000;TIMEOUT;1612717450.478330
/ndn/s8-site/s8/C2Data-3402-Type2;6000538.0000;TIMEOUT;1612717451.716272
/ndn/d1-site/d1/C2Data-277-Type4;184332.0000;DATA;1612717465.553611
/ndn/v8-site/v8/C2Data-2325-Type3;50085.0000;DATA;1612717471.809187
/ndn/v8-site/v8/C2Data-702-Type4;53651.0000;DATA;1612717471.992673
/ndn/v9-site/v9/C2Data-727-Type4;111917.0000;DATA;1612717475.255747
/ndn/h3-site/h3/C2Data-190-Type3;98336.0000;DATA;1612717478.128966
/ndn/d0-site/d0/C2Data-1225-Type1;97703.0000;DATA;1612717481.461173
/ndn/s4-site/s4/C2Data-1471-Type3;6002935.0000;TIMEOUT;1612717476.759280
/ndn/s2-site/s2/C2Data-2677-Type2;6011366.0000;TIMEOUT;1612717478.670251
/ndn/d9-site/d9/C2Data-2314-Type2;126779.0000;DATA;1612717485.510210
/ndn/d1-site/d1/C2Data-1346-Type2;203412.0000;DATA;1612717486.071485
/ndn/s0-site/s0/C2Data-2435-Type2;6001189.0000;TIMEOUT;1612717481.656153
/ndn/d5-site/d5/C2Data-1830-Type1;142308.0000;DATA;1612717488.352828
/ndn/s0-site/s0/C2Data-1227-Type3;6001487.0000;TIMEOUT;1612717483.739065
/ndn/v7-site/v7/C2Data-2264-Type3;53181.0000;DATA;1612717491.068902
/ndn/s6-site/s6/C2Data-1593-Type3;6000368.0000;TIMEOUT;1612717485.394880
/ndn/v3-site/v3/C2Data-2020-Type3;99203.0000;DATA;1612717492.769677
/ndn/s2-site/s2/C2Data-2677-Type1;6002633.0000;TIMEOUT;1612717487.057938
/ndn/h6-site/h6/C2Data-742-Type2;73262.0000;DATA;1612717509.799033
/ndn/v3-site/v3/C2Data-4009-Type1;115722.0000;DATA;1612717511.265354
/ndn/h3-site/h3/C2Data-379-Type2;107551.0000;DATA;1612717511.786704
/ndn/v2-site/v2/C2Data-3888-Type1;175929.0000;DATA;1612717514.050096
/ndn/s8-site/s8/C2Data-3404-Type2;6003261.0000;TIMEOUT;1612717511.466961
/ndn/s9-site/s9/C2Data-3525-Type1;6003099.0000;TIMEOUT;1612717512.157001
/ndn/s1-site/s1/C2Data-2557-Type1;6000878.0000;TIMEOUT;1612717513.616995
/ndn/s4-site/s4/C2Data-2920-Type2;6001666.0000;TIMEOUT;1612717515.878763
/ndn/v1-site/v1/C2Data-1899-Type3;122247.0000;DATA;1612717533.938099
/ndn/h5-site/h5/C2Data-622-Type2;27534.0000;DATA;1612717537.266224
/ndn/h9-site/h9/C2Data-1106-Type2;165479.0000;DATA;1612717537.658778
/ndn/v4-site/v4/C2Data-2082-Type3;177007.0000;DATA;1612717537.986837
/ndn/d3-site/d3/C2Data-801-Type3;654250.0000;DATA;1612717538.480570
/ndn/h7-site/h7/C2Data-864-Type2;51662.0000;DATA;1612717539.266888
/ndn/h7-site/h7/C2Data-49-Type6;51569.0000;DATA;1612717539.286091
/ndn/v3-site/v3/C2Data-2021-Type3;110823.0000;DATA;1612717539.260787
/ndn/s9-site/s9/C2Data-3526-Type1;6002284.0000;TIMEOUT;1612717536.522200
/ndn/s1-site/s1/C2Data-2558-Type2;6000367.0000;TIMEOUT;1612717536.753185
/ndn/d0-site/d0/C2Data-1227-Type1;95946.0000;DATA;1612717542.779186
/ndn/d4-site/d4/C2Data-862-Type3;26443.0000;DATA;1612717546.233546
/ndn/s5-site/s5/C2Data-3042-Type1;6005850.0000;TIMEOUT;1612717541.443623
/ndn/h6-site/h6/C2Data-374-Type3;74965.0000;DATA;1612717547.487719
/ndn/s1-site/s1/C2Data-1289-Type3;6001365.0000;TIMEOUT;1612717543.191298
/ndn/h8-site/h8/C2Data-496-Type3;78195.0000;DATA;1612717549.544590
/ndn/d1-site/d1/C2Data-144-Type5;161394.0000;DATA;1612717552.012071
/ndn/h0-site/h0/C2Data-8-Type3;117371.0000;DATA;1612717553.122298
/ndn/s2-site/s2/C2Data-2679-Type2;6008990.0000;TIMEOUT;1612717547.476223
/ndn/h1-site/h1/C2Data-69-Type3;30684.0000;DATA;1612717554.042495
/ndn/s6-site/s6/C2Data-1594-Type3;6091849.0000;TIMEOUT;1612717550.330805
/ndn/v8-site/v8/C2Data-196-Type6;68410.0000;DATA;1612717558.292887
/ndn/v9-site/v9/C2Data-203-Type6;157834.0000;DATA;1612717563.567069
/ndn/v8-site/v8/C2Data-4616-Type1;59295.0000;DATA;1612717567.190961
/ndn/h7-site/h7/C2Data-92-Type5;52440.0000;DATA;1612717568.854735
/ndn/h2-site/h2/C2Data-260-Type2;126343.0000;DATA;1612717569.084632
/ndn/v6-site/v6/C2Data-4374-Type1;129781.0000;DATA;1612717570.677943
/ndn/h3-site/h3/C2Data-381-Type2;104637.0000;DATA;1612717572.494090
/ndn/h0-site/h0/C2Data-18-Type1;98196.0000;DATA;1612717573.138463
/ndn/v5-site/v5/C2Data-4253-Type2;188283.0000;DATA;1612717573.178273
/ndn/v4-site/v4/C2Data-4132-Type2;172890.0000;DATA;1612717574.355433
/ndn/d2-site/d2/C2Data-84-Type6;78023.0000;DATA;1612717574.472197
/ndn/d2-site/d2/C2Data-1470-Type2;75183.0000;DATA;1612717575.878202
/ndn/h8-site/h8/C2Data-105-Type5;78969.0000;DATA;1612717575.941030
/ndn/s5-site/s5/C2Data-3043-Type1;6001036.0000;TIMEOUT;1612717572.689551
/ndn/d6-site/d6/C2Data-1955-Type1;113458.0000;DATA;1612717596.570564
/ndn/v2-site/v2/C2Data-1961-Type3;208284.0000;DATA;1612717596.662684
/ndn/d4-site/d4/C2Data-183-Type5;32382.0000;DATA;1612717597.183024
/ndn/h4-site/h4/C2Data-503-Type2;28450.0000;DATA;1612717599.350611
/ndn/v6-site/v6/C2Data-4375-Type2;153476.0000;DATA;1612717600.254552
/ndn/s9-site/s9/C2Data-1778-Type3;6009681.0000;TIMEOUT;1612717594.845060
/ndn/h1-site/h1/C2Data-140-Type1;26054.0000;DATA;1612717601.187885
