/ndn/d2-site/d2/C2Data-1452-Type1;202013.0000;DATA;1612717027.078849
/ndn/d8-site/d8/C2Data-2178-Type1;131330.0000;DATA;1612717029.136038
/ndn/v5-site/v5/C2Data-4235-Type2;107421.0000;DATA;1612717029.325977
/ndn/s8-site/s8/C2Data-3388-Type1;28075.0000;DATA;1612717029.871719
/ndn/h1-site/h1/C2Data-121-Type1;71552.0000;DATA;1612717030.094950
/ndn/v8-site/v8/C2Data-4598-Type1;48490.0000;DATA;1612717030.528967
/ndn/h0-site/h0/C2Data-0-Type1;155313.0000;DATA;1612717032.009195
/ndn/s4-site/s4/C2Data-2904-Type1;117839.0000;DATA;1612717032.462329
/ndn/s4-site/s4/C2Data-2904-Type2;102525.0000;DATA;1612717033.239518
/ndn/v4-site/v4/C2Data-4114-Type1;123250.0000;DATA;1612717034.437723
/ndn/h4-site/h4/C2Data-484-Type2;75292.0000;DATA;1612717035.281336
/ndn/s3-site/s3/C2Data-2783-Type2;100569.0000;DATA;1612717036.144805
/ndn/v6-site/v6/C2Data-4356-Type1;26039.0000;DATA;1612717037.646097
/ndn/d6-site/d6/C2Data-1936-Type2;161938.0000;DATA;1612717038.022155
/ndn/s5-site/s5/C2Data-3025-Type2;27074.0000;DATA;1612717038.319714
/ndn/d6-site/d6/C2Data-976-Type3;154446.0000;DATA;1612717051.943692
/ndn/d9-site/d9/C2Data-2300-Type1;184527.0000;DATA;1612717056.510844
/ndn/d2-site/d2/C2Data-1453-Type1;169968.0000;DATA;1612717056.926556
/ndn/d4-site/d4/C2Data-854-Type3;124792.0000;DATA;1612717057.468664
/ndn/v9-site/v9/C2Data-2379-Type3;152061.0000;DATA;1612717057.964573
/ndn/d7-site/d7/C2Data-2058-Type1;87571.0000;DATA;1612717059.106113
/ndn/v5-site/v5/C2Data-4236-Type2;106181.0000;DATA;1612717060.208113
/ndn/d6-site/d6/C2Data-1937-Type2;155122.0000;DATA;1612717062.419435
/ndn/h1-site/h1/C2Data-122-Type1;75481.0000;DATA;1612717062.889162
/ndn/s4-site/s4/C2Data-2905-Type1;111759.0000;DATA;1612717063.552497
/ndn/v2-site/v2/C2Data-1952-Type3;77649.0000;DATA;1612717063.680518
/ndn/s1-site/s1/C2Data-2542-Type1;67618.0000;DATA;1612717064.021345
/ndn/h5-site/h5/C2Data-606-Type2;79978.0000;DATA;1612717065.819262
/ndn/h6-site/h6/C2Data-727-Type2;135120.0000;DATA;1612717065.791992
/ndn/v9-site/v9/C2Data-4720-Type1;145098.0000;DATA;1612717066.215155
/ndn/v8-site/v8/C2Data-4599-Type1;49684.0000;DATA;1612717066.409558
/ndn/s1-site/s1/C2Data-2542-Type2;48450.0000;DATA;1612717066.452956
/ndn/v6-site/v6/C2Data-4357-Type1;26736.0000;DATA;1612717066.663035
/ndn/s0-site/s0/C2Data-1220-Type3;30590.0000;DATA;1612717070.099355
/ndn/d7-site/d7/C2Data-2059-Type2;80031.0000;DATA;1612717086.982538
/ndn/v1-site/v1/C2Data-3753-Type1;75669.0000;DATA;1612717091.458959
/ndn/s1-site/s1/C2Data-2543-Type1;55874.0000;DATA;1612717093.297390
/ndn/d5-site/d5/C2Data-1817-Type2;191803.0000;DATA;1612717093.954955
/ndn/s7-site/s7/C2Data-3269-Type2;165148.0000;DATA;1612717094.722037
/ndn/h9-site/h9/C2Data-1091-Type2;98328.0000;DATA;1612717096.630163
/ndn/d1-site/d1/C2Data-1333-Type1;49554.0000;DATA;1612717097.815129
/ndn/s3-site/s3/C2Data-1404-Type3;102981.0000;DATA;1612717113.691983
/ndn/s1-site/s1/C2Data-2544-Type1;52705.0000;DATA;1612717116.707017
/ndn/s6-site/s6/C2Data-3149-Type2;194833.0000;DATA;1612717117.285478
/ndn/h4-site/h4/C2Data-487-Type2;79902.0000;DATA;1612717118.439018
/ndn/s4-site/s4/C2Data-2907-Type1;106083.0000;DATA;1612717118.613572
/ndn/h1-site/h1/C2Data-124-Type2;91814.0000;DATA;1612717118.694425
/ndn/h7-site/h7/C2Data-850-Type1;109926.0000;DATA;1612717118.726257
/ndn/v4-site/v4/C2Data-4117-Type1;105616.0000;DATA;1612717118.887242
/ndn/v0-site/v0/C2Data-3633-Type2;111511.0000;DATA;1612717118.953598
/ndn/h1-site/h1/C2Data-124-Type1;82740.0000;DATA;1612717121.468037
/ndn/d3-site/d3/C2Data-1576-Type1;74270.0000;DATA;1612717121.704995
/ndn/d2-site/d2/C2Data-1455-Type1;173471.0000;DATA;1612717121.619693
/ndn/s7-site/s7/C2Data-1648-Type3;6000354.0000;TIMEOUT;1612717117.071048
/ndn/v7-site/v7/C2Data-4480-Type1;152972.0000;DATA;1612717123.203400
/ndn/v5-site/v5/C2Data-4238-Type2;97664.0000;DATA;1612717124.122156
/ndn/d8-site/d8/C2Data-2181-Type1;123806.0000;DATA;1612717126.304975
/ndn/h4-site/h4/C2Data-100-Type4;74357.0000;DATA;1612717126.835489
/ndn/v8-site/v8/C2Data-2319-Type3;50067.0000;DATA;1612717129.002159
/ndn/h7-site/h7/C2Data-175-Type4;127358.0000;DATA;1612717134.271472
/ndn/d1-site/d1/C2Data-1335-Type2;52934.0000;DATA;1612717148.485042
/ndn/h6-site/h6/C2Data-150-Type4;169396.0000;DATA;1612717149.341609
/ndn/v2-site/v2/C2Data-3876-Type2;76487.0000;DATA;1612717153.806787
/ndn/d8-site/d8/C2Data-450-Type4;124728.0000;DATA;1612717154.183581
/ndn/d2-site/d2/C2Data-1456-Type1;196813.0000;DATA;1612717155.414149
/ndn/d1-site/d1/C2Data-275-Type4;49594.0000;DATA;1612717155.643835
/ndn/s9-site/s9/C2Data-3513-Type1;6002658.0000;TIMEOUT;1612717153.078134
/ndn/s5-site/s5/C2Data-3029-Type1;6002238.0000;TIMEOUT;1612717153.859471
/ndn/v6-site/v6/C2Data-650-Type4;27330.0000;DATA;1612717161.119239
/ndn/h7-site/h7/C2Data-429-Type3;96705.0000;DATA;1612717173.183085
/ndn/v8-site/v8/C2Data-4603-Type1;57314.0000;DATA;1612717177.002325
/ndn/d7-site/d7/C2Data-2062-Type1;94174.0000;DATA;1612717178.127167
/ndn/v4-site/v4/C2Data-2076-Type3;100095.0000;DATA;1612717178.367016
/ndn/s7-site/s7/C2Data-1649-Type3;6000835.0000;TIMEOUT;1612717172.446203
/ndn/v9-site/v9/C2Data-4724-Type1;51001.0000;DATA;1612717179.398927
/ndn/h4-site/h4/C2Data-489-Type1;83325.0000;DATA;1612717179.784858
/ndn/h9-site/h9/C2Data-551-Type3;127110.0000;DATA;1612717180.352634
/ndn/v4-site/v4/C2Data-4119-Type2;109258.0000;DATA;1612717183.182312
/ndn/d4-site/d4/C2Data-856-Type3;131111.0000;DATA;1612717184.015867
/ndn/d5-site/d5/C2Data-917-Type3;173142.0000;DATA;1612717185.227946
/ndn/h5-site/h5/C2Data-610-Type2;74263.0000;DATA;1612717185.501848
/ndn/d0-site/d0/C2Data-1215-Type1;129687.0000;DATA;1612717186.424261
/ndn/s3-site/s3/C2Data-1405-Type3;6000385.0000;TIMEOUT;1612717180.645204
/ndn/s6-site/s6/C2Data-3151-Type2;6001601.0000;TIMEOUT;1612717182.278456
/ndn/d0-site/d0/C2Data-612-Type3;141810.0000;DATA;1612717188.149180
/ndn/v0-site/v0/C2Data-1832-Type3;155916.0000;DATA;1612717189.351883
/ndn/s2-site/s2/C2Data-1344-Type3;6001456.0000;TIMEOUT;1612717185.054830
/ndn/h4-site/h4/C2Data-246-Type3;79885.0000;DATA;1612717191.775669
/ndn/s8-site/s8/C2Data-1710-Type3;6020626.0000;TIMEOUT;1612717191.150758
/ndn/s9-site/s9/C2Data-1771-Type3;6021235.0000;TIMEOUT;1612717192.469761
/ndn/d6-site/d6/C2Data-1942-Type1;171984.0000;DATA;1612717210.397173
/ndn/v3-site/v3/C2Data-3999-Type1;194744.0000;DATA;1612717214.635948
/ndn/s8-site/s8/C2Data-3394-Type1;6002778.0000;TIMEOUT;1612717210.188265
/ndn/s9-site/s9/C2Data-3515-Type1;6001306.0000;TIMEOUT;1612717212.599241
/ndn/s3-site/s3/C2Data-2789-Type1;6004578.0000;TIMEOUT;1612717214.951377
/ndn/v3-site/v3/C2Data-2016-Type3;233348.0000;DATA;1612717230.976376
/ndn/d0-site/d0/C2Data-613-Type3;133245.0000;DATA;1612717231.686106
/ndn/v2-site/v2/C2Data-1955-Type3;74196.0000;DATA;1612717232.084023
/ndn/v1-site/v1/C2Data-1894-Type3;81344.0000;DATA;1612717233.578095
/ndn/d1-site/d1/C2Data-674-Type3;55082.0000;DATA;1612717233.807446
/ndn/v7-site/v7/C2Data-4484-Type2;187877.0000;DATA;1612717236.828977
/ndn/v1-site/v1/C2Data-3758-Type2;79154.0000;DATA;1612717236.951843
/ndn/s6-site/s6/C2Data-1589-Type3;6003092.0000;TIMEOUT;1612717234.789200
/ndn/h2-site/h2/C2Data-125-Type3;48779.0000;DATA;1612717242.647104
/ndn/h1-site/h1/C2Data-64-Type3;78375.0000;DATA;1612717242.986021
/ndn/d0-site/d0/C2Data-1217-Type2;133213.0000;DATA;1612717243.391565
/ndn/v5-site/v5/C2Data-2138-Type3;102786.0000;DATA;1612717243.778828
/ndn/s7-site/s7/C2Data-3274-Type1;6001790.0000;TIMEOUT;1612717238.737383
/ndn/v6-site/v6/C2Data-4363-Type2;26214.0000;DATA;1612717244.997152
/ndn/h4-site/h4/C2Data-491-Type2;82760.0000;DATA;1612717245.273417
/ndn/v2-site/v2/C2Data-3879-Type1;81247.0000;DATA;1612717246.521776
/ndn/d5-site/d5/C2Data-1822-Type2;208956.0000;DATA;1612717247.041095
/ndn/s4-site/s4/C2Data-2911-Type2;6000728.0000;TIMEOUT;1612717242.828815
/ndn/h6-site/h6/C2Data-369-Type3;143729.0000;DATA;1612717252.139802
/ndn/h6-site/h6/C2Data-734-Type2;125804.0000;DATA;1612717268.768313
/ndn/d5-site/d5/C2Data-1823-Type2;170393.0000;DATA;1612717270.406716
/ndn/h4-site/h4/C2Data-492-Type1;92477.0000;DATA;1612717272.199000
/ndn/s8-site/s8/C2Data-3396-Type1;6001788.0000;TIMEOUT;1612717266.537051
/ndn/v2-site/v2/C2Data-3880-Type2;77912.0000;DATA;1612717275.139229
/ndn/s7-site/s7/C2Data-3275-Type1;6000363.0000;TIMEOUT;1612717269.413975
/ndn/d6-site/d6/C2Data-1944-Type1;160867.0000;DATA;1612717276.115019
/ndn/d9-site/d9/C2Data-2307-Type2;179314.0000;DATA;1612717277.563148
/ndn/s4-site/s4/C2Data-2912-Type1;6003662.0000;TIMEOUT;1612717274.307212
/ndn/s6-site/s6/C2Data-3154-Type1;6001554.0000;TIMEOUT;1612717277.965618
/ndn/d5-site/d5/C2Data-919-Type3;192580.0000;DATA;1612717290.415665
/ndn/v0-site/v0/C2Data-1834-Type3;119740.0000;DATA;1612717290.961125
/ndn/h6-site/h6/C2Data-78-Type5;124536.0000;DATA;1612717297.308720
/ndn/h7-site/h7/C2Data-91-Type5;107460.0000;DATA;1612717297.614249
/ndn/v3-site/v3/C2Data-4002-Type2;202554.0000;DATA;1612717298.155294
/ndn/s2-site/s2/C2Data-1346-Type3;6002551.0000;TIMEOUT;1612717292.520492
/ndn/h6-site/h6/C2Data-370-Type3;93847.0000;DATA;1612717300.593980
/ndn/d8-site/d8/C2Data-2187-Type2;131172.0000;DATA;1612717300.722213
/ndn/v9-site/v9/C2Data-4728-Type2;150684.0000;DATA;1612717300.891731
/ndn/d4-site/d4/C2Data-182-Type5;123170.0000;DATA;1612717301.275945
/ndn/h8-site/h8/C2Data-104-Type5;156912.0000;DATA;1612717301.757284
/ndn/d5-site/d5/C2Data-1824-Type1;232600.0000;DATA;1612717301.758822
/ndn/v4-site/v4/C2Data-2078-Type3;101360.0000;DATA;1612717303.906993
/ndn/d9-site/d9/C2Data-1163-Type3;173751.0000;DATA;1612717303.838016
/ndn/v8-site/v8/C2Data-701-Type4;52199.0000;DATA;1612717305.063804
/ndn/h1-site/h1/C2Data-130-Type2;74248.0000;DATA;1612717305.411897
/ndn/s6-site/s6/C2Data-3155-Type1;6007400.0000;TIMEOUT;1612717299.778066
/ndn/v8-site/v8/C2Data-2322-Type3;52033.0000;DATA;1612717306.828939
/ndn/d3-site/d3/C2Data-326-Type4;71891.0000;DATA;1612717307.164170
/ndn/d1-site/d1/C2Data-675-Type3;50242.0000;DATA;1612717307.713121
/ndn/s1-site/s1/C2Data-1285-Type3;6002546.0000;TIMEOUT;1612717302.739618
/ndn/s4-site/s4/C2Data-1468-Type3;6025824.0000;TIMEOUT;1612717303.201763
/ndn/h4-site/h4/C2Data-101-Type4;78428.0000;DATA;1612717309.652327
/ndn/v1-site/v1/C2Data-1895-Type3;75839.0000;DATA;1612717311.125609
/ndn/s3-site/s3/C2Data-2792-Type1;6000764.0000;TIMEOUT;1612717306.274986
/ndn/s7-site/s7/C2Data-1651-Type3;6000675.0000;TIMEOUT;1612717307.824957
/ndn/v0-site/v0/C2Data-501-Type4;106731.0000;DATA;1612717317.850854
/ndn/d2-site/d2/C2Data-156-Type5;178381.0000;DATA;1612717327.472241
/ndn/v4-site/v4/C2Data-4124-Type1;493898.0000;DATA;1612717327.796006
/ndn/h9-site/h9/C2Data-1099-Type1;106624.0000;DATA;1612717329.064156
/ndn/s4-site/s4/C2Data-2914-Type1;6000601.0000;TIMEOUT;1612717329.385362
/ndn/s0-site/s0/C2Data-2430-Type1;6003390.0000;TIMEOUT;1612717329.495194
/ndn/s2-site/s2/C2Data-2672-Type2;6000977.0000;TIMEOUT;1612717330.405858
/ndn/h9-site/h9/C2Data-1099-Type2;98705.0000;DATA;1612717336.712253
/ndn/s8-site/s8/C2Data-3398-Type1;6004044.0000;TIMEOUT;1612717334.347708
/ndn/s8-site/s8/C2Data-3398-Type2;6001567.0000;TIMEOUT;1612717336.169444
/ndn/s9-site/s9/C2Data-3519-Type2;6002350.0000;TIMEOUT;1612717337.490454
/ndn/d0-site/d0/C2Data-615-Type3;167790.0000;DATA;1612717351.555989
/ndn/d5-site/d5/C2Data-920-Type3;194661.0000;DATA;1612717353.480106
/ndn/v1-site/v1/C2Data-1896-Type3;107636.0000;DATA;1612717353.830900
/ndn/v6-site/v6/C2Data-2201-Type3;24994.0000;DATA;1612717354.849944
/ndn/d9-site/d9/C2Data-247-Type5;172462.0000;DATA;1612717354.817297
/ndn/v6-site/v6/C2Data-4367-Type2;25891.0000;DATA;1612717357.610682
/ndn/v0-site/v0/C2Data-3641-Type1;100251.0000;DATA;1612717357.805026
/ndn/h4-site/h4/C2Data-249-Type3;74562.0000;DATA;1612717358.545038
/ndn/h5-site/h5/C2Data-616-Type2;75255.0000;DATA;1612717361.963765
/ndn/h6-site/h6/C2Data-737-Type1;133350.0000;DATA;1612717362.114209
/ndn/s4-site/s4/C2Data-1469-Type3;6000728.0000;TIMEOUT;1612717357.557610
/ndn/s0-site/s0/C2Data-2431-Type2;6000297.0000;TIMEOUT;1612717360.533637
/ndn/s7-site/s7/C2Data-3278-Type2;6000973.0000;TIMEOUT;1612717360.932136
/ndn/s2-site/s2/C2Data-1347-Type3;6005307.0000;TIMEOUT;1612717362.889828
/ndn/s6-site/s6/C2Data-3157-Type2;6002378.0000;TIMEOUT;1612717365.006098
/ndn/v2-site/v2/C2Data-3884-Type1;91768.0000;DATA;1612717388.538733
/ndn/d5-site/d5/C2Data-1827-Type1;182859.0000;DATA;1612717389.551464
/ndn/h5-site/h5/C2Data-617-Type2;89702.0000;DATA;1612717389.996276
/ndn/v9-site/v9/C2Data-4731-Type1;194733.0000;DATA;1612717390.408346
/ndn/h7-site/h7/C2Data-859-Type2;123647.0000;DATA;1612717391.673309
/ndn/s4-site/s4/C2Data-2916-Type2;6000903.0000;TIMEOUT;1612717387.050053
/ndn/s7-site/s7/C2Data-3279-Type1;6004223.0000;TIMEOUT;1612717389.712134
/ndn/d6-site/d6/C2Data-1948-Type1;153897.0000;DATA;1612717397.295249
/ndn/v6-site/v6/C2Data-4368-Type2;28200.0000;DATA;1612717398.083385
/ndn/s0-site/s0/C2Data-2432-Type1;6002432.0000;TIMEOUT;1612717392.771678
/ndn/v0-site/v0/C2Data-1836-Type3;125777.0000;DATA;1612717412.542367
/ndn/h9-site/h9/C2Data-1102-Type1;97505.0000;DATA;1612717416.976079
/ndn/h0-site/h0/C2Data-13-Type1;153211.0000;DATA;1612717417.700792
/ndn/h9-site/h9/C2Data-555-Type3;104106.0000;DATA;1612717418.412758
/ndn/d8-site/d8/C2Data-2191-Type2;60036.0000;DATA;1612717418.829837
/ndn/h1-site/h1/C2Data-134-Type1;71255.0000;DATA;1612717419.432736
/ndn/v9-site/v9/C2Data-2385-Type3;166121.0000;DATA;1612717420.309239
/ndn/s9-site/s9/C2Data-1775-Type3;6001423.0000;TIMEOUT;1612717414.677486
/ndn/s6-site/s6/C2Data-1592-Type3;6000696.0000;TIMEOUT;1612717414.903749
/ndn/v7-site/v7/C2Data-2263-Type3;168924.0000;DATA;1612717420.973765
/ndn/d8-site/d8/C2Data-2191-Type1;120443.0000;DATA;1612717425.400723
/ndn/d0-site/d0/C2Data-1223-Type2;123561.0000;DATA;1612717427.617960
/ndn/s7-site/s7/C2Data-1653-Type3;6000399.0000;TIMEOUT;1612717423.433002
/ndn/d0-site/d0/C2Data-616-Type3;125873.0000;DATA;1612717431.483972
/ndn/s2-site/s2/C2Data-2675-Type2;6000819.0000;TIMEOUT;1612717426.513748
/ndn/h4-site/h4/C2Data-102-Type4;76879.0000;DATA;1612717433.423811
/ndn/d6-site/d6/C2Data-402-Type4;162446.0000;DATA;1612717436.828039
/ndn/h2-site/h2/C2Data-256-Type1;50640.0000;DATA;1612717447.550529
/ndn/v5-site/v5/C2Data-627-Type4;100751.0000;DATA;1612717448.472934
/ndn/d8-site/d8/C2Data-2192-Type1;145243.0000;DATA;1612717452.221899
/ndn/d2-site/d2/C2Data-302-Type4;182739.0000;DATA;1612717452.493866
/ndn/d4-site/d4/C2Data-1708-Type1;140883.0000;DATA;1612717452.691857
/ndn/d8-site/d8/C2Data-452-Type4;134896.0000;DATA;1612717454.087361
/ndn/d0-site/d0/C2Data-1224-Type1;122570.0000;DATA;1612717457.204662
/ndn/v8-site/v8/C2Data-4612-Type2;48908.0000;DATA;1612717457.571351
/ndn/h0-site/h0/C2Data-2-Type4;333540.0000;DATA;1612717461.508599
/ndn/s6-site/s6/C2Data-3160-Type2;6004287.0000;TIMEOUT;1612717457.942981
/ndn/v8-site/v8/C2Data-702-Type4;106387.0000;DATA;1612717465.988709
/ndn/d3-site/d3/C2Data-327-Type4;95689.0000;DATA;1612717468.780117
/ndn/d7-site/d7/C2Data-427-Type4;190510.0000;DATA;1612717470.178002
/ndn/h4-site/h4/C2Data-251-Type3;86861.0000;DATA;1612717473.361625
/ndn/h2-site/h2/C2Data-129-Type3;48437.0000;DATA;1612717473.494342
/ndn/v9-site/v9/C2Data-727-Type4;217165.0000;DATA;1612717473.831180
/ndn/v2-site/v2/C2Data-1959-Type3;73582.0000;DATA;1612717476.553574
/ndn/d6-site/d6/C2Data-983-Type3;163019.0000;DATA;1612717476.676284
/ndn/d4-site/d4/C2Data-861-Type3;178213.0000;DATA;1612717477.246651
/ndn/d6-site/d6/C2Data-1951-Type1;155724.0000;DATA;1612717481.868724
/ndn/v3-site/v3/C2Data-2020-Type3;688219.0000;DATA;1612717482.893262
/ndn/d1-site/d1/C2Data-1346-Type1;52712.0000;DATA;1612717484.463895
/ndn/d4-site/d4/C2Data-1709-Type1;130401.0000;DATA;1612717486.050768
/ndn/v5-site/v5/C2Data-4250-Type1;107136.0000;DATA;1612717486.803335
/ndn/s7-site/s7/C2Data-3282-Type2;6004610.0000;TIMEOUT;1612717481.354965
/ndn/s1-site/s1/C2Data-1288-Type3;6172106.0000;TIMEOUT;1612717491.796003
/ndn/s5-site/s5/C2Data-1532-Type3;6035986.0000;TIMEOUT;1612717493.564371
/ndn/v6-site/v6/C2Data-4372-Type1;26032.0000;DATA;1612717508.433219
/ndn/d3-site/d3/C2Data-1589-Type1;72928.0000;DATA;1612717508.752006
/ndn/h2-site/h2/C2Data-258-Type2;48722.0000;DATA;1612717510.935038
/ndn/v4-site/v4/C2Data-4130-Type1;97750.0000;DATA;1612717512.661472
/ndn/d4-site/d4/C2Data-98-Type6;134063.0000;DATA;1612717514.479047
/ndn/d2-site/d2/C2Data-1468-Type1;219045.0000;DATA;1612717516.323013
/ndn/s7-site/s7/C2Data-3283-Type2;6014975.0000;TIMEOUT;1612717517.293676
/ndn/v4-site/v4/C2Data-2082-Type3;131414.0000;DATA;1612717534.305665
/ndn/h9-site/h9/C2Data-1106-Type2;113207.0000;DATA;1612717536.990957
/ndn/d3-site/d3/C2Data-1590-Type1;81558.0000;DATA;1612717539.301564
/ndn/d8-site/d8/C2Data-1106-Type3;133414.0000;DATA;1612717539.282784
/ndn/h8-site/h8/C2Data-985-Type2;124264.0000;DATA;1612717541.982120
/ndn/d5-site/d5/C2Data-923-Type3;185119.0000;DATA;1612717542.882947
/ndn/s2-site/s2/C2Data-2679-Type1;6020347.0000;TIMEOUT;1612717538.527151
/ndn/v4-site/v4/C2Data-4131-Type2;97288.0000;DATA;1612717544.747897
/ndn/h4-site/h4/C2Data-252-Type3;79035.0000;DATA;1612717545.484955
/ndn/d0-site/d0/C2Data-131-Type5;133345.0000;DATA;1612717545.712974
/ndn/s9-site/s9/C2Data-3526-Type2;6002120.0000;TIMEOUT;1612717540.163781
/ndn/d3-site/d3/C2Data-1590-Type2;74626.0000;DATA;1612717547.598108
/ndn/s3-site/s3/C2Data-1411-Type3;6001926.0000;TIMEOUT;1612717542.797358
/ndn/s0-site/s0/C2Data-2437-Type1;6002994.0000;TIMEOUT;1612717543.182968
/ndn/h6-site/h6/C2Data-374-Type3;233475.0000;DATA;1612717553.310988
/ndn/v7-site/v7/C2Data-189-Type6;164412.0000;DATA;1612717556.839085
/ndn/v9-site/v9/C2Data-4737-Type2;248385.0000;DATA;1612717566.495181
/ndn/v1-site/v1/C2Data-3769-Type2;74015.0000;DATA;1612717570.945319
/ndn/h6-site/h6/C2Data-744-Type2;155304.0000;DATA;1612717571.011018
/ndn/d3-site/d3/C2Data-91-Type6;85967.0000;DATA;1612717571.534805
/ndn/d8-site/d8/C2Data-2196-Type2;139194.0000;DATA;1612717572.501257
/ndn/s7-site/s7/C2Data-3285-Type2;6001434.0000;TIMEOUT;1612717566.691462
/ndn/v0-site/v0/C2Data-3648-Type2;115719.0000;DATA;1612717574.062347
/ndn/v4-site/v4/C2Data-4132-Type2;106040.0000;DATA;1612717574.614111
/ndn/v3-site/v3/C2Data-4011-Type1;211668.0000;DATA;1612717576.767456
/ndn/h9-site/h9/C2Data-228-Type4;103738.0000;DATA;1612717577.450087
/ndn/h5-site/h5/C2Data-623-Type2;78262.0000;DATA;1612717577.491869
/ndn/v9-site/v9/C2Data-728-Type4;154963.0000;DATA;1612717578.657439
/ndn/d0-site/d0/C2Data-253-Type4;137664.0000;DATA;1612717586.117057
/ndn/h4-site/h4/C2Data-253-Type3;79231.0000;DATA;1612717591.454134
/ndn/d9-site/d9/C2Data-478-Type4;185206.0000;DATA;1612717594.015749
/ndn/h5-site/h5/C2Data-314-Type3;73411.0000;DATA;1612717596.696004
/ndn/d4-site/d4/C2Data-1713-Type2;139977.0000;DATA;1612717597.421665
/ndn/h6-site/h6/C2Data-375-Type3;121491.0000;DATA;1612717598.520996
/ndn/v8-site/v8/C2Data-4617-Type1;64991.0000;DATA;1612717600.342175
/ndn/v8-site/v8/C2Data-2327-Type3;75455.0000;DATA;1612717600.388349
/ndn/h5-site/h5/C2Data-35-Type6;76250.0000;DATA;1612717601.414643
/ndn/h0-site/h0/C2Data-19-Type2;145398.0000;DATA;1612717601.525665
