/ndn/h13-site/h13/C2Data-1573-Type1;229338.0000;DATA;1611602586.032478
/ndn/v6-site/v6/C2Data-6171-Type1;573.0000;NACK;1611602588.699447
/ndn/s12-site/s12/C2Data-5082-Type2;428.0000;NACK;1611602589.174590
/ndn/v5-site/v5/C2Data-6050-Type1;24146.0000;DATA;1611602590.242558
/ndn/v8-site/v8/C2Data-6413-Type2;542.0000;NACK;1611602592.514480
/ndn/d7-site/d7/C2Data-2662-Type2;127797.0000;DATA;1611602594.036517
/ndn/s9-site/s9/C2Data-4719-Type2;214675.0000;DATA;1611602594.441588
/ndn/s14-site/s14/C2Data-5324-Type2;217554.0000;DATA;1611602594.512463
/ndn/s1-site/s1/C2Data-3751-Type2;275895.0000;DATA;1611602594.490483
/ndn/s6-site/s6/C2Data-4356-Type2;167660.0000;DATA;1611602594.734507
/ndn/s0-site/s0/C2Data-3630-Type1;187190.0000;DATA;1611602595.740435
/ndn/s5-site/s5/C2Data-4235-Type1;98007.0000;DATA;1611602596.738515
/ndn/s2-site/s2/C2Data-3872-Type2;198665.0000;DATA;1611602596.822473
/ndn/s14-site/s14/C2Data-2684-Type3;193904.0000;DATA;1611602614.474096
/ndn/s5-site/s5/C2Data-2135-Type3;95922.0000;DATA;1611602615.536490
/ndn/d4-site/d4/C2Data-2300-Type1;186573.0000;DATA;1611602615.462610
/ndn/h13-site/h13/C2Data-1574-Type2;220684.0000;DATA;1611602615.645844
/ndn/h9-site/h9/C2Data-549-Type3;164144.0000;DATA;1611602616.065501
/ndn/s8-site/s8/C2Data-4599-Type1;212361.0000;DATA;1611602616.258467
/ndn/v4-site/v4/C2Data-5930-Type1;23693.0000;DATA;1611602617.530438
/ndn/h6-site/h6/C2Data-366-Type3;241438.0000;DATA;1611602617.464522
/ndn/h10-site/h10/C2Data-610-Type3;163985.0000;DATA;1611602618.595454
/ndn/s13-site/s13/C2Data-2623-Type3;485.0000;NACK;1611602619.035560
/ndn/s3-site/s3/C2Data-3994-Type2;528.0000;NACK;1611602619.554473
/ndn/d0-site/d0/C2Data-1816-Type1;113026.0000;DATA;1611602620.319468
/ndn/s14-site/s14/C2Data-5325-Type1;207369.0000;DATA;1611602620.291294
/ndn/s2-site/s2/C2Data-3873-Type2;186339.0000;DATA;1611602620.855506
/ndn/v14-site/v14/C2Data-7140-Type2;212928.0000;DATA;1611602621.209553
/ndn/v0-site/v0/C2Data-5446-Type1;192540.0000;DATA;1611602621.326487
/ndn/d1-site/d1/C2Data-1937-Type2;260633.0000;DATA;1611602621.303496
/ndn/d13-site/d13/C2Data-3389-Type1;165755.0000;DATA;1611602623.575529
/ndn/v5-site/v5/C2Data-3050-Type3;24133.0000;DATA;1611602624.355500
/ndn/s11-site/s11/C2Data-4962-Type2;284569.0000;DATA;1611602624.209613
/ndn/h2-site/h2/C2Data-122-Type3;291472.0000;DATA;1611602624.297482
/ndn/d7-site/d7/C2Data-2663-Type1;124941.0000;DATA;1611602624.680433
/ndn/s0-site/s0/C2Data-1830-Type3;197881.0000;DATA;1611602624.739512
/ndn/h4-site/h4/C2Data-485-Type2;255579.0000;DATA;1611602624.728530
/ndn/v4-site/v4/C2Data-5930-Type2;23889.0000;DATA;1611602626.660518
/ndn/h6-site/h6/C2Data-727-Type2;240716.0000;DATA;1611602626.906527
/ndn/d4-site/d4/C2Data-1159-Type3;216874.0000;DATA;1611602627.380527
/ndn/v8-site/v8/C2Data-3233-Type3;268815.0000;DATA;1611602627.822439
/ndn/v14-site/v14/C2Data-3599-Type3;215677.0000;DATA;1611602632.532433
/ndn/s3-site/s3/C2Data-2013-Type3;290337.0000;DATA;1611602632.520483
/ndn/s9-site/s9/C2Data-4721-Type1;224934.0000;DATA;1611602649.860480
/ndn/d0-site/d0/C2Data-1817-Type1;97701.0000;DATA;1611602650.893505
/ndn/h5-site/h5/C2Data-607-Type2;200920.0000;DATA;1611602650.867517
/ndn/s3-site/s3/C2Data-3995-Type1;296343.0000;DATA;1611602651.885521
/ndn/d1-site/d1/C2Data-1938-Type1;261312.0000;DATA;1611602652.531467
/ndn/s10-site/s10/C2Data-4842-Type1;258770.0000;DATA;1611602653.478460
/ndn/s3-site/s3/C2Data-3995-Type2;290627.0000;DATA;1611602653.652520
/ndn/h7-site/h7/C2Data-849-Type2;282499.0000;DATA;1611602654.019440
/ndn/v2-site/v2/C2Data-5689-Type2;143128.0000;DATA;1611602654.321519
/ndn/s13-site/s13/C2Data-5205-Type1;6000299.0000;TIMEOUT;1611602648.477527
/ndn/d10-site/d10/C2Data-3027-Type2;237992.0000;DATA;1611602655.729450
/ndn/d12-site/d12/C2Data-3269-Type1;71044.0000;DATA;1611602656.047519
/ndn/h14-site/h14/C2Data-1696-Type2;315584.0000;DATA;1611602656.915487
/ndn/s14-site/s14/C2Data-5326-Type2;6000858.0000;TIMEOUT;1611602654.612435
/ndn/s2-site/s2/C2Data-3874-Type2;6011477.0000;TIMEOUT;1611602654.940447
/ndn/d1-site/d1/C2Data-977-Type3;274369.0000;DATA;1611602669.750530
/ndn/v3-site/v3/C2Data-5811-Type2;229105.0000;DATA;1611602675.404700
/ndn/h5-site/h5/C2Data-306-Type3;195569.0000;DATA;1611602678.322455
/ndn/d11-site/d11/C2Data-1587-Type3;48310.0000;DATA;1611602678.834479
/ndn/s6-site/s6/C2Data-2197-Type3;6000305.0000;TIMEOUT;1611602673.051526
/ndn/v6-site/v6/C2Data-6174-Type2;169867.0000;DATA;1611602679.467475
/ndn/s14-site/s14/C2Data-5327-Type1;6000301.0000;TIMEOUT;1611602675.185496
/ndn/h5-site/h5/C2Data-608-Type2;191796.0000;DATA;1611602681.315631
/ndn/s14-site/s14/C2Data-2685-Type3;6001927.0000;TIMEOUT;1611602675.578664
/ndn/h11-site/h11/C2Data-1334-Type1;190535.0000;DATA;1611602681.936805
/ndn/h7-site/h7/C2Data-428-Type3;279846.0000;DATA;1611602682.109487
/ndn/v7-site/v7/C2Data-6295-Type1;24679.0000;DATA;1611602682.460499
/ndn/d8-site/d8/C2Data-2786-Type2;91934.0000;DATA;1611602682.789438
/ndn/s10-site/s10/C2Data-2441-Type3;6000206.0000;TIMEOUT;1611602677.839587
/ndn/v7-site/v7/C2Data-6295-Type2;24935.0000;DATA;1611602685.307511
/ndn/v11-site/v11/C2Data-3417-Type3;177886.0000;DATA;1611602686.970434
/ndn/v5-site/v5/C2Data-3051-Type3;24338.0000;DATA;1611602688.202444
/ndn/v2-site/v2/C2Data-800-Type4;151702.0000;DATA;1611602691.398495
/ndn/h9-site/h9/C2Data-225-Type4;171684.0000;DATA;1611602692.098643
/ndn/h8-site/h8/C2Data-200-Type4;183360.0000;DATA;1611602692.953484
/ndn/s7-site/s7/C2Data-2258-Type3;6001525.0000;TIMEOUT;1611602689.598328
/ndn/v6-site/v6/C2Data-900-Type4;187661.0000;DATA;1611602696.874522
/ndn/d10-site/d10/C2Data-625-Type4;264566.0000;DATA;1611602697.298440
/ndn/d12-site/d12/C2Data-675-Type4;83797.0000;DATA;1611602701.401424
/ndn/h4-site/h4/C2Data-488-Type1;249547.0000;DATA;1611602709.415633
/ndn/h3-site/h3/C2Data-367-Type1;24704.0000;DATA;1611602710.443581
/ndn/v11-site/v11/C2Data-6780-Type2;161957.0000;DATA;1611602711.047452
/ndn/s1-site/s1/C2Data-3755-Type1;6000204.0000;TIMEOUT;1611602705.647520
/ndn/s3-site/s3/C2Data-3997-Type1;6000705.0000;TIMEOUT;1611602705.719542
/ndn/d8-site/d8/C2Data-2787-Type2;96283.0000;DATA;1611602712.012530
/ndn/v9-site/v9/C2Data-6538-Type2;279193.0000;DATA;1611602712.065491
/ndn/h9-site/h9/C2Data-1093-Type2;166862.0000;DATA;1611602713.370455
/ndn/v6-site/v6/C2Data-6175-Type1;164550.0000;DATA;1611602714.729458
/ndn/h2-site/h2/C2Data-246-Type1;285487.0000;DATA;1611602716.459441
/ndn/v8-site/v8/C2Data-6417-Type2;259810.0000;DATA;1611602716.507439
/ndn/s7-site/s7/C2Data-4481-Type2;6001336.0000;TIMEOUT;1611602711.049657
/ndn/d9-site/d9/C2Data-600-Type4;150608.0000;DATA;1611602719.332523
/ndn/s3-site/s3/C2Data-3997-Type2;6000224.0000;TIMEOUT;1611602716.700445
/ndn/v14-site/v14/C2Data-1100-Type4;248214.0000;DATA;1611602724.362856
/ndn/v4-site/v4/C2Data-2991-Type3;25545.0000;DATA;1611602729.140438
/ndn/v4-site/v4/C2Data-850-Type4;24427.0000;DATA;1611602731.372537
/ndn/d0-site/d0/C2Data-917-Type3;116348.0000;DATA;1611602731.881594
/ndn/h0-site/h0/C2Data-2-Type3;271915.0000;DATA;1611602734.008445
/ndn/d7-site/d7/C2Data-1344-Type3;117650.0000;DATA;1611602734.461500
/ndn/v12-site/v12/C2Data-3479-Type3;48044.0000;DATA;1611602734.939568
/ndn/v12-site/v12/C2Data-6902-Type1;46773.0000;DATA;1611602736.502607
/ndn/v9-site/v9/C2Data-6539-Type1;259126.0000;DATA;1611602738.373548
/ndn/h2-site/h2/C2Data-124-Type3;283628.0000;DATA;1611602738.471617
/ndn/v4-site/v4/C2Data-5934-Type2;28115.0000;DATA;1611602740.293653
/ndn/v3-site/v3/C2Data-5813-Type2;233900.0000;DATA;1611602740.595505
/ndn/h14-site/h14/C2Data-1699-Type2;232718.0000;DATA;1611602742.251457
/ndn/s8-site/s8/C2Data-4603-Type1;6001051.0000;TIMEOUT;1611602737.315575
/ndn/d2-site/d2/C2Data-1039-Type3;123391.0000;DATA;1611602745.044557
/ndn/h7-site/h7/C2Data-429-Type3;278127.0000;DATA;1611602745.118498
/ndn/v12-site/v12/C2Data-6902-Type2;46434.0000;DATA;1611602745.353514
/ndn/s11-site/s11/C2Data-4966-Type2;6000328.0000;TIMEOUT;1611602739.832500
/ndn/h10-site/h10/C2Data-1215-Type2;172440.0000;DATA;1611602746.462607
/ndn/h5-site/h5/C2Data-307-Type3;193560.0000;DATA;1611602746.660460
/ndn/v13-site/v13/C2Data-3540-Type3;216637.0000;DATA;1611602747.458486
/ndn/v2-site/v2/C2Data-2869-Type3;149166.0000;DATA;1611602747.656559
/ndn/s3-site/s3/C2Data-3998-Type2;6000577.0000;TIMEOUT;1611602742.019468
/ndn/d9-site/d9/C2Data-1466-Type3;141618.0000;DATA;1611602749.149528
/ndn/s10-site/s10/C2Data-2442-Type3;6000213.0000;TIMEOUT;1611602744.424617
/ndn/d13-site/d13/C2Data-1710-Type3;175736.0000;DATA;1611602750.423530
/ndn/s7-site/s7/C2Data-4482-Type2;6005234.0000;TIMEOUT;1611602746.243456
/ndn/s1-site/s1/C2Data-3756-Type1;6000296.0000;TIMEOUT;1611602746.566540
/ndn/s13-site/s13/C2Data-2625-Type3;6000330.0000;TIMEOUT;1611602749.156461
/ndn/s14-site/s14/C2Data-2686-Type3;6005338.0000;TIMEOUT;1611602751.881776
/ndn/d2-site/d2/C2Data-2063-Type1;126634.0000;DATA;1611602765.231548
/ndn/v2-site/v2/C2Data-5693-Type1;147231.0000;DATA;1611602765.928522
/ndn/h13-site/h13/C2Data-1579-Type2;231458.0000;DATA;1611602766.837074
/ndn/d0-site/d0/C2Data-1821-Type1;92424.0000;DATA;1611602767.321552
/ndn/d8-site/d8/C2Data-2789-Type1;102895.0000;DATA;1611602767.817547
/ndn/d14-site/d14/C2Data-3515-Type1;199796.0000;DATA;1611602767.850548
/ndn/h11-site/h11/C2Data-1337-Type1;191794.0000;DATA;1611602768.939440
/ndn/h8-site/h8/C2Data-974-Type1;184878.0000;DATA;1611602770.086515
/ndn/h4-site/h4/C2Data-490-Type2;234313.0000;DATA;1611602773.309639
/ndn/s12-site/s12/C2Data-5088-Type1;6000302.0000;TIMEOUT;1611602768.015453
/ndn/d4-site/d4/C2Data-2305-Type1;190363.0000;DATA;1611602773.838483
/ndn/d11-site/d11/C2Data-3152-Type1;48428.0000;DATA;1611602774.569452
/ndn/v6-site/v6/C2Data-6177-Type1;173123.0000;DATA;1611602774.452433
/ndn/v2-site/v2/C2Data-5693-Type2;148112.0000;DATA;1611602775.220523
/ndn/v13-site/v13/C2Data-7024-Type1;221518.0000;DATA;1611602775.270538
/ndn/s6-site/s6/C2Data-4362-Type2;6000747.0000;TIMEOUT;1611602776.596614
/ndn/d1-site/d1/C2Data-979-Type3;324147.0000;DATA;1611602789.207555
/ndn/v11-site/v11/C2Data-3419-Type3;168806.0000;DATA;1611602789.561647
/ndn/v10-site/v10/C2Data-3358-Type3;134428.0000;DATA;1611602792.052471
/ndn/d10-site/d10/C2Data-3032-Type2;237817.0000;DATA;1611602795.354524
/ndn/v13-site/v13/C2Data-7025-Type2;227400.0000;DATA;1611602795.376483
/ndn/h0-site/h0/C2Data-7-Type1;260790.0000;DATA;1611602795.533521
/ndn/d11-site/d11/C2Data-3153-Type1;47058.0000;DATA;1611602796.341536
/ndn/s1-site/s1/C2Data-1894-Type3;6000755.0000;TIMEOUT;1611602792.308523
/ndn/v10-site/v10/C2Data-6662-Type2;120514.0000;DATA;1611602798.675540
/ndn/h5-site/h5/C2Data-612-Type1;192112.0000;DATA;1611602799.109698
/ndn/h3-site/h3/C2Data-370-Type1;26728.0000;DATA;1611602800.076618
