/ndn/v2-site/v2/C2Data-3872-Type1;1046.0000;DATA;1612145591.263744
/ndn/s9-site/s9/C2Data-3509-Type2;25426.0000;DATA;1612145592.098596
/ndn/s2-site/s2/C2Data-2662-Type2;72278.0000;DATA;1612145593.603693
/ndn/s8-site/s8/C2Data-3388-Type2;6289.0000;DATA;1612145596.626914
/ndn/h4-site/h4/C2Data-484-Type1;5036.0000;DATA;1612145597.562397
/ndn/v5-site/v5/C2Data-2135-Type3;26763.0000;DATA;1612145618.758719
/ndn/h0-site/h0/C2Data-1-Type2;245507.0000;DATA;1612145620.814594
/ndn/h8-site/h8/C2Data-969-Type1;76148.0000;DATA;1612145621.409046
/ndn/v8-site/v8/C2Data-2318-Type3;133551.0000;DATA;1612145621.462574
/ndn/h8-site/h8/C2Data-969-Type2;79448.0000;DATA;1612145622.669682
/ndn/h5-site/h5/C2Data-305-Type3;144791.0000;DATA;1612145623.571556
/ndn/h3-site/h3/C2Data-183-Type3;1134.0000;DATA;1612145628.058650
/ndn/h2-site/h2/C2Data-122-Type3;101468.0000;DATA;1612145628.087646
/ndn/s2-site/s2/C2Data-2663-Type1;63940.0000;DATA;1612145629.234458
/ndn/v7-site/v7/C2Data-2257-Type3;105975.0000;DATA;1612145631.842049
/ndn/s5-site/s5/C2Data-1525-Type3;2208.0000;DATA;1612145634.803441
/ndn/h0-site/h0/C2Data-0-Type3;147144.0000;DATA;1612145634.895677
/ndn/s6-site/s6/C2Data-3148-Type1;228530.0000;DATA;1612145648.961795
/ndn/h4-site/h4/C2Data-486-Type1;137964.0000;DATA;1612145651.464652
/ndn/s4-site/s4/C2Data-2906-Type2;73774.0000;DATA;1612145653.304618
/ndn/d7-site/d7/C2Data-2059-Type2;83539.0000;DATA;1612145654.527059
/ndn/v7-site/v7/C2Data-4479-Type1;212531.0000;DATA;1612145657.855174
/ndn/h5-site/h5/C2Data-607-Type2;183334.0000;DATA;1612145658.066597
/ndn/s1-site/s1/C2Data-2543-Type1;27042.0000;DATA;1612145659.364064
/ndn/s3-site/s3/C2Data-1404-Type3;40963.0000;DATA;1612145671.504200
/ndn/d2-site/d2/C2Data-733-Type3;233149.0000;DATA;1612145671.654071
/ndn/d0-site/d0/C2Data-611-Type3;50246.0000;DATA;1612145677.523971
/ndn/s2-site/s2/C2Data-1343-Type3;97308.0000;DATA;1612145678.125824
/ndn/v7-site/v7/C2Data-4480-Type1;199924.0000;DATA;1612145678.067858
/ndn/s0-site/s0/C2Data-1221-Type3;87287.0000;DATA;1612145681.084592
/ndn/s5-site/s5/C2Data-3028-Type2;107923.0000;DATA;1612145682.668861
