/ndn/v2-site/v2/C2Data-5687-Type2;140164.0000;DATA;1611606254.671809
/ndn/d8-site/d8/C2Data-2783-Type1;146625.0000;DATA;1611606257.120822
/ndn/v1-site/v1/C2Data-5566-Type1;233755.0000;DATA;1611606259.396890
/ndn/d1-site/d1/C2Data-1936-Type1;120912.0000;DATA;1611606259.839751
/ndn/h1-site/h1/C2Data-121-Type2;96066.0000;DATA;1611606260.218831
/ndn/v10-site/v10/C2Data-6655-Type2;145161.0000;DATA;1611606260.190764
/ndn/d13-site/d13/C2Data-3388-Type2;93974.0000;DATA;1611606262.151844
/ndn/s0-site/s0/C2Data-3630-Type1;121273.0000;DATA;1611606264.041723
/ndn/s1-site/s1/C2Data-3751-Type2;174529.0000;DATA;1611606264.869779
/ndn/h5-site/h5/C2Data-305-Type3;46627.0000;DATA;1611606281.360696
/ndn/h11-site/h11/C2Data-1332-Type2;117771.0000;DATA;1611606285.137780
/ndn/s6-site/s6/C2Data-2196-Type3;163760.0000;DATA;1611606285.923709
/ndn/s7-site/s7/C2Data-4478-Type1;144045.0000;DATA;1611606286.234803
/ndn/h10-site/h10/C2Data-610-Type3;168148.0000;DATA;1611606287.226819
/ndn/h12-site/h12/C2Data-732-Type3;140573.0000;DATA;1611606289.365740
/ndn/h3-site/h3/C2Data-364-Type2;213251.0000;DATA;1611606289.436870
/ndn/v7-site/v7/C2Data-6293-Type2;210038.0000;DATA;1611606290.682832
/ndn/d12-site/d12/C2Data-1647-Type3;165174.0000;DATA;1611606290.780730
/ndn/d13-site/d13/C2Data-1708-Type3;94067.0000;DATA;1611606291.346288
/ndn/s10-site/s10/C2Data-4841-Type2;117162.0000;DATA;1611606291.380747
/ndn/h10-site/h10/C2Data-1211-Type2;167038.0000;DATA;1611606292.623754
/ndn/h13-site/h13/C2Data-793-Type3;23694.0000;DATA;1611606293.883828
/ndn/h11-site/h11/C2Data-1332-Type1;119405.0000;DATA;1611606295.106784
/ndn/v10-site/v10/C2Data-3355-Type3;200879.0000;DATA;1611606299.332766
/ndn/v12-site/v12/C2Data-6899-Type2;245065.0000;DATA;1611606315.858797
/ndn/v9-site/v9/C2Data-6536-Type2;126489.0000;DATA;1611606317.538699
/ndn/v13-site/v13/C2Data-7020-Type2;50912.0000;DATA;1611606318.308731
/ndn/d8-site/d8/C2Data-2785-Type2;146815.0000;DATA;1611606318.571739
/ndn/s9-site/s9/C2Data-4721-Type2;24122.0000;DATA;1611606320.152716
/ndn/h12-site/h12/C2Data-1454-Type2;146951.0000;DATA;1611606321.421810
/ndn/v10-site/v10/C2Data-6657-Type2;138492.0000;DATA;1611606321.990801
/ndn/v8-site/v8/C2Data-6415-Type1;120679.0000;DATA;1611606322.243835
/ndn/d6-site/d6/C2Data-2543-Type1;143317.0000;DATA;1611606323.080763
/ndn/s6-site/s6/C2Data-4358-Type2;6000245.0000;TIMEOUT;1611606317.857766
/ndn/s12-site/s12/C2Data-5084-Type1;146856.0000;DATA;1611606324.197801
/ndn/s10-site/s10/C2Data-4842-Type2;6000237.0000;TIMEOUT;1611606318.491818
/ndn/s13-site/s13/C2Data-5205-Type2;6002341.0000;TIMEOUT;1611606321.737812
/ndn/s14-site/s14/C2Data-5326-Type2;6000851.0000;TIMEOUT;1611606322.188812
/ndn/s2-site/s2/C2Data-3874-Type1;6001863.0000;TIMEOUT;1611606324.845705
/ndn/d6-site/d6/C2Data-1282-Type3;154633.0000;DATA;1611606340.423763
/ndn/d12-site/d12/C2Data-1648-Type3;166434.0000;DATA;1611606341.549933
/ndn/v12-site/v12/C2Data-3478-Type3;240921.0000;DATA;1611606342.083777
/ndn/h2-site/h2/C2Data-123-Type3;147619.0000;DATA;1611606348.879896
/ndn/h1-site/h1/C2Data-124-Type2;94233.0000;DATA;1611606349.813778
/ndn/v4-site/v4/C2Data-5932-Type2;260012.0000;DATA;1611606349.748746
/ndn/h5-site/h5/C2Data-608-Type2;49792.0000;DATA;1611606350.078794
/ndn/h13-site/h13/C2Data-325-Type4;23686.0000;DATA;1611606351.000740
/ndn/v7-site/v7/C2Data-3173-Type3;211617.0000;DATA;1611606352.210791
/ndn/d0-site/d0/C2Data-1818-Type2;144836.0000;DATA;1611606352.693785
/ndn/d2-site/d2/C2Data-1038-Type3;121958.0000;DATA;1611606356.257415
/ndn/s4-site/s4/C2Data-2075-Type3;6000295.0000;TIMEOUT;1611606351.426749
/ndn/s3-site/s3/C2Data-3996-Type2;6001107.0000;TIMEOUT;1611606352.837701
/ndn/s0-site/s0/C2Data-1831-Type3;6000679.0000;TIMEOUT;1611606353.136806
/ndn/v2-site/v2/C2Data-2868-Type3;139752.0000;DATA;1611606359.845819
/ndn/s12-site/s12/C2Data-2563-Type3;6000410.0000;TIMEOUT;1611606360.082815
/ndn/h12-site/h12/C2Data-300-Type4;141739.0000;DATA;1611606368.552770
/ndn/d14-site/d14/C2Data-3513-Type1;95199.0000;DATA;1611606376.048874
/ndn/h3-site/h3/C2Data-367-Type1;210293.0000;DATA;1611606376.273781
/ndn/d7-site/d7/C2Data-550-Type4;121645.0000;DATA;1611606376.519808
/ndn/d4-site/d4/C2Data-2303-Type1;124490.0000;DATA;1611606379.181762
/ndn/d12-site/d12/C2Data-3271-Type2;164686.0000;DATA;1611606381.236711
/ndn/v8-site/v8/C2Data-6417-Type2;117908.0000;DATA;1611606382.929797
/ndn/v0-site/v0/C2Data-5449-Type1;145662.0000;DATA;1611606383.010811
/ndn/s1-site/s1/C2Data-3755-Type2;6002351.0000;TIMEOUT;1611606377.769825
/ndn/v14-site/v14/C2Data-7143-Type2;25150.0000;DATA;1611606383.795785
/ndn/s8-site/s8/C2Data-4602-Type2;6001704.0000;TIMEOUT;1611606379.099868
/ndn/h0-site/h0/C2Data-4-Type1;102301.0000;DATA;1611606385.611115
/ndn/s6-site/s6/C2Data-4360-Type1;6001662.0000;TIMEOUT;1611606380.201956
/ndn/s13-site/s13/C2Data-5207-Type1;6000399.0000;TIMEOUT;1611606381.862808
/ndn/v5-site/v5/C2Data-875-Type4;271154.0000;DATA;1611606387.852313
/ndn/h10-site/h10/C2Data-250-Type4;190746.0000;DATA;1611606394.910796
/ndn/d6-site/d6/C2Data-525-Type4;139706.0000;DATA;1611606396.614815
/ndn/v5-site/v5/C2Data-3052-Type3;202259.0000;DATA;1611606398.983823
/ndn/v4-site/v4/C2Data-850-Type4;260729.0000;DATA;1611606402.156828
/ndn/d14-site/d14/C2Data-1771-Type3;100351.0000;DATA;1611606403.278753
/ndn/h10-site/h10/C2Data-612-Type3;184937.0000;DATA;1611606403.639794
/ndn/h9-site/h9/C2Data-551-Type3;74695.0000;DATA;1611606403.956901
/ndn/v11-site/v11/C2Data-3418-Type3;98319.0000;DATA;1611606403.979782
/ndn/h0-site/h0/C2Data-5-Type2;116783.0000;DATA;1611606404.415728
/ndn/h9-site/h9/C2Data-1094-Type2;75663.0000;DATA;1611606405.031750
/ndn/s10-site/s10/C2Data-2442-Type3;6000363.0000;TIMEOUT;1611606400.855813
/ndn/h3-site/h3/C2Data-75-Type4;216175.0000;DATA;1611606406.934793
/ndn/d11-site/d11/C2Data-3151-Type2;192446.0000;DATA;1611606407.030727
/ndn/v8-site/v8/C2Data-950-Type4;120988.0000;DATA;1611606407.108697
/ndn/v9-site/v9/C2Data-6539-Type2;116693.0000;DATA;1611606407.296805
/ndn/s4-site/s4/C2Data-2076-Type3;6000367.0000;TIMEOUT;1611606404.135780
/ndn/h11-site/h11/C2Data-1336-Type2;127288.0000;DATA;1611606411.768783
/ndn/s7-site/s7/C2Data-4482-Type2;6003178.0000;TIMEOUT;1611606407.935714
/ndn/h1-site/h1/C2Data-126-Type2;101521.0000;DATA;1611606413.928783
/ndn/s0-site/s0/C2Data-3635-Type2;6000659.0000;TIMEOUT;1611606408.079717
/ndn/s3-site/s3/C2Data-3998-Type2;6000281.0000;TIMEOUT;1611606408.625964
/ndn/d14-site/d14/C2Data-3514-Type2;93643.0000;DATA;1611606414.952932
/ndn/d9-site/d9/C2Data-2909-Type1;96673.0000;DATA;1611606415.979833
/ndn/v10-site/v10/C2Data-3357-Type3;145804.0000;DATA;1611606416.647834
/ndn/d1-site/d1/C2Data-978-Type3;120753.0000;DATA;1611606417.797720
/ndn/h0-site/h0/C2Data-2-Type3;123876.0000;DATA;1611606417.938793
/ndn/s1-site/s1/C2Data-1893-Type3;6002357.0000;TIMEOUT;1611606413.564760
/ndn/v4-site/v4/C2Data-2991-Type3;272723.0000;DATA;1611606419.339623
/ndn/d13-site/d13/C2Data-1710-Type3;99718.0000;DATA;1611606419.814829
/ndn/h14-site/h14/C2Data-856-Type3;96659.0000;DATA;1611606420.336808
/ndn/s8-site/s8/C2Data-2320-Type3;6000433.0000;TIMEOUT;1611606419.638822
/ndn/d9-site/d9/C2Data-2910-Type1;96831.0000;DATA;1611606434.492813
/ndn/h10-site/h10/C2Data-1216-Type2;172625.0000;DATA;1611606435.485752
/ndn/d1-site/d1/C2Data-1942-Type2;121147.0000;DATA;1611606436.049716
/ndn/v1-site/v1/C2Data-5572-Type2;236694.0000;DATA;1611606437.828777
/ndn/v6-site/v6/C2Data-6177-Type2;74467.0000;DATA;1611606438.106805
/ndn/v13-site/v13/C2Data-7024-Type2;52910.0000;DATA;1611606442.938439
/ndn/s5-site/s5/C2Data-4241-Type2;6000241.0000;TIMEOUT;1611606443.191905
/ndn/s4-site/s4/C2Data-4120-Type2;6009896.0000;TIMEOUT;1611606444.449723
/ndn/h8-site/h8/C2Data-491-Type3;92994.0000;DATA;1611606462.152829
/ndn/h12-site/h12/C2Data-1459-Type2;141801.0000;DATA;1611606466.304716
/ndn/v9-site/v9/C2Data-6541-Type2;120616.0000;DATA;1611606467.830772
/ndn/v11-site/v11/C2Data-3419-Type3;91901.0000;DATA;1611606468.460868
/ndn/s11-site/s11/C2Data-2504-Type3;6000233.0000;TIMEOUT;1611606462.682772
/ndn/h13-site/h13/C2Data-796-Type3;27273.0000;DATA;1611606469.415550
/ndn/s10-site/s10/C2Data-2443-Type3;6000322.0000;TIMEOUT;1611606463.447930
/ndn/h1-site/h1/C2Data-64-Type3;92244.0000;DATA;1611606469.618838
/ndn/d1-site/d1/C2Data-1943-Type2;120381.0000;DATA;1611606469.724774
/ndn/d9-site/d9/C2Data-2911-Type1;95150.0000;DATA;1611606469.935568
