/ndn/s14-site/s14/C2Data-5324-Type2;148049.0000;DATA;1611602586.737506
/ndn/v4-site/v4/C2Data-5929-Type1;167092.0000;DATA;1611602587.748489
/ndn/h4-site/h4/C2Data-484-Type1;141017.0000;DATA;1611602589.564614
/ndn/h3-site/h3/C2Data-363-Type1;104031.0000;DATA;1611602594.269544
/ndn/s1-site/s1/C2Data-3751-Type2;237738.0000;DATA;1611602594.479597
/ndn/v12-site/v12/C2Data-6897-Type1;440.0000;NACK;1611602595.127526
/ndn/v4-site/v4/C2Data-5929-Type2;145317.0000;DATA;1611602596.344544
/ndn/d2-site/d2/C2Data-1037-Type3;69870.0000;DATA;1611602609.408584
/ndn/h14-site/h14/C2Data-854-Type3;251943.0000;DATA;1611602611.604486
/ndn/d4-site/d4/C2Data-2300-Type1;151962.0000;DATA;1611602615.092508
/ndn/s5-site/s5/C2Data-4236-Type2;25686.0000;DATA;1611602615.292541
/ndn/v3-site/v3/C2Data-5809-Type1;144604.0000;DATA;1611602615.679524
/ndn/s10-site/s10/C2Data-4841-Type2;223518.0000;DATA;1611602615.608446
/ndn/v8-site/v8/C2Data-3233-Type3;165172.0000;DATA;1611602617.469466
/ndn/d8-site/d8/C2Data-2784-Type2;85041.0000;DATA;1611602619.681528
/ndn/v1-site/v1/C2Data-5567-Type2;66522.0000;DATA;1611602620.101435
/ndn/h13-site/h13/C2Data-793-Type3;141145.0000;DATA;1611602620.898506
/ndn/v7-site/v7/C2Data-6293-Type1;93222.0000;DATA;1611602621.827548
/ndn/s10-site/s10/C2Data-4841-Type1;211956.0000;DATA;1611602622.123589
/ndn/d2-site/d2/C2Data-2058-Type1;68825.0000;DATA;1611602622.321477
/ndn/s2-site/s2/C2Data-3873-Type1;139432.0000;DATA;1611602622.370575
/ndn/s9-site/s9/C2Data-2379-Type3;122451.0000;DATA;1611602622.626445
/ndn/s4-site/s4/C2Data-4115-Type2;239408.0000;DATA;1611602622.766536
/ndn/v7-site/v7/C2Data-3172-Type3;93411.0000;DATA;1611602622.960543
/ndn/d11-site/d11/C2Data-3147-Type1;69888.0000;DATA;1611602623.017466
/ndn/h11-site/h11/C2Data-671-Type3;138282.0000;DATA;1611602622.963501
/ndn/d12-site/d12/C2Data-1647-Type3;46798.0000;DATA;1611602623.263480
/ndn/h9-site/h9/C2Data-549-Type3;79236.0000;DATA;1611602623.398531
/ndn/h12-site/h12/C2Data-1453-Type2;233095.0000;DATA;1611602623.708498
/ndn/s4-site/s4/C2Data-2074-Type3;239956.0000;DATA;1611602623.901545
/ndn/v14-site/v14/C2Data-3599-Type3;126732.0000;DATA;1611602624.118588
/ndn/d1-site/d1/C2Data-976-Type3;217559.0000;DATA;1611602624.404631
/ndn/h6-site/h6/C2Data-366-Type3;140922.0000;DATA;1611602624.913501
/ndn/s7-site/s7/C2Data-2257-Type3;170472.0000;DATA;1611602624.923455
/ndn/s4-site/s4/C2Data-4115-Type1;246630.0000;DATA;1611602625.342539
/ndn/d9-site/d9/C2Data-1464-Type3;47203.0000;DATA;1611602626.026522
/ndn/h3-site/h3/C2Data-364-Type1;95456.0000;DATA;1611602626.172890
/ndn/h12-site/h12/C2Data-732-Type3;241033.0000;DATA;1611602626.203559
/ndn/s10-site/s10/C2Data-2440-Type3;216098.0000;DATA;1611602629.799960
/ndn/d3-site/d3/C2Data-1098-Type3;49125.0000;DATA;1611602630.361508
/ndn/d7-site/d7/C2Data-2664-Type1;24750.0000;DATA;1611602645.864465
/ndn/s13-site/s13/C2Data-5205-Type1;220079.0000;DATA;1611602646.870639
/ndn/s10-site/s10/C2Data-4842-Type2;212881.0000;DATA;1611602646.975667
/ndn/s11-site/s11/C2Data-4963-Type2;187257.0000;DATA;1611602649.358515
/ndn/h12-site/h12/C2Data-1454-Type1;233349.0000;DATA;1611602651.904454
/ndn/v13-site/v13/C2Data-7020-Type2;169507.0000;DATA;1611602652.233515
/ndn/s9-site/s9/C2Data-4721-Type2;115758.0000;DATA;1611602653.507528
/ndn/v9-site/v9/C2Data-6536-Type2;166693.0000;DATA;1611602654.814505
/ndn/h11-site/h11/C2Data-1333-Type1;140458.0000;DATA;1611602655.599474
/ndn/h8-site/h8/C2Data-489-Type3;74156.0000;DATA;1611602671.550566
/ndn/v12-site/v12/C2Data-6900-Type2;117850.0000;DATA;1611602676.793496
/ndn/d1-site/d1/C2Data-977-Type3;217197.0000;DATA;1611602677.008490
/ndn/d2-site/d2/C2Data-2060-Type1;72961.0000;DATA;1611602681.536493
/ndn/h2-site/h2/C2Data-245-Type2;235155.0000;DATA;1611602681.884530
/ndn/s7-site/s7/C2Data-2258-Type3;6000262.0000;TIMEOUT;1611602678.028467
/ndn/d1-site/d1/C2Data-1939-Type2;211340.0000;DATA;1611602683.865620
/ndn/d13-site/d13/C2Data-1709-Type3;118951.0000;DATA;1611602684.363517
/ndn/v5-site/v5/C2Data-3051-Type3;146166.0000;DATA;1611602686.332561
/ndn/d0-site/d0/C2Data-375-Type4;51368.0000;DATA;1611602686.432468
/ndn/s2-site/s2/C2Data-1953-Type3;6000254.0000;TIMEOUT;1611602680.855574
/ndn/s10-site/s10/C2Data-4843-Type1;6000269.0000;TIMEOUT;1611602681.767538
/ndn/s3-site/s3/C2Data-3996-Type2;6013932.0000;TIMEOUT;1611602684.210561
/ndn/s3-site/s3/C2Data-2014-Type3;6000495.0000;TIMEOUT;1611602684.933513
/ndn/s12-site/s12/C2Data-5085-Type1;6000936.0000;TIMEOUT;1611602686.449497
/ndn/h6-site/h6/C2Data-150-Type4;93569.0000;DATA;1611602695.499558
/ndn/v2-site/v2/C2Data-800-Type4;26019.0000;DATA;1611602695.608073
/ndn/h3-site/h3/C2Data-75-Type4;145978.0000;DATA;1611602699.809498
/ndn/h1-site/h1/C2Data-25-Type4;93229.0000;DATA;1611602700.924487
/ndn/d1-site/d1/C2Data-1940-Type2;213374.0000;DATA;1611602705.379613
/ndn/v3-site/v3/C2Data-5812-Type1;162232.0000;DATA;1611602705.563503
/ndn/v8-site/v8/C2Data-6417-Type2;165785.0000;DATA;1611602706.557554
/ndn/d3-site/d3/C2Data-2182-Type1;48109.0000;DATA;1611602709.276589
/ndn/h6-site/h6/C2Data-730-Type2;140655.0000;DATA;1611602709.541630
/ndn/v14-site/v14/C2Data-7143-Type2;124817.0000;DATA;1611602709.816543
/ndn/h1-site/h1/C2Data-125-Type1;94941.0000;DATA;1611602709.957489
/ndn/v7-site/v7/C2Data-6296-Type2;95066.0000;DATA;1611602710.025535
/ndn/s8-site/s8/C2Data-4602-Type2;6000262.0000;TIMEOUT;1611602705.153703
/ndn/d11-site/d11/C2Data-3150-Type2;69977.0000;DATA;1611602711.957474
/ndn/h0-site/h0/C2Data-4-Type2;166243.0000;DATA;1611602712.653453
/ndn/v11-site/v11/C2Data-6780-Type1;117128.0000;DATA;1611602713.466492
/ndn/d7-site/d7/C2Data-2666-Type2;23783.0000;DATA;1611602715.813540
/ndn/v5-site/v5/C2Data-6054-Type1;142538.0000;DATA;1611602716.285777
/ndn/v3-site/v3/C2Data-5812-Type2;143905.0000;DATA;1611602716.545368
/ndn/v9-site/v9/C2Data-975-Type4;205274.0000;DATA;1611602726.519535
/ndn/h5-site/h5/C2Data-307-Type3;96074.0000;DATA;1611602729.928548
/ndn/d12-site/d12/C2Data-3272-Type2;50237.0000;DATA;1611602735.361661
/ndn/v14-site/v14/C2Data-1100-Type4;117095.0000;DATA;1611602735.320529
/ndn/h1-site/h1/C2Data-126-Type1;94525.0000;DATA;1611602735.609673
/ndn/s13-site/s13/C2Data-2625-Type3;6000351.0000;TIMEOUT;1611602729.933514
/ndn/s9-site/s9/C2Data-2381-Type3;6000231.0000;TIMEOUT;1611602730.485551
/ndn/d6-site/d6/C2Data-2546-Type1;70719.0000;DATA;1611602737.142468
/ndn/v8-site/v8/C2Data-950-Type4;171743.0000;DATA;1611602738.919535
/ndn/h14-site/h14/C2Data-1699-Type2;187936.0000;DATA;1611602738.922608
/ndn/v12-site/v12/C2Data-1050-Type4;125089.0000;DATA;1611602740.770528
/ndn/s14-site/s14/C2Data-2686-Type3;6000710.0000;TIMEOUT;1611602734.969461
/ndn/s7-site/s7/C2Data-4482-Type1;6000299.0000;TIMEOUT;1611602736.309523
/ndn/d12-site/d12/C2Data-1649-Type3;46782.0000;DATA;1611602744.141536
/ndn/v3-site/v3/C2Data-5813-Type2;140232.0000;DATA;1611602744.209504
/ndn/d1-site/d1/C2Data-1941-Type1;216871.0000;DATA;1611602744.380558
/ndn/v9-site/v9/C2Data-6539-Type1;175463.0000;DATA;1611602744.836479
/ndn/d7-site/d7/C2Data-2667-Type1;23981.0000;DATA;1611602746.130457
/ndn/s2-site/s2/C2Data-3877-Type1;6000720.0000;TIMEOUT;1611602743.428529
/ndn/v12-site/v12/C2Data-3479-Type3;123388.0000;DATA;1611602749.334570
/ndn/v4-site/v4/C2Data-2991-Type3;136793.0000;DATA;1611602750.256546
/ndn/h6-site/h6/C2Data-368-Type3;148294.0000;DATA;1611602750.749550
/ndn/v13-site/v13/C2Data-3540-Type3;172680.0000;DATA;1611602751.228587
/ndn/s4-site/s4/C2Data-2076-Type3;6000762.0000;TIMEOUT;1611602745.854548
/ndn/s9-site/s9/C2Data-4724-Type2;6001983.0000;TIMEOUT;1611602746.167455
/ndn/s11-site/s11/C2Data-2503-Type3;6000453.0000;TIMEOUT;1611602748.894510
/ndn/s12-site/s12/C2Data-2564-Type3;6000356.0000;TIMEOUT;1611602752.384489
/ndn/d4-site/d4/C2Data-2305-Type2;150034.0000;DATA;1611602766.617528
/ndn/s10-site/s10/C2Data-4846-Type2;6000290.0000;TIMEOUT;1611602765.910530
/ndn/v7-site/v7/C2Data-6298-Type2;96739.0000;DATA;1611602772.416492
/ndn/s1-site/s1/C2Data-3757-Type2;6000217.0000;TIMEOUT;1611602767.226505
/ndn/s2-site/s2/C2Data-3878-Type1;6000985.0000;TIMEOUT;1611602767.647596
/ndn/h10-site/h10/C2Data-1216-Type1;48470.0000;DATA;1611602774.380444
/ndn/h8-site/h8/C2Data-974-Type1;72969.0000;DATA;1611602775.609518
/ndn/v13-site/v13/C2Data-7024-Type1;168142.0000;DATA;1611602775.898545
/ndn/d1-site/d1/C2Data-979-Type3;241032.0000;DATA;1611602789.416941
/ndn/v8-site/v8/C2Data-3236-Type3;184660.0000;DATA;1611602790.901567
/ndn/h2-site/h2/C2Data-125-Type3;262790.0000;DATA;1611602791.007505
/ndn/v7-site/v7/C2Data-3175-Type3;100124.0000;DATA;1611602793.452625
/ndn/d7-site/d7/C2Data-2669-Type1;23832.0000;DATA;1611602795.089604
/ndn/h8-site/h8/C2Data-491-Type3;74142.0000;DATA;1611602797.397531
/ndn/d8-site/d8/C2Data-1406-Type3;71263.0000;DATA;1611602797.842524
/ndn/d0-site/d0/C2Data-1822-Type1;47123.0000;DATA;1611602798.031582
/ndn/h11-site/h11/C2Data-674-Type3;149475.0000;DATA;1611602798.717508
/ndn/d5-site/d5/C2Data-1223-Type3;117610.0000;DATA;1611602799.859503
