/ndn/h0-site/h0/C2Data-0-Type2;27019.0000;DATA;1612714525.695861
/ndn/h9-site/h9/C2Data-1089-Type1;77591.0000;DATA;1612714526.297359
/ndn/s2-site/s2/C2Data-2662-Type2;49633.0000;DATA;1612714526.878014
/ndn/d0-site/d0/C2Data-1210-Type1;24078.0000;DATA;1612714526.911300
/ndn/s1-site/s1/C2Data-2541-Type2;76039.0000;DATA;1612714528.187183
/ndn/v2-site/v2/C2Data-3872-Type2;160372.0000;DATA;1612714529.026984
/ndn/s8-site/s8/C2Data-3388-Type2;99238.0000;DATA;1612714531.785366
/ndn/v8-site/v8/C2Data-4598-Type2;26802.0000;DATA;1612714532.658097
/ndn/d7-site/d7/C2Data-2057-Type1;28910.0000;DATA;1612714532.962502
/ndn/v9-site/v9/C2Data-4719-Type2;38446.0000;DATA;1612714533.528252
/ndn/d8-site/d8/C2Data-2178-Type2;32946.0000;DATA;1612714534.070020
/ndn/h3-site/h3/C2Data-363-Type2;25458.0000;DATA;1612714534.161081
/ndn/s0-site/s0/C2Data-2420-Type1;124214.0000;DATA;1612714534.487394
/ndn/s5-site/s5/C2Data-3025-Type1;29108.0000;DATA;1612714535.546652
/ndn/s7-site/s7/C2Data-3267-Type2;26696.0000;DATA;1612714536.109390
/ndn/d7-site/d7/C2Data-2057-Type2;24431.0000;DATA;1612714536.180128
/ndn/d9-site/d9/C2Data-2299-Type1;25285.0000;DATA;1612714536.411085
/ndn/v5-site/v5/C2Data-4235-Type2;172008.0000;DATA;1612714536.430065
/ndn/v4-site/v4/C2Data-4114-Type2;172388.0000;DATA;1612714536.503755
/ndn/s0-site/s0/C2Data-1220-Type3;33438.0000;DATA;1612714551.042522
/ndn/s9-site/s9/C2Data-3510-Type2;150619.0000;DATA;1612714555.264162
/ndn/v6-site/v6/C2Data-2196-Type3;24850.0000;DATA;1612714557.912379
/ndn/s2-site/s2/C2Data-2663-Type1;26342.0000;DATA;1612714558.159700
/ndn/v6-site/v6/C2Data-4357-Type1;116827.0000;DATA;1612714559.346213
/ndn/v0-site/v0/C2Data-3631-Type2;23985.0000;DATA;1612714560.214977
/ndn/s4-site/s4/C2Data-2905-Type1;172138.0000;DATA;1612714560.097268
/ndn/d5-site/d5/C2Data-1816-Type2;148890.0000;DATA;1612714560.470324
/ndn/s8-site/s8/C2Data-1708-Type3;26015.0000;DATA;1612714560.920846
/ndn/d5-site/d5/C2Data-915-Type3;62399.0000;DATA;1612714562.288793
/ndn/s8-site/s8/C2Data-3389-Type1;111638.0000;DATA;1612714563.496462
/ndn/d7-site/d7/C2Data-1037-Type3;146097.0000;DATA;1612714567.598471
/ndn/d6-site/d6/C2Data-1938-Type2;108731.0000;DATA;1612714585.757090
/ndn/s8-site/s8/C2Data-3390-Type1;26954.0000;DATA;1612714589.585346
/ndn/s9-site/s9/C2Data-3511-Type1;28918.0000;DATA;1612714592.116091
/ndn/h6-site/h6/C2Data-728-Type2;28080.0000;DATA;1612714593.710917
/ndn/v2-site/v2/C2Data-3874-Type2;26937.0000;DATA;1612714593.852266
/ndn/h4-site/h4/C2Data-245-Type3;25394.0000;DATA;1612714617.307193
/ndn/v2-site/v2/C2Data-3875-Type2;145492.0000;DATA;1612714617.446047
/ndn/v9-site/v9/C2Data-4722-Type1;110063.0000;DATA;1612714619.281747
/ndn/s1-site/s1/C2Data-1282-Type3;77313.0000;DATA;1612714619.939896
/ndn/d4-site/d4/C2Data-1697-Type1;72337.0000;DATA;1612714620.973072
/ndn/h2-site/h2/C2Data-245-Type1;121418.0000;DATA;1612714621.052916
/ndn/d2-site/d2/C2Data-733-Type3;28037.0000;DATA;1612714621.160599
/ndn/v2-site/v2/C2Data-3875-Type1;144893.0000;DATA;1612714621.587230
/ndn/v0-site/v0/C2Data-500-Type4;27051.0000;DATA;1612714621.928083
/ndn/d9-site/d9/C2Data-2302-Type2;156746.0000;DATA;1612714622.115561
/ndn/s5-site/s5/C2Data-3028-Type1;74629.0000;DATA;1612714623.503401
/ndn/d5-site/d5/C2Data-916-Type3;30601.0000;DATA;1612714625.185018
/ndn/d8-site/d8/C2Data-450-Type4;164243.0000;DATA;1612714625.119973
/ndn/h9-site/h9/C2Data-225-Type4;289387.0000;DATA;1612714635.746122
/ndn/d2-site/d2/C2Data-300-Type4;25626.0000;DATA;1612714636.312573
/ndn/h1-site/h1/C2Data-125-Type2;50890.0000;DATA;1612714645.116868
/ndn/h1-site/h1/C2Data-125-Type1;59622.0000;DATA;1612714645.572129
/ndn/v3-site/v3/C2Data-3997-Type2;25922.0000;DATA;1612714647.892138
/ndn/h2-site/h2/C2Data-246-Type1;95920.0000;DATA;1612714648.528020
/ndn/v1-site/v1/C2Data-525-Type4;27896.0000;DATA;1612714650.142792
/ndn/v9-site/v9/C2Data-4723-Type2;28936.0000;DATA;1612714652.445002
/ndn/h3-site/h3/C2Data-75-Type4;78786.0000;DATA;1612714654.775487
/ndn/v2-site/v2/C2Data-550-Type4;72255.0000;DATA;1612714655.709941
/ndn/v7-site/v7/C2Data-4481-Type2;38547.0000;DATA;1612714656.540993
/ndn/d0-site/d0/C2Data-250-Type4;31435.0000;DATA;1612714664.001183
/ndn/s9-site/s9/C2Data-1771-Type3;76111.0000;DATA;1612714670.528241
/ndn/h2-site/h2/C2Data-50-Type4;25130.0000;DATA;1612714674.674157
/ndn/d2-site/d2/C2Data-1457-Type2;119051.0000;DATA;1612714675.153980
/ndn/d9-site/d9/C2Data-475-Type4;121991.0000;DATA;1612714675.523679
/ndn/s7-site/s7/C2Data-3272-Type1;85288.0000;DATA;1612714676.792242
/ndn/d7-site/d7/C2Data-1039-Type3;29704.0000;DATA;1612714677.436837
/ndn/s5-site/s5/C2Data-3030-Type2;88503.0000;DATA;1612714678.271260
/ndn/h4-site/h4/C2Data-246-Type3;26807.0000;DATA;1612714678.663038
/ndn/d3-site/d3/C2Data-795-Type3;72005.0000;DATA;1612714679.329364
/ndn/h4-site/h4/C2Data-489-Type1;25288.0000;DATA;1612714679.654117
/ndn/v3-site/v3/C2Data-575-Type4;27824.0000;DATA;1612714679.905105
/ndn/v4-site/v4/C2Data-4119-Type2;158165.0000;DATA;1612714682.392983
/ndn/h0-site/h0/C2Data-5-Type2;42729.0000;DATA;1612714682.671222
/ndn/v3-site/v3/C2Data-3998-Type1;41762.0000;DATA;1612714683.062808
/ndn/h6-site/h6/C2Data-731-Type2;24019.0000;DATA;1612714684.102003
/ndn/v1-site/v1/C2Data-3756-Type2;24160.0000;DATA;1612714684.174996
/ndn/d0-site/d0/C2Data-1215-Type1;94025.0000;DATA;1612714684.823724
/ndn/v0-site/v0/C2Data-1832-Type3;105181.0000;DATA;1612714691.054771
/ndn/v7-site/v7/C2Data-2259-Type3;41756.0000;DATA;1612714692.395166
/ndn/h0-site/h0/C2Data-6-Type2;125772.0000;DATA;1612714706.189090
/ndn/h4-site/h4/C2Data-490-Type1;27302.0000;DATA;1612714709.294608
/ndn/s2-site/s2/C2Data-2668-Type1;24809.0000;DATA;1612714710.077877
/ndn/d1-site/d1/C2Data-1337-Type1;120958.0000;DATA;1612714711.589967
/ndn/v7-site/v7/C2Data-4483-Type2;36741.0000;DATA;1612714713.535368
/ndn/s5-site/s5/C2Data-3031-Type2;28801.0000;DATA;1612714716.508719
/ndn/h4-site/h4/C2Data-247-Type3;27055.0000;DATA;1612714729.977159
/ndn/s0-site/s0/C2Data-1223-Type3;95141.0000;DATA;1612714731.618736
/ndn/s7-site/s7/C2Data-1650-Type3;84687.0000;DATA;1612714733.550980
/ndn/v4-site/v4/C2Data-4121-Type1;190171.0000;DATA;1612714736.386134
/ndn/h2-site/h2/C2Data-125-Type3;97656.0000;DATA;1612714736.940166
/ndn/s2-site/s2/C2Data-1345-Type3;25048.0000;DATA;1612714737.933489
/ndn/s5-site/s5/C2Data-3032-Type1;28308.0000;DATA;1612714738.073037
/ndn/s5-site/s5/C2Data-1528-Type3;26212.0000;DATA;1612714738.088439
/ndn/v8-site/v8/C2Data-4605-Type2;27671.0000;DATA;1612714739.042430
/ndn/v5-site/v5/C2Data-4242-Type2;74413.0000;DATA;1612714740.592579
/ndn/s7-site/s7/C2Data-3274-Type1;25157.0000;DATA;1612714741.466631
/ndn/s9-site/s9/C2Data-3516-Type2;80344.0000;DATA;1612714741.417714
/ndn/v2-site/v2/C2Data-3879-Type1;71864.0000;DATA;1612714741.637048
/ndn/d6-site/d6/C2Data-1943-Type1;27118.0000;DATA;1612714744.945613
/ndn/d6-site/d6/C2Data-979-Type3;27968.0000;DATA;1612714746.459258
/ndn/s8-site/s8/C2Data-3395-Type1;90739.0000;DATA;1612714746.499743
/ndn/d8-site/d8/C2Data-1101-Type3;31169.0000;DATA;1612714749.544619
/ndn/h3-site/h3/C2Data-186-Type3;79923.0000;DATA;1612714751.346401
/ndn/v1-site/v1/C2Data-273-Type5;28018.0000;DATA;1612714764.432392
/ndn/h9-site/h9/C2Data-1097-Type1;170989.0000;DATA;1612714765.304092
/ndn/h4-site/h4/C2Data-492-Type1;26624.0000;DATA;1612714769.575315
/ndn/v4-site/v4/C2Data-312-Type5;26696.0000;DATA;1612714770.078462
/ndn/v4-site/v4/C2Data-4122-Type1;247625.0000;DATA;1612714770.040556
/ndn/h3-site/h3/C2Data-371-Type1;49023.0000;DATA;1612714772.134670
/ndn/s1-site/s1/C2Data-2549-Type2;99757.0000;DATA;1612714775.606999
/ndn/h7-site/h7/C2Data-176-Type4;26871.0000;DATA;1612714777.711080
/ndn/d7-site/d7/C2Data-1041-Type3;129065.0000;DATA;1612714791.846115
/ndn/h2-site/h2/C2Data-51-Type4;143990.0000;DATA;1612714791.965181
/ndn/s8-site/s8/C2Data-1712-Type3;74490.0000;DATA;1612714792.432030
/ndn/d8-site/d8/C2Data-1102-Type3;23849.0000;DATA;1612714793.804322
/ndn/h8-site/h8/C2Data-201-Type4;26970.0000;DATA;1612714794.318905
/ndn/s6-site/s6/C2Data-1590-Type3;26600.0000;DATA;1612714795.170956
/ndn/h9-site/h9/C2Data-1098-Type2;184773.0000;DATA;1612714795.893326
/ndn/d2-site/d2/C2Data-1461-Type2;26625.0000;DATA;1612714796.880769
/ndn/v2-site/v2/C2Data-551-Type4;26242.0000;DATA;1612714796.893591
/ndn/v4-site/v4/C2Data-4123-Type2;171913.0000;DATA;1612714796.933154
/ndn/h8-site/h8/C2Data-104-Type5;25475.0000;DATA;1612714797.880071
/ndn/h6-site/h6/C2Data-370-Type3;25013.0000;DATA;1612714800.758246
/ndn/h0-site/h0/C2Data-0-Type5;24775.0000;DATA;1612714801.426046
/ndn/d9-site/d9/C2Data-2308-Type2;24448.0000;DATA;1612714804.977069
/ndn/v8-site/v8/C2Data-4607-Type2;31032.0000;DATA;1612714806.548347
/ndn/v6-site/v6/C2Data-2200-Type3;28632.0000;DATA;1612714807.996193
/ndn/s1-site/s1/C2Data-1285-Type3;39952.0000;DATA;1612714808.931671
/ndn/d4-site/d4/C2Data-858-Type3;33821.0000;DATA;1612714809.134570
/ndn/v8-site/v8/C2Data-701-Type4;29655.0000;DATA;1612714809.843137
/ndn/v0-site/v0/C2Data-501-Type4;27336.0000;DATA;1612714810.722090
/ndn/v3-site/v3/C2Data-576-Type4;26877.0000;DATA;1612714816.530703
/ndn/d1-site/d1/C2Data-276-Type4;35763.0000;DATA;1612714825.722911
/ndn/v9-site/v9/C2Data-4729-Type2;133484.0000;DATA;1612714825.650336
/ndn/v9-site/v9/C2Data-4729-Type1;139908.0000;DATA;1612714825.751408
/ndn/s9-site/s9/C2Data-3519-Type1;156741.0000;DATA;1612714825.753528
/ndn/d3-site/d3/C2Data-1583-Type2;155324.0000;DATA;1612714825.911099
/ndn/s3-site/s3/C2Data-2793-Type1;124500.0000;DATA;1612714831.735330
/ndn/d1-site/d1/C2Data-1341-Type2;136185.0000;DATA;1612714831.786069
/ndn/h3-site/h3/C2Data-373-Type2;35271.0000;DATA;1612714832.000200
/ndn/s2-site/s2/C2Data-2672-Type1;26420.0000;DATA;1612714834.825163
/ndn/d5-site/d5/C2Data-195-Type5;209475.0000;DATA;1612714840.202462
/ndn/d2-site/d2/C2Data-737-Type3;112578.0000;DATA;1612714849.177807
/ndn/v9-site/v9/C2Data-2384-Type3;121595.0000;DATA;1612714849.270973
/ndn/h2-site/h2/C2Data-127-Type3;100721.0000;DATA;1612714849.298968
/ndn/s6-site/s6/C2Data-1591-Type3;157423.0000;DATA;1612714852.580142
/ndn/v7-site/v7/C2Data-2262-Type3;27723.0000;DATA;1612714854.527602
/ndn/v3-site/v3/C2Data-2018-Type3;33341.0000;DATA;1612714856.730721
/ndn/h2-site/h2/C2Data-253-Type1;37952.0000;DATA;1612714858.384707
/ndn/h9-site/h9/C2Data-1100-Type1;189544.0000;DATA;1612714858.850643
/ndn/d3-site/d3/C2Data-1584-Type1;156209.0000;DATA;1612714859.292193
/ndn/v1-site/v1/C2Data-3762-Type1;52054.0000;DATA;1612714862.971109
/ndn/h3-site/h3/C2Data-188-Type3;23913.0000;DATA;1612714863.630096
/ndn/s9-site/s9/C2Data-1774-Type3;157386.0000;DATA;1612714863.946984
/ndn/h9-site/h9/C2Data-1100-Type2;170028.0000;DATA;1612714864.143603
/ndn/s7-site/s7/C2Data-1652-Type3;23904.0000;DATA;1612714864.353037
/ndn/s3-site/s3/C2Data-2794-Type1;24781.0000;DATA;1612714865.070015
/ndn/d6-site/d6/C2Data-981-Type3;25743.0000;DATA;1612714866.239004
/ndn/d4-site/d4/C2Data-859-Type3;26493.0000;DATA;1612714870.570543
/ndn/s7-site/s7/C2Data-3278-Type1;6001275.0000;TIMEOUT;1612714864.671330
/ndn/h7-site/h7/C2Data-859-Type1;53471.0000;DATA;1612714885.227283
/ndn/d6-site/d6/C2Data-1948-Type2;107005.0000;DATA;1612714885.818490
/ndn/v5-site/v5/C2Data-4247-Type1;183118.0000;DATA;1612714887.258242
/ndn/v9-site/v9/C2Data-4731-Type1;135535.0000;DATA;1612714887.423054
/ndn/d9-site/d9/C2Data-2311-Type2;28788.0000;DATA;1612714888.303772
/ndn/d7-site/d7/C2Data-2069-Type1;25690.0000;DATA;1612714890.018357
/ndn/s2-site/s2/C2Data-2674-Type1;57168.0000;DATA;1612714890.530492
/ndn/d5-site/d5/C2Data-1827-Type1;147677.0000;DATA;1612714891.188973
/ndn/s5-site/s5/C2Data-3037-Type2;79823.0000;DATA;1612714891.499710
/ndn/h6-site/h6/C2Data-738-Type2;24196.0000;DATA;1612714891.705667
/ndn/d4-site/d4/C2Data-1706-Type1;48513.0000;DATA;1612714893.173153
/ndn/d4-site/d4/C2Data-1706-Type2;24873.0000;DATA;1612714893.582699
/ndn/s0-site/s0/C2Data-2432-Type1;113511.0000;DATA;1612714894.210041
/ndn/v0-site/v0/C2Data-1836-Type3;29600.0000;DATA;1612714912.329374
/ndn/h1-site/h1/C2Data-67-Type3;51040.0000;DATA;1612714916.064039
/ndn/h0-site/h0/C2Data-13-Type1;122924.0000;DATA;1612714917.690124
/ndn/v8-site/v8/C2Data-4611-Type1;26962.0000;DATA;1612714917.983073
/ndn/v1-site/v1/C2Data-3764-Type2;49737.0000;DATA;1612714919.738856
/ndn/d9-site/d9/C2Data-2312-Type1;126068.0000;DATA;1612714920.242830
/ndn/s0-site/s0/C2Data-1226-Type3;6004158.0000;TIMEOUT;1612714914.431892
/ndn/v8-site/v8/C2Data-2324-Type3;29213.0000;DATA;1612714920.837566
/ndn/d8-site/d8/C2Data-2191-Type1;150501.0000;DATA;1612714920.754304
/ndn/d2-site/d2/C2Data-738-Type3;98728.0000;DATA;1612714921.011493
/ndn/d4-site/d4/C2Data-860-Type3;27720.0000;DATA;1612714922.851182
/ndn/v9-site/v9/C2Data-4732-Type1;136890.0000;DATA;1612714922.926859
/ndn/d7-site/d7/C2Data-2070-Type2;26059.0000;DATA;1612714923.112994
/ndn/s2-site/s2/C2Data-1348-Type3;26165.0000;DATA;1612714923.361915
/ndn/h1-site/h1/C2Data-27-Type4;49922.0000;DATA;1612714923.365064
/ndn/d9-site/d9/C2Data-2312-Type2;158713.0000;DATA;1612714923.514779
/ndn/d6-site/d6/C2Data-982-Type3;2848.0000;DATA;1612714923.971334
/ndn/s5-site/s5/C2Data-1531-Type3;6003715.0000;TIMEOUT;1612714918.637244
/ndn/v1-site/v1/C2Data-1897-Type3;36135.0000;DATA;1612714925.283772
/ndn/h6-site/h6/C2Data-739-Type1;31653.0000;DATA;1612714925.919022
/ndn/s5-site/s5/C2Data-3038-Type1;6000359.0000;TIMEOUT;1612714920.285071
/ndn/s8-site/s8/C2Data-1714-Type3;6002930.0000;TIMEOUT;1612714920.951439
/ndn/d5-site/d5/C2Data-921-Type3;150006.0000;DATA;1612714927.436962
/ndn/d1-site/d1/C2Data-677-Type3;168704.0000;DATA;1612714930.581789
/ndn/v7-site/v7/C2Data-677-Type4;91676.0000;DATA;1612714940.019846
/ndn/d2-site/d2/C2Data-302-Type4;45204.0000;DATA;1612714941.316411
/ndn/v5-site/v5/C2Data-4249-Type1;178965.0000;DATA;1612714946.159196
/ndn/h4-site/h4/C2Data-498-Type2;27377.0000;DATA;1612714946.941008
/ndn/h2-site/h2/C2Data-52-Type4;100086.0000;DATA;1612714947.126547
/ndn/h7-site/h7/C2Data-861-Type1;52186.0000;DATA;1612714948.192205
/ndn/v2-site/v2/C2Data-3886-Type2;71152.0000;DATA;1612714953.491137
/ndn/d6-site/d6/C2Data-1950-Type1;97779.0000;DATA;1612714954.084084
/ndn/v0-site/v0/C2Data-3644-Type1;32686.0000;DATA;1612714956.270666
/ndn/v9-site/v9/C2Data-4733-Type2;24474.0000;DATA;1612714956.712001
/ndn/h6-site/h6/C2Data-152-Type4;27462.0000;DATA;1612714958.174251
/ndn/h4-site/h4/C2Data-251-Type3;64679.0000;DATA;1612714970.801072
/ndn/v7-site/v7/C2Data-2264-Type3;90026.0000;DATA;1612714973.875403
/ndn/d9-site/d9/C2Data-1166-Type3;175088.0000;DATA;1612714974.775114
/ndn/d5-site/d5/C2Data-377-Type4;26880.0000;DATA;1612714975.833948
/ndn/v5-site/v5/C2Data-627-Type4;26134.0000;DATA;1612714976.845187
/ndn/v9-site/v9/C2Data-4734-Type2;125488.0000;DATA;1612714976.764645
/ndn/s8-site/s8/C2Data-1715-Type3;6001366.0000;TIMEOUT;1612714973.700997
/ndn/s3-site/s3/C2Data-1410-Type3;6000679.0000;TIMEOUT;1612714974.313701
/ndn/h1-site/h1/C2Data-68-Type3;38727.0000;DATA;1612714980.476063
/ndn/s5-site/s5/C2Data-3040-Type2;6004821.0000;TIMEOUT;1612714976.756880
/ndn/s2-site/s2/C2Data-2677-Type2;6006659.0000;TIMEOUT;1612714977.819620
/ndn/v3-site/v3/C2Data-2020-Type3;25737.0000;DATA;1612714983.867399
/ndn/h9-site/h9/C2Data-1104-Type1;202309.0000;DATA;1612714983.825143
/ndn/s9-site/s9/C2Data-1776-Type3;6000426.0000;TIMEOUT;1612714978.284710
/ndn/h4-site/h4/C2Data-499-Type2;27837.0000;DATA;1612714984.442994
/ndn/v2-site/v2/C2Data-1959-Type3;28016.0000;DATA;1612714987.058398
/ndn/s7-site/s7/C2Data-1654-Type3;6000656.0000;TIMEOUT;1612714982.596218
/ndn/h3-site/h3/C2Data-190-Type3;25459.0000;DATA;1612714990.053320
/ndn/s4-site/s4/C2Data-1471-Type3;6000781.0000;TIMEOUT;1612714985.520902
/ndn/s2-site/s2/C2Data-1349-Type3;6001377.0000;TIMEOUT;1612714986.209985
/ndn/h9-site/h9/C2Data-63-Type6;363564.0000;DATA;1612714998.221306
/ndn/v7-site/v7/C2Data-4493-Type2;76035.0000;DATA;1612715005.381511
/ndn/d2-site/d2/C2Data-1468-Type1;132126.0000;DATA;1612715007.186131
/ndn/h6-site/h6/C2Data-742-Type2;24942.0000;DATA;1612715009.843746
/ndn/h9-site/h9/C2Data-1105-Type1;183692.0000;DATA;1612715010.244960
/ndn/d4-site/d4/C2Data-1710-Type1;35158.0000;DATA;1612715014.645812
/ndn/v7-site/v7/C2Data-4493-Type1;24798.0000;DATA;1612715015.892044
/ndn/v1-site/v1/C2Data-3767-Type2;25815.0000;DATA;1612715016.395021
/ndn/s4-site/s4/C2Data-2920-Type2;6017403.0000;TIMEOUT;1612715010.688133
/ndn/s5-site/s5/C2Data-3041-Type2;6001220.0000;TIMEOUT;1612715012.759359
/ndn/d7-site/d7/C2Data-1045-Type3;145595.0000;DATA;1612715030.237134
/ndn/h7-site/h7/C2Data-435-Type3;58688.0000;DATA;1612715034.255021
/ndn/d2-site/d2/C2Data-740-Type3;117685.0000;DATA;1612715035.845922
/ndn/s8-site/s8/C2Data-1716-Type3;6004290.0000;TIMEOUT;1612715031.432136
/ndn/h2-site/h2/C2Data-259-Type1;29686.0000;DATA;1612715037.973366
/ndn/h0-site/h0/C2Data-8-Type3;140475.0000;DATA;1612715040.379034
/ndn/d3-site/d3/C2Data-1590-Type1;169182.0000;DATA;1612715041.490428
/ndn/h4-site/h4/C2Data-501-Type2;24911.0000;DATA;1612715042.671856
/ndn/v7-site/v7/C2Data-2265-Type3;27449.0000;DATA;1612715044.374220
/ndn/s1-site/s1/C2Data-1289-Type3;6000734.0000;TIMEOUT;1612715039.604965
/ndn/v6-site/v6/C2Data-4373-Type1;77509.0000;DATA;1612715046.689131
/ndn/v3-site/v3/C2Data-2021-Type3;28721.0000;DATA;1612715050.355980
/ndn/s7-site/s7/C2Data-3284-Type1;6002377.0000;TIMEOUT;1612715044.675987
/ndn/s4-site/s4/C2Data-1472-Type3;6001274.0000;TIMEOUT;1612715049.192185
/ndn/d1-site/d1/C2Data-77-Type6;80329.0000;DATA;1612715055.748261
/ndn/v6-site/v6/C2Data-4374-Type1;102111.0000;DATA;1612715065.618790
/ndn/v1-site/v1/C2Data-3769-Type2;25278.0000;DATA;1612715067.786003
/ndn/v8-site/v8/C2Data-4616-Type2;26489.0000;DATA;1612715070.848307
/ndn/d4-site/d4/C2Data-1712-Type2;25976.0000;DATA;1612715070.939073
/ndn/s2-site/s2/C2Data-2680-Type1;6000673.0000;TIMEOUT;1612715065.330934
/ndn/h8-site/h8/C2Data-986-Type1;71729.0000;DATA;1612715071.569218
/ndn/h9-site/h9/C2Data-1107-Type2;74729.0000;DATA;1612715076.127503
/ndn/v1-site/v1/C2Data-274-Type5;28474.0000;DATA;1612715076.774199
/ndn/s1-site/s1/C2Data-2559-Type1;6001937.0000;TIMEOUT;1612715072.186951
/ndn/s5-site/s5/C2Data-3043-Type2;6001098.0000;TIMEOUT;1612715072.823098
/ndn/h9-site/h9/C2Data-228-Type4;100173.0000;DATA;1612715078.863940
/ndn/d7-site/d7/C2Data-119-Type6;155030.0000;DATA;1612715079.422439
/ndn/h4-site/h4/C2Data-53-Type5;31857.0000;DATA;1612715081.074140
/ndn/v0-site/v0/C2Data-503-Type4;26858.0000;DATA;1612715085.292988
/ndn/v2-site/v2/C2Data-1961-Type3;26330.0000;DATA;1612715094.108334
/ndn/h0-site/h0/C2Data-9-Type3;27737.0000;DATA;1612715094.309148
/ndn/v2-site/v2/C2Data-3891-Type2;151781.0000;DATA;1612715094.772124
/ndn/d8-site/d8/C2Data-2197-Type2;163315.0000;DATA;1612715094.868389
/ndn/d5-site/d5/C2Data-1834-Type1;159957.0000;DATA;1612715095.775275
/ndn/h8-site/h8/C2Data-987-Type1;87763.0000;DATA;1612715097.553448
/ndn/d6-site/d6/C2Data-112-Type6;36386.0000;DATA;1612715097.796293
/ndn/d2-site/d2/C2Data-1471-Type1;100056.0000;DATA;1612715098.752962
/ndn/d6-site/d6/C2Data-1955-Type1;26549.0000;DATA;1612715099.610479
