/ndn/d13-site/d13/C2Data-3388-Type2;164109.0000;DATA;1611602586.277447
/ndn/h1-site/h1/C2Data-121-Type2;221487.0000;DATA;1611602586.579463
/ndn/d8-site/d8/C2Data-2783-Type1;217490.0000;DATA;1611602589.329515
/ndn/v1-site/v1/C2Data-5566-Type1;506.0000;NACK;1611602589.685455
/ndn/s10-site/s10/C2Data-4840-Type1;383.0000;NACK;1611602589.768527
/ndn/v4-site/v4/C2Data-5929-Type1;638.0000;NACK;1611602590.796492
/ndn/v6-site/v6/C2Data-6171-Type2;453.0000;NACK;1611602591.519633
/ndn/v2-site/v2/C2Data-5687-Type1;426.0000;NACK;1611602591.540471
/ndn/h13-site/h13/C2Data-1573-Type2;98803.0000;DATA;1611602591.489631
/ndn/s1-site/s1/C2Data-3751-Type1;73933.0000;DATA;1611602592.528476
/ndn/v5-site/v5/C2Data-6050-Type2;694.0000;NACK;1611602593.085424
/ndn/d13-site/d13/C2Data-3388-Type1;172380.0000;DATA;1611602593.054511
/ndn/v13-site/v13/C2Data-7018-Type1;124686.0000;DATA;1611602594.114278
/ndn/d14-site/d14/C2Data-3509-Type1;168211.0000;DATA;1611602594.374458
/ndn/d7-site/d7/C2Data-2662-Type1;123231.0000;DATA;1611602594.450519
/ndn/s3-site/s3/C2Data-3993-Type2;95347.0000;DATA;1611602595.555478
/ndn/d6-site/d6/C2Data-2541-Type2;140529.0000;DATA;1611602596.018499
/ndn/v2-site/v2/C2Data-5688-Type1;560.0000;NACK;1611602615.274509
/ndn/h11-site/h11/C2Data-671-Type3;186231.0000;DATA;1611602615.758525
/ndn/d3-site/d3/C2Data-1098-Type3;139405.0000;DATA;1611602616.341469
/ndn/d14-site/d14/C2Data-3510-Type2;166743.0000;DATA;1611602616.324518
/ndn/h10-site/h10/C2Data-610-Type3;165515.0000;DATA;1611602616.738528
/ndn/v1-site/v1/C2Data-5567-Type1;475.0000;NACK;1611602616.948543
/ndn/v14-site/v14/C2Data-3599-Type3;73016.0000;DATA;1611602617.054595
/ndn/h3-site/h3/C2Data-183-Type3;218799.0000;DATA;1611602617.413490
/ndn/h3-site/h3/C2Data-364-Type1;211143.0000;DATA;1611602617.701429
/ndn/s3-site/s3/C2Data-3994-Type2;93637.0000;DATA;1611602619.757510
/ndn/s4-site/s4/C2Data-2074-Type3;237426.0000;DATA;1611602620.294556
/ndn/v6-site/v6/C2Data-3111-Type3;140740.0000;DATA;1611602620.790668
/ndn/v2-site/v2/C2Data-2867-Type3;147966.0000;DATA;1611602622.730082
/ndn/d0-site/d0/C2Data-915-Type3;167000.0000;DATA;1611602622.767422
/ndn/h5-site/h5/C2Data-606-Type1;47785.0000;DATA;1611602622.982587
/ndn/d7-site/d7/C2Data-2663-Type1;123898.0000;DATA;1611602623.356470
/ndn/d9-site/d9/C2Data-1464-Type3;94767.0000;DATA;1611602625.264463
/ndn/d8-site/d8/C2Data-2784-Type2;189670.0000;DATA;1611602626.257486
/ndn/v7-site/v7/C2Data-3172-Type3;226525.0000;DATA;1611602627.085867
/ndn/s5-site/s5/C2Data-2135-Type3;156098.0000;DATA;1611602627.351577
/ndn/s1-site/s1/C2Data-1891-Type3;72484.0000;DATA;1611602628.401507
/ndn/s14-site/s14/C2Data-2684-Type3;195809.0000;DATA;1611602629.521471
/ndn/h13-site/h13/C2Data-793-Type3;96930.0000;DATA;1611602631.652475
/ndn/h4-site/h4/C2Data-244-Type3;48892.0000;DATA;1611602632.374529
/ndn/v3-site/v3/C2Data-5810-Type2;98308.0000;DATA;1611602645.117506
/ndn/v7-site/v7/C2Data-6294-Type2;213894.0000;DATA;1611602645.333573
/ndn/s12-site/s12/C2Data-5084-Type2;96196.0000;DATA;1611602645.526562
/ndn/s6-site/s6/C2Data-4358-Type1;180262.0000;DATA;1611602645.749475
/ndn/d4-site/d4/C2Data-2301-Type1;197094.0000;DATA;1611602648.387522
/ndn/h4-site/h4/C2Data-486-Type2;51559.0000;DATA;1611602648.752523
/ndn/d0-site/d0/C2Data-1817-Type1;164614.0000;DATA;1611602650.368436
/ndn/v7-site/v7/C2Data-6294-Type1;206246.0000;DATA;1611602650.338458
/ndn/v5-site/v5/C2Data-6052-Type2;263705.0000;DATA;1611602650.797484
/ndn/v9-site/v9/C2Data-6536-Type1;71881.0000;DATA;1611602651.521544
/ndn/d10-site/d10/C2Data-3027-Type2;55932.0000;DATA;1611602652.471507
/ndn/v9-site/v9/C2Data-6536-Type2;74341.0000;DATA;1611602653.198512
/ndn/h5-site/h5/C2Data-607-Type1;47768.0000;DATA;1611602653.279474
/ndn/s2-site/s2/C2Data-3874-Type2;119245.0000;DATA;1611602653.375505
/ndn/v5-site/v5/C2Data-6052-Type1;268229.0000;DATA;1611602653.352510
/ndn/h1-site/h1/C2Data-123-Type1;171779.0000;DATA;1611602653.537647
/ndn/v1-site/v1/C2Data-5568-Type1;241827.0000;DATA;1611602655.168471
/ndn/v0-site/v0/C2Data-5447-Type2;148655.0000;DATA;1611602656.234517
/ndn/h2-site/h2/C2Data-244-Type2;230736.0000;DATA;1611602656.184516
/ndn/s0-site/s0/C2Data-3632-Type1;6005149.0000;TIMEOUT;1611602652.409443
/ndn/h3-site/h3/C2Data-184-Type3;240269.0000;DATA;1611602669.432538
/ndn/h0-site/h0/C2Data-1-Type3;24123.0000;DATA;1611602671.351520
/ndn/v13-site/v13/C2Data-3539-Type3;120311.0000;DATA;1611602673.821479
/ndn/d5-site/d5/C2Data-1221-Type3;25430.0000;DATA;1611602675.332498
/ndn/v4-site/v4/C2Data-5932-Type1;278143.0000;DATA;1611602675.533098
/ndn/v3-site/v3/C2Data-5811-Type2;97631.0000;DATA;1611602677.825499
/ndn/s12-site/s12/C2Data-5085-Type1;98433.0000;DATA;1611602677.855520
/ndn/d6-site/d6/C2Data-1282-Type3;144712.0000;DATA;1611602678.030453
/ndn/d9-site/d9/C2Data-2907-Type2;97641.0000;DATA;1611602678.082459
/ndn/s9-site/s9/C2Data-4722-Type1;74660.0000;DATA;1611602678.557371
/ndn/h1-site/h1/C2Data-62-Type3;166314.0000;DATA;1611602679.895496
/ndn/h14-site/h14/C2Data-855-Type3;164974.0000;DATA;1611602680.172641
/ndn/v8-site/v8/C2Data-3234-Type3;24076.0000;DATA;1611602681.182471
/ndn/v5-site/v5/C2Data-6053-Type1;265747.0000;DATA;1611602681.264512
/ndn/v11-site/v11/C2Data-3417-Type3;162970.0000;DATA;1611602681.964505
/ndn/s2-site/s2/C2Data-1953-Type3;6000642.0000;TIMEOUT;1611602677.002483
/ndn/v14-site/v14/C2Data-3600-Type3;70570.0000;DATA;1611602682.980516
/ndn/d0-site/d0/C2Data-916-Type3;172754.0000;DATA;1611602684.383516
/ndn/h11-site/h11/C2Data-672-Type3;185091.0000;DATA;1611602684.902467
/ndn/v7-site/v7/C2Data-6295-Type2;207563.0000;DATA;1611602685.013589
/ndn/s1-site/s1/C2Data-3754-Type1;6000539.0000;TIMEOUT;1611602680.449986
/ndn/d0-site/d0/C2Data-1818-Type1;173310.0000;DATA;1611602686.374498
/ndn/v13-site/v13/C2Data-7021-Type1;118922.0000;DATA;1611602686.830482
/ndn/s3-site/s3/C2Data-3996-Type1;6001035.0000;TIMEOUT;1611602681.528484
/ndn/h8-site/h8/C2Data-489-Type3;100052.0000;DATA;1611602687.606552
/ndn/v4-site/v4/C2Data-850-Type4;262908.0000;DATA;1611602688.247492
/ndn/s14-site/s14/C2Data-5327-Type1;6004563.0000;TIMEOUT;1611602683.123517
/ndn/s0-site/s0/C2Data-1831-Type3;6000230.0000;TIMEOUT;1611602686.604666
/ndn/s5-site/s5/C2Data-2136-Type3;6000270.0000;TIMEOUT;1611602686.968496
/ndn/v6-site/v6/C2Data-900-Type4;157776.0000;DATA;1611602695.204339
/ndn/v5-site/v5/C2Data-875-Type4;348104.0000;DATA;1611602699.308492
/ndn/h14-site/h14/C2Data-1698-Type2;170929.0000;DATA;1611602705.318548
/ndn/v3-site/v3/C2Data-5812-Type1;96762.0000;DATA;1611602706.809537
/ndn/d4-site/d4/C2Data-2303-Type2;196301.0000;DATA;1611602709.493540
/ndn/v4-site/v4/C2Data-5933-Type1;270731.0000;DATA;1611602710.034638
/ndn/v8-site/v8/C2Data-6417-Type1;24164.0000;DATA;1611602711.043532
/ndn/h0-site/h0/C2Data-0-Type4;29045.0000;DATA;1611602714.036547
/ndn/s13-site/s13/C2Data-5207-Type2;6000311.0000;TIMEOUT;1611602708.822459
/ndn/v13-site/v13/C2Data-7022-Type2;117715.0000;DATA;1611602714.793422
/ndn/s2-site/s2/C2Data-3876-Type2;6000264.0000;TIMEOUT;1611602709.457481
/ndn/h0-site/h0/C2Data-4-Type2;24472.0000;DATA;1611602715.828482
/ndn/v13-site/v13/C2Data-7022-Type1;115125.0000;DATA;1611602716.129470
/ndn/s10-site/s10/C2Data-4844-Type1;6000481.0000;TIMEOUT;1611602712.129505
/ndn/s3-site/s3/C2Data-3997-Type1;6000259.0000;TIMEOUT;1611602712.725672
/ndn/v7-site/v7/C2Data-925-Type4;240064.0000;DATA;1611602720.734782
/ndn/s5-site/s5/C2Data-4239-Type1;6004076.0000;TIMEOUT;1611602715.509084
/ndn/h14-site/h14/C2Data-350-Type4;195118.0000;DATA;1611602723.048463
/ndn/h12-site/h12/C2Data-300-Type4;223897.0000;DATA;1611602733.951519
/ndn/v6-site/v6/C2Data-3113-Type3;140994.0000;DATA;1611602736.070435
/ndn/h3-site/h3/C2Data-368-Type2;208435.0000;DATA;1611602736.121505
/ndn/h4-site/h4/C2Data-100-Type4;48720.0000;DATA;1611602736.595432
/ndn/v4-site/v4/C2Data-2991-Type3;267795.0000;DATA;1611602736.486452
/ndn/h7-site/h7/C2Data-852-Type1;47061.0000;DATA;1611602738.256522
/ndn/h11-site/h11/C2Data-1336-Type1;188581.0000;DATA;1611602738.607505
/ndn/h11-site/h11/C2Data-275-Type4;201427.0000;DATA;1611602738.964445
/ndn/d9-site/d9/C2Data-1466-Type3;96654.0000;DATA;1611602739.648511
/ndn/d8-site/d8/C2Data-575-Type4;187730.0000;DATA;1611602739.834526
/ndn/d5-site/d5/C2Data-2425-Type1;25009.0000;DATA;1611602740.029503
/ndn/v9-site/v9/C2Data-6539-Type1;70295.0000;DATA;1611602740.410429
/ndn/h0-site/h0/C2Data-2-Type3;23812.0000;DATA;1611602740.988435
/ndn/d0-site/d0/C2Data-1820-Type2;162855.0000;DATA;1611602741.009493
/ndn/s14-site/s14/C2Data-5329-Type2;6000722.0000;TIMEOUT;1611602736.216518
/ndn/v9-site/v9/C2Data-3296-Type3;70276.0000;DATA;1611602742.265512
/ndn/d1-site/d1/C2Data-978-Type3;191470.0000;DATA;1611602742.549508
/ndn/d4-site/d4/C2Data-1161-Type3;190635.0000;DATA;1611602743.589177
/ndn/h12-site/h12/C2Data-734-Type3;210303.0000;DATA;1611602744.604460
/ndn/v2-site/v2/C2Data-5692-Type1;145487.0000;DATA;1611602744.761518
/ndn/d11-site/d11/C2Data-3151-Type1;189268.0000;DATA;1611602745.244521
/ndn/h2-site/h2/C2Data-247-Type2;216591.0000;DATA;1611602745.517502
/ndn/v4-site/v4/C2Data-5934-Type2;263325.0000;DATA;1611602745.569475
/ndn/s9-site/s9/C2Data-4724-Type2;6000561.0000;TIMEOUT;1611602740.044492
/ndn/v10-site/v10/C2Data-3357-Type3;165014.0000;DATA;1611602748.051492
/ndn/s1-site/s1/C2Data-1893-Type3;6000349.0000;TIMEOUT;1611602742.730511
/ndn/v7-site/v7/C2Data-3174-Type3;230739.0000;DATA;1611602749.877507
/ndn/d13-site/d13/C2Data-1710-Type3;168439.0000;DATA;1611602750.033878
/ndn/s13-site/s13/C2Data-5208-Type1;6000718.0000;TIMEOUT;1611602745.021474
/ndn/s8-site/s8/C2Data-4603-Type1;6000610.0000;TIMEOUT;1611602745.315430
/ndn/s2-site/s2/C2Data-1954-Type3;6000226.0000;TIMEOUT;1611602746.972482
/ndn/s5-site/s5/C2Data-2137-Type3;6000197.0000;TIMEOUT;1611602749.241433
/ndn/h2-site/h2/C2Data-248-Type1;223316.0000;DATA;1611602765.293495
/ndn/v6-site/v6/C2Data-6177-Type2;148174.0000;DATA;1611602765.951526
/ndn/d0-site/d0/C2Data-1821-Type1;173566.0000;DATA;1611602768.536459
/ndn/h14-site/h14/C2Data-1700-Type1;173835.0000;DATA;1611602768.797587
/ndn/v5-site/v5/C2Data-6056-Type1;266743.0000;DATA;1611602768.718516
/ndn/d14-site/d14/C2Data-3515-Type2;169252.0000;DATA;1611602769.922500
/ndn/d2-site/d2/C2Data-2063-Type1;185403.0000;DATA;1611602770.571506
/ndn/d2-site/d2/C2Data-2063-Type2;186418.0000;DATA;1611602771.774462
/ndn/h12-site/h12/C2Data-1458-Type2;213672.0000;DATA;1611602773.058541
/ndn/d5-site/d5/C2Data-2426-Type2;24175.0000;DATA;1611602774.805664
/ndn/s6-site/s6/C2Data-4362-Type2;6001845.0000;TIMEOUT;1611602769.728644
/ndn/s14-site/s14/C2Data-5330-Type2;6003220.0000;TIMEOUT;1611602771.612522
/ndn/v3-site/v3/C2Data-2931-Type3;96804.0000;DATA;1611602792.836538
/ndn/h8-site/h8/C2Data-975-Type2;93858.0000;DATA;1611602797.189477
/ndn/d6-site/d6/C2Data-2548-Type1;144188.0000;DATA;1611602797.560506
/ndn/d8-site/d8/C2Data-1406-Type3;151378.0000;DATA;1611602797.827478
