/ndn/d4-site/d4/C2Data-1694-Type1;145695.0000;DATA;1612718693.194712
/ndn/h1-site/h1/C2Data-121-Type1;102428.0000;DATA;1612718693.953666
/ndn/d1-site/d1/C2Data-1331-Type2;176510.0000;DATA;1612718695.503768
/ndn/h0-site/h0/C2Data-0-Type1;194301.0000;DATA;1612718696.236733
/ndn/d7-site/d7/C2Data-2057-Type2;131926.0000;DATA;1612718698.467875
/ndn/v2-site/v2/C2Data-3872-Type2;128380.0000;DATA;1612718699.276201
/ndn/s7-site/s7/C2Data-3267-Type2;121364.0000;DATA;1612718700.744229
/ndn/s3-site/s3/C2Data-1403-Type3;26900.0000;DATA;1612718718.033112
/ndn/s7-site/s7/C2Data-1647-Type3;249554.0000;DATA;1612718719.367523
/ndn/h0-site/h0/C2Data-0-Type3;75227.0000;DATA;1612718721.170430
/ndn/s2-site/s2/C2Data-2663-Type2;121387.0000;DATA;1612718725.562130
/ndn/s4-site/s4/C2Data-1464-Type3;206638.0000;DATA;1612718727.947815
/ndn/d9-site/d9/C2Data-2300-Type1;126504.0000;DATA;1612718728.786106
/ndn/s7-site/s7/C2Data-3268-Type1;147990.0000;DATA;1612718729.116924
/ndn/s2-site/s2/C2Data-1342-Type3;124395.0000;DATA;1612718729.986653
/ndn/d1-site/d1/C2Data-1332-Type1;181909.0000;DATA;1612718731.822795
/ndn/v0-site/v0/C2Data-3631-Type2;138050.0000;DATA;1612718732.348758
/ndn/s3-site/s3/C2Data-2784-Type1;782.0000;DATA;1612718733.308566
/ndn/h5-site/h5/C2Data-305-Type3;1199.0000;DATA;1612718733.342519
/ndn/d1-site/d1/C2Data-1333-Type2;169899.0000;DATA;1612718755.692933
/ndn/v6-site/v6/C2Data-4358-Type1;99889.0000;DATA;1612718756.449937
/ndn/s0-site/s0/C2Data-2422-Type2;121119.0000;DATA;1612718759.761264
/ndn/v5-site/v5/C2Data-4237-Type1;9862.0000;DATA;1612718759.965344
/ndn/h8-site/h8/C2Data-970-Type2;29159.0000;DATA;1612718760.312947
/ndn/s1-site/s1/C2Data-2543-Type1;95427.0000;DATA;1612718760.405734
/ndn/h4-site/h4/C2Data-245-Type3;76631.0000;DATA;1612718782.657942
/ndn/d1-site/d1/C2Data-1334-Type1;183379.0000;DATA;1612718782.639918
/ndn/v6-site/v6/C2Data-4359-Type2;105970.0000;DATA;1612718782.932820
/ndn/h4-site/h4/C2Data-487-Type2;72809.0000;DATA;1612718783.854739
/ndn/v3-site/v3/C2Data-2014-Type3;195919.0000;DATA;1612718785.177124
/ndn/h5-site/h5/C2Data-608-Type1;102696.0000;DATA;1612718785.667735
/ndn/s7-site/s7/C2Data-1648-Type3;1164.0000;DATA;1612718785.883719
/ndn/v0-site/v0/C2Data-3633-Type1;110719.0000;DATA;1612718787.081143
/ndn/v8-site/v8/C2Data-4601-Type1;129106.0000;DATA;1612718787.864230
/ndn/v3-site/v3/C2Data-3996-Type1;180184.0000;DATA;1612718788.116857
/ndn/h1-site/h1/C2Data-25-Type4;127021.0000;DATA;1612718790.163126
/ndn/s7-site/s7/C2Data-3270-Type1;4312.0000;DATA;1612718790.479418
/ndn/h2-site/h2/C2Data-245-Type2;148166.0000;DATA;1612718790.495897
/ndn/s6-site/s6/C2Data-1587-Type3;102454.0000;DATA;1612718790.874030
/ndn/h8-site/h8/C2Data-971-Type1;43688.0000;DATA;1612718792.172639
/ndn/v0-site/v0/C2Data-1831-Type3;52014.0000;DATA;1612718792.156383
/ndn/v5-site/v5/C2Data-4238-Type2;1632.0000;DATA;1612718793.059530
/ndn/d9-site/d9/C2Data-2302-Type2;103920.0000;DATA;1612718793.796744
/ndn/s1-site/s1/C2Data-1282-Type3;5083.0000;DATA;1612718799.242841
/ndn/v3-site/v3/C2Data-575-Type4;323305.0000;DATA;1612718801.947885
/ndn/h4-site/h4/C2Data-100-Type4;27787.0000;DATA;1612718812.119689
/ndn/d8-site/d8/C2Data-2182-Type2;253234.0000;DATA;1612718812.952187
/ndn/h3-site/h3/C2Data-367-Type2;128456.0000;DATA;1612718813.297817
/ndn/h2-site/h2/C2Data-246-Type1;223543.0000;DATA;1612718815.298863
/ndn/d4-site/d4/C2Data-1698-Type2;126875.0000;DATA;1612718815.548526
/ndn/v8-site/v8/C2Data-4602-Type1;102706.0000;DATA;1612718816.623386
/ndn/s9-site/s9/C2Data-3513-Type1;67095.0000;DATA;1612718817.016644
/ndn/h6-site/h6/C2Data-150-Type4;1307.0000;DATA;1612718817.095268
/ndn/h3-site/h3/C2Data-75-Type4;72961.0000;DATA;1612718817.614043
/ndn/v9-site/v9/C2Data-4723-Type2;194403.0000;DATA;1612718817.732375
/ndn/s6-site/s6/C2Data-3150-Type1;185342.0000;DATA;1612718817.784603
/ndn/d6-site/d6/C2Data-1940-Type1;42961.0000;DATA;1612718819.382320
/ndn/s2-site/s2/C2Data-2666-Type2;55359.0000;DATA;1612718819.768785
/ndn/h0-site/h0/C2Data-4-Type2;47530.0000;DATA;1612718821.840966
/ndn/d8-site/d8/C2Data-2182-Type1;96248.0000;DATA;1612718821.902940
/ndn/s7-site/s7/C2Data-3271-Type2;55232.0000;DATA;1612718822.601783
/ndn/d5-site/d5/C2Data-1819-Type1;275365.0000;DATA;1612718824.307581
/ndn/v9-site/v9/C2Data-2381-Type3;231358.0000;DATA;1612718839.562816
/ndn/h9-site/h9/C2Data-551-Type3;334464.0000;DATA;1612718840.698796
/ndn/h4-site/h4/C2Data-246-Type3;72890.0000;DATA;1612718841.288472
/ndn/v1-site/v1/C2Data-3756-Type1;120658.0000;DATA;1612718842.688052
/ndn/h5-site/h5/C2Data-610-Type1;97854.0000;DATA;1612718843.356887
/ndn/d4-site/d4/C2Data-350-Type4;53723.0000;DATA;1612718845.664643
/ndn/s2-site/s2/C2Data-2667-Type2;119077.0000;DATA;1612718846.097850
/ndn/h4-site/h4/C2Data-489-Type2;73154.0000;DATA;1612718846.448302
/ndn/h2-site/h2/C2Data-124-Type3;156538.0000;DATA;1612718846.986031
/ndn/v3-site/v3/C2Data-3998-Type2;121368.0000;DATA;1612718850.189960
/ndn/h7-site/h7/C2Data-429-Type3;52444.0000;DATA;1612718850.793312
/ndn/s7-site/s7/C2Data-1649-Type3;98538.0000;DATA;1612718851.428638
/ndn/v5-site/v5/C2Data-2137-Type3;924.0000;DATA;1612718852.462314
/ndn/v5-site/v5/C2Data-4241-Type1;72022.0000;DATA;1612718873.402983
/ndn/s7-site/s7/C2Data-3273-Type2;149535.0000;DATA;1612718875.583934
/ndn/h6-site/h6/C2Data-732-Type2;47553.0000;DATA;1612718881.124918
/ndn/s2-site/s2/C2Data-2668-Type2;129413.0000;DATA;1612718881.214662
/ndn/s4-site/s4/C2Data-2910-Type1;222111.0000;DATA;1612718881.127193
/ndn/d1-site/d1/C2Data-1337-Type1;119946.0000;DATA;1612718881.961371
/ndn/d7-site/d7/C2Data-1040-Type3;76455.0000;DATA;1612718901.126171
/ndn/v0-site/v0/C2Data-1833-Type3;101473.0000;DATA;1612718902.677721
/ndn/v6-site/v6/C2Data-4363-Type2;98724.0000;DATA;1612718902.809442
/ndn/v5-site/v5/C2Data-4242-Type2;1466.0000;DATA;1612718903.654936
/ndn/s1-site/s1/C2Data-1284-Type3;76783.0000;DATA;1612718903.699434
/ndn/v2-site/v2/C2Data-3879-Type1;192167.0000;DATA;1612718906.852779
/ndn/s1-site/s1/C2Data-2548-Type1;1374.0000;DATA;1612718907.765762
/ndn/h4-site/h4/C2Data-491-Type1;76134.0000;DATA;1612718909.189397
/ndn/s4-site/s4/C2Data-1467-Type3;132405.0000;DATA;1612718909.777518
/ndn/s2-site/s2/C2Data-1345-Type3;49601.0000;DATA;1612718910.206234
/ndn/d8-site/d8/C2Data-2185-Type2;246795.0000;DATA;1612718914.346939
/ndn/v7-site/v7/C2Data-351-Type5;146514.0000;DATA;1612718916.838871
/ndn/v9-site/v9/C2Data-377-Type5;116325.0000;DATA;1612718920.797797
/ndn/v3-site/v3/C2Data-299-Type5;1791.0000;DATA;1612718927.302730
/ndn/s7-site/s7/C2Data-3275-Type1;158717.0000;DATA;1612718934.376797
/ndn/d1-site/d1/C2Data-1339-Type1;189479.0000;DATA;1612718934.391805
/ndn/s1-site/s1/C2Data-2549-Type2;72824.0000;DATA;1612718934.704209
/ndn/v6-site/v6/C2Data-4364-Type1;104774.0000;DATA;1612718935.001145
/ndn/v2-site/v2/C2Data-3880-Type1;140900.0000;DATA;1612718937.410602
/ndn/d3-site/d3/C2Data-1581-Type1;56666.0000;DATA;1612718940.527442
/ndn/h5-site/h5/C2Data-613-Type2;96920.0000;DATA;1612718940.982802
/ndn/h8-site/h8/C2Data-976-Type1;853.0000;DATA;1612718942.630070
/ndn/s4-site/s4/C2Data-2912-Type2;140333.0000;DATA;1612718942.624009
/ndn/v2-site/v2/C2Data-3880-Type2;130400.0000;DATA;1612718944.574462
/ndn/h0-site/h0/C2Data-0-Type5;215865.0000;DATA;1612718953.002963
/ndn/d1-site/d1/C2Data-675-Type3;179562.0000;DATA;1612718957.900503
/ndn/s1-site/s1/C2Data-1285-Type3;84916.0000;DATA;1612718961.440680
/ndn/d9-site/d9/C2Data-247-Type5;101737.0000;DATA;1612718962.052216
/ndn/d9-site/d9/C2Data-476-Type4;55120.0000;DATA;1612718962.775830
/ndn/h7-site/h7/C2Data-856-Type1;51533.0000;DATA;1612718963.120300
/ndn/h8-site/h8/C2Data-104-Type5;25486.0000;DATA;1612718963.259982
/ndn/d7-site/d7/C2Data-1041-Type3;77985.0000;DATA;1612718965.258754
/ndn/s2-site/s2/C2Data-1346-Type3;99996.0000;DATA;1612718965.319463
/ndn/v7-site/v7/C2Data-2261-Type3;145687.0000;DATA;1612718965.247551
/ndn/s8-site/s8/C2Data-1712-Type3;99825.0000;DATA;1612718965.671080
/ndn/s0-site/s0/C2Data-1224-Type3;123656.0000;DATA;1612718965.681697
/ndn/h8-site/h8/C2Data-492-Type3;24467.0000;DATA;1612718966.894209
/ndn/d3-site/d3/C2Data-1582-Type2;1069.0000;DATA;1612718967.279820
/ndn/v3-site/v3/C2Data-4002-Type2;96340.0000;DATA;1612718967.720804
/ndn/v9-site/v9/C2Data-4728-Type2;198873.0000;DATA;1612718967.779970
/ndn/d8-site/d8/C2Data-1102-Type3;53653.0000;DATA;1612718968.792110
/ndn/h4-site/h4/C2Data-248-Type3;29274.0000;DATA;1612718969.652982
/ndn/h4-site/h4/C2Data-493-Type2;94295.0000;DATA;1612718970.639860
/ndn/v0-site/v0/C2Data-3639-Type2;118340.0000;DATA;1612718970.702803
/ndn/h4-site/h4/C2Data-101-Type4;950.0000;DATA;1612718971.978603
/ndn/d5-site/d5/C2Data-919-Type3;105436.0000;DATA;1612718974.072841
/ndn/v7-site/v7/C2Data-4486-Type2;99658.0000;DATA;1612718974.141252
/ndn/s6-site/s6/C2Data-1590-Type3;1110.0000;DATA;1612718975.263820
/ndn/v3-site/v3/C2Data-576-Type4;118885.0000;DATA;1612718975.921145
/ndn/s4-site/s4/C2Data-1468-Type3;109253.0000;DATA;1612718977.056136
/ndn/s9-site/s9/C2Data-1773-Type3;2473.0000;DATA;1612718978.343452
/ndn/v5-site/v5/C2Data-626-Type4;1313.0000;DATA;1612718988.139042
/ndn/v9-site/v9/C2Data-726-Type4;50801.0000;DATA;1612718991.412787
/ndn/d6-site/d6/C2Data-208-Type5;47247.0000;DATA;1612718992.422767
/ndn/d4-site/d4/C2Data-1704-Type2;142638.0000;DATA;1612718995.816768
/ndn/v9-site/v9/C2Data-4729-Type1;114603.0000;DATA;1612718997.209402
/ndn/d7-site/d7/C2Data-221-Type5;7661.0000;DATA;1612718997.833263
/ndn/s6-site/s6/C2Data-3156-Type1;276679.0000;DATA;1612718998.627076
/ndn/v7-site/v7/C2Data-4487-Type1;188531.0000;DATA;1612718998.988595
/ndn/v4-site/v4/C2Data-312-Type5;961.0000;DATA;1612718999.387829
/ndn/s4-site/s4/C2Data-2914-Type1;139250.0000;DATA;1612718999.765394
/ndn/v6-site/v6/C2Data-4366-Type2;83431.0000;DATA;1612719001.072562
/ndn/s0-site/s0/C2Data-2430-Type2;4201.0000;DATA;1612719002.365830
/ndn/v3-site/v3/C2Data-4003-Type1;205901.0000;DATA;1612719003.027187
/ndn/s3-site/s3/C2Data-2793-Type1;1257.0000;DATA;1612719003.695748
/ndn/h0-site/h0/C2Data-10-Type2;174339.0000;DATA;1612719003.699994
/ndn/d2-site/d2/C2Data-737-Type3;148337.0000;DATA;1612719019.604168
/ndn/v9-site/v9/C2Data-2384-Type3;117518.0000;DATA;1612719021.337948
/ndn/h1-site/h1/C2Data-132-Type2;138319.0000;DATA;1612719022.964312
/ndn/v5-site/v5/C2Data-4246-Type1;78942.0000;DATA;1612719023.699749
/ndn/d8-site/d8/C2Data-2189-Type2;125748.0000;DATA;1612719030.506589
/ndn/h4-site/h4/C2Data-495-Type2;72504.0000;DATA;1612719031.902933
/ndn/s7-site/s7/C2Data-3278-Type1;6004589.0000;TIMEOUT;1612719026.226334
/ndn/d3-site/d3/C2Data-1584-Type1;59346.0000;DATA;1612719034.532857
/ndn/v4-site/v4/C2Data-2079-Type3;920.0000;DATA;1612719036.046775
/ndn/v7-site/v7/C2Data-4489-Type2;146523.0000;DATA;1612719053.320082
/ndn/s4-site/s4/C2Data-2916-Type1;248755.0000;DATA;1612719054.318365
/ndn/h3-site/h3/C2Data-375-Type2;152747.0000;DATA;1612719054.948898
/ndn/s3-site/s3/C2Data-2795-Type1;25487.0000;DATA;1612719055.920435
/ndn/s7-site/s7/C2Data-3279-Type1;6002746.0000;TIMEOUT;1612719054.630693
/ndn/s5-site/s5/C2Data-3037-Type2;80948.0000;DATA;1612719061.674661
/ndn/v8-site/v8/C2Data-4610-Type2;122822.0000;DATA;1612719063.856585
/ndn/h7-site/h7/C2Data-433-Type3;50995.0000;DATA;1612719077.775996
/ndn/h1-site/h1/C2Data-67-Type3;130947.0000;DATA;1612719078.592037
/ndn/v3-site/v3/C2Data-2019-Type3;234130.0000;DATA;1612719080.626089
/ndn/h9-site/h9/C2Data-555-Type3;170563.0000;DATA;1612719083.062514
/ndn/s5-site/s5/C2Data-1531-Type3;6003535.0000;TIMEOUT;1612719078.431785
/ndn/d6-site/d6/C2Data-982-Type3;5992.0000;DATA;1612719084.566135
/ndn/d7-site/d7/C2Data-2070-Type1;1424.0000;DATA;1612719086.767851
/ndn/d5-site/d5/C2Data-1828-Type2;184131.0000;DATA;1612719087.186399
/ndn/v4-site/v4/C2Data-4127-Type2;101088.0000;DATA;1612719088.000964
/ndn/v2-site/v2/C2Data-3885-Type2;192539.0000;DATA;1612719088.746876
/ndn/v8-site/v8/C2Data-4611-Type2;50962.0000;DATA;1612719089.211376
/ndn/h6-site/h6/C2Data-152-Type4;1741.0000;DATA;1612719095.713877
/ndn/h0-site/h0/C2Data-6-Type3;182538.0000;DATA;1612719096.106908
/ndn/s8-site/s8/C2Data-1714-Type3;6000633.0000;TIMEOUT;1612719092.758770
/ndn/d9-site/d9/C2Data-1165-Type3;63301.0000;DATA;1612719098.905459
/ndn/h2-site/h2/C2Data-52-Type4;75886.0000;DATA;1612719110.951193
/ndn/h4-site/h4/C2Data-498-Type1;76273.0000;DATA;1612719114.198927
/ndn/v0-site/v0/C2Data-502-Type4;104994.0000;DATA;1612719114.888761
/ndn/h2-site/h2/C2Data-256-Type1;177753.0000;DATA;1612719116.499204
/ndn/h9-site/h9/C2Data-1103-Type2;255315.0000;DATA;1612719117.019049
/ndn/d7-site/d7/C2Data-2071-Type1;151105.0000;DATA;1612719117.192688
/ndn/d9-site/d9/C2Data-2313-Type1;242442.0000;DATA;1612719119.246834
/ndn/h3-site/h3/C2Data-377-Type2;159966.0000;DATA;1612719123.826144
/ndn/s8-site/s8/C2Data-3402-Type1;6000499.0000;TIMEOUT;1612719119.200778
/ndn/d8-site/d8/C2Data-1105-Type3;235630.0000;DATA;1612719138.611429
/ndn/v1-site/v1/C2Data-1898-Type3;148503.0000;DATA;1612719141.564184
/ndn/v9-site/v9/C2Data-2386-Type3;48812.0000;DATA;1612719142.279171
/ndn/h4-site/h4/C2Data-499-Type2;74043.0000;DATA;1612719143.170530
/ndn/s4-site/s4/C2Data-1471-Type3;6002127.0000;TIMEOUT;1612719137.286927
/ndn/v8-site/v8/C2Data-702-Type4;28385.0000;DATA;1612719143.570836
/ndn/d4-site/d4/C2Data-352-Type4;2387.0000;DATA;1612719145.081481
/ndn/h5-site/h5/C2Data-620-Type2;102495.0000;DATA;1612719145.728868
/ndn/h4-site/h4/C2Data-499-Type1;50295.0000;DATA;1612719145.991239
/ndn/d7-site/d7/C2Data-2072-Type1;186144.0000;DATA;1612719147.252599
/ndn/h7-site/h7/C2Data-862-Type2;55798.0000;DATA;1612719147.610738
/ndn/d8-site/d8/C2Data-2193-Type2;228181.0000;DATA;1612719150.016166
/ndn/d9-site/d9/C2Data-2314-Type2;101342.0000;DATA;1612719151.921322
/ndn/s0-site/s0/C2Data-2435-Type2;6002251.0000;TIMEOUT;1612719147.804058
/ndn/h7-site/h7/C2Data-434-Type3;54130.0000;DATA;1612719154.361255
/ndn/s3-site/s3/C2Data-2798-Type2;6103600.0000;TIMEOUT;1612719149.110127
/ndn/s1-site/s1/C2Data-2556-Type2;6000492.0000;TIMEOUT;1612719151.078069
/ndn/s9-site/s9/C2Data-3524-Type1;6004944.0000;TIMEOUT;1612719152.343350
/ndn/s0-site/s0/C2Data-1227-Type3;6001687.0000;TIMEOUT;1612719158.810422
/ndn/d3-site/d3/C2Data-1589-Type2;52142.0000;DATA;1612719174.731953
/ndn/v3-site/v3/C2Data-4009-Type2;208756.0000;DATA;1612719176.424071
/ndn/d7-site/d7/C2Data-2073-Type2;112477.0000;DATA;1612719178.044546
/ndn/v8-site/v8/C2Data-4614-Type1;102191.0000;DATA;1612719178.591933
/ndn/s2-site/s2/C2Data-2678-Type2;6001959.0000;TIMEOUT;1612719176.385798
/ndn/v0-site/v0/C2Data-3646-Type1;104627.0000;DATA;1612719183.551209
/ndn/s4-site/s4/C2Data-2920-Type1;6002411.0000;TIMEOUT;1612719179.634610
/ndn/d8-site/d8/C2Data-126-Type6;433468.0000;DATA;1612719190.584428
/ndn/d9-site/d9/C2Data-1167-Type3;225647.0000;DATA;1612719201.735280
/ndn/h9-site/h9/C2Data-557-Type3;189721.0000;DATA;1612719202.935016
/ndn/v0-site/v0/C2Data-3647-Type1;95210.0000;DATA;1612719203.847255
/ndn/v9-site/v9/C2Data-2387-Type3;121877.0000;DATA;1612719204.739213
/ndn/d5-site/d5/C2Data-1832-Type1;233884.0000;DATA;1612719204.844547
/ndn/v5-site/v5/C2Data-4252-Type2;50192.0000;DATA;1612719205.871910
/ndn/s8-site/s8/C2Data-1716-Type3;6001945.0000;TIMEOUT;1612719202.387841
/ndn/v7-site/v7/C2Data-2265-Type3;2661.0000;DATA;1612719208.702579
/ndn/d4-site/d4/C2Data-1711-Type2;95994.0000;DATA;1612719208.718844
/ndn/s3-site/s3/C2Data-2800-Type1;6000430.0000;TIMEOUT;1612719203.495761
/ndn/s4-site/s4/C2Data-1472-Type3;6000418.0000;TIMEOUT;1612719203.783757
/ndn/d5-site/d5/C2Data-1832-Type2;217863.0000;DATA;1612719209.568447
/ndn/v2-site/v2/C2Data-3889-Type2;1400.0000;DATA;1612719210.746390
/ndn/h4-site/h4/C2Data-501-Type1;75804.0000;DATA;1612719210.683839
/ndn/v2-site/v2/C2Data-3889-Type1;133925.0000;DATA;1612719211.217170
/ndn/v4-site/v4/C2Data-4131-Type1;73647.0000;DATA;1612719213.416697
/ndn/s8-site/s8/C2Data-3405-Type1;6000896.0000;TIMEOUT;1612719209.218847
/ndn/s1-site/s1/C2Data-2558-Type1;6009729.0000;TIMEOUT;1612719209.875109
/ndn/v0-site/v0/C2Data-1838-Type3;836.0000;DATA;1612719219.033999
/ndn/v1-site/v1/C2Data-1899-Type3;115057.0000;DATA;1612719220.162890
/ndn/s5-site/s5/C2Data-1533-Type3;6000978.0000;TIMEOUT;1612719216.215732
/ndn/s0-site/s0/C2Data-1228-Type3;6006676.0000;TIMEOUT;1612719217.929978
/ndn/v7-site/v7/C2Data-4495-Type2;192146.0000;DATA;1612719232.762038
/ndn/v6-site/v6/C2Data-4374-Type2;100396.0000;DATA;1612719233.819238
/ndn/h5-site/h5/C2Data-623-Type1;97135.0000;DATA;1612719234.205488
/ndn/h9-site/h9/C2Data-118-Type5;232913.0000;DATA;1612719235.899295
/ndn/v5-site/v5/C2Data-4253-Type1;51959.0000;DATA;1612719236.412077
/ndn/v4-site/v4/C2Data-4132-Type2;2423.0000;DATA;1612719236.812400
/ndn/h5-site/h5/C2Data-623-Type2;134906.0000;DATA;1612719237.997225
/ndn/d4-site/d4/C2Data-1712-Type2;96997.0000;DATA;1612719238.166623
/ndn/v3-site/v3/C2Data-4011-Type2;6786.0000;DATA;1612719241.557610
/ndn/d3-site/d3/C2Data-1591-Type2;49972.0000;DATA;1612719243.462039
/ndn/s9-site/s9/C2Data-3527-Type1;6001406.0000;TIMEOUT;1612719241.297759
/ndn/d5-site/d5/C2Data-378-Type4;294072.0000;DATA;1612719249.720326
/ndn/s7-site/s7/C2Data-3285-Type1;6001646.0000;TIMEOUT;1612719244.517458
/ndn/v7-site/v7/C2Data-352-Type5;160701.0000;DATA;1612719250.800862
/ndn/d4-site/d4/C2Data-863-Type3;137739.0000;DATA;1612719256.705800
/ndn/v9-site/v9/C2Data-2388-Type3;208510.0000;DATA;1612719258.345540
/ndn/d9-site/d9/C2Data-1168-Type3;233405.0000;DATA;1612719258.348624
/ndn/d3-site/d3/C2Data-802-Type3;51540.0000;DATA;1612719260.418860
/ndn/h0-site/h0/C2Data-9-Type3;102704.0000;DATA;1612719260.560771
/ndn/h7-site/h7/C2Data-436-Type3;50229.0000;DATA;1612719262.575005
/ndn/d8-site/d8/C2Data-2197-Type1;220263.0000;DATA;1612719264.460491
/ndn/h1-site/h1/C2Data-28-Type4;98042.0000;DATA;1612719266.818805
/ndn/d3-site/d3/C2Data-1592-Type2;871.0000;DATA;1612719267.195826
