/ndn/d0-site/d0/C2Data-1210-Type1;335880.0000;DATA;1612718693.551846
/ndn/s5-site/s5/C2Data-3025-Type1;164047.0000;DATA;1612718693.857311
/ndn/s3-site/s3/C2Data-2783-Type2;235486.0000;DATA;1612718694.335216
/ndn/s7-site/s7/C2Data-3267-Type2;77230.0000;DATA;1612718695.618583
/ndn/h7-site/h7/C2Data-847-Type1;27495.0000;DATA;1612718697.435889
/ndn/d3-site/d3/C2Data-1573-Type1;236858.0000;DATA;1612718697.232800
/ndn/h5-site/h5/C2Data-605-Type1;148310.0000;DATA;1612718698.775028
/ndn/d3-site/d3/C2Data-1573-Type2;7037.0000;DATA;1612718701.826263
/ndn/v6-site/v6/C2Data-4356-Type2;4914.0000;DATA;1612718701.855181
/ndn/h9-site/h9/C2Data-549-Type3;1889.0000;DATA;1612718722.955811
/ndn/v0-site/v0/C2Data-3631-Type2;131202.0000;DATA;1612718723.002973
/ndn/h4-site/h4/C2Data-485-Type2;146593.0000;DATA;1612718724.986245
/ndn/s1-site/s1/C2Data-1281-Type3;186689.0000;DATA;1612718726.561348
/ndn/d7-site/d7/C2Data-2058-Type2;51431.0000;DATA;1612718728.127882
/ndn/h8-site/h8/C2Data-969-Type2;127771.0000;DATA;1612718729.412325
/ndn/d4-site/d4/C2Data-854-Type3;801.0000;DATA;1612718729.616906
/ndn/h1-site/h1/C2Data-122-Type2;97630.0000;DATA;1612718730.605008
/ndn/s0-site/s0/C2Data-2421-Type1;135449.0000;DATA;1612718731.513764
/ndn/v9-site/v9/C2Data-2379-Type3;1039.0000;DATA;1612718731.655843
/ndn/d1-site/d1/C2Data-1332-Type2;1207.0000;DATA;1612718732.177796
/ndn/v7-site/v7/C2Data-2257-Type3;878.0000;DATA;1612718732.216790
/ndn/h1-site/h1/C2Data-122-Type1;180358.0000;DATA;1612718732.279736
/ndn/h7-site/h7/C2Data-848-Type1;74077.0000;DATA;1612718732.637689
/ndn/d7-site/d7/C2Data-2058-Type1;52295.0000;DATA;1612718732.820775
/ndn/d3-site/d3/C2Data-1574-Type2;922.0000;DATA;1612718733.058239
/ndn/h3-site/h3/C2Data-364-Type2;907.0000;DATA;1612718734.349709
/ndn/s8-site/s8/C2Data-1708-Type3;1175.0000;DATA;1612718734.409937
/ndn/v0-site/v0/C2Data-3631-Type1;151372.0000;DATA;1612718734.435222
/ndn/s5-site/s5/C2Data-1525-Type3;3665.0000;DATA;1612718736.613398
/ndn/h5-site/h5/C2Data-305-Type3;53862.0000;DATA;1612718738.129329
/ndn/h8-site/h8/C2Data-488-Type3;53228.0000;DATA;1612718740.643752
/ndn/s2-site/s2/C2Data-2664-Type1;257193.0000;DATA;1612718753.469680
/ndn/d2-site/d2/C2Data-1454-Type1;47839.0000;DATA;1612718755.690649
/ndn/h0-site/h0/C2Data-2-Type1;32859.0000;DATA;1612718757.273550
/ndn/h7-site/h7/C2Data-849-Type1;178956.0000;DATA;1612718760.512868
/ndn/v7-site/v7/C2Data-4479-Type2;25724.0000;DATA;1612718762.235220
/ndn/h9-site/h9/C2Data-1091-Type2;1071.0000;DATA;1612718763.357811
/ndn/v5-site/v5/C2Data-4237-Type2;197381.0000;DATA;1612718763.188786
/ndn/d1-site/d1/C2Data-1333-Type2;28685.0000;DATA;1612718764.380721
/ndn/s7-site/s7/C2Data-1648-Type3;81939.0000;DATA;1612718777.903336
/ndn/h9-site/h9/C2Data-550-Type3;30203.0000;DATA;1612718778.658549
/ndn/v3-site/v3/C2Data-2014-Type3;1043.0000;DATA;1612718781.966970
/ndn/s4-site/s4/C2Data-1465-Type3;1739.0000;DATA;1612718782.005245
/ndn/d9-site/d9/C2Data-2302-Type1;55835.0000;DATA;1612718784.287318
/ndn/s1-site/s1/C2Data-1282-Type3;1414.0000;DATA;1612718784.419886
/ndn/v4-site/v4/C2Data-4117-Type2;237187.0000;DATA;1612718785.084272
/ndn/v7-site/v7/C2Data-4480-Type2;82303.0000;DATA;1612718786.682257
/ndn/h1-site/h1/C2Data-124-Type2;151135.0000;DATA;1612718788.657632
/ndn/d4-site/d4/C2Data-1697-Type2;55133.0000;DATA;1612718789.858296
/ndn/s4-site/s4/C2Data-2907-Type2;48178.0000;DATA;1612718789.902046
/ndn/h6-site/h6/C2Data-729-Type2;220739.0000;DATA;1612718791.229804
/ndn/v5-site/v5/C2Data-4238-Type2;75139.0000;DATA;1612718792.297647
/ndn/s5-site/s5/C2Data-1526-Type3;1546.0000;DATA;1612718793.542761
/ndn/s8-site/s8/C2Data-3391-Type1;98869.0000;DATA;1612718793.647209
/ndn/h6-site/h6/C2Data-150-Type4;221916.0000;DATA;1612718795.390250
/ndn/h1-site/h1/C2Data-62-Type3;57221.0000;DATA;1612718795.732195
/ndn/v8-site/v8/C2Data-700-Type4;199277.0000;DATA;1612718795.629216
/ndn/h3-site/h3/C2Data-367-Type2;133248.0000;DATA;1612718814.877778
/ndn/d4-site/d4/C2Data-1698-Type1;520261.0000;DATA;1612718817.086143
/ndn/v8-site/v8/C2Data-4602-Type2;171064.0000;DATA;1612718817.699813
/ndn/s7-site/s7/C2Data-3271-Type1;162268.0000;DATA;1612718818.214021
/ndn/v4-site/v4/C2Data-4118-Type1;235391.0000;DATA;1612718819.028741
/ndn/d1-site/d1/C2Data-1335-Type1;79383.0000;DATA;1612718819.827496
/ndn/v9-site/v9/C2Data-4723-Type1;29954.0000;DATA;1612718823.294681
/ndn/d4-site/d4/C2Data-350-Type4;55187.0000;DATA;1612718823.614533
/ndn/h9-site/h9/C2Data-551-Type3;26427.0000;DATA;1612718836.748956
/ndn/d2-site/d2/C2Data-734-Type3;49294.0000;DATA;1612718841.212766
/ndn/d7-site/d7/C2Data-1039-Type3;63151.0000;DATA;1612718842.477982
/ndn/d5-site/d5/C2Data-917-Type3;50546.0000;DATA;1612718842.702191
/ndn/d0-site/d0/C2Data-1215-Type1;251706.0000;DATA;1612718842.956592
/ndn/s5-site/s5/C2Data-3030-Type1;157010.0000;DATA;1612718843.311873
/ndn/d2-site/d2/C2Data-300-Type4;4921.0000;DATA;1612718844.400072
/ndn/s1-site/s1/C2Data-2546-Type1;182457.0000;DATA;1612718845.189573
/ndn/v3-site/v3/C2Data-2015-Type3;1624.0000;DATA;1612718845.351938
/ndn/v9-site/v9/C2Data-2381-Type3;1332.0000;DATA;1612718846.796796
/ndn/h2-site/h2/C2Data-50-Type4;862.0000;DATA;1612718847.859632
/ndn/s1-site/s1/C2Data-2546-Type2;1495.0000;DATA;1612718851.543152
/ndn/d0-site/d0/C2Data-612-Type3;49838.0000;DATA;1612718851.796105
/ndn/v7-site/v7/C2Data-2259-Type3;27569.0000;DATA;1612718852.246776
/ndn/s9-site/s9/C2Data-3514-Type2;908.0000;DATA;1612718854.053181
/ndn/h6-site/h6/C2Data-368-Type3;208547.0000;DATA;1612718854.185136
/ndn/h0-site/h0/C2Data-2-Type3;4445.0000;DATA;1612718858.752972
/ndn/d5-site/d5/C2Data-1821-Type2;51275.0000;DATA;1612718874.084329
/ndn/d1-site/d1/C2Data-1337-Type1;77870.0000;DATA;1612718874.626581
/ndn/h3-site/h3/C2Data-369-Type2;126814.0000;DATA;1612718875.337975
/ndn/d4-site/d4/C2Data-1700-Type1;112626.0000;DATA;1612718875.457785
/ndn/d0-site/d0/C2Data-1216-Type2;24546.0000;DATA;1612718879.010339
/ndn/s6-site/s6/C2Data-3152-Type1;6140.0000;DATA;1612718879.856231
/ndn/v6-site/v6/C2Data-4362-Type2;138461.0000;DATA;1612718880.432882
/ndn/s3-site/s3/C2Data-2789-Type1;132515.0000;DATA;1612718881.990916
/ndn/s7-site/s7/C2Data-3273-Type2;49449.0000;DATA;1612718883.956769
/ndn/d2-site/d2/C2Data-735-Type3;56062.0000;DATA;1612718897.538412
/ndn/v1-site/v1/C2Data-1894-Type3;166625.0000;DATA;1612718898.113131
/ndn/s7-site/s7/C2Data-3274-Type1;76208.0000;DATA;1612718902.748023
/ndn/v3-site/v3/C2Data-4000-Type1;75583.0000;DATA;1612718906.963345
/ndn/h7-site/h7/C2Data-854-Type2;169245.0000;DATA;1612718907.808768
/ndn/v6-site/v6/C2Data-2199-Type3;127985.0000;DATA;1612718908.360908
/ndn/v3-site/v3/C2Data-2016-Type3;846.0000;DATA;1612718908.818794
/ndn/h8-site/h8/C2Data-975-Type1;209355.0000;DATA;1612718909.743434
/ndn/d6-site/d6/C2Data-1943-Type1;157920.0000;DATA;1612718909.978820
/ndn/s1-site/s1/C2Data-2548-Type1;1177.0000;DATA;1612718911.779005
/ndn/s3-site/s3/C2Data-2790-Type1;24118.0000;DATA;1612718912.375399
/ndn/h7-site/h7/C2Data-854-Type1;174968.0000;DATA;1612718912.352986
/ndn/h3-site/h3/C2Data-39-Type5;134617.0000;DATA;1612718913.031867
/ndn/d3-site/d3/C2Data-1580-Type1;1874.0000;DATA;1612718913.628645
/ndn/s7-site/s7/C2Data-1650-Type3;1529.0000;DATA;1612718915.682299
/ndn/h8-site/h8/C2Data-491-Type3;99914.0000;DATA;1612718915.786249
/ndn/s4-site/s4/C2Data-1467-Type3;820.0000;DATA;1612718915.889836
/ndn/h9-site/h9/C2Data-552-Type3;5111.0000;DATA;1612718916.256160
/ndn/s8-site/s8/C2Data-3396-Type2;105389.0000;DATA;1612718933.687926
/ndn/d5-site/d5/C2Data-1823-Type1;52512.0000;DATA;1612718934.337139
/ndn/s7-site/s7/C2Data-3275-Type2;77669.0000;DATA;1612718934.619798
/ndn/s2-site/s2/C2Data-2670-Type1;159859.0000;DATA;1612718935.984424
/ndn/v7-site/v7/C2Data-4485-Type1;27611.0000;DATA;1612718936.463142
/ndn/h4-site/h4/C2Data-492-Type2;147766.0000;DATA;1612718937.590755
/ndn/h9-site/h9/C2Data-117-Type5;1399.0000;DATA;1612718937.949160
/ndn/v0-site/v0/C2Data-501-Type4;138254.0000;DATA;1612718941.067079
/ndn/v9-site/v9/C2Data-4727-Type2;26192.0000;DATA;1612718941.841862
/ndn/s0-site/s0/C2Data-2428-Type2;771.0000;DATA;1612718942.277390
/ndn/d4-site/d4/C2Data-1702-Type1;98315.0000;DATA;1612718943.737823
/ndn/s4-site/s4/C2Data-2912-Type1;54899.0000;DATA;1612718944.394880
/ndn/h8-site/h8/C2Data-104-Type5;395176.0000;DATA;1612718946.352398
/ndn/h8-site/h8/C2Data-201-Type4;207981.0000;DATA;1612718947.017372
/ndn/d3-site/d3/C2Data-326-Type4;65593.0000;DATA;1612718949.732747
/ndn/h0-site/h0/C2Data-1-Type4;27572.0000;DATA;1612718956.891051
/ndn/s5-site/s5/C2Data-1529-Type3;149453.0000;DATA;1612718959.358154
/ndn/h8-site/h8/C2Data-492-Type3;233056.0000;DATA;1612718960.518997
/ndn/v0-site/v0/C2Data-1834-Type3;75102.0000;DATA;1612718963.150051
/ndn/h4-site/h4/C2Data-101-Type4;24454.0000;DATA;1612718963.946649
/ndn/h2-site/h2/C2Data-251-Type2;147361.0000;DATA;1612718963.971362
/ndn/s0-site/s0/C2Data-1224-Type3;78317.0000;DATA;1612718964.192517
/ndn/d5-site/d5/C2Data-376-Type4;54336.0000;DATA;1612718964.390194
/ndn/d0-site/d0/C2Data-614-Type3;24872.0000;DATA;1612718965.261895
/ndn/v5-site/v5/C2Data-4244-Type1;229448.0000;DATA;1612718965.773178
/ndn/h6-site/h6/C2Data-735-Type1;234253.0000;DATA;1612718966.204921
/ndn/v0-site/v0/C2Data-3639-Type2;3628.0000;DATA;1612718967.186167
/ndn/d2-site/d2/C2Data-736-Type3;1365.0000;DATA;1612718967.193379
/ndn/d0-site/d0/C2Data-1219-Type1;77972.0000;DATA;1612718967.210075
/ndn/h1-site/h1/C2Data-130-Type2;145240.0000;DATA;1612718967.841668
/ndn/h4-site/h4/C2Data-493-Type2;151520.0000;DATA;1612718968.751759
/ndn/h8-site/h8/C2Data-977-Type1;193425.0000;DATA;1612718968.844764
/ndn/v4-site/v4/C2Data-4123-Type2;210133.0000;DATA;1612718971.755927
/ndn/v8-site/v8/C2Data-2322-Type3;124866.0000;DATA;1612718972.224764
/ndn/s2-site/s2/C2Data-2671-Type2;74033.0000;DATA;1612718972.526972
/ndn/d1-site/d1/C2Data-1340-Type2;75252.0000;DATA;1612718973.229334
/ndn/v6-site/v6/C2Data-4365-Type2;25286.0000;DATA;1612718974.549966
/ndn/v4-site/v4/C2Data-2078-Type3;183990.0000;DATA;1612718976.474208
/ndn/s8-site/s8/C2Data-1712-Type3;3493.0000;DATA;1612718978.952549
/ndn/v1-site/v1/C2Data-526-Type4;124825.0000;DATA;1612718984.425667
/ndn/h6-site/h6/C2Data-151-Type4;2788.0000;DATA;1612718985.817151
/ndn/d1-site/d1/C2Data-143-Type5;1172.0000;DATA;1612718995.199103
/ndn/h5-site/h5/C2Data-615-Type2;2171.0000;DATA;1612718995.811773
/ndn/d0-site/d0/C2Data-1220-Type1;144667.0000;DATA;1612718997.930026
/ndn/d9-site/d9/C2Data-2309-Type2;1095.0000;DATA;1612718999.252824
/ndn/s8-site/s8/C2Data-3398-Type1;111959.0000;DATA;1612718999.828414
/ndn/d4-site/d4/C2Data-1704-Type2;1493.0000;DATA;1612719000.147765
/ndn/s1-site/s1/C2Data-2551-Type1;178776.0000;DATA;1612719000.018900
/ndn/s6-site/s6/C2Data-3156-Type1;25715.0000;DATA;1612719002.220506
/ndn/s4-site/s4/C2Data-2915-Type1;56091.0000;DATA;1612719023.468839
/ndn/d1-site/d1/C2Data-1342-Type2;83086.0000;DATA;1612719024.304760
/ndn/s8-site/s8/C2Data-3399-Type2;123479.0000;DATA;1612719025.107911
/ndn/d4-site/d4/C2Data-1705-Type1;99767.0000;DATA;1612719025.249782
/ndn/h4-site/h4/C2Data-495-Type2;145984.0000;DATA;1612719027.264772
/ndn/h2-site/h2/C2Data-26-Type5;1561.0000;DATA;1612719027.680434
/ndn/d6-site/d6/C2Data-981-Type3;28807.0000;DATA;1612719028.356887
/ndn/h9-site/h9/C2Data-554-Type3;25519.0000;DATA;1612719028.899216
/ndn/d9-site/d9/C2Data-1164-Type3;1007.0000;DATA;1612719030.701086
/ndn/v0-site/v0/C2Data-1835-Type3;1560.0000;DATA;1612719032.688427
/ndn/v0-site/v0/C2Data-3641-Type1;134922.0000;DATA;1612719032.536537
/ndn/d2-site/d2/C2Data-1463-Type1;51703.0000;DATA;1612719033.743439
/ndn/s5-site/s5/C2Data-1530-Type3;80754.0000;DATA;1612719036.505797
/ndn/s4-site/s4/C2Data-1469-Type3;8148.0000;DATA;1612719036.611744
/ndn/v6-site/v6/C2Data-2201-Type3;4050.0000;DATA;1612719038.843589
/ndn/h0-site/h0/C2Data-5-Type3;8739.0000;DATA;1612719040.437110
/ndn/v2-site/v2/C2Data-1957-Type3;4117.0000;DATA;1612719040.503319
/ndn/d9-site/d9/C2Data-2311-Type2;56173.0000;DATA;1612719054.307470
/ndn/v9-site/v9/C2Data-4731-Type2;24877.0000;DATA;1612719054.638746
/ndn/d1-site/d1/C2Data-1343-Type2;130209.0000;DATA;1612719056.328604
/ndn/s8-site/s8/C2Data-3400-Type2;1203.0000;DATA;1612719059.743796
/ndn/d2-site/d2/C2Data-1464-Type2;67616.0000;DATA;1612719061.376742
/ndn/d3-site/d3/C2Data-1585-Type2;203467.0000;DATA;1612719061.708763
/ndn/h6-site/h6/C2Data-372-Type3;29903.0000;DATA;1612719081.984608
/ndn/h4-site/h4/C2Data-497-Type1;149616.0000;DATA;1612719084.006436
/ndn/d3-site/d3/C2Data-1586-Type1;218105.0000;DATA;1612719084.126034
/ndn/s6-site/s6/C2Data-1592-Type3;6000971.0000;TIMEOUT;1612719079.203265
/ndn/d7-site/d7/C2Data-1043-Type3;50083.0000;DATA;1612719085.383134
/ndn/v7-site/v7/C2Data-2263-Type3;74660.0000;DATA;1612719085.721172
/ndn/d7-site/d7/C2Data-2070-Type1;50848.0000;DATA;1612719088.412075
/ndn/v3-site/v3/C2Data-4006-Type1;73325.0000;DATA;1612719088.821842
/ndn/d0-site/d0/C2Data-1223-Type2;78278.0000;DATA;1612719091.235987
/ndn/v8-site/v8/C2Data-4611-Type2;167670.0000;DATA;1612719092.592976
/ndn/h0-site/h0/C2Data-13-Type2;29287.0000;DATA;1612719093.642394
/ndn/h2-site/h2/C2Data-255-Type2;993.0000;DATA;1612719093.692812
/ndn/s0-site/s0/C2Data-2433-Type1;6011760.0000;TIMEOUT;1612719088.723954
/ndn/s9-site/s9/C2Data-3522-Type2;6005102.0000;TIMEOUT;1612719093.584426
/ndn/d9-site/d9/C2Data-477-Type4;52789.0000;DATA;1612719100.243093
/ndn/h7-site/h7/C2Data-177-Type4;162222.0000;DATA;1612719103.673678
/ndn/d5-site/d5/C2Data-377-Type4;2740.0000;DATA;1612719114.660018
/ndn/h5-site/h5/C2Data-619-Type2;160859.0000;DATA;1612719115.870017
/ndn/v6-site/v6/C2Data-4370-Type2;30268.0000;DATA;1612719117.317491
/ndn/h0-site/h0/C2Data-14-Type2;33291.0000;DATA;1612719120.844819
/ndn/v3-site/v3/C2Data-4007-Type2;72296.0000;DATA;1612719121.654963
/ndn/d7-site/d7/C2Data-2071-Type1;57023.0000;DATA;1612719122.647452
/ndn/s7-site/s7/C2Data-3281-Type2;6003098.0000;TIMEOUT;1612719118.187706
/ndn/s1-site/s1/C2Data-2555-Type1;6005252.0000;TIMEOUT;1612719120.978861
/ndn/h1-site/h1/C2Data-68-Type3;197198.0000;DATA;1612719137.539089
/ndn/d7-site/d7/C2Data-427-Type4;5051.0000;DATA;1612719139.528524
/ndn/h3-site/h3/C2Data-77-Type4;750.0000;DATA;1612719142.395181
/ndn/d2-site/d2/C2Data-739-Type3;1172.0000;DATA;1612719144.087586
/ndn/d2-site/d2/C2Data-1467-Type2;53867.0000;DATA;1612719147.665552
/ndn/h4-site/h4/C2Data-499-Type1;51138.0000;DATA;1612719147.793903
/ndn/v9-site/v9/C2Data-727-Type4;892.0000;DATA;1612719148.368643
/ndn/h8-site/h8/C2Data-983-Type2;165133.0000;DATA;1612719148.406226
/ndn/h2-site/h2/C2Data-257-Type2;134705.0000;DATA;1612719152.103053
/ndn/v9-site/v9/C2Data-4734-Type2;27406.0000;DATA;1612719153.074619
/ndn/s0-site/s0/C2Data-2435-Type2;6000752.0000;TIMEOUT;1612719147.331815
/ndn/h9-site/h9/C2Data-1104-Type2;1164.0000;DATA;1612719154.394734
/ndn/s9-site/s9/C2Data-1776-Type3;6002273.0000;TIMEOUT;1612719152.358803
/ndn/s1-site/s1/C2Data-1288-Type3;6002216.0000;TIMEOUT;1612719156.689837
/ndn/h1-site/h1/C2Data-137-Type2;172938.0000;DATA;1612719172.771817
/ndn/v3-site/v3/C2Data-4009-Type1;78024.0000;DATA;1612719174.524833
/ndn/v1-site/v1/C2Data-3767-Type2;1300.0000;DATA;1612719181.518489
/ndn/v7-site/v7/C2Data-4493-Type2;3435.0000;DATA;1612719182.273574
/ndn/s7-site/s7/C2Data-3283-Type2;6003150.0000;TIMEOUT;1612719181.048508
/ndn/s6-site/s6/C2Data-3162-Type1;6000824.0000;TIMEOUT;1612719183.715749
/ndn/d3-site/d3/C2Data-801-Type3;194242.0000;DATA;1612719202.053735
/ndn/h0-site/h0/C2Data-8-Type3;3658.0000;DATA;1612719202.612671
/ndn/v0-site/v0/C2Data-3647-Type2;121364.0000;DATA;1612719204.452710
/ndn/v2-site/v2/C2Data-3889-Type1;79775.0000;DATA;1612719206.238911
/ndn/v4-site/v4/C2Data-2082-Type3;25458.0000;DATA;1612719206.386243
/ndn/v1-site/v1/C2Data-1899-Type3;126165.0000;DATA;1612719208.002696
/ndn/h8-site/h8/C2Data-496-Type3;82754.0000;DATA;1612719208.104336
/ndn/h2-site/h2/C2Data-259-Type1;120894.0000;DATA;1612719209.670778
/ndn/v6-site/v6/C2Data-4373-Type1;153920.0000;DATA;1612719210.533774
/ndn/h4-site/h4/C2Data-501-Type2;95745.0000;DATA;1612719211.551877
/ndn/v3-site/v3/C2Data-4010-Type1;904.0000;DATA;1612719212.269995
/ndn/s4-site/s4/C2Data-2921-Type2;6000950.0000;TIMEOUT;1612719208.746411
/ndn/v6-site/v6/C2Data-339-Type5;174166.0000;DATA;1612719215.479724
/ndn/h4-site/h4/C2Data-53-Type5;181388.0000;DATA;1612719218.865861
/ndn/s5-site/s5/C2Data-3042-Type1;6001766.0000;TIMEOUT;1612719213.432351
/ndn/s6-site/s6/C2Data-1594-Type3;6011851.0000;TIMEOUT;1612719219.381755
/ndn/h4-site/h4/C2Data-502-Type1;150248.0000;DATA;1612719240.652680
/ndn/s3-site/s3/C2Data-2801-Type2;6000900.0000;TIMEOUT;1612719235.613497
/ndn/v3-site/v3/C2Data-4011-Type1;73412.0000;DATA;1612719241.770776
/ndn/s6-site/s6/C2Data-3164-Type1;6000850.0000;TIMEOUT;1612719237.116813
/ndn/d9-site/d9/C2Data-478-Type4;53321.0000;DATA;1612719243.182268
/ndn/s8-site/s8/C2Data-3406-Type2;6003674.0000;TIMEOUT;1612719239.408391
/ndn/h1-site/h1/C2Data-28-Type4;88177.0000;DATA;1612719250.972709
/ndn/h4-site/h4/C2Data-253-Type3;170722.0000;DATA;1612719257.662227
/ndn/h6-site/h6/C2Data-375-Type3;273591.0000;DATA;1612719259.571202
/ndn/d9-site/d9/C2Data-1168-Type3;50734.0000;DATA;1612719260.113157
/ndn/v5-site/v5/C2Data-326-Type5;29481.0000;DATA;1612719261.499316
/ndn/v8-site/v8/C2Data-4617-Type1;171420.0000;DATA;1612719262.861086
/ndn/d0-site/d0/C2Data-253-Type4;226165.0000;DATA;1612719263.403758
/ndn/v0-site/v0/C2Data-3649-Type1;72559.0000;DATA;1612719263.647778
/ndn/d3-site/d3/C2Data-802-Type3;58673.0000;DATA;1612719264.850981
/ndn/d2-site/d2/C2Data-1471-Type2;1171.0000;DATA;1612719265.307871
/ndn/v2-site/v2/C2Data-1961-Type3;89475.0000;DATA;1612719266.277409
/ndn/v7-site/v7/C2Data-4496-Type1;83999.0000;DATA;1612719266.302192
/ndn/d6-site/d6/C2Data-112-Type6;62861.0000;DATA;1612719266.522448
/ndn/v2-site/v2/C2Data-553-Type4;997.0000;DATA;1612719267.334943
/ndn/d2-site/d2/C2Data-303-Type4;4692.0000;DATA;1612719268.208742
/ndn/d7-site/d7/C2Data-2076-Type2;49110.0000;DATA;1612719268.405788
