/ndn/v3-site/v3/C2Data-5808-Type2;118522.0000;DATA;1611606257.532732
/ndn/h7-site/h7/C2Data-847-Type2;29171.0000;DATA;1611606257.758800
/ndn/h2-site/h2/C2Data-242-Type2;229945.0000;DATA;1611606258.672820
/ndn/s10-site/s10/C2Data-4840-Type2;213661.0000;DATA;1611606265.597763
/ndn/v5-site/v5/C2Data-3050-Type3;298279.0000;DATA;1611606278.582810
/ndn/h3-site/h3/C2Data-183-Type3;279319.0000;DATA;1611606281.755358
/ndn/s7-site/s7/C2Data-2257-Type3;257103.0000;DATA;1611606282.124264
/ndn/v4-site/v4/C2Data-5930-Type2;274910.0000;DATA;1611606284.167980
/ndn/h7-site/h7/C2Data-427-Type3;23875.0000;DATA;1611606285.661805
/ndn/d6-site/d6/C2Data-2542-Type1;164412.0000;DATA;1611606285.848744
/ndn/d7-site/d7/C2Data-2663-Type1;145042.0000;DATA;1611606285.872780
/ndn/s3-site/s3/C2Data-2013-Type3;94211.0000;DATA;1611606285.963778
/ndn/h12-site/h12/C2Data-1453-Type1;230461.0000;DATA;1611606286.778727
/ndn/s5-site/s5/C2Data-2135-Type3;164291.0000;DATA;1611606287.114736
/ndn/h6-site/h6/C2Data-366-Type3;23971.0000;DATA;1611606287.263768
/ndn/d0-site/d0/C2Data-1816-Type2;202790.0000;DATA;1611606289.002738
/ndn/s1-site/s1/C2Data-1891-Type3;46993.0000;DATA;1611606289.377853
/ndn/h2-site/h2/C2Data-122-Type3;232280.0000;DATA;1611606289.292796
/ndn/v11-site/v11/C2Data-6777-Type1;191786.0000;DATA;1611606290.715559
/ndn/s7-site/s7/C2Data-4478-Type2;242528.0000;DATA;1611606291.556813
/ndn/d10-site/d10/C2Data-3026-Type1;70151.0000;DATA;1611606292.654776
/ndn/s13-site/s13/C2Data-5204-Type2;47930.0000;DATA;1611606292.763714
/ndn/d9-site/d9/C2Data-2905-Type1;117133.0000;DATA;1611606292.790789
/ndn/h1-site/h1/C2Data-61-Type3;188431.0000;DATA;1611606293.901727
/ndn/v1-site/v1/C2Data-5567-Type1;269072.0000;DATA;1611606294.978772
/ndn/d1-site/d1/C2Data-976-Type3;213865.0000;DATA;1611606295.707795
/ndn/d6-site/d6/C2Data-2542-Type2;176568.0000;DATA;1611606296.124774
/ndn/d3-site/d3/C2Data-1098-Type3;166902.0000;DATA;1611606296.888786
/ndn/s13-site/s13/C2Data-2623-Type3;43686.0000;DATA;1611606297.615841
/ndn/h9-site/h9/C2Data-549-Type3;98107.0000;DATA;1611606298.745903
/ndn/d14-site/d14/C2Data-1769-Type3;230490.0000;DATA;1611606301.427715
/ndn/d6-site/d6/C2Data-1281-Type3;181359.0000;DATA;1611606301.838801
/ndn/h5-site/h5/C2Data-305-Type3;71667.0000;DATA;1611606301.992824
/ndn/h5-site/h5/C2Data-607-Type1;73233.0000;DATA;1611606315.814863
/ndn/h5-site/h5/C2Data-607-Type2;69486.0000;DATA;1611606316.619919
/ndn/h12-site/h12/C2Data-1454-Type2;240963.0000;DATA;1611606316.482768
/ndn/h3-site/h3/C2Data-365-Type1;240116.0000;DATA;1611606316.537899
/ndn/d6-site/d6/C2Data-2543-Type2;169070.0000;DATA;1611606318.088824
/ndn/v3-site/v3/C2Data-5810-Type1;122760.0000;DATA;1611606318.634884
/ndn/d0-site/d0/C2Data-1817-Type1;125557.0000;DATA;1611606319.567713
/ndn/d1-site/d1/C2Data-1938-Type2;185232.0000;DATA;1611606320.815704
/ndn/d13-site/d13/C2Data-3390-Type1;191211.0000;DATA;1611606322.223775
/ndn/v6-site/v6/C2Data-6173-Type2;163747.0000;DATA;1611606322.771893
/ndn/v13-site/v13/C2Data-7020-Type2;142670.0000;DATA;1611606323.225798
/ndn/d13-site/d13/C2Data-3390-Type2;191684.0000;DATA;1611606323.211850
/ndn/d2-site/d2/C2Data-2059-Type1;217673.0000;DATA;1611606323.476803
/ndn/s6-site/s6/C2Data-4358-Type2;6000429.0000;TIMEOUT;1611606318.167809
/ndn/s1-site/s1/C2Data-3753-Type1;47987.0000;DATA;1611606324.206770
/ndn/s5-site/s5/C2Data-2136-Type3;171716.0000;DATA;1611606342.750696
/ndn/h0-site/h0/C2Data-1-Type3;25434.0000;DATA;1611606344.144718
/ndn/d1-site/d1/C2Data-1939-Type1;226675.0000;DATA;1611606345.364944
/ndn/d8-site/d8/C2Data-1404-Type3;218578.0000;DATA;1611606345.943774
/ndn/h8-site/h8/C2Data-971-Type1;125758.0000;DATA;1611606348.152798
/ndn/h9-site/h9/C2Data-1092-Type2;92112.0000;DATA;1611606350.841831
/ndn/s10-site/s10/C2Data-4843-Type2;6000396.0000;TIMEOUT;1611606345.175833
/ndn/d13-site/d13/C2Data-3391-Type2;192432.0000;DATA;1611606353.840791
/ndn/s2-site/s2/C2Data-3875-Type1;6000354.0000;TIMEOUT;1611606348.057896
/ndn/v4-site/v4/C2Data-2990-Type3;279845.0000;DATA;1611606354.510787
/ndn/d2-site/d2/C2Data-425-Type4;212768.0000;DATA;1611606354.664815
/ndn/d5-site/d5/C2Data-1221-Type3;50824.0000;DATA;1611606358.329806
/ndn/d0-site/d0/C2Data-916-Type3;196567.0000;DATA;1611606359.102737
/ndn/s4-site/s4/C2Data-2075-Type3;6000430.0000;TIMEOUT;1611606353.621808
/ndn/s12-site/s12/C2Data-5085-Type1;6000239.0000;TIMEOUT;1611606354.141246
/ndn/s9-site/s9/C2Data-2380-Type3;6000395.0000;TIMEOUT;1611606354.183995
/ndn/s10-site/s10/C2Data-4843-Type1;6000221.0000;TIMEOUT;1611606354.283849
/ndn/d12-site/d12/C2Data-1648-Type3;195087.0000;DATA;1611606360.515804
/ndn/v1-site/v1/C2Data-775-Type4;278302.0000;DATA;1611606362.113783
/ndn/h0-site/h0/C2Data-0-Type4;24150.0000;DATA;1611606370.148893
/ndn/h3-site/h3/C2Data-75-Type4;252092.0000;DATA;1611606375.255803
/ndn/v13-site/v13/C2Data-7022-Type1;148910.0000;DATA;1611606376.072871
/ndn/h4-site/h4/C2Data-488-Type2;75262.0000;DATA;1611606376.435790
/ndn/h6-site/h6/C2Data-150-Type4;23691.0000;DATA;1611606377.130789
/ndn/v2-site/v2/C2Data-5691-Type2;166973.0000;DATA;1611606379.080798
/ndn/d12-site/d12/C2Data-675-Type4;194519.0000;DATA;1611606379.791741
/ndn/h14-site/h14/C2Data-1698-Type2;190952.0000;DATA;1611606380.532016
/ndn/d11-site/d11/C2Data-3150-Type1;221679.0000;DATA;1611606382.182748
/ndn/v10-site/v10/C2Data-6659-Type2;168545.0000;DATA;1611606382.432748
/ndn/v9-site/v9/C2Data-6538-Type2;94992.0000;DATA;1611606382.628728
/ndn/s3-site/s3/C2Data-3997-Type2;6000421.0000;TIMEOUT;1611606379.111818
/ndn/d7-site/d7/C2Data-2666-Type2;145347.0000;DATA;1611606385.383854
/ndn/d4-site/d4/C2Data-2303-Type1;215796.0000;DATA;1611606385.542865
/ndn/s8-site/s8/C2Data-4602-Type1;6000274.0000;TIMEOUT;1611606380.348853
/ndn/d11-site/d11/C2Data-650-Type4;243893.0000;DATA;1611606389.737823
/ndn/s14-site/s14/C2Data-5328-Type1;6003172.0000;TIMEOUT;1611606385.199776
/ndn/v10-site/v10/C2Data-1000-Type4;180602.0000;DATA;1611606395.180022
/ndn/v6-site/v6/C2Data-900-Type4;174055.0000;DATA;1611606399.946794
/ndn/d1-site/d1/C2Data-978-Type3;222479.0000;DATA;1611606401.878767
/ndn/d4-site/d4/C2Data-1161-Type3;221392.0000;DATA;1611606403.859730
/ndn/d14-site/d14/C2Data-3514-Type2;190610.0000;DATA;1611606404.658813
/ndn/d8-site/d8/C2Data-1405-Type3;216574.0000;DATA;1611606404.797795
/ndn/d0-site/d0/C2Data-375-Type4;191838.0000;DATA;1611606405.078828
/ndn/h3-site/h3/C2Data-185-Type3;233175.0000;DATA;1611606406.240923
/ndn/d5-site/d5/C2Data-2425-Type2;47381.0000;DATA;1611606407.782826
/ndn/d1-site/d1/C2Data-1941-Type2;212021.0000;DATA;1611606407.693812
/ndn/d7-site/d7/C2Data-1344-Type3;141225.0000;DATA;1611606408.174806
/ndn/h2-site/h2/C2Data-50-Type4;239810.0000;DATA;1611606408.195778
/ndn/d6-site/d6/C2Data-2546-Type1;169047.0000;DATA;1611606408.416774
/ndn/h11-site/h11/C2Data-275-Type4;213920.0000;DATA;1611606408.452762
/ndn/d0-site/d0/C2Data-1820-Type1;188018.0000;DATA;1611606409.145727
/ndn/h8-site/h8/C2Data-490-Type3;116679.0000;DATA;1611606409.376900
/ndn/h4-site/h4/C2Data-489-Type1;69600.0000;DATA;1611606410.096714
/ndn/h8-site/h8/C2Data-973-Type2;118065.0000;DATA;1611606410.433713
/ndn/d0-site/d0/C2Data-1820-Type2;190110.0000;DATA;1611606410.402855
/ndn/h10-site/h10/C2Data-1215-Type1;190308.0000;DATA;1611606413.099797
/ndn/s9-site/s9/C2Data-4724-Type2;6000281.0000;TIMEOUT;1611606407.363765
/ndn/d7-site/d7/C2Data-2667-Type2;141006.0000;DATA;1611606414.544851
/ndn/d2-site/d2/C2Data-1039-Type3;213696.0000;DATA;1611606415.931832
/ndn/d6-site/d6/C2Data-1283-Type3;206529.0000;DATA;1611606416.166821
/ndn/s10-site/s10/C2Data-2442-Type3;6000966.0000;TIMEOUT;1611606410.655887
/ndn/d14-site/d14/C2Data-1771-Type3;195712.0000;DATA;1611606416.576844
/ndn/v1-site/v1/C2Data-2808-Type3;264662.0000;DATA;1611606417.842896
/ndn/s4-site/s4/C2Data-2076-Type3;6000271.0000;TIMEOUT;1611606416.113971
/ndn/d11-site/d11/C2Data-3152-Type1;215389.0000;DATA;1611606434.194764
/ndn/v12-site/v12/C2Data-6903-Type2;260251.0000;DATA;1611606437.956732
/ndn/d2-site/d2/C2Data-2063-Type2;215716.0000;DATA;1611606438.043813
/ndn/d5-site/d5/C2Data-2426-Type1;49470.0000;DATA;1611606439.851796
/ndn/s2-site/s2/C2Data-3878-Type1;6000489.0000;TIMEOUT;1611606435.499717
/ndn/h4-site/h4/C2Data-490-Type1;72120.0000;DATA;1611606441.440699
/ndn/v4-site/v4/C2Data-5935-Type2;297978.0000;DATA;1611606441.790795
/ndn/d9-site/d9/C2Data-2910-Type1;115026.0000;DATA;1611606442.230785
/ndn/d7-site/d7/C2Data-2668-Type1;150079.0000;DATA;1611606442.503791
/ndn/d5-site/d5/C2Data-2426-Type2;49189.0000;DATA;1611606443.089827
/ndn/d7-site/d7/C2Data-2668-Type2;141158.0000;DATA;1611606443.559792
/ndn/v12-site/v12/C2Data-6903-Type1;288906.0000;DATA;1611606443.771703
/ndn/h13-site/h13/C2Data-796-Type3;131018.0000;DATA;1611606458.438806
/ndn/h10-site/h10/C2Data-1217-Type2;186668.0000;DATA;1611606465.360807
/ndn/v13-site/v13/C2Data-7025-Type2;147853.0000;DATA;1611606466.302726
/ndn/d7-site/d7/C2Data-2669-Type1;145379.0000;DATA;1611606466.911846
/ndn/v11-site/v11/C2Data-6783-Type2;189337.0000;DATA;1611606468.325776
/ndn/h5-site/h5/C2Data-612-Type1;71619.0000;DATA;1611606468.768816
/ndn/h12-site/h12/C2Data-1459-Type1;238852.0000;DATA;1611606468.694916
/ndn/s11-site/s11/C2Data-2504-Type3;6000321.0000;TIMEOUT;1611606463.819735
