/ndn/h1-site/h1/C2Data-121-Type2;143898.0000;DATA;1611602007.895129
/ndn/d6-site/d6/C2Data-2541-Type2;197604.0000;DATA;1611602008.454260
/ndn/v4-site/v4/C2Data-5929-Type1;39760.0000;DATA;1611602009.487163
/ndn/d11-site/d11/C2Data-3146-Type1;53834.0000;DATA;1611602009.825193
/ndn/v0-site/v0/C2Data-5445-Type1;193805.0000;DATA;1611602010.144209
/ndn/h4-site/h4/C2Data-484-Type1;240026.0000;DATA;1611602010.228105
/ndn/d14-site/d14/C2Data-3509-Type1;192056.0000;DATA;1611602011.280163
/ndn/s7-site/s7/C2Data-4477-Type2;219331.0000;DATA;1611602014.187295
/ndn/s1-site/s1/C2Data-3751-Type1;317293.0000;DATA;1611602014.493171
/ndn/s5-site/s5/C2Data-4235-Type1;104238.0000;DATA;1611602016.648197
/ndn/s0-site/s0/C2Data-3630-Type2;186583.0000;DATA;1611602018.653124
/ndn/h8-site/h8/C2Data-968-Type1;174235.0000;DATA;1611602018.815201
/ndn/h9-site/h9/C2Data-1089-Type1;168624.0000;DATA;1611602018.960170
/ndn/v8-site/v8/C2Data-3233-Type3;119781.0000;NACK;1611602033.757204
/ndn/v11-site/v11/C2Data-3416-Type3;164918.0000;DATA;1611602035.066137
/ndn/h13-site/h13/C2Data-793-Type3;278754.0000;DATA;1611602036.383174
/ndn/v9-site/v9/C2Data-6535-Type2;107637.0000;NACK;1611602037.898116
/ndn/v10-site/v10/C2Data-6656-Type1;120879.0000;DATA;1611602039.045189
/ndn/d2-site/d2/C2Data-2058-Type1;121793.0000;DATA;1611602040.078150
/ndn/h7-site/h7/C2Data-848-Type1;295632.0000;DATA;1611602040.161206
/ndn/h9-site/h9/C2Data-1090-Type1;163607.0000;DATA;1611602041.673139
/ndn/d0-site/d0/C2Data-915-Type3;97176.0000;DATA;1611602042.033368
/ndn/h11-site/h11/C2Data-1332-Type2;196501.0000;DATA;1611602042.450219
/ndn/s14-site/s14/C2Data-5325-Type1;187818.0000;DATA;1611602042.620208
/ndn/d10-site/d10/C2Data-3026-Type2;233657.0000;DATA;1611602042.575248
/ndn/s1-site/s1/C2Data-3752-Type2;308753.0000;DATA;1611602042.575886
/ndn/d9-site/d9/C2Data-2905-Type2;156996.0000;DATA;1611602043.016126
/ndn/s3-site/s3/C2Data-2013-Type3;279929.0000;DATA;1611602042.949219
/ndn/d6-site/d6/C2Data-2542-Type2;190734.0000;DATA;1611602043.299207
/ndn/s3-site/s3/C2Data-3994-Type1;294221.0000;DATA;1611602043.768231
/ndn/d14-site/d14/C2Data-1769-Type3;193104.0000;DATA;1611602043.909206
/ndn/s8-site/s8/C2Data-2318-Type3;215496.0000;DATA;1611602044.008244
/ndn/v6-site/v6/C2Data-6172-Type1;163767.0000;DATA;1611602044.344236
/ndn/d3-site/d3/C2Data-1098-Type3;163235.0000;DATA;1611602044.476279
/ndn/d12-site/d12/C2Data-1647-Type3;72958.0000;DATA;1611602044.774378
/ndn/v2-site/v2/C2Data-5688-Type1;140885.0000;DATA;1611602045.130244
/ndn/v4-site/v4/C2Data-2989-Type3;23823.0000;DATA;1611602045.945138
/ndn/h10-site/h10/C2Data-610-Type3;169186.0000;DATA;1611602048.825146
/ndn/h5-site/h5/C2Data-305-Type3;184950.0000;DATA;1611602049.281281
/ndn/h8-site/h8/C2Data-488-Type3;166516.0000;DATA;1611602049.464299
/ndn/s13-site/s13/C2Data-5204-Type2;106332.0000;NACK;1611602049.633217
/ndn/s7-site/s7/C2Data-4478-Type2;221488.0000;DATA;1611602049.627161
/ndn/d9-site/d9/C2Data-1464-Type3;151946.0000;DATA;1611602050.886159
/ndn/s14-site/s14/C2Data-5326-Type2;190663.0000;DATA;1611602067.976863
/ndn/s10-site/s10/C2Data-4842-Type1;269241.0000;DATA;1611602068.052240
/ndn/h8-site/h8/C2Data-970-Type2;172412.0000;DATA;1611602068.243136
/ndn/d12-site/d12/C2Data-3269-Type1;70832.0000;DATA;1611602069.241201
/ndn/s0-site/s0/C2Data-3632-Type2;187679.0000;DATA;1611602069.192191
/ndn/s11-site/s11/C2Data-4963-Type1;284497.0000;DATA;1611602070.922198
/ndn/h14-site/h14/C2Data-1696-Type2;238852.0000;DATA;1611602070.982173
/ndn/s2-site/s2/C2Data-3874-Type1;193747.0000;DATA;1611602071.246348
/ndn/s8-site/s8/C2Data-4600-Type2;221150.0000;DATA;1611602071.411207
/ndn/s1-site/s1/C2Data-3753-Type1;311983.0000;DATA;1611602071.569221
/ndn/s9-site/s9/C2Data-4721-Type1;211662.0000;DATA;1611602072.178241
/ndn/d4-site/d4/C2Data-2301-Type1;190245.0000;DATA;1611602072.582268
/ndn/d7-site/d7/C2Data-2664-Type1;115556.0000;DATA;1611602074.776223
/ndn/d5-site/d5/C2Data-2422-Type1;231628.0000;DATA;1611602078.142177
/ndn/v8-site/v8/C2Data-6415-Type2;269839.0000;DATA;1611602078.865228
/ndn/v2-site/v2/C2Data-2868-Type3;141652.0000;DATA;1611602095.436254
/ndn/h0-site/h0/C2Data-1-Type3;289453.0000;DATA;1611602095.299198
/ndn/v10-site/v10/C2Data-3356-Type3;142710.0000;DATA;1611602097.052123
/ndn/h11-site/h11/C2Data-672-Type3;187728.0000;DATA;1611602098.134125
/ndn/h0-site/h0/C2Data-3-Type2;262347.0000;DATA;1611602098.245526
/ndn/h4-site/h4/C2Data-487-Type1;233503.0000;DATA;1611602098.350369
/ndn/v3-site/v3/C2Data-2929-Type3;233759.0000;DATA;1611602099.501103
/ndn/s7-site/s7/C2Data-2258-Type3;6000296.0000;TIMEOUT;1611602093.851206
/ndn/d6-site/d6/C2Data-2544-Type2;187136.0000;DATA;1611602100.621228
/ndn/h1-site/h1/C2Data-124-Type2;140325.0000;DATA;1611602101.351187
/ndn/s11-site/s11/C2Data-4964-Type1;282278.0000;DATA;1611602101.671168
/ndn/d14-site/d14/C2Data-1770-Type3;194675.0000;DATA;1611602102.802209
/ndn/d0-site/d0/C2Data-916-Type3;96200.0000;DATA;1611602103.006178
/ndn/s1-site/s1/C2Data-3754-Type2;6000248.0000;TIMEOUT;1611602097.895108
/ndn/h8-site/h8/C2Data-971-Type1;165367.0000;DATA;1611602104.140242
/ndn/s6-site/s6/C2Data-4359-Type1;6000371.0000;TIMEOUT;1611602098.366239
/ndn/h12-site/h12/C2Data-1455-Type1;219181.0000;DATA;1611602104.492106
/ndn/s1-site/s1/C2Data-1892-Type3;6000279.0000;TIMEOUT;1611602098.757250
/ndn/v13-site/v13/C2Data-3539-Type3;212554.0000;DATA;1611602104.662113
/ndn/d9-site/d9/C2Data-1465-Type3;141690.0000;DATA;1611602106.290145
/ndn/h14-site/h14/C2Data-855-Type3;143749.0000;DATA;1611602106.644206
/ndn/d0-site/d0/C2Data-1818-Type2;93254.0000;DATA;1611602107.143165
/ndn/d8-site/d8/C2Data-2786-Type2;92500.0000;DATA;1611602108.425195
/ndn/h7-site/h7/C2Data-850-Type1;286002.0000;DATA;1611602108.462109
/ndn/d10-site/d10/C2Data-3028-Type2;240518.0000;DATA;1611602108.890203
/ndn/d1-site/d1/C2Data-1939-Type2;263491.0000;DATA;1611602109.310183
/ndn/h4-site/h4/C2Data-487-Type2;239661.0000;DATA;1611602109.590187
/ndn/v2-site/v2/C2Data-800-Type4;141136.0000;DATA;1611602111.112113
/ndn/d7-site/d7/C2Data-550-Type4;120668.0000;DATA;1611602111.176120
/ndn/d10-site/d10/C2Data-625-Type4;238415.0000;DATA;1611602113.477248
/ndn/d2-site/d2/C2Data-1038-Type3;117525.0000;DATA;1611602114.944131
/ndn/h3-site/h3/C2Data-184-Type3;24098.0000;DATA;1611602115.676247
/ndn/v11-site/v11/C2Data-3417-Type3;182930.0000;DATA;1611602115.818111
/ndn/s3-site/s3/C2Data-2014-Type3;6000278.0000;TIMEOUT;1611602112.224170
/ndn/h14-site/h14/C2Data-350-Type4;264151.0000;DATA;1611602119.381415
/ndn/d0-site/d0/C2Data-375-Type4;108062.0000;DATA;1611602119.917200
/ndn/h7-site/h7/C2Data-851-Type1;294834.0000;DATA;1611602128.257195
/ndn/v14-site/v14/C2Data-7143-Type2;213608.0000;DATA;1611602131.992106
/ndn/h1-site/h1/C2Data-25-Type4;141973.0000;DATA;1611602132.224178
/ndn/h0-site/h0/C2Data-0-Type4;271329.0000;DATA;1611602132.793187
/ndn/h5-site/h5/C2Data-609-Type1;193077.0000;DATA;1611602133.152213
/ndn/d12-site/d12/C2Data-3271-Type2;75088.0000;DATA;1611602134.366220
/ndn/v1-site/v1/C2Data-5570-Type1;48525.0000;DATA;1611602136.072819
/ndn/h10-site/h10/C2Data-1214-Type2;170700.0000;DATA;1611602136.022214
/ndn/s6-site/s6/C2Data-4360-Type2;6000179.0000;TIMEOUT;1611602130.659185
/ndn/s8-site/s8/C2Data-4602-Type2;6000377.0000;TIMEOUT;1611602131.512241
/ndn/d10-site/d10/C2Data-3029-Type2;238482.0000;DATA;1611602137.484227
/ndn/v13-site/v13/C2Data-7022-Type1;215399.0000;DATA;1611602138.619140
/ndn/d1-site/d1/C2Data-1940-Type1;253499.0000;DATA;1611602138.779185
/ndn/v0-site/v0/C2Data-5449-Type1;192690.0000;DATA;1611602138.930185
/ndn/s3-site/s3/C2Data-3997-Type2;6000574.0000;TIMEOUT;1611602138.768174
/ndn/h10-site/h10/C2Data-250-Type4;227067.0000;DATA;1611602150.787948
/ndn/v6-site/v6/C2Data-900-Type4;170196.0000;DATA;1611602151.227168
/ndn/v6-site/v6/C2Data-3113-Type3;171487.0000;DATA;1611602153.524204
/ndn/d4-site/d4/C2Data-1161-Type3;187093.0000;DATA;1611602157.996112
/ndn/h11-site/h11/C2Data-1336-Type2;193118.0000;DATA;1611602160.040181
/ndn/h7-site/h7/C2Data-852-Type2;288474.0000;DATA;1611602160.638016
/ndn/v13-site/v13/C2Data-3540-Type3;216858.0000;DATA;1611602161.130202
/ndn/d9-site/d9/C2Data-1466-Type3;141568.0000;DATA;1611602162.362185
/ndn/h12-site/h12/C2Data-1457-Type1;280170.0000;DATA;1611602162.617106
/ndn/v14-site/v14/C2Data-7144-Type1;213094.0000;DATA;1611602163.589207
/ndn/d3-site/d3/C2Data-2183-Type2;181153.0000;DATA;1611602163.946109
/ndn/d12-site/d12/C2Data-3272-Type2;69987.0000;DATA;1611602164.223123
/ndn/v0-site/v0/C2Data-2747-Type3;190161.0000;DATA;1611602164.412258
/ndn/d0-site/d0/C2Data-917-Type3;94101.0000;DATA;1611602165.198142
/ndn/s8-site/s8/C2Data-2320-Type3;6000313.0000;TIMEOUT;1611602159.445131
/ndn/d14-site/d14/C2Data-1771-Type3;188044.0000;DATA;1611602166.810190
/ndn/s12-site/s12/C2Data-5087-Type2;6000662.0000;TIMEOUT;1611602161.063837
/ndn/s9-site/s9/C2Data-4724-Type1;6000327.0000;TIMEOUT;1611602161.271194
/ndn/s9-site/s9/C2Data-2381-Type3;6000893.0000;TIMEOUT;1611602161.989846
/ndn/s10-site/s10/C2Data-4845-Type1;6000447.0000;TIMEOUT;1611602162.374149
/ndn/s10-site/s10/C2Data-4845-Type2;6000564.0000;TIMEOUT;1611602163.965123
/ndn/s3-site/s3/C2Data-2015-Type3;6000232.0000;TIMEOUT;1611602164.709156
/ndn/s12-site/s12/C2Data-2564-Type3;6000417.0000;TIMEOUT;1611602166.644244
/ndn/d12-site/d12/C2Data-1649-Type3;78605.0000;DATA;1611602172.742279
/ndn/s7-site/s7/C2Data-4482-Type2;6000730.0000;TIMEOUT;1611602166.980120
/ndn/h13-site/h13/C2Data-795-Type3;218758.0000;DATA;1611602174.063170
/ndn/v10-site/v10/C2Data-6661-Type2;124731.0000;DATA;1611602190.288115
/ndn/v5-site/v5/C2Data-6056-Type1;23688.0000;DATA;1611602194.010140
/ndn/d6-site/d6/C2Data-2547-Type2;191565.0000;DATA;1611602193.957195
/ndn/s9-site/s9/C2Data-4725-Type2;6000705.0000;TIMEOUT;1611602189.259216
/ndn/s12-site/s12/C2Data-5088-Type1;6000244.0000;TIMEOUT;1611602191.097180
/ndn/v2-site/v2/C2Data-5693-Type1;146926.0000;DATA;1611602197.838885
/ndn/s7-site/s7/C2Data-4483-Type1;6000299.0000;TIMEOUT;1611602192.130291
/ndn/d12-site/d12/C2Data-3273-Type1;74280.0000;DATA;1611602198.316183
/ndn/d11-site/d11/C2Data-3152-Type2;50761.0000;DATA;1611602199.677212
/ndn/s13-site/s13/C2Data-5209-Type2;6013074.0000;TIMEOUT;1611602196.662165
/ndn/s11-site/s11/C2Data-4967-Type1;6000356.0000;TIMEOUT;1611602197.553154
/ndn/h10-site/h10/C2Data-613-Type3;178852.0000;DATA;1611602214.410199
/ndn/v10-site/v10/C2Data-3358-Type3;114999.0000;DATA;1611602215.070358
/ndn/s10-site/s10/C2Data-2443-Type3;6000483.0000;TIMEOUT;1611602212.775281
/ndn/v7-site/v7/C2Data-6299-Type2;46961.0000;DATA;1611602219.861136
/ndn/v13-site/v13/C2Data-3541-Type3;215933.0000;DATA;1611602219.889106
/ndn/d12-site/d12/C2Data-3274-Type1;70643.0000;DATA;1611602221.339959
/ndn/h11-site/h11/C2Data-1338-Type1;191510.0000;DATA;1611602221.312184
/ndn/v11-site/v11/C2Data-3419-Type3;162452.0000;DATA;1611602221.653105
/ndn/d1-site/d1/C2Data-1943-Type1;265838.0000;DATA;1611602222.203135
/ndn/d8-site/d8/C2Data-2790-Type1;93124.0000;DATA;1611602222.511108
