/ndn/v11-site/v11/C2Data-6776-Type1;148597.0000;DATA;1611602007.931163
/ndn/d1-site/d1/C2Data-1936-Type1;242883.0000;DATA;1611602008.071176
/ndn/v10-site/v10/C2Data-6655-Type1;93171.0000;DATA;1611602011.971343
/ndn/h8-site/h8/C2Data-968-Type2;140713.0000;DATA;1611602013.828400
/ndn/s11-site/s11/C2Data-4961-Type1;85360.0000;NACK;1611602017.449103
/ndn/d0-site/d0/C2Data-1815-Type2;70026.0000;DATA;1611602017.584091
/ndn/h9-site/h9/C2Data-1089-Type2;147944.0000;DATA;1611602018.334192
/ndn/h2-site/h2/C2Data-122-Type3;281605.0000;DATA;1611602034.394140
/ndn/h1-site/h1/C2Data-61-Type3;122798.0000;DATA;1611602034.767160
/ndn/d10-site/d10/C2Data-1525-Type3;242328.0000;DATA;1611602035.278168
/ndn/d4-site/d4/C2Data-2300-Type2;164407.0000;DATA;1611602037.936947
/ndn/v6-site/v6/C2Data-3111-Type3;144261.0000;DATA;1611602038.163165
/ndn/v8-site/v8/C2Data-6414-Type1;83524.0000;NACK;1611602038.747236
/ndn/d2-site/d2/C2Data-2058-Type1;92703.0000;DATA;1611602039.541086
/ndn/d12-site/d12/C2Data-3268-Type2;48262.0000;DATA;1611602039.922145
/ndn/v14-site/v14/C2Data-7140-Type2;84781.0000;NACK;1611602041.173109
/ndn/d13-site/d13/C2Data-3389-Type1;142713.0000;DATA;1611602041.703174
/ndn/v7-site/v7/C2Data-6293-Type2;23767.0000;DATA;1611602041.990130
/ndn/v10-site/v10/C2Data-3355-Type3;92301.0000;DATA;1611602042.437184
/ndn/d3-site/d3/C2Data-1098-Type3;144153.0000;DATA;1611602043.371169
/ndn/s7-site/s7/C2Data-2257-Type3;184650.0000;DATA;1611602045.747202
/ndn/v5-site/v5/C2Data-6051-Type1;46773.0000;DATA;1611602046.926183
/ndn/h11-site/h11/C2Data-671-Type3;166232.0000;DATA;1611602047.034166
/ndn/v6-site/v6/C2Data-6172-Type1;138098.0000;DATA;1611602048.001258
/ndn/s13-site/s13/C2Data-5204-Type1;85748.0000;NACK;1611602049.434154
/ndn/s9-site/s9/C2Data-2379-Type3;194993.0000;DATA;1611602050.450177
/ndn/h4-site/h4/C2Data-244-Type3;222489.0000;DATA;1611602050.638161
/ndn/h12-site/h12/C2Data-732-Type3;273265.0000;DATA;1611602055.360118
/ndn/v3-site/v3/C2Data-2928-Type3;260448.0000;DATA;1611602055.681184
/ndn/h1-site/h1/C2Data-123-Type2;119937.0000;DATA;1611602069.160174
/ndn/h12-site/h12/C2Data-1454-Type1;263392.0000;DATA;1611602071.034189
/ndn/h4-site/h4/C2Data-486-Type2;218917.0000;DATA;1611602072.052244
/ndn/s0-site/s0/C2Data-3632-Type1;167810.0000;DATA;1611602072.551754
/ndn/v12-site/v12/C2Data-6899-Type2;25866.0000;DATA;1611602072.793224
/ndn/d5-site/d5/C2Data-2422-Type1;190146.0000;DATA;1611602072.999217
/ndn/d2-site/d2/C2Data-2059-Type1;92620.0000;DATA;1611602074.543125
/ndn/d1-site/d1/C2Data-1938-Type2;235500.0000;DATA;1611602074.475258
/ndn/v1-site/v1/C2Data-5568-Type2;24500.0000;DATA;1611602075.775139
/ndn/s10-site/s10/C2Data-4842-Type2;240919.0000;DATA;1611602076.485382
/ndn/v13-site/v13/C2Data-7020-Type2;197795.0000;DATA;1611602076.675134
/ndn/h8-site/h8/C2Data-970-Type2;142931.0000;DATA;1611602077.100180
/ndn/h2-site/h2/C2Data-244-Type2;278505.0000;DATA;1611602077.003175
/ndn/v11-site/v11/C2Data-6778-Type2;144735.0000;DATA;1611602078.034086
/ndn/d14-site/d14/C2Data-3511-Type1;176214.0000;DATA;1611602079.237160
/ndn/s11-site/s11/C2Data-2502-Type3;269568.0000;DATA;1611602093.003177
/ndn/v4-site/v4/C2Data-2990-Type3;49863.0000;DATA;1611602099.271091
/ndn/v5-site/v5/C2Data-6053-Type2;49945.0000;DATA;1611602099.392148
/ndn/s9-site/s9/C2Data-2380-Type3;189083.0000;DATA;1611602100.575179
/ndn/h7-site/h7/C2Data-850-Type2;256937.0000;DATA;1611602101.121174
/ndn/h2-site/h2/C2Data-245-Type2;259794.0000;DATA;1611602101.209181
/ndn/h0-site/h0/C2Data-3-Type1;234707.0000;DATA;1611602101.263259
/ndn/d8-site/d8/C2Data-2786-Type1;75677.0000;DATA;1611602102.363261
/ndn/d0-site/d0/C2Data-1818-Type2;72482.0000;DATA;1611602103.382120
/ndn/d3-site/d3/C2Data-2181-Type1;143392.0000;DATA;1611602103.324183
/ndn/d12-site/d12/C2Data-1648-Type3;50541.0000;DATA;1611602104.214134
/ndn/s13-site/s13/C2Data-5206-Type2;280765.0000;DATA;1611602104.449129
/ndn/h6-site/h6/C2Data-729-Type2;212995.0000;DATA;1611602106.275178
/ndn/h7-site/h7/C2Data-175-Type4;265316.0000;DATA;1611602106.585197
/ndn/v2-site/v2/C2Data-5690-Type1;118233.0000;DATA;1611602106.779271
/ndn/v6-site/v6/C2Data-3112-Type3;140443.0000;DATA;1611602107.110099
/ndn/h4-site/h4/C2Data-245-Type3;213072.0000;DATA;1611602108.218167
/ndn/h12-site/h12/C2Data-1455-Type1;259478.0000;DATA;1611602108.989189
/ndn/h14-site/h14/C2Data-1697-Type1;210972.0000;DATA;1611602109.064156
/ndn/d11-site/d11/C2Data-1587-Type3;23608.0000;DATA;1611602111.148194
/ndn/h8-site/h8/C2Data-200-Type4;143289.0000;DATA;1611602114.579154
/ndn/s9-site/s9/C2Data-4722-Type2;6002045.0000;TIMEOUT;1611602108.824164
/ndn/v11-site/v11/C2Data-3417-Type3;144919.0000;DATA;1611602115.110156
/ndn/s2-site/s2/C2Data-1953-Type3;6000224.0000;TIMEOUT;1611602111.747126
/ndn/v0-site/v0/C2Data-750-Type4;206672.0000;DATA;1611602117.802133
/ndn/h10-site/h10/C2Data-250-Type4;230928.0000;DATA;1611602121.858243
/ndn/v5-site/v5/C2Data-875-Type4;53474.0000;DATA;1611602124.663729
/ndn/v14-site/v14/C2Data-1100-Type4;358577.0000;DATA;1611602127.095169
/ndn/v4-site/v4/C2Data-5933-Type1;51460.0000;DATA;1611602130.476123
/ndn/d4-site/d4/C2Data-475-Type4;166765.0000;DATA;1611602131.441077
/ndn/h12-site/h12/C2Data-1456-Type1;262898.0000;DATA;1611602131.742186
/ndn/h11-site/h11/C2Data-1335-Type1;170535.0000;DATA;1611602132.632145
/ndn/s3-site/s3/C2Data-3997-Type2;6000268.0000;TIMEOUT;1611602130.376093
/ndn/d14-site/d14/C2Data-725-Type4;164347.0000;DATA;1611602136.819122
/ndn/s5-site/s5/C2Data-4239-Type1;6000332.0000;TIMEOUT;1611602131.271179
/ndn/h11-site/h11/C2Data-1335-Type2;168546.0000;DATA;1611602137.218141
/ndn/h14-site/h14/C2Data-1698-Type2;206773.0000;DATA;1611602137.365137
/ndn/v14-site/v14/C2Data-7143-Type2;193134.0000;DATA;1611602138.255164
/ndn/d3-site/d3/C2Data-450-Type4;148627.0000;DATA;1611602138.750093
/ndn/v5-site/v5/C2Data-6054-Type1;47420.0000;DATA;1611602139.579208
/ndn/d0-site/d0/C2Data-917-Type3;70697.0000;DATA;1611602152.036154
/ndn/h0-site/h0/C2Data-0-Type4;243654.0000;DATA;1611602152.983144
/ndn/v9-site/v9/C2Data-975-Type4;309261.0000;DATA;1611602153.241958
/ndn/v7-site/v7/C2Data-3174-Type3;23959.0000;DATA;1611602153.629190
/ndn/d12-site/d12/C2Data-1649-Type3;47828.0000;DATA;1611602153.902480
/ndn/v3-site/v3/C2Data-2930-Type3;221644.0000;DATA;1611602154.278166
/ndn/d5-site/d5/C2Data-1222-Type3;195537.0000;DATA;1611602156.242164
/ndn/v1-site/v1/C2Data-5571-Type2;23827.0000;DATA;1611602158.712241
/ndn/v7-site/v7/C2Data-925-Type4;23822.0000;DATA;1611602159.752153
/ndn/v1-site/v1/C2Data-2808-Type3;23705.0000;DATA;1611602160.532129
/ndn/d10-site/d10/C2Data-1527-Type3;209974.0000;DATA;1611602161.063142
/ndn/h6-site/h6/C2Data-368-Type3;213716.0000;DATA;1611602161.362129
/ndn/d9-site/d9/C2Data-2909-Type2;119273.0000;DATA;1611602162.390086
/ndn/h6-site/h6/C2Data-150-Type4;213554.0000;DATA;1611602163.486124
/ndn/s6-site/s6/C2Data-4361-Type1;6000265.0000;TIMEOUT;1611602158.824113
/ndn/h0-site/h0/C2Data-5-Type2;238522.0000;DATA;1611602165.697194
/ndn/h9-site/h9/C2Data-1094-Type2;150254.0000;DATA;1611602166.165191
/ndn/d1-site/d1/C2Data-1941-Type2;240098.0000;DATA;1611602167.971096
/ndn/s0-site/s0/C2Data-3635-Type1;6000510.0000;TIMEOUT;1611602162.756192
/ndn/s0-site/s0/C2Data-3635-Type2;6000754.0000;TIMEOUT;1611602163.078093
/ndn/v6-site/v6/C2Data-3113-Type3;144346.0000;DATA;1611602169.172120
/ndn/v14-site/v14/C2Data-3601-Type3;198503.0000;DATA;1611602173.152124
/ndn/d9-site/d9/C2Data-1466-Type3;127853.0000;DATA;1611602173.315111
/ndn/s8-site/s8/C2Data-4603-Type1;6003604.0000;TIMEOUT;1611602168.128890
/ndn/s6-site/s6/C2Data-4361-Type2;6006436.0000;TIMEOUT;1611602169.199119
/ndn/v11-site/v11/C2Data-6782-Type1;139750.0000;DATA;1611602187.904176
/ndn/v4-site/v4/C2Data-5935-Type1;58500.0000;DATA;1611602189.482159
/ndn/h14-site/h14/C2Data-1700-Type1;217812.0000;DATA;1611602191.502151
/ndn/d9-site/d9/C2Data-2910-Type2;127232.0000;DATA;1611602192.213195
/ndn/v2-site/v2/C2Data-5693-Type1;126806.0000;DATA;1611602192.328226
/ndn/s0-site/s0/C2Data-3636-Type2;6001191.0000;TIMEOUT;1611602188.942170
/ndn/v3-site/v3/C2Data-5814-Type2;209823.0000;DATA;1611602195.280085
/ndn/h9-site/h9/C2Data-1095-Type2;138998.0000;DATA;1611602195.469190
/ndn/h10-site/h10/C2Data-1216-Type2;145444.0000;DATA;1611602197.809093
/ndn/v2-site/v2/C2Data-5693-Type2;125496.0000;DATA;1611602198.337126
/ndn/v9-site/v9/C2Data-6540-Type2;249412.0000;DATA;1611602198.221094
/ndn/s13-site/s13/C2Data-5209-Type2;6000357.0000;TIMEOUT;1611602193.084112
/ndn/s9-site/s9/C2Data-4725-Type1;6000234.0000;TIMEOUT;1611602198.512114
/ndn/h8-site/h8/C2Data-491-Type3;137889.0000;DATA;1611602217.116128
/ndn/h10-site/h10/C2Data-613-Type3;139578.0000;DATA;1611602217.209171
/ndn/v1-site/v1/C2Data-2809-Type3;25548.0000;DATA;1611602218.059169
/ndn/d3-site/d3/C2Data-1101-Type3;142630.0000;DATA;1611602218.356140
/ndn/v10-site/v10/C2Data-6662-Type1;106194.0000;DATA;1611602219.245250
/ndn/s10-site/s10/C2Data-2443-Type3;6000421.0000;TIMEOUT;1611602213.471111
/ndn/h10-site/h10/C2Data-1217-Type2;142584.0000;DATA;1611602220.207143
/ndn/h9-site/h9/C2Data-1096-Type2;142781.0000;DATA;1611602220.812135
/ndn/v12-site/v12/C2Data-6904-Type1;24776.0000;DATA;1611602222.953100
/ndn/v13-site/v13/C2Data-7025-Type1;185988.0000;DATA;1611602223.165168
