/ndn/d6-site/d6/C2Data-1936-Type2;133773.0000;DATA;1612145939.296410
/ndn/v2-site/v2/C2Data-3872-Type1;169838.0000;DATA;1612145941.280093
/ndn/s4-site/s4/C2Data-2904-Type2;151696.0000;DATA;1612145941.778552
/ndn/s7-site/s7/C2Data-3267-Type2;24048.0000;DATA;1612145944.298039
/ndn/h6-site/h6/C2Data-726-Type2;97728.0000;DATA;1612145944.261872
/ndn/v1-site/v1/C2Data-3751-Type2;2885.0000;DATA;1612145945.219976
/ndn/h6-site/h6/C2Data-726-Type1;1734.0000;DATA;1612145946.711704
/ndn/d2-site/d2/C2Data-1452-Type2;47244.0000;DATA;1612145947.268494
/ndn/d9-site/d9/C2Data-2299-Type1;736.0000;DATA;1612145947.860277
/ndn/s9-site/s9/C2Data-3509-Type1;178508.0000;DATA;1612145947.802426
/ndn/h8-site/h8/C2Data-968-Type1;1438.0000;DATA;1612145948.220162
/ndn/d5-site/d5/C2Data-915-Type3;102204.0000;DATA;1612145962.830290
/ndn/v6-site/v6/C2Data-2196-Type3;174536.0000;DATA;1612145964.011539
/ndn/h6-site/h6/C2Data-366-Type3;113401.0000;DATA;1612145965.583094
/ndn/h4-site/h4/C2Data-244-Type3;53152.0000;DATA;1612145966.864510
/ndn/d6-site/d6/C2Data-976-Type3;61960.0000;DATA;1612145969.293935
/ndn/v2-site/v2/C2Data-1952-Type3;186102.0000;DATA;1612145969.274080
/ndn/v7-site/v7/C2Data-4478-Type2;30102.0000;DATA;1612145969.945742
/ndn/s8-site/s8/C2Data-1708-Type3;158892.0000;DATA;1612145970.385864
/ndn/d9-site/d9/C2Data-2300-Type1;74744.0000;DATA;1612145972.609901
/ndn/v8-site/v8/C2Data-2318-Type3;870.0000;DATA;1612145973.046094
/ndn/d5-site/d5/C2Data-1816-Type2;1906.0000;DATA;1612145974.511082
/ndn/h8-site/h8/C2Data-969-Type2;3383.0000;DATA;1612145974.888865
/ndn/v5-site/v5/C2Data-4236-Type1;114084.0000;DATA;1612145975.505399
/ndn/v3-site/v3/C2Data-3994-Type2;1703.0000;DATA;1612145976.153545
/ndn/s0-site/s0/C2Data-2421-Type1;2684.0000;DATA;1612145976.903853
/ndn/h8-site/h8/C2Data-488-Type3;1668.0000;DATA;1612145984.441778
/ndn/v6-site/v6/C2Data-4358-Type1;76043.0000;DATA;1612145999.321969
/ndn/v9-site/v9/C2Data-4721-Type2;24139.0000;DATA;1612146000.872725
/ndn/s4-site/s4/C2Data-2906-Type1;184141.0000;DATA;1612146002.112256
/ndn/v2-site/v2/C2Data-3874-Type2;141673.0000;DATA;1612146002.339491
/ndn/v1-site/v1/C2Data-3753-Type2;49626.0000;DATA;1612146002.804193
/ndn/v5-site/v5/C2Data-4237-Type2;52460.0000;DATA;1612146006.555467
/ndn/h5-site/h5/C2Data-607-Type1;701.0000;DATA;1612146007.065894
/ndn/v4-site/v4/C2Data-4116-Type2;67332.0000;DATA;1612146008.073408
/ndn/h3-site/h3/C2Data-184-Type3;28002.0000;DATA;1612146025.471143
/ndn/s8-site/s8/C2Data-1709-Type3;88331.0000;DATA;1612146025.682997
/ndn/d0-site/d0/C2Data-1213-Type1;189162.0000;DATA;1612146026.933875
/ndn/h3-site/h3/C2Data-366-Type2;129154.0000;DATA;1612146028.427748
/ndn/h5-site/h5/C2Data-306-Type3;51056.0000;DATA;1612146032.374751
