/ndn/d7-site/d7/C2Data-2057-Type1;99443.0000;DATA;1612147340.441171
/ndn/d4-site/d4/C2Data-1694-Type1;186720.0000;DATA;1612147341.590167
/ndn/d3-site/d3/C2Data-1573-Type2;297380.0000;DATA;1612147342.241714
/ndn/h4-site/h4/C2Data-484-Type2;104828.0000;DATA;1612147344.122059
/ndn/v1-site/v1/C2Data-3751-Type2;171644.0000;DATA;1612147345.134070
/ndn/v8-site/v8/C2Data-4598-Type2;178663.0000;DATA;1612147346.034639
/ndn/h1-site/h1/C2Data-121-Type1;173953.0000;DATA;1612147346.741801
/ndn/v5-site/v5/C2Data-4235-Type1;297217.0000;DATA;1612147346.729221
/ndn/s7-site/s7/C2Data-3267-Type1;71961.0000;DATA;1612147348.378748
/ndn/h8-site/h8/C2Data-968-Type1;146395.0000;DATA;1612147349.144204
/ndn/s1-site/s1/C2Data-2541-Type1;24784.0000;DATA;1612147349.482634
/ndn/v6-site/v6/C2Data-4356-Type1;200123.0000;DATA;1612147349.495057
/ndn/d2-site/d2/C2Data-1452-Type1;51969.0000;DATA;1612147351.639372
/ndn/s9-site/s9/C2Data-1769-Type3;332422.0000;DATA;1612147364.886355
/ndn/h3-site/h3/C2Data-183-Type3;139626.0000;DATA;1612147366.261942
/ndn/d1-site/d1/C2Data-671-Type3;142183.0000;DATA;1612147367.301535
/ndn/h5-site/h5/C2Data-606-Type1;165141.0000;DATA;1612147370.584528
/ndn/h6-site/h6/C2Data-727-Type2;144710.0000;DATA;1612147371.228742
/ndn/h8-site/h8/C2Data-488-Type3;32363.0000;DATA;1612147373.855684
/ndn/v7-site/v7/C2Data-4478-Type1;71333.0000;DATA;1612147375.344115
/ndn/d4-site/d4/C2Data-1695-Type1;97324.0000;DATA;1612147375.559480
/ndn/v8-site/v8/C2Data-2318-Type3;146593.0000;DATA;1612147376.040154
/ndn/d9-site/d9/C2Data-1159-Type3;25370.0000;DATA;1612147376.620661
/ndn/h5-site/h5/C2Data-305-Type3;72142.0000;DATA;1612147379.502696
/ndn/d2-site/d2/C2Data-1453-Type2;49465.0000;DATA;1612147379.604623
/ndn/h4-site/h4/C2Data-244-Type3;100067.0000;DATA;1612147380.431475
/ndn/s0-site/s0/C2Data-1220-Type3;27142.0000;DATA;1612147385.498757
/ndn/v7-site/v7/C2Data-2257-Type3;29384.0000;DATA;1612147386.000827
/ndn/h9-site/h9/C2Data-549-Type3;28017.0000;DATA;1612147386.461280
/ndn/d9-site/d9/C2Data-2301-Type1;24931.0000;DATA;1612147401.588910
/ndn/h5-site/h5/C2Data-607-Type1;148685.0000;DATA;1612147401.995704
/ndn/s2-site/s2/C2Data-2664-Type2;194990.0000;DATA;1612147404.852182
/ndn/v9-site/v9/C2Data-4721-Type2;23702.0000;DATA;1612147406.553555
/ndn/v8-site/v8/C2Data-4600-Type2;171406.0000;DATA;1612147407.855548
/ndn/v7-site/v7/C2Data-4479-Type2;72608.0000;DATA;1612147408.226947
/ndn/s9-site/s9/C2Data-3511-Type2;251144.0000;DATA;1612147408.328466
/ndn/v6-site/v6/C2Data-4358-Type2;172935.0000;DATA;1612147409.066686
/ndn/d9-site/d9/C2Data-2301-Type2;31846.0000;DATA;1612147410.252599
/ndn/d6-site/d6/C2Data-1938-Type2;81910.0000;DATA;1612147410.360035
/ndn/v3-site/v3/C2Data-2014-Type3;26579.0000;DATA;1612147430.056390
/ndn/h4-site/h4/C2Data-245-Type3;77316.0000;DATA;1612147431.743000
/ndn/v4-site/v4/C2Data-4117-Type2;48380.0000;DATA;1612147434.290935
/ndn/s7-site/s7/C2Data-3270-Type2;75897.0000;DATA;1612147434.696046
