/ndn/h5-site/h5/C2Data-605-Type1;118194.0000;DATA;1611602585.494507
/ndn/d6-site/d6/C2Data-2541-Type2;220290.0000;DATA;1611602585.821567
/ndn/v10-site/v10/C2Data-6655-Type1;528.0000;NACK;1611602586.137445
/ndn/h8-site/h8/C2Data-968-Type1;168478.0000;DATA;1611602587.115490
/ndn/v9-site/v9/C2Data-6534-Type2;669.0000;NACK;1611602587.849507
/ndn/s10-site/s10/C2Data-4840-Type2;73302.0000;DATA;1611602588.107516
/ndn/v8-site/v8/C2Data-6413-Type1;329.0000;NACK;1611602589.177458
/ndn/s4-site/s4/C2Data-4114-Type1;95615.0000;DATA;1611602591.750493
/ndn/s11-site/s11/C2Data-4961-Type2;212496.0000;DATA;1611602591.646542
/ndn/h4-site/h4/C2Data-484-Type2;165355.0000;DATA;1611602591.764443
/ndn/s1-site/s1/C2Data-3751-Type2;241182.0000;DATA;1611602592.720475
/ndn/h6-site/h6/C2Data-726-Type2;192646.0000;DATA;1611602593.138435
/ndn/v4-site/v4/C2Data-5929-Type1;232565.0000;DATA;1611602594.630507
/ndn/s1-site/s1/C2Data-1891-Type3;264988.0000;DATA;1611602612.841634
/ndn/s6-site/s6/C2Data-4357-Type2;188303.0000;DATA;1611602615.489497
/ndn/v10-site/v10/C2Data-6656-Type1;407.0000;NACK;1611602616.021487
/ndn/h14-site/h14/C2Data-854-Type3;50968.0000;DATA;1611602616.603507
/ndn/h6-site/h6/C2Data-727-Type1;166864.0000;DATA;1611602616.561599
/ndn/d2-site/d2/C2Data-2058-Type2;73324.0000;DATA;1611602617.266522
/ndn/d2-site/d2/C2Data-2058-Type1;74178.0000;DATA;1611602617.986516
/ndn/v0-site/v0/C2Data-5446-Type1;570.0000;NACK;1611602618.163507
/ndn/v12-site/v12/C2Data-6898-Type2;550.0000;NACK;1611602618.391439
/ndn/d11-site/d11/C2Data-3147-Type2;153673.0000;DATA;1611602618.570498
/ndn/d4-site/d4/C2Data-2300-Type2;47215.0000;DATA;1611602618.997598
/ndn/v1-site/v1/C2Data-5567-Type2;203247.0000;DATA;1611602620.342508
/ndn/s14-site/s14/C2Data-5325-Type2;46425.0000;DATA;1611602620.789843
/ndn/s11-site/s11/C2Data-4962-Type1;211199.0000;DATA;1611602621.240484
/ndn/h12-site/h12/C2Data-732-Type3;94351.0000;DATA;1611602621.381624
/ndn/d1-site/d1/C2Data-1937-Type2;71509.0000;DATA;1611602623.009651
/ndn/h2-site/h2/C2Data-122-Type3;95844.0000;DATA;1611602623.038469
/ndn/v13-site/v13/C2Data-3538-Type3;48255.0000;DATA;1611602624.339504
/ndn/h3-site/h3/C2Data-364-Type2;167811.0000;DATA;1611602624.368439
/ndn/d11-site/d11/C2Data-3147-Type1;142148.0000;DATA;1611602624.849514
/ndn/h8-site/h8/C2Data-969-Type1;170647.0000;DATA;1611602625.030493
/ndn/d7-site/d7/C2Data-2663-Type1;146888.0000;DATA;1611602626.476534
/ndn/h9-site/h9/C2Data-549-Type3;141276.0000;DATA;1611602630.463428
/ndn/v7-site/v7/C2Data-6294-Type1;161435.0000;DATA;1611602645.302508
/ndn/s6-site/s6/C2Data-4358-Type1;189796.0000;DATA;1611602645.280518
/ndn/s2-site/s2/C2Data-3874-Type1;47656.0000;DATA;1611602645.983415
/ndn/h4-site/h4/C2Data-486-Type2;182044.0000;DATA;1611602645.851428
/ndn/d8-site/d8/C2Data-2785-Type1;100283.0000;DATA;1611602647.006490
/ndn/h1-site/h1/C2Data-123-Type1;46605.0000;DATA;1611602647.543438
/ndn/h13-site/h13/C2Data-1575-Type2;71759.0000;DATA;1611602648.982522
/ndn/s2-site/s2/C2Data-3874-Type2;50452.0000;DATA;1611602649.126509
/ndn/h14-site/h14/C2Data-1696-Type2;47309.0000;DATA;1611602649.348453
/ndn/d0-site/d0/C2Data-1817-Type2;92189.0000;DATA;1611602650.641488
/ndn/h11-site/h11/C2Data-1333-Type2;24087.0000;DATA;1611602651.032451
/ndn/d7-site/d7/C2Data-2664-Type1;146316.0000;DATA;1611602650.910452
/ndn/v3-site/v3/C2Data-5810-Type1;95774.0000;DATA;1611602652.989422
/ndn/d12-site/d12/C2Data-3269-Type1;118578.0000;DATA;1611602653.335508
/ndn/v11-site/v11/C2Data-6778-Type2;24910.0000;DATA;1611602653.721643
/ndn/d9-site/d9/C2Data-2906-Type1;164268.0000;DATA;1611602653.669447
/ndn/s12-site/s12/C2Data-5084-Type2;219416.0000;DATA;1611602656.527495
/ndn/v14-site/v14/C2Data-3600-Type3;98153.0000;DATA;1611602671.254521
/ndn/h0-site/h0/C2Data-1-Type3;192708.0000;DATA;1611602674.637501
/ndn/d8-site/d8/C2Data-1404-Type3;97092.0000;DATA;1611602674.872423
/ndn/h9-site/h9/C2Data-1092-Type2;141131.0000;DATA;1611602675.532482
/ndn/h5-site/h5/C2Data-608-Type2;121696.0000;DATA;1611602677.411487
/ndn/s8-site/s8/C2Data-4601-Type1;24142.0000;DATA;1611602677.533458
/ndn/s4-site/s4/C2Data-2075-Type3;100465.0000;DATA;1611602677.514505
/ndn/h5-site/h5/C2Data-306-Type3;123640.0000;DATA;1611602678.103624
/ndn/d6-site/d6/C2Data-2544-Type2;213373.0000;DATA;1611602680.158136
/ndn/v11-site/v11/C2Data-6779-Type2;24095.0000;DATA;1611602681.386422
/ndn/d0-site/d0/C2Data-1818-Type2;96736.0000;DATA;1611602681.385497
/ndn/s0-site/s0/C2Data-3633-Type2;6000328.0000;TIMEOUT;1611602675.639572
/ndn/v5-site/v5/C2Data-6053-Type2;212352.0000;DATA;1611602681.587139
/ndn/v14-site/v14/C2Data-7142-Type2;93757.0000;DATA;1611602681.860511
/ndn/h12-site/h12/C2Data-733-Type3;92689.0000;DATA;1611602682.308517
/ndn/v1-site/v1/C2Data-2807-Type3;184605.0000;DATA;1611602682.216463
/ndn/d10-site/d10/C2Data-3028-Type1;167843.0000;DATA;1611602682.487486
/ndn/h2-site/h2/C2Data-123-Type3;92863.0000;DATA;1611602683.326477
/ndn/h14-site/h14/C2Data-1697-Type2;47688.0000;DATA;1611602683.726479
/ndn/v8-site/v8/C2Data-950-Type4;188354.0000;DATA;1611602684.108553
/ndn/v1-site/v1/C2Data-5569-Type1;190134.0000;DATA;1611602684.182898
/ndn/s6-site/s6/C2Data-4359-Type2;6000227.0000;TIMEOUT;1611602679.081451
/ndn/d7-site/d7/C2Data-2665-Type1;142508.0000;DATA;1611602685.824501
/ndn/v12-site/v12/C2Data-1050-Type4;195331.0000;DATA;1611602686.285612
/ndn/v2-site/v2/C2Data-2868-Type3;185722.0000;DATA;1611602688.027545
/ndn/s5-site/s5/C2Data-4238-Type2;6000836.0000;TIMEOUT;1611602685.803589
/ndn/v11-site/v11/C2Data-3417-Type3;23784.0000;DATA;1611602692.964502
/ndn/h1-site/h1/C2Data-25-Type4;49140.0000;DATA;1611602694.342558
/ndn/d9-site/d9/C2Data-600-Type4;187399.0000;DATA;1611602699.339424
/ndn/h6-site/h6/C2Data-730-Type2;166546.0000;DATA;1611602708.145511
/ndn/d4-site/d4/C2Data-2303-Type2;46687.0000;DATA;1611602708.269566
/ndn/h3-site/h3/C2Data-367-Type2;166179.0000;DATA;1611602708.536422
/ndn/h8-site/h8/C2Data-972-Type1;178226.0000;DATA;1611602708.968612
/ndn/v7-site/v7/C2Data-925-Type4;164311.0000;DATA;1611602710.518515
/ndn/s13-site/s13/C2Data-5207-Type2;6000557.0000;TIMEOUT;1611602705.101270
/ndn/d11-site/d11/C2Data-3150-Type2;146080.0000;DATA;1611602713.966427
/ndn/s3-site/s3/C2Data-3997-Type2;6000779.0000;TIMEOUT;1611602708.405459
/ndn/d2-site/d2/C2Data-2061-Type1;70611.0000;DATA;1611602715.135555
/ndn/s0-site/s0/C2Data-3634-Type1;6000481.0000;TIMEOUT;1611602709.818512
/ndn/d12-site/d12/C2Data-3271-Type1;119640.0000;DATA;1611602715.728465
/ndn/h2-site/h2/C2Data-246-Type2;96707.0000;DATA;1611602716.389852
/ndn/s11-site/s11/C2Data-4965-Type1;6006383.0000;TIMEOUT;1611602714.228627
/ndn/v14-site/v14/C2Data-1100-Type4;96659.0000;DATA;1611602720.433729
/ndn/d6-site/d6/C2Data-525-Type4;209877.0000;DATA;1611602722.692503
/ndn/h8-site/h8/C2Data-200-Type4;172049.0000;DATA;1611602725.704247
/ndn/v0-site/v0/C2Data-2747-Type3;228281.0000;DATA;1611602730.942516
/ndn/v4-site/v4/C2Data-2991-Type3;222316.0000;DATA;1611602731.173763
/ndn/h12-site/h12/C2Data-734-Type3;99050.0000;DATA;1611602732.459738
/ndn/h7-site/h7/C2Data-429-Type3;241217.0000;DATA;1611602732.941520
/ndn/s1-site/s1/C2Data-1893-Type3;6000692.0000;TIMEOUT;1611602729.844509
/ndn/v13-site/v13/C2Data-7023-Type1;46622.0000;DATA;1611602735.852492
/ndn/d12-site/d12/C2Data-675-Type4;119087.0000;DATA;1611602736.236508
/ndn/h1-site/h1/C2Data-126-Type1;47153.0000;DATA;1611602736.367513
/ndn/v2-site/v2/C2Data-5692-Type2;181592.0000;DATA;1611602736.585511
/ndn/s13-site/s13/C2Data-2625-Type3;6000808.0000;TIMEOUT;1611602731.086513
/ndn/h7-site/h7/C2Data-852-Type1;222329.0000;DATA;1611602739.919430
/ndn/v14-site/v14/C2Data-7144-Type2;93004.0000;DATA;1611602740.103478
/ndn/h14-site/h14/C2Data-1699-Type1;50922.0000;DATA;1611602740.508524
/ndn/h4-site/h4/C2Data-100-Type4;169771.0000;DATA;1611602740.409615
/ndn/v6-site/v6/C2Data-6176-Type1;51889.0000;DATA;1611602741.714484
/ndn/h1-site/h1/C2Data-126-Type2;48614.0000;DATA;1611602743.059551
/ndn/d13-site/d13/C2Data-3393-Type2;23807.0000;DATA;1611602743.994547
/ndn/s14-site/s14/C2Data-5329-Type2;6000267.0000;TIMEOUT;1611602739.223427
/ndn/s13-site/s13/C2Data-5208-Type1;6000816.0000;TIMEOUT;1611602740.069653
/ndn/h1-site/h1/C2Data-63-Type3;48929.0000;DATA;1611602746.102540
/ndn/v6-site/v6/C2Data-6176-Type2;48956.0000;DATA;1611602746.133588
/ndn/s5-site/s5/C2Data-2137-Type3;6004688.0000;TIMEOUT;1611602740.755498
/ndn/s0-site/s0/C2Data-3635-Type1;6000235.0000;TIMEOUT;1611602741.039469
/ndn/s6-site/s6/C2Data-4361-Type1;6000303.0000;TIMEOUT;1611602741.193655
/ndn/s1-site/s1/C2Data-3756-Type2;6000386.0000;TIMEOUT;1611602741.522503
/ndn/s10-site/s10/C2Data-4845-Type2;6000213.0000;TIMEOUT;1611602741.677446
/ndn/s10-site/s10/C2Data-2442-Type3;6001144.0000;TIMEOUT;1611602743.670420
/ndn/s2-site/s2/C2Data-1954-Type3;6000927.0000;TIMEOUT;1611602752.440483
/ndn/v3-site/v3/C2Data-5814-Type2;95429.0000;DATA;1611602765.838447
/ndn/v6-site/v6/C2Data-6177-Type2;48817.0000;DATA;1611602766.210479
/ndn/v7-site/v7/C2Data-6298-Type1;165955.0000;DATA;1611602768.614463
/ndn/v8-site/v8/C2Data-6419-Type1;229435.0000;DATA;1611602769.613512
/ndn/h8-site/h8/C2Data-974-Type1;163694.0000;DATA;1611602770.412483
/ndn/v2-site/v2/C2Data-5693-Type2;163590.0000;DATA;1611602770.436514
/ndn/v5-site/v5/C2Data-6056-Type2;215761.0000;DATA;1611602772.819532
/ndn/h5-site/h5/C2Data-611-Type1;120097.0000;DATA;1611602775.766480
/ndn/d4-site/d4/C2Data-1162-Type3;50169.0000;DATA;1611602789.606429
/ndn/h10-site/h10/C2Data-613-Type3;201058.0000;DATA;1611602792.294537
/ndn/v8-site/v8/C2Data-3236-Type3;67919.0000;DATA;1611602794.601468
/ndn/v10-site/v10/C2Data-6662-Type1;142257.0000;DATA;1611602795.815417
/ndn/d4-site/d4/C2Data-2306-Type1;46680.0000;DATA;1611602795.989515
/ndn/d3-site/d3/C2Data-2185-Type1;192485.0000;DATA;1611602796.316450
/ndn/h6-site/h6/C2Data-733-Type2;164583.0000;DATA;1611602798.503430
/ndn/v0-site/v0/C2Data-5452-Type2;217451.0000;DATA;1611602800.116453
/ndn/v9-site/v9/C2Data-3297-Type3;197977.0000;DATA;1611602800.712437
