/ndn/d9-site/d9/C2Data-2299-Type1;32264.0000;DATA;1612145939.732810
/ndn/h2-site/h2/C2Data-242-Type2;141090.0000;DATA;1612145939.852809
/ndn/s0-site/s0/C2Data-2420-Type1;189292.0000;DATA;1612145940.457075
/ndn/d2-site/d2/C2Data-1452-Type2;24566.0000;DATA;1612145940.725846
/ndn/v6-site/v6/C2Data-4356-Type2;26068.0000;DATA;1612145944.073629
/ndn/d1-site/d1/C2Data-1331-Type1;96108.0000;DATA;1612145944.247161
/ndn/h0-site/h0/C2Data-0-Type1;25137.0000;DATA;1612145946.085078
/ndn/h9-site/h9/C2Data-549-Type3;155040.0000;DATA;1612145961.500592
/ndn/s6-site/s6/C2Data-1586-Type3;25880.0000;DATA;1612145962.503987
/ndn/d5-site/d5/C2Data-915-Type3;27896.0000;DATA;1612145962.518884
/ndn/h8-site/h8/C2Data-488-Type3;131880.0000;DATA;1612145962.627526
/ndn/v6-site/v6/C2Data-4357-Type2;184339.0000;DATA;1612145969.457615
/ndn/s5-site/s5/C2Data-1525-Type3;184095.0000;DATA;1612145970.810942
/ndn/d4-site/d4/C2Data-1695-Type2;53619.0000;DATA;1612145971.583392
/ndn/v3-site/v3/C2Data-3994-Type1;47221.0000;DATA;1612145972.073954
/ndn/s8-site/s8/C2Data-1708-Type3;120471.0000;DATA;1612145972.422924
/ndn/s0-site/s0/C2Data-2421-Type2;147750.0000;DATA;1612145972.798617
/ndn/d3-site/d3/C2Data-1574-Type2;26237.0000;DATA;1612145973.903150
/ndn/s9-site/s9/C2Data-3510-Type2;79631.0000;DATA;1612145975.992239
/ndn/s3-site/s3/C2Data-1403-Type3;58183.0000;DATA;1612145976.508008
/ndn/v7-site/v7/C2Data-2257-Type3;1023.0000;DATA;1612145976.580016
/ndn/s4-site/s4/C2Data-1464-Type3;1626.0000;DATA;1612145976.750234
/ndn/d4-site/d4/C2Data-1695-Type1;75361.0000;DATA;1612145977.221398
/ndn/d5-site/d5/C2Data-1816-Type1;27481.0000;DATA;1612145978.249303
/ndn/d2-site/d2/C2Data-732-Type3;24425.0000;DATA;1612145978.893333
/ndn/v5-site/v5/C2Data-2135-Type3;122967.0000;DATA;1612145982.335071
/ndn/d8-site/d8/C2Data-2180-Type1;29539.0000;DATA;1612145997.528835
/ndn/s5-site/s5/C2Data-3027-Type1;188205.0000;DATA;1612145997.412870
/ndn/v4-site/v4/C2Data-4116-Type1;281049.0000;DATA;1612146001.893528
/ndn/s5-site/s5/C2Data-3027-Type2;192067.0000;DATA;1612146002.285943
/ndn/h6-site/h6/C2Data-728-Type1;243336.0000;DATA;1612146002.834057
/ndn/h9-site/h9/C2Data-1091-Type2;69724.0000;DATA;1612146003.230744
/ndn/s7-site/s7/C2Data-3269-Type2;53145.0000;DATA;1612146003.473721
/ndn/v3-site/v3/C2Data-3995-Type2;51408.0000;DATA;1612146003.913261
/ndn/s1-site/s1/C2Data-2543-Type2;209402.0000;DATA;1612146004.834924
/ndn/v7-site/v7/C2Data-4479-Type1;27258.0000;DATA;1612146005.225626
/ndn/s0-site/s0/C2Data-2422-Type2;843.0000;DATA;1612146005.386915
/ndn/s3-site/s3/C2Data-2785-Type1;49801.0000;DATA;1612146005.511532
/ndn/d0-site/d0/C2Data-1212-Type2;213471.0000;DATA;1612146007.373894
/ndn/h2-site/h2/C2Data-244-Type1;180754.0000;DATA;1612146008.072046
/ndn/s1-site/s1/C2Data-1282-Type3;226460.0000;DATA;1612146021.744220
/ndn/d1-site/d1/C2Data-1334-Type2;111766.0000;DATA;1612146027.707976
/ndn/d5-site/d5/C2Data-916-Type3;1324.0000;DATA;1612146028.651444
/ndn/v8-site/v8/C2Data-4601-Type2;166479.0000;DATA;1612146028.845358
/ndn/h8-site/h8/C2Data-489-Type3;226269.0000;DATA;1612146029.510941
/ndn/h7-site/h7/C2Data-850-Type1;58676.0000;DATA;1612146030.044731
