/ndn/s2-site/s2/C2Data-3872-Type2;130149.0000;DATA;1611610325.427354
/ndn/h14-site/h14/C2Data-1694-Type2;910.0000;NACK;1611610325.558065
/ndn/d9-site/d9/C2Data-2904-Type1;100074.0000;DATA;1611610331.490560
/ndn/d7-site/d7/C2Data-2662-Type2;27348.0000;DATA;1611610332.077090
/ndn/h11-site/h11/C2Data-1331-Type2;186418.0000;DATA;1611610334.863057
/ndn/d2-site/d2/C2Data-2057-Type1;185798.0000;DATA;1611610334.916061
/ndn/d11-site/d11/C2Data-3146-Type1;114861.0000;DATA;1611610335.072047
/ndn/d13-site/d13/C2Data-3388-Type2;549.0000;DATA;1611610335.310093
/ndn/d4-site/d4/C2Data-2299-Type1;197856.0000;DATA;1611610336.547043
/ndn/s4-site/s4/C2Data-2074-Type3;592.0000;NACK;1611610354.303627
/ndn/s14-site/s14/C2Data-2684-Type3;603.0000;NACK;1611610354.902033
/ndn/v10-site/v10/C2Data-6656-Type1;462.0000;NACK;1611610355.410023
/ndn/d8-site/d8/C2Data-2784-Type2;196004.0000;DATA;1611610355.756049
/ndn/d13-site/d13/C2Data-3389-Type2;172749.0000;DATA;1611610355.818043
/ndn/h1-site/h1/C2Data-122-Type2;164965.0000;DATA;1611610357.598046
/ndn/h10-site/h10/C2Data-1211-Type1;46609.0000;DATA;1611610358.052025
/ndn/v4-site/v4/C2Data-2989-Type3;488.0000;NACK;1611610358.364025
/ndn/d5-site/d5/C2Data-1220-Type3;26617.0000;DATA;1611610358.561073
/ndn/h2-site/h2/C2Data-122-Type3;470.0000;NACK;1611610358.669088
/ndn/s10-site/s10/C2Data-4841-Type1;575.0000;NACK;1611610359.114074
/ndn/v8-site/v8/C2Data-3233-Type3;553.0000;DATA;1611610360.485027
/ndn/h14-site/h14/C2Data-1695-Type2;607.0000;NACK;1611610360.722076
/ndn/d13-site/d13/C2Data-1708-Type3;142323.0000;DATA;1611610361.206132
/ndn/h4-site/h4/C2Data-485-Type2;23287.0000;DATA;1611610361.430127
/ndn/h3-site/h3/C2Data-364-Type2;51618.0000;DATA;1611610361.986041
/ndn/h8-site/h8/C2Data-969-Type2;26089.0000;DATA;1611610362.179032
/ndn/s13-site/s13/C2Data-2623-Type3;68929.0000;DATA;1611610362.346021
/ndn/v7-site/v7/C2Data-6293-Type2;408.0000;NACK;1611610362.500619
/ndn/s5-site/s5/C2Data-2135-Type3;24248.0000;DATA;1611610362.692084
/ndn/d0-site/d0/C2Data-915-Type3;25440.0000;DATA;1611610362.700126
/ndn/h3-site/h3/C2Data-183-Type3;718.0000;DATA;1611610364.623107
/ndn/v6-site/v6/C2Data-6172-Type1;141835.0000;DATA;1611610365.558062
/ndn/v5-site/v5/C2Data-6051-Type1;546.0000;NACK;1611610366.908024
/ndn/h11-site/h11/C2Data-671-Type3;568.0000;DATA;1611610368.221028
/ndn/h12-site/h12/C2Data-732-Type3;572.0000;NACK;1611610370.402073
/ndn/v11-site/v11/C2Data-3416-Type3;177073.0000;DATA;1611610372.301253
/ndn/v12-site/v12/C2Data-6899-Type1;400.0000;NACK;1611610386.645051
/ndn/h14-site/h14/C2Data-1696-Type2;468.0000;NACK;1611610386.738184
/ndn/s13-site/s13/C2Data-5205-Type2;76429.0000;DATA;1611610387.392058
/ndn/s10-site/s10/C2Data-4842-Type1;680.0000;NACK;1611610387.677063
/ndn/d6-site/d6/C2Data-2543-Type1;57246.0000;DATA;1611610388.258115
/ndn/v14-site/v14/C2Data-7141-Type1;73775.0000;DATA;1611610388.583090
/ndn/h0-site/h0/C2Data-2-Type1;24614.0000;DATA;1611610389.214196
/ndn/s12-site/s12/C2Data-5084-Type2;23386.0000;DATA;1611610389.298032
/ndn/d12-site/d12/C2Data-3269-Type2;121390.0000;DATA;1611610389.665102
/ndn/d6-site/d6/C2Data-2543-Type2;24914.0000;DATA;1611610392.263053
/ndn/v11-site/v11/C2Data-6778-Type2;48268.0000;DATA;1611610392.516025
/ndn/v2-site/v2/C2Data-5689-Type2;76409.0000;DATA;1611610392.515078
/ndn/s4-site/s4/C2Data-4116-Type1;591.0000;NACK;1611610393.083054
/ndn/d11-site/d11/C2Data-3148-Type2;46362.0000;DATA;1611610393.765033
/ndn/d8-site/d8/C2Data-2785-Type2;49850.0000;DATA;1611610394.267033
/ndn/h6-site/h6/C2Data-728-Type2;23565.0000;DATA;1611610394.623098
/ndn/d5-site/d5/C2Data-2422-Type1;25448.0000;DATA;1611610394.926587
/ndn/d12-site/d12/C2Data-1648-Type3;226028.0000;DATA;1611610409.864121
/ndn/s11-site/s11/C2Data-2502-Type3;50909.0000;DATA;1611610410.802054
/ndn/s9-site/s9/C2Data-2380-Type3;79498.0000;DATA;1611610411.402155
/ndn/h3-site/h3/C2Data-184-Type3;24289.0000;DATA;1611610412.013030
/ndn/d6-site/d6/C2Data-1282-Type3;48156.0000;DATA;1611610412.447198
/ndn/v12-site/v12/C2Data-3478-Type3;741.0000;DATA;1611610413.642065
/ndn/s2-site/s2/C2Data-3875-Type2;120758.0000;DATA;1611610415.456087
/ndn/s14-site/s14/C2Data-5327-Type2;196728.0000;DATA;1611610416.143026
/ndn/v13-site/v13/C2Data-7021-Type1;141406.0000;DATA;1611610417.447085
/ndn/h4-site/h4/C2Data-487-Type1;26291.0000;DATA;1611610419.199064
/ndn/h8-site/h8/C2Data-489-Type3;692.0000;DATA;1611610419.920026
/ndn/s2-site/s2/C2Data-3875-Type1;25570.0000;DATA;1611610420.107085
/ndn/d1-site/d1/C2Data-1939-Type1;516.0000;NACK;1611610420.973843
/ndn/d1-site/d1/C2Data-1939-Type2;474.0000;NACK;1611610421.311095
/ndn/v9-site/v9/C2Data-6537-Type2;26821.0000;DATA;1611610422.269261
/ndn/v2-site/v2/C2Data-800-Type4;156543.0000;DATA;1611610422.295201
/ndn/h1-site/h1/C2Data-124-Type1;167515.0000;DATA;1611610422.728102
/ndn/h6-site/h6/C2Data-729-Type1;25774.0000;DATA;1611610425.354064
/ndn/v14-site/v14/C2Data-3600-Type3;24959.0000;DATA;1611610426.744065
/ndn/d11-site/d11/C2Data-1587-Type3;95961.0000;DATA;1611610426.973031
/ndn/h9-site/h9/C2Data-550-Type3;23650.0000;DATA;1611610428.251088
/ndn/v11-site/v11/C2Data-3417-Type3;25629.0000;DATA;1611610428.755115
/ndn/d0-site/d0/C2Data-916-Type3;23904.0000;DATA;1611610429.022053
/ndn/v5-site/v5/C2Data-3051-Type3;29981.0000;DATA;1611610431.553092
/ndn/h2-site/h2/C2Data-123-Type3;610.0000;DATA;1611610431.949066
/ndn/v6-site/v6/C2Data-900-Type4;99578.0000;DATA;1611610433.357031
/ndn/v14-site/v14/C2Data-1100-Type4;46145.0000;DATA;1611610433.957060
/ndn/h1-site/h1/C2Data-25-Type4;267428.0000;DATA;1611610433.973054
/ndn/h14-site/h14/C2Data-350-Type4;241493.0000;DATA;1611610436.516035
/ndn/d0-site/d0/C2Data-375-Type4;168490.0000;DATA;1611610440.029963
/ndn/v5-site/v5/C2Data-875-Type4;188875.0000;DATA;1611610444.831115
/ndn/d8-site/d8/C2Data-2787-Type2;198776.0000;DATA;1611610446.307093
/ndn/v7-site/v7/C2Data-6296-Type2;219148.0000;DATA;1611610446.660050
/ndn/s0-site/s0/C2Data-3634-Type2;138214.0000;DATA;1611610447.122043
/ndn/v1-site/v1/C2Data-5570-Type1;27224.0000;DATA;1611610448.029077
/ndn/d8-site/d8/C2Data-2787-Type1;212617.0000;DATA;1611610448.454080
/ndn/s12-site/s12/C2Data-5086-Type2;25089.0000;DATA;1611610449.003052
/ndn/v12-site/v12/C2Data-6901-Type1;170178.0000;DATA;1611610449.140040
/ndn/s5-site/s5/C2Data-4239-Type1;50274.0000;DATA;1611610451.407048
/ndn/d0-site/d0/C2Data-1819-Type2;626.0000;DATA;1611610452.086130
/ndn/s14-site/s14/C2Data-5328-Type1;94622.0000;DATA;1611610452.431030
/ndn/s2-site/s2/C2Data-3876-Type1;125199.0000;DATA;1611610453.189136
/ndn/h9-site/h9/C2Data-1093-Type1;70423.0000;DATA;1611610453.309035
/ndn/s4-site/s4/C2Data-4118-Type1;23473.0000;DATA;1611610453.385065
/ndn/h11-site/h11/C2Data-1335-Type1;187255.0000;DATA;1611610453.820080
/ndn/v13-site/v13/C2Data-7022-Type2;24484.0000;DATA;1611610455.094056
/ndn/h13-site/h13/C2Data-1577-Type2;23926.0000;DATA;1611610456.087050
/ndn/s13-site/s13/C2Data-5207-Type2;24700.0000;DATA;1611610456.639030
/ndn/v11-site/v11/C2Data-6780-Type1;23495.0000;DATA;1611610456.921093
/ndn/d6-site/d6/C2Data-525-Type4;660.0000;DATA;1611610458.667180
/ndn/v13-site/v13/C2Data-1075-Type4;99826.0000;DATA;1611610460.912095
/ndn/h2-site/h2/C2Data-50-Type4;54256.0000;DATA;1611610461.928314
/ndn/h4-site/h4/C2Data-100-Type4;37838.0000;DATA;1611610466.108623
/ndn/d9-site/d9/C2Data-600-Type4;23765.0000;DATA;1611610470.702099
/ndn/s0-site/s0/C2Data-1832-Type3;58212.0000;DATA;1611610470.786098
/ndn/v10-site/v10/C2Data-1000-Type4;24389.0000;DATA;1611610471.902028
/ndn/v11-site/v11/C2Data-3418-Type3;193150.0000;DATA;1611610473.182036
/ndn/v14-site/v14/C2Data-3601-Type3;71179.0000;DATA;1611610473.544079
/ndn/h1-site/h1/C2Data-63-Type3;170205.0000;DATA;1611610476.428031
/ndn/v4-site/v4/C2Data-5934-Type1;171486.0000;DATA;1611610476.852113
/ndn/v5-site/v5/C2Data-6055-Type2;263059.0000;DATA;1611610477.337039
/ndn/d11-site/d11/C2Data-1588-Type3;99096.0000;DATA;1611610477.767027
/ndn/d4-site/d4/C2Data-2304-Type1;191896.0000;DATA;1611610478.099034
/ndn/v11-site/v11/C2Data-6781-Type2;164945.0000;DATA;1611610478.138729
/ndn/s5-site/s5/C2Data-2137-Type3;144392.0000;DATA;1611610478.260041
/ndn/s9-site/s9/C2Data-4724-Type2;23464.0000;DATA;1611610479.345095
/ndn/v12-site/v12/C2Data-1050-Type4;450.0000;DATA;1611610479.648033
/ndn/v7-site/v7/C2Data-6297-Type2;24093.0000;DATA;1611610479.624090
/ndn/d6-site/d6/C2Data-1283-Type3;48657.0000;DATA;1611610481.037086
/ndn/s12-site/s12/C2Data-5087-Type2;24937.0000;DATA;1611610481.363080
/ndn/s3-site/s3/C2Data-3998-Type1;23505.0000;DATA;1611610481.440063
/ndn/h1-site/h1/C2Data-126-Type2;26382.0000;DATA;1611610481.562028
/ndn/v12-site/v12/C2Data-3479-Type3;25627.0000;DATA;1611610482.320066
/ndn/v5-site/v5/C2Data-6055-Type1;563.0000;DATA;1611610483.052038
/ndn/d3-site/d3/C2Data-1100-Type3;147130.0000;DATA;1611610483.167071
/ndn/d9-site/d9/C2Data-1466-Type3;23253.0000;DATA;1611610483.585032
/ndn/h13-site/h13/C2Data-795-Type3;94128.0000;DATA;1611610483.639099
/ndn/v0-site/v0/C2Data-2747-Type3;50772.0000;DATA;1611610483.806033
/ndn/v6-site/v6/C2Data-3113-Type3;23435.0000;DATA;1611610484.140058
/ndn/h8-site/h8/C2Data-973-Type1;94256.0000;DATA;1611610484.520450
/ndn/d9-site/d9/C2Data-2909-Type2;47667.0000;DATA;1611610484.787103
/ndn/h5-site/h5/C2Data-307-Type3;24332.0000;DATA;1611610485.426093
/ndn/d8-site/d8/C2Data-1405-Type3;31177.0000;DATA;1611610488.819045
/ndn/h10-site/h10/C2Data-612-Type3;24828.0000;DATA;1611610489.030047
/ndn/v14-site/v14/C2Data-7145-Type2;49403.0000;DATA;1611610506.120123
/ndn/d13-site/d13/C2Data-3394-Type1;174024.0000;DATA;1611610506.347017
/ndn/v4-site/v4/C2Data-5935-Type1;276852.0000;DATA;1611610506.988130
/ndn/h2-site/h2/C2Data-248-Type1;24200.0000;DATA;1611610507.255072
/ndn/h7-site/h7/C2Data-853-Type2;95887.0000;DATA;1611610508.426079
/ndn/v9-site/v9/C2Data-6540-Type1;23428.0000;DATA;1611610510.486033
/ndn/d9-site/d9/C2Data-2910-Type1;102205.0000;DATA;1611610510.898084
/ndn/v0-site/v0/C2Data-5451-Type1;622.0000;DATA;1611610511.556052
/ndn/h3-site/h3/C2Data-369-Type2;23773.0000;DATA;1611610511.756056
/ndn/h9-site/h9/C2Data-1095-Type2;28812.0000;DATA;1611610515.290079
/ndn/h13-site/h13/C2Data-1579-Type2;50793.0000;DATA;1611610516.030028
/ndn/s10-site/s10/C2Data-4846-Type1;185832.0000;DATA;1611610516.039210
/ndn/d1-site/d1/C2Data-979-Type3;23869.0000;DATA;1611610530.132171
/ndn/v9-site/v9/C2Data-3297-Type3;23595.0000;DATA;1611610532.247027
/ndn/d7-site/d7/C2Data-1345-Type3;129042.0000;DATA;1611610532.433158
/ndn/s0-site/s0/C2Data-1833-Type3;49918.0000;DATA;1611610532.817090
/ndn/h8-site/h8/C2Data-491-Type3;99351.0000;DATA;1611610533.083074
/ndn/v7-site/v7/C2Data-3175-Type3;71201.0000;DATA;1611610535.836166
/ndn/s4-site/s4/C2Data-4121-Type1;214654.0000;DATA;1611610536.072193
/ndn/v5-site/v5/C2Data-6057-Type1;266657.0000;DATA;1611610536.656032
/ndn/h9-site/h9/C2Data-1096-Type1;73590.0000;DATA;1611610537.858138
/ndn/s1-site/s1/C2Data-3758-Type2;23646.0000;DATA;1611610538.084060
/ndn/v0-site/v0/C2Data-5452-Type1;49538.0000;DATA;1611610541.207294
