/ndn/d11-site/d11/C2Data-3146-Type2;127288.0000;DATA;1611611481.299174
/ndn/s7-site/s7/C2Data-4477-Type2;225569.0000;DATA;1611611484.000118
/ndn/v3-site/v3/C2Data-5808-Type1;74651.0000;DATA;1611611484.434089
/ndn/d6-site/d6/C2Data-2541-Type2;69746.0000;DATA;1611611485.064107
/ndn/v1-site/v1/C2Data-5566-Type2;174134.0000;DATA;1611611485.576178
/ndn/v2-site/v2/C2Data-5687-Type2;72037.0000;DATA;1611611485.725099
/ndn/s4-site/s4/C2Data-4114-Type1;614.0000;NACK;1611611485.874112
/ndn/h4-site/h4/C2Data-484-Type2;73724.0000;DATA;1611611487.598220
/ndn/d12-site/d12/C2Data-3267-Type2;96821.0000;DATA;1611611489.723116
/ndn/v14-site/v14/C2Data-7139-Type1;47569.0000;DATA;1611611490.715133
/ndn/s6-site/s6/C2Data-4356-Type2;95643.0000;DATA;1611611491.366878
/ndn/s12-site/s12/C2Data-5082-Type2;121861.0000;DATA;1611611492.205130
/ndn/d0-site/d0/C2Data-1816-Type1;92696.0000;DATA;1611611512.361149
/ndn/v5-site/v5/C2Data-3050-Type3;193750.0000;DATA;1611611512.924343
/ndn/h3-site/h3/C2Data-364-Type1;167503.0000;DATA;1611611513.591142
/ndn/s6-site/s6/C2Data-2196-Type3;101295.0000;DATA;1611611514.090149
/ndn/v3-site/v3/C2Data-2928-Type3;70634.0000;DATA;1611611514.240113
/ndn/s12-site/s12/C2Data-5083-Type2;118484.0000;DATA;1611611515.501132
/ndn/s7-site/s7/C2Data-2257-Type3;191084.0000;DATA;1611611515.992674
/ndn/s13-site/s13/C2Data-5204-Type1;141057.0000;DATA;1611611516.372198
/ndn/v3-site/v3/C2Data-5809-Type2;72192.0000;DATA;1611611517.182146
/ndn/d4-site/d4/C2Data-2300-Type2;194537.0000;DATA;1611611517.730406
/ndn/h12-site/h12/C2Data-732-Type3;183861.0000;DATA;1611611518.531444
/ndn/v7-site/v7/C2Data-3172-Type3;145241.0000;DATA;1611611519.429692
/ndn/v6-site/v6/C2Data-3111-Type3;125267.0000;DATA;1611611520.074134
/ndn/s10-site/s10/C2Data-4841-Type2;170687.0000;DATA;1611611521.114138
/ndn/d5-site/d5/C2Data-1220-Type3;50119.0000;DATA;1611611521.632744
/ndn/d3-site/d3/C2Data-1098-Type3;70641.0000;DATA;1611611521.805139
/ndn/s11-site/s11/C2Data-4962-Type2;115511.0000;DATA;1611611522.153162
/ndn/h13-site/h13/C2Data-793-Type3;69523.0000;DATA;1611611525.386450
/ndn/v2-site/v2/C2Data-2867-Type3;74054.0000;DATA;1611611526.612148
/ndn/v13-site/v13/C2Data-7020-Type1;100136.0000;DATA;1611611544.256122
/ndn/d13-site/d13/C2Data-3390-Type1;153628.0000;DATA;1611611544.225129
/ndn/h0-site/h0/C2Data-2-Type1;97851.0000;DATA;1611611544.352222
/ndn/v2-site/v2/C2Data-5689-Type2;70010.0000;DATA;1611611544.766178
/ndn/s1-site/s1/C2Data-3753-Type1;68989.0000;DATA;1611611545.078118
/ndn/v8-site/v8/C2Data-6415-Type2;97789.0000;DATA;1611611545.245162
/ndn/h14-site/h14/C2Data-1696-Type2;138020.0000;DATA;1611611545.920185
/ndn/h2-site/h2/C2Data-244-Type2;200496.0000;DATA;1611611546.285583
/ndn/h3-site/h3/C2Data-365-Type2;153743.0000;DATA;1611611546.608178
/ndn/s10-site/s10/C2Data-4842-Type2;174589.0000;DATA;1611611546.860136
/ndn/v1-site/v1/C2Data-5568-Type2;167903.0000;DATA;1611611546.980121
/ndn/d14-site/d14/C2Data-3511-Type2;147583.0000;DATA;1611611547.436366
/ndn/s4-site/s4/C2Data-4116-Type1;186346.0000;DATA;1611611549.077147
/ndn/d5-site/d5/C2Data-2422-Type2;48742.0000;DATA;1611611551.904108
/ndn/s3-site/s3/C2Data-2014-Type3;132882.0000;DATA;1611611569.487153
/ndn/s12-site/s12/C2Data-2563-Type3;152721.0000;DATA;1611611569.638116
/ndn/v2-site/v2/C2Data-2868-Type3;75004.0000;DATA;1611611571.639173
/ndn/s8-site/s8/C2Data-4601-Type1;119057.0000;DATA;1611611572.579133
/ndn/h0-site/h0/C2Data-1-Type3;94762.0000;DATA;1611611572.952100
/ndn/d9-site/d9/C2Data-1465-Type3;24303.0000;DATA;1611611574.161160
/ndn/v14-site/v14/C2Data-3600-Type3;47193.0000;DATA;1611611574.295136
/ndn/s6-site/s6/C2Data-2197-Type3;6000914.0000;TIMEOUT;1611611568.666196
/ndn/d3-site/d3/C2Data-1099-Type3;69822.0000;DATA;1611611574.636189
/ndn/v11-site/v11/C2Data-3417-Type3;159711.0000;DATA;1611611574.896125
/ndn/d8-site/d8/C2Data-1404-Type3;118037.0000;DATA;1611611575.226145
/ndn/s9-site/s9/C2Data-2380-Type3;46338.0000;DATA;1611611575.480106
/ndn/h7-site/h7/C2Data-850-Type2;118916.0000;DATA;1611611577.167169
/ndn/v13-site/v13/C2Data-7021-Type2;98766.0000;DATA;1611611577.621204
/ndn/h1-site/h1/C2Data-124-Type2;142901.0000;DATA;1611611579.802210
/ndn/d10-site/d10/C2Data-1526-Type3;72815.0000;DATA;1611611580.094163
/ndn/v9-site/v9/C2Data-6537-Type1;104960.0000;DATA;1611611581.805119
/ndn/v4-site/v4/C2Data-850-Type4;187463.0000;DATA;1611611582.549108
/ndn/v6-site/v6/C2Data-3112-Type3;122899.0000;DATA;1611611583.672175
/ndn/v14-site/v14/C2Data-1100-Type4;53641.0000;DATA;1611611583.862152
/ndn/s11-site/s11/C2Data-4964-Type1;6000283.0000;TIMEOUT;1611611578.632123
/ndn/s9-site/s9/C2Data-4722-Type1;6000334.0000;TIMEOUT;1611611579.103165
/ndn/v13-site/v13/C2Data-3539-Type3;97295.0000;DATA;1611611585.155187
/ndn/s0-site/s0/C2Data-1831-Type3;6000478.0000;TIMEOUT;1611611580.130119
/ndn/s11-site/s11/C2Data-2502-Type3;6000520.0000;TIMEOUT;1611611580.588176
/ndn/s10-site/s10/C2Data-4843-Type2;6002705.0000;TIMEOUT;1611611580.606105
/ndn/h5-site/h5/C2Data-306-Type3;24141.0000;DATA;1611611586.642107
/ndn/h2-site/h2/C2Data-50-Type4;214642.0000;DATA;1611611600.483165
/ndn/d0-site/d0/C2Data-1819-Type2;101631.0000;DATA;1611611602.245157
/ndn/h7-site/h7/C2Data-851-Type1;125049.0000;DATA;1611611602.809124
/ndn/h6-site/h6/C2Data-730-Type2;72709.0000;DATA;1611611603.086192
/ndn/v3-site/v3/C2Data-5812-Type2;73790.0000;DATA;1611611604.114125
/ndn/h14-site/h14/C2Data-1698-Type1;143225.0000;DATA;1611611604.220159
/ndn/h1-site/h1/C2Data-125-Type1;146222.0000;DATA;1611611605.831134
/ndn/h0-site/h0/C2Data-4-Type2;123125.0000;DATA;1611611609.314098
/ndn/d11-site/d11/C2Data-3150-Type1;117836.0000;DATA;1611611610.091233
/ndn/v0-site/v0/C2Data-5449-Type2;72028.0000;DATA;1611611610.647196
/ndn/d2-site/d2/C2Data-2061-Type2;118256.0000;DATA;1611611611.370125
/ndn/h12-site/h12/C2Data-1456-Type2;195495.0000;DATA;1611611612.459142
/ndn/h14-site/h14/C2Data-350-Type4;94243.0000;DATA;1611611615.089148
/ndn/h4-site/h4/C2Data-100-Type4;69097.0000;DATA;1611611620.905127
/ndn/d2-site/d2/C2Data-1039-Type3;119772.0000;DATA;1611611625.692131
/ndn/v3-site/v3/C2Data-825-Type4;70441.0000;DATA;1611611625.764105
/ndn/h0-site/h0/C2Data-2-Type3;96648.0000;DATA;1611611629.036137
/ndn/h13-site/h13/C2Data-325-Type4;75812.0000;DATA;1611611629.402118
/ndn/h3-site/h3/C2Data-368-Type2;137606.0000;DATA;1611611632.008170
/ndn/v5-site/v5/C2Data-875-Type4;201678.0000;DATA;1611611632.194205
/ndn/h8-site/h8/C2Data-490-Type3;24094.0000;DATA;1611611634.919191
/ndn/v3-site/v3/C2Data-5813-Type1;71195.0000;DATA;1611611635.068198
/ndn/d4-site/d4/C2Data-1161-Type3;165536.0000;DATA;1611611635.636203
/ndn/h11-site/h11/C2Data-673-Type3;170243.0000;DATA;1611611636.359240
/ndn/s10-site/s10/C2Data-2442-Type3;6000288.0000;TIMEOUT;1611611630.664270
/ndn/d4-site/d4/C2Data-2304-Type1;168670.0000;DATA;1611611637.064114
/ndn/h10-site/h10/C2Data-612-Type3;97962.0000;DATA;1611611637.456274
/ndn/v10-site/v10/C2Data-6660-Type2;71571.0000;DATA;1611611637.550215
/ndn/s9-site/s9/C2Data-2381-Type3;6000683.0000;TIMEOUT;1611611631.713163
/ndn/s7-site/s7/C2Data-4482-Type2;6000213.0000;TIMEOUT;1611611633.234241
/ndn/h2-site/h2/C2Data-124-Type3;184041.0000;DATA;1611611639.091179
/ndn/v5-site/v5/C2Data-6055-Type2;184482.0000;DATA;1611611640.372191
/ndn/v8-site/v8/C2Data-6418-Type1;96240.0000;DATA;1611611641.410169
/ndn/h7-site/h7/C2Data-852-Type2;127401.0000;DATA;1611611641.954177
/ndn/d6-site/d6/C2Data-1283-Type3;70757.0000;DATA;1611611642.577163
/ndn/h5-site/h5/C2Data-610-Type2;24209.0000;DATA;1611611642.698105
/ndn/d13-site/d13/C2Data-3393-Type1;145862.0000;DATA;1611611642.731180
/ndn/v14-site/v14/C2Data-3601-Type3;47573.0000;DATA;1611611643.823183
/ndn/h14-site/h14/C2Data-856-Type3;167707.0000;DATA;1611611644.356732
/ndn/s4-site/s4/C2Data-4119-Type1;6000514.0000;TIMEOUT;1611611639.860129
/ndn/s13-site/s13/C2Data-2625-Type3;6000291.0000;TIMEOUT;1611611640.811236
/ndn/d1-site/d1/C2Data-978-Type3;178377.0000;DATA;1611611648.246098
/ndn/s0-site/s0/C2Data-3635-Type2;6000273.0000;TIMEOUT;1611611642.740124
/ndn/v8-site/v8/C2Data-6419-Type1;98683.0000;DATA;1611611661.990157
/ndn/h7-site/h7/C2Data-853-Type1;121452.0000;DATA;1611611662.153208
/ndn/h8-site/h8/C2Data-974-Type2;23798.0000;DATA;1611611662.630280
/ndn/h6-site/h6/C2Data-732-Type1;79772.0000;DATA;1611611663.396195
/ndn/d5-site/d5/C2Data-2426-Type1;46542.0000;DATA;1611611665.348200
/ndn/v5-site/v5/C2Data-6056-Type2;192910.0000;DATA;1611611665.322183
/ndn/v12-site/v12/C2Data-6903-Type1;166283.0000;DATA;1611611666.199140
/ndn/h5-site/h5/C2Data-611-Type2;26135.0000;DATA;1611611667.245151
/ndn/s11-site/s11/C2Data-4967-Type1;6000418.0000;TIMEOUT;1611611661.355203
/ndn/h2-site/h2/C2Data-248-Type1;193706.0000;DATA;1611611668.511098
/ndn/v14-site/v14/C2Data-7145-Type2;51217.0000;DATA;1611611668.982187
/ndn/v5-site/v5/C2Data-6056-Type1;192501.0000;DATA;1611611669.300187
/ndn/d7-site/d7/C2Data-2668-Type2;47945.0000;DATA;1611611670.307099
/ndn/v9-site/v9/C2Data-6540-Type2;93902.0000;DATA;1611611670.861179
/ndn/v6-site/v6/C2Data-6177-Type1;116707.0000;DATA;1611611672.280097
/ndn/h3-site/h3/C2Data-369-Type2;140686.0000;DATA;1611611672.309177
/ndn/s7-site/s7/C2Data-4483-Type2;6000663.0000;TIMEOUT;1611611667.319119
/ndn/h13-site/h13/C2Data-796-Type3;75267.0000;DATA;1611611685.956108
/ndn/s9-site/s9/C2Data-2382-Type3;6000577.0000;TIMEOUT;1611611685.187394
/ndn/v7-site/v7/C2Data-3175-Type3;144524.0000;DATA;1611611691.226116
/ndn/v12-site/v12/C2Data-3480-Type3;171383.0000;DATA;1611611692.124145
/ndn/h13-site/h13/C2Data-1580-Type2;71356.0000;DATA;1611611693.562141
/ndn/h2-site/h2/C2Data-249-Type2;189092.0000;DATA;1611611693.452174
/ndn/v6-site/v6/C2Data-3114-Type3;120297.0000;DATA;1611611694.401152
/ndn/s4-site/s4/C2Data-2077-Type3;6000388.0000;TIMEOUT;1611611688.645142
/ndn/v1-site/v1/C2Data-2809-Type3;162809.0000;DATA;1611611694.689163
/ndn/h3-site/h3/C2Data-370-Type2;148691.0000;DATA;1611611694.951223
/ndn/d9-site/d9/C2Data-2911-Type1;24152.0000;DATA;1611611696.295128
/ndn/s10-site/s10/C2Data-2443-Type3;6002142.0000;TIMEOUT;1611611690.620127
/ndn/h3-site/h3/C2Data-186-Type3;143166.0000;DATA;1611611696.563130
