/ndn/h1-site/h1/C2Data-121-Type2;435.0000;DATA;1611608000.771395
/ndn/s13-site/s13/C2Data-5203-Type2;544.0000;NACK;1611608002.751207
/ndn/s4-site/s4/C2Data-4114-Type1;558.0000;NACK;1611608003.669556
/ndn/h3-site/h3/C2Data-363-Type2;48586.0000;DATA;1611608004.906482
/ndn/v10-site/v10/C2Data-6655-Type1;46794.0000;DATA;1611608005.453471
/ndn/d3-site/d3/C2Data-2178-Type2;121964.0000;DATA;1611608005.763511
/ndn/h11-site/h11/C2Data-1331-Type1;69884.0000;DATA;1611608005.950456
/ndn/h7-site/h7/C2Data-847-Type1;240415.0000;DATA;1611608005.847420
/ndn/h5-site/h5/C2Data-605-Type2;124217.0000;DATA;1611608006.934456
/ndn/h4-site/h4/C2Data-484-Type1;184060.0000;DATA;1611608008.432414
/ndn/s11-site/s11/C2Data-4961-Type1;21575.0000;NACK;1611608010.524479
/ndn/s0-site/s0/C2Data-3630-Type1;152209.0000;DATA;1611608010.803460
/ndn/h4-site/h4/C2Data-244-Type3;184647.0000;DATA;1611608026.059365
/ndn/h3-site/h3/C2Data-183-Type3;600.0000;DATA;1611608027.719463
/ndn/d10-site/d10/C2Data-1525-Type3;57020.0000;DATA;1611608028.740428
/ndn/d9-site/d9/C2Data-1464-Type3;98733.0000;DATA;1611608029.703451
/ndn/v10-site/v10/C2Data-3355-Type3;49276.0000;DATA;1611608030.736541
/ndn/h6-site/h6/C2Data-727-Type1;142007.0000;DATA;1611608030.939477
/ndn/s11-site/s11/C2Data-4962-Type2;20946.0000;NACK;1611608032.732429
/ndn/v9-site/v9/C2Data-6535-Type2;20850.0000;NACK;1611608033.128473
/ndn/s4-site/s4/C2Data-4115-Type2;93672.0000;DATA;1611608033.556432
/ndn/d13-site/d13/C2Data-3389-Type2;47433.0000;DATA;1611608033.906494
/ndn/h7-site/h7/C2Data-848-Type1;46477.0000;DATA;1611608033.915437
/ndn/v7-site/v7/C2Data-3172-Type3;436.0000;DATA;1611608034.250549
/ndn/v0-site/v0/C2Data-5446-Type2;149354.0000;DATA;1611608034.260517
/ndn/s13-site/s13/C2Data-2623-Type3;21863.0000;NACK;1611608034.740446
/ndn/h1-site/h1/C2Data-61-Type3;389.0000;DATA;1611608034.847479
/ndn/s12-site/s12/C2Data-5083-Type1;20961.0000;NACK;1611608035.282428
/ndn/s4-site/s4/C2Data-2074-Type3;861.0000;DATA;1611608036.320455
/ndn/h5-site/h5/C2Data-606-Type2;152697.0000;DATA;1611608036.850477
/ndn/s7-site/s7/C2Data-4478-Type1;92427.0000;DATA;1611608039.780502
/ndn/h13-site/h13/C2Data-793-Type3;551.0000;DATA;1611608040.291437
/ndn/d13-site/d13/C2Data-3389-Type1;51056.0000;DATA;1611608041.295442
/ndn/s6-site/s6/C2Data-2196-Type3;402.0000;DATA;1611608041.445565
/ndn/d0-site/d0/C2Data-915-Type3;755.0000;DATA;1611608043.549486
/ndn/v5-site/v5/C2Data-3050-Type3;625.0000;DATA;1611608044.650450
/ndn/v9-site/v9/C2Data-3294-Type3;72022.0000;DATA;1611608044.612456
/ndn/s7-site/s7/C2Data-2257-Type3;644.0000;DATA;1611608044.826461
/ndn/v2-site/v2/C2Data-2867-Type3;593.0000;DATA;1611608046.266430
/ndn/s0-site/s0/C2Data-1830-Type3;541.0000;DATA;1611608046.787505
/ndn/d7-site/d7/C2Data-1342-Type3;617.0000;DATA;1611608047.001439
/ndn/s13-site/s13/C2Data-5205-Type2;222320.0000;DATA;1611608062.031475
/ndn/h14-site/h14/C2Data-1696-Type1;126403.0000;DATA;1611608062.173472
/ndn/s0-site/s0/C2Data-3632-Type1;147877.0000;DATA;1611608064.118523
/ndn/h4-site/h4/C2Data-486-Type1;124627.0000;DATA;1611608065.001469
/ndn/s1-site/s1/C2Data-3753-Type1;50817.0000;DATA;1611608066.882480
/ndn/h11-site/h11/C2Data-1333-Type1;740.0000;DATA;1611608067.547419
/ndn/v10-site/v10/C2Data-6657-Type1;596.0000;DATA;1611608068.501478
/ndn/d13-site/d13/C2Data-3390-Type1;51166.0000;DATA;1611608068.454435
/ndn/v12-site/v12/C2Data-6899-Type1;959.0000;DATA;1611608068.653420
/ndn/s1-site/s1/C2Data-3753-Type2;141498.0000;DATA;1611608068.728495
/ndn/v11-site/v11/C2Data-6778-Type2;669.0000;DATA;1611608071.852488
/ndn/s7-site/s7/C2Data-2258-Type3;636.0000;DATA;1611608084.977454
/ndn/v1-site/v1/C2Data-2807-Type3;148474.0000;DATA;1611608089.424994
/ndn/h12-site/h12/C2Data-1455-Type1;167918.0000;DATA;1611608090.300477
/ndn/v4-site/v4/C2Data-5932-Type1;46200.0000;DATA;1611608090.731396
/ndn/h11-site/h11/C2Data-1334-Type1;74111.0000;DATA;1611608090.773397
/ndn/s13-site/s13/C2Data-5206-Type2;145910.0000;DATA;1611608091.318460
/ndn/v1-site/v1/C2Data-5569-Type2;121163.0000;DATA;1611608091.632481
/ndn/v14-site/v14/C2Data-7142-Type1;115286.0000;DATA;1611608091.694601
/ndn/v14-site/v14/C2Data-7142-Type2;118586.0000;DATA;1611608092.273427
/ndn/v2-site/v2/C2Data-5690-Type2;69594.0000;DATA;1611608092.692472
/ndn/d11-site/d11/C2Data-1587-Type3;534.0000;DATA;1611608092.966556
/ndn/v4-site/v4/C2Data-5932-Type2;48604.0000;DATA;1611608093.456459
/ndn/d10-site/d10/C2Data-3028-Type2;190464.0000;DATA;1611608093.363422
/ndn/h9-site/h9/C2Data-1092-Type2;115721.0000;DATA;1611608093.571461
/ndn/h10-site/h10/C2Data-611-Type3;121444.0000;DATA;1611608093.875676
/ndn/v7-site/v7/C2Data-3173-Type3;46849.0000;DATA;1611608094.055426
/ndn/s0-site/s0/C2Data-1831-Type3;609.0000;DATA;1611608095.313406
/ndn/s6-site/s6/C2Data-2197-Type3;27280.0000;DATA;1611608095.832423
/ndn/v8-site/v8/C2Data-6416-Type2;23679.0000;DATA;1611608096.609443
/ndn/s0-site/s0/C2Data-3633-Type2;46414.0000;DATA;1611608097.164436
/ndn/v10-site/v10/C2Data-6658-Type1;70661.0000;DATA;1611608097.556460
/ndn/h12-site/h12/C2Data-1455-Type2;25878.0000;DATA;1611608097.629545
/ndn/s9-site/s9/C2Data-2380-Type3;820.0000;DATA;1611608098.499395
/ndn/d11-site/d11/C2Data-3149-Type2;521.0000;DATA;1611608098.559409
/ndn/h14-site/h14/C2Data-855-Type3;77939.0000;DATA;1611608098.577406
/ndn/s7-site/s7/C2Data-4480-Type2;482.0000;DATA;1611608099.696497
/ndn/v10-site/v10/C2Data-3356-Type3;523.0000;DATA;1611608100.231492
/ndn/v4-site/v4/C2Data-2990-Type3;47983.0000;DATA;1611608101.670465
/ndn/h3-site/h3/C2Data-366-Type1;95291.0000;DATA;1611608101.640581
/ndn/v13-site/v13/C2Data-3539-Type3;596.0000;DATA;1611608103.247414
/ndn/s10-site/s10/C2Data-2441-Type3;425.0000;DATA;1611608105.609460
/ndn/h3-site/h3/C2Data-75-Type4;103056.0000;DATA;1611608105.889462
/ndn/d1-site/d1/C2Data-400-Type4;160715.0000;DATA;1611608106.723461
/ndn/v10-site/v10/C2Data-6659-Type2;74897.0000;DATA;1611608123.229539
/ndn/h9-site/h9/C2Data-1093-Type1;121745.0000;DATA;1611608123.342412
/ndn/v9-site/v9/C2Data-6538-Type2;196771.0000;DATA;1611608124.610460
/ndn/v13-site/v13/C2Data-7022-Type2;95908.0000;DATA;1611608124.940477
/ndn/h12-site/h12/C2Data-1456-Type2;78388.0000;DATA;1611608125.325506
/ndn/v8-site/v8/C2Data-6417-Type1;223535.0000;DATA;1611608127.129485
/ndn/s13-site/s13/C2Data-5207-Type2;23663.0000;DATA;1611608127.865480
/ndn/v7-site/v7/C2Data-6296-Type1;95754.0000;DATA;1611608129.146460
/ndn/d0-site/d0/C2Data-1819-Type1;667.0000;DATA;1611608129.472507
/ndn/v14-site/v14/C2Data-7143-Type1;618.0000;DATA;1611608130.812467
/ndn/d12-site/d12/C2Data-3271-Type2;647.0000;DATA;1611608131.442519
/ndn/h8-site/h8/C2Data-972-Type1;118673.0000;DATA;1611608131.752464
/ndn/v6-site/v6/C2Data-3113-Type3;54509.0000;DATA;1611608144.457656
/ndn/v14-site/v14/C2Data-3601-Type3;158625.0000;DATA;1611608144.703416
/ndn/d6-site/d6/C2Data-1283-Type3;143758.0000;DATA;1611608144.836413
/ndn/v5-site/v5/C2Data-3052-Type3;784.0000;DATA;1611608146.505454
/ndn/h2-site/h2/C2Data-124-Type3;181764.0000;DATA;1611608146.526455
/ndn/s12-site/s12/C2Data-2564-Type3;146648.0000;DATA;1611608149.578481
/ndn/s9-site/s9/C2Data-2381-Type3;92386.0000;DATA;1611608149.746477
/ndn/h5-site/h5/C2Data-610-Type2;143183.0000;DATA;1611608152.275495
/ndn/h5-site/h5/C2Data-125-Type4;46883.0000;DATA;1611608152.472496
/ndn/s8-site/s8/C2Data-4603-Type1;677.0000;DATA;1611608153.764561
/ndn/h10-site/h10/C2Data-1215-Type1;581.0000;DATA;1611608154.374459
/ndn/d14-site/d14/C2Data-1771-Type3;688.0000;DATA;1611608154.478402
/ndn/h1-site/h1/C2Data-126-Type1;518.0000;DATA;1611608155.162411
/ndn/s13-site/s13/C2Data-2625-Type3;24310.0000;DATA;1611608156.642443
/ndn/d9-site/d9/C2Data-2909-Type1;97890.0000;DATA;1611608157.457585
/ndn/s11-site/s11/C2Data-2503-Type3;46776.0000;DATA;1611608157.734453
/ndn/s9-site/s9/C2Data-4724-Type1;124956.0000;DATA;1611608157.708466
/ndn/v5-site/v5/C2Data-6055-Type2;589.0000;DATA;1611608157.849476
/ndn/h11-site/h11/C2Data-1336-Type1;46026.0000;DATA;1611608157.910489
/ndn/d13-site/d13/C2Data-1710-Type3;579.0000;DATA;1611608158.899408
/ndn/s14-site/s14/C2Data-5329-Type2;684.0000;DATA;1611608160.160401
/ndn/h14-site/h14/C2Data-856-Type3;543.0000;DATA;1611608160.301412
/ndn/d11-site/d11/C2Data-1588-Type3;485.0000;DATA;1611608160.903423
/ndn/s7-site/s7/C2Data-4482-Type1;626.0000;DATA;1611608161.205502
/ndn/s13-site/s13/C2Data-5208-Type1;121335.0000;DATA;1611608161.169415
/ndn/s10-site/s10/C2Data-2442-Type3;616.0000;DATA;1611608163.790473
/ndn/s1-site/s1/C2Data-1893-Type3;24294.0000;DATA;1611608164.585438
/ndn/h7-site/h7/C2Data-429-Type3;52252.0000;DATA;1611608164.791447
/ndn/h6-site/h6/C2Data-368-Type3;46252.0000;DATA;1611608168.021633
/ndn/s10-site/s10/C2Data-4846-Type2;146037.0000;DATA;1611608180.444488
/ndn/v7-site/v7/C2Data-6298-Type2;24661.0000;DATA;1611608180.811478
/ndn/v9-site/v9/C2Data-6540-Type2;220193.0000;DATA;1611608180.852403
/ndn/s13-site/s13/C2Data-5209-Type1;268807.0000;DATA;1611608182.910471
/ndn/s11-site/s11/C2Data-4967-Type1;129316.0000;DATA;1611608183.087447
/ndn/s6-site/s6/C2Data-4362-Type2;909.0000;DATA;1611608185.854421
/ndn/s5-site/s5/C2Data-4241-Type2;798.0000;DATA;1611608187.356450
/ndn/h4-site/h4/C2Data-490-Type1;151161.0000;DATA;1611608188.658427
/ndn/v13-site/v13/C2Data-7024-Type1;100026.0000;DATA;1611608189.222484
/ndn/d3-site/d3/C2Data-2184-Type2;98889.0000;DATA;1611608189.562441
/ndn/s1-site/s1/C2Data-3757-Type2;51552.0000;DATA;1611608190.215453
/ndn/s13-site/s13/C2Data-5209-Type2;46971.0000;DATA;1611608190.484593
/ndn/s5-site/s5/C2Data-4241-Type1;47484.0000;DATA;1611608190.550471
/ndn/s9-site/s9/C2Data-2382-Type3;121494.0000;DATA;1611608206.622436
/ndn/v2-site/v2/C2Data-2870-Type3;76174.0000;DATA;1611608208.917522
/ndn/h1-site/h1/C2Data-128-Type1;24640.0000;DATA;1611608210.716477
/ndn/s12-site/s12/C2Data-5089-Type1;50210.0000;DATA;1611608211.021475
/ndn/v13-site/v13/C2Data-3541-Type3;92462.0000;DATA;1611608211.196481
/ndn/h13-site/h13/C2Data-796-Type3;69217.0000;DATA;1611608211.784405
/ndn/d4-site/d4/C2Data-2306-Type2;31442.0000;DATA;1611608212.068603
/ndn/d1-site/d1/C2Data-1943-Type2;110747.0000;DATA;1611608212.264489
/ndn/d5-site/d5/C2Data-2427-Type2;144747.0000;DATA;1611608213.321460
/ndn/h5-site/h5/C2Data-612-Type2;147034.0000;DATA;1611608214.176481
/ndn/s2-site/s2/C2Data-3879-Type2;74693.0000;DATA;1611608214.306493
/ndn/v10-site/v10/C2Data-3358-Type3;484.0000;DATA;1611608215.580431
/ndn/v7-site/v7/C2Data-3175-Type3;639.0000;DATA;1611608215.946490
