/ndn/h5-site/h5/C2Data-605-Type1;122293.0000;DATA;1611609162.986328
/ndn/s10-site/s10/C2Data-4840-Type1;502.0000;NACK;1611609164.005596
/ndn/h6-site/h6/C2Data-726-Type2;166257.0000;DATA;1611609165.352312
/ndn/d2-site/d2/C2Data-2057-Type2;118243.0000;DATA;1611609166.133395
/ndn/d8-site/d8/C2Data-2783-Type1;118317.0000;DATA;1611609169.339575
/ndn/h14-site/h14/C2Data-1694-Type2;245131.0000;DATA;1611609169.833359
/ndn/d8-site/d8/C2Data-2783-Type2;121000.0000;DATA;1611609171.210326
/ndn/v8-site/v8/C2Data-6413-Type2;554.0000;NACK;1611609172.167341
/ndn/v10-site/v10/C2Data-6655-Type1;48144.0000;DATA;1611609172.927316
/ndn/d11-site/d11/C2Data-3146-Type2;125989.0000;DATA;1611609173.566369
/ndn/v7-site/v7/C2Data-3172-Type3;150872.0000;DATA;1611609187.156437
/ndn/d13-site/d13/C2Data-1708-Type3;174374.0000;DATA;1611609187.499351
/ndn/h2-site/h2/C2Data-122-Type3;347242.0000;DATA;1611609187.929397
/ndn/s13-site/s13/C2Data-2623-Type3;571.0000;NACK;1611609191.172414
/ndn/v14-site/v14/C2Data-7140-Type1;415.0000;NACK;1611609193.401334
/ndn/v13-site/v13/C2Data-7019-Type2;580.0000;NACK;1611609193.570374
/ndn/s14-site/s14/C2Data-2684-Type3;190302.0000;DATA;1611609193.504359
/ndn/v8-site/v8/C2Data-3233-Type3;386.0000;NACK;1611609194.523331
/ndn/d6-site/d6/C2Data-1281-Type3;46997.0000;DATA;1611609194.847453
/ndn/h3-site/h3/C2Data-183-Type3;153089.0000;DATA;1611609195.829388
/ndn/s8-site/s8/C2Data-4599-Type1;217624.0000;DATA;1611609196.347328
/ndn/v6-site/v6/C2Data-6172-Type2;163717.0000;DATA;1611609197.224419
/ndn/d14-site/d14/C2Data-3510-Type2;191108.0000;DATA;1611609197.476370
/ndn/s6-site/s6/C2Data-4357-Type2;23713.0000;DATA;1611609199.693412
/ndn/s6-site/s6/C2Data-2196-Type3;23847.0000;DATA;1611609200.467493
/ndn/v11-site/v11/C2Data-6777-Type2;166460.0000;DATA;1611609200.726376
/ndn/v9-site/v9/C2Data-6535-Type1;188284.0000;DATA;1611609201.060434
/ndn/v10-site/v10/C2Data-6656-Type2;46709.0000;DATA;1611609201.445338
/ndn/v3-site/v3/C2Data-5809-Type1;167007.0000;DATA;1611609202.385378
/ndn/h6-site/h6/C2Data-366-Type3;166470.0000;DATA;1611609203.386349
/ndn/v2-site/v2/C2Data-2867-Type3;24151.0000;DATA;1611609206.484323
/ndn/d9-site/d9/C2Data-1464-Type3;73550.0000;DATA;1611609208.764411
/ndn/h4-site/h4/C2Data-486-Type1;166535.0000;DATA;1611609222.629348
/ndn/s2-site/s2/C2Data-3874-Type1;189896.0000;DATA;1611609222.653336
/ndn/d14-site/d14/C2Data-3511-Type2;194590.0000;DATA;1611609223.181641
/ndn/d11-site/d11/C2Data-3148-Type1;120396.0000;DATA;1611609226.007475
/ndn/v1-site/v1/C2Data-5568-Type1;164341.0000;DATA;1611609226.132388
/ndn/s3-site/s3/C2Data-3995-Type2;227720.0000;DATA;1611609226.508308
/ndn/s13-site/s13/C2Data-5205-Type2;227304.0000;DATA;1611609226.621352
/ndn/d7-site/d7/C2Data-2664-Type1;50050.0000;DATA;1611609228.401460
/ndn/v14-site/v14/C2Data-7141-Type1;142138.0000;DATA;1611609228.347393
/ndn/v3-site/v3/C2Data-5810-Type2;179107.0000;DATA;1611609229.194403
/ndn/d10-site/d10/C2Data-3027-Type1;162332.0000;DATA;1611609229.431344
/ndn/h5-site/h5/C2Data-607-Type1;118832.0000;DATA;1611609229.649421
/ndn/d5-site/d5/C2Data-2422-Type1;141382.0000;DATA;1611609229.709384
/ndn/d6-site/d6/C2Data-2543-Type2;47312.0000;DATA;1611609230.965349
/ndn/v6-site/v6/C2Data-6173-Type1;163855.0000;DATA;1611609232.295330
/ndn/d14-site/d14/C2Data-1770-Type3;191986.0000;DATA;1611609249.504183
/ndn/v6-site/v6/C2Data-3112-Type3;174625.0000;DATA;1611609250.183347
/ndn/v7-site/v7/C2Data-3173-Type3;148692.0000;DATA;1611609251.793919
/ndn/h3-site/h3/C2Data-366-Type1;145252.0000;DATA;1611609253.280308
/ndn/h14-site/h14/C2Data-855-Type3;242426.0000;DATA;1611609254.065336
/ndn/v13-site/v13/C2Data-7021-Type2;193783.0000;DATA;1611609255.177314
/ndn/s9-site/s9/C2Data-2380-Type3;149940.0000;DATA;1611609255.542310
/ndn/v4-site/v4/C2Data-5932-Type1;184585.0000;DATA;1611609255.626413
/ndn/h7-site/h7/C2Data-428-Type3;208194.0000;DATA;1611609255.702321
/ndn/h13-site/h13/C2Data-1576-Type2;162407.0000;DATA;1611609255.789362
/ndn/s5-site/s5/C2Data-2136-Type3;76039.0000;DATA;1611609256.004491
/ndn/d0-site/d0/C2Data-1818-Type2;95957.0000;DATA;1611609256.720873
/ndn/h9-site/h9/C2Data-1092-Type2;95263.0000;DATA;1611609257.568335
/ndn/d9-site/d9/C2Data-2907-Type1;76997.0000;DATA;1611609258.720409
/ndn/h5-site/h5/C2Data-608-Type2;121205.0000;DATA;1611609259.527404
/ndn/s0-site/s0/C2Data-3633-Type1;6001652.0000;TIMEOUT;1611609254.267363
/ndn/h5-site/h5/C2Data-306-Type3;116371.0000;DATA;1611609260.980361
/ndn/h11-site/h11/C2Data-1334-Type2;194553.0000;DATA;1611609261.016305
/ndn/h2-site/h2/C2Data-245-Type1;283512.0000;DATA;1611609261.817415
/ndn/d0-site/d0/C2Data-1818-Type1;95402.0000;DATA;1611609262.033359
/ndn/v0-site/v0/C2Data-750-Type4;46927.0000;DATA;1611609262.999446
/ndn/s0-site/s0/C2Data-1831-Type3;6000632.0000;TIMEOUT;1611609258.139361
/ndn/v5-site/v5/C2Data-6053-Type2;195516.0000;DATA;1611609264.277350
/ndn/h9-site/h9/C2Data-550-Type3;92775.0000;DATA;1611609265.811315
/ndn/h11-site/h11/C2Data-275-Type4;194990.0000;DATA;1611609265.932370
/ndn/v14-site/v14/C2Data-3600-Type3;137920.0000;DATA;1611609266.324414
/ndn/v3-site/v3/C2Data-2929-Type3;161046.0000;DATA;1611609266.340368
/ndn/s6-site/s6/C2Data-4359-Type2;6000183.0000;TIMEOUT;1611609262.272508
/ndn/d5-site/d5/C2Data-1221-Type3;146178.0000;DATA;1611609268.250366
/ndn/s4-site/s4/C2Data-4117-Type1;6000372.0000;TIMEOUT;1611609263.219300
/ndn/s8-site/s8/C2Data-4601-Type2;6000246.0000;TIMEOUT;1611609264.004377
/ndn/s6-site/s6/C2Data-2197-Type3;6000374.0000;TIMEOUT;1611609264.075343
/ndn/d6-site/d6/C2Data-525-Type4;48768.0000;DATA;1611609270.275335
/ndn/d5-site/d5/C2Data-500-Type4;202452.0000;DATA;1611609271.314957
/ndn/h9-site/h9/C2Data-225-Type4;103861.0000;DATA;1611609272.877399
/ndn/d10-site/d10/C2Data-3029-Type1;165052.0000;DATA;1611609282.802340
/ndn/v3-site/v3/C2Data-5812-Type2;166646.0000;DATA;1611609284.546335
/ndn/v13-site/v13/C2Data-7022-Type2;191014.0000;DATA;1611609284.541358
/ndn/v14-site/v14/C2Data-1100-Type4;144529.0000;DATA;1611609285.787361
/ndn/h13-site/h13/C2Data-1577-Type2;168245.0000;DATA;1611609286.122307
/ndn/d10-site/d10/C2Data-3029-Type2;176702.0000;DATA;1611609286.711372
/ndn/d4-site/d4/C2Data-2303-Type1;186098.0000;DATA;1611609286.891398
/ndn/v14-site/v14/C2Data-7143-Type1;151864.0000;DATA;1611609287.900319
/ndn/d1-site/d1/C2Data-1940-Type2;275079.0000;DATA;1611609287.843388
/ndn/v0-site/v0/C2Data-5449-Type2;46400.0000;DATA;1611609289.296347
/ndn/v12-site/v12/C2Data-6901-Type2;165524.0000;DATA;1611609291.184312
/ndn/d8-site/d8/C2Data-575-Type4;125657.0000;DATA;1611609292.231358
/ndn/h6-site/h6/C2Data-730-Type2;174664.0000;DATA;1611609292.353609
/ndn/d14-site/d14/C2Data-3513-Type1;191020.0000;DATA;1611609293.901369
/ndn/s11-site/s11/C2Data-4965-Type1;6000360.0000;TIMEOUT;1611609290.823349
/ndn/h6-site/h6/C2Data-150-Type4;178071.0000;DATA;1611609296.975379
/ndn/s14-site/s14/C2Data-5328-Type1;6000261.0000;TIMEOUT;1611609293.949468
/ndn/h3-site/h3/C2Data-75-Type4;156041.0000;DATA;1611609304.585791
/ndn/h5-site/h5/C2Data-307-Type3;124236.0000;DATA;1611609307.550418
/ndn/v1-site/v1/C2Data-2808-Type3;166128.0000;DATA;1611609309.655426
/ndn/d9-site/d9/C2Data-600-Type4;75578.0000;DATA;1611609313.412340
/ndn/h8-site/h8/C2Data-973-Type1;69815.0000;DATA;1611609314.128392
/ndn/h13-site/h13/C2Data-1578-Type1;164190.0000;DATA;1611609314.450462
/ndn/d13-site/d13/C2Data-3393-Type2;167531.0000;DATA;1611609315.330348
/ndn/h9-site/h9/C2Data-551-Type3;97261.0000;DATA;1611609315.593380
/ndn/d12-site/d12/C2Data-3272-Type1;98775.0000;DATA;1611609315.918326
/ndn/h14-site/h14/C2Data-856-Type3;241511.0000;DATA;1611609315.811305
/ndn/s12-site/s12/C2Data-2564-Type3;6000321.0000;TIMEOUT;1611609312.615301
/ndn/h0-site/h0/C2Data-2-Type3;195900.0000;DATA;1611609318.811300
/ndn/h12-site/h12/C2Data-1457-Type2;284791.0000;DATA;1611609319.114409
/ndn/d8-site/d8/C2Data-2788-Type2;119006.0000;DATA;1611609319.992336
/ndn/d9-site/d9/C2Data-1466-Type3;72984.0000;DATA;1611609320.261404
/ndn/s3-site/s3/C2Data-3998-Type1;6000915.0000;TIMEOUT;1611609314.358338
/ndn/d1-site/d1/C2Data-1941-Type2;205960.0000;DATA;1611609321.015323
/ndn/h11-site/h11/C2Data-673-Type3;190202.0000;DATA;1611609321.126338
/ndn/h7-site/h7/C2Data-852-Type2;206030.0000;DATA;1611609322.558390
/ndn/v8-site/v8/C2Data-3235-Type3;189424.0000;DATA;1611609323.562302
/ndn/h1-site/h1/C2Data-126-Type1;147213.0000;DATA;1611609324.422372
/ndn/s3-site/s3/C2Data-2015-Type3;6000458.0000;TIMEOUT;1611609320.185306
/ndn/s5-site/s5/C2Data-2137-Type3;6000184.0000;TIMEOUT;1611609322.155368
/ndn/s12-site/s12/C2Data-5087-Type2;6000292.0000;TIMEOUT;1611609322.935423
/ndn/d14-site/d14/C2Data-3515-Type2;189985.0000;DATA;1611609342.489329
/ndn/d11-site/d11/C2Data-3152-Type1;120209.0000;DATA;1611609349.157324
/ndn/v9-site/v9/C2Data-6540-Type2;194004.0000;DATA;1611609349.561617
/ndn/s4-site/s4/C2Data-4120-Type2;6000288.0000;TIMEOUT;1611609346.278400
/ndn/h0-site/h0/C2Data-6-Type1;194223.0000;DATA;1611609353.564331
/ndn/v13-site/v13/C2Data-7024-Type1;192468.0000;DATA;1611609354.340512
/ndn/s7-site/s7/C2Data-4483-Type2;6009088.0000;TIMEOUT;1611609352.882325
/ndn/h1-site/h1/C2Data-64-Type3;149081.0000;DATA;1611609366.490315
/ndn/h0-site/h0/C2Data-3-Type3;190220.0000;DATA;1611609369.769364
/ndn/v2-site/v2/C2Data-5694-Type1;23997.0000;DATA;1611609372.938407
/ndn/d9-site/d9/C2Data-2911-Type2;72064.0000;DATA;1611609373.018392
/ndn/h8-site/h8/C2Data-491-Type3;73407.0000;DATA;1611609375.382429
/ndn/h11-site/h11/C2Data-1338-Type2;192789.0000;DATA;1611609375.315300
/ndn/v8-site/v8/C2Data-3236-Type3;186811.0000;DATA;1611609375.997469
/ndn/v3-site/v3/C2Data-5815-Type1;166642.0000;DATA;1611609376.583316
/ndn/d10-site/d10/C2Data-3032-Type1;198293.0000;DATA;1611609376.787390
/ndn/h5-site/h5/C2Data-612-Type2;121565.0000;DATA;1611609376.937377
/ndn/d0-site/d0/C2Data-1822-Type2;92677.0000;DATA;1611609377.034392
