/ndn/d5-site/d5/C2Data-2420-Type2;171326.0000;DATA;1611605675.365092
/ndn/s14-site/s14/C2Data-5324-Type2;49500.0000;DATA;1611605675.568087
/ndn/h10-site/h10/C2Data-1210-Type2;194119.0000;DATA;1611605677.370991
/ndn/d2-site/d2/C2Data-2057-Type2;71571.0000;DATA;1611605678.246068
/ndn/d12-site/d12/C2Data-3267-Type1;120822.0000;DATA;1611605678.213807
/ndn/d4-site/d4/C2Data-2299-Type1;25961.0000;DATA;1611605680.522074
/ndn/h12-site/h12/C2Data-1452-Type2;576.0000;NACK;1611605682.351134
/ndn/d0-site/d0/C2Data-1815-Type2;101743.0000;DATA;1611605682.518132
/ndn/v11-site/v11/C2Data-6776-Type1;23401.0000;DATA;1611605683.151027
/ndn/v14-site/v14/C2Data-7139-Type1;560.0000;NACK;1611605683.308134
/ndn/s11-site/s11/C2Data-4961-Type1;698.0000;NACK;1611605684.489098
/ndn/d1-site/d1/C2Data-1936-Type1;592.0000;NACK;1611605684.902096
/ndn/h3-site/h3/C2Data-363-Type2;71461.0000;DATA;1611605684.845129
/ndn/h5-site/h5/C2Data-605-Type2;48683.0000;DATA;1611605685.192035
/ndn/s14-site/s14/C2Data-2684-Type3;48135.0000;DATA;1611605701.759078
/ndn/h13-site/h13/C2Data-1574-Type2;71021.0000;DATA;1611605705.463085
/ndn/s7-site/s7/C2Data-2257-Type3;503.0000;DATA;1611605707.369029
/ndn/d5-site/d5/C2Data-2421-Type2;164688.0000;DATA;1611605707.208065
/ndn/s12-site/s12/C2Data-5083-Type1;424.0000;NACK;1611605707.990162
/ndn/v5-site/v5/C2Data-6051-Type1;217812.0000;DATA;1611605707.938099
/ndn/d10-site/d10/C2Data-3026-Type1;196279.0000;DATA;1611605708.038134
/ndn/d12-site/d12/C2Data-1647-Type3;122458.0000;DATA;1611605708.628063
/ndn/d9-site/d9/C2Data-2905-Type1;94036.0000;DATA;1611605709.056203
/ndn/s11-site/s11/C2Data-4962-Type1;118088.0000;DATA;1611605710.332042
/ndn/v0-site/v0/C2Data-5446-Type2;74723.0000;DATA;1611605711.167109
/ndn/v0-site/v0/C2Data-5446-Type1;23368.0000;DATA;1611605712.091060
/ndn/v10-site/v10/C2Data-3355-Type3;24751.0000;DATA;1611605712.202050
/ndn/v2-site/v2/C2Data-2867-Type3;26211.0000;DATA;1611605712.254074
/ndn/v7-site/v7/C2Data-6293-Type2;173605.0000;DATA;1611605712.878037
/ndn/h7-site/h7/C2Data-427-Type3;148567.0000;DATA;1611605713.085126
/ndn/d4-site/d4/C2Data-2300-Type2;23240.0000;DATA;1611605713.861093
/ndn/d10-site/d10/C2Data-3026-Type2;145024.0000;DATA;1611605714.769030
/ndn/s12-site/s12/C2Data-5083-Type2;95896.0000;DATA;1611605715.913755
/ndn/v2-site/v2/C2Data-5688-Type1;173391.0000;DATA;1611605716.023064
/ndn/v3-site/v3/C2Data-2928-Type3;69047.0000;DATA;1611605716.979065
/ndn/s5-site/s5/C2Data-2135-Type3;122185.0000;DATA;1611605718.692209
/ndn/h6-site/h6/C2Data-366-Type3;70417.0000;DATA;1611605718.910119
/ndn/s13-site/s13/C2Data-2623-Type3;636.0000;NACK;1611605720.509107
/ndn/h4-site/h4/C2Data-486-Type1;155568.0000;DATA;1611605735.621070
/ndn/v4-site/v4/C2Data-5931-Type2;123333.0000;DATA;1611605736.248140
/ndn/d9-site/d9/C2Data-2906-Type1;170739.0000;DATA;1611605738.592079
/ndn/d0-site/d0/C2Data-1817-Type2;24482.0000;DATA;1611605740.440095
/ndn/d0-site/d0/C2Data-1817-Type1;47458.0000;DATA;1611605741.014117
/ndn/h5-site/h5/C2Data-607-Type1;144562.0000;DATA;1611605741.227208
/ndn/d13-site/d13/C2Data-3390-Type1;28208.0000;DATA;1611605741.646033
/ndn/h8-site/h8/C2Data-970-Type1;188219.0000;DATA;1611605743.836069
/ndn/v14-site/v14/C2Data-7141-Type2;96611.0000;DATA;1611605744.123122
/ndn/d1-site/d1/C2Data-1938-Type2;26300.0000;DATA;1611605744.518026
/ndn/d11-site/d11/C2Data-3148-Type2;24690.0000;DATA;1611605745.387125
/ndn/v12-site/v12/C2Data-6899-Type1;72827.0000;DATA;1611605745.972042
/ndn/h0-site/h0/C2Data-1-Type3;47973.0000;DATA;1611605760.230121
/ndn/h9-site/h9/C2Data-550-Type3;46379.0000;DATA;1611605764.321168
/ndn/d13-site/d13/C2Data-1709-Type3;24208.0000;DATA;1611605764.652096
/ndn/s2-site/s2/C2Data-3875-Type1;71760.0000;DATA;1611605764.671095
/ndn/s2-site/s2/C2Data-1953-Type3;74798.0000;DATA;1611605764.846158
/ndn/d6-site/d6/C2Data-2544-Type1;233235.0000;DATA;1611605764.835031
/ndn/h2-site/h2/C2Data-245-Type1;118775.0000;DATA;1611605765.085083
/ndn/v3-site/v3/C2Data-5811-Type2;96440.0000;DATA;1611605765.720098
/ndn/v11-site/v11/C2Data-3417-Type3;47603.0000;DATA;1611605766.395102
/ndn/s5-site/s5/C2Data-4238-Type2;116965.0000;DATA;1611605768.563111
/ndn/s7-site/s7/C2Data-2258-Type3;530.0000;DATA;1611605768.803194
/ndn/d3-site/d3/C2Data-2181-Type2;184680.0000;DATA;1611605768.952057
/ndn/h10-site/h10/C2Data-1213-Type1;187596.0000;DATA;1611605769.209117
/ndn/h14-site/h14/C2Data-350-Type4;72128.0000;DATA;1611605770.628133
/ndn/d8-site/d8/C2Data-1404-Type3;23974.0000;DATA;1611605770.853192
/ndn/v9-site/v9/C2Data-6537-Type1;183807.0000;DATA;1611605771.213922
/ndn/v13-site/v13/C2Data-1075-Type4;71685.0000;DATA;1611605772.444113
/ndn/v0-site/v0/C2Data-2746-Type3;220509.0000;DATA;1611605773.078200
/ndn/d14-site/d14/C2Data-3512-Type1;23956.0000;DATA;1611605773.973037
/ndn/h4-site/h4/C2Data-487-Type2;71869.0000;DATA;1611605775.134123
/ndn/v11-site/v11/C2Data-6779-Type2;48377.0000;DATA;1611605775.332089
/ndn/d6-site/d6/C2Data-2544-Type2;121426.0000;DATA;1611605776.046044
/ndn/h0-site/h0/C2Data-0-Type4;75891.0000;DATA;1611605777.454040
/ndn/d2-site/d2/C2Data-1038-Type3;26428.0000;DATA;1611605778.330067
/ndn/d11-site/d11/C2Data-1587-Type3;23242.0000;DATA;1611605779.999025
/ndn/v8-site/v8/C2Data-3234-Type3;25579.0000;DATA;1611605780.278044
/ndn/d14-site/d14/C2Data-725-Type4;26927.0000;DATA;1611605785.028505
/ndn/h1-site/h1/C2Data-125-Type2;48337.0000;DATA;1611605794.347101
/ndn/s0-site/s0/C2Data-3634-Type2;212451.0000;DATA;1611605794.395170
/ndn/d4-site/d4/C2Data-2303-Type1;24766.0000;DATA;1611605795.058135
/ndn/d2-site/d2/C2Data-425-Type4;26883.0000;DATA;1611605796.139057
/ndn/d8-site/d8/C2Data-2787-Type2;25320.0000;DATA;1611605797.368040
/ndn/h4-site/h4/C2Data-488-Type1;73134.0000;DATA;1611605797.663106
/ndn/d14-site/d14/C2Data-3513-Type1;23627.0000;DATA;1611605797.765093
/ndn/h6-site/h6/C2Data-730-Type1;73129.0000;DATA;1611605798.154125
/ndn/h4-site/h4/C2Data-100-Type4;47167.0000;DATA;1611605798.312153
/ndn/s7-site/s7/C2Data-4481-Type2;24004.0000;DATA;1611605798.527135
/ndn/d11-site/d11/C2Data-3150-Type1;143316.0000;DATA;1611605799.700127
/ndn/s3-site/s3/C2Data-3997-Type1;247446.0000;DATA;1611605801.449036
/ndn/d10-site/d10/C2Data-3029-Type2;76351.0000;DATA;1611605802.917027
/ndn/v11-site/v11/C2Data-1025-Type4;24808.0000;DATA;1611605803.026096
/ndn/h6-site/h6/C2Data-150-Type4;51580.0000;DATA;1611605803.641201
/ndn/v10-site/v10/C2Data-6659-Type1;146155.0000;DATA;1611605804.119222
/ndn/h9-site/h9/C2Data-1093-Type1;47769.0000;DATA;1611605804.467128
/ndn/h4-site/h4/C2Data-488-Type2;142856.0000;DATA;1611605804.400145
/ndn/v9-site/v9/C2Data-6538-Type1;104933.0000;DATA;1611605804.449258
/ndn/d0-site/d0/C2Data-1819-Type1;24472.0000;DATA;1611605804.776031
/ndn/s5-site/s5/C2Data-4239-Type1;23457.0000;DATA;1611605804.882025
/ndn/h2-site/h2/C2Data-246-Type2;25121.0000;DATA;1611605805.553072
/ndn/h14-site/h14/C2Data-856-Type3;25711.0000;DATA;1611605820.505053
/ndn/v2-site/v2/C2Data-2869-Type3;145278.0000;DATA;1611605821.347113
/ndn/v6-site/v6/C2Data-900-Type4;23659.0000;DATA;1611605822.292052
/ndn/d0-site/d0/C2Data-375-Type4;23533.0000;DATA;1611605824.043104
/ndn/v8-site/v8/C2Data-6418-Type2;216575.0000;DATA;1611605824.418114
/ndn/s3-site/s3/C2Data-3998-Type2;246609.0000;DATA;1611605824.451135
/ndn/h13-site/h13/C2Data-1578-Type1;95953.0000;DATA;1611605824.639037
/ndn/d4-site/d4/C2Data-2304-Type1;27390.0000;DATA;1611605824.950105
/ndn/s2-site/s2/C2Data-1954-Type3;70820.0000;DATA;1611605825.575116
/ndn/h5-site/h5/C2Data-307-Type3;94359.0000;DATA;1611605826.186086
/ndn/d7-site/d7/C2Data-1344-Type3;26251.0000;DATA;1611605826.681115
/ndn/d9-site/d9/C2Data-600-Type4;23458.0000;DATA;1611605827.221093
/ndn/d4-site/d4/C2Data-1161-Type3;23972.0000;DATA;1611605827.500114
/ndn/d7-site/d7/C2Data-2667-Type2;143266.0000;DATA;1611605827.724036
/ndn/s6-site/s6/C2Data-2198-Type3;193797.0000;DATA;1611605827.823123
/ndn/s7-site/s7/C2Data-4482-Type1;715.0000;DATA;1611605828.917178
/ndn/h0-site/h0/C2Data-2-Type3;143995.0000;DATA;1611605830.491054
/ndn/d1-site/d1/C2Data-1941-Type1;469.0000;DATA;1611605831.028097
/ndn/v4-site/v4/C2Data-2991-Type3;23544.0000;DATA;1611605831.559099
/ndn/v2-site/v2/C2Data-5692-Type2;26099.0000;DATA;1611605832.089193
/ndn/h6-site/h6/C2Data-731-Type1;53626.0000;DATA;1611605832.159133
/ndn/v14-site/v14/C2Data-3601-Type3;51481.0000;DATA;1611605833.080043
/ndn/v7-site/v7/C2Data-3174-Type3;23776.0000;DATA;1611605833.387174
/ndn/d2-site/d2/C2Data-1039-Type3;125005.0000;DATA;1611605833.574057
/ndn/v0-site/v0/C2Data-2747-Type3;23658.0000;DATA;1611605834.330164
/ndn/d11-site/d11/C2Data-1588-Type3;23859.0000;DATA;1611605834.803058
/ndn/h0-site/h0/C2Data-5-Type1;148332.0000;DATA;1611605835.419104
/ndn/v12-site/v12/C2Data-3479-Type3;23495.0000;DATA;1611605838.024049
/ndn/s0-site/s0/C2Data-3636-Type1;215512.0000;DATA;1611605856.087113
/ndn/v14-site/v14/C2Data-7145-Type2;120690.0000;DATA;1611605859.019128
/ndn/d14-site/d14/C2Data-3515-Type1;31112.0000;DATA;1611605860.310114
/ndn/h5-site/h5/C2Data-611-Type2;147613.0000;DATA;1611605860.251264
/ndn/h1-site/h1/C2Data-127-Type1;48232.0000;DATA;1611605860.678103
/ndn/v8-site/v8/C2Data-6419-Type1;144358.0000;DATA;1611605861.010130
/ndn/d0-site/d0/C2Data-1821-Type1;98139.0000;DATA;1611605861.540128
/ndn/s9-site/s9/C2Data-4725-Type2;51156.0000;DATA;1611605865.376070
/ndn/s11-site/s11/C2Data-4967-Type1;96143.0000;DATA;1611605865.439122
/ndn/s2-site/s2/C2Data-1955-Type3;46227.0000;DATA;1611605881.375095
/ndn/v14-site/v14/C2Data-3602-Type3;121501.0000;DATA;1611605883.787030
/ndn/d1-site/d1/C2Data-1943-Type1;93273.0000;DATA;1611605884.206053
/ndn/h13-site/h13/C2Data-1580-Type2;51588.0000;DATA;1611605885.178216
/ndn/s0-site/s0/C2Data-3637-Type2;220858.0000;DATA;1611605886.915130
/ndn/h9-site/h9/C2Data-1096-Type2;164983.0000;DATA;1611605887.542075
/ndn/s7-site/s7/C2Data-4484-Type2;501.0000;DATA;1611605887.866248
/ndn/d3-site/d3/C2Data-2185-Type1;23630.0000;DATA;1611605887.933125
/ndn/s3-site/s3/C2Data-4000-Type1;97928.0000;DATA;1611605889.599100
