/ndn/d0-site/d0/C2Data-1210-Type1;220758.0000;DATA;1612716190.436650
/ndn/s5-site/s5/C2Data-3025-Type1;148509.0000;DATA;1612716190.739410
/ndn/s3-site/s3/C2Data-2783-Type2;222669.0000;DATA;1612716191.216074
/ndn/s7-site/s7/C2Data-3267-Type2;72109.0000;DATA;1612716192.498633
/ndn/h7-site/h7/C2Data-847-Type1;32545.0000;DATA;1612716194.565437
/ndn/d3-site/d3/C2Data-1573-Type1;616966.0000;DATA;1612716194.116862
/ndn/h5-site/h5/C2Data-605-Type1;146682.0000;DATA;1612716195.658870
/ndn/v6-site/v6/C2Data-4356-Type2;147677.0000;DATA;1612716198.734145
/ndn/d3-site/d3/C2Data-1573-Type2;196322.0000;DATA;1612716198.713379
/ndn/h9-site/h9/C2Data-549-Type3;25150.0000;DATA;1612716219.843517
/ndn/v0-site/v0/C2Data-3631-Type2;130041.0000;DATA;1612716219.880586
/ndn/h4-site/h4/C2Data-485-Type2;164064.0000;DATA;1612716221.867260
/ndn/s1-site/s1/C2Data-1281-Type3;177362.0000;DATA;1612716223.445847
/ndn/d7-site/d7/C2Data-2058-Type2;72833.0000;DATA;1612716225.013447
/ndn/h8-site/h8/C2Data-969-Type2;214787.0000;DATA;1612716226.297236
/ndn/d4-site/d4/C2Data-854-Type3;99822.0000;DATA;1612716226.501946
/ndn/h1-site/h1/C2Data-122-Type2;158539.0000;DATA;1612716227.479408
/ndn/s0-site/s0/C2Data-2421-Type1;126128.0000;DATA;1612716228.399823
/ndn/v9-site/v9/C2Data-2379-Type3;26407.0000;DATA;1612716228.541570
/ndn/d1-site/d1/C2Data-1332-Type2;87661.0000;DATA;1612716229.062524
/ndn/v7-site/v7/C2Data-2257-Type3;72222.0000;DATA;1612716229.100923
/ndn/h1-site/h1/C2Data-122-Type1;154545.0000;DATA;1612716229.163920
/ndn/h7-site/h7/C2Data-848-Type1;181086.0000;DATA;1612716229.521807
/ndn/d7-site/d7/C2Data-2058-Type1;50614.0000;DATA;1612716229.705843
/ndn/d3-site/d3/C2Data-1574-Type2;228904.0000;DATA;1612716229.942573
/ndn/h3-site/h3/C2Data-364-Type2;123809.0000;DATA;1612716231.234786
/ndn/s8-site/s8/C2Data-1708-Type3;96313.0000;DATA;1612716231.294531
/ndn/v0-site/v0/C2Data-3631-Type1;127673.0000;DATA;1612716231.319661
/ndn/s5-site/s5/C2Data-1525-Type3;211325.0000;DATA;1612716233.497306
/ndn/h5-site/h5/C2Data-305-Type3;183891.0000;DATA;1612716235.015472
/ndn/h8-site/h8/C2Data-488-Type3;309358.0000;DATA;1612716237.521773
/ndn/s2-site/s2/C2Data-2664-Type1;153039.0000;DATA;1612716250.405942
/ndn/d2-site/d2/C2Data-1454-Type1;51702.0000;DATA;1612716252.165546
/ndn/h0-site/h0/C2Data-2-Type1;25216.0000;DATA;1612716254.157884
/ndn/h7-site/h7/C2Data-849-Type1;176415.0000;DATA;1612716257.396990
/ndn/v7-site/v7/C2Data-4479-Type2;82829.0000;DATA;1612716259.120617
/ndn/h9-site/h9/C2Data-1091-Type2;28070.0000;DATA;1612716260.242803
/ndn/v5-site/v5/C2Data-4237-Type2;250245.0000;DATA;1612716260.073616
/ndn/d1-site/d1/C2Data-1333-Type2;83188.0000;DATA;1612716261.265009
/ndn/h9-site/h9/C2Data-550-Type3;29298.0000;DATA;1612716275.572845
/ndn/v3-site/v3/C2Data-2014-Type3;81179.0000;DATA;1612716278.850614
/ndn/s4-site/s4/C2Data-1465-Type3;53972.0000;DATA;1612716278.888931
/ndn/s7-site/s7/C2Data-1648-Type3;6001645.0000;TIMEOUT;1612716274.386965
/ndn/d9-site/d9/C2Data-2302-Type1;72069.0000;DATA;1612716281.167789
/ndn/s1-site/s1/C2Data-1282-Type3;189872.0000;DATA;1612716281.304244
/ndn/v4-site/v4/C2Data-4117-Type2;235050.0000;DATA;1612716281.968030
/ndn/v7-site/v7/C2Data-4480-Type2;71331.0000;DATA;1612716283.566272
/ndn/h1-site/h1/C2Data-124-Type2;179282.0000;DATA;1612716285.720581
/ndn/d4-site/d4/C2Data-1697-Type2;11230.0000;DATA;1612716286.744020
/ndn/s4-site/s4/C2Data-2907-Type2;64059.0000;DATA;1612716286.786850
/ndn/h6-site/h6/C2Data-729-Type2;197406.0000;DATA;1612716288.113904
/ndn/v5-site/v5/C2Data-4238-Type2;224271.0000;DATA;1612716289.059273
/ndn/s8-site/s8/C2Data-3391-Type1;109189.0000;DATA;1612716290.530908
/ndn/h6-site/h6/C2Data-150-Type4;202287.0000;DATA;1612716292.225025
/ndn/v8-site/v8/C2Data-700-Type4;227110.0000;DATA;1612716292.513878
/ndn/h1-site/h1/C2Data-62-Type3;208130.0000;DATA;1612716292.615871
/ndn/s5-site/s5/C2Data-1526-Type3;6000532.0000;TIMEOUT;1612716290.427326
/ndn/h3-site/h3/C2Data-367-Type2;128508.0000;DATA;1612716311.761919
/ndn/d4-site/d4/C2Data-1698-Type1;111559.0000;DATA;1612716313.970694
/ndn/v8-site/v8/C2Data-4602-Type2;179447.0000;DATA;1612716314.584450
/ndn/v4-site/v4/C2Data-4118-Type1;233469.0000;DATA;1612716315.924126
/ndn/d1-site/d1/C2Data-1335-Type1;73601.0000;DATA;1612716316.710970
/ndn/v9-site/v9/C2Data-4723-Type1;25278.0000;DATA;1612716320.172945
/ndn/d4-site/d4/C2Data-350-Type4;99548.0000;DATA;1612716320.498074
/ndn/s7-site/s7/C2Data-3271-Type1;6005227.0000;TIMEOUT;1612716315.094088
/ndn/h9-site/h9/C2Data-551-Type3;77797.0000;DATA;1612716333.634511
/ndn/d2-site/d2/C2Data-734-Type3;50931.0000;DATA;1612716338.096931
/ndn/d7-site/d7/C2Data-1039-Type3;54765.0000;DATA;1612716339.361333
/ndn/d5-site/d5/C2Data-917-Type3;51222.0000;DATA;1612716339.586746
/ndn/d0-site/d0/C2Data-1215-Type1;591152.0000;DATA;1612716339.837623
/ndn/d2-site/d2/C2Data-300-Type4;79503.0000;DATA;1612716341.284321
/ndn/v3-site/v3/C2Data-2015-Type3;78352.0000;DATA;1612716342.236424
/ndn/v9-site/v9/C2Data-2381-Type3;27249.0000;DATA;1612716343.681429
/ndn/h2-site/h2/C2Data-50-Type4;154320.0000;DATA;1612716344.723251
/ndn/s5-site/s5/C2Data-3030-Type1;6002554.0000;TIMEOUT;1612716340.390273
/ndn/s1-site/s1/C2Data-2546-Type1;6003715.0000;TIMEOUT;1612716342.073061
/ndn/d0-site/d0/C2Data-612-Type3;232701.0000;DATA;1612716348.681868
/ndn/v7-site/v7/C2Data-2259-Type3;74074.0000;DATA;1612716349.129884
/ndn/h6-site/h6/C2Data-368-Type3;719938.0000;DATA;1612716351.069548
/ndn/s1-site/s1/C2Data-2546-Type2;6000864.0000;TIMEOUT;1612716348.427416
/ndn/h0-site/h0/C2Data-2-Type3;37950.0000;DATA;1612716355.633616
/ndn/s9-site/s9/C2Data-3514-Type2;6003489.0000;TIMEOUT;1612716350.938664
/ndn/d5-site/d5/C2Data-1821-Type2;60319.0000;DATA;1612716370.969849
/ndn/d1-site/d1/C2Data-1337-Type1;95974.0000;DATA;1612716371.558187
/ndn/h3-site/h3/C2Data-369-Type2;122614.0000;DATA;1612716372.222013
/ndn/d4-site/d4/C2Data-1700-Type1;97100.0000;DATA;1612716372.341933
/ndn/d0-site/d0/C2Data-1216-Type2;318439.0000;DATA;1612716375.894244
/ndn/v6-site/v6/C2Data-4362-Type2;144970.0000;DATA;1612716377.325524
/ndn/s6-site/s6/C2Data-3152-Type1;6002579.0000;TIMEOUT;1612716376.740284
/ndn/s3-site/s3/C2Data-2789-Type1;6002459.0000;TIMEOUT;1612716378.874812
/ndn/s7-site/s7/C2Data-3273-Type2;6018759.0000;TIMEOUT;1612716380.840934
/ndn/d2-site/d2/C2Data-735-Type3;52881.0000;DATA;1612716394.421872
/ndn/v1-site/v1/C2Data-1894-Type3;153863.0000;DATA;1612716394.995818
/ndn/v3-site/v3/C2Data-4000-Type1;72121.0000;DATA;1612716403.847011
/ndn/h7-site/h7/C2Data-854-Type2;169511.0000;DATA;1612716404.693358
/ndn/v6-site/v6/C2Data-2199-Type3;163706.0000;DATA;1612716405.244873
/ndn/s7-site/s7/C2Data-3274-Type1;6000958.0000;TIMEOUT;1612716399.632283
/ndn/v3-site/v3/C2Data-2016-Type3;71560.0000;DATA;1612716405.703277
/ndn/h8-site/h8/C2Data-975-Type1;227288.0000;DATA;1612716406.627663
/ndn/d6-site/d6/C2Data-1943-Type1;218782.0000;DATA;1612716406.862983
/ndn/h7-site/h7/C2Data-854-Type1;183311.0000;DATA;1612716409.239262
/ndn/h3-site/h3/C2Data-39-Type5;120961.0000;DATA;1612716409.915903
/ndn/d3-site/d3/C2Data-1580-Type1;204814.0000;DATA;1612716410.511579
/ndn/h8-site/h8/C2Data-491-Type3;226347.0000;DATA;1612716412.668409
/ndn/h9-site/h9/C2Data-552-Type3;28917.0000;DATA;1612716413.140268
/ndn/s1-site/s1/C2Data-2548-Type1;6007950.0000;TIMEOUT;1612716408.662980
/ndn/s3-site/s3/C2Data-2790-Type1;6000937.0000;TIMEOUT;1612716409.257371
/ndn/s7-site/s7/C2Data-1650-Type3;6003334.0000;TIMEOUT;1612716412.565709
/ndn/s4-site/s4/C2Data-1467-Type3;6002394.0000;TIMEOUT;1612716412.774044
/ndn/d5-site/d5/C2Data-1823-Type1;54638.0000;DATA;1612716431.221620
/ndn/v7-site/v7/C2Data-4485-Type1;72171.0000;DATA;1612716433.347369
/ndn/h4-site/h4/C2Data-492-Type2;168266.0000;DATA;1612716434.473945
/ndn/h9-site/h9/C2Data-117-Type5;27605.0000;DATA;1612716434.835466
/ndn/s8-site/s8/C2Data-3396-Type2;6000878.0000;TIMEOUT;1612716430.573089
/ndn/s7-site/s7/C2Data-3275-Type2;6000515.0000;TIMEOUT;1612716431.504852
/ndn/v0-site/v0/C2Data-501-Type4;124291.0000;DATA;1612716437.951744
/ndn/v9-site/v9/C2Data-4727-Type2;24269.0000;DATA;1612716438.726202
/ndn/s2-site/s2/C2Data-2670-Type1;6000508.0000;TIMEOUT;1612716432.869065
/ndn/d4-site/d4/C2Data-1702-Type1;99560.0000;DATA;1612716440.622615
/ndn/h8-site/h8/C2Data-104-Type5;232399.0000;DATA;1612716443.173331
/ndn/h8-site/h8/C2Data-201-Type4;196443.0000;DATA;1612716443.904361
/ndn/s0-site/s0/C2Data-2428-Type2;6000791.0000;TIMEOUT;1612716439.162117
/ndn/d3-site/d3/C2Data-326-Type4;266517.0000;DATA;1612716446.616995
/ndn/s4-site/s4/C2Data-2912-Type1;6001288.0000;TIMEOUT;1612716441.276903
/ndn/h0-site/h0/C2Data-1-Type4;34012.0000;DATA;1612716453.743269
/ndn/h8-site/h8/C2Data-492-Type3;262801.0000;DATA;1612716457.404189
/ndn/v0-site/v0/C2Data-1834-Type3;124614.0000;DATA;1612716460.035359
/ndn/h2-site/h2/C2Data-251-Type2;609495.0000;DATA;1612716460.851807
/ndn/h4-site/h4/C2Data-101-Type4;637114.0000;DATA;1612716460.830798
/ndn/d5-site/d5/C2Data-376-Type4;49456.0000;DATA;1612716461.465662
/ndn/d0-site/d0/C2Data-614-Type3;222553.0000;DATA;1612716461.818129
/ndn/s5-site/s5/C2Data-1529-Type3;6005049.0000;TIMEOUT;1612716456.251463
/ndn/v5-site/v5/C2Data-4244-Type1;290396.0000;DATA;1612716462.661519
/ndn/h6-site/h6/C2Data-735-Type1;251498.0000;DATA;1612716463.088894
/ndn/d2-site/d2/C2Data-736-Type3;55928.0000;DATA;1612716464.078334
/ndn/v0-site/v0/C2Data-3639-Type2;123957.0000;DATA;1612716464.071210
/ndn/d0-site/d0/C2Data-1219-Type1;228682.0000;DATA;1612716464.095468
/ndn/h1-site/h1/C2Data-130-Type2;150740.0000;DATA;1612716465.082493
/ndn/h4-site/h4/C2Data-493-Type2;157296.0000;DATA;1612716465.633919
/ndn/h8-site/h8/C2Data-977-Type1;219093.0000;DATA;1612716465.730518
/ndn/s0-site/s0/C2Data-1224-Type3;6027362.0000;TIMEOUT;1612716461.455953
/ndn/v4-site/v4/C2Data-4123-Type2;223252.0000;DATA;1612716468.639089
/ndn/v8-site/v8/C2Data-2322-Type3;168757.0000;DATA;1612716469.108886
/ndn/d1-site/d1/C2Data-1340-Type2;95222.0000;DATA;1612716469.827494
/ndn/v6-site/v6/C2Data-4365-Type2;149182.0000;DATA;1612716471.434809
/ndn/v4-site/v4/C2Data-2078-Type3;242465.0000;DATA;1612716473.558581
/ndn/s2-site/s2/C2Data-2671-Type2;6000967.0000;TIMEOUT;1612716469.411086
/ndn/v1-site/v1/C2Data-526-Type4;152370.0000;DATA;1612716481.309305
/ndn/s8-site/s8/C2Data-1712-Type3;6001525.0000;TIMEOUT;1612716475.831937
/ndn/h6-site/h6/C2Data-151-Type4;220051.0000;DATA;1612716482.689849
/ndn/d1-site/d1/C2Data-143-Type5;82974.0000;DATA;1612716492.082874
/ndn/h5-site/h5/C2Data-615-Type2;160977.0000;DATA;1612716492.696177
/ndn/d0-site/d0/C2Data-1220-Type1;226902.0000;DATA;1612716494.815546
/ndn/d9-site/d9/C2Data-2309-Type2;51324.0000;DATA;1612716496.137235
/ndn/d4-site/d4/C2Data-1704-Type2;96541.0000;DATA;1612716497.031941
/ndn/s8-site/s8/C2Data-3398-Type1;6003714.0000;TIMEOUT;1612716496.900335
/ndn/s1-site/s1/C2Data-2551-Type1;6002653.0000;TIMEOUT;1612716496.947461
/ndn/s6-site/s6/C2Data-3156-Type1;6005906.0000;TIMEOUT;1612716499.103862
/ndn/d1-site/d1/C2Data-1342-Type2;75109.0000;DATA;1612716521.600976
/ndn/d4-site/d4/C2Data-1705-Type1;97778.0000;DATA;1612716522.134102
/ndn/h4-site/h4/C2Data-495-Type2;159824.0000;DATA;1612716524.148027
/ndn/h2-site/h2/C2Data-26-Type5;124090.0000;DATA;1612716524.569085
/ndn/d6-site/d6/C2Data-981-Type3;224719.0000;DATA;1612716525.240907
/ndn/h9-site/h9/C2Data-554-Type3;28622.0000;DATA;1612716525.785877
/ndn/s4-site/s4/C2Data-2915-Type1;6000453.0000;TIMEOUT;1612716520.353864
/ndn/d9-site/d9/C2Data-1164-Type3;59831.0000;DATA;1612716527.585091
/ndn/s8-site/s8/C2Data-3399-Type2;6000299.0000;TIMEOUT;1612716521.993384
/ndn/v0-site/v0/C2Data-3641-Type1;125835.0000;DATA;1612716529.420483
/ndn/v0-site/v0/C2Data-1835-Type3;120726.0000;DATA;1612716529.572587
/ndn/d2-site/d2/C2Data-1463-Type1;48872.0000;DATA;1612716530.626930
/ndn/v6-site/v6/C2Data-2201-Type3;157586.0000;DATA;1612716535.725470
/ndn/h0-site/h0/C2Data-5-Type3;36530.0000;DATA;1612716537.335565
/ndn/v2-site/v2/C2Data-1957-Type3;72952.0000;DATA;1612716537.402759
/ndn/s5-site/s5/C2Data-1530-Type3;6001915.0000;TIMEOUT;1612716533.390142
/ndn/s4-site/s4/C2Data-1469-Type3;6025624.0000;TIMEOUT;1612716533.498476
/ndn/d9-site/d9/C2Data-2311-Type2;50608.0000;DATA;1612716550.712242
/ndn/v9-site/v9/C2Data-4731-Type2;26728.0000;DATA;1612716551.582325
/ndn/d1-site/d1/C2Data-1343-Type2;73563.0000;DATA;1612716553.212614
/ndn/d2-site/d2/C2Data-1464-Type2;58436.0000;DATA;1612716558.264033
/ndn/d3-site/d3/C2Data-1585-Type2;255934.0000;DATA;1612716558.593071
/ndn/s8-site/s8/C2Data-3400-Type2;6001521.0000;TIMEOUT;1612716556.628321
/ndn/h6-site/h6/C2Data-372-Type3;255561.0000;DATA;1612716578.853236
/ndn/h4-site/h4/C2Data-497-Type1;141045.0000;DATA;1612716581.131549
/ndn/d3-site/d3/C2Data-1586-Type1;195065.0000;DATA;1612716581.180300
/ndn/s6-site/s6/C2Data-1592-Type3;6000554.0000;TIMEOUT;1612716576.091172
/ndn/d7-site/d7/C2Data-1043-Type3;73296.0000;DATA;1612716582.267484
/ndn/v7-site/v7/C2Data-2263-Type3;71969.0000;DATA;1612716582.604025
/ndn/d7-site/d7/C2Data-2070-Type1;52127.0000;DATA;1612716585.294560
/ndn/v3-site/v3/C2Data-4006-Type1;73866.0000;DATA;1612716585.705903
/ndn/d0-site/d0/C2Data-1223-Type2;243393.0000;DATA;1612716588.119317
/ndn/v8-site/v8/C2Data-4611-Type2;174555.0000;DATA;1612716589.477043
/ndn/h0-site/h0/C2Data-13-Type2;26843.0000;DATA;1612716590.526648
/ndn/h2-site/h2/C2Data-255-Type2;123298.0000;DATA;1612716590.577295
/ndn/s0-site/s0/C2Data-2433-Type1;6000609.0000;TIMEOUT;1612716585.606000
/ndn/s9-site/s9/C2Data-3522-Type2;6001470.0000;TIMEOUT;1612716590.468285
/ndn/d9-site/d9/C2Data-477-Type4;49356.0000;DATA;1612716597.126829
/ndn/h7-site/h7/C2Data-177-Type4;182682.0000;DATA;1612716600.561009
/ndn/d5-site/d5/C2Data-377-Type4;49984.0000;DATA;1612716611.629335
/ndn/h5-site/h5/C2Data-619-Type2;155395.0000;DATA;1612716612.754668
/ndn/v6-site/v6/C2Data-4370-Type2;9964.0000;DATA;1612716614.201200
/ndn/h0-site/h0/C2Data-14-Type2;37503.0000;DATA;1612716617.729538
/ndn/v3-site/v3/C2Data-4007-Type2;73222.0000;DATA;1612716618.539121
/ndn/d7-site/d7/C2Data-2071-Type1;540702.0000;DATA;1612716619.530008
/ndn/s7-site/s7/C2Data-3281-Type2;6000666.0000;TIMEOUT;1612716615.072483
/ndn/s1-site/s1/C2Data-2555-Type1;6000564.0000;TIMEOUT;1612716617.863826
/ndn/h1-site/h1/C2Data-68-Type3;150281.0000;DATA;1612716634.412387
/ndn/d7-site/d7/C2Data-427-Type4;58247.0000;DATA;1612716636.455025
/ndn/h3-site/h3/C2Data-77-Type4;217904.0000;DATA;1612716639.277684
/ndn/d2-site/d2/C2Data-739-Type3;48923.0000;DATA;1612716640.970916
/ndn/d2-site/d2/C2Data-1467-Type2;50840.0000;DATA;1612716644.499971
/ndn/h4-site/h4/C2Data-499-Type1;160742.0000;DATA;1612716644.678003
/ndn/v9-site/v9/C2Data-727-Type4;34791.0000;DATA;1612716645.253223
/ndn/h8-site/h8/C2Data-983-Type2;204151.0000;DATA;1612716645.293390
/ndn/h2-site/h2/C2Data-257-Type2;126787.0000;DATA;1612716648.987453
/ndn/v9-site/v9/C2Data-4734-Type2;25740.0000;DATA;1612716649.958710
/ndn/s0-site/s0/C2Data-2435-Type2;6000730.0000;TIMEOUT;1612716644.215887
/ndn/h9-site/h9/C2Data-1104-Type2;41921.0000;DATA;1612716651.280731
/ndn/s9-site/s9/C2Data-1776-Type3;6001946.0000;TIMEOUT;1612716649.247459
/ndn/s1-site/s1/C2Data-1288-Type3;6005256.0000;TIMEOUT;1612716653.570968
/ndn/h1-site/h1/C2Data-137-Type2;173711.0000;DATA;1612716669.667293
/ndn/v3-site/v3/C2Data-4009-Type1;124195.0000;DATA;1612716671.408781
/ndn/v1-site/v1/C2Data-3767-Type2;152220.0000;DATA;1612716678.402893
/ndn/v7-site/v7/C2Data-4493-Type2;74361.0000;DATA;1612716679.168231
/ndn/s7-site/s7/C2Data-3283-Type2;6007242.0000;TIMEOUT;1612716677.931928
/ndn/s6-site/s6/C2Data-3162-Type1;6019082.0000;TIMEOUT;1612716680.601955
/ndn/d3-site/d3/C2Data-801-Type3;213745.0000;DATA;1612716698.938259
/ndn/h0-site/h0/C2Data-8-Type3;38052.0000;DATA;1612716699.495294
/ndn/v0-site/v0/C2Data-3647-Type2;125206.0000;DATA;1612716701.340474
/ndn/v2-site/v2/C2Data-3889-Type1;73087.0000;DATA;1612716703.123045
/ndn/v4-site/v4/C2Data-2082-Type3;226286.0000;DATA;1612716703.269572
/ndn/v1-site/v1/C2Data-1899-Type3;146163.0000;DATA;1612716704.865072
/ndn/h8-site/h8/C2Data-496-Type3;209719.0000;DATA;1612716704.991121
/ndn/h2-site/h2/C2Data-259-Type1;132848.0000;DATA;1612716706.555488
/ndn/v6-site/v6/C2Data-4373-Type1;159208.0000;DATA;1612716707.418053
/ndn/h4-site/h4/C2Data-501-Type2;144711.0000;DATA;1612716708.436068
/ndn/v3-site/v3/C2Data-4010-Type1;73504.0000;DATA;1612716709.154083
/ndn/s4-site/s4/C2Data-2921-Type2;6001051.0000;TIMEOUT;1612716705.631671
/ndn/v6-site/v6/C2Data-339-Type5;155527.0000;DATA;1612716712.363514
/ndn/h4-site/h4/C2Data-53-Type5;152723.0000;DATA;1612716715.746983
/ndn/s5-site/s5/C2Data-3042-Type1;6001090.0000;TIMEOUT;1612716710.312844
/ndn/s6-site/s6/C2Data-1594-Type3;6001458.0000;TIMEOUT;1612716716.266772
/ndn/h4-site/h4/C2Data-502-Type1;150708.0000;DATA;1612716737.536798
/ndn/s3-site/s3/C2Data-2801-Type2;6005306.0000;TIMEOUT;1612716732.496889
/ndn/v3-site/v3/C2Data-4011-Type1;78941.0000;DATA;1612716738.655273
/ndn/s6-site/s6/C2Data-3164-Type1;6000706.0000;TIMEOUT;1612716734.001119
/ndn/d9-site/d9/C2Data-478-Type4;67820.0000;DATA;1612716740.073730
/ndn/s8-site/s8/C2Data-3406-Type2;6011173.0000;TIMEOUT;1612716736.292997
/ndn/h1-site/h1/C2Data-28-Type4;186176.0000;DATA;1612716747.837561
/ndn/h4-site/h4/C2Data-253-Type3;174310.0000;DATA;1612716754.550377
/ndn/h6-site/h6/C2Data-375-Type3;216268.0000;DATA;1612716756.457024
/ndn/d9-site/d9/C2Data-1168-Type3;52146.0000;DATA;1612716756.988963
/ndn/v5-site/v5/C2Data-326-Type5;235686.0000;DATA;1612716758.382563
/ndn/v8-site/v8/C2Data-4617-Type1;185912.0000;DATA;1612716759.745563
/ndn/d0-site/d0/C2Data-253-Type4;242019.0000;DATA;1612716760.286985
/ndn/v0-site/v0/C2Data-3649-Type1;120639.0000;DATA;1612716760.532439
/ndn/d3-site/d3/C2Data-802-Type3;189988.0000;DATA;1612716761.733955
/ndn/d2-site/d2/C2Data-1471-Type2;53976.0000;DATA;1612716762.191894
/ndn/v2-site/v2/C2Data-1961-Type3;82720.0000;DATA;1612716763.168202
/ndn/v7-site/v7/C2Data-4496-Type1;82090.0000;DATA;1612716763.184665
/ndn/d6-site/d6/C2Data-112-Type6;233992.0000;DATA;1612716763.407103
/ndn/v2-site/v2/C2Data-553-Type4;79255.0000;DATA;1612716764.219812
/ndn/d2-site/d2/C2Data-303-Type4;51158.0000;DATA;1612716765.093237
/ndn/d7-site/d7/C2Data-2076-Type2;48828.0000;DATA;1612716765.290207
