/ndn/v0-site/v0/C2Data-5445-Type1;715.0000;NACK;1611605090.191010
/ndn/d11-site/d11/C2Data-3146-Type2;26216.0000;DATA;1611605091.472050
/ndn/v8-site/v8/C2Data-6413-Type1;589.0000;NACK;1611605092.195927
/ndn/s1-site/s1/C2Data-3751-Type1;23604.0000;DATA;1611605094.062018
/ndn/d5-site/d5/C2Data-2420-Type2;26433.0000;DATA;1611605095.077596
/ndn/v9-site/v9/C2Data-6534-Type2;645.0000;NACK;1611605096.559990
/ndn/s11-site/s11/C2Data-4961-Type2;574.0000;NACK;1611605097.533931
/ndn/h1-site/h1/C2Data-121-Type1;23403.0000;DATA;1611605098.634114
/ndn/h3-site/h3/C2Data-183-Type3;206600.0000;DATA;1611605113.905037
/ndn/s6-site/s6/C2Data-2196-Type3;25151.0000;DATA;1611605118.224021
/ndn/s0-site/s0/C2Data-1830-Type3;71245.0000;DATA;1611605120.759041
/ndn/d3-site/d3/C2Data-2179-Type1;123420.0000;DATA;1611605121.997040
/ndn/s8-site/s8/C2Data-4599-Type1;74358.0000;DATA;1611605122.118753
/ndn/s11-site/s11/C2Data-4962-Type1;531.0000;NACK;1611605122.427930
/ndn/h1-site/h1/C2Data-122-Type2;25896.0000;DATA;1611605122.605995
/ndn/h10-site/h10/C2Data-610-Type3;25471.0000;DATA;1611605122.764987
/ndn/d3-site/d3/C2Data-1098-Type3;24279.0000;DATA;1611605123.914565
/ndn/v12-site/v12/C2Data-6898-Type2;481.0000;NACK;1611605124.339005
/ndn/h1-site/h1/C2Data-122-Type1;96494.0000;DATA;1611605124.666023
/ndn/d4-site/d4/C2Data-2300-Type2;72415.0000;DATA;1611605125.370071
/ndn/v2-site/v2/C2Data-5688-Type1;124270.0000;DATA;1611605125.455006
/ndn/d13-site/d13/C2Data-3389-Type2;23971.0000;DATA;1611605126.460053
/ndn/d1-site/d1/C2Data-1937-Type1;23742.0000;DATA;1611605126.826052
/ndn/h9-site/h9/C2Data-549-Type3;27068.0000;DATA;1611605126.903155
/ndn/h11-site/h11/C2Data-671-Type3;23657.0000;DATA;1611605127.027067
/ndn/v7-site/v7/C2Data-6293-Type1;121617.0000;DATA;1611605127.212091
/ndn/d13-site/d13/C2Data-1708-Type3;27981.0000;DATA;1611605129.092789
/ndn/d1-site/d1/C2Data-1937-Type2;27366.0000;DATA;1611605130.733186
/ndn/h4-site/h4/C2Data-244-Type3;25286.0000;DATA;1611605133.023053
/ndn/v8-site/v8/C2Data-3233-Type3;21119.0000;NACK;1611605134.691980
/ndn/s14-site/s14/C2Data-5326-Type2;99649.0000;DATA;1611605150.074174
/ndn/d8-site/d8/C2Data-2785-Type2;148362.0000;DATA;1611605150.135067
/ndn/h2-site/h2/C2Data-244-Type2;23928.0000;DATA;1611605150.343965
/ndn/v12-site/v12/C2Data-6899-Type1;28000.0000;DATA;1611605151.283724
/ndn/v10-site/v10/C2Data-6657-Type2;123302.0000;DATA;1611605151.754007
/ndn/s1-site/s1/C2Data-3753-Type2;149213.0000;DATA;1611605153.191940
/ndn/s13-site/s13/C2Data-5205-Type2;23250.0000;DATA;1611605155.162932
/ndn/v2-site/v2/C2Data-5689-Type1;123079.0000;DATA;1611605156.230005
/ndn/s8-site/s8/C2Data-4600-Type2;24411.0000;DATA;1611605156.841011
/ndn/d6-site/d6/C2Data-2543-Type1;125607.0000;DATA;1611605157.598044
/ndn/h12-site/h12/C2Data-733-Type3;142110.0000;DATA;1611605179.212982
/ndn/s13-site/s13/C2Data-5206-Type1;143998.0000;DATA;1611605180.050920
/ndn/s9-site/s9/C2Data-4722-Type1;24326.0000;DATA;1611605180.767011
/ndn/h7-site/h7/C2Data-428-Type3;24250.0000;DATA;1611605181.070947
/ndn/s13-site/s13/C2Data-5206-Type2;573.0000;DATA;1611605181.418026
/ndn/s5-site/s5/C2Data-4238-Type2;125606.0000;DATA;1611605182.424045
/ndn/d8-site/d8/C2Data-1404-Type3;95699.0000;DATA;1611605182.455051
/ndn/v9-site/v9/C2Data-6537-Type1;587.0000;DATA;1611605183.217019
/ndn/d14-site/d14/C2Data-3512-Type2;93519.0000;DATA;1611605184.299216
/ndn/v8-site/v8/C2Data-6416-Type1;94648.0000;DATA;1611605185.998995
/ndn/s5-site/s5/C2Data-4238-Type1;116571.0000;DATA;1611605186.026010
/ndn/s3-site/s3/C2Data-3996-Type2;556.0000;DATA;1611605186.695123
/ndn/v11-site/v11/C2Data-1025-Type4;95667.0000;DATA;1611605186.733017
/ndn/h2-site/h2/C2Data-245-Type2;70604.0000;DATA;1611605187.141035
/ndn/h12-site/h12/C2Data-1455-Type1;69989.0000;DATA;1611605188.761027
/ndn/s9-site/s9/C2Data-4722-Type2;23884.0000;DATA;1611605188.985079
/ndn/h12-site/h12/C2Data-1455-Type2;27106.0000;DATA;1611605189.015093
/ndn/v13-site/v13/C2Data-7021-Type1;23748.0000;DATA;1611605189.113975
/ndn/v8-site/v8/C2Data-3234-Type3;499.0000;DATA;1611605189.495645
/ndn/d0-site/d0/C2Data-916-Type3;25529.0000;DATA;1611605189.707964
/ndn/s3-site/s3/C2Data-3996-Type1;23452.0000;DATA;1611605189.914013
/ndn/s5-site/s5/C2Data-2136-Type3;25662.0000;DATA;1611605190.596017
/ndn/h8-site/h8/C2Data-489-Type3;23171.0000;DATA;1611605191.761937
/ndn/d1-site/d1/C2Data-977-Type3;23596.0000;DATA;1611605192.486022
/ndn/h4-site/h4/C2Data-100-Type4;23397.0000;DATA;1611605197.402934
/ndn/d13-site/d13/C2Data-3392-Type2;97708.0000;DATA;1611605209.491937
/ndn/s11-site/s11/C2Data-4965-Type1;123075.0000;DATA;1611605209.651983
/ndn/v11-site/v11/C2Data-6780-Type2;128958.0000;DATA;1611605210.129034
/ndn/v12-site/v12/C2Data-1050-Type4;145916.0000;DATA;1611605210.400935
/ndn/v7-site/v7/C2Data-6296-Type2;23415.0000;DATA;1611605211.110020
/ndn/h2-site/h2/C2Data-50-Type4;575.0000;DATA;1611605211.576064
/ndn/s0-site/s0/C2Data-3634-Type1;72708.0000;DATA;1611605212.099061
/ndn/h13-site/h13/C2Data-1577-Type1;23605.0000;DATA;1611605213.507963
/ndn/h8-site/h8/C2Data-972-Type1;74018.0000;DATA;1611605217.237021
/ndn/d14-site/d14/C2Data-725-Type4;24465.0000;DATA;1611605217.600927
/ndn/d12-site/d12/C2Data-3271-Type1;24679.0000;DATA;1611605219.006159
/ndn/s9-site/s9/C2Data-4723-Type2;23458.0000;DATA;1611605219.247976
/ndn/h1-site/h1/C2Data-25-Type4;23893.0000;DATA;1611605219.291005
/ndn/h6-site/h6/C2Data-730-Type1;77373.0000;DATA;1611605219.461024
/ndn/h14-site/h14/C2Data-1698-Type2;23929.0000;DATA;1611605219.681997
/ndn/h5-site/h5/C2Data-609-Type1;23935.0000;DATA;1611605220.732076
/ndn/d7-site/d7/C2Data-2666-Type2;25479.0000;DATA;1611605220.976019
/ndn/h2-site/h2/C2Data-246-Type1;76823.0000;DATA;1611605221.100057
/ndn/d11-site/d11/C2Data-650-Type4;23602.0000;DATA;1611605229.038309
/ndn/d0-site/d0/C2Data-375-Type4;32791.0000;DATA;1611605230.506868
/ndn/h12-site/h12/C2Data-734-Type3;80269.0000;DATA;1611605237.405996
/ndn/s4-site/s4/C2Data-2076-Type3;69217.0000;DATA;1611605237.880021
/ndn/h1-site/h1/C2Data-126-Type2;96690.0000;DATA;1611605239.572971
/ndn/s3-site/s3/C2Data-2015-Type3;597.0000;DATA;1611605240.284026
/ndn/d0-site/d0/C2Data-1820-Type2;145290.0000;DATA;1611605240.471083
/ndn/d2-site/d2/C2Data-2062-Type1;46522.0000;DATA;1611605242.076979
/ndn/v2-site/v2/C2Data-5692-Type1;93607.0000;DATA;1611605242.130524
/ndn/d7-site/d7/C2Data-2667-Type1;100226.0000;DATA;1611605242.129977
/ndn/v9-site/v9/C2Data-6539-Type2;630.0000;DATA;1611605244.463007
/ndn/d9-site/d9/C2Data-1466-Type3;25256.0000;DATA;1611605244.901003
/ndn/s12-site/s12/C2Data-5087-Type1;121687.0000;DATA;1611605245.711147
/ndn/d12-site/d12/C2Data-1649-Type3;146506.0000;DATA;1611605246.280023
/ndn/s5-site/s5/C2Data-4240-Type2;103874.0000;DATA;1611605246.578014
/ndn/h0-site/h0/C2Data-5-Type2;24901.0000;DATA;1611605247.153071
/ndn/d9-site/d9/C2Data-2909-Type2;73950.0000;DATA;1611605247.434992
/ndn/h12-site/h12/C2Data-1457-Type1;26634.0000;DATA;1611605247.854041
/ndn/v8-site/v8/C2Data-6418-Type1;23571.0000;DATA;1611605248.784123
/ndn/v1-site/v1/C2Data-5571-Type2;104419.0000;DATA;1611605248.975046
/ndn/s5-site/s5/C2Data-2137-Type3;26653.0000;DATA;1611605249.373997
/ndn/s12-site/s12/C2Data-5087-Type2;590.0000;DATA;1611605249.463274
/ndn/v6-site/v6/C2Data-3113-Type3;26189.0000;DATA;1611605249.800963
/ndn/h13-site/h13/C2Data-795-Type3;24421.0000;DATA;1611605253.121992
/ndn/h0-site/h0/C2Data-2-Type3;25489.0000;DATA;1611605253.981073
/ndn/v12-site/v12/C2Data-3479-Type3;24411.0000;DATA;1611605255.517929
/ndn/v9-site/v9/C2Data-6540-Type2;28024.0000;DATA;1611605271.574067
/ndn/d8-site/d8/C2Data-2789-Type1;162989.0000;DATA;1611605272.360966
/ndn/v1-site/v1/C2Data-5572-Type2;144807.0000;DATA;1611605272.560940
/ndn/d1-site/d1/C2Data-1942-Type1;69284.0000;DATA;1611605273.472097
/ndn/s9-site/s9/C2Data-4725-Type2;23838.0000;DATA;1611605274.939019
/ndn/h2-site/h2/C2Data-248-Type2;145080.0000;DATA;1611605277.152917
/ndn/d10-site/d10/C2Data-3031-Type2;24128.0000;DATA;1611605278.507957
/ndn/d10-site/d10/C2Data-3031-Type1;74383.0000;DATA;1611605278.461146
/ndn/d11-site/d11/C2Data-3152-Type1;103359.0000;DATA;1611605279.192916
/ndn/v8-site/v8/C2Data-6419-Type1;781.0000;DATA;1611605279.568103
/ndn/s13-site/s13/C2Data-5209-Type2;545.0000;DATA;1611605280.031992
/ndn/d4-site/d4/C2Data-2305-Type2;24590.0000;DATA;1611605280.250041
/ndn/v12-site/v12/C2Data-6903-Type1;25588.0000;DATA;1611605281.091037
/ndn/h1-site/h1/C2Data-64-Type3;24656.0000;DATA;1611605297.678964
/ndn/s13-site/s13/C2Data-5210-Type1;146428.0000;DATA;1611605299.131101
/ndn/d12-site/d12/C2Data-3274-Type1;141225.0000;DATA;1611605300.191080
/ndn/h2-site/h2/C2Data-249-Type2;139646.0000;DATA;1611605300.438076
/ndn/h13-site/h13/C2Data-796-Type3;25910.0000;DATA;1611605300.719982
/ndn/v4-site/v4/C2Data-5936-Type2;238939.0000;DATA;1611605300.913135
/ndn/s7-site/s7/C2Data-4484-Type2;122119.0000;DATA;1611605301.515925
/ndn/d5-site/d5/C2Data-1223-Type3;23699.0000;DATA;1611605301.926970
/ndn/s13-site/s13/C2Data-2626-Type3;33679.0000;DATA;1611605302.758969
/ndn/d14-site/d14/C2Data-3516-Type1;98529.0000;DATA;1611605302.717034
/ndn/v11-site/v11/C2Data-3419-Type3;23855.0000;DATA;1611605302.927982
/ndn/s6-site/s6/C2Data-2199-Type3;25539.0000;DATA;1611605304.315996
/ndn/d0-site/d0/C2Data-1822-Type1;119800.0000;DATA;1611605304.288965
/ndn/v0-site/v0/C2Data-5452-Type1;120445.0000;DATA;1611605304.603129
