/ndn/d5-site/d5/C2Data-1815-Type2;296785.0000;DATA;1612145588.812699
/ndn/v2-site/v2/C2Data-3872-Type1;181246.0000;DATA;1612145589.939946
/ndn/h9-site/h9/C2Data-1089-Type2;123564.0000;DATA;1612145593.309700
/ndn/v1-site/v1/C2Data-3751-Type1;174954.0000;DATA;1612145593.624483
/ndn/s9-site/s9/C2Data-3509-Type1;25727.0000;DATA;1612145597.707998
/ndn/h6-site/h6/C2Data-726-Type2;127557.0000;DATA;1612145597.851309
/ndn/v6-site/v6/C2Data-2196-Type3;23964.0000;DATA;1612145613.314604
/ndn/s7-site/s7/C2Data-1647-Type3;85147.0000;DATA;1612145615.610238
/ndn/h8-site/h8/C2Data-488-Type3;133313.0000;DATA;1612145617.069546
/ndn/s9-site/s9/C2Data-3510-Type1;29985.0000;DATA;1612145617.537513
/ndn/d1-site/d1/C2Data-671-Type3;153333.0000;DATA;1612145618.626502
/ndn/d8-site/d8/C2Data-2179-Type1;230272.0000;DATA;1612145618.559562
/ndn/s3-site/s3/C2Data-2784-Type2;49854.0000;DATA;1612145620.093545
/ndn/d0-site/d0/C2Data-1211-Type2;107441.0000;DATA;1612145620.134516
/ndn/s4-site/s4/C2Data-1464-Type3;104398.0000;DATA;1612145622.831708
/ndn/s8-site/s8/C2Data-1708-Type3;74119.0000;DATA;1612145623.708521
/ndn/d6-site/d6/C2Data-976-Type3;40147.0000;DATA;1612145623.775507
/ndn/h7-site/h7/C2Data-427-Type3;126124.0000;DATA;1612145623.999263
/ndn/h1-site/h1/C2Data-122-Type2;184569.0000;DATA;1612145624.706517
/ndn/v2-site/v2/C2Data-3873-Type2;27206.0000;DATA;1612145625.313320
/ndn/d0-site/d0/C2Data-1211-Type1;85728.0000;DATA;1612145629.067319
/ndn/v8-site/v8/C2Data-2318-Type3;29473.0000;DATA;1612145633.118743
/ndn/s5-site/s5/C2Data-1525-Type3;75232.0000;DATA;1612145633.699803
/ndn/v9-site/v9/C2Data-2379-Type3;103582.0000;DATA;1612145634.317933
/ndn/s8-site/s8/C2Data-3390-Type1;127112.0000;DATA;1612145648.497944
/ndn/h0-site/h0/C2Data-2-Type2;263439.0000;DATA;1612145648.712132
/ndn/h7-site/h7/C2Data-849-Type2;136317.0000;DATA;1612145648.934922
/ndn/d1-site/d1/C2Data-1333-Type1;98112.0000;DATA;1612145650.224074
/ndn/d8-site/d8/C2Data-2180-Type1;287047.0000;DATA;1612145652.964275
/ndn/h0-site/h0/C2Data-2-Type1;167921.0000;DATA;1612145655.488217
/ndn/v3-site/v3/C2Data-3995-Type1;308629.0000;DATA;1612145656.723852
/ndn/d2-site/d2/C2Data-1454-Type1;238229.0000;DATA;1612145657.706554
/ndn/d5-site/d5/C2Data-1817-Type2;25466.0000;DATA;1612145658.778141
/ndn/h9-site/h9/C2Data-1091-Type2;97495.0000;DATA;1612145658.743238
/ndn/d7-site/d7/C2Data-1038-Type3;178419.0000;DATA;1612145673.486144
/ndn/d2-site/d2/C2Data-733-Type3;35420.0000;DATA;1612145676.204805
/ndn/s7-site/s7/C2Data-1648-Type3;26919.0000;DATA;1612145676.988190
/ndn/h0-site/h0/C2Data-3-Type2;286725.0000;DATA;1612145680.981676
/ndn/d5-site/d5/C2Data-916-Type3;122139.0000;DATA;1612145681.400441
/ndn/d7-site/d7/C2Data-2060-Type1;95720.0000;DATA;1612145682.233275
/ndn/d1-site/d1/C2Data-1334-Type2;95363.0000;DATA;1612145682.816157
/ndn/d3-site/d3/C2Data-1576-Type1;28310.0000;DATA;1612145683.161337
