/ndn/d5-site/d5/C2Data-1815-Type2;341282.0000;DATA;1612717858.515385
/ndn/v2-site/v2/C2Data-3872-Type1;186927.0000;DATA;1612717859.637346
/ndn/h9-site/h9/C2Data-1089-Type2;126731.0000;DATA;1612717863.014421
/ndn/v1-site/v1/C2Data-3751-Type1;201361.0000;DATA;1612717863.328240
/ndn/s9-site/s9/C2Data-3509-Type1;28518.0000;DATA;1612717867.410798
/ndn/h6-site/h6/C2Data-726-Type2;119481.0000;DATA;1612717867.554166
/ndn/v6-site/v6/C2Data-2196-Type3;26165.0000;DATA;1612717883.018198
/ndn/s7-site/s7/C2Data-1647-Type3;80770.0000;DATA;1612717885.429612
/ndn/h8-site/h8/C2Data-488-Type3;114912.0000;DATA;1612717886.774429
/ndn/s9-site/s9/C2Data-3510-Type1;25126.0000;DATA;1612717887.244136
/ndn/d8-site/d8/C2Data-2179-Type1;221335.0000;DATA;1612717888.263385
/ndn/d1-site/d1/C2Data-671-Type3;155358.0000;DATA;1612717888.330841
/ndn/s3-site/s3/C2Data-2784-Type2;70028.0000;DATA;1612717889.797215
/ndn/d0-site/d0/C2Data-1211-Type2;93194.0000;DATA;1612717889.838630
/ndn/s4-site/s4/C2Data-1464-Type3;118498.0000;DATA;1612717892.535195
/ndn/s8-site/s8/C2Data-1708-Type3;83371.0000;DATA;1612717893.411972
/ndn/d6-site/d6/C2Data-976-Type3;36887.0000;DATA;1612717893.478072
/ndn/h7-site/h7/C2Data-427-Type3;565667.0000;DATA;1612717893.703107
/ndn/h1-site/h1/C2Data-122-Type2;182493.0000;DATA;1612717894.437690
/ndn/v2-site/v2/C2Data-3873-Type2;26450.0000;DATA;1612717895.018047
/ndn/d0-site/d0/C2Data-1211-Type1;73104.0000;DATA;1612717898.770548
/ndn/v8-site/v8/C2Data-2318-Type3;29584.0000;DATA;1612717902.817704
/ndn/s5-site/s5/C2Data-1525-Type3;84273.0000;DATA;1612717903.404512
/ndn/v9-site/v9/C2Data-2379-Type3;139809.0000;DATA;1612717903.986990
/ndn/s8-site/s8/C2Data-3390-Type1;123603.0000;DATA;1612717918.197974
/ndn/h0-site/h0/C2Data-2-Type2;265054.0000;DATA;1612717918.433300
/ndn/h7-site/h7/C2Data-849-Type2;132252.0000;DATA;1612717918.643215
/ndn/d1-site/d1/C2Data-1333-Type1;101440.0000;DATA;1612717919.927562
/ndn/d8-site/d8/C2Data-2180-Type1;243997.0000;DATA;1612717922.675705
/ndn/h0-site/h0/C2Data-2-Type1;170736.0000;DATA;1612717925.193938
/ndn/v3-site/v3/C2Data-3995-Type1;291168.0000;DATA;1612717926.424311
/ndn/d2-site/d2/C2Data-1454-Type1;221311.0000;DATA;1612717927.410780
/ndn/d5-site/d5/C2Data-1817-Type2;33478.0000;DATA;1612717928.482232
/ndn/h9-site/h9/C2Data-1091-Type2;100388.0000;DATA;1612717928.446465
/ndn/d7-site/d7/C2Data-1038-Type3;186628.0000;DATA;1612717943.180119
/ndn/d2-site/d2/C2Data-733-Type3;29588.0000;DATA;1612717945.908559
/ndn/s7-site/s7/C2Data-1648-Type3;27823.0000;DATA;1612717946.694567
/ndn/h0-site/h0/C2Data-3-Type2;261556.0000;DATA;1612717950.695224
/ndn/d5-site/d5/C2Data-916-Type3;120194.0000;DATA;1612717951.125227
/ndn/d7-site/d7/C2Data-2060-Type1;111811.0000;DATA;1612717951.937841
/ndn/d1-site/d1/C2Data-1334-Type2;99948.0000;DATA;1612717952.519678
/ndn/d3-site/d3/C2Data-1576-Type1;30914.0000;DATA;1612717952.859160
/ndn/h8-site/h8/C2Data-971-Type2;101256.0000;DATA;1612717953.924937
/ndn/s3-site/s3/C2Data-1404-Type3;25445.0000;DATA;1612717954.344250
/ndn/v9-site/v9/C2Data-4722-Type2;25316.0000;DATA;1612717955.150609
/ndn/d5-site/d5/C2Data-1818-Type2;344877.0000;DATA;1612717955.511909
/ndn/h3-site/h3/C2Data-75-Type4;132353.0000;DATA;1612717955.752982
/ndn/s3-site/s3/C2Data-2786-Type1;49702.0000;DATA;1612717956.540625
/ndn/v2-site/v2/C2Data-3875-Type2;100275.0000;DATA;1612717956.504793
/ndn/d4-site/d4/C2Data-1697-Type2;213162.0000;DATA;1612717956.773826
/ndn/h6-site/h6/C2Data-367-Type3;131210.0000;DATA;1612717956.886611
/ndn/s2-site/s2/C2Data-2665-Type1;134181.0000;DATA;1612717958.459188
/ndn/h2-site/h2/C2Data-123-Type3;74441.0000;DATA;1612717958.590059
/ndn/h3-site/h3/C2Data-184-Type3;26501.0000;DATA;1612717960.823698
/ndn/s2-site/s2/C2Data-1343-Type3;29049.0000;DATA;1612717960.846976
/ndn/v3-site/v3/C2Data-2014-Type3;27343.0000;DATA;1612717963.488421
/ndn/v7-site/v7/C2Data-2258-Type3;225902.0000;DATA;1612717964.839739
/ndn/s1-site/s1/C2Data-2545-Type2;27189.0000;DATA;1612717979.382760
/ndn/s4-site/s4/C2Data-2908-Type2;217109.0000;DATA;1612717980.700556
/ndn/h3-site/h3/C2Data-367-Type1;111918.0000;DATA;1612717981.472261
/ndn/v5-site/v5/C2Data-4239-Type2;24070.0000;DATA;1612717981.901883
/ndn/d4-site/d4/C2Data-1698-Type1;188149.0000;DATA;1612717982.869285
/ndn/v2-site/v2/C2Data-3876-Type1;157561.0000;DATA;1612717984.524703
/ndn/v1-site/v1/C2Data-3755-Type2;229199.0000;DATA;1612717986.079055
/ndn/s6-site/s6/C2Data-3150-Type2;172827.0000;DATA;1612717987.207962
/ndn/h9-site/h9/C2Data-225-Type4;118123.0000;DATA;1612717989.242298
/ndn/v6-site/v6/C2Data-2198-Type3;72792.0000;DATA;1612718001.957011
/ndn/h3-site/h3/C2Data-185-Type3;99763.0000;DATA;1612718002.441964
/ndn/h4-site/h4/C2Data-100-Type4;93117.0000;DATA;1612718007.459192
/ndn/d6-site/d6/C2Data-978-Type3;138212.0000;DATA;1612718008.726984
/ndn/s6-site/s6/C2Data-3151-Type1;284932.0000;DATA;1612718009.493410
/ndn/h0-site/h0/C2Data-2-Type3;266394.0000;DATA;1612718010.800803
/ndn/v9-site/v9/C2Data-4724-Type1;86724.0000;DATA;1612718011.703756
/ndn/d7-site/d7/C2Data-2062-Type2;101500.0000;DATA;1612718012.012055
/ndn/v8-site/v8/C2Data-4603-Type2;168288.0000;DATA;1612718012.563383
/ndn/v0-site/v0/C2Data-1832-Type3;141676.0000;DATA;1612718012.937990
/ndn/h6-site/h6/C2Data-731-Type1;137751.0000;DATA;1612718014.467969
/ndn/v2-site/v2/C2Data-3877-Type2;103949.0000;DATA;1612718014.688353
/ndn/d9-site/d9/C2Data-2304-Type2;25413.0000;DATA;1612718016.718087
/ndn/d7-site/d7/C2Data-1039-Type3;98398.0000;DATA;1612718016.942971
/ndn/h0-site/h0/C2Data-5-Type1;259914.0000;DATA;1612718016.938327
/ndn/s3-site/s3/C2Data-2788-Type1;57090.0000;DATA;1612718017.608528
/ndn/s0-site/s0/C2Data-2425-Type1;101305.0000;DATA;1612718017.665308
/ndn/s4-site/s4/C2Data-2909-Type2;148045.0000;DATA;1612718018.465050
/ndn/d8-site/d8/C2Data-1100-Type3;232984.0000;DATA;1612718023.083236
/ndn/s3-site/s3/C2Data-2789-Type1;52446.0000;DATA;1612718037.314503
/ndn/h0-site/h0/C2Data-6-Type1;258071.0000;DATA;1612718038.535974
/ndn/d9-site/d9/C2Data-2305-Type1;287650.0000;DATA;1612718040.330581
/ndn/d3-site/d3/C2Data-1579-Type2;25658.0000;DATA;1612718042.744058
/ndn/d0-site/d0/C2Data-1216-Type1;95548.0000;DATA;1612718046.095913
/ndn/s9-site/s9/C2Data-3515-Type1;25286.0000;DATA;1612718046.841376
/ndn/v1-site/v1/C2Data-3757-Type2;174349.0000;DATA;1612718046.997142
/ndn/s0-site/s0/C2Data-2426-Type2;100151.0000;DATA;1612718047.722994
/ndn/h7-site/h7/C2Data-853-Type1;582533.0000;DATA;1612718047.798934
/ndn/d8-site/d8/C2Data-1101-Type3;257644.0000;DATA;1612718061.305465
/ndn/h7-site/h7/C2Data-430-Type3;156867.0000;DATA;1612718061.495960
/ndn/d7-site/d7/C2Data-1040-Type3;189995.0000;DATA;1612718062.706038
/ndn/s6-site/s6/C2Data-1589-Type3;373840.0000;DATA;1612718063.008993
/ndn/v5-site/v5/C2Data-2138-Type3;25769.0000;DATA;1612718063.919112
/ndn/s2-site/s2/C2Data-1345-Type3;106634.0000;DATA;1612718063.499252
/ndn/s7-site/s7/C2Data-3274-Type2;242081.0000;DATA;1612718068.943744
/ndn/h2-site/h2/C2Data-249-Type1;157046.0000;DATA;1612718069.732970
/ndn/s4-site/s4/C2Data-2911-Type2;260275.0000;DATA;1612718069.654003
/ndn/d9-site/d9/C2Data-2306-Type1;71775.0000;DATA;1612718073.227964
/ndn/s5-site/s5/C2Data-3032-Type1;125716.0000;DATA;1612718074.385962
/ndn/h0-site/h0/C2Data-7-Type1;246764.0000;DATA;1612718075.106916
/ndn/h9-site/h9/C2Data-1096-Type1;51842.0000;DATA;1612718076.044163
/ndn/v2-site/v2/C2Data-1955-Type3;49455.0000;DATA;1612718083.510296
/ndn/s9-site/s9/C2Data-1772-Type3;24774.0000;DATA;1612718083.663249
/ndn/h8-site/h8/C2Data-491-Type3;105715.0000;DATA;1612718083.746535
/ndn/h2-site/h2/C2Data-26-Type5;166346.0000;DATA;1612718084.054452
/ndn/d1-site/d1/C2Data-143-Type5;284156.0000;DATA;1612718091.836403
/ndn/d5-site/d5/C2Data-195-Type5;250359.0000;DATA;1612718092.966923
/ndn/d7-site/d7/C2Data-221-Type5;258675.0000;DATA;1612718095.707292
/ndn/h0-site/h0/C2Data-8-Type1;279956.0000;DATA;1612718097.954852
/ndn/v8-site/v8/C2Data-4606-Type2;202491.0000;DATA;1612718098.555596
/ndn/d2-site/d2/C2Data-1460-Type2;291380.0000;DATA;1612718099.032361
/ndn/d5-site/d5/C2Data-1823-Type1;254746.0000;DATA;1612718099.057880
/ndn/s4-site/s4/C2Data-2912-Type1;230952.0000;DATA;1612718101.691028
/ndn/h8-site/h8/C2Data-976-Type1;99597.0000;DATA;1612718102.165485
/ndn/h8-site/h8/C2Data-976-Type2;104390.0000;DATA;1612718102.675717
/ndn/v6-site/v6/C2Data-4364-Type1;54069.0000;DATA;1612718104.256249
/ndn/h8-site/h8/C2Data-201-Type4;118133.0000;DATA;1612718105.156977
/ndn/v9-site/v9/C2Data-4727-Type1;275270.0000;DATA;1612718105.467177
/ndn/d8-site/d8/C2Data-451-Type4;354873.0000;DATA;1612718111.243695
/ndn/s6-site/s6/C2Data-1590-Type3;266798.0000;DATA;1612718123.258101
/ndn/s1-site/s1/C2Data-1285-Type3;72949.0000;DATA;1612718124.072128
/ndn/d7-site/d7/C2Data-426-Type4;175451.0000;DATA;1612718124.726515
/ndn/v6-site/v6/C2Data-651-Type4;140908.0000;DATA;1612718126.964227
/ndn/s9-site/s9/C2Data-1773-Type3;23892.0000;DATA;1612718127.484934
/ndn/d7-site/d7/C2Data-2066-Type2;188951.0000;DATA;1612718127.784871
/ndn/v5-site/v5/C2Data-4244-Type2;25625.0000;DATA;1612718128.336168
/ndn/h0-site/h0/C2Data-9-Type2;288144.0000;DATA;1612718129.153781
/ndn/h7-site/h7/C2Data-856-Type2;125114.0000;DATA;1612718130.423001
/ndn/s9-site/s9/C2Data-3518-Type2;24428.0000;DATA;1612718130.964226
/ndn/h3-site/h3/C2Data-372-Type1;95659.0000;DATA;1612718132.495228
/ndn/s7-site/s7/C2Data-3276-Type1;171211.0000;DATA;1612718132.447431
/ndn/s4-site/s4/C2Data-1468-Type3;692789.0000;DATA;1612718132.758007
/ndn/h8-site/h8/C2Data-977-Type2;97936.0000;DATA;1612718133.285725
/ndn/h5-site/h5/C2Data-126-Type4;121566.0000;DATA;1612718133.698125
/ndn/h6-site/h6/C2Data-370-Type3;120428.0000;DATA;1612718134.059157
/ndn/v8-site/v8/C2Data-2322-Type3;161165.0000;DATA;1612718134.104250
/ndn/h4-site/h4/C2Data-248-Type3;78741.0000;DATA;1612718135.569233
/ndn/s5-site/s5/C2Data-3034-Type1;127737.0000;DATA;1612718135.891119
/ndn/h6-site/h6/C2Data-78-Type5;129823.0000;DATA;1612718136.453546
/ndn/s7-site/s7/C2Data-1651-Type3;24755.0000;DATA;1612718137.501438
/ndn/h7-site/h7/C2Data-856-Type1;119777.0000;DATA;1612718137.684099
/ndn/h6-site/h6/C2Data-151-Type4;25989.0000;DATA;1612718139.451616
/ndn/d1-site/d1/C2Data-276-Type4;29957.0000;DATA;1612718150.857977
/ndn/s9-site/s9/C2Data-3519-Type1;25371.0000;DATA;1612718158.324135
/ndn/v1-site/v1/C2Data-3761-Type2;198106.0000;DATA;1612718158.587649
/ndn/s7-site/s7/C2Data-3277-Type2;229050.0000;DATA;1612718159.446463
/ndn/v6-site/v6/C2Data-4366-Type2;74498.0000;DATA;1612718160.079612
/ndn/d5-site/d5/C2Data-376-Type4;28709.0000;DATA;1612718160.869095
/ndn/v5-site/v5/C2Data-4245-Type1;37388.0000;DATA;1612718161.476054
/ndn/h3-site/h3/C2Data-373-Type2;103841.0000;DATA;1612718165.321912
/ndn/s4-site/s4/C2Data-2914-Type1;51801.0000;DATA;1612718165.640093
/ndn/s0-site/s0/C2Data-2430-Type1;58747.0000;DATA;1612718166.844417
/ndn/v3-site/v3/C2Data-4003-Type2;302248.0000;DATA;1612718168.610615
/ndn/h8-site/h8/C2Data-978-Type2;116802.0000;DATA;1612718169.020213
/ndn/s2-site/s2/C2Data-2672-Type2;24285.0000;DATA;1612718169.117250
/ndn/s6-site/s6/C2Data-3156-Type2;417858.0000;DATA;1612718169.103195
/ndn/d6-site/d6/C2Data-981-Type3;102248.0000;DATA;1612718184.269141
/ndn/s5-site/s5/C2Data-1530-Type3;126622.0000;DATA;1612718186.052111
/ndn/v2-site/v2/C2Data-3883-Type2;181370.0000;DATA;1612718187.587169
/ndn/h8-site/h8/C2Data-979-Type2;105451.0000;DATA;1612718187.997305
/ndn/h1-site/h1/C2Data-132-Type2;148878.0000;DATA;1612718188.889615
/ndn/h1-site/h1/C2Data-66-Type3;184319.0000;DATA;1612718188.916142
/ndn/v2-site/v2/C2Data-3883-Type1;174926.0000;DATA;1612718188.521045
/ndn/s2-site/s2/C2Data-2673-Type2;125683.0000;DATA;1612718189.451196
/ndn/v6-site/v6/C2Data-338-Type5;54722.0000;DATA;1612718189.673076
/ndn/d3-site/d3/C2Data-798-Type3;28212.0000;DATA;1612718192.137073
/ndn/s7-site/s7/C2Data-1652-Type3;122638.0000;DATA;1612718193.035132
/ndn/s8-site/s8/C2Data-1713-Type3;111199.0000;DATA;1612718193.648015
/ndn/s9-site/s9/C2Data-3520-Type1;24521.0000;DATA;1612718195.582018
/ndn/d7-site/d7/C2Data-2068-Type1;191512.0000;DATA;1612718196.992625
/ndn/h6-site/h6/C2Data-737-Type1;120329.0000;DATA;1612718199.124762
/ndn/v9-site/v9/C2Data-2384-Type3;185779.0000;DATA;1612718200.143539
/ndn/s0-site/s0/C2Data-1225-Type3;50631.0000;DATA;1612718202.241896
/ndn/v0-site/v0/C2Data-1835-Type3;28533.0000;DATA;1612718203.810479
/ndn/h4-site/h4/C2Data-496-Type2;173092.0000;DATA;1612718219.190793
/ndn/d5-site/d5/C2Data-1827-Type1;283157.0000;DATA;1612718219.365385
/ndn/s5-site/s5/C2Data-3037-Type2;158478.0000;DATA;1612718221.780976
/ndn/h3-site/h3/C2Data-375-Type2;55434.0000;DATA;1612718222.952356
/ndn/d4-site/d4/C2Data-1706-Type2;173801.0000;DATA;1612718225.874880
/ndn/v8-site/v8/C2Data-4610-Type1;157691.0000;DATA;1612718226.031048
/ndn/d0-site/d0/C2Data-1222-Type1;72701.0000;DATA;1612718227.900436
/ndn/s7-site/s7/C2Data-3279-Type2;6000838.0000;TIMEOUT;1612718224.108267
/ndn/s6-site/s6/C2Data-3158-Type1;6058133.0000;TIMEOUT;1612718226.726975
/ndn/d0-site/d0/C2Data-616-Type3;82492.0000;DATA;1612718241.370947
/ndn/d5-site/d5/C2Data-921-Type3;282914.0000;DATA;1612718242.258663
/ndn/v2-site/v2/C2Data-1958-Type3;115711.0000;DATA;1612718244.020741
/ndn/d4-site/d4/C2Data-1707-Type1;219339.0000;DATA;1612718247.606908
/ndn/v6-site/v6/C2Data-4369-Type2;76475.0000;DATA;1612718248.771287
/ndn/s9-site/s9/C2Data-1775-Type3;6004353.0000;TIMEOUT;1612718243.252163
/ndn/d2-site/d2/C2Data-1465-Type1;168104.0000;DATA;1612718251.506432
/ndn/d4-site/d4/C2Data-352-Type4;681296.0000;DATA;1612718253.657853
/ndn/h9-site/h9/C2Data-227-Type4;201890.0000;DATA;1612718254.323518
/ndn/v8-site/v8/C2Data-2324-Type3;24983.0000;DATA;1612718255.594014
/ndn/v1-site/v1/C2Data-3764-Type2;149695.0000;DATA;1612718256.845541
/ndn/v9-site/v9/C2Data-4732-Type1;250717.0000;DATA;1612718256.975201
/ndn/d3-site/d3/C2Data-799-Type3;28176.0000;DATA;1612718257.647815
/ndn/v6-site/v6/C2Data-2202-Type3;24747.0000;DATA;1612718258.166346
/ndn/s3-site/s3/C2Data-2796-Type1;6000969.0000;TIMEOUT;1612718252.282346
/ndn/h6-site/h6/C2Data-152-Type4;122048.0000;DATA;1612718259.032995
/ndn/s1-site/s1/C2Data-2554-Type1;6001771.0000;TIMEOUT;1612718255.636948
/ndn/v0-site/v0/C2Data-1836-Type3;25280.0000;DATA;1612718262.627918
/ndn/d6-site/d6/C2Data-982-Type3;24930.0000;DATA;1612718263.226475
/ndn/h1-site/h1/C2Data-67-Type3;24761.0000;DATA;1612718263.883534
/ndn/h2-site/h2/C2Data-52-Type4;130260.0000;DATA;1612718268.245398
/ndn/s1-site/s1/C2Data-1287-Type3;6002206.0000;TIMEOUT;1612718263.889852
/ndn/v7-site/v7/C2Data-677-Type4;173528.0000;DATA;1612718278.497676
/ndn/d4-site/d4/C2Data-1708-Type2;204793.0000;DATA;1612718282.711122
/ndn/v0-site/v0/C2Data-3644-Type2;137151.0000;DATA;1612718287.112949
/ndn/s0-site/s0/C2Data-2434-Type2;6002354.0000;TIMEOUT;1612718281.913178
/ndn/d3-site/d3/C2Data-1587-Type1;25511.0000;DATA;1612718288.660958
/ndn/s8-site/s8/C2Data-3402-Type2;6016631.0000;TIMEOUT;1612718284.133246
/ndn/s8-site/s8/C2Data-3402-Type1;6001701.0000;TIMEOUT;1612718284.695464
/ndn/d6-site/d6/C2Data-402-Type4;253125.0000;DATA;1612718295.079721
/ndn/v2-site/v2/C2Data-552-Type4;380173.0000;DATA;1612718297.970458
/ndn/d2-site/d2/C2Data-302-Type4;27069.0000;DATA;1612718302.282390
/ndn/d1-site/d1/C2Data-678-Type3;175184.0000;DATA;1612718304.582356
/ndn/d0-site/d0/C2Data-617-Type3;82624.0000;DATA;1612718305.356007
/ndn/v0-site/v0/C2Data-502-Type4;74031.0000;DATA;1612718307.896956
/ndn/s9-site/s9/C2Data-1776-Type3;6000982.0000;TIMEOUT;1612718302.278642
/ndn/v3-site/v3/C2Data-4008-Type1;127999.0000;DATA;1612718309.996974
/ndn/d3-site/d3/C2Data-327-Type4;25961.0000;DATA;1612718310.471739
/ndn/h7-site/h7/C2Data-177-Type4;25499.0000;DATA;1612718311.348664
/ndn/h6-site/h6/C2Data-373-Type3;124465.0000;DATA;1612718311.379922
/ndn/d3-site/d3/C2Data-800-Type3;25903.0000;DATA;1612718313.470800
/ndn/v0-site/v0/C2Data-3645-Type1;173503.0000;DATA;1612718316.149579
/ndn/h1-site/h1/C2Data-68-Type3;148211.0000;DATA;1612718319.796630
/ndn/v8-site/v8/C2Data-2325-Type3;26591.0000;DATA;1612718320.500829
/ndn/s0-site/s0/C2Data-2435-Type1;6001605.0000;TIMEOUT;1612718314.894115
/ndn/s3-site/s3/C2Data-2798-Type1;6000389.0000;TIMEOUT;1612718316.339947
/ndn/s4-site/s4/C2Data-1471-Type3;6001252.0000;TIMEOUT;1612718322.220784
/ndn/d2-site/d2/C2Data-1468-Type2;243345.0000;DATA;1612718338.364165
/ndn/d4-site/d4/C2Data-1710-Type1;25464.0000;DATA;1612718340.867923
/ndn/s2-site/s2/C2Data-2678-Type2;6001009.0000;TIMEOUT;1612718337.430553
/ndn/s3-site/s3/C2Data-2799-Type1;6002641.0000;TIMEOUT;1612718338.038861
/ndn/d6-site/d6/C2Data-1952-Type2;101330.0000;DATA;1612718344.881931
/ndn/d7-site/d7/C2Data-2073-Type2;49513.0000;DATA;1612718345.408159
/ndn/d1-site/d1/C2Data-1347-Type2;25447.0000;DATA;1612718346.131221
/ndn/s9-site/s9/C2Data-3525-Type1;6004904.0000;TIMEOUT;1612718341.997118
/ndn/s4-site/s4/C2Data-2920-Type2;6000965.0000;TIMEOUT;1612718342.088361
/ndn/d0-site/d0/C2Data-1226-Type1;83365.0000;DATA;1612718348.092986
/ndn/s6-site/s6/C2Data-3162-Type2;6024416.0000;TIMEOUT;1612718345.335436
/ndn/s5-site/s5/C2Data-3041-Type1;6001976.0000;TIMEOUT;1612718346.301080
/ndn/v7-site/v7/C2Data-2265-Type3;26780.0000;DATA;1612718366.903434
/ndn/s6-site/s6/C2Data-1594-Type3;6000940.0000;TIMEOUT;1612718362.342031
/ndn/d0-site/d0/C2Data-1227-Type1;78889.0000;DATA;1612718371.074170
/ndn/d6-site/d6/C2Data-1953-Type2;122163.0000;DATA;1612718371.186975
/ndn/s7-site/s7/C2Data-1655-Type3;6001077.0000;TIMEOUT;1612718365.382079
/ndn/s9-site/s9/C2Data-1777-Type3;6001034.0000;TIMEOUT;1612718365.584555
/ndn/v5-site/v5/C2Data-4252-Type2;27111.0000;DATA;1612718372.445975
/ndn/s2-site/s2/C2Data-2679-Type1;6001341.0000;TIMEOUT;1612718368.912057
/ndn/d0-site/d0/C2Data-618-Type3;73451.0000;DATA;1612718375.391634
/ndn/s8-site/s8/C2Data-3405-Type2;6000897.0000;TIMEOUT;1612718370.610014
/ndn/d6-site/d6/C2Data-984-Type3;26126.0000;DATA;1612718377.090906
/ndn/s0-site/s0/C2Data-1228-Type3;6004088.0000;TIMEOUT;1612718372.071097
/ndn/h3-site/h3/C2Data-380-Type1;102889.0000;DATA;1612718377.999968
/ndn/v0-site/v0/C2Data-1838-Type3;24748.0000;DATA;1612718378.234878
/ndn/h7-site/h7/C2Data-92-Type5;134034.0000;DATA;1612718379.662308
/ndn/d5-site/d5/C2Data-923-Type3;30383.0000;DATA;1612718384.539259
/ndn/s8-site/s8/C2Data-1716-Type3;6000950.0000;TIMEOUT;1612718378.513002
/ndn/s2-site/s2/C2Data-1350-Type3;6001081.0000;TIMEOUT;1612718378.862242
/ndn/s3-site/s3/C2Data-1411-Type3;6003546.0000;TIMEOUT;1612718383.626167
/ndn/v7-site/v7/C2Data-189-Type6;27091.0000;DATA;1612718390.390650
/ndn/v8-site/v8/C2Data-4616-Type2;150302.0000;DATA;1612718399.754576
/ndn/d3-site/d3/C2Data-91-Type6;28687.0000;DATA;1612718401.388496
/ndn/s6-site/s6/C2Data-3164-Type1;6002135.0000;TIMEOUT;1612718405.136407
/ndn/v3-site/v3/C2Data-578-Type4;290472.0000;DATA;1612718411.606174
/ndn/s3-site/s3/C2Data-2801-Type1;6001138.0000;TIMEOUT;1612718406.459331
/ndn/d2-site/d2/C2Data-303-Type4;377754.0000;DATA;1612718412.126023
/ndn/s0-site/s0/C2Data-2438-Type1;6000823.0000;TIMEOUT;1612718407.982919
/ndn/v1-site/v1/C2Data-274-Type5;87174.0000;DATA;1612718418.683028
/ndn/v2-site/v2/C2Data-1961-Type3;193420.0000;DATA;1612718421.749398
/ndn/h4-site/h4/C2Data-503-Type2;161193.0000;DATA;1612718427.499635
/ndn/v1-site/v1/C2Data-1900-Type3;163557.0000;DATA;1612718428.014375
/ndn/d4-site/d4/C2Data-98-Type6;33459.0000;DATA;1612718428.967806
/ndn/v7-site/v7/C2Data-2266-Type3;243332.0000;DATA;1612718428.871951
/ndn/d1-site/d1/C2Data-680-Type3;158497.0000;DATA;1612718429.641977
/ndn/d6-site/d6/C2Data-403-Type4;96188.0000;DATA;1612718430.634999
/ndn/h9-site/h9/C2Data-1108-Type1;31347.0000;DATA;1612718430.750378
/ndn/h5-site/h5/C2Data-66-Type5;133903.0000;DATA;1612718432.070891
/ndn/d5-site/d5/C2Data-1834-Type1;281117.0000;DATA;1612718432.453143
