/ndn/s8-site/s8/C2Data-4598-Type1;167920.0000;DATA;1611603165.693769
/ndn/h9-site/h9/C2Data-1089-Type1;47582.0000;DATA;1611603166.837819
/ndn/s12-site/s12/C2Data-5082-Type2;599.0000;NACK;1611603168.532823
/ndn/v8-site/v8/C2Data-6413-Type1;529.0000;NACK;1611603169.004774
/ndn/h4-site/h4/C2Data-484-Type2;117792.0000;DATA;1611603169.517810
/ndn/v3-site/v3/C2Data-5808-Type1;122527.0000;DATA;1611603170.918781
/ndn/d8-site/d8/C2Data-2783-Type1;73709.0000;DATA;1611603171.016793
/ndn/v14-site/v14/C2Data-7139-Type1;98680.0000;DATA;1611603171.695776
/ndn/d9-site/d9/C2Data-2904-Type1;23476.0000;DATA;1611603175.248795
/ndn/h10-site/h10/C2Data-1210-Type1;50086.0000;DATA;1611603175.364777
/ndn/v0-site/v0/C2Data-5445-Type2;73645.0000;DATA;1611603175.568782
/ndn/s6-site/s6/C2Data-4356-Type1;49004.0000;DATA;1611603176.059704
/ndn/s10-site/s10/C2Data-4840-Type2;218976.0000;DATA;1611603176.975708
/ndn/s10-site/s10/C2Data-2440-Type3;226146.0000;DATA;1611603189.259552
/ndn/s7-site/s7/C2Data-2257-Type3;171158.0000;DATA;1611603190.927799
/ndn/h4-site/h4/C2Data-244-Type3;121522.0000;DATA;1611603191.447792
/ndn/v4-site/v4/C2Data-2989-Type3;147085.0000;DATA;1611603192.415696
/ndn/h9-site/h9/C2Data-549-Type3;49407.0000;DATA;1611603195.167745
/ndn/v8-site/v8/C2Data-6414-Type1;143037.0000;DATA;1611603195.910917
/ndn/h12-site/h12/C2Data-732-Type3;233669.0000;DATA;1611603196.296742
/ndn/d9-site/d9/C2Data-2905-Type2;25332.0000;DATA;1611603197.543734
/ndn/s2-site/s2/C2Data-3873-Type2;147236.0000;DATA;1611603197.893733
/ndn/v7-site/v7/C2Data-3172-Type3;100071.0000;DATA;1611603197.999791
/ndn/d9-site/d9/C2Data-1464-Type3;26579.0000;DATA;1611603198.474775
/ndn/s5-site/s5/C2Data-4236-Type1;25597.0000;DATA;1611603198.822819
/ndn/v1-site/v1/C2Data-5567-Type2;120922.0000;DATA;1611603200.314775
/ndn/s1-site/s1/C2Data-1891-Type3;186740.0000;DATA;1611603201.105786
/ndn/v13-site/v13/C2Data-7019-Type1;144346.0000;DATA;1611603201.601872
/ndn/d12-site/d12/C2Data-1647-Type3;49217.0000;DATA;1611603202.256888
/ndn/d10-site/d10/C2Data-1525-Type3;120211.0000;DATA;1611603202.188737
/ndn/h1-site/h1/C2Data-61-Type3;92805.0000;DATA;1611603202.488814
/ndn/d0-site/d0/C2Data-1816-Type1;47479.0000;DATA;1611603202.844765
/ndn/h13-site/h13/C2Data-793-Type3;119600.0000;DATA;1611603203.619793
/ndn/v11-site/v11/C2Data-6777-Type1;119568.0000;DATA;1611603204.030805
/ndn/h12-site/h12/C2Data-1453-Type2;146208.0000;DATA;1611603205.565739
/ndn/v9-site/v9/C2Data-6535-Type2;141249.0000;DATA;1611603205.953825
/ndn/v6-site/v6/C2Data-6172-Type2;117278.0000;DATA;1611603206.094919
/ndn/s2-site/s2/C2Data-3873-Type1;140566.0000;DATA;1611603207.056742
/ndn/s0-site/s0/C2Data-3631-Type1;73208.0000;DATA;1611603207.218944
/ndn/v9-site/v9/C2Data-3294-Type3;180913.0000;DATA;1611603208.342768
/ndn/h6-site/h6/C2Data-366-Type3;54440.0000;DATA;1611603209.196747
/ndn/h10-site/h10/C2Data-610-Type3;51511.0000;DATA;1611603209.222733
/ndn/h11-site/h11/C2Data-671-Type3;148530.0000;DATA;1611603209.300793
/ndn/h7-site/h7/C2Data-427-Type3;193641.0000;DATA;1611603212.290767
/ndn/d8-site/d8/C2Data-2785-Type2;74828.0000;DATA;1611603227.579839
/ndn/h14-site/h14/C2Data-1696-Type2;193135.0000;DATA;1611603227.764735
/ndn/v7-site/v7/C2Data-6294-Type1;103526.0000;DATA;1611603229.247705
/ndn/v14-site/v14/C2Data-7141-Type2;96397.0000;DATA;1611603229.731766
/ndn/s1-site/s1/C2Data-3753-Type1;197043.0000;DATA;1611603231.219782
/ndn/v1-site/v1/C2Data-5568-Type2;124331.0000;DATA;1611603232.353858
/ndn/v0-site/v0/C2Data-5447-Type1;75131.0000;DATA;1611603233.899871
/ndn/v4-site/v4/C2Data-5931-Type2;146168.0000;DATA;1611603234.400784
/ndn/h12-site/h12/C2Data-1454-Type1;246230.0000;DATA;1611603234.535748
/ndn/d10-site/d10/C2Data-3027-Type2;126369.0000;DATA;1611603234.774049
/ndn/d11-site/d11/C2Data-1587-Type3;73426.0000;DATA;1611603250.985754
/ndn/s11-site/s11/C2Data-2502-Type3;183231.0000;DATA;1611603252.388701
/ndn/h7-site/h7/C2Data-428-Type3;171054.0000;DATA;1611603253.011774
/ndn/d5-site/d5/C2Data-1221-Type3;103132.0000;DATA;1611603254.130760
/ndn/h3-site/h3/C2Data-184-Type3;105420.0000;DATA;1611603255.099847
/ndn/v14-site/v14/C2Data-7142-Type1;96088.0000;DATA;1611603256.491697
/ndn/v10-site/v10/C2Data-3356-Type3;25039.0000;DATA;1611603257.360801
/ndn/v1-site/v1/C2Data-2807-Type3;118898.0000;DATA;1611603257.497270
/ndn/h4-site/h4/C2Data-487-Type2;119555.0000;DATA;1611603258.181826
/ndn/v4-site/v4/C2Data-5932-Type2;144834.0000;DATA;1611603258.384830
/ndn/h9-site/h9/C2Data-1092-Type1;47081.0000;DATA;1611603258.820750
/ndn/v14-site/v14/C2Data-7142-Type2;108192.0000;DATA;1611603258.949753
/ndn/h0-site/h0/C2Data-3-Type1;143203.0000;DATA;1611603259.762841
/ndn/h9-site/h9/C2Data-550-Type3;47095.0000;DATA;1611603260.539825
/ndn/d14-site/d14/C2Data-1770-Type3;150364.0000;DATA;1611603261.985814
/ndn/v5-site/v5/C2Data-6053-Type2;144753.0000;DATA;1611603262.133736
/ndn/v9-site/v9/C2Data-6537-Type1;140192.0000;DATA;1611603262.375860
/ndn/v12-site/v12/C2Data-3478-Type3;118869.0000;DATA;1611603263.277712
/ndn/d4-site/d4/C2Data-2302-Type2;145771.0000;DATA;1611603263.941800
/ndn/s0-site/s0/C2Data-3633-Type1;6000249.0000;TIMEOUT;1611603258.149769
/ndn/d0-site/d0/C2Data-1818-Type1;48556.0000;DATA;1611603264.272774
/ndn/h7-site/h7/C2Data-850-Type2;165627.0000;DATA;1611603265.119809
/ndn/h6-site/h6/C2Data-729-Type2;125046.0000;DATA;1611603266.756757
/ndn/s2-site/s2/C2Data-1953-Type3;6001372.0000;TIMEOUT;1611603262.194801
/ndn/h5-site/h5/C2Data-306-Type3;73800.0000;DATA;1611603270.002884
/ndn/s9-site/s9/C2Data-4722-Type2;6000214.0000;TIMEOUT;1611603264.940731
/ndn/s1-site/s1/C2Data-3754-Type1;6000234.0000;TIMEOUT;1611603265.329770
/ndn/d10-site/d10/C2Data-1526-Type3;121159.0000;DATA;1611603271.913788
/ndn/s8-site/s8/C2Data-4601-Type1;6000279.0000;TIMEOUT;1611603266.220752
/ndn/h11-site/h11/C2Data-672-Type3;150160.0000;DATA;1611603272.352868
/ndn/h11-site/h11/C2Data-275-Type4;195345.0000;DATA;1611603274.694757
/ndn/s4-site/s4/C2Data-2075-Type3;6000239.0000;TIMEOUT;1611603269.177795
/ndn/d6-site/d6/C2Data-525-Type4;70679.0000;DATA;1611603280.765317
/ndn/h6-site/h6/C2Data-730-Type1;117980.0000;DATA;1611603288.419854
/ndn/v2-site/v2/C2Data-5691-Type1;23666.0000;DATA;1611603288.844766
/ndn/v10-site/v10/C2Data-6659-Type2;23426.0000;DATA;1611603288.893758
/ndn/h7-site/h7/C2Data-851-Type2;167987.0000;DATA;1611603289.099861
/ndn/d10-site/d10/C2Data-3029-Type2;119964.0000;DATA;1611603289.289905
/ndn/v14-site/v14/C2Data-7143-Type2;95490.0000;DATA;1611603289.580776
/ndn/v5-site/v5/C2Data-875-Type4;143897.0000;DATA;1611603289.640696
/ndn/v8-site/v8/C2Data-6417-Type1;142500.0000;DATA;1611603292.936814
/ndn/d0-site/d0/C2Data-1819-Type2;52622.0000;DATA;1611603293.767784
/ndn/h2-site/h2/C2Data-246-Type2;260796.0000;DATA;1611603295.898841
/ndn/h12-site/h12/C2Data-300-Type4;257983.0000;DATA;1611603298.704516
/ndn/v7-site/v7/C2Data-925-Type4;98587.0000;DATA;1611603301.182725
/ndn/d8-site/d8/C2Data-575-Type4;73853.0000;DATA;1611603303.997805
/ndn/v2-site/v2/C2Data-2869-Type3;28355.0000;DATA;1611603311.024761
/ndn/h9-site/h9/C2Data-225-Type4;50903.0000;DATA;1611603312.235834
/ndn/v3-site/v3/C2Data-2930-Type3;118032.0000;DATA;1611603315.765696
/ndn/v13-site/v13/C2Data-7023-Type1;141131.0000;DATA;1611603316.147816
/ndn/h11-site/h11/C2Data-1336-Type2;145447.0000;DATA;1611603316.523817
/ndn/d5-site/d5/C2Data-500-Type4;97680.0000;DATA;1611603317.582698
/ndn/h9-site/h9/C2Data-551-Type3;47019.0000;DATA;1611603318.235823
/ndn/h13-site/h13/C2Data-1578-Type1;118760.0000;DATA;1611603319.196805
/ndn/d6-site/d6/C2Data-1283-Type3;73430.0000;DATA;1611603319.659805
/ndn/v3-site/v3/C2Data-5813-Type1;119677.0000;DATA;1611603320.268786
/ndn/d2-site/d2/C2Data-2062-Type1;72509.0000;DATA;1611603320.649751
/ndn/s14-site/s14/C2Data-5329-Type1;6000789.0000;TIMEOUT;1611603315.410809
/ndn/v12-site/v12/C2Data-6902-Type1;123551.0000;DATA;1611603321.816845
/ndn/d10-site/d10/C2Data-1527-Type3;119252.0000;DATA;1611603322.600695
/ndn/h10-site/h10/C2Data-612-Type3;50535.0000;DATA;1611603322.835784
/ndn/h8-site/h8/C2Data-490-Type3;47359.0000;DATA;1611603323.852745
/ndn/v6-site/v6/C2Data-3113-Type3;120623.0000;DATA;1611603324.656790
/ndn/v5-site/v5/C2Data-6055-Type2;143036.0000;DATA;1611603325.275683
/ndn/s5-site/s5/C2Data-4240-Type2;6000993.0000;TIMEOUT;1611603320.063801
/ndn/v0-site/v0/C2Data-2747-Type3;70407.0000;DATA;1611603326.039781
/ndn/v14-site/v14/C2Data-3601-Type3;93506.0000;DATA;1611603326.056799
/ndn/s8-site/s8/C2Data-4603-Type1;6000286.0000;TIMEOUT;1611603321.469751
/ndn/v5-site/v5/C2Data-3052-Type3;141220.0000;DATA;1611603327.888907
/ndn/v13-site/v13/C2Data-3540-Type3;140075.0000;DATA;1611603328.856793
/ndn/s11-site/s11/C2Data-2503-Type3;6002294.0000;TIMEOUT;1611603323.963718
/ndn/d4-site/d4/C2Data-1161-Type3;160451.0000;DATA;1611603331.093785
/ndn/h6-site/h6/C2Data-368-Type3;132345.0000;DATA;1611603331.235783
/ndn/v2-site/v2/C2Data-5693-Type2;23857.0000;DATA;1611603347.088781
/ndn/v3-site/v3/C2Data-5814-Type1;124971.0000;DATA;1611603347.804767
/ndn/h9-site/h9/C2Data-1095-Type1;49944.0000;DATA;1611603347.902779
/ndn/h10-site/h10/C2Data-1216-Type1;50051.0000;DATA;1611603351.731823
/ndn/s8-site/s8/C2Data-4604-Type2;6000477.0000;TIMEOUT;1611603345.927742
/ndn/d9-site/d9/C2Data-2910-Type1;27371.0000;DATA;1611603352.282768
/ndn/s0-site/s0/C2Data-3636-Type2;6000477.0000;TIMEOUT;1611603346.710816
/ndn/d11-site/d11/C2Data-3152-Type1;71308.0000;DATA;1611603353.295771
/ndn/h9-site/h9/C2Data-1095-Type2;47716.0000;DATA;1611603354.757776
/ndn/s2-site/s2/C2Data-3878-Type1;6004458.0000;TIMEOUT;1611603351.494818
/ndn/s0-site/s0/C2Data-3636-Type1;6000498.0000;TIMEOUT;1611603351.985735
/ndn/s11-site/s11/C2Data-4967-Type1;6003886.0000;TIMEOUT;1611603356.809785
/ndn/v0-site/v0/C2Data-2748-Type3;101117.0000;DATA;1611603373.587131
/ndn/v14-site/v14/C2Data-3602-Type3;99983.0000;DATA;1611603373.782799
/ndn/v3-site/v3/C2Data-2931-Type3;134004.0000;DATA;1611603373.827822
/ndn/v8-site/v8/C2Data-3236-Type3;160921.0000;DATA;1611603374.830832
/ndn/v14-site/v14/C2Data-7146-Type1;102276.0000;DATA;1611603376.393896
/ndn/d12-site/d12/C2Data-3274-Type1;50597.0000;DATA;1611603377.759738
/ndn/h9-site/h9/C2Data-552-Type3;54218.0000;DATA;1611603378.461831
/ndn/s7-site/s7/C2Data-2260-Type3;6000472.0000;TIMEOUT;1611603372.592778
/ndn/v4-site/v4/C2Data-5936-Type2;143275.0000;DATA;1611603378.465594
/ndn/d5-site/d5/C2Data-1223-Type3;100745.0000;DATA;1611603379.084829
/ndn/h6-site/h6/C2Data-733-Type1;119599.0000;DATA;1611603379.100850
/ndn/h9-site/h9/C2Data-1096-Type1;46697.0000;DATA;1611603379.908786
/ndn/d1-site/d1/C2Data-979-Type3;213359.0000;DATA;1611603380.096784
/ndn/v10-site/v10/C2Data-6662-Type1;25153.0000;DATA;1611603381.167705
