/ndn/h1-site/h1/C2Data-121-Type2;150688.0000;DATA;1611609743.900128
/ndn/d6-site/d6/C2Data-2541-Type2;193757.0000;DATA;1611609744.459184
/ndn/v4-site/v4/C2Data-5929-Type1;26712.0000;DATA;1611609745.492210
/ndn/d11-site/d11/C2Data-3146-Type1;51551.0000;DATA;1611609745.830200
/ndn/v0-site/v0/C2Data-5445-Type1;107062.0000;NACK;1611609746.149147
/ndn/h4-site/h4/C2Data-484-Type1;252983.0000;DATA;1611609746.233204
/ndn/d14-site/d14/C2Data-3509-Type1;191437.0000;DATA;1611609747.285214
/ndn/s7-site/s7/C2Data-4477-Type2;101192.0000;DATA;1611609750.192127
/ndn/s1-site/s1/C2Data-3751-Type1;305973.0000;DATA;1611609750.498286
/ndn/s5-site/s5/C2Data-4235-Type1;96625.0000;DATA;1611609752.653177
/ndn/s0-site/s0/C2Data-3630-Type2;165564.0000;DATA;1611609754.658139
/ndn/h8-site/h8/C2Data-968-Type1;177235.0000;DATA;1611609754.820155
/ndn/h9-site/h9/C2Data-1089-Type1;166931.0000;DATA;1611609754.965182
/ndn/v8-site/v8/C2Data-3233-Type3;115788.0000;NACK;1611609769.762139
/ndn/v11-site/v11/C2Data-3416-Type3;178925.0000;DATA;1611609771.071169
/ndn/h13-site/h13/C2Data-793-Type3;272190.0000;DATA;1611609772.388226
/ndn/v9-site/v9/C2Data-6535-Type2;86417.0000;NACK;1611609773.903179
/ndn/v10-site/v10/C2Data-6656-Type1;25324.0000;DATA;1611609775.050244
/ndn/d2-site/d2/C2Data-2058-Type1;26559.0000;DATA;1611609776.083188
/ndn/h7-site/h7/C2Data-848-Type1;286419.0000;DATA;1611609776.166189
/ndn/h9-site/h9/C2Data-1090-Type1;162786.0000;DATA;1611609777.678142
/ndn/d0-site/d0/C2Data-915-Type3;69267.0000;DATA;1611609778.038256
/ndn/h11-site/h11/C2Data-1332-Type2;46964.0000;DATA;1611609778.455120
/ndn/s1-site/s1/C2Data-3752-Type2;162183.0000;DATA;1611609778.580796
/ndn/s14-site/s14/C2Data-5325-Type1;164011.0000;DATA;1611609778.625176
/ndn/d10-site/d10/C2Data-3026-Type2;235740.0000;DATA;1611609778.580231
/ndn/s3-site/s3/C2Data-2013-Type3;85617.0000;NACK;1611609778.954211
/ndn/d9-site/d9/C2Data-2905-Type2;47836.0000;DATA;1611609779.021211
/ndn/d6-site/d6/C2Data-2542-Type2;195560.0000;DATA;1611609779.304212
/ndn/s3-site/s3/C2Data-3994-Type1;86319.0000;NACK;1611609779.773242
/ndn/d14-site/d14/C2Data-1769-Type3;129923.0000;DATA;1611609779.914192
/ndn/s8-site/s8/C2Data-2318-Type3;212769.0000;DATA;1611609780.013174
/ndn/v6-site/v6/C2Data-6172-Type1;146718.0000;NACK;1611609780.349213
/ndn/d3-site/d3/C2Data-1098-Type3;23358.0000;DATA;1611609780.481334
/ndn/d12-site/d12/C2Data-1647-Type3;68751.0000;DATA;1611609780.779952
/ndn/v2-site/v2/C2Data-5688-Type1;94998.0000;DATA;1611609781.135179
/ndn/v4-site/v4/C2Data-2989-Type3;24131.0000;DATA;1611609781.950114
/ndn/h10-site/h10/C2Data-610-Type3;24573.0000;DATA;1611609784.830187
/ndn/h5-site/h5/C2Data-305-Type3;94482.0000;DATA;1611609785.286237
/ndn/h8-site/h8/C2Data-488-Type3;96098.0000;DATA;1611609785.469123
/ndn/s13-site/s13/C2Data-5204-Type2;97090.0000;DATA;1611609785.638138
/ndn/s7-site/s7/C2Data-4478-Type2;116624.0000;DATA;1611609785.632143
/ndn/d9-site/d9/C2Data-1464-Type3;127604.0000;DATA;1611609786.891199
/ndn/s14-site/s14/C2Data-5326-Type2;190471.0000;DATA;1611609803.981679
/ndn/s10-site/s10/C2Data-4842-Type1;259178.0000;DATA;1611609804.057177
/ndn/h8-site/h8/C2Data-970-Type2;169022.0000;DATA;1611609804.248162
/ndn/d12-site/d12/C2Data-3269-Type1;73443.0000;DATA;1611609805.246127
/ndn/s0-site/s0/C2Data-3632-Type2;191648.0000;DATA;1611609805.197137
/ndn/h14-site/h14/C2Data-1696-Type2;24058.0000;DATA;1611609806.987184
/ndn/s11-site/s11/C2Data-4963-Type1;287782.0000;DATA;1611609806.927185
/ndn/s2-site/s2/C2Data-3874-Type1;167796.0000;DATA;1611609807.251135
/ndn/s8-site/s8/C2Data-4600-Type2;24799.0000;DATA;1611609807.416211
/ndn/s1-site/s1/C2Data-3753-Type1;146597.0000;DATA;1611609807.574172
/ndn/s9-site/s9/C2Data-4721-Type1;225038.0000;DATA;1611609808.183145
/ndn/d4-site/d4/C2Data-2301-Type1;169178.0000;DATA;1611609808.587163
/ndn/d7-site/d7/C2Data-2664-Type1;69547.0000;DATA;1611609810.781188
/ndn/d5-site/d5/C2Data-2422-Type1;28942.0000;DATA;1611609814.147183
/ndn/v8-site/v8/C2Data-6415-Type2;47708.0000;DATA;1611609814.870180
/ndn/s7-site/s7/C2Data-2258-Type3;50076.0000;DATA;1611609829.856156
/ndn/h0-site/h0/C2Data-1-Type3;101573.0000;DATA;1611609831.304180
/ndn/v2-site/v2/C2Data-2868-Type3;122431.0000;DATA;1611609831.441130
/ndn/v10-site/v10/C2Data-3356-Type3;126826.0000;DATA;1611609833.057152
/ndn/h11-site/h11/C2Data-672-Type3;48190.0000;DATA;1611609834.139140
/ndn/s1-site/s1/C2Data-3754-Type2;307875.0000;DATA;1611609833.900157
/ndn/h0-site/h0/C2Data-3-Type2;257762.0000;DATA;1611609834.250195
/ndn/s6-site/s6/C2Data-4359-Type1;166069.0000;DATA;1611609834.371153
/ndn/h4-site/h4/C2Data-487-Type1;233720.0000;DATA;1611609834.355155
/ndn/s1-site/s1/C2Data-1892-Type3;194466.0000;DATA;1611609834.762146
/ndn/v3-site/v3/C2Data-2929-Type3;162787.0000;DATA;1611609835.506162
/ndn/d6-site/d6/C2Data-2544-Type2;194274.0000;DATA;1611609836.626172
/ndn/h1-site/h1/C2Data-124-Type2;141509.0000;DATA;1611609837.356174
/ndn/s11-site/s11/C2Data-4964-Type1;191724.0000;DATA;1611609837.676218
/ndn/d14-site/d14/C2Data-1770-Type3;115679.0000;DATA;1611609838.807215
/ndn/d0-site/d0/C2Data-916-Type3;47222.0000;DATA;1611609839.011160
/ndn/h8-site/h8/C2Data-971-Type1;176205.0000;DATA;1611609840.145147
/ndn/h12-site/h12/C2Data-1455-Type1;233308.0000;DATA;1611609840.497142
/ndn/v13-site/v13/C2Data-3539-Type3;207985.0000;DATA;1611609840.667132
/ndn/d9-site/d9/C2Data-1465-Type3;69391.0000;DATA;1611609842.295168
/ndn/h14-site/h14/C2Data-855-Type3;36982.0000;DATA;1611609842.649205
/ndn/d0-site/d0/C2Data-1818-Type2;25606.0000;DATA;1611609843.148229
/ndn/d8-site/d8/C2Data-2786-Type2;23713.0000;DATA;1611609844.430173
/ndn/h7-site/h7/C2Data-850-Type1;198148.0000;DATA;1611609844.467130
/ndn/d10-site/d10/C2Data-3028-Type2;96789.0000;DATA;1611609844.895175
/ndn/d1-site/d1/C2Data-1939-Type2;118532.0000;DATA;1611609845.315127
/ndn/h4-site/h4/C2Data-487-Type2;71868.0000;DATA;1611609845.595139
/ndn/v2-site/v2/C2Data-800-Type4;116192.0000;DATA;1611609847.117183
/ndn/d7-site/d7/C2Data-550-Type4;121662.0000;DATA;1611609847.181147
/ndn/s3-site/s3/C2Data-2014-Type3;63098.0000;DATA;1611609848.229245
/ndn/d10-site/d10/C2Data-625-Type4;152175.0000;DATA;1611609849.482219
/ndn/d2-site/d2/C2Data-1038-Type3;23347.0000;DATA;1611609850.949159
/ndn/h3-site/h3/C2Data-184-Type3;24590.0000;DATA;1611609851.681176
/ndn/v11-site/v11/C2Data-3417-Type3;203288.0000;DATA;1611609851.823135
/ndn/h14-site/h14/C2Data-350-Type4;128119.0000;DATA;1611609855.387155
/ndn/d0-site/d0/C2Data-375-Type4;107558.0000;DATA;1611609855.922154
/ndn/h7-site/h7/C2Data-851-Type1;287123.0000;DATA;1611609864.262191
/ndn/s6-site/s6/C2Data-4360-Type2;172354.0000;DATA;1611609866.664182
/ndn/s8-site/s8/C2Data-4602-Type2;124471.0000;DATA;1611609867.517130
/ndn/v14-site/v14/C2Data-7143-Type2;219159.0000;DATA;1611609867.997172
/ndn/h1-site/h1/C2Data-25-Type4;114912.0000;DATA;1611609868.229192
/ndn/h0-site/h0/C2Data-0-Type4;169334.0000;DATA;1611609868.798228
/ndn/h5-site/h5/C2Data-609-Type1;200427.0000;DATA;1611609869.157163
/ndn/d12-site/d12/C2Data-3271-Type2;73442.0000;DATA;1611609870.371182
/ndn/v1-site/v1/C2Data-5570-Type1;24909.0000;DATA;1611609872.077929
/ndn/h10-site/h10/C2Data-1214-Type2;97059.0000;DATA;1611609872.027185
/ndn/d10-site/d10/C2Data-3029-Type2;115130.0000;DATA;1611609873.489221
/ndn/v13-site/v13/C2Data-7022-Type1;23284.0000;DATA;1611609874.623835
/ndn/s3-site/s3/C2Data-3997-Type2;24414.0000;DATA;1611609874.773335
/ndn/d1-site/d1/C2Data-1940-Type1;71013.0000;DATA;1611609874.784246
/ndn/v0-site/v0/C2Data-5449-Type1;23975.0000;DATA;1611609874.935178
/ndn/h10-site/h10/C2Data-250-Type4;30032.0000;DATA;1611609886.776233
/ndn/v6-site/v6/C2Data-900-Type4;173462.0000;NACK;1611609887.232175
/ndn/v6-site/v6/C2Data-3113-Type3;152709.0000;NACK;1611609889.529205
/ndn/d4-site/d4/C2Data-1161-Type3;164195.0000;DATA;1611609894.001160
/ndn/s8-site/s8/C2Data-2320-Type3;73844.0000;DATA;1611609895.450131
/ndn/h11-site/h11/C2Data-1336-Type2;124700.0000;DATA;1611609896.045291
/ndn/h7-site/h7/C2Data-852-Type2;70194.0000;DATA;1611609896.642681
/ndn/s12-site/s12/C2Data-5087-Type2;52060.0000;DATA;1611609897.068789
/ndn/v13-site/v13/C2Data-3540-Type3;170012.0000;DATA;1611609897.135211
/ndn/s9-site/s9/C2Data-4724-Type1;216591.0000;DATA;1611609897.276246
/ndn/s9-site/s9/C2Data-2381-Type3;115803.0000;DATA;1611609897.994163
/ndn/d9-site/d9/C2Data-1466-Type3;97663.0000;DATA;1611609898.367172
/ndn/s10-site/s10/C2Data-4845-Type1;211225.0000;DATA;1611609898.379173
/ndn/h12-site/h12/C2Data-1457-Type1;206054.0000;DATA;1611609898.622138
/ndn/v14-site/v14/C2Data-7144-Type1;189320.0000;DATA;1611609899.594241
/ndn/d3-site/d3/C2Data-2183-Type2;160095.0000;DATA;1611609899.951180
/ndn/s10-site/s10/C2Data-4845-Type2;237001.0000;DATA;1611609899.970194
/ndn/d12-site/d12/C2Data-3272-Type2;69029.0000;DATA;1611609900.228153
/ndn/v0-site/v0/C2Data-2747-Type3;46331.0000;DATA;1611609900.417162
/ndn/s3-site/s3/C2Data-2015-Type3;189400.0000;DATA;1611609900.714220
/ndn/d0-site/d0/C2Data-917-Type3;23377.0000;DATA;1611609901.203226
/ndn/s12-site/s12/C2Data-2564-Type3;23668.0000;DATA;1611609902.649146
/ndn/d14-site/d14/C2Data-1771-Type3;125647.0000;DATA;1611609902.815144
/ndn/s7-site/s7/C2Data-4482-Type2;119485.0000;DATA;1611609902.985151
/ndn/d12-site/d12/C2Data-1649-Type3;27823.0000;DATA;1611609908.747169
/ndn/h13-site/h13/C2Data-795-Type3;26252.0000;DATA;1611609910.072433
/ndn/s9-site/s9/C2Data-4725-Type2;215355.0000;DATA;1611609925.264156
/ndn/v10-site/v10/C2Data-6661-Type2;116150.0000;DATA;1611609926.293125
/ndn/s12-site/s12/C2Data-5088-Type1;24432.0000;DATA;1611609927.102144
/ndn/s7-site/s7/C2Data-4483-Type1;217920.0000;DATA;1611609928.135153
/ndn/v5-site/v5/C2Data-6056-Type1;24024.0000;DATA;1611609930.015189
/ndn/d6-site/d6/C2Data-2547-Type2;185253.0000;DATA;1611609929.962170
/ndn/s13-site/s13/C2Data-5209-Type2;25333.0000;DATA;1611609932.666598
/ndn/s11-site/s11/C2Data-4967-Type1;24871.0000;DATA;1611609933.558122
/ndn/v2-site/v2/C2Data-5693-Type1;142801.0000;DATA;1611609933.843824
/ndn/d12-site/d12/C2Data-3273-Type1;71286.0000;DATA;1611609934.321269
/ndn/d11-site/d11/C2Data-3152-Type2;23381.0000;DATA;1611609935.682238
/ndn/s10-site/s10/C2Data-2443-Type3;272181.0000;DATA;1611609948.780133
/ndn/h10-site/h10/C2Data-613-Type3;227075.0000;DATA;1611609950.415248
/ndn/v10-site/v10/C2Data-3358-Type3;26808.0000;DATA;1611609951.075330
/ndn/s4-site/s4/C2Data-4121-Type1;217649.0000;DATA;1611609955.630149
/ndn/v7-site/v7/C2Data-6299-Type2;49007.0000;DATA;1611609955.866224
/ndn/v13-site/v13/C2Data-3541-Type3;121832.0000;DATA;1611609955.894137
/ndn/s10-site/s10/C2Data-4847-Type1;260132.0000;DATA;1611609956.241154
/ndn/s3-site/s3/C2Data-4000-Type2;23713.0000;DATA;1611609957.091233
/ndn/d12-site/d12/C2Data-3274-Type1;69475.0000;DATA;1611609957.344837
/ndn/h11-site/h11/C2Data-1338-Type1;187019.0000;DATA;1611609957.317125
/ndn/v11-site/v11/C2Data-3419-Type3;23810.0000;DATA;1611609957.658168
/ndn/d1-site/d1/C2Data-1943-Type1;23638.0000;DATA;1611609958.208199
/ndn/d8-site/d8/C2Data-2790-Type1;94671.0000;DATA;1611609958.516206
/ndn/s2-site/s2/C2Data-1955-Type3;124261.0000;DATA;1611609958.782186
/ndn/v2-site/v2/C2Data-5694-Type1;83010.0000;DATA;1611609959.694217
