/ndn/v10-site/v10/C2Data-6655-Type2;119155.0000;DATA;1611607420.200410
/ndn/v6-site/v6/C2Data-6171-Type2;27792.0000;DATA;1611607420.634267
/ndn/s1-site/s1/C2Data-3751-Type2;245431.0000;DATA;1611607421.004363
/ndn/d4-site/d4/C2Data-2299-Type1;761.0000;DATA;1611607422.480327
/ndn/h4-site/h4/C2Data-484-Type2;139870.0000;DATA;1611607423.933422
/ndn/v3-site/v3/C2Data-5808-Type2;70369.0000;DATA;1611607426.164468
/ndn/s7-site/s7/C2Data-4477-Type2;608.0000;DATA;1611607427.502378
/ndn/v11-site/v11/C2Data-6776-Type1;23558.0000;DATA;1611607427.906402
/ndn/s1-site/s1/C2Data-3751-Type1;72889.0000;DATA;1611607427.861305
/ndn/v2-site/v2/C2Data-5687-Type1;145372.0000;DATA;1611607429.587370
/ndn/v8-site/v8/C2Data-6413-Type1;607.0000;NACK;1611607430.337355
/ndn/v5-site/v5/C2Data-6050-Type1;28724.0000;DATA;1611607431.056471
/ndn/v0-site/v0/C2Data-5445-Type1;196348.0000;DATA;1611607431.956345
/ndn/d2-site/d2/C2Data-1037-Type3;48195.0000;DATA;1611607445.426339
/ndn/s9-site/s9/C2Data-2379-Type3;121659.0000;DATA;1611607445.907338
/ndn/v8-site/v8/C2Data-3233-Type3;371.0000;NACK;1611607447.484423
/ndn/v2-site/v2/C2Data-2867-Type3;149696.0000;DATA;1611607447.423364
/ndn/v3-site/v3/C2Data-2928-Type3;98726.0000;DATA;1611607447.481347
/ndn/h13-site/h13/C2Data-793-Type3;678.0000;DATA;1611607450.073886
/ndn/s0-site/s0/C2Data-1830-Type3;94828.0000;DATA;1611607450.597247
/ndn/h4-site/h4/C2Data-485-Type2;116507.0000;DATA;1611607450.782279
/ndn/s8-site/s8/C2Data-4599-Type1;13060.0000;DATA;1611607451.507297
/ndn/s14-site/s14/C2Data-5325-Type1;641.0000;DATA;1611607452.217264
/ndn/s7-site/s7/C2Data-4478-Type2;50833.0000;DATA;1611607452.531257
/ndn/d7-site/d7/C2Data-2663-Type1;119392.0000;DATA;1611607453.133214
/ndn/v14-site/v14/C2Data-7140-Type2;92415.0000;DATA;1611607453.420342
/ndn/d1-site/d1/C2Data-1937-Type1;789.0000;DATA;1611607453.829295
/ndn/h5-site/h5/C2Data-606-Type2;74034.0000;DATA;1611607454.956278
/ndn/s10-site/s10/C2Data-4841-Type1;46470.0000;DATA;1611607456.404250
/ndn/h12-site/h12/C2Data-732-Type3;592.0000;DATA;1611607457.304324
/ndn/v13-site/v13/C2Data-3538-Type3;75418.0000;DATA;1611607458.123298
/ndn/v6-site/v6/C2Data-6172-Type2;24564.0000;DATA;1611607458.195321
/ndn/s14-site/s14/C2Data-2684-Type3;514.0000;DATA;1611607458.234394
/ndn/v12-site/v12/C2Data-6898-Type2;373.0000;NACK;1611607458.293248
/ndn/s2-site/s2/C2Data-3873-Type1;49591.0000;DATA;1611607459.480264
/ndn/s13-site/s13/C2Data-5204-Type2;613.0000;NACK;1611607459.590321
/ndn/h3-site/h3/C2Data-364-Type2;569.0000;DATA;1611607459.730318
/ndn/d2-site/d2/C2Data-2058-Type2;691.0000;DATA;1611607459.869245
/ndn/h4-site/h4/C2Data-244-Type3;515.0000;DATA;1611607460.651352
/ndn/h10-site/h10/C2Data-1211-Type2;166070.0000;DATA;1611607461.078320
/ndn/s2-site/s2/C2Data-3873-Type2;23481.0000;DATA;1611607461.535319
/ndn/d9-site/d9/C2Data-1464-Type3;53894.0000;DATA;1611607463.426265
/ndn/h10-site/h10/C2Data-610-Type3;23642.0000;DATA;1611607464.080307
/ndn/s12-site/s12/C2Data-5084-Type1;211547.0000;DATA;1611607480.216349
/ndn/v8-site/v8/C2Data-6415-Type1;189816.0000;DATA;1611607481.290310
/ndn/d1-site/d1/C2Data-1938-Type1;46864.0000;DATA;1611607484.496341
/ndn/d8-site/d8/C2Data-2785-Type2;25405.0000;DATA;1611607484.841327
/ndn/v13-site/v13/C2Data-7020-Type2;23534.0000;DATA;1611607484.880303
/ndn/v6-site/v6/C2Data-6173-Type1;23808.0000;DATA;1611607485.420300
/ndn/s0-site/s0/C2Data-3632-Type2;100027.0000;DATA;1611607486.955327
/ndn/v4-site/v4/C2Data-5931-Type1;199792.0000;DATA;1611607488.482291
/ndn/h11-site/h11/C2Data-1333-Type1;756.0000;DATA;1611607488.976261
/ndn/h8-site/h8/C2Data-970-Type1;476.0000;DATA;1611607490.086362
/ndn/d7-site/d7/C2Data-2664-Type2;118159.0000;DATA;1611607490.124360
/ndn/s11-site/s11/C2Data-2502-Type3;225906.0000;DATA;1611607504.961321
/ndn/s7-site/s7/C2Data-2258-Type3;654.0000;DATA;1611607507.926340
/ndn/s12-site/s12/C2Data-2563-Type3;130817.0000;DATA;1611607508.625276
/ndn/h14-site/h14/C2Data-1697-Type1;79527.0000;DATA;1611607511.743262
/ndn/d0-site/d0/C2Data-916-Type3;70250.0000;DATA;1611607512.447389
/ndn/d0-site/d0/C2Data-1818-Type2;71471.0000;DATA;1611607513.483242
/ndn/s8-site/s8/C2Data-4601-Type2;46923.0000;DATA;1611607513.713314
/ndn/v7-site/v7/C2Data-6295-Type1;23239.0000;DATA;1611607513.852250
/ndn/h11-site/h11/C2Data-1334-Type1;23936.0000;DATA;1611607516.323264
/ndn/v2-site/v2/C2Data-2868-Type3;74731.0000;DATA;1611607518.290355
/ndn/h9-site/h9/C2Data-550-Type3;652.0000;DATA;1611607518.844262
/ndn/h4-site/h4/C2Data-487-Type2;122827.0000;DATA;1611607519.207346
/ndn/d2-site/d2/C2Data-2060-Type1;48201.0000;DATA;1611607519.365368
/ndn/v8-site/v8/C2Data-3234-Type3;690.0000;DATA;1611607520.383307
/ndn/h9-site/h9/C2Data-1092-Type2;26313.0000;DATA;1611607520.897314
/ndn/h0-site/h0/C2Data-0-Type4;194806.0000;DATA;1611607522.628288
/ndn/h8-site/h8/C2Data-200-Type4;132640.0000;DATA;1611607529.278316
/ndn/v6-site/v6/C2Data-900-Type4;24535.0000;DATA;1611607532.665324
/ndn/d4-site/d4/C2Data-475-Type4;29446.0000;DATA;1611607533.254315
/ndn/d0-site/d0/C2Data-1819-Type1;73718.0000;DATA;1611607542.048274
/ndn/d12-site/d12/C2Data-3271-Type1;92191.0000;DATA;1611607544.956266
/ndn/d2-site/d2/C2Data-2061-Type1;783.0000;DATA;1611607546.519270
/ndn/v1-site/v1/C2Data-5570-Type1;164067.0000;DATA;1611607547.196274
/ndn/s13-site/s13/C2Data-5207-Type1;117446.0000;DATA;1611607548.593395
/ndn/s10-site/s10/C2Data-4844-Type1;643.0000;DATA;1611607549.103374
/ndn/s6-site/s6/C2Data-4360-Type1;78524.0000;DATA;1611607549.703358
/ndn/s0-site/s0/C2Data-3634-Type2;520.0000;DATA;1611607551.073315
/ndn/v4-site/v4/C2Data-5933-Type1;100493.0000;DATA;1611607551.400414
/ndn/d9-site/d9/C2Data-2908-Type1;143041.0000;DATA;1611607551.757327
/ndn/v4-site/v4/C2Data-850-Type4;608.0000;DATA;1611607552.120262
/ndn/d9-site/d9/C2Data-600-Type4;461.0000;DATA;1611607561.733314
/ndn/h2-site/h2/C2Data-50-Type4;585.0000;DATA;1611607562.944324
/ndn/v2-site/v2/C2Data-800-Type4;627.0000;DATA;1611607563.639012
/ndn/v4-site/v4/C2Data-2991-Type3;168081.0000;DATA;1611607565.086327
/ndn/v13-site/v13/C2Data-3540-Type3;72304.0000;DATA;1611607566.997322
/ndn/v0-site/v0/C2Data-750-Type4;99559.0000;DATA;1611607568.532903
/ndn/d9-site/d9/C2Data-1466-Type3;156981.0000;DATA;1611607569.157368
/ndn/d7-site/d7/C2Data-1344-Type3;95453.0000;DATA;1611607569.738302
/ndn/s2-site/s2/C2Data-3877-Type1;50936.0000;DATA;1611607571.007324
/ndn/v13-site/v13/C2Data-7023-Type2;73991.0000;DATA;1611607571.165388
/ndn/v11-site/v11/C2Data-6781-Type2;24952.0000;DATA;1611607572.315353
/ndn/d11-site/d11/C2Data-1588-Type3;479.0000;DATA;1611607572.837309
/ndn/s12-site/s12/C2Data-2564-Type3;75866.0000;DATA;1611607573.795291
/ndn/s14-site/s14/C2Data-5329-Type2;638.0000;DATA;1611607574.315320
/ndn/d4-site/d4/C2Data-2304-Type2;499.0000;DATA;1611607575.410293
/ndn/v9-site/v9/C2Data-6539-Type1;123990.0000;DATA;1611607576.194352
/ndn/s12-site/s12/C2Data-5087-Type1;94945.0000;DATA;1611607577.053345
/ndn/v12-site/v12/C2Data-6902-Type2;149694.0000;DATA;1611607577.473359
/ndn/v0-site/v0/C2Data-2747-Type3;401.0000;DATA;1611607578.787852
/ndn/v14-site/v14/C2Data-7144-Type2;69104.0000;DATA;1611607578.785364
/ndn/v5-site/v5/C2Data-3052-Type3;487.0000;DATA;1611607579.186125
/ndn/v11-site/v11/C2Data-3418-Type3;25653.0000;DATA;1611607580.600160
/ndn/h11-site/h11/C2Data-673-Type3;556.0000;DATA;1611607580.860325
/ndn/v3-site/v3/C2Data-5813-Type2;24093.0000;DATA;1611607580.946092
/ndn/h8-site/h8/C2Data-973-Type2;159411.0000;DATA;1611607581.317299
/ndn/d11-site/d11/C2Data-3151-Type2;94501.0000;DATA;1611607581.397350
/ndn/v2-site/v2/C2Data-5692-Type2;482.0000;DATA;1611607581.528286
/ndn/s11-site/s11/C2Data-2503-Type3;69197.0000;DATA;1611607583.947962
/ndn/v3-site/v3/C2Data-2930-Type3;86066.0000;DATA;1611607586.724289
/ndn/v6-site/v6/C2Data-6177-Type2;23802.0000;DATA;1611607600.593418
/ndn/v8-site/v8/C2Data-6419-Type1;115314.0000;DATA;1611607601.221268
/ndn/v11-site/v11/C2Data-6782-Type1;25564.0000;DATA;1611607603.372301
/ndn/d0-site/d0/C2Data-1821-Type1;531.0000;DATA;1611607604.480299
/ndn/s12-site/s12/C2Data-5088-Type1;120232.0000;DATA;1611607604.573358
/ndn/h13-site/h13/C2Data-1579-Type2;23565.0000;DATA;1611607605.263343
/ndn/h0-site/h0/C2Data-6-Type1;155368.0000;DATA;1611607612.076313
/ndn/s5-site/s5/C2Data-2138-Type3;159646.0000;DATA;1611607624.418319
/ndn/h12-site/h12/C2Data-735-Type3;624.0000;DATA;1611607627.517535
/ndn/d5-site/d5/C2Data-1223-Type3;150242.0000;DATA;1611607627.893327
/ndn/d1-site/d1/C2Data-979-Type3;793.0000;DATA;1611607630.100357
/ndn/h5-site/h5/C2Data-308-Type3;121387.0000;DATA;1611607630.004376
/ndn/v14-site/v14/C2Data-3602-Type3;489.0000;DATA;1611607632.953299
/ndn/v0-site/v0/C2Data-2748-Type3;23458.0000;DATA;1611607634.189340
/ndn/s10-site/s10/C2Data-4847-Type2;25382.0000;DATA;1611607635.651022
/ndn/v7-site/v7/C2Data-6299-Type2;570.0000;DATA;1611607635.787278
