/ndn/v7-site/v7/C2Data-6292-Type2;170947.0000;DATA;1611609165.809348
/ndn/v11-site/v11/C2Data-6776-Type1;547.0000;NACK;1611609166.234406
/ndn/d11-site/d11/C2Data-3146-Type1;147397.0000;DATA;1611609167.480304
/ndn/s6-site/s6/C2Data-4356-Type2;23969.0000;DATA;1611609168.445389
/ndn/h3-site/h3/C2Data-363-Type1;171237.0000;DATA;1611609169.450504
/ndn/s0-site/s0/C2Data-3630-Type2;25204.0000;DATA;1611609170.268315
/ndn/d9-site/d9/C2Data-2904-Type2;72293.0000;DATA;1611609172.696526
/ndn/v1-site/v1/C2Data-5566-Type2;221839.0000;DATA;1611609173.873636
/ndn/v11-site/v11/C2Data-3416-Type3;206102.0000;DATA;1611609187.267366
/ndn/h4-site/h4/C2Data-244-Type3;154994.0000;DATA;1611609188.613323
/ndn/d10-site/d10/C2Data-1525-Type3;179180.0000;DATA;1611609191.430413
/ndn/v9-site/v9/C2Data-6535-Type2;437.0000;NACK;1611609192.597520
/ndn/d12-site/d12/C2Data-3268-Type2;115663.0000;DATA;1611609193.145312
/ndn/s5-site/s5/C2Data-4236-Type2;96438.0000;DATA;1611609195.735414
/ndn/v9-site/v9/C2Data-3294-Type3;417.0000;NACK;1611609195.917505
/ndn/d2-site/d2/C2Data-2058-Type2;140665.0000;DATA;1611609196.152358
/ndn/s10-site/s10/C2Data-4841-Type2;289055.0000;DATA;1611609196.054320
/ndn/s7-site/s7/C2Data-4478-Type2;231713.0000;DATA;1611609196.184402
/ndn/d1-site/d1/C2Data-976-Type3;232071.0000;DATA;1611609198.330052
/ndn/d9-site/d9/C2Data-2905-Type2;76614.0000;DATA;1611609198.672358
/ndn/s13-site/s13/C2Data-2623-Type3;216824.0000;DATA;1611609198.916346
/ndn/v3-site/v3/C2Data-2928-Type3;142524.0000;DATA;1611609199.255478
/ndn/v5-site/v5/C2Data-3050-Type3;210218.0000;DATA;1611609199.554322
/ndn/h11-site/h11/C2Data-1332-Type2;213536.0000;DATA;1611609200.287412
/ndn/v8-site/v8/C2Data-3233-Type3;168648.0000;DATA;1611609202.476318
/ndn/d5-site/d5/C2Data-1220-Type3;122904.0000;DATA;1611609202.722393
/ndn/h3-site/h3/C2Data-183-Type3;168251.0000;DATA;1611609205.987323
/ndn/v7-site/v7/C2Data-3172-Type3;181090.0000;DATA;1611609207.144413
/ndn/v12-site/v12/C2Data-3477-Type3;206865.0000;DATA;1611609207.292422
/ndn/h12-site/h12/C2Data-732-Type3;115274.0000;DATA;1611609208.127421
/ndn/h13-site/h13/C2Data-1575-Type1;140044.0000;DATA;1611609222.764383
/ndn/h0-site/h0/C2Data-2-Type2;165341.0000;DATA;1611609222.842317
/ndn/v2-site/v2/C2Data-5689-Type1;51053.0000;DATA;1611609223.585419
/ndn/s8-site/s8/C2Data-4600-Type1;192655.0000;DATA;1611609223.657566
/ndn/v2-site/v2/C2Data-5689-Type2;47290.0000;DATA;1611609224.166408
/ndn/h3-site/h3/C2Data-365-Type1;171022.0000;DATA;1611609224.336381
/ndn/v9-site/v9/C2Data-6536-Type2;166446.0000;DATA;1611609225.361456
/ndn/d12-site/d12/C2Data-3269-Type1;123951.0000;DATA;1611609226.031316
/ndn/v1-site/v1/C2Data-5568-Type1;158902.0000;DATA;1611609226.150405
/ndn/d9-site/d9/C2Data-2906-Type1;70882.0000;DATA;1611609226.823347
/ndn/d6-site/d6/C2Data-2543-Type1;24291.0000;DATA;1611609227.350352
/ndn/v4-site/v4/C2Data-5931-Type2;215489.0000;DATA;1611609227.808425
/ndn/v8-site/v8/C2Data-6415-Type1;187471.0000;DATA;1611609234.048536
/ndn/s0-site/s0/C2Data-3632-Type1;6000256.0000;TIMEOUT;1611609231.348442
/ndn/s6-site/s6/C2Data-4358-Type1;6000403.0000;TIMEOUT;1611609232.793402
/ndn/s14-site/s14/C2Data-5326-Type2;6004308.0000;TIMEOUT;1611609233.777357
/ndn/v3-site/v3/C2Data-2929-Type3;142805.0000;DATA;1611609252.397407
/ndn/h11-site/h11/C2Data-1334-Type1;221918.0000;DATA;1611609253.405421
/ndn/v11-site/v11/C2Data-3417-Type3;188674.0000;DATA;1611609254.128450
/ndn/s12-site/s12/C2Data-5085-Type1;195163.0000;DATA;1611609254.823394
/ndn/v3-site/v3/C2Data-5811-Type1;148501.0000;DATA;1611609255.532345
/ndn/h4-site/h4/C2Data-245-Type3;138579.0000;DATA;1611609255.632415
/ndn/v11-site/v11/C2Data-6779-Type1;189213.0000;DATA;1611609255.758345
/ndn/v1-site/v1/C2Data-5569-Type1;192983.0000;DATA;1611609256.792316
/ndn/s0-site/s0/C2Data-1831-Type3;6000256.0000;TIMEOUT;1611609253.061622
/ndn/h2-site/h2/C2Data-123-Type3;263781.0000;DATA;1611609259.938362
/ndn/s6-site/s6/C2Data-4359-Type1;6000346.0000;TIMEOUT;1611609254.756314
/ndn/v12-site/v12/C2Data-3478-Type3;188346.0000;DATA;1611609261.307358
/ndn/h5-site/h5/C2Data-608-Type2;95315.0000;DATA;1611609262.058319
/ndn/d9-site/d9/C2Data-1465-Type3;71174.0000;DATA;1611609262.836326
/ndn/h7-site/h7/C2Data-428-Type3;204069.0000;DATA;1611609264.591465
/ndn/d0-site/d0/C2Data-916-Type3;118265.0000;DATA;1611609264.885364
/ndn/s14-site/s14/C2Data-5327-Type1;6000650.0000;TIMEOUT;1611609259.436802
/ndn/s2-site/s2/C2Data-1953-Type3;6000583.0000;TIMEOUT;1611609259.789460
/ndn/v6-site/v6/C2Data-900-Type4;190300.0000;DATA;1611609266.030431
/ndn/s14-site/s14/C2Data-5327-Type2;6000357.0000;TIMEOUT;1611609262.394389
/ndn/s7-site/s7/C2Data-2258-Type3;6000243.0000;TIMEOUT;1611609269.382372
/ndn/d9-site/d9/C2Data-600-Type4;75638.0000;DATA;1611609278.396181
/ndn/v5-site/v5/C2Data-875-Type4;266905.0000;DATA;1611609281.070885
/ndn/h13-site/h13/C2Data-1577-Type2;150047.0000;DATA;1611609282.777577
/ndn/h2-site/h2/C2Data-246-Type1;273685.0000;DATA;1611609282.689456
/ndn/d6-site/d6/C2Data-2545-Type1;27904.0000;DATA;1611609284.886377
/ndn/h8-site/h8/C2Data-972-Type2;51282.0000;DATA;1611609286.009372
/ndn/d3-site/d3/C2Data-2182-Type2;49247.0000;DATA;1611609286.564362
/ndn/v8-site/v8/C2Data-6417-Type2;173225.0000;DATA;1611609290.650401
/ndn/d4-site/d4/C2Data-475-Type4;219308.0000;DATA;1611609290.979439
/ndn/h10-site/h10/C2Data-1214-Type2;50011.0000;DATA;1611609293.477475
/ndn/s13-site/s13/C2Data-5207-Type2;6000460.0000;TIMEOUT;1611609289.414419
/ndn/s5-site/s5/C2Data-4239-Type2;6000657.0000;TIMEOUT;1611609291.841395
/ndn/h1-site/h1/C2Data-25-Type4;172622.0000;DATA;1611609297.972409
/ndn/h6-site/h6/C2Data-150-Type4;173496.0000;DATA;1611609298.815360
/ndn/h14-site/h14/C2Data-350-Type4;208197.0000;DATA;1611609299.534414
/ndn/h10-site/h10/C2Data-250-Type4;48169.0000;DATA;1611609300.168377
/ndn/v1-site/v1/C2Data-775-Type4;220221.0000;DATA;1611609304.667387
/ndn/d14-site/d14/C2Data-1771-Type3;246293.0000;DATA;1611609306.641319
/ndn/h7-site/h7/C2Data-429-Type3;195457.0000;DATA;1611609307.276464
/ndn/d3-site/d3/C2Data-2183-Type1;48115.0000;DATA;1611609312.484355
/ndn/v6-site/v6/C2Data-3113-Type3;193091.0000;DATA;1611609312.369357
/ndn/h10-site/h10/C2Data-612-Type3;48118.0000;DATA;1611609313.587376
/ndn/v11-site/v11/C2Data-6781-Type1;183889.0000;DATA;1611609314.570416
/ndn/d8-site/d8/C2Data-1405-Type3;142626.0000;DATA;1611609314.919399
/ndn/h3-site/h3/C2Data-368-Type2;167911.0000;DATA;1611609315.271410
/ndn/v3-site/v3/C2Data-5813-Type2;147822.0000;DATA;1611609315.556323
/ndn/v2-site/v2/C2Data-2869-Type3;47113.0000;DATA;1611609316.086311
/ndn/v2-site/v2/C2Data-5692-Type2;50679.0000;DATA;1611609316.162421
/ndn/h9-site/h9/C2Data-1094-Type1;72172.0000;DATA;1611609317.544383
/ndn/v12-site/v12/C2Data-6902-Type2;194529.0000;DATA;1611609320.089364
/ndn/s12-site/s12/C2Data-5087-Type1;6000288.0000;TIMEOUT;1611609314.379524
/ndn/s10-site/s10/C2Data-4845-Type2;6000254.0000;TIMEOUT;1611609314.499386
/ndn/v8-site/v8/C2Data-6418-Type1;165199.0000;DATA;1611609320.687390
/ndn/s5-site/s5/C2Data-4240-Type1;6000931.0000;TIMEOUT;1611609315.744344
/ndn/v10-site/v10/C2Data-6660-Type2;70752.0000;DATA;1611609322.745335
/ndn/h7-site/h7/C2Data-852-Type1;190953.0000;DATA;1611609322.979377
/ndn/v13-site/v13/C2Data-3540-Type3;170645.0000;DATA;1611609324.580067
/ndn/d13-site/d13/C2Data-1710-Type3;202159.0000;DATA;1611609325.455335
/ndn/s13-site/s13/C2Data-5208-Type1;6000285.0000;TIMEOUT;1611609322.388311
/ndn/d11-site/d11/C2Data-1588-Type3;151441.0000;DATA;1611609329.386404
/ndn/d14-site/d14/C2Data-3515-Type1;227613.0000;DATA;1611609342.702407
/ndn/v4-site/v4/C2Data-5935-Type2;216910.0000;DATA;1611609343.935431
/ndn/d10-site/d10/C2Data-3031-Type1;144396.0000;DATA;1611609345.190470
/ndn/h3-site/h3/C2Data-369-Type2;167473.0000;DATA;1611609347.171400
/ndn/d1-site/d1/C2Data-1942-Type1;239601.0000;DATA;1611609347.632416
/ndn/v7-site/v7/C2Data-6298-Type1;167429.0000;DATA;1611609347.815407
/ndn/h9-site/h9/C2Data-1095-Type1;74666.0000;DATA;1611609349.311360
/ndn/h8-site/h8/C2Data-974-Type1;47253.0000;DATA;1611609351.882413
/ndn/h3-site/h3/C2Data-369-Type1;169538.0000;DATA;1611609353.684386
/ndn/s11-site/s11/C2Data-4967-Type1;6002155.0000;TIMEOUT;1611609347.868380
/ndn/h2-site/h2/C2Data-248-Type2;269298.0000;DATA;1611609354.156373
/ndn/s4-site/s4/C2Data-4120-Type2;6004884.0000;TIMEOUT;1611609348.881413
/ndn/s13-site/s13/C2Data-5209-Type2;6001626.0000;TIMEOUT;1611609354.103368
/ndn/v14-site/v14/C2Data-3602-Type3;115271.0000;DATA;1611609367.070405
/ndn/d9-site/d9/C2Data-1467-Type3;79842.0000;DATA;1611609369.163405
/ndn/v8-site/v8/C2Data-3236-Type3;160873.0000;DATA;1611609373.264434
/ndn/h6-site/h6/C2Data-733-Type1;143454.0000;DATA;1611609377.082321
/ndn/d14-site/d14/C2Data-1772-Type3;206002.0000;DATA;1611609377.347330
