/ndn/h1-site/h1/C2Data-121-Type2;150713.0000;DATA;1611610325.464053
/ndn/d6-site/d6/C2Data-2541-Type2;194431.0000;DATA;1611610326.023108
/ndn/v4-site/v4/C2Data-5929-Type1;24360.0000;DATA;1611610327.056075
/ndn/d11-site/d11/C2Data-3146-Type1;69177.0000;DATA;1611610327.394126
/ndn/v0-site/v0/C2Data-5445-Type1;107802.0000;NACK;1611610327.713074
/ndn/h4-site/h4/C2Data-484-Type1;256971.0000;DATA;1611610327.797042
/ndn/d14-site/d14/C2Data-3509-Type1;190773.0000;DATA;1611610328.849110
/ndn/s7-site/s7/C2Data-4477-Type2;95180.0000;DATA;1611610331.756043
/ndn/s1-site/s1/C2Data-3751-Type1;314900.0000;DATA;1611610332.062048
/ndn/s5-site/s5/C2Data-4235-Type1;104709.0000;DATA;1611610334.217082
/ndn/s0-site/s0/C2Data-3630-Type2;162879.0000;DATA;1611610336.222069
/ndn/h8-site/h8/C2Data-968-Type1;164052.0000;DATA;1611610336.384107
/ndn/h9-site/h9/C2Data-1089-Type1;165331.0000;DATA;1611610336.529099
/ndn/v8-site/v8/C2Data-3233-Type3;551.0000;NACK;1611610351.326134
/ndn/v11-site/v11/C2Data-3416-Type3;121954.0000;DATA;1611610352.635042
/ndn/h13-site/h13/C2Data-793-Type3;217461.0000;DATA;1611610353.952154
/ndn/v9-site/v9/C2Data-6535-Type2;517.0000;NACK;1611610355.467125
/ndn/v10-site/v10/C2Data-6656-Type1;25647.0000;DATA;1611610356.614118
/ndn/d2-site/d2/C2Data-2058-Type1;24175.0000;DATA;1611610357.647082
/ndn/h7-site/h7/C2Data-848-Type1;305125.0000;DATA;1611610357.730154
/ndn/h9-site/h9/C2Data-1090-Type1;163548.0000;DATA;1611610359.242047
/ndn/d0-site/d0/C2Data-915-Type3;71782.0000;DATA;1611610359.602139
/ndn/h11-site/h11/C2Data-1332-Type2;47001.0000;DATA;1611610360.019045
/ndn/s1-site/s1/C2Data-3752-Type2;174278.0000;DATA;1611610360.144690
/ndn/s14-site/s14/C2Data-5325-Type1;166657.0000;DATA;1611610360.189086
/ndn/d10-site/d10/C2Data-3026-Type2;251898.0000;DATA;1611610360.144089
/ndn/s3-site/s3/C2Data-2013-Type3;548.0000;NACK;1611610360.518117
/ndn/d9-site/d9/C2Data-2905-Type2;47149.0000;DATA;1611610360.585118
/ndn/d6-site/d6/C2Data-2542-Type2;196508.0000;DATA;1611610360.868093
/ndn/s3-site/s3/C2Data-3994-Type1;567.0000;NACK;1611610361.337672
/ndn/d14-site/d14/C2Data-1769-Type3;117543.0000;DATA;1611610361.478155
/ndn/s8-site/s8/C2Data-2318-Type3;216110.0000;DATA;1611610361.577141
/ndn/v6-site/v6/C2Data-6172-Type1;73329.0000;DATA;1611610361.913271
/ndn/d3-site/d3/C2Data-1098-Type3;25308.0000;DATA;1611610362.045216
/ndn/d12-site/d12/C2Data-1647-Type3;69443.0000;DATA;1611610362.343195
/ndn/v2-site/v2/C2Data-5688-Type1;94342.0000;DATA;1611610362.699083
/ndn/v4-site/v4/C2Data-2989-Type3;23657.0000;DATA;1611610363.514225
/ndn/h10-site/h10/C2Data-610-Type3;23291.0000;DATA;1611610366.394071
/ndn/h5-site/h5/C2Data-305-Type3;96363.0000;DATA;1611610366.850141
/ndn/h8-site/h8/C2Data-488-Type3;96695.0000;DATA;1611610367.033165
/ndn/s13-site/s13/C2Data-5204-Type2;450.0000;NACK;1611610367.202046
/ndn/s7-site/s7/C2Data-4478-Type2;123887.0000;DATA;1611610367.196161
/ndn/d9-site/d9/C2Data-1464-Type3;95407.0000;DATA;1611610368.455104
/ndn/s14-site/s14/C2Data-5326-Type2;187457.0000;DATA;1611610385.545670
/ndn/s10-site/s10/C2Data-4842-Type1;266125.0000;DATA;1611610385.621091
/ndn/h8-site/h8/C2Data-970-Type2;174354.0000;DATA;1611610385.812075
/ndn/d12-site/d12/C2Data-3269-Type1;69322.0000;DATA;1611610386.810106
/ndn/s0-site/s0/C2Data-3632-Type2;197340.0000;DATA;1611610386.761063
/ndn/s11-site/s11/C2Data-4963-Type1;643.0000;NACK;1611610388.491067
/ndn/h14-site/h14/C2Data-1696-Type2;23834.0000;DATA;1611610388.551056
/ndn/s2-site/s2/C2Data-3874-Type1;160643.0000;DATA;1611610388.815104
/ndn/s8-site/s8/C2Data-4600-Type2;27008.0000;DATA;1611610388.980140
/ndn/s1-site/s1/C2Data-3753-Type1;141676.0000;DATA;1611610389.138093
/ndn/s9-site/s9/C2Data-4721-Type1;220392.0000;DATA;1611610389.747057
/ndn/d4-site/d4/C2Data-2301-Type1;171201.0000;DATA;1611610390.151165
/ndn/d7-site/d7/C2Data-2664-Type1;73329.0000;DATA;1611610392.345160
/ndn/d5-site/d5/C2Data-2422-Type1;23443.0000;DATA;1611610395.711147
/ndn/v8-site/v8/C2Data-6415-Type2;70114.0000;DATA;1611610396.434129
/ndn/s7-site/s7/C2Data-2258-Type3;53322.0000;DATA;1611610411.420076
/ndn/h0-site/h0/C2Data-1-Type3;95205.0000;DATA;1611610412.868048
/ndn/v2-site/v2/C2Data-2868-Type3;118368.0000;DATA;1611610413.005079
/ndn/v10-site/v10/C2Data-3356-Type3;162616.0000;DATA;1611610414.621068
/ndn/h11-site/h11/C2Data-672-Type3;47305.0000;DATA;1611610415.703246
/ndn/s1-site/s1/C2Data-3754-Type2;311315.0000;DATA;1611610415.464068
/ndn/h0-site/h0/C2Data-3-Type2;265500.0000;DATA;1611610415.814154
/ndn/s6-site/s6/C2Data-4359-Type1;165068.0000;DATA;1611610415.935086
/ndn/h4-site/h4/C2Data-487-Type1;236995.0000;DATA;1611610415.919144
/ndn/s1-site/s1/C2Data-1892-Type3;189220.0000;DATA;1611610416.326059
/ndn/v3-site/v3/C2Data-2929-Type3;92703.0000;DATA;1611610417.070055
/ndn/d6-site/d6/C2Data-2544-Type2;191703.0000;DATA;1611610418.190089
/ndn/h1-site/h1/C2Data-124-Type2;143261.0000;DATA;1611610418.920136
/ndn/s11-site/s11/C2Data-4964-Type1;459.0000;NACK;1611610419.240107
/ndn/d14-site/d14/C2Data-1770-Type3;131123.0000;DATA;1611610420.371140
/ndn/d0-site/d0/C2Data-916-Type3;52009.0000;DATA;1611610420.575191
/ndn/h8-site/h8/C2Data-971-Type1;167996.0000;DATA;1611610421.709100
/ndn/h12-site/h12/C2Data-1455-Type1;228227.0000;DATA;1611610422.061067
/ndn/v13-site/v13/C2Data-3539-Type3;210192.0000;DATA;1611610422.231103
/ndn/d9-site/d9/C2Data-1465-Type3;69650.0000;DATA;1611610423.859102
/ndn/h14-site/h14/C2Data-855-Type3;27491.0000;DATA;1611610424.213192
/ndn/d0-site/d0/C2Data-1818-Type2;23993.0000;DATA;1611610424.712129
/ndn/d8-site/d8/C2Data-2786-Type2;24249.0000;DATA;1611610425.994137
/ndn/h7-site/h7/C2Data-850-Type1;185852.0000;DATA;1611610426.031122
/ndn/d10-site/d10/C2Data-3028-Type2;96671.0000;DATA;1611610426.459199
/ndn/d1-site/d1/C2Data-1939-Type2;124876.0000;DATA;1611610426.879204
/ndn/h4-site/h4/C2Data-487-Type2;75034.0000;DATA;1611610427.159054
/ndn/v2-site/v2/C2Data-800-Type4;118740.0000;DATA;1611610428.681198
/ndn/d7-site/d7/C2Data-550-Type4;140012.0000;DATA;1611610428.745062
/ndn/s3-site/s3/C2Data-2014-Type3;180936.0000;DATA;1611610429.793074
/ndn/d10-site/d10/C2Data-625-Type4;125324.0000;DATA;1611610431.046107
/ndn/d2-site/d2/C2Data-1038-Type3;24948.0000;DATA;1611610432.513070
/ndn/h3-site/h3/C2Data-184-Type3;23376.0000;DATA;1611610433.245078
/ndn/v11-site/v11/C2Data-3417-Type3;23442.0000;DATA;1611610433.387126
/ndn/h14-site/h14/C2Data-350-Type4;108040.0000;DATA;1611610436.954299
/ndn/d0-site/d0/C2Data-375-Type4;105684.0000;DATA;1611610437.486172
/ndn/h7-site/h7/C2Data-851-Type1;292229.0000;DATA;1611610445.826076
/ndn/s6-site/s6/C2Data-4360-Type2;170747.0000;DATA;1611610448.228110
/ndn/s8-site/s8/C2Data-4602-Type2;114968.0000;DATA;1611610449.081106
/ndn/v14-site/v14/C2Data-7143-Type2;222726.0000;DATA;1611610449.561200
/ndn/h1-site/h1/C2Data-25-Type4;118373.0000;DATA;1611610449.793043
/ndn/h0-site/h0/C2Data-0-Type4;162962.0000;DATA;1611610450.362067
/ndn/h5-site/h5/C2Data-609-Type1;200633.0000;DATA;1611610450.721086
/ndn/d12-site/d12/C2Data-3271-Type2;73989.0000;DATA;1611610451.935137
/ndn/v1-site/v1/C2Data-5570-Type1;23686.0000;DATA;1611610453.641707
/ndn/h10-site/h10/C2Data-1214-Type2;94570.0000;DATA;1611610453.591127
/ndn/d10-site/d10/C2Data-3029-Type2;117760.0000;DATA;1611610455.053064
/ndn/v13-site/v13/C2Data-7022-Type1;27267.0000;DATA;1611610456.187604
/ndn/s3-site/s3/C2Data-3997-Type2;23544.0000;DATA;1611610456.337103
/ndn/d1-site/d1/C2Data-1940-Type1;70529.0000;DATA;1611610456.348115
/ndn/v0-site/v0/C2Data-5449-Type1;25739.0000;DATA;1611610456.499080
/ndn/h10-site/h10/C2Data-250-Type4;57801.0000;DATA;1611610468.342303
/ndn/v6-site/v6/C2Data-900-Type4;36697.0000;DATA;1611610468.796085
/ndn/v6-site/v6/C2Data-3113-Type3;125411.0000;DATA;1611610471.093113
/ndn/d4-site/d4/C2Data-1161-Type3;169418.0000;DATA;1611610475.565055
/ndn/s8-site/s8/C2Data-2320-Type3;69357.0000;DATA;1611610477.014069
/ndn/h11-site/h11/C2Data-1336-Type2;120746.0000;DATA;1611610477.609161
/ndn/h7-site/h7/C2Data-852-Type2;73441.0000;DATA;1611610478.206667
/ndn/s12-site/s12/C2Data-5087-Type2;48848.0000;DATA;1611610478.632820
/ndn/v13-site/v13/C2Data-3540-Type3;167043.0000;DATA;1611610478.699130
/ndn/s9-site/s9/C2Data-4724-Type1;214066.0000;DATA;1611610478.840114
/ndn/s9-site/s9/C2Data-2381-Type3;124348.0000;DATA;1611610479.558099
/ndn/d9-site/d9/C2Data-1466-Type3;92051.0000;DATA;1611610479.931110
/ndn/s10-site/s10/C2Data-4845-Type1;209636.0000;DATA;1611610479.943094
/ndn/h12-site/h12/C2Data-1457-Type1;214370.0000;DATA;1611610480.186088
/ndn/v14-site/v14/C2Data-7144-Type1;195999.0000;DATA;1611610481.158072
/ndn/d3-site/d3/C2Data-2183-Type2;142515.0000;DATA;1611610481.515137
/ndn/s10-site/s10/C2Data-4845-Type2;218416.0000;DATA;1611610481.534126
/ndn/d12-site/d12/C2Data-3272-Type2;75577.0000;DATA;1611610481.792137
/ndn/v0-site/v0/C2Data-2747-Type3;47551.0000;DATA;1611610481.981080
/ndn/s3-site/s3/C2Data-2015-Type3;188380.0000;DATA;1611610482.278101
/ndn/d0-site/d0/C2Data-917-Type3;23639.0000;DATA;1611610482.767099
/ndn/s12-site/s12/C2Data-2564-Type3;23463.0000;DATA;1611610484.213105
/ndn/d14-site/d14/C2Data-1771-Type3;120548.0000;DATA;1611610484.379081
/ndn/s7-site/s7/C2Data-4482-Type2;116656.0000;DATA;1611610484.549136
/ndn/d12-site/d12/C2Data-1649-Type3;23382.0000;DATA;1611610490.311052
/ndn/h13-site/h13/C2Data-795-Type3;23614.0000;DATA;1611610491.657753
/ndn/s9-site/s9/C2Data-4725-Type2;209647.0000;DATA;1611610506.828132
/ndn/v10-site/v10/C2Data-6661-Type2;121662.0000;DATA;1611610507.857068
/ndn/s12-site/s12/C2Data-5088-Type1;26023.0000;DATA;1611610508.666132
/ndn/s7-site/s7/C2Data-4483-Type1;218873.0000;DATA;1611610509.699109
/ndn/v5-site/v5/C2Data-6056-Type1;26439.0000;DATA;1611610511.579077
/ndn/d6-site/d6/C2Data-2547-Type2;207083.0000;DATA;1611610511.526102
/ndn/s13-site/s13/C2Data-5209-Type2;23530.0000;DATA;1611610514.230785
/ndn/s11-site/s11/C2Data-4967-Type1;24065.0000;DATA;1611610515.122038
/ndn/v2-site/v2/C2Data-5693-Type1;140863.0000;DATA;1611610515.407789
/ndn/d12-site/d12/C2Data-3273-Type1;70767.0000;DATA;1611610515.885111
/ndn/d11-site/d11/C2Data-3152-Type2;23417.0000;DATA;1611610517.246092
/ndn/s10-site/s10/C2Data-2443-Type3;291206.0000;DATA;1611610530.344065
/ndn/h10-site/h10/C2Data-613-Type3;174270.0000;DATA;1611610531.979106
/ndn/v10-site/v10/C2Data-3358-Type3;31227.0000;DATA;1611610532.638856
/ndn/s4-site/s4/C2Data-4121-Type1;215374.0000;DATA;1611610537.194069
/ndn/v7-site/v7/C2Data-6299-Type2;47355.0000;DATA;1611610537.430124
/ndn/v13-site/v13/C2Data-3541-Type3;119627.0000;DATA;1611610537.458051
/ndn/s10-site/s10/C2Data-4847-Type1;263159.0000;DATA;1611610537.805089
/ndn/s3-site/s3/C2Data-4000-Type2;25142.0000;DATA;1611610538.655104
/ndn/d12-site/d12/C2Data-3274-Type1;71726.0000;DATA;1611610538.908673
/ndn/h11-site/h11/C2Data-1338-Type1;194282.0000;DATA;1611610538.881068
/ndn/v11-site/v11/C2Data-3419-Type3;23505.0000;DATA;1611610539.222051
/ndn/d1-site/d1/C2Data-1943-Type1;41416.0000;DATA;1611610539.772223
/ndn/d8-site/d8/C2Data-2790-Type1;95031.0000;DATA;1611610540.080047
/ndn/s2-site/s2/C2Data-1955-Type3;122539.0000;DATA;1611610540.346105
/ndn/v2-site/v2/C2Data-5694-Type1;74118.0000;DATA;1611610541.258091
