/ndn/v0-site/v0/C2Data-5445-Type1;578.0000;NACK;1611602586.608495
/ndn/d7-site/d7/C2Data-2662-Type1;121883.0000;DATA;1611602590.627478
/ndn/s10-site/s10/C2Data-4840-Type1;98644.0000;DATA;1611602591.293482
/ndn/v4-site/v4/C2Data-5929-Type1;198265.0000;DATA;1611602591.739077
/ndn/h0-site/h0/C2Data-0-Type1;160211.0000;DATA;1611602591.793524
/ndn/h1-site/h1/C2Data-121-Type1;24778.0000;DATA;1611602592.685838
/ndn/h8-site/h8/C2Data-968-Type1;175195.0000;DATA;1611602596.437659
/ndn/s0-site/s0/C2Data-3630-Type1;170282.0000;DATA;1611602596.870539
/ndn/d13-site/d13/C2Data-1708-Type3;28388.0000;DATA;1611602609.668537
/ndn/s3-site/s3/C2Data-2013-Type3;194818.0000;DATA;1611602610.757529
/ndn/v5-site/v5/C2Data-3050-Type3;192114.0000;DATA;1611602615.144659
/ndn/s10-site/s10/C2Data-2440-Type3;93818.0000;DATA;1611602615.563465
/ndn/d0-site/d0/C2Data-1816-Type2;70738.0000;DATA;1611602615.646625
/ndn/d3-site/d3/C2Data-1098-Type3;168568.0000;DATA;1611602615.700473
/ndn/h3-site/h3/C2Data-364-Type2;154391.0000;DATA;1611602616.546436
/ndn/s14-site/s14/C2Data-5325-Type1;47795.0000;DATA;1611602616.951488
/ndn/s4-site/s4/C2Data-4115-Type2;116854.0000;DATA;1611602616.906492
/ndn/s9-site/s9/C2Data-4720-Type2;75264.0000;DATA;1611602617.360570
/ndn/d4-site/d4/C2Data-2300-Type2;50328.0000;DATA;1611602618.770519
/ndn/s13-site/s13/C2Data-5204-Type1;212931.0000;DATA;1611602619.279500
/ndn/d14-site/d14/C2Data-3510-Type2;71628.0000;DATA;1611602620.397552
/ndn/s0-site/s0/C2Data-1830-Type3;175170.0000;DATA;1611602621.981544
/ndn/h12-site/h12/C2Data-1453-Type2;117958.0000;DATA;1611602623.235848
/ndn/h4-site/h4/C2Data-485-Type2;141326.0000;DATA;1611602623.227437
/ndn/v4-site/v4/C2Data-5930-Type2;188911.0000;DATA;1611602623.538491
/ndn/s6-site/s6/C2Data-4357-Type1;164549.0000;DATA;1611602623.772432
/ndn/d14-site/d14/C2Data-3510-Type1;48426.0000;DATA;1611602623.983425
/ndn/d12-site/d12/C2Data-3268-Type1;92022.0000;DATA;1611602625.735490
/ndn/s6-site/s6/C2Data-2196-Type3;165077.0000;DATA;1611602628.901497
/ndn/h10-site/h10/C2Data-610-Type3;211537.0000;DATA;1611602630.761620
/ndn/v2-site/v2/C2Data-2867-Type3;191670.0000;DATA;1611602631.666488
/ndn/v7-site/v7/C2Data-3172-Type3;149271.0000;DATA;1611602632.131488
/ndn/s8-site/s8/C2Data-4600-Type1;53964.0000;DATA;1611602645.047046
/ndn/s2-site/s2/C2Data-3874-Type1;23780.0000;DATA;1611602647.523495
/ndn/d6-site/d6/C2Data-2543-Type2;188670.0000;DATA;1611602647.410531
/ndn/v10-site/v10/C2Data-6657-Type2;117501.0000;DATA;1611602647.842638
/ndn/d9-site/d9/C2Data-2906-Type1;138051.0000;DATA;1611602648.623501
/ndn/s12-site/s12/C2Data-5084-Type1;189793.0000;DATA;1611602649.570522
/ndn/d3-site/d3/C2Data-2180-Type1;167948.0000;DATA;1611602651.856474
/ndn/h12-site/h12/C2Data-1454-Type2;118336.0000;DATA;1611602653.376450
/ndn/h5-site/h5/C2Data-607-Type2;95071.0000;DATA;1611602654.939528
/ndn/h3-site/h3/C2Data-365-Type2;143923.0000;DATA;1611602655.585515
/ndn/v12-site/v12/C2Data-6899-Type2;170141.0000;DATA;1611602656.542483
/ndn/h3-site/h3/C2Data-365-Type1;144594.0000;DATA;1611602656.862556
/ndn/s7-site/s7/C2Data-4479-Type2;6003884.0000;TIMEOUT;1611602655.929501
/ndn/d13-site/d13/C2Data-1709-Type3;26731.0000;DATA;1611602669.515513
/ndn/d5-site/d5/C2Data-1221-Type3;135058.0000;DATA;1611602669.495524
/ndn/d2-site/d2/C2Data-1038-Type3;46549.0000;DATA;1611602673.596557
/ndn/v9-site/v9/C2Data-6537-Type1;165961.0000;DATA;1611602676.248607
/ndn/h13-site/h13/C2Data-1576-Type1;50753.0000;DATA;1611602677.203476
/ndn/h3-site/h3/C2Data-366-Type1;144510.0000;DATA;1611602680.804438
/ndn/h8-site/h8/C2Data-200-Type4;141251.0000;DATA;1611602681.504635
/ndn/d9-site/d9/C2Data-1465-Type3;143782.0000;DATA;1611602682.140545
/ndn/h9-site/h9/C2Data-1092-Type2;116357.0000;DATA;1611602682.281431
/ndn/s9-site/s9/C2Data-4722-Type2;72923.0000;DATA;1611602682.492456
/ndn/s5-site/s5/C2Data-2136-Type3;92769.0000;DATA;1611602682.493453
/ndn/h5-site/h5/C2Data-608-Type1;95555.0000;DATA;1611602682.566533
/ndn/v12-site/v12/C2Data-1050-Type4;177106.0000;DATA;1611602683.028483
/ndn/v2-site/v2/C2Data-5690-Type1;144601.0000;DATA;1611602683.368533
/ndn/d11-site/d11/C2Data-1587-Type3;105282.0000;DATA;1611602683.908576
/ndn/v8-site/v8/C2Data-6416-Type1;166034.0000;DATA;1611602684.083471
/ndn/h1-site/h1/C2Data-25-Type4;24117.0000;DATA;1611602684.489481
/ndn/v7-site/v7/C2Data-925-Type4;147560.0000;DATA;1611602684.722503
/ndn/s14-site/s14/C2Data-5327-Type2;6000277.0000;TIMEOUT;1611602679.806461
/ndn/h12-site/h12/C2Data-1455-Type1;116262.0000;DATA;1611602686.729545
/ndn/s0-site/s0/C2Data-1831-Type3;6000288.0000;TIMEOUT;1611602680.961645
/ndn/h11-site/h11/C2Data-672-Type3;46452.0000;DATA;1611602688.168522
/ndn/d8-site/d8/C2Data-1404-Type3;70228.0000;DATA;1611602689.300520
/ndn/h5-site/h5/C2Data-306-Type3;100998.0000;DATA;1611602689.769490
/ndn/v14-site/v14/C2Data-3600-Type3;70555.0000;DATA;1611602690.884536
/ndn/d2-site/d2/C2Data-425-Type4;49889.0000;DATA;1611602701.424518
/ndn/h0-site/h0/C2Data-0-Type4;187047.0000;DATA;1611602701.875517
/ndn/v10-site/v10/C2Data-6659-Type1;115694.0000;DATA;1611602706.876560
/ndn/d12-site/d12/C2Data-3271-Type2;101300.0000;DATA;1611602707.063576
/ndn/v11-site/v11/C2Data-6780-Type2;24428.0000;DATA;1611602707.795262
/ndn/v2-site/v2/C2Data-800-Type4;143388.0000;DATA;1611602708.797540
/ndn/h3-site/h3/C2Data-367-Type1;144367.0000;DATA;1611602709.315563
/ndn/d5-site/d5/C2Data-2424-Type2;119174.0000;DATA;1611602710.510564
/ndn/v2-site/v2/C2Data-5691-Type1;137984.0000;DATA;1611602710.675553
/ndn/h2-site/h2/C2Data-246-Type1;116820.0000;DATA;1611602711.806540
/ndn/s13-site/s13/C2Data-5207-Type2;6001201.0000;TIMEOUT;1611602706.395529
/ndn/h1-site/h1/C2Data-125-Type1;26160.0000;DATA;1611602713.798446
/ndn/h12-site/h12/C2Data-1456-Type2;120461.0000;DATA;1611602715.590488
/ndn/d2-site/d2/C2Data-2061-Type1;51099.0000;DATA;1611602715.746443
/ndn/v2-site/v2/C2Data-5691-Type2;153853.0000;DATA;1611602715.914489
/ndn/h11-site/h11/C2Data-275-Type4;46766.0000;DATA;1611602722.733755
/ndn/d0-site/d0/C2Data-917-Type3;73381.0000;DATA;1611602730.854485
/ndn/d0-site/d0/C2Data-375-Type4;73577.0000;DATA;1611602731.470454
/ndn/v5-site/v5/C2Data-3052-Type3;194981.0000;DATA;1611602732.663485
/ndn/d5-site/d5/C2Data-500-Type4;126447.0000;DATA;1611602736.711833
/ndn/s1-site/s1/C2Data-1893-Type3;6000319.0000;TIMEOUT;1611602731.199552
/ndn/v1-site/v1/C2Data-5571-Type1;164013.0000;DATA;1611602737.674611
/ndn/v3-site/v3/C2Data-5813-Type1;75789.0000;DATA;1611602738.308536
/ndn/d3-site/d3/C2Data-2183-Type1;160779.0000;DATA;1611602738.781242
/ndn/d4-site/d4/C2Data-2304-Type1;46800.0000;DATA;1611602739.001518
/ndn/v8-site/v8/C2Data-6418-Type2;163985.0000;DATA;1611602740.639488
/ndn/s13-site/s13/C2Data-5208-Type1;6000255.0000;TIMEOUT;1611602735.100459
/ndn/h11-site/h11/C2Data-1336-Type1;50515.0000;DATA;1611602741.070462
/ndn/s9-site/s9/C2Data-4724-Type2;6000375.0000;TIMEOUT;1611602735.460486
/ndn/h5-site/h5/C2Data-610-Type2;94933.0000;DATA;1611602741.567478
/ndn/v1-site/v1/C2Data-5571-Type2;165885.0000;DATA;1611602741.881555
/ndn/d14-site/d14/C2Data-3514-Type2;46849.0000;DATA;1611602743.897662
/ndn/v12-site/v12/C2Data-3479-Type3;161176.0000;DATA;1611602743.863437
/ndn/h4-site/h4/C2Data-489-Type1;141173.0000;DATA;1611602745.329496
/ndn/v10-site/v10/C2Data-3357-Type3;119163.0000;DATA;1611602746.410443
/ndn/s12-site/s12/C2Data-5087-Type1;6000221.0000;TIMEOUT;1611602743.740464
/ndn/s7-site/s7/C2Data-4482-Type2;6000241.0000;TIMEOUT;1611602745.003521
/ndn/s10-site/s10/C2Data-4845-Type2;6000358.0000;TIMEOUT;1611602746.016512
/ndn/d11-site/d11/C2Data-1588-Type3;136788.0000;DATA;1611602752.973580
/ndn/s12-site/s12/C2Data-2564-Type3;6000503.0000;TIMEOUT;1611602750.645551
/ndn/s8-site/s8/C2Data-2320-Type3;6000296.0000;TIMEOUT;1611602752.463468
/ndn/s5-site/s5/C2Data-2137-Type3;6004264.0000;TIMEOUT;1611602752.847531
/ndn/v12-site/v12/C2Data-6903-Type1;171593.0000;DATA;1611602765.418443
/ndn/d9-site/d9/C2Data-2910-Type1;144680.0000;DATA;1611602765.873511
/ndn/d6-site/d6/C2Data-2547-Type1;194508.0000;DATA;1611602768.089450
/ndn/d11-site/d11/C2Data-3152-Type1;118404.0000;DATA;1611602768.448435
/ndn/h1-site/h1/C2Data-127-Type1;24556.0000;DATA;1611602773.272505
/ndn/h0-site/h0/C2Data-6-Type2;168084.0000;DATA;1611602774.477451
/ndn/d13-site/d13/C2Data-3394-Type2;24514.0000;DATA;1611602774.715497
/ndn/d14-site/d14/C2Data-3515-Type1;49169.0000;DATA;1611602774.709804
/ndn/s4-site/s4/C2Data-4120-Type1;6002061.0000;TIMEOUT;1611602769.730597
/ndn/v1-site/v1/C2Data-2809-Type3;162716.0000;DATA;1611602789.109500
/ndn/d8-site/d8/C2Data-1406-Type3;89476.0000;DATA;1611602789.803531
/ndn/h9-site/h9/C2Data-552-Type3;127379.0000;DATA;1611602793.807776
/ndn/v0-site/v0/C2Data-2748-Type3;194624.0000;DATA;1611602795.246527
/ndn/s8-site/s8/C2Data-2321-Type3;6001653.0000;TIMEOUT;1611602789.529889
/ndn/h0-site/h0/C2Data-7-Type2;164177.0000;DATA;1611602796.235611
/ndn/v12-site/v12/C2Data-3480-Type3;168434.0000;DATA;1611602798.632525
/ndn/h13-site/h13/C2Data-1580-Type1;46499.0000;DATA;1611602799.100518
/ndn/h5-site/h5/C2Data-612-Type1;94527.0000;DATA;1611602800.120520
