/ndn/s3-site/s3/C2Data-3993-Type2;142298.0000;DATA;1611606833.209176
/ndn/h3-site/h3/C2Data-363-Type2;120239.0000;DATA;1611606835.496372
/ndn/h2-site/h2/C2Data-242-Type2;626.0000;NACK;1611606836.115242
/ndn/h8-site/h8/C2Data-968-Type1;25180.0000;DATA;1611606836.880239
/ndn/v2-site/v2/C2Data-5687-Type2;49998.0000;DATA;1611606837.055281
/ndn/v3-site/v3/C2Data-5808-Type2;102876.0000;DATA;1611606837.938320
/ndn/h10-site/h10/C2Data-1210-Type2;69289.0000;DATA;1611606839.514304
/ndn/v6-site/v6/C2Data-6171-Type2;42134.0000;NACK;1611606841.067231
/ndn/s2-site/s2/C2Data-3872-Type1;118787.0000;DATA;1611606841.750190
/ndn/h14-site/h14/C2Data-1694-Type2;63136.0000;NACK;1611606843.484168
/ndn/h10-site/h10/C2Data-1210-Type1;73970.0000;DATA;1611606843.558155
/ndn/s6-site/s6/C2Data-2196-Type3;69491.0000;DATA;1611606856.512333
/ndn/s0-site/s0/C2Data-1830-Type3;51489.0000;DATA;1611606857.745239
/ndn/d0-site/d0/C2Data-915-Type3;74431.0000;DATA;1611606858.851264
/ndn/d2-site/d2/C2Data-1037-Type3;133128.0000;DATA;1611606860.533244
/ndn/v12-site/v12/C2Data-3477-Type3;43028.0000;NACK;1611606862.080188
/ndn/h8-site/h8/C2Data-969-Type1;25721.0000;DATA;1611606863.794268
/ndn/v14-site/v14/C2Data-7140-Type1;70686.0000;DATA;1611606864.827221
/ndn/v9-site/v9/C2Data-3294-Type3;118895.0000;DATA;1611606864.896658
/ndn/s7-site/s7/C2Data-4478-Type2;192394.0000;DATA;1611606864.879224
/ndn/h4-site/h4/C2Data-485-Type1;95732.0000;DATA;1611606865.476192
/ndn/v1-site/v1/C2Data-5567-Type1;138235.0000;DATA;1611606865.907145
/ndn/s14-site/s14/C2Data-5325-Type1;165359.0000;DATA;1611606866.232289
/ndn/s12-site/s12/C2Data-5083-Type2;140988.0000;DATA;1611606867.632319
/ndn/h7-site/h7/C2Data-427-Type3;143461.0000;DATA;1611606868.000272
/ndn/s11-site/s11/C2Data-2501-Type3;147681.0000;DATA;1611606868.028366
/ndn/d8-site/d8/C2Data-2784-Type1;102061.0000;DATA;1611606868.208267
/ndn/d13-site/d13/C2Data-3389-Type1;146171.0000;DATA;1611606869.179238
/ndn/v8-site/v8/C2Data-3233-Type3;117317.0000;DATA;1611606870.970275
/ndn/h4-site/h4/C2Data-244-Type3;93772.0000;DATA;1611606871.105266
/ndn/h12-site/h12/C2Data-1453-Type1;216117.0000;DATA;1611606871.008256
/ndn/v7-site/v7/C2Data-6293-Type1;118086.0000;DATA;1611606871.747245
/ndn/s14-site/s14/C2Data-5325-Type2;168642.0000;DATA;1611606872.076230
/ndn/h7-site/h7/C2Data-848-Type1;140595.0000;DATA;1611606872.377241
/ndn/h3-site/h3/C2Data-364-Type2;117257.0000;DATA;1611606872.423138
/ndn/d5-site/d5/C2Data-1220-Type3;69315.0000;DATA;1611606873.201192
/ndn/s14-site/s14/C2Data-2684-Type3;168597.0000;DATA;1611606873.217216
/ndn/v1-site/v1/C2Data-5567-Type2;141101.0000;DATA;1611606874.068423
/ndn/v6-site/v6/C2Data-3111-Type3;135215.0000;NACK;1611606876.513235
/ndn/v14-site/v14/C2Data-3599-Type3;71321.0000;DATA;1611606876.848347
/ndn/v5-site/v5/C2Data-3050-Type3;168176.0000;DATA;1611606876.772249
/ndn/h1-site/h1/C2Data-61-Type3;119719.0000;DATA;1611606877.371280
/ndn/v11-site/v11/C2Data-3416-Type3;148815.0000;DATA;1611606878.290260
/ndn/s3-site/s3/C2Data-2013-Type3;142562.0000;DATA;1611606879.306246
/ndn/s1-site/s1/C2Data-3753-Type1;168834.0000;DATA;1611606892.381144
/ndn/h6-site/h6/C2Data-728-Type1;84661.0000;DATA;1611606893.730224
/ndn/d1-site/d1/C2Data-1938-Type1;188405.0000;DATA;1611606895.414195
/ndn/v8-site/v8/C2Data-6415-Type1;117849.0000;DATA;1611606896.330294
/ndn/d6-site/d6/C2Data-2543-Type2;74814.0000;DATA;1611606896.770281
/ndn/v7-site/v7/C2Data-6294-Type2;119626.0000;DATA;1611606897.083212
/ndn/h12-site/h12/C2Data-1454-Type1;220503.0000;DATA;1611606899.662244
/ndn/s2-site/s2/C2Data-3874-Type1;117795.0000;DATA;1611606899.992154
/ndn/h9-site/h9/C2Data-1091-Type1;23811.0000;DATA;1611606901.014206
/ndn/s2-site/s2/C2Data-3874-Type2;118592.0000;DATA;1611606902.064162
/ndn/h14-site/h14/C2Data-1696-Type1;166162.0000;DATA;1611606902.051250
/ndn/s5-site/s5/C2Data-4237-Type1;18297.0000;DATA;1611606902.416257
/ndn/d4-site/d4/C2Data-2301-Type2;173975.0000;DATA;1611606903.066238
/ndn/d11-site/d11/C2Data-1587-Type3;95289.0000;DATA;1611606916.523247
/ndn/v7-site/v7/C2Data-3173-Type3;122295.0000;DATA;1611606916.579272
/ndn/d2-site/d2/C2Data-1038-Type3;101922.0000;DATA;1611606918.399164
/ndn/d10-site/d10/C2Data-1526-Type3;101970.0000;DATA;1611606921.824196
/ndn/d0-site/d0/C2Data-916-Type3;75442.0000;DATA;1611606922.124320
/ndn/v14-site/v14/C2Data-3600-Type3;71037.0000;DATA;1611606922.592187
/ndn/d1-site/d1/C2Data-1939-Type2;188130.0000;DATA;1611606922.829225
/ndn/h9-site/h9/C2Data-1092-Type1;25065.0000;DATA;1611606923.185288
/ndn/s0-site/s0/C2Data-1831-Type3;6000269.0000;TIMEOUT;1611606917.253262
/ndn/v2-site/v2/C2Data-5690-Type2;51650.0000;DATA;1611606923.331214
/ndn/d7-site/d7/C2Data-1343-Type3;23831.0000;DATA;1611606924.064255
/ndn/d3-site/d3/C2Data-2181-Type2;71333.0000;DATA;1611606927.656257
/ndn/h3-site/h3/C2Data-366-Type1;119277.0000;DATA;1611606927.694384
/ndn/d5-site/d5/C2Data-2423-Type2;77497.0000;DATA;1611606928.741239
/ndn/s2-site/s2/C2Data-1953-Type3;6000448.0000;TIMEOUT;1611606923.178401
/ndn/s2-site/s2/C2Data-3875-Type2;6000329.0000;TIMEOUT;1611606923.421673
/ndn/v6-site/v6/C2Data-6174-Type1;127726.0000;NACK;1611606929.351187
/ndn/d11-site/d11/C2Data-3149-Type2;92598.0000;DATA;1611606929.599864
/ndn/s5-site/s5/C2Data-2136-Type3;49608.0000;DATA;1611606931.430327
/ndn/d7-site/d7/C2Data-2665-Type1;29794.0000;DATA;1611606932.329140
/ndn/v4-site/v4/C2Data-5932-Type1;173431.0000;DATA;1611606932.270222
/ndn/h14-site/h14/C2Data-1697-Type1;168300.0000;DATA;1611606933.055183
/ndn/h8-site/h8/C2Data-971-Type2;29938.0000;DATA;1611606933.961233
/ndn/v8-site/v8/C2Data-3234-Type3;122607.0000;DATA;1611606935.151234
/ndn/h8-site/h8/C2Data-489-Type3;26084.0000;DATA;1611606935.893221
/ndn/s3-site/s3/C2Data-3996-Type1;6001686.0000;TIMEOUT;1611606931.567235
/ndn/h6-site/h6/C2Data-367-Type3;96744.0000;DATA;1611606937.689207
/ndn/d12-site/d12/C2Data-675-Type4;83239.0000;DATA;1611606950.921186
/ndn/v5-site/v5/C2Data-875-Type4;167756.0000;DATA;1611606952.360689
/ndn/h2-site/h2/C2Data-50-Type4;223342.0000;DATA;1611606956.768210
/ndn/h2-site/h2/C2Data-246-Type2;215800.0000;DATA;1611606957.114243
/ndn/d8-site/d8/C2Data-2787-Type2;100105.0000;DATA;1611606957.847201
/ndn/h13-site/h13/C2Data-1577-Type1;96921.0000;DATA;1611606957.970150
/ndn/v14-site/v14/C2Data-1100-Type4;73452.0000;DATA;1611606959.814259
/ndn/d14-site/d14/C2Data-3513-Type1;167205.0000;DATA;1611606960.345230
/ndn/h10-site/h10/C2Data-1214-Type1;70436.0000;DATA;1611606963.442237
/ndn/s10-site/s10/C2Data-4844-Type1;6003349.0000;TIMEOUT;1611606961.474269
/ndn/v2-site/v2/C2Data-800-Type4;46999.0000;DATA;1611606969.876350
/ndn/v6-site/v6/C2Data-900-Type4;146302.0000;NACK;1611606973.037224
/ndn/h10-site/h10/C2Data-250-Type4;92437.0000;DATA;1611606974.845286
/ndn/v6-site/v6/C2Data-3113-Type3;126429.0000;NACK;1611606976.803234
/ndn/v5-site/v5/C2Data-3052-Type3;161024.0000;DATA;1611606979.792232
/ndn/h9-site/h9/C2Data-551-Type3;26457.0000;DATA;1611606980.915251
/ndn/d1-site/d1/C2Data-1941-Type1;197905.0000;DATA;1611606982.311178
/ndn/h7-site/h7/C2Data-175-Type4;140521.0000;DATA;1611606982.488211
/ndn/d6-site/d6/C2Data-525-Type4;70264.0000;DATA;1611606982.966178
/ndn/d13-site/d13/C2Data-1710-Type3;149027.0000;DATA;1611606983.784206
/ndn/v1-site/v1/C2Data-2808-Type3;148344.0000;DATA;1611606983.986337
/ndn/h2-site/h2/C2Data-247-Type2;214762.0000;DATA;1611606984.254173
/ndn/v10-site/v10/C2Data-6660-Type2;48594.0000;DATA;1611606985.379162
/ndn/v13-site/v13/C2Data-7023-Type2;121554.0000;DATA;1611606985.374220
/ndn/v0-site/v0/C2Data-2747-Type3;71459.0000;DATA;1611606986.327241
/ndn/s1-site/s1/C2Data-3756-Type1;6001663.0000;TIMEOUT;1611606982.644334
/ndn/v13-site/v13/C2Data-7023-Type1;121403.0000;DATA;1611606988.699877
/ndn/v2-site/v2/C2Data-5692-Type2;47690.0000;DATA;1611606989.454433
/ndn/h6-site/h6/C2Data-731-Type1;95402.0000;DATA;1611606989.734257
/ndn/h1-site/h1/C2Data-126-Type2;118824.0000;DATA;1611606991.429183
/ndn/s13-site/s13/C2Data-2625-Type3;6000274.0000;TIMEOUT;1611606986.272173
/ndn/h13-site/h13/C2Data-795-Type3;93397.0000;DATA;1611606992.387281
/ndn/v2-site/v2/C2Data-5692-Type1;46294.0000;DATA;1611606993.170240
/ndn/h9-site/h9/C2Data-1094-Type2;25446.0000;DATA;1611606993.204233
/ndn/d0-site/d0/C2Data-917-Type3;72131.0000;DATA;1611606993.173165
/ndn/s2-site/s2/C2Data-3877-Type2;6000355.0000;TIMEOUT;1611606987.481237
/ndn/d8-site/d8/C2Data-1405-Type3;99513.0000;DATA;1611606993.605186
/ndn/s0-site/s0/C2Data-3635-Type1;6000595.0000;TIMEOUT;1611606987.869255
/ndn/d4-site/d4/C2Data-1161-Type3;175687.0000;DATA;1611606995.851219
/ndn/s0-site/s0/C2Data-1832-Type3;6000426.0000;TIMEOUT;1611606990.705229
/ndn/d2-site/d2/C2Data-1039-Type3;98626.0000;DATA;1611606997.546224
/ndn/s3-site/s3/C2Data-3998-Type2;6000326.0000;TIMEOUT;1611606992.494248
/ndn/h0-site/h0/C2Data-2-Type3;115362.0000;DATA;1611606998.491159
/ndn/h12-site/h12/C2Data-1458-Type2;211930.0000;DATA;1611607012.263657
/ndn/v14-site/v14/C2Data-7145-Type2;76520.0000;DATA;1611607012.495282
/ndn/v5-site/v5/C2Data-6056-Type2;169425.0000;DATA;1611607013.277218
/ndn/v3-site/v3/C2Data-5814-Type2;96777.0000;DATA;1611607014.985154
/ndn/d4-site/d4/C2Data-2305-Type2;269078.0000;DATA;1611607015.337263
/ndn/d6-site/d6/C2Data-2547-Type1;74536.0000;DATA;1611607016.305174
/ndn/v0-site/v0/C2Data-5451-Type2;77835.0000;DATA;1611607018.237654
/ndn/d13-site/d13/C2Data-3394-Type2;144517.0000;DATA;1611607019.771191
/ndn/d2-site/d2/C2Data-2063-Type2;102828.0000;DATA;1611607020.887261
/ndn/v7-site/v7/C2Data-6298-Type1;126994.0000;DATA;1611607021.382161
/ndn/h8-site/h8/C2Data-974-Type1;28025.0000;DATA;1611607022.553234
/ndn/s8-site/s8/C2Data-4604-Type2;6000269.0000;TIMEOUT;1611607016.581166
/ndn/v13-site/v13/C2Data-7024-Type1;121645.0000;DATA;1611607023.517238
/ndn/d7-site/d7/C2Data-2668-Type2;23703.0000;DATA;1611607023.619299
/ndn/d1-site/d1/C2Data-1942-Type1;198811.0000;DATA;1611607024.114257
/ndn/s8-site/s8/C2Data-4604-Type1;6001761.0000;TIMEOUT;1611607020.013174
/ndn/v13-site/v13/C2Data-3541-Type3;129567.0000;DATA;1611607037.004345
/ndn/d2-site/d2/C2Data-1040-Type3;103537.0000;DATA;1611607037.456255
/ndn/d0-site/d0/C2Data-918-Type3;73305.0000;DATA;1611607039.055271
/ndn/h4-site/h4/C2Data-247-Type3;95404.0000;DATA;1611607039.943284
/ndn/h14-site/h14/C2Data-1701-Type2;166784.0000;DATA;1611607044.950167
