/ndn/h5-site/h5/C2Data-605-Type1;123147.0000;DATA;1611602008.391280
/ndn/s10-site/s10/C2Data-4840-Type1;514.0000;NACK;1611602009.410215
/ndn/h6-site/h6/C2Data-726-Type2;167386.0000;DATA;1611602010.757140
/ndn/d2-site/d2/C2Data-2057-Type2;126395.0000;DATA;1611602011.538188
/ndn/d8-site/d8/C2Data-2783-Type1;118843.0000;DATA;1611602014.744146
/ndn/h14-site/h14/C2Data-1694-Type2;618.0000;NACK;1611602015.238211
/ndn/d8-site/d8/C2Data-2783-Type2;122552.0000;DATA;1611602016.615154
/ndn/v8-site/v8/C2Data-6413-Type2;192605.0000;DATA;1611602017.572166
/ndn/v10-site/v10/C2Data-6655-Type1;56999.0000;DATA;1611602018.332103
/ndn/d11-site/d11/C2Data-3146-Type2;117868.0000;DATA;1611602018.971108
/ndn/v7-site/v7/C2Data-3172-Type3;147250.0000;DATA;1611602032.561164
/ndn/d13-site/d13/C2Data-1708-Type3;187637.0000;DATA;1611602032.904143
/ndn/h2-site/h2/C2Data-122-Type3;417.0000;NACK;1611602033.334149
/ndn/s13-site/s13/C2Data-2623-Type3;432.0000;NACK;1611602036.577190
/ndn/v14-site/v14/C2Data-7140-Type1;526.0000;NACK;1611602038.806249
/ndn/s14-site/s14/C2Data-2684-Type3;581.0000;NACK;1611602038.909181
/ndn/v13-site/v13/C2Data-7019-Type2;507.0000;NACK;1611602038.975125
/ndn/v8-site/v8/C2Data-3233-Type3;194237.0000;DATA;1611602039.928139
/ndn/d6-site/d6/C2Data-1281-Type3;46504.0000;DATA;1611602040.252119
/ndn/h3-site/h3/C2Data-183-Type3;139757.0000;DATA;1611602041.234193
/ndn/s8-site/s8/C2Data-4599-Type1;211308.0000;DATA;1611602041.752096
/ndn/v6-site/v6/C2Data-6172-Type2;23688.0000;NACK;1611602042.629216
/ndn/d14-site/d14/C2Data-3510-Type2;187575.0000;DATA;1611602042.881149
/ndn/s6-site/s6/C2Data-4357-Type2;27474.0000;DATA;1611602045.098136
/ndn/s6-site/s6/C2Data-2196-Type3;24743.0000;DATA;1611602045.872149
/ndn/v11-site/v11/C2Data-6777-Type2;448.0000;NACK;1611602046.131177
/ndn/v9-site/v9/C2Data-6535-Type1;190424.0000;DATA;1611602046.465148
/ndn/v10-site/v10/C2Data-6656-Type2;51133.0000;DATA;1611602046.850127
/ndn/v3-site/v3/C2Data-5809-Type1;167024.0000;DATA;1611602047.790107
/ndn/h6-site/h6/C2Data-366-Type3;175702.0000;DATA;1611602048.791210
/ndn/v2-site/v2/C2Data-2867-Type3;24522.0000;DATA;1611602051.889114
/ndn/d9-site/d9/C2Data-1464-Type3;74688.0000;DATA;1611602054.169197
/ndn/h4-site/h4/C2Data-486-Type1;173387.0000;DATA;1611602068.034234
/ndn/s2-site/s2/C2Data-3874-Type1;199637.0000;DATA;1611602068.058222
/ndn/d14-site/d14/C2Data-3511-Type2;199357.0000;DATA;1611602068.586136
/ndn/d11-site/d11/C2Data-3148-Type1;122526.0000;DATA;1611602071.412083
/ndn/v1-site/v1/C2Data-5568-Type1;172036.0000;DATA;1611602071.537206
/ndn/s3-site/s3/C2Data-3995-Type2;220403.0000;DATA;1611602071.913275
/ndn/s13-site/s13/C2Data-5205-Type2;242014.0000;DATA;1611602072.026172
/ndn/d7-site/d7/C2Data-2664-Type1;46725.0000;DATA;1611602073.806252
/ndn/v14-site/v14/C2Data-7141-Type1;142205.0000;DATA;1611602073.752209
/ndn/v3-site/v3/C2Data-5810-Type2;172961.0000;DATA;1611602074.599250
/ndn/d10-site/d10/C2Data-3027-Type1;162458.0000;DATA;1611602074.836233
/ndn/h5-site/h5/C2Data-607-Type1;117909.0000;DATA;1611602075.054233
/ndn/d5-site/d5/C2Data-2422-Type1;150110.0000;DATA;1611602075.114201
/ndn/d6-site/d6/C2Data-2543-Type2;48848.0000;DATA;1611602076.370225
/ndn/v6-site/v6/C2Data-6173-Type1;169497.0000;DATA;1611602077.700191
/ndn/d14-site/d14/C2Data-1770-Type3;190566.0000;DATA;1611602094.877339
/ndn/v6-site/v6/C2Data-3112-Type3;186860.0000;DATA;1611602095.588158
/ndn/v7-site/v7/C2Data-3173-Type3;177715.0000;DATA;1611602097.198244
/ndn/h3-site/h3/C2Data-366-Type1;148402.0000;DATA;1611602098.685098
/ndn/h14-site/h14/C2Data-855-Type3;234446.0000;DATA;1611602099.470087
/ndn/v13-site/v13/C2Data-7021-Type2;195827.0000;DATA;1611602100.582147
/ndn/s9-site/s9/C2Data-2380-Type3;148280.0000;DATA;1611602100.947118
/ndn/v4-site/v4/C2Data-5932-Type1;185850.0000;DATA;1611602101.031205
/ndn/h7-site/h7/C2Data-428-Type3;212086.0000;DATA;1611602101.107133
/ndn/h13-site/h13/C2Data-1576-Type2;165204.0000;DATA;1611602101.194083
/ndn/s5-site/s5/C2Data-2136-Type3;69906.0000;DATA;1611602101.409165
/ndn/d0-site/d0/C2Data-1818-Type2;97830.0000;DATA;1611602102.125953
/ndn/h9-site/h9/C2Data-1092-Type2;93665.0000;DATA;1611602102.973137
/ndn/d9-site/d9/C2Data-2907-Type1;70236.0000;DATA;1611602104.125370
/ndn/h5-site/h5/C2Data-608-Type2;116110.0000;DATA;1611602104.932200
/ndn/s0-site/s0/C2Data-3633-Type1;6000518.0000;TIMEOUT;1611602099.672168
/ndn/h5-site/h5/C2Data-306-Type3;116637.0000;DATA;1611602106.385124
/ndn/h11-site/h11/C2Data-1334-Type2;191842.0000;DATA;1611602106.421110
/ndn/h2-site/h2/C2Data-245-Type1;282102.0000;DATA;1611602107.222205
/ndn/d0-site/d0/C2Data-1818-Type1;95228.0000;DATA;1611602107.438103
/ndn/v0-site/v0/C2Data-750-Type4;47737.0000;DATA;1611602108.404126
/ndn/s0-site/s0/C2Data-1831-Type3;6000561.0000;TIMEOUT;1611602103.544167
/ndn/v5-site/v5/C2Data-6053-Type2;201115.0000;DATA;1611602109.682218
/ndn/h9-site/h9/C2Data-550-Type3;98211.0000;DATA;1611602111.216170
/ndn/h11-site/h11/C2Data-275-Type4;189635.0000;DATA;1611602111.337167
/ndn/v14-site/v14/C2Data-3600-Type3;145983.0000;DATA;1611602111.729189
/ndn/v3-site/v3/C2Data-2929-Type3;169609.0000;DATA;1611602111.745144
/ndn/s6-site/s6/C2Data-4359-Type2;6010105.0000;TIMEOUT;1611602107.677119
/ndn/d5-site/d5/C2Data-1221-Type3;146924.0000;DATA;1611602113.655133
/ndn/s4-site/s4/C2Data-4117-Type1;6000433.0000;TIMEOUT;1611602108.624276
/ndn/s8-site/s8/C2Data-4601-Type2;6000376.0000;TIMEOUT;1611602109.409134
/ndn/s6-site/s6/C2Data-2197-Type3;6001222.0000;TIMEOUT;1611602109.480165
/ndn/d6-site/d6/C2Data-525-Type4;48473.0000;DATA;1611602115.680109
/ndn/d5-site/d5/C2Data-500-Type4;198505.0000;DATA;1611602116.727528
/ndn/h9-site/h9/C2Data-225-Type4;98625.0000;DATA;1611602118.282155
/ndn/d10-site/d10/C2Data-3029-Type1;166047.0000;DATA;1611602128.207129
/ndn/v3-site/v3/C2Data-5812-Type2;162961.0000;DATA;1611602129.951248
/ndn/v13-site/v13/C2Data-7022-Type2;189727.0000;DATA;1611602129.946213
/ndn/v14-site/v14/C2Data-1100-Type4;153438.0000;DATA;1611602131.192252
/ndn/h13-site/h13/C2Data-1577-Type2;166793.0000;DATA;1611602131.527147
/ndn/d10-site/d10/C2Data-3029-Type2;162906.0000;DATA;1611602132.116160
/ndn/d4-site/d4/C2Data-2303-Type1;195346.0000;DATA;1611602132.296212
/ndn/v14-site/v14/C2Data-7143-Type1;141502.0000;DATA;1611602133.305195
/ndn/d1-site/d1/C2Data-1940-Type2;262368.0000;DATA;1611602133.248174
/ndn/v0-site/v0/C2Data-5449-Type2;47761.0000;DATA;1611602134.701114
/ndn/v12-site/v12/C2Data-6901-Type2;171160.0000;DATA;1611602136.589128
/ndn/d8-site/d8/C2Data-575-Type4;129424.0000;DATA;1611602137.636181
/ndn/h6-site/h6/C2Data-730-Type2;173729.0000;DATA;1611602137.758127
/ndn/d14-site/d14/C2Data-3513-Type1;187041.0000;DATA;1611602139.306170
/ndn/s11-site/s11/C2Data-4965-Type1;6000785.0000;TIMEOUT;1611602136.228170
/ndn/h6-site/h6/C2Data-150-Type4;174217.0000;DATA;1611602142.380179
/ndn/s14-site/s14/C2Data-5328-Type1;6008212.0000;TIMEOUT;1611602139.354113
/ndn/h3-site/h3/C2Data-75-Type4;154263.0000;DATA;1611602149.998084
/ndn/h5-site/h5/C2Data-307-Type3;121603.0000;DATA;1611602152.955171
/ndn/v1-site/v1/C2Data-2808-Type3;169141.0000;DATA;1611602155.060125
/ndn/d9-site/d9/C2Data-600-Type4;75604.0000;DATA;1611602158.817208
/ndn/h8-site/h8/C2Data-973-Type1;72224.0000;DATA;1611602159.533257
/ndn/h13-site/h13/C2Data-1578-Type1;167262.0000;DATA;1611602159.855212
/ndn/d13-site/d13/C2Data-3393-Type2;164877.0000;DATA;1611602160.735302
/ndn/h9-site/h9/C2Data-551-Type3;98287.0000;DATA;1611602160.998172
/ndn/d12-site/d12/C2Data-3272-Type1;94115.0000;DATA;1611602161.323099
/ndn/h14-site/h14/C2Data-856-Type3;243136.0000;DATA;1611602161.216100
/ndn/s12-site/s12/C2Data-2564-Type3;6000490.0000;TIMEOUT;1611602158.020222
/ndn/h0-site/h0/C2Data-2-Type3;192569.0000;DATA;1611602164.216130
/ndn/h12-site/h12/C2Data-1457-Type2;291973.0000;DATA;1611602164.519100
/ndn/d8-site/d8/C2Data-2788-Type2;118062.0000;DATA;1611602165.397190
/ndn/d9-site/d9/C2Data-1466-Type3;73387.0000;DATA;1611602165.666175
/ndn/s3-site/s3/C2Data-3998-Type1;6000723.0000;TIMEOUT;1611602159.763290
/ndn/d1-site/d1/C2Data-1941-Type2;260041.0000;DATA;1611602166.420277
/ndn/h11-site/h11/C2Data-673-Type3;191435.0000;DATA;1611602166.531179
/ndn/h7-site/h7/C2Data-852-Type2;214078.0000;DATA;1611602167.963200
/ndn/v8-site/v8/C2Data-3235-Type3;188045.0000;DATA;1611602168.967191
/ndn/h1-site/h1/C2Data-126-Type1;144782.0000;DATA;1611602169.827141
/ndn/s3-site/s3/C2Data-2015-Type3;6000413.0000;TIMEOUT;1611602165.590123
/ndn/s5-site/s5/C2Data-2137-Type3;6000260.0000;TIMEOUT;1611602167.560193
/ndn/s12-site/s12/C2Data-5087-Type2;6000292.0000;TIMEOUT;1611602168.340219
/ndn/d14-site/d14/C2Data-3515-Type2;188199.0000;DATA;1611602187.894180
/ndn/d11-site/d11/C2Data-3152-Type1;127857.0000;DATA;1611602194.562117
/ndn/v9-site/v9/C2Data-6540-Type2;192587.0000;DATA;1611602194.966169
/ndn/s4-site/s4/C2Data-4120-Type2;6001317.0000;TIMEOUT;1611602191.683202
/ndn/h0-site/h0/C2Data-6-Type1;203879.0000;DATA;1611602198.969127
/ndn/v13-site/v13/C2Data-7024-Type1;193093.0000;DATA;1611602199.745133
/ndn/s7-site/s7/C2Data-4483-Type2;6000282.0000;TIMEOUT;1611602198.287149
/ndn/h1-site/h1/C2Data-64-Type3;146373.0000;DATA;1611602211.895170
/ndn/h0-site/h0/C2Data-3-Type3;198067.0000;DATA;1611602215.174134
/ndn/v2-site/v2/C2Data-5694-Type1;27065.0000;DATA;1611602218.343183
/ndn/d9-site/d9/C2Data-2911-Type2;74658.0000;DATA;1611602218.423203
/ndn/h8-site/h8/C2Data-491-Type3;72768.0000;DATA;1611602220.787182
/ndn/h11-site/h11/C2Data-1338-Type2;192721.0000;DATA;1611602220.720086
/ndn/v8-site/v8/C2Data-3236-Type3;192288.0000;DATA;1611602221.402087
/ndn/v3-site/v3/C2Data-5815-Type1;164662.0000;DATA;1611602221.988113
/ndn/d10-site/d10/C2Data-3032-Type1;169731.0000;DATA;1611602222.192129
/ndn/h5-site/h5/C2Data-612-Type2;118729.0000;DATA;1611602222.342199
/ndn/d0-site/d0/C2Data-1822-Type2;93663.0000;DATA;1611602222.439166
