/ndn/v3-site/v3/C2Data-5808-Type2;516.0000;NACK;1611609165.830386
/ndn/h7-site/h7/C2Data-847-Type2;24545.0000;DATA;1611609166.056356
/ndn/h2-site/h2/C2Data-242-Type2;543.0000;NACK;1611609166.970386
/ndn/s10-site/s10/C2Data-4840-Type2;242933.0000;DATA;1611609173.895349
/ndn/v5-site/v5/C2Data-3050-Type3;438.0000;NACK;1611609186.880401
/ndn/h3-site/h3/C2Data-183-Type3;253323.0000;DATA;1611609190.053252
/ndn/s7-site/s7/C2Data-2257-Type3;250580.0000;DATA;1611609190.416101
/ndn/v4-site/v4/C2Data-5930-Type2;637.0000;NACK;1611609192.465443
/ndn/h7-site/h7/C2Data-427-Type3;24099.0000;DATA;1611609193.959417
/ndn/d7-site/d7/C2Data-2663-Type1;143981.0000;DATA;1611609194.170377
/ndn/d6-site/d6/C2Data-2542-Type1;172808.0000;DATA;1611609194.146614
/ndn/s3-site/s3/C2Data-2013-Type3;94730.0000;DATA;1611609194.261379
/ndn/h12-site/h12/C2Data-1453-Type1;235237.0000;DATA;1611609195.076335
/ndn/s5-site/s5/C2Data-2135-Type3;167746.0000;DATA;1611609195.412328
/ndn/h6-site/h6/C2Data-366-Type3;25929.0000;DATA;1611609195.561325
/ndn/d0-site/d0/C2Data-1816-Type2;190525.0000;DATA;1611609197.300368
/ndn/s1-site/s1/C2Data-1891-Type3;58333.0000;DATA;1611609197.675485
/ndn/h2-site/h2/C2Data-122-Type3;245492.0000;DATA;1611609197.590392
/ndn/v11-site/v11/C2Data-6777-Type1;188291.0000;DATA;1611609199.013025
/ndn/s7-site/s7/C2Data-4478-Type2;237860.0000;DATA;1611609199.854435
/ndn/d10-site/d10/C2Data-3026-Type1;73680.0000;DATA;1611609200.952390
/ndn/s13-site/s13/C2Data-5204-Type2;46429.0000;DATA;1611609201.061371
/ndn/d9-site/d9/C2Data-2905-Type1;118382.0000;DATA;1611609201.088401
/ndn/h1-site/h1/C2Data-61-Type3;192203.0000;DATA;1611609202.199333
/ndn/v1-site/v1/C2Data-5567-Type1;257013.0000;DATA;1611609203.276328
/ndn/d1-site/d1/C2Data-976-Type3;216940.0000;DATA;1611609204.005361
/ndn/d6-site/d6/C2Data-2542-Type2;173129.0000;DATA;1611609204.422346
/ndn/d3-site/d3/C2Data-1098-Type3;165894.0000;DATA;1611609205.186412
/ndn/s13-site/s13/C2Data-2623-Type3;54165.0000;DATA;1611609205.913422
/ndn/h9-site/h9/C2Data-549-Type3;95771.0000;DATA;1611609207.043323
/ndn/d14-site/d14/C2Data-1769-Type3;200365.0000;DATA;1611609209.725321
/ndn/d6-site/d6/C2Data-1281-Type3;170421.0000;DATA;1611609210.136350
/ndn/h5-site/h5/C2Data-305-Type3;74434.0000;DATA;1611609210.290366
/ndn/h5-site/h5/C2Data-607-Type1;72464.0000;DATA;1611609224.112426
/ndn/h5-site/h5/C2Data-607-Type2;71886.0000;DATA;1611609224.917389
/ndn/h12-site/h12/C2Data-1454-Type2;238333.0000;DATA;1611609224.780369
/ndn/h3-site/h3/C2Data-365-Type1;246240.0000;DATA;1611609224.835417
/ndn/d6-site/d6/C2Data-2543-Type2;171851.0000;DATA;1611609226.386432
/ndn/v3-site/v3/C2Data-5810-Type1;125138.0000;DATA;1611609226.932436
/ndn/d0-site/d0/C2Data-1817-Type1;131916.0000;DATA;1611609227.865564
/ndn/d1-site/d1/C2Data-1938-Type2;179879.0000;DATA;1611609229.113333
/ndn/d13-site/d13/C2Data-3390-Type1;192711.0000;DATA;1611609230.521370
/ndn/v6-site/v6/C2Data-6173-Type2;170716.0000;DATA;1611609231.069363
/ndn/v13-site/v13/C2Data-7020-Type2;139958.0000;DATA;1611609231.523413
/ndn/d13-site/d13/C2Data-3390-Type2;188891.0000;DATA;1611609231.509402
/ndn/d2-site/d2/C2Data-2059-Type1;212169.0000;DATA;1611609231.774640
/ndn/s6-site/s6/C2Data-4358-Type2;6000751.0000;TIMEOUT;1611609226.465568
/ndn/s1-site/s1/C2Data-3753-Type1;49153.0000;DATA;1611609232.504385
/ndn/s5-site/s5/C2Data-2136-Type3;179391.0000;DATA;1611609251.048313
/ndn/h0-site/h0/C2Data-1-Type3;24622.0000;DATA;1611609252.442390
/ndn/d1-site/d1/C2Data-1939-Type1;224426.0000;DATA;1611609253.662379
/ndn/d8-site/d8/C2Data-1404-Type3;222887.0000;DATA;1611609254.241652
/ndn/h8-site/h8/C2Data-971-Type1;117201.0000;DATA;1611609256.450437
/ndn/h9-site/h9/C2Data-1092-Type2;96462.0000;DATA;1611609259.139453
/ndn/s10-site/s10/C2Data-4843-Type2;6000591.0000;TIMEOUT;1611609253.473405
/ndn/d13-site/d13/C2Data-3391-Type2;203297.0000;DATA;1611609262.138420
/ndn/s2-site/s2/C2Data-3875-Type1;6000537.0000;TIMEOUT;1611609256.355368
/ndn/s12-site/s12/C2Data-5085-Type1;93289.0000;DATA;1611609262.438323
/ndn/v4-site/v4/C2Data-2990-Type3;293547.0000;DATA;1611609262.808412
/ndn/d2-site/d2/C2Data-425-Type4;223216.0000;DATA;1611609262.962429
/ndn/d5-site/d5/C2Data-1221-Type3;47556.0000;DATA;1611609266.627385
/ndn/d0-site/d0/C2Data-916-Type3;239189.0000;DATA;1611609267.400337
/ndn/s4-site/s4/C2Data-2075-Type3;6000263.0000;TIMEOUT;1611609261.919389
/ndn/s9-site/s9/C2Data-2380-Type3;6000453.0000;TIMEOUT;1611609262.481006
/ndn/s10-site/s10/C2Data-4843-Type1;6000422.0000;TIMEOUT;1611609262.581445
/ndn/d12-site/d12/C2Data-1648-Type3;194033.0000;DATA;1611609268.813480
/ndn/v1-site/v1/C2Data-775-Type4;277754.0000;DATA;1611609270.411358
/ndn/h0-site/h0/C2Data-0-Type4;25905.0000;DATA;1611609278.446462
/ndn/h3-site/h3/C2Data-75-Type4;237054.0000;DATA;1611609283.553404
/ndn/v13-site/v13/C2Data-7022-Type1;142640.0000;DATA;1611609284.370417
/ndn/h4-site/h4/C2Data-488-Type2;70111.0000;DATA;1611609284.733584
/ndn/h6-site/h6/C2Data-150-Type4;24967.0000;DATA;1611609285.428396
/ndn/v2-site/v2/C2Data-5691-Type2;164662.0000;DATA;1611609287.378404
/ndn/d12-site/d12/C2Data-675-Type4;191784.0000;DATA;1611609288.089384
/ndn/h14-site/h14/C2Data-1698-Type2;193531.0000;DATA;1611609288.829325
/ndn/d11-site/d11/C2Data-3150-Type1;223310.0000;DATA;1611609290.480352
/ndn/v10-site/v10/C2Data-6659-Type2;166670.0000;DATA;1611609290.730378
/ndn/v9-site/v9/C2Data-6538-Type2;95349.0000;DATA;1611609290.926477
/ndn/s3-site/s3/C2Data-3997-Type2;6000635.0000;TIMEOUT;1611609287.409493
/ndn/d7-site/d7/C2Data-2666-Type2;145530.0000;DATA;1611609293.681413
/ndn/d4-site/d4/C2Data-2303-Type1;213019.0000;DATA;1611609293.840481
/ndn/s8-site/s8/C2Data-4602-Type1;6000237.0000;TIMEOUT;1611609288.646393
/ndn/d11-site/d11/C2Data-650-Type4;289861.0000;DATA;1611609298.035484
/ndn/s14-site/s14/C2Data-5328-Type1;6004464.0000;TIMEOUT;1611609293.497332
/ndn/v10-site/v10/C2Data-1000-Type4;210195.0000;DATA;1611609303.480557
/ndn/v6-site/v6/C2Data-900-Type4;181730.0000;DATA;1611609308.244350
/ndn/d1-site/d1/C2Data-978-Type3;209638.0000;DATA;1611609310.176496
/ndn/d4-site/d4/C2Data-1161-Type3;241871.0000;DATA;1611609312.157358
/ndn/d14-site/d14/C2Data-3514-Type2;193132.0000;DATA;1611609312.956399
/ndn/d8-site/d8/C2Data-1405-Type3;213392.0000;DATA;1611609313.095417
/ndn/d0-site/d0/C2Data-375-Type4;188013.0000;DATA;1611609313.376412
/ndn/h3-site/h3/C2Data-185-Type3;232578.0000;DATA;1611609314.538415
/ndn/d5-site/d5/C2Data-2425-Type2;49560.0000;DATA;1611609316.080407
/ndn/d1-site/d1/C2Data-1941-Type2;212953.0000;DATA;1611609315.991374
/ndn/d7-site/d7/C2Data-1344-Type3;148697.0000;DATA;1611609316.472347
/ndn/h2-site/h2/C2Data-50-Type4;245038.0000;DATA;1611609316.493556
/ndn/d6-site/d6/C2Data-2546-Type1;174243.0000;DATA;1611609316.714392
/ndn/h11-site/h11/C2Data-275-Type4;216265.0000;DATA;1611609316.750340
/ndn/d0-site/d0/C2Data-1820-Type1;193149.0000;DATA;1611609317.443349
/ndn/h8-site/h8/C2Data-490-Type3;117473.0000;DATA;1611609317.674353
/ndn/h4-site/h4/C2Data-489-Type1;69227.0000;DATA;1611609318.394320
/ndn/h8-site/h8/C2Data-973-Type2;120187.0000;DATA;1611609318.731451
/ndn/d0-site/d0/C2Data-1820-Type2;192910.0000;DATA;1611609318.700480
/ndn/h10-site/h10/C2Data-1215-Type1;187212.0000;DATA;1611609321.397431
/ndn/s9-site/s9/C2Data-4724-Type2;6000586.0000;TIMEOUT;1611609315.661306
/ndn/d7-site/d7/C2Data-2667-Type2;146080.0000;DATA;1611609322.842451
/ndn/d2-site/d2/C2Data-1039-Type3;208715.0000;DATA;1611609324.229382
/ndn/d6-site/d6/C2Data-1283-Type3;174576.0000;DATA;1611609324.464421
/ndn/s10-site/s10/C2Data-2442-Type3;6000742.0000;TIMEOUT;1611609318.953607
/ndn/d14-site/d14/C2Data-1771-Type3;198076.0000;DATA;1611609324.873845
/ndn/v1-site/v1/C2Data-2808-Type3;264750.0000;DATA;1611609326.140356
/ndn/s4-site/s4/C2Data-2076-Type3;6001366.0000;TIMEOUT;1611609324.411401
/ndn/d11-site/d11/C2Data-3152-Type1;215182.0000;DATA;1611609342.492305
/ndn/v12-site/v12/C2Data-6903-Type2;263816.0000;DATA;1611609346.254501
/ndn/d2-site/d2/C2Data-2063-Type2;215331.0000;DATA;1611609346.341403
/ndn/d5-site/d5/C2Data-2426-Type1;48865.0000;DATA;1611609348.149363
/ndn/s2-site/s2/C2Data-3878-Type1;6000505.0000;TIMEOUT;1611609343.797379
/ndn/h4-site/h4/C2Data-490-Type1;72479.0000;DATA;1611609349.738393
/ndn/v4-site/v4/C2Data-5935-Type2;296501.0000;DATA;1611609350.088361
/ndn/d9-site/d9/C2Data-2910-Type1;127755.0000;DATA;1611609350.528409
/ndn/d7-site/d7/C2Data-2668-Type1;144207.0000;DATA;1611609350.801371
/ndn/d5-site/d5/C2Data-2426-Type2;48837.0000;DATA;1611609351.387395
/ndn/d7-site/d7/C2Data-2668-Type2;141674.0000;DATA;1611609351.857402
/ndn/v12-site/v12/C2Data-6903-Type1;263813.0000;DATA;1611609352.069380
/ndn/h13-site/h13/C2Data-796-Type3;152970.0000;DATA;1611609366.736347
/ndn/h10-site/h10/C2Data-1217-Type2;193319.0000;DATA;1611609373.658414
/ndn/v13-site/v13/C2Data-7025-Type2;141978.0000;DATA;1611609374.600326
/ndn/d7-site/d7/C2Data-2669-Type1;144036.0000;DATA;1611609375.209463
/ndn/v11-site/v11/C2Data-6783-Type2;185899.0000;DATA;1611609376.623445
/ndn/h5-site/h5/C2Data-612-Type1;69456.0000;DATA;1611609377.066338
/ndn/h12-site/h12/C2Data-1459-Type1;231156.0000;DATA;1611609376.992343
/ndn/s11-site/s11/C2Data-2504-Type3;6000297.0000;TIMEOUT;1611609372.117352
