/ndn/h1-site/h1/C2Data-121-Type2;24547.0000;DATA;1611602585.727415
/ndn/s13-site/s13/C2Data-5203-Type2;45863.0000;NACK;1611602587.717041
/ndn/s4-site/s4/C2Data-4114-Type1;194953.0000;DATA;1611602588.625492
/ndn/h3-site/h3/C2Data-363-Type2;96220.0000;DATA;1611602589.862513
/ndn/v10-site/v10/C2Data-6655-Type1;518.0000;NACK;1611602590.409518
/ndn/d3-site/d3/C2Data-2178-Type2;117120.0000;DATA;1611602590.719441
/ndn/h11-site/h11/C2Data-1331-Type1;69954.0000;DATA;1611602590.906458
/ndn/h7-site/h7/C2Data-847-Type1;236893.0000;DATA;1611602590.803435
/ndn/h5-site/h5/C2Data-605-Type2;146081.0000;DATA;1611602591.890488
/ndn/h4-site/h4/C2Data-484-Type1;193225.0000;DATA;1611602593.388418
/ndn/s11-site/s11/C2Data-4961-Type1;256170.0000;DATA;1611602595.480491
/ndn/s0-site/s0/C2Data-3630-Type1;139760.0000;DATA;1611602595.759478
/ndn/h4-site/h4/C2Data-244-Type3;219271.0000;DATA;1611602611.018555
/ndn/h3-site/h3/C2Data-183-Type3;107183.0000;DATA;1611602612.675577
/ndn/d10-site/d10/C2Data-1525-Type3;205222.0000;DATA;1611602613.696495
/ndn/d9-site/d9/C2Data-1464-Type3;101977.0000;DATA;1611602614.659512
/ndn/v10-site/v10/C2Data-3355-Type3;694.0000;NACK;1611602615.692429
/ndn/h6-site/h6/C2Data-727-Type1;185727.0000;DATA;1611602615.895502
/ndn/s11-site/s11/C2Data-4962-Type2;239433.0000;DATA;1611602617.688538
/ndn/v9-site/v9/C2Data-6535-Type2;4436.0000;NACK;1611602618.084624
/ndn/s4-site/s4/C2Data-4115-Type2;167163.0000;DATA;1611602618.512468
/ndn/d13-site/d13/C2Data-3389-Type2;46564.0000;DATA;1611602618.862465
/ndn/h7-site/h7/C2Data-848-Type1;236717.0000;DATA;1611602618.871421
/ndn/v0-site/v0/C2Data-5446-Type2;323.0000;NACK;1611602619.216496
/ndn/v7-site/v7/C2Data-3172-Type3;98745.0000;DATA;1611602619.206471
/ndn/h1-site/h1/C2Data-61-Type3;24412.0000;DATA;1611602619.803417
/ndn/s13-site/s13/C2Data-2623-Type3;267946.0000;DATA;1611602619.696478
/ndn/s12-site/s12/C2Data-5083-Type1;258284.0000;DATA;1611602620.238432
/ndn/s4-site/s4/C2Data-2074-Type3;163829.0000;DATA;1611602621.276604
/ndn/h5-site/h5/C2Data-606-Type2;144073.0000;DATA;1611602621.806544
/ndn/s7-site/s7/C2Data-4478-Type1;94641.0000;DATA;1611602624.736412
/ndn/h13-site/h13/C2Data-793-Type3;92525.0000;DATA;1611602625.247423
/ndn/d13-site/d13/C2Data-3389-Type1;46698.0000;DATA;1611602626.251431
/ndn/s6-site/s6/C2Data-2196-Type3;120638.0000;DATA;1611602626.401420
/ndn/d0-site/d0/C2Data-915-Type3;24818.0000;DATA;1611602628.505695
/ndn/v5-site/v5/C2Data-3050-Type3;65250.0000;DATA;1611602629.606451
/ndn/v9-site/v9/C2Data-3294-Type3;216387.0000;DATA;1611602629.568456
/ndn/s7-site/s7/C2Data-2257-Type3;94511.0000;DATA;1611602629.782495
/ndn/v2-site/v2/C2Data-2867-Type3;107226.0000;DATA;1611602631.222485
/ndn/s0-site/s0/C2Data-1830-Type3;183805.0000;DATA;1611602631.743477
/ndn/d7-site/d7/C2Data-1342-Type3;72944.0000;DATA;1611602631.957456
/ndn/h14-site/h14/C2Data-1696-Type1;123899.0000;DATA;1611602647.129567
/ndn/s13-site/s13/C2Data-5205-Type2;272308.0000;DATA;1611602646.987493
/ndn/s0-site/s0/C2Data-3632-Type1;143754.0000;DATA;1611602649.074477
/ndn/h4-site/h4/C2Data-486-Type1;197797.0000;DATA;1611602649.957438
/ndn/s1-site/s1/C2Data-3753-Type1;260465.0000;DATA;1611602651.838498
/ndn/h11-site/h11/C2Data-1333-Type1;73266.0000;DATA;1611602652.503512
/ndn/d13-site/d13/C2Data-3390-Type1;55582.0000;DATA;1611602653.410458
/ndn/v10-site/v10/C2Data-6657-Type1;70922.0000;DATA;1611602653.457494
/ndn/v12-site/v12/C2Data-6899-Type1;116738.0000;DATA;1611602653.609490
/ndn/s1-site/s1/C2Data-3753-Type2;259493.0000;DATA;1611602653.684491
/ndn/v11-site/v11/C2Data-6778-Type2;48940.0000;DATA;1611602656.808490
/ndn/v1-site/v1/C2Data-2807-Type3;134522.0000;DATA;1611602674.372418
/ndn/h12-site/h12/C2Data-1455-Type1;165517.0000;DATA;1611602675.256468
/ndn/v4-site/v4/C2Data-5932-Type1;62339.0000;DATA;1611602675.687421
/ndn/h11-site/h11/C2Data-1334-Type1;69656.0000;DATA;1611602675.729480
/ndn/s7-site/s7/C2Data-2258-Type3;6000304.0000;TIMEOUT;1611602669.933421
/ndn/v1-site/v1/C2Data-5569-Type2;123229.0000;DATA;1611602676.588515
/ndn/v14-site/v14/C2Data-7142-Type1;117177.0000;DATA;1611602676.650423
/ndn/v14-site/v14/C2Data-7142-Type2;117910.0000;DATA;1611602677.229602
/ndn/v2-site/v2/C2Data-5690-Type2;99115.0000;DATA;1611602677.648489
/ndn/d11-site/d11/C2Data-1587-Type3;69541.0000;DATA;1611602677.922461
/ndn/d10-site/d10/C2Data-3028-Type2;190869.0000;DATA;1611602678.319432
/ndn/v4-site/v4/C2Data-5932-Type2;145212.0000;DATA;1611602678.412480
/ndn/h9-site/h9/C2Data-1092-Type2;125312.0000;DATA;1611602678.527508
/ndn/h10-site/h10/C2Data-611-Type3;117172.0000;DATA;1611602678.831484
/ndn/v7-site/v7/C2Data-3173-Type3;92735.0000;DATA;1611602679.011475
/ndn/v8-site/v8/C2Data-6416-Type2;214193.0000;DATA;1611602681.565779
/ndn/s13-site/s13/C2Data-5206-Type2;6000172.0000;TIMEOUT;1611602676.274462
/ndn/v10-site/v10/C2Data-6658-Type1;70065.0000;DATA;1611602682.512434
/ndn/h12-site/h12/C2Data-1455-Type2;165123.0000;DATA;1611602682.585483
/ndn/d11-site/d11/C2Data-3149-Type2;71612.0000;DATA;1611602683.515423
/ndn/h14-site/h14/C2Data-855-Type3;128053.0000;DATA;1611602683.533431
/ndn/v10-site/v10/C2Data-3356-Type3;69683.0000;DATA;1611602685.187494
/ndn/s0-site/s0/C2Data-1831-Type3;6001147.0000;TIMEOUT;1611602680.269625
/ndn/h3-site/h3/C2Data-366-Type1;92866.0000;DATA;1611602686.596411
/ndn/v4-site/v4/C2Data-2990-Type3;141594.0000;DATA;1611602686.626514
/ndn/s6-site/s6/C2Data-2197-Type3;6000989.0000;TIMEOUT;1611602680.788423
/ndn/s0-site/s0/C2Data-3633-Type2;6000640.0000;TIMEOUT;1611602682.120471
/ndn/v13-site/v13/C2Data-3539-Type3;95806.0000;DATA;1611602688.203432
/ndn/s9-site/s9/C2Data-2380-Type3;6000423.0000;TIMEOUT;1611602683.455606
/ndn/s7-site/s7/C2Data-4480-Type2;6000725.0000;TIMEOUT;1611602684.652474
/ndn/h3-site/h3/C2Data-75-Type4;95766.0000;DATA;1611602690.845520
/ndn/d1-site/d1/C2Data-400-Type4;148450.0000;DATA;1611602691.679502
/ndn/s10-site/s10/C2Data-2441-Type3;6001331.0000;TIMEOUT;1611602690.565434
/ndn/v10-site/v10/C2Data-6659-Type2;74141.0000;DATA;1611602708.185480
/ndn/h9-site/h9/C2Data-1093-Type1;115170.0000;DATA;1611602708.298447
/ndn/v9-site/v9/C2Data-6538-Type2;201375.0000;DATA;1611602709.566575
/ndn/v13-site/v13/C2Data-7022-Type2;95906.0000;DATA;1611602709.896481
/ndn/h12-site/h12/C2Data-1456-Type2;169849.0000;DATA;1611602710.281512
/ndn/v8-site/v8/C2Data-6417-Type1;229315.0000;DATA;1611602712.085714
/ndn/v7-site/v7/C2Data-6296-Type1;93953.0000;DATA;1611602714.102493
/ndn/d0-site/d0/C2Data-1819-Type1;24424.0000;DATA;1611602714.428492
/ndn/v14-site/v14/C2Data-7143-Type1;129037.0000;DATA;1611602715.768537
/ndn/d12-site/d12/C2Data-3271-Type2;46259.0000;DATA;1611602716.398468
/ndn/h8-site/h8/C2Data-972-Type1;123697.0000;DATA;1611602716.708470
/ndn/s13-site/s13/C2Data-5207-Type2;6000530.0000;TIMEOUT;1611602712.821650
/ndn/v6-site/v6/C2Data-3113-Type3;46632.0000;DATA;1611602729.413999
/ndn/v14-site/v14/C2Data-3601-Type3;115343.0000;DATA;1611602729.659421
/ndn/d6-site/d6/C2Data-1283-Type3;145232.0000;DATA;1611602729.792502
/ndn/v5-site/v5/C2Data-3052-Type3;143448.0000;DATA;1611602731.461505
/ndn/h2-site/h2/C2Data-124-Type3;174452.0000;DATA;1611602731.482448
/ndn/h5-site/h5/C2Data-610-Type2;143552.0000;DATA;1611602737.231565
/ndn/h5-site/h5/C2Data-125-Type4;142610.0000;DATA;1611602737.428505
/ndn/h10-site/h10/C2Data-1215-Type1;127307.0000;DATA;1611602739.330495
/ndn/d14-site/d14/C2Data-1771-Type3;71971.0000;DATA;1611602739.434535
/ndn/h1-site/h1/C2Data-126-Type1;28422.0000;DATA;1611602740.118477
/ndn/s12-site/s12/C2Data-2564-Type3;6000248.0000;TIMEOUT;1611602734.534513
/ndn/s9-site/s9/C2Data-2381-Type3;6000476.0000;TIMEOUT;1611602734.702501
/ndn/d9-site/d9/C2Data-2909-Type1;96178.0000;DATA;1611602742.413500
/ndn/h11-site/h11/C2Data-1336-Type1;73037.0000;DATA;1611602742.866487
/ndn/v5-site/v5/C2Data-6055-Type2;143868.0000;DATA;1611602742.805471
/ndn/d13-site/d13/C2Data-1710-Type3;48102.0000;DATA;1611602743.855712
/ndn/s8-site/s8/C2Data-4603-Type1;6000381.0000;TIMEOUT;1611602738.720467
/ndn/h14-site/h14/C2Data-856-Type3;124195.0000;DATA;1611602745.257604
/ndn/d11-site/d11/C2Data-1588-Type3;77758.0000;DATA;1611602745.859504
/ndn/s13-site/s13/C2Data-2625-Type3;6002340.0000;TIMEOUT;1611602741.598415
/ndn/s9-site/s9/C2Data-4724-Type1;6004737.0000;TIMEOUT;1611602742.664504
/ndn/s11-site/s11/C2Data-2503-Type3;6000293.0000;TIMEOUT;1611602742.690440
/ndn/h7-site/h7/C2Data-429-Type3;245992.0000;DATA;1611602749.747496
/ndn/s14-site/s14/C2Data-5329-Type2;6000220.0000;TIMEOUT;1611602745.116419
/ndn/s13-site/s13/C2Data-5208-Type1;6000387.0000;TIMEOUT;1611602746.125473
/ndn/s7-site/s7/C2Data-4482-Type1;6001256.0000;TIMEOUT;1611602746.161492
/ndn/h6-site/h6/C2Data-368-Type3;206818.0000;DATA;1611602752.977457
/ndn/s10-site/s10/C2Data-2442-Type3;6007350.0000;TIMEOUT;1611602748.746475
/ndn/s1-site/s1/C2Data-1893-Type3;6006410.0000;TIMEOUT;1611602749.541491
/ndn/v7-site/v7/C2Data-6298-Type2;94394.0000;DATA;1611602765.767475
/ndn/v9-site/v9/C2Data-6540-Type2;219292.0000;DATA;1611602765.808511
/ndn/s10-site/s10/C2Data-4846-Type2;6000256.0000;TIMEOUT;1611602765.400447
/ndn/h4-site/h4/C2Data-490-Type1;189812.0000;DATA;1611602773.614478
/ndn/s13-site/s13/C2Data-5209-Type1;6000255.0000;TIMEOUT;1611602767.866430
/ndn/s11-site/s11/C2Data-4967-Type1;6000298.0000;TIMEOUT;1611602768.043495
/ndn/v13-site/v13/C2Data-7024-Type1;92399.0000;DATA;1611602774.178498
/ndn/d3-site/d3/C2Data-2184-Type2;124823.0000;DATA;1611602774.518540
/ndn/s6-site/s6/C2Data-4362-Type2;6001387.0000;TIMEOUT;1611602770.810444
/ndn/s5-site/s5/C2Data-4241-Type2;6001619.0000;TIMEOUT;1611602772.312463
/ndn/s1-site/s1/C2Data-3757-Type2;6000253.0000;TIMEOUT;1611602775.171528
/ndn/s13-site/s13/C2Data-5209-Type2;6000451.0000;TIMEOUT;1611602775.440433
/ndn/s5-site/s5/C2Data-4241-Type1;6000614.0000;TIMEOUT;1611602775.506509
/ndn/v2-site/v2/C2Data-2870-Type3;116859.0000;DATA;1611602793.873510
/ndn/h1-site/h1/C2Data-128-Type1;24515.0000;DATA;1611602795.672431
/ndn/v13-site/v13/C2Data-3541-Type3;107141.0000;DATA;1611602796.152510
/ndn/h13-site/h13/C2Data-796-Type3;99219.0000;DATA;1611602796.740425
/ndn/d4-site/d4/C2Data-2306-Type2;33105.0000;DATA;1611602797.024415
/ndn/d1-site/d1/C2Data-1943-Type2;110699.0000;DATA;1611602797.220457
/ndn/s9-site/s9/C2Data-2382-Type3;6006601.0000;TIMEOUT;1611602791.578519
/ndn/d5-site/d5/C2Data-2427-Type2;170568.0000;DATA;1611602798.277495
/ndn/h5-site/h5/C2Data-612-Type2;145718.0000;DATA;1611602799.132479
/ndn/v10-site/v10/C2Data-3358-Type3;76788.0000;DATA;1611602800.536492
