/ndn/v3-site/v3/C2Data-5808-Type2;415.0000;NACK;1611610901.309312
/ndn/d4-site/d4/C2Data-2299-Type1;279543.0000;DATA;1611610901.916299
/ndn/h8-site/h8/C2Data-968-Type1;140723.0000;DATA;1611610904.403376
/ndn/h12-site/h12/C2Data-1452-Type2;398.0000;NACK;1611610904.809307
/ndn/d2-site/d2/C2Data-2057-Type2;241398.0000;DATA;1611610904.760850
/ndn/s8-site/s8/C2Data-4598-Type1;191634.0000;DATA;1611610905.297321
/ndn/h5-site/h5/C2Data-605-Type1;96490.0000;DATA;1611610905.704309
/ndn/v1-site/v1/C2Data-5566-Type1;587.0000;NACK;1611610906.606486
/ndn/d9-site/d9/C2Data-2904-Type1;158962.0000;DATA;1611610909.226348
/ndn/h10-site/h10/C2Data-1210-Type2;215598.0000;DATA;1611610909.412307
/ndn/v14-site/v14/C2Data-7139-Type1;122597.0000;DATA;1611610911.449552
/ndn/d9-site/d9/C2Data-1464-Type3;162477.0000;DATA;1611610925.662308
/ndn/v8-site/v8/C2Data-3233-Type3;23647.0000;DATA;1611610927.337393
/ndn/v9-site/v9/C2Data-3294-Type3;72840.0000;DATA;1611610927.809364
/ndn/v9-site/v9/C2Data-6535-Type1;72069.0000;DATA;1611610930.699313
/ndn/v8-site/v8/C2Data-6414-Type1;26279.0000;DATA;1611610932.070386
/ndn/h13-site/h13/C2Data-1574-Type1;143102.0000;DATA;1611610932.472337
/ndn/v5-site/v5/C2Data-6051-Type1;542.0000;NACK;1611610933.737396
/ndn/v10-site/v10/C2Data-6656-Type1;390.0000;NACK;1611610934.197315
/ndn/s1-site/s1/C2Data-3752-Type2;25631.0000;DATA;1611610934.930352
/ndn/h4-site/h4/C2Data-485-Type2;95271.0000;DATA;1611610935.458356
/ndn/v4-site/v4/C2Data-5930-Type1;425.0000;NACK;1611610935.987311
/ndn/h0-site/h0/C2Data-0-Type3;24708.0000;DATA;1611610936.318439
/ndn/d5-site/d5/C2Data-2421-Type1;72565.0000;DATA;1611610936.436326
/ndn/d2-site/d2/C2Data-1037-Type3;239592.0000;DATA;1611610937.353572
/ndn/d0-site/d0/C2Data-1816-Type1;208798.0000;DATA;1611610938.887396
/ndn/d3-site/d3/C2Data-2179-Type1;196456.0000;DATA;1611610939.160406
/ndn/h1-site/h1/C2Data-61-Type3;220775.0000;DATA;1611610939.411386
/ndn/v9-site/v9/C2Data-6535-Type2;69440.0000;DATA;1611610940.412357
/ndn/h8-site/h8/C2Data-969-Type2;143475.0000;DATA;1611610940.567369
/ndn/h2-site/h2/C2Data-122-Type3;498.0000;NACK;1611610940.906369
/ndn/d8-site/d8/C2Data-1403-Type3;238255.0000;DATA;1611610940.692390
/ndn/s10-site/s10/C2Data-4841-Type1;578.0000;NACK;1611610941.038425
/ndn/s10-site/s10/C2Data-2440-Type3;490.0000;NACK;1611610941.687395
/ndn/d1-site/d1/C2Data-1937-Type1;576.0000;NACK;1611610942.209321
/ndn/d7-site/d7/C2Data-1342-Type3;171641.0000;DATA;1611610945.079392
/ndn/h11-site/h11/C2Data-671-Type3;254346.0000;DATA;1611610947.620343
/ndn/h10-site/h10/C2Data-610-Type3;226799.0000;DATA;1611610947.929379
/ndn/v9-site/v9/C2Data-6536-Type2;72621.0000;DATA;1611610963.912477
/ndn/v13-site/v13/C2Data-7020-Type1;160819.0000;DATA;1611610965.888388
/ndn/s4-site/s4/C2Data-4116-Type1;619.0000;NACK;1611610967.438361
/ndn/d8-site/d8/C2Data-2785-Type1;234783.0000;DATA;1611610969.264381
/ndn/s10-site/s10/C2Data-4842-Type2;236735.0000;DATA;1611610969.390374
/ndn/h3-site/h3/C2Data-365-Type2;258672.0000;DATA;1611610970.397494
/ndn/d6-site/d6/C2Data-2543-Type1;187048.0000;DATA;1611610970.622358
/ndn/s5-site/s5/C2Data-4237-Type1;185304.0000;DATA;1611610970.739334
/ndn/v8-site/v8/C2Data-3234-Type3;23592.0000;DATA;1611610986.503334
/ndn/s12-site/s12/C2Data-2563-Type3;74208.0000;DATA;1611610988.798325
/ndn/h14-site/h14/C2Data-855-Type3;209534.0000;DATA;1611610989.446609
/ndn/v4-site/v4/C2Data-5932-Type2;319718.0000;DATA;1611610990.954395
/ndn/v2-site/v2/C2Data-5690-Type2;189418.0000;DATA;1611610993.362330
/ndn/h12-site/h12/C2Data-1455-Type2;269323.0000;DATA;1611610993.914317
/ndn/v11-site/v11/C2Data-3417-Type3;217257.0000;DATA;1611610994.905396
/ndn/v12-site/v12/C2Data-6900-Type1;648.0000;NACK;1611610995.207392
/ndn/h5-site/h5/C2Data-608-Type1;94274.0000;DATA;1611610995.299379
/ndn/h0-site/h0/C2Data-1-Type3;23939.0000;DATA;1611610996.119331
/ndn/d14-site/d14/C2Data-1770-Type3;211530.0000;DATA;1611610995.954309
/ndn/s6-site/s6/C2Data-2197-Type3;6000634.0000;TIMEOUT;1611610990.355352
/ndn/s8-site/s8/C2Data-4601-Type1;186380.0000;DATA;1611610996.229338
/ndn/v1-site/v1/C2Data-5569-Type1;285686.0000;DATA;1611610996.249407
/ndn/d2-site/d2/C2Data-1038-Type3;236114.0000;DATA;1611610998.119352
/ndn/h5-site/h5/C2Data-608-Type2;98255.0000;DATA;1611610998.722362
/ndn/s2-site/s2/C2Data-1953-Type3;6003173.0000;TIMEOUT;1611610992.937660
/ndn/d13-site/d13/C2Data-1709-Type3;215364.0000;DATA;1611610999.158397
/ndn/v7-site/v7/C2Data-925-Type4;260053.0000;DATA;1611610999.235347
/ndn/v5-site/v5/C2Data-6053-Type1;314328.0000;DATA;1611610999.276378
/ndn/v2-site/v2/C2Data-2868-Type3;185231.0000;DATA;1611610999.606440
/ndn/d4-site/d4/C2Data-2302-Type2;233461.0000;DATA;1611611000.559919
/ndn/h4-site/h4/C2Data-487-Type2;97204.0000;DATA;1611611002.078389
/ndn/h11-site/h11/C2Data-672-Type3;238927.0000;DATA;1611611002.053335
/ndn/s14-site/s14/C2Data-5327-Type1;6002055.0000;TIMEOUT;1611610998.966406
/ndn/s3-site/s3/C2Data-2014-Type3;6000316.0000;TIMEOUT;1611611000.651382
/ndn/h2-site/h2/C2Data-123-Type3;270421.0000;DATA;1611611006.688394
/ndn/s11-site/s11/C2Data-4964-Type1;6000516.0000;TIMEOUT;1611611001.898367
/ndn/s5-site/s5/C2Data-2136-Type3;6004310.0000;TIMEOUT;1611611001.982339
/ndn/s11-site/s11/C2Data-4964-Type2;6001376.0000;TIMEOUT;1611611002.358308
/ndn/v14-site/v14/C2Data-1100-Type4;167240.0000;DATA;1611611011.724312
/ndn/s9-site/s9/C2Data-2380-Type3;6003365.0000;TIMEOUT;1611611006.221362
/ndn/v2-site/v2/C2Data-800-Type4;194203.0000;DATA;1611611013.145383
/ndn/h0-site/h0/C2Data-4-Type2;24528.0000;DATA;1611611022.778309
/ndn/d9-site/d9/C2Data-2908-Type1;144988.0000;DATA;1611611022.849397
/ndn/h8-site/h8/C2Data-972-Type1;141191.0000;DATA;1611611023.353242
/ndn/v8-site/v8/C2Data-6417-Type2;24241.0000;DATA;1611611023.556492
/ndn/v3-site/v3/C2Data-5812-Type2;143860.0000;DATA;1611611023.883344
/ndn/d0-site/d0/C2Data-375-Type4;213637.0000;DATA;1611611025.806397
/ndn/s11-site/s11/C2Data-4965-Type1;6001590.0000;TIMEOUT;1611611022.905315
/ndn/v13-site/v13/C2Data-7022-Type2;171803.0000;DATA;1611611029.022307
/ndn/d11-site/d11/C2Data-3150-Type1;237544.0000;DATA;1611611028.969301
/ndn/d0-site/d0/C2Data-1819-Type2;216358.0000;DATA;1611611029.210324
/ndn/v0-site/v0/C2Data-5449-Type1;193443.0000;DATA;1611611029.513335
/ndn/s10-site/s10/C2Data-4844-Type1;6000394.0000;TIMEOUT;1611611024.350309
/ndn/v6-site/v6/C2Data-6175-Type2;191430.0000;DATA;1611611030.243311
/ndn/d12-site/d12/C2Data-3271-Type2;216420.0000;DATA;1611611030.500316
/ndn/v11-site/v11/C2Data-1025-Type4;214171.0000;DATA;1611611044.053355
/ndn/h3-site/h3/C2Data-75-Type4;264764.0000;DATA;1611611045.550353
/ndn/v3-site/v3/C2Data-5813-Type1;140157.0000;DATA;1611611051.192319
/ndn/d3-site/d3/C2Data-2183-Type1;190681.0000;DATA;1611611052.202316
/ndn/d9-site/d9/C2Data-600-Type4;143574.0000;DATA;1611611052.277340
/ndn/v7-site/v7/C2Data-3174-Type3;258296.0000;DATA;1611611052.186309
/ndn/d12-site/d12/C2Data-3272-Type2;213301.0000;DATA;1611611052.548317
/ndn/h14-site/h14/C2Data-1699-Type2;218197.0000;DATA;1611611052.849373
/ndn/h6-site/h6/C2Data-150-Type4;49090.0000;DATA;1611611053.174358
/ndn/v6-site/v6/C2Data-6176-Type1;190236.0000;DATA;1611611053.190465
/ndn/s2-site/s2/C2Data-1954-Type3;6000764.0000;TIMEOUT;1611611047.448305
/ndn/h6-site/h6/C2Data-731-Type1;47558.0000;DATA;1611611053.525397
/ndn/h10-site/h10/C2Data-250-Type4;210660.0000;DATA;1611611054.802376
/ndn/v2-site/v2/C2Data-5692-Type1;184858.0000;DATA;1611611054.856413
/ndn/v6-site/v6/C2Data-6176-Type2;186388.0000;DATA;1611611057.021381
/ndn/d7-site/d7/C2Data-1344-Type3;173357.0000;DATA;1611611057.959308
/ndn/h4-site/h4/C2Data-489-Type1;92445.0000;DATA;1611611058.173324
/ndn/v13-site/v13/C2Data-7023-Type1;168215.0000;DATA;1611611058.361383
/ndn/h9-site/h9/C2Data-1094-Type1;116092.0000;DATA;1611611058.444355
/ndn/h6-site/h6/C2Data-368-Type3;47201.0000;DATA;1611611058.991484
/ndn/h8-site/h8/C2Data-973-Type2;141745.0000;DATA;1611611059.385346
/ndn/s6-site/s6/C2Data-4361-Type2;6001045.0000;TIMEOUT;1611611056.178944
/ndn/v12-site/v12/C2Data-6902-Type2;287356.0000;DATA;1611611061.998371
/ndn/s10-site/s10/C2Data-4845-Type1;6000386.0000;TIMEOUT;1611611056.453427
/ndn/v2-site/v2/C2Data-5692-Type2;191273.0000;DATA;1611611062.268389
/ndn/s11-site/s11/C2Data-2503-Type3;6002339.0000;TIMEOUT;1611611058.026322
/ndn/d6-site/d6/C2Data-1283-Type3;204123.0000;DATA;1611611063.911349
/ndn/s0-site/s0/C2Data-3635-Type2;6001619.0000;TIMEOUT;1611611058.489308
/ndn/s10-site/s10/C2Data-2442-Type3;6000746.0000;TIMEOUT;1611611059.491325
/ndn/v5-site/v5/C2Data-3052-Type3;330329.0000;DATA;1611611065.703827
/ndn/s14-site/s14/C2Data-5329-Type1;6000882.0000;TIMEOUT;1611611060.494431
/ndn/s8-site/s8/C2Data-2320-Type3;6000598.0000;TIMEOUT;1611611061.022318
/ndn/s3-site/s3/C2Data-2015-Type3;6000362.0000;TIMEOUT;1611611066.220376
/ndn/h12-site/h12/C2Data-1458-Type2;261868.0000;DATA;1611611081.059385
/ndn/v5-site/v5/C2Data-6056-Type2;349005.0000;DATA;1611611082.106183
/ndn/d10-site/d10/C2Data-3031-Type1;97871.0000;DATA;1611611082.734317
/ndn/h4-site/h4/C2Data-490-Type1;95130.0000;DATA;1611611084.661365
/ndn/v12-site/v12/C2Data-6903-Type2;294439.0000;DATA;1611611084.801394
/ndn/v7-site/v7/C2Data-6298-Type2;268864.0000;DATA;1611611084.854304
/ndn/d3-site/d3/C2Data-2184-Type2;192149.0000;DATA;1611611085.614411
/ndn/s12-site/s12/C2Data-5088-Type2;6000350.0000;TIMEOUT;1611611080.872395
/ndn/d8-site/d8/C2Data-2789-Type1;242626.0000;DATA;1611611088.027341
/ndn/d12-site/d12/C2Data-3273-Type2;231332.0000;DATA;1611611088.931386
/ndn/h6-site/h6/C2Data-732-Type1;47717.0000;DATA;1611611089.780345
/ndn/s10-site/s10/C2Data-4846-Type1;6000255.0000;TIMEOUT;1611611084.997955
/ndn/s11-site/s11/C2Data-4967-Type1;6001812.0000;TIMEOUT;1611611091.030370
/ndn/s8-site/s8/C2Data-4604-Type2;6001949.0000;TIMEOUT;1611611092.060478
/ndn/v2-site/v2/C2Data-2870-Type3;197215.0000;DATA;1611611104.916343
/ndn/d8-site/d8/C2Data-1406-Type3;279445.0000;DATA;1611611105.525609
/ndn/h12-site/h12/C2Data-735-Type3;266670.0000;DATA;1611611108.431309
/ndn/v11-site/v11/C2Data-3419-Type3;216915.0000;DATA;1611611111.140369
/ndn/d2-site/d2/C2Data-2064-Type2;236243.0000;DATA;1611611112.277355
/ndn/h4-site/h4/C2Data-491-Type1;100362.0000;DATA;1611611114.951315
/ndn/v8-site/v8/C2Data-6420-Type1;24587.0000;DATA;1611611115.073386
/ndn/v4-site/v4/C2Data-5936-Type2;307145.0000;DATA;1611611115.248422
