/ndn/h3-site/h3/C2Data-363-Type2;64333.0000;DATA;1612715361.671200
/ndn/v2-site/v2/C2Data-3872-Type2;26041.0000;DATA;1612715361.816015
/ndn/s9-site/s9/C2Data-3509-Type1;132171.0000;DATA;1612715362.337283
/ndn/s5-site/s5/C2Data-3025-Type2;8923.0000;DATA;1612715363.815639
/ndn/v7-site/v7/C2Data-4477-Type1;28571.0000;DATA;1612715368.116844
/ndn/v5-site/v5/C2Data-4235-Type1;879.0000;DATA;1612715369.291975
/ndn/d9-site/d9/C2Data-2299-Type1;170066.0000;DATA;1612715369.231755
/ndn/v2-site/v2/C2Data-1952-Type3;36050.0000;DATA;1612715382.510254
/ndn/h8-site/h8/C2Data-488-Type3;168881.0000;DATA;1612715384.114817
/ndn/h3-site/h3/C2Data-183-Type3;51650.0000;DATA;1612715384.432730
/ndn/v4-site/v4/C2Data-2074-Type3;164287.0000;DATA;1612715384.503635
/ndn/d7-site/d7/C2Data-1037-Type3;31740.0000;DATA;1612715385.889317
/ndn/v2-site/v2/C2Data-3873-Type2;1409.0000;DATA;1612715390.551823
/ndn/h5-site/h5/C2Data-305-Type3;47765.0000;DATA;1612715392.444538
/ndn/h7-site/h7/C2Data-427-Type3;75401.0000;DATA;1612715392.523549
/ndn/h9-site/h9/C2Data-549-Type3;983.0000;DATA;1612715392.662912
/ndn/v3-site/v3/C2Data-3994-Type1;52830.0000;DATA;1612715395.463231
/ndn/v6-site/v6/C2Data-2196-Type3;52056.0000;DATA;1612715395.480598
/ndn/d3-site/d3/C2Data-1574-Type2;1002.0000;DATA;1612715398.350712
/ndn/v5-site/v5/C2Data-4236-Type2;47097.0000;DATA;1612715399.427603
/ndn/s8-site/s8/C2Data-1708-Type3;1508.0000;DATA;1612715399.863011
/ndn/s9-site/s9/C2Data-1769-Type3;5475.0000;DATA;1612715401.638337
/ndn/s0-site/s0/C2Data-1220-Type3;4575.0000;DATA;1612715403.079588
/ndn/v5-site/v5/C2Data-2135-Type3;1131.0000;DATA;1612715404.727609
/ndn/s8-site/s8/C2Data-3390-Type2;34350.0000;DATA;1612715419.948657
/ndn/h0-site/h0/C2Data-2-Type2;869.0000;DATA;1612715420.207132
/ndn/d4-site/d4/C2Data-1696-Type1;175242.0000;DATA;1612715420.533190
/ndn/h9-site/h9/C2Data-1091-Type1;54056.0000;DATA;1612715422.910611
/ndn/s1-site/s1/C2Data-2543-Type1;48915.0000;DATA;1612715424.765112
/ndn/h4-site/h4/C2Data-486-Type2;123779.0000;DATA;1612715424.819206
/ndn/v0-site/v0/C2Data-3632-Type1;153096.0000;DATA;1612715425.964640
/ndn/h8-site/h8/C2Data-970-Type1;203352.0000;DATA;1612715426.959235
/ndn/s6-site/s6/C2Data-3148-Type2;860.0000;DATA;1612715429.604587
/ndn/h2-site/h2/C2Data-244-Type2;63418.0000;DATA;1612715429.709606
/ndn/s1-site/s1/C2Data-1282-Type3;1291.0000;DATA;1612715447.644248
/ndn/s5-site/s5/C2Data-1526-Type3;77454.0000;DATA;1612715447.619263
/ndn/s9-site/s9/C2Data-3512-Type2;50908.0000;DATA;1612715450.467847
/ndn/d3-site/d3/C2Data-1576-Type1;125463.0000;DATA;1612715451.895382
/ndn/h1-site/h1/C2Data-62-Type3;3000.0000;DATA;1612715452.311988
/ndn/h8-site/h8/C2Data-489-Type3;122405.0000;DATA;1612715452.563553
/ndn/v5-site/v5/C2Data-4238-Type2;132997.0000;DATA;1612715454.735008
/ndn/d7-site/d7/C2Data-2060-Type1;2670.0000;DATA;1612715455.141532
/ndn/d4-site/d4/C2Data-1697-Type2;180635.0000;DATA;1612715455.520003
/ndn/v3-site/v3/C2Data-2014-Type3;24319.0000;DATA;1612715456.847511
/ndn/s3-site/s3/C2Data-1404-Type3;1781.0000;DATA;1612715457.541163
/ndn/s5-site/s5/C2Data-3028-Type2;3934.0000;DATA;1612715458.598713
/ndn/v2-site/v2/C2Data-550-Type4;1235.0000;DATA;1612715458.825664
/ndn/s3-site/s3/C2Data-2786-Type1;826.0000;DATA;1612715459.358631
/ndn/d2-site/d2/C2Data-733-Type3;900.0000;DATA;1612715459.669583
/ndn/h5-site/h5/C2Data-306-Type3;276759.0000;DATA;1612715463.372855
/ndn/h6-site/h6/C2Data-150-Type4;142954.0000;DATA;1612715471.973011
/ndn/v0-site/v0/C2Data-500-Type4;247464.0000;DATA;1612715472.096782
/ndn/v3-site/v3/C2Data-3997-Type2;157371.0000;DATA;1612715478.939794
/ndn/h2-site/h2/C2Data-246-Type1;53351.0000;DATA;1612715479.578961
/ndn/v2-site/v2/C2Data-3876-Type1;25876.0000;DATA;1612715482.330854
/ndn/v0-site/v0/C2Data-3634-Type2;143078.0000;DATA;1612715482.219976
/ndn/s0-site/s0/C2Data-2424-Type2;51192.0000;DATA;1612715484.193939
/ndn/d7-site/d7/C2Data-2061-Type1;33249.0000;DATA;1612715484.532200
/ndn/s1-site/s1/C2Data-2545-Type2;120415.0000;DATA;1612715484.587256
/ndn/v8-site/v8/C2Data-4602-Type2;4946.0000;DATA;1612715485.497621
/ndn/v7-site/v7/C2Data-4481-Type1;150438.0000;DATA;1612715486.023068
/ndn/h6-site/h6/C2Data-730-Type1;211519.0000;DATA;1612715486.936586
/ndn/h8-site/h8/C2Data-972-Type2;170715.0000;DATA;1612715488.638940
/ndn/s6-site/s6/C2Data-3150-Type1;294804.0000;DATA;1612715488.844626
/ndn/s9-site/s9/C2Data-3513-Type1;1277.0000;DATA;1612715490.147245
/ndn/s8-site/s8/C2Data-3392-Type2;986.0000;DATA;1612715490.133018
/ndn/d9-site/d9/C2Data-475-Type4;26288.0000;DATA;1612715506.854376
/ndn/v2-site/v2/C2Data-1954-Type3;764.0000;DATA;1612715510.536856
/ndn/h8-site/h8/C2Data-973-Type1;198246.0000;DATA;1612715510.784728
/ndn/d9-site/d9/C2Data-2304-Type2;123581.0000;DATA;1612715511.352645
/ndn/s0-site/s0/C2Data-2425-Type2;1163.0000;DATA;1612715511.872313
/ndn/h9-site/h9/C2Data-1094-Type1;49344.0000;DATA;1612715512.010505
/ndn/s9-site/s9/C2Data-1771-Type3;147850.0000;DATA;1612715512.814764
/ndn/s7-site/s7/C2Data-3272-Type2;175066.0000;DATA;1612715512.790625
/ndn/s4-site/s4/C2Data-2909-Type2;56396.0000;DATA;1612715513.148637
/ndn/d2-site/d2/C2Data-1457-Type1;49432.0000;DATA;1612715513.634161
/ndn/h7-site/h7/C2Data-175-Type4;941.0000;DATA;1612715514.421544
/ndn/d4-site/d4/C2Data-1699-Type1;193412.0000;DATA;1612715515.223225
/ndn/s3-site/s3/C2Data-1405-Type3;1213.0000;DATA;1612715515.839758
/ndn/s6-site/s6/C2Data-3151-Type1;8309.0000;DATA;1612715517.811329
/ndn/s7-site/s7/C2Data-1649-Type3;114320.0000;DATA;1612715520.352781
/ndn/v3-site/v3/C2Data-2015-Type3;2354.0000;DATA;1612715526.317751
/ndn/s3-site/s3/C2Data-2789-Type2;146030.0000;DATA;1612715538.503608
/ndn/h6-site/h6/C2Data-732-Type1;165775.0000;DATA;1612715539.593946
/ndn/d9-site/d9/C2Data-2305-Type2;124471.0000;DATA;1612715541.344632
/ndn/d8-site/d8/C2Data-2184-Type2;86253.0000;DATA;1612715543.726677
/ndn/d8-site/d8/C2Data-2184-Type1;547314.0000;DATA;1612715548.397197
/ndn/v5-site/v5/C2Data-2138-Type3;55814.0000;DATA;1612715563.602285
/ndn/s5-site/s5/C2Data-1528-Type3;89025.0000;DATA;1612715566.539338
/ndn/v3-site/v3/C2Data-2016-Type3;56460.0000;DATA;1612715567.916000
/ndn/d0-site/d0/C2Data-1217-Type1;173157.0000;DATA;1612715568.780309
/ndn/v8-site/v8/C2Data-4605-Type1;103208.0000;DATA;1612715569.078243
/ndn/s9-site/s9/C2Data-3516-Type2;132539.0000;DATA;1612715569.291811
/ndn/s7-site/s7/C2Data-1650-Type3;148173.0000;DATA;1612715569.446006
/ndn/s0-site/s0/C2Data-1223-Type3;1678.0000;DATA;1612715571.470508
/ndn/v1-site/v1/C2Data-3758-Type1;123021.0000;DATA;1612715571.795026
/ndn/v0-site/v0/C2Data-1833-Type3;147075.0000;DATA;1612715571.824332
/ndn/h4-site/h4/C2Data-491-Type1;54322.0000;DATA;1612715573.122286
/ndn/s6-site/s6/C2Data-1589-Type3;109984.0000;DATA;1612715573.613070
/ndn/v3-site/v3/C2Data-4000-Type2;167944.0000;DATA;1612715573.609704
/ndn/d6-site/d6/C2Data-1943-Type1;208955.0000;DATA;1612715573.922393
/ndn/v9-site/v9/C2Data-4726-Type1;98328.0000;DATA;1612715574.939693
/ndn/d7-site/d7/C2Data-1040-Type3;921.0000;DATA;1612715575.159753
/ndn/s1-site/s1/C2Data-2548-Type1;5185.0000;DATA;1612715575.438641
/ndn/d3-site/d3/C2Data-796-Type3;135226.0000;DATA;1612715576.459256
/ndn/v8-site/v8/C2Data-364-Type5;100046.0000;DATA;1612715577.788054
/ndn/h3-site/h3/C2Data-186-Type3;65068.0000;DATA;1612715578.035566
/ndn/h7-site/h7/C2Data-430-Type3;942.0000;DATA;1612715581.132628
/ndn/d6-site/d6/C2Data-979-Type3;138776.0000;DATA;1612715582.549643
/ndn/d5-site/d5/C2Data-195-Type5;134386.0000;DATA;1612715585.063577
/ndn/v7-site/v7/C2Data-351-Type5;314033.0000;DATA;1612715595.066790
/ndn/d4-site/d4/C2Data-182-Type5;50042.0000;DATA;1612715599.830635
/ndn/s5-site/s5/C2Data-3033-Type1;2748.0000;DATA;1612715604.665086
/ndn/d6-site/d6/C2Data-1944-Type1;8949.0000;DATA;1612715606.122337
/ndn/d4-site/d4/C2Data-351-Type4;178414.0000;DATA;1612715606.889330
/ndn/h1-site/h1/C2Data-129-Type1;106234.0000;DATA;1612715610.381134
/ndn/d7-site/d7/C2Data-1041-Type3;31032.0000;DATA;1612715623.230237
/ndn/v2-site/v2/C2Data-1956-Type3;27075.0000;DATA;1612715624.800548
/ndn/d9-site/d9/C2Data-1163-Type3;182214.0000;DATA;1612715625.037741
/ndn/d3-site/d3/C2Data-797-Type3;184360.0000;DATA;1612715626.679869
/ndn/s2-site/s2/C2Data-2671-Type2;79320.0000;DATA;1612715628.862287
/ndn/v7-site/v7/C2Data-4486-Type1;163099.0000;DATA;1612715629.465947
/ndn/v9-site/v9/C2Data-726-Type4;99645.0000;DATA;1612715630.435918
/ndn/h6-site/h6/C2Data-78-Type5;50901.0000;DATA;1612715631.043121
/ndn/d8-site/d8/C2Data-2187-Type1;75062.0000;DATA;1612715631.901622
/ndn/h4-site/h4/C2Data-493-Type1;120686.0000;DATA;1612715633.515334
/ndn/d5-site/d5/C2Data-376-Type4;96811.0000;DATA;1612715634.333859
/ndn/h8-site/h8/C2Data-977-Type2;180744.0000;DATA;1612715634.397029
/ndn/v9-site/v9/C2Data-4728-Type1;96227.0000;DATA;1612715635.758645
/ndn/s7-site/s7/C2Data-3276-Type1;145959.0000;DATA;1612715635.780829
/ndn/s1-site/s1/C2Data-2550-Type1;100789.0000;DATA;1612715636.142916
/ndn/v2-site/v2/C2Data-3881-Type2;1048.0000;DATA;1612715637.610749
/ndn/h7-site/h7/C2Data-856-Type1;123993.0000;DATA;1612715638.567815
/ndn/d0-site/d0/C2Data-251-Type4;174695.0000;DATA;1612715639.359529
/ndn/v5-site/v5/C2Data-4244-Type1;47358.0000;DATA;1612715639.514654
/ndn/h2-site/h2/C2Data-251-Type2;1217.0000;DATA;1612715639.847599
/ndn/h4-site/h4/C2Data-493-Type2;126900.0000;DATA;1612715639.970563
/ndn/d5-site/d5/C2Data-1824-Type1;131428.0000;DATA;1612715640.423602
/ndn/d8-site/d8/C2Data-451-Type4;3137.0000;DATA;1612715642.640778
/ndn/h8-site/h8/C2Data-201-Type4;130637.0000;DATA;1612715642.544195
/ndn/h2-site/h2/C2Data-126-Type3;2238.0000;DATA;1612715645.034369
/ndn/d2-site/d2/C2Data-1462-Type1;136506.0000;DATA;1612715658.452823
/ndn/h6-site/h6/C2Data-736-Type1;190730.0000;DATA;1612715660.095218
/ndn/s0-site/s0/C2Data-2430-Type2;49175.0000;DATA;1612715662.740737
/ndn/h1-site/h1/C2Data-131-Type2;128560.0000;DATA;1612715662.695061
/ndn/s4-site/s4/C2Data-2914-Type1;4935.0000;DATA;1612715663.691400
/ndn/d5-site/d5/C2Data-1825-Type2;133136.0000;DATA;1612715664.970617
/ndn/v9-site/v9/C2Data-377-Type5;2081.0000;DATA;1612715665.320138
/ndn/v0-site/v0/C2Data-260-Type5;79722.0000;DATA;1612715669.284291
/ndn/v5-site/v5/C2Data-4245-Type2;50337.0000;DATA;1612715669.911579
/ndn/d0-site/d0/C2Data-1220-Type1;173644.0000;DATA;1612715670.147221
/ndn/d2-site/d2/C2Data-737-Type3;203882.0000;DATA;1612715682.479625
/ndn/d9-site/d9/C2Data-1164-Type3;129222.0000;DATA;1612715683.157214
/ndn/v1-site/v1/C2Data-273-Type5;2291.0000;DATA;1612715686.105701
/ndn/v6-site/v6/C2Data-4367-Type1;83866.0000;DATA;1612715688.728816
/ndn/v5-site/v5/C2Data-4246-Type2;157344.0000;DATA;1612715688.726412
/ndn/v4-site/v4/C2Data-2079-Type3;125277.0000;DATA;1612715690.585228
/ndn/d3-site/d3/C2Data-1584-Type2;55999.0000;DATA;1612715691.818688
/ndn/h9-site/h9/C2Data-554-Type3;72204.0000;DATA;1612715692.405101
/ndn/s7-site/s7/C2Data-3278-Type2;145211.0000;DATA;1612715693.715418
/ndn/d0-site/d0/C2Data-615-Type3;996.0000;DATA;1612715694.151162
/ndn/d9-site/d9/C2Data-2310-Type1;134905.0000;DATA;1612715694.469566
/ndn/d5-site/d5/C2Data-1826-Type1;4583.0000;DATA;1612715695.235406
/ndn/h6-site/h6/C2Data-737-Type1;55634.0000;DATA;1612715695.209980
/ndn/s9-site/s9/C2Data-3520-Type2;54202.0000;DATA;1612715695.962724
/ndn/s8-site/s8/C2Data-1713-Type3;25591.0000;DATA;1612715696.189660
/ndn/s4-site/s4/C2Data-1469-Type3;983.0000;DATA;1612715696.365637
/ndn/s0-site/s0/C2Data-2431-Type1;58220.0000;DATA;1612715698.419624
/ndn/h3-site/h3/C2Data-188-Type3;53715.0000;DATA;1612715699.295628
/ndn/v9-site/v9/C2Data-4730-Type2;97050.0000;DATA;1612715699.689656
/ndn/h1-site/h1/C2Data-66-Type3;51149.0000;DATA;1612715702.215222
/ndn/s3-site/s3/C2Data-2795-Type1;169540.0000;DATA;1612715718.552685
/ndn/d9-site/d9/C2Data-2311-Type2;79379.0000;DATA;1612715721.748642
/ndn/v5-site/v5/C2Data-4247-Type1;75551.0000;DATA;1612715721.751700
/ndn/v1-site/v1/C2Data-3763-Type2;101363.0000;DATA;1612715721.773607
/ndn/v2-site/v2/C2Data-3884-Type1;836.0000;DATA;1612715724.025752
/ndn/h2-site/h2/C2Data-254-Type2;53878.0000;DATA;1612715725.801635
/ndn/v8-site/v8/C2Data-4610-Type2;96379.0000;DATA;1612715727.272908
/ndn/v7-site/v7/C2Data-4489-Type2;25916.0000;DATA;1612715728.793506
/ndn/s3-site/s3/C2Data-2795-Type2;6001394.0000;TIMEOUT;1612715725.752242
/ndn/h9-site/h9/C2Data-555-Type3;148409.0000;DATA;1612715743.035172
/ndn/h7-site/h7/C2Data-433-Type3;145224.0000;DATA;1612715743.475743
/ndn/h0-site/h0/C2Data-13-Type1;94513.0000;DATA;1612715748.484194
/ndn/v6-site/v6/C2Data-4369-Type2;78321.0000;DATA;1612715750.696749
/ndn/s1-site/s1/C2Data-1287-Type3;6000562.0000;TIMEOUT;1612715745.873095
/ndn/h2-site/h2/C2Data-128-Type3;52379.0000;DATA;1612715752.063510
/ndn/v1-site/v1/C2Data-3764-Type1;139266.0000;DATA;1612715752.857033
/ndn/s3-site/s3/C2Data-2796-Type2;6000772.0000;TIMEOUT;1612715749.154788
/ndn/d5-site/d5/C2Data-377-Type4;128078.0000;DATA;1612715755.057227
/ndn/h1-site/h1/C2Data-134-Type1;136198.0000;DATA;1612715757.704109
/ndn/s6-site/s6/C2Data-1592-Type3;6002498.0000;TIMEOUT;1612715752.283248
/ndn/s0-site/s0/C2Data-1226-Type3;880.0000;DATA;1612715758.436583
/ndn/v9-site/v9/C2Data-2385-Type3;1079.0000;DATA;1612715759.053593
/ndn/h6-site/h6/C2Data-372-Type3;141259.0000;DATA;1612715759.732987
/ndn/h8-site/h8/C2Data-981-Type2;102088.0000;DATA;1612715760.304308
/ndn/s9-site/s9/C2Data-1775-Type3;6001859.0000;TIMEOUT;1612715754.695700
/ndn/v7-site/v7/C2Data-677-Type4;182091.0000;DATA;1612715760.943479
/ndn/s2-site/s2/C2Data-1348-Type3;962.0000;DATA;1612715761.589550
/ndn/s5-site/s5/C2Data-1531-Type3;6001454.0000;TIMEOUT;1612715757.424873
/ndn/s6-site/s6/C2Data-3159-Type2;6012549.0000;TIMEOUT;1612715758.438633
/ndn/d7-site/d7/C2Data-1043-Type3;1349.0000;DATA;1612715766.353132
/ndn/d9-site/d9/C2Data-477-Type4;98031.0000;DATA;1612715769.776466
/ndn/d4-site/d4/C2Data-352-Type4;126654.0000;DATA;1612715770.008234
/ndn/d8-site/d8/C2Data-452-Type4;231743.0000;DATA;1612715776.264446
/ndn/d2-site/d2/C2Data-302-Type4;141394.0000;DATA;1612715779.531123
/ndn/h1-site/h1/C2Data-135-Type1;123613.0000;DATA;1612715781.830186
/ndn/h7-site/h7/C2Data-861-Type1;136633.0000;DATA;1612715782.988166
/ndn/h5-site/h5/C2Data-619-Type2;155282.0000;DATA;1612715783.858672
/ndn/v5-site/v5/C2Data-4249-Type1;122100.0000;DATA;1612715784.367275
/ndn/v7-site/v7/C2Data-4491-Type1;178613.0000;DATA;1612715784.767909
/ndn/h9-site/h9/C2Data-1103-Type1;3854.0000;DATA;1612715785.771219
/ndn/h3-site/h3/C2Data-77-Type4;3208.0000;DATA;1612715789.662706
/ndn/v8-site/v8/C2Data-4612-Type1;114850.0000;DATA;1612715789.918599
/ndn/d4-site/d4/C2Data-1708-Type1;190790.0000;DATA;1612715789.913606
/ndn/h2-site/h2/C2Data-52-Type4;1084.0000;DATA;1612715801.446871
/ndn/v9-site/v9/C2Data-727-Type4;1414.0000;DATA;1612715804.970282
/ndn/h9-site/h9/C2Data-1104-Type1;52320.0000;DATA;1612715810.444953
/ndn/d7-site/d7/C2Data-2072-Type1;27894.0000;DATA;1612715810.565597
/ndn/h8-site/h8/C2Data-983-Type2;201698.0000;DATA;1612715810.455582
/ndn/v2-site/v2/C2Data-1959-Type3;3660.0000;DATA;1612715811.611701
/ndn/v3-site/v3/C2Data-2020-Type3;146279.0000;DATA;1612715811.500540
/ndn/v5-site/v5/C2Data-4250-Type1;66671.0000;DATA;1612715812.139511
/ndn/h3-site/h3/C2Data-190-Type3;1966.0000;DATA;1612715813.493228
/ndn/v4-site/v4/C2Data-602-Type4;2396.0000;DATA;1612715813.991593
/ndn/h8-site/h8/C2Data-983-Type1;127849.0000;DATA;1612715813.907748
/ndn/s7-site/s7/C2Data-1654-Type3;6000413.0000;TIMEOUT;1612715808.987333
/ndn/s2-site/s2/C2Data-1349-Type3;6006228.0000;TIMEOUT;1612715809.497286
/ndn/d8-site/d8/C2Data-2193-Type2;32575.0000;DATA;1612715816.194593
/ndn/s5-site/s5/C2Data-3040-Type2;6000445.0000;TIMEOUT;1612715810.431917
/ndn/d8-site/d8/C2Data-1105-Type3;5525.0000;DATA;1612715823.428934
/ndn/s2-site/s2/C2Data-2677-Type2;6001189.0000;TIMEOUT;1612715817.833859
/ndn/s2-site/s2/C2Data-2677-Type1;6417581.0000;TIMEOUT;1612715818.186583
/ndn/d5-site/d5/C2Data-922-Type3;158068.0000;DATA;1612715826.066895
/ndn/d0-site/d0/C2Data-70-Type6;204789.0000;DATA;1612715838.782858
/ndn/d5-site/d5/C2Data-1831-Type2;179464.0000;DATA;1612715842.169674
/ndn/d8-site/d8/C2Data-2194-Type2;92969.0000;DATA;1612715842.944165
/ndn/v7-site/v7/C2Data-4493-Type2;169202.0000;DATA;1612715846.279598
/ndn/d4-site/d4/C2Data-1710-Type1;179305.0000;DATA;1612715847.465555
/ndn/s6-site/s6/C2Data-3162-Type2;6001311.0000;TIMEOUT;1612715845.040196
/ndn/s8-site/s8/C2Data-3404-Type2;6001191.0000;TIMEOUT;1612715849.788575
/ndn/d2-site/d2/C2Data-84-Type6;121952.0000;DATA;1612715863.939679
/ndn/v9-site/v9/C2Data-2387-Type3;8290.0000;DATA;1612715865.854436
/ndn/h1-site/h1/C2Data-69-Type3;100872.0000;DATA;1612715868.169192
/ndn/v6-site/v6/C2Data-2204-Type3;92700.0000;DATA;1612715870.132187
/ndn/v9-site/v9/C2Data-4736-Type1;101932.0000;DATA;1612715873.706701
/ndn/v2-site/v2/C2Data-1960-Type3;1090.0000;DATA;1612715874.560677
/ndn/v5-site/v5/C2Data-2143-Type3;1032.0000;DATA;1612715877.243813
/ndn/v3-site/v3/C2Data-4010-Type2;25147.0000;DATA;1612715878.077690
/ndn/h4-site/h4/C2Data-501-Type1;121128.0000;DATA;1612715878.064642
/ndn/s3-site/s3/C2Data-2800-Type2;6001810.0000;TIMEOUT;1612715874.220548
/ndn/d4-site/d4/C2Data-183-Type5;190828.0000;DATA;1612715881.696928
/ndn/h0-site/h0/C2Data-1-Type5;1757.0000;DATA;1612715884.460753
/ndn/s2-site/s2/C2Data-2679-Type1;6000704.0000;TIMEOUT;1612715878.806657
/ndn/h6-site/h6/C2Data-744-Type1;131916.0000;DATA;1612715899.413080
/ndn/h5-site/h5/C2Data-623-Type1;124627.0000;DATA;1612715901.935001
/ndn/h4-site/h4/C2Data-502-Type2;124929.0000;DATA;1612715905.697544
/ndn/h6-site/h6/C2Data-744-Type2;47410.0000;DATA;1612715905.868802
/ndn/v3-site/v3/C2Data-4011-Type2;148270.0000;DATA;1612715906.594672
/ndn/s0-site/s0/C2Data-2438-Type2;6000903.0000;TIMEOUT;1612715902.006628
/ndn/d3-site/d3/C2Data-1591-Type2;1101.0000;DATA;1612715908.256577
/ndn/h8-site/h8/C2Data-986-Type1;13722.0000;DATA;1612715909.216441
/ndn/s8-site/s8/C2Data-3406-Type1;6001123.0000;TIMEOUT;1612715903.953805
/ndn/s4-site/s4/C2Data-2922-Type2;6018619.0000;TIMEOUT;1612715907.587635
/ndn/s9-site/s9/C2Data-3527-Type1;6002787.0000;TIMEOUT;1612715908.506876
/ndn/h5-site/h5/C2Data-314-Type3;112268.0000;DATA;1612715924.605322
/ndn/d6-site/d6/C2Data-403-Type4;200922.0000;DATA;1612715925.757872
/ndn/h9-site/h9/C2Data-228-Type4;1201.0000;DATA;1612715926.371962
/ndn/v4-site/v4/C2Data-313-Type5;49650.0000;DATA;1612715926.414988
/ndn/h6-site/h6/C2Data-42-Type6;105627.0000;DATA;1612715928.310450
/ndn/d7-site/d7/C2Data-2076-Type1;24819.0000;DATA;1612715928.804891
/ndn/s0-site/s0/C2Data-1229-Type3;6000541.0000;TIMEOUT;1612715924.081670
/ndn/h7-site/h7/C2Data-178-Type4;152806.0000;DATA;1612715930.562548
/ndn/s7-site/s7/C2Data-1656-Type3;6000857.0000;TIMEOUT;1612715924.612436
/ndn/d8-site/d8/C2Data-2197-Type1;73984.0000;DATA;1612715930.776856
/ndn/h3-site/h3/C2Data-78-Type4;906.0000;DATA;1612715931.761728
