/ndn/v7-site/v7/C2Data-4477-Type1;103951.0000;DATA;1612720358.999658
/ndn/v3-site/v3/C2Data-3993-Type2;100819.0000;DATA;1612720360.204351
/ndn/h8-site/h8/C2Data-968-Type2;219809.0000;DATA;1612720361.770008
/ndn/v2-site/v2/C2Data-3872-Type2;56845.0000;DATA;1612720366.203997
/ndn/s6-site/s6/C2Data-3146-Type2;71747.0000;DATA;1612720369.442048
/ndn/d3-site/d3/C2Data-1573-Type1;176673.0000;DATA;1612720370.111045
/ndn/d2-site/d2/C2Data-732-Type3;76907.0000;DATA;1612720387.169046
/ndn/d0-site/d0/C2Data-610-Type3;244869.0000;DATA;1612720389.142761
/ndn/d4-site/d4/C2Data-1695-Type2;149902.0000;DATA;1612720389.528676
/ndn/v2-site/v2/C2Data-3873-Type2;50182.0000;DATA;1612720390.584258
/ndn/d5-site/d5/C2Data-915-Type3;72419.0000;DATA;1612720390.586609
/ndn/d5-site/d5/C2Data-1816-Type1;76708.0000;DATA;1612720391.125838
/ndn/s5-site/s5/C2Data-3026-Type2;129826.0000;DATA;1612720392.471047
/ndn/v3-site/v3/C2Data-3994-Type1;96801.0000;DATA;1612720392.955985
/ndn/v4-site/v4/C2Data-4115-Type2;198165.0000;DATA;1612720394.136014
/ndn/h3-site/h3/C2Data-364-Type2;97684.0000;DATA;1612720394.841012
/ndn/s5-site/s5/C2Data-3026-Type1;130707.0000;DATA;1612720396.032735
/ndn/d6-site/d6/C2Data-976-Type3;271993.0000;DATA;1612720396.675542
/ndn/s3-site/s3/C2Data-2784-Type2;227761.0000;DATA;1612720399.873979
/ndn/d1-site/d1/C2Data-671-Type3;58874.0000;DATA;1612720401.737854
/ndn/s4-site/s4/C2Data-1464-Type3;42641.0000;DATA;1612720403.965453
/ndn/s9-site/s9/C2Data-1769-Type3;178922.0000;DATA;1612720404.898683
/ndn/d8-site/d8/C2Data-2180-Type1;25237.0000;DATA;1612720418.949605
/ndn/v2-site/v2/C2Data-3874-Type2;50674.0000;DATA;1612720419.748102
/ndn/d6-site/d6/C2Data-1938-Type2;252477.0000;DATA;1612720419.860100
/ndn/d1-site/d1/C2Data-1333-Type2;49934.0000;DATA;1612720420.175415
/ndn/d2-site/d2/C2Data-1454-Type2;74497.0000;DATA;1612720421.242449
/ndn/v0-site/v0/C2Data-3632-Type2;148721.0000;DATA;1612720426.405037
/ndn/v6-site/v6/C2Data-4358-Type1;134362.0000;DATA;1612720426.769924
/ndn/h1-site/h1/C2Data-123-Type2;182559.0000;DATA;1612720426.780126
/ndn/h6-site/h6/C2Data-728-Type2;236456.0000;DATA;1612720428.182179
/ndn/s9-site/s9/C2Data-3511-Type1;196557.0000;DATA;1612720430.639266
/ndn/v8-site/v8/C2Data-2319-Type3;149419.0000;DATA;1612720442.841103
/ndn/s9-site/s9/C2Data-1770-Type3;221306.0000;DATA;1612720443.889183
/ndn/v3-site/v3/C2Data-3996-Type1;113279.0000;DATA;1612720449.769167
/ndn/v7-site/v7/C2Data-4480-Type1;98514.0000;DATA;1612720451.109379
/ndn/d8-site/d8/C2Data-2181-Type1;30961.0000;DATA;1612720451.310252
/ndn/v1-site/v1/C2Data-3754-Type2;173191.0000;DATA;1612720453.175776
/ndn/s4-site/s4/C2Data-1465-Type3;24518.0000;DATA;1612720453.686470
/ndn/h2-site/h2/C2Data-245-Type2;97787.0000;DATA;1612720454.349915
/ndn/v1-site/v1/C2Data-3754-Type1;171988.0000;DATA;1612720454.638463
/ndn/s7-site/s7/C2Data-1648-Type3;6003993.0000;TIMEOUT;1612720449.391413
/ndn/s3-site/s3/C2Data-2786-Type1;201701.0000;DATA;1612720455.405068
/ndn/d2-site/d2/C2Data-300-Type4;131982.0000;DATA;1612720460.079695
/ndn/d3-site/d3/C2Data-794-Type3;180859.0000;DATA;1612720463.115593
/ndn/d9-site/d9/C2Data-1160-Type3;100361.0000;DATA;1612720463.524936
/ndn/v3-site/v3/C2Data-2014-Type3;97848.0000;DATA;1612720464.627240
/ndn/d8-site/d8/C2Data-450-Type4;196857.0000;DATA;1612720473.451402
/ndn/d1-site/d1/C2Data-275-Type4;54339.0000;DATA;1612720476.493456
/ndn/d6-site/d6/C2Data-1940-Type1;258360.0000;DATA;1612720480.460771
/ndn/v0-site/v0/C2Data-3634-Type2;135757.0000;DATA;1612720481.408352
/ndn/v1-site/v1/C2Data-3755-Type1;173690.0000;DATA;1612720483.101297
/ndn/h1-site/h1/C2Data-125-Type1;172471.0000;DATA;1612720485.058087
/ndn/d7-site/d7/C2Data-2061-Type1;25684.0000;DATA;1612720485.747226
/ndn/d8-site/d8/C2Data-2182-Type1;26238.0000;DATA;1612720486.049852
/ndn/s6-site/s6/C2Data-3150-Type2;72074.0000;DATA;1612720486.590251
/ndn/s3-site/s3/C2Data-2787-Type1;6000925.0000;TIMEOUT;1612720487.228311
/ndn/s9-site/s9/C2Data-3513-Type1;6000751.0000;TIMEOUT;1612720488.804397
/ndn/h6-site/h6/C2Data-150-Type4;268514.0000;DATA;1612720502.949422
/ndn/d3-site/d3/C2Data-795-Type3;176234.0000;DATA;1612720505.922071
/ndn/d8-site/d8/C2Data-1100-Type3;25265.0000;DATA;1612720507.053295
/ndn/d2-site/d2/C2Data-1457-Type1;76615.0000;DATA;1612720509.610276
/ndn/h1-site/h1/C2Data-126-Type1;187942.0000;DATA;1612720509.577047
/ndn/d4-site/d4/C2Data-350-Type4;129679.0000;DATA;1612720509.651433
/ndn/v3-site/v3/C2Data-3998-Type1;108886.0000;DATA;1612720510.269558
/ndn/h4-site/h4/C2Data-246-Type3;175802.0000;DATA;1612720510.485960
/ndn/d5-site/d5/C2Data-1820-Type2;79623.0000;DATA;1612720510.800722
/ndn/v1-site/v1/C2Data-3756-Type2;197820.0000;DATA;1612720512.653565
/ndn/h0-site/h0/C2Data-5-Type2;54901.0000;DATA;1612720514.386399
/ndn/d5-site/d5/C2Data-917-Type3;85033.0000;DATA;1612720514.610231
/ndn/s4-site/s4/C2Data-1466-Type3;6001744.0000;TIMEOUT;1612720509.087600
/ndn/s4-site/s4/C2Data-2909-Type1;6003890.0000;TIMEOUT;1612720510.701138
/ndn/v3-site/v3/C2Data-3998-Type2;104437.0000;DATA;1612720517.999145
/ndn/d1-site/d1/C2Data-1336-Type2;54662.0000;DATA;1612720520.358061
/ndn/s9-site/s9/C2Data-3514-Type2;6002716.0000;TIMEOUT;1612720515.987905
/ndn/s2-site/s2/C2Data-2667-Type2;6003274.0000;TIMEOUT;1612720518.509150
/ndn/s7-site/s7/C2Data-1649-Type3;6001222.0000;TIMEOUT;1612720521.753860
/ndn/v1-site/v1/C2Data-3757-Type1;224941.0000;DATA;1612720539.324328
/ndn/d7-site/d7/C2Data-2063-Type1;35692.0000;DATA;1612720543.979343
/ndn/v2-site/v2/C2Data-3878-Type2;47988.0000;DATA;1612720545.855667
/ndn/h2-site/h2/C2Data-248-Type2;101520.0000;DATA;1612720546.687503
/ndn/v0-site/v0/C2Data-3636-Type1;178245.0000;DATA;1612720547.841322
/ndn/d4-site/d4/C2Data-1700-Type2;136982.0000;DATA;1612720548.111899
/ndn/v5-site/v5/C2Data-4241-Type2;200621.0000;DATA;1612720548.730113
/ndn/h7-site/h7/C2Data-853-Type2;196196.0000;DATA;1612720548.954512
/ndn/s6-site/s6/C2Data-3152-Type1;6001084.0000;TIMEOUT;1612720544.850758
/ndn/s2-site/s2/C2Data-2668-Type2;6001426.0000;TIMEOUT;1612720548.289113
/ndn/v3-site/v3/C2Data-2016-Type3;107406.0000;DATA;1612720565.724625
/ndn/h5-site/h5/C2Data-612-Type2;171372.0000;DATA;1612720569.176494
/ndn/v0-site/v0/C2Data-1833-Type3;162483.0000;DATA;1612720569.905892
/ndn/h8-site/h8/C2Data-975-Type2;222614.0000;DATA;1612720571.554182
/ndn/s3-site/s3/C2Data-2790-Type2;6001839.0000;TIMEOUT;1612720570.520748
/ndn/s2-site/s2/C2Data-2669-Type2;6001817.0000;TIMEOUT;1612720572.115426
/ndn/d1-site/d1/C2Data-674-Type3;50407.0000;DATA;1612720580.795000
/ndn/s4-site/s4/C2Data-1467-Type3;6000473.0000;TIMEOUT;1612720575.099305
/ndn/s1-site/s1/C2Data-2548-Type1;6001692.0000;TIMEOUT;1612720575.126289
/ndn/d4-site/d4/C2Data-182-Type5;125460.0000;DATA;1612720581.194812
/ndn/s8-site/s8/C2Data-3395-Type2;6000774.0000;TIMEOUT;1612720575.524042
/ndn/s3-site/s3/C2Data-2790-Type1;6002707.0000;TIMEOUT;1612720577.660744
/ndn/s8-site/s8/C2Data-3395-Type1;6001139.0000;TIMEOUT;1612720579.648412
/ndn/d6-site/d6/C2Data-208-Type5;276604.0000;DATA;1612720587.577672
/ndn/s1-site/s1/C2Data-1284-Type3;6001735.0000;TIMEOUT;1612720585.583829
/ndn/d2-site/d2/C2Data-1460-Type1;77374.0000;DATA;1612720600.127978
/ndn/v2-site/v2/C2Data-3880-Type1;77007.0000;DATA;1612720605.104309
/ndn/s7-site/s7/C2Data-3275-Type1;6001482.0000;TIMEOUT;1612720599.602643
/ndn/h7-site/h7/C2Data-176-Type4;213704.0000;DATA;1612720606.013726
/ndn/v1-site/v1/C2Data-3759-Type1;178991.0000;DATA;1612720606.640478
/ndn/v7-site/v7/C2Data-4485-Type1;101263.0000;DATA;1612720606.740904
/ndn/h4-site/h4/C2Data-492-Type1;171577.0000;DATA;1612720607.538129
/ndn/s9-site/s9/C2Data-3517-Type2;6002815.0000;TIMEOUT;1612720603.355024
/ndn/h6-site/h6/C2Data-151-Type4;263135.0000;DATA;1612720613.243749
/ndn/v5-site/v5/C2Data-325-Type5;206087.0000;DATA;1612720617.971995
/ndn/h8-site/h8/C2Data-201-Type4;232237.0000;DATA;1612720618.021975
/ndn/v1-site/v1/C2Data-273-Type5;207135.0000;DATA;1612720619.746536
/ndn/d2-site/d2/C2Data-736-Type3;82442.0000;DATA;1612720624.608280
/ndn/v6-site/v6/C2Data-2200-Type3;120271.0000;DATA;1612720629.214443
/ndn/s1-site/s1/C2Data-1285-Type3;6011862.0000;TIMEOUT;1612720626.616956
/ndn/h2-site/h2/C2Data-51-Type4;110665.0000;DATA;1612720632.563967
/ndn/h0-site/h0/C2Data-1-Type4;52314.0000;DATA;1612720635.698040
/ndn/h6-site/h6/C2Data-370-Type3;275308.0000;DATA;1612720636.346847
/ndn/v6-site/v6/C2Data-4365-Type2;124608.0000;DATA;1612720636.627634
/ndn/d5-site/d5/C2Data-376-Type4;76946.0000;DATA;1612720637.282835
/ndn/d2-site/d2/C2Data-1461-Type2;73163.0000;DATA;1612720637.902063
/ndn/d0-site/d0/C2Data-1219-Type1;221823.0000;DATA;1612720638.045407
/ndn/d8-site/d8/C2Data-451-Type4;31191.0000;DATA;1612720638.241689
/ndn/v1-site/v1/C2Data-3760-Type2;180658.0000;DATA;1612720638.372067
/ndn/v4-site/v4/C2Data-4123-Type1;201643.0000;DATA;1612720639.093563
/ndn/v9-site/v9/C2Data-4728-Type1;55802.0000;DATA;1612720639.805757
/ndn/d3-site/d3/C2Data-797-Type3;177605.0000;DATA;1612720639.848247
/ndn/h5-site/h5/C2Data-309-Type3;196506.0000;DATA;1612720640.823181
/ndn/s1-site/s1/C2Data-2550-Type2;6001982.0000;TIMEOUT;1612720635.049607
/ndn/s4-site/s4/C2Data-1468-Type3;6001803.0000;TIMEOUT;1612720636.064488
/ndn/s0-site/s0/C2Data-2429-Type2;6000728.0000;TIMEOUT;1612720636.899604
/ndn/s5-site/s5/C2Data-3034-Type1;6001170.0000;TIMEOUT;1612720638.183372
/ndn/s6-site/s6/C2Data-3155-Type2;6000591.0000;TIMEOUT;1612720638.631052
/ndn/d6-site/d6/C2Data-980-Type3;275574.0000;DATA;1612720646.067874
/ndn/s9-site/s9/C2Data-1773-Type3;6001799.0000;TIMEOUT;1612720640.496977
/ndn/d9-site/d9/C2Data-476-Type4;75924.0000;DATA;1612720649.184185
/ndn/s0-site/s0/C2Data-1224-Type3;6005516.0000;TIMEOUT;1612720644.536019
/ndn/v1-site/v1/C2Data-526-Type4;254029.0000;DATA;1612720651.698303
/ndn/d5-site/d5/C2Data-1825-Type1;77616.0000;DATA;1612720659.200971
/ndn/h0-site/h0/C2Data-10-Type1;51959.0000;DATA;1612720659.699983
/ndn/h5-site/h5/C2Data-615-Type2;189499.0000;DATA;1612720660.964648
/ndn/h4-site/h4/C2Data-494-Type2;212989.0000;DATA;1612720666.584970
/ndn/v8-site/v8/C2Data-4608-Type2;153342.0000;DATA;1612720667.033342
/ndn/s9-site/s9/C2Data-3519-Type1;6003509.0000;TIMEOUT;1612720661.244098
/ndn/h8-site/h8/C2Data-978-Type2;251848.0000;DATA;1612720667.421257
/ndn/d0-site/d0/C2Data-1220-Type2;236168.0000;DATA;1612720667.711829
/ndn/v8-site/v8/C2Data-2323-Type3;177880.0000;DATA;1612720685.005430
/ndn/v0-site/v0/C2Data-3641-Type1;146989.0000;DATA;1612720690.149082
/ndn/v0-site/v0/C2Data-260-Type5;170881.0000;DATA;1612720690.863421
/ndn/d7-site/d7/C2Data-1042-Type3;28975.0000;DATA;1612720693.906280
/ndn/s3-site/s3/C2Data-2794-Type2;6001509.0000;TIMEOUT;1612720688.752941
/ndn/h8-site/h8/C2Data-979-Type2;246427.0000;DATA;1612720698.441135
/ndn/d6-site/d6/C2Data-1947-Type2;270247.0000;DATA;1612720698.840976
/ndn/s6-site/s6/C2Data-3157-Type2;6002635.0000;TIMEOUT;1612720694.784833
/ndn/s7-site/s7/C2Data-1652-Type3;6001540.0000;TIMEOUT;1612720695.871743
/ndn/v4-site/v4/C2Data-2079-Type3;202669.0000;DATA;1612720704.670222
/ndn/h0-site/h0/C2Data-5-Type3;54607.0000;DATA;1612720705.602439
/ndn/v6-site/v6/C2Data-4368-Type1;123528.0000;DATA;1612720724.572959
/ndn/s5-site/s5/C2Data-3037-Type1;6031568.0000;TIMEOUT;1612720726.266687
/ndn/s2-site/s2/C2Data-2674-Type1;6000587.0000;TIMEOUT;1612720726.301348
/ndn/s9-site/s9/C2Data-1775-Type3;6072043.0000;TIMEOUT;1612720743.703192
/ndn/d5-site/d5/C2Data-1828-Type2;101063.0000;DATA;1612720751.347967
/ndn/v3-site/v3/C2Data-4006-Type2;95325.0000;DATA;1612720751.495053
/ndn/d6-site/d6/C2Data-982-Type3;262298.0000;DATA;1612720751.740098
/ndn/v5-site/v5/C2Data-2141-Type3;198559.0000;DATA;1612720753.314216
/ndn/h2-site/h2/C2Data-255-Type2;96543.0000;DATA;1612720755.338984
/ndn/d5-site/d5/C2Data-1828-Type1;91911.0000;DATA;1612720756.357362
/ndn/d3-site/d3/C2Data-799-Type3;172447.0000;DATA;1612720757.381691
/ndn/h4-site/h4/C2Data-497-Type1;179876.0000;DATA;1612720758.408359
/ndn/s0-site/s0/C2Data-1226-Type3;6000604.0000;TIMEOUT;1612720753.109056
/ndn/d7-site/d7/C2Data-1043-Type3;25859.0000;DATA;1612720762.057479
/ndn/v7-site/v7/C2Data-2263-Type3;98204.0000;DATA;1612720762.907299
/ndn/d4-site/d4/C2Data-860-Type3;161634.0000;DATA;1612720763.559376
/ndn/h2-site/h2/C2Data-128-Type3;103080.0000;DATA;1612720765.277201
/ndn/d1-site/d1/C2Data-677-Type3;50559.0000;DATA;1612720766.049691
/ndn/s7-site/s7/C2Data-1653-Type3;6005846.0000;TIMEOUT;1612720765.315543
/ndn/v3-site/v3/C2Data-4007-Type1;110066.0000;DATA;1612720780.412990
/ndn/v8-site/v8/C2Data-702-Type4;151754.0000;DATA;1612720782.206296
/ndn/v4-site/v4/C2Data-4128-Type2;197404.0000;DATA;1612720782.135673
/ndn/d1-site/d1/C2Data-1345-Type2;58070.0000;DATA;1612720782.840919
/ndn/h0-site/h0/C2Data-14-Type1;48879.0000;DATA;1612720783.642192
/ndn/s1-site/s1/C2Data-2555-Type1;6002024.0000;TIMEOUT;1612720779.029050
/ndn/v3-site/v3/C2Data-577-Type4;103525.0000;DATA;1612720787.767624
/ndn/h4-site/h4/C2Data-102-Type4;179054.0000;DATA;1612720787.975363
/ndn/v0-site/v0/C2Data-3644-Type1;148638.0000;DATA;1612720789.479175
/ndn/v6-site/v6/C2Data-4370-Type2;117892.0000;DATA;1612720789.619921
/ndn/d9-site/d9/C2Data-477-Type4;96724.0000;DATA;1612720791.121299
/ndn/d2-site/d2/C2Data-302-Type4;192301.0000;DATA;1612720803.464053
/ndn/v7-site/v7/C2Data-677-Type4;106522.0000;DATA;1612720808.683270
/ndn/h1-site/h1/C2Data-136-Type1;187963.0000;DATA;1612720810.519540
/ndn/s9-site/s9/C2Data-1776-Type3;6000628.0000;TIMEOUT;1612720805.567150
/ndn/d9-site/d9/C2Data-2314-Type1;74434.0000;DATA;1612720812.032969
/ndn/d5-site/d5/C2Data-377-Type4;72156.0000;DATA;1612720812.776231
/ndn/h8-site/h8/C2Data-983-Type2;229978.0000;DATA;1612720815.200941
/ndn/s3-site/s3/C2Data-2798-Type2;6005592.0000;TIMEOUT;1612720811.369669
/ndn/d8-site/d8/C2Data-1105-Type3;24493.0000;DATA;1612720818.420962
/ndn/v3-site/v3/C2Data-4008-Type1;96626.0000;DATA;1612720818.834585
/ndn/s1-site/s1/C2Data-2556-Type2;6000648.0000;TIMEOUT;1612720813.584042
/ndn/v0-site/v0/C2Data-1837-Type3;158467.0000;DATA;1612720820.577768
/ndn/s5-site/s5/C2Data-3040-Type2;6001064.0000;TIMEOUT;1612720815.663568
/ndn/v6-site/v6/C2Data-182-Type6;135249.0000;DATA;1612720821.926735
/ndn/s9-site/s9/C2Data-3524-Type2;6010942.0000;TIMEOUT;1612720816.227135
/ndn/s3-site/s3/C2Data-2798-Type1;6001610.0000;TIMEOUT;1612720816.906492
/ndn/s5-site/s5/C2Data-1532-Type3;6012409.0000;TIMEOUT;1612720820.608309
/ndn/v9-site/v9/C2Data-4735-Type2;48307.0000;DATA;1612720838.706549
/ndn/h3-site/h3/C2Data-379-Type1;98101.0000;DATA;1612720841.025528
/ndn/v1-site/v1/C2Data-3767-Type2;170264.0000;DATA;1612720846.016091
/ndn/s2-site/s2/C2Data-2678-Type2;6001067.0000;TIMEOUT;1612720840.739978
/ndn/v0-site/v0/C2Data-3646-Type2;171435.0000;DATA;1612720850.043182
/ndn/v5-site/v5/C2Data-4251-Type1;255507.0000;DATA;1612720850.339012
/ndn/s6-site/s6/C2Data-3162-Type2;6007048.0000;TIMEOUT;1612720845.378814
/ndn/h7-site/h7/C2Data-49-Type6;219185.0000;DATA;1612720851.326151
/ndn/s1-site/s1/C2Data-2557-Type1;6010729.0000;TIMEOUT;1612720846.076315
/ndn/v4-site/v4/C2Data-2082-Type3;682580.0000;DATA;1612720864.600038
/ndn/h0-site/h0/C2Data-8-Type3;96441.0000;DATA;1612720866.232250
/ndn/d4-site/d4/C2Data-862-Type3;121495.0000;DATA;1612720867.843966
/ndn/h4-site/h4/C2Data-252-Type3;171137.0000;DATA;1612720868.510518
/ndn/d7-site/d7/C2Data-1045-Type3;26704.0000;DATA;1612720869.448130
/ndn/v8-site/v8/C2Data-2326-Type3;147712.0000;DATA;1612720870.133914
/ndn/s3-site/s3/C2Data-1411-Type3;6004950.0000;TIMEOUT;1612720865.234257
/ndn/v5-site/v5/C2Data-4252-Type2;223539.0000;DATA;1612720873.087769
/ndn/v7-site/v7/C2Data-189-Type6;119042.0000;DATA;1612720873.793893
/ndn/v4-site/v4/C2Data-4131-Type2;201914.0000;DATA;1612720875.044950
/ndn/d2-site/d2/C2Data-1469-Type2;75655.0000;DATA;1612720877.958710
/ndn/s0-site/s0/C2Data-1228-Type3;6001079.0000;TIMEOUT;1612720872.849034
/ndn/d0-site/d0/C2Data-1227-Type2;249163.0000;DATA;1612720879.892582
/ndn/s7-site/s7/C2Data-1655-Type3;6000446.0000;TIMEOUT;1612720875.131154
/ndn/v5-site/v5/C2Data-2143-Type3;202071.0000;DATA;1612720882.528081
/ndn/s2-site/s2/C2Data-2679-Type2;6000824.0000;TIMEOUT;1612720876.799798
/ndn/d1-site/d1/C2Data-144-Type5;50002.0000;DATA;1612720898.532809
/ndn/d1-site/d1/C2Data-1349-Type2;52318.0000;DATA;1612720900.134264
/ndn/v7-site/v7/C2Data-4495-Type2;99510.0000;DATA;1612720901.511953
/ndn/d3-site/d3/C2Data-1591-Type2;174060.0000;DATA;1612720903.360053
/ndn/s8-site/s8/C2Data-3406-Type2;6001806.0000;TIMEOUT;1612720898.616321
/ndn/d6-site/d6/C2Data-1954-Type1;249544.0000;DATA;1612720904.733049
/ndn/s7-site/s7/C2Data-3285-Type2;6011428.0000;TIMEOUT;1612720903.040819
/ndn/s4-site/s4/C2Data-2922-Type2;6006493.0000;TIMEOUT;1612720908.344550
/ndn/d2-site/d2/C2Data-157-Type5;76706.0000;DATA;1612720915.657424
/ndn/v5-site/v5/C2Data-326-Type5;265044.0000;DATA;1612720918.872573
/ndn/d1-site/d1/C2Data-77-Type6;88473.0000;DATA;1612720920.195635
/ndn/d5-site/d5/C2Data-378-Type4;82468.0000;DATA;1612720921.273834
/ndn/v7-site/v7/C2Data-2266-Type3;109657.0000;DATA;1612720925.864672
/ndn/h2-site/h2/C2Data-131-Type3;111048.0000;DATA;1612720927.677263
/ndn/h4-site/h4/C2Data-503-Type1;171455.0000;DATA;1612720928.633114
/ndn/d2-site/d2/C2Data-303-Type4;76760.0000;DATA;1612720929.964133
/ndn/d5-site/d5/C2Data-924-Type3;74464.0000;DATA;1612720930.158285
/ndn/d4-site/d4/C2Data-863-Type3;122035.0000;DATA;1612720934.227758
