/ndn/h1-site/h1/C2Data-121-Type2;645.0000;DATA;1611605674.838213
/ndn/s13-site/s13/C2Data-5203-Type2;532.0000;NACK;1611605676.817318
/ndn/s4-site/s4/C2Data-4114-Type1;549.0000;NACK;1611605677.736163
/ndn/h3-site/h3/C2Data-363-Type2;48498.0000;DATA;1611605678.973108
/ndn/v10-site/v10/C2Data-6655-Type1;48139.0000;DATA;1611605679.520122
/ndn/d3-site/d3/C2Data-2178-Type2;123253.0000;DATA;1611605679.830097
/ndn/h11-site/h11/C2Data-1331-Type1;70048.0000;DATA;1611605680.017034
/ndn/h7-site/h7/C2Data-847-Type1;239158.0000;DATA;1611605679.914053
/ndn/h5-site/h5/C2Data-605-Type2;123674.0000;DATA;1611605681.001093
/ndn/h4-site/h4/C2Data-484-Type1;201165.0000;DATA;1611605682.499118
/ndn/s11-site/s11/C2Data-4961-Type1;640.0000;NACK;1611605684.591102
/ndn/s0-site/s0/C2Data-3630-Type1;142517.0000;DATA;1611605684.870054
/ndn/h4-site/h4/C2Data-244-Type3;191627.0000;DATA;1611605700.125358
/ndn/h3-site/h3/C2Data-183-Type3;540.0000;DATA;1611605701.786099
/ndn/d10-site/d10/C2Data-1525-Type3;47198.0000;DATA;1611605702.807060
/ndn/d9-site/d9/C2Data-1464-Type3;93233.0000;DATA;1611605703.770123
/ndn/v10-site/v10/C2Data-3355-Type3;52064.0000;DATA;1611605704.803126
/ndn/h6-site/h6/C2Data-727-Type1;142452.0000;DATA;1611605705.006120
/ndn/s11-site/s11/C2Data-4962-Type2;367.0000;NACK;1611605706.799135
/ndn/v9-site/v9/C2Data-6535-Type2;455.0000;NACK;1611605707.195204
/ndn/s4-site/s4/C2Data-4115-Type2;640.0000;NACK;1611605707.623102
/ndn/d13-site/d13/C2Data-3389-Type2;47597.0000;DATA;1611605707.973023
/ndn/h7-site/h7/C2Data-848-Type1;48839.0000;DATA;1611605707.982089
/ndn/v7-site/v7/C2Data-3172-Type3;49459.0000;DATA;1611605708.317047
/ndn/v0-site/v0/C2Data-5446-Type2;145727.0000;DATA;1611605708.327052
/ndn/s13-site/s13/C2Data-2623-Type3;550.0000;NACK;1611605708.807157
/ndn/h1-site/h1/C2Data-61-Type3;393.0000;DATA;1611605708.914096
/ndn/s12-site/s12/C2Data-5083-Type1;477.0000;NACK;1611605709.349119
/ndn/s4-site/s4/C2Data-2074-Type3;469.0000;NACK;1611605710.387069
/ndn/h5-site/h5/C2Data-606-Type2;145533.0000;DATA;1611605710.917103
/ndn/s7-site/s7/C2Data-4478-Type1;95867.0000;DATA;1611605713.847139
/ndn/h13-site/h13/C2Data-793-Type3;555.0000;DATA;1611605714.358098
/ndn/d13-site/d13/C2Data-3389-Type1;48626.0000;DATA;1611605715.362104
/ndn/s6-site/s6/C2Data-2196-Type3;48881.0000;DATA;1611605715.512130
/ndn/d0-site/d0/C2Data-915-Type3;657.0000;DATA;1611605717.616090
/ndn/v5-site/v5/C2Data-3050-Type3;597.0000;DATA;1611605718.717082
/ndn/v9-site/v9/C2Data-3294-Type3;69033.0000;DATA;1611605718.679027
/ndn/s7-site/s7/C2Data-2257-Type3;1081.0000;DATA;1611605718.893117
/ndn/v2-site/v2/C2Data-2867-Type3;463.0000;DATA;1611605720.333015
/ndn/s0-site/s0/C2Data-1830-Type3;717.0000;DATA;1611605720.854075
/ndn/d7-site/d7/C2Data-1342-Type3;592.0000;DATA;1611605721.068079
/ndn/s13-site/s13/C2Data-5205-Type2;448.0000;NACK;1611605736.098047
/ndn/h14-site/h14/C2Data-1696-Type1;738.0000;NACK;1611605736.240166
/ndn/s0-site/s0/C2Data-3632-Type1;142611.0000;DATA;1611605738.185085
/ndn/h4-site/h4/C2Data-486-Type1;121256.0000;DATA;1611605739.068052
/ndn/s1-site/s1/C2Data-3753-Type1;51047.0000;DATA;1611605740.949113
/ndn/h11-site/h11/C2Data-1333-Type1;578.0000;DATA;1611605741.614047
/ndn/v10-site/v10/C2Data-6657-Type1;774.0000;DATA;1611605742.568183
/ndn/d13-site/d13/C2Data-3390-Type1;50940.0000;DATA;1611605742.521093
/ndn/v12-site/v12/C2Data-6899-Type1;46563.0000;DATA;1611605742.720206
/ndn/s1-site/s1/C2Data-3753-Type2;144460.0000;DATA;1611605742.795042
/ndn/v11-site/v11/C2Data-6778-Type2;722.0000;DATA;1611605745.919071
/ndn/s7-site/s7/C2Data-2258-Type3;444.0000;DATA;1611605759.044041
/ndn/v1-site/v1/C2Data-2807-Type3;128970.0000;DATA;1611605763.535528
/ndn/h12-site/h12/C2Data-1455-Type1;168012.0000;DATA;1611605764.367100
/ndn/v4-site/v4/C2Data-5932-Type1;47343.0000;DATA;1611605764.798098
/ndn/h11-site/h11/C2Data-1334-Type1;77828.0000;DATA;1611605764.840088
/ndn/s13-site/s13/C2Data-5206-Type2;148985.0000;DATA;1611605765.385058
/ndn/v1-site/v1/C2Data-5569-Type2;118008.0000;DATA;1611605765.699094
/ndn/v14-site/v14/C2Data-7142-Type1;118238.0000;DATA;1611605765.761053
/ndn/v14-site/v14/C2Data-7142-Type2;124799.0000;DATA;1611605766.340029
/ndn/v2-site/v2/C2Data-5690-Type2;74541.0000;DATA;1611605766.759107
/ndn/d11-site/d11/C2Data-1587-Type3;497.0000;DATA;1611605767.033037
/ndn/v4-site/v4/C2Data-5932-Type2;48217.0000;DATA;1611605767.523164
/ndn/d10-site/d10/C2Data-3028-Type2;194101.0000;DATA;1611605767.430038
/ndn/h9-site/h9/C2Data-1092-Type2;118274.0000;DATA;1611605767.638087
/ndn/h10-site/h10/C2Data-611-Type3;124788.0000;DATA;1611605767.942068
/ndn/v7-site/v7/C2Data-3173-Type3;48208.0000;DATA;1611605768.122175
/ndn/s0-site/s0/C2Data-1831-Type3;514.0000;DATA;1611605769.380060
/ndn/s6-site/s6/C2Data-2197-Type3;25596.0000;DATA;1611605769.899090
/ndn/v8-site/v8/C2Data-6416-Type2;23599.0000;DATA;1611605770.676161
/ndn/s0-site/s0/C2Data-3633-Type2;46485.0000;DATA;1611605771.231111
/ndn/v10-site/v10/C2Data-6658-Type1;71519.0000;DATA;1611605771.623026
/ndn/h12-site/h12/C2Data-1455-Type2;23318.0000;DATA;1611605771.696095
/ndn/s9-site/s9/C2Data-2380-Type3;566.0000;DATA;1611605772.566233
/ndn/d11-site/d11/C2Data-3149-Type2;619.0000;DATA;1611605772.626013
/ndn/h14-site/h14/C2Data-855-Type3;449.0000;DATA;1611605772.644091
/ndn/s7-site/s7/C2Data-4480-Type2;561.0000;DATA;1611605773.763121
/ndn/v10-site/v10/C2Data-3356-Type3;888.0000;DATA;1611605774.298109
/ndn/v4-site/v4/C2Data-2990-Type3;48727.0000;DATA;1611605775.737104
/ndn/h3-site/h3/C2Data-366-Type1;97949.0000;DATA;1611605775.707030
/ndn/v13-site/v13/C2Data-3539-Type3;779.0000;DATA;1611605777.314125
/ndn/s10-site/s10/C2Data-2441-Type3;540.0000;DATA;1611605779.676102
/ndn/h3-site/h3/C2Data-75-Type4;100083.0000;DATA;1611605779.956069
/ndn/d1-site/d1/C2Data-400-Type4;153888.0000;DATA;1611605780.790083
/ndn/v10-site/v10/C2Data-6659-Type2;74160.0000;DATA;1611605797.296104
/ndn/h9-site/h9/C2Data-1093-Type1;121422.0000;DATA;1611605797.409094
/ndn/v9-site/v9/C2Data-6538-Type2;199931.0000;DATA;1611605798.677099
/ndn/v13-site/v13/C2Data-7022-Type2;92080.0000;DATA;1611605799.007073
/ndn/h12-site/h12/C2Data-1456-Type2;71535.0000;DATA;1611605799.392076
/ndn/v8-site/v8/C2Data-6417-Type1;228505.0000;DATA;1611605801.196101
/ndn/s13-site/s13/C2Data-5207-Type2;26726.0000;DATA;1611605801.932025
/ndn/v7-site/v7/C2Data-6296-Type1;92538.0000;DATA;1611605803.213099
/ndn/d0-site/d0/C2Data-1819-Type1;615.0000;DATA;1611605803.539112
/ndn/v14-site/v14/C2Data-7143-Type1;559.0000;DATA;1611605804.879115
/ndn/d12-site/d12/C2Data-3271-Type2;644.0000;DATA;1611605805.509105
/ndn/h8-site/h8/C2Data-972-Type1;118151.0000;DATA;1611605805.819107
/ndn/v6-site/v6/C2Data-3113-Type3;46776.0000;DATA;1611605818.526802
/ndn/v14-site/v14/C2Data-3601-Type3;117298.0000;DATA;1611605818.770066
/ndn/d6-site/d6/C2Data-1283-Type3;140573.0000;DATA;1611605818.903094
/ndn/v5-site/v5/C2Data-3052-Type3;636.0000;DATA;1611605820.572102
/ndn/h2-site/h2/C2Data-124-Type3;215627.0000;DATA;1611605820.593062
/ndn/s12-site/s12/C2Data-2564-Type3;145115.0000;DATA;1611605823.645161
/ndn/s9-site/s9/C2Data-2381-Type3;80749.0000;DATA;1611605823.813128
/ndn/h5-site/h5/C2Data-610-Type2;143005.0000;DATA;1611605826.342102
/ndn/h5-site/h5/C2Data-125-Type4;52261.0000;DATA;1611605826.539038
/ndn/s8-site/s8/C2Data-4603-Type1;481.0000;DATA;1611605827.831064
/ndn/h10-site/h10/C2Data-1215-Type1;595.0000;DATA;1611605828.441055
/ndn/d14-site/d14/C2Data-1771-Type3;626.0000;DATA;1611605828.545055
/ndn/h1-site/h1/C2Data-126-Type1;680.0000;DATA;1611605829.229102
/ndn/s13-site/s13/C2Data-2625-Type3;24216.0000;DATA;1611605830.709028
/ndn/d9-site/d9/C2Data-2909-Type1;95514.0000;DATA;1611605831.524118
/ndn/s11-site/s11/C2Data-2503-Type3;46875.0000;DATA;1611605831.801235
/ndn/s9-site/s9/C2Data-4724-Type1;118856.0000;DATA;1611605831.775043
/ndn/v5-site/v5/C2Data-6055-Type2;688.0000;DATA;1611605831.916078
/ndn/h11-site/h11/C2Data-1336-Type1;50632.0000;DATA;1611605831.977066
/ndn/d13-site/d13/C2Data-1710-Type3;612.0000;DATA;1611605832.966085
/ndn/s14-site/s14/C2Data-5329-Type2;521.0000;DATA;1611605834.227022
/ndn/h14-site/h14/C2Data-856-Type3;605.0000;DATA;1611605834.368039
/ndn/d11-site/d11/C2Data-1588-Type3;597.0000;DATA;1611605834.970057
/ndn/s7-site/s7/C2Data-4482-Type1;617.0000;DATA;1611605835.272051
/ndn/s13-site/s13/C2Data-5208-Type1;121634.0000;DATA;1611605835.236064
/ndn/s10-site/s10/C2Data-2442-Type3;633.0000;DATA;1611605837.857093
/ndn/s1-site/s1/C2Data-1893-Type3;23617.0000;DATA;1611605838.652042
/ndn/h7-site/h7/C2Data-429-Type3;46343.0000;DATA;1611605838.858131
/ndn/h6-site/h6/C2Data-368-Type3;52722.0000;DATA;1611605842.088149
/ndn/s10-site/s10/C2Data-4846-Type2;149570.0000;DATA;1611605854.511096
/ndn/v7-site/v7/C2Data-6298-Type2;23713.0000;DATA;1611605854.878111
/ndn/v9-site/v9/C2Data-6540-Type2;221013.0000;DATA;1611605854.919191
/ndn/s13-site/s13/C2Data-5209-Type1;259991.0000;DATA;1611605856.977136
/ndn/s11-site/s11/C2Data-4967-Type1;118057.0000;DATA;1611605857.154093
/ndn/s6-site/s6/C2Data-4362-Type2;130870.0000;DATA;1611605859.921116
/ndn/s5-site/s5/C2Data-4241-Type2;702.0000;DATA;1611605861.423088
/ndn/h4-site/h4/C2Data-490-Type1;153806.0000;DATA;1611605862.725036
/ndn/v13-site/v13/C2Data-7024-Type1;93019.0000;DATA;1611605863.289103
/ndn/d3-site/d3/C2Data-2184-Type2;94584.0000;DATA;1611605863.629085
/ndn/s1-site/s1/C2Data-3757-Type2;49956.0000;DATA;1611605864.282091
/ndn/s13-site/s13/C2Data-5209-Type2;48483.0000;DATA;1611605864.551238
/ndn/s5-site/s5/C2Data-4241-Type1;50170.0000;DATA;1611605864.617084
/ndn/s9-site/s9/C2Data-2382-Type3;125802.0000;DATA;1611605880.689084
/ndn/v2-site/v2/C2Data-2870-Type3;75052.0000;DATA;1611605882.984080
/ndn/h1-site/h1/C2Data-128-Type1;24366.0000;DATA;1611605884.783107
/ndn/s12-site/s12/C2Data-5089-Type1;52531.0000;DATA;1611605885.088138
/ndn/v13-site/v13/C2Data-3541-Type3;95520.0000;DATA;1611605885.263195
/ndn/h13-site/h13/C2Data-796-Type3;70764.0000;DATA;1611605885.851106
/ndn/d4-site/d4/C2Data-2306-Type2;27604.0000;DATA;1611605886.135011
/ndn/d1-site/d1/C2Data-1943-Type2;111227.0000;DATA;1611605886.331020
/ndn/d5-site/d5/C2Data-2427-Type2;154207.0000;DATA;1611605887.388088
/ndn/h5-site/h5/C2Data-612-Type2;150985.0000;DATA;1611605888.243092
/ndn/s2-site/s2/C2Data-3879-Type2;71615.0000;DATA;1611605888.373109
/ndn/v10-site/v10/C2Data-3358-Type3;652.0000;DATA;1611605889.647115
/ndn/v7-site/v7/C2Data-3175-Type3;655.0000;DATA;1611605890.013089
