/ndn/s9-site/s9/C2Data-4719-Type2;101161.0000;DATA;1611607421.495481
/ndn/s13-site/s13/C2Data-5203-Type1;50447.0000;DATA;1611607423.649454
/ndn/v0-site/v0/C2Data-5445-Type1;595.0000;NACK;1611607423.712406
/ndn/s7-site/s7/C2Data-4477-Type2;70674.0000;DATA;1611607424.882428
/ndn/s0-site/s0/C2Data-3630-Type1;72889.0000;DATA;1611607425.923469
/ndn/d13-site/d13/C2Data-3388-Type2;50649.0000;DATA;1611607426.115321
/ndn/s2-site/s2/C2Data-3872-Type2;42862.0000;DATA;1611607427.363540
/ndn/v12-site/v12/C2Data-6897-Type1;463.0000;NACK;1611607427.542422
/ndn/s6-site/s6/C2Data-4356-Type2;195075.0000;DATA;1611607427.407391
/ndn/s10-site/s10/C2Data-4840-Type2;50141.0000;DATA;1611607427.652379
/ndn/v2-site/v2/C2Data-5687-Type2;557.0000;NACK;1611607428.765496
/ndn/s7-site/s7/C2Data-4477-Type1;253077.0000;DATA;1611607429.933387
/ndn/s4-site/s4/C2Data-4114-Type2;195582.0000;DATA;1611607430.643380
/ndn/s1-site/s1/C2Data-1891-Type3;48157.0000;DATA;1611607447.778318
/ndn/h11-site/h11/C2Data-671-Type3;244626.0000;DATA;1611607449.401372
/ndn/s11-site/s11/C2Data-4962-Type1;26185.0000;DATA;1611607451.410331
/ndn/s4-site/s4/C2Data-4115-Type1;241633.0000;DATA;1611607451.754466
/ndn/s11-site/s11/C2Data-2501-Type3;23949.0000;DATA;1611607452.063289
/ndn/s10-site/s10/C2Data-4841-Type1;213324.0000;DATA;1611607451.888276
/ndn/h5-site/h5/C2Data-606-Type1;69869.0000;DATA;1611607452.164392
/ndn/h5-site/h5/C2Data-305-Type3;74320.0000;DATA;1611607452.507345
/ndn/v8-site/v8/C2Data-3233-Type3;49454.0000;DATA;1611607453.126023
/ndn/d12-site/d12/C2Data-1647-Type3;118936.0000;DATA;1611607454.095314
/ndn/v5-site/v5/C2Data-3050-Type3;47492.0000;DATA;1611607454.666320
/ndn/d3-site/d3/C2Data-2179-Type2;70295.0000;DATA;1611607454.649359
/ndn/h3-site/h3/C2Data-183-Type3;47264.0000;DATA;1611607455.828285
/ndn/d1-site/d1/C2Data-1937-Type2;51197.0000;DATA;1611607456.722298
/ndn/h1-site/h1/C2Data-122-Type2;23940.0000;DATA;1611607457.221393
/ndn/s1-site/s1/C2Data-3752-Type1;48928.0000;DATA;1611607457.452373
/ndn/s8-site/s8/C2Data-4599-Type1;118996.0000;DATA;1611607459.197349
/ndn/d6-site/d6/C2Data-2542-Type1;168409.0000;DATA;1611607459.272342
/ndn/v4-site/v4/C2Data-2989-Type3;26873.0000;DATA;1611607459.765346
/ndn/v2-site/v2/C2Data-5688-Type2;165411.0000;DATA;1611607460.312348
/ndn/v6-site/v6/C2Data-6172-Type2;72744.0000;DATA;1611607460.429394
/ndn/v7-site/v7/C2Data-3172-Type3;101987.0000;DATA;1611607460.931309
/ndn/v1-site/v1/C2Data-5567-Type1;158492.0000;DATA;1611607461.000376
/ndn/d3-site/d3/C2Data-1098-Type3;47427.0000;DATA;1611607465.156333
/ndn/h6-site/h6/C2Data-366-Type3;47486.0000;DATA;1611607465.431365
/ndn/d2-site/d2/C2Data-1037-Type3;47651.0000;DATA;1611607465.684392
/ndn/d11-site/d11/C2Data-3148-Type1;221002.0000;DATA;1611607480.612369
/ndn/v7-site/v7/C2Data-6294-Type1;78709.0000;DATA;1611607481.115321
/ndn/v10-site/v10/C2Data-6657-Type1;69811.0000;DATA;1611607481.572321
/ndn/h10-site/h10/C2Data-1212-Type1;190775.0000;DATA;1611607482.059279
/ndn/d4-site/d4/C2Data-2301-Type2;235342.0000;DATA;1611607487.507340
/ndn/s4-site/s4/C2Data-4116-Type2;53708.0000;DATA;1611607488.537353
/ndn/h14-site/h14/C2Data-1696-Type1;194443.0000;DATA;1611607488.861265
/ndn/v1-site/v1/C2Data-5568-Type1;263247.0000;DATA;1611607489.856359
/ndn/v12-site/v12/C2Data-3478-Type3;526.0000;NACK;1611607505.579361
/ndn/s1-site/s1/C2Data-1892-Type3;46300.0000;DATA;1611607505.861325
/ndn/v3-site/v3/C2Data-2929-Type3;124927.0000;DATA;1611607507.670343
/ndn/h8-site/h8/C2Data-489-Type3;116936.0000;DATA;1611607508.242316
/ndn/h3-site/h3/C2Data-184-Type3;24463.0000;DATA;1611607509.179399
/ndn/s0-site/s0/C2Data-3633-Type2;105134.0000;DATA;1611607510.837392
/ndn/d7-site/d7/C2Data-2665-Type1;140307.0000;DATA;1611607511.350311
/ndn/h5-site/h5/C2Data-608-Type1;70863.0000;DATA;1611607511.574404
/ndn/d8-site/d8/C2Data-1404-Type3;190131.0000;DATA;1611607511.466401
/ndn/v10-site/v10/C2Data-6658-Type2;175289.0000;DATA;1611607511.690281
/ndn/v1-site/v1/C2Data-5569-Type1;218277.0000;DATA;1611607513.593287
/ndn/s4-site/s4/C2Data-2075-Type3;166428.0000;DATA;1611607513.832291
/ndn/d5-site/d5/C2Data-1221-Type3;46128.0000;DATA;1611607514.614280
/ndn/d10-site/d10/C2Data-3028-Type1;27310.0000;DATA;1611607515.276325
/ndn/s11-site/s11/C2Data-2502-Type3;729.0000;DATA;1611607515.351285
/ndn/s7-site/s7/C2Data-4480-Type2;190521.0000;DATA;1611607516.251348
/ndn/d3-site/d3/C2Data-2181-Type1;165917.0000;DATA;1611607516.778342
/ndn/d4-site/d4/C2Data-2302-Type2;192426.0000;DATA;1611607516.993938
/ndn/s13-site/s13/C2Data-5206-Type2;443.0000;DATA;1611607518.208288
/ndn/d14-site/d14/C2Data-725-Type4;170169.0000;DATA;1611607519.961270
/ndn/h6-site/h6/C2Data-150-Type4;69797.0000;DATA;1611607520.230347
/ndn/h2-site/h2/C2Data-123-Type3;75932.0000;DATA;1611607521.028286
/ndn/s10-site/s10/C2Data-4843-Type2;49929.0000;DATA;1611607521.088322
/ndn/s5-site/s5/C2Data-2136-Type3;46282.0000;DATA;1611607524.415332
/ndn/d0-site/d0/C2Data-916-Type3;23643.0000;DATA;1611607527.198470
/ndn/d6-site/d6/C2Data-525-Type4;80025.0000;DATA;1611607531.884459
/ndn/d3-site/d3/C2Data-450-Type4;96007.0000;DATA;1611607533.973894
/ndn/d2-site/d2/C2Data-425-Type4;48907.0000;DATA;1611607538.059417
/ndn/d0-site/d0/C2Data-1819-Type2;96319.0000;DATA;1611607541.770380
/ndn/h14-site/h14/C2Data-1698-Type2;47300.0000;DATA;1611607546.325360
/ndn/v12-site/v12/C2Data-1050-Type4;80446.0000;DATA;1611607547.075385
/ndn/d12-site/d12/C2Data-3271-Type1;183669.0000;DATA;1611607547.598311
/ndn/s8-site/s8/C2Data-4602-Type1;50834.0000;DATA;1611607548.852489
/ndn/s10-site/s10/C2Data-4844-Type1;69652.0000;DATA;1611607550.008365
/ndn/h6-site/h6/C2Data-730-Type2;48782.0000;DATA;1611607550.240370
/ndn/h4-site/h4/C2Data-488-Type2;23294.0000;DATA;1611607550.713342
/ndn/d4-site/d4/C2Data-2303-Type2;48674.0000;DATA;1611607550.756283
/ndn/h14-site/h14/C2Data-1698-Type1;69184.0000;DATA;1611607551.244274
/ndn/d8-site/d8/C2Data-575-Type4;171053.0000;DATA;1611607554.365361
/ndn/h0-site/h0/C2Data-0-Type4;97379.0000;DATA;1611607557.713559
/ndn/v5-site/v5/C2Data-875-Type4;26719.0000;DATA;1611607558.238345
/ndn/h14-site/h14/C2Data-350-Type4;42602.0000;DATA;1611607562.556245
/ndn/v14-site/v14/C2Data-1100-Type4;24189.0000;DATA;1611607565.005368
/ndn/v4-site/v4/C2Data-5934-Type2;283483.0000;DATA;1611607572.284284
/ndn/d9-site/d9/C2Data-2909-Type1;120665.0000;DATA;1611607572.702403
/ndn/v8-site/v8/C2Data-6418-Type1;94931.0000;DATA;1611607573.021394
/ndn/d2-site/d2/C2Data-1039-Type3;95568.0000;DATA;1611607573.463451
/ndn/h4-site/h4/C2Data-100-Type4;24320.0000;DATA;1611607574.758291
/ndn/v5-site/v5/C2Data-6055-Type1;295497.0000;DATA;1611607575.099472
/ndn/h5-site/h5/C2Data-610-Type2;72211.0000;DATA;1611607576.085280
/ndn/s3-site/s3/C2Data-3998-Type1;1088.0000;DATA;1611607576.523357
/ndn/h10-site/h10/C2Data-1215-Type1;116621.0000;DATA;1611607576.592379
/ndn/s12-site/s12/C2Data-5087-Type1;430.0000;DATA;1611607579.293280
/ndn/h0-site/h0/C2Data-2-Type3;94136.0000;DATA;1611607579.313344
/ndn/h2-site/h2/C2Data-247-Type2;74637.0000;DATA;1611607579.513319
/ndn/s7-site/s7/C2Data-4482-Type1;190153.0000;DATA;1611607580.804287
/ndn/s9-site/s9/C2Data-4724-Type2;27159.0000;DATA;1611607581.800325
/ndn/v3-site/v3/C2Data-2930-Type3;73973.0000;DATA;1611607581.937397
/ndn/s1-site/s1/C2Data-1893-Type3;66397.0000;DATA;1611607583.467387
/ndn/h11-site/h11/C2Data-673-Type3;73590.0000;DATA;1611607584.825081
/ndn/s12-site/s12/C2Data-2564-Type3;639.0000;DATA;1611607585.845560
/ndn/v14-site/v14/C2Data-3601-Type3;26830.0000;DATA;1611607586.534313
/ndn/v13-site/v13/C2Data-3540-Type3;86195.0000;DATA;1611607586.555345
/ndn/d12-site/d12/C2Data-1649-Type3;87734.0000;DATA;1611607586.881367
/ndn/h4-site/h4/C2Data-490-Type1;24918.0000;DATA;1611607601.597297
/ndn/v0-site/v0/C2Data-5451-Type1;50409.0000;DATA;1611607603.583269
/ndn/s1-site/s1/C2Data-3757-Type2;48962.0000;DATA;1611607605.204365
/ndn/h9-site/h9/C2Data-1095-Type1;92419.0000;DATA;1611607605.275325
/ndn/v4-site/v4/C2Data-5935-Type1;23915.0000;DATA;1611607605.934324
/ndn/v5-site/v5/C2Data-6056-Type2;49098.0000;DATA;1611607605.941271
/ndn/h1-site/h1/C2Data-127-Type2;192024.0000;DATA;1611607607.090327
/ndn/s8-site/s8/C2Data-4604-Type1;165420.0000;DATA;1611607607.261338
/ndn/v3-site/v3/C2Data-5814-Type2;71374.0000;DATA;1611607607.422399
/ndn/h8-site/h8/C2Data-974-Type2;94669.0000;DATA;1611607608.679364
/ndn/v8-site/v8/C2Data-6419-Type2;49345.0000;DATA;1611607608.735345
/ndn/v5-site/v5/C2Data-6056-Type1;280339.0000;DATA;1611607609.835313
/ndn/s12-site/s12/C2Data-5088-Type2;441.0000;DATA;1611607611.533278
/ndn/h10-site/h10/C2Data-1216-Type2;74240.0000;DATA;1611607611.527330
/ndn/h9-site/h9/C2Data-552-Type3;108957.0000;DATA;1611607627.237263
/ndn/h5-site/h5/C2Data-612-Type2;70277.0000;DATA;1611607630.611279
/ndn/d2-site/d2/C2Data-2064-Type2;210247.0000;DATA;1611607631.023289
/ndn/s11-site/s11/C2Data-2504-Type3;535.0000;DATA;1611607631.411437
/ndn/h1-site/h1/C2Data-128-Type1;189793.0000;DATA;1611607631.472325
/ndn/h2-site/h2/C2Data-125-Type3;167072.0000;DATA;1611607632.852401
/ndn/s11-site/s11/C2Data-4968-Type2;25745.0000;DATA;1611607633.218376
/ndn/s9-site/s9/C2Data-4726-Type1;47040.0000;DATA;1611607633.897508
/ndn/v2-site/v2/C2Data-2870-Type3;47306.0000;DATA;1611607634.109321
/ndn/v14-site/v14/C2Data-7146-Type2;92767.0000;DATA;1611607634.241282
