/ndn/v1-site/v1/C2Data-5566-Type1;24613.0000;DATA;1611602586.122518
/ndn/h5-site/h5/C2Data-605-Type1;163946.0000;DATA;1611602586.066449
/ndn/h2-site/h2/C2Data-242-Type2;550.0000;NACK;1611602589.163555
/ndn/d13-site/d13/C2Data-3388-Type2;146058.0000;DATA;1611602589.133584
/ndn/s0-site/s0/C2Data-3630-Type1;167808.0000;DATA;1611602589.548444
/ndn/d5-site/d5/C2Data-2420-Type1;56366.0000;DATA;1611602589.706536
/ndn/h8-site/h8/C2Data-968-Type2;147209.0000;DATA;1611602589.963555
/ndn/s12-site/s12/C2Data-5082-Type1;555.0000;NACK;1611602590.897670
/ndn/d10-site/d10/C2Data-3025-Type1;214667.0000;DATA;1611602591.452488
/ndn/v4-site/v4/C2Data-5929-Type2;47016.0000;DATA;1611602591.736482
/ndn/s13-site/s13/C2Data-5203-Type2;378.0000;NACK;1611602593.962549
/ndn/s7-site/s7/C2Data-4477-Type1;193558.0000;DATA;1611602595.034513
/ndn/d13-site/d13/C2Data-1708-Type3;139821.0000;DATA;1611602610.376459
/ndn/h9-site/h9/C2Data-549-Type3;186531.0000;DATA;1611602611.717528
/ndn/h4-site/h4/C2Data-244-Type3;214585.0000;DATA;1611602612.183500
/ndn/v5-site/v5/C2Data-3050-Type3;47041.0000;DATA;1611602614.759540
/ndn/s9-site/s9/C2Data-4720-Type2;202475.0000;DATA;1611602615.063647
/ndn/d3-site/d3/C2Data-2179-Type2;146152.0000;DATA;1611602616.229631
/ndn/h14-site/h14/C2Data-1695-Type1;650.0000;NACK;1611602617.778615
/ndn/s2-site/s2/C2Data-3873-Type1;166800.0000;DATA;1611602618.491499
/ndn/s1-site/s1/C2Data-1891-Type3;292549.0000;DATA;1611602619.641527
/ndn/v0-site/v0/C2Data-2745-Type3;169722.0000;DATA;1611602621.267502
/ndn/s0-site/s0/C2Data-3631-Type2;167742.0000;DATA;1611602621.756541
/ndn/v10-site/v10/C2Data-6656-Type1;92218.0000;DATA;1611602622.986661
/ndn/h1-site/h1/C2Data-122-Type1;119044.0000;DATA;1611602623.933464
/ndn/v2-site/v2/C2Data-2867-Type3;120797.0000;DATA;1611602624.452242
/ndn/s4-site/s4/C2Data-2074-Type3;266409.0000;DATA;1611602624.403536
/ndn/s10-site/s10/C2Data-2440-Type3;247161.0000;DATA;1611602626.868523
/ndn/s13-site/s13/C2Data-2623-Type3;308220.0000;DATA;1611602628.350469
/ndn/v5-site/v5/C2Data-6052-Type1;49273.0000;DATA;1611602645.097514
/ndn/d3-site/d3/C2Data-2180-Type2;144153.0000;DATA;1611602646.243528
/ndn/v12-site/v12/C2Data-6899-Type2;48299.0000;DATA;1611602646.838623
/ndn/h8-site/h8/C2Data-970-Type1;141877.0000;DATA;1611602647.977533
/ndn/v8-site/v8/C2Data-6415-Type2;244136.0000;DATA;1611602650.786475
/ndn/h5-site/h5/C2Data-607-Type1;162517.0000;DATA;1611602651.621531
/ndn/h9-site/h9/C2Data-1091-Type2;151772.0000;DATA;1611602652.325536
/ndn/d6-site/d6/C2Data-2543-Type2;165358.0000;DATA;1611602652.658575
/ndn/s2-site/s2/C2Data-3874-Type1;166552.0000;DATA;1611602653.724552
/ndn/h1-site/h1/C2Data-123-Type1;122976.0000;DATA;1611602654.833498
/ndn/h3-site/h3/C2Data-365-Type1;25682.0000;DATA;1611602655.566571
/ndn/d4-site/d4/C2Data-2301-Type2;176853.0000;DATA;1611602655.422483
/ndn/v12-site/v12/C2Data-3478-Type3;47396.0000;DATA;1611602671.578500
/ndn/d2-site/d2/C2Data-1038-Type3;93384.0000;DATA;1611602672.705599
/ndn/d0-site/d0/C2Data-916-Type3;81873.0000;DATA;1611602672.913391
/ndn/h11-site/h11/C2Data-672-Type3;168057.0000;DATA;1611602674.580501
/ndn/v9-site/v9/C2Data-6537-Type1;232382.0000;DATA;1611602676.047534
/ndn/v13-site/v13/C2Data-7021-Type1;185084.0000;DATA;1611602676.620457
/ndn/d2-site/d2/C2Data-2060-Type1;98542.0000;DATA;1611602676.862473
/ndn/s9-site/s9/C2Data-2380-Type3;200722.0000;DATA;1611602676.991532
/ndn/s11-site/s11/C2Data-2502-Type3;260342.0000;DATA;1611602677.420437
/ndn/s3-site/s3/C2Data-3996-Type1;265363.0000;DATA;1611602677.492465
/ndn/v11-site/v11/C2Data-3417-Type3;148487.0000;DATA;1611602678.116443
/ndn/h0-site/h0/C2Data-1-Type3;243967.0000;DATA;1611602679.521488
/ndn/d8-site/d8/C2Data-2786-Type1;71420.0000;DATA;1611602679.879486
/ndn/h9-site/h9/C2Data-550-Type3;144371.0000;DATA;1611602680.052518
/ndn/s6-site/s6/C2Data-2197-Type3;6000250.0000;TIMEOUT;1611602674.595530
/ndn/v14-site/v14/C2Data-3600-Type3;190302.0000;DATA;1611602680.776529
/ndn/d8-site/d8/C2Data-1404-Type3;76011.0000;DATA;1611602681.008479
/ndn/s12-site/s12/C2Data-2563-Type3;259305.0000;DATA;1611602680.900488
/ndn/v6-site/v6/C2Data-6174-Type2;141673.0000;DATA;1611602681.499544
/ndn/v8-site/v8/C2Data-6416-Type1;228583.0000;DATA;1611602681.814516
/ndn/s9-site/s9/C2Data-4722-Type1;195011.0000;DATA;1611602682.336521
/ndn/s0-site/s0/C2Data-3633-Type2;6000336.0000;TIMEOUT;1611602677.134536
/ndn/h11-site/h11/C2Data-1334-Type1;168142.0000;DATA;1611602683.454448
/ndn/s8-site/s8/C2Data-4601-Type2;186878.0000;DATA;1611602683.730421
/ndn/s5-site/s5/C2Data-2136-Type3;74042.0000;DATA;1611602684.037443
/ndn/d2-site/d2/C2Data-2060-Type2;95800.0000;DATA;1611602684.510563
/ndn/s10-site/s10/C2Data-4843-Type2;6000233.0000;TIMEOUT;1611602679.345513
/ndn/d5-site/d5/C2Data-1221-Type3;184598.0000;DATA;1611602685.444506
/ndn/h0-site/h0/C2Data-3-Type1;243303.0000;DATA;1611602686.908476
/ndn/s12-site/s12/C2Data-5085-Type2;6002870.0000;TIMEOUT;1611602682.371511
/ndn/s7-site/s7/C2Data-4480-Type1;6000540.0000;TIMEOUT;1611602682.583151
/ndn/s3-site/s3/C2Data-3996-Type2;6000877.0000;TIMEOUT;1611602683.511516
/ndn/v3-site/v3/C2Data-2929-Type3;209618.0000;DATA;1611602691.764585
/ndn/v6-site/v6/C2Data-900-Type4;168633.0000;DATA;1611602693.729619
/ndn/s7-site/s7/C2Data-2258-Type3;6000264.0000;TIMEOUT;1611602690.742519
/ndn/d12-site/d12/C2Data-675-Type4;46625.0000;DATA;1611602702.818109
/ndn/h2-site/h2/C2Data-246-Type2;261731.0000;DATA;1611602709.925436
/ndn/h12-site/h12/C2Data-1456-Type1;258803.0000;DATA;1611602711.065552
/ndn/d9-site/d9/C2Data-600-Type4;125469.0000;DATA;1611602711.219483
/ndn/s3-site/s3/C2Data-3997-Type1;6000332.0000;TIMEOUT;1611602705.854490
/ndn/h10-site/h10/C2Data-1214-Type1;145521.0000;DATA;1611602714.726448
/ndn/h9-site/h9/C2Data-1093-Type1;141661.0000;DATA;1611602714.749442
/ndn/h14-site/h14/C2Data-1698-Type1;213821.0000;DATA;1611602715.625617
/ndn/h4-site/h4/C2Data-100-Type4;218245.0000;DATA;1611602715.921685
/ndn/h6-site/h6/C2Data-730-Type2;212284.0000;DATA;1611602716.544451
/ndn/h12-site/h12/C2Data-1456-Type2;275651.0000;DATA;1611602716.800542
/ndn/h14-site/h14/C2Data-350-Type4;272556.0000;DATA;1611602723.797592
/ndn/h2-site/h2/C2Data-50-Type4;279957.0000;DATA;1611602727.147640
/ndn/v14-site/v14/C2Data-1100-Type4;209556.0000;DATA;1611602730.060507
/ndn/d6-site/d6/C2Data-2546-Type1;162790.0000;DATA;1611602735.600622
/ndn/h11-site/h11/C2Data-1336-Type1;174046.0000;DATA;1611602735.668505
/ndn/h7-site/h7/C2Data-429-Type3;254143.0000;DATA;1611602735.772598
/ndn/h12-site/h12/C2Data-1457-Type2;264767.0000;DATA;1611602736.729574
/ndn/v3-site/v3/C2Data-5813-Type1;214293.0000;DATA;1611602736.837615
/ndn/v4-site/v4/C2Data-2991-Type3;46792.0000;DATA;1611602737.388479
/ndn/h4-site/h4/C2Data-489-Type1;226808.0000;DATA;1611602737.890592
/ndn/v12-site/v12/C2Data-6902-Type2;46629.0000;DATA;1611602738.437446
/ndn/h14-site/h14/C2Data-1699-Type2;218443.0000;DATA;1611602739.977592
/ndn/d2-site/d2/C2Data-2062-Type2;95789.0000;DATA;1611602740.901690
/ndn/s5-site/s5/C2Data-4240-Type2;6000396.0000;TIMEOUT;1611602735.069618
/ndn/s12-site/s12/C2Data-5087-Type2;6000364.0000;TIMEOUT;1611602736.336469
/ndn/h9-site/h9/C2Data-1094-Type2;144074.0000;DATA;1611602743.086646
/ndn/s8-site/s8/C2Data-4603-Type2;6000440.0000;TIMEOUT;1611602737.479880
/ndn/d1-site/d1/C2Data-1941-Type2;234608.0000;DATA;1611602743.530522
/ndn/s13-site/s13/C2Data-5208-Type1;6000777.0000;TIMEOUT;1611602737.766571
/ndn/h6-site/h6/C2Data-368-Type3;209886.0000;DATA;1611602743.892534
/ndn/h0-site/h0/C2Data-5-Type2;243533.0000;DATA;1611602744.941479
/ndn/s13-site/s13/C2Data-2625-Type3;6000296.0000;TIMEOUT;1611602739.474526
/ndn/h3-site/h3/C2Data-368-Type2;25358.0000;DATA;1611602745.475540
/ndn/h9-site/h9/C2Data-551-Type3;146878.0000;DATA;1611602745.577470
/ndn/d14-site/d14/C2Data-3514-Type2;164042.0000;DATA;1611602746.372527
/ndn/d5-site/d5/C2Data-1222-Type3;191795.0000;DATA;1611602746.847544
/ndn/v9-site/v9/C2Data-6539-Type1;240700.0000;DATA;1611602746.921493
/ndn/s6-site/s6/C2Data-4361-Type2;6000452.0000;TIMEOUT;1611602743.289482
/ndn/s14-site/s14/C2Data-5329-Type2;6000245.0000;TIMEOUT;1611602744.287596
/ndn/v14-site/v14/C2Data-3601-Type3;206380.0000;DATA;1611602751.542546
/ndn/s4-site/s4/C2Data-4119-Type2;6000579.0000;TIMEOUT;1611602746.724456
/ndn/v13-site/v13/C2Data-7024-Type1;192514.0000;DATA;1611602765.588011
/ndn/v8-site/v8/C2Data-6419-Type1;246571.0000;DATA;1611602765.556932
/ndn/d10-site/d10/C2Data-3031-Type1;220752.0000;DATA;1611602766.426498
/ndn/v1-site/v1/C2Data-5572-Type1;24148.0000;DATA;1611602769.266540
/ndn/v0-site/v0/C2Data-5451-Type2;174742.0000;DATA;1611602769.462548
/ndn/v14-site/v14/C2Data-7145-Type2;194330.0000;DATA;1611602769.463100
/ndn/d10-site/d10/C2Data-3031-Type2;211574.0000;DATA;1611602770.374426
/ndn/s8-site/s8/C2Data-4604-Type1;6000384.0000;TIMEOUT;1611602765.850462
/ndn/h8-site/h8/C2Data-974-Type1;145716.0000;DATA;1611602772.075463
/ndn/h0-site/h0/C2Data-6-Type1;242701.0000;DATA;1611602771.987528
/ndn/h1-site/h1/C2Data-127-Type1;122583.0000;DATA;1611602772.462528
/ndn/v10-site/v10/C2Data-6661-Type2;93446.0000;DATA;1611602773.303553
/ndn/s6-site/s6/C2Data-4362-Type1;6000410.0000;TIMEOUT;1611602769.045514
/ndn/s9-site/s9/C2Data-4725-Type2;6002525.0000;TIMEOUT;1611602771.465508
/ndn/s2-site/s2/C2Data-3878-Type2;6005498.0000;TIMEOUT;1611602774.587542
/ndn/d9-site/d9/C2Data-1467-Type3;124816.0000;DATA;1611602792.396624
/ndn/v1-site/v1/C2Data-5573-Type1;24563.0000;DATA;1611602795.875528
/ndn/h12-site/h12/C2Data-1459-Type1;259171.0000;DATA;1611602795.740516
/ndn/v6-site/v6/C2Data-6178-Type2;158946.0000;DATA;1611602796.062442
/ndn/h2-site/h2/C2Data-249-Type1;257331.0000;DATA;1611602797.239583
/ndn/d8-site/d8/C2Data-2790-Type2;70883.0000;DATA;1611602798.105663
/ndn/v3-site/v3/C2Data-5815-Type2;213525.0000;DATA;1611602800.320436
