/ndn/v7-site/v7/C2Data-4477-Type1;66799.0000;DATA;1612147340.739922
/ndn/s1-site/s1/C2Data-2541-Type2;317338.0000;DATA;1612147342.566656
/ndn/h7-site/h7/C2Data-847-Type1;147352.0000;DATA;1612147344.803067
/ndn/s0-site/s0/C2Data-2420-Type2;29983.0000;DATA;1612147347.738649
/ndn/s9-site/s9/C2Data-3509-Type1;98549.0000;DATA;1612147348.731927
/ndn/s8-site/s8/C2Data-3388-Type2;78927.0000;DATA;1612147351.272932
/ndn/s4-site/s4/C2Data-1464-Type3;199197.0000;DATA;1612147364.592403
/ndn/h3-site/h3/C2Data-183-Type3;24227.0000;DATA;1612147370.655648
/ndn/h3-site/h3/C2Data-364-Type2;154370.0000;DATA;1612147370.981870
/ndn/v0-site/v0/C2Data-3631-Type2;4546.0000;DATA;1612147374.120907
/ndn/d3-site/d3/C2Data-1574-Type2;71807.0000;DATA;1612147375.536001
/ndn/s2-site/s2/C2Data-2663-Type1;206159.0000;DATA;1612147377.321927
/ndn/v9-site/v9/C2Data-4720-Type2;25407.0000;DATA;1612147378.394929
/ndn/s9-site/s9/C2Data-3510-Type1;247685.0000;DATA;1612147378.664143
/ndn/d1-site/d1/C2Data-1332-Type1;98801.0000;DATA;1612147380.766950
/ndn/d0-site/d0/C2Data-1211-Type1;125232.0000;DATA;1612147380.798825
/ndn/v3-site/v3/C2Data-3994-Type2;2257.0000;DATA;1612147381.360210
/ndn/d2-site/d2/C2Data-732-Type3;829.0000;DATA;1612147381.762139
/ndn/v4-site/v4/C2Data-2074-Type3;110833.0000;DATA;1612147384.470000
/ndn/d6-site/d6/C2Data-976-Type3;4158.0000;DATA;1612147385.169556
/ndn/s2-site/s2/C2Data-1342-Type3;179251.0000;DATA;1612147387.257687
/ndn/s6-site/s6/C2Data-3148-Type1;5036.0000;DATA;1612147403.419336
/ndn/s3-site/s3/C2Data-2785-Type1;236893.0000;DATA;1612147404.378268
/ndn/v8-site/v8/C2Data-4600-Type1;71577.0000;DATA;1612147408.265026
/ndn/s5-site/s5/C2Data-3027-Type2;26122.0000;DATA;1612147408.449952
/ndn/s0-site/s0/C2Data-1221-Type3;149073.0000;DATA;1612147425.420275
/ndn/d3-site/d3/C2Data-794-Type3;192294.0000;DATA;1612147429.127035
/ndn/h5-site/h5/C2Data-608-Type2;120785.0000;DATA;1612147434.709169
/ndn/s2-site/s2/C2Data-1343-Type3;154140.0000;DATA;1612147434.833975
