/ndn/h12-site/h12/C2Data-1452-Type2;432.0000;NACK;1611608000.582415
/ndn/s7-site/s7/C2Data-4477-Type2;129241.0000;DATA;1611608002.136462
/ndn/s0-site/s0/C2Data-3630-Type1;151383.0000;DATA;1611608002.209559
/ndn/s4-site/s4/C2Data-4114-Type1;584.0000;NACK;1611608002.752188
/ndn/h9-site/h9/C2Data-1089-Type2;124424.0000;DATA;1611608002.845492
/ndn/h9-site/h9/C2Data-1089-Type1;76023.0000;DATA;1611608002.927484
/ndn/s10-site/s10/C2Data-4840-Type2;464.0000;NACK;1611608004.380409
/ndn/s14-site/s14/C2Data-5324-Type2;78144.0000;DATA;1611608006.194418
/ndn/s11-site/s11/C2Data-4961-Type2;42467.0000;NACK;1611608008.797602
/ndn/d14-site/d14/C2Data-3509-Type2;97749.0000;DATA;1611608009.463469
/ndn/h2-site/h2/C2Data-242-Type1;98879.0000;DATA;1611608010.871410
/ndn/h11-site/h11/C2Data-671-Type3;95914.0000;DATA;1611608024.095445
/ndn/h7-site/h7/C2Data-427-Type3;241898.0000;DATA;1611608024.783486
/ndn/v5-site/v5/C2Data-3050-Type3;132101.0000;DATA;1611608025.438412
/ndn/v0-site/v0/C2Data-5446-Type1;140700.0000;DATA;1611608030.074402
/ndn/d2-site/d2/C2Data-2058-Type1;571.0000;DATA;1611608033.836486
/ndn/h6-site/h6/C2Data-727-Type2;189630.0000;DATA;1611608035.929528
/ndn/v12-site/v12/C2Data-3477-Type3;23410.0000;DATA;1611608036.598458
/ndn/v6-site/v6/C2Data-3111-Type3;731.0000;DATA;1611608036.766421
/ndn/v11-site/v11/C2Data-6777-Type2;72844.0000;DATA;1611608038.084469
/ndn/v14-site/v14/C2Data-7140-Type1;139208.0000;DATA;1611608038.914439
/ndn/h5-site/h5/C2Data-606-Type1;148266.0000;DATA;1611608039.112479
/ndn/h3-site/h3/C2Data-183-Type3;23941.0000;DATA;1611608043.853524
/ndn/d5-site/d5/C2Data-1220-Type3;51552.0000;DATA;1611608045.242403
/ndn/d9-site/d9/C2Data-1464-Type3;24935.0000;DATA;1611608046.520514
/ndn/s12-site/s12/C2Data-2562-Type3;137387.0000;DATA;1611608047.701519
/ndn/s14-site/s14/C2Data-5326-Type1;92722.0000;DATA;1611608060.371398
/ndn/v2-site/v2/C2Data-5689-Type1;95589.0000;DATA;1611608060.433430
/ndn/h11-site/h11/C2Data-1333-Type2;111032.0000;DATA;1611608060.662493
/ndn/h3-site/h3/C2Data-365-Type1;73087.0000;DATA;1611608060.826461
/ndn/v4-site/v4/C2Data-5931-Type2;121636.0000;DATA;1611608060.786407
/ndn/s6-site/s6/C2Data-4358-Type1;49900.0000;DATA;1611608060.970486
/ndn/v12-site/v12/C2Data-6899-Type1;97471.0000;DATA;1611608060.949489
/ndn/d10-site/d10/C2Data-3027-Type2;48887.0000;DATA;1611608062.478428
/ndn/s4-site/s4/C2Data-4116-Type1;201627.0000;DATA;1611608062.633494
/ndn/v13-site/v13/C2Data-7020-Type2;125080.0000;DATA;1611608063.196444
/ndn/s3-site/s3/C2Data-3995-Type2;115995.0000;DATA;1611608065.628441
/ndn/v8-site/v8/C2Data-6415-Type2;23374.0000;DATA;1611608067.398451
/ndn/d0-site/d0/C2Data-1817-Type1;27211.0000;DATA;1611608067.723481
/ndn/v12-site/v12/C2Data-6899-Type2;23809.0000;DATA;1611608071.418448
/ndn/h1-site/h1/C2Data-123-Type1;648.0000;DATA;1611608071.766489
/ndn/s9-site/s9/C2Data-2380-Type3;151827.0000;DATA;1611608084.218547
/ndn/v3-site/v3/C2Data-2929-Type3;184531.0000;DATA;1611608086.829190
/ndn/s6-site/s6/C2Data-2197-Type3;95802.0000;DATA;1611608087.106002
/ndn/v9-site/v9/C2Data-6537-Type1;215586.0000;DATA;1611608090.244471
/ndn/h13-site/h13/C2Data-1576-Type2;115846.0000;DATA;1611608090.978417
/ndn/d1-site/d1/C2Data-1939-Type1;655.0000;DATA;1611608091.461461
/ndn/h9-site/h9/C2Data-550-Type3;23549.0000;DATA;1611608092.276415
/ndn/s12-site/s12/C2Data-2563-Type3;118732.0000;DATA;1611608093.286575
/ndn/s13-site/s13/C2Data-5206-Type2;47432.0000;DATA;1611608094.126275
/ndn/d12-site/d12/C2Data-1648-Type3;23544.0000;DATA;1611608094.815456
/ndn/d2-site/d2/C2Data-425-Type4;25831.0000;DATA;1611608096.356428
/ndn/s1-site/s1/C2Data-1892-Type3;23517.0000;DATA;1611608096.871414
/ndn/h14-site/h14/C2Data-350-Type4;93976.0000;DATA;1611608098.688491
/ndn/d13-site/d13/C2Data-3391-Type2;74012.0000;DATA;1611608098.984523
/ndn/h2-site/h2/C2Data-123-Type3;96258.0000;DATA;1611608100.034538
/ndn/v7-site/v7/C2Data-6295-Type2;24562.0000;DATA;1611608100.169440
/ndn/v5-site/v5/C2Data-6053-Type2;23673.0000;DATA;1611608100.881455
/ndn/h13-site/h13/C2Data-325-Type4;93565.0000;DATA;1611608106.125491
/ndn/v2-site/v2/C2Data-2868-Type3;23809.0000;DATA;1611608106.494493
/ndn/h2-site/h2/C2Data-50-Type4;123805.0000;DATA;1611608111.954479
/ndn/d6-site/d6/C2Data-525-Type4;111453.0000;DATA;1611608116.978437
/ndn/v13-site/v13/C2Data-7022-Type1;118521.0000;DATA;1611608120.734511
/ndn/v8-site/v8/C2Data-6417-Type1;215055.0000;DATA;1611608121.339463
/ndn/s11-site/s11/C2Data-4965-Type1;147096.0000;DATA;1611608123.320493
/ndn/v1-site/v1/C2Data-5570-Type2;24640.0000;DATA;1611608125.508553
/ndn/v0-site/v0/C2Data-5449-Type1;23602.0000;DATA;1611608126.095544
/ndn/d12-site/d12/C2Data-3271-Type1;28349.0000;DATA;1611608126.454448
/ndn/v3-site/v3/C2Data-5812-Type1;520.0000;DATA;1611608126.726486
/ndn/d0-site/d0/C2Data-1819-Type1;23294.0000;DATA;1611608126.869411
/ndn/v9-site/v9/C2Data-6538-Type2;25801.0000;DATA;1611608127.633446
/ndn/d3-site/d3/C2Data-2182-Type2;122912.0000;DATA;1611608127.677489
/ndn/h5-site/h5/C2Data-609-Type2;145078.0000;DATA;1611608128.042438
/ndn/v14-site/v14/C2Data-7143-Type1;143548.0000;DATA;1611608129.199479
/ndn/h4-site/h4/C2Data-488-Type2;25246.0000;DATA;1611608129.502453
/ndn/h9-site/h9/C2Data-1093-Type1;26186.0000;DATA;1611608130.784461
/ndn/v9-site/v9/C2Data-975-Type4;236023.0000;DATA;1611608132.267465
/ndn/h6-site/h6/C2Data-150-Type4;25786.0000;DATA;1611608143.264300
/ndn/s4-site/s4/C2Data-2076-Type3;199116.0000;DATA;1611608146.448491
/ndn/h1-site/h1/C2Data-25-Type4;507.0000;DATA;1611608148.296415
/ndn/v14-site/v14/C2Data-1100-Type4;54798.0000;DATA;1611608148.363507
/ndn/v4-site/v4/C2Data-2991-Type3;23448.0000;DATA;1611608149.025489
/ndn/h6-site/h6/C2Data-368-Type3;189783.0000;DATA;1611608150.151474
/ndn/s1-site/s1/C2Data-3756-Type2;119030.0000;DATA;1611608151.219488
/ndn/h12-site/h12/C2Data-1457-Type2;534.0000;DATA;1611608152.072397
/ndn/h9-site/h9/C2Data-1094-Type1;122370.0000;DATA;1611608152.408403
/ndn/d10-site/d10/C2Data-3030-Type1;146115.0000;DATA;1611608153.137634
/ndn/d13-site/d13/C2Data-3393-Type2;25462.0000;DATA;1611608153.502482
/ndn/s11-site/s11/C2Data-4966-Type2;242620.0000;DATA;1611608153.792484
/ndn/v3-site/v3/C2Data-5813-Type2;124885.0000;DATA;1611608154.680399
/ndn/h6-site/h6/C2Data-731-Type2;201274.0000;DATA;1611608155.412420
/ndn/v13-site/v13/C2Data-7023-Type2;74382.0000;DATA;1611608155.867420
/ndn/s10-site/s10/C2Data-4845-Type2;628.0000;DATA;1611608156.608460
/ndn/v9-site/v9/C2Data-3296-Type3;212539.0000;DATA;1611608156.593453
/ndn/h6-site/h6/C2Data-731-Type1;76477.0000;DATA;1611608158.202410
/ndn/h0-site/h0/C2Data-5-Type1;209606.0000;DATA;1611608158.817653
/ndn/v0-site/v0/C2Data-2747-Type3;24271.0000;DATA;1611608159.262419
/ndn/h12-site/h12/C2Data-734-Type3;589.0000;DATA;1611608160.389455
/ndn/v5-site/v5/C2Data-6056-Type1;125132.0000;DATA;1611608180.096410
/ndn/h4-site/h4/C2Data-490-Type2;189615.0000;DATA;1611608180.364506
/ndn/v11-site/v11/C2Data-6782-Type1;575.0000;DATA;1611608180.631499
/ndn/d9-site/d9/C2Data-2910-Type2;94357.0000;DATA;1611608182.805405
/ndn/d7-site/d7/C2Data-2668-Type2;71180.0000;DATA;1611608183.706447
/ndn/s2-site/s2/C2Data-3878-Type2;96039.0000;DATA;1611608184.207402
/ndn/s12-site/s12/C2Data-5088-Type2;152908.0000;DATA;1611608185.714486
/ndn/v7-site/v7/C2Data-6298-Type1;71000.0000;DATA;1611608187.445432
/ndn/s3-site/s3/C2Data-3999-Type1;165257.0000;DATA;1611608187.663421
/ndn/h9-site/h9/C2Data-1095-Type1;24786.0000;DATA;1611608187.951445
/ndn/h9-site/h9/C2Data-1095-Type2;23776.0000;DATA;1611608190.417439
/ndn/d7-site/d7/C2Data-2668-Type1;72693.0000;DATA;1611608191.217711
/ndn/h7-site/h7/C2Data-853-Type2;147252.0000;DATA;1611608191.198438
/ndn/d14-site/d14/C2Data-1772-Type3;104171.0000;DATA;1611608205.456539
/ndn/s10-site/s10/C2Data-2443-Type3;695.0000;DATA;1611608205.721512
/ndn/d4-site/d4/C2Data-1162-Type3;75322.0000;DATA;1611608209.543440
/ndn/s12-site/s12/C2Data-5089-Type1;233139.0000;DATA;1611608210.113438
/ndn/s7-site/s7/C2Data-2260-Type3;767.0000;DATA;1611608211.971548
/ndn/s7-site/s7/C2Data-4484-Type2;634.0000;DATA;1611608213.185551
/ndn/s3-site/s3/C2Data-4000-Type2;23714.0000;DATA;1611608214.543555
