/ndn/v12-site/v12/C2Data-6897-Type1;592.0000;NACK;1611610325.465133
/ndn/v14-site/v14/C2Data-7139-Type1;80127.0000;DATA;1611610326.334077
/ndn/v3-site/v3/C2Data-5808-Type1;93855.0000;DATA;1611610326.454029
/ndn/v4-site/v4/C2Data-5929-Type1;520.0000;NACK;1611610327.658089
/ndn/s14-site/s14/C2Data-5324-Type2;526.0000;NACK;1611610328.782118
/ndn/s4-site/s4/C2Data-4114-Type1;476.0000;NACK;1611610331.353094
/ndn/v5-site/v5/C2Data-6050-Type1;615.0000;NACK;1611610333.186038
/ndn/v10-site/v10/C2Data-6655-Type2;556.0000;NACK;1611610335.343078
/ndn/d9-site/d9/C2Data-2904-Type2;91807.0000;DATA;1611610336.504039
/ndn/v8-site/v8/C2Data-3233-Type3;68885.0000;DATA;1611610351.097063
/ndn/h13-site/h13/C2Data-793-Type3;95316.0000;DATA;1611610353.286101
/ndn/v0-site/v0/C2Data-5446-Type2;441.0000;NACK;1611610355.504108
/ndn/s2-site/s2/C2Data-3873-Type2;121525.0000;DATA;1611610356.572066
/ndn/h1-site/h1/C2Data-61-Type3;95838.0000;DATA;1611610360.384055
/ndn/d0-site/d0/C2Data-915-Type3;96480.0000;DATA;1611610361.410122
/ndn/h2-site/h2/C2Data-122-Type3;372.0000;NACK;1611610362.146179
/ndn/v3-site/v3/C2Data-2928-Type3;53485.0000;DATA;1611610362.372056
/ndn/d1-site/d1/C2Data-1937-Type1;422.0000;NACK;1611610362.437078
/ndn/s9-site/s9/C2Data-4720-Type1;49293.0000;DATA;1611610362.498080
/ndn/d2-site/d2/C2Data-2058-Type2;119116.0000;DATA;1611610362.482058
/ndn/d13-site/d13/C2Data-1708-Type3;23327.0000;DATA;1611610362.607102
/ndn/v13-site/v13/C2Data-3538-Type3;32285.0000;DATA;1611610363.043101
/ndn/v5-site/v5/C2Data-6051-Type1;528.0000;NACK;1611610363.799092
/ndn/h2-site/h2/C2Data-243-Type2;397.0000;NACK;1611610363.855037
/ndn/s3-site/s3/C2Data-3994-Type2;516.0000;DATA;1611610364.090117
/ndn/h9-site/h9/C2Data-549-Type3;24973.0000;DATA;1611610365.060047
/ndn/v6-site/v6/C2Data-3111-Type3;25988.0000;DATA;1611610365.723045
/ndn/h5-site/h5/C2Data-305-Type3;25505.0000;DATA;1611610366.041139
/ndn/h1-site/h1/C2Data-122-Type2;23897.0000;DATA;1611610366.264032
/ndn/h7-site/h7/C2Data-848-Type2;25253.0000;DATA;1611610367.068059
/ndn/v3-site/v3/C2Data-5809-Type2;100491.0000;DATA;1611610367.058125
/ndn/v7-site/v7/C2Data-3172-Type3;530.0000;NACK;1611610368.121067
/ndn/h10-site/h10/C2Data-610-Type3;31886.0000;DATA;1611610370.166039
/ndn/h14-site/h14/C2Data-1696-Type2;504.0000;NACK;1611610385.615062
/ndn/v9-site/v9/C2Data-6536-Type2;27163.0000;DATA;1611610386.441032
/ndn/d8-site/d8/C2Data-2785-Type1;189357.0000;DATA;1611610386.512100
/ndn/d14-site/d14/C2Data-3511-Type2;180305.0000;DATA;1611610387.836205
/ndn/s10-site/s10/C2Data-4842-Type1;538.0000;NACK;1611610388.679124
/ndn/d2-site/d2/C2Data-2059-Type1;193652.0000;DATA;1611610388.518032
/ndn/s14-site/s14/C2Data-5326-Type2;528.0000;NACK;1611610388.716106
/ndn/s2-site/s2/C2Data-3874-Type1;47295.0000;DATA;1611610389.642049
/ndn/s3-site/s3/C2Data-3995-Type2;48328.0000;DATA;1611610390.975133
/ndn/v6-site/v6/C2Data-6173-Type1;49983.0000;DATA;1611610391.199036
/ndn/s3-site/s3/C2Data-3995-Type1;50836.0000;DATA;1611610391.225036
/ndn/v12-site/v12/C2Data-6899-Type1;238280.0000;DATA;1611610392.502065
/ndn/d10-site/d10/C2Data-3027-Type1;24488.0000;DATA;1611610394.258040
/ndn/s7-site/s7/C2Data-4479-Type1;214873.0000;DATA;1611610396.295035
/ndn/h0-site/h0/C2Data-1-Type3;29752.0000;DATA;1611610410.958098
/ndn/h14-site/h14/C2Data-855-Type3;560.0000;NACK;1611610411.667101
/ndn/d2-site/d2/C2Data-1038-Type3;96487.0000;DATA;1611610413.048108
/ndn/h3-site/h3/C2Data-184-Type3;33081.0000;DATA;1611610413.845068
/ndn/s11-site/s11/C2Data-2502-Type3;599.0000;DATA;1611610414.226042
/ndn/d5-site/d5/C2Data-2423-Type2;24034.0000;DATA;1611610415.724157
/ndn/v13-site/v13/C2Data-3539-Type3;23858.0000;DATA;1611610416.088124
/ndn/h13-site/h13/C2Data-1576-Type2;94414.0000;DATA;1611610416.570125
/ndn/s12-site/s12/C2Data-5085-Type1;47098.0000;DATA;1611610417.256031
/ndn/v10-site/v10/C2Data-6658-Type1;143271.0000;DATA;1611610419.772055
/ndn/d9-site/d9/C2Data-1465-Type3;23636.0000;DATA;1611610420.289091
/ndn/h5-site/h5/C2Data-608-Type1;24094.0000;DATA;1611610420.450065
/ndn/d12-site/d12/C2Data-3270-Type1;97147.0000;DATA;1611610420.420054
/ndn/s0-site/s0/C2Data-3633-Type2;24852.0000;DATA;1611610421.049045
/ndn/s7-site/s7/C2Data-4480-Type1;49434.0000;DATA;1611610421.038061
/ndn/s0-site/s0/C2Data-3633-Type1;123235.0000;DATA;1611610421.686252
/ndn/s9-site/s9/C2Data-4722-Type1;23745.0000;DATA;1611610423.059122
/ndn/v5-site/v5/C2Data-3051-Type3;96755.0000;DATA;1611610423.669035
/ndn/d8-site/d8/C2Data-1404-Type3;26232.0000;DATA;1611610424.163070
/ndn/h14-site/h14/C2Data-1697-Type2;142375.0000;DATA;1611610424.137077
/ndn/d13-site/d13/C2Data-3391-Type2;163463.0000;DATA;1611610424.442113
/ndn/s10-site/s10/C2Data-4843-Type1;143538.0000;DATA;1611610425.091128
/ndn/s2-site/s2/C2Data-3875-Type1;46957.0000;DATA;1611610425.756050
/ndn/d3-site/d3/C2Data-2181-Type1;24144.0000;DATA;1611610425.960031
/ndn/h11-site/h11/C2Data-1334-Type2;23337.0000;DATA;1611610426.363123
/ndn/d8-site/d8/C2Data-2786-Type1;187994.0000;DATA;1611610426.272037
/ndn/d9-site/d9/C2Data-600-Type4;96373.0000;DATA;1611610426.943077
/ndn/s5-site/s5/C2Data-2136-Type3;23802.0000;DATA;1611610427.203120
/ndn/v10-site/v10/C2Data-6658-Type2;24811.0000;DATA;1611610427.328034
/ndn/d7-site/d7/C2Data-1343-Type3;92394.0000;DATA;1611610427.782115
/ndn/s1-site/s1/C2Data-1892-Type3;26215.0000;DATA;1611610429.744066
/ndn/d13-site/d13/C2Data-1709-Type3;23383.0000;DATA;1611610430.804357
/ndn/d11-site/d11/C2Data-1587-Type3;24511.0000;DATA;1611610432.615128
/ndn/d1-site/d1/C2Data-400-Type4;158994.0000;DATA;1611610435.274989
/ndn/v8-site/v8/C2Data-950-Type4;33913.0000;DATA;1611610438.910915
/ndn/h7-site/h7/C2Data-851-Type1;25390.0000;DATA;1611610446.528126
/ndn/d11-site/d11/C2Data-650-Type4;26728.0000;DATA;1611610447.231065
/ndn/s1-site/s1/C2Data-3755-Type2;73387.0000;DATA;1611610447.980104
/ndn/d4-site/d4/C2Data-2303-Type2;167781.0000;DATA;1611610449.159050
/ndn/d7-site/d7/C2Data-2666-Type1;130058.0000;DATA;1611610449.936075
/ndn/d2-site/d2/C2Data-2061-Type2;184570.0000;DATA;1611610450.324055
/ndn/s6-site/s6/C2Data-4360-Type1;147249.0000;DATA;1611610451.495087
/ndn/v2-site/v2/C2Data-5691-Type2;24342.0000;DATA;1611610452.453111
/ndn/h6-site/h6/C2Data-150-Type4;27059.0000;DATA;1611610452.755034
/ndn/h13-site/h13/C2Data-1577-Type2;48069.0000;DATA;1611610453.393072
/ndn/d1-site/d1/C2Data-1940-Type2;49211.0000;DATA;1611610453.815104
/ndn/v12-site/v12/C2Data-6901-Type1;251637.0000;DATA;1611610455.734043
/ndn/h5-site/h5/C2Data-609-Type2;48660.0000;DATA;1611610456.313065
/ndn/s1-site/s1/C2Data-3755-Type1;69592.0000;DATA;1611610456.606609
/ndn/v4-site/v4/C2Data-5933-Type1;118846.0000;DATA;1611610456.998033
/ndn/d4-site/d4/C2Data-1161-Type3;24274.0000;DATA;1611610478.210031
/ndn/h2-site/h2/C2Data-50-Type4;24282.0000;DATA;1611610478.551040
/ndn/v4-site/v4/C2Data-5934-Type2;24137.0000;DATA;1611610478.765097
/ndn/d4-site/d4/C2Data-2304-Type2;169725.0000;DATA;1611610478.971107
/ndn/s6-site/s6/C2Data-2198-Type3;161936.0000;DATA;1611610479.352134
/ndn/s3-site/s3/C2Data-3998-Type1;736.0000;DATA;1611610480.435036
/ndn/s14-site/s14/C2Data-5329-Type1;94234.0000;DATA;1611610480.444031
/ndn/v10-site/v10/C2Data-6660-Type2;23408.0000;DATA;1611610481.072033
/ndn/d12-site/d12/C2Data-3272-Type2;24145.0000;DATA;1611610481.554048
/ndn/s13-site/s13/C2Data-5208-Type1;69469.0000;DATA;1611610482.664050
/ndn/h7-site/h7/C2Data-429-Type3;23564.0000;DATA;1611610483.964030
/ndn/d13-site/d13/C2Data-3393-Type2;168299.0000;DATA;1611610484.312117
/ndn/v0-site/v0/C2Data-2747-Type3;24579.0000;DATA;1611610485.040465
/ndn/v12-site/v12/C2Data-6902-Type1;285766.0000;DATA;1611610487.344164
/ndn/d11-site/d11/C2Data-1588-Type3;27242.0000;DATA;1611610488.222143
/ndn/v12-site/v12/C2Data-3479-Type3;24622.0000;DATA;1611610488.680029
/ndn/v6-site/v6/C2Data-3113-Type3;29462.0000;DATA;1611610492.112250
/ndn/h6-site/h6/C2Data-368-Type3;50866.0000;DATA;1611610493.133570
/ndn/v2-site/v2/C2Data-2869-Type3;201708.0000;DATA;1611610493.177056
/ndn/d4-site/d4/C2Data-2305-Type2;166148.0000;DATA;1611610506.608096
/ndn/v8-site/v8/C2Data-6419-Type2;72641.0000;DATA;1611610512.301036
/ndn/d13-site/d13/C2Data-3394-Type1;171010.0000;DATA;1611610512.259075
/ndn/s4-site/s4/C2Data-4120-Type1;121118.0000;DATA;1611610512.360484
/ndn/h9-site/h9/C2Data-1095-Type2;68812.0000;DATA;1611610513.958594
/ndn/s13-site/s13/C2Data-5209-Type2;809.0000;DATA;1611610516.566067
/ndn/v12-site/v12/C2Data-6903-Type1;25617.0000;DATA;1611610516.762089
/ndn/s3-site/s3/C2Data-3999-Type1;525.0000;DATA;1611610516.902047
/ndn/s11-site/s11/C2Data-2504-Type3;47995.0000;DATA;1611610530.230119
/ndn/h1-site/h1/C2Data-64-Type3;222197.0000;DATA;1611610531.060031
/ndn/v4-site/v4/C2Data-2992-Type3;280178.0000;DATA;1611610532.037120
/ndn/s10-site/s10/C2Data-2443-Type3;161134.0000;DATA;1611610533.208037
/ndn/v13-site/v13/C2Data-3541-Type3;54263.0000;DATA;1611610534.246050
/ndn/s7-site/s7/C2Data-2260-Type3;190011.0000;DATA;1611610535.428085
/ndn/s1-site/s1/C2Data-3758-Type2;72861.0000;DATA;1611610536.228040
/ndn/d10-site/d10/C2Data-3032-Type2;23964.0000;DATA;1611610537.299108
/ndn/h10-site/h10/C2Data-613-Type3;46108.0000;DATA;1611610538.482048
/ndn/v3-site/v3/C2Data-2931-Type3;25283.0000;DATA;1611610538.919103
/ndn/d4-site/d4/C2Data-1162-Type3;165983.0000;DATA;1611610539.011061
/ndn/s13-site/s13/C2Data-5210-Type2;673.0000;DATA;1611610539.386039
/ndn/d5-site/d5/C2Data-1223-Type3;26885.0000;DATA;1611610539.441117
/ndn/s0-site/s0/C2Data-3637-Type1;136102.0000;DATA;1611610539.664088
/ndn/v8-site/v8/C2Data-3236-Type3;24462.0000;DATA;1611610540.784069
