/ndn/d13-site/d13/C2Data-3388-Type2;166756.0000;DATA;1611610326.695071
/ndn/h1-site/h1/C2Data-121-Type2;165780.0000;DATA;1611610326.997061
/ndn/d8-site/d8/C2Data-2783-Type1;52575.0000;DATA;1611610329.747056
/ndn/v1-site/v1/C2Data-5566-Type1;477.0000;NACK;1611610330.103027
/ndn/s10-site/s10/C2Data-4840-Type1;575.0000;NACK;1611610330.186038
/ndn/v4-site/v4/C2Data-5929-Type1;474.0000;NACK;1611610331.214174
/ndn/h13-site/h13/C2Data-1573-Type2;48240.0000;DATA;1611610331.907085
/ndn/v6-site/v6/C2Data-6171-Type2;119792.0000;DATA;1611610331.937037
/ndn/v2-site/v2/C2Data-5687-Type1;147194.0000;DATA;1611610331.958097
/ndn/s1-site/s1/C2Data-3751-Type1;497.0000;DATA;1611610332.946027
/ndn/v5-site/v5/C2Data-6050-Type2;491.0000;NACK;1611610333.503083
/ndn/d13-site/d13/C2Data-3388-Type1;213149.0000;DATA;1611610333.472076
/ndn/v13-site/v13/C2Data-7018-Type1;626.0000;DATA;1611610334.531767
/ndn/d14-site/d14/C2Data-3509-Type1;54751.0000;DATA;1611610334.792110
/ndn/d7-site/d7/C2Data-2662-Type1;116877.0000;DATA;1611610334.868130
/ndn/s3-site/s3/C2Data-3993-Type2;98557.0000;DATA;1611610335.973041
/ndn/d6-site/d6/C2Data-2541-Type2;68970.0000;DATA;1611610336.436032
/ndn/v2-site/v2/C2Data-5688-Type1;148718.0000;DATA;1611610355.692117
/ndn/h11-site/h11/C2Data-671-Type3;23933.0000;DATA;1611610356.176091
/ndn/d3-site/d3/C2Data-1098-Type3;50188.0000;DATA;1611610356.759039
/ndn/d14-site/d14/C2Data-3510-Type2;154869.0000;DATA;1611610356.742072
/ndn/h10-site/h10/C2Data-610-Type3;47247.0000;DATA;1611610357.156080
/ndn/v1-site/v1/C2Data-5567-Type1;651.0000;NACK;1611610357.366056
/ndn/v14-site/v14/C2Data-3599-Type3;73751.0000;DATA;1611610357.472048
/ndn/h3-site/h3/C2Data-183-Type3;679.0000;DATA;1611610357.831156
/ndn/h3-site/h3/C2Data-364-Type1;72819.0000;DATA;1611610358.119034
/ndn/s3-site/s3/C2Data-3994-Type2;95876.0000;DATA;1611610360.175076
/ndn/s4-site/s4/C2Data-2074-Type3;481.0000;NACK;1611610360.712028
/ndn/v6-site/v6/C2Data-3111-Type3;145128.0000;DATA;1611610361.208090
/ndn/v2-site/v2/C2Data-2867-Type3;25722.0000;DATA;1611610363.147587
/ndn/d0-site/d0/C2Data-915-Type3;23358.0000;DATA;1611610363.185028
/ndn/h5-site/h5/C2Data-606-Type1;48939.0000;DATA;1611610363.400184
/ndn/d7-site/d7/C2Data-2663-Type1;121382.0000;DATA;1611610363.774271
/ndn/d9-site/d9/C2Data-1464-Type3;543.0000;DATA;1611610365.682210
/ndn/d8-site/d8/C2Data-2784-Type2;23567.0000;DATA;1611610366.675027
/ndn/v7-site/v7/C2Data-3172-Type3;589.0000;NACK;1611610367.505161
/ndn/s5-site/s5/C2Data-2135-Type3;552.0000;DATA;1611610367.769197
/ndn/s1-site/s1/C2Data-1891-Type3;657.0000;DATA;1611610368.819049
/ndn/s14-site/s14/C2Data-2684-Type3;529.0000;NACK;1611610369.939040
/ndn/h13-site/h13/C2Data-793-Type3;23358.0000;DATA;1611610372.070094
/ndn/h4-site/h4/C2Data-244-Type3;25164.0000;DATA;1611610372.792118
/ndn/v3-site/v3/C2Data-5810-Type2;93058.0000;DATA;1611610385.535088
/ndn/v7-site/v7/C2Data-6294-Type2;488.0000;NACK;1611610385.751041
/ndn/s12-site/s12/C2Data-5084-Type2;102299.0000;DATA;1611610385.944049
/ndn/s6-site/s6/C2Data-4358-Type1;165703.0000;DATA;1611610386.167086
/ndn/d4-site/d4/C2Data-2301-Type1;183660.0000;DATA;1611610388.805108
/ndn/h4-site/h4/C2Data-486-Type2;28594.0000;DATA;1611610389.170176
/ndn/v7-site/v7/C2Data-6294-Type1;452.0000;NACK;1611610390.756034
/ndn/d0-site/d0/C2Data-1817-Type1;132551.0000;DATA;1611610390.786028
/ndn/v5-site/v5/C2Data-6052-Type2;470.0000;NACK;1611610391.215079
/ndn/v9-site/v9/C2Data-6536-Type1;72636.0000;DATA;1611610391.976297
/ndn/s0-site/s0/C2Data-3632-Type1;24179.0000;DATA;1611610392.827063
/ndn/d10-site/d10/C2Data-3027-Type2;26632.0000;DATA;1611610392.889123
/ndn/v9-site/v9/C2Data-6536-Type2;38470.0000;DATA;1611610393.616108
/ndn/h5-site/h5/C2Data-607-Type1;50578.0000;DATA;1611610393.697063
/ndn/s2-site/s2/C2Data-3874-Type2;545.0000;DATA;1611610393.793096
/ndn/v5-site/v5/C2Data-6052-Type1;259954.0000;DATA;1611610393.770183
/ndn/h1-site/h1/C2Data-123-Type1;167016.0000;DATA;1611610393.955047
/ndn/v1-site/v1/C2Data-5568-Type1;24326.0000;DATA;1611610395.586057
/ndn/h2-site/h2/C2Data-244-Type2;535.0000;NACK;1611610396.602099
/ndn/v0-site/v0/C2Data-5447-Type2;145672.0000;DATA;1611610396.652158
/ndn/h3-site/h3/C2Data-184-Type3;265817.0000;DATA;1611610409.850090
/ndn/h0-site/h0/C2Data-1-Type3;685.0000;DATA;1611610411.769057
/ndn/v13-site/v13/C2Data-3539-Type3;48310.0000;DATA;1611610414.239069
/ndn/d5-site/d5/C2Data-1221-Type3;24015.0000;DATA;1611610415.750111
/ndn/v4-site/v4/C2Data-5932-Type1;24849.0000;DATA;1611610415.950449
/ndn/s2-site/s2/C2Data-1953-Type3;78295.0000;DATA;1611610417.420077
/ndn/s12-site/s12/C2Data-5085-Type1;24910.0000;DATA;1611610418.273055
/ndn/v3-site/v3/C2Data-5811-Type2;98368.0000;DATA;1611610418.243118
/ndn/d6-site/d6/C2Data-1282-Type3;25749.0000;DATA;1611610418.448029
/ndn/d9-site/d9/C2Data-2907-Type2;97717.0000;DATA;1611610418.500112
/ndn/s9-site/s9/C2Data-4722-Type1;69539.0000;DATA;1611610418.974726
/ndn/h1-site/h1/C2Data-62-Type3;185440.0000;DATA;1611610420.313128
/ndn/h14-site/h14/C2Data-855-Type3;548.0000;NACK;1611610420.590122
/ndn/s1-site/s1/C2Data-3754-Type1;75715.0000;DATA;1611610420.867487
/ndn/v8-site/v8/C2Data-3234-Type3;671.0000;DATA;1611610421.600078
/ndn/v5-site/v5/C2Data-6053-Type1;633.0000;DATA;1611610421.682068
/ndn/s3-site/s3/C2Data-3996-Type1;26496.0000;DATA;1611610421.946044
/ndn/v11-site/v11/C2Data-3417-Type3;884.0000;DATA;1611610422.382215
/ndn/v14-site/v14/C2Data-3600-Type3;46754.0000;DATA;1611610423.398106
/ndn/s14-site/s14/C2Data-5327-Type1;693.0000;DATA;1611610423.541085
/ndn/d0-site/d0/C2Data-916-Type3;51565.0000;DATA;1611610424.801057
/ndn/v7-site/v7/C2Data-6295-Type2;25914.0000;DATA;1611610425.431103
/ndn/h11-site/h11/C2Data-672-Type3;190383.0000;DATA;1611610425.320090
/ndn/d0-site/d0/C2Data-1818-Type1;603.0000;DATA;1611610426.792084
/ndn/s0-site/s0/C2Data-1831-Type3;49059.0000;DATA;1611610427.022109
/ndn/v13-site/v13/C2Data-7021-Type1;99071.0000;DATA;1611610427.248033
/ndn/s5-site/s5/C2Data-2136-Type3;443.0000;DATA;1611610427.386155
/ndn/h8-site/h8/C2Data-489-Type3;636.0000;DATA;1611610428.024099
/ndn/v4-site/v4/C2Data-850-Type4;84743.0000;DATA;1611610428.665109
/ndn/v6-site/v6/C2Data-900-Type4;123006.0000;DATA;1611610435.627003
/ndn/v5-site/v5/C2Data-875-Type4;184549.0000;DATA;1611610439.726112
/ndn/h14-site/h14/C2Data-1698-Type2;169530.0000;DATA;1611610445.736111
/ndn/v3-site/v3/C2Data-5812-Type1;46871.0000;DATA;1611610447.227094
/ndn/s13-site/s13/C2Data-5207-Type2;72993.0000;DATA;1611610449.240060
/ndn/s2-site/s2/C2Data-3876-Type2;49577.0000;DATA;1611610449.875111
/ndn/d4-site/d4/C2Data-2303-Type2;23963.0000;DATA;1611610449.911101
/ndn/v4-site/v4/C2Data-5933-Type1;115725.0000;DATA;1611610450.452064
/ndn/v8-site/v8/C2Data-6417-Type1;769.0000;DATA;1611610451.461060
/ndn/s10-site/s10/C2Data-4844-Type1;762.0000;DATA;1611610452.547089
/ndn/s3-site/s3/C2Data-3997-Type1;24738.0000;DATA;1611610453.143119
/ndn/h0-site/h0/C2Data-0-Type4;681.0000;DATA;1611610454.454126
/ndn/v13-site/v13/C2Data-7022-Type2;649.0000;DATA;1611610455.211162
/ndn/s5-site/s5/C2Data-4239-Type1;26020.0000;DATA;1611610455.927897
/ndn/h0-site/h0/C2Data-4-Type2;664.0000;DATA;1611610456.246084
/ndn/v13-site/v13/C2Data-7022-Type1;117804.0000;DATA;1611610456.547061
/ndn/v7-site/v7/C2Data-925-Type4;667.0000;DATA;1611610461.152505
/ndn/h14-site/h14/C2Data-350-Type4;25766.0000;DATA;1611610463.511669
/ndn/h12-site/h12/C2Data-300-Type4;48095.0000;DATA;1611610474.369080
/ndn/v6-site/v6/C2Data-3113-Type3;97576.0000;DATA;1611610476.488030
/ndn/h3-site/h3/C2Data-368-Type2;73902.0000;DATA;1611610476.539066
/ndn/s14-site/s14/C2Data-5329-Type2;191641.0000;DATA;1611610476.634051
/ndn/h4-site/h4/C2Data-100-Type4;683.0000;DATA;1611610477.013041
/ndn/v4-site/v4/C2Data-2991-Type3;181024.0000;DATA;1611610476.904332
/ndn/h7-site/h7/C2Data-852-Type1;664.0000;DATA;1611610478.674117
/ndn/h11-site/h11/C2Data-1336-Type1;193591.0000;DATA;1611610479.025095
/ndn/h11-site/h11/C2Data-275-Type4;613.0000;DATA;1611610479.382043
/ndn/d9-site/d9/C2Data-1466-Type3;92164.0000;DATA;1611610480.066078
/ndn/d8-site/d8/C2Data-575-Type4;24395.0000;DATA;1611610480.252028
/ndn/s9-site/s9/C2Data-4724-Type2;545.0000;DATA;1611610480.462038
/ndn/d5-site/d5/C2Data-2425-Type1;24748.0000;DATA;1611610480.447028
/ndn/v9-site/v9/C2Data-6539-Type1;25123.0000;DATA;1611610480.828039
/ndn/h0-site/h0/C2Data-2-Type3;606.0000;DATA;1611610481.406054
/ndn/d0-site/d0/C2Data-1820-Type2;47816.0000;DATA;1611610481.427087
/ndn/v9-site/v9/C2Data-3296-Type3;24454.0000;DATA;1611610482.683084
/ndn/d1-site/d1/C2Data-978-Type3;509.0000;DATA;1611610482.967025
/ndn/s1-site/s1/C2Data-1893-Type3;623.0000;DATA;1611610483.148187
/ndn/d4-site/d4/C2Data-1161-Type3;541.0000;DATA;1611610484.006739
/ndn/h12-site/h12/C2Data-734-Type3;51416.0000;DATA;1611610485.022028
/ndn/v2-site/v2/C2Data-5692-Type1;143264.0000;DATA;1611610485.179160
/ndn/s13-site/s13/C2Data-5208-Type1;73745.0000;DATA;1611610485.439052
/ndn/d11-site/d11/C2Data-3151-Type1;192737.0000;DATA;1611610485.662082
/ndn/s8-site/s8/C2Data-4603-Type1;143822.0000;DATA;1611610485.733090
/ndn/h2-site/h2/C2Data-247-Type2;24144.0000;DATA;1611610485.935078
/ndn/v4-site/v4/C2Data-5934-Type2;23557.0000;DATA;1611610485.987072
/ndn/s2-site/s2/C2Data-1954-Type3;603.0000;DATA;1611610487.390079
/ndn/v10-site/v10/C2Data-3357-Type3;55920.0000;DATA;1611610488.469053
/ndn/s5-site/s5/C2Data-2137-Type3;26256.0000;DATA;1611610489.659116
/ndn/v7-site/v7/C2Data-3174-Type3;728.0000;DATA;1611610490.295038
/ndn/d13-site/d13/C2Data-1710-Type3;510.0000;DATA;1611610490.449947
/ndn/h2-site/h2/C2Data-248-Type1;213519.0000;DATA;1611610505.711085
/ndn/v6-site/v6/C2Data-6177-Type2;141726.0000;DATA;1611610506.369097
/ndn/d0-site/d0/C2Data-1821-Type1;173144.0000;DATA;1611610508.954096
/ndn/v5-site/v5/C2Data-6056-Type1;172125.0000;DATA;1611610509.136108
/ndn/h14-site/h14/C2Data-1700-Type1;146596.0000;DATA;1611610509.215060
/ndn/s6-site/s6/C2Data-4362-Type2;67451.0000;DATA;1611610510.145816
/ndn/d14-site/d14/C2Data-3515-Type2;160620.0000;DATA;1611610510.340045
/ndn/d2-site/d2/C2Data-2063-Type1;183578.0000;DATA;1611610510.989119
/ndn/s14-site/s14/C2Data-5330-Type2;48424.0000;DATA;1611610512.030060
/ndn/d2-site/d2/C2Data-2063-Type2;771.0000;DATA;1611610512.192073
/ndn/h12-site/h12/C2Data-1458-Type2;547.0000;DATA;1611610513.476119
/ndn/d5-site/d5/C2Data-2426-Type2;620.0000;DATA;1611610515.223115
/ndn/v3-site/v3/C2Data-2931-Type3;107880.0000;DATA;1611610533.254101
/ndn/h8-site/h8/C2Data-975-Type2;92981.0000;DATA;1611610537.607138
/ndn/d6-site/d6/C2Data-2548-Type1;144217.0000;DATA;1611610537.978085
/ndn/d8-site/d8/C2Data-1406-Type3;530.0000;DATA;1611610538.245068
/ndn/s11-site/s11/C2Data-4968-Type2;99068.0000;DATA;1611610538.477065
/ndn/s0-site/s0/C2Data-3637-Type2;127053.0000;DATA;1611610539.233232
/ndn/s7-site/s7/C2Data-4484-Type2;91633.0000;DATA;1611610539.613111
/ndn/s13-site/s13/C2Data-5210-Type2;73427.0000;DATA;1611610540.869104
/ndn/s6-site/s6/C2Data-2199-Type3;485.0000;DATA;1611610541.380050
