/ndn/h5-site/h5/C2Data-605-Type1;115809.0000;DATA;1611605089.619999
/ndn/d6-site/d6/C2Data-2541-Type2;223148.0000;DATA;1611605089.947042
/ndn/v10-site/v10/C2Data-6655-Type1;156412.0000;DATA;1611605090.263122
/ndn/h8-site/h8/C2Data-968-Type1;183663.0000;DATA;1611605091.240955
/ndn/v9-site/v9/C2Data-6534-Type2;571.0000;NACK;1611605091.975011
/ndn/s10-site/s10/C2Data-4840-Type2;74926.0000;DATA;1611605092.232981
/ndn/v8-site/v8/C2Data-6413-Type1;550.0000;NACK;1611605093.303016
/ndn/s11-site/s11/C2Data-4961-Type2;660.0000;NACK;1611605095.772070
/ndn/s4-site/s4/C2Data-4114-Type1;639.0000;DATA;1611605095.876033
/ndn/h4-site/h4/C2Data-484-Type2;28407.0000;DATA;1611605095.889950
/ndn/s1-site/s1/C2Data-3751-Type2;47459.0000;DATA;1611605096.845928
/ndn/h6-site/h6/C2Data-726-Type2;107458.0000;DATA;1611605097.263994
/ndn/v4-site/v4/C2Data-5929-Type1;46893.0000;DATA;1611605098.755990
/ndn/s1-site/s1/C2Data-1891-Type3;277795.0000;DATA;1611605116.966987
/ndn/s6-site/s6/C2Data-4357-Type2;188155.0000;DATA;1611605119.614944
/ndn/v10-site/v10/C2Data-6656-Type1;138525.0000;DATA;1611605120.146966
/ndn/h6-site/h6/C2Data-727-Type1;27244.0000;DATA;1611605120.686969
/ndn/h14-site/h14/C2Data-854-Type3;596.0000;DATA;1611605120.728977
/ndn/d2-site/d2/C2Data-2058-Type2;86221.0000;DATA;1611605121.392071
/ndn/d2-site/d2/C2Data-2058-Type1;70330.0000;DATA;1611605122.111962
/ndn/v0-site/v0/C2Data-5446-Type1;127044.0000;DATA;1611605122.289012
/ndn/d11-site/d11/C2Data-3147-Type2;496.0000;DATA;1611605122.695983
/ndn/v12-site/v12/C2Data-6898-Type2;192005.0000;DATA;1611605122.516960
/ndn/d4-site/d4/C2Data-2300-Type2;24559.0000;DATA;1611605123.122990
/ndn/v1-site/v1/C2Data-5567-Type2;683.0000;DATA;1611605124.467985
/ndn/s14-site/s14/C2Data-5325-Type2;49640.0000;DATA;1611605124.914561
/ndn/s11-site/s11/C2Data-4962-Type1;602.0000;NACK;1611605125.365907
/ndn/h12-site/h12/C2Data-732-Type3;817.0000;DATA;1611605125.507008
/ndn/d1-site/d1/C2Data-1937-Type2;744.0000;DATA;1611605127.134990
/ndn/h2-site/h2/C2Data-122-Type3;550.0000;DATA;1611605127.163943
/ndn/h3-site/h3/C2Data-364-Type2;414.0000;DATA;1611605128.493949
/ndn/v13-site/v13/C2Data-3538-Type3;47819.0000;DATA;1611605128.464999
/ndn/d11-site/d11/C2Data-3147-Type1;46330.0000;DATA;1611605128.975060
/ndn/h8-site/h8/C2Data-969-Type1;173337.0000;DATA;1611605129.155989
/ndn/d7-site/d7/C2Data-2663-Type1;122087.0000;DATA;1611605130.602023
/ndn/h9-site/h9/C2Data-549-Type3;30242.0000;DATA;1611605134.588957
/ndn/v7-site/v7/C2Data-6294-Type1;122800.0000;DATA;1611605149.427998
/ndn/s6-site/s6/C2Data-4358-Type1;188879.0000;DATA;1611605149.406047
/ndn/h4-site/h4/C2Data-486-Type2;173842.0000;DATA;1611605149.976992
/ndn/s2-site/s2/C2Data-3874-Type1;48120.0000;DATA;1611605150.108955
/ndn/d8-site/d8/C2Data-2785-Type1;95729.0000;DATA;1611605151.131986
/ndn/h1-site/h1/C2Data-123-Type1;65629.0000;DATA;1611605151.669078
/ndn/h13-site/h13/C2Data-1575-Type2;73101.0000;DATA;1611605153.107981
/ndn/s2-site/s2/C2Data-3874-Type2;24086.0000;DATA;1611605153.252015
/ndn/h14-site/h14/C2Data-1696-Type2;603.0000;DATA;1611605153.473902
/ndn/d0-site/d0/C2Data-1817-Type2;48336.0000;DATA;1611605154.766971
/ndn/d7-site/d7/C2Data-2664-Type1;126793.0000;DATA;1611605155.035978
/ndn/h11-site/h11/C2Data-1333-Type2;23584.0000;DATA;1611605155.157976
/ndn/v3-site/v3/C2Data-5810-Type1;96673.0000;DATA;1611605157.114911
/ndn/d12-site/d12/C2Data-3269-Type1;117179.0000;DATA;1611605157.461062
/ndn/d9-site/d9/C2Data-2906-Type1;23667.0000;DATA;1611605157.795011
/ndn/v11-site/v11/C2Data-6778-Type2;23519.0000;DATA;1611605157.846934
/ndn/s12-site/s12/C2Data-5084-Type2;120573.0000;DATA;1611605160.653023
/ndn/v14-site/v14/C2Data-3600-Type3;48179.0000;DATA;1611605175.379982
/ndn/h0-site/h0/C2Data-1-Type3;604.0000;DATA;1611605178.762986
/ndn/d8-site/d8/C2Data-1404-Type3;95884.0000;DATA;1611605178.997918
/ndn/h9-site/h9/C2Data-1092-Type2;142303.0000;DATA;1611605179.658014
/ndn/s0-site/s0/C2Data-3633-Type2;189305.0000;DATA;1611605179.764955
/ndn/s4-site/s4/C2Data-2075-Type3;517.0000;DATA;1611605181.639932
/ndn/h5-site/h5/C2Data-608-Type2;119007.0000;DATA;1611605181.536947
/ndn/s8-site/s8/C2Data-4601-Type1;23797.0000;DATA;1611605181.658992
/ndn/h5-site/h5/C2Data-306-Type3;25074.0000;DATA;1611605182.228987
/ndn/s6-site/s6/C2Data-4359-Type2;120619.0000;DATA;1611605183.206976
/ndn/d6-site/d6/C2Data-2544-Type2;156711.0000;DATA;1611605184.283563
/ndn/d0-site/d0/C2Data-1818-Type2;23607.0000;DATA;1611605185.510972
/ndn/v11-site/v11/C2Data-6779-Type2;23883.0000;DATA;1611605185.511900
/ndn/v5-site/v5/C2Data-6053-Type2;46134.0000;DATA;1611605185.712687
/ndn/v14-site/v14/C2Data-7142-Type2;69540.0000;DATA;1611605185.986020
/ndn/v1-site/v1/C2Data-2807-Type3;73583.0000;DATA;1611605186.341967
/ndn/h12-site/h12/C2Data-733-Type3;664.0000;DATA;1611605186.433994
/ndn/d10-site/d10/C2Data-3028-Type1;115386.0000;DATA;1611605186.612992
/ndn/h2-site/h2/C2Data-123-Type3;24430.0000;DATA;1611605187.452080
/ndn/h14-site/h14/C2Data-1697-Type2;47582.0000;DATA;1611605187.851957
/ndn/v8-site/v8/C2Data-950-Type4;49564.0000;DATA;1611605188.233972
/ndn/v1-site/v1/C2Data-5569-Type1;190562.0000;DATA;1611605188.308574
/ndn/s5-site/s5/C2Data-4238-Type2;565.0000;DATA;1611605189.928987
/ndn/d7-site/d7/C2Data-2665-Type1;695.0000;DATA;1611605189.950010
/ndn/v12-site/v12/C2Data-1050-Type4;50503.0000;DATA;1611605190.411021
/ndn/v2-site/v2/C2Data-2868-Type3;38792.0000;DATA;1611605192.152988
/ndn/v11-site/v11/C2Data-3417-Type3;750.0000;DATA;1611605197.090012
/ndn/h1-site/h1/C2Data-25-Type4;76206.0000;DATA;1611605198.464498
/ndn/d9-site/d9/C2Data-600-Type4;46234.0000;DATA;1611605203.464985
/ndn/s13-site/s13/C2Data-5207-Type2;235763.0000;DATA;1611605209.274863
/ndn/h6-site/h6/C2Data-730-Type2;122514.0000;DATA;1611605212.270982
/ndn/d4-site/d4/C2Data-2303-Type2;47452.0000;DATA;1611605212.394960
/ndn/s3-site/s3/C2Data-3997-Type2;27183.0000;DATA;1611605212.530943
/ndn/h3-site/h3/C2Data-367-Type2;161998.0000;DATA;1611605212.661918
/ndn/h8-site/h8/C2Data-972-Type1;70733.0000;DATA;1611605213.093983
/ndn/s0-site/s0/C2Data-3634-Type1;23996.0000;DATA;1611605213.943978
/ndn/v7-site/v7/C2Data-925-Type4;56230.0000;DATA;1611605214.644013
/ndn/d11-site/d11/C2Data-3150-Type2;120832.0000;DATA;1611605218.091903
/ndn/s11-site/s11/C2Data-4965-Type1;119543.0000;DATA;1611605218.353963
/ndn/d2-site/d2/C2Data-2061-Type1;23783.0000;DATA;1611605219.260967
/ndn/d12-site/d12/C2Data-3271-Type1;678.0000;DATA;1611605219.853945
/ndn/h2-site/h2/C2Data-246-Type2;539.0000;DATA;1611605220.517953
/ndn/v14-site/v14/C2Data-1100-Type4;97417.0000;DATA;1611605224.558945
/ndn/d6-site/d6/C2Data-525-Type4;23312.0000;DATA;1611605226.817999
/ndn/h8-site/h8/C2Data-200-Type4;24145.0000;DATA;1611605229.818139
/ndn/s1-site/s1/C2Data-1893-Type3;239436.0000;DATA;1611605233.969961
/ndn/v0-site/v0/C2Data-2747-Type3;117444.0000;DATA;1611605235.067988
/ndn/v4-site/v4/C2Data-2991-Type3;28842.0000;DATA;1611605235.298958
/ndn/s13-site/s13/C2Data-2625-Type3;121653.0000;DATA;1611605235.212007
/ndn/h12-site/h12/C2Data-734-Type3;130498.0000;DATA;1611605236.593793
/ndn/h7-site/h7/C2Data-429-Type3;124849.0000;DATA;1611605237.066909
/ndn/v13-site/v13/C2Data-7023-Type1;46903.0000;DATA;1611605239.977959
/ndn/d12-site/d12/C2Data-675-Type4;695.0000;DATA;1611605240.362013
/ndn/h1-site/h1/C2Data-126-Type1;49477.0000;DATA;1611605240.493006
/ndn/v2-site/v2/C2Data-5692-Type2;165590.0000;DATA;1611605240.711002
/ndn/s14-site/s14/C2Data-5329-Type2;24729.0000;DATA;1611605243.349042
/ndn/h7-site/h7/C2Data-852-Type1;47069.0000;DATA;1611605244.044940
/ndn/s13-site/s13/C2Data-5208-Type1;71941.0000;DATA;1611605244.195060
/ndn/v14-site/v14/C2Data-7144-Type2;94632.0000;DATA;1611605244.229131
/ndn/h4-site/h4/C2Data-100-Type4;607.0000;DATA;1611605244.535050
/ndn/h14-site/h14/C2Data-1699-Type1;48333.0000;DATA;1611605244.633986
/ndn/s5-site/s5/C2Data-2137-Type3;681.0000;DATA;1611605244.880967
/ndn/s0-site/s0/C2Data-3635-Type1;23494.0000;DATA;1611605245.164940
/ndn/s6-site/s6/C2Data-4361-Type1;192432.0000;DATA;1611605245.319056
/ndn/s1-site/s1/C2Data-3756-Type2;121423.0000;DATA;1611605245.647994
/ndn/s10-site/s10/C2Data-4845-Type2;457.0000;DATA;1611605245.803025
/ndn/v6-site/v6/C2Data-6176-Type1;48818.0000;DATA;1611605245.840008
/ndn/h1-site/h1/C2Data-126-Type2;46484.0000;DATA;1611605247.184932
/ndn/s10-site/s10/C2Data-2442-Type3;603.0000;DATA;1611605247.796019
/ndn/d13-site/d13/C2Data-3393-Type2;23682.0000;DATA;1611605248.119981
/ndn/h1-site/h1/C2Data-63-Type3;49838.0000;DATA;1611605250.227991
/ndn/v6-site/v6/C2Data-6176-Type2;46265.0000;DATA;1611605250.258922
/ndn/s2-site/s2/C2Data-1954-Type3;752.0000;DATA;1611605256.565981
/ndn/v3-site/v3/C2Data-5814-Type2;95656.0000;DATA;1611605269.964002
/ndn/v6-site/v6/C2Data-6177-Type2;23350.0000;DATA;1611605270.336042
/ndn/v7-site/v7/C2Data-6298-Type1;48221.0000;DATA;1611605272.739995
/ndn/v8-site/v8/C2Data-6419-Type1;74809.0000;DATA;1611605273.739065
/ndn/v2-site/v2/C2Data-5693-Type2;119382.0000;DATA;1611605274.561957
/ndn/h8-site/h8/C2Data-974-Type1;171785.0000;DATA;1611605274.537983
/ndn/v5-site/v5/C2Data-6056-Type2;119859.0000;DATA;1611605276.944997
/ndn/h5-site/h5/C2Data-611-Type1;121576.0000;DATA;1611605279.891991
/ndn/d4-site/d4/C2Data-1162-Type3;49522.0000;DATA;1611605293.732036
/ndn/h10-site/h10/C2Data-613-Type3;122853.0000;DATA;1611605296.419962
/ndn/v8-site/v8/C2Data-3236-Type3;47634.0000;DATA;1611605298.727045
/ndn/s10-site/s10/C2Data-2443-Type3;852.0000;DATA;1611605299.768934
/ndn/v10-site/v10/C2Data-6662-Type1;146081.0000;DATA;1611605299.940928
/ndn/d4-site/d4/C2Data-2306-Type1;48032.0000;DATA;1611605300.115035
/ndn/d3-site/d3/C2Data-2185-Type1;191137.0000;DATA;1611605300.442038
/ndn/s10-site/s10/C2Data-4847-Type2;69754.0000;DATA;1611605300.639022
/ndn/h6-site/h6/C2Data-733-Type2;178597.0000;DATA;1611605302.628954
/ndn/v0-site/v0/C2Data-5452-Type2;166713.0000;DATA;1611605304.241909
/ndn/v9-site/v9/C2Data-3297-Type3;115702.0000;DATA;1611605304.837899
