/ndn/v2-site/v2/C2Data-5687-Type2;20900.0000;NACK;1611602585.525706
/ndn/d8-site/d8/C2Data-2783-Type1;141725.0000;DATA;1611602587.974444
/ndn/v1-site/v1/C2Data-5566-Type1;21024.0000;NACK;1611602590.250620
/ndn/d1-site/d1/C2Data-1936-Type1;117591.0000;DATA;1611602590.693647
/ndn/v10-site/v10/C2Data-6655-Type2;503.0000;NACK;1611602591.044452
/ndn/h1-site/h1/C2Data-121-Type2;105634.0000;DATA;1611602591.072516
/ndn/d13-site/d13/C2Data-3388-Type2;95206.0000;DATA;1611602593.005465
/ndn/s0-site/s0/C2Data-3630-Type1;121727.0000;DATA;1611602594.895461
/ndn/s1-site/s1/C2Data-3751-Type2;169618.0000;DATA;1611602595.725779
/ndn/h5-site/h5/C2Data-305-Type3;47753.0000;DATA;1611602612.214624
/ndn/h11-site/h11/C2Data-1332-Type2;122194.0000;DATA;1611602615.991471
/ndn/s6-site/s6/C2Data-2196-Type3;164109.0000;DATA;1611602616.777730
/ndn/s7-site/s7/C2Data-4478-Type1;143741.0000;DATA;1611602617.088571
/ndn/h10-site/h10/C2Data-610-Type3;168485.0000;DATA;1611602618.080491
/ndn/h12-site/h12/C2Data-732-Type3;142843.0000;DATA;1611602620.219425
/ndn/h3-site/h3/C2Data-364-Type2;232289.0000;DATA;1611602620.290496
/ndn/v7-site/v7/C2Data-6293-Type2;211991.0000;DATA;1611602621.536465
/ndn/d12-site/d12/C2Data-1647-Type3;164501.0000;DATA;1611602621.634479
/ndn/d13-site/d13/C2Data-1708-Type3;96791.0000;DATA;1611602622.199873
/ndn/s10-site/s10/C2Data-4841-Type2;115963.0000;DATA;1611602622.234429
/ndn/h10-site/h10/C2Data-1211-Type2;165174.0000;DATA;1611602623.477435
/ndn/h13-site/h13/C2Data-793-Type3;24893.0000;DATA;1611602624.737436
/ndn/h11-site/h11/C2Data-1332-Type1;116188.0000;DATA;1611602625.960522
/ndn/v10-site/v10/C2Data-3355-Type3;153753.0000;DATA;1611602630.186490
/ndn/v12-site/v12/C2Data-6899-Type2;242835.0000;DATA;1611602646.712461
/ndn/v9-site/v9/C2Data-6536-Type2;123037.0000;DATA;1611602648.392461
/ndn/v13-site/v13/C2Data-7020-Type2;47263.0000;DATA;1611602649.162476
/ndn/s10-site/s10/C2Data-4842-Type2;119894.0000;DATA;1611602649.345536
/ndn/d8-site/d8/C2Data-2785-Type2;140549.0000;DATA;1611602649.425544
/ndn/s9-site/s9/C2Data-4721-Type2;24153.0000;DATA;1611602651.006686
/ndn/h12-site/h12/C2Data-1454-Type2;140763.0000;DATA;1611602652.275486
/ndn/v10-site/v10/C2Data-6657-Type2;143061.0000;DATA;1611602652.844491
/ndn/v8-site/v8/C2Data-6415-Type1;118238.0000;DATA;1611602653.097620
/ndn/d6-site/d6/C2Data-2543-Type1;149564.0000;DATA;1611602653.934641
/ndn/s6-site/s6/C2Data-4358-Type2;6000260.0000;TIMEOUT;1611602648.711502
/ndn/s12-site/s12/C2Data-5084-Type1;146040.0000;DATA;1611602655.051526
/ndn/s13-site/s13/C2Data-5205-Type2;6008256.0000;TIMEOUT;1611602652.591516
/ndn/s14-site/s14/C2Data-5326-Type2;6002538.0000;TIMEOUT;1611602653.042574
/ndn/s2-site/s2/C2Data-3874-Type1;6016102.0000;TIMEOUT;1611602655.699436
/ndn/d6-site/d6/C2Data-1282-Type3;155032.0000;DATA;1611602671.277520
/ndn/d12-site/d12/C2Data-1648-Type3;170016.0000;DATA;1611602672.402648
/ndn/v12-site/v12/C2Data-3478-Type3;245654.0000;DATA;1611602672.937498
/ndn/h2-site/h2/C2Data-123-Type3;144511.0000;DATA;1611602679.733522
/ndn/h1-site/h1/C2Data-124-Type2;97869.0000;DATA;1611602680.667456
/ndn/v4-site/v4/C2Data-5932-Type2;261570.0000;DATA;1611602680.602448
/ndn/h5-site/h5/C2Data-608-Type2;50229.0000;DATA;1611602680.932512
/ndn/h13-site/h13/C2Data-325-Type4;23802.0000;DATA;1611602681.854439
/ndn/v7-site/v7/C2Data-3173-Type3;209169.0000;DATA;1611602683.064677
/ndn/d0-site/d0/C2Data-1818-Type2;142519.0000;DATA;1611602683.547495
/ndn/d2-site/d2/C2Data-1038-Type3;121569.0000;DATA;1611602687.109063
/ndn/s4-site/s4/C2Data-2075-Type3;6000368.0000;TIMEOUT;1611602682.280529
/ndn/s3-site/s3/C2Data-3996-Type2;6000240.0000;TIMEOUT;1611602683.691530
/ndn/s0-site/s0/C2Data-1831-Type3;6005822.0000;TIMEOUT;1611602683.990528
/ndn/v2-site/v2/C2Data-2868-Type3;141169.0000;DATA;1611602690.699516
/ndn/s12-site/s12/C2Data-2563-Type3;6001373.0000;TIMEOUT;1611602690.936651
/ndn/h12-site/h12/C2Data-300-Type4;225145.0000;DATA;1611602699.406506
/ndn/d14-site/d14/C2Data-3513-Type1;102091.0000;DATA;1611602706.902588
/ndn/h3-site/h3/C2Data-367-Type1;210093.0000;DATA;1611602707.127508
/ndn/d7-site/d7/C2Data-550-Type4;119130.0000;DATA;1611602707.373650
/ndn/d4-site/d4/C2Data-2303-Type1;115280.0000;DATA;1611602710.035448
/ndn/d12-site/d12/C2Data-3271-Type2;171282.0000;DATA;1611602712.090446
/ndn/v8-site/v8/C2Data-6417-Type2;118069.0000;DATA;1611602713.783543
/ndn/v0-site/v0/C2Data-5449-Type1;142153.0000;DATA;1611602713.864497
/ndn/s1-site/s1/C2Data-3755-Type2;6001024.0000;TIMEOUT;1611602708.623543
/ndn/v14-site/v14/C2Data-7143-Type2;28364.0000;DATA;1611602714.649613
/ndn/s8-site/s8/C2Data-4602-Type2;6000917.0000;TIMEOUT;1611602709.953454
/ndn/h0-site/h0/C2Data-4-Type1;102509.0000;DATA;1611602716.464485
/ndn/s6-site/s6/C2Data-4360-Type1;6000547.0000;TIMEOUT;1611602711.055604
/ndn/s13-site/s13/C2Data-5207-Type1;6000637.0000;TIMEOUT;1611602712.716537
/ndn/v5-site/v5/C2Data-875-Type4;259285.0000;DATA;1611602718.705878
/ndn/h10-site/h10/C2Data-250-Type4;226631.0000;DATA;1611602725.764508
/ndn/d6-site/d6/C2Data-525-Type4;159938.0000;DATA;1611602727.468509
/ndn/v5-site/v5/C2Data-3052-Type3;174860.0000;DATA;1611602729.837526
/ndn/v4-site/v4/C2Data-850-Type4;291262.0000;DATA;1611602733.010539
/ndn/d14-site/d14/C2Data-1771-Type3;104128.0000;DATA;1611602734.132444
/ndn/h10-site/h10/C2Data-612-Type3;165873.0000;DATA;1611602734.493493
/ndn/h9-site/h9/C2Data-551-Type3;71558.0000;DATA;1611602734.810545
/ndn/v11-site/v11/C2Data-3418-Type3;98047.0000;DATA;1611602734.833562
/ndn/h0-site/h0/C2Data-5-Type2;119176.0000;DATA;1611602735.269605
/ndn/h9-site/h9/C2Data-1094-Type2;74343.0000;DATA;1611602735.885475
/ndn/s10-site/s10/C2Data-2442-Type3;6000299.0000;TIMEOUT;1611602731.709554
/ndn/h3-site/h3/C2Data-75-Type4;210026.0000;DATA;1611602737.788521
/ndn/d11-site/d11/C2Data-3151-Type2;191357.0000;DATA;1611602737.884430
/ndn/v8-site/v8/C2Data-950-Type4;117839.0000;DATA;1611602737.962572
/ndn/v9-site/v9/C2Data-6539-Type2;119028.0000;DATA;1611602738.150727
/ndn/s4-site/s4/C2Data-2076-Type3;6000319.0000;TIMEOUT;1611602734.989455
/ndn/h11-site/h11/C2Data-1336-Type2;117054.0000;DATA;1611602742.622519
/ndn/s7-site/s7/C2Data-4482-Type2;6000420.0000;TIMEOUT;1611602738.789582
/ndn/h1-site/h1/C2Data-126-Type2;96215.0000;DATA;1611602744.782455
/ndn/s0-site/s0/C2Data-3635-Type2;6000971.0000;TIMEOUT;1611602738.933483
/ndn/s3-site/s3/C2Data-3998-Type2;6000598.0000;TIMEOUT;1611602739.479458
/ndn/d14-site/d14/C2Data-3514-Type2;99634.0000;DATA;1611602745.806482
/ndn/d9-site/d9/C2Data-2909-Type1;100365.0000;DATA;1611602746.833548
/ndn/v10-site/v10/C2Data-3357-Type3;141216.0000;DATA;1611602747.501477
/ndn/d1-site/d1/C2Data-978-Type3;116904.0000;DATA;1611602748.651485
/ndn/h0-site/h0/C2Data-2-Type3;115629.0000;DATA;1611602748.792530
/ndn/s1-site/s1/C2Data-1893-Type3;6003474.0000;TIMEOUT;1611602744.418542
/ndn/v4-site/v4/C2Data-2991-Type3;271686.0000;DATA;1611602750.192384
/ndn/d13-site/d13/C2Data-1710-Type3;95634.0000;DATA;1611602750.668485
/ndn/h14-site/h14/C2Data-856-Type3;95823.0000;DATA;1611602751.194965
/ndn/s8-site/s8/C2Data-2320-Type3;6009779.0000;TIMEOUT;1611602750.492503
/ndn/d9-site/d9/C2Data-2910-Type1;98752.0000;DATA;1611602765.346653
/ndn/h10-site/h10/C2Data-1216-Type2;177392.0000;DATA;1611602766.339529
/ndn/d1-site/d1/C2Data-1942-Type2;119098.0000;DATA;1611602766.903530
/ndn/v1-site/v1/C2Data-5572-Type2;247149.0000;DATA;1611602768.682479
/ndn/v6-site/v6/C2Data-6177-Type2;70405.0000;DATA;1611602768.960582
/ndn/v13-site/v13/C2Data-7024-Type2;51229.0000;DATA;1611602773.791648
/ndn/s5-site/s5/C2Data-4241-Type2;6005068.0000;TIMEOUT;1611602774.045611
/ndn/s4-site/s4/C2Data-4120-Type2;6004226.0000;TIMEOUT;1611602775.303617
/ndn/h8-site/h8/C2Data-491-Type3;146404.0000;DATA;1611602793.006539
/ndn/h12-site/h12/C2Data-1459-Type2;143357.0000;DATA;1611602797.158505
/ndn/v9-site/v9/C2Data-6541-Type2;116842.0000;DATA;1611602798.684492
/ndn/v11-site/v11/C2Data-3419-Type3;92700.0000;DATA;1611602799.314526
/ndn/s11-site/s11/C2Data-2504-Type3;6000447.0000;TIMEOUT;1611602793.536585
/ndn/h13-site/h13/C2Data-796-Type3;25195.0000;DATA;1611602800.268932
/ndn/s10-site/s10/C2Data-2443-Type3;6000692.0000;TIMEOUT;1611602794.301497
/ndn/h1-site/h1/C2Data-64-Type3;91904.0000;DATA;1611602800.472636
/ndn/d1-site/d1/C2Data-1943-Type2;118945.0000;DATA;1611602800.578710
/ndn/d9-site/d9/C2Data-2911-Type1;103956.0000;DATA;1611602800.789033
