/ndn/h14-site/h14/C2Data-1694-Type2;631.0000;NACK;1611603165.404778
/ndn/s2-site/s2/C2Data-3872-Type2;143583.0000;DATA;1611603165.274600
/ndn/d9-site/d9/C2Data-2904-Type1;98737.0000;DATA;1611603171.337693
/ndn/d7-site/d7/C2Data-2662-Type2;117540.0000;DATA;1611603171.923740
/ndn/h11-site/h11/C2Data-1331-Type2;190730.0000;DATA;1611603174.709727
/ndn/d2-site/d2/C2Data-2057-Type1;192657.0000;DATA;1611603174.762697
/ndn/d11-site/d11/C2Data-3146-Type1;189933.0000;DATA;1611603174.918778
/ndn/d13-site/d13/C2Data-3388-Type2;167854.0000;DATA;1611603175.156785
/ndn/d4-site/d4/C2Data-2299-Type1;199211.0000;DATA;1611603176.393714
/ndn/s4-site/s4/C2Data-2074-Type3;608.0000;NACK;1611603194.111094
/ndn/s14-site/s14/C2Data-2684-Type3;449.0000;NACK;1611603194.748859
/ndn/v10-site/v10/C2Data-6656-Type1;404.0000;NACK;1611603195.256824
/ndn/d8-site/d8/C2Data-2784-Type2;196324.0000;DATA;1611603195.602715
/ndn/d13-site/d13/C2Data-3389-Type2;166425.0000;DATA;1611603195.664912
/ndn/h1-site/h1/C2Data-122-Type2;176725.0000;DATA;1611603197.444692
/ndn/h10-site/h10/C2Data-1211-Type1;163982.0000;DATA;1611603197.898765
/ndn/d5-site/d5/C2Data-1220-Type3;23902.0000;DATA;1611603198.407776
/ndn/v4-site/v4/C2Data-2989-Type3;260629.0000;DATA;1611603198.210710
/ndn/h2-site/h2/C2Data-122-Type3;441.0000;NACK;1611603198.515789
/ndn/s10-site/s10/C2Data-4841-Type1;420.0000;NACK;1611603198.960799
/ndn/v8-site/v8/C2Data-3233-Type3;70233.0000;DATA;1611603200.331735
/ndn/h14-site/h14/C2Data-1695-Type2;517.0000;NACK;1611603200.568779
/ndn/d13-site/d13/C2Data-1708-Type3;168671.0000;DATA;1611603201.052799
/ndn/h4-site/h4/C2Data-485-Type2;25876.0000;DATA;1611603201.276892
/ndn/h3-site/h3/C2Data-364-Type2;219659.0000;DATA;1611603201.832774
/ndn/h8-site/h8/C2Data-969-Type2;96271.0000;DATA;1611603202.025906
/ndn/s13-site/s13/C2Data-2623-Type3;73629.0000;DATA;1611603202.192724
/ndn/v7-site/v7/C2Data-6293-Type2;209216.0000;DATA;1611603202.347331
/ndn/s5-site/s5/C2Data-2135-Type3;147737.0000;DATA;1611603202.538786
/ndn/d0-site/d0/C2Data-915-Type3;167498.0000;DATA;1611603202.546735
/ndn/h3-site/h3/C2Data-183-Type3;217388.0000;DATA;1611603204.469765
/ndn/v6-site/v6/C2Data-6172-Type1;141900.0000;DATA;1611603205.404763
/ndn/v5-site/v5/C2Data-6051-Type1;266045.0000;DATA;1611603206.754693
/ndn/h11-site/h11/C2Data-671-Type3;199631.0000;DATA;1611603208.067705
/ndn/h12-site/h12/C2Data-732-Type3;212193.0000;DATA;1611603210.248791
/ndn/v11-site/v11/C2Data-3416-Type3;172472.0000;DATA;1611603212.149323
/ndn/v12-site/v12/C2Data-6899-Type1;239788.0000;DATA;1611603226.491750
/ndn/h14-site/h14/C2Data-1696-Type2;171217.0000;DATA;1611603226.584699
/ndn/s10-site/s10/C2Data-4842-Type1;191484.0000;DATA;1611603227.523730
/ndn/d6-site/d6/C2Data-2543-Type1;50230.0000;DATA;1611603228.104804
/ndn/v14-site/v14/C2Data-7141-Type1;69342.0000;DATA;1611603228.429733
/ndn/h0-site/h0/C2Data-2-Type1;80799.0000;DATA;1611603229.060803
/ndn/s12-site/s12/C2Data-5084-Type2;50201.0000;DATA;1611603229.144828
/ndn/d12-site/d12/C2Data-3269-Type2;166193.0000;DATA;1611603229.511869
/ndn/d6-site/d6/C2Data-2543-Type2;150182.0000;DATA;1611603232.109800
/ndn/v2-site/v2/C2Data-5689-Type2;144142.0000;DATA;1611603232.361761
/ndn/v11-site/v11/C2Data-6778-Type2;167014.0000;DATA;1611603232.362839
/ndn/s4-site/s4/C2Data-4116-Type1;231353.0000;DATA;1611603232.929698
/ndn/s13-site/s13/C2Data-5205-Type2;6000298.0000;TIMEOUT;1611603227.238776
/ndn/d11-site/d11/C2Data-3148-Type2;186472.0000;DATA;1611603233.611860
/ndn/d8-site/d8/C2Data-2785-Type2;197116.0000;DATA;1611603234.113737
/ndn/h6-site/h6/C2Data-728-Type2;50010.0000;DATA;1611603234.469784
/ndn/d5-site/d5/C2Data-2422-Type1;24911.0000;DATA;1611603234.772958
/ndn/d12-site/d12/C2Data-1648-Type3;180667.0000;DATA;1611603249.710768
/ndn/s11-site/s11/C2Data-2502-Type3;54609.0000;DATA;1611603250.648732
/ndn/s9-site/s9/C2Data-2380-Type3;69338.0000;DATA;1611603251.248873
/ndn/h3-site/h3/C2Data-184-Type3;264366.0000;DATA;1611603251.859750
/ndn/d6-site/d6/C2Data-1282-Type3;142781.0000;DATA;1611603252.294688
/ndn/v12-site/v12/C2Data-3478-Type3;265574.0000;DATA;1611603253.488766
/ndn/v13-site/v13/C2Data-7021-Type1;123602.0000;DATA;1611603257.293796
/ndn/h4-site/h4/C2Data-487-Type1;25800.0000;DATA;1611603259.045849
/ndn/h8-site/h8/C2Data-489-Type3;97042.0000;DATA;1611603259.766723
/ndn/d1-site/d1/C2Data-1939-Type1;190172.0000;DATA;1611603260.820363
/ndn/s2-site/s2/C2Data-3875-Type2;6001050.0000;TIMEOUT;1611603255.302781
/ndn/d1-site/d1/C2Data-1939-Type2;195904.0000;DATA;1611603261.157796
/ndn/s14-site/s14/C2Data-5327-Type2;6000366.0000;TIMEOUT;1611603255.989720
/ndn/v9-site/v9/C2Data-6537-Type2;23848.0000;DATA;1611603262.115799
/ndn/v2-site/v2/C2Data-800-Type4;159708.0000;DATA;1611603262.141799
/ndn/h1-site/h1/C2Data-124-Type1;170333.0000;DATA;1611603262.574910
/ndn/h6-site/h6/C2Data-729-Type1;52092.0000;DATA;1611603265.200748
/ndn/s2-site/s2/C2Data-3875-Type1;6000603.0000;TIMEOUT;1611603259.953729
/ndn/v14-site/v14/C2Data-3600-Type3;71260.0000;DATA;1611603266.590731
/ndn/d11-site/d11/C2Data-1587-Type3;201292.0000;DATA;1611603266.819734
/ndn/h9-site/h9/C2Data-550-Type3;76362.0000;DATA;1611603268.097787
/ndn/v11-site/v11/C2Data-3417-Type3;161904.0000;DATA;1611603268.601784
/ndn/d0-site/d0/C2Data-916-Type3;163356.0000;DATA;1611603268.868904
/ndn/v5-site/v5/C2Data-3051-Type3;273016.0000;DATA;1611603271.399806
/ndn/h2-site/h2/C2Data-123-Type3;224848.0000;DATA;1611603271.795757
/ndn/v6-site/v6/C2Data-900-Type4;140318.0000;DATA;1611603273.203862
/ndn/v14-site/v14/C2Data-1100-Type4;80695.0000;DATA;1611603273.803799
/ndn/h1-site/h1/C2Data-25-Type4;173750.0000;DATA;1611603273.819741
/ndn/h14-site/h14/C2Data-350-Type4;178087.0000;DATA;1611603276.362774
/ndn/d0-site/d0/C2Data-375-Type4;170724.0000;DATA;1611603279.857320
/ndn/v5-site/v5/C2Data-875-Type4;381134.0000;DATA;1611603284.679944
/ndn/d8-site/d8/C2Data-2787-Type2;202588.0000;DATA;1611603286.153768
/ndn/v7-site/v7/C2Data-6296-Type2;223075.0000;DATA;1611603286.506800
/ndn/v1-site/v1/C2Data-5570-Type1;232100.0000;DATA;1611603287.875814
/ndn/d8-site/d8/C2Data-2787-Type1;221250.0000;DATA;1611603288.300787
/ndn/v12-site/v12/C2Data-6901-Type1;246141.0000;DATA;1611603288.986720
/ndn/d0-site/d0/C2Data-1819-Type2;166246.0000;DATA;1611603291.932755
/ndn/s0-site/s0/C2Data-3634-Type2;6000358.0000;TIMEOUT;1611603286.968741
/ndn/h9-site/h9/C2Data-1093-Type1;70978.0000;DATA;1611603293.155773
/ndn/h11-site/h11/C2Data-1335-Type1;194800.0000;DATA;1611603293.666936
/ndn/s12-site/s12/C2Data-5086-Type2;6000465.0000;TIMEOUT;1611603288.849717
/ndn/v13-site/v13/C2Data-7022-Type2;119827.0000;DATA;1611603294.940766
/ndn/h13-site/h13/C2Data-1577-Type2;111605.0000;DATA;1611603295.933833
/ndn/v11-site/v11/C2Data-6780-Type1;167825.0000;DATA;1611603296.767772
/ndn/s5-site/s5/C2Data-4239-Type1;6000304.0000;TIMEOUT;1611603291.253822
/ndn/s14-site/s14/C2Data-5328-Type1;6002242.0000;TIMEOUT;1611603292.277804
/ndn/d6-site/d6/C2Data-525-Type4;170181.0000;DATA;1611603298.510945
/ndn/s2-site/s2/C2Data-3876-Type1;6008654.0000;TIMEOUT;1611603293.035784
/ndn/s4-site/s4/C2Data-4118-Type1;6000755.0000;TIMEOUT;1611603293.231793
/ndn/v13-site/v13/C2Data-1075-Type4;163853.0000;DATA;1611603300.758818
/ndn/h2-site/h2/C2Data-50-Type4;243093.0000;DATA;1611603301.774941
/ndn/s13-site/s13/C2Data-5207-Type2;6000586.0000;TIMEOUT;1611603296.485774
/ndn/h4-site/h4/C2Data-100-Type4;57271.0000;DATA;1611603305.959494
/ndn/d9-site/d9/C2Data-600-Type4;97589.0000;DATA;1611603310.548782
/ndn/v10-site/v10/C2Data-1000-Type4;171246.0000;DATA;1611603311.748731
/ndn/v11-site/v11/C2Data-3418-Type3;172384.0000;DATA;1611603313.028776
/ndn/v14-site/v14/C2Data-3601-Type3;72321.0000;DATA;1611603313.390804
/ndn/h1-site/h1/C2Data-63-Type3;165958.0000;DATA;1611603316.274853
/ndn/s0-site/s0/C2Data-1832-Type3;6000594.0000;TIMEOUT;1611603310.632777
/ndn/v4-site/v4/C2Data-5934-Type1;259609.0000;DATA;1611603316.698734
/ndn/v5-site/v5/C2Data-6055-Type2;258855.0000;DATA;1611603317.183705
/ndn/d11-site/d11/C2Data-1588-Type3;207925.0000;DATA;1611603317.613750
/ndn/d4-site/d4/C2Data-2304-Type1;190477.0000;DATA;1611603317.945803
/ndn/v11-site/v11/C2Data-6781-Type2;164533.0000;DATA;1611603317.985614
/ndn/v7-site/v7/C2Data-6297-Type2;211814.0000;DATA;1611603319.470700
/ndn/v12-site/v12/C2Data-1050-Type4;241305.0000;DATA;1611603319.494741
/ndn/d6-site/d6/C2Data-1283-Type3;143676.0000;DATA;1611603320.883744
/ndn/h1-site/h1/C2Data-126-Type2;168770.0000;DATA;1611603321.408768
/ndn/v12-site/v12/C2Data-3479-Type3;230807.0000;DATA;1611603322.166730
/ndn/v5-site/v5/C2Data-6055-Type1;255117.0000;DATA;1611603322.898759
/ndn/d3-site/d3/C2Data-1100-Type3;141652.0000;DATA;1611603323.013769
/ndn/d9-site/d9/C2Data-1466-Type3;95466.0000;DATA;1611603323.431806
/ndn/h13-site/h13/C2Data-795-Type3;97804.0000;DATA;1611603323.485912
/ndn/v0-site/v0/C2Data-2747-Type3;143906.0000;DATA;1611603323.652698
/ndn/s5-site/s5/C2Data-2137-Type3;6000257.0000;TIMEOUT;1611603318.106746
/ndn/v6-site/v6/C2Data-3113-Type3;148245.0000;DATA;1611603323.987188
/ndn/h8-site/h8/C2Data-973-Type1;92889.0000;DATA;1611603324.366874
/ndn/d9-site/d9/C2Data-2909-Type2;94451.0000;DATA;1611603324.633943
/ndn/s9-site/s9/C2Data-4724-Type2;6000971.0000;TIMEOUT;1611603319.191925
/ndn/h5-site/h5/C2Data-307-Type3;46706.0000;DATA;1611603325.272695
/ndn/s12-site/s12/C2Data-5087-Type2;6002234.0000;TIMEOUT;1611603321.209721
/ndn/s3-site/s3/C2Data-3998-Type1;6000194.0000;TIMEOUT;1611603321.286749
/ndn/d8-site/d8/C2Data-1405-Type3;191824.0000;DATA;1611603328.665777
/ndn/h10-site/h10/C2Data-612-Type3;163492.0000;DATA;1611603328.876788
/ndn/v14-site/v14/C2Data-7145-Type2;76972.0000;DATA;1611603345.966777
/ndn/d13-site/d13/C2Data-3394-Type1;173300.0000;DATA;1611603346.193791
/ndn/v4-site/v4/C2Data-5935-Type1;241859.0000;DATA;1611603346.834810
/ndn/h2-site/h2/C2Data-248-Type1;215893.0000;DATA;1611603347.101803
/ndn/h7-site/h7/C2Data-853-Type2;101631.0000;DATA;1611603348.272793
/ndn/v9-site/v9/C2Data-6540-Type1;24514.0000;DATA;1611603350.332881
/ndn/d9-site/d9/C2Data-2910-Type1;107771.0000;DATA;1611603350.744802
/ndn/v0-site/v0/C2Data-5451-Type1;146137.0000;DATA;1611603351.402731
/ndn/h3-site/h3/C2Data-369-Type2;217888.0000;DATA;1611603351.602748
/ndn/h9-site/h9/C2Data-1095-Type2;73691.0000;DATA;1611603355.136742
/ndn/h13-site/h13/C2Data-1579-Type2;93911.0000;DATA;1611603355.876982
/ndn/s10-site/s10/C2Data-4846-Type1;6002667.0000;TIMEOUT;1611603355.885867
/ndn/d1-site/d1/C2Data-979-Type3;216022.0000;DATA;1611603369.978787
/ndn/v9-site/v9/C2Data-3297-Type3;24095.0000;DATA;1611603372.093771
/ndn/d7-site/d7/C2Data-1345-Type3;127787.0000;DATA;1611603372.298207
/ndn/h8-site/h8/C2Data-491-Type3;102410.0000;DATA;1611603372.929861
/ndn/v7-site/v7/C2Data-3175-Type3;218779.0000;DATA;1611603375.682841
/ndn/v5-site/v5/C2Data-6057-Type1;263089.0000;DATA;1611603376.502766
/ndn/h9-site/h9/C2Data-1096-Type1;75265.0000;DATA;1611603377.704835
/ndn/s0-site/s0/C2Data-1833-Type3;6001615.0000;TIMEOUT;1611603372.663807
/ndn/v0-site/v0/C2Data-5452-Type1;151873.0000;DATA;1611603381.054736
