/ndn/s0-site/s0/C2Data-2420-Type2;103948.0000;DATA;1612714526.026405
/ndn/v5-site/v5/C2Data-4235-Type2;51924.0000;NACK;1612714526.696638
/ndn/v7-site/v7/C2Data-4477-Type2;75592.0000;DATA;1612714527.760507
/ndn/v9-site/v9/C2Data-4719-Type2;26270.0000;DATA;1612714528.591979
/ndn/d8-site/d8/C2Data-2178-Type2;34130.0000;DATA;1612714528.985082
/ndn/v3-site/v3/C2Data-3993-Type1;1627.0000;DATA;1612714529.514979
/ndn/h8-site/h8/C2Data-968-Type1;52006.0000;DATA;1612714530.363851
/ndn/h6-site/h6/C2Data-726-Type1;1105.0000;DATA;1612714530.895862
/ndn/d6-site/d6/C2Data-1936-Type1;75642.0000;DATA;1612714531.013488
/ndn/v1-site/v1/C2Data-3751-Type2;49050.0000;DATA;1612714533.115953
/ndn/v9-site/v9/C2Data-4719-Type1;128575.0000;DATA;1612714533.470440
/ndn/h5-site/h5/C2Data-605-Type2;24443.0000;DATA;1612714534.004079
/ndn/v2-site/v2/C2Data-3872-Type1;24157.0000;DATA;1612714535.781785
/ndn/d2-site/d2/C2Data-1452-Type1;98043.0000;DATA;1612714536.495478
/ndn/h0-site/h0/C2Data-0-Type3;145145.0000;DATA;1612714550.125386
/ndn/v1-site/v1/C2Data-1891-Type3;53255.0000;DATA;1612714554.837294
/ndn/h7-site/h7/C2Data-848-Type1;27062.0000;DATA;1612714555.569095
/ndn/s4-site/s4/C2Data-2905-Type2;179770.0000;DATA;1612714556.419411
/ndn/v9-site/v9/C2Data-4720-Type1;137427.0000;DATA;1612714558.766974
/ndn/d9-site/d9/C2Data-2300-Type2;165316.0000;DATA;1612714558.822047
/ndn/s9-site/s9/C2Data-3510-Type2;1292.0000;DATA;1612714560.259007
/ndn/d6-site/d6/C2Data-1937-Type1;1214.0000;DATA;1612714560.992821
/ndn/v2-site/v2/C2Data-3873-Type2;72230.0000;DATA;1612714561.702950
/ndn/d5-site/d5/C2Data-1816-Type1;148074.0000;DATA;1612714561.679037
/ndn/s5-site/s5/C2Data-3026-Type1;76790.0000;DATA;1612714562.053240
/ndn/s8-site/s8/C2Data-1708-Type3;26154.0000;DATA;1612714562.463808
/ndn/s7-site/s7/C2Data-3268-Type1;990.0000;DATA;1612714562.915098
/ndn/v9-site/v9/C2Data-2379-Type3;1056.0000;DATA;1612714564.615059
/ndn/v8-site/v8/C2Data-4599-Type1;24224.0000;DATA;1612714565.715191
/ndn/h1-site/h1/C2Data-123-Type1;68194.0000;DATA;1612714584.987909
/ndn/s2-site/s2/C2Data-2664-Type2;50528.0000;DATA;1612714585.266016
/ndn/v4-site/v4/C2Data-4116-Type2;154247.0000;DATA;1612714585.732671
/ndn/v6-site/v6/C2Data-4358-Type1;100081.0000;DATA;1612714586.481077
/ndn/s1-site/s1/C2Data-2543-Type1;131786.0000;DATA;1612714586.793014
/ndn/v5-site/v5/C2Data-4237-Type1;150419.0000;DATA;1612714587.507640
/ndn/s4-site/s4/C2Data-2906-Type1;979.0000;DATA;1612714588.533154
/ndn/v5-site/v5/C2Data-4237-Type2;181994.0000;DATA;1612714589.237214
/ndn/s9-site/s9/C2Data-3511-Type1;126670.0000;DATA;1612714590.940309
/ndn/d0-site/d0/C2Data-1212-Type1;79578.0000;DATA;1612714591.398973
/ndn/h0-site/h0/C2Data-2-Type2;137293.0000;DATA;1612714591.694793
/ndn/d6-site/d6/C2Data-1938-Type2;1345.0000;DATA;1612714591.883452
/ndn/d7-site/d7/C2Data-2059-Type1;144183.0000;DATA;1612714592.787049
/ndn/h9-site/h9/C2Data-1091-Type2;173043.0000;DATA;1612714593.795965
/ndn/h2-site/h2/C2Data-244-Type1;29371.0000;DATA;1612714594.187471
/ndn/h1-site/h1/C2Data-62-Type3;57192.0000;DATA;1612714609.425341
/ndn/v0-site/v0/C2Data-1831-Type3;24996.0000;DATA;1612714610.089285
/ndn/h2-site/h2/C2Data-123-Type3;113906.0000;DATA;1612714611.844726
/ndn/v1-site/v1/C2Data-1892-Type3;49812.0000;DATA;1612714614.765259
/ndn/d2-site/d2/C2Data-1455-Type1;99911.0000;DATA;1612714614.879239
/ndn/h7-site/h7/C2Data-850-Type2;26611.0000;DATA;1612714614.963993
/ndn/s3-site/s3/C2Data-1404-Type3;960.0000;DATA;1612714615.634266
/ndn/v1-site/v1/C2Data-3754-Type1;52227.0000;DATA;1612714616.205266
/ndn/d6-site/d6/C2Data-977-Type3;74462.0000;DATA;1612714617.477074
/ndn/d7-site/d7/C2Data-2060-Type1;148768.0000;DATA;1612714618.462673
/ndn/h0-site/h0/C2Data-3-Type2;167203.0000;DATA;1612714621.063883
/ndn/h0-site/h0/C2Data-1-Type3;28435.0000;DATA;1612714621.887840
/ndn/h9-site/h9/C2Data-1092-Type1;192784.0000;DATA;1612714621.958976
/ndn/v4-site/v4/C2Data-600-Type4;166827.0000;DATA;1612714621.984270
/ndn/s6-site/s6/C2Data-3149-Type1;96426.0000;DATA;1612714623.137170
/ndn/s1-site/s1/C2Data-1282-Type3;26172.0000;DATA;1612714624.893371
/ndn/h2-site/h2/C2Data-245-Type2;107215.0000;DATA;1612714625.559016
/ndn/v5-site/v5/C2Data-2136-Type3;1445.0000;DATA;1612714627.986502
/ndn/h3-site/h3/C2Data-184-Type3;3626.0000;DATA;1612714631.368025
/ndn/v1-site/v1/C2Data-525-Type4;4416.0000;DATA;1612714631.860709
/ndn/d4-site/d4/C2Data-855-Type3;55438.0000;DATA;1612714631.849003
/ndn/v6-site/v6/C2Data-2197-Type3;26837.0000;DATA;1612714632.205852
/ndn/v0-site/v0/C2Data-500-Type4;3386.0000;DATA;1612714634.262768
/ndn/v6-site/v6/C2Data-650-Type4;231426.0000;DATA;1612714639.437181
/ndn/s9-site/s9/C2Data-3513-Type2;122078.0000;DATA;1612714646.902950
/ndn/h5-site/h5/C2Data-609-Type1;28422.0000;DATA;1612714647.355810
/ndn/d4-site/d4/C2Data-1698-Type2;1039.0000;DATA;1612714648.879084
/ndn/d1-site/d1/C2Data-1335-Type1;92260.0000;DATA;1612714650.333704
/ndn/v8-site/v8/C2Data-700-Type4;28358.0000;DATA;1612714652.405422
/ndn/s4-site/s4/C2Data-2908-Type2;2467.0000;DATA;1612714655.914203
/ndn/v2-site/v2/C2Data-550-Type4;27511.0000;DATA;1612714662.493808
/ndn/v1-site/v1/C2Data-1893-Type3;54219.0000;DATA;1612714672.358369
/ndn/h0-site/h0/C2Data-2-Type3;151236.0000;DATA;1612714672.610281
/ndn/s8-site/s8/C2Data-3393-Type2;2835.0000;DATA;1612714677.978074
/ndn/h7-site/h7/C2Data-852-Type2;32150.0000;DATA;1612714678.292232
/ndn/s9-site/s9/C2Data-1771-Type3;1085.0000;DATA;1612714680.945100
/ndn/h9-site/h9/C2Data-551-Type3;23073.0000;DATA;1612714683.631801
/ndn/v4-site/v4/C2Data-2076-Type3;80707.0000;DATA;1612714683.746387
/ndn/h5-site/h5/C2Data-307-Type3;1699.0000;DATA;1612714684.156699
/ndn/v2-site/v2/C2Data-1954-Type3;1024.0000;DATA;1612714684.415965
/ndn/s5-site/s5/C2Data-3030-Type2;1448.0000;DATA;1612714684.624209
/ndn/v6-site/v6/C2Data-2198-Type3;25907.0000;DATA;1612714684.735689
/ndn/d0-site/d0/C2Data-1215-Type1;73061.0000;DATA;1612714684.843309
/ndn/h5-site/h5/C2Data-610-Type2;24473.0000;DATA;1612714686.524181
/ndn/h3-site/h3/C2Data-185-Type3;3067.0000;DATA;1612714690.616292
/ndn/d7-site/d7/C2Data-1039-Type3;4290.0000;DATA;1612714692.049673
/ndn/h3-site/h3/C2Data-369-Type2;77831.0000;DATA;1612714708.051189
/ndn/v1-site/v1/C2Data-3757-Type1;4679.0000;DATA;1612714708.144211
/ndn/s7-site/s7/C2Data-3273-Type1;83233.0000;DATA;1612714709.840004
/ndn/d9-site/d9/C2Data-2305-Type1;119645.0000;DATA;1612714711.501164
/ndn/v2-site/v2/C2Data-3878-Type1;82490.0000;DATA;1612714712.451771
/ndn/s1-site/s1/C2Data-2547-Type2;97617.0000;DATA;1612714712.753023
/ndn/d7-site/d7/C2Data-2063-Type2;157374.0000;DATA;1612714713.230233
/ndn/d0-site/d0/C2Data-1216-Type1;73644.0000;DATA;1612714714.041148
/ndn/h2-site/h2/C2Data-248-Type2;1498.0000;DATA;1612714714.525053
/ndn/v7-site/v7/C2Data-4483-Type2;1225.0000;DATA;1612714715.811003
/ndn/d6-site/d6/C2Data-979-Type3;81947.0000;DATA;1612714729.963096
/ndn/v5-site/v5/C2Data-2138-Type3;137925.0000;DATA;1612714732.050541
/ndn/d9-site/d9/C2Data-1162-Type3;23899.0000;DATA;1612714732.966147
/ndn/h8-site/h8/C2Data-491-Type3;52296.0000;DATA;1612714733.584519
/ndn/v9-site/v9/C2Data-2382-Type3;128011.0000;DATA;1612714735.182039
/ndn/s4-site/s4/C2Data-2911-Type1;902.0000;DATA;1612714739.281247
/ndn/s4-site/s4/C2Data-1467-Type3;1438.0000;DATA;1612714739.445023
/ndn/s9-site/s9/C2Data-3516-Type1;124757.0000;DATA;1612714740.010023
/ndn/v0-site/v0/C2Data-1833-Type3;1486.0000;DATA;1612714740.308719
/ndn/v7-site/v7/C2Data-4484-Type2;24566.0000;DATA;1612714741.235087
/ndn/v5-site/v5/C2Data-4242-Type1;142037.0000;DATA;1612714742.081069
/ndn/s7-site/s7/C2Data-1650-Type3;26957.0000;DATA;1612714742.809323
/ndn/v9-site/v9/C2Data-377-Type5;133439.0000;DATA;1612714742.899968
/ndn/d0-site/d0/C2Data-1217-Type2;1982.0000;DATA;1612714743.550724
/ndn/s0-site/s0/C2Data-2427-Type2;2772.0000;DATA;1612714744.703717
/ndn/v0-site/v0/C2Data-3637-Type1;1309.0000;DATA;1612714746.210005
/ndn/h7-site/h7/C2Data-430-Type3;3019.0000;DATA;1612714747.057560
/ndn/h6-site/h6/C2Data-78-Type5;4334.0000;DATA;1612714763.711945
/ndn/v1-site/v1/C2Data-3759-Type1;49880.0000;DATA;1612714765.265636
/ndn/h2-site/h2/C2Data-250-Type1;31654.0000;DATA;1612714767.448312
/ndn/v5-site/v5/C2Data-4243-Type1;149377.0000;DATA;1612714767.511139
/ndn/d9-site/d9/C2Data-2307-Type2;127508.0000;DATA;1612714770.686051
/ndn/h0-site/h0/C2Data-8-Type1;154119.0000;DATA;1612714771.559420
/ndn/s9-site/s9/C2Data-3517-Type2;132057.0000;DATA;1612714773.617532
/ndn/v8-site/v8/C2Data-4606-Type2;28098.0000;DATA;1612714773.898165
/ndn/v2-site/v2/C2Data-3880-Type1;1300.0000;DATA;1612714774.560148
/ndn/h1-site/h1/C2Data-129-Type1;1539.0000;DATA;1612714775.220944
/ndn/s2-site/s2/C2Data-2670-Type1;28098.0000;DATA;1612714775.074982
/ndn/v2-site/v2/C2Data-3880-Type2;168102.0000;DATA;1612714775.425631
/ndn/d9-site/d9/C2Data-2307-Type1;217128.0000;DATA;1612714775.873121
/ndn/d2-site/d2/C2Data-156-Type5;125199.0000;DATA;1612714782.110959
/ndn/s1-site/s1/C2Data-1285-Type3;73990.0000;DATA;1612714790.869290
/ndn/s3-site/s3/C2Data-2792-Type1;105738.0000;DATA;1612714796.340117
/ndn/d6-site/d6/C2Data-401-Type4;79347.0000;DATA;1612714796.903129
/ndn/d0-site/d0/C2Data-1219-Type1;1996.0000;DATA;1612714797.776511
/ndn/v7-site/v7/C2Data-676-Type4;31209.0000;DATA;1612714799.083832
/ndn/d3-site/d3/C2Data-797-Type3;1194.0000;DATA;1612714799.172188
/ndn/d0-site/d0/C2Data-614-Type3;934.0000;DATA;1612714800.435058
/ndn/d9-site/d9/C2Data-2308-Type2;150669.0000;DATA;1612714800.303033
/ndn/s9-site/s9/C2Data-3518-Type1;135924.0000;DATA;1612714800.498745
/ndn/d4-site/d4/C2Data-1703-Type1;5241.0000;DATA;1612714802.035097
/ndn/h2-site/h2/C2Data-251-Type2;120612.0000;DATA;1612714802.885189
/ndn/d4-site/d4/C2Data-1703-Type2;60021.0000;DATA;1612714804.184160
/ndn/v0-site/v0/C2Data-3639-Type2;916.0000;DATA;1612714804.809037
/ndn/d7-site/d7/C2Data-1041-Type3;26155.0000;DATA;1612714805.275465
/ndn/s1-site/s1/C2Data-2550-Type1;71927.0000;DATA;1612714805.373012
/ndn/d1-site/d1/C2Data-1340-Type1;127627.0000;DATA;1612714805.576019
/ndn/d2-site/d2/C2Data-736-Type3;1191.0000;DATA;1612714806.772257
/ndn/d5-site/d5/C2Data-919-Type3;2400.0000;DATA;1612714807.705843
/ndn/s7-site/s7/C2Data-1651-Type3;1156.0000;DATA;1612714807.878953
/ndn/d9-site/d9/C2Data-1163-Type3;25582.0000;DATA;1612714808.093809
/ndn/s8-site/s8/C2Data-1712-Type3;27564.0000;DATA;1612714809.015730
/ndn/v1-site/v1/C2Data-526-Type4;2926.0000;DATA;1612714809.625517
/ndn/s9-site/s9/C2Data-1773-Type3;1246.0000;DATA;1612714810.598984
/ndn/v5-site/v5/C2Data-626-Type4;135809.0000;DATA;1612714810.687022
/ndn/v4-site/v4/C2Data-312-Type5;7890.0000;DATA;1612714811.644411
/ndn/v9-site/v9/C2Data-726-Type4;1376.0000;DATA;1612714812.020638
/ndn/d1-site/d1/C2Data-276-Type4;4750.0000;DATA;1612714813.824996
/ndn/h7-site/h7/C2Data-176-Type4;822.0000;DATA;1612714823.322418
/ndn/v1-site/v1/C2Data-273-Type5;1738.0000;DATA;1612714823.607237
/ndn/v4-site/v4/C2Data-601-Type4;1113.0000;DATA;1612714824.265915
/ndn/v3-site/v3/C2Data-299-Type5;2383.0000;DATA;1612714824.987358
/ndn/v0-site/v0/C2Data-3640-Type1;36728.0000;DATA;1612714825.967165
/ndn/d8-site/d8/C2Data-2188-Type1;160879.0000;DATA;1612714825.922136
/ndn/v3-site/v3/C2Data-4003-Type1;116222.0000;DATA;1612714827.109572
/ndn/s1-site/s1/C2Data-2551-Type2;141870.0000;DATA;1612714828.298005
/ndn/d1-site/d1/C2Data-1341-Type2;29015.0000;DATA;1612714833.379184
/ndn/d6-site/d6/C2Data-1946-Type1;1443.0000;DATA;1612714833.473697
/ndn/d2-site/d2/C2Data-1462-Type2;1267.0000;DATA;1612714834.080829
/ndn/d8-site/d8/C2Data-2188-Type2;98155.0000;DATA;1612714834.562040
/ndn/h5-site/h5/C2Data-615-Type1;27833.0000;DATA;1612714834.705897
/ndn/h3-site/h3/C2Data-39-Type5;79763.0000;DATA;1612714839.274033
/ndn/v4-site/v4/C2Data-2079-Type3;151452.0000;DATA;1612714850.645435
/ndn/d1-site/d1/C2Data-676-Type3;28626.0000;DATA;1612714854.603496
/ndn/v8-site/v8/C2Data-4609-Type1;32810.0000;DATA;1612714855.763697
/ndn/v5-site/v5/C2Data-2140-Type3;148406.0000;DATA;1612714863.100057
/ndn/s2-site/s2/C2Data-2673-Type2;57366.0000;DATA;1612714864.085122
/ndn/d7-site/d7/C2Data-2068-Type2;5621.0000;DATA;1612714866.172616
/ndn/h0-site/h0/C2Data-5-Type3;1102.0000;DATA;1612714869.278420
/ndn/h3-site/h3/C2Data-188-Type3;27989.0000;DATA;1612714872.583988
/ndn/v0-site/v0/C2Data-1835-Type3;812.0000;DATA;1612714872.684109
/ndn/v6-site/v6/C2Data-4368-Type2;103326.0000;DATA;1612714887.134994
/ndn/d9-site/d9/C2Data-2311-Type2;164692.0000;DATA;1612714887.203307
/ndn/s5-site/s5/C2Data-3037-Type2;24473.0000;DATA;1612714891.695451
/ndn/d2-site/d2/C2Data-1464-Type1;117398.0000;DATA;1612714892.006093
/ndn/v3-site/v3/C2Data-4005-Type2;969.0000;DATA;1612714892.121300
/ndn/d8-site/d8/C2Data-2190-Type1;144495.0000;DATA;1612714892.674567
/ndn/v0-site/v0/C2Data-3642-Type2;3898.0000;DATA;1612714893.058646
/ndn/v4-site/v4/C2Data-4126-Type2;75486.0000;DATA;1612714896.031619
/ndn/v7-site/v7/C2Data-4489-Type1;81977.0000;DATA;1612714896.075186
/ndn/d2-site/d2/C2Data-1465-Type1;116049.0000;DATA;1612714915.177470
/ndn/v0-site/v0/C2Data-3643-Type2;52812.0000;DATA;1612714916.227790
/ndn/h3-site/h3/C2Data-376-Type2;76566.0000;DATA;1612714916.456104
/ndn/v5-site/v5/C2Data-4248-Type2;2486.0000;DATA;1612714916.859616
/ndn/h2-site/h2/C2Data-128-Type3;1154.0000;DATA;1612714917.623872
/ndn/h5-site/h5/C2Data-311-Type3;25555.0000;DATA;1612714917.946316
/ndn/v2-site/v2/C2Data-1958-Type3;927.0000;DATA;1612714918.745041
/ndn/h0-site/h0/C2Data-13-Type2;1195.0000;DATA;1612714920.725389
/ndn/s6-site/s6/C2Data-3159-Type2;6001636.0000;TIMEOUT;1612714915.228543
/ndn/d7-site/d7/C2Data-2070-Type2;26444.0000;DATA;1612714924.209124
/ndn/v8-site/v8/C2Data-4611-Type1;846.0000;DATA;1612714924.551334
/ndn/v7-site/v7/C2Data-2263-Type3;1172.0000;DATA;1612714925.449863
/ndn/s8-site/s8/C2Data-3401-Type1;6000341.0000;TIMEOUT;1612714920.350788
/ndn/d2-site/d2/C2Data-1465-Type2;1346.0000;DATA;1612714926.521431
/ndn/s0-site/s0/C2Data-1226-Type3;6002175.0000;TIMEOUT;1612714921.308546
/ndn/s7-site/s7/C2Data-3280-Type1;6000978.0000;TIMEOUT;1612714922.023478
/ndn/s3-site/s3/C2Data-1409-Type3;6001365.0000;TIMEOUT;1612714923.062146
/ndn/d4-site/d4/C2Data-860-Type3;1664.0000;DATA;1612714929.243912
/ndn/v4-site/v4/C2Data-602-Type4;978.0000;DATA;1612714930.168970
/ndn/h1-site/h1/C2Data-67-Type3;1218.0000;DATA;1612714932.474096
/ndn/s6-site/s6/C2Data-1592-Type3;6004094.0000;TIMEOUT;1612714932.700235
/ndn/v3-site/v3/C2Data-4007-Type1;123405.0000;DATA;1612714946.200604
/ndn/v6-site/v6/C2Data-652-Type4;91200.0000;DATA;1612714946.430003
/ndn/v5-site/v5/C2Data-4249-Type2;173597.0000;DATA;1612714946.949429
/ndn/h6-site/h6/C2Data-740-Type1;52071.0000;DATA;1612714947.775242
/ndn/s6-site/s6/C2Data-3160-Type1;6003285.0000;TIMEOUT;1612714950.302721
/ndn/s5-site/s5/C2Data-3039-Type2;6002525.0000;TIMEOUT;1612714951.132333
/ndn/s0-site/s0/C2Data-2434-Type1;6000986.0000;TIMEOUT;1612714953.567290
/ndn/v0-site/v0/C2Data-502-Type4;788.0000;DATA;1612714964.288316
/ndn/d5-site/d5/C2Data-377-Type4;1470.0000;DATA;1612714967.753993
/ndn/s9-site/s9/C2Data-1776-Type3;6001243.0000;TIMEOUT;1612714968.854049
/ndn/d1-site/d1/C2Data-678-Type3;75655.0000;DATA;1612714975.062837
/ndn/v3-site/v3/C2Data-4008-Type1;1129.0000;DATA;1612714976.591032
/ndn/h9-site/h9/C2Data-1104-Type2;188352.0000;DATA;1612714980.312564
/ndn/v8-site/v8/C2Data-2325-Type3;31091.0000;DATA;1612714980.596084
/ndn/v7-site/v7/C2Data-2264-Type3;1733.0000;DATA;1612714980.670976
/ndn/d8-site/d8/C2Data-1105-Type3;980.0000;DATA;1612714980.817934
/ndn/h2-site/h2/C2Data-257-Type2;99782.0000;DATA;1612714981.644430
/ndn/d9-site/d9/C2Data-1166-Type3;24962.0000;DATA;1612714982.927464
/ndn/h8-site/h8/C2Data-983-Type2;1195.0000;DATA;1612714983.298815
/ndn/s3-site/s3/C2Data-2798-Type2;6000567.0000;TIMEOUT;1612714977.573786
/ndn/d5-site/d5/C2Data-1830-Type2;3772.0000;DATA;1612714983.711340
/ndn/h6-site/h6/C2Data-741-Type1;1073.0000;DATA;1612714985.303035
/ndn/v9-site/v9/C2Data-4734-Type1;123729.0000;DATA;1612714986.005029
/ndn/d4-site/d4/C2Data-1709-Type2;52712.0000;DATA;1612714986.194233
/ndn/s5-site/s5/C2Data-3040-Type2;6006327.0000;TIMEOUT;1612714984.969072
/ndn/s5-site/s5/C2Data-1532-Type3;6022083.0000;TIMEOUT;1612714987.027016
/ndn/h5-site/h5/C2Data-621-Type2;24741.0000;DATA;1612715006.949345
/ndn/v3-site/v3/C2Data-4009-Type1;37241.0000;DATA;1612715007.199324
/ndn/h0-site/h0/C2Data-16-Type1;138451.0000;DATA;1612715008.023250
/ndn/d6-site/d6/C2Data-1952-Type2;3002.0000;DATA;1612715009.549041
/ndn/d9-site/d9/C2Data-2315-Type2;1530.0000;DATA;1612715010.175870
/ndn/s7-site/s7/C2Data-3283-Type1;6001050.0000;TIMEOUT;1612715007.300694
/ndn/s7-site/s7/C2Data-3283-Type2;6002032.0000;TIMEOUT;1612715007.983315
/ndn/s8-site/s8/C2Data-3404-Type2;6001278.0000;TIMEOUT;1612715009.203277
/ndn/h8-site/h8/C2Data-984-Type1;1188.0000;DATA;1612715015.299254
/ndn/h9-site/h9/C2Data-1105-Type2;176941.0000;DATA;1612715015.168069
/ndn/s2-site/s2/C2Data-2678-Type1;6010575.0000;TIMEOUT;1612715014.116956
/ndn/d4-site/d4/C2Data-98-Type6;1594.0000;DATA;1612715020.825605
/ndn/h1-site/h1/C2Data-69-Type3;971.0000;DATA;1612715035.242300
/ndn/v5-site/v5/C2Data-2143-Type3;8479.0000;DATA;1612715037.835757
/ndn/s7-site/s7/C2Data-1655-Type3;6001171.0000;TIMEOUT;1612715032.788039
/ndn/v5-site/v5/C2Data-4252-Type1;144991.0000;DATA;1612715039.068098
/ndn/v2-site/v2/C2Data-3889-Type1;151792.0000;DATA;1612715042.456981
/ndn/v5-site/v5/C2Data-4252-Type2;75689.0000;DATA;1612715042.846399
/ndn/v8-site/v8/C2Data-4615-Type2;25108.0000;DATA;1612715044.703037
/ndn/v1-site/v1/C2Data-3768-Type2;881.0000;DATA;1612715044.772332
/ndn/d1-site/d1/C2Data-77-Type6;2279.0000;DATA;1612715046.579930
/ndn/h1-site/h1/C2Data-138-Type1;34104.0000;DATA;1612715046.674338
/ndn/h0-site/h0/C2Data-1-Type5;1626.0000;DATA;1612715048.551990
/ndn/s6-site/s6/C2Data-3163-Type1;6001364.0000;TIMEOUT;1612715043.254700
/ndn/v2-site/v2/C2Data-154-Type6;110936.0000;DATA;1612715050.260752
/ndn/s4-site/s4/C2Data-1472-Type3;6000931.0000;TIMEOUT;1612715044.940997
/ndn/v3-site/v3/C2Data-2021-Type3;1033.0000;DATA;1612715051.318950
/ndn/s1-site/s1/C2Data-1289-Type3;6000403.0000;TIMEOUT;1612715046.690945
/ndn/s2-site/s2/C2Data-1350-Type3;6001425.0000;TIMEOUT;1612715047.042179
/ndn/d2-site/d2/C2Data-84-Type6;4778.0000;DATA;1612715057.356668
/ndn/h8-site/h8/C2Data-986-Type1;54338.0000;DATA;1612715065.763480
/ndn/s3-site/s3/C2Data-2801-Type1;6001686.0000;TIMEOUT;1612715065.270767
/ndn/s9-site/s9/C2Data-3527-Type2;6000327.0000;TIMEOUT;1612715065.952437
/ndn/d6-site/d6/C2Data-1954-Type2;1181.0000;DATA;1612715072.662113
/ndn/v5-site/v5/C2Data-4253-Type1;26138.0000;DATA;1612715074.926204
/ndn/s3-site/s3/C2Data-2801-Type2;6000485.0000;TIMEOUT;1612715069.413984
/ndn/h8-site/h8/C2Data-105-Type5;4173.0000;DATA;1612715076.591552
/ndn/h8-site/h8/C2Data-203-Type4;910.0000;DATA;1612715085.328405
/ndn/v2-site/v2/C2Data-287-Type5;75215.0000;DATA;1612715085.314300
/ndn/v9-site/v9/C2Data-378-Type5;154113.0000;DATA;1612715091.269827
/ndn/v8-site/v8/C2Data-703-Type4;4268.0000;DATA;1612715092.452030
/ndn/h9-site/h9/C2Data-228-Type4;3343.0000;DATA;1612715094.593548
/ndn/d3-site/d3/C2Data-802-Type3;91523.0000;DATA;1612715097.884520
/ndn/d4-site/d4/C2Data-863-Type3;954.0000;DATA;1612715098.146673
/ndn/h0-site/h0/C2Data-9-Type3;1914.0000;DATA;1612715099.107838
/ndn/h2-site/h2/C2Data-53-Type4;109257.0000;DATA;1612715100.364646
