/ndn/d9-site/d9/C2Data-2299-Type1;32898.0000;DATA;1612146288.906105
/ndn/h2-site/h2/C2Data-242-Type2;142611.0000;DATA;1612146289.027254
/ndn/s0-site/s0/C2Data-2420-Type1;164849.0000;DATA;1612146289.632231
/ndn/d2-site/d2/C2Data-1452-Type2;24270.0000;DATA;1612146289.900702
/ndn/v6-site/v6/C2Data-4356-Type2;202222.0000;DATA;1612146293.248233
/ndn/d1-site/d1/C2Data-1331-Type1;100445.0000;DATA;1612146293.422081
/ndn/h0-site/h0/C2Data-0-Type1;37209.0000;DATA;1612146295.259547
/ndn/h9-site/h9/C2Data-549-Type3;89154.0000;DATA;1612146310.674766
/ndn/s6-site/s6/C2Data-1586-Type3;29918.0000;DATA;1612146311.679725
/ndn/d5-site/d5/C2Data-915-Type3;25343.0000;DATA;1612146311.694828
/ndn/h8-site/h8/C2Data-488-Type3;174212.0000;DATA;1612146311.800920
/ndn/v6-site/v6/C2Data-4357-Type2;172488.0000;DATA;1612146318.631873
/ndn/s5-site/s5/C2Data-1525-Type3;183147.0000;DATA;1612146319.986439
/ndn/d4-site/d4/C2Data-1695-Type2;95056.0000;DATA;1612146320.758371
/ndn/v3-site/v3/C2Data-3994-Type1;55925.0000;DATA;1612146321.249646
/ndn/s8-site/s8/C2Data-1708-Type3;123021.0000;DATA;1612146321.597811
/ndn/s0-site/s0/C2Data-2421-Type2;163290.0000;DATA;1612146321.973147
/ndn/d3-site/d3/C2Data-1574-Type2;220152.0000;DATA;1612146323.078166
/ndn/s9-site/s9/C2Data-3510-Type2;221303.0000;DATA;1612146325.167745
/ndn/v7-site/v7/C2Data-2257-Type3;54435.0000;DATA;1612146325.755093
/ndn/s3-site/s3/C2Data-1403-Type3;243103.0000;DATA;1612146325.683974
/ndn/s4-site/s4/C2Data-1464-Type3;78421.0000;DATA;1612146325.926170
/ndn/d4-site/d4/C2Data-1695-Type1;73012.0000;DATA;1612146326.395955
/ndn/d5-site/d5/C2Data-1816-Type1;25031.0000;DATA;1612146327.423143
/ndn/d2-site/d2/C2Data-732-Type3;29750.0000;DATA;1612146328.066988
/ndn/v5-site/v5/C2Data-2135-Type3;259053.0000;DATA;1612146331.507971
/ndn/d8-site/d8/C2Data-2180-Type1;35010.0000;DATA;1612146346.709192
/ndn/s5-site/s5/C2Data-3027-Type1;211392.0000;DATA;1612146346.589318
/ndn/v4-site/v4/C2Data-4116-Type1;318490.0000;DATA;1612146351.071870
/ndn/s5-site/s5/C2Data-3027-Type2;184812.0000;DATA;1612146351.477571
/ndn/h6-site/h6/C2Data-728-Type1;168462.0000;DATA;1612146352.009555
/ndn/h9-site/h9/C2Data-1091-Type2;55216.0000;DATA;1612146352.401616
/ndn/s7-site/s7/C2Data-3269-Type2;49882.0000;DATA;1612146352.650280
/ndn/v3-site/v3/C2Data-3995-Type2;59954.0000;DATA;1612146353.086922
/ndn/s1-site/s1/C2Data-2543-Type2;194849.0000;DATA;1612146354.009813
/ndn/v7-site/v7/C2Data-4479-Type1;66220.0000;DATA;1612146354.408471
/ndn/s0-site/s0/C2Data-2422-Type2;194349.0000;DATA;1612146354.562863
/ndn/s3-site/s3/C2Data-2785-Type1;237009.0000;DATA;1612146354.685809
/ndn/d0-site/d0/C2Data-1212-Type2;285347.0000;DATA;1612146356.548843
/ndn/h2-site/h2/C2Data-244-Type1;150540.0000;DATA;1612146357.247614
/ndn/s1-site/s1/C2Data-1282-Type3;194944.0000;DATA;1612146370.918187
/ndn/d1-site/d1/C2Data-1334-Type2;99136.0000;DATA;1612146376.883662
/ndn/d5-site/d5/C2Data-916-Type3;24928.0000;DATA;1612146377.826299
/ndn/v8-site/v8/C2Data-4601-Type2;147216.0000;DATA;1612146378.020755
/ndn/h8-site/h8/C2Data-489-Type3;173890.0000;DATA;1612146378.685801
/ndn/h7-site/h7/C2Data-850-Type1;148933.0000;DATA;1612146379.219750
