/ndn/v8-site/v8/C2Data-6413-Type1;24415.0000;DATA;1611608580.840826
/ndn/d4-site/d4/C2Data-2299-Type2;238985.0000;DATA;1611608581.811822
/ndn/h5-site/h5/C2Data-605-Type2;71160.0000;DATA;1611608585.107961
/ndn/d7-site/d7/C2Data-2662-Type2;142561.0000;DATA;1611608586.120813
/ndn/h1-site/h1/C2Data-121-Type1;188867.0000;DATA;1611608586.252788
/ndn/v1-site/v1/C2Data-5566-Type2;586.0000;NACK;1611608586.474935
/ndn/s14-site/s14/C2Data-5324-Type1;207438.0000;DATA;1611608586.459943
/ndn/v13-site/v13/C2Data-7018-Type1;144293.0000;DATA;1611608587.201901
/ndn/h9-site/h9/C2Data-1089-Type2;92245.0000;DATA;1611608587.527800
/ndn/s13-site/s13/C2Data-5203-Type1;48624.0000;DATA;1611608588.343851
/ndn/v6-site/v6/C2Data-6171-Type1;506.0000;NACK;1611608589.279044
/ndn/v4-site/v4/C2Data-2989-Type3;500.0000;NACK;1611608603.783773
/ndn/h9-site/h9/C2Data-549-Type3;94990.0000;DATA;1611608605.848853
/ndn/v13-site/v13/C2Data-3538-Type3;140782.0000;DATA;1611608606.693763
/ndn/h7-site/h7/C2Data-427-Type3;24017.0000;DATA;1611608608.176902
/ndn/s1-site/s1/C2Data-3752-Type2;51717.0000;DATA;1611608610.106786
/ndn/d4-site/d4/C2Data-2300-Type1;213644.0000;DATA;1611608611.762749
/ndn/v5-site/v5/C2Data-6051-Type1;519.0000;NACK;1611608612.485824
/ndn/s13-site/s13/C2Data-2623-Type3;46637.0000;DATA;1611608612.551779
/ndn/s5-site/s5/C2Data-4236-Type2;170913.0000;DATA;1611608612.436803
/ndn/s3-site/s3/C2Data-3994-Type2;93847.0000;DATA;1611608612.555772
/ndn/h8-site/h8/C2Data-969-Type2;118083.0000;DATA;1611608613.835849
/ndn/d1-site/d1/C2Data-1937-Type2;210110.0000;DATA;1611608614.746819
/ndn/v5-site/v5/C2Data-6051-Type2;464.0000;NACK;1611608615.403886
/ndn/h12-site/h12/C2Data-732-Type3;201041.0000;DATA;1611608616.083809
/ndn/d9-site/d9/C2Data-2905-Type2;116913.0000;DATA;1611608616.776821
/ndn/s2-site/s2/C2Data-1952-Type3;138603.0000;DATA;1611608616.940000
/ndn/h10-site/h10/C2Data-610-Type3;189797.0000;DATA;1611608617.071759
/ndn/s0-site/s0/C2Data-3631-Type2;141515.0000;DATA;1611608617.162829
/ndn/h1-site/h1/C2Data-61-Type3;187174.0000;DATA;1611608618.035854
/ndn/s13-site/s13/C2Data-5204-Type2;46473.0000;DATA;1611608618.481949
/ndn/d13-site/d13/C2Data-3389-Type1;185489.0000;DATA;1611608618.364814
/ndn/s4-site/s4/C2Data-2074-Type3;229571.0000;DATA;1611608618.358762
/ndn/h1-site/h1/C2Data-122-Type1;190900.0000;DATA;1611608619.415823
/ndn/h10-site/h10/C2Data-1211-Type1;189367.0000;DATA;1611608619.943948
/ndn/v7-site/v7/C2Data-3172-Type3;144722.0000;NACK;1611608621.479837
/ndn/h6-site/h6/C2Data-366-Type3;23831.0000;DATA;1611608622.761849
/ndn/d3-site/d3/C2Data-1098-Type3;177899.0000;DATA;1611608624.379753
/ndn/s2-site/s2/C2Data-3874-Type2;141807.0000;DATA;1611608640.463817
/ndn/v13-site/v13/C2Data-7020-Type2;142431.0000;DATA;1611608640.850804
/ndn/h6-site/h6/C2Data-728-Type2;24462.0000;DATA;1611608641.102941
/ndn/h2-site/h2/C2Data-244-Type2;241084.0000;DATA;1611608641.653832
/ndn/s13-site/s13/C2Data-5205-Type2;48243.0000;DATA;1611608641.893845
/ndn/v10-site/v10/C2Data-6657-Type1;172659.0000;DATA;1611608643.763811
/ndn/d2-site/d2/C2Data-2059-Type2;217924.0000;DATA;1611608644.542824
/ndn/d7-site/d7/C2Data-2664-Type1;152145.0000;DATA;1611608646.147841
/ndn/h9-site/h9/C2Data-1091-Type1;95475.0000;DATA;1611608646.276839
/ndn/d12-site/d12/C2Data-3269-Type1;193587.0000;DATA;1611608646.412772
/ndn/d12-site/d12/C2Data-3269-Type2;198167.0000;DATA;1611608646.961803
/ndn/v14-site/v14/C2Data-7141-Type1;94907.0000;DATA;1611608647.240775
/ndn/d10-site/d10/C2Data-3027-Type1;75766.0000;DATA;1611608649.601787
/ndn/v8-site/v8/C2Data-6415-Type1;23610.0000;DATA;1611608650.434834
/ndn/d3-site/d3/C2Data-2180-Type2;167144.0000;DATA;1611608650.596812
/ndn/d10-site/d10/C2Data-3027-Type2;72756.0000;DATA;1611608650.726806
/ndn/v2-site/v2/C2Data-5689-Type2;169443.0000;DATA;1611608651.241772
/ndn/s11-site/s11/C2Data-2502-Type3;76902.0000;DATA;1611608665.381185
/ndn/v5-site/v5/C2Data-6053-Type1;286678.0000;DATA;1611608673.076811
/ndn/d6-site/d6/C2Data-2544-Type2;167144.0000;DATA;1611608674.861914
/ndn/h4-site/h4/C2Data-487-Type1;69356.0000;DATA;1611608675.050820
/ndn/s8-site/s8/C2Data-4601-Type2;167102.0000;DATA;1611608675.001821
/ndn/d5-site/d5/C2Data-2423-Type2;47055.0000;DATA;1611608675.333788
/ndn/h5-site/h5/C2Data-608-Type2;72574.0000;DATA;1611608675.538783
/ndn/v3-site/v3/C2Data-5811-Type2;118930.0000;DATA;1611608675.604792
/ndn/d4-site/d4/C2Data-1160-Type3;209544.0000;DATA;1611608676.472951
/ndn/s13-site/s13/C2Data-5206-Type2;48994.0000;DATA;1611608676.728791
/ndn/v1-site/v1/C2Data-2807-Type3;251772.0000;DATA;1611608676.704765
/ndn/v3-site/v3/C2Data-5811-Type1;123436.0000;DATA;1611608676.986811
/ndn/v9-site/v9/C2Data-6537-Type2;95761.0000;DATA;1611608678.191296
/ndn/d2-site/d2/C2Data-425-Type4;215713.0000;DATA;1611608678.197914
/ndn/h8-site/h8/C2Data-489-Type3;121259.0000;DATA;1611608678.562828
/ndn/s14-site/s14/C2Data-5327-Type1;6000242.0000;TIMEOUT;1611608673.944839
/ndn/d3-site/d3/C2Data-2181-Type2;171807.0000;DATA;1611608679.810784
/ndn/h13-site/h13/C2Data-1576-Type1;126882.0000;DATA;1611608679.886859
/ndn/d0-site/d0/C2Data-1818-Type1;186122.0000;DATA;1611608680.207791
/ndn/h9-site/h9/C2Data-225-Type4;99170.0000;DATA;1611608681.028938
/ndn/v2-site/v2/C2Data-5690-Type2;166655.0000;DATA;1611608681.164833
/ndn/h9-site/h9/C2Data-1092-Type2;92356.0000;DATA;1611608681.389815
/ndn/s7-site/s7/C2Data-2258-Type3;6002488.0000;TIMEOUT;1611608677.558839
/ndn/d10-site/d10/C2Data-1526-Type3;70012.0000;DATA;1611608685.953835
/ndn/s2-site/s2/C2Data-1953-Type3;6000890.0000;TIMEOUT;1611608680.151817
/ndn/v8-site/v8/C2Data-3234-Type3;25413.0000;DATA;1611608687.037798
/ndn/s1-site/s1/C2Data-1892-Type3;6007653.0000;TIMEOUT;1611608681.233856
/ndn/d11-site/d11/C2Data-650-Type4;267278.0000;DATA;1611608689.748847
/ndn/s4-site/s4/C2Data-2075-Type3;6000448.0000;TIMEOUT;1611608685.406869
/ndn/h11-site/h11/C2Data-275-Type4;228367.0000;DATA;1611608692.131839
/ndn/v0-site/v0/C2Data-750-Type4;208863.0000;DATA;1611608693.418443
/ndn/h4-site/h4/C2Data-100-Type4;70805.0000;DATA;1611608696.594748
/ndn/v13-site/v13/C2Data-7022-Type1;158559.0000;DATA;1611608699.735663
/ndn/h3-site/h3/C2Data-367-Type1;243751.0000;DATA;1611608703.681892
/ndn/h10-site/h10/C2Data-1214-Type2;190900.0000;DATA;1611608704.035788
/ndn/d2-site/d2/C2Data-2061-Type1;224175.0000;DATA;1611608706.113759
/ndn/v13-site/v13/C2Data-7022-Type2;145716.0000;DATA;1611608706.299761
/ndn/v14-site/v14/C2Data-7143-Type2;95986.0000;DATA;1611608707.808791
/ndn/v5-site/v5/C2Data-6054-Type1;279412.0000;DATA;1611608707.693763
/ndn/d7-site/d7/C2Data-2666-Type1;147177.0000;DATA;1611608708.930764
/ndn/v10-site/v10/C2Data-1000-Type4;170006.0000;DATA;1611608709.094323
/ndn/h9-site/h9/C2Data-1093-Type1;98153.0000;DATA;1611608710.700830
/ndn/v11-site/v11/C2Data-6780-Type1;189961.0000;DATA;1611608710.777943
/ndn/v12-site/v12/C2Data-3479-Type3;275556.0000;DATA;1611608725.558831
/ndn/d1-site/d1/C2Data-978-Type3;229388.0000;DATA;1611608726.138777
/ndn/d13-site/d13/C2Data-1710-Type3;211394.0000;DATA;1611608727.002764
/ndn/v7-site/v7/C2Data-3174-Type3;228321.0000;DATA;1611608727.568781
/ndn/h3-site/h3/C2Data-368-Type2;219048.0000;DATA;1611608730.873764
/ndn/d2-site/d2/C2Data-2062-Type1;217951.0000;DATA;1611608732.132786
/ndn/h5-site/h5/C2Data-307-Type3;71582.0000;DATA;1611608733.147820
/ndn/h10-site/h10/C2Data-612-Type3;188933.0000;DATA;1611608733.726829
/ndn/d5-site/d5/C2Data-1222-Type3;46775.0000;DATA;1611608734.870810
/ndn/d1-site/d1/C2Data-1941-Type2;207744.0000;DATA;1611608735.319810
/ndn/h2-site/h2/C2Data-247-Type1;239830.0000;DATA;1611608735.389770
/ndn/s9-site/s9/C2Data-2381-Type3;6000659.0000;TIMEOUT;1611608729.903824
/ndn/v5-site/v5/C2Data-3052-Type3;287926.0000;DATA;1611608736.181760
/ndn/v0-site/v0/C2Data-5450-Type1;165487.0000;DATA;1611608736.335747
/ndn/s0-site/s0/C2Data-1832-Type3;6000290.0000;TIMEOUT;1611608730.626850
/ndn/h4-site/h4/C2Data-246-Type3;72084.0000;DATA;1611608738.392807
/ndn/s6-site/s6/C2Data-4361-Type1;6000258.0000;TIMEOUT;1611608734.169839
/ndn/v0-site/v0/C2Data-5450-Type2;165947.0000;DATA;1611608740.196836
/ndn/v13-site/v13/C2Data-7023-Type1;146541.0000;DATA;1611608741.231754
/ndn/d1-site/d1/C2Data-1941-Type1;212211.0000;DATA;1611608741.253851
/ndn/s12-site/s12/C2Data-2564-Type3;6000556.0000;TIMEOUT;1611608735.723758
/ndn/d3-site/d3/C2Data-1100-Type3;171369.0000;DATA;1611608742.402760
/ndn/s14-site/s14/C2Data-5329-Type1;6001162.0000;TIMEOUT;1611608738.881754
/ndn/s3-site/s3/C2Data-3998-Type2;6000439.0000;TIMEOUT;1611608739.344803
/ndn/v0-site/v0/C2Data-2747-Type3;171033.0000;DATA;1611608745.316775
/ndn/s9-site/s9/C2Data-4724-Type2;6000284.0000;TIMEOUT;1611608740.124871
/ndn/s5-site/s5/C2Data-4240-Type2;6000284.0000;TIMEOUT;1611608741.470017
/ndn/s3-site/s3/C2Data-2015-Type3;6000186.0000;TIMEOUT;1611608742.726938
/ndn/s13-site/s13/C2Data-2625-Type3;6000314.0000;TIMEOUT;1611608747.662798
/ndn/v11-site/v11/C2Data-6782-Type2;193295.0000;DATA;1611608760.173837
/ndn/d14-site/d14/C2Data-3515-Type1;191119.0000;DATA;1611608760.307875
/ndn/v12-site/v12/C2Data-6903-Type2;273135.0000;DATA;1611608762.391875
/ndn/h11-site/h11/C2Data-1337-Type2;222940.0000;DATA;1611608762.457818
/ndn/d13-site/d13/C2Data-3394-Type2;188928.0000;DATA;1611608764.943787
/ndn/h3-site/h3/C2Data-369-Type2;240753.0000;DATA;1611608765.580809
/ndn/d9-site/d9/C2Data-2910-Type2;119367.0000;DATA;1611608766.543820
/ndn/h6-site/h6/C2Data-732-Type2;24853.0000;DATA;1611608766.705812
/ndn/d13-site/d13/C2Data-3394-Type1;196092.0000;DATA;1611608768.200832
/ndn/d11-site/d11/C2Data-3152-Type2;225558.0000;DATA;1611608769.269739
/ndn/s3-site/s3/C2Data-3999-Type1;6000598.0000;TIMEOUT;1611608763.558768
/ndn/h2-site/h2/C2Data-248-Type2;257413.0000;DATA;1611608770.210905
/ndn/h9-site/h9/C2Data-1095-Type1;94483.0000;DATA;1611608771.323864
/ndn/s0-site/s0/C2Data-3636-Type2;6000648.0000;TIMEOUT;1611608765.802764
/ndn/d1-site/d1/C2Data-979-Type3;251164.0000;DATA;1611608783.895818
/ndn/d0-site/d0/C2Data-918-Type3;197919.0000;DATA;1611608784.995750
/ndn/h4-site/h4/C2Data-247-Type3;73113.0000;DATA;1611608788.104850
/ndn/d14-site/d14/C2Data-1772-Type3;189816.0000;DATA;1611608789.474838
/ndn/v10-site/v10/C2Data-6662-Type2;166477.0000;DATA;1611608790.409896
/ndn/s9-site/s9/C2Data-2382-Type3;6000339.0000;TIMEOUT;1611608784.800344
/ndn/s14-site/s14/C2Data-2687-Type3;6000273.0000;TIMEOUT;1611608785.022786
/ndn/v0-site/v0/C2Data-5452-Type2;166167.0000;DATA;1611608791.203801
/ndn/v2-site/v2/C2Data-5694-Type2;169892.0000;DATA;1611608792.207838
/ndn/h7-site/h7/C2Data-854-Type1;23543.0000;DATA;1611608792.385803
/ndn/h13-site/h13/C2Data-796-Type3;125821.0000;DATA;1611608793.226744
/ndn/h14-site/h14/C2Data-857-Type3;190518.0000;DATA;1611608793.933910
/ndn/s4-site/s4/C2Data-2077-Type3;6000775.0000;TIMEOUT;1611608788.181827
/ndn/v1-site/v1/C2Data-5573-Type1;267359.0000;DATA;1611608794.942777
