/ndn/v10-site/v10/C2Data-6655-Type1;553.0000;NACK;1611610901.684360
/ndn/d5-site/d5/C2Data-2420-Type2;94950.0000;DATA;1611610902.163383
/ndn/h9-site/h9/C2Data-1089-Type1;99629.0000;DATA;1611610902.453471
/ndn/s0-site/s0/C2Data-3630-Type1;166880.0000;DATA;1611610902.516324
/ndn/d8-site/d8/C2Data-2783-Type1;127805.0000;DATA;1611610906.068332
/ndn/h5-site/h5/C2Data-605-Type2;72542.0000;DATA;1611610906.583530
/ndn/h0-site/h0/C2Data-0-Type1;145468.0000;DATA;1611610907.465317
/ndn/v4-site/v4/C2Data-5929-Type2;21008.0000;NACK;1611610908.014414
/ndn/s13-site/s13/C2Data-5203-Type2;518.0000;NACK;1611610908.140348
/ndn/v12-site/v12/C2Data-6897-Type1;522.0000;NACK;1611610909.783373
/ndn/v11-site/v11/C2Data-6776-Type1;84365.0000;DATA;1611610911.163379
/ndn/d6-site/d6/C2Data-2541-Type1;171344.0000;DATA;1611610911.883359
/ndn/h13-site/h13/C2Data-1573-Type1;23788.0000;DATA;1611610912.457337
/ndn/h13-site/h13/C2Data-793-Type3;24602.0000;DATA;1611610929.803426
/ndn/v6-site/v6/C2Data-6172-Type2;49326.0000;DATA;1611610930.870389
/ndn/d10-site/d10/C2Data-1525-Type3;117242.0000;DATA;1611610930.805370
/ndn/d6-site/d6/C2Data-2542-Type1;161964.0000;DATA;1611610930.902338
/ndn/s1-site/s1/C2Data-3752-Type1;186306.0000;DATA;1611610931.065388
/ndn/h3-site/h3/C2Data-364-Type2;190553.0000;DATA;1611610931.268422
/ndn/h8-site/h8/C2Data-969-Type2;116347.0000;DATA;1611610933.663816
/ndn/v1-site/v1/C2Data-5567-Type2;206295.0000;DATA;1611610933.690399
/ndn/d5-site/d5/C2Data-1220-Type3;93792.0000;DATA;1611610934.647412
/ndn/h3-site/h3/C2Data-364-Type1;196223.0000;DATA;1611610935.266340
/ndn/d9-site/d9/C2Data-1464-Type3;122533.0000;DATA;1611610935.798417
/ndn/s14-site/s14/C2Data-5325-Type1;103130.0000;DATA;1611610936.254408
/ndn/s6-site/s6/C2Data-2196-Type3;198228.0000;DATA;1611610936.965345
/ndn/v12-site/v12/C2Data-3477-Type3;10256.0000;NACK;1611610937.364779
/ndn/h6-site/h6/C2Data-727-Type2;122693.0000;DATA;1611610938.213454
/ndn/d4-site/d4/C2Data-2300-Type1;94910.0000;DATA;1611610938.773347
/ndn/s12-site/s12/C2Data-5083-Type1;171472.0000;DATA;1611610938.989402
/ndn/s0-site/s0/C2Data-3631-Type2;142210.0000;DATA;1611610939.163329
/ndn/h8-site/h8/C2Data-488-Type3;118361.0000;DATA;1611610940.043358
/ndn/s7-site/s7/C2Data-4478-Type2;92444.0000;DATA;1611610940.417468
/ndn/d2-site/d2/C2Data-1037-Type3;95860.0000;DATA;1611610941.411362
/ndn/s11-site/s11/C2Data-2501-Type3;173194.0000;DATA;1611610941.738373
/ndn/s4-site/s4/C2Data-2074-Type3;102132.0000;DATA;1611610942.044848
/ndn/v14-site/v14/C2Data-3599-Type3;46879.0000;DATA;1611610942.187342
/ndn/s10-site/s10/C2Data-4841-Type1;71114.0000;DATA;1611610942.475500
/ndn/v2-site/v2/C2Data-2867-Type3;70502.0000;NACK;1611610944.963424
/ndn/s8-site/s8/C2Data-4600-Type1;23689.0000;DATA;1611610960.880380
/ndn/d0-site/d0/C2Data-1817-Type2;114987.0000;DATA;1611610961.375369
/ndn/v10-site/v10/C2Data-6657-Type1;195162.0000;DATA;1611610961.436388
/ndn/s2-site/s2/C2Data-3874-Type2;23720.0000;DATA;1611610966.362376
/ndn/s3-site/s3/C2Data-3995-Type1;162636.0000;DATA;1611610966.284347
/ndn/v12-site/v12/C2Data-6899-Type1;209812.0000;DATA;1611610966.335984
/ndn/s14-site/s14/C2Data-5326-Type2;99033.0000;DATA;1611610967.218340
/ndn/d13-site/d13/C2Data-3390-Type2;71813.0000;DATA;1611610969.204343
/ndn/v4-site/v4/C2Data-5931-Type1;236971.0000;DATA;1611610969.814360
/ndn/s5-site/s5/C2Data-4237-Type1;144417.0000;DATA;1611610970.494422
/ndn/h8-site/h8/C2Data-970-Type1;123220.0000;DATA;1611610970.921318
/ndn/h8-site/h8/C2Data-970-Type2;119445.0000;DATA;1611610972.130378
/ndn/s0-site/s0/C2Data-3632-Type2;6006789.0000;TIMEOUT;1611610967.688413
/ndn/v14-site/v14/C2Data-3600-Type3;47630.0000;DATA;1611610984.753553
/ndn/h9-site/h9/C2Data-550-Type3;101091.0000;DATA;1611610986.796325
/ndn/d1-site/d1/C2Data-977-Type3;74881.0000;DATA;1611610986.970328
/ndn/d9-site/d9/C2Data-1465-Type3;40431.0000;DATA;1611610987.898896
/ndn/d2-site/d2/C2Data-1038-Type3;97083.0000;DATA;1611610990.369613
/ndn/d4-site/d4/C2Data-2302-Type2;93746.0000;DATA;1611610991.798326
/ndn/v7-site/v7/C2Data-6295-Type1;187879.0000;DATA;1611610992.590402
/ndn/h13-site/h13/C2Data-794-Type3;23878.0000;DATA;1611610992.757421
/ndn/h11-site/h11/C2Data-1334-Type2;71650.0000;DATA;1611610993.438380
/ndn/s0-site/s0/C2Data-1831-Type3;6000259.0000;TIMEOUT;1611610988.653357
/ndn/h12-site/h12/C2Data-733-Type3;92767.0000;DATA;1611610995.158321
/ndn/v12-site/v12/C2Data-6900-Type1;209989.0000;DATA;1611610996.082325
/ndn/h12-site/h12/C2Data-1455-Type2;94839.0000;DATA;1611610996.225374
/ndn/d5-site/d5/C2Data-2423-Type2;97958.0000;DATA;1611610996.740900
/ndn/v8-site/v8/C2Data-950-Type4;141838.0000;DATA;1611610996.858343
/ndn/h12-site/h12/C2Data-1455-Type1;94711.0000;DATA;1611610997.334411
/ndn/d14-site/d14/C2Data-725-Type4;49871.0000;DATA;1611610998.123358
/ndn/v11-site/v11/C2Data-3417-Type3;73831.0000;DATA;1611610998.585335
/ndn/d5-site/d5/C2Data-1221-Type3;99788.0000;DATA;1611610999.467339
/ndn/h7-site/h7/C2Data-850-Type1;165608.0000;DATA;1611610999.765398
/ndn/v10-site/v10/C2Data-6658-Type2;165580.0000;DATA;1611610999.901490
/ndn/h0-site/h0/C2Data-3-Type2;137815.0000;DATA;1611611000.143360
/ndn/h12-site/h12/C2Data-300-Type4;103036.0000;DATA;1611611001.820335
/ndn/d13-site/d13/C2Data-1709-Type3;77343.0000;DATA;1611611002.833340
/ndn/v8-site/v8/C2Data-3234-Type3;222223.0000;DATA;1611611005.395347
/ndn/s3-site/s3/C2Data-3996-Type1;6000429.0000;TIMEOUT;1611611001.475329
/ndn/h3-site/h3/C2Data-75-Type4;190624.0000;DATA;1611611007.812359
/ndn/v5-site/v5/C2Data-3051-Type3;245958.0000;DATA;1611611008.190392
/ndn/v4-site/v4/C2Data-5933-Type2;257787.0000;DATA;1611611021.120414
/ndn/v2-site/v2/C2Data-5691-Type1;174657.0000;DATA;1611611022.972482
/ndn/h8-site/h8/C2Data-972-Type1;123518.0000;DATA;1611611024.084373
/ndn/v7-site/v7/C2Data-6296-Type2;193891.0000;DATA;1611611024.970361
/ndn/d7-site/d7/C2Data-2666-Type2;148040.0000;DATA;1611611025.165327
/ndn/h12-site/h12/C2Data-1456-Type2;94666.0000;DATA;1611611025.307337
/ndn/d3-site/d3/C2Data-2182-Type1;196992.0000;DATA;1611611026.432402
/ndn/h13-site/h13/C2Data-1577-Type1;23828.0000;DATA;1611611027.632321
/ndn/s3-site/s3/C2Data-3997-Type1;6002019.0000;TIMEOUT;1611611022.165417
/ndn/h0-site/h0/C2Data-4-Type1;148111.0000;DATA;1611611029.591468
/ndn/v1-site/v1/C2Data-775-Type4;221713.0000;DATA;1611611029.535320
/ndn/h12-site/h12/C2Data-1456-Type1;97096.0000;DATA;1611611029.922324
/ndn/v9-site/v9/C2Data-6538-Type1;143981.0000;DATA;1611611030.162366
/ndn/h0-site/h0/C2Data-4-Type2;149757.0000;DATA;1611611030.676376
/ndn/h5-site/h5/C2Data-125-Type4;74875.0000;DATA;1611611030.918328
/ndn/s7-site/s7/C2Data-4481-Type2;6000797.0000;TIMEOUT;1611611025.060504
/ndn/d2-site/d2/C2Data-2061-Type1;94800.0000;DATA;1611611031.276414
/ndn/s10-site/s10/C2Data-4844-Type1;6004183.0000;TIMEOUT;1611611031.868381
/ndn/v11-site/v11/C2Data-1025-Type4;99820.0000;DATA;1611611039.178335
/ndn/v2-site/v2/C2Data-800-Type4;284717.0000;DATA;1611611039.666553
/ndn/d12-site/d12/C2Data-675-Type4;154972.0000;DATA;1611611041.946408
/ndn/d2-site/d2/C2Data-425-Type4;104504.0000;DATA;1611611042.393904
/ndn/h8-site/h8/C2Data-200-Type4;125180.0000;DATA;1611611044.768711
/ndn/d4-site/d4/C2Data-1161-Type3;94775.0000;DATA;1611611047.060370
/ndn/h5-site/h5/C2Data-307-Type3;72473.0000;DATA;1611611048.181340
/ndn/v3-site/v3/C2Data-825-Type4;65271.0000;DATA;1611611049.781580
/ndn/d0-site/d0/C2Data-1820-Type1;116201.0000;DATA;1611611050.861351
/ndn/d2-site/d2/C2Data-2062-Type1;97501.0000;DATA;1611611051.431314
/ndn/h0-site/h0/C2Data-5-Type1;145597.0000;DATA;1611611053.614438
/ndn/v5-site/v5/C2Data-6055-Type2;233222.0000;DATA;1611611053.957345
/ndn/d14-site/d14/C2Data-3514-Type1;49532.0000;DATA;1611611054.184506
/ndn/h12-site/h12/C2Data-1457-Type1;95569.0000;DATA;1611611054.640320
/ndn/v9-site/v9/C2Data-6539-Type2;143201.0000;DATA;1611611054.711433
/ndn/v9-site/v9/C2Data-975-Type4;139618.0000;DATA;1611611054.890372
/ndn/s3-site/s3/C2Data-2015-Type3;6001957.0000;TIMEOUT;1611611050.013667
/ndn/d12-site/d12/C2Data-1649-Type3;140268.0000;DATA;1611611056.714380
/ndn/d12-site/d12/C2Data-3272-Type2;141804.0000;DATA;1611611056.746418
/ndn/v14-site/v14/C2Data-3601-Type3;50750.0000;DATA;1611611059.654327
/ndn/d3-site/d3/C2Data-2183-Type1;165907.0000;DATA;1611611060.071446
/ndn/v5-site/v5/C2Data-6055-Type1;244542.0000;DATA;1611611060.585364
/ndn/v2-site/v2/C2Data-5692-Type1;165497.0000;DATA;1611611060.828379
/ndn/h9-site/h9/C2Data-551-Type3;97531.0000;DATA;1611611061.077376
/ndn/s8-site/s8/C2Data-4603-Type1;6000668.0000;TIMEOUT;1611611057.395396
/ndn/s0-site/s0/C2Data-3635-Type1;6000331.0000;TIMEOUT;1611611057.644412
/ndn/s10-site/s10/C2Data-2442-Type3;6000272.0000;TIMEOUT;1611611063.653619
/ndn/s5-site/s5/C2Data-2137-Type3;6000666.0000;TIMEOUT;1611611065.078478
/ndn/s12-site/s12/C2Data-2564-Type3;6000400.0000;TIMEOUT;1611611066.502324
/ndn/h12-site/h12/C2Data-1458-Type2;90700.0000;DATA;1611611080.761309
/ndn/v7-site/v7/C2Data-6298-Type1;194616.0000;DATA;1611611081.700346
/ndn/v0-site/v0/C2Data-5451-Type1;127676.0000;DATA;1611611084.152362
/ndn/h9-site/h9/C2Data-1095-Type1;99082.0000;DATA;1611611087.043405
/ndn/d3-site/d3/C2Data-2184-Type1;174975.0000;DATA;1611611087.158330
/ndn/h4-site/h4/C2Data-490-Type1;120371.0000;DATA;1611611087.718379
/ndn/s5-site/s5/C2Data-4241-Type2;6000232.0000;TIMEOUT;1611611082.133320
/ndn/v9-site/v9/C2Data-6540-Type1;142459.0000;DATA;1611611088.519070
/ndn/v6-site/v6/C2Data-6177-Type2;49444.0000;DATA;1611611090.818422
/ndn/s13-site/s13/C2Data-5209-Type1;6000369.0000;TIMEOUT;1611611085.561365
/ndn/v3-site/v3/C2Data-5814-Type2;51867.0000;DATA;1611611092.046389
/ndn/s6-site/s6/C2Data-4362-Type2;6000486.0000;TIMEOUT;1611611088.242421
/ndn/s7-site/s7/C2Data-4483-Type1;6000285.0000;TIMEOUT;1611611091.305376
/ndn/v6-site/v6/C2Data-3114-Type3;51481.0000;DATA;1611611105.773332
/ndn/v8-site/v8/C2Data-3236-Type3;167336.0000;DATA;1611611110.166484
/ndn/v11-site/v11/C2Data-3419-Type3;69811.0000;DATA;1611611110.795399
/ndn/v3-site/v3/C2Data-5815-Type2;47261.0000;DATA;1611611110.851428
/ndn/v11-site/v11/C2Data-6783-Type2;76840.0000;DATA;1611611110.923328
/ndn/d1-site/d1/C2Data-979-Type3;69490.0000;DATA;1611611114.231350
/ndn/d10-site/d10/C2Data-3032-Type2;119042.0000;DATA;1611611115.193475
/ndn/h13-site/h13/C2Data-1580-Type2;24109.0000;DATA;1611611116.580384
/ndn/s14-site/s14/C2Data-5331-Type1;6000307.0000;TIMEOUT;1611611110.731434
