/C2Data/v2/C2Data-294-Type1;42134.0000;DATA;1609199272.957704
/C2Data/d2/C2Data-66-Type3;146796.0000;DATA;1609199318.618874
/C2Data/v3/C2Data-316-Type1;331508.0000;DATA;1609199331.953348
/C2Data/h0/C2Data-1-Type2;56908.0000;DATA;1609199333.838883
/C2Data/d1/C2Data-106-Type2;61326.0000;DATA;1609199337.946953
/C2Data/s1/C2Data-190-Type1;138153.0000;DATA;1609199341.613651
/C2Data/v1/C2Data-274-Type2;115466.0000;DATA;1609199341.762158
/C2Data/s0/C2Data-88-Type3;23702.0000;DATA;1609199346.859272
/C2Data/s1/C2Data-99-Type3;23541.0000;DATA;1609199352.214080
/C2Data/v1/C2Data-143-Type3;23596.0000;DATA;1609199357.138794
/C2Data/s1/C2Data-191-Type2;165951.0000;DATA;1609199382.921082
/C2Data/d2/C2Data-128-Type2;184765.0000;DATA;1609199383.263193
/C2Data/d0/C2Data-86-Type2;101024.0000;DATA;1609199389.002646
/C2Data/v2/C2Data-296-Type2;670.0000;DATA;1609199395.144058
/C2Data/h1/C2Data-23-Type2;61186.0000;DATA;1609199400.069306
/C2Data/d1/C2Data-56-Type3;114909.0000;DATA;1609199433.957531
/C2Data/v2/C2Data-155-Type3;653.0000;DATA;1609199451.598403
/C2Data/d2/C2Data-129-Type1;164420.0000;DATA;1609199456.069584
/C2Data/v3/C2Data-55-Type4;229135.0000;DATA;1609199457.779640
/C2Data/v0/C2Data-255-Type1;49589.0000;DATA;1609199458.754346
/C2Data/v0/C2Data-40-Type4;40302.0000;DATA;1609199459.025732
/C2Data/h1/C2Data-12-Type3;461.0000;DATA;1609199459.698699
/C2Data/s0/C2Data-89-Type3;44916.0000;DATA;1609199461.791720
/C2Data/d3/C2Data-78-Type3;141462.0000;NACK;1609199465.767147
/C2Data/d2/C2Data-30-Type4;136670.0000;DATA;1609199496.284873
/C2Data/v3/C2Data-319-Type1;159184.0000;DATA;1609199507.030012
/C2Data/h1/C2Data-25-Type2;35957.0000;DATA;1609199512.870188
/C2Data/v0/C2Data-256-Type2;44861.0000;DATA;1609199516.419197
/C2Data/h3/C2Data-67-Type1;248172.0000;DATA;1609199519.232188
/C2Data/v3/C2Data-319-Type2;27310.0000;DATA;1609199521.562791
/C2Data/s3/C2Data-235-Type2;236804.0000;DATA;1609199521.598319
/C2Data/v1/C2Data-277-Type2;253636.0000;DATA;1609199522.562000
/C2Data/s0/C2Data-90-Type3;92702.0000;DATA;1609199553.057534
/C2Data/h3/C2Data-15-Type4;25490.0000;DATA;1609199561.241196
/C2Data/d0/C2Data-20-Type4;86404.0000;DATA;1609199561.275239
/C2Data/d2/C2Data-131-Type2;95058.0000;DATA;1609199563.393492
/C2Data/h3/C2Data-35-Type3;269189.0000;DATA;1609199564.302345
/C2Data/s2/C2Data-215-Type2;58944.0000;DATA;1609199569.628369
/C2Data/s3/C2Data-236-Type1;86760.0000;DATA;1609199575.647190
/C2Data/d1/C2Data-110-Type2;115441.0000;DATA;1609199576.119611
/C2Data/h1/C2Data-13-Type3;657.0000;DATA;1609199577.239237
/C2Data/d2/C2Data-68-Type3;61007.0000;DATA;1609199578.522385
/C2Data/v3/C2Data-167-Type3;25794.0000;DATA;1609199581.459300
/C2Data/d3/C2Data-152-Type2;103611.0000;NACK;1609199581.525923
/C2Data/h0/C2Data-5-Type1;27486.0000;DATA;1609199581.639926
/C2Data/d1/C2Data-111-Type1;254894.0000;DATA;1609199623.146796
/C2Data/d2/C2Data-132-Type1;127063.0000;DATA;1609199624.304888
/C2Data/d0/C2Data-90-Type2;115105.0000;DATA;1609199625.776009
/C2Data/h0/C2Data-6-Type1;59704.0000;DATA;1609199628.573581
/C2Data/v0/C2Data-258-Type1;25316.0000;DATA;1609199634.063128
/C2Data/h0/C2Data-6-Type2;33833.0000;DATA;1609199642.734805
/C2Data/s0/C2Data-174-Type1;270519.0000;DATA;1609199642.776604
/C2Data/d1/C2Data-112-Type1;129595.0000;DATA;1609199685.505844
/C2Data/h0/C2Data-7-Type1;57896.0000;DATA;1609199687.007260
/C2Data/s1/C2Data-196-Type2;268042.0000;DATA;1609199687.464269
/C2Data/v3/C2Data-322-Type1;154204.0000;DATA;1609199690.391138
/C2Data/s0/C2Data-175-Type1;224355.0000;DATA;1609199700.053354
/C2Data/v0/C2Data-135-Type3;23291.0000;DATA;1609199702.620641
/C2Data/h0/C2Data-8-Type2;34008.0000;DATA;1609199756.664263
/C2Data/h3/C2Data-71-Type1;134260.0000;DATA;1609199759.931017
/C2Data/h3/C2Data-9-Type5;286186.0000;DATA;1609199781.116034
/C2Data/h3/C2Data-72-Type2;92795.0000;DATA;1609199803.977793
/C2Data/h1/C2Data-3-Type5;64227.0000;DATA;1609199811.617678
/C2Data/s3/C2Data-240-Type1;105347.0000;DATA;1609199811.981923
