/ndn/s0-site/s0/C2Data-2420-Type2;110651.0000;DATA;1612718693.908488
/ndn/v5-site/v5/C2Data-4235-Type2;157285.0000;DATA;1612718694.578035
/ndn/v7-site/v7/C2Data-4477-Type2;92452.0000;DATA;1612718695.644651
/ndn/v9-site/v9/C2Data-4719-Type2;25037.0000;DATA;1612718696.473818
/ndn/d8-site/d8/C2Data-2178-Type2;26204.0000;DATA;1612718696.870097
/ndn/v3-site/v3/C2Data-3993-Type1;2047.0000;DATA;1612718697.397928
/ndn/h8-site/h8/C2Data-968-Type1;59007.0000;DATA;1612718698.248771
/ndn/h6-site/h6/C2Data-726-Type1;2803.0000;DATA;1612718698.778244
/ndn/d6-site/d6/C2Data-1936-Type1;70397.0000;DATA;1612718698.892119
/ndn/v1-site/v1/C2Data-3751-Type2;46428.0000;DATA;1612718700.999459
/ndn/v9-site/v9/C2Data-4719-Type1;122498.0000;DATA;1612718701.354473
/ndn/h5-site/h5/C2Data-605-Type2;25043.0000;DATA;1612718701.895528
/ndn/v2-site/v2/C2Data-3872-Type1;26167.0000;DATA;1612718703.664371
/ndn/d2-site/d2/C2Data-1452-Type1;130453.0000;DATA;1612718704.377748
/ndn/h0-site/h0/C2Data-0-Type3;237308.0000;DATA;1612718718.006975
/ndn/v1-site/v1/C2Data-1891-Type3;50947.0000;DATA;1612718722.720777
/ndn/h7-site/h7/C2Data-848-Type1;25009.0000;DATA;1612718723.451813
/ndn/s4-site/s4/C2Data-2905-Type2;193446.0000;DATA;1612718724.301273
/ndn/v9-site/v9/C2Data-4720-Type1;122550.0000;DATA;1612718726.649748
/ndn/d9-site/d9/C2Data-2300-Type2;149145.0000;DATA;1612718726.704099
/ndn/s9-site/s9/C2Data-3510-Type2;1568.0000;DATA;1612718728.142420
/ndn/d6-site/d6/C2Data-1937-Type1;2282.0000;DATA;1612718728.874899
/ndn/v2-site/v2/C2Data-3873-Type2;72632.0000;DATA;1612718729.584940
/ndn/d5-site/d5/C2Data-1816-Type1;148489.0000;DATA;1612718729.560872
/ndn/s5-site/s5/C2Data-3026-Type1;73563.0000;DATA;1612718729.995351
/ndn/s8-site/s8/C2Data-1708-Type3;26320.0000;DATA;1612718730.345738
/ndn/s7-site/s7/C2Data-3268-Type1;900.0000;DATA;1612718730.797754
/ndn/v9-site/v9/C2Data-2379-Type3;3038.0000;DATA;1612718732.496872
/ndn/v8-site/v8/C2Data-4599-Type1;27520.0000;DATA;1612718733.596786
/ndn/h1-site/h1/C2Data-123-Type1;57456.0000;DATA;1612718752.907159
/ndn/s2-site/s2/C2Data-2664-Type2;59433.0000;DATA;1612718753.149085
/ndn/v4-site/v4/C2Data-4116-Type2;150829.0000;DATA;1612718753.674898
/ndn/v6-site/v6/C2Data-4358-Type1;101176.0000;DATA;1612718754.363824
/ndn/s1-site/s1/C2Data-2543-Type1;143782.0000;DATA;1612718754.675291
/ndn/v5-site/v5/C2Data-4237-Type1;149715.0000;DATA;1612718755.697559
/ndn/s4-site/s4/C2Data-2906-Type1;1021.0000;DATA;1612718756.416030
/ndn/v5-site/v5/C2Data-4237-Type2;147187.0000;DATA;1612718757.120347
/ndn/s9-site/s9/C2Data-3511-Type1;126001.0000;DATA;1612718758.822188
/ndn/d0-site/d0/C2Data-1212-Type1;86622.0000;DATA;1612718759.283025
/ndn/h0-site/h0/C2Data-2-Type2;123603.0000;DATA;1612718759.580410
/ndn/d6-site/d6/C2Data-1938-Type2;1533.0000;DATA;1612718759.768043
/ndn/d7-site/d7/C2Data-2059-Type1;157578.0000;DATA;1612718760.670312
/ndn/h9-site/h9/C2Data-1091-Type2;180914.0000;DATA;1612718761.679466
/ndn/h2-site/h2/C2Data-244-Type1;27881.0000;DATA;1612718762.070947
/ndn/h1-site/h1/C2Data-62-Type3;52821.0000;DATA;1612718777.305163
/ndn/v0-site/v0/C2Data-1831-Type3;24429.0000;DATA;1612718777.994615
/ndn/h2-site/h2/C2Data-123-Type3;104631.0000;DATA;1612718779.691569
/ndn/v1-site/v1/C2Data-1892-Type3;48482.0000;DATA;1612718782.527093
/ndn/d2-site/d2/C2Data-1455-Type1;111210.0000;DATA;1612718782.761714
/ndn/h7-site/h7/C2Data-850-Type2;34298.0000;DATA;1612718782.849523
/ndn/s3-site/s3/C2Data-1404-Type3;7948.0000;DATA;1612718783.517492
/ndn/v1-site/v1/C2Data-3754-Type1;53389.0000;DATA;1612718784.088315
/ndn/d6-site/d6/C2Data-977-Type3;82300.0000;DATA;1612718785.359778
/ndn/d7-site/d7/C2Data-2060-Type1;228563.0000;DATA;1612718786.344790
/ndn/h0-site/h0/C2Data-3-Type2;136527.0000;DATA;1612718788.942934
/ndn/h0-site/h0/C2Data-1-Type3;27150.0000;DATA;1612718789.778919
/ndn/v4-site/v4/C2Data-600-Type4;152005.0000;DATA;1612718789.866310
/ndn/h9-site/h9/C2Data-1092-Type1;177467.0000;DATA;1612718789.843337
/ndn/s6-site/s6/C2Data-3149-Type1;97774.0000;DATA;1612718791.018402
/ndn/s1-site/s1/C2Data-1282-Type3;29649.0000;DATA;1612718792.770843
/ndn/h2-site/h2/C2Data-245-Type2;95133.0000;DATA;1612718793.441813
/ndn/v5-site/v5/C2Data-2136-Type3;967.0000;DATA;1612718795.867798
/ndn/h3-site/h3/C2Data-184-Type3;2637.0000;DATA;1612718799.234179
/ndn/v1-site/v1/C2Data-525-Type4;4624.0000;DATA;1612718799.744984
/ndn/d4-site/d4/C2Data-855-Type3;57369.0000;DATA;1612718799.734345
/ndn/v6-site/v6/C2Data-2197-Type3;28601.0000;DATA;1612718800.088534
/ndn/v0-site/v0/C2Data-500-Type4;5149.0000;DATA;1612718802.142267
/ndn/v6-site/v6/C2Data-650-Type4;115634.0000;DATA;1612718807.328101
/ndn/s9-site/s9/C2Data-3513-Type2;128831.0000;DATA;1612718814.787021
/ndn/h5-site/h5/C2Data-609-Type1;38574.0000;DATA;1612718815.238129
/ndn/d4-site/d4/C2Data-1698-Type2;1498.0000;DATA;1612718816.742326
/ndn/d1-site/d1/C2Data-1335-Type1;164895.0000;DATA;1612718818.219498
/ndn/v8-site/v8/C2Data-700-Type4;26148.0000;DATA;1612718820.287862
/ndn/s4-site/s4/C2Data-2908-Type2;2544.0000;DATA;1612718823.798118
/ndn/v2-site/v2/C2Data-550-Type4;59626.0000;DATA;1612718830.376753
/ndn/v1-site/v1/C2Data-1893-Type3;51222.0000;DATA;1612718840.239237
/ndn/h0-site/h0/C2Data-2-Type3;125345.0000;DATA;1612718840.494786
/ndn/s8-site/s8/C2Data-3393-Type2;2034.0000;DATA;1612718845.860791
/ndn/h7-site/h7/C2Data-852-Type2;25421.0000;DATA;1612718846.175531
/ndn/s9-site/s9/C2Data-1771-Type3;957.0000;DATA;1612718848.828432
/ndn/h9-site/h9/C2Data-551-Type3;79145.0000;DATA;1612718851.061516
/ndn/v4-site/v4/C2Data-2076-Type3;72529.0000;DATA;1612718851.455752
/ndn/h5-site/h5/C2Data-307-Type3;1345.0000;DATA;1612718852.038955
/ndn/v2-site/v2/C2Data-1954-Type3;1711.0000;DATA;1612718852.299239
/ndn/s5-site/s5/C2Data-3030-Type2;1894.0000;DATA;1612718852.505935
/ndn/v6-site/v6/C2Data-2198-Type3;27474.0000;DATA;1612718852.618148
/ndn/d0-site/d0/C2Data-1215-Type1;72921.0000;DATA;1612718852.726074
/ndn/h5-site/h5/C2Data-610-Type2;27541.0000;DATA;1612718854.407626
/ndn/h3-site/h3/C2Data-185-Type3;2467.0000;DATA;1612718858.500082
/ndn/d7-site/d7/C2Data-1039-Type3;4406.0000;DATA;1612718859.920850
/ndn/v1-site/v1/C2Data-3757-Type1;6612.0000;DATA;1612718876.027217
/ndn/h3-site/h3/C2Data-369-Type2;82766.0000;DATA;1612718875.944126
/ndn/s7-site/s7/C2Data-3273-Type1;77469.0000;DATA;1612718877.720024
/ndn/d9-site/d9/C2Data-2305-Type1;121049.0000;DATA;1612718878.914745
/ndn/v2-site/v2/C2Data-3878-Type1;90061.0000;DATA;1612718880.334551
/ndn/s1-site/s1/C2Data-2547-Type2;98962.0000;DATA;1612718880.636446
/ndn/d7-site/d7/C2Data-2063-Type2;149899.0000;DATA;1612718881.113460
/ndn/d0-site/d0/C2Data-1216-Type1;72817.0000;DATA;1612718881.918898
/ndn/h2-site/h2/C2Data-248-Type2;2197.0000;DATA;1612718882.407973
/ndn/v7-site/v7/C2Data-4483-Type2;1025.0000;DATA;1612718883.694279
/ndn/d6-site/d6/C2Data-979-Type3;71220.0000;DATA;1612718897.845365
/ndn/v5-site/v5/C2Data-2138-Type3;135189.0000;DATA;1612718899.930827
/ndn/d9-site/d9/C2Data-1162-Type3;25865.0000;DATA;1612718900.849079
/ndn/h8-site/h8/C2Data-491-Type3;60219.0000;DATA;1612718901.494925
/ndn/v9-site/v9/C2Data-2382-Type3;128487.0000;DATA;1612718903.065497
/ndn/s4-site/s4/C2Data-2911-Type1;75017.0000;DATA;1612718907.164414
/ndn/s4-site/s4/C2Data-1467-Type3;5586.0000;DATA;1612718907.328649
/ndn/s9-site/s9/C2Data-3516-Type1;123686.0000;DATA;1612718907.893395
/ndn/v0-site/v0/C2Data-1833-Type3;1221.0000;DATA;1612718908.190784
/ndn/v7-site/v7/C2Data-4484-Type2;25102.0000;DATA;1612718909.117942
/ndn/v5-site/v5/C2Data-4242-Type1;161721.0000;DATA;1612718909.963925
/ndn/s7-site/s7/C2Data-1650-Type3;24560.0000;DATA;1612718910.690360
/ndn/v9-site/v9/C2Data-377-Type5;124891.0000;DATA;1612718910.783580
/ndn/d0-site/d0/C2Data-1217-Type2;1126.0000;DATA;1612718911.435811
/ndn/s0-site/s0/C2Data-2427-Type2;2746.0000;DATA;1612718912.580971
/ndn/v0-site/v0/C2Data-3637-Type1;1293.0000;DATA;1612718914.092821
/ndn/h7-site/h7/C2Data-430-Type3;846.0000;DATA;1612718914.940084
/ndn/h6-site/h6/C2Data-78-Type5;2805.0000;DATA;1612718931.598033
/ndn/v1-site/v1/C2Data-3759-Type1;54898.0000;DATA;1612718933.148667
/ndn/h2-site/h2/C2Data-250-Type1;26977.0000;DATA;1612718935.330115
/ndn/v5-site/v5/C2Data-4243-Type1;175606.0000;DATA;1612718935.392918
/ndn/d9-site/d9/C2Data-2307-Type2;116829.0000;DATA;1612718938.568789
/ndn/h0-site/h0/C2Data-8-Type1;139497.0000;DATA;1612718939.442751
/ndn/s9-site/s9/C2Data-3517-Type2;128466.0000;DATA;1612718941.518375
/ndn/v8-site/v8/C2Data-4606-Type2;25632.0000;DATA;1612718941.780849
/ndn/v2-site/v2/C2Data-3880-Type1;192434.0000;DATA;1612718942.442972
/ndn/s2-site/s2/C2Data-2670-Type1;26382.0000;DATA;1612718942.958819
/ndn/h1-site/h1/C2Data-129-Type1;898.0000;DATA;1612718942.991978
/ndn/v2-site/v2/C2Data-3880-Type2;82945.0000;DATA;1612718943.307476
/ndn/d9-site/d9/C2Data-2307-Type1;152036.0000;DATA;1612718943.755024
/ndn/d2-site/d2/C2Data-156-Type5;106677.0000;DATA;1612718949.986277
/ndn/s1-site/s1/C2Data-1285-Type3;78054.0000;DATA;1612718958.752589
/ndn/s3-site/s3/C2Data-2792-Type1;133122.0000;DATA;1612718964.222434
/ndn/d6-site/d6/C2Data-401-Type4;75110.0000;DATA;1612718965.244383
/ndn/d0-site/d0/C2Data-1219-Type1;4481.0000;DATA;1612718965.659824
/ndn/v7-site/v7/C2Data-676-Type4;26202.0000;DATA;1612718966.967448
/ndn/d3-site/d3/C2Data-797-Type3;1039.0000;DATA;1612718967.054918
/ndn/d0-site/d0/C2Data-614-Type3;841.0000;DATA;1612718968.318258
/ndn/d9-site/d9/C2Data-2308-Type2;147946.0000;DATA;1612718968.185778
/ndn/s9-site/s9/C2Data-3518-Type1;118655.0000;DATA;1612718968.381908
/ndn/d4-site/d4/C2Data-1703-Type1;861.0000;DATA;1612718969.916871
/ndn/h2-site/h2/C2Data-251-Type2;113339.0000;DATA;1612718970.769723
/ndn/d4-site/d4/C2Data-1703-Type2;58175.0000;DATA;1612718972.070647
/ndn/v0-site/v0/C2Data-3639-Type2;24019.0000;DATA;1612718972.687746
/ndn/d7-site/d7/C2Data-1041-Type3;39175.0000;DATA;1612718973.308970
/ndn/s1-site/s1/C2Data-2550-Type1;73381.0000;DATA;1612718973.344094
/ndn/d1-site/d1/C2Data-1340-Type1;129410.0000;DATA;1612718973.459278
/ndn/d2-site/d2/C2Data-736-Type3;814.0000;DATA;1612718974.654860
/ndn/d5-site/d5/C2Data-919-Type3;2566.0000;DATA;1612718975.586353
/ndn/s7-site/s7/C2Data-1651-Type3;1006.0000;DATA;1612718975.762340
/ndn/d9-site/d9/C2Data-1163-Type3;24057.0000;DATA;1612718975.976153
/ndn/s8-site/s8/C2Data-1712-Type3;30304.0000;DATA;1612718976.897743
/ndn/v1-site/v1/C2Data-526-Type4;1282.0000;DATA;1612718977.502298
/ndn/s9-site/s9/C2Data-1773-Type3;1248.0000;DATA;1612718978.481949
/ndn/v5-site/v5/C2Data-626-Type4;127979.0000;DATA;1612718978.570100
/ndn/v4-site/v4/C2Data-312-Type5;2397.0000;DATA;1612718979.568621
/ndn/v9-site/v9/C2Data-726-Type4;1820.0000;DATA;1612718979.903412
/ndn/d1-site/d1/C2Data-276-Type4;6111.0000;DATA;1612718981.713242
/ndn/h7-site/h7/C2Data-176-Type4;1248.0000;DATA;1612718991.204772
/ndn/v1-site/v1/C2Data-273-Type5;1125.0000;DATA;1612718991.490747
/ndn/v4-site/v4/C2Data-601-Type4;895.0000;DATA;1612718992.142852
/ndn/v3-site/v3/C2Data-299-Type5;3056.0000;DATA;1612718992.849714
/ndn/v0-site/v0/C2Data-3640-Type1;30130.0000;DATA;1612718993.850633
/ndn/d8-site/d8/C2Data-2188-Type1;169145.0000;DATA;1612718993.805012
/ndn/v3-site/v3/C2Data-4003-Type1;122933.0000;DATA;1612718994.993661
/ndn/s1-site/s1/C2Data-2551-Type2;148147.0000;DATA;1612718996.181621
/ndn/d1-site/d1/C2Data-1341-Type2;26899.0000;DATA;1612719001.261680
/ndn/d6-site/d6/C2Data-1946-Type1;5204.0000;DATA;1612719001.361745
/ndn/d2-site/d2/C2Data-1462-Type2;1312.0000;DATA;1612719001.962771
/ndn/d8-site/d8/C2Data-2188-Type2;80026.0000;DATA;1612719002.445473
/ndn/h5-site/h5/C2Data-615-Type1;29027.0000;DATA;1612719002.589058
/ndn/h3-site/h3/C2Data-39-Type5;85557.0000;DATA;1612719007.156814
/ndn/v4-site/v4/C2Data-2079-Type3;150305.0000;DATA;1612719018.872049
/ndn/d1-site/d1/C2Data-676-Type3;26451.0000;DATA;1612719022.486796
/ndn/v8-site/v8/C2Data-4609-Type1;42320.0000;DATA;1612719023.645972
/ndn/v5-site/v5/C2Data-2140-Type3;147185.0000;DATA;1612719030.983916
/ndn/s2-site/s2/C2Data-2673-Type2;50289.0000;DATA;1612719031.967898
/ndn/d7-site/d7/C2Data-2068-Type2;9901.0000;DATA;1612719034.052453
/ndn/h0-site/h0/C2Data-5-Type3;3123.0000;DATA;1612719037.161819
/ndn/h3-site/h3/C2Data-188-Type3;27575.0000;DATA;1612719040.478900
/ndn/v0-site/v0/C2Data-1835-Type3;795.0000;DATA;1612719040.566573
/ndn/v6-site/v6/C2Data-4368-Type2;111117.0000;DATA;1612719055.018230
/ndn/d9-site/d9/C2Data-2311-Type2;148214.0000;DATA;1612719055.085624
/ndn/s5-site/s5/C2Data-3037-Type2;40283.0000;DATA;1612719059.578497
/ndn/d2-site/d2/C2Data-1464-Type1;101701.0000;DATA;1612719059.888930
/ndn/v3-site/v3/C2Data-4005-Type2;1015.0000;DATA;1612719060.003951
/ndn/d8-site/d8/C2Data-2190-Type1;168737.0000;DATA;1612719060.557081
/ndn/v0-site/v0/C2Data-3642-Type2;3193.0000;DATA;1612719060.972611
/ndn/v4-site/v4/C2Data-4126-Type2;94181.0000;DATA;1612719063.913465
/ndn/v7-site/v7/C2Data-4489-Type1;88745.0000;DATA;1612719063.957060
/ndn/d2-site/d2/C2Data-1465-Type1;114454.0000;DATA;1612719083.060034
/ndn/v0-site/v0/C2Data-3643-Type2;27775.0000;DATA;1612719084.109930
/ndn/h3-site/h3/C2Data-376-Type2;72321.0000;DATA;1612719084.339660
/ndn/v5-site/v5/C2Data-4248-Type2;1630.0000;DATA;1612719084.741832
/ndn/h2-site/h2/C2Data-128-Type3;921.0000;DATA;1612719085.506444
/ndn/h5-site/h5/C2Data-311-Type3;26555.0000;DATA;1612719085.828779
/ndn/v2-site/v2/C2Data-1958-Type3;1251.0000;DATA;1612719086.628024
/ndn/h0-site/h0/C2Data-13-Type2;985.0000;DATA;1612719088.608678
/ndn/s6-site/s6/C2Data-3159-Type2;6001847.0000;TIMEOUT;1612719083.109746
/ndn/s0-site/s0/C2Data-1226-Type3;28323.0000;DATA;1612719089.194513
/ndn/d7-site/d7/C2Data-2070-Type2;27521.0000;DATA;1612719092.092294
/ndn/v8-site/v8/C2Data-4611-Type1;1193.0000;DATA;1612719092.433810
/ndn/v7-site/v7/C2Data-2263-Type3;904.0000;DATA;1612719093.333857
/ndn/s8-site/s8/C2Data-3401-Type1;6001352.0000;TIMEOUT;1612719088.236280
/ndn/d2-site/d2/C2Data-1465-Type2;1135.0000;DATA;1612719094.403763
/ndn/s7-site/s7/C2Data-3280-Type1;6002123.0000;TIMEOUT;1612719089.890583
/ndn/s3-site/s3/C2Data-1409-Type3;6001171.0000;TIMEOUT;1612719090.944817
/ndn/d4-site/d4/C2Data-860-Type3;1222.0000;DATA;1612719097.118151
/ndn/v4-site/v4/C2Data-602-Type4;967.0000;DATA;1612719098.052502
/ndn/h1-site/h1/C2Data-67-Type3;1849.0000;DATA;1612719100.356943
/ndn/s6-site/s6/C2Data-1592-Type3;6003496.0000;TIMEOUT;1612719100.581240
/ndn/v3-site/v3/C2Data-4007-Type1;124496.0000;DATA;1612719114.083803
/ndn/v6-site/v6/C2Data-652-Type4;104180.0000;DATA;1612719114.313761
/ndn/v5-site/v5/C2Data-4249-Type2;153864.0000;DATA;1612719114.798858
/ndn/h6-site/h6/C2Data-740-Type1;56261.0000;DATA;1612719115.656424
/ndn/s6-site/s6/C2Data-3160-Type1;6000520.0000;TIMEOUT;1612719118.185994
/ndn/s5-site/s5/C2Data-3039-Type2;6002095.0000;TIMEOUT;1612719119.017555
/ndn/s0-site/s0/C2Data-2434-Type1;6003069.0000;TIMEOUT;1612719121.450277
/ndn/v0-site/v0/C2Data-502-Type4;2749.0000;DATA;1612719132.171918
/ndn/d5-site/d5/C2Data-377-Type4;1638.0000;DATA;1612719135.635802
/ndn/s9-site/s9/C2Data-1776-Type3;6003977.0000;TIMEOUT;1612719136.734368
/ndn/d1-site/d1/C2Data-678-Type3;72372.0000;DATA;1612719142.945761
/ndn/v3-site/v3/C2Data-4008-Type1;1093.0000;DATA;1612719144.473964
/ndn/h9-site/h9/C2Data-1104-Type2;216483.0000;DATA;1612719148.195534
/ndn/v8-site/v8/C2Data-2325-Type3;27652.0000;DATA;1612719148.478943
/ndn/v7-site/v7/C2Data-2264-Type3;1148.0000;DATA;1612719148.554801
/ndn/d8-site/d8/C2Data-1105-Type3;2974.0000;DATA;1612719148.700737
/ndn/h2-site/h2/C2Data-257-Type2;116919.0000;DATA;1612719149.527336
/ndn/d9-site/d9/C2Data-1166-Type3;36505.0000;DATA;1612719150.810236
/ndn/h8-site/h8/C2Data-983-Type2;939.0000;DATA;1612719151.181079
/ndn/s3-site/s3/C2Data-2798-Type2;6004215.0000;TIMEOUT;1612719145.326674
/ndn/d5-site/d5/C2Data-1830-Type2;5748.0000;DATA;1612719151.595197
/ndn/h6-site/h6/C2Data-741-Type1;1163.0000;DATA;1612719153.185786
/ndn/v9-site/v9/C2Data-4734-Type1;131778.0000;DATA;1612719153.888735
/ndn/d4-site/d4/C2Data-1709-Type2;52171.0000;DATA;1612719154.076936
/ndn/s5-site/s5/C2Data-3040-Type2;6000362.0000;TIMEOUT;1612719152.851766
/ndn/s5-site/s5/C2Data-1532-Type3;6003808.0000;TIMEOUT;1612719155.264810
/ndn/h5-site/h5/C2Data-621-Type2;24101.0000;DATA;1612719174.835124
/ndn/v3-site/v3/C2Data-4009-Type1;25801.0000;DATA;1612719175.081690
/ndn/h0-site/h0/C2Data-16-Type1;130244.0000;DATA;1612719175.906774
/ndn/d6-site/d6/C2Data-1952-Type2;1304.0000;DATA;1612719177.432579
/ndn/d9-site/d9/C2Data-2315-Type2;4050.0000;DATA;1612719178.033956
/ndn/s7-site/s7/C2Data-3283-Type1;6001236.0000;TIMEOUT;1612719175.183484
/ndn/s7-site/s7/C2Data-3283-Type2;6001147.0000;TIMEOUT;1612719175.865514
/ndn/s8-site/s8/C2Data-3404-Type2;6002191.0000;TIMEOUT;1612719177.087468
/ndn/h8-site/h8/C2Data-984-Type1;806.0000;DATA;1612719183.182141
/ndn/h9-site/h9/C2Data-1105-Type2;173456.0000;DATA;1612719183.046953
/ndn/s2-site/s2/C2Data-2678-Type1;6002113.0000;TIMEOUT;1612719182.000334
/ndn/d4-site/d4/C2Data-98-Type6;1005.0000;DATA;1612719188.737869
/ndn/h1-site/h1/C2Data-69-Type3;1322.0000;DATA;1612719203.124786
/ndn/v5-site/v5/C2Data-2143-Type3;873.0000;DATA;1612719205.719325
/ndn/s7-site/s7/C2Data-1655-Type3;6002069.0000;TIMEOUT;1612719200.670989
/ndn/v5-site/v5/C2Data-4252-Type1;161918.0000;DATA;1612719206.950835
/ndn/v2-site/v2/C2Data-3889-Type1;147713.0000;DATA;1612719210.340098
/ndn/v5-site/v5/C2Data-4252-Type2;73022.0000;DATA;1612719210.728810
/ndn/v8-site/v8/C2Data-4615-Type2;26778.0000;DATA;1612719212.586784
/ndn/v1-site/v1/C2Data-3768-Type2;3094.0000;DATA;1612719212.655678
/ndn/d1-site/d1/C2Data-77-Type6;2294.0000;DATA;1612719214.042317
/ndn/h1-site/h1/C2Data-138-Type1;29590.0000;DATA;1612719214.445404
/ndn/h0-site/h0/C2Data-1-Type5;3209.0000;DATA;1612719216.435676
/ndn/s6-site/s6/C2Data-3163-Type1;6000545.0000;TIMEOUT;1612719211.138102
/ndn/v2-site/v2/C2Data-154-Type6;96551.0000;DATA;1612719218.140855
/ndn/s4-site/s4/C2Data-1472-Type3;6001023.0000;TIMEOUT;1612719212.824245
/ndn/v3-site/v3/C2Data-2021-Type3;3596.0000;DATA;1612719219.201308
/ndn/s1-site/s1/C2Data-1289-Type3;6002891.0000;TIMEOUT;1612719214.570714
/ndn/s2-site/s2/C2Data-1350-Type3;6001030.0000;TIMEOUT;1612719214.924006
/ndn/d2-site/d2/C2Data-84-Type6;1857.0000;DATA;1612719225.227779
/ndn/h8-site/h8/C2Data-986-Type1;50239.0000;DATA;1612719233.676300
/ndn/s3-site/s3/C2Data-2801-Type1;6001102.0000;TIMEOUT;1612719233.155749
/ndn/s9-site/s9/C2Data-3527-Type2;6000529.0000;TIMEOUT;1612719233.834452
/ndn/d6-site/d6/C2Data-1954-Type2;1103.0000;DATA;1612719240.544791
/ndn/v5-site/v5/C2Data-4253-Type1;26160.0000;DATA;1612719242.808780
/ndn/s3-site/s3/C2Data-2801-Type2;6000704.0000;TIMEOUT;1612719237.300128
/ndn/h8-site/h8/C2Data-105-Type5;8321.0000;DATA;1612719244.478579
/ndn/h8-site/h8/C2Data-203-Type4;4046.0000;DATA;1612719253.213442
/ndn/v2-site/v2/C2Data-287-Type5;167599.0000;DATA;1612719253.197212
/ndn/v9-site/v9/C2Data-378-Type5;183194.0000;DATA;1612719259.171399
/ndn/v8-site/v8/C2Data-703-Type4;2725.0000;DATA;1612719260.336622
/ndn/h9-site/h9/C2Data-228-Type4;4498.0000;DATA;1612719262.460951
/ndn/d3-site/d3/C2Data-802-Type3;74827.0000;DATA;1612719265.769195
/ndn/d4-site/d4/C2Data-863-Type3;923.0000;DATA;1612719266.028991
/ndn/h0-site/h0/C2Data-9-Type3;803.0000;DATA;1612719266.991673
/ndn/h2-site/h2/C2Data-53-Type4;97475.0000;DATA;1612719268.247379
