/ndn/v3-site/v3/C2Data-5808-Type2;100113.0000;DATA;1611602585.348450
/ndn/v1-site/v1/C2Data-5566-Type1;534.0000;NACK;1611602586.428529
/ndn/s5-site/s5/C2Data-4235-Type2;165243.0000;DATA;1611602589.123428
/ndn/v14-site/v14/C2Data-7139-Type2;94181.0000;DATA;1611602589.973514
/ndn/v10-site/v10/C2Data-6655-Type1;611.0000;NACK;1611602590.780502
/ndn/v8-site/v8/C2Data-6413-Type1;191526.0000;DATA;1611602591.840526
/ndn/s13-site/s13/C2Data-5203-Type2;246246.0000;DATA;1611602591.957516
/ndn/d11-site/d11/C2Data-3146-Type2;193580.0000;DATA;1611602592.527567
/ndn/s1-site/s1/C2Data-3751-Type2;63578.0000;DATA;1611602592.897431
/ndn/s4-site/s4/C2Data-4114-Type2;48700.0000;DATA;1611602595.245477
/ndn/d8-site/d8/C2Data-2783-Type2;151690.0000;DATA;1611602595.837520
/ndn/h11-site/h11/C2Data-671-Type3;73951.0000;DATA;1611602613.270504
/ndn/h6-site/h6/C2Data-727-Type1;163493.0000;DATA;1611602615.351502
/ndn/d9-site/d9/C2Data-1464-Type3;174307.0000;DATA;1611602616.199512
/ndn/s5-site/s5/C2Data-4236-Type2;166446.0000;DATA;1611602616.679510
/ndn/d11-site/d11/C2Data-3147-Type2;188815.0000;DATA;1611602616.902532
/ndn/d3-site/d3/C2Data-2179-Type2;210774.0000;DATA;1611602617.098510
/ndn/h10-site/h10/C2Data-1211-Type1;230796.0000;DATA;1611602618.113425
/ndn/d3-site/d3/C2Data-2179-Type1;212198.0000;DATA;1611602618.599458
/ndn/d5-site/d5/C2Data-2421-Type2;147518.0000;DATA;1611602619.455573
/ndn/v4-site/v4/C2Data-5930-Type2;265714.0000;DATA;1611602619.374570
/ndn/v13-site/v13/C2Data-7019-Type2;47548.0000;DATA;1611602623.196439
/ndn/v9-site/v9/C2Data-6535-Type2;189286.0000;DATA;1611602623.203265
/ndn/v7-site/v7/C2Data-6293-Type1;211135.0000;DATA;1611602623.461112
/ndn/s10-site/s10/C2Data-2440-Type3;24740.0000;DATA;1611602624.935779
/ndn/v10-site/v10/C2Data-3355-Type3;184733.0000;DATA;1611602625.656504
/ndn/d7-site/d7/C2Data-1342-Type3;189514.0000;DATA;1611602625.662429
/ndn/d2-site/d2/C2Data-2058-Type2;122046.0000;DATA;1611602625.984474
/ndn/h0-site/h0/C2Data-1-Type1;197955.0000;DATA;1611602626.284499
/ndn/d5-site/d5/C2Data-2421-Type1;159301.0000;DATA;1611602626.802438
/ndn/v8-site/v8/C2Data-3233-Type3;214347.0000;DATA;1611602627.207221
/ndn/v2-site/v2/C2Data-2867-Type3;211518.0000;DATA;1611602627.686528
/ndn/d1-site/d1/C2Data-976-Type3;24176.0000;DATA;1611602627.880456
/ndn/s6-site/s6/C2Data-2196-Type3;252048.0000;DATA;1611602628.237509
/ndn/v13-site/v13/C2Data-3538-Type3;49190.0000;DATA;1611602629.791431
/ndn/h6-site/h6/C2Data-366-Type3;172507.0000;DATA;1611602630.619524
/ndn/s2-site/s2/C2Data-3874-Type2;47036.0000;DATA;1611602647.647523
/ndn/v2-site/v2/C2Data-5689-Type1;216455.0000;DATA;1611602649.182731
/ndn/v1-site/v1/C2Data-5568-Type2;229910.0000;DATA;1611602649.389710
/ndn/d8-site/d8/C2Data-2785-Type1;149173.0000;DATA;1611602651.059459
/ndn/s3-site/s3/C2Data-3995-Type2;226369.0000;DATA;1611602651.271170
/ndn/h12-site/h12/C2Data-1454-Type2;48689.0000;DATA;1611602651.630453
/ndn/v8-site/v8/C2Data-6415-Type1;190335.0000;DATA;1611602654.779420
/ndn/h11-site/h11/C2Data-1333-Type2;73659.0000;DATA;1611602656.941462
/ndn/s1-site/s1/C2Data-3753-Type2;6007343.0000;TIMEOUT;1611602655.262442
/ndn/h2-site/h2/C2Data-123-Type3;48710.0000;DATA;1611602674.675509
/ndn/d6-site/d6/C2Data-1282-Type3;213707.0000;DATA;1611602675.043478
/ndn/s9-site/s9/C2Data-4722-Type2;94041.0000;DATA;1611602676.778496
/ndn/h5-site/h5/C2Data-306-Type3;125624.0000;DATA;1611602676.860440
/ndn/d0-site/d0/C2Data-916-Type3;140816.0000;DATA;1611602677.677524
/ndn/h11-site/h11/C2Data-1334-Type1;75202.0000;DATA;1611602678.533438
/ndn/h4-site/h4/C2Data-245-Type3;174233.0000;DATA;1611602679.565667
/ndn/d2-site/d2/C2Data-1038-Type3;121072.0000;DATA;1611602680.862448
/ndn/h11-site/h11/C2Data-1334-Type2;70918.0000;DATA;1611602681.070527
/ndn/d11-site/d11/C2Data-3149-Type2;187198.0000;DATA;1611602681.010548
/ndn/s12-site/s12/C2Data-5085-Type1;210827.0000;DATA;1611602681.651436
/ndn/d10-site/d10/C2Data-1526-Type3;162031.0000;DATA;1611602682.587518
/ndn/h4-site/h4/C2Data-100-Type4;167692.0000;DATA;1611602682.945480
/ndn/v8-site/v8/C2Data-3234-Type3;186719.0000;DATA;1611602682.939435
/ndn/h11-site/h11/C2Data-672-Type3;72487.0000;DATA;1611602687.110267
/ndn/h10-site/h10/C2Data-250-Type4;275869.0000;DATA;1611602687.295545
/ndn/s1-site/s1/C2Data-3754-Type1;6000659.0000;TIMEOUT;1611602682.582469
/ndn/v13-site/v13/C2Data-3539-Type3;46366.0000;DATA;1611602688.899441
/ndn/v2-site/v2/C2Data-2868-Type3;214907.0000;DATA;1611602689.287478
/ndn/v5-site/v5/C2Data-875-Type4;273599.0000;DATA;1611602689.347481
/ndn/s5-site/s5/C2Data-4238-Type1;6000206.0000;TIMEOUT;1611602684.438447
/ndn/s0-site/s0/C2Data-1831-Type3;6000247.0000;TIMEOUT;1611602685.465533
/ndn/v13-site/v13/C2Data-1075-Type4;47119.0000;DATA;1611602691.732610
/ndn/v4-site/v4/C2Data-2990-Type3;260802.0000;DATA;1611602691.873721
/ndn/s1-site/s1/C2Data-1892-Type3;6000254.0000;TIMEOUT;1611602686.572437
/ndn/s12-site/s12/C2Data-2563-Type3;6000225.0000;TIMEOUT;1611602689.480463
/ndn/v10-site/v10/C2Data-1000-Type4;246519.0000;DATA;1611602700.000167
/ndn/h8-site/h8/C2Data-200-Type4;264101.0000;DATA;1611602702.924540
/ndn/v2-site/v2/C2Data-5691-Type1;228709.0000;DATA;1611602705.152549
/ndn/v12-site/v12/C2Data-6901-Type1;266665.0000;DATA;1611602705.542469
/ndn/d10-site/d10/C2Data-3029-Type1;176659.0000;DATA;1611602706.288694
/ndn/d3-site/d3/C2Data-2182-Type2;215785.0000;DATA;1611602707.378621
/ndn/d10-site/d10/C2Data-625-Type4;167331.0000;DATA;1611602707.582447
/ndn/v14-site/v14/C2Data-7143-Type1;99148.0000;DATA;1611602708.046454
/ndn/d6-site/d6/C2Data-525-Type4;219599.0000;DATA;1611602708.082483
/ndn/h13-site/h13/C2Data-325-Type4;70863.0000;DATA;1611602710.677455
/ndn/v3-site/v3/C2Data-5812-Type1;103257.0000;DATA;1611602711.321656
/ndn/d1-site/d1/C2Data-1940-Type2;27455.0000;DATA;1611602714.058439
/ndn/h9-site/h9/C2Data-1093-Type1;149171.0000;DATA;1611602714.445626
/ndn/s9-site/s9/C2Data-4723-Type2;6000317.0000;TIMEOUT;1611602708.668546
/ndn/d9-site/d9/C2Data-600-Type4;164178.0000;DATA;1611602714.569488
/ndn/v7-site/v7/C2Data-925-Type4;217923.0000;DATA;1611602714.867469
/ndn/s1-site/s1/C2Data-3755-Type2;6000272.0000;TIMEOUT;1611602709.344520
/ndn/s10-site/s10/C2Data-4844-Type1;6004120.0000;TIMEOUT;1611602709.962489
/ndn/d3-site/d3/C2Data-2182-Type1;217922.0000;DATA;1611602716.136432
/ndn/d8-site/d8/C2Data-575-Type4;147654.0000;DATA;1611602716.253491
/ndn/s6-site/s6/C2Data-4360-Type1;6001943.0000;TIMEOUT;1611602712.428457
/ndn/d6-site/d6/C2Data-1283-Type3;229448.0000;DATA;1611602732.075598
/ndn/v14-site/v14/C2Data-3601-Type3;101759.0000;DATA;1611602733.109487
/ndn/d11-site/d11/C2Data-1588-Type3;196386.0000;DATA;1611602734.011470
/ndn/h12-site/h12/C2Data-734-Type3;47891.0000;DATA;1611602734.971419
/ndn/v1-site/v1/C2Data-5571-Type2;241582.0000;DATA;1611602736.322637
/ndn/d0-site/d0/C2Data-375-Type4;142110.0000;DATA;1611602736.844464
/ndn/v4-site/v4/C2Data-5934-Type1;261889.0000;DATA;1611602737.344543
/ndn/d13-site/d13/C2Data-1710-Type3;70725.0000;DATA;1611602737.780518
/ndn/v3-site/v3/C2Data-2930-Type3;93547.0000;DATA;1611602738.175518
/ndn/v6-site/v6/C2Data-3113-Type3;74394.0000;DATA;1611602738.311528
/ndn/h4-site/h4/C2Data-489-Type1;161135.0000;DATA;1611602738.693604
/ndn/s12-site/s12/C2Data-2564-Type3;6000370.0000;TIMEOUT;1611602733.763429
/ndn/s11-site/s11/C2Data-2503-Type3;6000274.0000;TIMEOUT;1611602735.097532
/ndn/v6-site/v6/C2Data-6176-Type2;74701.0000;DATA;1611602746.711533
/ndn/s3-site/s3/C2Data-3998-Type1;6000765.0000;TIMEOUT;1611602745.556535
/ndn/s3-site/s3/C2Data-3998-Type2;6000242.0000;TIMEOUT;1611602746.567423
/ndn/s13-site/s13/C2Data-2625-Type3;6000259.0000;TIMEOUT;1611602751.384449
/ndn/s8-site/s8/C2Data-2320-Type3;6011022.0000;TIMEOUT;1611602752.561495
/ndn/v13-site/v13/C2Data-7024-Type2;48256.0000;DATA;1611602765.813656
/ndn/h12-site/h12/C2Data-1458-Type2;48028.0000;DATA;1611602771.226568
/ndn/v2-site/v2/C2Data-5693-Type2;216584.0000;DATA;1611602771.664538
/ndn/s13-site/s13/C2Data-5209-Type2;6000289.0000;TIMEOUT;1611602766.429453
/ndn/h10-site/h10/C2Data-1216-Type1;247764.0000;DATA;1611602772.608508
/ndn/s6-site/s6/C2Data-4362-Type2;6000545.0000;TIMEOUT;1611602767.589470
/ndn/s3-site/s3/C2Data-3999-Type1;6000196.0000;TIMEOUT;1611602768.220602
/ndn/h2-site/h2/C2Data-248-Type1;53988.0000;DATA;1611602774.928518
/ndn/s12-site/s12/C2Data-5088-Type2;6000403.0000;TIMEOUT;1611602769.171506
/ndn/h6-site/h6/C2Data-732-Type1;169865.0000;DATA;1611602776.660422
/ndn/h10-site/h10/C2Data-1216-Type2;246299.0000;DATA;1611602776.891586
/ndn/h13-site/h13/C2Data-796-Type3;69252.0000;DATA;1611602789.664524
/ndn/v0-site/v0/C2Data-2748-Type3;150226.0000;DATA;1611602792.789482
/ndn/v10-site/v10/C2Data-3358-Type3;208963.0000;DATA;1611602793.485549
/ndn/d8-site/d8/C2Data-1406-Type3;158501.0000;DATA;1611602793.573475
/ndn/h13-site/h13/C2Data-1580-Type2;73609.0000;DATA;1611602795.004576
/ndn/v11-site/v11/C2Data-6783-Type1;69108.0000;DATA;1611602795.118485
/ndn/v7-site/v7/C2Data-6299-Type2;215746.0000;DATA;1611602795.201548
/ndn/h8-site/h8/C2Data-975-Type1;178685.0000;DATA;1611602795.787520
/ndn/s6-site/s6/C2Data-2199-Type3;6000280.0000;TIMEOUT;1611602791.079530
/ndn/v1-site/v1/C2Data-5573-Type2;241025.0000;DATA;1611602796.991429
/ndn/h5-site/h5/C2Data-612-Type2;123228.0000;DATA;1611602797.346529
/ndn/h8-site/h8/C2Data-975-Type2;164246.0000;DATA;1611602798.085592
/ndn/d7-site/d7/C2Data-1345-Type3;195170.0000;DATA;1611602800.099525
/ndn/h5-site/h5/C2Data-308-Type3;115008.0000;DATA;1611602800.638494
