/ndn/s8-site/s8/C2Data-4598-Type1;168878.0000;DATA;1611607420.568382
/ndn/h9-site/h9/C2Data-1089-Type1;47547.0000;DATA;1611607421.712350
/ndn/s12-site/s12/C2Data-5082-Type2;627.0000;NACK;1611607423.407361
/ndn/v8-site/v8/C2Data-6413-Type1;947.0000;NACK;1611607423.879522
/ndn/h4-site/h4/C2Data-484-Type2;584.0000;DATA;1611607424.392377
/ndn/v3-site/v3/C2Data-5808-Type1;49297.0000;DATA;1611607425.793414
/ndn/d8-site/d8/C2Data-2783-Type1;517.0000;DATA;1611607425.891362
/ndn/v14-site/v14/C2Data-7139-Type1;732.0000;DATA;1611607426.570369
/ndn/d9-site/d9/C2Data-2904-Type1;25874.0000;DATA;1611607430.123461
/ndn/h10-site/h10/C2Data-1210-Type1;49233.0000;DATA;1611607430.239374
/ndn/v0-site/v0/C2Data-5445-Type2;73067.0000;DATA;1611607430.443347
/ndn/s6-site/s6/C2Data-4356-Type1;24691.0000;DATA;1611607430.934297
/ndn/s10-site/s10/C2Data-4840-Type2;588.0000;NACK;1611607431.850407
/ndn/s10-site/s10/C2Data-2440-Type3;560.0000;NACK;1611607444.138446
/ndn/s7-site/s7/C2Data-2257-Type3;211122.0000;DATA;1611607445.802315
/ndn/h4-site/h4/C2Data-244-Type3;21034.0000;DATA;1611607446.322365
/ndn/v4-site/v4/C2Data-2989-Type3;505.0000;DATA;1611607447.290265
/ndn/h9-site/h9/C2Data-549-Type3;694.0000;DATA;1611607450.048915
/ndn/v8-site/v8/C2Data-6414-Type1;486.0000;NACK;1611607450.785763
/ndn/h12-site/h12/C2Data-732-Type3;235518.0000;DATA;1611607451.171356
/ndn/d9-site/d9/C2Data-2905-Type2;23866.0000;DATA;1611607452.418261
/ndn/s2-site/s2/C2Data-3873-Type2;71626.0000;DATA;1611607452.768265
/ndn/v7-site/v7/C2Data-3172-Type3;545.0000;DATA;1611607452.874330
/ndn/d9-site/d9/C2Data-1464-Type3;773.0000;DATA;1611607453.349294
/ndn/s5-site/s5/C2Data-4236-Type1;24861.0000;DATA;1611607453.697325
/ndn/v1-site/v1/C2Data-5567-Type2;47596.0000;DATA;1611607455.189330
/ndn/s1-site/s1/C2Data-1891-Type3;612.0000;DATA;1611607455.980322
/ndn/v13-site/v13/C2Data-7019-Type1;139161.0000;DATA;1611607456.476268
/ndn/d10-site/d10/C2Data-1525-Type3;721.0000;DATA;1611607457.063340
/ndn/d12-site/d12/C2Data-1647-Type3;519.0000;DATA;1611607457.131259
/ndn/h1-site/h1/C2Data-61-Type3;718.0000;DATA;1611607457.363328
/ndn/d0-site/d0/C2Data-1816-Type1;46982.0000;DATA;1611607457.719314
/ndn/h13-site/h13/C2Data-793-Type3;678.0000;DATA;1611607458.494293
/ndn/v11-site/v11/C2Data-6777-Type1;135647.0000;DATA;1611607458.905261
/ndn/h12-site/h12/C2Data-1453-Type2;23676.0000;DATA;1611607460.440265
/ndn/v9-site/v9/C2Data-6535-Type2;609.0000;NACK;1611607460.828293
/ndn/v6-site/v6/C2Data-6172-Type2;732.0000;DATA;1611607460.969384
/ndn/s2-site/s2/C2Data-3873-Type1;71026.0000;DATA;1611607461.931299
/ndn/s0-site/s0/C2Data-3631-Type1;76852.0000;DATA;1611607462.093331
/ndn/v9-site/v9/C2Data-3294-Type3;514.0000;NACK;1611607463.217314
/ndn/h6-site/h6/C2Data-366-Type3;576.0000;DATA;1611607464.071304
/ndn/h10-site/h10/C2Data-610-Type3;676.0000;DATA;1611607464.097313
/ndn/h11-site/h11/C2Data-671-Type3;540.0000;DATA;1611607464.175267
/ndn/h7-site/h7/C2Data-427-Type3;582.0000;DATA;1611607467.165629
/ndn/d8-site/d8/C2Data-2785-Type2;661.0000;DATA;1611607482.454311
/ndn/h14-site/h14/C2Data-1696-Type2;69858.0000;DATA;1611607482.639342
/ndn/v7-site/v7/C2Data-6294-Type1;572.0000;DATA;1611607484.121938
/ndn/v14-site/v14/C2Data-7141-Type2;97776.0000;DATA;1611607484.606321
/ndn/s1-site/s1/C2Data-3753-Type1;735.0000;DATA;1611607486.094426
/ndn/v1-site/v1/C2Data-5568-Type2;632.0000;DATA;1611607487.228262
/ndn/v0-site/v0/C2Data-5447-Type1;72363.0000;DATA;1611607488.774295
/ndn/v4-site/v4/C2Data-5931-Type2;758.0000;DATA;1611607489.275290
/ndn/h12-site/h12/C2Data-1454-Type1;24791.0000;DATA;1611607489.410330
/ndn/d10-site/d10/C2Data-3027-Type2;717.0000;DATA;1611607489.649045
/ndn/d11-site/d11/C2Data-1587-Type3;757.0000;DATA;1611607505.860315
/ndn/s11-site/s11/C2Data-2502-Type3;677.0000;DATA;1611607507.263371
/ndn/h7-site/h7/C2Data-428-Type3;177633.0000;DATA;1611607507.886294
/ndn/d5-site/d5/C2Data-1221-Type3;79257.0000;DATA;1611607509.005355
/ndn/h3-site/h3/C2Data-184-Type3;513.0000;DATA;1611607509.974398
/ndn/v14-site/v14/C2Data-7142-Type1;94487.0000;DATA;1611607511.366321
/ndn/v10-site/v10/C2Data-3356-Type3;23754.0000;DATA;1611607512.235254
/ndn/v1-site/v1/C2Data-2807-Type3;50362.0000;DATA;1611607512.371946
/ndn/s0-site/s0/C2Data-3633-Type1;588.0000;DATA;1611607513.024264
/ndn/h4-site/h4/C2Data-487-Type2;117554.0000;DATA;1611607513.056249
/ndn/v4-site/v4/C2Data-5932-Type2;560.0000;DATA;1611607513.259261
/ndn/h9-site/h9/C2Data-1092-Type1;24058.0000;DATA;1611607513.695333
/ndn/v14-site/v14/C2Data-7142-Type2;99710.0000;DATA;1611607513.824296
/ndn/h0-site/h0/C2Data-3-Type1;587.0000;DATA;1611607514.637384
/ndn/h9-site/h9/C2Data-550-Type3;480.0000;DATA;1611607515.414342
/ndn/d14-site/d14/C2Data-1770-Type3;592.0000;DATA;1611607516.860341
/ndn/v5-site/v5/C2Data-6053-Type2;50452.0000;DATA;1611607517.008291
/ndn/s2-site/s2/C2Data-1953-Type3;23787.0000;DATA;1611607517.069326
/ndn/v9-site/v9/C2Data-6537-Type1;140153.0000;DATA;1611607517.250329
/ndn/v12-site/v12/C2Data-3478-Type3;615.0000;DATA;1611607518.152303
/ndn/d4-site/d4/C2Data-2302-Type2;69425.0000;DATA;1611607518.816319
/ndn/d0-site/d0/C2Data-1818-Type1;508.0000;DATA;1611607519.147341
/ndn/s9-site/s9/C2Data-4722-Type2;95755.0000;DATA;1611607519.815299
/ndn/h7-site/h7/C2Data-850-Type2;583.0000;DATA;1611607519.994362
/ndn/s1-site/s1/C2Data-3754-Type1;72852.0000;DATA;1611607520.204352
/ndn/s8-site/s8/C2Data-4601-Type1;155101.0000;DATA;1611607521.095277
/ndn/h6-site/h6/C2Data-729-Type2;605.0000;DATA;1611607521.631400
/ndn/s4-site/s4/C2Data-2075-Type3;157018.0000;DATA;1611607524.052320
/ndn/h5-site/h5/C2Data-306-Type3;664.0000;DATA;1611607524.877304
/ndn/d10-site/d10/C2Data-1526-Type3;784.0000;DATA;1611607526.788353
/ndn/h11-site/h11/C2Data-672-Type3;638.0000;DATA;1611607527.227352
/ndn/h11-site/h11/C2Data-275-Type4;600.0000;DATA;1611607529.569296
/ndn/d6-site/d6/C2Data-525-Type4;46586.0000;DATA;1611607535.638586
/ndn/h6-site/h6/C2Data-730-Type1;71284.0000;DATA;1611607543.294386
/ndn/v2-site/v2/C2Data-5691-Type1;605.0000;DATA;1611607543.719273
/ndn/v10-site/v10/C2Data-6659-Type2;25968.0000;DATA;1611607543.768269
/ndn/h7-site/h7/C2Data-851-Type2;547.0000;DATA;1611607543.974276
/ndn/d10-site/d10/C2Data-3029-Type2;70367.0000;DATA;1611607544.164328
/ndn/v14-site/v14/C2Data-7143-Type2;627.0000;DATA;1611607544.455327
/ndn/v5-site/v5/C2Data-875-Type4;457.0000;DATA;1611607544.515294
/ndn/v8-site/v8/C2Data-6417-Type1;663.0000;DATA;1611607547.811275
/ndn/d0-site/d0/C2Data-1819-Type2;541.0000;DATA;1611607548.642301
/ndn/h2-site/h2/C2Data-246-Type2;665.0000;DATA;1611607550.773283
/ndn/h12-site/h12/C2Data-300-Type4;253913.0000;DATA;1611607553.585378
/ndn/v7-site/v7/C2Data-925-Type4;645.0000;DATA;1611607556.061728
/ndn/d8-site/d8/C2Data-575-Type4;636.0000;DATA;1611607558.872324
/ndn/v2-site/v2/C2Data-2869-Type3;23780.0000;DATA;1611607565.899360
/ndn/h9-site/h9/C2Data-225-Type4;619.0000;DATA;1611607567.110339
/ndn/s14-site/s14/C2Data-5329-Type1;149900.0000;DATA;1611607570.285317
/ndn/v3-site/v3/C2Data-2930-Type3;502.0000;DATA;1611607570.640402
/ndn/v13-site/v13/C2Data-7023-Type1;147071.0000;DATA;1611607571.022339
/ndn/h11-site/h11/C2Data-1336-Type2;156718.0000;DATA;1611607571.398309
/ndn/d5-site/d5/C2Data-500-Type4;749.0000;DATA;1611607572.457252
/ndn/h9-site/h9/C2Data-551-Type3;592.0000;DATA;1611607573.110350
/ndn/h13-site/h13/C2Data-1578-Type1;47496.0000;DATA;1611607574.071482
/ndn/d6-site/d6/C2Data-1283-Type3;698.0000;DATA;1611607574.534333
/ndn/s5-site/s5/C2Data-4240-Type2;25059.0000;DATA;1611607574.938317
/ndn/v3-site/v3/C2Data-5813-Type1;499.0000;DATA;1611607575.143298
/ndn/d2-site/d2/C2Data-2062-Type1;574.0000;DATA;1611607575.524295
/ndn/s8-site/s8/C2Data-4603-Type1;77446.0000;DATA;1611607576.344401
/ndn/v12-site/v12/C2Data-6902-Type1;120638.0000;DATA;1611607576.691263
/ndn/d10-site/d10/C2Data-1527-Type3;628.0000;DATA;1611607577.475310
/ndn/h10-site/h10/C2Data-612-Type3;546.0000;DATA;1611607577.710320
/ndn/h8-site/h8/C2Data-490-Type3;539.0000;DATA;1611607578.727244
/ndn/s11-site/s11/C2Data-2503-Type3;456.0000;DATA;1611607578.838254
/ndn/v6-site/v6/C2Data-3113-Type3;509.0000;DATA;1611607579.531407
/ndn/v5-site/v5/C2Data-6055-Type2;733.0000;DATA;1611607580.150305
/ndn/v0-site/v0/C2Data-2747-Type3;578.0000;DATA;1611607580.914330
/ndn/v14-site/v14/C2Data-3601-Type3;50616.0000;DATA;1611607580.931313
/ndn/v5-site/v5/C2Data-3052-Type3;643.0000;DATA;1611607582.762544
/ndn/v13-site/v13/C2Data-3540-Type3;48233.0000;DATA;1611607583.731266
/ndn/d4-site/d4/C2Data-1161-Type3;549.0000;DATA;1611607585.968354
/ndn/h6-site/h6/C2Data-368-Type3;636.0000;DATA;1611607586.110327
/ndn/s8-site/s8/C2Data-4604-Type2;169511.0000;DATA;1611607600.802340
/ndn/s0-site/s0/C2Data-3636-Type2;516.0000;DATA;1611607601.585330
/ndn/v2-site/v2/C2Data-5693-Type2;25839.0000;DATA;1611607601.963267
/ndn/v3-site/v3/C2Data-5814-Type1;125683.0000;DATA;1611607602.679338
/ndn/h9-site/h9/C2Data-1095-Type1;46574.0000;DATA;1611607602.777337
/ndn/s2-site/s2/C2Data-3878-Type1;587.0000;DATA;1611607606.369437
/ndn/h10-site/h10/C2Data-1216-Type1;50414.0000;DATA;1611607606.606254
/ndn/s0-site/s0/C2Data-3636-Type1;616.0000;DATA;1611607606.860263
/ndn/d9-site/d9/C2Data-2910-Type1;23658.0000;DATA;1611607607.157324
/ndn/d11-site/d11/C2Data-3152-Type1;522.0000;DATA;1611607608.170397
/ndn/h9-site/h9/C2Data-1095-Type2;579.0000;DATA;1611607609.632375
/ndn/s11-site/s11/C2Data-4967-Type1;590.0000;DATA;1611607611.684345
/ndn/s7-site/s7/C2Data-2260-Type3;75467.0000;DATA;1611607627.467270
/ndn/v0-site/v0/C2Data-2748-Type3;699.0000;DATA;1611607628.459968
/ndn/v14-site/v14/C2Data-3602-Type3;47483.0000;DATA;1611607628.657402
/ndn/v3-site/v3/C2Data-2931-Type3;76253.0000;DATA;1611607628.702257
/ndn/v8-site/v8/C2Data-3236-Type3;674.0000;DATA;1611607629.705330
/ndn/v14-site/v14/C2Data-7146-Type1;100824.0000;DATA;1611607631.268340
/ndn/s1-site/s1/C2Data-1894-Type3;837.0000;DATA;1611607631.552128
/ndn/d12-site/d12/C2Data-3274-Type1;608.0000;DATA;1611607632.634349
/ndn/s3-site/s3/C2Data-4000-Type2;675.0000;DATA;1611607632.917653
/ndn/v4-site/v4/C2Data-5936-Type2;854.0000;DATA;1611607633.337065
/ndn/h9-site/h9/C2Data-552-Type3;48549.0000;DATA;1611607633.336339
/ndn/d5-site/d5/C2Data-1223-Type3;560.0000;DATA;1611607633.959276
/ndn/h6-site/h6/C2Data-733-Type1;124056.0000;DATA;1611607633.975351
/ndn/h9-site/h9/C2Data-1096-Type1;48351.0000;DATA;1611607634.783267
/ndn/d1-site/d1/C2Data-979-Type3;23475.0000;DATA;1611607634.971321
/ndn/v10-site/v10/C2Data-6662-Type1;25777.0000;DATA;1611607636.042348
