/ndn/h1-site/h1/C2Data-121-Type2;25701.0000;DATA;1611610901.397300
/ndn/s13-site/s13/C2Data-5203-Type2;412.0000;NACK;1611610903.376581
/ndn/s4-site/s4/C2Data-4114-Type1;654.0000;NACK;1611610904.295306
/ndn/h3-site/h3/C2Data-363-Type2;147910.0000;DATA;1611610905.532365
/ndn/v10-site/v10/C2Data-6655-Type1;74311.0000;DATA;1611610906.079318
/ndn/d3-site/d3/C2Data-2178-Type2;118266.0000;DATA;1611610906.389340
/ndn/h11-site/h11/C2Data-1331-Type1;77648.0000;DATA;1611610906.576317
/ndn/h7-site/h7/C2Data-847-Type1;244804.0000;DATA;1611610906.473320
/ndn/h5-site/h5/C2Data-605-Type2;140224.0000;DATA;1611610907.560388
/ndn/h4-site/h4/C2Data-484-Type1;202488.0000;DATA;1611610909.058299
/ndn/s11-site/s11/C2Data-4961-Type1;244057.0000;DATA;1611610911.150360
/ndn/s0-site/s0/C2Data-3630-Type1;144705.0000;DATA;1611610911.429302
/ndn/h4-site/h4/C2Data-244-Type3;204763.0000;DATA;1611610926.687863
/ndn/h3-site/h3/C2Data-183-Type3;102427.0000;DATA;1611610928.345348
/ndn/d10-site/d10/C2Data-1525-Type3;219377.0000;DATA;1611610929.366340
/ndn/d9-site/d9/C2Data-1464-Type3;97682.0000;DATA;1611610930.329316
/ndn/v10-site/v10/C2Data-3355-Type3;72037.0000;DATA;1611610931.362368
/ndn/h6-site/h6/C2Data-727-Type1;189040.0000;DATA;1611610931.565322
/ndn/s11-site/s11/C2Data-4962-Type2;233451.0000;DATA;1611610933.358417
/ndn/v9-site/v9/C2Data-6535-Type2;205900.0000;DATA;1611610933.754306
/ndn/s4-site/s4/C2Data-4115-Type2;175372.0000;DATA;1611610934.182306
/ndn/d13-site/d13/C2Data-3389-Type2;46924.0000;DATA;1611610934.532336
/ndn/h7-site/h7/C2Data-848-Type1;232734.0000;DATA;1611610934.541326
/ndn/v7-site/v7/C2Data-3172-Type3;96140.0000;DATA;1611610934.876302
/ndn/v0-site/v0/C2Data-5446-Type2;146299.0000;DATA;1611610934.886322
/ndn/s13-site/s13/C2Data-2623-Type3;590.0000;NACK;1611610935.366392
/ndn/h1-site/h1/C2Data-61-Type3;24153.0000;DATA;1611610935.473340
/ndn/s12-site/s12/C2Data-5083-Type1;242952.0000;DATA;1611610935.908322
/ndn/s4-site/s4/C2Data-2074-Type3;164900.0000;DATA;1611610936.946381
/ndn/h5-site/h5/C2Data-606-Type2;142626.0000;DATA;1611610937.476415
/ndn/s7-site/s7/C2Data-4478-Type1;94813.0000;DATA;1611610940.406467
/ndn/h13-site/h13/C2Data-793-Type3;98646.0000;DATA;1611610940.917403
/ndn/d13-site/d13/C2Data-3389-Type1;51824.0000;DATA;1611610941.921328
/ndn/s6-site/s6/C2Data-2196-Type3;130024.0000;DATA;1611610942.071476
/ndn/d0-site/d0/C2Data-915-Type3;26183.0000;DATA;1611610944.175460
/ndn/v5-site/v5/C2Data-3050-Type3;61844.0000;DATA;1611610945.276351
/ndn/v9-site/v9/C2Data-3294-Type3;212910.0000;DATA;1611610945.238300
/ndn/s7-site/s7/C2Data-2257-Type3;95642.0000;DATA;1611610945.452397
/ndn/v2-site/v2/C2Data-2867-Type3;107235.0000;DATA;1611610946.892333
/ndn/s0-site/s0/C2Data-1830-Type3;160342.0000;DATA;1611610947.413359
/ndn/d7-site/d7/C2Data-1342-Type3;76062.0000;DATA;1611610947.627329
/ndn/h14-site/h14/C2Data-1696-Type1;123354.0000;DATA;1611610962.799369
/ndn/s13-site/s13/C2Data-5205-Type2;269688.0000;DATA;1611610962.657335
/ndn/s0-site/s0/C2Data-3632-Type1;147183.0000;DATA;1611610964.744365
/ndn/h4-site/h4/C2Data-486-Type1;183482.0000;DATA;1611610965.627320
/ndn/s1-site/s1/C2Data-3753-Type1;259617.0000;DATA;1611610967.508310
/ndn/h11-site/h11/C2Data-1333-Type1;71461.0000;DATA;1611610968.173350
/ndn/d13-site/d13/C2Data-3390-Type1;47187.0000;DATA;1611610969.080344
/ndn/v10-site/v10/C2Data-6657-Type1;71537.0000;DATA;1611610969.127382
/ndn/v12-site/v12/C2Data-6899-Type1;119164.0000;DATA;1611610969.279334
/ndn/s1-site/s1/C2Data-3753-Type2;259359.0000;DATA;1611610969.354324
/ndn/v11-site/v11/C2Data-6778-Type2;47778.0000;DATA;1611610972.478339
/ndn/v1-site/v1/C2Data-2807-Type3;156095.0000;DATA;1611610990.042333
/ndn/h12-site/h12/C2Data-1455-Type1;166225.0000;DATA;1611610990.926357
/ndn/v4-site/v4/C2Data-5932-Type1;61190.0000;DATA;1611610991.357304
/ndn/h11-site/h11/C2Data-1334-Type1;71548.0000;DATA;1611610991.399388
/ndn/s7-site/s7/C2Data-2258-Type3;6000361.0000;TIMEOUT;1611610985.603315
/ndn/s13-site/s13/C2Data-5206-Type2;262301.0000;DATA;1611610991.944364
/ndn/v1-site/v1/C2Data-5569-Type2;119522.0000;DATA;1611610992.258362
/ndn/v14-site/v14/C2Data-7142-Type1;116139.0000;DATA;1611610992.320468
/ndn/v14-site/v14/C2Data-7142-Type2;130777.0000;DATA;1611610992.899360
/ndn/v2-site/v2/C2Data-5690-Type2;94897.0000;DATA;1611610993.318423
/ndn/d11-site/d11/C2Data-1587-Type3;71135.0000;DATA;1611610993.592306
/ndn/d10-site/d10/C2Data-3028-Type2;184812.0000;DATA;1611610993.989446
/ndn/v4-site/v4/C2Data-5932-Type2;143435.0000;DATA;1611610994.082340
/ndn/h9-site/h9/C2Data-1092-Type2;120610.0000;DATA;1611610994.197377
/ndn/h10-site/h10/C2Data-611-Type3;121501.0000;DATA;1611610994.501340
/ndn/v7-site/v7/C2Data-3173-Type3;95864.0000;DATA;1611610994.681349
/ndn/v8-site/v8/C2Data-6416-Type2;219227.0000;DATA;1611610997.235390
/ndn/v10-site/v10/C2Data-6658-Type1;70811.0000;DATA;1611610998.182332
/ndn/h12-site/h12/C2Data-1455-Type2;170851.0000;DATA;1611610998.255312
/ndn/d11-site/d11/C2Data-3149-Type2;71608.0000;DATA;1611610999.185318
/ndn/h14-site/h14/C2Data-855-Type3;119551.0000;DATA;1611610999.203318
/ndn/v10-site/v10/C2Data-3356-Type3;77188.0000;DATA;1611611000.857371
/ndn/s0-site/s0/C2Data-1831-Type3;6000427.0000;TIMEOUT;1611610995.939295
/ndn/h3-site/h3/C2Data-366-Type1;98697.0000;DATA;1611611002.266300
/ndn/v4-site/v4/C2Data-2990-Type3;148694.0000;DATA;1611611002.296332
/ndn/s6-site/s6/C2Data-2197-Type3;6000629.0000;TIMEOUT;1611610996.458303
/ndn/s0-site/s0/C2Data-3633-Type2;6000265.0000;TIMEOUT;1611610997.790376
/ndn/v13-site/v13/C2Data-3539-Type3;96718.0000;DATA;1611611003.873326
/ndn/s9-site/s9/C2Data-2380-Type3;6001903.0000;TIMEOUT;1611610999.125746
/ndn/s7-site/s7/C2Data-4480-Type2;6010296.0000;TIMEOUT;1611611000.322352
/ndn/h3-site/h3/C2Data-75-Type4;100779.0000;DATA;1611611006.515350
/ndn/d1-site/d1/C2Data-400-Type4;145885.0000;DATA;1611611007.349304
/ndn/s10-site/s10/C2Data-2441-Type3;6000538.0000;TIMEOUT;1611611006.235323
/ndn/v10-site/v10/C2Data-6659-Type2;73060.0000;DATA;1611611023.855328
/ndn/h9-site/h9/C2Data-1093-Type1;123320.0000;DATA;1611611023.968348
/ndn/v9-site/v9/C2Data-6538-Type2;195552.0000;DATA;1611611025.236321
/ndn/v13-site/v13/C2Data-7022-Type2;93747.0000;DATA;1611611025.566370
/ndn/h12-site/h12/C2Data-1456-Type2;165540.0000;DATA;1611611025.951352
/ndn/v8-site/v8/C2Data-6417-Type1;243050.0000;DATA;1611611027.755379
/ndn/v7-site/v7/C2Data-6296-Type1;101222.0000;DATA;1611611029.772348
/ndn/d0-site/d0/C2Data-1819-Type1;24826.0000;DATA;1611611030.098368
/ndn/v14-site/v14/C2Data-7143-Type1;119753.0000;DATA;1611611031.438333
/ndn/d12-site/d12/C2Data-3271-Type2;50528.0000;DATA;1611611032.068353
/ndn/h8-site/h8/C2Data-972-Type1;121376.0000;DATA;1611611032.378410
/ndn/s13-site/s13/C2Data-5207-Type2;6005927.0000;TIMEOUT;1611611028.491364
/ndn/v6-site/v6/C2Data-3113-Type3;46220.0000;DATA;1611611045.083488
/ndn/v14-site/v14/C2Data-3601-Type3;132078.0000;DATA;1611611045.329335
/ndn/d6-site/d6/C2Data-1283-Type3;149157.0000;DATA;1611611045.462310
/ndn/v5-site/v5/C2Data-3052-Type3;149297.0000;DATA;1611611047.131332
/ndn/h2-site/h2/C2Data-124-Type3;167034.0000;DATA;1611611047.152346
/ndn/h5-site/h5/C2Data-610-Type2;142750.0000;DATA;1611611052.901379
/ndn/h5-site/h5/C2Data-125-Type4;142094.0000;DATA;1611611053.098391
/ndn/h10-site/h10/C2Data-1215-Type1;117988.0000;DATA;1611611055.000323
/ndn/d14-site/d14/C2Data-1771-Type3;77554.0000;DATA;1611611055.104370
/ndn/h1-site/h1/C2Data-126-Type1;24222.0000;DATA;1611611055.788321
/ndn/s12-site/s12/C2Data-2564-Type3;6000319.0000;TIMEOUT;1611611050.204349
/ndn/s9-site/s9/C2Data-2381-Type3;6000263.0000;TIMEOUT;1611611050.372353
/ndn/d9-site/d9/C2Data-2909-Type1;94052.0000;DATA;1611611058.083400
/ndn/h11-site/h11/C2Data-1336-Type1;76649.0000;DATA;1611611058.536364
/ndn/v5-site/v5/C2Data-6055-Type2;140581.0000;DATA;1611611058.475375
/ndn/d13-site/d13/C2Data-1710-Type3;46050.0000;DATA;1611611059.525304
/ndn/s8-site/s8/C2Data-4603-Type1;6000208.0000;TIMEOUT;1611611054.390295
/ndn/h14-site/h14/C2Data-856-Type3;119371.0000;DATA;1611611060.927316
/ndn/d11-site/d11/C2Data-1588-Type3;73578.0000;DATA;1611611061.529344
/ndn/s13-site/s13/C2Data-2625-Type3;6000321.0000;TIMEOUT;1611611057.268348
/ndn/s9-site/s9/C2Data-4724-Type1;6000233.0000;TIMEOUT;1611611058.334380
/ndn/s11-site/s11/C2Data-2503-Type3;6000306.0000;TIMEOUT;1611611058.360382
/ndn/h7-site/h7/C2Data-429-Type3;242683.0000;DATA;1611611065.417373
/ndn/s14-site/s14/C2Data-5329-Type2;6002499.0000;TIMEOUT;1611611060.786304
/ndn/s13-site/s13/C2Data-5208-Type1;6003617.0000;TIMEOUT;1611611061.795349
/ndn/s7-site/s7/C2Data-4482-Type1;6000758.0000;TIMEOUT;1611611061.831307
/ndn/h6-site/h6/C2Data-368-Type3;205601.0000;DATA;1611611068.647301
/ndn/s10-site/s10/C2Data-2442-Type3;6001066.0000;TIMEOUT;1611611064.416389
/ndn/s1-site/s1/C2Data-1893-Type3;6000220.0000;TIMEOUT;1611611065.211336
/ndn/v7-site/v7/C2Data-6298-Type2;95349.0000;DATA;1611611081.437547
/ndn/v9-site/v9/C2Data-6540-Type2;211051.0000;DATA;1611611081.478337
/ndn/s10-site/s10/C2Data-4846-Type2;6001103.0000;TIMEOUT;1611611081.070354
/ndn/h4-site/h4/C2Data-490-Type1;207777.0000;DATA;1611611089.284336
/ndn/s13-site/s13/C2Data-5209-Type1;6000681.0000;TIMEOUT;1611611083.536442
/ndn/s11-site/s11/C2Data-4967-Type1;6000308.0000;TIMEOUT;1611611083.713388
/ndn/v13-site/v13/C2Data-7024-Type1;94354.0000;DATA;1611611089.848337
/ndn/d3-site/d3/C2Data-2184-Type2;121264.0000;DATA;1611611090.188384
/ndn/s6-site/s6/C2Data-4362-Type2;6000262.0000;TIMEOUT;1611611086.480317
/ndn/s5-site/s5/C2Data-4241-Type2;6000321.0000;TIMEOUT;1611611087.982419
/ndn/s1-site/s1/C2Data-3757-Type2;6002230.0000;TIMEOUT;1611611090.841336
/ndn/s13-site/s13/C2Data-5209-Type2;6000261.0000;TIMEOUT;1611611091.110301
/ndn/s5-site/s5/C2Data-4241-Type1;6000680.0000;TIMEOUT;1611611091.176344
/ndn/v2-site/v2/C2Data-2870-Type3;102647.0000;DATA;1611611109.543318
/ndn/h1-site/h1/C2Data-128-Type1;24226.0000;DATA;1611611111.342428
/ndn/v13-site/v13/C2Data-3541-Type3;94770.0000;DATA;1611611111.822362
/ndn/h13-site/h13/C2Data-796-Type3;95059.0000;DATA;1611611112.410313
/ndn/d4-site/d4/C2Data-2306-Type2;33236.0000;DATA;1611611112.694313
/ndn/d1-site/d1/C2Data-1943-Type2;118973.0000;DATA;1611611112.890346
/ndn/s9-site/s9/C2Data-2382-Type3;6002370.0000;TIMEOUT;1611611107.248351
/ndn/d5-site/d5/C2Data-2427-Type2;164339.0000;DATA;1611611113.947378
/ndn/h5-site/h5/C2Data-612-Type2;145120.0000;DATA;1611611114.802382
/ndn/v10-site/v10/C2Data-3358-Type3;72708.0000;DATA;1611611116.206465
