/ndn/v0-site/v0/C2Data-5445-Type1;189484.0000;DATA;1611603166.872989
/ndn/d7-site/d7/C2Data-2662-Type1;118910.0000;DATA;1611603170.891803
/ndn/s10-site/s10/C2Data-4840-Type1;99793.0000;DATA;1611603171.557812
/ndn/v4-site/v4/C2Data-5929-Type1;198753.0000;DATA;1611603172.003222
/ndn/h0-site/h0/C2Data-0-Type1;156791.0000;DATA;1611603172.057791
/ndn/h1-site/h1/C2Data-121-Type1;24757.0000;DATA;1611603172.949985
/ndn/h8-site/h8/C2Data-968-Type1;167832.0000;DATA;1611603176.701746
/ndn/s0-site/s0/C2Data-3630-Type1;173652.0000;DATA;1611603177.134722
/ndn/d13-site/d13/C2Data-1708-Type3;26887.0000;DATA;1611603189.932797
/ndn/s3-site/s3/C2Data-2013-Type3;187538.0000;DATA;1611603191.021809
/ndn/v5-site/v5/C2Data-3050-Type3;191434.0000;DATA;1611603195.408726
/ndn/s10-site/s10/C2Data-2440-Type3;102874.0000;DATA;1611603195.827839
/ndn/d0-site/d0/C2Data-1816-Type2;71920.0000;DATA;1611603195.910446
/ndn/d3-site/d3/C2Data-1098-Type3;169633.0000;DATA;1611603195.964808
/ndn/h3-site/h3/C2Data-364-Type2;143308.0000;DATA;1611603196.810843
/ndn/s14-site/s14/C2Data-5325-Type1;54242.0000;DATA;1611603197.215741
/ndn/s4-site/s4/C2Data-4115-Type2;124682.0000;DATA;1611603197.170943
/ndn/s9-site/s9/C2Data-4720-Type2;70480.0000;DATA;1611603197.624850
/ndn/d4-site/d4/C2Data-2300-Type2;47342.0000;DATA;1611603199.034802
/ndn/s13-site/s13/C2Data-5204-Type1;220322.0000;DATA;1611603199.543837
/ndn/d14-site/d14/C2Data-3510-Type2;47070.0000;DATA;1611603200.661877
/ndn/s0-site/s0/C2Data-1830-Type3;165086.0000;DATA;1611603202.245811
/ndn/h12-site/h12/C2Data-1453-Type2;118207.0000;DATA;1611603203.502767
/ndn/h4-site/h4/C2Data-485-Type2;145481.0000;DATA;1611603203.491785
/ndn/v4-site/v4/C2Data-5930-Type2;190554.0000;DATA;1611603203.802796
/ndn/s6-site/s6/C2Data-4357-Type1;161310.0000;DATA;1611603204.036794
/ndn/d14-site/d14/C2Data-3510-Type1;48643.0000;DATA;1611603204.247715
/ndn/d12-site/d12/C2Data-3268-Type1;93959.0000;DATA;1611603205.999734
/ndn/s6-site/s6/C2Data-2196-Type3;174669.0000;DATA;1611603209.165756
/ndn/h10-site/h10/C2Data-610-Type3;170581.0000;DATA;1611603211.025824
/ndn/v2-site/v2/C2Data-2867-Type3;167273.0000;DATA;1611603211.930821
/ndn/v7-site/v7/C2Data-3172-Type3;158079.0000;DATA;1611603212.395864
/ndn/s8-site/s8/C2Data-4600-Type1;48136.0000;DATA;1611603225.288055
/ndn/s2-site/s2/C2Data-3874-Type1;23882.0000;DATA;1611603227.787776
/ndn/d6-site/d6/C2Data-2543-Type2;188450.0000;DATA;1611603227.674720
/ndn/v10-site/v10/C2Data-6657-Type2;129967.0000;DATA;1611603228.106727
/ndn/d9-site/d9/C2Data-2906-Type1;140612.0000;DATA;1611603228.887772
/ndn/s12-site/s12/C2Data-5084-Type1;200794.0000;DATA;1611603229.834824
/ndn/d3-site/d3/C2Data-2180-Type1;165400.0000;DATA;1611603232.120863
/ndn/h12-site/h12/C2Data-1454-Type2;115669.0000;DATA;1611603233.640844
/ndn/h5-site/h5/C2Data-607-Type2;95296.0000;DATA;1611603235.203846
/ndn/h3-site/h3/C2Data-365-Type2;142752.0000;DATA;1611603235.849820
/ndn/v12-site/v12/C2Data-6899-Type2;171125.0000;DATA;1611603236.806742
/ndn/h3-site/h3/C2Data-365-Type1;142249.0000;DATA;1611603237.126852
/ndn/s7-site/s7/C2Data-4479-Type2;6000524.0000;TIMEOUT;1611603236.193813
/ndn/d13-site/d13/C2Data-1709-Type3;24346.0000;DATA;1611603249.779773
/ndn/d5-site/d5/C2Data-1221-Type3;128418.0000;DATA;1611603249.759816
/ndn/d2-site/d2/C2Data-1038-Type3;46929.0000;DATA;1611603253.860845
/ndn/v9-site/v9/C2Data-6537-Type1;165395.0000;DATA;1611603256.512956
/ndn/h13-site/h13/C2Data-1576-Type1;48621.0000;DATA;1611603257.467846
/ndn/h3-site/h3/C2Data-366-Type1;142064.0000;DATA;1611603261.068893
/ndn/h8-site/h8/C2Data-200-Type4;140733.0000;DATA;1611603261.768709
/ndn/d9-site/d9/C2Data-1465-Type3;138078.0000;DATA;1611603262.404796
/ndn/h9-site/h9/C2Data-1092-Type2;120294.0000;DATA;1611603262.545853
/ndn/s9-site/s9/C2Data-4722-Type2;70927.0000;DATA;1611603262.756993
/ndn/s5-site/s5/C2Data-2136-Type3;94844.0000;DATA;1611603262.757776
/ndn/h5-site/h5/C2Data-608-Type1;96261.0000;DATA;1611603262.830723
/ndn/v12-site/v12/C2Data-1050-Type4;170802.0000;DATA;1611603263.292816
/ndn/v2-site/v2/C2Data-5690-Type1;139375.0000;DATA;1611603263.632872
/ndn/d11-site/d11/C2Data-1587-Type3;105901.0000;DATA;1611603264.172784
/ndn/v8-site/v8/C2Data-6416-Type1;167831.0000;DATA;1611603264.347742
/ndn/h1-site/h1/C2Data-25-Type4;25091.0000;DATA;1611603264.753821
/ndn/v7-site/v7/C2Data-925-Type4;139679.0000;DATA;1611603264.986861
/ndn/s14-site/s14/C2Data-5327-Type2;6000598.0000;TIMEOUT;1611603260.070741
/ndn/h12-site/h12/C2Data-1455-Type1;116162.0000;DATA;1611603266.993850
/ndn/s0-site/s0/C2Data-1831-Type3;6000444.0000;TIMEOUT;1611603261.225740
/ndn/h11-site/h11/C2Data-672-Type3;51973.0000;DATA;1611603268.432832
/ndn/d8-site/d8/C2Data-1404-Type3;73295.0000;DATA;1611603269.564912
/ndn/h5-site/h5/C2Data-306-Type3;99014.0000;DATA;1611603270.033837
/ndn/v14-site/v14/C2Data-3600-Type3;71274.0000;DATA;1611603271.148812
/ndn/d2-site/d2/C2Data-425-Type4;46992.0000;DATA;1611603281.688699
/ndn/h0-site/h0/C2Data-0-Type4;205580.0000;DATA;1611603282.139794
/ndn/v10-site/v10/C2Data-6659-Type1;116796.0000;DATA;1611603287.140888
/ndn/d12-site/d12/C2Data-3271-Type2;94929.0000;DATA;1611603287.327805
/ndn/v11-site/v11/C2Data-6780-Type2;23950.0000;DATA;1611603288.059521
/ndn/v2-site/v2/C2Data-800-Type4;143852.0000;DATA;1611603289.061817
/ndn/h3-site/h3/C2Data-367-Type1;142795.0000;DATA;1611603289.579870
/ndn/d5-site/d5/C2Data-2424-Type2;122879.0000;DATA;1611603290.774790
/ndn/v2-site/v2/C2Data-5691-Type1;149331.0000;DATA;1611603290.939759
/ndn/h2-site/h2/C2Data-246-Type1;116255.0000;DATA;1611603292.070837
/ndn/s13-site/s13/C2Data-5207-Type2;6001452.0000;TIMEOUT;1611603286.659805
/ndn/h1-site/h1/C2Data-125-Type1;27622.0000;DATA;1611603294.062711
/ndn/h12-site/h12/C2Data-1456-Type2;143397.0000;DATA;1611603295.854793
/ndn/d2-site/d2/C2Data-2061-Type1;48815.0000;DATA;1611603296.010897
/ndn/v2-site/v2/C2Data-5691-Type2;144991.0000;DATA;1611603296.178804
/ndn/h11-site/h11/C2Data-275-Type4;50136.0000;DATA;1611603302.997721
/ndn/d0-site/d0/C2Data-917-Type3;81447.0000;DATA;1611603311.118830
/ndn/d0-site/d0/C2Data-375-Type4;76292.0000;DATA;1611603311.734727
/ndn/v5-site/v5/C2Data-3052-Type3;183978.0000;DATA;1611603312.921105
/ndn/d5-site/d5/C2Data-500-Type4;118151.0000;DATA;1611603316.975805
/ndn/s1-site/s1/C2Data-1893-Type3;6000463.0000;TIMEOUT;1611603311.463849
/ndn/v1-site/v1/C2Data-5571-Type1;170685.0000;DATA;1611603317.938787
/ndn/v3-site/v3/C2Data-5813-Type1;74003.0000;DATA;1611603318.572747
/ndn/d3-site/d3/C2Data-2183-Type1;164693.0000;DATA;1611603319.045705
/ndn/d4-site/d4/C2Data-2304-Type1;47506.0000;DATA;1611603319.265918
/ndn/v8-site/v8/C2Data-6418-Type2;167585.0000;DATA;1611603320.903709
/ndn/s13-site/s13/C2Data-5208-Type1;6000331.0000;TIMEOUT;1611603315.364890
/ndn/h11-site/h11/C2Data-1336-Type1;47158.0000;DATA;1611603321.334733
/ndn/s9-site/s9/C2Data-4724-Type2;6000389.0000;TIMEOUT;1611603315.724830
/ndn/h5-site/h5/C2Data-610-Type2;99577.0000;DATA;1611603321.831784
/ndn/v1-site/v1/C2Data-5571-Type2;162764.0000;DATA;1611603322.145885
/ndn/d14-site/d14/C2Data-3514-Type2;48070.0000;DATA;1611603324.161954
/ndn/v12-site/v12/C2Data-3479-Type3;170025.0000;DATA;1611603324.127808
/ndn/h4-site/h4/C2Data-489-Type1;143492.0000;DATA;1611603325.593875
/ndn/v10-site/v10/C2Data-3357-Type3;122098.0000;DATA;1611603326.674697
/ndn/s12-site/s12/C2Data-5087-Type1;6000318.0000;TIMEOUT;1611603324.004854
/ndn/s7-site/s7/C2Data-4482-Type2;6000292.0000;TIMEOUT;1611603325.267805
/ndn/s10-site/s10/C2Data-4845-Type2;6000369.0000;TIMEOUT;1611603326.280897
/ndn/d11-site/d11/C2Data-1588-Type3;122049.0000;DATA;1611603333.237853
/ndn/s12-site/s12/C2Data-2564-Type3;6000288.0000;TIMEOUT;1611603330.909800
/ndn/s8-site/s8/C2Data-2320-Type3;6000863.0000;TIMEOUT;1611603332.727816
/ndn/s5-site/s5/C2Data-2137-Type3;6000675.0000;TIMEOUT;1611603333.111842
/ndn/v12-site/v12/C2Data-6903-Type1;178566.0000;DATA;1611603345.682782
/ndn/d9-site/d9/C2Data-2910-Type1;149818.0000;DATA;1611603346.137818
/ndn/d6-site/d6/C2Data-2547-Type1;207481.0000;DATA;1611603348.353749
/ndn/d11-site/d11/C2Data-3152-Type1;115385.0000;DATA;1611603348.712882
/ndn/h1-site/h1/C2Data-127-Type1;23745.0000;DATA;1611603353.536716
/ndn/h0-site/h0/C2Data-6-Type2;168015.0000;DATA;1611603354.741819
/ndn/d13-site/d13/C2Data-3394-Type2;27270.0000;DATA;1611603354.979801
/ndn/d14-site/d14/C2Data-3515-Type1;48778.0000;DATA;1611603354.973916
/ndn/s4-site/s4/C2Data-4120-Type1;6000211.0000;TIMEOUT;1611603349.994754
/ndn/v1-site/v1/C2Data-2809-Type3;143856.0000;DATA;1611603369.373853
/ndn/d8-site/d8/C2Data-1406-Type3;106207.0000;DATA;1611603370.067842
/ndn/h9-site/h9/C2Data-552-Type3;133604.0000;DATA;1611603374.072535
/ndn/v0-site/v0/C2Data-2748-Type3;195337.0000;DATA;1611603375.510811
/ndn/s8-site/s8/C2Data-2321-Type3;6000539.0000;TIMEOUT;1611603369.791833
/ndn/h0-site/h0/C2Data-7-Type2;166893.0000;DATA;1611603376.499769
/ndn/v12-site/v12/C2Data-3480-Type3;174603.0000;DATA;1611603378.896881
/ndn/h13-site/h13/C2Data-1580-Type1;48128.0000;DATA;1611603379.364855
/ndn/h5-site/h5/C2Data-612-Type1;94650.0000;DATA;1611603380.384835
