/ndn/v8-site/v8/C2Data-6413-Type1;25865.0000;DATA;1611603166.368784
/ndn/d4-site/d4/C2Data-2299-Type2;235431.0000;DATA;1611603167.339774
/ndn/h5-site/h5/C2Data-605-Type2;70004.0000;DATA;1611603170.635774
/ndn/d7-site/d7/C2Data-2662-Type2;144986.0000;DATA;1611603171.648772
/ndn/h1-site/h1/C2Data-121-Type1;188671.0000;DATA;1611603171.780777
/ndn/s14-site/s14/C2Data-5324-Type1;563.0000;NACK;1611603171.987786
/ndn/v1-site/v1/C2Data-5566-Type2;261471.0000;DATA;1611603172.002694
/ndn/v13-site/v13/C2Data-7018-Type1;155465.0000;DATA;1611603172.729776
/ndn/h9-site/h9/C2Data-1089-Type2;104206.0000;DATA;1611603173.055753
/ndn/s13-site/s13/C2Data-5203-Type1;48159.0000;DATA;1611603173.871868
/ndn/v6-site/v6/C2Data-6171-Type1;447.0000;NACK;1611603174.806706
/ndn/v4-site/v4/C2Data-2989-Type3;298824.0000;DATA;1611603189.311813
/ndn/h9-site/h9/C2Data-549-Type3;104684.0000;DATA;1611603191.376798
/ndn/v13-site/v13/C2Data-3538-Type3;145757.0000;DATA;1611603192.221787
/ndn/h7-site/h7/C2Data-427-Type3;11205.0000;DATA;1611603193.704851
/ndn/s1-site/s1/C2Data-3752-Type2;47100.0000;DATA;1611603195.634764
/ndn/d4-site/d4/C2Data-2300-Type1;222051.0000;DATA;1611603197.290790
/ndn/s13-site/s13/C2Data-2623-Type3;50906.0000;DATA;1611603198.079758
/ndn/s5-site/s5/C2Data-4236-Type2;182433.0000;DATA;1611603197.964757
/ndn/s3-site/s3/C2Data-3994-Type2;96959.0000;DATA;1611603198.083784
/ndn/v5-site/v5/C2Data-6051-Type1;285718.0000;DATA;1611603198.013752
/ndn/h8-site/h8/C2Data-969-Type2;119071.0000;DATA;1611603199.363800
/ndn/d1-site/d1/C2Data-1937-Type2;605.0000;NACK;1611603200.274744
/ndn/v5-site/v5/C2Data-6051-Type2;281263.0000;DATA;1611603200.931832
/ndn/h12-site/h12/C2Data-732-Type3;207398.0000;DATA;1611603201.611759
/ndn/d9-site/d9/C2Data-2905-Type2;116835.0000;DATA;1611603202.304759
/ndn/s2-site/s2/C2Data-1952-Type3;141453.0000;DATA;1611603202.467835
/ndn/h10-site/h10/C2Data-610-Type3;196590.0000;DATA;1611603202.599866
/ndn/s0-site/s0/C2Data-3631-Type2;138802.0000;DATA;1611603202.690748
/ndn/h1-site/h1/C2Data-61-Type3;188578.0000;DATA;1611603203.563755
/ndn/s13-site/s13/C2Data-5204-Type2;46890.0000;DATA;1611603204.009765
/ndn/d13-site/d13/C2Data-3389-Type1;190058.0000;DATA;1611603203.892736
/ndn/s4-site/s4/C2Data-2074-Type3;237438.0000;DATA;1611603203.886840
/ndn/h1-site/h1/C2Data-122-Type1;188122.0000;DATA;1611603204.943733
/ndn/h10-site/h10/C2Data-1211-Type1;196450.0000;DATA;1611603205.471851
/ndn/v7-site/v7/C2Data-3172-Type3;239499.0000;DATA;1611603207.007771
/ndn/h6-site/h6/C2Data-366-Type3;26185.0000;DATA;1611603208.289774
/ndn/d3-site/d3/C2Data-1098-Type3;170994.0000;DATA;1611603209.907761
/ndn/s2-site/s2/C2Data-3874-Type2;154002.0000;DATA;1611603225.991744
/ndn/v13-site/v13/C2Data-7020-Type2;142380.0000;DATA;1611603226.378800
/ndn/h6-site/h6/C2Data-728-Type2;23853.0000;DATA;1611603226.630785
/ndn/h2-site/h2/C2Data-244-Type2;252171.0000;DATA;1611603227.181767
/ndn/v10-site/v10/C2Data-6657-Type1;168963.0000;DATA;1611603229.291912
/ndn/d2-site/d2/C2Data-2059-Type2;210910.0000;DATA;1611603230.070800
/ndn/d7-site/d7/C2Data-2664-Type1;141499.0000;DATA;1611603231.675796
/ndn/h9-site/h9/C2Data-1091-Type1;97174.0000;DATA;1611603231.804717
/ndn/d12-site/d12/C2Data-3269-Type1;197988.0000;DATA;1611603231.940774
/ndn/d12-site/d12/C2Data-3269-Type2;194589.0000;DATA;1611603232.489794
/ndn/v14-site/v14/C2Data-7141-Type1;96574.0000;DATA;1611603232.768694
/ndn/s13-site/s13/C2Data-5205-Type2;6000304.0000;TIMEOUT;1611603227.421764
/ndn/d10-site/d10/C2Data-3027-Type1;72823.0000;DATA;1611603235.129719
/ndn/v8-site/v8/C2Data-6415-Type1;25512.0000;DATA;1611603235.962838
/ndn/d3-site/d3/C2Data-2180-Type2;167760.0000;DATA;1611603236.124758
/ndn/d10-site/d10/C2Data-3027-Type2;71281.0000;DATA;1611603236.254809
/ndn/v2-site/v2/C2Data-5689-Type2;170868.0000;DATA;1611603236.769699
/ndn/s11-site/s11/C2Data-2502-Type3;99392.0000;DATA;1611603250.907860
/ndn/v5-site/v5/C2Data-6053-Type1;280992.0000;DATA;1611603258.604712
/ndn/d6-site/d6/C2Data-2544-Type2;163982.0000;DATA;1611603260.389716
/ndn/h4-site/h4/C2Data-487-Type1;72312.0000;DATA;1611603260.578771
/ndn/s8-site/s8/C2Data-4601-Type2;163883.0000;DATA;1611603260.529921
/ndn/d5-site/d5/C2Data-2423-Type2;46811.0000;DATA;1611603260.861778
/ndn/h5-site/h5/C2Data-608-Type2;69693.0000;DATA;1611603261.066758
/ndn/v3-site/v3/C2Data-5811-Type2;115561.0000;DATA;1611603261.132831
/ndn/d4-site/d4/C2Data-1160-Type3;212862.0000;DATA;1611603262.000777
/ndn/v1-site/v1/C2Data-2807-Type3;259890.0000;DATA;1611603262.232786
/ndn/v3-site/v3/C2Data-5811-Type1;117002.0000;DATA;1611603262.514815
/ndn/v9-site/v9/C2Data-6537-Type2;101267.0000;DATA;1611603263.719309
/ndn/d2-site/d2/C2Data-425-Type4;213473.0000;DATA;1611603263.725843
/ndn/h8-site/h8/C2Data-489-Type3;117880.0000;DATA;1611603264.090773
/ndn/s14-site/s14/C2Data-5327-Type1;6000879.0000;TIMEOUT;1611603259.472820
/ndn/d3-site/d3/C2Data-2181-Type2;173199.0000;DATA;1611603265.338718
/ndn/h13-site/h13/C2Data-1576-Type1;125983.0000;DATA;1611603265.414834
/ndn/d0-site/d0/C2Data-1818-Type1;193035.0000;DATA;1611603265.735823
/ndn/h9-site/h9/C2Data-225-Type4;94762.0000;DATA;1611603266.556932
/ndn/v2-site/v2/C2Data-5690-Type2;164752.0000;DATA;1611603266.692805
/ndn/h9-site/h9/C2Data-1092-Type2;96211.0000;DATA;1611603266.917864
/ndn/s13-site/s13/C2Data-5206-Type2;6000557.0000;TIMEOUT;1611603262.256698
/ndn/s7-site/s7/C2Data-2258-Type3;6000621.0000;TIMEOUT;1611603263.086768
/ndn/d10-site/d10/C2Data-1526-Type3;74774.0000;DATA;1611603271.481792
/ndn/s2-site/s2/C2Data-1953-Type3;6000413.0000;TIMEOUT;1611603265.679817
/ndn/v8-site/v8/C2Data-3234-Type3;26222.0000;DATA;1611603272.565781
/ndn/s1-site/s1/C2Data-1892-Type3;6000324.0000;TIMEOUT;1611603266.761799
/ndn/d11-site/d11/C2Data-650-Type4;243433.0000;DATA;1611603275.276798
/ndn/s4-site/s4/C2Data-2075-Type3;6003122.0000;TIMEOUT;1611603270.934810
/ndn/h11-site/h11/C2Data-275-Type4;257848.0000;DATA;1611603277.659843
/ndn/v0-site/v0/C2Data-750-Type4;264663.0000;DATA;1611603278.927814
/ndn/h4-site/h4/C2Data-100-Type4;70853.0000;DATA;1611603282.122778
/ndn/v13-site/v13/C2Data-7022-Type1;156957.0000;DATA;1611603285.277072
/ndn/h3-site/h3/C2Data-367-Type1;237578.0000;DATA;1611603289.209783
/ndn/h10-site/h10/C2Data-1214-Type2;191052.0000;DATA;1611603289.563694
/ndn/d2-site/d2/C2Data-2061-Type1;218735.0000;DATA;1611603291.641731
/ndn/v13-site/v13/C2Data-7022-Type2;148788.0000;DATA;1611603291.827767
/ndn/v14-site/v14/C2Data-7143-Type2;95433.0000;DATA;1611603293.336699
/ndn/v5-site/v5/C2Data-6054-Type1;281378.0000;DATA;1611603293.221808
/ndn/d7-site/d7/C2Data-2666-Type1;148141.0000;DATA;1611603294.458738
/ndn/v10-site/v10/C2Data-1000-Type4;165738.0000;DATA;1611603294.621365
/ndn/h9-site/h9/C2Data-1093-Type1;94041.0000;DATA;1611603296.228776
/ndn/v11-site/v11/C2Data-6780-Type1;189078.0000;DATA;1611603296.305753
/ndn/v12-site/v12/C2Data-3479-Type3;286138.0000;DATA;1611603311.086833
/ndn/d1-site/d1/C2Data-978-Type3;241899.0000;DATA;1611603311.666851
/ndn/d13-site/d13/C2Data-1710-Type3;195513.0000;DATA;1611603312.530824
/ndn/v7-site/v7/C2Data-3174-Type3;265406.0000;DATA;1611603313.096753
/ndn/h3-site/h3/C2Data-368-Type2;214380.0000;DATA;1611603316.401878
/ndn/d2-site/d2/C2Data-2062-Type1;217515.0000;DATA;1611603317.660754
/ndn/h5-site/h5/C2Data-307-Type3;73468.0000;DATA;1611603318.675808
/ndn/h10-site/h10/C2Data-612-Type3;190102.0000;DATA;1611603319.254748
/ndn/d5-site/d5/C2Data-1222-Type3;53068.0000;DATA;1611603320.398794
/ndn/d1-site/d1/C2Data-1941-Type2;225705.0000;DATA;1611603320.847790
/ndn/h2-site/h2/C2Data-247-Type1;235898.0000;DATA;1611603320.917794
/ndn/s9-site/s9/C2Data-2381-Type3;6000264.0000;TIMEOUT;1611603315.431789
/ndn/v5-site/v5/C2Data-3052-Type3;286170.0000;DATA;1611603321.709909
/ndn/v0-site/v0/C2Data-5450-Type1;165506.0000;DATA;1611603321.863716
/ndn/s0-site/s0/C2Data-1832-Type3;6000311.0000;TIMEOUT;1611603316.154852
/ndn/h4-site/h4/C2Data-246-Type3;69257.0000;DATA;1611603323.920774
/ndn/s6-site/s6/C2Data-4361-Type1;6000311.0000;TIMEOUT;1611603319.697759
/ndn/v0-site/v0/C2Data-5450-Type2;167185.0000;DATA;1611603325.724826
/ndn/v13-site/v13/C2Data-7023-Type1;145822.0000;DATA;1611603326.759697
/ndn/d1-site/d1/C2Data-1941-Type1;216429.0000;DATA;1611603326.781763
/ndn/s12-site/s12/C2Data-2564-Type3;6000581.0000;TIMEOUT;1611603321.251795
/ndn/d3-site/d3/C2Data-1100-Type3;168216.0000;DATA;1611603327.930701
/ndn/s14-site/s14/C2Data-5329-Type1;6002807.0000;TIMEOUT;1611603324.409802
/ndn/s3-site/s3/C2Data-3998-Type2;6000926.0000;TIMEOUT;1611603324.872835
/ndn/v0-site/v0/C2Data-2747-Type3;165113.0000;DATA;1611603330.844790
/ndn/s9-site/s9/C2Data-4724-Type2;6001199.0000;TIMEOUT;1611603325.652769
/ndn/s5-site/s5/C2Data-4240-Type2;6001563.0000;TIMEOUT;1611603326.997727
/ndn/s3-site/s3/C2Data-2015-Type3;6003899.0000;TIMEOUT;1611603328.254756
/ndn/s13-site/s13/C2Data-2625-Type3;6002824.0000;TIMEOUT;1611603333.190837
/ndn/v11-site/v11/C2Data-6782-Type2;196901.0000;DATA;1611603345.701756
/ndn/d14-site/d14/C2Data-3515-Type1;192264.0000;DATA;1611603345.835775
/ndn/v12-site/v12/C2Data-6903-Type2;266516.0000;DATA;1611603347.919787
/ndn/h11-site/h11/C2Data-1337-Type2;212356.0000;DATA;1611603347.985782
/ndn/d13-site/d13/C2Data-3394-Type2;189389.0000;DATA;1611603350.471752
/ndn/h3-site/h3/C2Data-369-Type2;243658.0000;DATA;1611603351.108785
/ndn/d9-site/d9/C2Data-2910-Type2;118186.0000;DATA;1611603352.071762
/ndn/h6-site/h6/C2Data-732-Type2;25097.0000;DATA;1611603352.233769
/ndn/d13-site/d13/C2Data-3394-Type1;190739.0000;DATA;1611603353.728783
/ndn/d11-site/d11/C2Data-3152-Type2;213860.0000;DATA;1611603354.797705
/ndn/s3-site/s3/C2Data-3999-Type1;6000609.0000;TIMEOUT;1611603349.086702
/ndn/h2-site/h2/C2Data-248-Type2;233987.0000;DATA;1611603355.738717
/ndn/h9-site/h9/C2Data-1095-Type1;99634.0000;DATA;1611603356.851788
/ndn/s0-site/s0/C2Data-3636-Type2;6000285.0000;TIMEOUT;1611603351.330758
/ndn/d1-site/d1/C2Data-979-Type3;310237.0000;DATA;1611603369.423822
/ndn/d0-site/d0/C2Data-918-Type3;250034.0000;DATA;1611603370.523806
/ndn/h4-site/h4/C2Data-247-Type3;75573.0000;DATA;1611603373.632835
/ndn/d14-site/d14/C2Data-1772-Type3;200445.0000;DATA;1611603375.002803
/ndn/v10-site/v10/C2Data-6662-Type2;174639.0000;DATA;1611603375.937713
/ndn/s9-site/s9/C2Data-2382-Type3;6000410.0000;TIMEOUT;1611603370.338113
/ndn/s14-site/s14/C2Data-2687-Type3;6003955.0000;TIMEOUT;1611603370.550757
/ndn/v0-site/v0/C2Data-5452-Type2;166027.0000;DATA;1611603376.731803
/ndn/v2-site/v2/C2Data-5694-Type2;174953.0000;DATA;1611603377.735865
/ndn/h7-site/h7/C2Data-854-Type1;24563.0000;DATA;1611603377.913795
/ndn/h13-site/h13/C2Data-796-Type3;124843.0000;DATA;1611603378.754858
/ndn/h14-site/h14/C2Data-857-Type3;191305.0000;DATA;1611603379.461698
/ndn/s4-site/s4/C2Data-2077-Type3;6000613.0000;TIMEOUT;1611603373.709837
/ndn/v1-site/v1/C2Data-5573-Type1;265145.0000;DATA;1611603380.470890
