/ndn/d9-site/d9/C2Data-2904-Type1;150980.0000;DATA;1611606832.979258
/ndn/d6-site/d6/C2Data-2541-Type2;193733.0000;DATA;1611606833.966972
/ndn/v6-site/v6/C2Data-6171-Type2;22101.0000;NACK;1611606836.061234
/ndn/s3-site/s3/C2Data-3993-Type2;214960.0000;DATA;1611606837.604301
/ndn/s2-site/s2/C2Data-3872-Type2;46552.0000;DATA;1611606838.847279
/ndn/v10-site/v10/C2Data-6655-Type1;122744.0000;DATA;1611606839.423356
/ndn/d14-site/d14/C2Data-3509-Type1;25101.0000;DATA;1611606840.585287
/ndn/v12-site/v12/C2Data-6897-Type1;172923.0000;DATA;1611606842.311403
/ndn/d13-site/d13/C2Data-3388-Type2;25604.0000;DATA;1611606843.547173
/ndn/h3-site/h3/C2Data-183-Type3;141949.0000;DATA;1611606858.408292
/ndn/h6-site/h6/C2Data-366-Type3;163657.0000;DATA;1611606859.326334
/ndn/v9-site/v9/C2Data-3294-Type3;189081.0000;DATA;1611606864.973241
/ndn/d3-site/d3/C2Data-2179-Type1;161539.0000;DATA;1611606865.724203
/ndn/h5-site/h5/C2Data-305-Type3;118079.0000;DATA;1611606866.191179
/ndn/v2-site/v2/C2Data-2867-Type3;72373.0000;DATA;1611606866.951231
/ndn/d11-site/d11/C2Data-3147-Type1;121877.0000;DATA;1611606868.111213
/ndn/d3-site/d3/C2Data-2179-Type2;175893.0000;DATA;1611606868.667272
/ndn/v4-site/v4/C2Data-2989-Type3;191103.0000;DATA;1611606869.695280
/ndn/s3-site/s3/C2Data-2013-Type3;215442.0000;DATA;1611606869.713241
/ndn/d0-site/d0/C2Data-1816-Type2;70405.0000;DATA;1611606870.407340
/ndn/h11-site/h11/C2Data-1332-Type2;47104.0000;DATA;1611606870.454236
/ndn/h10-site/h10/C2Data-610-Type3;165638.0000;DATA;1611606870.767389
/ndn/s14-site/s14/C2Data-5325-Type2;47850.0000;DATA;1611606871.189392
/ndn/d13-site/d13/C2Data-1708-Type3;24106.0000;DATA;1611606872.010259
/ndn/v0-site/v0/C2Data-5446-Type2;191207.0000;DATA;1611606872.486193
/ndn/h9-site/h9/C2Data-549-Type3;142462.0000;DATA;1611606873.164262
/ndn/h7-site/h7/C2Data-848-Type2;209630.0000;DATA;1611606873.741244
/ndn/v10-site/v10/C2Data-3355-Type3;117240.0000;DATA;1611606873.972272
/ndn/d1-site/d1/C2Data-976-Type3;95573.0000;DATA;1611606876.263269
/ndn/s12-site/s12/C2Data-5084-Type1;227074.0000;DATA;1611606893.091275
/ndn/s8-site/s8/C2Data-4600-Type2;48321.0000;DATA;1611606893.455289
/ndn/v5-site/v5/C2Data-6052-Type2;191020.0000;DATA;1611606894.329274
/ndn/s1-site/s1/C2Data-3753-Type1;252389.0000;DATA;1611606896.358242
/ndn/d0-site/d0/C2Data-1817-Type1;72394.0000;DATA;1611606898.933257
/ndn/d12-site/d12/C2Data-3269-Type2;94963.0000;DATA;1611606899.324260
/ndn/s5-site/s5/C2Data-4237-Type1;94882.0000;DATA;1611606899.983216
/ndn/h7-site/h7/C2Data-849-Type1;220673.0000;DATA;1611606899.989202
/ndn/h6-site/h6/C2Data-728-Type2;174152.0000;DATA;1611606900.200220
/ndn/v6-site/v6/C2Data-6173-Type1;20918.0000;NACK;1611606901.095269
/ndn/h12-site/h12/C2Data-1454-Type2;123620.0000;DATA;1611606901.851276
/ndn/s5-site/s5/C2Data-4237-Type2;93333.0000;DATA;1611606902.024297
/ndn/v7-site/v7/C2Data-6294-Type2;146933.0000;DATA;1611606903.120177
/ndn/v8-site/v8/C2Data-6415-Type2;200196.0000;DATA;1611606904.005273
/ndn/s4-site/s4/C2Data-2075-Type3;152752.0000;DATA;1611606916.354299
/ndn/s5-site/s5/C2Data-2136-Type3;104368.0000;DATA;1611606918.551161
/ndn/d6-site/d6/C2Data-1282-Type3;201717.0000;DATA;1611606921.739673
/ndn/v13-site/v13/C2Data-7021-Type1;76599.0000;DATA;1611606923.685322
/ndn/s3-site/s3/C2Data-3996-Type1;215124.0000;DATA;1611606923.625292
/ndn/v5-site/v5/C2Data-6053-Type2;189292.0000;DATA;1611606924.085262
/ndn/d7-site/d7/C2Data-2665-Type2;120898.0000;DATA;1611606924.211188
/ndn/h4-site/h4/C2Data-245-Type3;168148.0000;DATA;1611606925.169185
/ndn/v12-site/v12/C2Data-3478-Type3;168077.0000;DATA;1611606925.261247
/ndn/d8-site/d8/C2Data-2786-Type1;102937.0000;DATA;1611606925.656263
/ndn/d2-site/d2/C2Data-2060-Type1;49380.0000;DATA;1611606926.054263
/ndn/v10-site/v10/C2Data-3356-Type3;117837.0000;DATA;1611606927.766291
/ndn/d2-site/d2/C2Data-2060-Type2;53354.0000;DATA;1611606927.962308
/ndn/h12-site/h12/C2Data-1455-Type2;128517.0000;DATA;1611606928.098289
/ndn/h9-site/h9/C2Data-1092-Type1;144058.0000;DATA;1611606928.855184
/ndn/v6-site/v6/C2Data-900-Type4;21565.0000;NACK;1611606930.939290
/ndn/d5-site/d5/C2Data-2423-Type2;141630.0000;DATA;1611606931.282186
/ndn/v9-site/v9/C2Data-6537-Type1;186676.0000;DATA;1611606931.420335
/ndn/s12-site/s12/C2Data-5085-Type1;6000214.0000;TIMEOUT;1611606929.217044
/ndn/h9-site/h9/C2Data-550-Type3;141911.0000;DATA;1611606935.761235
/ndn/s7-site/s7/C2Data-2258-Type3;6001888.0000;TIMEOUT;1611606930.879265
/ndn/v2-site/v2/C2Data-2868-Type3;145501.0000;DATA;1611606936.928280
/ndn/s11-site/s11/C2Data-4964-Type2;6000169.0000;TIMEOUT;1611606932.069192
/ndn/v5-site/v5/C2Data-3051-Type3;190666.0000;DATA;1611606939.153277
/ndn/d8-site/d8/C2Data-1404-Type3;69829.0000;DATA;1611606939.352729
/ndn/s6-site/s6/C2Data-2197-Type3;6000731.0000;TIMEOUT;1611606934.001245
/ndn/h4-site/h4/C2Data-488-Type1;160362.0000;DATA;1611606952.410296
/ndn/v1-site/v1/C2Data-5570-Type1;166363.0000;DATA;1611606952.524261
/ndn/h0-site/h0/C2Data-4-Type2;202645.0000;DATA;1611606953.912260
/ndn/v1-site/v1/C2Data-775-Type4;162613.0000;DATA;1611606955.845224
/ndn/h5-site/h5/C2Data-609-Type1;122626.0000;DATA;1611606956.656246
/ndn/d4-site/d4/C2Data-2303-Type1;48803.0000;DATA;1611606957.569236
/ndn/h12-site/h12/C2Data-1456-Type2;122106.0000;DATA;1611606958.873207
/ndn/s13-site/s13/C2Data-5207-Type1;6000367.0000;TIMEOUT;1611606953.522259
/ndn/v12-site/v12/C2Data-1050-Type4;180809.0000;DATA;1611606959.706263
/ndn/d2-site/d2/C2Data-2061-Type2;48794.0000;DATA;1611606960.390265
/ndn/d11-site/d11/C2Data-3150-Type1;117278.0000;DATA;1611606960.563295
/ndn/h12-site/h12/C2Data-1456-Type1;118985.0000;DATA;1611606960.595274
/ndn/v3-site/v3/C2Data-5812-Type2;95688.0000;DATA;1611606962.235289
/ndn/h11-site/h11/C2Data-1335-Type2;47934.0000;DATA;1611606963.405243
/ndn/s7-site/s7/C2Data-4481-Type2;6002542.0000;TIMEOUT;1611606959.313198
/ndn/h0-site/h0/C2Data-0-Type4;190806.0000;DATA;1611606966.688340
/ndn/s6-site/s6/C2Data-4360-Type2;6001097.0000;TIMEOUT;1611606963.976345
/ndn/h2-site/h2/C2Data-50-Type4;132725.0000;DATA;1611606970.601675
/ndn/v5-site/v5/C2Data-3052-Type3;186677.0000;DATA;1611606978.900275
/ndn/d0-site/d0/C2Data-375-Type4;73584.0000;DATA;1611606980.045308
/ndn/h2-site/h2/C2Data-247-Type1;126123.0000;DATA;1611606984.942214
/ndn/d7-site/d7/C2Data-2667-Type1;118275.0000;DATA;1611606986.777257
/ndn/h3-site/h3/C2Data-368-Type2;143524.0000;DATA;1611606987.518204
/ndn/h10-site/h10/C2Data-1215-Type2;167575.0000;DATA;1611606988.759269
/ndn/v12-site/v12/C2Data-3479-Type3;169286.0000;DATA;1611606989.543993
/ndn/h4-site/h4/C2Data-489-Type1;168537.0000;DATA;1611606991.834568
/ndn/v7-site/v7/C2Data-6297-Type1;140473.0000;DATA;1611606992.840228
/ndn/s14-site/s14/C2Data-5329-Type1;6000241.0000;TIMEOUT;1611606987.212284
/ndn/h6-site/h6/C2Data-368-Type3;167388.0000;DATA;1611606993.866233
/ndn/s8-site/s8/C2Data-2320-Type3;6000452.0000;TIMEOUT;1611606988.862499
/ndn/d2-site/d2/C2Data-1039-Type3;50191.0000;DATA;1611606995.278280
/ndn/s12-site/s12/C2Data-2564-Type3;6001820.0000;TIMEOUT;1611606989.934259
/ndn/d1-site/d1/C2Data-978-Type3;67080.0000;DATA;1611606995.954313
/ndn/h7-site/h7/C2Data-429-Type3;226202.0000;DATA;1611606995.794016
/ndn/s13-site/s13/C2Data-2625-Type3;6000635.0000;TIMEOUT;1611606991.110232
/ndn/d4-site/d4/C2Data-1161-Type3;49808.0000;DATA;1611606997.620246
/ndn/d4-site/d4/C2Data-2305-Type2;47981.0000;DATA;1611607012.318314
/ndn/v1-site/v1/C2Data-5572-Type2;274876.0000;DATA;1611607015.302201
/ndn/d2-site/d2/C2Data-2063-Type2;51066.0000;DATA;1611607019.847152
/ndn/d11-site/d11/C2Data-3152-Type2;121021.0000;DATA;1611607020.108278
/ndn/h0-site/h0/C2Data-6-Type2;125668.0000;DATA;1611607021.784280
/ndn/v10-site/v10/C2Data-6661-Type1;130295.0000;DATA;1611607022.322177
/ndn/h13-site/h13/C2Data-1579-Type2;69336.0000;DATA;1611607023.007287
/ndn/h14-site/h14/C2Data-1701-Type1;72822.0000;DATA;1611607043.255166
/ndn/v3-site/v3/C2Data-2931-Type3;94543.0000;DATA;1611607043.517325
/ndn/d7-site/d7/C2Data-2669-Type2;122026.0000;DATA;1611607044.097340
/ndn/d5-site/d5/C2Data-2427-Type2;148393.0000;DATA;1611607045.271310
/ndn/s2-site/s2/C2Data-1955-Type3;6000376.0000;TIMEOUT;1611607040.099253
/ndn/h3-site/h3/C2Data-370-Type1;141468.0000;DATA;1611607046.357581
/ndn/v2-site/v2/C2Data-5694-Type2;142587.0000;DATA;1611607046.798303
/ndn/h7-site/h7/C2Data-854-Type2;213626.0000;DATA;1611607046.746320
/ndn/v10-site/v10/C2Data-3358-Type3;119967.0000;DATA;1611607046.879274
/ndn/h9-site/h9/C2Data-1096-Type1;148016.0000;DATA;1611607046.913287
