/ndn/h12-site/h12/C2Data-1452-Type2;634.0000;NACK;1611605674.649078
/ndn/s7-site/s7/C2Data-4477-Type2;121846.0000;DATA;1611605676.203093
/ndn/s0-site/s0/C2Data-3630-Type1;147907.0000;DATA;1611605676.276097
/ndn/s4-site/s4/C2Data-4114-Type1;509.0000;NACK;1611605676.818413
/ndn/h9-site/h9/C2Data-1089-Type2;120668.0000;DATA;1611605676.912115
/ndn/h9-site/h9/C2Data-1089-Type1;73581.0000;DATA;1611605676.994091
/ndn/s10-site/s10/C2Data-4840-Type2;596.0000;NACK;1611605678.447190
/ndn/s14-site/s14/C2Data-5324-Type2;24031.0000;DATA;1611605680.261050
/ndn/s11-site/s11/C2Data-4961-Type2;143845.0000;DATA;1611605682.864038
/ndn/d14-site/d14/C2Data-3509-Type2;95113.0000;DATA;1611605683.530080
/ndn/h2-site/h2/C2Data-242-Type1;415.0000;NACK;1611605684.938068
/ndn/h11-site/h11/C2Data-671-Type3;108600.0000;DATA;1611605698.162082
/ndn/h7-site/h7/C2Data-427-Type3;253747.0000;DATA;1611605698.850210
/ndn/v5-site/v5/C2Data-3050-Type3;131588.0000;DATA;1611605699.505026
/ndn/v0-site/v0/C2Data-5446-Type1;140268.0000;DATA;1611605704.141048
/ndn/d2-site/d2/C2Data-2058-Type1;597.0000;DATA;1611605707.903141
/ndn/h6-site/h6/C2Data-727-Type2;190036.0000;DATA;1611605709.996163
/ndn/v12-site/v12/C2Data-3477-Type3;24764.0000;DATA;1611605710.665094
/ndn/v6-site/v6/C2Data-3111-Type3;570.0000;DATA;1611605710.833020
/ndn/v11-site/v11/C2Data-6777-Type2;70902.0000;DATA;1611605712.151086
/ndn/v14-site/v14/C2Data-7140-Type1;150896.0000;DATA;1611605712.981091
/ndn/h5-site/h5/C2Data-606-Type1;145290.0000;DATA;1611605713.179080
/ndn/h3-site/h3/C2Data-183-Type3;27917.0000;DATA;1611605717.916599
/ndn/d5-site/d5/C2Data-1220-Type3;48357.0000;DATA;1611605719.309080
/ndn/d9-site/d9/C2Data-1464-Type3;25783.0000;DATA;1611605720.587103
/ndn/s12-site/s12/C2Data-2562-Type3;24875.0000;DATA;1611605721.768095
/ndn/s14-site/s14/C2Data-5326-Type1;100239.0000;DATA;1611605734.438159
/ndn/v2-site/v2/C2Data-5689-Type1;98695.0000;DATA;1611605734.500115
/ndn/h11-site/h11/C2Data-1333-Type2;99264.0000;DATA;1611605734.729094
/ndn/h3-site/h3/C2Data-365-Type1;72119.0000;DATA;1611605734.893082
/ndn/v4-site/v4/C2Data-5931-Type2;119112.0000;DATA;1611605734.853021
/ndn/s6-site/s6/C2Data-4358-Type1;47281.0000;DATA;1611605735.037051
/ndn/v12-site/v12/C2Data-6899-Type1;97964.0000;DATA;1611605735.016099
/ndn/d10-site/d10/C2Data-3027-Type2;52123.0000;DATA;1611605736.545066
/ndn/s4-site/s4/C2Data-4116-Type1;509.0000;NACK;1611605736.700114
/ndn/v13-site/v13/C2Data-7020-Type2;120356.0000;DATA;1611605737.263109
/ndn/s3-site/s3/C2Data-3995-Type2;119115.0000;DATA;1611605739.695113
/ndn/v8-site/v8/C2Data-6415-Type2;23272.0000;DATA;1611605741.465039
/ndn/d0-site/d0/C2Data-1817-Type1;23376.0000;DATA;1611605741.790062
/ndn/v12-site/v12/C2Data-6899-Type2;24120.0000;DATA;1611605745.485058
/ndn/h1-site/h1/C2Data-123-Type1;601.0000;DATA;1611605745.833128
/ndn/s9-site/s9/C2Data-2380-Type3;142255.0000;DATA;1611605758.285137
/ndn/v3-site/v3/C2Data-2929-Type3;196140.0000;DATA;1611605760.897238
/ndn/s6-site/s6/C2Data-2197-Type3;121043.0000;DATA;1611605761.161053
/ndn/v9-site/v9/C2Data-6537-Type1;221072.0000;DATA;1611605764.311071
/ndn/h13-site/h13/C2Data-1576-Type2;117612.0000;DATA;1611605765.045075
/ndn/d1-site/d1/C2Data-1939-Type1;594.0000;DATA;1611605765.528048
/ndn/h9-site/h9/C2Data-550-Type3;25822.0000;DATA;1611605766.343026
/ndn/s12-site/s12/C2Data-2563-Type3;117722.0000;DATA;1611605767.353115
/ndn/s13-site/s13/C2Data-5206-Type2;47749.0000;DATA;1611605768.192653
/ndn/d12-site/d12/C2Data-1648-Type3;24130.0000;DATA;1611605768.882052
/ndn/d2-site/d2/C2Data-425-Type4;25023.0000;DATA;1611605770.423098
/ndn/s1-site/s1/C2Data-1892-Type3;27052.0000;DATA;1611605770.938195
/ndn/h14-site/h14/C2Data-350-Type4;93332.0000;DATA;1611605772.755175
/ndn/d13-site/d13/C2Data-3391-Type2;71633.0000;DATA;1611605773.051121
/ndn/h2-site/h2/C2Data-123-Type3;96107.0000;DATA;1611605774.101028
/ndn/v7-site/v7/C2Data-6295-Type2;25459.0000;DATA;1611605774.236013
/ndn/v5-site/v5/C2Data-6053-Type2;24627.0000;DATA;1611605774.948144
/ndn/h13-site/h13/C2Data-325-Type4;99518.0000;DATA;1611605780.192128
/ndn/v2-site/v2/C2Data-2868-Type3;24863.0000;DATA;1611605780.561056
/ndn/h2-site/h2/C2Data-50-Type4;160400.0000;DATA;1611605786.021098
/ndn/d6-site/d6/C2Data-525-Type4;94421.0000;DATA;1611605791.045099
/ndn/v13-site/v13/C2Data-7022-Type1;195123.0000;DATA;1611605794.800823
/ndn/v8-site/v8/C2Data-6417-Type1;217492.0000;DATA;1611605795.406089
/ndn/s11-site/s11/C2Data-4965-Type1;142220.0000;DATA;1611605797.387081
/ndn/v1-site/v1/C2Data-5570-Type2;23723.0000;DATA;1611605799.575089
/ndn/v0-site/v0/C2Data-5449-Type1;24450.0000;DATA;1611605800.162145
/ndn/d12-site/d12/C2Data-3271-Type1;26119.0000;DATA;1611605800.521090
/ndn/v3-site/v3/C2Data-5812-Type1;24311.0000;DATA;1611605800.793079
/ndn/d0-site/d0/C2Data-1819-Type1;24997.0000;DATA;1611605800.936063
/ndn/v9-site/v9/C2Data-6538-Type2;24062.0000;DATA;1611605801.700050
/ndn/d3-site/d3/C2Data-2182-Type2;120470.0000;DATA;1611605801.744236
/ndn/h5-site/h5/C2Data-609-Type2;145848.0000;DATA;1611605802.109081
/ndn/v14-site/v14/C2Data-7143-Type1;141068.0000;DATA;1611605803.266186
/ndn/h4-site/h4/C2Data-488-Type2;24346.0000;DATA;1611605803.569074
/ndn/h9-site/h9/C2Data-1093-Type1;24427.0000;DATA;1611605804.851107
/ndn/v9-site/v9/C2Data-975-Type4;265831.0000;DATA;1611605806.334105
/ndn/h6-site/h6/C2Data-150-Type4;30300.0000;DATA;1611605817.332052
/ndn/s4-site/s4/C2Data-2076-Type3;213811.0000;DATA;1611605820.515101
/ndn/h1-site/h1/C2Data-25-Type4;473.0000;DATA;1611605822.363025
/ndn/v14-site/v14/C2Data-1100-Type4;47396.0000;DATA;1611605822.430112
/ndn/v4-site/v4/C2Data-2991-Type3;29051.0000;DATA;1611605823.092114
/ndn/h6-site/h6/C2Data-368-Type3;188172.0000;DATA;1611605824.218072
/ndn/s1-site/s1/C2Data-3756-Type2;121102.0000;DATA;1611605825.286097
/ndn/h12-site/h12/C2Data-1457-Type2;483.0000;DATA;1611605826.139043
/ndn/h9-site/h9/C2Data-1094-Type1;118296.0000;DATA;1611605826.475027
/ndn/d10-site/d10/C2Data-3030-Type1;152266.0000;DATA;1611605827.204092
/ndn/d13-site/d13/C2Data-3393-Type2;25915.0000;DATA;1611605827.569101
/ndn/s11-site/s11/C2Data-4966-Type2;242010.0000;DATA;1611605827.859108
/ndn/v3-site/v3/C2Data-5813-Type2;117365.0000;DATA;1611605828.747050
/ndn/h6-site/h6/C2Data-731-Type2;194643.0000;DATA;1611605829.479088
/ndn/v13-site/v13/C2Data-7023-Type2;69555.0000;DATA;1611605829.934059
/ndn/s10-site/s10/C2Data-4845-Type2;785.0000;DATA;1611605830.675049
/ndn/v9-site/v9/C2Data-3296-Type3;220873.0000;DATA;1611605830.660115
/ndn/h6-site/h6/C2Data-731-Type1;68821.0000;DATA;1611605832.269040
/ndn/h0-site/h0/C2Data-5-Type1;213502.0000;DATA;1611605832.884035
/ndn/v0-site/v0/C2Data-2747-Type3;25563.0000;DATA;1611605833.329094
/ndn/h12-site/h12/C2Data-734-Type3;572.0000;DATA;1611605834.456040
/ndn/v5-site/v5/C2Data-6056-Type1;125740.0000;DATA;1611605854.163015
/ndn/h4-site/h4/C2Data-490-Type2;187055.0000;DATA;1611605854.431125
/ndn/v11-site/v11/C2Data-6782-Type1;714.0000;DATA;1611605854.698214
/ndn/d9-site/d9/C2Data-2910-Type2;92314.0000;DATA;1611605856.872102
/ndn/d7-site/d7/C2Data-2668-Type2;71867.0000;DATA;1611605857.773028
/ndn/s2-site/s2/C2Data-3878-Type2;98827.0000;DATA;1611605858.274040
/ndn/s12-site/s12/C2Data-5088-Type2;151664.0000;DATA;1611605859.781115
/ndn/v7-site/v7/C2Data-6298-Type1;72778.0000;DATA;1611605861.512118
/ndn/s3-site/s3/C2Data-3999-Type1;146093.0000;DATA;1611605861.730127
/ndn/h9-site/h9/C2Data-1095-Type1;25286.0000;DATA;1611605862.018030
/ndn/h9-site/h9/C2Data-1095-Type2;24233.0000;DATA;1611605864.484065
/ndn/d7-site/d7/C2Data-2668-Type1;77755.0000;DATA;1611605865.284102
/ndn/h7-site/h7/C2Data-853-Type2;145497.0000;DATA;1611605865.265212
/ndn/d14-site/d14/C2Data-1772-Type3;98636.0000;DATA;1611605879.523092
/ndn/s10-site/s10/C2Data-2443-Type3;630.0000;DATA;1611605879.788071
/ndn/d4-site/d4/C2Data-1162-Type3;79033.0000;DATA;1611605883.610073
/ndn/s12-site/s12/C2Data-5089-Type1;236848.0000;DATA;1611605884.180073
/ndn/s7-site/s7/C2Data-2260-Type3;556.0000;DATA;1611605886.038075
/ndn/s7-site/s7/C2Data-4484-Type2;520.0000;DATA;1611605887.252043
/ndn/s3-site/s3/C2Data-4000-Type2;23333.0000;DATA;1611605888.610322
