/ndn/s8-site/s8/C2Data-4598-Type1;165885.0000;DATA;1611608580.165832
/ndn/h9-site/h9/C2Data-1089-Type1;50058.0000;DATA;1611608581.309800
/ndn/s12-site/s12/C2Data-5082-Type2;164037.0000;DATA;1611608583.004848
/ndn/v8-site/v8/C2Data-6413-Type1;141225.0000;DATA;1611608583.476801
/ndn/h4-site/h4/C2Data-484-Type2;120736.0000;DATA;1611608583.989828
/ndn/v3-site/v3/C2Data-5808-Type1;550.0000;NACK;1611608585.390829
/ndn/d8-site/d8/C2Data-2783-Type1;71755.0000;DATA;1611608585.488823
/ndn/v14-site/v14/C2Data-7139-Type1;514.0000;NACK;1611608586.167756
/ndn/d9-site/d9/C2Data-2904-Type1;23765.0000;DATA;1611608589.720796
/ndn/h10-site/h10/C2Data-1210-Type1;52927.0000;DATA;1611608589.836816
/ndn/v0-site/v0/C2Data-5445-Type2;74888.0000;DATA;1611608590.040828
/ndn/s6-site/s6/C2Data-4356-Type1;46451.0000;DATA;1611608590.531740
/ndn/s10-site/s10/C2Data-4840-Type2;20815.0000;NACK;1611608591.447737
/ndn/s10-site/s10/C2Data-2440-Type3;245614.0000;DATA;1611608603.732344
/ndn/s7-site/s7/C2Data-2257-Type3;174983.0000;DATA;1611608605.399758
/ndn/h4-site/h4/C2Data-244-Type3;107585.0000;DATA;1611608605.919819
/ndn/v4-site/v4/C2Data-2989-Type3;424.0000;NACK;1611608606.887821
/ndn/h9-site/h9/C2Data-549-Type3;46791.0000;DATA;1611608609.639834
/ndn/v8-site/v8/C2Data-6414-Type1;143211.0000;DATA;1611608610.383427
/ndn/h12-site/h12/C2Data-732-Type3;235416.0000;DATA;1611608610.768761
/ndn/d9-site/d9/C2Data-2905-Type2;26280.0000;DATA;1611608612.015805
/ndn/v7-site/v7/C2Data-3172-Type3;524.0000;NACK;1611608612.471787
/ndn/s2-site/s2/C2Data-3873-Type2;142742.0000;DATA;1611608612.365747
/ndn/d9-site/d9/C2Data-1464-Type3;24061.0000;DATA;1611608612.946835
/ndn/s5-site/s5/C2Data-4236-Type1;25279.0000;DATA;1611608613.294824
/ndn/v1-site/v1/C2Data-5567-Type2;504.0000;NACK;1611608614.786796
/ndn/s1-site/s1/C2Data-1891-Type3;187926.0000;DATA;1611608615.577843
/ndn/v13-site/v13/C2Data-7019-Type1;137602.0000;DATA;1611608616.073822
/ndn/d12-site/d12/C2Data-1647-Type3;49013.0000;DATA;1611608616.728760
/ndn/d10-site/d10/C2Data-1525-Type3;122138.0000;DATA;1611608616.660799
/ndn/h1-site/h1/C2Data-61-Type3;92116.0000;DATA;1611608616.960894
/ndn/d0-site/d0/C2Data-1816-Type1;46950.0000;DATA;1611608617.316837
/ndn/h13-site/h13/C2Data-793-Type3;119845.0000;DATA;1611608618.091838
/ndn/v11-site/v11/C2Data-6777-Type1;20999.0000;NACK;1611608618.502849
/ndn/h12-site/h12/C2Data-1453-Type2;145811.0000;DATA;1611608620.037831
/ndn/v9-site/v9/C2Data-6535-Type2;142362.0000;DATA;1611608620.425826
/ndn/v6-site/v6/C2Data-6172-Type2;21288.0000;NACK;1611608620.566819
/ndn/s2-site/s2/C2Data-3873-Type1;148984.0000;DATA;1611608621.528792
/ndn/s0-site/s0/C2Data-3631-Type1;72089.0000;DATA;1611608621.690828
/ndn/v9-site/v9/C2Data-3294-Type3;165338.0000;DATA;1611608622.814808
/ndn/h6-site/h6/C2Data-366-Type3;26126.0000;DATA;1611608623.668809
/ndn/h10-site/h10/C2Data-610-Type3;52453.0000;DATA;1611608623.694785
/ndn/h11-site/h11/C2Data-671-Type3;158618.0000;DATA;1611608623.772818
/ndn/h7-site/h7/C2Data-427-Type3;180776.0000;DATA;1611608626.762794
/ndn/d8-site/d8/C2Data-2785-Type2;76497.0000;DATA;1611608642.051848
/ndn/h14-site/h14/C2Data-1696-Type2;198521.0000;DATA;1611608642.236905
/ndn/v7-site/v7/C2Data-6294-Type1;94819.0000;DATA;1611608643.719612
/ndn/v14-site/v14/C2Data-7141-Type2;96895.0000;DATA;1611608644.203792
/ndn/s1-site/s1/C2Data-3753-Type1;191227.0000;DATA;1611608645.691839
/ndn/v1-site/v1/C2Data-5568-Type2;123820.0000;DATA;1611608646.825868
/ndn/v0-site/v0/C2Data-5447-Type1;73717.0000;DATA;1611608648.371757
/ndn/v4-site/v4/C2Data-5931-Type2;141863.0000;DATA;1611608648.872821
/ndn/h12-site/h12/C2Data-1454-Type1;243630.0000;DATA;1611608649.007818
/ndn/d10-site/d10/C2Data-3027-Type2;122727.0000;DATA;1611608649.246358
/ndn/d11-site/d11/C2Data-1587-Type3;68990.0000;DATA;1611608665.457826
/ndn/s11-site/s11/C2Data-2502-Type3;181383.0000;DATA;1611608666.860790
/ndn/h7-site/h7/C2Data-428-Type3;175238.0000;DATA;1611608667.483775
/ndn/d5-site/d5/C2Data-1221-Type3;143585.0000;DATA;1611608668.602815
/ndn/h3-site/h3/C2Data-184-Type3;93632.0000;DATA;1611608669.571793
/ndn/v14-site/v14/C2Data-7142-Type1;102389.0000;DATA;1611608670.963782
/ndn/v10-site/v10/C2Data-3356-Type3;23611.0000;DATA;1611608671.832741
/ndn/v1-site/v1/C2Data-2807-Type3;114997.0000;DATA;1611608671.969720
/ndn/h4-site/h4/C2Data-487-Type2;119312.0000;DATA;1611608672.653755
/ndn/v4-site/v4/C2Data-5932-Type2;141814.0000;DATA;1611608672.856942
/ndn/h9-site/h9/C2Data-1092-Type1;51492.0000;DATA;1611608673.292759
/ndn/v14-site/v14/C2Data-7142-Type2;100012.0000;DATA;1611608673.421793
/ndn/h0-site/h0/C2Data-3-Type1;147618.0000;DATA;1611608674.234843
/ndn/h9-site/h9/C2Data-550-Type3;47211.0000;DATA;1611608675.011906
/ndn/d14-site/d14/C2Data-1770-Type3;142771.0000;DATA;1611608676.457853
/ndn/v5-site/v5/C2Data-6053-Type2;140494.0000;DATA;1611608676.605765
/ndn/v9-site/v9/C2Data-6537-Type1;137978.0000;DATA;1611608676.847794
/ndn/v12-site/v12/C2Data-3478-Type3;118230.0000;DATA;1611608677.749784
/ndn/d4-site/d4/C2Data-2302-Type2;140311.0000;DATA;1611608678.413864
/ndn/s0-site/s0/C2Data-3633-Type1;6000514.0000;TIMEOUT;1611608672.621815
/ndn/d0-site/d0/C2Data-1818-Type1;47465.0000;DATA;1611608678.744782
/ndn/h7-site/h7/C2Data-850-Type2;169545.0000;DATA;1611608679.591810
/ndn/h6-site/h6/C2Data-729-Type2;115766.0000;DATA;1611608681.228787
/ndn/s2-site/s2/C2Data-1953-Type3;6000250.0000;TIMEOUT;1611608676.666823
/ndn/h5-site/h5/C2Data-306-Type3;71606.0000;DATA;1611608684.474829
/ndn/s9-site/s9/C2Data-4722-Type2;6000231.0000;TIMEOUT;1611608679.412746
/ndn/s1-site/s1/C2Data-3754-Type1;6000332.0000;TIMEOUT;1611608679.801828
/ndn/d10-site/d10/C2Data-1526-Type3;120623.0000;DATA;1611608686.385861
/ndn/s8-site/s8/C2Data-4601-Type1;6000555.0000;TIMEOUT;1611608680.692753
/ndn/h11-site/h11/C2Data-672-Type3;139643.0000;DATA;1611608686.824763
/ndn/h11-site/h11/C2Data-275-Type4;167427.0000;DATA;1611608689.166809
/ndn/s4-site/s4/C2Data-2075-Type3;6000249.0000;TIMEOUT;1611608683.649785
/ndn/d6-site/d6/C2Data-525-Type4;72018.0000;DATA;1611608695.246352
/ndn/h6-site/h6/C2Data-730-Type1;120477.0000;DATA;1611608702.891790
/ndn/v2-site/v2/C2Data-5691-Type1;24878.0000;DATA;1611608703.316832
/ndn/v10-site/v10/C2Data-6659-Type2;26002.0000;DATA;1611608703.365995
/ndn/h7-site/h7/C2Data-851-Type2;161419.0000;DATA;1611608703.571812
/ndn/d10-site/d10/C2Data-3029-Type2;124697.0000;DATA;1611608703.761850
/ndn/v14-site/v14/C2Data-7143-Type2;100164.0000;DATA;1611608704.052858
/ndn/v5-site/v5/C2Data-875-Type4;140639.0000;DATA;1611608704.112743
/ndn/v8-site/v8/C2Data-6417-Type1;142407.0000;DATA;1611608707.408759
/ndn/d0-site/d0/C2Data-1819-Type2;46658.0000;DATA;1611608708.239834
/ndn/h2-site/h2/C2Data-246-Type2;239096.0000;DATA;1611608710.370899
/ndn/h12-site/h12/C2Data-300-Type4;241581.0000;DATA;1611608713.176882
/ndn/v7-site/v7/C2Data-925-Type4;106602.0000;DATA;1611608715.654357
/ndn/d8-site/d8/C2Data-575-Type4;93143.0000;DATA;1611608718.469834
/ndn/v2-site/v2/C2Data-2869-Type3;23569.0000;DATA;1611608725.496809
/ndn/h9-site/h9/C2Data-225-Type4;63050.0000;DATA;1611608726.707839
/ndn/v3-site/v3/C2Data-2930-Type3;127362.0000;DATA;1611608730.237742
/ndn/v13-site/v13/C2Data-7023-Type1;140487.0000;DATA;1611608730.619754
/ndn/h11-site/h11/C2Data-1336-Type2;145159.0000;DATA;1611608730.995845
/ndn/d5-site/d5/C2Data-500-Type4;91987.0000;DATA;1611608732.054778
/ndn/h9-site/h9/C2Data-551-Type3;46642.0000;DATA;1611608732.707782
/ndn/h13-site/h13/C2Data-1578-Type1;118251.0000;DATA;1611608733.668807
/ndn/d6-site/d6/C2Data-1283-Type3;71767.0000;DATA;1611608734.131831
/ndn/v3-site/v3/C2Data-5813-Type1;127445.0000;DATA;1611608734.740740
/ndn/d2-site/d2/C2Data-2062-Type1;69443.0000;DATA;1611608735.121790
/ndn/s14-site/s14/C2Data-5329-Type1;6000239.0000;TIMEOUT;1611608729.882783
/ndn/v12-site/v12/C2Data-6902-Type1;120447.0000;DATA;1611608736.288740
/ndn/d10-site/d10/C2Data-1527-Type3;115219.0000;DATA;1611608737.072860
/ndn/h10-site/h10/C2Data-612-Type3;47585.0000;DATA;1611608737.307783
/ndn/h8-site/h8/C2Data-490-Type3;48425.0000;DATA;1611608738.324744
/ndn/v6-site/v6/C2Data-3113-Type3;116094.0000;DATA;1611608739.128761
/ndn/v5-site/v5/C2Data-6055-Type2;142505.0000;DATA;1611608739.747923
/ndn/s5-site/s5/C2Data-4240-Type2;6000199.0000;TIMEOUT;1611608734.535828
/ndn/v0-site/v0/C2Data-2747-Type3;71216.0000;DATA;1611608740.511751
/ndn/v14-site/v14/C2Data-3601-Type3;94336.0000;DATA;1611608740.528775
/ndn/s8-site/s8/C2Data-4603-Type1;6000221.0000;TIMEOUT;1611608735.941912
/ndn/v5-site/v5/C2Data-3052-Type3;154121.0000;DATA;1611608742.360277
/ndn/v13-site/v13/C2Data-3540-Type3;146199.0000;DATA;1611608743.328811
/ndn/s11-site/s11/C2Data-2503-Type3;6000288.0000;TIMEOUT;1611608738.435788
/ndn/d4-site/d4/C2Data-1161-Type3;151535.0000;DATA;1611608745.565800
/ndn/h6-site/h6/C2Data-368-Type3;123401.0000;DATA;1611608745.707790
/ndn/v2-site/v2/C2Data-5693-Type2;25497.0000;DATA;1611608761.563796
/ndn/v3-site/v3/C2Data-5814-Type1;117403.0000;DATA;1611608762.276837
/ndn/h9-site/h9/C2Data-1095-Type1;48257.0000;DATA;1611608762.374788
/ndn/h10-site/h10/C2Data-1216-Type1;47600.0000;DATA;1611608766.203754
/ndn/s8-site/s8/C2Data-4604-Type2;6000450.0000;TIMEOUT;1611608760.399815
/ndn/d9-site/d9/C2Data-2910-Type1;23658.0000;DATA;1611608766.754907
/ndn/s0-site/s0/C2Data-3636-Type2;6000324.0000;TIMEOUT;1611608761.182832
/ndn/d11-site/d11/C2Data-3152-Type1;70354.0000;DATA;1611608767.767773
/ndn/h9-site/h9/C2Data-1095-Type2;48315.0000;DATA;1611608769.229837
/ndn/s2-site/s2/C2Data-3878-Type1;6000297.0000;TIMEOUT;1611608765.966877
/ndn/s0-site/s0/C2Data-3636-Type1;6000656.0000;TIMEOUT;1611608766.457826
/ndn/s11-site/s11/C2Data-4967-Type1;6000260.0000;TIMEOUT;1611608771.281847
/ndn/v0-site/v0/C2Data-2748-Type3;74818.0000;DATA;1611608788.056112
/ndn/v14-site/v14/C2Data-3602-Type3;99515.0000;DATA;1611608788.254846
/ndn/v3-site/v3/C2Data-2931-Type3;155757.0000;DATA;1611608788.299936
/ndn/v8-site/v8/C2Data-3236-Type3;79346.0000;DATA;1611608789.302832
/ndn/v14-site/v14/C2Data-7146-Type1;100695.0000;DATA;1611608790.865828
/ndn/d12-site/d12/C2Data-3274-Type1;46875.0000;DATA;1611608792.231744
/ndn/h9-site/h9/C2Data-552-Type3;48354.0000;DATA;1611608792.933819
/ndn/s7-site/s7/C2Data-2260-Type3;6000479.0000;TIMEOUT;1611608787.064807
/ndn/v4-site/v4/C2Data-5936-Type2;144698.0000;DATA;1611608792.934802
/ndn/d5-site/d5/C2Data-1223-Type3;94153.0000;DATA;1611608793.556862
/ndn/h6-site/h6/C2Data-733-Type1;117370.0000;DATA;1611608793.572856
/ndn/h9-site/h9/C2Data-1096-Type1;47653.0000;DATA;1611608794.380817
/ndn/d1-site/d1/C2Data-979-Type3;213283.0000;DATA;1611608794.568786
/ndn/v10-site/v10/C2Data-6662-Type1;25073.0000;DATA;1611608795.639765
