/ndn/s3-site/s3/C2Data-3993-Type2;142643.0000;DATA;1611602008.804160
/ndn/h3-site/h3/C2Data-363-Type2;134863.0000;DATA;1611602011.090364
/ndn/h2-site/h2/C2Data-242-Type2;541.0000;NACK;1611602011.710196
/ndn/h8-site/h8/C2Data-968-Type1;24099.0000;DATA;1611602012.475179
/ndn/v2-site/v2/C2Data-5687-Type2;47989.0000;DATA;1611602012.650274
/ndn/v3-site/v3/C2Data-5808-Type2;95370.0000;DATA;1611602013.533176
/ndn/h10-site/h10/C2Data-1210-Type2;73539.0000;DATA;1611602015.109081
/ndn/v6-site/v6/C2Data-6171-Type2;145806.0000;DATA;1611602016.662174
/ndn/s2-site/s2/C2Data-3872-Type1;120854.0000;DATA;1611602017.345094
/ndn/h14-site/h14/C2Data-1694-Type2;23834.0000;NACK;1611602019.079164
/ndn/h10-site/h10/C2Data-1210-Type1;71005.0000;DATA;1611602019.153108
/ndn/s6-site/s6/C2Data-2196-Type3;78867.0000;DATA;1611602032.104338
/ndn/s0-site/s0/C2Data-1830-Type3;48239.0000;DATA;1611602033.340236
/ndn/d0-site/d0/C2Data-915-Type3;71631.0000;DATA;1611602034.446147
/ndn/d2-site/d2/C2Data-1037-Type3;97727.0000;DATA;1611602036.128109
/ndn/v12-site/v12/C2Data-3477-Type3;466.0000;NACK;1611602037.675201
/ndn/h8-site/h8/C2Data-969-Type1;23543.0000;DATA;1611602039.389175
/ndn/v14-site/v14/C2Data-7140-Type1;71645.0000;DATA;1611602040.422249
/ndn/v9-site/v9/C2Data-3294-Type3;121774.0000;DATA;1611602040.491693
/ndn/s7-site/s7/C2Data-4478-Type2;197661.0000;DATA;1611602040.474171
/ndn/h4-site/h4/C2Data-485-Type1;96089.0000;DATA;1611602041.071105
/ndn/v1-site/v1/C2Data-5567-Type1;147039.0000;DATA;1611602041.502107
/ndn/s14-site/s14/C2Data-5325-Type1;173996.0000;DATA;1611602041.827083
/ndn/s12-site/s12/C2Data-5083-Type2;138699.0000;DATA;1611602043.227135
/ndn/h7-site/h7/C2Data-427-Type3;144214.0000;DATA;1611602043.595120
/ndn/s11-site/s11/C2Data-2501-Type3;143550.0000;DATA;1611602043.623081
/ndn/d8-site/d8/C2Data-2784-Type1;93749.0000;DATA;1611602043.803167
/ndn/d13-site/d13/C2Data-3389-Type1;145344.0000;DATA;1611602044.773724
/ndn/v8-site/v8/C2Data-3233-Type3;118773.0000;DATA;1611602046.565167
/ndn/h4-site/h4/C2Data-244-Type3;93645.0000;DATA;1611602046.700167
/ndn/h12-site/h12/C2Data-1453-Type1;209502.0000;DATA;1611602046.603235
/ndn/v7-site/v7/C2Data-6293-Type1;120340.0000;DATA;1611602047.342253
/ndn/s14-site/s14/C2Data-5325-Type2;167313.0000;DATA;1611602047.671135
/ndn/h7-site/h7/C2Data-848-Type1;140385.0000;DATA;1611602047.972148
/ndn/h3-site/h3/C2Data-364-Type2;120265.0000;DATA;1611602048.018093
/ndn/d5-site/d5/C2Data-1220-Type3;77541.0000;DATA;1611602048.796127
/ndn/s14-site/s14/C2Data-2684-Type3;171545.0000;DATA;1611602048.812122
/ndn/v1-site/v1/C2Data-5567-Type2;146650.0000;DATA;1611602049.663136
/ndn/v6-site/v6/C2Data-3111-Type3;145105.0000;DATA;1611602052.108165
/ndn/v14-site/v14/C2Data-3599-Type3;73734.0000;DATA;1611602052.443170
/ndn/v5-site/v5/C2Data-3050-Type3;173665.0000;DATA;1611602052.367144
/ndn/h1-site/h1/C2Data-61-Type3;128533.0000;DATA;1611602052.966148
/ndn/v11-site/v11/C2Data-3416-Type3;161834.0000;DATA;1611602053.885156
/ndn/s3-site/s3/C2Data-2013-Type3;150676.0000;DATA;1611602054.901146
/ndn/s1-site/s1/C2Data-3753-Type1;168258.0000;DATA;1611602067.976216
/ndn/h6-site/h6/C2Data-728-Type1;83214.0000;DATA;1611602069.325214
/ndn/d1-site/d1/C2Data-1938-Type1;188459.0000;DATA;1611602071.009154
/ndn/v8-site/v8/C2Data-6415-Type1;120878.0000;DATA;1611602071.925095
/ndn/d6-site/d6/C2Data-2543-Type2;78763.0000;DATA;1611602072.365168
/ndn/v7-site/v7/C2Data-6294-Type2;116755.0000;DATA;1611602072.678311
/ndn/h12-site/h12/C2Data-1454-Type1;218611.0000;DATA;1611602075.257188
/ndn/s2-site/s2/C2Data-3874-Type1;118554.0000;DATA;1611602075.587126
/ndn/h9-site/h9/C2Data-1091-Type1;25801.0000;DATA;1611602076.609137
/ndn/s2-site/s2/C2Data-3874-Type2;119663.0000;DATA;1611602077.659161
/ndn/h14-site/h14/C2Data-1696-Type1;166844.0000;DATA;1611602077.646092
/ndn/s5-site/s5/C2Data-4237-Type1;34869.0000;DATA;1611602078.011157
/ndn/d4-site/d4/C2Data-2301-Type2;170685.0000;DATA;1611602078.661168
/ndn/d11-site/d11/C2Data-1587-Type3;97842.0000;DATA;1611602092.118083
/ndn/v7-site/v7/C2Data-3173-Type3;125019.0000;DATA;1611602092.174155
/ndn/d2-site/d2/C2Data-1038-Type3;100402.0000;DATA;1611602093.994137
/ndn/d10-site/d10/C2Data-1526-Type3;92232.0000;DATA;1611602097.419162
/ndn/d0-site/d0/C2Data-916-Type3;77920.0000;DATA;1611602097.719168
/ndn/v14-site/v14/C2Data-3600-Type3;71043.0000;DATA;1611602098.187086
/ndn/d1-site/d1/C2Data-1939-Type2;194965.0000;DATA;1611602098.424104
/ndn/h9-site/h9/C2Data-1092-Type1;24354.0000;DATA;1611602098.780119
/ndn/s0-site/s0/C2Data-1831-Type3;6000519.0000;TIMEOUT;1611602092.848173
/ndn/v2-site/v2/C2Data-5690-Type2;46845.0000;DATA;1611602098.926186
/ndn/d7-site/d7/C2Data-1343-Type3;24040.0000;DATA;1611602099.659172
/ndn/d3-site/d3/C2Data-2181-Type2;70601.0000;DATA;1611602103.251201
/ndn/h3-site/h3/C2Data-366-Type1;118986.0000;DATA;1611602103.289178
/ndn/d5-site/d5/C2Data-2423-Type2;72890.0000;DATA;1611602104.336168
/ndn/s2-site/s2/C2Data-1953-Type3;6000509.0000;TIMEOUT;1611602098.773127
/ndn/s2-site/s2/C2Data-3875-Type2;6000416.0000;TIMEOUT;1611602099.016129
/ndn/v6-site/v6/C2Data-6174-Type1;141157.0000;DATA;1611602104.946174
/ndn/d11-site/d11/C2Data-3149-Type2;96661.0000;DATA;1611602105.194404
/ndn/s5-site/s5/C2Data-2136-Type3;46803.0000;DATA;1611602107.025093
/ndn/d7-site/d7/C2Data-2665-Type1;25269.0000;DATA;1611602107.923714
/ndn/v4-site/v4/C2Data-5932-Type1;162556.0000;DATA;1611602107.865234
/ndn/h14-site/h14/C2Data-1697-Type1;165222.0000;DATA;1611602108.650109
/ndn/h8-site/h8/C2Data-971-Type2;24129.0000;DATA;1611602109.556185
/ndn/v8-site/v8/C2Data-3234-Type3;123092.0000;DATA;1611602110.746176
/ndn/h8-site/h8/C2Data-489-Type3;24669.0000;DATA;1611602111.488174
/ndn/s3-site/s3/C2Data-3996-Type1;6002628.0000;TIMEOUT;1611602107.162155
/ndn/h6-site/h6/C2Data-367-Type3;94289.0000;DATA;1611602113.284111
/ndn/d12-site/d12/C2Data-675-Type4;76274.0000;DATA;1611602126.516167
/ndn/v5-site/v5/C2Data-875-Type4;172580.0000;DATA;1611602127.950917
/ndn/h2-site/h2/C2Data-50-Type4;224468.0000;DATA;1611602132.363156
/ndn/h2-site/h2/C2Data-246-Type2;225063.0000;DATA;1611602132.709167
/ndn/d8-site/d8/C2Data-2787-Type2;97541.0000;DATA;1611602133.442234
/ndn/h13-site/h13/C2Data-1577-Type1;101202.0000;DATA;1611602133.565216
/ndn/v14-site/v14/C2Data-1100-Type4;72163.0000;DATA;1611602135.409215
/ndn/d14-site/d14/C2Data-3513-Type1;169516.0000;DATA;1611602135.940168
/ndn/h10-site/h10/C2Data-1214-Type1;72673.0000;DATA;1611602139.037133
/ndn/s10-site/s10/C2Data-4844-Type1;6002383.0000;TIMEOUT;1611602137.069170
/ndn/v2-site/v2/C2Data-800-Type4;52454.0000;DATA;1611602145.471173
/ndn/v6-site/v6/C2Data-900-Type4;146527.0000;DATA;1611602148.632162
/ndn/h10-site/h10/C2Data-250-Type4;95812.0000;DATA;1611602150.440177
/ndn/v6-site/v6/C2Data-3113-Type3;154952.0000;DATA;1611602152.398129
/ndn/v5-site/v5/C2Data-3052-Type3;172751.0000;DATA;1611602155.387097
/ndn/h9-site/h9/C2Data-551-Type3;23644.0000;DATA;1611602156.510169
/ndn/d1-site/d1/C2Data-1941-Type1;198054.0000;DATA;1611602157.906122
/ndn/h7-site/h7/C2Data-175-Type4;140566.0000;DATA;1611602158.083099
/ndn/d6-site/d6/C2Data-525-Type4;72980.0000;DATA;1611602158.561125
/ndn/d13-site/d13/C2Data-1710-Type3;139799.0000;DATA;1611602159.379169
/ndn/v1-site/v1/C2Data-2808-Type3;144687.0000;DATA;1611602159.581082
/ndn/h2-site/h2/C2Data-247-Type2;212863.0000;DATA;1611602159.849127
/ndn/v10-site/v10/C2Data-6660-Type2;50361.0000;DATA;1611602160.974159
/ndn/v13-site/v13/C2Data-7023-Type2;118908.0000;DATA;1611602160.969183
/ndn/v0-site/v0/C2Data-2747-Type3;73923.0000;DATA;1611602161.922173
/ndn/s1-site/s1/C2Data-3756-Type1;6000470.0000;TIMEOUT;1611602158.239145
/ndn/v13-site/v13/C2Data-7023-Type1;121954.0000;DATA;1611602164.294836
/ndn/v2-site/v2/C2Data-5692-Type2;48292.0000;DATA;1611602165.049166
/ndn/h6-site/h6/C2Data-731-Type1;94233.0000;DATA;1611602165.329151
/ndn/h1-site/h1/C2Data-126-Type2;116184.0000;DATA;1611602167.024159
/ndn/s13-site/s13/C2Data-2625-Type3;6000257.0000;TIMEOUT;1611602161.867153
/ndn/h13-site/h13/C2Data-795-Type3;99096.0000;DATA;1611602167.982221
/ndn/v2-site/v2/C2Data-5692-Type1;49180.0000;DATA;1611602168.765179
/ndn/h9-site/h9/C2Data-1094-Type2;24516.0000;DATA;1611602168.799119
/ndn/d0-site/d0/C2Data-917-Type3;69861.0000;DATA;1611602168.768086
/ndn/s2-site/s2/C2Data-3877-Type2;6000323.0000;TIMEOUT;1611602163.076164
/ndn/d8-site/d8/C2Data-1405-Type3;94018.0000;DATA;1611602169.200274
/ndn/s0-site/s0/C2Data-3635-Type1;6000597.0000;TIMEOUT;1611602163.464379
/ndn/d4-site/d4/C2Data-1161-Type3;164919.0000;DATA;1611602171.446244
/ndn/s0-site/s0/C2Data-1832-Type3;6000260.0000;TIMEOUT;1611602166.300102
/ndn/d2-site/d2/C2Data-1039-Type3;96729.0000;DATA;1611602173.141138
/ndn/s3-site/s3/C2Data-3998-Type2;6000468.0000;TIMEOUT;1611602168.089611
/ndn/h0-site/h0/C2Data-2-Type3;121916.0000;DATA;1611602174.086320
/ndn/h12-site/h12/C2Data-1458-Type2;208585.0000;DATA;1611602187.858474
/ndn/v14-site/v14/C2Data-7145-Type2;69964.0000;DATA;1611602188.090122
/ndn/v5-site/v5/C2Data-6056-Type2;171785.0000;DATA;1611602188.872228
/ndn/v3-site/v3/C2Data-5814-Type2;99097.0000;DATA;1611602190.580107
/ndn/d4-site/d4/C2Data-2305-Type2;183406.0000;DATA;1611602190.932248
/ndn/d6-site/d6/C2Data-2547-Type1;69434.0000;DATA;1611602191.900203
/ndn/v0-site/v0/C2Data-5451-Type2;71935.0000;DATA;1611602193.832262
/ndn/d13-site/d13/C2Data-3394-Type2;141064.0000;DATA;1611602195.366261
/ndn/d2-site/d2/C2Data-2063-Type2;96116.0000;DATA;1611602196.482173
/ndn/v7-site/v7/C2Data-6298-Type1;114807.0000;DATA;1611602196.977268
/ndn/s8-site/s8/C2Data-4604-Type2;6000267.0000;TIMEOUT;1611602192.176145
/ndn/h8-site/h8/C2Data-974-Type1;31239.0000;DATA;1611602198.148168
/ndn/v13-site/v13/C2Data-7024-Type1;117219.0000;DATA;1611602199.112148
/ndn/d7-site/d7/C2Data-2668-Type2;24015.0000;DATA;1611602199.214184
/ndn/d1-site/d1/C2Data-1942-Type1;194903.0000;DATA;1611602199.709160
/ndn/s8-site/s8/C2Data-4604-Type1;6000246.0000;TIMEOUT;1611602195.608087
/ndn/v13-site/v13/C2Data-3541-Type3;142520.0000;DATA;1611602212.599171
/ndn/d2-site/d2/C2Data-1040-Type3;105413.0000;DATA;1611602213.051155
/ndn/d0-site/d0/C2Data-918-Type3;84817.0000;DATA;1611602214.650249
/ndn/h4-site/h4/C2Data-247-Type3;97926.0000;DATA;1611602215.538232
/ndn/h14-site/h14/C2Data-1701-Type2;168902.0000;DATA;1611602220.544927
