/ndn/s9-site/s9/C2Data-3509-Type1;146509.0000;DATA;1612147340.516069
/ndn/h2-site/h2/C2Data-242-Type2;138943.0000;DATA;1612147342.268390
/ndn/d5-site/d5/C2Data-1815-Type1;195107.0000;DATA;1612147342.815148
/ndn/h0-site/h0/C2Data-0-Type1;980.0000;DATA;1612147344.253611
/ndn/h0-site/h0/C2Data-0-Type2;750.0000;DATA;1612147344.377147
/ndn/d9-site/d9/C2Data-2299-Type2;1201.0000;DATA;1612147344.653969
/ndn/h3-site/h3/C2Data-363-Type2;115794.0000;DATA;1612147345.149558
/ndn/s8-site/s8/C2Data-3388-Type1;116523.0000;DATA;1612147345.318321
/ndn/v2-site/v2/C2Data-3872-Type1;173851.0000;DATA;1612147348.249013
/ndn/d8-site/d8/C2Data-2178-Type1;938.0000;DATA;1612147351.172898
/ndn/v8-site/v8/C2Data-4598-Type1;47979.0000;DATA;1612147351.976339
/ndn/s0-site/s0/C2Data-1220-Type3;125783.0000;DATA;1612147366.290044
/ndn/h5-site/h5/C2Data-305-Type3;30206.0000;DATA;1612147367.522076
/ndn/d2-site/d2/C2Data-732-Type3;79970.0000;DATA;1612147370.679779
/ndn/v3-site/v3/C2Data-3994-Type2;114355.0000;DATA;1612147370.795137
/ndn/h8-site/h8/C2Data-969-Type2;72204.0000;DATA;1612147371.194637
/ndn/s7-site/s7/C2Data-1647-Type3;1100.0000;DATA;1612147373.897175
/ndn/d2-site/d2/C2Data-1453-Type1;1015.0000;DATA;1612147373.905188
/ndn/h7-site/h7/C2Data-848-Type1;29681.0000;DATA;1612147374.912255
/ndn/d3-site/d3/C2Data-793-Type3;151617.0000;DATA;1612147374.751017
/ndn/s9-site/s9/C2Data-1769-Type3;152626.0000;DATA;1612147375.009311
/ndn/h4-site/h4/C2Data-485-Type1;25414.0000;DATA;1612147375.649250
/ndn/s3-site/s3/C2Data-2784-Type2;118692.0000;DATA;1612147376.210630
/ndn/v7-site/v7/C2Data-2257-Type3;1262.0000;DATA;1612147376.464049
/ndn/d9-site/d9/C2Data-1159-Type3;116246.0000;DATA;1612147378.845323
/ndn/h1-site/h1/C2Data-122-Type2;851.0000;DATA;1612147379.943232
/ndn/d1-site/d1/C2Data-671-Type3;53664.0000;DATA;1612147387.690027
/ndn/v7-site/v7/C2Data-4479-Type2;54557.0000;DATA;1612147400.721808
/ndn/h8-site/h8/C2Data-970-Type1;74822.0000;DATA;1612147401.579747
/ndn/d7-site/d7/C2Data-2059-Type1;179294.0000;DATA;1612147402.444234
/ndn/s5-site/s5/C2Data-3027-Type2;50454.0000;DATA;1612147404.502053
/ndn/h0-site/h0/C2Data-2-Type1;102644.0000;DATA;1612147408.450997
/ndn/v5-site/v5/C2Data-4237-Type1;158077.0000;DATA;1612147408.658598
/ndn/v7-site/v7/C2Data-2258-Type3;52006.0000;DATA;1612147425.489925
/ndn/v5-site/v5/C2Data-2136-Type3;239228.0000;DATA;1612147426.078507
/ndn/s4-site/s4/C2Data-1465-Type3;144270.0000;DATA;1612147426.404993
/ndn/h3-site/h3/C2Data-184-Type3;58608.0000;DATA;1612147428.401486
/ndn/h0-site/h0/C2Data-1-Type3;111095.0000;DATA;1612147429.305687
/ndn/d8-site/d8/C2Data-1099-Type3;176077.0000;DATA;1612147429.660220
/ndn/v8-site/v8/C2Data-2319-Type3;52365.0000;DATA;1612147430.074009
/ndn/h4-site/h4/C2Data-245-Type3;1038.0000;DATA;1612147430.260031
/ndn/d2-site/d2/C2Data-1455-Type2;103039.0000;DATA;1612147430.627118
/ndn/s5-site/s5/C2Data-3028-Type1;96850.0000;DATA;1612147432.783317
/ndn/s5-site/s5/C2Data-3028-Type2;67640.0000;DATA;1612147433.560253
/ndn/s2-site/s2/C2Data-1343-Type3;839.0000;DATA;1612147433.901559
/ndn/d1-site/d1/C2Data-1334-Type1;97786.0000;DATA;1612147434.200460
/ndn/h1-site/h1/C2Data-124-Type1;25933.0000;DATA;1612147434.478973
/ndn/h8-site/h8/C2Data-971-Type2;74909.0000;DATA;1612147434.778565
/ndn/s6-site/s6/C2Data-3149-Type1;1506.0000;DATA;1612147435.872481
