/ndn/d5-site/d5/C2Data-2420-Type2;169613.0000;DATA;1611602009.103274
/ndn/s14-site/s14/C2Data-5324-Type2;53786.0000;DATA;1611602009.306174
/ndn/h10-site/h10/C2Data-1210-Type2;198277.0000;DATA;1611602011.089510
/ndn/d2-site/d2/C2Data-2057-Type2;72160.0000;DATA;1611602011.984220
/ndn/d12-site/d12/C2Data-3267-Type1;119460.0000;DATA;1611602011.952082
/ndn/d4-site/d4/C2Data-2299-Type1;23711.0000;DATA;1611602014.260132
/ndn/h12-site/h12/C2Data-1452-Type2;122217.0000;DATA;1611602016.089168
/ndn/d0-site/d0/C2Data-1815-Type2;104244.0000;DATA;1611602016.256231
/ndn/v11-site/v11/C2Data-6776-Type1;49399.0000;DATA;1611602016.889093
/ndn/v14-site/v14/C2Data-7139-Type1;119933.0000;DATA;1611602017.046150
/ndn/s11-site/s11/C2Data-4961-Type1;242428.0000;DATA;1611602018.227200
/ndn/d1-site/d1/C2Data-1936-Type1;95131.0000;DATA;1611602018.640162
/ndn/h3-site/h3/C2Data-363-Type2;162723.0000;DATA;1611602018.583160
/ndn/h5-site/h5/C2Data-605-Type2;140872.0000;DATA;1611602018.930256
/ndn/s14-site/s14/C2Data-2684-Type3;53014.0000;DATA;1611602035.497120
/ndn/h13-site/h13/C2Data-1574-Type2;94738.0000;DATA;1611602039.201157
/ndn/d5-site/d5/C2Data-2421-Type2;171844.0000;DATA;1611602040.946273
/ndn/s7-site/s7/C2Data-2257-Type3;24232.0000;DATA;1611602041.107148
/ndn/v5-site/v5/C2Data-6051-Type1;211490.0000;DATA;1611602041.676143
/ndn/d10-site/d10/C2Data-3026-Type1;196370.0000;DATA;1611602041.776185
/ndn/s12-site/s12/C2Data-5083-Type1;247729.0000;DATA;1611602041.728132
/ndn/d12-site/d12/C2Data-1647-Type3;117191.0000;DATA;1611602042.366248
/ndn/d9-site/d9/C2Data-2905-Type1;164773.0000;DATA;1611602042.794108
/ndn/s11-site/s11/C2Data-4962-Type1;234161.0000;DATA;1611602044.070289
/ndn/v0-site/v0/C2Data-5446-Type2;211557.0000;DATA;1611602044.905157
/ndn/v0-site/v0/C2Data-5446-Type1;207095.0000;DATA;1611602045.829102
/ndn/v10-site/v10/C2Data-3355-Type3;138583.0000;DATA;1611602045.940186
/ndn/v2-site/v2/C2Data-2867-Type3;161665.0000;DATA;1611602045.992135
/ndn/v7-site/v7/C2Data-6293-Type2;165330.0000;DATA;1611602046.616179
/ndn/h7-site/h7/C2Data-427-Type3;235158.0000;DATA;1611602046.823185
/ndn/d4-site/d4/C2Data-2300-Type2;24506.0000;DATA;1611602047.599107
/ndn/d10-site/d10/C2Data-3026-Type2;185189.0000;DATA;1611602048.507093
/ndn/s12-site/s12/C2Data-5083-Type2;235344.0000;DATA;1611602049.651928
/ndn/v2-site/v2/C2Data-5688-Type1;190977.0000;DATA;1611602049.761143
/ndn/v3-site/v3/C2Data-2928-Type3;124210.0000;DATA;1611602050.717093
/ndn/s5-site/s5/C2Data-2135-Type3;123439.0000;DATA;1611602052.430126
/ndn/h6-site/h6/C2Data-366-Type3;189784.0000;DATA;1611602052.648113
/ndn/s13-site/s13/C2Data-2623-Type3;521.0000;NACK;1611602054.247186
/ndn/h4-site/h4/C2Data-486-Type1;186694.0000;DATA;1611602069.359156
/ndn/v4-site/v4/C2Data-5931-Type2;219029.0000;DATA;1611602069.986147
/ndn/d9-site/d9/C2Data-2906-Type1;173184.0000;DATA;1611602072.330117
/ndn/d0-site/d0/C2Data-1817-Type2;92187.0000;DATA;1611602074.178144
/ndn/d0-site/d0/C2Data-1817-Type1;92724.0000;DATA;1611602074.752190
/ndn/h5-site/h5/C2Data-607-Type1;144633.0000;DATA;1611602074.965186
/ndn/d13-site/d13/C2Data-3390-Type1;23744.0000;DATA;1611602075.384110
/ndn/h8-site/h8/C2Data-970-Type1;189059.0000;DATA;1611602077.574136
/ndn/v14-site/v14/C2Data-7141-Type2;118669.0000;DATA;1611602077.861146
/ndn/d1-site/d1/C2Data-1938-Type2;102557.0000;DATA;1611602078.256169
/ndn/d11-site/d11/C2Data-3148-Type2;153435.0000;DATA;1611602079.125144
/ndn/v12-site/v12/C2Data-6899-Type1;201318.0000;DATA;1611602079.710180
/ndn/h0-site/h0/C2Data-1-Type3;234304.0000;DATA;1611602093.968182
/ndn/h9-site/h9/C2Data-550-Type3;178526.0000;DATA;1611602098.059130
/ndn/d13-site/d13/C2Data-1709-Type3;26359.0000;DATA;1611602098.390175
/ndn/d6-site/d6/C2Data-2544-Type1;219983.0000;DATA;1611602098.573333
/ndn/h2-site/h2/C2Data-245-Type1;119396.0000;DATA;1611602098.823245
/ndn/v3-site/v3/C2Data-5811-Type2;117006.0000;DATA;1611602099.458118
/ndn/v11-site/v11/C2Data-3417-Type3;50042.0000;DATA;1611602100.133143
/ndn/s5-site/s5/C2Data-4238-Type2;118867.0000;DATA;1611602102.301106
/ndn/d3-site/d3/C2Data-2181-Type2;192896.0000;DATA;1611602102.690209
/ndn/h10-site/h10/C2Data-1213-Type1;191969.0000;DATA;1611602102.947193
/ndn/s2-site/s2/C2Data-3875-Type1;6000583.0000;TIMEOUT;1611602098.409098
/ndn/h14-site/h14/C2Data-350-Type4;73682.0000;DATA;1611602104.366192
/ndn/s2-site/s2/C2Data-1953-Type3;6000197.0000;TIMEOUT;1611602098.584166
/ndn/d8-site/d8/C2Data-1404-Type3;96003.0000;DATA;1611602104.591135
/ndn/v9-site/v9/C2Data-6537-Type1;192241.0000;DATA;1611602104.952056
/ndn/v13-site/v13/C2Data-1075-Type4;75147.0000;DATA;1611602106.182118
/ndn/v0-site/v0/C2Data-2746-Type3;217143.0000;DATA;1611602106.816116
/ndn/d14-site/d14/C2Data-3512-Type1;23837.0000;DATA;1611602107.711311
/ndn/s7-site/s7/C2Data-2258-Type3;6000387.0000;TIMEOUT;1611602102.541148
/ndn/h4-site/h4/C2Data-487-Type2;192255.0000;DATA;1611602108.872219
/ndn/v11-site/v11/C2Data-6779-Type2;47011.0000;DATA;1611602109.070092
/ndn/d6-site/d6/C2Data-2544-Type2;232622.0000;DATA;1611602109.784183
/ndn/h0-site/h0/C2Data-0-Type4;221565.0000;DATA;1611602111.192097
/ndn/d2-site/d2/C2Data-1038-Type3;73836.0000;DATA;1611602112.068135
/ndn/d11-site/d11/C2Data-1587-Type3;143847.0000;DATA;1611602113.737138
/ndn/v8-site/v8/C2Data-3234-Type3;222661.0000;DATA;1611602114.016187
/ndn/d14-site/d14/C2Data-725-Type4;27472.0000;DATA;1611602118.769851
/ndn/h1-site/h1/C2Data-125-Type2;49595.0000;DATA;1611602128.085551
/ndn/d4-site/d4/C2Data-2303-Type1;24008.0000;DATA;1611602128.796085
/ndn/d2-site/d2/C2Data-425-Type4;76350.0000;DATA;1611602129.877190
/ndn/d8-site/d8/C2Data-2787-Type2;95267.0000;DATA;1611602131.106187
/ndn/d14-site/d14/C2Data-3513-Type1;24784.0000;DATA;1611602131.503213
/ndn/h4-site/h4/C2Data-488-Type1;193884.0000;DATA;1611602131.401148
/ndn/h6-site/h6/C2Data-730-Type1;191234.0000;DATA;1611602131.892190
/ndn/h4-site/h4/C2Data-100-Type4;193219.0000;DATA;1611602132.050145
/ndn/d11-site/d11/C2Data-3150-Type1;149644.0000;DATA;1611602133.438202
/ndn/s0-site/s0/C2Data-3634-Type2;6000300.0000;TIMEOUT;1611602128.133198
/ndn/v11-site/v11/C2Data-1025-Type4;49455.0000;DATA;1611602136.764161
/ndn/d10-site/d10/C2Data-3029-Type2;190867.0000;DATA;1611602136.655145
/ndn/h6-site/h6/C2Data-150-Type4;187544.0000;DATA;1611602137.379151
/ndn/v10-site/v10/C2Data-6659-Type1;145285.0000;DATA;1611602137.857129
/ndn/s7-site/s7/C2Data-4481-Type2;6002161.0000;TIMEOUT;1611602132.265227
/ndn/h4-site/h4/C2Data-488-Type2;196164.0000;DATA;1611602138.138187
/ndn/h9-site/h9/C2Data-1093-Type1;166822.0000;DATA;1611602138.205156
/ndn/v9-site/v9/C2Data-6538-Type1;215794.0000;DATA;1611602138.187263
/ndn/d0-site/d0/C2Data-1819-Type1;96240.0000;DATA;1611602138.514148
/ndn/h2-site/h2/C2Data-246-Type2;56237.0000;DATA;1611602139.291191
/ndn/s3-site/s3/C2Data-3997-Type1;6001738.0000;TIMEOUT;1611602135.187083
/ndn/s5-site/s5/C2Data-4239-Type1;6000257.0000;TIMEOUT;1611602138.620258
/ndn/h14-site/h14/C2Data-856-Type3;73961.0000;DATA;1611602154.243139
/ndn/v2-site/v2/C2Data-2869-Type3;169943.0000;DATA;1611602155.085496
/ndn/v6-site/v6/C2Data-900-Type4;48409.0000;DATA;1611602156.030131
/ndn/d0-site/d0/C2Data-375-Type4;100048.0000;DATA;1611602157.781226
/ndn/v8-site/v8/C2Data-6418-Type2;210708.0000;DATA;1611602158.156213
/ndn/h13-site/h13/C2Data-1578-Type1;92968.0000;DATA;1611602158.377150
/ndn/d4-site/d4/C2Data-2304-Type1;24024.0000;DATA;1611602158.688177
/ndn/h5-site/h5/C2Data-307-Type3;141987.0000;DATA;1611602159.924187
/ndn/d7-site/d7/C2Data-1344-Type3;147912.0000;DATA;1611602160.419086
/ndn/d9-site/d9/C2Data-600-Type4;163732.0000;DATA;1611602160.959242
/ndn/d4-site/d4/C2Data-1161-Type3;27345.0000;DATA;1611602161.238116
/ndn/d7-site/d7/C2Data-2667-Type2;141659.0000;DATA;1611602161.462114
/ndn/s3-site/s3/C2Data-3998-Type2;6000212.0000;TIMEOUT;1611602158.189184
/ndn/h0-site/h0/C2Data-2-Type3;192332.0000;DATA;1611602164.229166
/ndn/d1-site/d1/C2Data-1941-Type1;97122.0000;DATA;1611602164.766113
/ndn/s2-site/s2/C2Data-1954-Type3;6000817.0000;TIMEOUT;1611602159.313613
/ndn/v4-site/v4/C2Data-2991-Type3;213395.0000;DATA;1611602165.297314
/ndn/v2-site/v2/C2Data-5692-Type2;174085.0000;DATA;1611602165.827174
/ndn/h6-site/h6/C2Data-731-Type1;184215.0000;DATA;1611602165.897116
/ndn/v14-site/v14/C2Data-3601-Type3;98211.0000;DATA;1611602166.818116
/ndn/v7-site/v7/C2Data-3174-Type3;168308.0000;DATA;1611602167.125186
/ndn/d2-site/d2/C2Data-1039-Type3;74262.0000;DATA;1611602167.312155
/ndn/s6-site/s6/C2Data-2198-Type3;6000425.0000;TIMEOUT;1611602161.561190
/ndn/v0-site/v0/C2Data-2747-Type3;217810.0000;DATA;1611602168.068095
/ndn/s7-site/s7/C2Data-4482-Type1;6000230.0000;TIMEOUT;1611602162.655258
/ndn/d11-site/d11/C2Data-1588-Type3;142947.0000;DATA;1611602168.541198
/ndn/h0-site/h0/C2Data-5-Type1;210554.0000;DATA;1611602169.157138
/ndn/v12-site/v12/C2Data-3479-Type3;198145.0000;DATA;1611602171.762141
/ndn/v14-site/v14/C2Data-7145-Type2;121087.0000;DATA;1611602192.757145
/ndn/d14-site/d14/C2Data-3515-Type1;23732.0000;DATA;1611602194.048175
/ndn/h5-site/h5/C2Data-611-Type2;146486.0000;DATA;1611602193.989095
/ndn/h1-site/h1/C2Data-127-Type1;64341.0000;DATA;1611602194.416172
/ndn/v8-site/v8/C2Data-6419-Type1;223116.0000;DATA;1611602194.748206
/ndn/d0-site/d0/C2Data-1821-Type1;96349.0000;DATA;1611602195.278127
/ndn/s0-site/s0/C2Data-3636-Type1;6000315.0000;TIMEOUT;1611602189.825157
/ndn/s9-site/s9/C2Data-4725-Type2;6002937.0000;TIMEOUT;1611602199.114129
/ndn/s11-site/s11/C2Data-4967-Type1;6001070.0000;TIMEOUT;1611602199.177152
/ndn/v14-site/v14/C2Data-3602-Type3;147308.0000;DATA;1611602217.525178
/ndn/d1-site/d1/C2Data-1943-Type1;98905.0000;DATA;1611602217.944230
/ndn/h13-site/h13/C2Data-1580-Type2;94659.0000;DATA;1611602218.916157
/ndn/s2-site/s2/C2Data-1955-Type3;6000387.0000;TIMEOUT;1611602215.113177
/ndn/h9-site/h9/C2Data-1096-Type2;162423.0000;DATA;1611602221.280186
/ndn/d3-site/d3/C2Data-2185-Type1;194377.0000;DATA;1611602221.671124
