/ndn/h5-site/h5/C2Data-605-Type1;124062.0000;DATA;1611602008.343154
/ndn/d6-site/d6/C2Data-2541-Type2;219348.0000;DATA;1611602008.670091
/ndn/v10-site/v10/C2Data-6655-Type1;466.0000;NACK;1611602008.986178
/ndn/h8-site/h8/C2Data-968-Type1;178473.0000;DATA;1611602009.964157
/ndn/v9-site/v9/C2Data-6534-Type2;565.0000;NACK;1611602010.698132
/ndn/s10-site/s10/C2Data-4840-Type2;74137.0000;DATA;1611602010.956162
/ndn/v8-site/v8/C2Data-6413-Type1;470.0000;NACK;1611602012.026084
/ndn/s11-site/s11/C2Data-4961-Type2;514.0000;NACK;1611602014.495363
/ndn/s4-site/s4/C2Data-4114-Type1;99574.0000;DATA;1611602014.599130
/ndn/h4-site/h4/C2Data-484-Type2;170110.0000;DATA;1611602014.613120
/ndn/s1-site/s1/C2Data-3751-Type2;246456.0000;DATA;1611602015.569280
/ndn/h6-site/h6/C2Data-726-Type2;170150.0000;DATA;1611602015.987109
/ndn/v4-site/v4/C2Data-5929-Type1;216092.0000;DATA;1611602017.479226
/ndn/s1-site/s1/C2Data-1891-Type3;267830.0000;DATA;1611602035.690191
/ndn/s6-site/s6/C2Data-4357-Type2;186498.0000;DATA;1611602038.338145
/ndn/v10-site/v10/C2Data-6656-Type1;403.0000;NACK;1611602038.870223
/ndn/h14-site/h14/C2Data-854-Type3;50047.0000;DATA;1611602039.452157
/ndn/h6-site/h6/C2Data-727-Type1;168470.0000;DATA;1611602039.410085
/ndn/d2-site/d2/C2Data-2058-Type2;72039.0000;DATA;1611602040.115179
/ndn/d2-site/d2/C2Data-2058-Type1;69542.0000;DATA;1611602040.835150
/ndn/v0-site/v0/C2Data-5446-Type1;217124.0000;DATA;1611602041.012196
/ndn/v12-site/v12/C2Data-6898-Type2;413.0000;NACK;1611602041.240115
/ndn/d11-site/d11/C2Data-3147-Type2;141978.0000;DATA;1611602041.419151
/ndn/d4-site/d4/C2Data-2300-Type2;51752.0000;DATA;1611602041.846165
/ndn/v1-site/v1/C2Data-5567-Type2;189297.0000;DATA;1611602043.191176
/ndn/s14-site/s14/C2Data-5325-Type2;49278.0000;DATA;1611602043.637704
/ndn/s11-site/s11/C2Data-4962-Type1;200573.0000;DATA;1611602044.089084
/ndn/h12-site/h12/C2Data-732-Type3;94955.0000;DATA;1611602044.230192
/ndn/d1-site/d1/C2Data-1937-Type2;70523.0000;DATA;1611602045.858230
/ndn/h2-site/h2/C2Data-122-Type3;93216.0000;DATA;1611602045.887103
/ndn/v13-site/v13/C2Data-3538-Type3;46425.0000;DATA;1611602047.188195
/ndn/h3-site/h3/C2Data-364-Type2;167033.0000;DATA;1611602047.217162
/ndn/d11-site/d11/C2Data-3147-Type1;142625.0000;DATA;1611602047.698158
/ndn/h8-site/h8/C2Data-969-Type1;166422.0000;DATA;1611602047.879227
/ndn/d7-site/d7/C2Data-2663-Type1;140906.0000;DATA;1611602049.325215
/ndn/h9-site/h9/C2Data-549-Type3;148273.0000;DATA;1611602053.312175
/ndn/s6-site/s6/C2Data-4358-Type1;194174.0000;DATA;1611602068.129178
/ndn/v7-site/v7/C2Data-6294-Type1;175157.0000;DATA;1611602068.151139
/ndn/h4-site/h4/C2Data-486-Type2;178563.0000;DATA;1611602068.700163
/ndn/s2-site/s2/C2Data-3874-Type1;48210.0000;DATA;1611602068.832268
/ndn/d8-site/d8/C2Data-2785-Type1;96122.0000;DATA;1611602069.855179
/ndn/h1-site/h1/C2Data-123-Type1;50242.0000;DATA;1611602070.392139
/ndn/h13-site/h13/C2Data-1575-Type2;72593.0000;DATA;1611602071.831196
/ndn/s2-site/s2/C2Data-3874-Type2;47620.0000;DATA;1611602071.975177
/ndn/h14-site/h14/C2Data-1696-Type2;46411.0000;DATA;1611602072.197227
/ndn/d0-site/d0/C2Data-1817-Type2;97898.0000;DATA;1611602073.490192
/ndn/d7-site/d7/C2Data-2664-Type1;143555.0000;DATA;1611602073.759099
/ndn/h11-site/h11/C2Data-1333-Type2;26812.0000;DATA;1611602073.881099
/ndn/v3-site/v3/C2Data-5810-Type1;95581.0000;DATA;1611602075.838094
/ndn/d12-site/d12/C2Data-3269-Type1;121963.0000;DATA;1611602076.184175
/ndn/v11-site/v11/C2Data-6778-Type2;24017.0000;DATA;1611602076.570196
/ndn/d9-site/d9/C2Data-2906-Type1;164125.0000;DATA;1611602076.518106
/ndn/s12-site/s12/C2Data-5084-Type2;216560.0000;DATA;1611602079.376170
/ndn/v14-site/v14/C2Data-3600-Type3;103265.0000;DATA;1611602094.103195
/ndn/h0-site/h0/C2Data-1-Type3;205595.0000;DATA;1611602097.486160
/ndn/d8-site/d8/C2Data-1404-Type3;97104.0000;DATA;1611602097.721118
/ndn/h9-site/h9/C2Data-1092-Type2;142500.0000;DATA;1611602098.381165
/ndn/h5-site/h5/C2Data-608-Type2;121499.0000;DATA;1611602100.260224
/ndn/s8-site/s8/C2Data-4601-Type1;25422.0000;DATA;1611602100.382232
/ndn/s4-site/s4/C2Data-2075-Type3;99305.0000;DATA;1611602100.363080
/ndn/h5-site/h5/C2Data-306-Type3;116096.0000;DATA;1611602100.952086
/ndn/d6-site/d6/C2Data-2544-Type2;157198.0000;DATA;1611602103.006742
/ndn/v11-site/v11/C2Data-6779-Type2;25773.0000;DATA;1611602104.235088
/ndn/d0-site/d0/C2Data-1818-Type2;95214.0000;DATA;1611602104.234136
/ndn/s0-site/s0/C2Data-3633-Type2;6000313.0000;TIMEOUT;1611602098.488152
/ndn/v5-site/v5/C2Data-6053-Type2;211344.0000;DATA;1611602104.435775
/ndn/v14-site/v14/C2Data-7142-Type2;96420.0000;DATA;1611602104.709200
/ndn/h12-site/h12/C2Data-733-Type3;96143.0000;DATA;1611602105.157159
/ndn/v1-site/v1/C2Data-2807-Type3;194403.0000;DATA;1611602105.065155
/ndn/d10-site/d10/C2Data-3028-Type1;171791.0000;DATA;1611602105.336171
/ndn/h2-site/h2/C2Data-123-Type3;99909.0000;DATA;1611602106.175136
/ndn/h14-site/h14/C2Data-1697-Type2;49250.0000;DATA;1611602106.575222
/ndn/v8-site/v8/C2Data-950-Type4;187661.0000;DATA;1611602106.957158
/ndn/v1-site/v1/C2Data-5569-Type1;190597.0000;DATA;1611602107.031564
/ndn/s6-site/s6/C2Data-4359-Type2;6000181.0000;TIMEOUT;1611602101.930153
/ndn/d7-site/d7/C2Data-2665-Type1;143657.0000;DATA;1611602108.673188
/ndn/v12-site/v12/C2Data-1050-Type4;187392.0000;DATA;1611602109.134171
/ndn/v2-site/v2/C2Data-2868-Type3;178818.0000;DATA;1611602110.876187
/ndn/s5-site/s5/C2Data-4238-Type2;6000281.0000;TIMEOUT;1611602108.652079
/ndn/v11-site/v11/C2Data-3417-Type3;24992.0000;DATA;1611602115.813126
/ndn/h1-site/h1/C2Data-25-Type4;49080.0000;DATA;1611602117.203818
/ndn/d9-site/d9/C2Data-600-Type4;284013.0000;DATA;1611602122.188187
/ndn/s13-site/s13/C2Data-5207-Type2;247414.0000;DATA;1611602127.949987
/ndn/h6-site/h6/C2Data-730-Type2;170153.0000;DATA;1611602130.994195
/ndn/d4-site/d4/C2Data-2303-Type2;48526.0000;DATA;1611602131.118142
/ndn/h3-site/h3/C2Data-367-Type2;167129.0000;DATA;1611602131.385083
/ndn/h8-site/h8/C2Data-972-Type1;166531.0000;DATA;1611602131.817198
/ndn/v7-site/v7/C2Data-925-Type4;173280.0000;DATA;1611602133.367111
/ndn/d11-site/d11/C2Data-3150-Type2;140751.0000;DATA;1611602136.815121
/ndn/s3-site/s3/C2Data-3997-Type2;6000323.0000;TIMEOUT;1611602131.254155
/ndn/d2-site/d2/C2Data-2061-Type1;75024.0000;DATA;1611602137.984170
/ndn/s0-site/s0/C2Data-3634-Type1;6000575.0000;TIMEOUT;1611602132.667084
/ndn/d12-site/d12/C2Data-3271-Type1;120384.0000;DATA;1611602138.577091
/ndn/h2-site/h2/C2Data-246-Type2;93968.0000;DATA;1611602139.237447
/ndn/s11-site/s11/C2Data-4965-Type1;6000273.0000;TIMEOUT;1611602137.077218
/ndn/v14-site/v14/C2Data-1100-Type4;103244.0000;DATA;1611602143.287889
/ndn/d6-site/d6/C2Data-525-Type4;209553.0000;DATA;1611602145.541111
/ndn/h8-site/h8/C2Data-200-Type4;169384.0000;DATA;1611602148.541296
/ndn/v0-site/v0/C2Data-2747-Type3;236899.0000;DATA;1611602153.791204
/ndn/v4-site/v4/C2Data-2991-Type3;235438.0000;DATA;1611602154.022089
/ndn/h12-site/h12/C2Data-734-Type3;98090.0000;DATA;1611602155.308235
/ndn/h7-site/h7/C2Data-429-Type3;244627.0000;DATA;1611602155.790123
/ndn/s1-site/s1/C2Data-1893-Type3;6000485.0000;TIMEOUT;1611602152.693104
/ndn/v13-site/v13/C2Data-7023-Type1;50607.0000;DATA;1611602158.701157
/ndn/d12-site/d12/C2Data-675-Type4;120062.0000;DATA;1611602159.085168
/ndn/h1-site/h1/C2Data-126-Type1;47519.0000;DATA;1611602159.216162
/ndn/v2-site/v2/C2Data-5692-Type2;173411.0000;DATA;1611602159.434197
/ndn/s13-site/s13/C2Data-2625-Type3;6000808.0000;TIMEOUT;1611602153.935143
/ndn/h7-site/h7/C2Data-852-Type1;211309.0000;DATA;1611602162.768167
/ndn/v14-site/v14/C2Data-7144-Type2;93720.0000;DATA;1611602162.952079
/ndn/h14-site/h14/C2Data-1699-Type1;50072.0000;DATA;1611602163.357182
/ndn/h4-site/h4/C2Data-100-Type4;163380.0000;DATA;1611602163.258208
/ndn/v6-site/v6/C2Data-6176-Type1;51694.0000;DATA;1611602164.563120
/ndn/h1-site/h1/C2Data-126-Type2;46409.0000;DATA;1611602165.908179
/ndn/d13-site/d13/C2Data-3393-Type2;23547.0000;DATA;1611602166.843085
/ndn/s14-site/s14/C2Data-5329-Type2;6000303.0000;TIMEOUT;1611602162.072103
/ndn/s13-site/s13/C2Data-5208-Type1;6000335.0000;TIMEOUT;1611602162.918125
/ndn/h1-site/h1/C2Data-63-Type3;46676.0000;DATA;1611602168.951151
/ndn/v6-site/v6/C2Data-6176-Type2;46883.0000;DATA;1611602168.982124
/ndn/s5-site/s5/C2Data-2137-Type3;6000575.0000;TIMEOUT;1611602163.604101
/ndn/s0-site/s0/C2Data-3635-Type1;6000401.0000;TIMEOUT;1611602163.888174
/ndn/s6-site/s6/C2Data-4361-Type1;6000903.0000;TIMEOUT;1611602164.042190
/ndn/s1-site/s1/C2Data-3756-Type2;6002302.0000;TIMEOUT;1611602164.371170
/ndn/s10-site/s10/C2Data-4845-Type2;6000273.0000;TIMEOUT;1611602164.526096
/ndn/s10-site/s10/C2Data-2442-Type3;6002187.0000;TIMEOUT;1611602166.519197
/ndn/s2-site/s2/C2Data-1954-Type3;6002693.0000;TIMEOUT;1611602175.289162
/ndn/v3-site/v3/C2Data-5814-Type2;96687.0000;DATA;1611602188.687182
/ndn/v6-site/v6/C2Data-6177-Type2;49367.0000;DATA;1611602189.059156
/ndn/v7-site/v7/C2Data-6298-Type1;167858.0000;DATA;1611602191.463184
/ndn/v8-site/v8/C2Data-6419-Type1;211466.0000;DATA;1611602192.462127
/ndn/h8-site/h8/C2Data-974-Type1;164323.0000;DATA;1611602193.261116
/ndn/v2-site/v2/C2Data-5693-Type2;166269.0000;DATA;1611602193.285229
/ndn/v5-site/v5/C2Data-6056-Type2;229821.0000;DATA;1611602195.668224
/ndn/h5-site/h5/C2Data-611-Type1;114982.0000;DATA;1611602198.615094
/ndn/d4-site/d4/C2Data-1162-Type3;48416.0000;DATA;1611602212.455228
/ndn/h10-site/h10/C2Data-613-Type3;192286.0000;DATA;1611602215.143177
/ndn/v8-site/v8/C2Data-3236-Type3;68856.0000;DATA;1611602217.450137
/ndn/v10-site/v10/C2Data-6662-Type1;144204.0000;DATA;1611602218.664090
/ndn/d4-site/d4/C2Data-2306-Type1;46947.0000;DATA;1611602218.838107
/ndn/d3-site/d3/C2Data-2185-Type1;193336.0000;DATA;1611602219.165095
/ndn/h6-site/h6/C2Data-733-Type2;166761.0000;DATA;1611602221.352087
/ndn/v0-site/v0/C2Data-5452-Type2;206711.0000;DATA;1611602222.965167
/ndn/v9-site/v9/C2Data-3297-Type3;194411.0000;DATA;1611602223.561212
