/ndn/d1-site/d1/C2Data-1936-Type2;646.0000;NACK;1611605674.119448
/ndn/s3-site/s3/C2Data-3993-Type2;200929.0000;DATA;1611605674.334481
/ndn/s1-site/s1/C2Data-3751-Type1;70691.0000;DATA;1611605675.573050
/ndn/s0-site/s0/C2Data-3630-Type2;25775.0000;DATA;1611605675.987089
/ndn/s4-site/s4/C2Data-4114-Type1;511.0000;NACK;1611605676.431080
/ndn/d6-site/d6/C2Data-2541-Type2;612.0000;DATA;1611605676.496216
/ndn/s14-site/s14/C2Data-5324-Type2;73529.0000;DATA;1611605677.145110
/ndn/h13-site/h13/C2Data-1573-Type1;73989.0000;DATA;1611605678.252085
/ndn/s7-site/s7/C2Data-4477-Type1;203736.0000;DATA;1611605678.298137
/ndn/s0-site/s0/C2Data-3630-Type1;450.0000;DATA;1611605678.919084
/ndn/d1-site/d1/C2Data-1936-Type1;492.0000;NACK;1611605681.215107
/ndn/s2-site/s2/C2Data-3872-Type2;73530.0000;DATA;1611605681.387063
/ndn/s6-site/s6/C2Data-4356-Type2;26268.0000;DATA;1611605683.707121
/ndn/v8-site/v8/C2Data-6413-Type2;635.0000;DATA;1611605685.019121
/ndn/v3-site/v3/C2Data-5808-Type2;70344.0000;DATA;1611605685.207083
/ndn/v4-site/v4/C2Data-5929-Type1;194146.0000;DATA;1611605685.937058
/ndn/v10-site/v10/C2Data-3355-Type3;58627.0000;DATA;1611605698.480118
/ndn/h7-site/h7/C2Data-427-Type3;72506.0000;DATA;1611605699.383713
/ndn/v2-site/v2/C2Data-2867-Type3;26968.0000;DATA;1611605704.643097
/ndn/v11-site/v11/C2Data-6777-Type1;164324.0000;DATA;1611605706.032092
/ndn/s6-site/s6/C2Data-4357-Type2;23506.0000;DATA;1611605706.476019
/ndn/d12-site/d12/C2Data-3268-Type1;93964.0000;DATA;1611605707.630053
/ndn/s0-site/s0/C2Data-3631-Type2;24545.0000;DATA;1611605708.001086
/ndn/d5-site/d5/C2Data-1220-Type3;76348.0000;DATA;1611605709.191085
/ndn/v6-site/v6/C2Data-6172-Type2;23459.0000;DATA;1611605709.870128
/ndn/s0-site/s0/C2Data-1830-Type3;433.0000;DATA;1611605710.049106
/ndn/s9-site/s9/C2Data-4720-Type1;122452.0000;DATA;1611605710.788044
/ndn/d2-site/d2/C2Data-1037-Type3;592.0000;DATA;1611605712.305050
/ndn/s11-site/s11/C2Data-4962-Type2;97675.0000;DATA;1611605712.377017
/ndn/d14-site/d14/C2Data-3510-Type2;24319.0000;DATA;1611605713.016028
/ndn/s8-site/s8/C2Data-4599-Type1;95383.0000;DATA;1611605714.310121
/ndn/s2-site/s2/C2Data-3873-Type1;169563.0000;DATA;1611605715.178098
/ndn/v12-site/v12/C2Data-6898-Type2;689.0000;DATA;1611605715.796075
/ndn/d5-site/d5/C2Data-2421-Type1;72485.0000;DATA;1611605715.989052
/ndn/h13-site/h13/C2Data-793-Type3;69247.0000;DATA;1611605717.314261
/ndn/h11-site/h11/C2Data-671-Type3;540.0000;DATA;1611605717.676162
/ndn/h6-site/h6/C2Data-366-Type3;619.0000;DATA;1611605718.104099
/ndn/h5-site/h5/C2Data-305-Type3;71146.0000;DATA;1611605718.523071
/ndn/h4-site/h4/C2Data-244-Type3;24764.0000;DATA;1611605718.737133
/ndn/d12-site/d12/C2Data-1647-Type3;391.0000;DATA;1611605719.662010
/ndn/d13-site/d13/C2Data-1708-Type3;29576.0000;DATA;1611605721.291061
/ndn/v2-site/v2/C2Data-5689-Type2;24791.0000;DATA;1611605734.611118
/ndn/h13-site/h13/C2Data-1575-Type2;139013.0000;DATA;1611605735.140021
/ndn/s2-site/s2/C2Data-3874-Type2;105848.0000;DATA;1611605735.730095
/ndn/s3-site/s3/C2Data-3995-Type2;213104.0000;DATA;1611605736.785091
/ndn/d0-site/d0/C2Data-1817-Type1;99426.0000;DATA;1611605737.804018
/ndn/d11-site/d11/C2Data-3148-Type1;24077.0000;DATA;1611605737.918135
/ndn/d1-site/d1/C2Data-1938-Type2;240290.0000;DATA;1611605737.981109
/ndn/h6-site/h6/C2Data-728-Type1;75375.0000;DATA;1611605738.325037
/ndn/h11-site/h11/C2Data-1333-Type1;193327.0000;DATA;1611605738.547056
/ndn/h11-site/h11/C2Data-1333-Type2;120781.0000;DATA;1611605739.155104
/ndn/d6-site/d6/C2Data-2543-Type2;24279.0000;DATA;1611605739.951111
/ndn/s8-site/s8/C2Data-4600-Type2;194324.0000;DATA;1611605739.829109
/ndn/d11-site/d11/C2Data-3148-Type2;50254.0000;DATA;1611605740.534099
/ndn/h9-site/h9/C2Data-1091-Type2;46491.0000;DATA;1611605742.125081
/ndn/h4-site/h4/C2Data-486-Type2;71643.0000;DATA;1611605742.379099
/ndn/v1-site/v1/C2Data-5568-Type2;50089.0000;DATA;1611605743.482063
/ndn/v7-site/v7/C2Data-6294-Type1;141588.0000;DATA;1611605743.888150
/ndn/h13-site/h13/C2Data-1575-Type1;145692.0000;DATA;1611605745.084096
/ndn/d11-site/d11/C2Data-1587-Type3;117232.0000;DATA;1611605758.367114
/ndn/v12-site/v12/C2Data-3478-Type3;166059.0000;DATA;1611605758.333025
/ndn/d9-site/d9/C2Data-1465-Type3;69179.0000;DATA;1611605759.181099
/ndn/s3-site/s3/C2Data-2014-Type3;214902.0000;DATA;1611605760.194101
/ndn/v13-site/v13/C2Data-3539-Type3;175032.0000;DATA;1611605762.111103
/ndn/v4-site/v4/C2Data-2990-Type3;235781.0000;DATA;1611605763.125596
/ndn/d8-site/d8/C2Data-2786-Type1;99366.0000;DATA;1611605765.577110
/ndn/v13-site/v13/C2Data-7021-Type2;92715.0000;DATA;1611605766.004126
/ndn/d2-site/d2/C2Data-1038-Type3;49698.0000;DATA;1611605767.822159
/ndn/h9-site/h9/C2Data-1092-Type1;69870.0000;DATA;1611605768.387073
/ndn/h3-site/h3/C2Data-366-Type1;26391.0000;DATA;1611605768.447112
/ndn/s0-site/s0/C2Data-1831-Type3;641.0000;DATA;1611605769.426054
/ndn/d0-site/d0/C2Data-1818-Type1;95195.0000;DATA;1611605769.767101
/ndn/h11-site/h11/C2Data-672-Type3;117891.0000;DATA;1611605770.067108
/ndn/h14-site/h14/C2Data-1697-Type1;102738.0000;DATA;1611605770.090057
/ndn/h7-site/h7/C2Data-850-Type2;71038.0000;DATA;1611605770.395088
/ndn/d6-site/d6/C2Data-2544-Type2;815.0000;DATA;1611605770.697111
/ndn/v4-site/v4/C2Data-5932-Type1;27760.0000;DATA;1611605770.680236
/ndn/v3-site/v3/C2Data-2929-Type3;23729.0000;DATA;1611605770.854188
/ndn/h2-site/h2/C2Data-50-Type4;258761.0000;DATA;1611605771.013025
/ndn/s1-site/s1/C2Data-3754-Type2;72445.0000;DATA;1611605771.667099
/ndn/h2-site/h2/C2Data-245-Type2;147316.0000;DATA;1611605772.342101
/ndn/s5-site/s5/C2Data-2136-Type3;25381.0000;DATA;1611605773.146065
/ndn/v9-site/v9/C2Data-6537-Type2;71328.0000;DATA;1611605773.774022
/ndn/h10-site/h10/C2Data-1213-Type2;27087.0000;DATA;1611605773.931026
/ndn/d10-site/d10/C2Data-1526-Type3;70681.0000;DATA;1611605774.499078
/ndn/h6-site/h6/C2Data-150-Type4;122360.0000;DATA;1611605774.861074
/ndn/d5-site/d5/C2Data-1221-Type3;70046.0000;DATA;1611605775.208023
/ndn/s0-site/s0/C2Data-3633-Type2;510.0000;DATA;1611605775.676042
/ndn/d5-site/d5/C2Data-2423-Type2;74564.0000;DATA;1611605775.995060
/ndn/s12-site/s12/C2Data-2563-Type3;69021.0000;DATA;1611605777.171083
/ndn/s6-site/s6/C2Data-2197-Type3;25478.0000;DATA;1611605781.540594
/ndn/h0-site/h0/C2Data-0-Type4;92168.0000;DATA;1611605785.119115
/ndn/d7-site/d7/C2Data-2666-Type2;49588.0000;DATA;1611605795.056139
/ndn/s4-site/s4/C2Data-4118-Type1;264256.0000;DATA;1611605794.973037
/ndn/h12-site/h12/C2Data-300-Type4;147448.0000;DATA;1611605795.430103
/ndn/s4-site/s4/C2Data-4118-Type2;268828.0000;DATA;1611605796.332072
/ndn/v4-site/v4/C2Data-5933-Type1;200170.0000;DATA;1611605801.446061
/ndn/v10-site/v10/C2Data-6659-Type2;49725.0000;DATA;1611605801.832054
/ndn/h8-site/h8/C2Data-972-Type1;49125.0000;DATA;1611605802.374166
/ndn/v11-site/v11/C2Data-6780-Type2;122493.0000;DATA;1611605802.373104
/ndn/h2-site/h2/C2Data-246-Type2;74697.0000;DATA;1611605802.425143
/ndn/h5-site/h5/C2Data-609-Type1;70671.0000;DATA;1611605803.939113
/ndn/h14-site/h14/C2Data-1698-Type2;98740.0000;DATA;1611605804.257028
/ndn/s2-site/s2/C2Data-3876-Type2;80775.0000;DATA;1611605804.282088
/ndn/v8-site/v8/C2Data-6417-Type2;24613.0000;DATA;1611605804.832087
/ndn/s14-site/s14/C2Data-5328-Type1;195556.0000;DATA;1611605804.674100
/ndn/h7-site/h7/C2Data-851-Type1;201278.0000;DATA;1611605804.713124
/ndn/d0-site/d0/C2Data-1819-Type2;49650.0000;DATA;1611605804.985110
/ndn/s1-site/s1/C2Data-3755-Type2;95711.0000;DATA;1611605805.517047
/ndn/d4-site/d4/C2Data-2303-Type1;164862.0000;DATA;1611605805.638097
/ndn/v3-site/v3/C2Data-5812-Type2;392.0000;DATA;1611605806.026027
/ndn/h8-site/h8/C2Data-972-Type2;23388.0000;DATA;1611605806.024098
/ndn/v2-site/v2/C2Data-5691-Type2;23650.0000;DATA;1611605806.086035
/ndn/s14-site/s14/C2Data-2686-Type3;196895.0000;DATA;1611605819.156163
/ndn/d13-site/d13/C2Data-1710-Type3;47183.0000;DATA;1611605824.342092
/ndn/s12-site/s12/C2Data-5087-Type1;71749.0000;DATA;1611605825.538016
/ndn/s4-site/s4/C2Data-2076-Type3;146460.0000;DATA;1611605825.785074
/ndn/h3-site/h3/C2Data-368-Type2;51190.0000;DATA;1611605826.002047
/ndn/h3-site/h3/C2Data-185-Type3;1402.0000;DATA;1611605826.662015
/ndn/s10-site/s10/C2Data-4845-Type2;24867.0000;DATA;1611605827.295088
/ndn/h5-site/h5/C2Data-610-Type1;48335.0000;DATA;1611605827.891105
/ndn/v9-site/v9/C2Data-6539-Type1;70298.0000;DATA;1611605828.302174
/ndn/h12-site/h12/C2Data-734-Type3;140554.0000;DATA;1611605828.854106
/ndn/d8-site/d8/C2Data-2788-Type2;96738.0000;DATA;1611605829.435100
/ndn/v14-site/v14/C2Data-3601-Type3;92204.0000;DATA;1611605829.925080
/ndn/s2-site/s2/C2Data-3877-Type2;72450.0000;DATA;1611605830.306017
/ndn/h14-site/h14/C2Data-1699-Type2;96106.0000;DATA;1611605831.093144
/ndn/d6-site/d6/C2Data-2546-Type2;27177.0000;DATA;1611605831.660993
/ndn/d14-site/d14/C2Data-3514-Type2;96542.0000;DATA;1611605831.867065
/ndn/v1-site/v1/C2Data-5571-Type2;100643.0000;DATA;1611605831.938053
/ndn/d13-site/d13/C2Data-3393-Type2;23290.0000;DATA;1611605832.588170
/ndn/h2-site/h2/C2Data-247-Type1;95728.0000;DATA;1611605832.817085
/ndn/s5-site/s5/C2Data-4240-Type2;51908.0000;DATA;1611605833.483141
/ndn/s3-site/s3/C2Data-2015-Type3;576.0000;DATA;1611605833.778141
/ndn/s0-site/s0/C2Data-3635-Type2;675.0000;DATA;1611605834.085113
/ndn/h12-site/h12/C2Data-1457-Type2;736.0000;DATA;1611605834.711108
/ndn/v2-site/v2/C2Data-2869-Type3;25312.0000;DATA;1611605836.758076
/ndn/d11-site/d11/C2Data-1588-Type3;811.0000;DATA;1611605838.506111
/ndn/s13-site/s13/C2Data-2625-Type3;28416.0000;DATA;1611605838.869194
/ndn/v6-site/v6/C2Data-3113-Type3;23634.0000;DATA;1611605840.297601
/ndn/h0-site/h0/C2Data-2-Type3;658.0000;DATA;1611605842.038352
/ndn/v5-site/v5/C2Data-6056-Type2;191231.0000;DATA;1611605854.720166
/ndn/s12-site/s12/C2Data-5088-Type1;193996.0000;DATA;1611605856.032049
/ndn/d13-site/d13/C2Data-3394-Type2;48294.0000;DATA;1611605861.869080
/ndn/v12-site/v12/C2Data-6903-Type2;25667.0000;DATA;1611605862.605050
/ndn/d0-site/d0/C2Data-1821-Type1;98671.0000;DATA;1611605862.974021
/ndn/s2-site/s2/C2Data-3878-Type1;177336.0000;DATA;1611605864.450052
/ndn/v14-site/v14/C2Data-7145-Type2;71120.0000;DATA;1611605865.161135
/ndn/v12-site/v12/C2Data-3480-Type3;117684.0000;DATA;1611605881.367095
/ndn/s1-site/s1/C2Data-1894-Type3;72763.0000;DATA;1611605884.335060
/ndn/h14-site/h14/C2Data-1701-Type2;207961.0000;DATA;1611605884.802123
/ndn/s1-site/s1/C2Data-3758-Type2;99269.0000;DATA;1611605885.209023
/ndn/v10-site/v10/C2Data-6662-Type2;46337.0000;DATA;1611605885.425035
/ndn/d12-site/d12/C2Data-3274-Type2;46110.0000;DATA;1611605886.933111
/ndn/h5-site/h5/C2Data-308-Type3;74161.0000;DATA;1611605886.989084
/ndn/v0-site/v0/C2Data-2748-Type3;29121.0000;DATA;1611605887.864099
/ndn/s0-site/s0/C2Data-3637-Type2;572.0000;DATA;1611605888.722119
/ndn/s11-site/s11/C2Data-2504-Type3;73804.0000;DATA;1611605889.252078
/ndn/s13-site/s13/C2Data-5210-Type1;68890.0000;DATA;1611605889.372043
/ndn/s6-site/s6/C2Data-4363-Type1;24224.0000;DATA;1611605889.819069
