/C2Data/d1/C2Data-105-Type2;81344.0000;DATA;1609195603.646042
/C2Data/s2/C2Data-210-Type2;43532.0000;NACK;1609195604.236696
/C2Data/v0/C2Data-252-Type1;47732.0000;DATA;1609195612.587391
/C2Data/d2/C2Data-126-Type1;33479.0000;DATA;1609195615.255408
/C2Data/h3/C2Data-63-Type1;49839.0000;DATA;1609195616.391013
/C2Data/h1/C2Data-21-Type1;69245.0000;DATA;1609195617.382506
/C2Data/s0/C2Data-168-Type1;52917.0000;DATA;1609195621.424844
/C2Data/h1/C2Data-22-Type2;84524.0000;DATA;1609195666.104718
/C2Data/h1/C2Data-22-Type1;76513.0000;DATA;1609195666.565014
/C2Data/d3/C2Data-148-Type1;45579.0000;NACK;1609195667.469537
/C2Data/d2/C2Data-66-Type3;23603.0000;DATA;1609195670.617052
/C2Data/h2/C2Data-22-Type3;56107.0000;DATA;1609195675.978682
/C2Data/v3/C2Data-165-Type3;74287.0000;DATA;1609195677.022450
/C2Data/s3/C2Data-121-Type3;26948.0000;DATA;1609195688.460374
/C2Data/v2/C2Data-154-Type3;79659.0000;DATA;1609195693.267565
/C2Data/s0/C2Data-170-Type1;50798.0000;DATA;1609195719.229650
/C2Data/v1/C2Data-275-Type1;80515.0000;DATA;1609195728.986736
/C2Data/s3/C2Data-233-Type2;28945.0000;DATA;1609195730.368623
/C2Data/h3/C2Data-65-Type2;48873.0000;DATA;1609195732.210986
/C2Data/v2/C2Data-296-Type1;78424.0000;DATA;1609195735.103297
/C2Data/d1/C2Data-107-Type2;81457.0000;DATA;1609195736.403351
/C2Data/h2/C2Data-44-Type1;51117.0000;DATA;1609195739.425994
/C2Data/h1/C2Data-23-Type1;74449.0000;DATA;1609195739.616107
/C2Data/v1/C2Data-276-Type1;90725.0000;DATA;1609195778.198019
/C2Data/v1/C2Data-144-Type3;93497.0000;DATA;1609195779.888213
/C2Data/v0/C2Data-255-Type2;55888.0000;DATA;1609195792.024359
/C2Data/v2/C2Data-297-Type1;81673.0000;DATA;1609195792.444876
/C2Data/s0/C2Data-171-Type2;51998.0000;DATA;1609195795.877376
/C2Data/h3/C2Data-34-Type3;49683.0000;DATA;1609195808.712555
/C2Data/h2/C2Data-46-Type1;66426.0000;DATA;1609195841.530738
/C2Data/d1/C2Data-109-Type2;84813.0000;DATA;1609195843.431331
/C2Data/s1/C2Data-193-Type1;111337.0000;DATA;1609195845.193310
/C2Data/h1/C2Data-25-Type1;76194.0000;DATA;1609195850.257658
/C2Data/v2/C2Data-298-Type2;69357.0000;DATA;1609195853.378455
/C2Data/h3/C2Data-67-Type1;52177.0000;DATA;1609195856.842158
/C2Data/d3/C2Data-79-Type3;42843.0000;NACK;1609195889.750867
/C2Data/s0/C2Data-173-Type2;47925.0000;DATA;1609195918.297204
/C2Data/v2/C2Data-156-Type3;89187.0000;DATA;1609195919.743186
/C2Data/s1/C2Data-101-Type3;115116.0000;DATA;1609195928.393086
/C2Data/s3/C2Data-237-Type2;34217.0000;DATA;1609195959.491254
/C2Data/v2/C2Data-300-Type2;94203.0000;DATA;1609195960.328095
/C2Data/v0/C2Data-258-Type1;53255.0000;DATA;1609195962.753882
/C2Data/h2/C2Data-48-Type2;50232.0000;DATA;1609195965.733219
/C2Data/d3/C2Data-153-Type2;46237.0000;NACK;1609195967.250025
/C2Data/v3/C2Data-321-Type2;80103.0000;DATA;1609195972.860818
/C2Data/v0/C2Data-258-Type2;60877.0000;DATA;1609195973.132664
/C2Data/s1/C2Data-196-Type1;99709.0000;DATA;1609196017.810988
/C2Data/h2/C2Data-49-Type2;46161.0000;DATA;1609196018.589955
/C2Data/s2/C2Data-113-Type3;42710.0000;NACK;1609196019.660164
/C2Data/h0/C2Data-3-Type3;24449.0000;DATA;1609196022.961492
/C2Data/d1/C2Data-58-Type3;68844.0000;DATA;1609196023.679978
/C2Data/h3/C2Data-70-Type1;49803.0000;DATA;1609196026.860563
/C2Data/s2/C2Data-217-Type1;41005.0000;NACK;1609196031.174243
/C2Data/s3/C2Data-238-Type1;26294.0000;DATA;1609196039.370703
/C2Data/v0/C2Data-135-Type3;51453.0000;DATA;1609196048.873721
/C2Data/v0/C2Data-260-Type1;51806.0000;DATA;1609196083.113525
/C2Data/v1/C2Data-281-Type1;84007.0000;DATA;1609196084.925978
/C2Data/h0/C2Data-8-Type2;24450.0000;DATA;1609196089.548873
/C2Data/h1/C2Data-29-Type1;73602.0000;DATA;1609196091.556116
/C2Data/h1/C2Data-6-Type4;72283.0000;DATA;1609196094.733217
/C2Data/s1/C2Data-197-Type1;6007052.0000;TIMEOUT;1609196097.467087
/C2Data/v2/C2Data-51-Type4;78682.0000;DATA;1609196111.410998
/C2Data/s0/C2Data-92-Type3;46255.0000;DATA;1609196134.618900
/C2Data/h2/C2Data-51-Type2;50564.0000;DATA;1609196143.482955
/C2Data/v0/C2Data-261-Type2;48029.0000;DATA;1609196169.763149
