/ndn/s3-site/s3/C2Data-2783-Type1;218093.0000;DATA;1612146637.867583
/ndn/v6-site/v6/C2Data-4356-Type2;218401.0000;DATA;1612146640.717210
/ndn/s0-site/s0/C2Data-2420-Type1;121006.0000;DATA;1612146641.200513
/ndn/d3-site/d3/C2Data-1573-Type1;241840.0000;DATA;1612146646.547408
/ndn/s4-site/s4/C2Data-2904-Type1;95347.0000;DATA;1612146647.777054
/ndn/d9-site/d9/C2Data-1159-Type3;51749.0000;DATA;1612146662.905009
/ndn/v0-site/v0/C2Data-1830-Type3;82226.0000;DATA;1612146666.046347
/ndn/h9-site/h9/C2Data-1090-Type1;80272.0000;DATA;1612146669.796445
/ndn/h8-site/h8/C2Data-488-Type3;149861.0000;DATA;1612146671.661488
/ndn/d4-site/d4/C2Data-1695-Type2;49616.0000;DATA;1612146672.644022
/ndn/d9-site/d9/C2Data-2300-Type1;52167.0000;DATA;1612146672.670456
/ndn/d1-site/d1/C2Data-671-Type3;120814.0000;DATA;1612146672.884490
/ndn/d4-site/d4/C2Data-854-Type3;47596.0000;DATA;1612146673.384959
/ndn/v8-site/v8/C2Data-4599-Type1;123668.0000;DATA;1612146673.573702
/ndn/h3-site/h3/C2Data-183-Type3;201481.0000;DATA;1612146674.900941
/ndn/h7-site/h7/C2Data-848-Type1;143348.0000;DATA;1612146675.189672
/ndn/v1-site/v1/C2Data-3752-Type2;97557.0000;DATA;1612146676.987440
/ndn/v4-site/v4/C2Data-4115-Type2;315954.0000;DATA;1612146678.001851
/ndn/s9-site/s9/C2Data-1769-Type3;216385.0000;DATA;1612146678.347452
/ndn/d6-site/d6/C2Data-976-Type3;187480.0000;DATA;1612146683.162750
/ndn/s0-site/s0/C2Data-1220-Type3;252821.0000;DATA;1612146684.921088
/ndn/d5-site/d5/C2Data-1817-Type2;52890.0000;DATA;1612146698.343808
/ndn/v8-site/v8/C2Data-4600-Type1;132994.0000;DATA;1612146698.258644
/ndn/v1-site/v1/C2Data-3753-Type1;112079.0000;DATA;1612146703.565209
/ndn/h1-site/h1/C2Data-123-Type2;95148.0000;DATA;1612146707.621479
/ndn/s3-site/s3/C2Data-2785-Type2;230227.0000;DATA;1612146708.852899
/ndn/s6-site/s6/C2Data-3149-Type2;26048.0000;DATA;1612146728.612460
/ndn/d5-site/d5/C2Data-1818-Type2;52267.0000;DATA;1612146728.716583
/ndn/s3-site/s3/C2Data-2786-Type1;249346.0000;DATA;1612146729.122261
/ndn/v0-site/v0/C2Data-1831-Type3;71458.0000;DATA;1612146729.337659
/ndn/v9-site/v9/C2Data-4722-Type1;24379.0000;DATA;1612146729.998476
/ndn/v3-site/v3/C2Data-3996-Type2;24322.0000;DATA;1612146730.065403
/ndn/d4-site/d4/C2Data-855-Type3;75882.0000;DATA;1612146730.651987
/ndn/s9-site/s9/C2Data-3512-Type1;232163.0000;DATA;1612146731.385736
/ndn/v9-site/v9/C2Data-2380-Type3;37675.0000;DATA;1612146731.657654
/ndn/v3-site/v3/C2Data-3996-Type1;26470.0000;DATA;1612146732.269836
/ndn/d6-site/d6/C2Data-1939-Type2;177571.0000;DATA;1612146732.411442
