/ndn/d6-site/d6/C2Data-1936-Type2;139427.0000;DATA;1612146288.477812
/ndn/v2-site/v2/C2Data-3872-Type1;175573.0000;DATA;1612146290.454796
/ndn/s4-site/s4/C2Data-2904-Type2;150830.0000;DATA;1612146290.952805
/ndn/s7-site/s7/C2Data-3267-Type2;28241.0000;DATA;1612146293.473144
/ndn/h6-site/h6/C2Data-726-Type2;97049.0000;DATA;1612146293.437513
/ndn/v1-site/v1/C2Data-3751-Type2;57598.0000;DATA;1612146294.374787
/ndn/h6-site/h6/C2Data-726-Type1;98911.0000;DATA;1612146295.886337
/ndn/d2-site/d2/C2Data-1452-Type2;51257.0000;DATA;1612146296.442766
/ndn/d9-site/d9/C2Data-2299-Type1;105503.0000;DATA;1612146297.037500
/ndn/s9-site/s9/C2Data-3509-Type1;182892.0000;DATA;1612146296.990476
/ndn/h8-site/h8/C2Data-968-Type1;102637.0000;DATA;1612146297.395145
/ndn/d5-site/d5/C2Data-915-Type3;107233.0000;DATA;1612146312.000358
/ndn/v6-site/v6/C2Data-2196-Type3;218162.0000;DATA;1612146313.189127
/ndn/h6-site/h6/C2Data-366-Type3;103870.0000;DATA;1612146314.759437
/ndn/h4-site/h4/C2Data-244-Type3;51380.0000;DATA;1612146316.040219
/ndn/d6-site/d6/C2Data-976-Type3;122134.0000;DATA;1612146318.469229
/ndn/v2-site/v2/C2Data-1952-Type3;169508.0000;DATA;1612146318.451267
/ndn/v7-site/v7/C2Data-4478-Type2;31337.0000;DATA;1612146319.120359
/ndn/s8-site/s8/C2Data-1708-Type3;166053.0000;DATA;1612146319.561620
/ndn/d9-site/d9/C2Data-2300-Type1;102077.0000;DATA;1612146321.784864
/ndn/v8-site/v8/C2Data-2318-Type3;73590.0000;DATA;1612146322.221433
/ndn/d5-site/d5/C2Data-1816-Type2;102219.0000;DATA;1612146323.687381
/ndn/h8-site/h8/C2Data-969-Type2;106030.0000;DATA;1612146324.064936
/ndn/v5-site/v5/C2Data-4236-Type1;190485.0000;DATA;1612146324.679551
/ndn/v3-site/v3/C2Data-3994-Type2;76409.0000;DATA;1612146325.328273
/ndn/s0-site/s0/C2Data-2421-Type1;175315.0000;DATA;1612146326.078855
/ndn/h8-site/h8/C2Data-488-Type3;123703.0000;DATA;1612146333.621966
/ndn/v6-site/v6/C2Data-4358-Type1;152033.0000;DATA;1612146348.494600
/ndn/v9-site/v9/C2Data-4721-Type2;72484.0000;DATA;1612146350.047890
/ndn/s4-site/s4/C2Data-2906-Type1;169552.0000;DATA;1612146351.286800
/ndn/v2-site/v2/C2Data-3874-Type2;186917.0000;DATA;1612146351.518234
/ndn/v1-site/v1/C2Data-3753-Type2;48585.0000;DATA;1612146351.978240
/ndn/v5-site/v5/C2Data-4237-Type2;195989.0000;DATA;1612146355.732120
/ndn/h5-site/h5/C2Data-607-Type1;55813.0000;DATA;1612146356.242075
/ndn/v4-site/v4/C2Data-4116-Type2;201269.0000;DATA;1612146357.249311
/ndn/h3-site/h3/C2Data-184-Type3;127657.0000;DATA;1612146374.645547
/ndn/s8-site/s8/C2Data-1709-Type3;144017.0000;DATA;1612146374.858386
/ndn/d0-site/d0/C2Data-1213-Type1;155726.0000;DATA;1612146376.108797
/ndn/h3-site/h3/C2Data-366-Type2;121034.0000;DATA;1612146377.602013
/ndn/h5-site/h5/C2Data-306-Type3;53149.0000;DATA;1612146381.548804
