/ndn/d13-site/d13/C2Data-3388-Type2;166478.0000;DATA;1611603166.541803
/ndn/h1-site/h1/C2Data-121-Type2;213261.0000;DATA;1611603166.843743
/ndn/d8-site/d8/C2Data-2783-Type1;200258.0000;DATA;1611603169.593792
/ndn/v1-site/v1/C2Data-5566-Type1;423.0000;NACK;1611603169.949779
/ndn/s10-site/s10/C2Data-4840-Type1;430.0000;NACK;1611603170.032797
/ndn/v4-site/v4/C2Data-5929-Type1;253177.0000;DATA;1611603171.060724
/ndn/v6-site/v6/C2Data-6171-Type2;542.0000;NACK;1611603171.783789
/ndn/h13-site/h13/C2Data-1573-Type2;97922.0000;DATA;1611603171.753748
/ndn/v2-site/v2/C2Data-5687-Type1;144746.0000;DATA;1611603171.804763
/ndn/s1-site/s1/C2Data-3751-Type1;75578.0000;DATA;1611603172.792692
/ndn/d13-site/d13/C2Data-3388-Type1;170253.0000;DATA;1611603173.318836
/ndn/v5-site/v5/C2Data-6050-Type2;279301.0000;DATA;1611603173.349726
/ndn/v13-site/v13/C2Data-7018-Type1;123559.0000;DATA;1611603174.378497
/ndn/d14-site/d14/C2Data-3509-Type1;163770.0000;DATA;1611603174.638785
/ndn/d7-site/d7/C2Data-2662-Type1;122481.0000;DATA;1611603174.714722
/ndn/s3-site/s3/C2Data-3993-Type2;94934.0000;DATA;1611603175.819764
/ndn/d6-site/d6/C2Data-2541-Type2;140883.0000;DATA;1611603176.282722
/ndn/v2-site/v2/C2Data-5688-Type1;147560.0000;DATA;1611603195.538760
/ndn/h11-site/h11/C2Data-671-Type3;192261.0000;DATA;1611603196.022916
/ndn/d3-site/d3/C2Data-1098-Type3;142185.0000;DATA;1611603196.605745
/ndn/d14-site/d14/C2Data-3510-Type2;170241.0000;DATA;1611603196.588794
/ndn/h10-site/h10/C2Data-610-Type3;172627.0000;DATA;1611603197.002804
/ndn/v14-site/v14/C2Data-3599-Type3;72558.0000;DATA;1611603197.318822
/ndn/v1-site/v1/C2Data-5567-Type1;241192.0000;DATA;1611603197.212797
/ndn/h3-site/h3/C2Data-183-Type3;221898.0000;DATA;1611603197.677753
/ndn/h3-site/h3/C2Data-364-Type1;208521.0000;DATA;1611603197.965700
/ndn/s3-site/s3/C2Data-3994-Type2;95106.0000;DATA;1611603200.021773
/ndn/s4-site/s4/C2Data-2074-Type3;537.0000;NACK;1611603200.558818
/ndn/v6-site/v6/C2Data-3111-Type3;445.0000;NACK;1611603201.054797
/ndn/v2-site/v2/C2Data-2867-Type3;148786.0000;DATA;1611603202.994341
/ndn/d0-site/d0/C2Data-915-Type3;166079.0000;DATA;1611603203.031705
/ndn/h5-site/h5/C2Data-606-Type1;49357.0000;DATA;1611603203.246811
/ndn/d7-site/d7/C2Data-2663-Type1;121423.0000;DATA;1611603203.620773
/ndn/d9-site/d9/C2Data-1464-Type3;96124.0000;DATA;1611603205.528760
/ndn/d8-site/d8/C2Data-2784-Type2;192752.0000;DATA;1611603206.521968
/ndn/v7-site/v7/C2Data-3172-Type3;245479.0000;DATA;1611603207.349998
/ndn/s5-site/s5/C2Data-2135-Type3;144766.0000;DATA;1611603207.615781
/ndn/s1-site/s1/C2Data-1891-Type3;71754.0000;DATA;1611603208.665789
/ndn/s14-site/s14/C2Data-2684-Type3;192754.0000;DATA;1611603209.785849
/ndn/h13-site/h13/C2Data-793-Type3;95514.0000;DATA;1611603211.916784
/ndn/h4-site/h4/C2Data-244-Type3;55097.0000;DATA;1611603212.638797
/ndn/v3-site/v3/C2Data-5810-Type2;95120.0000;DATA;1611603225.381817
/ndn/v7-site/v7/C2Data-6294-Type2;213041.0000;DATA;1611603225.597764
/ndn/s12-site/s12/C2Data-5084-Type2;95696.0000;DATA;1611603225.790967
/ndn/s6-site/s6/C2Data-4358-Type1;171410.0000;DATA;1611603226.013788
/ndn/d4-site/d4/C2Data-2301-Type1;191617.0000;DATA;1611603228.651796
/ndn/h4-site/h4/C2Data-486-Type2;47512.0000;DATA;1611603229.016789
/ndn/d0-site/d0/C2Data-1817-Type1;181994.0000;DATA;1611603230.632699
/ndn/v7-site/v7/C2Data-6294-Type1;220510.0000;DATA;1611603230.602828
/ndn/v5-site/v5/C2Data-6052-Type2;256659.0000;DATA;1611603231.061769
/ndn/v9-site/v9/C2Data-6536-Type1;74612.0000;DATA;1611603231.785797
/ndn/d10-site/d10/C2Data-3027-Type2;50686.0000;DATA;1611603232.735788
/ndn/v9-site/v9/C2Data-6536-Type2;71263.0000;DATA;1611603233.462784
/ndn/h5-site/h5/C2Data-607-Type1;77061.0000;DATA;1611603233.543753
/ndn/s2-site/s2/C2Data-3874-Type2;119747.0000;DATA;1611603233.639713
/ndn/v5-site/v5/C2Data-6052-Type1;258340.0000;DATA;1611603233.616839
/ndn/h1-site/h1/C2Data-123-Type1;170913.0000;DATA;1611603233.801810
/ndn/v1-site/v1/C2Data-5568-Type1;246207.0000;DATA;1611603235.432770
/ndn/v0-site/v0/C2Data-5447-Type2;147772.0000;DATA;1611603236.498782
/ndn/h2-site/h2/C2Data-244-Type2;225872.0000;DATA;1611603236.448794
/ndn/s0-site/s0/C2Data-3632-Type1;6000269.0000;TIMEOUT;1611603232.673703
/ndn/h3-site/h3/C2Data-184-Type3;223322.0000;DATA;1611603249.696799
/ndn/h0-site/h0/C2Data-1-Type3;24848.0000;DATA;1611603251.615783
/ndn/v13-site/v13/C2Data-3539-Type3;126292.0000;DATA;1611603254.085717
/ndn/d5-site/d5/C2Data-1221-Type3;24246.0000;DATA;1611603255.596764
/ndn/v4-site/v4/C2Data-5932-Type1;284915.0000;DATA;1611603255.797441
/ndn/v3-site/v3/C2Data-5811-Type2;95205.0000;DATA;1611603258.089819
/ndn/s12-site/s12/C2Data-5085-Type1;95800.0000;DATA;1611603258.119710
/ndn/d6-site/d6/C2Data-1282-Type3;142567.0000;DATA;1611603258.294829
/ndn/d9-site/d9/C2Data-2907-Type2;94479.0000;DATA;1611603258.346800
/ndn/s9-site/s9/C2Data-4722-Type1;72381.0000;DATA;1611603258.821435
/ndn/h1-site/h1/C2Data-62-Type3;167668.0000;DATA;1611603260.159776
/ndn/h14-site/h14/C2Data-855-Type3;166877.0000;DATA;1611603260.436822
/ndn/v8-site/v8/C2Data-3234-Type3;24411.0000;DATA;1611603261.446759
/ndn/v5-site/v5/C2Data-6053-Type1;272443.0000;DATA;1611603261.528791
/ndn/v11-site/v11/C2Data-3417-Type3;165114.0000;DATA;1611603262.228722
/ndn/s2-site/s2/C2Data-1953-Type3;6000322.0000;TIMEOUT;1611603257.266761
/ndn/v14-site/v14/C2Data-3600-Type3;72573.0000;DATA;1611603263.244777
/ndn/d0-site/d0/C2Data-916-Type3;168532.0000;DATA;1611603264.647783
/ndn/h11-site/h11/C2Data-672-Type3;187650.0000;DATA;1611603265.166862
/ndn/v7-site/v7/C2Data-6295-Type2;212165.0000;DATA;1611603265.277878
/ndn/s1-site/s1/C2Data-3754-Type1;6000278.0000;TIMEOUT;1611603260.714609
/ndn/d0-site/d0/C2Data-1818-Type1;168302.0000;DATA;1611603266.638779
/ndn/v13-site/v13/C2Data-7021-Type1;119065.0000;DATA;1611603267.094689
/ndn/s3-site/s3/C2Data-3996-Type1;6000852.0000;TIMEOUT;1611603261.792765
/ndn/h8-site/h8/C2Data-489-Type3;94506.0000;DATA;1611603267.870808
/ndn/v4-site/v4/C2Data-850-Type4;260622.0000;DATA;1611603268.511788
/ndn/s14-site/s14/C2Data-5327-Type1;6000325.0000;TIMEOUT;1611603263.387769
/ndn/s0-site/s0/C2Data-1831-Type3;6000231.0000;TIMEOUT;1611603266.868837
/ndn/s5-site/s5/C2Data-2136-Type3;6000296.0000;TIMEOUT;1611603267.232795
/ndn/v6-site/v6/C2Data-900-Type4;161859.0000;DATA;1611603275.482771
/ndn/v5-site/v5/C2Data-875-Type4;275843.0000;DATA;1611603279.572791
/ndn/h14-site/h14/C2Data-1698-Type2;167519.0000;DATA;1611603285.582768
/ndn/v3-site/v3/C2Data-5812-Type1;96810.0000;DATA;1611603287.073799
/ndn/d4-site/d4/C2Data-2303-Type2;203743.0000;DATA;1611603289.757794
/ndn/v4-site/v4/C2Data-5933-Type1;262315.0000;DATA;1611603290.298733
/ndn/v8-site/v8/C2Data-6417-Type1;24605.0000;DATA;1611603291.307793
/ndn/h0-site/h0/C2Data-0-Type4;23797.0000;DATA;1611603294.300791
/ndn/s13-site/s13/C2Data-5207-Type2;6000822.0000;TIMEOUT;1611603289.086760
/ndn/v13-site/v13/C2Data-7022-Type2;121788.0000;DATA;1611603295.057692
/ndn/s2-site/s2/C2Data-3876-Type2;6000953.0000;TIMEOUT;1611603289.721843
/ndn/h0-site/h0/C2Data-4-Type2;23781.0000;DATA;1611603296.092769
/ndn/v13-site/v13/C2Data-7022-Type1;119855.0000;DATA;1611603296.393809
/ndn/s10-site/s10/C2Data-4844-Type1;6002944.0000;TIMEOUT;1611603292.393879
/ndn/s3-site/s3/C2Data-3997-Type1;6000288.0000;TIMEOUT;1611603292.989913
/ndn/v7-site/v7/C2Data-925-Type4;216638.0000;DATA;1611603301.003164
/ndn/s5-site/s5/C2Data-4239-Type1;6000430.0000;TIMEOUT;1611603295.773461
/ndn/h14-site/h14/C2Data-350-Type4;191761.0000;DATA;1611603303.312880
/ndn/h12-site/h12/C2Data-300-Type4;228698.0000;DATA;1611603314.215804
/ndn/v6-site/v6/C2Data-3113-Type3;142114.0000;DATA;1611603316.334773
/ndn/h3-site/h3/C2Data-368-Type2;214914.0000;DATA;1611603316.385787
/ndn/h4-site/h4/C2Data-100-Type4;46843.0000;DATA;1611603316.859702
/ndn/v4-site/v4/C2Data-2991-Type3;257313.0000;DATA;1611603316.750774
/ndn/h7-site/h7/C2Data-852-Type1;49759.0000;DATA;1611603318.520782
/ndn/h11-site/h11/C2Data-1336-Type1;188297.0000;DATA;1611603318.871778
/ndn/h11-site/h11/C2Data-275-Type4;193068.0000;DATA;1611603319.228844
/ndn/d9-site/d9/C2Data-1466-Type3;93300.0000;DATA;1611603319.912789
/ndn/d8-site/d8/C2Data-575-Type4;189354.0000;DATA;1611603320.098881
/ndn/d5-site/d5/C2Data-2425-Type1;27063.0000;DATA;1611603320.293760
/ndn/v9-site/v9/C2Data-6539-Type1;70995.0000;DATA;1611603320.674699
/ndn/h0-site/h0/C2Data-2-Type3;23844.0000;DATA;1611603321.252735
/ndn/d0-site/d0/C2Data-1820-Type2;166861.0000;DATA;1611603321.273758
/ndn/s14-site/s14/C2Data-5329-Type2;6000234.0000;TIMEOUT;1611603316.480737
/ndn/v9-site/v9/C2Data-3296-Type3;74697.0000;DATA;1611603322.529764
/ndn/d1-site/d1/C2Data-978-Type3;183956.0000;DATA;1611603322.813690
/ndn/d4-site/d4/C2Data-1161-Type3;195114.0000;DATA;1611603323.853701
/ndn/h12-site/h12/C2Data-734-Type3;211353.0000;DATA;1611603324.868700
/ndn/v2-site/v2/C2Data-5692-Type1;147927.0000;DATA;1611603325.025810
/ndn/d11-site/d11/C2Data-3151-Type1;188989.0000;DATA;1611603325.508701
/ndn/h2-site/h2/C2Data-247-Type2;214216.0000;DATA;1611603325.781832
/ndn/v4-site/v4/C2Data-5934-Type2;263168.0000;DATA;1611603325.833844
/ndn/s9-site/s9/C2Data-4724-Type2;6000789.0000;TIMEOUT;1611603320.308835
/ndn/v10-site/v10/C2Data-3357-Type3;150950.0000;DATA;1611603328.315814
/ndn/s1-site/s1/C2Data-1893-Type3;6000639.0000;TIMEOUT;1611603322.994790
/ndn/v7-site/v7/C2Data-3174-Type3;227202.0000;DATA;1611603330.141745
/ndn/d13-site/d13/C2Data-1710-Type3;176369.0000;DATA;1611603330.296838
/ndn/s13-site/s13/C2Data-5208-Type1;6000325.0000;TIMEOUT;1611603325.285788
/ndn/s8-site/s8/C2Data-4603-Type1;6000574.0000;TIMEOUT;1611603325.579839
/ndn/s2-site/s2/C2Data-1954-Type3;6000237.0000;TIMEOUT;1611603327.236695
/ndn/s5-site/s5/C2Data-2137-Type3;6000575.0000;TIMEOUT;1611603329.505760
/ndn/h2-site/h2/C2Data-248-Type1;216984.0000;DATA;1611603345.557839
/ndn/v6-site/v6/C2Data-6177-Type2;153643.0000;DATA;1611603346.215796
/ndn/d0-site/d0/C2Data-1821-Type1;165258.0000;DATA;1611603348.800788
/ndn/h14-site/h14/C2Data-1700-Type1;177106.0000;DATA;1611603349.061796
/ndn/v5-site/v5/C2Data-6056-Type1;278289.0000;DATA;1611603348.982846
/ndn/d14-site/d14/C2Data-3515-Type2;168383.0000;DATA;1611603350.186767
/ndn/d2-site/d2/C2Data-2063-Type1;201716.0000;DATA;1611603350.835797
/ndn/d2-site/d2/C2Data-2063-Type2;192164.0000;DATA;1611603352.038834
/ndn/h12-site/h12/C2Data-1458-Type2;219266.0000;DATA;1611603353.322824
/ndn/d5-site/d5/C2Data-2426-Type2;24616.0000;DATA;1611603355.069800
/ndn/s6-site/s6/C2Data-4362-Type2;6000290.0000;TIMEOUT;1611603349.992638
/ndn/s14-site/s14/C2Data-5330-Type2;6000723.0000;TIMEOUT;1611603351.876768
/ndn/v3-site/v3/C2Data-2931-Type3;95415.0000;DATA;1611603373.100873
/ndn/h8-site/h8/C2Data-975-Type2;94621.0000;DATA;1611603377.453858
/ndn/d6-site/d6/C2Data-2548-Type1;146665.0000;DATA;1611603377.824835
/ndn/d8-site/d8/C2Data-1406-Type3;152778.0000;DATA;1611603378.091854
