/ndn/v0-site/v0/C2Data-5445-Type1;122380.0000;DATA;1611606833.319272
/ndn/d11-site/d11/C2Data-3146-Type2;167335.0000;DATA;1611606834.600187
/ndn/v8-site/v8/C2Data-6413-Type1;365.0000;NACK;1611606835.324252
/ndn/s1-site/s1/C2Data-3751-Type1;142151.0000;DATA;1611606837.190411
/ndn/d5-site/d5/C2Data-2420-Type2;46871.0000;DATA;1611606838.205984
/ndn/v9-site/v9/C2Data-6534-Type2;98017.0000;DATA;1611606839.688370
/ndn/s11-site/s11/C2Data-4961-Type2;118227.0000;DATA;1611606840.662169
/ndn/h1-site/h1/C2Data-121-Type1;142431.0000;DATA;1611606841.762278
/ndn/h3-site/h3/C2Data-183-Type3;208328.0000;DATA;1611606857.033284
/ndn/s6-site/s6/C2Data-2196-Type3;150753.0000;DATA;1611606861.352280
/ndn/s0-site/s0/C2Data-1830-Type3;97239.0000;DATA;1611606863.887334
/ndn/d3-site/d3/C2Data-2179-Type1;121337.0000;DATA;1611606865.125282
/ndn/s8-site/s8/C2Data-4599-Type1;71702.0000;DATA;1611606865.247348
/ndn/s11-site/s11/C2Data-4962-Type1;121052.0000;DATA;1611606865.556330
/ndn/h1-site/h1/C2Data-122-Type2;92337.0000;DATA;1611606865.734377
/ndn/h10-site/h10/C2Data-610-Type3;140847.0000;DATA;1611606865.893322
/ndn/d3-site/d3/C2Data-1098-Type3;116864.0000;DATA;1611606867.043330
/ndn/v12-site/v12/C2Data-6898-Type2;104168.0000;NACK;1611606867.467371
/ndn/h1-site/h1/C2Data-122-Type1;92778.0000;DATA;1611606867.794360
/ndn/d4-site/d4/C2Data-2300-Type2;121314.0000;DATA;1611606868.498216
/ndn/v2-site/v2/C2Data-5688-Type1;117012.0000;DATA;1611606868.583243
/ndn/d13-site/d13/C2Data-3389-Type2;96406.0000;DATA;1611606869.588243
/ndn/d1-site/d1/C2Data-1937-Type1;121721.0000;DATA;1611606869.954320
/ndn/h9-site/h9/C2Data-549-Type3;47563.0000;DATA;1611606870.031399
/ndn/h11-site/h11/C2Data-671-Type3;119276.0000;DATA;1611606870.155242
/ndn/v7-site/v7/C2Data-6293-Type1;185991.0000;DATA;1611606870.340329
/ndn/d13-site/d13/C2Data-1708-Type3;95414.0000;DATA;1611606872.221141
/ndn/d1-site/d1/C2Data-1937-Type2;119497.0000;DATA;1611606873.861218
/ndn/h4-site/h4/C2Data-244-Type3;72628.0000;DATA;1611606876.151256
/ndn/v8-site/v8/C2Data-3233-Type3;96425.0000;DATA;1611606877.820198
/ndn/s14-site/s14/C2Data-5326-Type2;134846.0000;DATA;1611606893.202244
/ndn/d8-site/d8/C2Data-2785-Type2;150373.0000;DATA;1611606893.263278
/ndn/h2-site/h2/C2Data-244-Type2;145842.0000;DATA;1611606893.472231
/ndn/v12-site/v12/C2Data-6899-Type1;208279.0000;DATA;1611606894.411979
/ndn/v10-site/v10/C2Data-6657-Type2;128965.0000;DATA;1611606894.882269
/ndn/s1-site/s1/C2Data-3753-Type2;145299.0000;DATA;1611606896.320190
/ndn/v2-site/v2/C2Data-5689-Type1;124584.0000;DATA;1611606899.358226
/ndn/s8-site/s8/C2Data-4600-Type2;73791.0000;DATA;1611606899.969199
/ndn/d6-site/d6/C2Data-2543-Type1;118658.0000;DATA;1611606900.726263
/ndn/s13-site/s13/C2Data-5205-Type2;6000248.0000;TIMEOUT;1611606898.291259
/ndn/h12-site/h12/C2Data-733-Type3;146195.0000;DATA;1611606922.341171
/ndn/s9-site/s9/C2Data-4722-Type1;27650.0000;DATA;1611606923.895331
/ndn/h7-site/h7/C2Data-428-Type3;118113.0000;DATA;1611606924.199335
/ndn/s5-site/s5/C2Data-4238-Type2;118130.0000;DATA;1611606925.552205
/ndn/d8-site/d8/C2Data-1404-Type3;168353.0000;DATA;1611606925.583254
/ndn/v9-site/v9/C2Data-6537-Type1;96273.0000;DATA;1611606926.345259
/ndn/d14-site/d14/C2Data-3512-Type2;101650.0000;DATA;1611606927.427173
/ndn/s13-site/s13/C2Data-5206-Type1;6000287.0000;TIMEOUT;1611606923.179288
/ndn/v8-site/v8/C2Data-6416-Type1;93267.0000;DATA;1611606929.127227
/ndn/s5-site/s5/C2Data-4238-Type1;116558.0000;DATA;1611606929.154290
/ndn/v11-site/v11/C2Data-1025-Type4;95863.0000;DATA;1611606929.861503
/ndn/h2-site/h2/C2Data-245-Type2;145120.0000;DATA;1611606930.269195
/ndn/s13-site/s13/C2Data-5206-Type2;6000686.0000;TIMEOUT;1611606924.546377
/ndn/h12-site/h12/C2Data-1455-Type1;146774.0000;DATA;1611606931.889274
/ndn/h12-site/h12/C2Data-1455-Type2;143711.0000;DATA;1611606932.143255
/ndn/v13-site/v13/C2Data-7021-Type1;51905.0000;DATA;1611606932.242290
/ndn/v8-site/v8/C2Data-3234-Type3;9083.0000;DATA;1611606932.623645
/ndn/d0-site/d0/C2Data-916-Type3;142962.0000;DATA;1611606932.836284
/ndn/h8-site/h8/C2Data-489-Type3;51208.0000;DATA;1611606934.890161
/ndn/d1-site/d1/C2Data-977-Type3;118493.0000;DATA;1611606935.614267
/ndn/s3-site/s3/C2Data-3996-Type2;6000465.0000;TIMEOUT;1611606929.823195
/ndn/s9-site/s9/C2Data-4722-Type2;6001095.0000;TIMEOUT;1611606932.113186
/ndn/s3-site/s3/C2Data-3996-Type1;6000263.0000;TIMEOUT;1611606933.042256
/ndn/s5-site/s5/C2Data-2136-Type3;6000471.0000;TIMEOUT;1611606933.724225
/ndn/h4-site/h4/C2Data-100-Type4;74769.0000;DATA;1611606940.528665
/ndn/d13-site/d13/C2Data-3392-Type2;96167.0000;DATA;1611606952.620311
/ndn/v11-site/v11/C2Data-6780-Type2;93106.0000;DATA;1611606953.257289
/ndn/v12-site/v12/C2Data-1050-Type4;216318.0000;DATA;1611606953.529296
/ndn/v7-site/v7/C2Data-6296-Type2;198632.0000;DATA;1611606954.238262
/ndn/h2-site/h2/C2Data-50-Type4;139396.0000;DATA;1611606954.704239
/ndn/h13-site/h13/C2Data-1577-Type1;23618.0000;DATA;1611606956.636304
/ndn/s11-site/s11/C2Data-4965-Type1;6000273.0000;TIMEOUT;1611606952.780204
/ndn/h8-site/h8/C2Data-972-Type1;74101.0000;DATA;1611606960.365272
/ndn/d14-site/d14/C2Data-725-Type4;95511.0000;DATA;1611606960.729308
/ndn/s0-site/s0/C2Data-3634-Type1;6000401.0000;TIMEOUT;1611606955.227329
/ndn/d12-site/d12/C2Data-3271-Type1;144158.0000;DATA;1611606962.134293
/ndn/h1-site/h1/C2Data-25-Type4;98383.0000;DATA;1611606962.419264
/ndn/h6-site/h6/C2Data-730-Type1;71230.0000;DATA;1611606962.589226
/ndn/h14-site/h14/C2Data-1698-Type2;94449.0000;DATA;1611606962.810298
/ndn/h5-site/h5/C2Data-609-Type1;23635.0000;DATA;1611606963.860267
/ndn/d7-site/d7/C2Data-2666-Type2;96036.0000;DATA;1611606964.104265
/ndn/h2-site/h2/C2Data-246-Type1;148839.0000;DATA;1611606964.228330
/ndn/s9-site/s9/C2Data-4723-Type2;6000359.0000;TIMEOUT;1611606962.376236
/ndn/d11-site/d11/C2Data-650-Type4;189569.0000;DATA;1611606972.148958
/ndn/d0-site/d0/C2Data-375-Type4;153106.0000;DATA;1611606973.534226
/ndn/h12-site/h12/C2Data-734-Type3;142024.0000;DATA;1611606980.534180
/ndn/h1-site/h1/C2Data-126-Type2;95185.0000;DATA;1611606982.701176
/ndn/d0-site/d0/C2Data-1820-Type2;140257.0000;DATA;1611606983.599446
/ndn/d2-site/d2/C2Data-2062-Type1;121593.0000;DATA;1611606985.205266
/ndn/d7-site/d7/C2Data-2667-Type1;98374.0000;DATA;1611606985.258254
/ndn/v2-site/v2/C2Data-5692-Type1;122737.0000;DATA;1611606985.258839
/ndn/s4-site/s4/C2Data-2076-Type3;6000315.0000;TIMEOUT;1611606981.008260
/ndn/v9-site/v9/C2Data-6539-Type2;98889.0000;DATA;1611606987.591290
/ndn/d9-site/d9/C2Data-1466-Type3;70854.0000;DATA;1611606988.029169
/ndn/s3-site/s3/C2Data-2015-Type3;6000878.0000;TIMEOUT;1611606983.412259
/ndn/d12-site/d12/C2Data-1649-Type3;164255.0000;DATA;1611606989.408220
/ndn/h0-site/h0/C2Data-5-Type2;94332.0000;DATA;1611606990.281269
/ndn/d9-site/d9/C2Data-2909-Type2;70261.0000;DATA;1611606990.563216
/ndn/h12-site/h12/C2Data-1457-Type1;139820.0000;DATA;1611606990.982259
/ndn/v8-site/v8/C2Data-6418-Type1;97379.0000;DATA;1611606991.912265
/ndn/v1-site/v1/C2Data-5571-Type2;220067.0000;DATA;1611606992.103314
/ndn/v6-site/v6/C2Data-3113-Type3;65153.0000;NACK;1611606992.929244
/ndn/s12-site/s12/C2Data-5087-Type1;6000743.0000;TIMEOUT;1611606988.839265
/ndn/s5-site/s5/C2Data-4240-Type2;6000714.0000;TIMEOUT;1611606989.706191
/ndn/h13-site/h13/C2Data-795-Type3;33680.0000;DATA;1611606996.250279
/ndn/h0-site/h0/C2Data-2-Type3;104559.0000;DATA;1611606997.109278
/ndn/s5-site/s5/C2Data-2137-Type3;6000439.0000;TIMEOUT;1611606992.502211
/ndn/s12-site/s12/C2Data-5087-Type2;6000307.0000;TIMEOUT;1611606992.591385
/ndn/v12-site/v12/C2Data-3479-Type3;209309.0000;DATA;1611606998.646208
/ndn/v9-site/v9/C2Data-6540-Type2;98023.0000;DATA;1611607014.702298
/ndn/d8-site/d8/C2Data-2789-Type1;158527.0000;DATA;1611607015.480279
/ndn/v1-site/v1/C2Data-5572-Type2;218539.0000;DATA;1611607015.689847
/ndn/d1-site/d1/C2Data-1942-Type1;120893.0000;DATA;1611607016.600327
/ndn/h2-site/h2/C2Data-248-Type2;144765.0000;DATA;1611607020.281214
/ndn/d10-site/d10/C2Data-3031-Type1;69305.0000;DATA;1611607021.589259
/ndn/d10-site/d10/C2Data-3031-Type2;69323.0000;DATA;1611607021.636157
/ndn/d11-site/d11/C2Data-3152-Type1;169605.0000;DATA;1611607022.321182
/ndn/v8-site/v8/C2Data-6419-Type1;96406.0000;DATA;1611607022.696302
/ndn/d4-site/d4/C2Data-2305-Type2;121761.0000;DATA;1611607023.378363
/ndn/s9-site/s9/C2Data-4725-Type2;6000346.0000;TIMEOUT;1611607018.067184
/ndn/v12-site/v12/C2Data-6903-Type1;273117.0000;DATA;1611607024.219270
/ndn/s13-site/s13/C2Data-5209-Type2;6000346.0000;TIMEOUT;1611607023.160229
/ndn/h1-site/h1/C2Data-64-Type3;101522.0000;DATA;1611607040.807255
/ndn/d12-site/d12/C2Data-3274-Type1;144425.0000;DATA;1611607043.319203
/ndn/h2-site/h2/C2Data-249-Type2;139882.0000;DATA;1611607043.566303
/ndn/h13-site/h13/C2Data-796-Type3;27259.0000;DATA;1611607043.848315
/ndn/v4-site/v4/C2Data-5936-Type2;234573.0000;DATA;1611607044.041277
/ndn/d5-site/d5/C2Data-1223-Type3;47827.0000;DATA;1611607045.055389
/ndn/d14-site/d14/C2Data-3516-Type1;96529.0000;DATA;1611607045.845280
/ndn/v11-site/v11/C2Data-3419-Type3;96011.0000;DATA;1611607046.056185
/ndn/d0-site/d0/C2Data-1822-Type1;146683.0000;DATA;1611607047.417272
/ndn/v0-site/v0/C2Data-5452-Type1;116858.0000;DATA;1611607047.731255
