/ndn/d7-site/d7/C2Data-2057-Type1;98727.0000;DATA;1612146285.905731
/ndn/d4-site/d4/C2Data-1694-Type1;104934.0000;DATA;1612146287.052754
/ndn/d3-site/d3/C2Data-1573-Type2;258862.0000;DATA;1612146287.705172
/ndn/h4-site/h4/C2Data-484-Type2;147955.0000;DATA;1612146289.585957
/ndn/v1-site/v1/C2Data-3751-Type2;140716.0000;DATA;1612146290.597770
/ndn/v8-site/v8/C2Data-4598-Type2;200557.0000;DATA;1612146291.498327
/ndn/h1-site/h1/C2Data-121-Type1;207150.0000;DATA;1612146292.205533
/ndn/v5-site/v5/C2Data-4235-Type1;361872.0000;DATA;1612146292.190169
/ndn/s7-site/s7/C2Data-3267-Type1;71331.0000;DATA;1612146293.846606
/ndn/h8-site/h8/C2Data-968-Type1;213736.0000;DATA;1612146294.607823
/ndn/v6-site/v6/C2Data-4356-Type1;203751.0000;DATA;1612146294.959803
/ndn/s1-site/s1/C2Data-2541-Type1;228890.0000;DATA;1612146294.949832
/ndn/d2-site/d2/C2Data-1452-Type1;53974.0000;DATA;1612146297.102840
/ndn/s9-site/s9/C2Data-1769-Type3;490603.0000;DATA;1612146310.385555
/ndn/h3-site/h3/C2Data-183-Type3;142612.0000;DATA;1612146311.725806
/ndn/d1-site/d1/C2Data-671-Type3;127130.0000;DATA;1612146312.763249
/ndn/h5-site/h5/C2Data-606-Type1;156553.0000;DATA;1612146316.047081
/ndn/h6-site/h6/C2Data-727-Type2;192197.0000;DATA;1612146316.691897
/ndn/h8-site/h8/C2Data-488-Type3;219092.0000;DATA;1612146319.318929
/ndn/v7-site/v7/C2Data-4478-Type1;93936.0000;DATA;1612146320.807817
/ndn/d4-site/d4/C2Data-1695-Type1;98733.0000;DATA;1612146321.023345
/ndn/v8-site/v8/C2Data-2318-Type3;166738.0000;DATA;1612146321.503772
/ndn/d9-site/d9/C2Data-1159-Type3;27169.0000;DATA;1612146322.084343
/ndn/h5-site/h5/C2Data-305-Type3;147135.0000;DATA;1612146324.965809
/ndn/d2-site/d2/C2Data-1453-Type2;49873.0000;DATA;1612146325.068360
/ndn/h4-site/h4/C2Data-244-Type3;155298.0000;DATA;1612146325.895350
/ndn/s0-site/s0/C2Data-1220-Type3;183884.0000;DATA;1612146330.962016
/ndn/v7-site/v7/C2Data-2257-Type3;78133.0000;DATA;1612146331.464009
/ndn/h9-site/h9/C2Data-549-Type3;91890.0000;DATA;1612146331.924502
/ndn/d9-site/d9/C2Data-2301-Type1;27346.0000;DATA;1612146347.057463
/ndn/h5-site/h5/C2Data-607-Type1;148791.0000;DATA;1612146347.458354
/ndn/s2-site/s2/C2Data-2664-Type2;193946.0000;DATA;1612146350.315956
/ndn/v9-site/v9/C2Data-4721-Type2;28619.0000;DATA;1612146352.016313
/ndn/v8-site/v8/C2Data-4600-Type2;178467.0000;DATA;1612146353.336692
/ndn/v7-site/v7/C2Data-4479-Type2;70590.0000;DATA;1612146353.690931
/ndn/s9-site/s9/C2Data-3511-Type2;244428.0000;DATA;1612146353.791082
/ndn/v6-site/v6/C2Data-4358-Type2;243398.0000;DATA;1612146354.530102
/ndn/d9-site/d9/C2Data-2301-Type2;29355.0000;DATA;1612146355.717396
/ndn/d6-site/d6/C2Data-1938-Type2;217754.0000;DATA;1612146355.824304
/ndn/v3-site/v3/C2Data-2014-Type3;25288.0000;DATA;1612146375.517579
/ndn/h4-site/h4/C2Data-245-Type3;147158.0000;DATA;1612146377.207253
/ndn/v4-site/v4/C2Data-4117-Type2;323499.0000;DATA;1612146379.754952
