/ndn/h4-site/h4/C2Data-484-Type1;54350.0000;DATA;1612718693.508680
/ndn/h3-site/h3/C2Data-363-Type1;83997.0000;DATA;1612718694.718678
/ndn/v9-site/v9/C2Data-4719-Type2;135434.0000;DATA;1612718695.487675
/ndn/s0-site/s0/C2Data-2420-Type2;24165.0000;DATA;1612718696.621598
/ndn/h9-site/h9/C2Data-1089-Type1;183598.0000;DATA;1612718697.605823
/ndn/d4-site/d4/C2Data-1694-Type1;66454.0000;DATA;1612718698.498053
/ndn/d3-site/d3/C2Data-1573-Type2;71650.0000;DATA;1612718699.604890
/ndn/d8-site/d8/C2Data-2178-Type1;147411.0000;DATA;1612718700.540487
/ndn/v8-site/v8/C2Data-4598-Type2;26845.0000;DATA;1612718703.056006
/ndn/d4-site/d4/C2Data-1694-Type2;267494.0000;DATA;1612718704.161747
/ndn/s5-site/s5/C2Data-3025-Type1;30167.0000;DATA;1612718704.319955
/ndn/d3-site/d3/C2Data-1573-Type1;78158.0000;DATA;1612718704.563504
/ndn/v3-site/v3/C2Data-2013-Type3;133319.0000;DATA;1612718716.766429
/ndn/s0-site/s0/C2Data-1220-Type3;43307.0000;DATA;1612718720.965843
/ndn/d2-site/d2/C2Data-732-Type3;26441.0000;DATA;1612718724.727356
/ndn/d6-site/d6/C2Data-1937-Type2;121711.0000;DATA;1612718725.088289
/ndn/h5-site/h5/C2Data-606-Type1;31903.0000;DATA;1612718727.749969
/ndn/d0-site/d0/C2Data-1211-Type2;129939.0000;DATA;1612718729.396300
/ndn/h5-site/h5/C2Data-305-Type3;28639.0000;DATA;1612718731.133112
/ndn/h1-site/h1/C2Data-122-Type2;39251.0000;DATA;1612718731.709763
/ndn/s8-site/s8/C2Data-1708-Type3;28653.0000;DATA;1612718732.554487
/ndn/h7-site/h7/C2Data-848-Type2;76545.0000;DATA;1612718732.974635
/ndn/s7-site/s7/C2Data-3268-Type1;78396.0000;DATA;1612718734.265806
/ndn/d6-site/d6/C2Data-976-Type3;28036.0000;DATA;1612718734.400793
/ndn/d5-site/d5/C2Data-1816-Type1;24740.0000;DATA;1612718734.528439
/ndn/s7-site/s7/C2Data-1647-Type3;31895.0000;DATA;1612718735.849309
/ndn/h9-site/h9/C2Data-549-Type3;24771.0000;DATA;1612718739.340296
/ndn/d0-site/d0/C2Data-1212-Type1;121742.0000;DATA;1612718753.279503
/ndn/s7-site/s7/C2Data-3269-Type2;82480.0000;DATA;1612718756.332165
/ndn/h2-site/h2/C2Data-244-Type2;114389.0000;DATA;1612718756.835806
/ndn/h3-site/h3/C2Data-365-Type2;75243.0000;DATA;1612718759.559232
/ndn/s6-site/s6/C2Data-3148-Type2;24722.0000;DATA;1612718761.066584
/ndn/d7-site/d7/C2Data-2059-Type1;29297.0000;DATA;1612718764.414760
/ndn/v0-site/v0/C2Data-1831-Type3;25957.0000;DATA;1612718777.943783
/ndn/h9-site/h9/C2Data-550-Type3;159635.0000;DATA;1612718781.975436
/ndn/d9-site/d9/C2Data-1160-Type3;149418.0000;DATA;1612718784.031499
/ndn/s9-site/s9/C2Data-3512-Type2;146818.0000;DATA;1612718784.067035
/ndn/d4-site/d4/C2Data-1697-Type2;63747.0000;DATA;1612718784.889232
/ndn/s2-site/s2/C2Data-1343-Type3;25335.0000;DATA;1612718785.386781
/ndn/d5-site/d5/C2Data-1818-Type2;26302.0000;DATA;1612718787.885841
/ndn/d8-site/d8/C2Data-2181-Type2;163032.0000;DATA;1612718788.054759
/ndn/v7-site/v7/C2Data-4480-Type1;27048.0000;DATA;1612718788.206960
/ndn/d5-site/d5/C2Data-916-Type3;152581.0000;DATA;1612718788.147450
/ndn/s4-site/s4/C2Data-2907-Type2;175939.0000;DATA;1612718788.802971
/ndn/h7-site/h7/C2Data-850-Type2;24786.0000;DATA;1612718791.609789
/ndn/v6-site/v6/C2Data-4359-Type1;105228.0000;DATA;1612718792.262789
/ndn/s1-site/s1/C2Data-1282-Type3;33434.0000;DATA;1612718792.455092
/ndn/h6-site/h6/C2Data-729-Type1;25751.0000;DATA;1612718792.638472
/ndn/h7-site/h7/C2Data-850-Type1;72262.0000;DATA;1612718794.071700
/ndn/h2-site/h2/C2Data-123-Type3;27773.0000;DATA;1612718795.164409
/ndn/d2-site/d2/C2Data-300-Type4;107419.0000;DATA;1612718796.160701
/ndn/d8-site/d8/C2Data-1099-Type3;30240.0000;DATA;1612718798.323375
/ndn/h9-site/h9/C2Data-225-Type4;126931.0000;DATA;1612718809.894586
/ndn/h5-site/h5/C2Data-609-Type1;66452.0000;DATA;1612718812.844116
/ndn/v5-site/v5/C2Data-4239-Type1;170387.0000;DATA;1612718813.900740
/ndn/s8-site/s8/C2Data-3392-Type2;106684.0000;DATA;1612718814.374635
/ndn/d2-site/d2/C2Data-1456-Type1;105374.0000;DATA;1612718816.114967
/ndn/s8-site/s8/C2Data-3392-Type1;35780.0000;DATA;1612718817.286925
/ndn/s2-site/s2/C2Data-2666-Type2;25998.0000;DATA;1612718820.057448
/ndn/v5-site/v5/C2Data-4239-Type2;81368.0000;DATA;1612718820.183429
/ndn/d7-site/d7/C2Data-2061-Type1;140662.0000;DATA;1612718820.450079
/ndn/v7-site/v7/C2Data-4481-Type1;76189.0000;DATA;1612718823.045552
/ndn/d6-site/d6/C2Data-1940-Type2;26342.0000;DATA;1612718823.503724
/ndn/h4-site/h4/C2Data-488-Type2;31712.0000;DATA;1612718823.788773
/ndn/h4-site/h4/C2Data-100-Type4;29670.0000;DATA;1612718825.086352
/ndn/v9-site/v9/C2Data-725-Type4;134582.0000;DATA;1612718829.818090
/ndn/d0-site/d0/C2Data-250-Type4;38850.0000;DATA;1612718832.632629
/ndn/h3-site/h3/C2Data-185-Type3;114602.0000;DATA;1612718838.946891
/ndn/v3-site/v3/C2Data-2015-Type3;28299.0000;DATA;1612718840.280838
/ndn/s7-site/s7/C2Data-1649-Type3;25990.0000;DATA;1612718843.479000
/ndn/h2-site/h2/C2Data-247-Type1;100448.0000;DATA;1612718843.605329
/ndn/h0-site/h0/C2Data-5-Type2;122742.0000;DATA;1612718845.395879
/ndn/s9-site/s9/C2Data-3514-Type1;145681.0000;DATA;1612718845.674828
/ndn/d8-site/d8/C2Data-450-Type4;26339.0000;DATA;1612718846.283431
/ndn/s8-site/s8/C2Data-3393-Type1;41802.0000;DATA;1612718846.726881
/ndn/v4-site/v4/C2Data-4119-Type2;669427.0000;DATA;1612718847.148857
/ndn/h4-site/h4/C2Data-246-Type3;29835.0000;DATA;1612718852.703016
/ndn/h5-site/h5/C2Data-610-Type1;25253.0000;DATA;1612718853.047763
/ndn/d7-site/d7/C2Data-1039-Type3;24360.0000;DATA;1612718853.084919
/ndn/s1-site/s1/C2Data-2546-Type1;128857.0000;DATA;1612718853.238482
/ndn/v0-site/v0/C2Data-1832-Type3;26525.0000;DATA;1612718858.055691
/ndn/d4-site/d4/C2Data-1700-Type1;49079.0000;DATA;1612718873.333988
/ndn/h8-site/h8/C2Data-974-Type2;98496.0000;DATA;1612718873.466601
/ndn/d2-site/d2/C2Data-1458-Type1;96401.0000;DATA;1612718873.836664
/ndn/s6-site/s6/C2Data-3152-Type2;102841.0000;DATA;1612718874.573346
/ndn/v8-site/v8/C2Data-4604-Type2;30830.0000;DATA;1612718876.064990
/ndn/d6-site/d6/C2Data-1942-Type1;36133.0000;DATA;1612718877.167932
/ndn/h4-site/h4/C2Data-490-Type1;53526.0000;DATA;1612718877.359954
/ndn/h6-site/h6/C2Data-732-Type1;26395.0000;DATA;1612718879.099215
/ndn/d3-site/d3/C2Data-1579-Type2;165558.0000;DATA;1612718881.762510
/ndn/s1-site/s1/C2Data-1284-Type3;25335.0000;DATA;1612718897.498636
/ndn/v5-site/v5/C2Data-2138-Type3;190758.0000;DATA;1612718897.568586
/ndn/h1-site/h1/C2Data-64-Type3;25286.0000;DATA;1612718899.683795
/ndn/s4-site/s4/C2Data-1467-Type3;28094.0000;DATA;1612718902.766715
/ndn/h6-site/h6/C2Data-733-Type1;98753.0000;DATA;1612718902.786994
/ndn/v8-site/v8/C2Data-4605-Type1;28877.0000;DATA;1612718905.648851
/ndn/d5-site/d5/C2Data-1822-Type2;25677.0000;DATA;1612718907.545775
/ndn/d8-site/d8/C2Data-2185-Type1;151931.0000;DATA;1612718911.882405
/ndn/s3-site/s3/C2Data-1406-Type3;150017.0000;DATA;1612718912.241101
/ndn/h6-site/h6/C2Data-78-Type5;97471.0000;DATA;1612718912.599785
/ndn/v9-site/v9/C2Data-4726-Type1;131488.0000;DATA;1612718913.377290
/ndn/s6-site/s6/C2Data-1589-Type3;40104.0000;DATA;1612718919.675437
/ndn/h5-site/h5/C2Data-65-Type5;104975.0000;DATA;1612718928.012223
/ndn/v3-site/v3/C2Data-4001-Type1;133388.0000;DATA;1612718933.936180
/ndn/h7-site/h7/C2Data-855-Type2;71040.0000;DATA;1612718934.725086
/ndn/d0-site/d0/C2Data-1218-Type2;43097.0000;DATA;1612718936.825590
/ndn/d0-site/d0/C2Data-1218-Type1;25130.0000;DATA;1612718937.722912
/ndn/s0-site/s0/C2Data-2428-Type1;25563.0000;DATA;1612718941.590037
/ndn/h6-site/h6/C2Data-151-Type4;106882.0000;DATA;1612718941.497748
/ndn/d4-site/d4/C2Data-351-Type4;54567.0000;DATA;1612718952.047685
/ndn/d3-site/d3/C2Data-169-Type5;183238.0000;DATA;1612718956.345505
/ndn/h4-site/h4/C2Data-248-Type3;61895.0000;DATA;1612718957.194462
/ndn/h7-site/h7/C2Data-431-Type3;74753.0000;DATA;1612718957.254241
/ndn/v9-site/v9/C2Data-726-Type4;138876.0000;DATA;1612718957.578838
/ndn/d2-site/d2/C2Data-301-Type4;97533.0000;DATA;1612718959.363925
/ndn/h8-site/h8/C2Data-201-Type4;44882.0000;DATA;1612718962.356940
/ndn/v6-site/v6/C2Data-2200-Type3;99111.0000;DATA;1612718963.128772
/ndn/v0-site/v0/C2Data-3639-Type1;25285.0000;DATA;1612718963.645405
/ndn/h6-site/h6/C2Data-735-Type2;101527.0000;DATA;1612718963.642801
/ndn/h9-site/h9/C2Data-553-Type3;51238.0000;DATA;1612718963.950236
/ndn/h0-site/h0/C2Data-4-Type3;124914.0000;DATA;1612718965.245704
/ndn/d6-site/d6/C2Data-980-Type3;121599.0000;DATA;1612718965.342640
/ndn/h0-site/h0/C2Data-0-Type5;51649.0000;DATA;1612718966.138767
/ndn/d8-site/d8/C2Data-2187-Type1;179467.0000;DATA;1612718966.993138
/ndn/d6-site/d6/C2Data-1945-Type2;149711.0000;DATA;1612718967.051857
/ndn/s6-site/s6/C2Data-1590-Type3;31340.0000;DATA;1612718967.513565
/ndn/v9-site/v9/C2Data-2383-Type3;134725.0000;DATA;1612718967.471785
/ndn/s9-site/s9/C2Data-3518-Type2;73215.0000;DATA;1612718967.646317
/ndn/h0-site/h0/C2Data-9-Type1;124158.0000;DATA;1612718968.668869
/ndn/v6-site/v6/C2Data-4365-Type1;101831.0000;DATA;1612718969.153420
/ndn/s5-site/s5/C2Data-3034-Type1;90851.0000;DATA;1612718969.501005
/ndn/h4-site/h4/C2Data-493-Type2;29146.0000;DATA;1612718969.561683
/ndn/s5-site/s5/C2Data-3034-Type2;76118.0000;DATA;1612718969.634017
/ndn/d2-site/d2/C2Data-1461-Type2;25455.0000;DATA;1612718969.871524
/ndn/s1-site/s1/C2Data-2550-Type2;78144.0000;DATA;1612718969.872812
/ndn/h6-site/h6/C2Data-370-Type3;27860.0000;DATA;1612718970.755839
/ndn/v3-site/v3/C2Data-4002-Type1;24611.0000;DATA;1612718971.582928
/ndn/h5-site/h5/C2Data-126-Type4;36060.0000;DATA;1612718972.149337
/ndn/d7-site/d7/C2Data-2066-Type2;78789.0000;DATA;1612718972.140870
/ndn/s5-site/s5/C2Data-1529-Type3;25109.0000;DATA;1612718973.296741
/ndn/h7-site/h7/C2Data-856-Type1;50344.0000;DATA;1612718973.235276
/ndn/v8-site/v8/C2Data-2322-Type3;30319.0000;DATA;1612718973.371726
/ndn/v4-site/v4/C2Data-601-Type4;76949.0000;DATA;1612718973.376647
/ndn/d4-site/d4/C2Data-858-Type3;26402.0000;DATA;1612718974.011705
/ndn/d7-site/d7/C2Data-426-Type4;77998.0000;DATA;1612718976.272778
/ndn/d0-site/d0/C2Data-614-Type3;29134.0000;DATA;1612718978.132914
/ndn/v0-site/v0/C2Data-501-Type4;26684.0000;DATA;1612718980.188866
/ndn/d5-site/d5/C2Data-919-Type3;31505.0000;DATA;1612718980.619138
/ndn/v9-site/v9/C2Data-377-Type5;31862.0000;DATA;1612718989.521707
/ndn/d1-site/d1/C2Data-1341-Type1;136567.0000;DATA;1612718993.887494
/ndn/v8-site/v8/C2Data-4608-Type1;37418.0000;DATA;1612718994.887159
/ndn/v2-site/v2/C2Data-3882-Type2;147088.0000;DATA;1612718994.990007
/ndn/d9-site/d9/C2Data-247-Type5;25178.0000;DATA;1612718996.727836
/ndn/d6-site/d6/C2Data-1946-Type1;165196.0000;DATA;1612718997.013368
/ndn/d8-site/d8/C2Data-2188-Type1;33300.0000;DATA;1612718997.203550
/ndn/h5-site/h5/C2Data-615-Type1;55801.0000;DATA;1612718997.492186
/ndn/s8-site/s8/C2Data-3398-Type2;117195.0000;DATA;1612718999.741944
/ndn/h3-site/h3/C2Data-373-Type2;24012.0000;DATA;1612719000.355051
/ndn/s5-site/s5/C2Data-3035-Type1;27468.0000;DATA;1612719001.121457
/ndn/v4-site/v4/C2Data-4124-Type2;175217.0000;DATA;1612719001.068331
/ndn/h6-site/h6/C2Data-736-Type2;24835.0000;DATA;1612719002.086999
/ndn/s2-site/s2/C2Data-2672-Type1;53763.0000;DATA;1612719002.425236
/ndn/h2-site/h2/C2Data-252-Type1;100515.0000;DATA;1612719003.359360
/ndn/h8-site/h8/C2Data-978-Type1;97464.0000;DATA;1612719003.447218
/ndn/d2-site/d2/C2Data-1462-Type2;1099.0000;DATA;1612719003.619154
/ndn/s9-site/s9/C2Data-3519-Type2;123443.0000;DATA;1612719003.537187
/ndn/h2-site/h2/C2Data-26-Type5;28447.0000;DATA;1612719014.581134
/ndn/s8-site/s8/C2Data-1713-Type3;113540.0000;DATA;1612719019.267782
/ndn/s3-site/s3/C2Data-2794-Type2;149844.0000;DATA;1612719023.950567
/ndn/v9-site/v9/C2Data-4730-Type2;124106.0000;DATA;1612719027.291815
/ndn/v9-site/v9/C2Data-2384-Type3;26445.0000;DATA;1612719027.401049
/ndn/d2-site/d2/C2Data-737-Type3;24979.0000;DATA;1612719028.601759
/ndn/h6-site/h6/C2Data-371-Type3;96996.0000;DATA;1612719028.754026
/ndn/s5-site/s5/C2Data-1530-Type3;38215.0000;DATA;1612719029.890052
/ndn/s5-site/s5/C2Data-3036-Type1;563593.0000;DATA;1612719029.954244
/ndn/s3-site/s3/C2Data-1408-Type3;35930.0000;DATA;1612719030.479712
/ndn/v0-site/v0/C2Data-3641-Type1;26879.0000;DATA;1612719032.902914
/ndn/d0-site/d0/C2Data-615-Type3;129263.0000;DATA;1612719033.239807
/ndn/v8-site/v8/C2Data-2323-Type3;26427.0000;DATA;1612719033.723786
/ndn/d4-site/d4/C2Data-859-Type3;25240.0000;DATA;1612719034.739904
/ndn/v7-site/v7/C2Data-2262-Type3;28247.0000;DATA;1612719036.217357
/ndn/v4-site/v4/C2Data-2079-Type3;71137.0000;DATA;1612719036.747821
/ndn/d5-site/d5/C2Data-920-Type3;35028.0000;DATA;1612719038.143563
/ndn/v0-site/v0/C2Data-3642-Type1;33480.0000;DATA;1612719052.699494
/ndn/d5-site/d5/C2Data-1827-Type2;201494.0000;DATA;1612719055.339698
/ndn/h3-site/h3/C2Data-375-Type1;86300.0000;DATA;1612719056.784790
/ndn/h5-site/h5/C2Data-617-Type2;52329.0000;DATA;1612719058.193954
/ndn/h6-site/h6/C2Data-738-Type1;83164.0000;DATA;1612719058.428693
/ndn/s0-site/s0/C2Data-2432-Type2;125244.0000;DATA;1612719058.611777
/ndn/v7-site/v7/C2Data-4489-Type1;24657.0000;DATA;1612719062.558923
/ndn/s7-site/s7/C2Data-3279-Type1;6004550.0000;TIMEOUT;1612719061.986643
/ndn/v6-site/v6/C2Data-2202-Type3;107898.0000;DATA;1612719077.088889
/ndn/d6-site/d6/C2Data-982-Type3;141949.0000;DATA;1612719080.961395
/ndn/s2-site/s2/C2Data-1348-Type3;54054.0000;DATA;1612719082.235646
/ndn/h5-site/h5/C2Data-311-Type3;47093.0000;DATA;1612719086.215269
/ndn/v4-site/v4/C2Data-4127-Type1;74316.0000;DATA;1612719088.165806
/ndn/s1-site/s1/C2Data-1287-Type3;6003033.0000;TIMEOUT;1612719082.580249
/ndn/s9-site/s9/C2Data-3522-Type1;6002375.0000;TIMEOUT;1612719082.753763
/ndn/v2-site/v2/C2Data-3885-Type1;147191.0000;DATA;1612719089.623630
/ndn/h5-site/h5/C2Data-618-Type1;25901.0000;DATA;1612719091.954670
/ndn/d7-site/d7/C2Data-1043-Type3;30321.0000;DATA;1612719092.498850
/ndn/s6-site/s6/C2Data-3159-Type1;6000596.0000;TIMEOUT;1612719086.606190
/ndn/d6-site/d6/C2Data-1949-Type1;24512.0000;DATA;1612719093.348870
/ndn/d4-site/d4/C2Data-1707-Type2;27126.0000;DATA;1612719093.954166
/ndn/d0-site/d0/C2Data-616-Type3;48560.0000;DATA;1612719096.115977
/ndn/h6-site/h6/C2Data-372-Type3;44842.0000;DATA;1612719097.306104
/ndn/s6-site/s6/C2Data-3159-Type2;6005454.0000;TIMEOUT;1612719092.227270
/ndn/s5-site/s5/C2Data-3038-Type1;6002695.0000;TIMEOUT;1612719093.647316
/ndn/h9-site/h9/C2Data-227-Type4;28373.0000;DATA;1612719108.199303
/ndn/v7-site/v7/C2Data-4491-Type2;75861.0000;DATA;1612719113.481007
/ndn/v4-site/v4/C2Data-602-Type4;96911.0000;DATA;1612719113.972484
/ndn/d7-site/d7/C2Data-2071-Type1;151564.0000;DATA;1612719116.757177
/ndn/h9-site/h9/C2Data-1103-Type1;215438.0000;DATA;1612719117.195867
/ndn/h4-site/h4/C2Data-498-Type1;54150.0000;DATA;1612719123.829475
/ndn/d8-site/d8/C2Data-2192-Type1;166500.0000;DATA;1612719123.942862
/ndn/v7-site/v7/C2Data-677-Type4;27504.0000;DATA;1612719126.875874
/ndn/v0-site/v0/C2Data-502-Type4;31027.0000;DATA;1612719128.113052
/ndn/s5-site/s5/C2Data-3039-Type1;6002583.0000;TIMEOUT;1612719123.188916
/ndn/h2-site/h2/C2Data-52-Type4;28595.0000;DATA;1612719136.283789
/ndn/v9-site/v9/C2Data-2386-Type3;158746.0000;DATA;1612719139.293703
/ndn/d6-site/d6/C2Data-402-Type4;33202.0000;DATA;1612719142.005966
/ndn/v7-site/v7/C2Data-2264-Type3;23874.0000;DATA;1612719142.875022
/ndn/v3-site/v3/C2Data-2020-Type3;28198.0000;DATA;1612719143.241684
/ndn/d4-site/d4/C2Data-1709-Type1;68645.0000;DATA;1612719144.310605
/ndn/v8-site/v8/C2Data-2325-Type3;26332.0000;DATA;1612719144.739962
/ndn/d5-site/d5/C2Data-1830-Type2;157008.0000;DATA;1612719144.766879
/ndn/s2-site/s2/C2Data-2677-Type1;6000519.0000;TIMEOUT;1612719143.226893
/ndn/s4-site/s4/C2Data-1471-Type3;6003014.0000;TIMEOUT;1612719143.879862
/ndn/v0-site/v0/C2Data-3645-Type1;28863.0000;DATA;1612719151.405451
/ndn/v5-site/v5/C2Data-2142-Type3;73272.0000;DATA;1612719151.633964
/ndn/v6-site/v6/C2Data-4371-Type1;73066.0000;DATA;1612719151.924181
/ndn/h7-site/h7/C2Data-862-Type1;85207.0000;DATA;1612719152.119582
/ndn/v6-site/v6/C2Data-2203-Type3;33133.0000;DATA;1612719156.047895
/ndn/s8-site/s8/C2Data-3403-Type2;6000857.0000;TIMEOUT;1612719152.291024
/ndn/s2-site/s2/C2Data-1349-Type3;6011389.0000;TIMEOUT;1612719158.199219
/ndn/h5-site/h5/C2Data-621-Type1;72884.0000;DATA;1612719177.219400
/ndn/h8-site/h8/C2Data-984-Type1;48708.0000;DATA;1612719179.073229
/ndn/s6-site/s6/C2Data-3162-Type2;6012597.0000;TIMEOUT;1612719173.899502
/ndn/d8-site/d8/C2Data-2194-Type2;47764.0000;DATA;1612719180.268788
/ndn/s8-site/s8/C2Data-3404-Type1;6001488.0000;TIMEOUT;1612719175.340634
/ndn/s2-site/s2/C2Data-2678-Type1;6006977.0000;TIMEOUT;1612719175.547224
/ndn/s9-site/s9/C2Data-3525-Type1;6003659.0000;TIMEOUT;1612719175.728769
/ndn/v7-site/v7/C2Data-4493-Type1;30032.0000;DATA;1612719183.554509
/ndn/h9-site/h9/C2Data-557-Type3;217820.0000;DATA;1612719196.749425
/ndn/h2-site/h2/C2Data-130-Type3;124972.0000;DATA;1612719197.085396
/ndn/h1-site/h1/C2Data-69-Type3;24281.0000;DATA;1612719200.221187
/ndn/h5-site/h5/C2Data-35-Type6;55040.0000;DATA;1612719201.304800
/ndn/v8-site/v8/C2Data-2326-Type3;24448.0000;DATA;1612719202.838847
/ndn/d4-site/d4/C2Data-1711-Type2;49983.0000;DATA;1612719202.844003
/ndn/h8-site/h8/C2Data-496-Type3;41312.0000;DATA;1612719206.118972
/ndn/v7-site/v7/C2Data-4494-Type2;88007.0000;DATA;1612719207.010869
/ndn/d5-site/d5/C2Data-1832-Type1;25645.0000;DATA;1612719208.071938
/ndn/h9-site/h9/C2Data-1106-Type2;26205.0000;DATA;1612719208.141813
/ndn/s3-site/s3/C2Data-2800-Type1;6001361.0000;TIMEOUT;1612719203.216935
/ndn/v9-site/v9/C2Data-2387-Type3;25929.0000;DATA;1612719210.284677
/ndn/d8-site/d8/C2Data-1106-Type3;150461.0000;DATA;1612719210.671369
/ndn/v9-site/v9/C2Data-4736-Type1;125850.0000;DATA;1612719211.056516
/ndn/d7-site/d7/C2Data-1045-Type3;25060.0000;DATA;1612719213.819991
/ndn/s1-site/s1/C2Data-2558-Type2;6000508.0000;TIMEOUT;1612719208.113079
/ndn/s8-site/s8/C2Data-3405-Type1;6001950.0000;TIMEOUT;1612719211.778675
/ndn/s4-site/s4/C2Data-1472-Type3;6001435.0000;TIMEOUT;1612719215.703173
/ndn/d8-site/d8/C2Data-126-Type6;102814.0000;DATA;1612719222.987820
/ndn/h5-site/h5/C2Data-66-Type5;48505.0000;DATA;1612719226.534402
/ndn/h6-site/h6/C2Data-42-Type6;101772.0000;DATA;1612719226.594231
/ndn/v6-site/v6/C2Data-339-Type5;82160.0000;DATA;1612719226.676994
/ndn/h0-site/h0/C2Data-1-Type5;30195.0000;DATA;1612719228.267460
/ndn/h7-site/h7/C2Data-49-Type6;31231.0000;DATA;1612719229.624013
/ndn/h4-site/h4/C2Data-502-Type1;49493.0000;DATA;1612719233.758697
/ndn/h1-site/h1/C2Data-139-Type2;25281.0000;DATA;1612719235.357079
/ndn/d3-site/d3/C2Data-1591-Type1;143780.0000;DATA;1612719238.240485
/ndn/s6-site/s6/C2Data-3164-Type2;6002743.0000;TIMEOUT;1612719232.668272
/ndn/d6-site/d6/C2Data-1954-Type2;24801.0000;DATA;1612719241.278956
/ndn/s5-site/s5/C2Data-3043-Type2;6001749.0000;TIMEOUT;1612719236.575943
/ndn/s4-site/s4/C2Data-2922-Type1;6005457.0000;TIMEOUT;1612719236.710170
/ndn/h9-site/h9/C2Data-1107-Type1;81396.0000;DATA;1612719243.449503
/ndn/s8-site/s8/C2Data-3406-Type2;6001006.0000;TIMEOUT;1612719238.858424
/ndn/s2-site/s2/C2Data-2680-Type2;6000652.0000;TIMEOUT;1612719239.667566
/ndn/h1-site/h1/C2Data-28-Type4;26837.0000;DATA;1612719249.500488
/ndn/s1-site/s1/C2Data-2559-Type2;6001088.0000;TIMEOUT;1612719243.981139
/ndn/h3-site/h3/C2Data-78-Type4;234841.0000;DATA;1612719255.155723
/ndn/d7-site/d7/C2Data-222-Type5;26398.0000;DATA;1612719255.423272
/ndn/d3-site/d3/C2Data-328-Type4;231245.0000;DATA;1612719256.169673
/ndn/h0-site/h0/C2Data-9-Type3;131908.0000;DATA;1612719257.179473
/ndn/d2-site/d2/C2Data-157-Type5;26779.0000;DATA;1612719258.347226
/ndn/d8-site/d8/C2Data-1107-Type3;243860.0000;DATA;1612719261.173074
/ndn/v4-site/v4/C2Data-4133-Type2;173325.0000;DATA;1612719263.148869
/ndn/v5-site/v5/C2Data-4254-Type2;173588.0000;DATA;1612719263.537050
/ndn/h7-site/h7/C2Data-866-Type1;79714.0000;DATA;1612719263.800999
/ndn/v4-site/v4/C2Data-2083-Type3;152401.0000;DATA;1612719264.083583
/ndn/v0-site/v0/C2Data-3649-Type1;38558.0000;DATA;1612719264.283786
/ndn/h1-site/h1/C2Data-70-Type3;24948.0000;DATA;1612719266.108605
/ndn/h2-site/h2/C2Data-261-Type1;107566.0000;DATA;1612719266.344452
/ndn/v3-site/v3/C2Data-300-Type5;126697.0000;DATA;1612719266.687837
/ndn/v9-site/v9/C2Data-2388-Type3;23829.0000;DATA;1612719267.167036
/ndn/v9-site/v9/C2Data-4738-Type2;24062.0000;DATA;1612719267.495020
/ndn/d5-site/d5/C2Data-924-Type3;36202.0000;DATA;1612719267.577515
/ndn/v7-site/v7/C2Data-4496-Type2;78479.0000;DATA;1612719267.644219
/ndn/d2-site/d2/C2Data-1471-Type1;27026.0000;DATA;1612719267.764519
/ndn/v2-site/v2/C2Data-3891-Type1;155418.0000;DATA;1612719268.078061
/ndn/d3-site/d3/C2Data-1592-Type2;76039.0000;DATA;1612719268.407844
