/ndn/s4-site/s4/C2Data-2904-Type1;194737.0000;DATA;1612145938.241343
/ndn/s5-site/s5/C2Data-3025-Type2;111884.0000;DATA;1612145940.071323
/ndn/d7-site/d7/C2Data-2057-Type2;208184.0000;DATA;1612145940.307292
/ndn/s6-site/s6/C2Data-3146-Type2;53668.0000;DATA;1612145941.728965
/ndn/d9-site/d9/C2Data-2299-Type2;50947.0000;DATA;1612145943.235622
/ndn/d5-site/d5/C2Data-1815-Type2;145964.0000;DATA;1612145944.163478
/ndn/s2-site/s2/C2Data-2662-Type2;51441.0000;DATA;1612145944.461871
/ndn/s4-site/s4/C2Data-2904-Type2;94986.0000;DATA;1612145944.734687
/ndn/s0-site/s0/C2Data-2420-Type2;26191.0000;DATA;1612145947.583315
/ndn/v9-site/v9/C2Data-4719-Type1;23844.0000;DATA;1612145948.158147
/ndn/v4-site/v4/C2Data-4114-Type1;24494.0000;DATA;1612145948.189309
/ndn/v4-site/v4/C2Data-4115-Type1;135698.0000;DATA;1612145966.828987
/ndn/h0-site/h0/C2Data-0-Type3;1121.0000;DATA;1612145967.654037
/ndn/v9-site/v9/C2Data-2379-Type3;95052.0000;DATA;1612145967.838047
/ndn/v8-site/v8/C2Data-4599-Type2;48847.0000;DATA;1612145968.006425
/ndn/v8-site/v8/C2Data-2318-Type3;49216.0000;DATA;1612145968.219542
/ndn/d0-site/d0/C2Data-1211-Type1;58020.0000;DATA;1612145969.501032
/ndn/h5-site/h5/C2Data-606-Type2;54924.0000;DATA;1612145969.936333
/ndn/v4-site/v4/C2Data-2074-Type3;98682.0000;DATA;1612145970.777199
/ndn/d9-site/d9/C2Data-2300-Type2;24375.0000;DATA;1612145971.076649
/ndn/v7-site/v7/C2Data-4478-Type2;76181.0000;DATA;1612145972.360008
/ndn/s7-site/s7/C2Data-3268-Type2;97490.0000;DATA;1612145973.415556
/ndn/h6-site/h6/C2Data-727-Type2;1050.0000;DATA;1612145973.645930
/ndn/v7-site/v7/C2Data-2257-Type3;50101.0000;DATA;1612145973.649187
/ndn/d4-site/d4/C2Data-1695-Type1;82569.0000;DATA;1612145974.176993
/ndn/s5-site/s5/C2Data-3026-Type2;105615.0000;DATA;1612145974.130616
/ndn/v2-site/v2/C2Data-1952-Type3;100156.0000;DATA;1612145976.692877
/ndn/d2-site/d2/C2Data-1453-Type1;131018.0000;DATA;1612145976.993223
/ndn/h2-site/h2/C2Data-122-Type3;138975.0000;DATA;1612145981.237305
/ndn/d9-site/d9/C2Data-1159-Type3;55246.0000;DATA;1612145982.237810
/ndn/s4-site/s4/C2Data-2906-Type2;199095.0000;DATA;1612145998.178972
/ndn/s8-site/s8/C2Data-3390-Type1;139276.0000;DATA;1612145998.808909
/ndn/v6-site/v6/C2Data-4358-Type2;130441.0000;DATA;1612145999.051927
/ndn/s4-site/s4/C2Data-2906-Type1;213535.0000;DATA;1612145999.189460
/ndn/s6-site/s6/C2Data-3148-Type1;2581.0000;DATA;1612145999.944225
/ndn/v3-site/v3/C2Data-3995-Type2;48150.0000;DATA;1612146002.491867
/ndn/h3-site/h3/C2Data-365-Type1;170428.0000;DATA;1612146002.956605
/ndn/h1-site/h1/C2Data-123-Type2;90837.0000;DATA;1612146003.394509
/ndn/s3-site/s3/C2Data-2785-Type2;72945.0000;DATA;1612146007.034987
/ndn/s0-site/s0/C2Data-2422-Type2;121909.0000;DATA;1612146007.301218
/ndn/h1-site/h1/C2Data-62-Type3;25746.0000;DATA;1612146021.822183
/ndn/s2-site/s2/C2Data-1343-Type3;4036.0000;DATA;1612146023.195301
/ndn/h3-site/h3/C2Data-184-Type3;133045.0000;DATA;1612146023.209620
/ndn/d1-site/d1/C2Data-672-Type3;158773.0000;DATA;1612146025.321944
/ndn/v4-site/v4/C2Data-4117-Type1;126089.0000;DATA;1612146028.281842
/ndn/v0-site/v0/C2Data-1831-Type3;846.0000;DATA;1612146029.856969
