/ndn/d13-site/d13/C2Data-3388-Type2;173181.0000;DATA;1611607421.416348
/ndn/h1-site/h1/C2Data-121-Type2;166633.0000;DATA;1611607421.718403
/ndn/d8-site/d8/C2Data-2783-Type1;77374.0000;DATA;1611607424.468441
/ndn/v1-site/v1/C2Data-5566-Type1;166788.0000;DATA;1611607424.824392
/ndn/s10-site/s10/C2Data-4840-Type1;186139.0000;DATA;1611607424.907296
/ndn/v4-site/v4/C2Data-5929-Type1;24883.0000;DATA;1611607425.935417
/ndn/h13-site/h13/C2Data-1573-Type2;46314.0000;DATA;1611607426.628401
/ndn/v2-site/v2/C2Data-5687-Type1;441.0000;NACK;1611607426.679382
/ndn/v6-site/v6/C2Data-6171-Type2;120898.0000;DATA;1611607426.658313
/ndn/s1-site/s1/C2Data-3751-Type1;609.0000;DATA;1611607427.667299
/ndn/d13-site/d13/C2Data-3388-Type1;175652.0000;DATA;1611607428.193389
/ndn/v5-site/v5/C2Data-6050-Type2;265620.0000;DATA;1611607428.224372
/ndn/v13-site/v13/C2Data-7018-Type1;706.0000;DATA;1611607429.253074
/ndn/d14-site/d14/C2Data-3509-Type1;52714.0000;DATA;1611607429.513429
/ndn/d7-site/d7/C2Data-2662-Type1;118952.0000;DATA;1611607429.589351
/ndn/s3-site/s3/C2Data-3993-Type2;98170.0000;DATA;1611607430.694425
/ndn/d6-site/d6/C2Data-2541-Type2;52686.0000;DATA;1611607431.157276
/ndn/v2-site/v2/C2Data-5688-Type1;157431.0000;DATA;1611607450.413348
/ndn/h11-site/h11/C2Data-671-Type3;23469.0000;DATA;1611607450.897352
/ndn/d14-site/d14/C2Data-3510-Type2;141558.0000;DATA;1611607451.463309
/ndn/d3-site/d3/C2Data-1098-Type3;142223.0000;DATA;1611607451.480316
/ndn/h10-site/h10/C2Data-610-Type3;48112.0000;DATA;1611607451.877324
/ndn/v14-site/v14/C2Data-3599-Type3;46449.0000;DATA;1611607452.193278
/ndn/v1-site/v1/C2Data-5567-Type1;228801.0000;DATA;1611607452.087349
/ndn/h3-site/h3/C2Data-183-Type3;627.0000;DATA;1611607452.552269
/ndn/h3-site/h3/C2Data-364-Type1;69814.0000;DATA;1611607452.840388
/ndn/s3-site/s3/C2Data-3994-Type2;92272.0000;DATA;1611607454.896286
/ndn/s4-site/s4/C2Data-2074-Type3;26663.0000;DATA;1611607455.433347
/ndn/v6-site/v6/C2Data-3111-Type3;141677.0000;DATA;1611607455.929504
/ndn/v2-site/v2/C2Data-2867-Type3;25479.0000;DATA;1611607457.869125
/ndn/d0-site/d0/C2Data-915-Type3;23195.0000;DATA;1611607457.906262
/ndn/h5-site/h5/C2Data-606-Type1;50602.0000;DATA;1611607458.121315
/ndn/d7-site/d7/C2Data-2663-Type1;123364.0000;DATA;1611607458.495273
/ndn/d9-site/d9/C2Data-1464-Type3;508.0000;DATA;1611607460.403298
/ndn/d8-site/d8/C2Data-2784-Type2;24858.0000;DATA;1611607461.396264
/ndn/v7-site/v7/C2Data-3172-Type3;606.0000;DATA;1611607462.267284
/ndn/s5-site/s5/C2Data-2135-Type3;827.0000;DATA;1611607462.506122
/ndn/s1-site/s1/C2Data-1891-Type3;622.0000;DATA;1611607463.540330
/ndn/s14-site/s14/C2Data-2684-Type3;41310.0000;DATA;1611607464.660370
/ndn/h13-site/h13/C2Data-793-Type3;24372.0000;DATA;1611607466.791289
/ndn/h4-site/h4/C2Data-244-Type3;27919.0000;DATA;1611607467.513293
/ndn/v3-site/v3/C2Data-5810-Type2;93035.0000;DATA;1611607480.256374
/ndn/v7-site/v7/C2Data-6294-Type2;218281.0000;DATA;1611607480.472316
/ndn/s12-site/s12/C2Data-5084-Type2;95430.0000;DATA;1611607480.665288
/ndn/s6-site/s6/C2Data-4358-Type1;171336.0000;DATA;1611607480.888398
/ndn/d4-site/d4/C2Data-2301-Type1;187781.0000;DATA;1611607483.526354
/ndn/h4-site/h4/C2Data-486-Type2;23549.0000;DATA;1611607483.891352
/ndn/v7-site/v7/C2Data-6294-Type1;23365.0000;DATA;1611607485.477315
/ndn/d0-site/d0/C2Data-1817-Type1;120832.0000;DATA;1611607485.507340
/ndn/v5-site/v5/C2Data-6052-Type2;122889.0000;DATA;1611607485.936321
/ndn/v9-site/v9/C2Data-6536-Type1;85804.0000;DATA;1611607486.660335
/ndn/s0-site/s0/C2Data-3632-Type1;25897.0000;DATA;1611607487.548260
/ndn/d10-site/d10/C2Data-3027-Type2;24651.0000;DATA;1611607487.610345
/ndn/v9-site/v9/C2Data-6536-Type2;24459.0000;DATA;1611607488.337358
/ndn/h5-site/h5/C2Data-607-Type1;46801.0000;DATA;1611607488.418272
/ndn/s2-site/s2/C2Data-3874-Type2;651.0000;DATA;1611607488.514259
/ndn/v5-site/v5/C2Data-6052-Type1;270973.0000;DATA;1611607488.491272
/ndn/h1-site/h1/C2Data-123-Type1;163354.0000;DATA;1611607488.676259
/ndn/v1-site/v1/C2Data-5568-Type1;23409.0000;DATA;1611607490.307316
/ndn/h2-site/h2/C2Data-244-Type2;585.0000;DATA;1611607491.323368
/ndn/v0-site/v0/C2Data-5447-Type2;149211.0000;DATA;1611607491.373346
/ndn/h3-site/h3/C2Data-184-Type3;231831.0000;DATA;1611607504.571316
/ndn/h0-site/h0/C2Data-1-Type3;720.0000;DATA;1611607506.490347
/ndn/v13-site/v13/C2Data-3539-Type3;49964.0000;DATA;1611607508.960337
/ndn/d5-site/d5/C2Data-1221-Type3;24232.0000;DATA;1611607510.471354
/ndn/v4-site/v4/C2Data-5932-Type1;24076.0000;DATA;1611607510.671975
/ndn/s2-site/s2/C2Data-1953-Type3;46315.0000;DATA;1611607512.141480
/ndn/v3-site/v3/C2Data-5811-Type2;51372.0000;DATA;1611607512.964263
/ndn/s12-site/s12/C2Data-5085-Type1;26995.0000;DATA;1611607512.994260
/ndn/d6-site/d6/C2Data-1282-Type3;25314.0000;DATA;1611607513.169358
/ndn/d9-site/d9/C2Data-2907-Type2;94281.0000;DATA;1611607513.221316
/ndn/s9-site/s9/C2Data-4722-Type1;73694.0000;DATA;1611607513.695978
/ndn/h1-site/h1/C2Data-62-Type3;173244.0000;DATA;1611607515.034312
/ndn/h14-site/h14/C2Data-855-Type3;601.0000;DATA;1611607515.311394
/ndn/s1-site/s1/C2Data-3754-Type1;70444.0000;DATA;1611607515.588913
/ndn/v8-site/v8/C2Data-3234-Type3;806.0000;DATA;1611607516.321297
/ndn/v5-site/v5/C2Data-6053-Type1;635.0000;DATA;1611607516.403336
/ndn/s3-site/s3/C2Data-3996-Type1;96602.0000;DATA;1611607516.667305
/ndn/v11-site/v11/C2Data-3417-Type3;497.0000;DATA;1611607517.103295
/ndn/v14-site/v14/C2Data-3600-Type3;48519.0000;DATA;1611607518.119342
/ndn/s14-site/s14/C2Data-5327-Type1;634.0000;DATA;1611607518.262316
/ndn/d0-site/d0/C2Data-916-Type3;48579.0000;DATA;1611607519.522336
/ndn/v7-site/v7/C2Data-6295-Type2;25808.0000;DATA;1611607520.152275
/ndn/h11-site/h11/C2Data-672-Type3;167109.0000;DATA;1611607520.041457
/ndn/d0-site/d0/C2Data-1818-Type1;888.0000;DATA;1611607521.513350
/ndn/s0-site/s0/C2Data-1831-Type3;46749.0000;DATA;1611607521.743345
/ndn/v13-site/v13/C2Data-7021-Type1;51221.0000;DATA;1611607521.969272
/ndn/s5-site/s5/C2Data-2136-Type3;471.0000;DATA;1611607522.107351
/ndn/h8-site/h8/C2Data-489-Type3;710.0000;DATA;1611607522.745340
/ndn/v4-site/v4/C2Data-850-Type4;73036.0000;DATA;1611607523.386320
/ndn/v6-site/v6/C2Data-900-Type4;26060.0000;DATA;1611607530.347108
/ndn/v5-site/v5/C2Data-875-Type4;235980.0000;DATA;1611607534.447414
/ndn/h14-site/h14/C2Data-1698-Type2;161913.0000;DATA;1611607540.457308
/ndn/v3-site/v3/C2Data-5812-Type1;47860.0000;DATA;1611607541.948450
/ndn/s13-site/s13/C2Data-5207-Type2;71302.0000;DATA;1611607543.961328
/ndn/s2-site/s2/C2Data-3876-Type2;47658.0000;DATA;1611607544.596322
/ndn/d4-site/d4/C2Data-2303-Type2;23741.0000;DATA;1611607544.632359
/ndn/v4-site/v4/C2Data-5933-Type1;116776.0000;DATA;1611607545.173307
/ndn/v8-site/v8/C2Data-6417-Type1;666.0000;DATA;1611607546.182292
/ndn/s10-site/s10/C2Data-4844-Type1;801.0000;DATA;1611607547.268407
/ndn/s3-site/s3/C2Data-3997-Type1;25049.0000;DATA;1611607547.864294
/ndn/h0-site/h0/C2Data-0-Type4;554.0000;DATA;1611607549.175350
/ndn/v13-site/v13/C2Data-7022-Type2;613.0000;DATA;1611607549.932453
/ndn/s5-site/s5/C2Data-4239-Type1;25697.0000;DATA;1611607550.647887
/ndn/h0-site/h0/C2Data-4-Type2;643.0000;DATA;1611607550.967334
/ndn/v13-site/v13/C2Data-7022-Type1;115743.0000;DATA;1611607551.268336
/ndn/v7-site/v7/C2Data-925-Type4;603.0000;DATA;1611607555.873328
/ndn/h14-site/h14/C2Data-350-Type4;25934.0000;DATA;1611607558.187347
/ndn/h12-site/h12/C2Data-300-Type4;50920.0000;DATA;1611607569.090304
/ndn/v6-site/v6/C2Data-3113-Type3;97134.0000;DATA;1611607571.209504
/ndn/h3-site/h3/C2Data-368-Type2;69319.0000;DATA;1611607571.260360
/ndn/s14-site/s14/C2Data-5329-Type2;220375.0000;DATA;1611607571.355357
/ndn/h4-site/h4/C2Data-100-Type4;419.0000;DATA;1611607571.734268
/ndn/v4-site/v4/C2Data-2991-Type3;168096.0000;DATA;1611607571.625452
/ndn/h7-site/h7/C2Data-852-Type1;700.0000;DATA;1611607573.395355
/ndn/h11-site/h11/C2Data-1336-Type1;163246.0000;DATA;1611607573.746289
/ndn/h11-site/h11/C2Data-275-Type4;667.0000;DATA;1611607574.103352
/ndn/d9-site/d9/C2Data-1466-Type3;94897.0000;DATA;1611607574.787320
/ndn/d8-site/d8/C2Data-575-Type4;24413.0000;DATA;1611607574.973265
/ndn/s9-site/s9/C2Data-4724-Type2;550.0000;DATA;1611607575.183354
/ndn/d5-site/d5/C2Data-2425-Type1;23487.0000;DATA;1611607575.168442
/ndn/v9-site/v9/C2Data-6539-Type1;24417.0000;DATA;1611607575.549375
/ndn/h0-site/h0/C2Data-2-Type3;511.0000;DATA;1611607576.127254
/ndn/d0-site/d0/C2Data-1820-Type2;47756.0000;DATA;1611607576.148311
/ndn/v9-site/v9/C2Data-3296-Type3;23565.0000;DATA;1611607577.404352
/ndn/d1-site/d1/C2Data-978-Type3;595.0000;DATA;1611607577.688255
/ndn/s1-site/s1/C2Data-1893-Type3;516.0000;DATA;1611607577.869353
/ndn/d4-site/d4/C2Data-1161-Type3;732.0000;DATA;1611607578.727666
/ndn/h12-site/h12/C2Data-734-Type3;46397.0000;DATA;1611607579.743248
/ndn/v2-site/v2/C2Data-5692-Type1;143604.0000;DATA;1611607579.900348
/ndn/s13-site/s13/C2Data-5208-Type1;73738.0000;DATA;1611607580.160316
/ndn/d11-site/d11/C2Data-3151-Type1;198603.0000;DATA;1611607580.383272
/ndn/s8-site/s8/C2Data-4603-Type1;143757.0000;DATA;1611607580.454303
/ndn/h2-site/h2/C2Data-247-Type2;23442.0000;DATA;1611607580.656337
/ndn/v4-site/v4/C2Data-5934-Type2;24251.0000;DATA;1611607580.708271
/ndn/s2-site/s2/C2Data-1954-Type3;645.0000;DATA;1611607582.111322
/ndn/v10-site/v10/C2Data-3357-Type3;50742.0000;DATA;1611607583.190320
/ndn/s5-site/s5/C2Data-2137-Type3;33332.0000;DATA;1611607584.380297
/ndn/v7-site/v7/C2Data-3174-Type3;508.0000;DATA;1611607585.016300
/ndn/d13-site/d13/C2Data-1710-Type3;867.0000;DATA;1611607585.191821
/ndn/h2-site/h2/C2Data-248-Type1;218651.0000;DATA;1611607600.432262
/ndn/v6-site/v6/C2Data-6177-Type2;141357.0000;DATA;1611607601.090370
/ndn/d0-site/d0/C2Data-1821-Type1;168273.0000;DATA;1611607603.675349
/ndn/v5-site/v5/C2Data-6056-Type1;171574.0000;DATA;1611607603.857352
/ndn/h14-site/h14/C2Data-1700-Type1;148795.0000;DATA;1611607603.936420
/ndn/s6-site/s6/C2Data-4362-Type2;49944.0000;DATA;1611607604.867082
/ndn/d14-site/d14/C2Data-3515-Type2;163738.0000;DATA;1611607605.061293
/ndn/d2-site/d2/C2Data-2063-Type1;197110.0000;DATA;1611607605.710330
/ndn/s14-site/s14/C2Data-5330-Type2;46520.0000;DATA;1611607606.751340
/ndn/d2-site/d2/C2Data-2063-Type2;672.0000;DATA;1611607606.913318
/ndn/h12-site/h12/C2Data-1458-Type2;668.0000;DATA;1611607608.197349
/ndn/d5-site/d5/C2Data-2426-Type2;647.0000;DATA;1611607609.944340
/ndn/v3-site/v3/C2Data-2931-Type3;104941.0000;DATA;1611607627.975317
/ndn/h8-site/h8/C2Data-975-Type2;96751.0000;DATA;1611607632.328376
/ndn/d6-site/d6/C2Data-2548-Type1;144746.0000;DATA;1611607632.699368
/ndn/d8-site/d8/C2Data-1406-Type3;532.0000;DATA;1611607632.966317
/ndn/s11-site/s11/C2Data-4968-Type2;102138.0000;DATA;1611607633.198278
/ndn/s0-site/s0/C2Data-3637-Type2;119040.0000;DATA;1611607633.954328
/ndn/s7-site/s7/C2Data-4484-Type2;93827.0000;DATA;1611607634.334332
/ndn/s13-site/s13/C2Data-5210-Type2;69975.0000;DATA;1611607635.590283
/ndn/s6-site/s6/C2Data-2199-Type3;839.0000;DATA;1611607636.101272
