/ndn/h4-site/h4/C2Data-484-Type1;52762.0000;DATA;1612146638.139393
/ndn/h3-site/h3/C2Data-363-Type1;77128.0000;DATA;1612146639.349139
/ndn/v9-site/v9/C2Data-4719-Type2;124625.0000;DATA;1612146640.118508
/ndn/s0-site/s0/C2Data-2420-Type2;107736.0000;DATA;1612146641.250506
/ndn/h9-site/h9/C2Data-1089-Type1;180910.0000;DATA;1612146642.236715
/ndn/d4-site/d4/C2Data-1694-Type1;51152.0000;DATA;1612146643.128658
/ndn/d3-site/d3/C2Data-1573-Type2;163713.0000;DATA;1612146644.236075
/ndn/d8-site/d8/C2Data-2178-Type1;154291.0000;DATA;1612146644.768958
/ndn/v8-site/v8/C2Data-4598-Type2;24144.0000;DATA;1612146647.687410
/ndn/d4-site/d4/C2Data-1694-Type2;49782.0000;DATA;1612146648.793362
/ndn/s5-site/s5/C2Data-3025-Type1;73400.0000;DATA;1612146648.951528
/ndn/d3-site/d3/C2Data-1573-Type1;162897.0000;DATA;1612146649.194270
/ndn/v3-site/v3/C2Data-2013-Type3;129786.0000;DATA;1612146661.403400
/ndn/s0-site/s0/C2Data-1220-Type3;110541.0000;DATA;1612146665.594047
/ndn/d2-site/d2/C2Data-732-Type3;101261.0000;DATA;1612146669.357465
/ndn/d6-site/d6/C2Data-1937-Type2;122236.0000;DATA;1612146669.718481
/ndn/h5-site/h5/C2Data-606-Type1;50718.0000;DATA;1612146672.380391
/ndn/d0-site/d0/C2Data-1211-Type2;129957.0000;DATA;1612146674.034922
/ndn/h5-site/h5/C2Data-305-Type3;52507.0000;DATA;1612146675.755643
/ndn/h1-site/h1/C2Data-122-Type2;25363.0000;DATA;1612146676.340560
/ndn/s8-site/s8/C2Data-1708-Type3;99488.0000;DATA;1612146677.185138
/ndn/h7-site/h7/C2Data-848-Type2;72667.0000;DATA;1612146677.604475
/ndn/s7-site/s7/C2Data-3268-Type1;77921.0000;DATA;1612146678.897086
/ndn/d6-site/d6/C2Data-976-Type3;122989.0000;DATA;1612146679.031771
/ndn/d5-site/d5/C2Data-1816-Type1;176093.0000;DATA;1612146679.158936
/ndn/s7-site/s7/C2Data-1647-Type3;76530.0000;DATA;1612146680.480580
/ndn/h9-site/h9/C2Data-549-Type3;236992.0000;DATA;1612146683.970516
/ndn/d0-site/d0/C2Data-1212-Type1;194178.0000;DATA;1612146697.909731
/ndn/s7-site/s7/C2Data-3269-Type2;81654.0000;DATA;1612146700.961745
/ndn/h2-site/h2/C2Data-244-Type2;99535.0000;DATA;1612146701.466463
/ndn/h3-site/h3/C2Data-365-Type2;80278.0000;DATA;1612146704.189498
/ndn/s6-site/s6/C2Data-3148-Type2;102351.0000;DATA;1612146705.697111
/ndn/d7-site/d7/C2Data-2059-Type1;154040.0000;DATA;1612146709.051655
/ndn/v0-site/v0/C2Data-1831-Type3;29847.0000;DATA;1612146722.432830
/ndn/h9-site/h9/C2Data-550-Type3;208634.0000;DATA;1612146726.606401
/ndn/d9-site/d9/C2Data-1160-Type3;146000.0000;DATA;1612146728.661481
/ndn/s9-site/s9/C2Data-3512-Type2;152179.0000;DATA;1612146728.696482
/ndn/d4-site/d4/C2Data-1697-Type2;50565.0000;DATA;1612146729.520451
/ndn/s2-site/s2/C2Data-1343-Type3;61152.0000;DATA;1612146730.019416
/ndn/d5-site/d5/C2Data-1818-Type2;141875.0000;DATA;1612146732.517117
/ndn/d8-site/d8/C2Data-2181-Type2;146490.0000;DATA;1612146732.686739
/ndn/v7-site/v7/C2Data-4480-Type1;77578.0000;DATA;1612146732.837731
/ndn/d5-site/d5/C2Data-916-Type3;147722.0000;DATA;1612146732.778694
