/ndn/s6-site/s6/C2Data-3146-Type2;104981.0000;DATA;1612147689.047242
/ndn/v8-site/v8/C2Data-4598-Type1;26699.0000;DATA;1612147689.336998
/ndn/d9-site/d9/C2Data-2299-Type2;145580.0000;DATA;1612147691.644907
/ndn/d0-site/d0/C2Data-1210-Type2;121021.0000;DATA;1612147692.297485
/ndn/d8-site/d8/C2Data-2178-Type2;191294.0000;DATA;1612147692.714047
/ndn/v8-site/v8/C2Data-4598-Type2;27181.0000;DATA;1612147695.612933
/ndn/s9-site/s9/C2Data-3509-Type1;156869.0000;DATA;1612147696.092710
/ndn/h9-site/h9/C2Data-1089-Type2;175235.0000;DATA;1612147697.253512
/ndn/d8-site/d8/C2Data-2178-Type1;145297.0000;DATA;1612147697.638315
/ndn/h8-site/h8/C2Data-968-Type2;109561.0000;DATA;1612147697.777442
/ndn/h2-site/h2/C2Data-242-Type2;104837.0000;DATA;1612147698.523325
/ndn/v8-site/v8/C2Data-2318-Type3;32496.0000;DATA;1612147713.024725
/ndn/h6-site/h6/C2Data-366-Type3;127203.0000;DATA;1612147718.149171
/ndn/s7-site/s7/C2Data-3268-Type1;76570.0000;DATA;1612147719.594043
/ndn/h3-site/h3/C2Data-364-Type1;74523.0000;DATA;1612147722.363822
/ndn/d7-site/d7/C2Data-2058-Type2;159252.0000;DATA;1612147722.400195
/ndn/v8-site/v8/C2Data-4599-Type2;28316.0000;DATA;1612147723.243581
/ndn/h3-site/h3/C2Data-364-Type2;76566.0000;DATA;1612147723.534053
/ndn/d0-site/d0/C2Data-1211-Type1;130947.0000;DATA;1612147724.338049
/ndn/s6-site/s6/C2Data-3147-Type1;98889.0000;DATA;1612147725.247325
/ndn/h9-site/h9/C2Data-549-Type3;170371.0000;DATA;1612147725.196411
/ndn/s1-site/s1/C2Data-2542-Type2;121053.0000;DATA;1612147725.868832
/ndn/s8-site/s8/C2Data-3389-Type2;103472.0000;DATA;1612147727.485560
/ndn/h0-site/h0/C2Data-1-Type2;120901.0000;DATA;1612147727.531087
/ndn/d3-site/d3/C2Data-793-Type3;146280.0000;DATA;1612147727.577802
/ndn/s6-site/s6/C2Data-3147-Type2;99079.0000;DATA;1612147727.955020
/ndn/d0-site/d0/C2Data-610-Type3;131612.0000;DATA;1612147728.571130
/ndn/d4-site/d4/C2Data-854-Type3;49771.0000;DATA;1612147731.698352
/ndn/s3-site/s3/C2Data-1403-Type3;155508.0000;DATA;1612147732.277159
/ndn/d2-site/d2/C2Data-732-Type3;107905.0000;DATA;1612147735.187227
/ndn/d4-site/d4/C2Data-1696-Type2;47707.0000;DATA;1612147749.098728
/ndn/v1-site/v1/C2Data-3753-Type2;24447.0000;DATA;1612147749.411274
/ndn/h4-site/h4/C2Data-486-Type1;48816.0000;DATA;1612147750.468253
/ndn/d9-site/d9/C2Data-2301-Type1;178966.0000;DATA;1612147751.143558
/ndn/v3-site/v3/C2Data-3995-Type1;120478.0000;DATA;1612147752.500335
/ndn/d9-site/d9/C2Data-2301-Type2;146842.0000;DATA;1612147756.573716
/ndn/v5-site/v5/C2Data-4237-Type1;172514.0000;DATA;1612147756.641073
/ndn/h2-site/h2/C2Data-244-Type1;123354.0000;DATA;1612147756.804075
/ndn/h0-site/h0/C2Data-2-Type2;147787.0000;DATA;1612147759.075025
/ndn/d0-site/d0/C2Data-1212-Type1;134666.0000;DATA;1612147760.119086
/ndn/h4-site/h4/C2Data-245-Type3;110832.0000;DATA;1612147774.389994
/ndn/d1-site/d1/C2Data-1334-Type2;136023.0000;DATA;1612147779.284165
/ndn/d6-site/d6/C2Data-1939-Type2;127140.0000;DATA;1612147780.235931
/ndn/h3-site/h3/C2Data-184-Type3;80143.0000;DATA;1612147781.001294
/ndn/h7-site/h7/C2Data-850-Type2;87954.0000;DATA;1612147781.322076
/ndn/s4-site/s4/C2Data-1465-Type3;183369.0000;DATA;1612147781.482004
/ndn/s8-site/s8/C2Data-3391-Type1;117458.0000;DATA;1612147782.229451
