/ndn/v0-site/v0/C2Data-5445-Type1;190342.0000;DATA;1611609164.052312
/ndn/d7-site/d7/C2Data-2662-Type1;121927.0000;DATA;1611609168.071471
/ndn/s10-site/s10/C2Data-4840-Type1;104903.0000;DATA;1611609168.737556
/ndn/v4-site/v4/C2Data-5929-Type1;191407.0000;DATA;1611609169.182702
/ndn/h0-site/h0/C2Data-0-Type1;165337.0000;DATA;1611609169.237426
/ndn/h1-site/h1/C2Data-121-Type1;24064.0000;DATA;1611609170.129503
/ndn/h8-site/h8/C2Data-968-Type1;154574.0000;DATA;1611609173.881452
/ndn/s0-site/s0/C2Data-3630-Type1;165737.0000;DATA;1611609174.314389
/ndn/d13-site/d13/C2Data-1708-Type3;39941.0000;DATA;1611609187.112410
/ndn/s3-site/s3/C2Data-2013-Type3;452.0000;NACK;1611609188.201509
/ndn/v5-site/v5/C2Data-3050-Type3;195619.0000;DATA;1611609192.588375
/ndn/s10-site/s10/C2Data-2440-Type3;99490.0000;DATA;1611609193.007425
/ndn/d0-site/d0/C2Data-1816-Type2;72107.0000;DATA;1611609193.089935
/ndn/d3-site/d3/C2Data-1098-Type3;164672.0000;DATA;1611609193.144328
/ndn/h3-site/h3/C2Data-364-Type2;138859.0000;DATA;1611609193.990319
/ndn/s14-site/s14/C2Data-5325-Type1;48298.0000;DATA;1611609194.395346
/ndn/s4-site/s4/C2Data-4115-Type2;118309.0000;DATA;1611609194.350346
/ndn/s9-site/s9/C2Data-4720-Type2;71451.0000;DATA;1611609194.804429
/ndn/d4-site/d4/C2Data-2300-Type2;48980.0000;DATA;1611609196.214380
/ndn/s13-site/s13/C2Data-5204-Type1;449.0000;NACK;1611609196.723337
/ndn/d14-site/d14/C2Data-3510-Type2;47846.0000;DATA;1611609197.841433
/ndn/s0-site/s0/C2Data-1830-Type3;165235.0000;DATA;1611609199.425399
/ndn/h12-site/h12/C2Data-1453-Type2;116147.0000;DATA;1611609200.679533
/ndn/h4-site/h4/C2Data-485-Type2;144797.0000;DATA;1611609200.671364
/ndn/v4-site/v4/C2Data-5930-Type2;188736.0000;DATA;1611609200.982317
/ndn/s6-site/s6/C2Data-4357-Type1;166788.0000;DATA;1611609201.216332
/ndn/d14-site/d14/C2Data-3510-Type1;46558.0000;DATA;1611609201.427305
/ndn/d12-site/d12/C2Data-3268-Type1;100398.0000;DATA;1611609203.179358
/ndn/s6-site/s6/C2Data-2196-Type3;162792.0000;DATA;1611609206.345330
/ndn/h10-site/h10/C2Data-610-Type3;165934.0000;DATA;1611609208.205498
/ndn/v2-site/v2/C2Data-2867-Type3;162502.0000;DATA;1611609209.110414
/ndn/v7-site/v7/C2Data-3172-Type3;146834.0000;DATA;1611609209.575359
/ndn/s8-site/s8/C2Data-4600-Type1;50957.0000;DATA;1611609222.467473
/ndn/s2-site/s2/C2Data-3874-Type1;24133.0000;DATA;1611609224.967425
/ndn/d6-site/d6/C2Data-2543-Type2;189602.0000;DATA;1611609224.854406
/ndn/v10-site/v10/C2Data-6657-Type2;119228.0000;DATA;1611609225.286410
/ndn/d9-site/d9/C2Data-2906-Type1;143654.0000;DATA;1611609226.067385
/ndn/s12-site/s12/C2Data-5084-Type1;212082.0000;DATA;1611609227.014427
/ndn/d3-site/d3/C2Data-2180-Type1;165553.0000;DATA;1611609229.300393
/ndn/h12-site/h12/C2Data-1454-Type2;120758.0000;DATA;1611609230.820416
/ndn/h5-site/h5/C2Data-607-Type2;98848.0000;DATA;1611609232.383398
/ndn/h3-site/h3/C2Data-365-Type2;145084.0000;DATA;1611609233.029407
/ndn/v12-site/v12/C2Data-6899-Type2;188401.0000;DATA;1611609233.986337
/ndn/h3-site/h3/C2Data-365-Type1;142076.0000;DATA;1611609234.306402
/ndn/s7-site/s7/C2Data-4479-Type2;6026077.0000;TIMEOUT;1611609233.373402
/ndn/d13-site/d13/C2Data-1709-Type3;24126.0000;DATA;1611609246.959393
/ndn/d5-site/d5/C2Data-1221-Type3;121774.0000;DATA;1611609246.939357
/ndn/d2-site/d2/C2Data-1038-Type3;47259.0000;DATA;1611609251.040398
/ndn/v9-site/v9/C2Data-6537-Type1;168713.0000;DATA;1611609253.692396
/ndn/h13-site/h13/C2Data-1576-Type1;53751.0000;DATA;1611609254.647409
/ndn/h3-site/h3/C2Data-366-Type1;153459.0000;DATA;1611609258.248360
/ndn/h8-site/h8/C2Data-200-Type4;141760.0000;DATA;1611609258.948488
/ndn/d9-site/d9/C2Data-1465-Type3;141786.0000;DATA;1611609259.584521
/ndn/h9-site/h9/C2Data-1092-Type2;118296.0000;DATA;1611609259.725945
/ndn/s9-site/s9/C2Data-4722-Type2;72532.0000;DATA;1611609259.936475
/ndn/s5-site/s5/C2Data-2136-Type3;92886.0000;DATA;1611609259.937381
/ndn/h5-site/h5/C2Data-608-Type1;99008.0000;DATA;1611609260.010442
/ndn/v12-site/v12/C2Data-1050-Type4;164989.0000;DATA;1611609260.472395
/ndn/v2-site/v2/C2Data-5690-Type1;147107.0000;DATA;1611609260.812415
/ndn/d11-site/d11/C2Data-1587-Type3;106970.0000;DATA;1611609261.352469
/ndn/v8-site/v8/C2Data-6416-Type1;164057.0000;DATA;1611609261.527343
/ndn/h1-site/h1/C2Data-25-Type4;23821.0000;DATA;1611609261.933378
/ndn/v7-site/v7/C2Data-925-Type4;143307.0000;DATA;1611609262.166481
/ndn/s14-site/s14/C2Data-5327-Type2;6000354.0000;TIMEOUT;1611609257.250331
/ndn/h12-site/h12/C2Data-1455-Type1;119264.0000;DATA;1611609264.173401
/ndn/s0-site/s0/C2Data-1831-Type3;6000457.0000;TIMEOUT;1611609258.405330
/ndn/h11-site/h11/C2Data-672-Type3;48786.0000;DATA;1611609265.612420
/ndn/d8-site/d8/C2Data-1404-Type3;75478.0000;DATA;1611609266.744461
/ndn/h5-site/h5/C2Data-306-Type3;99167.0000;DATA;1611609267.213402
/ndn/v14-site/v14/C2Data-3600-Type3;72513.0000;DATA;1611609268.328410
/ndn/d2-site/d2/C2Data-425-Type4;46117.0000;DATA;1611609278.868367
/ndn/h0-site/h0/C2Data-0-Type4;194822.0000;DATA;1611609279.319434
/ndn/v10-site/v10/C2Data-6659-Type1;118948.0000;DATA;1611609284.320319
/ndn/d12-site/d12/C2Data-3271-Type2;96306.0000;DATA;1611609284.507361
/ndn/v11-site/v11/C2Data-6780-Type2;23552.0000;DATA;1611609285.239256
/ndn/v2-site/v2/C2Data-800-Type4;151187.0000;DATA;1611609286.241407
/ndn/h3-site/h3/C2Data-367-Type1;148583.0000;DATA;1611609286.759373
/ndn/d5-site/d5/C2Data-2424-Type2;120262.0000;DATA;1611609287.954346
/ndn/v2-site/v2/C2Data-5691-Type1;155499.0000;DATA;1611609288.119395
/ndn/h2-site/h2/C2Data-246-Type1;116108.0000;DATA;1611609289.250402
/ndn/s13-site/s13/C2Data-5207-Type2;6000277.0000;TIMEOUT;1611609283.839415
/ndn/h1-site/h1/C2Data-125-Type1;23761.0000;DATA;1611609291.242350
/ndn/h12-site/h12/C2Data-1456-Type2;124367.0000;DATA;1611609293.034377
/ndn/d2-site/d2/C2Data-2061-Type1;46893.0000;DATA;1611609293.190368
/ndn/v2-site/v2/C2Data-5691-Type2;145434.0000;DATA;1611609293.358345
/ndn/h11-site/h11/C2Data-275-Type4;48439.0000;DATA;1611609300.177360
/ndn/d0-site/d0/C2Data-917-Type3;81968.0000;DATA;1611609308.298404
/ndn/d0-site/d0/C2Data-375-Type4;71990.0000;DATA;1611609308.914395
/ndn/v5-site/v5/C2Data-3052-Type3;215269.0000;DATA;1611609310.100525
/ndn/d5-site/d5/C2Data-500-Type4;129349.0000;DATA;1611609314.155416
/ndn/s1-site/s1/C2Data-1893-Type3;6000409.0000;TIMEOUT;1611609308.643411
/ndn/v1-site/v1/C2Data-5571-Type1;164902.0000;DATA;1611609315.118597
/ndn/v3-site/v3/C2Data-5813-Type1;69162.0000;DATA;1611609315.752313
/ndn/d3-site/d3/C2Data-2183-Type1;170024.0000;DATA;1611609316.225216
/ndn/d4-site/d4/C2Data-2304-Type1;47336.0000;DATA;1611609316.445341
/ndn/v8-site/v8/C2Data-6418-Type2;165055.0000;DATA;1611609318.083376
/ndn/s13-site/s13/C2Data-5208-Type1;6000276.0000;TIMEOUT;1611609312.544398
/ndn/h11-site/h11/C2Data-1336-Type1;46600.0000;DATA;1611609318.514465
/ndn/s9-site/s9/C2Data-4724-Type2;6000269.0000;TIMEOUT;1611609312.904393
/ndn/h5-site/h5/C2Data-610-Type2;96263.0000;DATA;1611609319.011338
/ndn/v1-site/v1/C2Data-5571-Type2;166754.0000;DATA;1611609319.325377
/ndn/d14-site/d14/C2Data-3514-Type2;46625.0000;DATA;1611609321.341299
/ndn/v12-site/v12/C2Data-3479-Type3;163840.0000;DATA;1611609321.307378
/ndn/h4-site/h4/C2Data-489-Type1;146645.0000;DATA;1611609322.773378
/ndn/v10-site/v10/C2Data-3357-Type3;127657.0000;DATA;1611609323.854319
/ndn/s12-site/s12/C2Data-5087-Type1;6000283.0000;TIMEOUT;1611609321.184363
/ndn/s7-site/s7/C2Data-4482-Type2;6001193.0000;TIMEOUT;1611609322.447385
/ndn/s10-site/s10/C2Data-4845-Type2;6000267.0000;TIMEOUT;1611609323.460356
/ndn/d11-site/d11/C2Data-1588-Type3;140564.0000;DATA;1611609330.417540
/ndn/s12-site/s12/C2Data-2564-Type3;6005672.0000;TIMEOUT;1611609328.089384
/ndn/s8-site/s8/C2Data-2320-Type3;6000479.0000;TIMEOUT;1611609329.907313
/ndn/s5-site/s5/C2Data-2137-Type3;6000260.0000;TIMEOUT;1611609330.291379
/ndn/v12-site/v12/C2Data-6903-Type1;189715.0000;DATA;1611609342.862363
/ndn/d9-site/d9/C2Data-2910-Type1;146166.0000;DATA;1611609343.317408
/ndn/d6-site/d6/C2Data-2547-Type1;210789.0000;DATA;1611609345.533351
/ndn/d11-site/d11/C2Data-3152-Type1;120320.0000;DATA;1611609345.892300
/ndn/h1-site/h1/C2Data-127-Type1;24082.0000;DATA;1611609350.716353
/ndn/h0-site/h0/C2Data-6-Type2;166774.0000;DATA;1611609351.921326
/ndn/d13-site/d13/C2Data-3394-Type2;24329.0000;DATA;1611609352.159424
/ndn/d14-site/d14/C2Data-3515-Type1;51136.0000;DATA;1611609352.153403
/ndn/s4-site/s4/C2Data-4120-Type1;6000224.0000;TIMEOUT;1611609347.174556
/ndn/v1-site/v1/C2Data-2809-Type3;152537.0000;DATA;1611609366.553323
/ndn/d8-site/d8/C2Data-1406-Type3;72307.0000;DATA;1611609367.247372
/ndn/h9-site/h9/C2Data-552-Type3;124815.0000;DATA;1611609371.253642
/ndn/v0-site/v0/C2Data-2748-Type3;187872.0000;DATA;1611609372.690404
/ndn/s8-site/s8/C2Data-2321-Type3;6000489.0000;TIMEOUT;1611609366.973956
/ndn/h0-site/h0/C2Data-7-Type2;170516.0000;DATA;1611609373.679413
/ndn/v12-site/v12/C2Data-3480-Type3;170641.0000;DATA;1611609376.076421
/ndn/h13-site/h13/C2Data-1580-Type1;47688.0000;DATA;1611609376.544348
/ndn/h5-site/h5/C2Data-612-Type1;96132.0000;DATA;1611609377.564357
