/ndn/h1-site/h1/C2Data-121-Type2;142027.0000;DATA;1611609162.532297
/ndn/h11-site/h11/C2Data-1331-Type1;127500.0000;DATA;1611609164.210422
/ndn/d14-site/d14/C2Data-3509-Type1;97443.0000;DATA;1611609164.822416
/ndn/d11-site/d11/C2Data-3146-Type2;244382.0000;DATA;1611609165.784388
/ndn/h4-site/h4/C2Data-484-Type2;217758.0000;DATA;1611609168.203393
/ndn/v12-site/v12/C2Data-6897-Type1;291343.0000;DATA;1611609168.417399
/ndn/s13-site/s13/C2Data-5203-Type2;636.0000;NACK;1611609169.139378
/ndn/s1-site/s1/C2Data-3751-Type1;286897.0000;DATA;1611609169.572335
/ndn/v14-site/v14/C2Data-7139-Type1;150863.0000;DATA;1611609172.664342
/ndn/s4-site/s4/C2Data-4114-Type1;23883.0000;DATA;1611609173.054393
/ndn/v7-site/v7/C2Data-3172-Type3;268906.0000;DATA;1611609189.592327
/ndn/s6-site/s6/C2Data-2196-Type3;279833.0000;DATA;1611609192.431306
/ndn/v4-site/v4/C2Data-2989-Type3;314125.0000;DATA;1611609192.777355
/ndn/h3-site/h3/C2Data-364-Type2;262758.0000;DATA;1611609193.262399
/ndn/d14-site/d14/C2Data-3510-Type2;104921.0000;DATA;1611609193.589400
/ndn/v1-site/v1/C2Data-5567-Type2;279840.0000;DATA;1611609194.001331
/ndn/s10-site/s10/C2Data-4841-Type1;23804.0000;DATA;1611609194.491373
/ndn/v9-site/v9/C2Data-6535-Type1;465.0000;NACK;1611609195.913391
/ndn/s12-site/s12/C2Data-5083-Type2;435.0000;NACK;1611609196.155360
/ndn/s7-site/s7/C2Data-2257-Type3;144374.0000;DATA;1611609196.393340
/ndn/d6-site/d6/C2Data-1281-Type3;259842.0000;DATA;1611609196.302415
/ndn/d3-site/d3/C2Data-1098-Type3;257213.0000;DATA;1611609198.553391
/ndn/v14-site/v14/C2Data-7140-Type2;144188.0000;DATA;1611609198.788309
/ndn/s13-site/s13/C2Data-5204-Type1;280506.0000;DATA;1611609198.708328
/ndn/s5-site/s5/C2Data-4236-Type2;212490.0000;DATA;1611609200.582335
/ndn/d8-site/d8/C2Data-2784-Type2;195074.0000;DATA;1611609200.696408
/ndn/v2-site/v2/C2Data-2867-Type3;178685.0000;DATA;1611609205.195349
/ndn/s14-site/s14/C2Data-2684-Type3;146854.0000;DATA;1611609209.525372
/ndn/h6-site/h6/C2Data-728-Type1;211090.0000;DATA;1611609223.857400
/ndn/s12-site/s12/C2Data-5084-Type1;267022.0000;DATA;1611609224.144460
/ndn/s8-site/s8/C2Data-4600-Type1;70274.0000;DATA;1611609224.675400
/ndn/h3-site/h3/C2Data-365-Type2;265841.0000;DATA;1611609224.924479
/ndn/v14-site/v14/C2Data-7141-Type2;147851.0000;DATA;1611609228.757303
/ndn/v2-site/v2/C2Data-5689-Type2;275554.0000;DATA;1611609230.339349
/ndn/s1-site/s1/C2Data-3753-Type2;291453.0000;DATA;1611609232.310307
/ndn/v13-site/v13/C2Data-7020-Type1;94074.0000;DATA;1611609233.003562
/ndn/s6-site/s6/C2Data-4358-Type1;6000290.0000;TIMEOUT;1611609229.984434
/ndn/h0-site/h0/C2Data-1-Type3;252678.0000;DATA;1611609246.781341
/ndn/d12-site/d12/C2Data-1648-Type3;214671.0000;DATA;1611609247.253512
/ndn/d6-site/d6/C2Data-1282-Type3;275667.0000;DATA;1611609247.707391
/ndn/d10-site/d10/C2Data-1526-Type3;221810.0000;DATA;1611609248.421649
/ndn/d9-site/d9/C2Data-1465-Type3;217368.0000;DATA;1611609249.543414
/ndn/v11-site/v11/C2Data-3417-Type3;123931.0000;DATA;1611609249.994365
/ndn/h14-site/h14/C2Data-1697-Type1;47912.0000;DATA;1611609252.432384
/ndn/s11-site/s11/C2Data-4964-Type1;257818.0000;DATA;1611609252.750942
/ndn/d2-site/d2/C2Data-1038-Type3;169759.0000;DATA;1611609253.041348
/ndn/d5-site/d5/C2Data-1221-Type3;190380.0000;DATA;1611609253.269394
/ndn/h1-site/h1/C2Data-124-Type2;145359.0000;DATA;1611609253.843312
/ndn/v8-site/v8/C2Data-6416-Type1;234354.0000;DATA;1611609254.093366
/ndn/h6-site/h6/C2Data-729-Type2;218684.0000;DATA;1611609256.148312
/ndn/v8-site/v8/C2Data-3234-Type3;234277.0000;DATA;1611609256.246340
/ndn/v14-site/v14/C2Data-3600-Type3;145674.0000;DATA;1611609257.458348
/ndn/d11-site/d11/C2Data-1587-Type3;235928.0000;DATA;1611609258.115306
/ndn/s9-site/s9/C2Data-4722-Type2;139130.0000;DATA;1611609259.381217
/ndn/v6-site/v6/C2Data-6174-Type2;127310.0000;DATA;1611609259.472573
/ndn/s7-site/s7/C2Data-2258-Type3;6002407.0000;TIMEOUT;1611609253.989356
/ndn/s2-site/s2/C2Data-1953-Type3;6000437.0000;TIMEOUT;1611609254.382322
/ndn/s11-site/s11/C2Data-2502-Type3;265220.0000;DATA;1611609260.280443
/ndn/d9-site/d9/C2Data-2907-Type1;215838.0000;DATA;1611609260.372295
/ndn/s3-site/s3/C2Data-3996-Type2;292812.0000;DATA;1611609260.535344
/ndn/v2-site/v2/C2Data-800-Type4;257550.0000;DATA;1611609260.976403
/ndn/d5-site/d5/C2Data-2423-Type1;190135.0000;DATA;1611609262.437325
/ndn/s14-site/s14/C2Data-5327-Type2;6000428.0000;TIMEOUT;1611609256.696365
/ndn/v3-site/v3/C2Data-5811-Type1;151923.0000;DATA;1611609264.271388
/ndn/v1-site/v1/C2Data-775-Type4;291107.0000;DATA;1611609265.556391
/ndn/s2-site/s2/C2Data-3875-Type1;6001386.0000;TIMEOUT;1611609261.949380
/ndn/v2-site/v2/C2Data-2868-Type3;270839.0000;DATA;1611609268.348490
/ndn/s6-site/s6/C2Data-2197-Type3;6001344.0000;TIMEOUT;1611609270.366366
/ndn/d4-site/d4/C2Data-475-Type4;158594.0000;DATA;1611609280.112353
/ndn/d12-site/d12/C2Data-675-Type4;254152.0000;DATA;1611609280.860518
/ndn/v13-site/v13/C2Data-7022-Type1;95982.0000;DATA;1611609284.878388
/ndn/v3-site/v3/C2Data-5812-Type1;142005.0000;DATA;1611609285.090357
/ndn/h14-site/h14/C2Data-1698-Type1;47158.0000;DATA;1611609285.200422
/ndn/h13-site/h13/C2Data-1577-Type2;122953.0000;DATA;1611609285.349354
/ndn/d13-site/d13/C2Data-3392-Type1;117660.0000;DATA;1611609285.960368
/ndn/v5-site/v5/C2Data-6054-Type2;307289.0000;DATA;1611609286.892175
/ndn/s12-site/s12/C2Data-5086-Type1;6000420.0000;TIMEOUT;1611609282.787355
/ndn/v11-site/v11/C2Data-6780-Type2;118095.0000;DATA;1611609289.070384
/ndn/v14-site/v14/C2Data-7143-Type1;155052.0000;DATA;1611609289.581429
/ndn/h1-site/h1/C2Data-125-Type2;143648.0000;DATA;1611609290.032352
/ndn/d10-site/d10/C2Data-625-Type4;216577.0000;DATA;1611609290.318384
/ndn/h2-site/h2/C2Data-246-Type2;23713.0000;DATA;1611609290.667416
/ndn/s0-site/s0/C2Data-3634-Type1;6000856.0000;TIMEOUT;1611609285.421416
/ndn/h2-site/h2/C2Data-246-Type1;24060.0000;DATA;1611609291.633307
/ndn/s2-site/s2/C2Data-3876-Type2;6000482.0000;TIMEOUT;1611609285.959363
/ndn/d12-site/d12/C2Data-3271-Type1;209975.0000;DATA;1611609291.814328
/ndn/d11-site/d11/C2Data-3150-Type2;238659.0000;DATA;1611609291.979378
/ndn/h13-site/h13/C2Data-1577-Type1;116537.0000;DATA;1611609292.350371
/ndn/s8-site/s8/C2Data-4602-Type1;6000264.0000;TIMEOUT;1611609287.012329
/ndn/s0-site/s0/C2Data-3634-Type2;6000201.0000;TIMEOUT;1611609287.370359
/ndn/h5-site/h5/C2Data-125-Type4;166991.0000;DATA;1611609294.592314
/ndn/h14-site/h14/C2Data-350-Type4;66350.0000;DATA;1611609295.540136
/ndn/s1-site/s1/C2Data-3755-Type1;6000998.0000;TIMEOUT;1611609291.156344
/ndn/s3-site/s3/C2Data-3997-Type1;6000610.0000;TIMEOUT;1611609292.686345
/ndn/h2-site/h2/C2Data-50-Type4;23471.0000;DATA;1611609299.155699
/ndn/d8-site/d8/C2Data-575-Type4;225026.0000;DATA;1611609300.923980
/ndn/d10-site/d10/C2Data-1527-Type3;231015.0000;DATA;1611609311.435306
/ndn/d5-site/d5/C2Data-2425-Type1;190333.0000;DATA;1611609313.505383
/ndn/d10-site/d10/C2Data-3030-Type1;221262.0000;DATA;1611609314.196414
/ndn/d14-site/d14/C2Data-725-Type4;93594.0000;DATA;1611609314.467315
/ndn/v6-site/v6/C2Data-6176-Type2;117975.0000;DATA;1611609315.519396
/ndn/s9-site/s9/C2Data-2381-Type3;6000258.0000;TIMEOUT;1611609310.799387
/ndn/d8-site/d8/C2Data-1405-Type3;187769.0000;DATA;1611609318.306516
/ndn/s3-site/s3/C2Data-2015-Type3;6000274.0000;TIMEOUT;1611609313.161454
/ndn/h1-site/h1/C2Data-126-Type1;143589.0000;DATA;1611609319.714298
/ndn/s3-site/s3/C2Data-3998-Type2;6000375.0000;TIMEOUT;1611609313.952313
/ndn/v10-site/v10/C2Data-6660-Type2;241551.0000;DATA;1611609320.342337
/ndn/h0-site/h0/C2Data-2-Type3;240279.0000;DATA;1611609321.525404
/ndn/s9-site/s9/C2Data-4724-Type2;6000224.0000;TIMEOUT;1611609316.237304
/ndn/d5-site/d5/C2Data-2425-Type2;188400.0000;DATA;1611609322.630389
/ndn/d12-site/d12/C2Data-3272-Type2;215283.0000;DATA;1611609323.260356
/ndn/d9-site/d9/C2Data-1466-Type3;210442.0000;DATA;1611609323.501400
/ndn/s4-site/s4/C2Data-4119-Type1;6000303.0000;TIMEOUT;1611609318.287376
/ndn/h10-site/h10/C2Data-612-Type3;286600.0000;DATA;1611609324.096397
/ndn/h2-site/h2/C2Data-247-Type1;24141.0000;DATA;1611609324.361350
/ndn/v11-site/v11/C2Data-6781-Type2;120923.0000;DATA;1611609324.354396
/ndn/s5-site/s5/C2Data-4240-Type2;6002595.0000;TIMEOUT;1611609320.697401
/ndn/s4-site/s4/C2Data-2076-Type3;6000767.0000;TIMEOUT;1611609320.880372
/ndn/s0-site/s0/C2Data-3635-Type2;6002198.0000;TIMEOUT;1611609321.352348
/ndn/h14-site/h14/C2Data-856-Type3;48256.0000;DATA;1611609328.432344
/ndn/v3-site/v3/C2Data-2930-Type3;130937.0000;DATA;1611609329.459356
/ndn/s10-site/s10/C2Data-2442-Type3;6000444.0000;TIMEOUT;1611609327.766470
/ndn/s0-site/s0/C2Data-1832-Type3;6005902.0000;TIMEOUT;1611609330.373307
/ndn/d1-site/d1/C2Data-1942-Type2;50824.0000;DATA;1611609344.650301
/ndn/d12-site/d12/C2Data-3273-Type2;225411.0000;DATA;1611609344.473316
/ndn/d3-site/d3/C2Data-2184-Type1;294135.0000;DATA;1611609345.184341
/ndn/v9-site/v9/C2Data-6540-Type1;244599.0000;DATA;1611609346.829389
/ndn/s12-site/s12/C2Data-5088-Type2;6000246.0000;TIMEOUT;1611609343.061433
/ndn/v4-site/v4/C2Data-5935-Type2;309944.0000;DATA;1611609349.096395
/ndn/d2-site/d2/C2Data-2063-Type2;168478.0000;DATA;1611609349.866370
/ndn/d9-site/d9/C2Data-2910-Type1;212921.0000;DATA;1611609352.446362
/ndn/d14-site/d14/C2Data-3515-Type1;98397.0000;DATA;1611609353.062449
/ndn/s8-site/s8/C2Data-4604-Type2;6000336.0000;TIMEOUT;1611609347.368299
/ndn/h1-site/h1/C2Data-127-Type2;146801.0000;DATA;1611609354.061389
/ndn/s1-site/s1/C2Data-3757-Type2;6000259.0000;TIMEOUT;1611609351.819364
/ndn/s11-site/s11/C2Data-4967-Type2;6000244.0000;TIMEOUT;1611609352.440361
/ndn/s10-site/s10/C2Data-4846-Type2;6000236.0000;TIMEOUT;1611609353.733339
/ndn/h4-site/h4/C2Data-247-Type3;215157.0000;DATA;1611609366.522436
/ndn/h8-site/h8/C2Data-491-Type3;234663.0000;DATA;1611609372.035365
/ndn/h13-site/h13/C2Data-796-Type3;116590.0000;DATA;1611609373.839313
/ndn/h0-site/h0/C2Data-3-Type3;242538.0000;DATA;1611609375.073358
/ndn/v0-site/v0/C2Data-5452-Type2;255977.0000;DATA;1611609376.510365
/ndn/d1-site/d1/C2Data-979-Type3;49402.0000;DATA;1611609378.013327
