/ndn/s2-site/s2/C2Data-3872-Type2;120655.0000;DATA;1611602007.858790
/ndn/h14-site/h14/C2Data-1694-Type2;487.0000;NACK;1611602007.989203
/ndn/d9-site/d9/C2Data-2904-Type1;100270.0000;DATA;1611602013.921948
/ndn/d7-site/d7/C2Data-2662-Type2;115745.0000;DATA;1611602014.508116
/ndn/h11-site/h11/C2Data-1331-Type2;191775.0000;DATA;1611602017.294215
/ndn/d2-site/d2/C2Data-2057-Type1;192718.0000;DATA;1611602017.347111
/ndn/d11-site/d11/C2Data-3146-Type1;193747.0000;DATA;1611602017.503175
/ndn/d13-site/d13/C2Data-3388-Type2;173404.0000;DATA;1611602017.741201
/ndn/d4-site/d4/C2Data-2299-Type1;196343.0000;DATA;1611602018.978081
/ndn/s4-site/s4/C2Data-2074-Type3;615.0000;NACK;1611602036.691313
/ndn/s14-site/s14/C2Data-2684-Type3;575.0000;NACK;1611602037.333080
/ndn/v10-site/v10/C2Data-6656-Type1;142840.0000;DATA;1611602037.841207
/ndn/d8-site/d8/C2Data-2784-Type2;198556.0000;DATA;1611602038.187107
/ndn/d13-site/d13/C2Data-3389-Type2;167360.0000;DATA;1611602038.249457
/ndn/h1-site/h1/C2Data-122-Type2;212182.0000;DATA;1611602040.029118
/ndn/h10-site/h10/C2Data-1211-Type1;170119.0000;DATA;1611602040.483096
/ndn/d5-site/d5/C2Data-1220-Type3;24933.0000;DATA;1611602040.992246
/ndn/v4-site/v4/C2Data-2989-Type3;261493.0000;DATA;1611602040.795117
/ndn/h2-site/h2/C2Data-122-Type3;490.0000;NACK;1611602041.100137
/ndn/s10-site/s10/C2Data-4841-Type1;428.0000;NACK;1611602041.545117
/ndn/v8-site/v8/C2Data-3233-Type3;76715.0000;DATA;1611602042.916127
/ndn/h14-site/h14/C2Data-1695-Type2;463.0000;NACK;1611602043.153128
/ndn/d13-site/d13/C2Data-1708-Type3;164141.0000;DATA;1611602043.637143
/ndn/h4-site/h4/C2Data-485-Type2;23485.0000;DATA;1611602043.861118
/ndn/h3-site/h3/C2Data-364-Type2;214922.0000;DATA;1611602044.417160
/ndn/h8-site/h8/C2Data-969-Type2;102958.0000;DATA;1611602044.610089
/ndn/s13-site/s13/C2Data-2623-Type3;77224.0000;DATA;1611602044.777201
/ndn/v7-site/v7/C2Data-6293-Type2;211397.0000;DATA;1611602044.931904
/ndn/s5-site/s5/C2Data-2135-Type3;141908.0000;DATA;1611602045.123176
/ndn/d0-site/d0/C2Data-915-Type3;162820.0000;DATA;1611602045.131118
/ndn/h3-site/h3/C2Data-183-Type3;216961.0000;DATA;1611602047.054160
/ndn/v6-site/v6/C2Data-6172-Type1;138446.0000;DATA;1611602047.989124
/ndn/v5-site/v5/C2Data-6051-Type1;264459.0000;DATA;1611602049.339221
/ndn/h11-site/h11/C2Data-671-Type3;193409.0000;DATA;1611602050.652147
/ndn/h12-site/h12/C2Data-732-Type3;568.0000;NACK;1611602052.833150
/ndn/v11-site/v11/C2Data-3416-Type3;598.0000;NACK;1611602054.727610
/ndn/v12-site/v12/C2Data-6899-Type1;394.0000;NACK;1611602069.076134
/ndn/h14-site/h14/C2Data-1696-Type2;413.0000;NACK;1611602069.169143
/ndn/s13-site/s13/C2Data-5205-Type2;74224.0000;DATA;1611602069.823228
/ndn/s10-site/s10/C2Data-4842-Type1;514.0000;NACK;1611602070.108246
/ndn/d6-site/d6/C2Data-2543-Type1;49502.0000;DATA;1611602070.689183
/ndn/v14-site/v14/C2Data-7141-Type1;71798.0000;DATA;1611602071.014228
/ndn/h0-site/h0/C2Data-2-Type1;74508.0000;DATA;1611602071.645253
/ndn/s12-site/s12/C2Data-5084-Type2;48874.0000;DATA;1611602071.729242
/ndn/d12-site/d12/C2Data-3269-Type2;168916.0000;DATA;1611602072.096183
/ndn/d6-site/d6/C2Data-2543-Type2;146221.0000;DATA;1611602074.694197
/ndn/v2-site/v2/C2Data-5689-Type2;145886.0000;DATA;1611602074.946217
/ndn/v11-site/v11/C2Data-6778-Type2;168318.0000;DATA;1611602074.947227
/ndn/s4-site/s4/C2Data-4116-Type1;242713.0000;DATA;1611602075.514144
/ndn/d11-site/d11/C2Data-3148-Type2;189618.0000;DATA;1611602076.196206
/ndn/d8-site/d8/C2Data-2785-Type2;189978.0000;DATA;1611602076.698175
/ndn/h6-site/h6/C2Data-728-Type2;47293.0000;DATA;1611602077.054161
/ndn/d5-site/d5/C2Data-2422-Type1;26106.0000;DATA;1611602077.357173
/ndn/d12-site/d12/C2Data-1648-Type3;211610.0000;DATA;1611602092.295085
/ndn/s11-site/s11/C2Data-2502-Type3;50479.0000;DATA;1611602093.233156
/ndn/s9-site/s9/C2Data-2380-Type3;74455.0000;DATA;1611602093.833157
/ndn/h3-site/h3/C2Data-184-Type3;247814.0000;DATA;1611602094.444181
/ndn/d6-site/d6/C2Data-1282-Type3;144234.0000;DATA;1611602094.878191
/ndn/v12-site/v12/C2Data-3478-Type3;248261.0000;DATA;1611602096.073248
/ndn/v13-site/v13/C2Data-7021-Type1;127056.0000;DATA;1611602099.878278
/ndn/h4-site/h4/C2Data-487-Type1;23433.0000;DATA;1611602101.630166
/ndn/h8-site/h8/C2Data-489-Type3;102176.0000;DATA;1611602102.351117
/ndn/d1-site/d1/C2Data-1939-Type1;182914.0000;DATA;1611602103.405127
/ndn/s2-site/s2/C2Data-3875-Type2;6000374.0000;TIMEOUT;1611602097.887177
/ndn/d1-site/d1/C2Data-1939-Type2;191000.0000;DATA;1611602103.742159
/ndn/s14-site/s14/C2Data-5327-Type2;6000374.0000;TIMEOUT;1611602098.574288
/ndn/v9-site/v9/C2Data-6537-Type2;23796.0000;DATA;1611602104.700144
/ndn/v2-site/v2/C2Data-800-Type4;149995.0000;DATA;1611602104.726168
/ndn/h1-site/h1/C2Data-124-Type1;162264.0000;DATA;1611602105.159090
/ndn/h6-site/h6/C2Data-729-Type1;49542.0000;DATA;1611602107.785087
/ndn/s2-site/s2/C2Data-3875-Type1;6000255.0000;TIMEOUT;1611602102.538153
/ndn/v14-site/v14/C2Data-3600-Type3;72424.0000;DATA;1611602109.175153
/ndn/d11-site/d11/C2Data-1587-Type3;189054.0000;DATA;1611602109.404138
/ndn/h9-site/h9/C2Data-550-Type3;72267.0000;DATA;1611602110.682167
/ndn/v11-site/v11/C2Data-3417-Type3;167102.0000;DATA;1611602111.186270
/ndn/d0-site/d0/C2Data-916-Type3;162245.0000;DATA;1611602111.453141
/ndn/v5-site/v5/C2Data-3051-Type3;273649.0000;DATA;1611602113.984193
/ndn/h2-site/h2/C2Data-123-Type3;255987.0000;DATA;1611602114.380163
/ndn/v6-site/v6/C2Data-900-Type4;162698.0000;DATA;1611602115.788139
/ndn/v14-site/v14/C2Data-1100-Type4;73366.0000;DATA;1611602116.388162
/ndn/h1-site/h1/C2Data-25-Type4;178451.0000;DATA;1611602116.404112
/ndn/h14-site/h14/C2Data-350-Type4;191025.0000;DATA;1611602118.947176
/ndn/d0-site/d0/C2Data-375-Type4;180154.0000;DATA;1611602122.477216
/ndn/v5-site/v5/C2Data-875-Type4;438836.0000;DATA;1611602127.263704
/ndn/d8-site/d8/C2Data-2787-Type2;218373.0000;DATA;1611602128.738189
/ndn/v7-site/v7/C2Data-6296-Type2;225738.0000;DATA;1611602129.091165
/ndn/v1-site/v1/C2Data-5570-Type1;243237.0000;DATA;1611602130.460150
/ndn/d8-site/d8/C2Data-2787-Type1;190749.0000;DATA;1611602130.885118
/ndn/v12-site/v12/C2Data-6901-Type1;241339.0000;DATA;1611602131.571120
/ndn/d0-site/d0/C2Data-1819-Type2;169606.0000;DATA;1611602134.517193
/ndn/s0-site/s0/C2Data-3634-Type2;6000316.0000;TIMEOUT;1611602129.553176
/ndn/h9-site/h9/C2Data-1093-Type1;73500.0000;DATA;1611602135.740164
/ndn/h11-site/h11/C2Data-1335-Type1;195162.0000;DATA;1611602136.251104
/ndn/s12-site/s12/C2Data-5086-Type2;6000346.0000;TIMEOUT;1611602131.434184
/ndn/v13-site/v13/C2Data-7022-Type2;121526.0000;DATA;1611602137.525200
/ndn/h13-site/h13/C2Data-1577-Type2;94686.0000;DATA;1611602138.518094
/ndn/v11-site/v11/C2Data-6780-Type1;164060.0000;DATA;1611602139.352159
/ndn/s5-site/s5/C2Data-4239-Type1;6001084.0000;TIMEOUT;1611602133.838147
/ndn/s14-site/s14/C2Data-5328-Type1;6000453.0000;TIMEOUT;1611602134.862238
/ndn/d6-site/d6/C2Data-525-Type4;205657.0000;DATA;1611602141.091330
/ndn/s2-site/s2/C2Data-3876-Type1;6002159.0000;TIMEOUT;1611602135.620168
/ndn/s4-site/s4/C2Data-4118-Type1;6002232.0000;TIMEOUT;1611602135.816105
/ndn/v13-site/v13/C2Data-1075-Type4;135175.0000;DATA;1611602143.343190
/ndn/h2-site/h2/C2Data-50-Type4;212358.0000;DATA;1611602144.367091
/ndn/s13-site/s13/C2Data-5207-Type2;6002342.0000;TIMEOUT;1611602139.070146
/ndn/h4-site/h4/C2Data-100-Type4;24014.0000;DATA;1611602148.538730
/ndn/d9-site/d9/C2Data-600-Type4;105934.0000;DATA;1611602153.133191
/ndn/v10-site/v10/C2Data-1000-Type4;142770.0000;DATA;1611602154.333132
/ndn/v11-site/v11/C2Data-3418-Type3;173917.0000;DATA;1611602155.613128
/ndn/v14-site/v14/C2Data-3601-Type3;73590.0000;DATA;1611602155.975165
/ndn/h1-site/h1/C2Data-63-Type3;163963.0000;DATA;1611602158.859115
/ndn/s0-site/s0/C2Data-1832-Type3;6000471.0000;TIMEOUT;1611602153.217193
/ndn/v4-site/v4/C2Data-5934-Type1;268187.0000;DATA;1611602159.283087
/ndn/v5-site/v5/C2Data-6055-Type2;256079.0000;DATA;1611602159.768155
/ndn/d11-site/d11/C2Data-1588-Type3;191626.0000;DATA;1611602160.198100
/ndn/d4-site/d4/C2Data-2304-Type1;187995.0000;DATA;1611602160.530118
/ndn/v11-site/v11/C2Data-6781-Type2;165959.0000;DATA;1611602160.569887
/ndn/v7-site/v7/C2Data-6297-Type2;214755.0000;DATA;1611602162.055138
/ndn/v12-site/v12/C2Data-1050-Type4;240174.0000;DATA;1611602162.079125
/ndn/d6-site/d6/C2Data-1283-Type3;142229.0000;DATA;1611602163.468219
/ndn/h1-site/h1/C2Data-126-Type2;167880.0000;DATA;1611602163.993077
/ndn/v12-site/v12/C2Data-3479-Type3;237895.0000;DATA;1611602164.751168
/ndn/v5-site/v5/C2Data-6055-Type1;262266.0000;DATA;1611602165.483140
/ndn/d3-site/d3/C2Data-1100-Type3;150420.0000;DATA;1611602165.598212
/ndn/d9-site/d9/C2Data-1466-Type3;98268.0000;DATA;1611602166.016119
/ndn/h13-site/h13/C2Data-795-Type3;108253.0000;DATA;1611602166.070168
/ndn/v0-site/v0/C2Data-2747-Type3;144293.0000;DATA;1611602166.237112
/ndn/s5-site/s5/C2Data-2137-Type3;6000345.0000;TIMEOUT;1611602160.691140
/ndn/v6-site/v6/C2Data-3113-Type3;139767.0000;DATA;1611602166.571126
/ndn/h8-site/h8/C2Data-973-Type1;95291.0000;DATA;1611602166.951083
/ndn/d9-site/d9/C2Data-2909-Type2;97301.0000;DATA;1611602167.218170
/ndn/s9-site/s9/C2Data-4724-Type2;6000333.0000;TIMEOUT;1611602161.776211
/ndn/h5-site/h5/C2Data-307-Type3;48481.0000;DATA;1611602167.857113
/ndn/s12-site/s12/C2Data-5087-Type2;6000231.0000;TIMEOUT;1611602163.794165
/ndn/s3-site/s3/C2Data-3998-Type1;6001851.0000;TIMEOUT;1611602163.871141
/ndn/d8-site/d8/C2Data-1405-Type3;190746.0000;DATA;1611602171.250138
/ndn/h10-site/h10/C2Data-612-Type3;173326.0000;DATA;1611602171.461109
/ndn/v14-site/v14/C2Data-7145-Type2;71127.0000;DATA;1611602188.551128
/ndn/d13-site/d13/C2Data-3394-Type1;170081.0000;DATA;1611602188.778089
/ndn/v4-site/v4/C2Data-5935-Type1;244679.0000;DATA;1611602189.419205
/ndn/h2-site/h2/C2Data-248-Type1;218483.0000;DATA;1611602189.686093
/ndn/h7-site/h7/C2Data-853-Type2;98132.0000;DATA;1611602190.857149
/ndn/v9-site/v9/C2Data-6540-Type1;25588.0000;DATA;1611602192.917124
/ndn/d9-site/d9/C2Data-2910-Type1;94218.0000;DATA;1611602193.329174
/ndn/v0-site/v0/C2Data-5451-Type1;143242.0000;DATA;1611602193.987121
/ndn/h3-site/h3/C2Data-369-Type2;228894.0000;DATA;1611602194.187158
/ndn/h9-site/h9/C2Data-1095-Type2;74207.0000;DATA;1611602197.721145
/ndn/h13-site/h13/C2Data-1579-Type2;97431.0000;DATA;1611602198.461237
/ndn/s10-site/s10/C2Data-4846-Type1;6000219.0000;TIMEOUT;1611602198.470238
/ndn/d1-site/d1/C2Data-979-Type3;220268.0000;DATA;1611602212.563169
/ndn/v9-site/v9/C2Data-3297-Type3;24539.0000;DATA;1611602214.678087
/ndn/d7-site/d7/C2Data-1345-Type3;124310.0000;DATA;1611602214.866880
/ndn/h8-site/h8/C2Data-491-Type3;96811.0000;DATA;1611602215.514186
/ndn/v7-site/v7/C2Data-3175-Type3;213056.0000;DATA;1611602218.267158
/ndn/v5-site/v5/C2Data-6057-Type1;256860.0000;DATA;1611602219.087094
/ndn/h9-site/h9/C2Data-1096-Type1;72900.0000;DATA;1611602220.289135
/ndn/s0-site/s0/C2Data-1833-Type3;6000708.0000;TIMEOUT;1611602215.248087
/ndn/v0-site/v0/C2Data-5452-Type1;149618.0000;DATA;1611602223.639076
