/ndn/d0-site/d0/C2Data-1210-Type1;237178.0000;DATA;1612719527.018236
/ndn/s5-site/s5/C2Data-3025-Type1;161440.0000;DATA;1612719527.321335
/ndn/s3-site/s3/C2Data-2783-Type2;228302.0000;DATA;1612719527.797284
/ndn/s7-site/s7/C2Data-3267-Type2;78024.0000;DATA;1612719529.251597
/ndn/d3-site/d3/C2Data-1573-Type1;200838.0000;DATA;1612719530.698365
/ndn/h7-site/h7/C2Data-847-Type1;182253.0000;DATA;1612719530.901786
/ndn/h5-site/h5/C2Data-605-Type1;147880.0000;DATA;1612719532.240065
/ndn/v6-site/v6/C2Data-4356-Type2;152563.0000;DATA;1612719535.313064
/ndn/d3-site/d3/C2Data-1573-Type2;205699.0000;DATA;1612719535.293947
/ndn/h9-site/h9/C2Data-549-Type3;24634.0000;DATA;1612719556.423427
/ndn/v0-site/v0/C2Data-3631-Type2;132365.0000;DATA;1612719556.456833
/ndn/h4-site/h4/C2Data-485-Type2;169246.0000;DATA;1612719558.448708
/ndn/s1-site/s1/C2Data-1281-Type3;172110.0000;DATA;1612719560.025632
/ndn/d7-site/d7/C2Data-2058-Type2;50220.0000;DATA;1612719561.593480
/ndn/h8-site/h8/C2Data-969-Type2;208301.0000;DATA;1612719562.877603
/ndn/d4-site/d4/C2Data-854-Type3;105286.0000;DATA;1612719563.082182
/ndn/h1-site/h1/C2Data-122-Type2;146407.0000;DATA;1612719564.061380
/ndn/s0-site/s0/C2Data-2421-Type1;155113.0000;DATA;1612719564.980289
/ndn/v9-site/v9/C2Data-2379-Type3;29521.0000;DATA;1612719565.121551
/ndn/d1-site/d1/C2Data-1332-Type2;76464.0000;DATA;1612719565.643146
/ndn/v7-site/v7/C2Data-2257-Type3;80095.0000;DATA;1612719565.682023
/ndn/h1-site/h1/C2Data-122-Type1;168206.0000;DATA;1612719565.745170
/ndn/h7-site/h7/C2Data-848-Type1;169593.0000;DATA;1612719566.102356
/ndn/d7-site/d7/C2Data-2058-Type1;67344.0000;DATA;1612719566.288295
/ndn/d3-site/d3/C2Data-1574-Type2;205403.0000;DATA;1612719566.523635
/ndn/h3-site/h3/C2Data-364-Type2;123166.0000;DATA;1612719567.814293
/ndn/s8-site/s8/C2Data-1708-Type3;106185.0000;DATA;1612719567.875119
/ndn/v0-site/v0/C2Data-3631-Type1;153980.0000;DATA;1612719567.900092
/ndn/s5-site/s5/C2Data-1525-Type3;221824.0000;DATA;1612719570.080797
/ndn/h5-site/h5/C2Data-305-Type3;205220.0000;DATA;1612719571.595029
/ndn/h8-site/h8/C2Data-488-Type3;383306.0000;DATA;1612719574.105680
/ndn/s2-site/s2/C2Data-2664-Type1;225381.0000;DATA;1612719586.961076
/ndn/d2-site/d2/C2Data-1454-Type1;56031.0000;DATA;1612719588.744629
/ndn/h0-site/h0/C2Data-2-Type1;24483.0000;DATA;1612719590.738504
/ndn/h7-site/h7/C2Data-849-Type1;176562.0000;DATA;1612719593.978339
/ndn/v7-site/v7/C2Data-4479-Type2;76904.0000;DATA;1612719595.699159
/ndn/h9-site/h9/C2Data-1091-Type2;25590.0000;DATA;1612719596.823079
/ndn/v5-site/v5/C2Data-4237-Type2;219137.0000;DATA;1612719596.654124
/ndn/d1-site/d1/C2Data-1333-Type2;80408.0000;DATA;1612719597.864542
/ndn/h9-site/h9/C2Data-550-Type3;26622.0000;DATA;1612719612.120109
/ndn/v3-site/v3/C2Data-2014-Type3;80502.0000;DATA;1612719615.431047
/ndn/s4-site/s4/C2Data-1465-Type3;50123.0000;DATA;1612719615.470246
/ndn/s7-site/s7/C2Data-1648-Type3;6000778.0000;TIMEOUT;1612719610.968026
/ndn/d9-site/d9/C2Data-2302-Type1;58080.0000;DATA;1612719617.747813
/ndn/s1-site/s1/C2Data-1282-Type3;178942.0000;DATA;1612719617.885016
/ndn/v4-site/v4/C2Data-4117-Type2;218743.0000;DATA;1612719618.548137
/ndn/v7-site/v7/C2Data-4480-Type2;73369.0000;DATA;1612719620.147597
/ndn/h1-site/h1/C2Data-124-Type2;658179.0000;DATA;1612719622.122813
/ndn/d4-site/d4/C2Data-1697-Type2;44693.0000;DATA;1612719623.323617
/ndn/s4-site/s4/C2Data-2907-Type2;53759.0000;DATA;1612719623.367212
/ndn/h6-site/h6/C2Data-729-Type2;191485.0000;DATA;1612719624.695293
/ndn/v5-site/v5/C2Data-4238-Type2;224834.0000;DATA;1612719625.641935
/ndn/s8-site/s8/C2Data-3391-Type1;99999.0000;DATA;1612719627.112158
/ndn/h6-site/h6/C2Data-150-Type4;208209.0000;DATA;1612719628.809594
/ndn/v8-site/v8/C2Data-700-Type4;179376.0000;DATA;1612719629.094055
/ndn/h1-site/h1/C2Data-62-Type3;156502.0000;DATA;1612719629.197740
/ndn/s5-site/s5/C2Data-1526-Type3;6000777.0000;TIMEOUT;1612719627.008058
/ndn/h3-site/h3/C2Data-367-Type2;133635.0000;DATA;1612719648.343139
/ndn/d4-site/d4/C2Data-1698-Type1;100520.0000;DATA;1612719650.551367
/ndn/v8-site/v8/C2Data-4602-Type2;173579.0000;DATA;1612719651.165463
/ndn/v4-site/v4/C2Data-4118-Type1;239781.0000;DATA;1612719652.496343
/ndn/d1-site/d1/C2Data-1335-Type1;73651.0000;DATA;1612719653.292800
/ndn/v9-site/v9/C2Data-4723-Type1;27244.0000;DATA;1612719656.753088
/ndn/d4-site/d4/C2Data-350-Type4;118397.0000;DATA;1612719657.079038
/ndn/s7-site/s7/C2Data-3271-Type1;6031968.0000;TIMEOUT;1612719651.674855
/ndn/h9-site/h9/C2Data-551-Type3;143203.0000;DATA;1612719670.214853
/ndn/d2-site/d2/C2Data-734-Type3;47563.0000;DATA;1612719674.679619
/ndn/d7-site/d7/C2Data-1039-Type3;51780.0000;DATA;1612719675.942699
/ndn/d5-site/d5/C2Data-917-Type3;48998.0000;DATA;1612719676.167819
/ndn/d0-site/d0/C2Data-1215-Type1;229710.0000;DATA;1612719676.419453
/ndn/d2-site/d2/C2Data-300-Type4;49257.0000;DATA;1612719677.864675
/ndn/v3-site/v3/C2Data-2015-Type3;73894.0000;DATA;1612719678.821245
/ndn/v9-site/v9/C2Data-2381-Type3;27519.0000;DATA;1612719680.262739
/ndn/h2-site/h2/C2Data-50-Type4;126303.0000;DATA;1612719681.302470
/ndn/s5-site/s5/C2Data-3030-Type1;6001314.0000;TIMEOUT;1612719676.777014
/ndn/s1-site/s1/C2Data-2546-Type1;6000998.0000;TIMEOUT;1612719678.654492
/ndn/d0-site/d0/C2Data-612-Type3;257404.0000;DATA;1612719685.257531
/ndn/v7-site/v7/C2Data-2259-Type3;73981.0000;DATA;1612719685.711678
/ndn/h6-site/h6/C2Data-368-Type3;209832.0000;DATA;1612719687.650612
/ndn/s1-site/s1/C2Data-2546-Type2;6001498.0000;TIMEOUT;1612719685.008006
/ndn/h0-site/h0/C2Data-2-Type3;30732.0000;DATA;1612719692.185292
/ndn/s9-site/s9/C2Data-3514-Type2;6000742.0000;TIMEOUT;1612719687.521711
/ndn/d5-site/d5/C2Data-1821-Type2;55633.0000;DATA;1612719707.549857
/ndn/d1-site/d1/C2Data-1337-Type1;80511.0000;DATA;1612719708.090687
/ndn/h3-site/h3/C2Data-369-Type2;159168.0000;DATA;1612719708.803262
/ndn/d4-site/d4/C2Data-1700-Type1;104026.0000;DATA;1612719708.924392
/ndn/d0-site/d0/C2Data-1216-Type2;232527.0000;DATA;1612719712.475329
/ndn/v6-site/v6/C2Data-4362-Type2;144221.0000;DATA;1612719713.898014
/ndn/s6-site/s6/C2Data-3152-Type1;6002820.0000;TIMEOUT;1612719713.323086
/ndn/s3-site/s3/C2Data-2789-Type1;6021756.0000;TIMEOUT;1612719715.455954
/ndn/s7-site/s7/C2Data-3273-Type2;6003930.0000;TIMEOUT;1612719717.424718
/ndn/d2-site/d2/C2Data-735-Type3;54347.0000;DATA;1612719731.003746
/ndn/v1-site/v1/C2Data-1894-Type3;155643.0000;DATA;1612719731.576875
/ndn/v3-site/v3/C2Data-4000-Type1;84949.0000;DATA;1612719740.427071
/ndn/h7-site/h7/C2Data-854-Type2;172410.0000;DATA;1612719741.274840
/ndn/v6-site/v6/C2Data-2199-Type3;146661.0000;DATA;1612719741.826150
/ndn/s7-site/s7/C2Data-3274-Type1;6001277.0000;TIMEOUT;1612719736.213185
/ndn/v3-site/v3/C2Data-2016-Type3;70849.0000;DATA;1612719742.284426
/ndn/h8-site/h8/C2Data-975-Type1;210914.0000;DATA;1612719743.205782
/ndn/d6-site/d6/C2Data-1943-Type1;233210.0000;DATA;1612719743.444966
/ndn/h7-site/h7/C2Data-854-Type1;167124.0000;DATA;1612719745.820676
/ndn/h3-site/h3/C2Data-39-Type5;130182.0000;DATA;1612719746.497773
/ndn/d3-site/d3/C2Data-1580-Type1;212475.0000;DATA;1612719747.092672
/ndn/h8-site/h8/C2Data-491-Type3;226973.0000;DATA;1612719749.250424
/ndn/h9-site/h9/C2Data-552-Type3;32707.0000;DATA;1612719749.725405
/ndn/s1-site/s1/C2Data-2548-Type1;6000577.0000;TIMEOUT;1612719745.244065
/ndn/s3-site/s3/C2Data-2790-Type1;6001286.0000;TIMEOUT;1612719745.838364
/ndn/s7-site/s7/C2Data-1650-Type3;6002509.0000;TIMEOUT;1612719749.146944
/ndn/s4-site/s4/C2Data-1467-Type3;6000666.0000;TIMEOUT;1612719749.355740
/ndn/d5-site/d5/C2Data-1823-Type1;55453.0000;DATA;1612719767.803506
/ndn/v7-site/v7/C2Data-4485-Type1;71631.0000;DATA;1612719769.928083
/ndn/h4-site/h4/C2Data-492-Type2;158184.0000;DATA;1612719771.055714
/ndn/h9-site/h9/C2Data-117-Type5;26797.0000;DATA;1612719771.414882
/ndn/s8-site/s8/C2Data-3396-Type2;6000330.0000;TIMEOUT;1612719767.155566
/ndn/s7-site/s7/C2Data-3275-Type2;6002582.0000;TIMEOUT;1612719768.086063
/ndn/v0-site/v0/C2Data-501-Type4;121891.0000;DATA;1612719774.936516
/ndn/v9-site/v9/C2Data-4727-Type2;36803.0000;DATA;1612719775.306463
/ndn/s2-site/s2/C2Data-2670-Type1;6001866.0000;TIMEOUT;1612719769.449310
/ndn/d4-site/d4/C2Data-1702-Type1;101528.0000;DATA;1612719777.203960
/ndn/h8-site/h8/C2Data-104-Type5;283235.0000;DATA;1612719779.757904
/ndn/h8-site/h8/C2Data-201-Type4;338042.0000;DATA;1612719780.483735
/ndn/s0-site/s0/C2Data-2428-Type2;6000684.0000;TIMEOUT;1612719775.742621
/ndn/d3-site/d3/C2Data-326-Type4;224275.0000;DATA;1612719783.199330
/ndn/s4-site/s4/C2Data-2912-Type1;6000546.0000;TIMEOUT;1612719777.858549
/ndn/h0-site/h0/C2Data-1-Type4;36031.0000;DATA;1612719790.333019
/ndn/h8-site/h8/C2Data-492-Type3;244864.0000;DATA;1612719793.984135
/ndn/v0-site/v0/C2Data-1834-Type3;122026.0000;DATA;1612719796.616163
/ndn/h4-site/h4/C2Data-101-Type4;154628.0000;DATA;1612719797.411781
/ndn/h2-site/h2/C2Data-251-Type2;149459.0000;DATA;1612719797.432684
/ndn/d5-site/d5/C2Data-376-Type4;56108.0000;DATA;1612719797.852024
/ndn/d0-site/d0/C2Data-614-Type3;220341.0000;DATA;1612719798.399046
/ndn/s5-site/s5/C2Data-1529-Type3;6001520.0000;TIMEOUT;1612719792.832920
/ndn/v5-site/v5/C2Data-4244-Type1;220101.0000;DATA;1612719799.240039
/ndn/h6-site/h6/C2Data-735-Type1;203434.0000;DATA;1612719799.670000
/ndn/d2-site/d2/C2Data-736-Type3;53032.0000;DATA;1612719800.658194
/ndn/v0-site/v0/C2Data-3639-Type2;127322.0000;DATA;1612719800.651027
/ndn/d0-site/d0/C2Data-1219-Type1;220956.0000;DATA;1612719800.673268
/ndn/h1-site/h1/C2Data-130-Type2;145505.0000;DATA;1612719801.306021
/ndn/h4-site/h4/C2Data-493-Type2;145677.0000;DATA;1612719802.215085
/ndn/h8-site/h8/C2Data-977-Type1;217454.0000;DATA;1612719802.310145
/ndn/s0-site/s0/C2Data-1224-Type3;6000502.0000;TIMEOUT;1612719797.657518
/ndn/v4-site/v4/C2Data-4123-Type2;219673.0000;DATA;1612719805.220367
/ndn/v8-site/v8/C2Data-2322-Type3;180475.0000;DATA;1612719805.690807
/ndn/d1-site/d1/C2Data-1340-Type2;74215.0000;DATA;1612719806.408691
/ndn/v6-site/v6/C2Data-4365-Type2;149565.0000;DATA;1612719808.015632
/ndn/v4-site/v4/C2Data-2078-Type3;309753.0000;DATA;1612719809.939836
/ndn/s2-site/s2/C2Data-2671-Type2;6000980.0000;TIMEOUT;1612719805.992433
/ndn/v1-site/v1/C2Data-526-Type4;156836.0000;DATA;1612719817.892831
/ndn/s8-site/s8/C2Data-1712-Type3;6001812.0000;TIMEOUT;1612719812.413386
/ndn/h6-site/h6/C2Data-151-Type4;225938.0000;DATA;1612719819.277457
/ndn/d1-site/d1/C2Data-143-Type5;76120.0000;DATA;1612719828.664336
/ndn/h5-site/h5/C2Data-615-Type2;149202.0000;DATA;1612719829.277014
/ndn/d0-site/d0/C2Data-1220-Type1;241853.0000;DATA;1612719831.401738
/ndn/d9-site/d9/C2Data-2309-Type2;50601.0000;DATA;1612719832.719083
/ndn/d4-site/d4/C2Data-1704-Type2;102416.0000;DATA;1612719833.613223
/ndn/s8-site/s8/C2Data-3398-Type1;6001339.0000;TIMEOUT;1612719833.293368
/ndn/s1-site/s1/C2Data-2551-Type1;6003078.0000;TIMEOUT;1612719833.484725
/ndn/s6-site/s6/C2Data-3156-Type1;6000863.0000;TIMEOUT;1612719835.685062
/ndn/d1-site/d1/C2Data-1342-Type2;84714.0000;DATA;1612719857.770156
/ndn/d4-site/d4/C2Data-1705-Type1;117150.0000;DATA;1612719858.715024
/ndn/h4-site/h4/C2Data-495-Type2;178062.0000;DATA;1612719860.729724
/ndn/h2-site/h2/C2Data-26-Type5;130380.0000;DATA;1612719861.147775
/ndn/d6-site/d6/C2Data-981-Type3;238033.0000;DATA;1612719861.823000
/ndn/h9-site/h9/C2Data-554-Type3;30368.0000;DATA;1612719862.367225
/ndn/s4-site/s4/C2Data-2915-Type1;6002022.0000;TIMEOUT;1612719856.935136
/ndn/d9-site/d9/C2Data-1164-Type3;67359.0000;DATA;1612719864.166586
/ndn/s8-site/s8/C2Data-3399-Type2;6001593.0000;TIMEOUT;1612719858.573043
/ndn/v0-site/v0/C2Data-3641-Type1;139818.0000;DATA;1612719866.002926
/ndn/v0-site/v0/C2Data-1835-Type3;131257.0000;DATA;1612719866.153272
/ndn/d2-site/d2/C2Data-1463-Type1;49522.0000;DATA;1612719867.208344
/ndn/v6-site/v6/C2Data-2201-Type3;227025.0000;DATA;1612719872.307753
/ndn/h0-site/h0/C2Data-5-Type3;32700.0000;DATA;1612719873.914731
/ndn/v2-site/v2/C2Data-1957-Type3;73481.0000;DATA;1612719873.990922
/ndn/s5-site/s5/C2Data-1530-Type3;6009676.0000;TIMEOUT;1612719869.971069
/ndn/s4-site/s4/C2Data-1469-Type3;6003257.0000;TIMEOUT;1612719870.075588
/ndn/d9-site/d9/C2Data-2311-Type2;57822.0000;DATA;1612719887.291475
/ndn/v9-site/v9/C2Data-4731-Type2;29695.0000;DATA;1612719888.110754
/ndn/d1-site/d1/C2Data-1343-Type2;90987.0000;DATA;1612719889.793591
/ndn/d2-site/d2/C2Data-1464-Type2;50301.0000;DATA;1612719894.849230
/ndn/d3-site/d3/C2Data-1585-Type2;228794.0000;DATA;1612719895.174328
/ndn/s8-site/s8/C2Data-3400-Type2;6003682.0000;TIMEOUT;1612719893.209019
/ndn/h6-site/h6/C2Data-372-Type3;238720.0000;DATA;1612719915.434719
/ndn/h4-site/h4/C2Data-497-Type1;147777.0000;DATA;1612719917.467704
/ndn/d3-site/d3/C2Data-1586-Type1;209634.0000;DATA;1612719917.595050
/ndn/s6-site/s6/C2Data-1592-Type3;6002400.0000;TIMEOUT;1612719912.674918
/ndn/d7-site/d7/C2Data-1043-Type3;50030.0000;DATA;1612719918.849375
/ndn/v7-site/v7/C2Data-2263-Type3;75012.0000;DATA;1612719919.185914
/ndn/d7-site/d7/C2Data-2070-Type1;66216.0000;DATA;1612719921.874909
/ndn/v3-site/v3/C2Data-4006-Type1;81768.0000;DATA;1612719922.287151
/ndn/d0-site/d0/C2Data-1223-Type2;232824.0000;DATA;1612719924.700160
/ndn/v8-site/v8/C2Data-4611-Type2;170859.0000;DATA;1612719926.058984
/ndn/h0-site/h0/C2Data-13-Type2;40708.0000;DATA;1612719927.107279
/ndn/h2-site/h2/C2Data-255-Type2;126720.0000;DATA;1612719927.157199
/ndn/s0-site/s0/C2Data-2433-Type1;6008638.0000;TIMEOUT;1612719922.189935
/ndn/s9-site/s9/C2Data-3522-Type2;6001212.0000;TIMEOUT;1612719927.050160
/ndn/d9-site/d9/C2Data-477-Type4;50230.0000;DATA;1612719933.707511
/ndn/h7-site/h7/C2Data-177-Type4;176716.0000;DATA;1612719937.136580
/ndn/d5-site/d5/C2Data-377-Type4;58847.0000;DATA;1612719948.114996
/ndn/h5-site/h5/C2Data-619-Type2;150157.0000;DATA;1612719949.335034
/ndn/v6-site/v6/C2Data-4370-Type2;5743.0000;DATA;1612719950.782914
/ndn/h0-site/h0/C2Data-14-Type2;29748.0000;DATA;1612719954.310094
/ndn/v3-site/v3/C2Data-4007-Type2;95172.0000;DATA;1612719955.120019
/ndn/d7-site/d7/C2Data-2071-Type1;53836.0000;DATA;1612719956.111530
/ndn/s7-site/s7/C2Data-3281-Type2;6000547.0000;TIMEOUT;1612719951.652892
/ndn/s1-site/s1/C2Data-2555-Type1;6001728.0000;TIMEOUT;1612719954.444297
/ndn/h1-site/h1/C2Data-68-Type3;158999.0000;DATA;1612719970.993833
/ndn/d7-site/d7/C2Data-427-Type4;94848.0000;DATA;1612719973.000887
/ndn/h3-site/h3/C2Data-77-Type4;132130.0000;DATA;1612719975.859955
/ndn/d2-site/d2/C2Data-739-Type3;49549.0000;DATA;1612719977.552398
/ndn/d2-site/d2/C2Data-1467-Type2;51321.0000;DATA;1612719981.081295
/ndn/h4-site/h4/C2Data-499-Type1;186376.0000;DATA;1612719981.258192
/ndn/v9-site/v9/C2Data-727-Type4;25014.0000;DATA;1612719981.833214
/ndn/h8-site/h8/C2Data-983-Type2;197819.0000;DATA;1612719981.872255
/ndn/h2-site/h2/C2Data-257-Type2;122738.0000;DATA;1612719985.568072
/ndn/v9-site/v9/C2Data-4734-Type2;32888.0000;DATA;1612719986.539278
/ndn/s0-site/s0/C2Data-2435-Type2;6000383.0000;TIMEOUT;1612719980.797302
/ndn/h9-site/h9/C2Data-1104-Type2;24822.0000;DATA;1612719987.859750
/ndn/s9-site/s9/C2Data-1776-Type3;6000507.0000;TIMEOUT;1612719985.828448
/ndn/s1-site/s1/C2Data-1288-Type3;6018892.0000;TIMEOUT;1612719990.152074
/ndn/h1-site/h1/C2Data-137-Type2;146015.0000;DATA;1612720006.243140
/ndn/v3-site/v3/C2Data-4009-Type1;72570.0000;DATA;1612720007.990652
/ndn/v1-site/v1/C2Data-3767-Type2;153231.0000;DATA;1612720014.984129
/ndn/v7-site/v7/C2Data-4493-Type2;77022.0000;DATA;1612720015.739836
/ndn/s7-site/s7/C2Data-3283-Type2;6000600.0000;TIMEOUT;1612720014.513065
/ndn/s6-site/s6/C2Data-3162-Type1;6004100.0000;TIMEOUT;1612720017.181091
/ndn/d3-site/d3/C2Data-801-Type3;201514.0000;DATA;1612720035.519943
/ndn/h0-site/h0/C2Data-8-Type3;30863.0000;DATA;1612720036.075609
/ndn/v0-site/v0/C2Data-3647-Type2;130694.0000;DATA;1612720037.917726
/ndn/v2-site/v2/C2Data-3889-Type1;72222.0000;DATA;1612720039.705628
/ndn/v4-site/v4/C2Data-2082-Type3;218473.0000;DATA;1612720039.851117
/ndn/v1-site/v1/C2Data-1899-Type3;154382.0000;DATA;1612720041.443612
/ndn/h8-site/h8/C2Data-496-Type3;210476.0000;DATA;1612720041.569909
/ndn/h2-site/h2/C2Data-259-Type1;119427.0000;DATA;1612720043.136449
/ndn/v6-site/v6/C2Data-4373-Type1;161778.0000;DATA;1612720043.999734
/ndn/h4-site/h4/C2Data-501-Type2;179925.0000;DATA;1612720045.017012
/ndn/v3-site/v3/C2Data-4010-Type1;77518.0000;DATA;1612720045.736635
/ndn/s4-site/s4/C2Data-2921-Type2;6001479.0000;TIMEOUT;1612720042.208072
/ndn/v6-site/v6/C2Data-339-Type5;151109.0000;DATA;1612720048.949096
/ndn/h4-site/h4/C2Data-53-Type5;147061.0000;DATA;1612720052.326200
/ndn/s5-site/s5/C2Data-3042-Type1;6001854.0000;TIMEOUT;1612720046.895113
/ndn/s6-site/s6/C2Data-1594-Type3;6000496.0000;TIMEOUT;1612720052.849715
/ndn/h4-site/h4/C2Data-502-Type1;147767.0000;DATA;1612720074.117176
/ndn/s3-site/s3/C2Data-2801-Type2;6000625.0000;TIMEOUT;1612720069.081361
/ndn/v3-site/v3/C2Data-4011-Type1;78603.0000;DATA;1612720075.236121
/ndn/s6-site/s6/C2Data-3164-Type1;6006659.0000;TIMEOUT;1612720070.582772
/ndn/d9-site/d9/C2Data-478-Type4;57720.0000;DATA;1612720076.647070
/ndn/s8-site/s8/C2Data-3406-Type2;6003071.0000;TIMEOUT;1612720072.874317
/ndn/h1-site/h1/C2Data-28-Type4;150134.0000;DATA;1612720084.415593
/ndn/h4-site/h4/C2Data-253-Type3;149972.0000;DATA;1612720091.130328
/ndn/h6-site/h6/C2Data-375-Type3;211705.0000;DATA;1612720093.038909
/ndn/d9-site/d9/C2Data-1168-Type3;49494.0000;DATA;1612720093.574389
/ndn/v5-site/v5/C2Data-326-Type5;225357.0000;DATA;1612720094.963349
/ndn/v8-site/v8/C2Data-4617-Type1;171010.0000;DATA;1612720096.326158
/ndn/d0-site/d0/C2Data-253-Type4;218326.0000;DATA;1612720096.879782
/ndn/v0-site/v0/C2Data-3649-Type1;120020.0000;DATA;1612720097.113391
/ndn/d3-site/d3/C2Data-802-Type3;206484.0000;DATA;1612720098.315246
/ndn/d2-site/d2/C2Data-1471-Type2;106271.0000;DATA;1612720098.773956
/ndn/v2-site/v2/C2Data-1961-Type3;75639.0000;DATA;1612720099.757114
/ndn/v7-site/v7/C2Data-4496-Type1;75496.0000;DATA;1612720099.765454
/ndn/d6-site/d6/C2Data-112-Type6;241072.0000;DATA;1612720099.988610
/ndn/v2-site/v2/C2Data-553-Type4;71702.0000;DATA;1612720100.800736
