/ndn/s9-site/s9/C2Data-4719-Type2;140399.0000;DATA;1611610902.026367
/ndn/s13-site/s13/C2Data-5203-Type1;50220.0000;DATA;1611610904.180322
/ndn/v0-site/v0/C2Data-5445-Type1;373.0000;NACK;1611610904.243383
/ndn/s7-site/s7/C2Data-4477-Type2;296107.0000;DATA;1611610905.413375
/ndn/s0-site/s0/C2Data-3630-Type1;141551.0000;DATA;1611610906.454327
/ndn/d13-site/d13/C2Data-3388-Type2;226105.0000;DATA;1611610906.646338
/ndn/s2-site/s2/C2Data-3872-Type2;144442.0000;DATA;1611610907.894423
/ndn/v12-site/v12/C2Data-6897-Type1;481.0000;NACK;1611610908.073392
/ndn/s6-site/s6/C2Data-4356-Type2;191852.0000;DATA;1611610907.938355
/ndn/s10-site/s10/C2Data-4840-Type2;494.0000;NACK;1611610908.183359
/ndn/v2-site/v2/C2Data-5687-Type2;450.0000;NACK;1611610909.296434
/ndn/s7-site/s7/C2Data-4477-Type1;238707.0000;DATA;1611610910.464417
/ndn/s4-site/s4/C2Data-4114-Type2;463.0000;NACK;1611610911.174356
/ndn/s1-site/s1/C2Data-1891-Type3;48896.0000;DATA;1611610928.309365
/ndn/h11-site/h11/C2Data-671-Type3;294276.0000;DATA;1611610929.932372
/ndn/s11-site/s11/C2Data-4962-Type1;24128.0000;DATA;1611610931.941358
/ndn/s4-site/s4/C2Data-4115-Type1;549.0000;NACK;1611610932.285381
/ndn/s10-site/s10/C2Data-4841-Type1;466.0000;NACK;1611610932.419363
/ndn/s11-site/s11/C2Data-2501-Type3;23789.0000;DATA;1611610932.594323
/ndn/h5-site/h5/C2Data-606-Type1;69716.0000;DATA;1611610932.695402
/ndn/h5-site/h5/C2Data-305-Type3;71153.0000;DATA;1611610933.038330
/ndn/v8-site/v8/C2Data-3233-Type3;92659.0000;DATA;1611610933.656871
/ndn/d12-site/d12/C2Data-1647-Type3;187816.0000;DATA;1611610934.626366
/ndn/v5-site/v5/C2Data-3050-Type3;523.0000;NACK;1611610935.197364
/ndn/d3-site/d3/C2Data-2179-Type2;164571.0000;DATA;1611610935.180329
/ndn/h3-site/h3/C2Data-183-Type3;246235.0000;DATA;1611610936.359335
/ndn/d1-site/d1/C2Data-1937-Type2;101942.0000;NACK;1611610937.253423
/ndn/h1-site/h1/C2Data-122-Type2;194683.0000;DATA;1611610937.752330
/ndn/s1-site/s1/C2Data-3752-Type1;46973.0000;DATA;1611610937.983415
/ndn/s8-site/s8/C2Data-4599-Type1;169897.0000;DATA;1611610939.728377
/ndn/d6-site/d6/C2Data-2542-Type1;166354.0000;DATA;1611610939.803371
/ndn/v4-site/v4/C2Data-2989-Type3;439.0000;NACK;1611610940.296385
/ndn/v2-site/v2/C2Data-5688-Type2;489.0000;NACK;1611610940.843415
/ndn/v6-site/v6/C2Data-6172-Type2;167745.0000;DATA;1611610940.960382
/ndn/v7-site/v7/C2Data-3172-Type3;483.0000;NACK;1611610941.462417
/ndn/v1-site/v1/C2Data-5567-Type1;450.0000;NACK;1611610941.531435
/ndn/d3-site/d3/C2Data-1098-Type3;175208.0000;DATA;1611610945.687401
/ndn/h6-site/h6/C2Data-366-Type3;75970.0000;DATA;1611610945.962399
/ndn/d2-site/d2/C2Data-1037-Type3;224826.0000;DATA;1611610946.215362
/ndn/d11-site/d11/C2Data-3148-Type1;210988.0000;DATA;1611610961.143386
/ndn/v7-site/v7/C2Data-6294-Type1;631.0000;NACK;1611610961.646448
/ndn/v10-site/v10/C2Data-6657-Type1;489.0000;NACK;1611610962.103334
/ndn/h10-site/h10/C2Data-1212-Type1;196075.0000;DATA;1611610962.590361
/ndn/d4-site/d4/C2Data-2301-Type2;214285.0000;DATA;1611610968.038451
/ndn/s4-site/s4/C2Data-4116-Type2;233210.0000;DATA;1611610969.068368
/ndn/h14-site/h14/C2Data-1696-Type1;194022.0000;DATA;1611610969.392332
/ndn/v1-site/v1/C2Data-5568-Type1;265727.0000;DATA;1611610970.387357
/ndn/v12-site/v12/C2Data-3478-Type3;582.0000;NACK;1611610986.110384
/ndn/v3-site/v3/C2Data-2929-Type3;114618.0000;DATA;1611610988.201336
/ndn/h8-site/h8/C2Data-489-Type3;122644.0000;DATA;1611610988.773328
/ndn/h3-site/h3/C2Data-184-Type3;238042.0000;DATA;1611610989.710420
/ndn/d7-site/d7/C2Data-2665-Type1;144235.0000;DATA;1611610991.881344
/ndn/h5-site/h5/C2Data-608-Type1;74482.0000;DATA;1611610992.105320
/ndn/d8-site/d8/C2Data-1404-Type3;221453.0000;DATA;1611610991.997424
/ndn/v10-site/v10/C2Data-6658-Type2;172575.0000;DATA;1611610992.221376
/ndn/s1-site/s1/C2Data-1892-Type3;6000255.0000;TIMEOUT;1611610986.391985
/ndn/v1-site/v1/C2Data-5569-Type1;266583.0000;DATA;1611610994.124406
/ndn/s4-site/s4/C2Data-2075-Type3;241188.0000;DATA;1611610994.363355
/ndn/d5-site/d5/C2Data-1221-Type3;47621.0000;DATA;1611610995.145358
/ndn/d10-site/d10/C2Data-3028-Type1;24723.0000;DATA;1611610995.807318
/ndn/s0-site/s0/C2Data-3633-Type2;6000340.0000;TIMEOUT;1611610991.368347
/ndn/d3-site/d3/C2Data-2181-Type1;162739.0000;DATA;1611610997.309399
/ndn/d4-site/d4/C2Data-2302-Type2;217707.0000;DATA;1611610997.525115
/ndn/s13-site/s13/C2Data-5206-Type2;47426.0000;DATA;1611610998.739349
/ndn/d14-site/d14/C2Data-725-Type4;190935.0000;DATA;1611611000.492320
/ndn/h6-site/h6/C2Data-150-Type4;71903.0000;DATA;1611611000.761507
/ndn/h2-site/h2/C2Data-123-Type3;234873.0000;DATA;1611611001.559354
/ndn/s10-site/s10/C2Data-4843-Type2;213314.0000;DATA;1611611001.619349
/ndn/s11-site/s11/C2Data-2502-Type3;6000294.0000;TIMEOUT;1611610995.882366
/ndn/s7-site/s7/C2Data-4480-Type2;6000236.0000;TIMEOUT;1611610996.782463
/ndn/d0-site/d0/C2Data-916-Type3;183394.0000;DATA;1611611007.729412
/ndn/s5-site/s5/C2Data-2136-Type3;6000264.0000;TIMEOUT;1611611004.946371
/ndn/d6-site/d6/C2Data-525-Type4;177464.0000;DATA;1611611012.415441
/ndn/d3-site/d3/C2Data-450-Type4;209526.0000;DATA;1611611014.503719
/ndn/d2-site/d2/C2Data-425-Type4;272326.0000;DATA;1611611018.590372
/ndn/d0-site/d0/C2Data-1819-Type2;202049.0000;DATA;1611611022.301343
/ndn/h14-site/h14/C2Data-1698-Type2;190206.0000;DATA;1611611026.856401
/ndn/v12-site/v12/C2Data-1050-Type4;263660.0000;DATA;1611611027.606401
/ndn/d12-site/d12/C2Data-3271-Type1;188520.0000;DATA;1611611028.129501
/ndn/h6-site/h6/C2Data-730-Type2;74321.0000;DATA;1611611030.771403
/ndn/h4-site/h4/C2Data-488-Type2;23647.0000;DATA;1611611031.244510
/ndn/d4-site/d4/C2Data-2303-Type2;214891.0000;DATA;1611611031.287455
/ndn/h14-site/h14/C2Data-1698-Type1;189023.0000;DATA;1611611031.775347
/ndn/d8-site/d8/C2Data-575-Type4;242519.0000;DATA;1611611034.896347
/ndn/s8-site/s8/C2Data-4602-Type1;6006532.0000;TIMEOUT;1611611029.383320
/ndn/s10-site/s10/C2Data-4844-Type1;6003312.0000;TIMEOUT;1611611030.539382
/ndn/h0-site/h0/C2Data-0-Type4;104144.0000;DATA;1611611038.251212
/ndn/v5-site/v5/C2Data-875-Type4;348236.0000;DATA;1611611038.769343
/ndn/h14-site/h14/C2Data-350-Type4;235253.0000;DATA;1611611043.071914
/ndn/v14-site/v14/C2Data-1100-Type4;98279.0000;DATA;1611611045.536355
/ndn/v4-site/v4/C2Data-5934-Type2;283373.0000;DATA;1611611052.815316
/ndn/d9-site/d9/C2Data-2909-Type1;118894.0000;DATA;1611611053.233361
/ndn/v8-site/v8/C2Data-6418-Type1;96575.0000;DATA;1611611053.552342
/ndn/d2-site/d2/C2Data-1039-Type3;216281.0000;DATA;1611611053.994311
/ndn/h4-site/h4/C2Data-100-Type4;23774.0000;DATA;1611611055.289412
/ndn/v5-site/v5/C2Data-6055-Type1;281644.0000;DATA;1611611055.630325
/ndn/h5-site/h5/C2Data-610-Type2;69475.0000;DATA;1611611056.616322
/ndn/h10-site/h10/C2Data-1215-Type1;194052.0000;DATA;1611611057.123378
/ndn/h0-site/h0/C2Data-2-Type3;64636.0000;DATA;1611611059.844329
/ndn/h2-site/h2/C2Data-247-Type2;249847.0000;DATA;1611611060.044526
/ndn/v3-site/v3/C2Data-2930-Type3;123689.0000;DATA;1611611062.468382
/ndn/s3-site/s3/C2Data-3998-Type1;6004273.0000;TIMEOUT;1611611057.054354
/ndn/h11-site/h11/C2Data-673-Type3;215058.0000;DATA;1611611065.352395
/ndn/s12-site/s12/C2Data-5087-Type1;6001057.0000;TIMEOUT;1611611059.824476
/ndn/v14-site/v14/C2Data-3601-Type3;96265.0000;DATA;1611611067.065414
/ndn/v13-site/v13/C2Data-3540-Type3;174362.0000;DATA;1611611067.086339
/ndn/s7-site/s7/C2Data-4482-Type1;6000485.0000;TIMEOUT;1611611061.335385
/ndn/d12-site/d12/C2Data-1649-Type3;212075.0000;DATA;1611611067.412390
/ndn/s9-site/s9/C2Data-4724-Type2;6000295.0000;TIMEOUT;1611611062.331323
/ndn/s1-site/s1/C2Data-1893-Type3;6000767.0000;TIMEOUT;1611611063.998394
/ndn/s12-site/s12/C2Data-2564-Type3;6014438.0000;TIMEOUT;1611611066.376402
/ndn/h4-site/h4/C2Data-490-Type1;23744.0000;DATA;1611611082.128342
/ndn/v0-site/v0/C2Data-5451-Type1;165292.0000;DATA;1611611084.114364
/ndn/h9-site/h9/C2Data-1095-Type1;99263.0000;DATA;1611611085.806358
/ndn/v4-site/v4/C2Data-5935-Type1;287461.0000;DATA;1611611086.465420
/ndn/v5-site/v5/C2Data-6056-Type2;296002.0000;DATA;1611611086.472320
/ndn/h1-site/h1/C2Data-127-Type2;198458.0000;DATA;1611611087.621331
/ndn/v3-site/v3/C2Data-5814-Type2;126571.0000;DATA;1611611087.953634
/ndn/h8-site/h8/C2Data-974-Type2;118555.0000;DATA;1611611089.210356
/ndn/v8-site/v8/C2Data-6419-Type2;98170.0000;DATA;1611611089.266326
/ndn/v5-site/v5/C2Data-6056-Type1;288189.0000;DATA;1611611090.366384
/ndn/s1-site/s1/C2Data-3757-Type2;6000416.0000;TIMEOUT;1611611085.735409
/ndn/h10-site/h10/C2Data-1216-Type2;201255.0000;DATA;1611611092.058368
/ndn/s8-site/s8/C2Data-4604-Type1;6008429.0000;TIMEOUT;1611611087.792407
/ndn/s12-site/s12/C2Data-5088-Type2;6000297.0000;TIMEOUT;1611611092.064371
/ndn/h9-site/h9/C2Data-552-Type3;113285.0000;DATA;1611611107.768329
/ndn/h5-site/h5/C2Data-612-Type2;72692.0000;DATA;1611611111.142416
/ndn/d2-site/d2/C2Data-2064-Type2;214094.0000;DATA;1611611111.554369
/ndn/h1-site/h1/C2Data-128-Type1;189457.0000;DATA;1611611112.003448
/ndn/h2-site/h2/C2Data-125-Type3;185789.0000;DATA;1611611113.383353
/ndn/v2-site/v2/C2Data-2870-Type3;170217.0000;DATA;1611611114.640366
/ndn/v14-site/v14/C2Data-7146-Type2;93362.0000;DATA;1611611114.772325
