/ndn/h12-site/h12/C2Data-1452-Type2;602.0000;NACK;1611607420.677373
/ndn/s7-site/s7/C2Data-4477-Type2;122473.0000;DATA;1611607422.231426
/ndn/s0-site/s0/C2Data-3630-Type1;143792.0000;DATA;1611607422.304366
/ndn/s4-site/s4/C2Data-4114-Type1;623.0000;NACK;1611607422.861127
/ndn/h9-site/h9/C2Data-1089-Type2;125559.0000;DATA;1611607422.940498
/ndn/h9-site/h9/C2Data-1089-Type1;74757.0000;DATA;1611607423.022376
/ndn/s10-site/s10/C2Data-4840-Type2;563.0000;NACK;1611607424.475419
/ndn/s14-site/s14/C2Data-5324-Type2;24818.0000;DATA;1611607426.289299
/ndn/s11-site/s11/C2Data-4961-Type2;519.0000;NACK;1611607428.892264
/ndn/d14-site/d14/C2Data-3509-Type2;96009.0000;DATA;1611607429.558379
/ndn/h2-site/h2/C2Data-242-Type1;469.0000;NACK;1611607430.966422
/ndn/h11-site/h11/C2Data-671-Type3;112006.0000;DATA;1611607444.190378
/ndn/h7-site/h7/C2Data-427-Type3;246356.0000;DATA;1611607444.878321
/ndn/v5-site/v5/C2Data-3050-Type3;23438.0000;DATA;1611607445.533304
/ndn/v0-site/v0/C2Data-5446-Type1;141311.0000;DATA;1611607450.169313
/ndn/d2-site/d2/C2Data-2058-Type1;521.0000;DATA;1611607453.931321
/ndn/h6-site/h6/C2Data-727-Type2;195350.0000;DATA;1611607456.024344
/ndn/v12-site/v12/C2Data-3477-Type3;94349.0000;DATA;1611607456.693304
/ndn/v6-site/v6/C2Data-3111-Type3;678.0000;DATA;1611607456.861254
/ndn/v11-site/v11/C2Data-6777-Type2;72236.0000;DATA;1611607458.179316
/ndn/v14-site/v14/C2Data-7140-Type1;138471.0000;DATA;1611607459.009292
/ndn/h5-site/h5/C2Data-606-Type1;147989.0000;DATA;1611607459.207305
/ndn/h3-site/h3/C2Data-183-Type3;26527.0000;DATA;1611607463.946651
/ndn/d5-site/d5/C2Data-1220-Type3;49076.0000;DATA;1611607465.337347
/ndn/d9-site/d9/C2Data-1464-Type3;56338.0000;DATA;1611607466.615282
/ndn/s12-site/s12/C2Data-2562-Type3;510.0000;NACK;1611607467.796283
/ndn/s14-site/s14/C2Data-5326-Type1;96570.0000;DATA;1611607480.466257
/ndn/v2-site/v2/C2Data-5689-Type1;96402.0000;DATA;1611607480.528338
/ndn/h11-site/h11/C2Data-1333-Type2;94802.0000;DATA;1611607480.757331
/ndn/h3-site/h3/C2Data-365-Type1;70729.0000;DATA;1611607480.921301
/ndn/v4-site/v4/C2Data-5931-Type2;127139.0000;DATA;1611607480.881385
/ndn/s6-site/s6/C2Data-4358-Type1;46989.0000;DATA;1611607481.065325
/ndn/v12-site/v12/C2Data-6899-Type1;96952.0000;DATA;1611607481.044324
/ndn/d10-site/d10/C2Data-3027-Type2;48378.0000;DATA;1611607482.573287
/ndn/s4-site/s4/C2Data-4116-Type1;211013.0000;DATA;1611607482.728338
/ndn/v13-site/v13/C2Data-7020-Type2;118501.0000;DATA;1611607483.291334
/ndn/s3-site/s3/C2Data-3995-Type2;125537.0000;DATA;1611607485.723348
/ndn/v8-site/v8/C2Data-6415-Type2;24580.0000;DATA;1611607487.493273
/ndn/d0-site/d0/C2Data-1817-Type1;23543.0000;DATA;1611607487.818353
/ndn/v12-site/v12/C2Data-6899-Type2;72687.0000;DATA;1611607491.513513
/ndn/h1-site/h1/C2Data-123-Type1;696.0000;DATA;1611607491.861331
/ndn/s9-site/s9/C2Data-2380-Type3;144881.0000;DATA;1611607504.313544
/ndn/v3-site/v3/C2Data-2929-Type3;155994.0000;DATA;1611607506.915497
/ndn/s6-site/s6/C2Data-2197-Type3;97165.0000;DATA;1611607507.189276
/ndn/v9-site/v9/C2Data-6537-Type1;222606.0000;DATA;1611607510.339264
/ndn/h13-site/h13/C2Data-1576-Type2;117675.0000;DATA;1611607511.073418
/ndn/d1-site/d1/C2Data-1939-Type1;806.0000;DATA;1611607511.556252
/ndn/h9-site/h9/C2Data-550-Type3;25891.0000;DATA;1611607512.371258
/ndn/s12-site/s12/C2Data-2563-Type3;120058.0000;DATA;1611607513.381332
/ndn/s13-site/s13/C2Data-5206-Type2;47155.0000;DATA;1611607514.220829
/ndn/d12-site/d12/C2Data-1648-Type3;23466.0000;DATA;1611607514.910343
/ndn/d2-site/d2/C2Data-425-Type4;24987.0000;DATA;1611607516.451350
/ndn/s1-site/s1/C2Data-1892-Type3;23417.0000;DATA;1611607516.966336
/ndn/h14-site/h14/C2Data-350-Type4;92484.0000;DATA;1611607518.783355
/ndn/d13-site/d13/C2Data-3391-Type2;72323.0000;DATA;1611607519.079295
/ndn/h2-site/h2/C2Data-123-Type3;95416.0000;DATA;1611607520.129406
/ndn/v7-site/v7/C2Data-6295-Type2;23705.0000;DATA;1611607520.264277
/ndn/v5-site/v5/C2Data-6053-Type2;23221.0000;DATA;1611607520.976299
/ndn/h13-site/h13/C2Data-325-Type4;92260.0000;DATA;1611607526.220293
/ndn/v2-site/v2/C2Data-2868-Type3;23209.0000;DATA;1611607526.589792
/ndn/h2-site/h2/C2Data-50-Type4;181320.0000;DATA;1611607532.049315
/ndn/d6-site/d6/C2Data-525-Type4;109849.0000;DATA;1611607537.073334
/ndn/v13-site/v13/C2Data-7022-Type1;125096.0000;DATA;1611607540.829132
/ndn/v8-site/v8/C2Data-6417-Type1;214884.0000;DATA;1611607541.434337
/ndn/s11-site/s11/C2Data-4965-Type1;147106.0000;DATA;1611607543.415334
/ndn/v1-site/v1/C2Data-5570-Type2;25622.0000;DATA;1611607545.603331
/ndn/v0-site/v0/C2Data-5449-Type1;23781.0000;DATA;1611607546.190393
/ndn/d12-site/d12/C2Data-3271-Type1;23812.0000;DATA;1611607546.549316
/ndn/v3-site/v3/C2Data-5812-Type1;24174.0000;DATA;1611607546.821304
/ndn/d0-site/d0/C2Data-1819-Type1;23440.0000;DATA;1611607546.964304
/ndn/v9-site/v9/C2Data-6538-Type2;23698.0000;DATA;1611607547.728348
/ndn/d3-site/d3/C2Data-2182-Type2;115711.0000;DATA;1611607547.772428
/ndn/h5-site/h5/C2Data-609-Type2;143365.0000;DATA;1611607548.137326
/ndn/v14-site/v14/C2Data-7143-Type1;145007.0000;DATA;1611607549.294307
/ndn/h4-site/h4/C2Data-488-Type2;25324.0000;DATA;1611607549.597309
/ndn/h9-site/h9/C2Data-1093-Type1;24658.0000;DATA;1611607550.879270
/ndn/v9-site/v9/C2Data-975-Type4;294693.0000;DATA;1611607552.362353
/ndn/h6-site/h6/C2Data-150-Type4;55086.0000;DATA;1611607563.359034
/ndn/s4-site/s4/C2Data-2076-Type3;209450.0000;DATA;1611607566.543288
/ndn/h1-site/h1/C2Data-25-Type4;592.0000;DATA;1611607568.391254
/ndn/v14-site/v14/C2Data-1100-Type4;46514.0000;DATA;1611607568.458298
/ndn/v4-site/v4/C2Data-2991-Type3;23589.0000;DATA;1611607569.120260
/ndn/h6-site/h6/C2Data-368-Type3;192352.0000;DATA;1611607570.246298
/ndn/s1-site/s1/C2Data-3756-Type2;119259.0000;DATA;1611607571.314331
/ndn/h12-site/h12/C2Data-1457-Type2;591.0000;DATA;1611607572.167255
/ndn/h9-site/h9/C2Data-1094-Type1;118218.0000;DATA;1611607572.503286
/ndn/d10-site/d10/C2Data-3030-Type1;141791.0000;DATA;1611607573.232322
/ndn/d13-site/d13/C2Data-3393-Type2;23791.0000;DATA;1611607573.597325
/ndn/s11-site/s11/C2Data-4966-Type2;243233.0000;DATA;1611607573.887288
/ndn/v3-site/v3/C2Data-5813-Type2;117212.0000;DATA;1611607574.775324
/ndn/h6-site/h6/C2Data-731-Type2;190506.0000;DATA;1611607575.507311
/ndn/v13-site/v13/C2Data-7023-Type2;71727.0000;DATA;1611607575.962263
/ndn/s10-site/s10/C2Data-4845-Type2;599.0000;DATA;1611607576.703255
/ndn/v9-site/v9/C2Data-3296-Type3;214345.0000;DATA;1611607576.688329
/ndn/h6-site/h6/C2Data-731-Type1;82859.0000;DATA;1611607578.297361
/ndn/h0-site/h0/C2Data-5-Type1;209453.0000;DATA;1611607578.912251
/ndn/v0-site/v0/C2Data-2747-Type3;24350.0000;DATA;1611607579.357296
/ndn/h12-site/h12/C2Data-734-Type3;542.0000;DATA;1611607580.484261
/ndn/v5-site/v5/C2Data-6056-Type1;121571.0000;DATA;1611607600.191538
/ndn/h4-site/h4/C2Data-490-Type2;191858.0000;DATA;1611607600.459285
/ndn/v11-site/v11/C2Data-6782-Type1;561.0000;DATA;1611607600.726310
/ndn/d9-site/d9/C2Data-2910-Type2;91661.0000;DATA;1611607602.900337
/ndn/d7-site/d7/C2Data-2668-Type2;72876.0000;DATA;1611607603.801334
/ndn/s2-site/s2/C2Data-3878-Type2;92350.0000;DATA;1611607604.302285
/ndn/s12-site/s12/C2Data-5088-Type2;152760.0000;DATA;1611607605.809351
/ndn/v7-site/v7/C2Data-6298-Type1;72883.0000;DATA;1611607607.540323
/ndn/s3-site/s3/C2Data-3999-Type1;140872.0000;DATA;1611607607.758331
/ndn/h9-site/h9/C2Data-1095-Type1;23998.0000;DATA;1611607608.046253
/ndn/h9-site/h9/C2Data-1095-Type2;23925.0000;DATA;1611607610.512246
/ndn/d7-site/d7/C2Data-2668-Type1;70672.0000;DATA;1611607611.312342
/ndn/h7-site/h7/C2Data-853-Type2;146960.0000;DATA;1611607611.293262
/ndn/d14-site/d14/C2Data-1772-Type3;101051.0000;DATA;1611607625.551347
/ndn/s10-site/s10/C2Data-2443-Type3;706.0000;DATA;1611607625.816295
/ndn/d4-site/d4/C2Data-1162-Type3;69885.0000;DATA;1611607629.638248
/ndn/s12-site/s12/C2Data-5089-Type1;245689.0000;DATA;1611607630.208291
/ndn/s7-site/s7/C2Data-2260-Type3;585.0000;DATA;1611607632.066273
/ndn/s7-site/s7/C2Data-4484-Type2;688.0000;DATA;1611607633.280314
/ndn/s3-site/s3/C2Data-4000-Type2;23468.0000;DATA;1611607634.638401
