/ndn/d1-site/d1/C2Data-1936-Type2;443.0000;NACK;1611610325.426585
/ndn/s3-site/s3/C2Data-3993-Type2;467.0000;NACK;1611610325.640840
/ndn/s1-site/s1/C2Data-3751-Type1;76193.0000;DATA;1611610326.880032
/ndn/s0-site/s0/C2Data-3630-Type2;25235.0000;DATA;1611610327.294072
/ndn/s4-site/s4/C2Data-4114-Type1;463.0000;NACK;1611610327.738120
/ndn/d6-site/d6/C2Data-2541-Type2;629.0000;DATA;1611610327.803214
/ndn/s14-site/s14/C2Data-5324-Type2;665.0000;NACK;1611610328.452037
/ndn/h13-site/h13/C2Data-1573-Type1;71984.0000;DATA;1611610329.559037
/ndn/s7-site/s7/C2Data-4477-Type1;200727.0000;DATA;1611610329.605023
/ndn/s0-site/s0/C2Data-3630-Type1;494.0000;DATA;1611610330.226022
/ndn/d1-site/d1/C2Data-1936-Type1;605.0000;NACK;1611610332.522034
/ndn/s2-site/s2/C2Data-3872-Type2;72765.0000;DATA;1611610332.694042
/ndn/s6-site/s6/C2Data-4356-Type2;23621.0000;DATA;1611610335.014096
/ndn/v8-site/v8/C2Data-6413-Type2;458.0000;NACK;1611610336.326198
/ndn/v3-site/v3/C2Data-5808-Type2;556.0000;NACK;1611610336.514067
/ndn/v4-site/v4/C2Data-5929-Type1;455.0000;NACK;1611610337.244034
/ndn/v10-site/v10/C2Data-3355-Type3;57972.0000;DATA;1611610349.787052
/ndn/h7-site/h7/C2Data-427-Type3;75947.0000;DATA;1611610350.686671
/ndn/v2-site/v2/C2Data-2867-Type3;25292.0000;DATA;1611610355.950058
/ndn/v11-site/v11/C2Data-6777-Type1;172686.0000;DATA;1611610357.339094
/ndn/s6-site/s6/C2Data-4357-Type2;23850.0000;DATA;1611610357.783026
/ndn/d12-site/d12/C2Data-3268-Type1;102388.0000;DATA;1611610358.937108
/ndn/s0-site/s0/C2Data-3631-Type2;23569.0000;DATA;1611610359.308032
/ndn/d5-site/d5/C2Data-1220-Type3;72169.0000;DATA;1611610360.498069
/ndn/v6-site/v6/C2Data-6172-Type2;23777.0000;DATA;1611610361.177262
/ndn/s0-site/s0/C2Data-1830-Type3;605.0000;DATA;1611610361.356127
/ndn/s9-site/s9/C2Data-4720-Type1;122990.0000;DATA;1611610362.095087
/ndn/d2-site/d2/C2Data-1037-Type3;643.0000;DATA;1611610363.612145
/ndn/s11-site/s11/C2Data-4962-Type2;548.0000;NACK;1611610363.684032
/ndn/d14-site/d14/C2Data-3510-Type2;27182.0000;DATA;1611610364.323029
/ndn/s8-site/s8/C2Data-4599-Type1;99842.0000;DATA;1611610365.617158
/ndn/s2-site/s2/C2Data-3873-Type1;179014.0000;DATA;1611610366.485119
/ndn/v12-site/v12/C2Data-6898-Type2;172294.0000;DATA;1611610367.103096
/ndn/d5-site/d5/C2Data-2421-Type1;75378.0000;DATA;1611610367.296027
/ndn/h13-site/h13/C2Data-793-Type3;77931.0000;DATA;1611610368.621207
/ndn/h11-site/h11/C2Data-671-Type3;456.0000;DATA;1611610368.983069
/ndn/h6-site/h6/C2Data-366-Type3;641.0000;DATA;1611610369.411083
/ndn/h5-site/h5/C2Data-305-Type3;79041.0000;DATA;1611610369.830058
/ndn/h4-site/h4/C2Data-244-Type3;24599.0000;DATA;1611610370.044082
/ndn/d12-site/d12/C2Data-1647-Type3;469.0000;DATA;1611610370.969039
/ndn/d13-site/d13/C2Data-1708-Type3;25408.0000;DATA;1611610372.598028
/ndn/v2-site/v2/C2Data-5689-Type2;25486.0000;DATA;1611610385.918088
/ndn/h13-site/h13/C2Data-1575-Type2;155386.0000;DATA;1611610386.447026
/ndn/s2-site/s2/C2Data-3874-Type2;96111.0000;DATA;1611610387.037111
/ndn/s3-site/s3/C2Data-3995-Type2;500.0000;NACK;1611610388.092056
/ndn/d0-site/d0/C2Data-1817-Type1;99410.0000;DATA;1611610389.111039
/ndn/d11-site/d11/C2Data-3148-Type1;23866.0000;DATA;1611610389.225063
/ndn/d1-site/d1/C2Data-1938-Type2;533.0000;NACK;1611610389.288099
/ndn/h6-site/h6/C2Data-728-Type1;70811.0000;DATA;1611610389.632031
/ndn/h11-site/h11/C2Data-1333-Type1;193679.0000;DATA;1611610389.854052
/ndn/h11-site/h11/C2Data-1333-Type2;121582.0000;DATA;1611610390.462104
/ndn/d6-site/d6/C2Data-2543-Type2;25722.0000;DATA;1611610391.258031
/ndn/s8-site/s8/C2Data-4600-Type2;194508.0000;DATA;1611610391.136042
/ndn/d11-site/d11/C2Data-3148-Type2;153297.0000;DATA;1611610391.841099
/ndn/h9-site/h9/C2Data-1091-Type2;48340.0000;DATA;1611610393.432055
/ndn/h4-site/h4/C2Data-486-Type2;78681.0000;DATA;1611610393.686030
/ndn/v1-site/v1/C2Data-5568-Type2;51624.0000;DATA;1611610394.789109
/ndn/v7-site/v7/C2Data-6294-Type1;142755.0000;DATA;1611610395.195052
/ndn/h13-site/h13/C2Data-1575-Type1;143407.0000;DATA;1611610396.391061
/ndn/d11-site/d11/C2Data-1587-Type3;124482.0000;DATA;1611610409.674026
/ndn/v12-site/v12/C2Data-3478-Type3;171589.0000;DATA;1611610409.640036
/ndn/d9-site/d9/C2Data-1465-Type3;97681.0000;DATA;1611610410.488121
/ndn/s3-site/s3/C2Data-2014-Type3;678.0000;NACK;1611610411.501087
/ndn/v13-site/v13/C2Data-3539-Type3;178185.0000;DATA;1611610413.418073
/ndn/v4-site/v4/C2Data-2990-Type3;198325.0000;DATA;1611610414.433858
/ndn/d8-site/d8/C2Data-2786-Type1;100480.0000;DATA;1611610416.884050
/ndn/v13-site/v13/C2Data-7021-Type2;92411.0000;DATA;1611610417.311062
/ndn/d2-site/d2/C2Data-1038-Type3;52611.0000;DATA;1611610419.129036
/ndn/h9-site/h9/C2Data-1092-Type1;69191.0000;DATA;1611610419.694028
/ndn/h3-site/h3/C2Data-366-Type1;23560.0000;DATA;1611610419.754098
/ndn/s0-site/s0/C2Data-1831-Type3;577.0000;DATA;1611610420.733089
/ndn/d0-site/d0/C2Data-1818-Type1;92384.0000;DATA;1611610421.074101
/ndn/h14-site/h14/C2Data-1697-Type1;69486.0000;NACK;1611610421.397039
/ndn/h11-site/h11/C2Data-672-Type3;123929.0000;DATA;1611610421.374051
/ndn/h7-site/h7/C2Data-850-Type2;73126.0000;DATA;1611610421.702071
/ndn/d6-site/d6/C2Data-2544-Type2;630.0000;DATA;1611610422.004067
/ndn/v4-site/v4/C2Data-5932-Type1;23322.0000;DATA;1611610421.987046
/ndn/v3-site/v3/C2Data-2929-Type3;26570.0000;DATA;1611610422.161196
/ndn/h2-site/h2/C2Data-50-Type4;85838.0000;NACK;1611610422.320091
/ndn/s1-site/s1/C2Data-3754-Type2;74067.0000;DATA;1611610422.974101
/ndn/h2-site/h2/C2Data-245-Type2;149170.0000;DATA;1611610423.649081
/ndn/s5-site/s5/C2Data-2136-Type3;24856.0000;DATA;1611610424.453172
/ndn/v9-site/v9/C2Data-6537-Type2;98305.0000;DATA;1611610425.081055
/ndn/h10-site/h10/C2Data-1213-Type2;25205.0000;DATA;1611610425.238058
/ndn/d10-site/d10/C2Data-1526-Type3;73245.0000;DATA;1611610425.806091
/ndn/h6-site/h6/C2Data-150-Type4;118494.0000;DATA;1611610426.168027
/ndn/d5-site/d5/C2Data-1221-Type3;70907.0000;DATA;1611610426.515075
/ndn/s0-site/s0/C2Data-3633-Type2;487.0000;DATA;1611610426.983119
/ndn/d5-site/d5/C2Data-2423-Type2;76144.0000;DATA;1611610427.302047
/ndn/s12-site/s12/C2Data-2563-Type3;71399.0000;DATA;1611610428.478049
/ndn/s6-site/s6/C2Data-2197-Type3;25541.0000;DATA;1611610432.848573
/ndn/h0-site/h0/C2Data-0-Type4;94506.0000;DATA;1611610436.426282
/ndn/d7-site/d7/C2Data-2666-Type2;46564.0000;DATA;1611610446.363053
/ndn/s4-site/s4/C2Data-4118-Type1;260196.0000;DATA;1611610446.280024
/ndn/h12-site/h12/C2Data-300-Type4;149727.0000;DATA;1611610446.737052
/ndn/s4-site/s4/C2Data-4118-Type2;277236.0000;DATA;1611610447.639024
/ndn/v4-site/v4/C2Data-5933-Type1;196193.0000;DATA;1611610452.753119
/ndn/v10-site/v10/C2Data-6659-Type2;51304.0000;DATA;1611610453.139189
/ndn/h8-site/h8/C2Data-972-Type1;51054.0000;DATA;1611610453.681056
/ndn/v11-site/v11/C2Data-6780-Type2;118034.0000;DATA;1611610453.680098
/ndn/h2-site/h2/C2Data-246-Type2;71943.0000;DATA;1611610453.732042
/ndn/h5-site/h5/C2Data-609-Type1;69714.0000;DATA;1611610455.246099
/ndn/h14-site/h14/C2Data-1698-Type2;97544.0000;DATA;1611610455.564042
/ndn/s2-site/s2/C2Data-3876-Type2;76764.0000;DATA;1611610455.589050
/ndn/v8-site/v8/C2Data-6417-Type2;26201.0000;DATA;1611610456.139141
/ndn/s14-site/s14/C2Data-5328-Type1;198346.0000;DATA;1611610455.981026
/ndn/h7-site/h7/C2Data-851-Type1;200471.0000;DATA;1611610456.020088
/ndn/d0-site/d0/C2Data-1819-Type2;47682.0000;DATA;1611610456.292071
/ndn/s1-site/s1/C2Data-3755-Type2;91742.0000;DATA;1611610456.824031
/ndn/d4-site/d4/C2Data-2303-Type1;163844.0000;DATA;1611610456.945089
/ndn/v3-site/v3/C2Data-5812-Type2;526.0000;DATA;1611610457.333037
/ndn/h8-site/h8/C2Data-972-Type2;23681.0000;DATA;1611610457.331096
/ndn/v2-site/v2/C2Data-5691-Type2;24021.0000;DATA;1611610457.392764
/ndn/s14-site/s14/C2Data-2686-Type3;234433.0000;DATA;1611610470.463038
/ndn/d13-site/d13/C2Data-1710-Type3;47136.0000;DATA;1611610475.649043
/ndn/s12-site/s12/C2Data-5087-Type1;72902.0000;DATA;1611610476.845029
/ndn/s4-site/s4/C2Data-2076-Type3;143841.0000;DATA;1611610477.092083
/ndn/h3-site/h3/C2Data-368-Type2;46872.0000;DATA;1611610477.309117
/ndn/h3-site/h3/C2Data-185-Type3;501.0000;DATA;1611610477.969057
/ndn/s10-site/s10/C2Data-4845-Type2;23470.0000;DATA;1611610478.602046
/ndn/h5-site/h5/C2Data-610-Type1;46722.0000;DATA;1611610479.198108
/ndn/v9-site/v9/C2Data-6539-Type1;72092.0000;DATA;1611610479.609031
/ndn/h12-site/h12/C2Data-734-Type3;142290.0000;DATA;1611610480.161102
/ndn/d8-site/d8/C2Data-2788-Type2;97681.0000;DATA;1611610480.742085
/ndn/v14-site/v14/C2Data-3601-Type3;97885.0000;DATA;1611610481.232049
/ndn/s2-site/s2/C2Data-3877-Type2;73818.0000;DATA;1611610481.613026
/ndn/h14-site/h14/C2Data-1699-Type2;92187.0000;DATA;1611610482.400066
/ndn/d6-site/d6/C2Data-2546-Type2;25534.0000;DATA;1611610482.967577
/ndn/d14-site/d14/C2Data-3514-Type2;93256.0000;DATA;1611610483.174093
/ndn/v1-site/v1/C2Data-5571-Type2;93612.0000;DATA;1611610483.245065
/ndn/d13-site/d13/C2Data-3393-Type2;23248.0000;DATA;1611610483.895120
/ndn/h2-site/h2/C2Data-247-Type1;95565.0000;DATA;1611610484.124086
/ndn/s5-site/s5/C2Data-4240-Type2;48293.0000;DATA;1611610484.790035
/ndn/s3-site/s3/C2Data-2015-Type3;588.0000;DATA;1611610485.085045
/ndn/s0-site/s0/C2Data-3635-Type2;634.0000;DATA;1611610485.392057
/ndn/h12-site/h12/C2Data-1457-Type2;662.0000;DATA;1611610486.018093
/ndn/v2-site/v2/C2Data-2869-Type3;24230.0000;DATA;1611610488.065103
/ndn/d11-site/d11/C2Data-1588-Type3;624.0000;DATA;1611610489.813046
/ndn/s13-site/s13/C2Data-2625-Type3;25110.0000;DATA;1611610490.176223
/ndn/v6-site/v6/C2Data-3113-Type3;23398.0000;DATA;1611610491.654449
/ndn/h0-site/h0/C2Data-2-Type3;778.0000;DATA;1611610493.345021
/ndn/v5-site/v5/C2Data-6056-Type2;191310.0000;DATA;1611610506.027081
/ndn/s12-site/s12/C2Data-5088-Type1;200797.0000;DATA;1611610507.339045
/ndn/d13-site/d13/C2Data-3394-Type2;53405.0000;DATA;1611610513.176048
/ndn/v12-site/v12/C2Data-6903-Type2;23673.0000;DATA;1611610513.912087
/ndn/d0-site/d0/C2Data-1821-Type1;97704.0000;DATA;1611610514.281039
/ndn/s2-site/s2/C2Data-3878-Type1;162288.0000;DATA;1611610515.757081
/ndn/v14-site/v14/C2Data-7145-Type2;72992.0000;DATA;1611610516.468128
/ndn/v12-site/v12/C2Data-3480-Type3;122512.0000;DATA;1611610532.674091
/ndn/s1-site/s1/C2Data-1894-Type3;69488.0000;DATA;1611610535.642039
/ndn/h14-site/h14/C2Data-1701-Type2;214916.0000;DATA;1611610536.109081
/ndn/s1-site/s1/C2Data-3758-Type2;100638.0000;DATA;1611610536.516082
/ndn/v10-site/v10/C2Data-6662-Type2;47203.0000;DATA;1611610536.732023
/ndn/d12-site/d12/C2Data-3274-Type2;46276.0000;DATA;1611610538.240082
/ndn/h5-site/h5/C2Data-308-Type3;72039.0000;DATA;1611610538.296079
/ndn/v0-site/v0/C2Data-2748-Type3;25460.0000;DATA;1611610539.171077
/ndn/s0-site/s0/C2Data-3637-Type2;436.0000;DATA;1611610540.029195
/ndn/s11-site/s11/C2Data-2504-Type3;76075.0000;DATA;1611610540.559072
/ndn/s13-site/s13/C2Data-5210-Type1;77012.0000;DATA;1611610540.679028
/ndn/s6-site/s6/C2Data-4363-Type1;25884.0000;DATA;1611610541.126090
