/ndn/v2-site/v2/C2Data-3872-Type1;806.0000;DATA;1612718696.457940
/ndn/s9-site/s9/C2Data-3509-Type2;39840.0000;DATA;1612718697.292603
/ndn/s2-site/s2/C2Data-2662-Type2;80660.0000;DATA;1612718698.797560
/ndn/s8-site/s8/C2Data-3388-Type2;18728.0000;DATA;1612718701.822126
/ndn/h4-site/h4/C2Data-484-Type1;2436.0000;DATA;1612718702.755024
/ndn/v5-site/v5/C2Data-2135-Type3;24261.0000;DATA;1612718723.951303
/ndn/h0-site/h0/C2Data-1-Type2;226834.0000;DATA;1612718726.021037
/ndn/h8-site/h8/C2Data-969-Type1;79448.0000;DATA;1612718726.599476
/ndn/v8-site/v8/C2Data-2318-Type3;123675.0000;DATA;1612718726.657130
/ndn/h8-site/h8/C2Data-969-Type2;69907.0000;DATA;1612718727.863407
/ndn/h5-site/h5/C2Data-305-Type3;146365.0000;DATA;1612718728.763997
/ndn/h3-site/h3/C2Data-183-Type3;805.0000;DATA;1612718733.253415
/ndn/h2-site/h2/C2Data-122-Type3;95847.0000;DATA;1612718733.281369
/ndn/s2-site/s2/C2Data-2663-Type1;51880.0000;DATA;1612718734.427852
/ndn/v7-site/v7/C2Data-2257-Type3;99259.0000;DATA;1612718737.037522
/ndn/s5-site/s5/C2Data-1525-Type3;991.0000;DATA;1612718739.997797
/ndn/h0-site/h0/C2Data-0-Type3;105365.0000;DATA;1612718740.089436
/ndn/s6-site/s6/C2Data-3148-Type1;227030.0000;DATA;1612718754.155820
/ndn/h4-site/h4/C2Data-486-Type1;127079.0000;DATA;1612718756.662134
/ndn/s4-site/s4/C2Data-2906-Type2;74782.0000;DATA;1612718758.497792
/ndn/d7-site/d7/C2Data-2059-Type2;78434.0000;DATA;1612718759.721284
/ndn/v7-site/v7/C2Data-4479-Type1;207916.0000;DATA;1612718763.048426
/ndn/h5-site/h5/C2Data-607-Type2;145791.0000;DATA;1612718763.260109
/ndn/s1-site/s1/C2Data-2543-Type1;26514.0000;DATA;1612718764.566826
/ndn/s3-site/s3/C2Data-1404-Type3;26077.0000;DATA;1612718776.798459
/ndn/d2-site/d2/C2Data-733-Type3;225331.0000;DATA;1612718776.841199
/ndn/d0-site/d0/C2Data-611-Type3;60344.0000;DATA;1612718782.717778
/ndn/s2-site/s2/C2Data-1343-Type3;99176.0000;DATA;1612718783.323874
/ndn/v7-site/v7/C2Data-4480-Type1;195736.0000;DATA;1612718783.260775
/ndn/s0-site/s0/C2Data-1221-Type3;103016.0000;DATA;1612718786.278912
/ndn/s5-site/s5/C2Data-3028-Type2;132067.0000;DATA;1612718787.862655
/ndn/v2-site/v2/C2Data-550-Type4;161638.0000;DATA;1612718792.180535
/ndn/d4-site/d4/C2Data-1697-Type1;179950.0000;DATA;1612718794.126793
/ndn/h7-site/h7/C2Data-175-Type4;103473.0000;DATA;1612718794.220859
/ndn/h9-site/h9/C2Data-550-Type3;103806.0000;DATA;1612718794.524560
/ndn/h2-site/h2/C2Data-123-Type3;1299.0000;DATA;1612718795.013429
/ndn/d8-site/d8/C2Data-1099-Type3;252851.0000;DATA;1612718795.138351
/ndn/v0-site/v0/C2Data-500-Type4;154588.0000;DATA;1612718798.106568
/ndn/s8-site/s8/C2Data-1709-Type3;25539.0000;DATA;1612718799.806175
/ndn/h6-site/h6/C2Data-150-Type4;141359.0000;DATA;1612718802.924917
/ndn/h0-site/h0/C2Data-0-Type4;231706.0000;DATA;1612718813.506184
/ndn/s1-site/s1/C2Data-2545-Type2;27597.0000;DATA;1612718814.052009
/ndn/h8-site/h8/C2Data-972-Type2;82434.0000;DATA;1612718815.417303
/ndn/h7-site/h7/C2Data-851-Type1;127505.0000;DATA;1612718818.365048
/ndn/h3-site/h3/C2Data-75-Type4;2955.0000;DATA;1612718819.040771
/ndn/d1-site/d1/C2Data-275-Type4;70935.0000;DATA;1612718820.280764
/ndn/h0-site/h0/C2Data-4-Type1;252873.0000;DATA;1612718821.981458
/ndn/s3-site/s3/C2Data-2787-Type2;28993.0000;DATA;1612718823.259389
/ndn/h1-site/h1/C2Data-126-Type1;149566.0000;DATA;1612718845.263179
/ndn/h4-site/h4/C2Data-246-Type3;52964.0000;DATA;1612718847.798047
/ndn/v7-site/v7/C2Data-4482-Type1;74727.0000;DATA;1612718847.795000
/ndn/v5-site/v5/C2Data-625-Type4;30060.0000;DATA;1612718847.802631
/ndn/h9-site/h9/C2Data-1094-Type1;74159.0000;DATA;1612718848.744852
/ndn/d9-site/d9/C2Data-2304-Type2;145909.0000;DATA;1612718850.864754
/ndn/s5-site/s5/C2Data-3030-Type1;98515.0000;DATA;1612718851.748456
/ndn/h3-site/h3/C2Data-368-Type2;73815.0000;DATA;1612718852.175087
/ndn/s4-site/s4/C2Data-2909-Type2;45384.0000;DATA;1612718854.031902
/ndn/v3-site/v3/C2Data-3998-Type1;261301.0000;DATA;1612718854.021972
/ndn/s8-site/s8/C2Data-1710-Type3;80409.0000;DATA;1612718856.991833
/ndn/h9-site/h9/C2Data-1095-Type2;173277.0000;DATA;1612718873.306752
/ndn/v4-site/v4/C2Data-4120-Type1;28690.0000;DATA;1612718874.562208
/ndn/h1-site/h1/C2Data-127-Type2;160316.0000;DATA;1612718875.382935
/ndn/v2-site/v2/C2Data-3878-Type1;189295.0000;DATA;1612718880.062844
/ndn/s7-site/s7/C2Data-3273-Type1;160147.0000;DATA;1612718881.444448
/ndn/s3-site/s3/C2Data-2789-Type2;25198.0000;DATA;1612718882.316278
/ndn/h1-site/h1/C2Data-127-Type1;131897.0000;DATA;1612718882.665765
/ndn/h5-site/h5/C2Data-611-Type2;143713.0000;DATA;1612718883.055655
/ndn/d1-site/d1/C2Data-674-Type3;77983.0000;DATA;1612718901.137728
/ndn/v4-site/v4/C2Data-2077-Type3;29062.0000;DATA;1612718904.239463
/ndn/h0-site/h0/C2Data-7-Type2;219138.0000;DATA;1612718906.226569
/ndn/v0-site/v0/C2Data-1833-Type3;52384.0000;DATA;1612718906.665018
/ndn/s9-site/s9/C2Data-3516-Type1;25063.0000;DATA;1612718908.163802
/ndn/v3-site/v3/C2Data-4000-Type2;249496.0000;DATA;1612718907.946491
/ndn/s6-site/s6/C2Data-3153-Type1;228154.0000;DATA;1612718911.470439
/ndn/s9-site/s9/C2Data-1772-Type3;26026.0000;DATA;1612718911.814769
/ndn/d7-site/d7/C2Data-1040-Type3;1982.0000;DATA;1612718911.995154
/ndn/v8-site/v8/C2Data-364-Type5;76689.0000;DATA;1612718912.038352
/ndn/d8-site/d8/C2Data-2185-Type2;48342.0000;DATA;1612718912.492743
/ndn/d4-site/d4/C2Data-857-Type3;217978.0000;DATA;1612718913.573614
/ndn/d0-site/d0/C2Data-613-Type3;27362.0000;DATA;1612718916.820074
/ndn/h9-site/h9/C2Data-117-Type5;263407.0000;DATA;1612718923.360066
/ndn/v3-site/v3/C2Data-299-Type5;379242.0000;DATA;1612718925.323789
/ndn/d4-site/d4/C2Data-1702-Type2;140847.0000;DATA;1612718933.271781
/ndn/s2-site/s2/C2Data-2670-Type2;188955.0000;DATA;1612718938.193502
/ndn/s7-site/s7/C2Data-3275-Type2;210273.0000;DATA;1612718944.283434
/ndn/h2-site/h2/C2Data-51-Type4;109643.0000;DATA;1612718952.607855
/ndn/d1-site/d1/C2Data-276-Type4;28021.0000;DATA;1612718959.061326
/ndn/d4-site/d4/C2Data-858-Type3;1835.0000;DATA;1612718960.277355
/ndn/h4-site/h4/C2Data-101-Type4;129409.0000;DATA;1612718964.135928
/ndn/s2-site/s2/C2Data-2671-Type2;76070.0000;DATA;1612718964.610392
/ndn/s6-site/s6/C2Data-3155-Type2;220348.0000;DATA;1612718965.254834
/ndn/d0-site/d0/C2Data-1219-Type2;27840.0000;DATA;1612718967.258838
/ndn/v2-site/v2/C2Data-1956-Type3;121098.0000;DATA;1612718967.756087
/ndn/h2-site/h2/C2Data-251-Type1;96297.0000;DATA;1612718967.857561
/ndn/h2-site/h2/C2Data-126-Type3;96369.0000;DATA;1612718968.405797
/ndn/h6-site/h6/C2Data-151-Type4;33454.0000;DATA;1612718969.570195
/ndn/d6-site/d6/C2Data-980-Type3;74709.0000;DATA;1612718969.618760
/ndn/s7-site/s7/C2Data-1651-Type3;102591.0000;DATA;1612718971.172570
/ndn/d5-site/d5/C2Data-919-Type3;74482.0000;DATA;1612718972.270295
/ndn/v3-site/v3/C2Data-4002-Type1;143681.0000;DATA;1612718972.248584
/ndn/d0-site/d0/C2Data-1219-Type1;24919.0000;DATA;1612718974.481534
/ndn/s4-site/s4/C2Data-1468-Type3;1164.0000;DATA;1612718979.382665
/ndn/h7-site/h7/C2Data-431-Type3;98183.0000;DATA;1612718979.844029
/ndn/h7-site/h7/C2Data-857-Type1;116068.0000;DATA;1612718993.099772
/ndn/s1-site/s1/C2Data-2551-Type1;27714.0000;DATA;1612718993.766667
/ndn/s8-site/s8/C2Data-3398-Type1;101585.0000;DATA;1612718995.959091
/ndn/h7-site/h7/C2Data-176-Type4;122761.0000;DATA;1612718997.333245
/ndn/v5-site/v5/C2Data-4245-Type2;29204.0000;DATA;1612719000.035805
/ndn/s0-site/s0/C2Data-2430-Type1;26004.0000;DATA;1612719000.236443
/ndn/h6-site/h6/C2Data-736-Type2;104247.0000;DATA;1612719001.271866
/ndn/s7-site/s7/C2Data-3277-Type1;198025.0000;DATA;1612719001.227647
/ndn/s3-site/s3/C2Data-1408-Type3;28672.0000;DATA;1612719017.234729
/ndn/v2-site/v2/C2Data-286-Type5;74840.0000;DATA;1612719018.857684
/ndn/h8-site/h8/C2Data-493-Type3;116657.0000;DATA;1612719021.922279
/ndn/h7-site/h7/C2Data-432-Type3;135822.0000;DATA;1612719021.916437
/ndn/v9-site/v9/C2Data-4730-Type1;244068.0000;DATA;1612719024.498551
/ndn/h0-site/h0/C2Data-0-Type5;52752.0000;DATA;1612719025.592928
/ndn/h1-site/h1/C2Data-132-Type1;893.0000;DATA;1612719026.167171
/ndn/s0-site/s0/C2Data-2431-Type2;84011.0000;DATA;1612719026.667146
/ndn/v5-site/v5/C2Data-2140-Type3;27521.0000;DATA;1612719028.789028
/ndn/s1-site/s1/C2Data-2552-Type2;26582.0000;DATA;1612719029.117535
/ndn/h0-site/h0/C2Data-11-Type1;232270.0000;DATA;1612719028.946755
/ndn/v3-site/v3/C2Data-2018-Type3;1217.0000;DATA;1612719029.755122
/ndn/v2-site/v2/C2Data-3883-Type2;851.0000;DATA;1612719030.023888
/ndn/d1-site/d1/C2Data-676-Type3;78049.0000;DATA;1612719030.534382
/ndn/h2-site/h2/C2Data-127-Type3;48141.0000;DATA;1612719031.654752
/ndn/s2-site/s2/C2Data-2673-Type2;1361.0000;DATA;1612719032.781764
/ndn/d0-site/d0/C2Data-1221-Type1;59028.0000;DATA;1612719034.514002
/ndn/s7-site/s7/C2Data-3278-Type2;162734.0000;DATA;1612719034.417437
/ndn/s5-site/s5/C2Data-1530-Type3;3769.0000;DATA;1612719035.415850
/ndn/s7-site/s7/C2Data-3278-Type1;6003952.0000;TIMEOUT;1612719031.121795
/ndn/d0-site/d0/C2Data-615-Type3;4541.0000;DATA;1612719038.827130
/ndn/h7-site/h7/C2Data-859-Type1;97279.0000;DATA;1612719053.247008
/ndn/s1-site/s1/C2Data-2553-Type2;25375.0000;DATA;1612719060.104763
/ndn/d9-site/d9/C2Data-2311-Type1;246609.0000;DATA;1612719060.290947
/ndn/s3-site/s3/C2Data-2795-Type2;30742.0000;DATA;1612719060.963317
/ndn/v2-site/v2/C2Data-3884-Type2;110266.0000;DATA;1612719061.530443
/ndn/h3-site/h3/C2Data-375-Type1;84249.0000;DATA;1612719063.567742
/ndn/d7-site/d7/C2Data-2069-Type1;318456.0000;DATA;1612719064.562232
/ndn/s4-site/s4/C2Data-2916-Type1;6071412.0000;TIMEOUT;1612719063.669748
/ndn/v0-site/v0/C2Data-1836-Type3;169471.0000;DATA;1612719081.981381
/ndn/d6-site/d6/C2Data-982-Type3;75771.0000;DATA;1612719082.830963
/ndn/d4-site/d4/C2Data-860-Type3;211074.0000;DATA;1612719083.393011
/ndn/v6-site/v6/C2Data-2202-Type3;49526.0000;DATA;1612719085.131895
/ndn/h3-site/h3/C2Data-376-Type1;73692.0000;DATA;1612719085.324743
/ndn/d8-site/d8/C2Data-2191-Type2;952.0000;DATA;1612719086.324611
/ndn/v0-site/v0/C2Data-3643-Type1;38525.0000;DATA;1612719086.412747
/ndn/d2-site/d2/C2Data-1465-Type2;295288.0000;DATA;1612719086.669963
/ndn/d1-site/d1/C2Data-1344-Type2;126677.0000;DATA;1612719087.044536
/ndn/d4-site/d4/C2Data-1707-Type1;1000.0000;DATA;1612719087.720834
/ndn/d7-site/d7/C2Data-1043-Type3;109704.0000;DATA;1612719087.981576
/ndn/h5-site/h5/C2Data-618-Type1;173264.0000;DATA;1612719089.262368
/ndn/h1-site/h1/C2Data-67-Type3;120832.0000;DATA;1612719089.598750
/ndn/v9-site/v9/C2Data-727-Type4;223563.0000;DATA;1612719091.187438
/ndn/v8-site/v8/C2Data-2324-Type3;1647.0000;DATA;1612719091.632672
/ndn/s2-site/s2/C2Data-1348-Type3;104893.0000;DATA;1612719092.128055
/ndn/d7-site/d7/C2Data-2070-Type2;72923.0000;DATA;1612719092.314265
/ndn/v6-site/v6/C2Data-4369-Type2;4943.0000;DATA;1612719092.892328
/ndn/s0-site/s0/C2Data-2433-Type1;6004956.0000;TIMEOUT;1612719088.204247
/ndn/s8-site/s8/C2Data-1714-Type3;6010260.0000;TIMEOUT;1612719088.623993
/ndn/s4-site/s4/C2Data-1470-Type3;6003777.0000;TIMEOUT;1612719088.799094
/ndn/s8-site/s8/C2Data-3401-Type2;6001985.0000;TIMEOUT;1612719090.572368
/ndn/s8-site/s8/C2Data-3401-Type1;6001789.0000;TIMEOUT;1612719091.405815
/ndn/h0-site/h0/C2Data-6-Type3;107910.0000;DATA;1612719097.820647
/ndn/h3-site/h3/C2Data-77-Type4;149795.0000;DATA;1612719106.749813
/ndn/v8-site/v8/C2Data-702-Type4;232097.0000;DATA;1612719109.797022
/ndn/h8-site/h8/C2Data-982-Type2;78832.0000;DATA;1612719114.202645
/ndn/v2-site/v2/C2Data-3886-Type2;177931.0000;DATA;1612719118.610867
/ndn/h1-site/h1/C2Data-135-Type2;123699.0000;DATA;1612719119.237857
/ndn/s9-site/s9/C2Data-3523-Type2;6001313.0000;TIMEOUT;1612719113.386316
/ndn/h5-site/h5/C2Data-619-Type2;973.0000;DATA;1612719119.746259
/ndn/d0-site/d0/C2Data-1224-Type1;51041.0000;DATA;1612719121.441157
/ndn/v0-site/v0/C2Data-3644-Type1;156506.0000;DATA;1612719124.559775
/ndn/s3-site/s3/C2Data-2797-Type1;6005582.0000;TIMEOUT;1612719120.688556
/ndn/s8-site/s8/C2Data-3402-Type2;6002547.0000;TIMEOUT;1612719121.340134
/ndn/v6-site/v6/C2Data-2203-Type3;2095.0000;DATA;1612719144.764523
/ndn/d5-site/d5/C2Data-1830-Type1;259958.0000;DATA;1612719145.198677
/ndn/v7-site/v7/C2Data-2264-Type3;145105.0000;DATA;1612719146.263800
/ndn/d7-site/d7/C2Data-2072-Type2;174811.0000;DATA;1612719146.432409
/ndn/h5-site/h5/C2Data-620-Type2;52428.0000;DATA;1612719150.050412
/ndn/d9-site/d9/C2Data-2314-Type1;177571.0000;DATA;1612719151.003687
/ndn/h2-site/h2/C2Data-257-Type2;103210.0000;DATA;1612719152.015826
/ndn/h9-site/h9/C2Data-1104-Type1;75753.0000;DATA;1612719152.959767
/ndn/s9-site/s9/C2Data-3524-Type2;6000628.0000;TIMEOUT;1612719147.918942
/ndn/d8-site/d8/C2Data-1105-Type3;146763.0000;DATA;1612719154.130550
/ndn/h6-site/h6/C2Data-373-Type3;4186.0000;DATA;1612719156.052592
/ndn/s5-site/s5/C2Data-3040-Type2;6001157.0000;TIMEOUT;1612719153.544769
/ndn/v2-site/v2/C2Data-1959-Type3;95243.0000;DATA;1612719160.682782
/ndn/s9-site/s9/C2Data-1776-Type3;6000713.0000;TIMEOUT;1612719155.719414
/ndn/s6-site/s6/C2Data-1593-Type3;6003479.0000;TIMEOUT;1612719157.493763
/ndn/s2-site/s2/C2Data-1349-Type3;6000873.0000;TIMEOUT;1612719158.652243
/ndn/s5-site/s5/C2Data-1532-Type3;6000650.0000;TIMEOUT;1612719159.934081
/ndn/s8-site/s8/C2Data-1715-Type3;6005563.0000;TIMEOUT;1612719160.436712
/ndn/d1-site/d1/C2Data-1347-Type2;118046.0000;DATA;1612719176.058608
/ndn/v4-site/v4/C2Data-4130-Type2;25504.0000;DATA;1612719178.128091
/ndn/v5-site/v5/C2Data-4251-Type1;26207.0000;DATA;1612719179.983920
/ndn/d6-site/d6/C2Data-1952-Type2;1152.0000;DATA;1612719181.772756
/ndn/s2-site/s2/C2Data-2678-Type2;6001665.0000;TIMEOUT;1612719176.232920
/ndn/v4-site/v4/C2Data-4130-Type1;23979.0000;DATA;1612719182.871692
/ndn/s2-site/s2/C2Data-2678-Type1;6000798.0000;TIMEOUT;1612719180.488581
/ndn/s0-site/s0/C2Data-2436-Type2;6001230.0000;TIMEOUT;1612719184.018747
/ndn/d6-site/d6/C2Data-984-Type3;74536.0000;DATA;1612719201.379956
/ndn/h3-site/h3/C2Data-191-Type3;72086.0000;DATA;1612719202.869822
/ndn/d9-site/d9/C2Data-1167-Type3;236609.0000;DATA;1612719203.243947
/ndn/h8-site/h8/C2Data-985-Type2;71245.0000;DATA;1612719203.406982
/ndn/v8-site/v8/C2Data-4615-Type1;124717.0000;DATA;1612719204.881282
/ndn/v3-site/v3/C2Data-2021-Type3;104859.0000;DATA;1612719205.806772
/ndn/d8-site/d8/C2Data-2195-Type1;155650.0000;DATA;1612719206.622498
/ndn/h9-site/h9/C2Data-1106-Type1;85539.0000;DATA;1612719206.804043
/ndn/v0-site/v0/C2Data-1838-Type3;148225.0000;DATA;1612719209.577601
/ndn/s4-site/s4/C2Data-2921-Type2;6003787.0000;TIMEOUT;1612719204.321864
/ndn/s9-site/s9/C2Data-1777-Type3;6002741.0000;TIMEOUT;1612719205.011214
/ndn/v2-site/v2/C2Data-3889-Type1;26062.0000;DATA;1612719211.306238
/ndn/s3-site/s3/C2Data-2800-Type2;6000942.0000;TIMEOUT;1612719205.924485
/ndn/v7-site/v7/C2Data-2265-Type3;1577.0000;DATA;1612719212.293417
/ndn/h1-site/h1/C2Data-69-Type3;83522.0000;DATA;1612719212.710897
/ndn/h7-site/h7/C2Data-864-Type1;113748.0000;DATA;1612719214.483191
/ndn/h5-site/h5/C2Data-313-Type3;100443.0000;DATA;1612719215.613017
/ndn/d5-site/d5/C2Data-923-Type3;94464.0000;DATA;1612719216.022993
/ndn/v9-site/v9/C2Data-2387-Type3;101549.0000;DATA;1612719216.652341
/ndn/v7-site/v7/C2Data-189-Type6;150188.0000;DATA;1612719216.713962
/ndn/s9-site/s9/C2Data-3526-Type1;6001071.0000;TIMEOUT;1612719211.894742
/ndn/h0-site/h0/C2Data-8-Type3;2383.0000;DATA;1612719218.103867
/ndn/s6-site/s6/C2Data-1594-Type3;6005645.0000;TIMEOUT;1612719212.438188
/ndn/v9-site/v9/C2Data-203-Type6;274702.0000;DATA;1612719218.655219
/ndn/s4-site/s4/C2Data-1472-Type3;6000583.0000;TIMEOUT;1612719214.744781
/ndn/s8-site/s8/C2Data-1716-Type3;6002308.0000;TIMEOUT;1612719218.242754
/ndn/v2-site/v2/C2Data-287-Type5;299283.0000;DATA;1612719229.173787
/ndn/d8-site/d8/C2Data-235-Type5;202001.0000;DATA;1612719235.495381
/ndn/d8-site/d8/C2Data-126-Type6;192645.0000;DATA;1612719235.573559
/ndn/d4-site/d4/C2Data-98-Type6;81743.0000;DATA;1612719235.986833
/ndn/h7-site/h7/C2Data-865-Type1;109514.0000;DATA;1612719236.347113
/ndn/h8-site/h8/C2Data-986-Type2;87363.0000;DATA;1612719237.617046
/ndn/v7-site/v7/C2Data-4495-Type1;192449.0000;DATA;1612719238.219150
/ndn/v2-site/v2/C2Data-3890-Type2;51270.0000;DATA;1612719238.970877
/ndn/v6-site/v6/C2Data-182-Type6;47724.0000;DATA;1612719240.098974
/ndn/s0-site/s0/C2Data-2438-Type2;6005074.0000;TIMEOUT;1612719234.915313
/ndn/s4-site/s4/C2Data-2922-Type2;6000827.0000;TIMEOUT;1612719235.025829
/ndn/s0-site/s0/C2Data-2438-Type1;6001792.0000;TIMEOUT;1612719235.136858
/ndn/d2-site/d2/C2Data-1470-Type1;218550.0000;DATA;1612719241.372825
/ndn/s9-site/s9/C2Data-3527-Type2;6002466.0000;TIMEOUT;1612719235.738791
/ndn/v3-site/v3/C2Data-161-Type6;238434.0000;DATA;1612719241.688126
/ndn/h8-site/h8/C2Data-986-Type1;73037.0000;DATA;1612719242.514740
/ndn/h7-site/h7/C2Data-92-Type5;2203.0000;DATA;1612719243.071790
/ndn/v9-site/v9/C2Data-4737-Type1;902.0000;DATA;1612719243.804768
/ndn/s1-site/s1/C2Data-2559-Type1;6003063.0000;TIMEOUT;1612719241.093379
/ndn/h1-site/h1/C2Data-14-Type5;2085.0000;DATA;1612719249.119764
/ndn/h5-site/h5/C2Data-35-Type6;180178.0000;DATA;1612719249.455718
/ndn/h4-site/h4/C2Data-53-Type5;110933.0000;DATA;1612719250.968236
/ndn/d9-site/d9/C2Data-478-Type4;205537.0000;DATA;1612719252.964954
/ndn/d2-site/d2/C2Data-84-Type6;132614.0000;DATA;1612719257.395754
/ndn/h4-site/h4/C2Data-253-Type3;133972.0000;DATA;1612719261.010890
/ndn/v8-site/v8/C2Data-4617-Type1;72349.0000;DATA;1612719263.127399
/ndn/h4-site/h4/C2Data-503-Type1;121746.0000;DATA;1612719263.265829
/ndn/h6-site/h6/C2Data-745-Type2;103650.0000;DATA;1612719264.523834
/ndn/v4-site/v4/C2Data-2083-Type3;25638.0000;DATA;1612719264.689523
/ndn/d6-site/d6/C2Data-985-Type3;72353.0000;DATA;1612719265.097859
/ndn/h8-site/h8/C2Data-497-Type3;101111.0000;DATA;1612719265.145752
/ndn/h9-site/h9/C2Data-1108-Type1;196863.0000;DATA;1612719266.076173
/ndn/v6-site/v6/C2Data-4375-Type2;25053.0000;DATA;1612719266.821755
/ndn/d7-site/d7/C2Data-428-Type4;149680.0000;DATA;1612719267.627187
/ndn/d1-site/d1/C2Data-1350-Type1;121403.0000;DATA;1612719268.278526
