/ndn/v3-site/v3/C2Data-3993-Type2;124091.0000;DATA;1612720361.429336
/ndn/s8-site/s8/C2Data-3388-Type2;58659.0000;DATA;1612720361.619328
/ndn/d2-site/d2/C2Data-1452-Type1;101565.0000;DATA;1612720362.182074
/ndn/h6-site/h6/C2Data-726-Type1;165372.0000;DATA;1612720364.624343
/ndn/v7-site/v7/C2Data-4477-Type1;172645.0000;DATA;1612720366.830046
/ndn/s1-site/s1/C2Data-2541-Type1;123710.0000;DATA;1612720368.837358
/ndn/s7-site/s7/C2Data-3267-Type1;132394.0000;DATA;1612720370.341112
/ndn/s0-site/s0/C2Data-2420-Type1;79999.0000;DATA;1612720370.442244
/ndn/h6-site/h6/C2Data-366-Type3;293093.0000;DATA;1612720387.559457
/ndn/v7-site/v7/C2Data-2257-Type3;126172.0000;DATA;1612720389.218947
/ndn/s3-site/s3/C2Data-2784-Type1;179986.0000;DATA;1612720390.599010
/ndn/d3-site/d3/C2Data-1574-Type2;150507.0000;DATA;1612720391.091223
/ndn/s7-site/s7/C2Data-3268-Type1;129110.0000;DATA;1612720392.905734
/ndn/h3-site/h3/C2Data-183-Type3;72956.0000;DATA;1612720393.087981
/ndn/s7-site/s7/C2Data-1647-Type3;120755.0000;DATA;1612720393.448122
/ndn/v3-site/v3/C2Data-3994-Type2;120690.0000;DATA;1612720394.969997
/ndn/s9-site/s9/C2Data-3510-Type2;145936.0000;DATA;1612720395.009469
/ndn/h8-site/h8/C2Data-969-Type2;194209.0000;DATA;1612720395.023130
/ndn/h8-site/h8/C2Data-488-Type3;196182.0000;DATA;1612720395.347762
/ndn/v0-site/v0/C2Data-3631-Type2;189160.0000;DATA;1612720396.856191
/ndn/d2-site/d2/C2Data-1453-Type2;115835.0000;DATA;1612720398.228107
/ndn/d1-site/d1/C2Data-1332-Type1;25310.0000;DATA;1612720399.683117
/ndn/h5-site/h5/C2Data-305-Type3;144450.0000;DATA;1612720399.741007
/ndn/s1-site/s1/C2Data-2542-Type2;65732.0000;DATA;1612720400.138046
/ndn/v5-site/v5/C2Data-2135-Type3;197899.0000;DATA;1612720400.357104
/ndn/h9-site/h9/C2Data-549-Type3;29693.0000;DATA;1612720406.091629
/ndn/d8-site/d8/C2Data-2180-Type1;77316.0000;DATA;1612720418.822979
/ndn/d6-site/d6/C2Data-1938-Type2;235010.0000;DATA;1612720420.229099
/ndn/h8-site/h8/C2Data-970-Type1;213513.0000;DATA;1612720420.954700
/ndn/d0-site/d0/C2Data-1212-Type1;198025.0000;DATA;1612720422.211050
/ndn/s7-site/s7/C2Data-3269-Type2;133191.0000;DATA;1612720423.642124
/ndn/v9-site/v9/C2Data-4721-Type2;77972.0000;DATA;1612720424.239226
/ndn/d3-site/d3/C2Data-1575-Type2;179358.0000;DATA;1612720424.227428
/ndn/h0-site/h0/C2Data-2-Type1;82081.0000;DATA;1612720425.358424
/ndn/d5-site/d5/C2Data-1817-Type1;106857.0000;DATA;1612720427.180854
/ndn/h0-site/h0/C2Data-2-Type2;81211.0000;DATA;1612720429.960324
/ndn/v0-site/v0/C2Data-1831-Type3;248541.0000;DATA;1612720443.103363
/ndn/h1-site/h1/C2Data-62-Type3;156848.0000;DATA;1612720448.232191
/ndn/v9-site/v9/C2Data-4722-Type1;79407.0000;DATA;1612720449.425429
/ndn/h9-site/h9/C2Data-1092-Type2;25858.0000;DATA;1612720450.452726
/ndn/s8-site/s8/C2Data-1709-Type3;48894.0000;DATA;1612720451.130136
/ndn/h5-site/h5/C2Data-608-Type1;172682.0000;DATA;1612720451.243168
/ndn/v1-site/v1/C2Data-3754-Type1;162804.0000;DATA;1612720451.857004
/ndn/s8-site/s8/C2Data-3391-Type1;51594.0000;DATA;1612720452.003926
/ndn/s6-site/s6/C2Data-3149-Type1;112475.0000;DATA;1612720452.896783
/ndn/s6-site/s6/C2Data-3149-Type2;105688.0000;DATA;1612720454.923811
/ndn/v2-site/v2/C2Data-3875-Type1;26117.0000;DATA;1612720455.570505
/ndn/v0-site/v0/C2Data-3633-Type1;179311.0000;DATA;1612720459.354193
/ndn/d3-site/d3/C2Data-1576-Type2;188095.0000;DATA;1612720459.550942
/ndn/v4-site/v4/C2Data-4117-Type2;182101.0000;DATA;1612720459.876122
/ndn/h9-site/h9/C2Data-550-Type3;31223.0000;DATA;1612720460.945631
/ndn/s3-site/s3/C2Data-1404-Type3;6002608.0000;TIMEOUT;1612720456.022343
/ndn/v8-site/v8/C2Data-4602-Type1;126631.0000;DATA;1612720480.074068
/ndn/h4-site/h4/C2Data-488-Type1;145714.0000;DATA;1612720481.955309
/ndn/h3-site/h3/C2Data-367-Type1;73204.0000;DATA;1612720484.014502
/ndn/h1-site/h1/C2Data-25-Type4;171032.0000;DATA;1612720484.757981
/ndn/d0-site/d0/C2Data-1214-Type2;201187.0000;DATA;1612720488.458825
/ndn/h8-site/h8/C2Data-972-Type2;198493.0000;DATA;1612720489.834785
/ndn/s7-site/s7/C2Data-3271-Type2;6003489.0000;TIMEOUT;1612720484.002284
/ndn/v3-site/v3/C2Data-2015-Type3;123515.0000;DATA;1612720509.446090
/ndn/v5-site/v5/C2Data-2137-Type3;178979.0000;DATA;1612720509.544004
/ndn/d9-site/d9/C2Data-475-Type4;122050.0000;DATA;1612720509.867101
/ndn/h3-site/h3/C2Data-368-Type1;81340.0000;DATA;1612720510.343306
/ndn/s3-site/s3/C2Data-1405-Type3;6001811.0000;TIMEOUT;1612720504.549168
/ndn/h8-site/h8/C2Data-490-Type3;202513.0000;DATA;1612720510.656329
/ndn/d3-site/d3/C2Data-795-Type3;146277.0000;DATA;1612720511.443775
/ndn/d0-site/d0/C2Data-612-Type3;236929.0000;DATA;1612720515.616120
/ndn/s9-site/s9/C2Data-3514-Type2;6001320.0000;TIMEOUT;1612720510.066767
/ndn/v1-site/v1/C2Data-3756-Type2;149195.0000;DATA;1612720516.218924
/ndn/v3-site/v3/C2Data-3998-Type1;135546.0000;DATA;1612720518.450015
/ndn/h5-site/h5/C2Data-610-Type1;163603.0000;DATA;1612720519.124608
/ndn/s4-site/s4/C2Data-2909-Type2;6002315.0000;TIMEOUT;1612720513.376029
/ndn/s2-site/s2/C2Data-2667-Type1;6000939.0000;TIMEOUT;1612720514.523020
/ndn/h8-site/h8/C2Data-973-Type2;215595.0000;DATA;1612720520.481009
/ndn/s4-site/s4/C2Data-2909-Type1;6004900.0000;TIMEOUT;1612720514.853083
/ndn/s6-site/s6/C2Data-3151-Type2;6003890.0000;TIMEOUT;1612720515.974609
/ndn/d2-site/d2/C2Data-734-Type3;594393.0000;DATA;1612720523.003985
/ndn/h4-site/h4/C2Data-246-Type3;150248.0000;DATA;1612720524.097066
/ndn/v2-site/v2/C2Data-1954-Type3;29179.0000;DATA;1612720525.386625
/ndn/h4-site/h4/C2Data-490-Type1;197044.0000;DATA;1612720538.777374
/ndn/d2-site/d2/C2Data-1458-Type2;158677.0000;DATA;1612720542.885646
/ndn/h7-site/h7/C2Data-853-Type1;179860.0000;DATA;1612720543.490717
/ndn/d6-site/d6/C2Data-1942-Type1;235218.0000;DATA;1612720543.556668
/ndn/s9-site/s9/C2Data-3515-Type1;6001947.0000;TIMEOUT;1612720538.961475
/ndn/h3-site/h3/C2Data-369-Type2;72774.0000;DATA;1612720545.757953
/ndn/s5-site/s5/C2Data-3031-Type2;6000800.0000;TIMEOUT;1612720541.498009
/ndn/s1-site/s1/C2Data-2547-Type1;6003352.0000;TIMEOUT;1612720543.065287
/ndn/v3-site/v3/C2Data-3999-Type2;119983.0000;DATA;1612720549.490958
/ndn/d0-site/d0/C2Data-1216-Type2;250913.0000;DATA;1612720550.064164
/ndn/v5-site/v5/C2Data-4241-Type1;309552.0000;DATA;1612720550.379675
/ndn/v2-site/v2/C2Data-1955-Type3;28782.0000;DATA;1612720566.913418
/ndn/d8-site/d8/C2Data-1101-Type3;56227.0000;DATA;1612720568.644670
/ndn/d1-site/d1/C2Data-1338-Type1;24489.0000;DATA;1612720568.873002
/ndn/v7-site/v7/C2Data-2260-Type3;126333.0000;DATA;1612720569.404557
/ndn/h3-site/h3/C2Data-370-Type2;72044.0000;DATA;1612720569.564003
/ndn/v1-site/v1/C2Data-1894-Type3;159588.0000;DATA;1612720570.617700
/ndn/h7-site/h7/C2Data-854-Type1;200314.0000;DATA;1612720572.132506
/ndn/s2-site/s2/C2Data-1345-Type3;6002048.0000;TIMEOUT;1612720568.016328
/ndn/s5-site/s5/C2Data-1528-Type3;6000566.0000;TIMEOUT;1612720571.245618
/ndn/h4-site/h4/C2Data-247-Type3;155045.0000;DATA;1612720577.383941
/ndn/h7-site/h7/C2Data-430-Type3;203271.0000;DATA;1612720577.577257
/ndn/h5-site/h5/C2Data-308-Type3;167093.0000;DATA;1612720577.673163
/ndn/d0-site/d0/C2Data-613-Type3;206668.0000;DATA;1612720579.550334
/ndn/d1-site/d1/C2Data-143-Type5;25460.0000;DATA;1612720580.272821
/ndn/d3-site/d3/C2Data-1580-Type2;160810.0000;DATA;1612720580.230842
/ndn/v8-site/v8/C2Data-2321-Type3;138334.0000;DATA;1612720585.363869
/ndn/s1-site/s1/C2Data-1284-Type3;6003037.0000;TIMEOUT;1612720579.642566
/ndn/s3-site/s3/C2Data-1406-Type3;6002649.0000;TIMEOUT;1612720581.723338
/ndn/s9-site/s9/C2Data-1772-Type3;6003232.0000;TIMEOUT;1612720582.766614
/ndn/d6-site/d6/C2Data-208-Type5;432467.0000;DATA;1612720596.093085
/ndn/v8-site/v8/C2Data-364-Type5;145308.0000;DATA;1612720598.183970
/ndn/d2-site/d2/C2Data-1460-Type2;116750.0000;DATA;1612720601.112305
/ndn/v7-site/v7/C2Data-4485-Type2;120762.0000;DATA;1612720601.629875
/ndn/d1-site/d1/C2Data-1339-Type1;24622.0000;DATA;1612720601.863471
/ndn/d5-site/d5/C2Data-1823-Type2;94581.0000;DATA;1612720602.260038
/ndn/d6-site/d6/C2Data-1944-Type2;238977.0000;DATA;1612720604.977331
/ndn/h9-site/h9/C2Data-117-Type5;25474.0000;DATA;1612720605.396968
/ndn/d1-site/d1/C2Data-1339-Type2;25555.0000;DATA;1612720607.684912
/ndn/h5-site/h5/C2Data-126-Type4;150293.0000;DATA;1612720607.623057
/ndn/h0-site/h0/C2Data-8-Type1;85047.0000;DATA;1612720609.171013
/ndn/h8-site/h8/C2Data-976-Type2;202610.0000;DATA;1612720609.768734
/ndn/h1-site/h1/C2Data-26-Type4;155266.0000;DATA;1612720615.724780
/ndn/v2-site/v2/C2Data-1956-Type3;27860.0000;DATA;1612720622.774480
/ndn/d5-site/d5/C2Data-919-Type3;102206.0000;DATA;1612720622.729047
/ndn/v0-site/v0/C2Data-260-Type5;169436.0000;DATA;1612720625.349516
/ndn/d2-site/d2/C2Data-156-Type5;107837.0000;DATA;1612720626.652960
/ndn/h3-site/h3/C2Data-372-Type2;71802.0000;DATA;1612720629.421090
/ndn/v0-site/v0/C2Data-3639-Type1;187394.0000;DATA;1612720629.320408
/ndn/s1-site/s1/C2Data-1285-Type3;6001302.0000;TIMEOUT;1612720623.626131
/ndn/v0-site/v0/C2Data-3639-Type2;181308.0000;DATA;1612720629.753289
/ndn/v7-site/v7/C2Data-4486-Type1;135419.0000;DATA;1612720630.417980
/ndn/h1-site/h1/C2Data-130-Type1;148531.0000;DATA;1612720630.653542
/ndn/h2-site/h2/C2Data-126-Type3;81336.0000;DATA;1612720630.845623
/ndn/h9-site/h9/C2Data-1098-Type1;29686.0000;DATA;1612720636.611217
/ndn/h5-site/h5/C2Data-614-Type1;157974.0000;DATA;1612720637.032984
/ndn/s8-site/s8/C2Data-3397-Type1;6001891.0000;TIMEOUT;1612720631.498222
/ndn/v9-site/v9/C2Data-2383-Type3;79576.0000;DATA;1612720639.869255
/ndn/d1-site/d1/C2Data-675-Type3;29631.0000;DATA;1612720639.997219
/ndn/v6-site/v6/C2Data-4365-Type1;102281.0000;DATA;1612720640.467062
/ndn/s8-site/s8/C2Data-1712-Type3;6005202.0000;TIMEOUT;1612720634.847509
/ndn/d0-site/d0/C2Data-614-Type3;204151.0000;DATA;1612720644.563140
/ndn/d8-site/d8/C2Data-451-Type4;59763.0000;DATA;1612720646.157484
/ndn/d1-site/d1/C2Data-276-Type4;30767.0000;DATA;1612720647.754260
/ndn/s6-site/s6/C2Data-1590-Type3;6002134.0000;TIMEOUT;1612720644.298641
/ndn/h8-site/h8/C2Data-201-Type4;299176.0000;DATA;1612720651.826129
/ndn/v3-site/v3/C2Data-4003-Type1;127774.0000;DATA;1612720658.908303
/ndn/v1-site/v1/C2Data-526-Type4;167912.0000;DATA;1612720663.083712
/ndn/v6-site/v6/C2Data-338-Type5;106268.0000;DATA;1612720664.246195
/ndn/h9-site/h9/C2Data-1099-Type2;27684.0000;DATA;1612720665.824146
/ndn/s5-site/s5/C2Data-3035-Type2;6000909.0000;TIMEOUT;1612720661.042951
/ndn/h2-site/h2/C2Data-252-Type1;101411.0000;DATA;1612720667.919998
/ndn/v1-site/v1/C2Data-3761-Type2;165152.0000;DATA;1612720667.995134
/ndn/v7-site/v7/C2Data-2262-Type3;131326.0000;DATA;1612720691.179935
/ndn/d4-site/d4/C2Data-182-Type5;178227.0000;DATA;1612720693.505713
/ndn/h5-site/h5/C2Data-616-Type1;154729.0000;DATA;1612720693.790780
/ndn/v1-site/v1/C2Data-1896-Type3;145156.0000;DATA;1612720694.870998
/ndn/v0-site/v0/C2Data-1835-Type3;216296.0000;DATA;1612720695.009619
/ndn/h1-site/h1/C2Data-132-Type1;202198.0000;DATA;1612720695.571555
/ndn/h9-site/h9/C2Data-554-Type3;25678.0000;DATA;1612720696.176983
/ndn/d2-site/d2/C2Data-737-Type3;102947.0000;DATA;1612720698.497769
/ndn/v3-site/v3/C2Data-4004-Type1;133488.0000;DATA;1612720699.741149
/ndn/s5-site/s5/C2Data-3036-Type1;6000683.0000;TIMEOUT;1612720694.161712
/ndn/s7-site/s7/C2Data-1652-Type3;6001768.0000;TIMEOUT;1612720694.646360
/ndn/s6-site/s6/C2Data-3157-Type1;6001818.0000;TIMEOUT;1612720695.954514
/ndn/v5-site/v5/C2Data-2140-Type3;176536.0000;DATA;1612720702.493205
/ndn/d4-site/d4/C2Data-1706-Type2;163009.0000;DATA;1612720720.173612
/ndn/d5-site/d5/C2Data-1827-Type1;96459.0000;DATA;1612720722.011301
/ndn/s6-site/s6/C2Data-3158-Type1;6000503.0000;TIMEOUT;1612720719.583707
/ndn/s7-site/s7/C2Data-3279-Type2;6000613.0000;TIMEOUT;1612720719.591454
/ndn/v6-site/v6/C2Data-4368-Type2;111707.0000;DATA;1612720726.823445
/ndn/v7-site/v7/C2Data-4489-Type1;124191.0000;DATA;1612720727.227015
/ndn/h3-site/h3/C2Data-375-Type2;77464.0000;DATA;1612720727.409012
/ndn/h7-site/h7/C2Data-859-Type1;215054.0000;DATA;1612720727.627673
/ndn/s0-site/s0/C2Data-2432-Type2;6002008.0000;TIMEOUT;1612720721.987711
/ndn/s9-site/s9/C2Data-3521-Type2;6001792.0000;TIMEOUT;1612720722.414272
/ndn/h6-site/h6/C2Data-738-Type2;199831.0000;DATA;1612720728.783987
/ndn/v9-site/v9/C2Data-4731-Type1;81507.0000;DATA;1612720728.922954
/ndn/h8-site/h8/C2Data-980-Type2;209720.0000;DATA;1612720730.261983
/ndn/s8-site/s8/C2Data-3400-Type1;6002297.0000;TIMEOUT;1612720730.366974
/ndn/h4-site/h4/C2Data-250-Type3;149560.0000;DATA;1612720749.868030
/ndn/v6-site/v6/C2Data-2202-Type3;110184.0000;DATA;1612720750.468428
/ndn/d9-site/d9/C2Data-1165-Type3;97512.0000;DATA;1612720753.391167
/ndn/v3-site/v3/C2Data-2019-Type3;135603.0000;DATA;1612720753.722431
/ndn/v5-site/v5/C2Data-2141-Type3;190610.0000;DATA;1612720753.727088
/ndn/d4-site/d4/C2Data-1707-Type2;147829.0000;DATA;1612720754.010557
/ndn/d2-site/d2/C2Data-1465-Type2;113886.0000;DATA;1612720754.863967
/ndn/s7-site/s7/C2Data-3280-Type2;6000398.0000;TIMEOUT;1612720749.192948
/ndn/h7-site/h7/C2Data-860-Type1;184231.0000;DATA;1612720755.249091
/ndn/v1-site/v1/C2Data-1897-Type3;152220.0000;DATA;1612720755.516288
/ndn/s4-site/s4/C2Data-1470-Type3;6000852.0000;TIMEOUT;1612720749.803127
/ndn/s0-site/s0/C2Data-2433-Type2;6003516.0000;TIMEOUT;1612720752.142318
/ndn/h1-site/h1/C2Data-134-Type2;159211.0000;DATA;1612720759.621278
/ndn/s1-site/s1/C2Data-1287-Type3;6000675.0000;TIMEOUT;1612720754.536286
/ndn/v3-site/v3/C2Data-4006-Type1;140684.0000;DATA;1612720760.431641
/ndn/h7-site/h7/C2Data-177-Type4;212083.0000;DATA;1612720762.064193
/ndn/s5-site/s5/C2Data-1531-Type3;6001584.0000;TIMEOUT;1612720765.185112
/ndn/s6-site/s6/C2Data-1592-Type3;6010019.0000;TIMEOUT;1612720765.510699
/ndn/h3-site/h3/C2Data-77-Type4;79950.0000;DATA;1612720774.174983
/ndn/h3-site/h3/C2Data-377-Type2;91288.0000;DATA;1612720784.604658
/ndn/s3-site/s3/C2Data-2797-Type2;6007681.0000;TIMEOUT;1612720779.981169
/ndn/d4-site/d4/C2Data-1708-Type2;156150.0000;DATA;1612720787.942077
/ndn/s0-site/s0/C2Data-2434-Type1;6003103.0000;TIMEOUT;1612720782.644230
/ndn/s7-site/s7/C2Data-3281-Type2;6005846.0000;TIMEOUT;1612720786.777968
/ndn/s4-site/s4/C2Data-2918-Type2;6000571.0000;TIMEOUT;1612720787.639927
/ndn/v3-site/v3/C2Data-577-Type4;122436.0000;DATA;1612720793.973905
/ndn/d2-site/d2/C2Data-739-Type3;110988.0000;DATA;1612720802.908103
/ndn/s2-site/s2/C2Data-1349-Type3;6004255.0000;TIMEOUT;1612720803.771745
/ndn/v9-site/v9/C2Data-4734-Type1;82617.0000;DATA;1612720809.723184
/ndn/v3-site/v3/C2Data-4008-Type2;130903.0000;DATA;1612720809.763554
/ndn/s9-site/s9/C2Data-1776-Type3;6001119.0000;TIMEOUT;1612720806.174584
/ndn/d2-site/d2/C2Data-1467-Type2;111824.0000;DATA;1612720816.067067
/ndn/d5-site/d5/C2Data-1830-Type1;100439.0000;DATA;1612720816.537131
/ndn/d4-site/d4/C2Data-1709-Type1;144097.0000;DATA;1612720817.929024
/ndn/d8-site/d8/C2Data-1105-Type3;64426.0000;DATA;1612720818.606856
/ndn/h7-site/h7/C2Data-862-Type1;167523.0000;DATA;1612720819.119196
/ndn/h2-site/h2/C2Data-257-Type2;78247.0000;DATA;1612720819.863165
/ndn/h1-site/h1/C2Data-136-Type2;147924.0000;DATA;1612720819.837173
/ndn/h0-site/h0/C2Data-15-Type1;75164.0000;DATA;1612720819.935373
/ndn/s2-site/s2/C2Data-2677-Type1;6003130.0000;TIMEOUT;1612720815.812620
/ndn/s4-site/s4/C2Data-1471-Type3;6002513.0000;TIMEOUT;1612720822.653956
/ndn/d0-site/d0/C2Data-1226-Type1;222540.0000;DATA;1612720839.014527
/ndn/h2-site/h2/C2Data-258-Type2;84050.0000;DATA;1612720839.240527
/ndn/h7-site/h7/C2Data-863-Type2;178678.0000;DATA;1612720840.300002
/ndn/v4-site/v4/C2Data-4130-Type2;182277.0000;DATA;1612720840.380197
/ndn/v6-site/v6/C2Data-4372-Type2;100459.0000;DATA;1612720840.624683
/ndn/v6-site/v6/C2Data-4372-Type1;96052.0000;DATA;1612720841.712163
/ndn/d6-site/d6/C2Data-1952-Type1;226787.0000;DATA;1612720847.143812
/ndn/h6-site/h6/C2Data-742-Type1;210904.0000;DATA;1612720847.311068
/ndn/s1-site/s1/C2Data-2557-Type1;6001010.0000;TIMEOUT;1612720842.728023
/ndn/s8-site/s8/C2Data-3404-Type2;6000795.0000;TIMEOUT;1612720843.204405
/ndn/s5-site/s5/C2Data-3041-Type1;6004138.0000;TIMEOUT;1612720848.772962
/ndn/h9-site/h9/C2Data-557-Type3;28410.0000;DATA;1612720862.772743
/ndn/d1-site/d1/C2Data-679-Type3;26387.0000;DATA;1612720863.319941
/ndn/v0-site/v0/C2Data-1838-Type3;223701.0000;DATA;1612720863.242443
/ndn/h8-site/h8/C2Data-496-Type3;408071.0000;DATA;1612720865.598945
/ndn/v1-site/v1/C2Data-1899-Type3;151760.0000;DATA;1612720867.086072
/ndn/h2-site/h2/C2Data-14-Type6;75948.0000;DATA;1612720868.464296
/ndn/v5-site/v5/C2Data-2143-Type3;181093.0000;DATA;1612720869.547799
/ndn/h6-site/h6/C2Data-743-Type2;197889.0000;DATA;1612720869.562164
/ndn/s8-site/s8/C2Data-1716-Type3;6000718.0000;TIMEOUT;1612720865.559418
/ndn/d5-site/d5/C2Data-1832-Type2;96387.0000;DATA;1612720871.776020
/ndn/h6-site/h6/C2Data-743-Type1;191588.0000;DATA;1612720872.138969
/ndn/d8-site/d8/C2Data-2195-Type1;48757.0000;DATA;1612720872.301936
/ndn/d2-site/d2/C2Data-1469-Type1;113600.0000;DATA;1612720873.442430
/ndn/d9-site/d9/C2Data-2316-Type2;100353.0000;DATA;1612720873.540094
/ndn/h7-site/h7/C2Data-864-Type2;173118.0000;DATA;1612720874.843714
/ndn/v3-site/v3/C2Data-4010-Type2;118355.0000;DATA;1612720875.167247
/ndn/h9-site/h9/C2Data-1106-Type1;26693.0000;DATA;1612720875.597656
/ndn/s9-site/s9/C2Data-3526-Type2;6001262.0000;TIMEOUT;1612720869.871155
/ndn/h1-site/h1/C2Data-138-Type2;158435.0000;DATA;1612720877.003924
/ndn/d3-site/d3/C2Data-1590-Type1;159219.0000;DATA;1612720878.814412
/ndn/h1-site/h1/C2Data-69-Type3;149152.0000;DATA;1612720879.700258
/ndn/v6-site/v6/C2Data-4373-Type1;120323.0000;DATA;1612720880.060548
/ndn/d3-site/d3/C2Data-801-Type3;166008.0000;DATA;1612720881.218614
/ndn/s6-site/s6/C2Data-3163-Type1;6003228.0000;TIMEOUT;1612720878.346104
/ndn/s1-site/s1/C2Data-2558-Type2;6003088.0000;TIMEOUT;1612720878.709787
/ndn/s8-site/s8/C2Data-3405-Type1;6000612.0000;TIMEOUT;1612720878.808199
/ndn/d4-site/d4/C2Data-98-Type6;282062.0000;DATA;1612720891.314398
/ndn/h4-site/h4/C2Data-28-Type6;289978.0000;DATA;1612720891.499836
/ndn/d5-site/d5/C2Data-196-Type5;127943.0000;DATA;1612720897.708358
/ndn/d0-site/d0/C2Data-131-Type5;284847.0000;DATA;1612720898.599964
/ndn/d9-site/d9/C2Data-2317-Type1;102313.0000;DATA;1612720898.995762
/ndn/h4-site/h4/C2Data-502-Type1;148470.0000;DATA;1612720900.148922
/ndn/v8-site/v8/C2Data-4616-Type1;122300.0000;DATA;1612720900.254055
/ndn/d6-site/d6/C2Data-1954-Type1;240834.0000;DATA;1612720901.757896
/ndn/d3-site/d3/C2Data-1591-Type2;143612.0000;DATA;1612720905.813066
/ndn/s7-site/s7/C2Data-3285-Type1;6000958.0000;TIMEOUT;1612720901.124423
/ndn/d0-site/d0/C2Data-1228-Type1;218321.0000;DATA;1612720906.943868
/ndn/s9-site/s9/C2Data-3527-Type2;6001646.0000;TIMEOUT;1612720901.137038
/ndn/h8-site/h8/C2Data-986-Type1;190111.0000;DATA;1612720908.092741
/ndn/d1-site/d1/C2Data-1349-Type2;25389.0000;DATA;1612720908.631562
/ndn/h1-site/h1/C2Data-28-Type4;153175.0000;DATA;1612720908.594696
/ndn/s3-site/s3/C2Data-2801-Type2;6000868.0000;TIMEOUT;1612720909.852244
/ndn/v8-site/v8/C2Data-196-Type6;286608.0000;DATA;1612720917.139334
/ndn/h9-site/h9/C2Data-118-Type5;30417.0000;DATA;1612720917.661592
/ndn/d5-site/d5/C2Data-924-Type3;115187.0000;DATA;1612720925.420565
/ndn/d3-site/d3/C2Data-802-Type3;215554.0000;DATA;1612720926.732156
/ndn/v8-site/v8/C2Data-2327-Type3;185069.0000;DATA;1612720926.792358
/ndn/v9-site/v9/C2Data-378-Type5;75118.0000;DATA;1612720929.973175
/ndn/d2-site/d2/C2Data-1471-Type2;102386.0000;DATA;1612720930.252032
/ndn/v3-site/v3/C2Data-4012-Type1;122228.0000;DATA;1612720932.380939
/ndn/d9-site/d9/C2Data-133-Type6;111665.0000;DATA;1612720932.680963
/ndn/v8-site/v8/C2Data-4617-Type2;121552.0000;DATA;1612720933.077093
