/ndn/v2-site/v2/C2Data-3872-Type1;148925.0000;DATA;1612146289.559756
/ndn/s9-site/s9/C2Data-3509-Type2;24549.0000;DATA;1612146290.394806
/ndn/s2-site/s2/C2Data-2662-Type2;97421.0000;DATA;1612146291.899915
/ndn/s8-site/s8/C2Data-3388-Type2;98218.0000;DATA;1612146294.921678
/ndn/h4-site/h4/C2Data-484-Type1;120691.0000;DATA;1612146295.858423
/ndn/v5-site/v5/C2Data-2135-Type3;25452.0000;DATA;1612146317.053890
/ndn/h0-site/h0/C2Data-1-Type2;242321.0000;DATA;1612146319.106076
/ndn/h8-site/h8/C2Data-969-Type1;72336.0000;DATA;1612146319.701753
/ndn/v8-site/v8/C2Data-2318-Type3;134083.0000;DATA;1612146319.758971
/ndn/h8-site/h8/C2Data-969-Type2;79312.0000;DATA;1612146320.965793
/ndn/h5-site/h5/C2Data-305-Type3;159767.0000;DATA;1612146321.866988
/ndn/h3-site/h3/C2Data-183-Type3;71434.0000;DATA;1612146326.356167
/ndn/h2-site/h2/C2Data-122-Type3;98768.0000;DATA;1612146326.383837
/ndn/s2-site/s2/C2Data-2663-Type1;103795.0000;DATA;1612146327.530754
/ndn/v7-site/v7/C2Data-2257-Type3;218642.0000;DATA;1612146330.140907
/ndn/s5-site/s5/C2Data-1525-Type3;96716.0000;DATA;1612146333.101625
/ndn/h0-site/h0/C2Data-0-Type3;316643.0000;DATA;1612146333.191844
/ndn/s6-site/s6/C2Data-3148-Type1;232752.0000;DATA;1612146347.258229
/ndn/h4-site/h4/C2Data-486-Type1;135887.0000;DATA;1612146349.759677
/ndn/s4-site/s4/C2Data-2906-Type2;188450.0000;DATA;1612146351.601816
/ndn/d7-site/d7/C2Data-2059-Type2;149885.0000;DATA;1612146352.826402
/ndn/v7-site/v7/C2Data-4479-Type1;225635.0000;DATA;1612146356.151800
/ndn/h5-site/h5/C2Data-607-Type2;150511.0000;DATA;1612146356.363115
/ndn/s1-site/s1/C2Data-2543-Type1;27371.0000;DATA;1612146357.663704
/ndn/s3-site/s3/C2Data-1404-Type3;102812.0000;DATA;1612146369.807631
/ndn/d2-site/d2/C2Data-733-Type3;228343.0000;DATA;1612146369.950744
/ndn/d0-site/d0/C2Data-611-Type3;70205.0000;DATA;1612146375.819892
/ndn/s2-site/s2/C2Data-1343-Type3;99592.0000;DATA;1612146376.421908
/ndn/v7-site/v7/C2Data-4480-Type1;206935.0000;DATA;1612146376.363823
/ndn/s0-site/s0/C2Data-1221-Type3;75318.0000;DATA;1612146379.380817
