/ndn/h10-site/h10/C2Data-1210-Type1;192453.0000;DATA;1611611484.261196
/ndn/d13-site/d13/C2Data-3388-Type2;23791.0000;DATA;1611611485.464249
/ndn/h2-site/h2/C2Data-242-Type1;148481.0000;DATA;1611611488.196189
/ndn/s14-site/s14/C2Data-5324-Type2;23902.0000;DATA;1611611488.519096
/ndn/v1-site/v1/C2Data-5566-Type2;197901.0000;DATA;1611611489.579139
/ndn/h13-site/h13/C2Data-793-Type3;101224.0000;DATA;1611611507.572120
/ndn/s11-site/s11/C2Data-4962-Type2;234589.0000;DATA;1611611511.652180
/ndn/v8-site/v8/C2Data-6414-Type1;216510.0000;DATA;1611611512.057154
/ndn/h4-site/h4/C2Data-244-Type3;193194.0000;DATA;1611611512.209098
/ndn/h12-site/h12/C2Data-732-Type3;151081.0000;DATA;1611611512.358131
/ndn/d12-site/d12/C2Data-3268-Type1;130579.0000;DATA;1611611513.402109
/ndn/d3-site/d3/C2Data-2179-Type2;189525.0000;DATA;1611611514.274091
/ndn/d7-site/d7/C2Data-2663-Type1;141704.0000;DATA;1611611514.723117
/ndn/s12-site/s12/C2Data-2562-Type3;237072.0000;DATA;1611611514.820229
/ndn/v2-site/v2/C2Data-2867-Type3;166048.0000;DATA;1611611515.816174
/ndn/v10-site/v10/C2Data-3355-Type3;142149.0000;DATA;1611611516.189141
/ndn/s13-site/s13/C2Data-5204-Type2;260094.0000;DATA;1611611517.183127
/ndn/v12-site/v12/C2Data-3477-Type3;203064.0000;DATA;1611611517.486166
/ndn/h8-site/h8/C2Data-488-Type3;200918.0000;DATA;1611611517.918100
/ndn/v12-site/v12/C2Data-6898-Type2;185954.0000;DATA;1611611518.068237
/ndn/s7-site/s7/C2Data-4478-Type2;24039.0000;DATA;1611611519.336133
/ndn/h4-site/h4/C2Data-485-Type1;190215.0000;DATA;1611611519.397103
/ndn/s10-site/s10/C2Data-4841-Type1;117891.0000;DATA;1611611519.803159
/ndn/v5-site/v5/C2Data-6051-Type2;215783.0000;DATA;1611611520.279114
/ndn/d0-site/d0/C2Data-1816-Type2;95991.0000;DATA;1611611521.129145
/ndn/d11-site/d11/C2Data-3147-Type1;138555.0000;DATA;1611611521.342099
/ndn/h2-site/h2/C2Data-243-Type2;145706.0000;DATA;1611611521.632176
/ndn/d0-site/d0/C2Data-915-Type3;109643.0000;DATA;1611611523.792361
/ndn/s14-site/s14/C2Data-2684-Type3;26585.0000;DATA;1611611525.241140
/ndn/d7-site/d7/C2Data-1342-Type3;140593.0000;DATA;1611611527.620126
/ndn/d2-site/d2/C2Data-1037-Type3;69689.0000;DATA;1611611527.732166
/ndn/d6-site/d6/C2Data-1281-Type3;211071.0000;DATA;1611611527.612177
/ndn/s13-site/s13/C2Data-2623-Type3;269281.0000;DATA;1611611528.166154
/ndn/h6-site/h6/C2Data-728-Type2;186526.0000;DATA;1611611541.716139
/ndn/s9-site/s9/C2Data-4721-Type1;119276.0000;DATA;1611611542.651091
/ndn/d11-site/d11/C2Data-3148-Type2;153877.0000;DATA;1611611546.708171
/ndn/h12-site/h12/C2Data-1454-Type2;150224.0000;DATA;1611611548.129099
/ndn/s8-site/s8/C2Data-4600-Type1;70703.0000;DATA;1611611548.470974
/ndn/h8-site/h8/C2Data-970-Type2;186928.0000;DATA;1611611550.017174
/ndn/s10-site/s10/C2Data-4842-Type2;119477.0000;DATA;1611611550.488170
/ndn/d13-site/d13/C2Data-3390-Type2;24650.0000;DATA;1611611551.921152
/ndn/s8-site/s8/C2Data-4600-Type2;73894.0000;DATA;1611611552.299161
/ndn/s11-site/s11/C2Data-4963-Type1;256358.0000;DATA;1611611553.081114
/ndn/v14-site/v14/C2Data-3600-Type3;128949.0000;DATA;1611611566.408116
/ndn/s4-site/s4/C2Data-2075-Type3;181552.0000;DATA;1611611567.739421
/ndn/d11-site/d11/C2Data-1587-Type3;139395.0000;DATA;1611611568.069156
/ndn/v8-site/v8/C2Data-3234-Type3;232787.0000;DATA;1611611569.156105
/ndn/h14-site/h14/C2Data-855-Type3;98006.0000;DATA;1611611570.374161
/ndn/h11-site/h11/C2Data-672-Type3;23829.0000;DATA;1611611573.641232
/ndn/v0-site/v0/C2Data-5448-Type2;216144.0000;DATA;1611611573.613100
/ndn/v6-site/v6/C2Data-6174-Type1;53184.0000;DATA;1611611573.792093
/ndn/h6-site/h6/C2Data-729-Type1;191536.0000;DATA;1611611574.259175
/ndn/s7-site/s7/C2Data-2258-Type3;6000496.0000;TIMEOUT;1611611568.622155
/ndn/v6-site/v6/C2Data-6174-Type2;50456.0000;DATA;1611611575.261099
/ndn/d5-site/d5/C2Data-2423-Type2;162419.0000;DATA;1611611575.435150
/ndn/h10-site/h10/C2Data-1213-Type2;193716.0000;DATA;1611611576.338095
/ndn/h5-site/h5/C2Data-608-Type2;149452.0000;DATA;1611611576.411105
/ndn/d12-site/d12/C2Data-3270-Type1;115053.0000;DATA;1611611577.030108
/ndn/d0-site/d0/C2Data-1818-Type2;97804.0000;DATA;1611611577.509108
/ndn/d12-site/d12/C2Data-3270-Type2;115514.0000;DATA;1611611577.870106
/ndn/v2-site/v2/C2Data-5690-Type2;165810.0000;DATA;1611611578.047095
/ndn/s4-site/s4/C2Data-4117-Type2;138159.0000;DATA;1611611578.185172
/ndn/h7-site/h7/C2Data-428-Type3;238005.0000;DATA;1611611580.859095
/ndn/d3-site/d3/C2Data-2181-Type2;188544.0000;DATA;1611611580.918121
/ndn/v12-site/v12/C2Data-6900-Type2;186947.0000;DATA;1611611581.790162
/ndn/v10-site/v10/C2Data-6658-Type1;151823.0000;DATA;1611611582.058920
/ndn/v10-site/v10/C2Data-6658-Type2;152568.0000;DATA;1611611582.380216
/ndn/s7-site/s7/C2Data-4480-Type1;6000929.0000;TIMEOUT;1611611577.949164
/ndn/s2-site/s2/C2Data-3875-Type2;6002145.0000;TIMEOUT;1611611580.063557
/ndn/s10-site/s10/C2Data-4843-Type1;6001732.0000;TIMEOUT;1611611580.276123
/ndn/s5-site/s5/C2Data-2136-Type3;6000218.0000;TIMEOUT;1611611580.416271
/ndn/s9-site/s9/C2Data-2380-Type3;6002538.0000;TIMEOUT;1611611580.627108
/ndn/s8-site/s8/C2Data-4601-Type1;6000235.0000;TIMEOUT;1611611581.569100
/ndn/s9-site/s9/C2Data-4722-Type1;6000491.0000;TIMEOUT;1611611581.588097
/ndn/h4-site/h4/C2Data-100-Type4;195960.0000;DATA;1611611587.521310
/ndn/v10-site/v10/C2Data-3356-Type3;179806.0000;DATA;1611611588.436128
/ndn/s12-site/s12/C2Data-2563-Type3;6000223.0000;TIMEOUT;1611611588.328114
/ndn/h13-site/h13/C2Data-1577-Type1;99202.0000;DATA;1611611601.357111
/ndn/v0-site/v0/C2Data-5449-Type1;208815.0000;DATA;1611611601.469092
/ndn/v11-site/v11/C2Data-1025-Type4;48490.0000;DATA;1611611601.884164
/ndn/v2-site/v2/C2Data-5691-Type1;170284.0000;DATA;1611611604.253134
/ndn/h5-site/h5/C2Data-609-Type1;149238.0000;DATA;1611611604.912142
/ndn/h12-site/h12/C2Data-1456-Type2;151461.0000;DATA;1611611605.704130
/ndn/d2-site/d2/C2Data-425-Type4;70500.0000;DATA;1611611607.261105
/ndn/d2-site/d2/C2Data-2061-Type1;71701.0000;DATA;1611611607.452237
/ndn/d0-site/d0/C2Data-1819-Type1;101422.0000;DATA;1611611607.593266
/ndn/d10-site/d10/C2Data-3029-Type2;199656.0000;DATA;1611611607.942144
/ndn/h6-site/h6/C2Data-150-Type4;199291.0000;DATA;1611611608.325096
/ndn/h6-site/h6/C2Data-730-Type1;192050.0000;DATA;1611611608.786169
/ndn/h10-site/h10/C2Data-1214-Type2;201911.0000;DATA;1611611609.211094
/ndn/d5-site/d5/C2Data-2424-Type1;165542.0000;DATA;1611611610.149214
/ndn/h7-site/h7/C2Data-851-Type2;244001.0000;DATA;1611611610.239100
/ndn/v8-site/v8/C2Data-6417-Type2;232466.0000;DATA;1611611610.443168
/ndn/d0-site/d0/C2Data-1819-Type2;95748.0000;DATA;1611611610.913170
/ndn/v3-site/v3/C2Data-5812-Type2;117547.0000;DATA;1611611611.410167
/ndn/v14-site/v14/C2Data-7143-Type1;117559.0000;DATA;1611611611.706484
/ndn/s12-site/s12/C2Data-5086-Type2;6000580.0000;TIMEOUT;1611611608.918086
/ndn/s0-site/s0/C2Data-3634-Type1;6001134.0000;TIMEOUT;1611611609.850180
/ndn/v1-site/v1/C2Data-2808-Type3;206084.0000;DATA;1611611625.284117
/ndn/v2-site/v2/C2Data-800-Type4;188739.0000;DATA;1611611627.365117
/ndn/d14-site/d14/C2Data-725-Type4;47239.0000;DATA;1611611627.971171
/ndn/d8-site/d8/C2Data-1405-Type3;93912.0000;DATA;1611611628.501155
/ndn/v2-site/v2/C2Data-5692-Type1;166609.0000;DATA;1611611631.409142
/ndn/h10-site/h10/C2Data-1215-Type1;187089.0000;DATA;1611611631.804799
/ndn/d7-site/d7/C2Data-1344-Type3;139205.0000;DATA;1611611632.034731
/ndn/v14-site/v14/C2Data-7144-Type1;117661.0000;DATA;1611611632.613172
/ndn/h5-site/h5/C2Data-610-Type2;140179.0000;DATA;1611611633.226191
/ndn/v13-site/v13/C2Data-7023-Type2;94479.0000;DATA;1611611633.905158
/ndn/v11-site/v11/C2Data-6781-Type2;48492.0000;DATA;1611611634.561148
/ndn/d1-site/d1/C2Data-1941-Type1;123117.0000;DATA;1611611635.801190
/ndn/h7-site/h7/C2Data-852-Type1;243958.0000;DATA;1611611635.764168
/ndn/v12-site/v12/C2Data-3479-Type3;193144.0000;DATA;1611611635.830133
/ndn/h14-site/h14/C2Data-1699-Type1;96446.0000;DATA;1611611638.150143
/ndn/s3-site/s3/C2Data-3998-Type1;6000236.0000;TIMEOUT;1611611633.322133
/ndn/d5-site/d5/C2Data-2425-Type1;161490.0000;DATA;1611611639.387158
/ndn/v6-site/v6/C2Data-6176-Type1;46313.0000;DATA;1611611639.801158
/ndn/d10-site/d10/C2Data-1527-Type3;188999.0000;DATA;1611611640.492160
/ndn/s12-site/s12/C2Data-5087-Type2;6000393.0000;TIMEOUT;1611611635.469096
/ndn/d14-site/d14/C2Data-1771-Type3;48462.0000;DATA;1611611642.489176
/ndn/v8-site/v8/C2Data-6418-Type2;212878.0000;DATA;1611611642.537133
/ndn/v9-site/v9/C2Data-6539-Type1;216498.0000;DATA;1611611642.595149
/ndn/v0-site/v0/C2Data-2747-Type3;211455.0000;DATA;1611611643.032091
/ndn/d13-site/d13/C2Data-1710-Type3;26936.0000;DATA;1611611643.354151
/ndn/s10-site/s10/C2Data-4845-Type1;6001752.0000;TIMEOUT;1611611639.843163
/ndn/s11-site/s11/C2Data-4966-Type1;6000275.0000;TIMEOUT;1611611640.009163
/ndn/s6-site/s6/C2Data-4361-Type2;6000972.0000;TIMEOUT;1611611640.042193
/ndn/s5-site/s5/C2Data-4240-Type1;6001647.0000;TIMEOUT;1611611640.241214
/ndn/s9-site/s9/C2Data-2381-Type3;6000220.0000;TIMEOUT;1611611640.889183
/ndn/s14-site/s14/C2Data-5329-Type1;6000281.0000;TIMEOUT;1611611641.020091
/ndn/s14-site/s14/C2Data-5329-Type2;6000280.0000;TIMEOUT;1611611642.628199
/ndn/s5-site/s5/C2Data-2137-Type3;6000658.0000;TIMEOUT;1611611645.710808
/ndn/h0-site/h0/C2Data-6-Type2;225932.0000;DATA;1611611663.389097
/ndn/v6-site/v6/C2Data-6177-Type1;46926.0000;DATA;1611611664.221170
/ndn/h3-site/h3/C2Data-369-Type1;169354.0000;DATA;1611611666.449091
/ndn/d1-site/d1/C2Data-1942-Type1;119501.0000;DATA;1611611668.673118
/ndn/v12-site/v12/C2Data-6903-Type1;195418.0000;DATA;1611611668.669162
/ndn/s14-site/s14/C2Data-5330-Type1;6000244.0000;TIMEOUT;1611611664.420214
/ndn/s7-site/s7/C2Data-4483-Type2;6000206.0000;TIMEOUT;1611611664.714093
/ndn/h1-site/h1/C2Data-127-Type1;51455.0000;DATA;1611611671.283102
/ndn/d6-site/d6/C2Data-2547-Type2;212969.0000;DATA;1611611672.896169
/ndn/s2-site/s2/C2Data-3878-Type1;6000612.0000;TIMEOUT;1611611667.538108
/ndn/s3-site/s3/C2Data-3999-Type1;6007469.0000;TIMEOUT;1611611671.184153
/ndn/s9-site/s9/C2Data-4725-Type2;6001877.0000;TIMEOUT;1611611671.869100
/ndn/h0-site/h0/C2Data-3-Type3;260347.0000;DATA;1611611690.484121
/ndn/h7-site/h7/C2Data-430-Type3;236039.0000;DATA;1611611691.174108
/ndn/d1-site/d1/C2Data-1943-Type1;118284.0000;DATA;1611611691.558161
/ndn/v11-site/v11/C2Data-3419-Type3;49995.0000;DATA;1611611692.618164
/ndn/d9-site/d9/C2Data-2911-Type1;171037.0000;DATA;1611611692.585186
/ndn/v1-site/v1/C2Data-5573-Type2;195247.0000;DATA;1611611692.963213
/ndn/h10-site/h10/C2Data-1217-Type2;192463.0000;DATA;1611611693.190253
/ndn/d12-site/d12/C2Data-3274-Type2;118758.0000;DATA;1611611693.308158
/ndn/h2-site/h2/C2Data-125-Type3;149533.0000;DATA;1611611693.890126
/ndn/h9-site/h9/C2Data-1096-Type1;174892.0000;DATA;1611611693.916135
/ndn/d6-site/d6/C2Data-1284-Type3;217205.0000;DATA;1611611693.887091
/ndn/h13-site/h13/C2Data-796-Type3;96485.0000;DATA;1611611694.332107
/ndn/s0-site/s0/C2Data-1833-Type3;6000333.0000;TIMEOUT;1611611688.787168
/ndn/d14-site/d14/C2Data-1772-Type3;47319.0000;DATA;1611611694.746127
/ndn/s2-site/s2/C2Data-1955-Type3;6000290.0000;TIMEOUT;1611611689.137168
/ndn/h2-site/h2/C2Data-249-Type1;147275.0000;DATA;1611611696.463118
/ndn/d5-site/d5/C2Data-1223-Type3;168604.0000;DATA;1611611696.714134
