/ndn/h4-site/h4/C2Data-484-Type1;54972.0000;DATA;1612714525.626777
/ndn/h3-site/h3/C2Data-363-Type1;76286.0000;DATA;1612714526.835904
/ndn/v9-site/v9/C2Data-4719-Type2;125753.0000;DATA;1612714527.604677
/ndn/s0-site/s0/C2Data-2420-Type2;23738.0000;DATA;1612714528.739342
/ndn/h9-site/h9/C2Data-1089-Type1;186789.0000;DATA;1612714529.723081
/ndn/d4-site/d4/C2Data-1694-Type1;71600.0000;DATA;1612714530.616990
/ndn/d3-site/d3/C2Data-1573-Type2;95710.0000;DATA;1612714531.722327
/ndn/d8-site/d8/C2Data-2178-Type1;151318.0000;DATA;1612714532.255278
/ndn/v8-site/v8/C2Data-4598-Type2;37630.0000;DATA;1612714535.173945
/ndn/d4-site/d4/C2Data-1694-Type2;50337.0000;DATA;1612714536.279742
/ndn/s5-site/s5/C2Data-3025-Type1;25467.0000;DATA;1612714536.438448
/ndn/d3-site/d3/C2Data-1573-Type1;75889.0000;DATA;1612714536.680396
/ndn/v3-site/v3/C2Data-2013-Type3;166453.0000;DATA;1612714548.882963
/ndn/s0-site/s0/C2Data-1220-Type3;29679.0000;DATA;1612714553.080875
/ndn/d2-site/d2/C2Data-732-Type3;27392.0000;DATA;1612714556.844003
/ndn/d6-site/d6/C2Data-1937-Type2;62540.0000;DATA;1612714557.205460
/ndn/h5-site/h5/C2Data-606-Type1;24484.0000;DATA;1612714559.866748
/ndn/d0-site/d0/C2Data-1211-Type2;129718.0000;DATA;1612714561.513248
/ndn/h5-site/h5/C2Data-305-Type3;28746.0000;DATA;1612714563.243219
/ndn/h1-site/h1/C2Data-122-Type2;27801.0000;DATA;1612714563.827825
/ndn/s8-site/s8/C2Data-1708-Type3;26010.0000;DATA;1612714564.671697
/ndn/h7-site/h7/C2Data-848-Type2;81948.0000;DATA;1612714565.091254
/ndn/s7-site/s7/C2Data-3268-Type1;72324.0000;DATA;1612714566.384463
/ndn/d6-site/d6/C2Data-976-Type3;24790.0000;DATA;1612714566.518007
/ndn/d5-site/d5/C2Data-1816-Type1;26343.0000;DATA;1612714566.645072
/ndn/s7-site/s7/C2Data-1647-Type3;29100.0000;DATA;1612714567.970509
/ndn/h9-site/h9/C2Data-549-Type3;27505.0000;DATA;1612714571.458150
/ndn/d0-site/d0/C2Data-1212-Type1;214251.0000;DATA;1612714585.395622
/ndn/s7-site/s7/C2Data-3269-Type2;75434.0000;DATA;1612714588.445912
/ndn/h2-site/h2/C2Data-244-Type2;95791.0000;DATA;1612714588.953051
/ndn/h3-site/h3/C2Data-365-Type2;83104.0000;DATA;1612714591.676389
/ndn/s6-site/s6/C2Data-3148-Type2;25239.0000;DATA;1612714593.183101
/ndn/d7-site/d7/C2Data-2059-Type1;31467.0000;DATA;1612714596.531683
/ndn/v0-site/v0/C2Data-1831-Type3;29092.0000;DATA;1612714609.916015
/ndn/h9-site/h9/C2Data-550-Type3;146567.0000;DATA;1612714614.092047
/ndn/d9-site/d9/C2Data-1160-Type3;147288.0000;DATA;1612714616.148495
/ndn/s9-site/s9/C2Data-3512-Type2;143418.0000;DATA;1612714616.183338
/ndn/d4-site/d4/C2Data-1697-Type2;68353.0000;DATA;1612714617.006025
/ndn/s2-site/s2/C2Data-1343-Type3;24948.0000;DATA;1612714617.508139
/ndn/d5-site/d5/C2Data-1818-Type2;25305.0000;DATA;1612714620.004595
/ndn/d8-site/d8/C2Data-2181-Type2;150559.0000;DATA;1612714620.172232
/ndn/v7-site/v7/C2Data-4480-Type1;24433.0000;DATA;1612714620.324052
/ndn/d5-site/d5/C2Data-916-Type3;193844.0000;DATA;1612714620.264711
/ndn/s4-site/s4/C2Data-2907-Type2;216658.0000;DATA;1612714620.921350
/ndn/h7-site/h7/C2Data-850-Type2;31270.0000;DATA;1612714623.759671
/ndn/v6-site/v6/C2Data-4359-Type1;104188.0000;DATA;1612714624.247254
/ndn/s1-site/s1/C2Data-1282-Type3;24686.0000;DATA;1612714624.570630
/ndn/h6-site/h6/C2Data-729-Type1;23893.0000;DATA;1612714624.755159
/ndn/h7-site/h7/C2Data-850-Type1;89774.0000;DATA;1612714626.188104
/ndn/h2-site/h2/C2Data-123-Type3;32637.0000;DATA;1612714627.281323
/ndn/d2-site/d2/C2Data-300-Type4;122218.0000;DATA;1612714628.294940
/ndn/d8-site/d8/C2Data-1099-Type3;26409.0000;DATA;1612714630.444484
/ndn/h9-site/h9/C2Data-225-Type4;158700.0000;DATA;1612714642.031969
/ndn/h5-site/h5/C2Data-609-Type1;50186.0000;DATA;1612714644.961956
/ndn/v5-site/v5/C2Data-4239-Type1;206355.0000;DATA;1612714646.017705
/ndn/s8-site/s8/C2Data-3392-Type2;126399.0000;DATA;1612714646.498556
/ndn/d2-site/d2/C2Data-1456-Type1;95367.0000;DATA;1612714648.232423
/ndn/s8-site/s8/C2Data-3392-Type1;23952.0000;DATA;1612714649.404198
/ndn/s2-site/s2/C2Data-2666-Type2;24953.0000;DATA;1612714652.174992
/ndn/v5-site/v5/C2Data-4239-Type2;88999.0000;DATA;1612714652.300291
/ndn/d7-site/d7/C2Data-2061-Type1;127152.0000;DATA;1612714652.566145
/ndn/v7-site/v7/C2Data-4481-Type1;75373.0000;DATA;1612714655.164927
/ndn/d6-site/d6/C2Data-1940-Type2;25025.0000;DATA;1612714655.620112
/ndn/h4-site/h4/C2Data-488-Type2;27430.0000;DATA;1612714655.910314
/ndn/h4-site/h4/C2Data-100-Type4;26642.0000;DATA;1612714657.215036
/ndn/v9-site/v9/C2Data-725-Type4;180907.0000;DATA;1612714661.935211
/ndn/d0-site/d0/C2Data-250-Type4;32818.0000;DATA;1612714664.747265
/ndn/h3-site/h3/C2Data-185-Type3;83454.0000;DATA;1612714671.068345
/ndn/v3-site/v3/C2Data-2015-Type3;24402.0000;DATA;1612714672.401741
/ndn/s7-site/s7/C2Data-1649-Type3;25417.0000;DATA;1612714675.594389
/ndn/h2-site/h2/C2Data-247-Type1;100715.0000;DATA;1612714675.724417
/ndn/h0-site/h0/C2Data-5-Type2;120095.0000;DATA;1612714677.513757
/ndn/s9-site/s9/C2Data-3514-Type1;167332.0000;DATA;1612714677.788751
/ndn/d8-site/d8/C2Data-450-Type4;30430.0000;DATA;1612714678.400345
/ndn/s8-site/s8/C2Data-3393-Type1;25165.0000;DATA;1612714678.843032
/ndn/v4-site/v4/C2Data-4119-Type2;198076.0000;DATA;1612714679.265935
/ndn/h4-site/h4/C2Data-246-Type3;28441.0000;DATA;1612714684.821372
/ndn/h5-site/h5/C2Data-610-Type1;26153.0000;DATA;1612714685.165743
/ndn/d7-site/d7/C2Data-1039-Type3;23590.0000;DATA;1612714685.203776
/ndn/s1-site/s1/C2Data-2546-Type1;120179.0000;DATA;1612714685.354993
/ndn/v0-site/v0/C2Data-1832-Type3;25499.0000;DATA;1612714690.149435
/ndn/d4-site/d4/C2Data-1700-Type1;67550.0000;DATA;1612714705.463936
/ndn/h8-site/h8/C2Data-974-Type2;102782.0000;DATA;1612714705.585605
/ndn/d2-site/d2/C2Data-1458-Type1;106336.0000;DATA;1612714705.953750
/ndn/s6-site/s6/C2Data-3152-Type2;107977.0000;DATA;1612714706.685445
/ndn/v8-site/v8/C2Data-4604-Type2;25387.0000;DATA;1612714708.180131
/ndn/d6-site/d6/C2Data-1942-Type1;30355.0000;DATA;1612714709.276299
/ndn/h4-site/h4/C2Data-490-Type1;65971.0000;DATA;1612714709.480523
/ndn/h6-site/h6/C2Data-732-Type1;99026.0000;DATA;1612714711.554284
/ndn/d3-site/d3/C2Data-1579-Type2;171557.0000;DATA;1612714714.001227
/ndn/s1-site/s1/C2Data-1284-Type3;35977.0000;DATA;1612714729.615326
/ndn/v5-site/v5/C2Data-2138-Type3;195647.0000;DATA;1612714729.685143
/ndn/h1-site/h1/C2Data-64-Type3;27298.0000;DATA;1612714731.802934
/ndn/s4-site/s4/C2Data-1467-Type3;25368.0000;DATA;1612714734.884090
/ndn/h6-site/h6/C2Data-733-Type1;101668.0000;DATA;1612714734.904694
/ndn/v8-site/v8/C2Data-4605-Type1;24301.0000;DATA;1612714737.765352
/ndn/d5-site/d5/C2Data-1822-Type2;24697.0000;DATA;1612714739.663838
/ndn/d8-site/d8/C2Data-2185-Type1;148565.0000;DATA;1612714743.995368
/ndn/s3-site/s3/C2Data-1406-Type3;149875.0000;DATA;1612714744.358153
/ndn/h6-site/h6/C2Data-78-Type5;103954.0000;DATA;1612714744.716231
/ndn/v9-site/v9/C2Data-4726-Type1;123723.0000;DATA;1612714745.484484
/ndn/s6-site/s6/C2Data-1589-Type3;36602.0000;DATA;1612714751.789680
/ndn/h5-site/h5/C2Data-65-Type5;71983.0000;DATA;1612714760.162572
/ndn/v3-site/v3/C2Data-4001-Type1;122863.0000;DATA;1612714766.054211
/ndn/h7-site/h7/C2Data-855-Type2;82508.0000;DATA;1612714766.854456
/ndn/d0-site/d0/C2Data-1218-Type2;25159.0000;DATA;1612714768.942521
/ndn/d0-site/d0/C2Data-1218-Type1;25016.0000;DATA;1612714769.841185
/ndn/s0-site/s0/C2Data-2428-Type1;26921.0000;DATA;1612714773.707768
/ndn/h6-site/h6/C2Data-151-Type4;99512.0000;DATA;1612714773.613135
/ndn/d4-site/d4/C2Data-351-Type4;56410.0000;DATA;1612714784.165342
/ndn/d3-site/d3/C2Data-169-Type5;78498.0000;DATA;1612714788.464317
/ndn/h4-site/h4/C2Data-248-Type3;65577.0000;DATA;1612714789.292036
/ndn/h7-site/h7/C2Data-431-Type3;82594.0000;DATA;1612714789.365203
/ndn/v9-site/v9/C2Data-726-Type4;164990.0000;DATA;1612714789.696149
/ndn/d2-site/d2/C2Data-301-Type4;115983.0000;DATA;1612714791.502376
/ndn/h8-site/h8/C2Data-201-Type4;49824.0000;DATA;1612714794.474087
/ndn/v6-site/v6/C2Data-2200-Type3;120634.0000;DATA;1612714795.245369
/ndn/v0-site/v0/C2Data-3639-Type1;27319.0000;DATA;1612714795.761667
/ndn/h6-site/h6/C2Data-735-Type2;117344.0000;DATA;1612714795.760269
/ndn/h9-site/h9/C2Data-553-Type3;48212.0000;DATA;1612714796.067289
/ndn/h0-site/h0/C2Data-4-Type3;126165.0000;DATA;1612714796.917806
/ndn/d6-site/d6/C2Data-980-Type3;131660.0000;DATA;1612714797.456871
/ndn/h0-site/h0/C2Data-0-Type5;24732.0000;DATA;1612714798.256105
/ndn/d8-site/d8/C2Data-2187-Type1;169572.0000;DATA;1612714799.110154
/ndn/d6-site/d6/C2Data-1945-Type2;139895.0000;DATA;1612714799.169027
/ndn/s6-site/s6/C2Data-1590-Type3;25366.0000;DATA;1612714799.631914
/ndn/v9-site/v9/C2Data-2383-Type3;121837.0000;DATA;1612714799.583706
/ndn/s9-site/s9/C2Data-3518-Type2;87685.0000;DATA;1612714799.767145
/ndn/h0-site/h0/C2Data-9-Type1;141261.0000;DATA;1612714800.787608
/ndn/v6-site/v6/C2Data-4365-Type1;94648.0000;DATA;1612714801.271837
/ndn/h4-site/h4/C2Data-493-Type2;25480.0000;DATA;1612714801.689218
/ndn/s5-site/s5/C2Data-3034-Type1;72160.0000;DATA;1612714801.650729
/ndn/s5-site/s5/C2Data-3034-Type2;75576.0000;DATA;1612714801.781326
/ndn/d2-site/d2/C2Data-1461-Type2;30227.0000;DATA;1612714801.989036
/ndn/s1-site/s1/C2Data-2550-Type2;76184.0000;DATA;1612714801.991460
/ndn/h6-site/h6/C2Data-370-Type3;25734.0000;DATA;1612714802.873228
/ndn/v3-site/v3/C2Data-4002-Type1;33435.0000;DATA;1612714803.698193
/ndn/h5-site/h5/C2Data-126-Type4;26722.0000;DATA;1612714804.265318
/ndn/d7-site/d7/C2Data-2066-Type2;86846.0000;DATA;1612714804.257277
/ndn/h7-site/h7/C2Data-856-Type1;25259.0000;DATA;1612714805.073856
/ndn/s5-site/s5/C2Data-1529-Type3;25029.0000;DATA;1612714805.262396
/ndn/v8-site/v8/C2Data-2322-Type3;23925.0000;DATA;1612714805.459503
/ndn/v4-site/v4/C2Data-601-Type4;74836.0000;DATA;1612714805.464315
/ndn/d4-site/d4/C2Data-858-Type3;25670.0000;DATA;1612714806.089830
/ndn/d7-site/d7/C2Data-426-Type4;79344.0000;DATA;1612714808.388759
/ndn/d0-site/d0/C2Data-614-Type3;30283.0000;DATA;1612714810.243736
/ndn/v0-site/v0/C2Data-501-Type4;25114.0000;DATA;1612714812.305045
/ndn/d5-site/d5/C2Data-919-Type3;25838.0000;DATA;1612714812.722897
/ndn/v9-site/v9/C2Data-377-Type5;54243.0000;DATA;1612714821.599591
/ndn/d1-site/d1/C2Data-1341-Type1;136334.0000;DATA;1612714826.007212
/ndn/v8-site/v8/C2Data-4608-Type1;33181.0000;DATA;1612714826.999150
/ndn/v2-site/v2/C2Data-3882-Type2;167304.0000;DATA;1612714827.106491
/ndn/d9-site/d9/C2Data-247-Type5;24221.0000;DATA;1612714828.841055
/ndn/d6-site/d6/C2Data-1946-Type1;130840.0000;DATA;1612714829.129011
/ndn/d8-site/d8/C2Data-2188-Type1;39107.0000;DATA;1612714829.320743
/ndn/h5-site/h5/C2Data-615-Type1;52466.0000;DATA;1612714829.608996
/ndn/s8-site/s8/C2Data-3398-Type2;117986.0000;DATA;1612714831.860257
/ndn/h3-site/h3/C2Data-373-Type2;39400.0000;DATA;1612714832.472739
/ndn/s5-site/s5/C2Data-3035-Type1;25487.0000;DATA;1612714833.229175
/ndn/v4-site/v4/C2Data-4124-Type2;177655.0000;DATA;1612714833.131831
/ndn/h6-site/h6/C2Data-736-Type2;24897.0000;DATA;1612714834.204994
/ndn/s2-site/s2/C2Data-2672-Type1;52814.0000;DATA;1612714834.542804
/ndn/h2-site/h2/C2Data-252-Type1;98053.0000;DATA;1612714835.469931
/ndn/h8-site/h8/C2Data-978-Type1;99851.0000;DATA;1612714835.565843
/ndn/d2-site/d2/C2Data-1462-Type2;25397.0000;DATA;1612714835.736049
/ndn/s9-site/s9/C2Data-3519-Type2;141961.0000;DATA;1612714835.654414
/ndn/h2-site/h2/C2Data-26-Type5;26044.0000;DATA;1612714846.672620
/ndn/s8-site/s8/C2Data-1713-Type3;111507.0000;DATA;1612714851.363817
/ndn/s3-site/s3/C2Data-2794-Type2;148635.0000;DATA;1612714856.067867
/ndn/v9-site/v9/C2Data-4730-Type2;122121.0000;DATA;1612714859.409913
/ndn/v9-site/v9/C2Data-2384-Type3;24747.0000;DATA;1612714859.517672
/ndn/d2-site/d2/C2Data-737-Type3;25801.0000;DATA;1612714860.719268
/ndn/h6-site/h6/C2Data-371-Type3;105590.0000;DATA;1612714860.871040
/ndn/s5-site/s5/C2Data-1530-Type3;34571.0000;DATA;1612714862.007744
/ndn/s5-site/s5/C2Data-3036-Type1;75276.0000;DATA;1612714862.071616
/ndn/s3-site/s3/C2Data-1408-Type3;25396.0000;DATA;1612714862.212263
/ndn/v0-site/v0/C2Data-3641-Type1;24442.0000;DATA;1612714865.019976
/ndn/d0-site/d0/C2Data-615-Type3;127035.0000;DATA;1612714865.357065
/ndn/v8-site/v8/C2Data-2323-Type3;24677.0000;DATA;1612714865.841068
/ndn/d4-site/d4/C2Data-859-Type3;28770.0000;DATA;1612714866.856441
/ndn/v7-site/v7/C2Data-2262-Type3;29629.0000;DATA;1612714868.334809
/ndn/v4-site/v4/C2Data-2079-Type3;75794.0000;DATA;1612714868.865856
/ndn/d5-site/d5/C2Data-920-Type3;29909.0000;DATA;1612714870.263607
/ndn/v0-site/v0/C2Data-3642-Type1;27766.0000;DATA;1612714884.817173
/ndn/d5-site/d5/C2Data-1827-Type2;167450.0000;DATA;1612714887.457568
/ndn/h3-site/h3/C2Data-375-Type1;79336.0000;DATA;1612714888.901905
/ndn/h5-site/h5/C2Data-617-Type2;47815.0000;DATA;1612714890.311037
/ndn/h6-site/h6/C2Data-738-Type1;49193.0000;DATA;1612714890.545125
/ndn/s0-site/s0/C2Data-2432-Type2;94936.0000;DATA;1612714890.729693
/ndn/v7-site/v7/C2Data-4489-Type1;24575.0000;DATA;1612714894.674265
/ndn/s7-site/s7/C2Data-3279-Type1;6022465.0000;TIMEOUT;1612714894.103080
/ndn/v6-site/v6/C2Data-2202-Type3;258213.0000;DATA;1612714909.207521
/ndn/d6-site/d6/C2Data-982-Type3;124089.0000;DATA;1612714913.139677
/ndn/s2-site/s2/C2Data-1348-Type3;57234.0000;DATA;1612714914.366651
/ndn/h5-site/h5/C2Data-311-Type3;26764.0000;DATA;1612714918.332162
/ndn/v4-site/v4/C2Data-4127-Type1;73105.0000;DATA;1612714920.283088
/ndn/s1-site/s1/C2Data-1287-Type3;6001465.0000;TIMEOUT;1612714914.699227
/ndn/s9-site/s9/C2Data-3522-Type1;6001205.0000;TIMEOUT;1612714914.871223
/ndn/v2-site/v2/C2Data-3885-Type1;147613.0000;DATA;1612714921.741006
/ndn/h5-site/h5/C2Data-618-Type1;26678.0000;DATA;1612714924.075105
/ndn/d7-site/d7/C2Data-1043-Type3;37009.0000;DATA;1612714924.617539
/ndn/s6-site/s6/C2Data-3159-Type1;6001623.0000;TIMEOUT;1612714918.723216
/ndn/d6-site/d6/C2Data-1949-Type1;24476.0000;DATA;1612714925.467113
/ndn/d4-site/d4/C2Data-1707-Type2;26063.0000;DATA;1612714926.071312
/ndn/d0-site/d0/C2Data-616-Type3;49498.0000;DATA;1612714928.234605
/ndn/h6-site/h6/C2Data-372-Type3;39105.0000;DATA;1612714929.423389
/ndn/s6-site/s6/C2Data-3159-Type2;6023658.0000;TIMEOUT;1612714924.343234
/ndn/s5-site/s5/C2Data-3038-Type1;6001691.0000;TIMEOUT;1612714925.763990
/ndn/h9-site/h9/C2Data-227-Type4;45889.0000;DATA;1612714940.328445
/ndn/v7-site/v7/C2Data-4491-Type2;75660.0000;DATA;1612714945.598204
/ndn/v4-site/v4/C2Data-602-Type4;81913.0000;DATA;1612714946.090249
/ndn/d7-site/d7/C2Data-2071-Type1;155058.0000;DATA;1612714948.875262
/ndn/h9-site/h9/C2Data-1103-Type1;172701.0000;DATA;1612714949.312391
/ndn/h4-site/h4/C2Data-498-Type1;49646.0000;DATA;1612714955.946093
/ndn/d8-site/d8/C2Data-2192-Type1;143492.0000;DATA;1612714956.060016
/ndn/v7-site/v7/C2Data-677-Type4;27431.0000;DATA;1612714958.981366
/ndn/v0-site/v0/C2Data-502-Type4;27989.0000;DATA;1612714960.217553
/ndn/s5-site/s5/C2Data-3039-Type1;6002265.0000;TIMEOUT;1612714955.306300
/ndn/h2-site/h2/C2Data-52-Type4;26636.0000;DATA;1612714968.403694
/ndn/v9-site/v9/C2Data-2386-Type3;208693.0000;DATA;1612714971.410203
/ndn/d6-site/d6/C2Data-402-Type4;30493.0000;DATA;1612714974.121384
/ndn/v7-site/v7/C2Data-2264-Type3;26979.0000;DATA;1612714975.001524
/ndn/v3-site/v3/C2Data-2020-Type3;26534.0000;DATA;1612714975.358788
/ndn/d4-site/d4/C2Data-1709-Type1;51330.0000;DATA;1612714976.427086
/ndn/v8-site/v8/C2Data-2325-Type3;27684.0000;DATA;1612714976.857348
/ndn/d5-site/d5/C2Data-1830-Type2;637057.0000;DATA;1612714976.884017
/ndn/s2-site/s2/C2Data-2677-Type1;6000387.0000;TIMEOUT;1612714975.345315
/ndn/s4-site/s4/C2Data-1471-Type3;6008098.0000;TIMEOUT;1612714975.997948
/ndn/v0-site/v0/C2Data-3645-Type1;25180.0000;DATA;1612714983.531376
/ndn/v5-site/v5/C2Data-2142-Type3;74695.0000;DATA;1612714983.749654
/ndn/v6-site/v6/C2Data-4371-Type1;89862.0000;DATA;1612714984.041038
/ndn/h7-site/h7/C2Data-862-Type1;92877.0000;DATA;1612714984.234673
/ndn/v6-site/v6/C2Data-2203-Type3;30486.0000;DATA;1612714987.925840
/ndn/s8-site/s8/C2Data-3403-Type2;6001292.0000;TIMEOUT;1612714984.408398
/ndn/s2-site/s2/C2Data-1349-Type3;6001065.0000;TIMEOUT;1612714990.320239
/ndn/h5-site/h5/C2Data-621-Type1;49801.0000;DATA;1612715009.338320
/ndn/h8-site/h8/C2Data-984-Type1;47942.0000;DATA;1612715011.190217
/ndn/s6-site/s6/C2Data-3162-Type2;6000447.0000;TIMEOUT;1612715006.021072
/ndn/d8-site/d8/C2Data-2194-Type2;50078.0000;DATA;1612715012.386942
/ndn/s8-site/s8/C2Data-3404-Type1;6002449.0000;TIMEOUT;1612715007.458736
/ndn/s2-site/s2/C2Data-2678-Type1;6000966.0000;TIMEOUT;1612715007.662183
/ndn/s9-site/s9/C2Data-3525-Type1;6000744.0000;TIMEOUT;1612715007.845643
/ndn/v7-site/v7/C2Data-4493-Type1;33590.0000;DATA;1612715015.664490
/ndn/h9-site/h9/C2Data-557-Type3;210226.0000;DATA;1612715028.852540
/ndn/h2-site/h2/C2Data-130-Type3;111175.0000;DATA;1612715029.231053
/ndn/h1-site/h1/C2Data-69-Type3;24330.0000;DATA;1612715032.337649
/ndn/h5-site/h5/C2Data-35-Type6;62349.0000;DATA;1612715033.422587
/ndn/v8-site/v8/C2Data-2326-Type3;25560.0000;DATA;1612715034.955245
/ndn/d4-site/d4/C2Data-1711-Type2;55200.0000;DATA;1612715034.961371
/ndn/h8-site/h8/C2Data-496-Type3;25901.0000;DATA;1612715038.236115
/ndn/v7-site/v7/C2Data-4494-Type2;76774.0000;DATA;1612715039.128330
/ndn/d5-site/d5/C2Data-1832-Type1;25753.0000;DATA;1612715040.188975
/ndn/h9-site/h9/C2Data-1106-Type2;24248.0000;DATA;1612715040.258986
/ndn/s3-site/s3/C2Data-2800-Type1;6000501.0000;TIMEOUT;1612715035.334514
/ndn/v9-site/v9/C2Data-2387-Type3;26736.0000;DATA;1612715042.400969
/ndn/d8-site/d8/C2Data-1106-Type3;152814.0000;DATA;1612715042.788445
/ndn/v9-site/v9/C2Data-4736-Type1;124930.0000;DATA;1612715043.173059
/ndn/d7-site/d7/C2Data-1045-Type3;25146.0000;DATA;1612715045.937787
/ndn/s1-site/s1/C2Data-2558-Type2;6000631.0000;TIMEOUT;1612715040.229110
/ndn/s8-site/s8/C2Data-3405-Type1;6001029.0000;TIMEOUT;1612715043.895308
/ndn/s4-site/s4/C2Data-1472-Type3;6000605.0000;TIMEOUT;1612715047.821602
/ndn/d8-site/d8/C2Data-126-Type6;41873.0000;DATA;1612715055.085095
/ndn/h5-site/h5/C2Data-66-Type5;56672.0000;DATA;1612715058.644063
/ndn/h6-site/h6/C2Data-42-Type6;117854.0000;DATA;1612715058.712194
/ndn/v6-site/v6/C2Data-339-Type5;75980.0000;DATA;1612715058.794291
/ndn/h0-site/h0/C2Data-1-Type5;30965.0000;DATA;1612715060.335319
/ndn/h7-site/h7/C2Data-49-Type6;34619.0000;DATA;1612715061.668033
/ndn/h4-site/h4/C2Data-502-Type1;31957.0000;DATA;1612715065.874075
/ndn/h1-site/h1/C2Data-139-Type2;27910.0000;DATA;1612715067.472535
/ndn/d3-site/d3/C2Data-1591-Type1;154786.0000;DATA;1612715070.359793
/ndn/s6-site/s6/C2Data-3164-Type2;6000756.0000;TIMEOUT;1612715064.784602
/ndn/d6-site/d6/C2Data-1954-Type2;27741.0000;DATA;1612715073.395132
/ndn/s5-site/s5/C2Data-3043-Type2;6002763.0000;TIMEOUT;1612715068.692814
/ndn/s4-site/s4/C2Data-2922-Type1;6007280.0000;TIMEOUT;1612715068.824834
/ndn/h9-site/h9/C2Data-1107-Type1;96013.0000;DATA;1612715075.574436
/ndn/s8-site/s8/C2Data-3406-Type2;6000646.0000;TIMEOUT;1612715070.975428
/ndn/s2-site/s2/C2Data-2680-Type2;6001265.0000;TIMEOUT;1612715071.784705
/ndn/h1-site/h1/C2Data-28-Type4;27588.0000;DATA;1612715081.602692
/ndn/s1-site/s1/C2Data-2559-Type2;6000910.0000;TIMEOUT;1612715076.095630
/ndn/h3-site/h3/C2Data-78-Type4;78080.0000;DATA;1612715087.293598
/ndn/d7-site/d7/C2Data-222-Type5;33011.0000;DATA;1612715087.455653
/ndn/d3-site/d3/C2Data-328-Type4;180715.0000;DATA;1612715088.286667
/ndn/h0-site/h0/C2Data-9-Type3;133248.0000;DATA;1612715089.298429
/ndn/d2-site/d2/C2Data-157-Type5;37367.0000;DATA;1612715090.340159
/ndn/d8-site/d8/C2Data-1107-Type3;210256.0000;DATA;1612715093.289283
/ndn/v4-site/v4/C2Data-4133-Type2;173440.0000;DATA;1612715095.266942
/ndn/v5-site/v5/C2Data-4254-Type2;171403.0000;DATA;1612715095.654406
/ndn/h7-site/h7/C2Data-866-Type1;75200.0000;DATA;1612715095.917966
/ndn/v4-site/v4/C2Data-2083-Type3;147861.0000;DATA;1612715096.204545
/ndn/v0-site/v0/C2Data-3649-Type1;26308.0000;DATA;1612715096.402173
/ndn/h1-site/h1/C2Data-70-Type3;26280.0000;DATA;1612715098.225600
/ndn/h2-site/h2/C2Data-261-Type1;104859.0000;DATA;1612715098.469794
/ndn/v3-site/v3/C2Data-300-Type5;144595.0000;DATA;1612715098.804971
/ndn/v9-site/v9/C2Data-2388-Type3;24088.0000;DATA;1612715099.284016
/ndn/v9-site/v9/C2Data-4738-Type2;26090.0000;DATA;1612715099.613266
/ndn/d5-site/d5/C2Data-924-Type3;24657.0000;DATA;1612715099.696590
/ndn/v7-site/v7/C2Data-4496-Type2;74626.0000;DATA;1612715099.759150
/ndn/d2-site/d2/C2Data-1471-Type1;26581.0000;DATA;1612715099.879022
/ndn/v2-site/v2/C2Data-3891-Type1;156759.0000;DATA;1612715100.196005
/ndn/d3-site/d3/C2Data-1592-Type2;103486.0000;DATA;1612715100.525007
