/ndn/h1-site/h1/C2Data-121-Type2;144491.0000;DATA;1611602585.088534
/ndn/h11-site/h11/C2Data-1331-Type1;121676.0000;DATA;1611602586.766524
/ndn/d14-site/d14/C2Data-3509-Type1;93675.0000;DATA;1611602587.378541
/ndn/d11-site/d11/C2Data-3146-Type2;242237.0000;DATA;1611602588.340533
/ndn/v12-site/v12/C2Data-6897-Type1;450.0000;NACK;1611602590.973657
/ndn/h4-site/h4/C2Data-484-Type2;212421.0000;DATA;1611602590.759634
/ndn/s13-site/s13/C2Data-5203-Type2;286506.0000;DATA;1611602591.695471
/ndn/s1-site/s1/C2Data-3751-Type1;282147.0000;DATA;1611602592.128476
/ndn/v14-site/v14/C2Data-7139-Type1;150921.0000;DATA;1611602595.220469
/ndn/s4-site/s4/C2Data-4114-Type1;25017.0000;DATA;1611602595.610501
/ndn/v7-site/v7/C2Data-3172-Type3;268890.0000;DATA;1611602612.148427
/ndn/s6-site/s6/C2Data-2196-Type3;287525.0000;DATA;1611602614.987447
/ndn/v4-site/v4/C2Data-2989-Type3;309715.0000;DATA;1611602615.333526
/ndn/h3-site/h3/C2Data-364-Type2;260172.0000;DATA;1611602615.818519
/ndn/d14-site/d14/C2Data-3510-Type2;93880.0000;DATA;1611602616.145511
/ndn/v1-site/v1/C2Data-5567-Type2;289631.0000;DATA;1611602616.557771
/ndn/s10-site/s10/C2Data-4841-Type1;24233.0000;DATA;1611602617.047590
/ndn/v9-site/v9/C2Data-6535-Type1;578.0000;NACK;1611602618.469748
/ndn/s12-site/s12/C2Data-5083-Type2;264931.0000;DATA;1611602618.711508
/ndn/s7-site/s7/C2Data-2257-Type3;142489.0000;DATA;1611602618.949559
/ndn/d6-site/d6/C2Data-1281-Type3;261188.0000;DATA;1611602618.858543
/ndn/d3-site/d3/C2Data-1098-Type3;271660.0000;DATA;1611602621.109609
/ndn/v14-site/v14/C2Data-7140-Type2;140821.0000;DATA;1611602621.344451
/ndn/s13-site/s13/C2Data-5204-Type1;286120.0000;DATA;1611602621.264486
/ndn/s5-site/s5/C2Data-4236-Type2;208417.0000;DATA;1611602623.138495
/ndn/d8-site/d8/C2Data-2784-Type2;185874.0000;DATA;1611602623.252432
/ndn/v2-site/v2/C2Data-2867-Type3;171726.0000;DATA;1611602627.751523
/ndn/s14-site/s14/C2Data-2684-Type3;147475.0000;DATA;1611602632.081502
/ndn/h6-site/h6/C2Data-728-Type1;268524.0000;DATA;1611602646.413537
/ndn/s12-site/s12/C2Data-5084-Type1;266683.0000;DATA;1611602646.700533
/ndn/s8-site/s8/C2Data-4600-Type1;71895.0000;DATA;1611602647.231514
/ndn/h3-site/h3/C2Data-365-Type2;261119.0000;DATA;1611602647.480452
/ndn/v14-site/v14/C2Data-7141-Type2;151431.0000;DATA;1611602651.313450
/ndn/v2-site/v2/C2Data-5689-Type2;262038.0000;DATA;1611602652.895434
/ndn/s1-site/s1/C2Data-3753-Type2;293242.0000;DATA;1611602654.866527
/ndn/v13-site/v13/C2Data-7020-Type1;94775.0000;DATA;1611602655.559299
/ndn/s6-site/s6/C2Data-4358-Type1;6000555.0000;TIMEOUT;1611602652.540561
/ndn/h0-site/h0/C2Data-1-Type3;261163.0000;DATA;1611602669.337506
/ndn/d12-site/d12/C2Data-1648-Type3;212975.0000;DATA;1611602669.809464
/ndn/d6-site/d6/C2Data-1282-Type3;269040.0000;DATA;1611602670.263528
/ndn/d10-site/d10/C2Data-1526-Type3;231955.0000;DATA;1611602671.007993
/ndn/d9-site/d9/C2Data-1465-Type3;237748.0000;DATA;1611602672.099560
/ndn/v11-site/v11/C2Data-3417-Type3;115960.0000;DATA;1611602672.550483
/ndn/h14-site/h14/C2Data-1697-Type1;48821.0000;DATA;1611602674.988569
/ndn/s11-site/s11/C2Data-4964-Type1;263025.0000;DATA;1611602675.307507
/ndn/d2-site/d2/C2Data-1038-Type3;169482.0000;DATA;1611602675.597458
/ndn/d5-site/d5/C2Data-1221-Type3;188915.0000;DATA;1611602675.825524
/ndn/h1-site/h1/C2Data-124-Type2;145167.0000;DATA;1611602676.399493
/ndn/v8-site/v8/C2Data-6416-Type1;236860.0000;DATA;1611602676.649444
/ndn/h6-site/h6/C2Data-729-Type2;214521.0000;DATA;1611602678.704592
/ndn/v8-site/v8/C2Data-3234-Type3;232730.0000;DATA;1611602678.802429
/ndn/v14-site/v14/C2Data-3600-Type3;145033.0000;DATA;1611602680.014483
/ndn/d11-site/d11/C2Data-1587-Type3;246649.0000;DATA;1611602680.671475
/ndn/s9-site/s9/C2Data-4722-Type2;141800.0000;DATA;1611602681.937659
/ndn/v6-site/v6/C2Data-6174-Type2;116353.0000;DATA;1611602682.028421
/ndn/s7-site/s7/C2Data-2258-Type3;6000291.0000;TIMEOUT;1611602676.545423
/ndn/s2-site/s2/C2Data-1953-Type3;6000434.0000;TIMEOUT;1611602676.938500
/ndn/d9-site/d9/C2Data-2907-Type1;217629.0000;DATA;1611602682.928468
/ndn/v2-site/v2/C2Data-800-Type4;258967.0000;DATA;1611602683.532531
/ndn/d5-site/d5/C2Data-2423-Type1;194699.0000;DATA;1611602684.993488
/ndn/s14-site/s14/C2Data-5327-Type2;6000434.0000;TIMEOUT;1611602679.252479
/ndn/v3-site/v3/C2Data-5811-Type1;142936.0000;DATA;1611602686.827459
/ndn/v1-site/v1/C2Data-775-Type4;296157.0000;DATA;1611602688.112914
/ndn/s11-site/s11/C2Data-2502-Type3;6003704.0000;TIMEOUT;1611602682.836434
/ndn/s3-site/s3/C2Data-3996-Type2;6000267.0000;TIMEOUT;1611602683.091462
/ndn/s2-site/s2/C2Data-3875-Type1;6000588.0000;TIMEOUT;1611602684.505653
/ndn/v2-site/v2/C2Data-2868-Type3;272759.0000;DATA;1611602690.904573
/ndn/s6-site/s6/C2Data-2197-Type3;6006784.0000;TIMEOUT;1611602692.922510
/ndn/d4-site/d4/C2Data-475-Type4;191807.0000;DATA;1611602702.668484
/ndn/d12-site/d12/C2Data-675-Type4;229812.0000;DATA;1611602703.416789
/ndn/v13-site/v13/C2Data-7022-Type1;95643.0000;DATA;1611602707.434567
/ndn/v3-site/v3/C2Data-5812-Type1;144055.0000;DATA;1611602707.646491
/ndn/h14-site/h14/C2Data-1698-Type1;54048.0000;DATA;1611602707.756559
/ndn/h13-site/h13/C2Data-1577-Type2;117794.0000;DATA;1611602707.905446
/ndn/d13-site/d13/C2Data-3392-Type1;120489.0000;DATA;1611602708.516424
/ndn/v5-site/v5/C2Data-6054-Type2;309448.0000;DATA;1611602709.448395
/ndn/s12-site/s12/C2Data-5086-Type1;6000296.0000;TIMEOUT;1611602705.343484
/ndn/v11-site/v11/C2Data-6780-Type2;118647.0000;DATA;1611602711.626509
/ndn/v14-site/v14/C2Data-7143-Type1;140579.0000;DATA;1611602712.137571
/ndn/h1-site/h1/C2Data-125-Type2;145479.0000;DATA;1611602712.588503
/ndn/d10-site/d10/C2Data-625-Type4;211129.0000;DATA;1611602712.874544
/ndn/h2-site/h2/C2Data-246-Type2;23726.0000;DATA;1611602713.223443
/ndn/s0-site/s0/C2Data-3634-Type1;6000832.0000;TIMEOUT;1611602707.977534
/ndn/h2-site/h2/C2Data-246-Type1;26510.0000;DATA;1611602714.189686
/ndn/s2-site/s2/C2Data-3876-Type2;6000485.0000;TIMEOUT;1611602708.515512
/ndn/d12-site/d12/C2Data-3271-Type1;218309.0000;DATA;1611602714.370417
/ndn/d11-site/d11/C2Data-3150-Type2;236234.0000;DATA;1611602714.535498
/ndn/h13-site/h13/C2Data-1577-Type1;122528.0000;DATA;1611602714.906519
/ndn/s8-site/s8/C2Data-4602-Type1;6000260.0000;TIMEOUT;1611602709.568435
/ndn/s0-site/s0/C2Data-3634-Type2;6000785.0000;TIMEOUT;1611602709.926426
/ndn/h5-site/h5/C2Data-125-Type4;181069.0000;DATA;1611602717.176026
/ndn/h14-site/h14/C2Data-350-Type4;90193.0000;DATA;1611602718.096179
/ndn/s1-site/s1/C2Data-3755-Type1;6000226.0000;TIMEOUT;1611602713.712497
/ndn/s3-site/s3/C2Data-3997-Type1;6000201.0000;TIMEOUT;1611602715.242568
/ndn/h2-site/h2/C2Data-50-Type4;29136.0000;DATA;1611602721.707349
/ndn/d8-site/d8/C2Data-575-Type4;278067.0000;DATA;1611602723.480935
/ndn/d10-site/d10/C2Data-1527-Type3;226370.0000;DATA;1611602733.991447
/ndn/d5-site/d5/C2Data-2425-Type1;187285.0000;DATA;1611602736.061513
/ndn/d10-site/d10/C2Data-3030-Type1;221109.0000;DATA;1611602736.752606
/ndn/d14-site/d14/C2Data-725-Type4;96057.0000;DATA;1611602737.023562
/ndn/v6-site/v6/C2Data-6176-Type2;120239.0000;DATA;1611602738.075503
/ndn/s9-site/s9/C2Data-2381-Type3;6000308.0000;TIMEOUT;1611602733.355466
/ndn/d8-site/d8/C2Data-1405-Type3;184906.0000;DATA;1611602740.862496
/ndn/s3-site/s3/C2Data-2015-Type3;6000250.0000;TIMEOUT;1611602735.717473
/ndn/h1-site/h1/C2Data-126-Type1;138852.0000;DATA;1611602742.270509
/ndn/s3-site/s3/C2Data-3998-Type2;6000540.0000;TIMEOUT;1611602736.508442
/ndn/v10-site/v10/C2Data-6660-Type2;238107.0000;DATA;1611602742.898474
/ndn/h0-site/h0/C2Data-2-Type3;236295.0000;DATA;1611602744.081530
/ndn/s9-site/s9/C2Data-4724-Type2;6001070.0000;TIMEOUT;1611602738.793452
/ndn/d5-site/d5/C2Data-2425-Type2;187288.0000;DATA;1611602745.186488
/ndn/d12-site/d12/C2Data-3272-Type2;221677.0000;DATA;1611602745.816460
/ndn/d9-site/d9/C2Data-1466-Type3;219474.0000;DATA;1611602746.057458
/ndn/s4-site/s4/C2Data-4119-Type1;6000312.0000;TIMEOUT;1611602740.843496
/ndn/h2-site/h2/C2Data-247-Type1;24733.0000;DATA;1611602746.917479
/ndn/h10-site/h10/C2Data-612-Type3;293899.0000;DATA;1611602746.652481
/ndn/v11-site/v11/C2Data-6781-Type2;120635.0000;DATA;1611602746.910511
/ndn/s5-site/s5/C2Data-4240-Type2;6000538.0000;TIMEOUT;1611602743.253510
/ndn/s4-site/s4/C2Data-2076-Type3;6000226.0000;TIMEOUT;1611602743.436558
/ndn/s0-site/s0/C2Data-3635-Type2;6003490.0000;TIMEOUT;1611602743.908548
/ndn/h14-site/h14/C2Data-856-Type3;46251.0000;DATA;1611602750.988526
/ndn/v3-site/v3/C2Data-2930-Type3;124689.0000;DATA;1611602752.015511
/ndn/s10-site/s10/C2Data-2442-Type3;6014338.0000;TIMEOUT;1611602750.322509
/ndn/s0-site/s0/C2Data-1832-Type3;6020416.0000;TIMEOUT;1611602752.929421
/ndn/d12-site/d12/C2Data-3273-Type2;208362.0000;DATA;1611602767.029653
/ndn/d1-site/d1/C2Data-1942-Type2;48404.0000;DATA;1611602767.206459
/ndn/d3-site/d3/C2Data-2184-Type1;273435.0000;DATA;1611602767.740448
/ndn/v9-site/v9/C2Data-6540-Type1;243809.0000;DATA;1611602769.385621
/ndn/s12-site/s12/C2Data-5088-Type2;6000305.0000;TIMEOUT;1611602765.617545
/ndn/v4-site/v4/C2Data-5935-Type2;311044.0000;DATA;1611602771.652514
/ndn/d2-site/d2/C2Data-2063-Type2;165703.0000;DATA;1611602772.422430
/ndn/d9-site/d9/C2Data-2910-Type1;213735.0000;DATA;1611602775.002547
/ndn/d14-site/d14/C2Data-3515-Type1;96245.0000;DATA;1611602775.618444
/ndn/s8-site/s8/C2Data-4604-Type2;6000611.0000;TIMEOUT;1611602769.924467
/ndn/h1-site/h1/C2Data-127-Type2;149507.0000;DATA;1611602776.617491
/ndn/s1-site/s1/C2Data-3757-Type2;6003550.0000;TIMEOUT;1611602774.375487
/ndn/s11-site/s11/C2Data-4967-Type2;6003229.0000;TIMEOUT;1611602774.996486
/ndn/s10-site/s10/C2Data-4846-Type2;6000665.0000;TIMEOUT;1611602776.289493
/ndn/h4-site/h4/C2Data-247-Type3;243104.0000;DATA;1611602789.078527
/ndn/h8-site/h8/C2Data-491-Type3;230583.0000;DATA;1611602794.591483
/ndn/h13-site/h13/C2Data-796-Type3;118652.0000;DATA;1611602796.395448
/ndn/h0-site/h0/C2Data-3-Type3;240486.0000;DATA;1611602797.629425
/ndn/v0-site/v0/C2Data-5452-Type2;257419.0000;DATA;1611602799.066518
/ndn/d1-site/d1/C2Data-979-Type3;47817.0000;DATA;1611602800.569586
