/ndn/d9-site/d9/C2Data-2904-Type1;147808.0000;DATA;1611609163.169412
/ndn/d6-site/d6/C2Data-2541-Type2;196194.0000;DATA;1611609164.157301
/ndn/v6-site/v6/C2Data-6171-Type2;23944.0000;DATA;1611609166.251335
/ndn/s3-site/s3/C2Data-3993-Type2;478.0000;NACK;1611609167.794470
/ndn/s2-site/s2/C2Data-3872-Type2;49875.0000;DATA;1611609169.037426
/ndn/v10-site/v10/C2Data-6655-Type1;120673.0000;DATA;1611609169.613411
/ndn/d14-site/d14/C2Data-3509-Type1;23580.0000;DATA;1611609170.775345
/ndn/v12-site/v12/C2Data-6897-Type1;174318.0000;DATA;1611609172.501498
/ndn/d13-site/d13/C2Data-3388-Type2;23979.0000;DATA;1611609173.737343
/ndn/h3-site/h3/C2Data-183-Type3;144044.0000;DATA;1611609188.598362
/ndn/h6-site/h6/C2Data-366-Type3;171913.0000;DATA;1611609189.516468
/ndn/v9-site/v9/C2Data-3294-Type3;509.0000;NACK;1611609195.163430
/ndn/d3-site/d3/C2Data-2179-Type1;169270.0000;DATA;1611609195.914328
/ndn/h5-site/h5/C2Data-305-Type3;117669.0000;DATA;1611609196.381342
/ndn/v2-site/v2/C2Data-2867-Type3;81653.0000;DATA;1611609197.141311
/ndn/d11-site/d11/C2Data-3147-Type1;115064.0000;DATA;1611609198.301332
/ndn/d3-site/d3/C2Data-2179-Type2;162608.0000;DATA;1611609198.857438
/ndn/v4-site/v4/C2Data-2989-Type3;193387.0000;DATA;1611609199.885473
/ndn/s3-site/s3/C2Data-2013-Type3;219791.0000;DATA;1611609199.903388
/ndn/d0-site/d0/C2Data-1816-Type2;72593.0000;DATA;1611609200.597380
/ndn/h11-site/h11/C2Data-1332-Type2;46466.0000;DATA;1611609200.644328
/ndn/h10-site/h10/C2Data-610-Type3;164090.0000;DATA;1611609200.957355
/ndn/s14-site/s14/C2Data-5325-Type2;47973.0000;DATA;1611609201.379321
/ndn/d13-site/d13/C2Data-1708-Type3;24020.0000;DATA;1611609202.200330
/ndn/v0-site/v0/C2Data-5446-Type2;190463.0000;DATA;1611609202.676378
/ndn/h9-site/h9/C2Data-549-Type3;141638.0000;DATA;1611609203.354430
/ndn/h7-site/h7/C2Data-848-Type2;219896.0000;DATA;1611609203.931379
/ndn/v10-site/v10/C2Data-3355-Type3;119815.0000;DATA;1611609204.162428
/ndn/d1-site/d1/C2Data-976-Type3;93750.0000;DATA;1611609206.453379
/ndn/s12-site/s12/C2Data-5084-Type1;216382.0000;DATA;1611609223.281401
/ndn/s8-site/s8/C2Data-4600-Type2;47194.0000;DATA;1611609223.645387
/ndn/v5-site/v5/C2Data-6052-Type2;197758.0000;DATA;1611609224.519419
/ndn/s1-site/s1/C2Data-3753-Type1;258542.0000;DATA;1611609226.548395
/ndn/d0-site/d0/C2Data-1817-Type1;70781.0000;DATA;1611609229.123449
/ndn/d12-site/d12/C2Data-3269-Type2;93387.0000;DATA;1611609229.514324
/ndn/s5-site/s5/C2Data-4237-Type1;95387.0000;DATA;1611609230.173474
/ndn/h7-site/h7/C2Data-849-Type1;214711.0000;DATA;1611609230.179305
/ndn/h6-site/h6/C2Data-728-Type2;168636.0000;DATA;1611609230.390328
/ndn/v6-site/v6/C2Data-6173-Type1;25526.0000;DATA;1611609231.285608
/ndn/h12-site/h12/C2Data-1454-Type2;115967.0000;DATA;1611609232.041411
/ndn/s5-site/s5/C2Data-4237-Type2;96716.0000;DATA;1611609232.214424
/ndn/v7-site/v7/C2Data-6294-Type2;143546.0000;DATA;1611609233.310361
/ndn/v8-site/v8/C2Data-6415-Type2;185894.0000;DATA;1611609234.195352
/ndn/s5-site/s5/C2Data-2136-Type3;96431.0000;DATA;1611609248.741340
/ndn/d6-site/d6/C2Data-1282-Type3;186075.0000;DATA;1611609251.925936
/ndn/s4-site/s4/C2Data-2075-Type3;6000534.0000;TIMEOUT;1611609246.544303
/ndn/v13-site/v13/C2Data-7021-Type1;72977.0000;DATA;1611609253.875349
/ndn/s3-site/s3/C2Data-3996-Type1;212043.0000;DATA;1611609253.815380
/ndn/v5-site/v5/C2Data-6053-Type2;200018.0000;DATA;1611609254.275394
/ndn/d7-site/d7/C2Data-2665-Type2;120843.0000;DATA;1611609254.401476
/ndn/h4-site/h4/C2Data-245-Type3;171779.0000;DATA;1611609255.359406
/ndn/v12-site/v12/C2Data-3478-Type3;166707.0000;DATA;1611609255.451410
/ndn/d8-site/d8/C2Data-2786-Type1;71785.0000;DATA;1611609255.846413
/ndn/d2-site/d2/C2Data-2060-Type1;46777.0000;DATA;1611609256.244373
/ndn/v10-site/v10/C2Data-3356-Type3;121014.0000;DATA;1611609257.956441
/ndn/d2-site/d2/C2Data-2060-Type2;49835.0000;DATA;1611609258.152425
/ndn/h12-site/h12/C2Data-1455-Type2;126743.0000;DATA;1611609258.288383
/ndn/h9-site/h9/C2Data-1092-Type1;141568.0000;DATA;1611609259.045418
/ndn/s12-site/s12/C2Data-5085-Type1;213137.0000;DATA;1611609259.407033
/ndn/v6-site/v6/C2Data-900-Type4;23863.0000;DATA;1611609261.129424
/ndn/d5-site/d5/C2Data-2423-Type2;143607.0000;DATA;1611609261.472534
/ndn/v9-site/v9/C2Data-6537-Type1;184828.0000;DATA;1611609261.610437
/ndn/s11-site/s11/C2Data-4964-Type2;210589.0000;DATA;1611609262.259341
/ndn/h9-site/h9/C2Data-550-Type3;141202.0000;DATA;1611609265.951370
/ndn/s7-site/s7/C2Data-2258-Type3;6014042.0000;TIMEOUT;1611609261.069398
/ndn/v2-site/v2/C2Data-2868-Type3;148088.0000;DATA;1611609267.118424
/ndn/v5-site/v5/C2Data-3051-Type3;195092.0000;DATA;1611609269.343332
/ndn/d8-site/d8/C2Data-1404-Type3;76891.0000;DATA;1611609269.542936
/ndn/s6-site/s6/C2Data-2197-Type3;6003188.0000;TIMEOUT;1611609264.191369
/ndn/h4-site/h4/C2Data-488-Type1;174512.0000;DATA;1611609282.600357
/ndn/v1-site/v1/C2Data-5570-Type1;169648.0000;DATA;1611609282.714438
/ndn/h0-site/h0/C2Data-4-Type2;196239.0000;DATA;1611609284.102385
/ndn/v1-site/v1/C2Data-775-Type4;170662.0000;DATA;1611609286.035458
/ndn/h5-site/h5/C2Data-609-Type1;116375.0000;DATA;1611609286.846397
/ndn/d4-site/d4/C2Data-2303-Type1;48004.0000;DATA;1611609287.759404
/ndn/h12-site/h12/C2Data-1456-Type2;116717.0000;DATA;1611609289.063524
/ndn/s13-site/s13/C2Data-5207-Type1;6000216.0000;TIMEOUT;1611609283.712382
/ndn/v12-site/v12/C2Data-1050-Type4;166109.0000;DATA;1611609289.896330
/ndn/d2-site/d2/C2Data-2061-Type2;49958.0000;DATA;1611609290.580331
/ndn/d11-site/d11/C2Data-3150-Type1;117239.0000;DATA;1611609290.753351
/ndn/h12-site/h12/C2Data-1456-Type1;117599.0000;DATA;1611609290.785435
/ndn/v3-site/v3/C2Data-5812-Type2;100199.0000;DATA;1611609292.425448
/ndn/h11-site/h11/C2Data-1335-Type2;51938.0000;DATA;1611609293.595430
/ndn/s7-site/s7/C2Data-4481-Type2;6001630.0000;TIMEOUT;1611609289.503362
/ndn/h0-site/h0/C2Data-0-Type4;194011.0000;DATA;1611609296.884790
/ndn/s6-site/s6/C2Data-4360-Type2;6000241.0000;TIMEOUT;1611609294.166454
/ndn/h2-site/h2/C2Data-50-Type4;128430.0000;DATA;1611609300.789682
/ndn/v5-site/v5/C2Data-3052-Type3;190625.0000;DATA;1611609309.090401
/ndn/d0-site/d0/C2Data-375-Type4;73090.0000;DATA;1611609310.235549
/ndn/h2-site/h2/C2Data-247-Type1;125342.0000;DATA;1611609315.132407
/ndn/d7-site/d7/C2Data-2667-Type1;122092.0000;DATA;1611609316.967384
/ndn/h3-site/h3/C2Data-368-Type2;141225.0000;DATA;1611609317.708325
/ndn/h10-site/h10/C2Data-1215-Type2;169741.0000;DATA;1611609318.949417
/ndn/v12-site/v12/C2Data-3479-Type3;164348.0000;DATA;1611609319.734240
/ndn/h4-site/h4/C2Data-489-Type1;166220.0000;DATA;1611609322.025199
/ndn/v7-site/v7/C2Data-6297-Type1;142935.0000;DATA;1611609323.030320
/ndn/s14-site/s14/C2Data-5329-Type1;6001359.0000;TIMEOUT;1611609317.402411
/ndn/h6-site/h6/C2Data-368-Type3;165309.0000;DATA;1611609324.056352
/ndn/s8-site/s8/C2Data-2320-Type3;6000293.0000;TIMEOUT;1611609319.052384
/ndn/d2-site/d2/C2Data-1039-Type3;49244.0000;DATA;1611609325.468329
/ndn/s12-site/s12/C2Data-2564-Type3;6000274.0000;TIMEOUT;1611609320.124398
/ndn/h7-site/h7/C2Data-429-Type3;218625.0000;DATA;1611609325.984156
/ndn/d1-site/d1/C2Data-978-Type3;60373.0000;DATA;1611609326.144540
/ndn/s13-site/s13/C2Data-2625-Type3;6000326.0000;TIMEOUT;1611609321.300321
/ndn/d4-site/d4/C2Data-1161-Type3;49406.0000;DATA;1611609327.810371
/ndn/d4-site/d4/C2Data-2305-Type2;47959.0000;DATA;1611609342.508358
/ndn/v1-site/v1/C2Data-5572-Type2;181496.0000;DATA;1611609345.492368
/ndn/d2-site/d2/C2Data-2063-Type2;49120.0000;DATA;1611609350.037310
/ndn/d11-site/d11/C2Data-3152-Type2;117590.0000;DATA;1611609350.298378
/ndn/h0-site/h0/C2Data-6-Type2;130023.0000;DATA;1611609351.974362
/ndn/v10-site/v10/C2Data-6661-Type1;117427.0000;DATA;1611609352.512494
/ndn/h13-site/h13/C2Data-1579-Type2;73397.0000;DATA;1611609353.197403
/ndn/h14-site/h14/C2Data-1701-Type1;72050.0000;DATA;1611609373.445305
/ndn/v3-site/v3/C2Data-2931-Type3;93373.0000;DATA;1611609373.707409
/ndn/d7-site/d7/C2Data-2669-Type2;121545.0000;DATA;1611609374.287421
/ndn/d5-site/d5/C2Data-2427-Type2;157846.0000;DATA;1611609375.461662
/ndn/s2-site/s2/C2Data-1955-Type3;6000534.0000;TIMEOUT;1611609370.289380
/ndn/h3-site/h3/C2Data-370-Type1;144111.0000;DATA;1611609376.547305
/ndn/v2-site/v2/C2Data-5694-Type2;139309.0000;DATA;1611609376.988381
/ndn/h7-site/h7/C2Data-854-Type2;211290.0000;DATA;1611609376.936340
/ndn/v10-site/v10/C2Data-3358-Type3;120005.0000;DATA;1611609377.069402
/ndn/h9-site/h9/C2Data-1096-Type1;138202.0000;DATA;1611609377.103425
