/ndn/h3-site/h3/C2Data-363-Type2;50055.0000;DATA;1612146288.986994
/ndn/v2-site/v2/C2Data-3872-Type2;26980.0000;DATA;1612146289.131769
/ndn/s9-site/s9/C2Data-3509-Type1;143557.0000;DATA;1612146289.652943
/ndn/s5-site/s5/C2Data-3025-Type2;80090.0000;DATA;1612146291.130489
/ndn/v7-site/v7/C2Data-4477-Type1;155470.0000;DATA;1612146295.437974
/ndn/d9-site/d9/C2Data-2299-Type1;127586.0000;DATA;1612146296.547793
/ndn/v5-site/v5/C2Data-4235-Type1;151681.0000;DATA;1612146296.607766
/ndn/v2-site/v2/C2Data-1952-Type3;26159.0000;DATA;1612146309.821566
/ndn/h8-site/h8/C2Data-488-Type3;208802.0000;DATA;1612146311.432796
/ndn/h3-site/h3/C2Data-183-Type3;53418.0000;DATA;1612146311.748771
/ndn/v4-site/v4/C2Data-2074-Type3;154145.0000;DATA;1612146311.818867
/ndn/d7-site/d7/C2Data-1037-Type3;92573.0000;DATA;1612146313.192374
/ndn/v2-site/v2/C2Data-3873-Type2;28018.0000;DATA;1612146317.867906
/ndn/h5-site/h5/C2Data-305-Type3;126901.0000;DATA;1612146319.761165
/ndn/h7-site/h7/C2Data-427-Type3;167080.0000;DATA;1612146319.840817
/ndn/h9-site/h9/C2Data-549-Type3;51977.0000;DATA;1612146319.978576
/ndn/v6-site/v6/C2Data-2196-Type3;75437.0000;DATA;1612146322.795408
/ndn/v3-site/v3/C2Data-3994-Type1;155250.0000;DATA;1612146322.778806
/ndn/d3-site/d3/C2Data-1574-Type2;133802.0000;DATA;1612146325.666819
/ndn/v5-site/v5/C2Data-4236-Type2;171476.0000;DATA;1612146326.743815
/ndn/s8-site/s8/C2Data-1708-Type3;35022.0000;DATA;1612146327.178790
/ndn/s9-site/s9/C2Data-1769-Type3;128231.0000;DATA;1612146328.958408
/ndn/s0-site/s0/C2Data-1220-Type3;54965.0000;DATA;1612146330.387609
/ndn/v5-site/v5/C2Data-2135-Type3;211116.0000;DATA;1612146332.043961
/ndn/s8-site/s8/C2Data-3390-Type2;29175.0000;DATA;1612146347.261559
/ndn/h0-site/h0/C2Data-2-Type2;99794.0000;DATA;1612146347.521941
/ndn/d4-site/d4/C2Data-1696-Type1;171571.0000;DATA;1612146347.849256
/ndn/h9-site/h9/C2Data-1091-Type1;47737.0000;DATA;1612146350.226952
/ndn/s1-site/s1/C2Data-2543-Type1;103330.0000;DATA;1612146352.080767
/ndn/h4-site/h4/C2Data-486-Type2;119738.0000;DATA;1612146352.135011
/ndn/v0-site/v0/C2Data-3632-Type1;147007.0000;DATA;1612146353.327273
/ndn/h8-site/h8/C2Data-970-Type1;181655.0000;DATA;1612146354.274170
/ndn/s6-site/s6/C2Data-3148-Type2;120263.0000;DATA;1612146356.921723
/ndn/h2-site/h2/C2Data-244-Type2;48821.0000;DATA;1612146357.026649
/ndn/s5-site/s5/C2Data-1526-Type3;71193.0000;DATA;1612146374.934788
/ndn/s1-site/s1/C2Data-1282-Type3;94084.0000;DATA;1612146374.959798
/ndn/s9-site/s9/C2Data-3512-Type2;120779.0000;DATA;1612146377.782778
/ndn/d3-site/d3/C2Data-1576-Type1;130494.0000;DATA;1612146379.199923
/ndn/h1-site/h1/C2Data-62-Type3;132143.0000;DATA;1612146379.625392
/ndn/h8-site/h8/C2Data-489-Type3;223192.0000;DATA;1612146379.879821
