/ndn/d10-site/d10/C2Data-3025-Type2;24194.0000;DATA;1611609162.791393
/ndn/d0-site/d0/C2Data-1815-Type2;153745.0000;DATA;1611609164.899330
/ndn/v11-site/v11/C2Data-6776-Type2;6200.0000;NACK;1611609167.956451
/ndn/h13-site/h13/C2Data-1573-Type1;69273.0000;DATA;1611609167.877647
/ndn/s10-site/s10/C2Data-4840-Type2;167512.0000;DATA;1611609167.868274
/ndn/h4-site/h4/C2Data-484-Type1;23497.0000;DATA;1611609168.353329
/ndn/h14-site/h14/C2Data-1694-Type2;146180.0000;DATA;1611609168.395390
/ndn/h2-site/h2/C2Data-242-Type1;199989.0000;DATA;1611609170.259359
/ndn/v12-site/v12/C2Data-6897-Type1;580.0000;NACK;1611609170.587354
/ndn/v8-site/v8/C2Data-6413-Type1;46843.0000;DATA;1611609170.738348
/ndn/v3-site/v3/C2Data-5808-Type2;70682.0000;DATA;1611609171.674385
/ndn/v10-site/v10/C2Data-6655-Type2;422.0000;NACK;1611609172.752284
/ndn/d11-site/d11/C2Data-3146-Type1;173252.0000;DATA;1611609172.755288
/ndn/v1-site/v1/C2Data-5566-Type1;568.0000;NACK;1611609173.854440
/ndn/s13-site/s13/C2Data-5203-Type1;100333.0000;DATA;1611609174.131383
/ndn/d2-site/d2/C2Data-1037-Type3;174351.0000;DATA;1611609192.037377
/ndn/h8-site/h8/C2Data-969-Type2;70526.0000;DATA;1611609192.500318
/ndn/d14-site/d14/C2Data-1769-Type3;139685.0000;DATA;1611609192.915321
/ndn/d4-site/d4/C2Data-2300-Type1;167660.0000;DATA;1611609193.005501
/ndn/v14-site/v14/C2Data-7140-Type2;46570.0000;DATA;1611609193.922439
/ndn/h4-site/h4/C2Data-485-Type2;24262.0000;DATA;1611609194.014436
/ndn/v2-site/v2/C2Data-5688-Type1;418.0000;NACK;1611609194.326429
/ndn/s0-site/s0/C2Data-3631-Type2;95970.0000;DATA;1611609195.118308
/ndn/s14-site/s14/C2Data-2684-Type3;163511.0000;DATA;1611609196.148338
/ndn/h13-site/h13/C2Data-1574-Type1;71520.0000;DATA;1611609197.015300
/ndn/v2-site/v2/C2Data-2867-Type3;652.0000;NACK;1611609198.029565
/ndn/s10-site/s10/C2Data-4841-Type1;166759.0000;DATA;1611609198.141429
/ndn/s4-site/s4/C2Data-4115-Type1;193488.0000;DATA;1611609199.099370
/ndn/s7-site/s7/C2Data-2257-Type3;186437.0000;DATA;1611609199.552293
/ndn/s2-site/s2/C2Data-3873-Type1;97585.0000;DATA;1611609200.173323
/ndn/d0-site/d0/C2Data-1816-Type2;142980.0000;DATA;1611609200.158345
/ndn/h10-site/h10/C2Data-1211-Type1;150938.0000;DATA;1611609200.175379
/ndn/v7-site/v7/C2Data-6293-Type2;210337.0000;DATA;1611609201.515308
/ndn/h5-site/h5/C2Data-606-Type2;23692.0000;DATA;1611609201.788338
/ndn/h4-site/h4/C2Data-244-Type3;23632.0000;DATA;1611609202.041320
/ndn/d13-site/d13/C2Data-1708-Type3;103403.0000;DATA;1611609202.429376
/ndn/s6-site/s6/C2Data-2196-Type3;147383.0000;DATA;1611609203.125369
/ndn/v9-site/v9/C2Data-3294-Type3;49133.0000;DATA;1611609208.409114
/ndn/s13-site/s13/C2Data-2623-Type3;95501.0000;DATA;1611609208.608303
/ndn/h12-site/h12/C2Data-732-Type3;216625.0000;DATA;1611609208.558362
/ndn/h2-site/h2/C2Data-244-Type2;186723.0000;DATA;1611609222.468325
/ndn/v13-site/v13/C2Data-7020-Type2;97748.0000;DATA;1611609222.992333
/ndn/s4-site/s4/C2Data-4116-Type2;188963.0000;DATA;1611609223.067354
/ndn/s12-site/s12/C2Data-5084-Type1;72294.0000;DATA;1611609223.936431
/ndn/v8-site/v8/C2Data-6415-Type1;50866.0000;DATA;1611609224.402370
/ndn/d11-site/d11/C2Data-3148-Type1;172378.0000;DATA;1611609224.713479
/ndn/s14-site/s14/C2Data-5326-Type1;169422.0000;DATA;1611609224.890382
/ndn/d6-site/d6/C2Data-2543-Type1;143023.0000;DATA;1611609225.201380
/ndn/h8-site/h8/C2Data-970-Type1;71749.0000;DATA;1611609225.965348
/ndn/v10-site/v10/C2Data-6657-Type2;119056.0000;DATA;1611609226.166337
/ndn/s0-site/s0/C2Data-3632-Type1;94929.0000;DATA;1611609228.447354
/ndn/s13-site/s13/C2Data-5205-Type2;93428.0000;DATA;1611609231.195363
/ndn/s10-site/s10/C2Data-4842-Type2;6001060.0000;TIMEOUT;1611609226.349429
/ndn/d3-site/d3/C2Data-2180-Type1;119681.0000;DATA;1611609232.773434
/ndn/d12-site/d12/C2Data-3269-Type2;147587.0000;DATA;1611609233.495292
/ndn/h1-site/h1/C2Data-123-Type2;141141.0000;DATA;1611609234.332418
/ndn/v2-site/v2/C2Data-2868-Type3;127628.0000;DATA;1611609247.346353
/ndn/v11-site/v11/C2Data-3417-Type3;147420.0000;DATA;1611609249.982338
/ndn/h4-site/h4/C2Data-245-Type3;24058.0000;DATA;1611609250.633396
/ndn/h8-site/h8/C2Data-489-Type3;70573.0000;DATA;1611609252.545305
/ndn/v4-site/v4/C2Data-5932-Type1;240796.0000;DATA;1611609252.596415
/ndn/h9-site/h9/C2Data-550-Type3;46798.0000;DATA;1611609253.006468
/ndn/v13-site/v13/C2Data-7021-Type2;93971.0000;DATA;1611609253.033374
/ndn/h8-site/h8/C2Data-971-Type1;71803.0000;DATA;1611609255.362443
/ndn/h4-site/h4/C2Data-487-Type1;23775.0000;DATA;1611609255.863446
/ndn/h11-site/h11/C2Data-1334-Type2;166701.0000;DATA;1611609256.176374
/ndn/h0-site/h0/C2Data-3-Type1;46472.0000;DATA;1611609256.437350
/ndn/d9-site/d9/C2Data-1465-Type3;74893.0000;DATA;1611609256.469367
/ndn/v7-site/v7/C2Data-6295-Type2;191965.0000;DATA;1611609256.511456
/ndn/d8-site/d8/C2Data-1404-Type3;182022.0000;DATA;1611609257.785358
/ndn/s12-site/s12/C2Data-5085-Type1;70583.0000;DATA;1611609257.975297
/ndn/h13-site/h13/C2Data-1576-Type2;70959.0000;DATA;1611609258.057397
/ndn/v7-site/v7/C2Data-925-Type4;192674.0000;DATA;1611609258.812301
/ndn/h3-site/h3/C2Data-366-Type2;195431.0000;DATA;1611609259.272328
/ndn/d2-site/d2/C2Data-2060-Type2;165809.0000;DATA;1611609259.392385
/ndn/h2-site/h2/C2Data-50-Type4;161532.0000;DATA;1611609259.406381
/ndn/d1-site/d1/C2Data-1939-Type2;174315.0000;DATA;1611609259.648419
/ndn/s5-site/s5/C2Data-4238-Type1;122974.0000;DATA;1611609259.707361
/ndn/s5-site/s5/C2Data-4238-Type2;117494.0000;DATA;1611609260.117321
/ndn/s7-site/s7/C2Data-2258-Type3;6000181.0000;TIMEOUT;1611609254.876339
/ndn/h5-site/h5/C2Data-608-Type1;24464.0000;DATA;1611609261.053299
/ndn/d12-site/d12/C2Data-1648-Type3;140232.0000;DATA;1611609261.106764
/ndn/h14-site/h14/C2Data-1697-Type2;141332.0000;DATA;1611609261.626419
/ndn/s13-site/s13/C2Data-5206-Type1;6000253.0000;TIMEOUT;1611609260.053378
/ndn/d9-site/d9/C2Data-600-Type4;72862.0000;DATA;1611609266.902398
/ndn/v12-site/v12/C2Data-3478-Type3;226964.0000;DATA;1611609269.066356
/ndn/v8-site/v8/C2Data-3234-Type3;54397.0000;DATA;1611609269.933360
/ndn/h13-site/h13/C2Data-794-Type3;77984.0000;DATA;1611609270.185394
/ndn/s4-site/s4/C2Data-2075-Type3;6000616.0000;TIMEOUT;1611609267.356544
/ndn/s6-site/s6/C2Data-2197-Type3;6018475.0000;TIMEOUT;1611609270.215335
/ndn/d6-site/d6/C2Data-525-Type4;120967.0000;DATA;1611609277.999350
/ndn/v5-site/v5/C2Data-875-Type4;401365.0000;DATA;1611609278.467392
/ndn/v1-site/v1/C2Data-5570-Type1;211464.0000;DATA;1611609282.938364
/ndn/h5-site/h5/C2Data-125-Type4;24451.0000;DATA;1611609284.851335
/ndn/v7-site/v7/C2Data-6296-Type1;191834.0000;DATA;1611609284.721391
/ndn/v9-site/v9/C2Data-6538-Type2;53881.0000;DATA;1611609287.066392
/ndn/d3-site/d3/C2Data-2182-Type1;120955.0000;DATA;1611609287.785460
/ndn/v8-site/v8/C2Data-6417-Type2;46119.0000;DATA;1611609289.161408
/ndn/s5-site/s5/C2Data-4239-Type2;6000413.0000;TIMEOUT;1611609283.870315
/ndn/s14-site/s14/C2Data-5328-Type2;6000279.0000;TIMEOUT;1611609286.082325
/ndn/d1-site/d1/C2Data-1940-Type1;168521.0000;DATA;1611609292.358394
/ndn/s4-site/s4/C2Data-4118-Type1;6002678.0000;TIMEOUT;1611609288.059469
/ndn/v2-site/v2/C2Data-5691-Type1;119082.0000;DATA;1611609294.036336
/ndn/d8-site/d8/C2Data-2787-Type2;172398.0000;DATA;1611609294.106381
/ndn/s0-site/s0/C2Data-3634-Type1;6000378.0000;TIMEOUT;1611609288.283416
/ndn/s6-site/s6/C2Data-4360-Type1;6001682.0000;TIMEOUT;1611609288.692363
/ndn/s4-site/s4/C2Data-4118-Type2;6000352.0000;TIMEOUT;1611609290.022314
/ndn/v0-site/v0/C2Data-750-Type4;130809.0000;DATA;1611609297.028318
/ndn/s8-site/s8/C2Data-4602-Type2;6007955.0000;TIMEOUT;1611609292.291386
/ndn/v9-site/v9/C2Data-975-Type4;54678.0000;DATA;1611609303.229316
/ndn/h10-site/h10/C2Data-250-Type4;146782.0000;DATA;1611609305.795410
/ndn/v8-site/v8/C2Data-950-Type4;60251.0000;DATA;1611609306.046353
/ndn/v5-site/v5/C2Data-3052-Type3;243274.0000;DATA;1611609309.066585
/ndn/v8-site/v8/C2Data-3235-Type3;52043.0000;DATA;1611609310.817382
/ndn/v11-site/v11/C2Data-3418-Type3;142470.0000;DATA;1611609313.025405
/ndn/h5-site/h5/C2Data-307-Type3;23670.0000;DATA;1611609313.390357
/ndn/v7-site/v7/C2Data-6297-Type2;194074.0000;DATA;1611609313.408359
/ndn/h1-site/h1/C2Data-126-Type2;142178.0000;DATA;1611609313.998337
/ndn/v3-site/v3/C2Data-5813-Type2;70749.0000;DATA;1611609314.336008
/ndn/v10-site/v10/C2Data-6660-Type2;122735.0000;DATA;1611609316.389403
/ndn/d11-site/d11/C2Data-650-Type4;162777.0000;DATA;1611609318.051356
/ndn/v6-site/v6/C2Data-6176-Type1;120209.0000;DATA;1611609318.368329
/ndn/v14-site/v14/C2Data-7144-Type2;48142.0000;DATA;1611609318.585354
/ndn/v4-site/v4/C2Data-5934-Type2;236088.0000;DATA;1611609318.421378
/ndn/h7-site/h7/C2Data-852-Type2;70402.0000;DATA;1611609320.496295
/ndn/s10-site/s10/C2Data-4845-Type1;6000573.0000;TIMEOUT;1611609314.830391
/ndn/h5-site/h5/C2Data-610-Type2;23739.0000;DATA;1611609321.833604
/ndn/h2-site/h2/C2Data-247-Type2;153208.0000;DATA;1611609323.011353
/ndn/v4-site/v4/C2Data-2991-Type3;241265.0000;DATA;1611609322.950293
/ndn/h13-site/h13/C2Data-1578-Type1;72459.0000;DATA;1611609324.088442
/ndn/d2-site/d2/C2Data-1039-Type3;48344.0000;DATA;1611609324.363408
/ndn/h12-site/h12/C2Data-734-Type3;186632.0000;DATA;1611609325.705370
/ndn/d0-site/d0/C2Data-917-Type3;151154.0000;DATA;1611609326.564078
/ndn/v0-site/v0/C2Data-5451-Type1;120796.0000;DATA;1611609343.253311
/ndn/v14-site/v14/C2Data-7145-Type2;52498.0000;DATA;1611609345.958313
/ndn/h3-site/h3/C2Data-369-Type1;195203.0000;DATA;1611609346.306390
/ndn/v13-site/v13/C2Data-7024-Type2;96768.0000;DATA;1611609346.780295
/ndn/v7-site/v7/C2Data-6298-Type1;196929.0000;DATA;1611609348.180299
/ndn/v14-site/v14/C2Data-7145-Type1;53926.0000;DATA;1611609348.429816
/ndn/d10-site/d10/C2Data-3031-Type2;23762.0000;DATA;1611609349.463290
/ndn/d2-site/d2/C2Data-2063-Type1;164109.0000;DATA;1611609349.776356
/ndn/v5-site/v5/C2Data-6056-Type2;202504.0000;DATA;1611609350.292296
/ndn/d9-site/d9/C2Data-2910-Type2;81459.0000;DATA;1611609350.973678
/ndn/h2-site/h2/C2Data-248-Type2;202567.0000;DATA;1611609350.986491
/ndn/d3-site/d3/C2Data-2184-Type2;118520.0000;DATA;1611609351.591352
/ndn/h0-site/h0/C2Data-6-Type2;3846.0000;DATA;1611609352.785324
/ndn/s1-site/s1/C2Data-3757-Type2;6000420.0000;TIMEOUT;1611609347.692372
/ndn/v4-site/v4/C2Data-5935-Type2;250261.0000;DATA;1611609354.258420
/ndn/s0-site/s0/C2Data-3636-Type1;6001482.0000;TIMEOUT;1611609352.675375
/ndn/h5-site/h5/C2Data-308-Type3;26004.0000;DATA;1611609371.651483
/ndn/h4-site/h4/C2Data-491-Type2;23647.0000;DATA;1611609372.742381
/ndn/d8-site/d8/C2Data-2790-Type2;170261.0000;DATA;1611609372.856374
/ndn/h13-site/h13/C2Data-1580-Type2;72492.0000;DATA;1611609377.861383
