/ndn/d11-site/d11/C2Data-3146-Type2;125142.0000;DATA;1611608579.840834
/ndn/s7-site/s7/C2Data-4477-Type2;196781.0000;DATA;1611608582.541742
/ndn/v3-site/v3/C2Data-5808-Type1;616.0000;NACK;1611608582.977979
/ndn/d6-site/d6/C2Data-2541-Type2;75170.0000;DATA;1611608583.605777
/ndn/v1-site/v1/C2Data-5566-Type2;484.0000;NACK;1611608584.117862
/ndn/v2-site/v2/C2Data-5687-Type2;70322.0000;DATA;1611608584.266909
/ndn/s4-site/s4/C2Data-4114-Type1;720.0000;NACK;1611608584.415894
/ndn/h4-site/h4/C2Data-484-Type2;73439.0000;DATA;1611608586.139772
/ndn/d12-site/d12/C2Data-3267-Type2;101138.0000;DATA;1611608588.264799
/ndn/v14-site/v14/C2Data-7139-Type1;48847.0000;DATA;1611608589.256811
/ndn/s6-site/s6/C2Data-4356-Type2;98061.0000;DATA;1611608589.908348
/ndn/s12-site/s12/C2Data-5082-Type2;126663.0000;DATA;1611608590.746828
/ndn/d0-site/d0/C2Data-1816-Type1;94846.0000;DATA;1611608610.902798
/ndn/v5-site/v5/C2Data-3050-Type3;383.0000;NACK;1611608611.465861
/ndn/h3-site/h3/C2Data-364-Type1;145395.0000;DATA;1611608612.132919
/ndn/s6-site/s6/C2Data-2196-Type3;94355.0000;DATA;1611608612.631845
/ndn/v3-site/v3/C2Data-2928-Type3;70854.0000;DATA;1611608612.781857
/ndn/s12-site/s12/C2Data-5083-Type2;119469.0000;DATA;1611608614.042842
/ndn/s7-site/s7/C2Data-2257-Type3;189464.0000;DATA;1611608614.534452
/ndn/s13-site/s13/C2Data-5204-Type1;377.0000;NACK;1611608614.913772
/ndn/v3-site/v3/C2Data-5809-Type2;69579.0000;DATA;1611608615.723827
/ndn/d4-site/d4/C2Data-2300-Type2;187174.0000;DATA;1611608616.271837
/ndn/h12-site/h12/C2Data-732-Type3;190594.0000;DATA;1611608617.072852
/ndn/v7-site/v7/C2Data-3172-Type3;64686.0000;NACK;1611608617.971413
/ndn/v6-site/v6/C2Data-3111-Type3;119767.0000;DATA;1611608618.615806
/ndn/s10-site/s10/C2Data-4841-Type2;162553.0000;DATA;1611608619.655902
/ndn/d5-site/d5/C2Data-1220-Type3;48783.0000;DATA;1611608620.174635
/ndn/d3-site/d3/C2Data-1098-Type3;70905.0000;DATA;1611608620.346807
/ndn/s11-site/s11/C2Data-4962-Type2;120318.0000;DATA;1611608620.694839
/ndn/h13-site/h13/C2Data-793-Type3;77047.0000;DATA;1611608623.907745
/ndn/v2-site/v2/C2Data-2867-Type3;75699.0000;DATA;1611608625.153828
/ndn/v13-site/v13/C2Data-7020-Type1;94298.0000;DATA;1611608642.797851
/ndn/d13-site/d13/C2Data-3390-Type1;138114.0000;DATA;1611608642.766832
/ndn/h0-site/h0/C2Data-2-Type1;99767.0000;DATA;1611608642.893859
/ndn/v2-site/v2/C2Data-5689-Type2;70751.0000;DATA;1611608643.307804
/ndn/s1-site/s1/C2Data-3753-Type1;60866.0000;DATA;1611608643.619770
/ndn/v8-site/v8/C2Data-6415-Type2;100155.0000;DATA;1611608643.786844
/ndn/h14-site/h14/C2Data-1696-Type2;142200.0000;DATA;1611608644.461852
/ndn/h2-site/h2/C2Data-244-Type2;195594.0000;DATA;1611608644.826791
/ndn/h3-site/h3/C2Data-365-Type2;149775.0000;DATA;1611608645.149810
/ndn/v1-site/v1/C2Data-5568-Type2;169889.0000;DATA;1611608645.521760
/ndn/d14-site/d14/C2Data-3511-Type2;142419.0000;DATA;1611608645.978945
/ndn/s4-site/s4/C2Data-4116-Type1;194440.0000;DATA;1611608647.618832
/ndn/d5-site/d5/C2Data-2422-Type2;46382.0000;DATA;1611608650.445748
/ndn/s10-site/s10/C2Data-4842-Type2;6000787.0000;TIMEOUT;1611608645.401792
/ndn/s3-site/s3/C2Data-2014-Type3;141243.0000;DATA;1611608668.028801
/ndn/s12-site/s12/C2Data-2563-Type3;122141.0000;DATA;1611608668.179756
/ndn/v2-site/v2/C2Data-2868-Type3;76711.0000;DATA;1611608670.180838
/ndn/s8-site/s8/C2Data-4601-Type1;123934.0000;DATA;1611608671.120986
/ndn/h0-site/h0/C2Data-1-Type3;95700.0000;DATA;1611608671.493769
/ndn/d9-site/d9/C2Data-1465-Type3;26140.0000;DATA;1611608672.702935
/ndn/v14-site/v14/C2Data-3600-Type3;47374.0000;DATA;1611608672.836755
/ndn/s6-site/s6/C2Data-2197-Type3;6000251.0000;TIMEOUT;1611608667.207780
/ndn/d3-site/d3/C2Data-1099-Type3;72889.0000;DATA;1611608673.177884
/ndn/v11-site/v11/C2Data-3417-Type3;141418.0000;DATA;1611608673.437764
/ndn/d8-site/d8/C2Data-1404-Type3;120969.0000;DATA;1611608673.767809
/ndn/s9-site/s9/C2Data-2380-Type3;48484.0000;DATA;1611608674.021854
/ndn/h7-site/h7/C2Data-850-Type2;119243.0000;DATA;1611608675.708881
/ndn/v13-site/v13/C2Data-7021-Type2;104107.0000;DATA;1611608676.162867
/ndn/h1-site/h1/C2Data-124-Type2;144907.0000;DATA;1611608678.344154
/ndn/d10-site/d10/C2Data-1526-Type3;75812.0000;DATA;1611608678.635874
/ndn/v9-site/v9/C2Data-6537-Type1;95884.0000;DATA;1611608680.346841
/ndn/v4-site/v4/C2Data-850-Type4;189508.0000;DATA;1611608681.090920
/ndn/v6-site/v6/C2Data-3112-Type3;115205.0000;DATA;1611608682.213838
/ndn/v14-site/v14/C2Data-1100-Type4;51326.0000;DATA;1611608682.403830
/ndn/s11-site/s11/C2Data-4964-Type1;6000787.0000;TIMEOUT;1611608677.173875
/ndn/s9-site/s9/C2Data-4722-Type1;6003790.0000;TIMEOUT;1611608677.644869
/ndn/v13-site/v13/C2Data-3539-Type3;96475.0000;DATA;1611608683.696854
/ndn/s0-site/s0/C2Data-1831-Type3;6000274.0000;TIMEOUT;1611608678.671886
/ndn/s11-site/s11/C2Data-2502-Type3;6000267.0000;TIMEOUT;1611608679.129868
/ndn/s10-site/s10/C2Data-4843-Type2;6000264.0000;TIMEOUT;1611608679.147797
/ndn/h5-site/h5/C2Data-306-Type3;23761.0000;DATA;1611608685.183829
/ndn/h2-site/h2/C2Data-50-Type4;228114.0000;DATA;1611608699.024801
/ndn/d0-site/d0/C2Data-1819-Type2;97246.0000;DATA;1611608700.786782
/ndn/h7-site/h7/C2Data-851-Type1;117392.0000;DATA;1611608701.350770
/ndn/h6-site/h6/C2Data-730-Type2;71222.0000;DATA;1611608701.627863
/ndn/v3-site/v3/C2Data-5812-Type2;69525.0000;DATA;1611608702.655832
/ndn/h14-site/h14/C2Data-1698-Type1;144108.0000;DATA;1611608702.761863
/ndn/h1-site/h1/C2Data-125-Type1;142862.0000;DATA;1611608704.372809
/ndn/h0-site/h0/C2Data-4-Type2;99946.0000;DATA;1611608707.855794
/ndn/d11-site/d11/C2Data-3150-Type1;119590.0000;DATA;1611608708.632754
/ndn/v0-site/v0/C2Data-5449-Type2;75841.0000;DATA;1611608709.188812
/ndn/d2-site/d2/C2Data-2061-Type2;114761.0000;DATA;1611608709.911800
/ndn/h12-site/h12/C2Data-1456-Type2;194133.0000;DATA;1611608711.000766
/ndn/h14-site/h14/C2Data-350-Type4;85859.0000;DATA;1611608713.630836
/ndn/h4-site/h4/C2Data-100-Type4;84884.0000;DATA;1611608719.446841
/ndn/d2-site/d2/C2Data-1039-Type3;114916.0000;DATA;1611608724.233817
/ndn/v3-site/v3/C2Data-825-Type4;68842.0000;DATA;1611608724.305810
/ndn/h0-site/h0/C2Data-2-Type3;97492.0000;DATA;1611608727.577791
/ndn/h13-site/h13/C2Data-325-Type4;74594.0000;DATA;1611608727.943775
/ndn/h3-site/h3/C2Data-368-Type2;140469.0000;DATA;1611608730.549845
/ndn/v5-site/v5/C2Data-875-Type4;187926.0000;DATA;1611608730.735891
/ndn/h8-site/h8/C2Data-490-Type3;28124.0000;DATA;1611608733.460833
/ndn/v3-site/v3/C2Data-5813-Type1;71234.0000;DATA;1611608733.609836
/ndn/d4-site/d4/C2Data-1161-Type3;168461.0000;DATA;1611608734.177771
/ndn/h11-site/h11/C2Data-673-Type3;166148.0000;DATA;1611608734.900836
/ndn/s10-site/s10/C2Data-2442-Type3;6001486.0000;TIMEOUT;1611608729.205763
/ndn/d4-site/d4/C2Data-2304-Type1;163129.0000;DATA;1611608735.605755
/ndn/h10-site/h10/C2Data-612-Type3;95416.0000;DATA;1611608735.997755
/ndn/v10-site/v10/C2Data-6660-Type2;70432.0000;DATA;1611608736.091765
/ndn/s9-site/s9/C2Data-2381-Type3;6000271.0000;TIMEOUT;1611608730.254771
/ndn/s7-site/s7/C2Data-4482-Type2;6000776.0000;TIMEOUT;1611608731.775849
/ndn/h2-site/h2/C2Data-124-Type3;192555.0000;DATA;1611608737.632784
/ndn/v5-site/v5/C2Data-6055-Type2;193795.0000;DATA;1611608738.913756
/ndn/v8-site/v8/C2Data-6418-Type1;93008.0000;DATA;1611608739.951846
/ndn/h7-site/h7/C2Data-852-Type2;117222.0000;DATA;1611608740.495844
/ndn/d6-site/d6/C2Data-1283-Type3;72023.0000;DATA;1611608741.118812
/ndn/h5-site/h5/C2Data-610-Type2;25166.0000;DATA;1611608741.239830
/ndn/d13-site/d13/C2Data-3393-Type1;143370.0000;DATA;1611608741.272801
/ndn/v14-site/v14/C2Data-3601-Type3;50199.0000;DATA;1611608742.364863
/ndn/h14-site/h14/C2Data-856-Type3;145428.0000;DATA;1611608742.897629
/ndn/s4-site/s4/C2Data-4119-Type1;6000304.0000;TIMEOUT;1611608738.401780
/ndn/s13-site/s13/C2Data-2625-Type3;6003563.0000;TIMEOUT;1611608739.352897
/ndn/d1-site/d1/C2Data-978-Type3;172914.0000;DATA;1611608746.787741
/ndn/s0-site/s0/C2Data-3635-Type2;6000196.0000;TIMEOUT;1611608741.281926
/ndn/v8-site/v8/C2Data-6419-Type1;97224.0000;DATA;1611608760.531789
/ndn/h7-site/h7/C2Data-853-Type1;116962.0000;DATA;1611608760.694884
/ndn/h8-site/h8/C2Data-974-Type2;24063.0000;DATA;1611608761.171747
/ndn/h6-site/h6/C2Data-732-Type1;72392.0000;DATA;1611608761.937939
/ndn/d5-site/d5/C2Data-2426-Type1;46567.0000;DATA;1611608763.889813
/ndn/v5-site/v5/C2Data-6056-Type2;183588.0000;DATA;1611608763.863843
/ndn/v12-site/v12/C2Data-6903-Type1;171621.0000;DATA;1611608764.740843
/ndn/h5-site/h5/C2Data-611-Type2;23774.0000;DATA;1611608765.786814
/ndn/s11-site/s11/C2Data-4967-Type1;6000449.0000;TIMEOUT;1611608759.896841
/ndn/h2-site/h2/C2Data-248-Type1;189218.0000;DATA;1611608767.052795
/ndn/v14-site/v14/C2Data-7145-Type2;50696.0000;DATA;1611608767.523810
/ndn/v5-site/v5/C2Data-6056-Type1;191872.0000;DATA;1611608767.841781
/ndn/d7-site/d7/C2Data-2668-Type2;49535.0000;DATA;1611608768.848857
/ndn/v9-site/v9/C2Data-6540-Type2;102666.0000;DATA;1611608769.403026
/ndn/v6-site/v6/C2Data-6177-Type1;120802.0000;DATA;1611608770.821738
/ndn/h3-site/h3/C2Data-369-Type2;142764.0000;DATA;1611608770.850901
/ndn/s7-site/s7/C2Data-4483-Type2;6000257.0000;TIMEOUT;1611608765.860742
/ndn/h13-site/h13/C2Data-796-Type3;102629.0000;DATA;1611608784.497787
/ndn/s9-site/s9/C2Data-2382-Type3;6000644.0000;TIMEOUT;1611608783.728917
/ndn/v7-site/v7/C2Data-3175-Type3;142060.0000;DATA;1611608789.767812
/ndn/v12-site/v12/C2Data-3480-Type3;167434.0000;DATA;1611608790.665856
/ndn/h13-site/h13/C2Data-1580-Type2;73059.0000;DATA;1611608792.103796
/ndn/h2-site/h2/C2Data-249-Type2;188395.0000;DATA;1611608791.993843
/ndn/v6-site/v6/C2Data-3114-Type3;123169.0000;DATA;1611608792.942886
/ndn/s4-site/s4/C2Data-2077-Type3;6001499.0000;TIMEOUT;1611608787.186854
/ndn/v1-site/v1/C2Data-2809-Type3;162976.0000;DATA;1611608793.230803
/ndn/h3-site/h3/C2Data-370-Type2;140674.0000;DATA;1611608793.492763
/ndn/d9-site/d9/C2Data-2911-Type1;24025.0000;DATA;1611608794.836744
/ndn/s10-site/s10/C2Data-2443-Type3;6000316.0000;TIMEOUT;1611608789.161852
/ndn/h3-site/h3/C2Data-186-Type3;144227.0000;DATA;1611608795.104743
