/ndn/s6-site/s6/C2Data-3146-Type2;101665.0000;DATA;1612146987.824824
/ndn/v8-site/v8/C2Data-4598-Type1;27688.0000;DATA;1612146988.124871
/ndn/d9-site/d9/C2Data-2299-Type2;174576.0000;DATA;1612146990.423347
/ndn/d0-site/d0/C2Data-1210-Type2;127648.0000;DATA;1612146991.075526
/ndn/d8-site/d8/C2Data-2178-Type2;167435.0000;DATA;1612146991.492187
/ndn/v8-site/v8/C2Data-4598-Type2;3706.0000;DATA;1612146994.389904
/ndn/s9-site/s9/C2Data-3509-Type1;81845.0000;DATA;1612146994.864848
/ndn/h9-site/h9/C2Data-1089-Type2;201736.0000;DATA;1612146996.031000
/ndn/d8-site/d8/C2Data-2178-Type1;28148.0000;DATA;1612146996.415800
/ndn/h8-site/h8/C2Data-968-Type2;24768.0000;DATA;1612146996.554801
/ndn/h2-site/h2/C2Data-242-Type2;1413.0000;DATA;1612146997.305174
/ndn/v8-site/v8/C2Data-2318-Type3;34835.0000;DATA;1612147011.810582
/ndn/h6-site/h6/C2Data-366-Type3;29780.0000;DATA;1612147016.935288
/ndn/s7-site/s7/C2Data-3268-Type1;81168.0000;DATA;1612147018.372493
/ndn/h3-site/h3/C2Data-364-Type1;75434.0000;DATA;1612147021.139841
/ndn/d7-site/d7/C2Data-2058-Type2;192029.0000;DATA;1612147021.176976
/ndn/v8-site/v8/C2Data-4599-Type2;33597.0000;DATA;1612147022.022139
/ndn/h3-site/h3/C2Data-364-Type2;139463.0000;DATA;1612147022.311770
/ndn/d0-site/d0/C2Data-1211-Type1;105794.0000;DATA;1612147023.115972
/ndn/h9-site/h9/C2Data-549-Type3;203362.0000;DATA;1612147023.974547
/ndn/s6-site/s6/C2Data-3147-Type1;157666.0000;DATA;1612147024.026043
/ndn/s1-site/s1/C2Data-2542-Type2;156258.0000;DATA;1612147024.645926
/ndn/s8-site/s8/C2Data-3389-Type2;95304.0000;DATA;1612147026.263473
/ndn/d3-site/d3/C2Data-793-Type3;117260.0000;DATA;1612147026.354335
/ndn/h0-site/h0/C2Data-1-Type2;142072.0000;DATA;1612147026.289226
/ndn/s6-site/s6/C2Data-3147-Type2;25508.0000;DATA;1612147026.733444
/ndn/d0-site/d0/C2Data-610-Type3;131400.0000;DATA;1612147027.347774
/ndn/d4-site/d4/C2Data-854-Type3;1227.0000;DATA;1612147030.477517
/ndn/s3-site/s3/C2Data-1403-Type3;39141.0000;DATA;1612147031.045780
/ndn/d2-site/d2/C2Data-732-Type3;103268.0000;DATA;1612147033.964811
/ndn/d4-site/d4/C2Data-1696-Type2;47396.0000;DATA;1612147047.875769
/ndn/v1-site/v1/C2Data-3753-Type2;26018.0000;DATA;1612147048.186917
/ndn/h4-site/h4/C2Data-486-Type1;51900.0000;DATA;1612147049.246728
/ndn/d9-site/d9/C2Data-2301-Type1;175441.0000;DATA;1612147049.920737
/ndn/v3-site/v3/C2Data-3995-Type1;1304.0000;DATA;1612147051.280881
/ndn/d9-site/d9/C2Data-2301-Type2;155535.0000;DATA;1612147055.351258
/ndn/v5-site/v5/C2Data-4237-Type1;168684.0000;DATA;1612147055.417751
/ndn/h2-site/h2/C2Data-244-Type1;111940.0000;DATA;1612147055.582851
/ndn/h0-site/h0/C2Data-2-Type2;29541.0000;DATA;1612147057.852839
/ndn/d0-site/d0/C2Data-1212-Type1;26969.0000;DATA;1612147058.897605
/ndn/h4-site/h4/C2Data-245-Type3;26181.0000;DATA;1612147073.153796
/ndn/d1-site/d1/C2Data-1334-Type2;121256.0000;DATA;1612147078.061764
/ndn/s7-site/s7/C2Data-3270-Type2;74387.0000;DATA;1612147078.486015
/ndn/d6-site/d6/C2Data-1939-Type2;166225.0000;DATA;1612147079.013220
/ndn/h3-site/h3/C2Data-184-Type3;3196.0000;DATA;1612147079.778562
/ndn/h7-site/h7/C2Data-850-Type2;24643.0000;DATA;1612147080.100795
/ndn/s4-site/s4/C2Data-1465-Type3;179893.0000;DATA;1612147080.259725
/ndn/s8-site/s8/C2Data-3391-Type1;72941.0000;DATA;1612147081.006436
