/C2Data/h1/C2Data-21-Type2;112615.0000;DATA;1609195605.627484
/C2Data/d3/C2Data-147-Type2;21569.0000;NACK;1609195605.750075
/C2Data/d0/C2Data-84-Type2;24025.0000;DATA;1609195607.825306
/C2Data/v0/C2Data-252-Type2;73969.0000;DATA;1609195609.034252
/C2Data/s1/C2Data-189-Type2;69146.0000;DATA;1609195618.352657
/C2Data/v2/C2Data-295-Type2;111908.0000;DATA;1609195661.484208
/C2Data/s3/C2Data-121-Type3;29376.0000;DATA;1609195669.484218
/C2Data/v1/C2Data-143-Type3;51892.0000;DATA;1609195677.959226
/C2Data/s1/C2Data-99-Type3;71274.0000;DATA;1609195685.765063
/C2Data/s2/C2Data-212-Type1;71319.0000;NACK;1609195724.607161
/C2Data/d0/C2Data-86-Type1;26207.0000;DATA;1609195725.830590
/C2Data/h3/C2Data-34-Type3;30767.0000;DATA;1609195768.914827
/C2Data/v3/C2Data-166-Type3;46507.0000;DATA;1609195775.531115
/C2Data/s3/C2Data-234-Type1;35742.0000;DATA;1609195781.623038
/C2Data/h1/C2Data-12-Type3;93886.0000;DATA;1609195782.479404
/C2Data/s1/C2Data-100-Type3;75266.0000;DATA;1609195784.679125
/C2Data/s1/C2Data-192-Type1;69477.0000;DATA;1609195788.094896
/C2Data/d3/C2Data-78-Type3;21281.0000;NACK;1609195790.971283
/C2Data/d0/C2Data-87-Type1;32309.0000;DATA;1609195791.293813
/C2Data/h2/C2Data-23-Type3;94728.0000;DATA;1609195804.734465
/C2Data/v3/C2Data-55-Type4;50475.0000;DATA;1609195811.161809
/C2Data/v0/C2Data-256-Type1;92818.0000;DATA;1609195839.047028
/C2Data/h1/C2Data-25-Type1;91629.0000;DATA;1609195851.645010
/C2Data/h3/C2Data-67-Type2;25751.0000;DATA;1609195856.904104
/C2Data/s1/C2Data-194-Type2;78400.0000;DATA;1609195898.980729
/C2Data/h3/C2Data-68-Type2;31938.0000;DATA;1609195900.350716
/C2Data/h2/C2Data-24-Type3;91519.0000;DATA;1609195905.791949
/C2Data/v1/C2Data-278-Type2;52272.0000;DATA;1609195906.163894
/C2Data/s0/C2Data-173-Type1;24866.0000;DATA;1609195917.001720
/C2Data/h1/C2Data-13-Type3;100424.0000;DATA;1609195919.841998
/C2Data/v1/C2Data-279-Type1;59706.0000;DATA;1609195960.260202
/C2Data/s1/C2Data-195-Type1;74538.0000;DATA;1609195961.182655
/C2Data/h1/C2Data-27-Type1;106540.0000;DATA;1609195963.857936
/C2Data/v3/C2Data-321-Type1;49420.0000;DATA;1609195974.604350
/C2Data/v2/C2Data-157-Type3;91474.0000;DATA;1609196021.393173
/C2Data/h0/C2Data-3-Type3;51463.0000;DATA;1609196023.584830
/C2Data/d0/C2Data-91-Type1;23510.0000;DATA;1609196024.172332
/C2Data/s0/C2Data-175-Type2;23695.0000;DATA;1609196026.919337
/C2Data/h3/C2Data-36-Type3;23465.0000;DATA;1609196029.293103
/C2Data/d0/C2Data-12-Type5;23645.0000;DATA;1609196031.897971
/C2Data/d1/C2Data-58-Type3;46363.0000;DATA;1609196033.702401
/C2Data/s2/C2Data-113-Type3;64846.0000;NACK;1609196037.999605
/C2Data/v1/C2Data-280-Type2;54684.0000;DATA;1609196040.880723
/C2Data/h3/C2Data-71-Type2;23839.0000;DATA;1609196080.442163
/C2Data/d0/C2Data-92-Type2;27393.0000;DATA;1609196090.846655
/C2Data/d3/C2Data-36-Type4;24521.0000;NACK;1609196143.541857
/C2Data/v1/C2Data-282-Type2;47513.0000;DATA;1609196143.823060
/C2Data/s0/C2Data-177-Type2;24384.0000;DATA;1609196143.913337
/C2Data/d1/C2Data-15-Type5;50221.0000;DATA;1609196144.303795
/C2Data/h2/C2Data-51-Type1;78791.0000;DATA;1609196169.675168
