/ndn/s6-site/s6/C2Data-4356-Type2;193771.0000;DATA;1611602586.243473
/ndn/v7-site/v7/C2Data-6292-Type1;52703.0000;DATA;1611602587.958583
/ndn/s10-site/s10/C2Data-4840-Type2;404.0000;NACK;1611602588.613335
/ndn/h14-site/h14/C2Data-1694-Type2;451.0000;NACK;1611602589.654661
/ndn/d5-site/d5/C2Data-2420-Type1;236840.0000;DATA;1611602589.552443
/ndn/v8-site/v8/C2Data-6413-Type2;368.0000;NACK;1611602589.796551
/ndn/h1-site/h1/C2Data-121-Type1;168143.0000;DATA;1611602592.259505
/ndn/s12-site/s12/C2Data-5082-Type2;409.0000;NACK;1611602593.389675
/ndn/h4-site/h4/C2Data-484-Type1;148838.0000;DATA;1611602593.474475
/ndn/d9-site/d9/C2Data-2904-Type1;168501.0000;DATA;1611602595.171507
/ndn/d0-site/d0/C2Data-1815-Type2;127507.0000;DATA;1611602596.341552
/ndn/d2-site/d2/C2Data-1037-Type3;151779.0000;DATA;1611602609.937878
/ndn/h1-site/h1/C2Data-61-Type3;196001.0000;DATA;1611602610.852530
/ndn/s6-site/s6/C2Data-2196-Type3;183453.0000;DATA;1611602611.171434
/ndn/h9-site/h9/C2Data-549-Type3;205830.0000;DATA;1611602611.561475
/ndn/v8-site/v8/C2Data-3233-Type3;594.0000;NACK;1611602612.800100
/ndn/h14-site/h14/C2Data-854-Type3;491.0000;NACK;1611602613.917494
/ndn/v10-site/v10/C2Data-6656-Type1;479.0000;NACK;1611602616.089527
/ndn/h8-site/h8/C2Data-969-Type2;185926.0000;DATA;1611602617.654555
/ndn/d4-site/d4/C2Data-2300-Type2;210859.0000;DATA;1611602617.655523
/ndn/d0-site/d0/C2Data-1816-Type1;119295.0000;DATA;1611602618.472536
/ndn/h10-site/h10/C2Data-610-Type3;225380.0000;DATA;1611602620.541469
/ndn/h3-site/h3/C2Data-364-Type1;51286.0000;DATA;1611602621.445579
/ndn/h11-site/h11/C2Data-1332-Type2;213042.0000;DATA;1611602621.411503
/ndn/d2-site/d2/C2Data-2058-Type2;139152.0000;DATA;1611602622.230488
/ndn/s5-site/s5/C2Data-2135-Type3;120794.0000;DATA;1611602623.132474
/ndn/s14-site/s14/C2Data-5325-Type2;214220.0000;DATA;1611602623.233451
/ndn/d5-site/d5/C2Data-2421-Type1;245164.0000;DATA;1611602623.434652
/ndn/h12-site/h12/C2Data-732-Type3;232258.0000;DATA;1611602626.255626
/ndn/s10-site/s10/C2Data-4841-Type2;294014.0000;DATA;1611602626.291579
/ndn/h4-site/h4/C2Data-244-Type3;261219.0000;DATA;1611602629.938539
/ndn/d9-site/d9/C2Data-1464-Type3;207564.0000;DATA;1611602630.903173
/ndn/v12-site/v12/C2Data-6899-Type2;24092.0000;DATA;1611602645.179539
/ndn/d0-site/d0/C2Data-1817-Type1;119555.0000;DATA;1611602646.284640
/ndn/h0-site/h0/C2Data-2-Type1;291497.0000;DATA;1611602646.729455
/ndn/d6-site/d6/C2Data-2543-Type1;207773.0000;DATA;1611602649.363499
/ndn/v11-site/v11/C2Data-6778-Type1;190095.0000;DATA;1611602651.349673
/ndn/v1-site/v1/C2Data-5568-Type1;23800.0000;DATA;1611602651.976561
/ndn/h4-site/h4/C2Data-486-Type2;272012.0000;DATA;1611602651.892479
/ndn/v5-site/v5/C2Data-6052-Type1;29392.0000;DATA;1611602654.014540
/ndn/d13-site/d13/C2Data-3390-Type2;193689.0000;DATA;1611602653.990587
/ndn/v6-site/v6/C2Data-6173-Type1;193313.0000;DATA;1611602654.382463
/ndn/d11-site/d11/C2Data-3148-Type2;72264.0000;DATA;1611602654.771530
/ndn/d12-site/d12/C2Data-3269-Type2;98527.0000;DATA;1611602655.110553
/ndn/v6-site/v6/C2Data-6173-Type2;195125.0000;DATA;1611602655.250536
/ndn/s4-site/s4/C2Data-4116-Type2;392924.0000;DATA;1611602656.840516
/ndn/s10-site/s10/C2Data-4842-Type1;6000870.0000;TIMEOUT;1611602656.290473
/ndn/v14-site/v14/C2Data-3600-Type3;245664.0000;DATA;1611602673.451582
/ndn/s9-site/s9/C2Data-2380-Type3;242252.0000;DATA;1611602673.637661
/ndn/d13-site/d13/C2Data-1709-Type3;187505.0000;DATA;1611602676.002540
/ndn/d8-site/d8/C2Data-1404-Type3;118628.0000;DATA;1611602678.134582
/ndn/v5-site/v5/C2Data-6053-Type1;24141.0000;DATA;1611602679.662535
/ndn/h12-site/h12/C2Data-733-Type3;311002.0000;DATA;1611602680.213424
/ndn/v3-site/v3/C2Data-5811-Type1;258434.0000;DATA;1611602680.680480
/ndn/h6-site/h6/C2Data-729-Type1;266068.0000;DATA;1611602681.407502
/ndn/s0-site/s0/C2Data-1831-Type3;6000345.0000;TIMEOUT;1611602675.789595
/ndn/d10-site/d10/C2Data-3028-Type1;259039.0000;DATA;1611602682.027518
/ndn/h1-site/h1/C2Data-124-Type2;164964.0000;DATA;1611602682.383486
/ndn/v9-site/v9/C2Data-3295-Type3;280178.0000;DATA;1611602682.284423
/ndn/s2-site/s2/C2Data-3875-Type1;6000219.0000;TIMEOUT;1611602676.868499
/ndn/s6-site/s6/C2Data-4359-Type2;6000217.0000;TIMEOUT;1611602678.153524
/ndn/v11-site/v11/C2Data-3417-Type3;181716.0000;DATA;1611602684.185518
/ndn/d10-site/d10/C2Data-1526-Type3;260938.0000;DATA;1611602684.508447
/ndn/v0-site/v0/C2Data-5448-Type1;215715.0000;DATA;1611602684.765615
/ndn/s2-site/s2/C2Data-1953-Type3;6000627.0000;TIMEOUT;1611602679.487520
/ndn/h4-site/h4/C2Data-245-Type3;267292.0000;DATA;1611602685.342464
/ndn/d6-site/d6/C2Data-2544-Type2;217119.0000;DATA;1611602686.066443
/ndn/s2-site/s2/C2Data-3875-Type2;6000771.0000;TIMEOUT;1611602681.166637
/ndn/v2-site/v2/C2Data-2868-Type3;187108.0000;DATA;1611602687.199525
/ndn/s11-site/s11/C2Data-4964-Type1;6000878.0000;TIMEOUT;1611602682.008543
/ndn/s14-site/s14/C2Data-2685-Type3;6000287.0000;TIMEOUT;1611602682.692549
/ndn/v7-site/v7/C2Data-925-Type4;49076.0000;DATA;1611602688.805505
/ndn/d8-site/d8/C2Data-575-Type4;118181.0000;DATA;1611602688.931522
/ndn/h9-site/h9/C2Data-550-Type3;203610.0000;DATA;1611602690.477485
/ndn/h5-site/h5/C2Data-306-Type3;217967.0000;DATA;1611602690.824499
/ndn/s6-site/s6/C2Data-2197-Type3;6000383.0000;TIMEOUT;1611602685.426503
/ndn/s14-site/s14/C2Data-5327-Type1;6000788.0000;TIMEOUT;1611602686.595518
/ndn/v6-site/v6/C2Data-900-Type4;287983.0000;DATA;1611602694.601543
/ndn/v5-site/v5/C2Data-875-Type4;24714.0000;DATA;1611602696.968533
/ndn/d14-site/d14/C2Data-725-Type4;273994.0000;DATA;1611602699.720496
/ndn/v8-site/v8/C2Data-6417-Type1;292205.0000;DATA;1611602707.578548
/ndn/v0-site/v0/C2Data-5449-Type1;214208.0000;DATA;1611602709.708526
/ndn/h8-site/h8/C2Data-972-Type1;199317.0000;DATA;1611602709.740546
/ndn/h0-site/h0/C2Data-0-Type4;75241.0000;DATA;1611602710.152439
/ndn/v13-site/v13/C2Data-7022-Type1;242480.0000;DATA;1611602711.348526
/ndn/h6-site/h6/C2Data-150-Type4;269730.0000;DATA;1611602711.713484
/ndn/s1-site/s1/C2Data-3755-Type1;6000275.0000;TIMEOUT;1611602706.679527
/ndn/v0-site/v0/C2Data-750-Type4;210073.0000;DATA;1611602713.364477
/ndn/d6-site/d6/C2Data-2545-Type1;212634.0000;DATA;1611602713.577697
/ndn/s5-site/s5/C2Data-4239-Type1;6000423.0000;TIMEOUT;1611602708.535459
/ndn/h10-site/h10/C2Data-1214-Type2;193490.0000;DATA;1611602714.719437
/ndn/v2-site/v2/C2Data-800-Type4;165646.0000;DATA;1611602717.271484
/ndn/s9-site/s9/C2Data-4723-Type1;6000756.0000;TIMEOUT;1611602712.435462
/ndn/s7-site/s7/C2Data-4481-Type1;6000728.0000;TIMEOUT;1611602713.922152
/ndn/d10-site/d10/C2Data-625-Type4;316877.0000;DATA;1611602720.989504
/ndn/s7-site/s7/C2Data-4481-Type2;6000536.0000;TIMEOUT;1611602715.973651
/ndn/d11-site/d11/C2Data-1588-Type3;100878.0000;DATA;1611602729.298549
/ndn/h10-site/h10/C2Data-612-Type3;196581.0000;DATA;1611602729.927503
/ndn/d6-site/d6/C2Data-1283-Type3;217792.0000;DATA;1611602731.399527
/ndn/h1-site/h1/C2Data-63-Type3;180533.0000;DATA;1611602731.814523
/ndn/h12-site/h12/C2Data-734-Type3;321713.0000;DATA;1611602735.032540
/ndn/h2-site/h2/C2Data-50-Type4;308598.0000;DATA;1611602735.821647
/ndn/v5-site/v5/C2Data-3052-Type3;26997.0000;DATA;1611602736.678529
/ndn/h7-site/h7/C2Data-852-Type1;317314.0000;DATA;1611602736.641540
/ndn/d3-site/d3/C2Data-2183-Type1;189983.0000;DATA;1611602737.027585
/ndn/d1-site/d1/C2Data-1941-Type2;289420.0000;DATA;1611602736.934665
/ndn/d8-site/d8/C2Data-1405-Type3;117802.0000;DATA;1611602737.828077
/ndn/h11-site/h11/C2Data-1336-Type1;216857.0000;DATA;1611602737.835479
/ndn/s11-site/s11/C2Data-2503-Type3;6000446.0000;TIMEOUT;1611602734.886497
/ndn/s12-site/s12/C2Data-5087-Type1;6002270.0000;TIMEOUT;1611602735.346473
/ndn/d8-site/d8/C2Data-2788-Type2;119813.0000;DATA;1611602743.028431
/ndn/d13-site/d13/C2Data-3393-Type2;194261.0000;DATA;1611602743.635519
/ndn/h9-site/h9/C2Data-1094-Type2;188758.0000;DATA;1611602744.196479
/ndn/v7-site/v7/C2Data-6297-Type2;51599.0000;DATA;1611602744.451566
/ndn/s0-site/s0/C2Data-1832-Type3;6000529.0000;TIMEOUT;1611602738.531537
/ndn/s1-site/s1/C2Data-3756-Type1;6000703.0000;TIMEOUT;1611602740.261545
/ndn/v3-site/v3/C2Data-5813-Type1;268021.0000;DATA;1611602746.409531
/ndn/s13-site/s13/C2Data-2625-Type3;6000224.0000;TIMEOUT;1611602746.625477
/ndn/h13-site/h13/C2Data-1579-Type1;254624.0000;DATA;1611602767.387475
/ndn/d5-site/d5/C2Data-2426-Type2;198111.0000;DATA;1611602772.592533
/ndn/h2-site/h2/C2Data-248-Type2;316814.0000;DATA;1611602774.590492
/ndn/s1-site/s1/C2Data-3757-Type2;6000665.0000;TIMEOUT;1611602769.370531
/ndn/s7-site/s7/C2Data-4483-Type2;6000262.0000;TIMEOUT;1611602770.769504
/ndn/s11-site/s11/C2Data-4967-Type1;6001885.0000;TIMEOUT;1611602774.248525
/ndn/v9-site/v9/C2Data-3297-Type3;365201.0000;DATA;1611602789.169497
/ndn/d8-site/d8/C2Data-1406-Type3;124333.0000;DATA;1611602790.616545
/ndn/v12-site/v12/C2Data-3480-Type3;26537.0000;DATA;1611602792.097578
/ndn/d7-site/d7/C2Data-1345-Type3;149970.0000;DATA;1611602794.366489
/ndn/h8-site/h8/C2Data-975-Type2;191968.0000;DATA;1611602795.214509
/ndn/d0-site/d0/C2Data-1822-Type2;122887.0000;DATA;1611602795.428535
/ndn/h14-site/h14/C2Data-1701-Type2;275772.0000;DATA;1611602795.999487
/ndn/d1-site/d1/C2Data-1943-Type1;283948.0000;DATA;1611602797.119501
/ndn/s13-site/s13/C2Data-2626-Type3;6002005.0000;TIMEOUT;1611602791.518549
/ndn/d3-site/d3/C2Data-1101-Type3;202981.0000;DATA;1611602797.475465
/ndn/s11-site/s11/C2Data-2504-Type3;6000570.0000;TIMEOUT;1611602792.778576
/ndn/d2-site/d2/C2Data-2064-Type1;145055.0000;DATA;1611602798.691562
/ndn/h1-site/h1/C2Data-64-Type3;162685.0000;DATA;1611602798.965032
/ndn/h0-site/h0/C2Data-7-Type2;288072.0000;DATA;1611602799.855558
