/ndn/s3-site/s3/C2Data-2783-Type1;251438.0000;DATA;1612716190.121677
/ndn/v6-site/v6/C2Data-4356-Type2;199802.0000;DATA;1612716192.969945
/ndn/s0-site/s0/C2Data-2420-Type1;146299.0000;DATA;1612716193.454280
/ndn/d3-site/d3/C2Data-1573-Type1;219960.0000;DATA;1612716198.800926
/ndn/s4-site/s4/C2Data-2904-Type1;115586.0000;DATA;1612716200.030634
/ndn/d9-site/d9/C2Data-1159-Type3;58286.0000;DATA;1612716215.160678
/ndn/v0-site/v0/C2Data-1830-Type3;121724.0000;DATA;1612716218.299826
/ndn/h9-site/h9/C2Data-1090-Type1;90165.0000;DATA;1612716222.050675
/ndn/h8-site/h8/C2Data-488-Type3;148548.0000;DATA;1612716223.915602
/ndn/d4-site/d4/C2Data-1695-Type2;48848.0000;DATA;1612716224.899782
/ndn/d9-site/d9/C2Data-2300-Type1;49456.0000;DATA;1612716224.924166
/ndn/d1-site/d1/C2Data-671-Type3;122709.0000;DATA;1612716225.138229
/ndn/d4-site/d4/C2Data-854-Type3;51220.0000;DATA;1612716225.640892
/ndn/v8-site/v8/C2Data-4599-Type1;125520.0000;DATA;1612716225.827866
/ndn/h3-site/h3/C2Data-183-Type3;178814.0000;DATA;1612716227.154900
/ndn/h7-site/h7/C2Data-848-Type1;139332.0000;DATA;1612716227.440416
/ndn/v1-site/v1/C2Data-3752-Type2;98191.0000;DATA;1612716229.241348
/ndn/v4-site/v4/C2Data-4115-Type2;283030.0000;DATA;1612716230.255847
/ndn/s9-site/s9/C2Data-1769-Type3;259003.0000;DATA;1612716230.601936
/ndn/d6-site/d6/C2Data-976-Type3;179808.0000;DATA;1612716235.418942
/ndn/s0-site/s0/C2Data-1220-Type3;233441.0000;DATA;1612716237.177195
/ndn/d5-site/d5/C2Data-1817-Type2;51942.0000;DATA;1612716250.597188
/ndn/v8-site/v8/C2Data-4600-Type1;126195.0000;DATA;1612716250.514588
/ndn/v1-site/v1/C2Data-3753-Type1;97813.0000;DATA;1612716255.814462
/ndn/h1-site/h1/C2Data-123-Type2;98412.0000;DATA;1612716259.875627
/ndn/s3-site/s3/C2Data-2785-Type2;197826.0000;DATA;1612716261.106233
/ndn/s6-site/s6/C2Data-3149-Type2;25287.0000;DATA;1612716280.865934
/ndn/d5-site/d5/C2Data-1818-Type2;58117.0000;DATA;1612716280.970819
/ndn/s3-site/s3/C2Data-2786-Type1;218888.0000;DATA;1612716281.374913
/ndn/v0-site/v0/C2Data-1831-Type3;73561.0000;DATA;1612716281.591384
/ndn/v9-site/v9/C2Data-4722-Type1;25908.0000;DATA;1612716282.251937
/ndn/v3-site/v3/C2Data-3996-Type2;27344.0000;DATA;1612716282.320037
/ndn/d4-site/d4/C2Data-855-Type3;53497.0000;DATA;1612716282.905371
/ndn/s9-site/s9/C2Data-3512-Type1;251258.0000;DATA;1612716283.639075
/ndn/v9-site/v9/C2Data-2380-Type3;29160.0000;DATA;1612716283.911573
/ndn/v3-site/v3/C2Data-3996-Type1;27841.0000;DATA;1612716284.523315
/ndn/d6-site/d6/C2Data-1939-Type2;176579.0000;DATA;1612716284.664875
/ndn/s6-site/s6/C2Data-3149-Type1;36993.0000;DATA;1612716286.166675
/ndn/d9-site/d9/C2Data-2302-Type1;58336.0000;DATA;1612716286.752053
/ndn/d7-site/d7/C2Data-1038-Type3;108846.0000;DATA;1612716287.364943
/ndn/d0-site/d0/C2Data-1213-Type2;175806.0000;DATA;1612716287.568406
/ndn/h4-site/h4/C2Data-487-Type1;111676.0000;DATA;1612716287.796951
/ndn/s0-site/s0/C2Data-2423-Type2;6000681.0000;TIMEOUT;1612716283.504361
/ndn/v4-site/v4/C2Data-4117-Type1;266077.0000;DATA;1612716290.882942
/ndn/h9-site/h9/C2Data-225-Type4;88331.0000;DATA;1612716291.380411
/ndn/s5-site/s5/C2Data-3028-Type2;6000535.0000;TIMEOUT;1612716287.775082
/ndn/s6-site/s6/C2Data-1587-Type3;31527.0000;DATA;1612716297.193495
/ndn/s7-site/s7/C2Data-1648-Type3;6001455.0000;TIMEOUT;1612716294.171915
/ndn/h9-site/h9/C2Data-1093-Type2;74864.0000;DATA;1612716309.862949
/ndn/d4-site/d4/C2Data-1698-Type1;50071.0000;DATA;1612716310.937922
/ndn/v0-site/v0/C2Data-500-Type4;74239.0000;DATA;1612716310.940390
/ndn/v5-site/v5/C2Data-4239-Type2;257868.0000;DATA;1612716311.799904
/ndn/d9-site/d9/C2Data-475-Type4;68209.0000;DATA;1612716316.222150
/ndn/h7-site/h7/C2Data-851-Type1;142329.0000;DATA;1612716316.475894
/ndn/d1-site/d1/C2Data-1335-Type1;121314.0000;DATA;1612716317.182044
/ndn/v4-site/v4/C2Data-4118-Type1;252539.0000;DATA;1612716317.660994
/ndn/d7-site/d7/C2Data-2061-Type2;95794.0000;DATA;1612716318.867562
/ndn/h7-site/h7/C2Data-175-Type4;133188.0000;DATA;1612716324.731410
/ndn/d4-site/d4/C2Data-856-Type3;48322.0000;DATA;1612716336.263054
/ndn/d8-site/d8/C2Data-1100-Type3;50841.0000;DATA;1612716336.739468
/ndn/v5-site/v5/C2Data-4240-Type1;192463.0000;DATA;1612716340.428240
/ndn/d3-site/d3/C2Data-1578-Type2;219018.0000;DATA;1612716340.905844
/ndn/v1-site/v1/C2Data-3756-Type1;117766.0000;DATA;1612716341.227299
/ndn/s9-site/s9/C2Data-1771-Type3;6004618.0000;TIMEOUT;1612716336.187980
/ndn/d1-site/d1/C2Data-275-Type4;118247.0000;DATA;1612716343.345898
/ndn/h3-site/h3/C2Data-185-Type3;194130.0000;DATA;1612716344.125464
/ndn/d1-site/d1/C2Data-1336-Type2;122498.0000;DATA;1612716344.378447
/ndn/h7-site/h7/C2Data-852-Type2;123048.0000;DATA;1612716344.480380
/ndn/h6-site/h6/C2Data-731-Type2;186610.0000;DATA;1612716344.630994
/ndn/h8-site/h8/C2Data-490-Type3;147097.0000;DATA;1612716345.442879
/ndn/s5-site/s5/C2Data-3030-Type1;6000656.0000;TIMEOUT;1612716340.295486
/ndn/h0-site/h0/C2Data-5-Type1;29163.0000;DATA;1612716346.940125
/ndn/s9-site/s9/C2Data-3514-Type2;6000685.0000;TIMEOUT;1612716343.380871
/ndn/s3-site/s3/C2Data-2788-Type1;6000423.0000;TIMEOUT;1612716344.610634
/ndn/d5-site/d5/C2Data-1820-Type1;52963.0000;DATA;1612716351.035009
/ndn/v0-site/v0/C2Data-3635-Type2;93979.0000;DATA;1612716351.033575
/ndn/s0-site/s0/C2Data-2425-Type2;6008172.0000;TIMEOUT;1612716345.680870
/ndn/v9-site/v9/C2Data-4724-Type2;27192.0000;DATA;1612716351.720956
/ndn/d7-site/d7/C2Data-1039-Type3;116159.0000;DATA;1612716351.915021
/ndn/s0-site/s0/C2Data-2425-Type1;6006538.0000;TIMEOUT;1612716346.504722
/ndn/h2-site/h2/C2Data-124-Type3;170067.0000;DATA;1612716353.047783
/ndn/s7-site/s7/C2Data-3272-Type1;6001440.0000;TIMEOUT;1612716348.332992
/ndn/h9-site/h9/C2Data-551-Type3;76865.0000;DATA;1612716357.388667
/ndn/v4-site/v4/C2Data-4120-Type1;763972.0000;DATA;1612716369.989177
/ndn/v7-site/v7/C2Data-4483-Type1;25611.0000;DATA;1612716375.673216
/ndn/h2-site/h2/C2Data-248-Type2;217620.0000;DATA;1612716376.177287
/ndn/h6-site/h6/C2Data-732-Type2;166955.0000;DATA;1612716376.792651
/ndn/s3-site/s3/C2Data-2789-Type1;6002882.0000;TIMEOUT;1612716371.767775
/ndn/v4-site/v4/C2Data-2077-Type3;282755.0000;DATA;1612716394.440914
/ndn/v9-site/v9/C2Data-4726-Type1;24920.0000;DATA;1612716400.191494
/ndn/v7-site/v7/C2Data-2260-Type3;34605.0000;DATA;1612716402.534959
/ndn/h6-site/h6/C2Data-733-Type2;157601.0000;DATA;1612716402.604550
/ndn/v2-site/v2/C2Data-3879-Type1;130802.0000;DATA;1612716403.899868
/ndn/d5-site/d5/C2Data-1822-Type1;48706.0000;DATA;1612716404.597014
/ndn/s1-site/s1/C2Data-1284-Type3;6002973.0000;TIMEOUT;1612716398.955496
/ndn/d7-site/d7/C2Data-2064-Type2;98032.0000;DATA;1612716404.980907
/ndn/h2-site/h2/C2Data-26-Type5;174641.0000;DATA;1612716406.724698
/ndn/s7-site/s7/C2Data-3274-Type2;6001477.0000;TIMEOUT;1612716401.261812
/ndn/h1-site/h1/C2Data-64-Type3;95779.0000;DATA;1612716407.701487
/ndn/d8-site/d8/C2Data-1101-Type3;48318.0000;DATA;1612716408.149892
/ndn/s6-site/s6/C2Data-3153-Type1;6010218.0000;TIMEOUT;1612716402.376063
/ndn/d3-site/d3/C2Data-1580-Type2;216079.0000;DATA;1612716408.444436
/ndn/h8-site/h8/C2Data-491-Type3;145163.0000;DATA;1612716408.836872
/ndn/d1-site/d1/C2Data-1338-Type1;139078.0000;DATA;1612716408.902647
/ndn/h9-site/h9/C2Data-1096-Type2;78547.0000;DATA;1612716409.782944
/ndn/v3-site/v3/C2Data-4000-Type1;25975.0000;DATA;1612716409.960873
/ndn/v3-site/v3/C2Data-4000-Type2;29762.0000;DATA;1612716410.246705
/ndn/s6-site/s6/C2Data-1589-Type3;6001965.0000;TIMEOUT;1612716405.507245
/ndn/s4-site/s4/C2Data-1467-Type3;6004764.0000;TIMEOUT;1612716413.188464
/ndn/v1-site/v1/C2Data-273-Type5;224701.0000;DATA;1612716425.638794
/ndn/h8-site/h8/C2Data-976-Type1;158056.0000;DATA;1612716430.746966
/ndn/d9-site/d9/C2Data-2307-Type2;73422.0000;DATA;1612716432.286019
/ndn/h6-site/h6/C2Data-734-Type2;156533.0000;DATA;1612716434.715990
/ndn/v7-site/v7/C2Data-676-Type4;25720.0000;DATA;1612716436.500901
/ndn/v8-site/v8/C2Data-364-Type5;127305.0000;DATA;1612716436.434166
/ndn/s9-site/s9/C2Data-3517-Type1;6001237.0000;TIMEOUT;1612716435.011181
/ndn/v3-site/v3/C2Data-4001-Type2;28392.0000;DATA;1612716441.173002
/ndn/d1-site/d1/C2Data-675-Type3;215217.0000;DATA;1612716458.141641
/ndn/s9-site/s9/C2Data-1773-Type3;6002500.0000;TIMEOUT;1612716454.820544
/ndn/v2-site/v2/C2Data-1956-Type3;612431.0000;DATA;1612716460.836599
/ndn/v8-site/v8/C2Data-4607-Type1;173117.0000;DATA;1612716461.463614
/ndn/d3-site/d3/C2Data-797-Type3;218758.0000;DATA;1612716461.564666
/ndn/d0-site/d0/C2Data-1219-Type1;168782.0000;DATA;1612716461.658501
/ndn/v0-site/v0/C2Data-3639-Type2;72323.0000;DATA;1612716463.771663
/ndn/h9-site/h9/C2Data-1098-Type2;73485.0000;DATA;1612716466.435264
/ndn/d4-site/d4/C2Data-1703-Type2;51516.0000;DATA;1612716467.925634
/ndn/h7-site/h7/C2Data-431-Type3;135458.0000;DATA;1612716467.901890
/ndn/d3-site/d3/C2Data-1582-Type1;218154.0000;DATA;1612716468.327560
/ndn/h1-site/h1/C2Data-130-Type2;100978.0000;DATA;1612716468.511569
/ndn/v7-site/v7/C2Data-4486-Type1;27149.0000;DATA;1612716469.357794
/ndn/h5-site/h5/C2Data-126-Type4;99808.0000;DATA;1612716469.553770
/ndn/s6-site/s6/C2Data-1590-Type3;6003602.0000;TIMEOUT;1612716464.029928
/ndn/d1-site/d1/C2Data-276-Type4;129779.0000;DATA;1612716472.105956
/ndn/s9-site/s9/C2Data-3518-Type2;6001002.0000;TIMEOUT;1612716467.199295
/ndn/h8-site/h8/C2Data-492-Type3;191354.0000;DATA;1612716474.080502
/ndn/d5-site/d5/C2Data-919-Type3;53593.0000;DATA;1612716475.699123
/ndn/s6-site/s6/C2Data-3155-Type2;6001089.0000;TIMEOUT;1612716470.569129
/ndn/h6-site/h6/C2Data-151-Type4;169411.0000;DATA;1612716478.103584
/ndn/v4-site/v4/C2Data-312-Type5;294919.0000;DATA;1612716487.389339
/ndn/d1-site/d1/C2Data-1341-Type2;155525.0000;DATA;1612716490.090877
/ndn/h3-site/h3/C2Data-373-Type1;217489.0000;DATA;1612716490.099459
/ndn/v2-site/v2/C2Data-551-Type4;123903.0000;DATA;1612716490.850115
/ndn/v1-site/v1/C2Data-526-Type4;98234.0000;DATA;1612716492.137255
/ndn/v7-site/v7/C2Data-4487-Type1;27432.0000;DATA;1612716492.497275
/ndn/d1-site/d1/C2Data-143-Type5;123810.0000;DATA;1612716492.788586
/ndn/h6-site/h6/C2Data-736-Type2;136888.0000;DATA;1612716498.806110
/ndn/s2-site/s2/C2Data-2672-Type2;6000348.0000;TIMEOUT;1612716493.068957
/ndn/h0-site/h0/C2Data-0-Type5;27043.0000;DATA;1612716499.158447
/ndn/v2-site/v2/C2Data-286-Type5;124817.0000;DATA;1612716499.171659
/ndn/h6-site/h6/C2Data-78-Type5;152143.0000;DATA;1612716499.238684
/ndn/s1-site/s1/C2Data-2551-Type2;6002676.0000;TIMEOUT;1612716494.923685
/ndn/s0-site/s0/C2Data-2430-Type2;6002105.0000;TIMEOUT;1612716495.383397
/ndn/h7-site/h7/C2Data-857-Type2;130950.0000;DATA;1612716501.305534
/ndn/v3-site/v3/C2Data-299-Type5;29882.0000;DATA;1612716514.708991
/ndn/v4-site/v4/C2Data-2079-Type3;274916.0000;DATA;1612716516.279093
/ndn/d1-site/d1/C2Data-676-Type3;146671.0000;DATA;1612716517.196161
/ndn/h0-site/h0/C2Data-5-Type3;41462.0000;DATA;1612716519.036263
/ndn/v2-site/v2/C2Data-3883-Type2;125049.0000;DATA;1612716521.611083
/ndn/s0-site/s0/C2Data-1225-Type3;6003533.0000;TIMEOUT;1612716515.788880
/ndn/h0-site/h0/C2Data-11-Type2;28555.0000;DATA;1612716522.980126
/ndn/h7-site/h7/C2Data-432-Type3;124885.0000;DATA;1612716524.080525
/ndn/h3-site/h3/C2Data-374-Type2;169374.0000;DATA;1612716527.824967
/ndn/d1-site/d1/C2Data-1342-Type2;118301.0000;DATA;1612716528.974955
/ndn/s4-site/s4/C2Data-1469-Type3;6004398.0000;TIMEOUT;1612716524.201054
/ndn/h1-site/h1/C2Data-66-Type3;101142.0000;DATA;1612716531.272007
/ndn/s5-site/s5/C2Data-3036-Type2;6000974.0000;TIMEOUT;1612716525.833283
/ndn/v7-site/v7/C2Data-2262-Type3;24492.0000;DATA;1612716533.558147
/ndn/s6-site/s6/C2Data-3157-Type2;6000577.0000;TIMEOUT;1612716528.841332
/ndn/d6-site/d6/C2Data-981-Type3;181001.0000;DATA;1612716535.389293
/ndn/s2-site/s2/C2Data-2673-Type2;6000930.0000;TIMEOUT;1612716529.912502
/ndn/v1-site/v1/C2Data-1896-Type3;101419.0000;DATA;1612716537.484306
/ndn/s5-site/s5/C2Data-1530-Type3;6000687.0000;TIMEOUT;1612716533.689260
/ndn/s1-site/s1/C2Data-1286-Type3;6010334.0000;TIMEOUT;1612716535.508176
/ndn/s7-site/s7/C2Data-1652-Type3;6003098.0000;TIMEOUT;1612716537.518142
/ndn/h0-site/h0/C2Data-12-Type2;31647.0000;DATA;1612716550.105587
/ndn/d0-site/d0/C2Data-1222-Type2;193797.0000;DATA;1612716550.543684
/ndn/h1-site/h1/C2Data-133-Type2;101993.0000;DATA;1612716553.015347
/ndn/h9-site/h9/C2Data-1101-Type1;94405.0000;DATA;1612716559.827136
/ndn/s9-site/s9/C2Data-3521-Type2;6000503.0000;TIMEOUT;1612716558.914132
/ndn/s6-site/s6/C2Data-3158-Type1;6023758.0000;TIMEOUT;1612716560.027414
/ndn/h1-site/h1/C2Data-67-Type3;109056.0000;DATA;1612716573.598760
/ndn/h0-site/h0/C2Data-6-Type3;28677.0000;DATA;1612716578.684946
/ndn/v9-site/v9/C2Data-4732-Type2;24860.0000;DATA;1612716581.199110
/ndn/d5-site/d5/C2Data-1828-Type2;48528.0000;DATA;1612716582.368959
/ndn/v2-site/v2/C2Data-3885-Type2;139617.0000;DATA;1612716582.406028
/ndn/v8-site/v8/C2Data-4611-Type2;128357.0000;DATA;1612716583.157763
/ndn/h4-site/h4/C2Data-250-Type3;95952.0000;DATA;1612716583.206705
/ndn/d0-site/d0/C2Data-1223-Type1;212338.0000;DATA;1612716586.126108
/ndn/d6-site/d6/C2Data-982-Type3;176964.0000;DATA;1612716586.563955
/ndn/h0-site/h0/C2Data-13-Type1;27836.0000;DATA;1612716587.400897
/ndn/d1-site/d1/C2Data-1344-Type1;132757.0000;DATA;1612716587.604906
/ndn/v8-site/v8/C2Data-702-Type4;131575.0000;DATA;1612716588.877022
/ndn/d4-site/d4/C2Data-860-Type3;51816.0000;DATA;1612716588.977634
/ndn/d4-site/d4/C2Data-352-Type4;55257.0000;DATA;1612716589.465749
/ndn/s7-site/s7/C2Data-3280-Type2;6000766.0000;TIMEOUT;1612716588.163040
/ndn/s4-site/s4/C2Data-1470-Type3;6002364.0000;TIMEOUT;1612716591.063982
/ndn/s6-site/s6/C2Data-1592-Type3;6001954.0000;TIMEOUT;1612716592.854914
/ndn/s8-site/s8/C2Data-1714-Type3;6001291.0000;TIMEOUT;1612716595.611020
/ndn/h3-site/h3/C2Data-77-Type4;188544.0000;DATA;1612716602.236364
/ndn/d3-site/d3/C2Data-1587-Type2;253616.0000;DATA;1612716609.915552
/ndn/d7-site/d7/C2Data-2071-Type1;102362.0000;DATA;1612716612.705147
/ndn/h8-site/h8/C2Data-982-Type1;165272.0000;DATA;1612716617.469155
/ndn/v0-site/v0/C2Data-3644-Type2;87258.0000;DATA;1612716620.087039
/ndn/s7-site/s7/C2Data-3281-Type2;6000402.0000;TIMEOUT;1612716614.253778
/ndn/s1-site/s1/C2Data-2555-Type2;6002355.0000;TIMEOUT;1612716616.727258
/ndn/v0-site/v0/C2Data-502-Type4;77871.0000;DATA;1612716623.099200
/ndn/v9-site/v9/C2Data-727-Type4;24643.0000;DATA;1612716625.019615
/ndn/v5-site/v5/C2Data-627-Type4;360828.0000;DATA;1612716633.362007
/ndn/h3-site/h3/C2Data-190-Type3;199778.0000;DATA;1612716637.937662
/ndn/v7-site/v7/C2Data-677-Type4;25745.0000;DATA;1612716640.525289
/ndn/h7-site/h7/C2Data-862-Type2;125881.0000;DATA;1612716640.517562
/ndn/v8-site/v8/C2Data-4613-Type1;122694.0000;DATA;1612716640.815910
/ndn/d5-site/d5/C2Data-1830-Type2;51967.0000;DATA;1612716642.715278
/ndn/v7-site/v7/C2Data-2264-Type3;25102.0000;DATA;1612716643.594204
/ndn/d5-site/d5/C2Data-1830-Type1;52460.0000;DATA;1612716645.646103
/ndn/d6-site/d6/C2Data-1951-Type2;181793.0000;DATA;1612716645.984718
/ndn/s2-site/s2/C2Data-2677-Type1;6001117.0000;TIMEOUT;1612716641.028033
/ndn/v7-site/v7/C2Data-4492-Type1;40036.0000;DATA;1612716648.473354
/ndn/s1-site/s1/C2Data-2556-Type2;6002931.0000;TIMEOUT;1612716643.485938
/ndn/h7-site/h7/C2Data-434-Type3;154588.0000;DATA;1612716649.562084
/ndn/h5-site/h5/C2Data-620-Type2;112153.0000;DATA;1612716650.621384
/ndn/h1-site/h1/C2Data-68-Type3;110529.0000;DATA;1612716651.622350
/ndn/s0-site/s0/C2Data-2435-Type2;6001541.0000;TIMEOUT;1612716647.154991
/ndn/s1-site/s1/C2Data-2556-Type1;6002429.0000;TIMEOUT;1612716647.284890
/ndn/s8-site/s8/C2Data-1715-Type3;6003685.0000;TIMEOUT;1612716649.340948
/ndn/h6-site/h6/C2Data-373-Type3;153414.0000;DATA;1612716655.761893
/ndn/s5-site/s5/C2Data-1532-Type3;6000456.0000;TIMEOUT;1612716653.069317
/ndn/d3-site/d3/C2Data-91-Type6;242506.0000;DATA;1612716659.639876
/ndn/d0-site/d0/C2Data-1226-Type1;219028.0000;DATA;1612716670.599997
/ndn/v8-site/v8/C2Data-4614-Type2;135167.0000;DATA;1612716672.304517
/ndn/v1-site/v1/C2Data-3767-Type1;113656.0000;DATA;1612716678.069487
/ndn/v6-site/v6/C2Data-4372-Type2;232792.0000;DATA;1612716679.944183
/ndn/s0-site/s0/C2Data-2436-Type1;6001265.0000;TIMEOUT;1612716675.478009
/ndn/s1-site/s1/C2Data-2557-Type2;6011908.0000;TIMEOUT;1612716677.844886
/ndn/d4-site/d4/C2Data-98-Type6;138367.0000;DATA;1612716688.858648
/ndn/d5-site/d5/C2Data-923-Type3;67653.0000;DATA;1612716695.531754
/ndn/h1-site/h1/C2Data-69-Type3;102240.0000;DATA;1612716699.063866
/ndn/d6-site/d6/C2Data-984-Type3;185309.0000;DATA;1612716699.038961
/ndn/h3-site/h3/C2Data-380-Type2;172366.0000;DATA;1612716699.678214
/ndn/h4-site/h4/C2Data-501-Type1;106142.0000;DATA;1612716701.274947
/ndn/d8-site/d8/C2Data-2195-Type2;48180.0000;DATA;1612716701.329084
/ndn/h2-site/h2/C2Data-130-Type3;168049.0000;DATA;1612716701.707221
/ndn/s7-site/s7/C2Data-1655-Type3;6001214.0000;TIMEOUT;1612716695.988304
/ndn/h7-site/h7/C2Data-864-Type2;126129.0000;DATA;1612716702.759703
/ndn/d0-site/d0/C2Data-618-Type3;178276.0000;DATA;1612716704.526108
/ndn/v9-site/v9/C2Data-2387-Type3;25989.0000;DATA;1612716706.169908
/ndn/s8-site/s8/C2Data-3405-Type2;6002683.0000;TIMEOUT;1612716700.409204
/ndn/v2-site/v2/C2Data-3889-Type2;129054.0000;DATA;1612716707.479078
/ndn/v6-site/v6/C2Data-4373-Type2;201637.0000;DATA;1612716708.930898
/ndn/d7-site/d7/C2Data-1045-Type3;110103.0000;DATA;1612716712.227755
/ndn/s0-site/s0/C2Data-1228-Type3;6001024.0000;TIMEOUT;1612716712.397742
/ndn/s5-site/s5/C2Data-1533-Type3;6001516.0000;TIMEOUT;1612716715.787257
/ndn/h2-site/h2/C2Data-27-Type5;335150.0000;DATA;1612716727.642380
/ndn/h7-site/h7/C2Data-865-Type2;125396.0000;DATA;1612716731.885357
/ndn/v8-site/v8/C2Data-4616-Type2;123724.0000;DATA;1612716731.961453
/ndn/v2-site/v2/C2Data-3890-Type2;135989.0000;DATA;1612716737.467988
/ndn/d8-site/d8/C2Data-2196-Type2;51007.0000;DATA;1612716738.271866
/ndn/v2-site/v2/C2Data-3890-Type1;139391.0000;DATA;1612716738.507384
/ndn/h4-site/h4/C2Data-502-Type2;115550.0000;DATA;1612716738.913895
/ndn/v7-site/v7/C2Data-4495-Type2;40850.0000;DATA;1612716739.050385
/ndn/h2-site/h2/C2Data-260-Type1;206704.0000;DATA;1612716739.284188
/ndn/h3-site/h3/C2Data-381-Type2;204753.0000;DATA;1612716740.167629
/ndn/h9-site/h9/C2Data-228-Type4;76505.0000;DATA;1612716740.684555
/ndn/v3-site/v3/C2Data-578-Type4;43499.0000;DATA;1612716752.919099
/ndn/v8-site/v8/C2Data-2327-Type3;120459.0000;DATA;1612716755.839203
/ndn/h4-site/h4/C2Data-253-Type3;100436.0000;DATA;1612716757.119164
/ndn/v0-site/v0/C2Data-3649-Type1;83864.0000;DATA;1612716759.831431
/ndn/d3-site/d3/C2Data-1592-Type1;236885.0000;DATA;1612716759.688256
/ndn/d0-site/d0/C2Data-70-Type6;172652.0000;DATA;1612716760.154475
/ndn/v5-site/v5/C2Data-4254-Type1;275709.0000;DATA;1612716760.662894
/ndn/s9-site/s9/C2Data-1778-Type3;6001278.0000;TIMEOUT;1612716755.727218
/ndn/h1-site/h1/C2Data-140-Type2;95628.0000;DATA;1612716761.729926
/ndn/h8-site/h8/C2Data-987-Type2;153787.0000;DATA;1612716761.943351
/ndn/h2-site/h2/C2Data-261-Type1;168034.0000;DATA;1612716762.046752
/ndn/h0-site/h0/C2Data-19-Type2;25464.0000;DATA;1612716763.281006
/ndn/d0-site/d0/C2Data-1229-Type1;85191.0000;DATA;1612716764.512765
/ndn/v3-site/v3/C2Data-300-Type5;28612.0000;DATA;1612716764.579295
/ndn/d1-site/d1/C2Data-1350-Type1;121744.0000;DATA;1612716764.554714
