/ndn/s3-site/s3/C2Data-3993-Type2;580.0000;NACK;1611610326.373098
/ndn/h3-site/h3/C2Data-363-Type2;130985.0000;DATA;1611610328.660887
/ndn/h2-site/h2/C2Data-242-Type2;538.0000;NACK;1611610329.279097
/ndn/h8-site/h8/C2Data-968-Type1;595.0000;DATA;1611610330.044109
/ndn/v2-site/v2/C2Data-5687-Type2;550.0000;DATA;1611610330.219025
/ndn/v3-site/v3/C2Data-5808-Type2;498.0000;NACK;1611610331.102187
/ndn/h10-site/h10/C2Data-1210-Type2;25791.0000;DATA;1611610332.678065
/ndn/v6-site/v6/C2Data-6171-Type2;144502.0000;DATA;1611610334.231025
/ndn/s2-site/s2/C2Data-3872-Type1;115170.0000;DATA;1611610334.914032
/ndn/h14-site/h14/C2Data-1694-Type2;484.0000;NACK;1611610336.648042
/ndn/h10-site/h10/C2Data-1210-Type1;24769.0000;DATA;1611610336.722061
/ndn/s6-site/s6/C2Data-2196-Type3;136676.0000;DATA;1611610349.673653
/ndn/s0-site/s0/C2Data-1830-Type3;46717.0000;DATA;1611610350.909056
/ndn/d0-site/d0/C2Data-915-Type3;77185.0000;DATA;1611610352.015030
/ndn/d2-site/d2/C2Data-1037-Type3;616.0000;DATA;1611610353.697179
/ndn/v12-site/v12/C2Data-3477-Type3;611.0000;NACK;1611610355.244026
/ndn/h8-site/h8/C2Data-969-Type1;24302.0000;DATA;1611610356.958058
/ndn/v14-site/v14/C2Data-7140-Type1;571.0000;NACK;1611610357.991113
/ndn/v9-site/v9/C2Data-3294-Type3;316.0000;NACK;1611610358.060593
/ndn/s7-site/s7/C2Data-4478-Type2;146405.0000;DATA;1611610358.043096
/ndn/h4-site/h4/C2Data-485-Type1;47129.0000;DATA;1611610358.640064
/ndn/v1-site/v1/C2Data-5567-Type1;536.0000;NACK;1611610359.071030
/ndn/s14-site/s14/C2Data-5325-Type1;574.0000;NACK;1611610359.396021
/ndn/s12-site/s12/C2Data-5083-Type2;486.0000;NACK;1611610360.796061
/ndn/h7-site/h7/C2Data-427-Type3;808.0000;DATA;1611610361.164070
/ndn/s11-site/s11/C2Data-2501-Type3;414.0000;NACK;1611610361.192227
/ndn/d8-site/d8/C2Data-2784-Type1;95904.0000;DATA;1611610361.372125
/ndn/d13-site/d13/C2Data-3389-Type1;910.0000;DATA;1611610362.342689
/ndn/h12-site/h12/C2Data-1453-Type1;654.0000;NACK;1611610364.172044
/ndn/v8-site/v8/C2Data-3233-Type3;70934.0000;DATA;1611610364.134061
/ndn/h4-site/h4/C2Data-244-Type3;592.0000;DATA;1611610364.269130
/ndn/v7-site/v7/C2Data-6293-Type1;491.0000;NACK;1611610364.911078
/ndn/s14-site/s14/C2Data-5325-Type2;540.0000;NACK;1611610365.240103
/ndn/h3-site/h3/C2Data-364-Type2;538.0000;DATA;1611610365.587200
/ndn/h7-site/h7/C2Data-848-Type1;142581.0000;DATA;1611610365.541045
/ndn/d5-site/d5/C2Data-1220-Type3;624.0000;DATA;1611610366.365036
/ndn/s14-site/s14/C2Data-2684-Type3;451.0000;NACK;1611610366.381031
/ndn/v1-site/v1/C2Data-5567-Type2;502.0000;NACK;1611610367.232188
/ndn/v6-site/v6/C2Data-3111-Type3;95348.0000;DATA;1611610369.677074
/ndn/v5-site/v5/C2Data-3050-Type3;623.0000;NACK;1611610369.936105
/ndn/v14-site/v14/C2Data-3599-Type3;47830.0000;DATA;1611610370.012046
/ndn/h1-site/h1/C2Data-61-Type3;23371.0000;DATA;1611610370.535039
/ndn/v11-site/v11/C2Data-3416-Type3;24839.0000;DATA;1611610371.454099
/ndn/s3-site/s3/C2Data-2013-Type3;152449.0000;DATA;1611610372.470103
/ndn/s1-site/s1/C2Data-3753-Type1;162706.0000;DATA;1611610385.545034
/ndn/h6-site/h6/C2Data-728-Type1;485.0000;DATA;1611610386.894048
/ndn/d1-site/d1/C2Data-1938-Type1;516.0000;NACK;1611610388.578028
/ndn/v8-site/v8/C2Data-6415-Type1;52050.0000;DATA;1611610389.494064
/ndn/d6-site/d6/C2Data-2543-Type2;25174.0000;DATA;1611610389.934113
/ndn/v7-site/v7/C2Data-6294-Type2;627.0000;NACK;1611610390.247041
/ndn/h12-site/h12/C2Data-1454-Type1;445.0000;NACK;1611610392.826040
/ndn/s2-site/s2/C2Data-3874-Type1;118097.0000;DATA;1611610393.156052
/ndn/h9-site/h9/C2Data-1091-Type1;25228.0000;DATA;1611610394.178069
/ndn/h14-site/h14/C2Data-1696-Type1;714.0000;NACK;1611610395.215037
/ndn/s2-site/s2/C2Data-3874-Type2;25826.0000;DATA;1611610395.228162
/ndn/s5-site/s5/C2Data-4237-Type1;25296.0000;DATA;1611610395.580126
/ndn/d4-site/d4/C2Data-2301-Type2;106072.0000;DATA;1611610396.230167
/ndn/d11-site/d11/C2Data-1587-Type3;98511.0000;DATA;1611610409.687025
/ndn/v7-site/v7/C2Data-3173-Type3;118563.0000;DATA;1611610409.743029
/ndn/s0-site/s0/C2Data-1831-Type3;46299.0000;DATA;1611610410.417127
/ndn/d2-site/d2/C2Data-1038-Type3;96161.0000;DATA;1611610411.563114
/ndn/d10-site/d10/C2Data-1526-Type3;617.0000;DATA;1611610414.988078
/ndn/d0-site/d0/C2Data-916-Type3;681.0000;DATA;1611610415.288053
/ndn/v14-site/v14/C2Data-3600-Type3;580.0000;DATA;1611610415.756048
/ndn/d1-site/d1/C2Data-1939-Type2;391.0000;NACK;1611610415.993030
/ndn/s2-site/s2/C2Data-1953-Type3;23685.0000;DATA;1611610416.342042
/ndn/h9-site/h9/C2Data-1092-Type1;24511.0000;DATA;1611610416.349021
/ndn/v2-site/v2/C2Data-5690-Type2;49732.0000;DATA;1611610416.495027
/ndn/s2-site/s2/C2Data-3875-Type2;52563.0000;DATA;1611610416.585109
/ndn/d7-site/d7/C2Data-1343-Type3;23840.0000;DATA;1611610417.228053
/ndn/h3-site/h3/C2Data-366-Type1;27639.0000;DATA;1611610420.858069
/ndn/d3-site/d3/C2Data-2181-Type2;74515.0000;DATA;1611610420.820062
/ndn/d5-site/d5/C2Data-2423-Type2;46617.0000;DATA;1611610421.905091
/ndn/v6-site/v6/C2Data-6174-Type1;140161.0000;DATA;1611610422.515421
/ndn/d11-site/d11/C2Data-3149-Type2;26360.0000;DATA;1611610422.763388
/ndn/s5-site/s5/C2Data-2136-Type3;549.0000;DATA;1611610424.594106
/ndn/s3-site/s3/C2Data-3996-Type1;152393.0000;DATA;1611610424.731081
/ndn/v4-site/v4/C2Data-5932-Type1;70383.0000;DATA;1611610425.434072
/ndn/d7-site/d7/C2Data-2665-Type1;24810.0000;DATA;1611610425.492491
/ndn/h14-site/h14/C2Data-1697-Type1;144830.0000;DATA;1611610426.219031
/ndn/h8-site/h8/C2Data-971-Type2;24896.0000;DATA;1611610427.125096
/ndn/v8-site/v8/C2Data-3234-Type3;46320.0000;DATA;1611610428.315032
/ndn/h8-site/h8/C2Data-489-Type3;609.0000;DATA;1611610429.057094
/ndn/h6-site/h6/C2Data-367-Type3;98802.0000;DATA;1611610430.853044
/ndn/d12-site/d12/C2Data-675-Type4;80938.0000;DATA;1611610444.085119
/ndn/v5-site/v5/C2Data-875-Type4;583.0000;DATA;1611610445.557171
/ndn/h2-site/h2/C2Data-50-Type4;27007.0000;DATA;1611610449.932101
/ndn/h2-site/h2/C2Data-246-Type2;141759.0000;DATA;1611610450.278082
/ndn/d8-site/d8/C2Data-2787-Type2;750.0000;DATA;1611610451.011026
/ndn/h13-site/h13/C2Data-1577-Type1;99934.0000;DATA;1611610451.134032
/ndn/v14-site/v14/C2Data-1100-Type4;654.0000;DATA;1611610452.978101
/ndn/d14-site/d14/C2Data-3513-Type1;176902.0000;DATA;1611610453.509072
/ndn/s10-site/s10/C2Data-4844-Type1;147090.0000;DATA;1611610454.638065
/ndn/h10-site/h10/C2Data-1214-Type1;71533.0000;DATA;1611610456.606033
/ndn/v2-site/v2/C2Data-800-Type4;668.0000;DATA;1611610463.040101
/ndn/v6-site/v6/C2Data-900-Type4;112626.0000;DATA;1611610466.201052
/ndn/h10-site/h10/C2Data-250-Type4;26416.0000;DATA;1611610468.009112
/ndn/v6-site/v6/C2Data-3113-Type3;93788.0000;DATA;1611610469.967072
/ndn/v5-site/v5/C2Data-3052-Type3;527.0000;DATA;1611610472.956111
/ndn/h9-site/h9/C2Data-551-Type3;28937.0000;DATA;1611610474.079083
/ndn/h7-site/h7/C2Data-175-Type4;539.0000;DATA;1611610475.652034
/ndn/d1-site/d1/C2Data-1941-Type1;192245.0000;DATA;1611610475.475041
/ndn/s1-site/s1/C2Data-3756-Type1;164254.0000;DATA;1611610475.808070
/ndn/d6-site/d6/C2Data-525-Type4;24932.0000;DATA;1611610476.130116
/ndn/d13-site/d13/C2Data-1710-Type3;686.0000;DATA;1611610476.948045
/ndn/v1-site/v1/C2Data-2808-Type3;24000.0000;DATA;1611610477.150123
/ndn/h2-site/h2/C2Data-247-Type2;217376.0000;DATA;1611610477.418074
/ndn/v10-site/v10/C2Data-6660-Type2;47168.0000;DATA;1611610478.543034
/ndn/v13-site/v13/C2Data-7023-Type2;119145.0000;DATA;1611610478.538121
/ndn/s13-site/s13/C2Data-2625-Type3;618.0000;DATA;1611610479.436092
/ndn/v0-site/v0/C2Data-2747-Type3;26831.0000;DATA;1611610479.491042
/ndn/s2-site/s2/C2Data-3877-Type2;124711.0000;DATA;1611610480.645120
/ndn/s0-site/s0/C2Data-3635-Type1;24089.0000;DATA;1611610481.033103
/ndn/v13-site/v13/C2Data-7023-Type1;122313.0000;DATA;1611610481.863697
/ndn/v2-site/v2/C2Data-5692-Type2;24942.0000;DATA;1611610482.618072
/ndn/h6-site/h6/C2Data-731-Type1;795.0000;DATA;1611610482.898106
/ndn/s0-site/s0/C2Data-1832-Type3;23439.0000;DATA;1611610483.869125
/ndn/h1-site/h1/C2Data-126-Type2;23507.0000;DATA;1611610484.593028
/ndn/h13-site/h13/C2Data-795-Type3;50646.0000;DATA;1611610485.551086
/ndn/s3-site/s3/C2Data-3998-Type2;689.0000;DATA;1611610485.658120
/ndn/v2-site/v2/C2Data-5692-Type1;559.0000;DATA;1611610486.334083
/ndn/d0-site/d0/C2Data-917-Type3;393.0000;DATA;1611610486.337067
/ndn/h9-site/h9/C2Data-1094-Type2;596.0000;DATA;1611610486.368092
/ndn/d8-site/d8/C2Data-1405-Type3;599.0000;DATA;1611610486.769026
/ndn/d4-site/d4/C2Data-1161-Type3;98732.0000;DATA;1611610489.015027
/ndn/d2-site/d2/C2Data-1039-Type3;752.0000;DATA;1611610490.710066
/ndn/h0-site/h0/C2Data-2-Type3;537.0000;DATA;1611610491.659148
/ndn/h12-site/h12/C2Data-1458-Type2;233875.0000;DATA;1611610505.426466
/ndn/v14-site/v14/C2Data-7145-Type2;72389.0000;DATA;1611610505.659037
/ndn/v5-site/v5/C2Data-6056-Type2;24956.0000;DATA;1611610506.441100
/ndn/v3-site/v3/C2Data-5814-Type2;91960.0000;DATA;1611610508.149038
/ndn/d4-site/d4/C2Data-2305-Type2;47483.0000;DATA;1611610508.501065
/ndn/d6-site/d6/C2Data-2547-Type1;23550.0000;DATA;1611610509.469085
/ndn/s8-site/s8/C2Data-4604-Type2;142686.0000;DATA;1611610509.745033
/ndn/v0-site/v0/C2Data-5451-Type2;76483.0000;DATA;1611610511.401760
/ndn/d13-site/d13/C2Data-3394-Type2;144872.0000;DATA;1611610512.935059
/ndn/s8-site/s8/C2Data-4604-Type1;52740.0000;DATA;1611610513.177028
/ndn/d2-site/d2/C2Data-2063-Type2;675.0000;DATA;1611610514.051059
/ndn/v7-site/v7/C2Data-6298-Type1;538.0000;DATA;1611610514.546075
/ndn/h8-site/h8/C2Data-974-Type1;24148.0000;DATA;1611610515.717050
/ndn/v13-site/v13/C2Data-7024-Type1;619.0000;DATA;1611610516.681100
/ndn/d7-site/d7/C2Data-2668-Type2;660.0000;DATA;1611610516.783105
/ndn/d1-site/d1/C2Data-1942-Type1;144818.0000;DATA;1611610517.278046
/ndn/v13-site/v13/C2Data-3541-Type3;116144.0000;DATA;1611610530.168115
/ndn/d2-site/d2/C2Data-1040-Type3;99235.0000;DATA;1611610530.620127
/ndn/d0-site/d0/C2Data-918-Type3;707.0000;DATA;1611610532.219125
/ndn/h4-site/h4/C2Data-247-Type3;48702.0000;DATA;1611610533.107056
/ndn/s13-site/s13/C2Data-5210-Type2;175118.0000;DATA;1611610535.540185
/ndn/h14-site/h14/C2Data-1701-Type2;23521.0000;DATA;1611610538.113939
/ndn/s5-site/s5/C2Data-2138-Type3;903.0000;DATA;1611610540.063151
