/ndn/s9-site/s9/C2Data-4719-Type2;99794.0000;DATA;1611606255.502744
/ndn/s13-site/s13/C2Data-5203-Type1;49653.0000;DATA;1611606257.656843
/ndn/v0-site/v0/C2Data-5445-Type1;162568.0000;DATA;1611606257.719827
/ndn/s7-site/s7/C2Data-4477-Type2;237104.0000;DATA;1611606258.889820
/ndn/s0-site/s0/C2Data-3630-Type1;142551.0000;DATA;1611606259.930714
/ndn/d13-site/d13/C2Data-3388-Type2;194952.0000;DATA;1611606260.122730
/ndn/s2-site/s2/C2Data-3872-Type2;142698.0000;DATA;1611606261.370789
/ndn/v12-site/v12/C2Data-6897-Type1;586.0000;NACK;1611606261.549883
/ndn/s6-site/s6/C2Data-4356-Type2;193405.0000;DATA;1611606261.414717
/ndn/s10-site/s10/C2Data-4840-Type2;221662.0000;DATA;1611606261.659794
/ndn/v2-site/v2/C2Data-5687-Type2;161514.0000;DATA;1611606262.772792
/ndn/s7-site/s7/C2Data-4477-Type1;244223.0000;DATA;1611606263.940806
/ndn/s4-site/s4/C2Data-4114-Type2;239568.0000;DATA;1611606264.650774
/ndn/s1-site/s1/C2Data-1891-Type3;55402.0000;DATA;1611606281.785766
/ndn/h11-site/h11/C2Data-671-Type3;301605.0000;DATA;1611606283.408785
/ndn/s11-site/s11/C2Data-4962-Type1;23754.0000;DATA;1611606285.417795
/ndn/s4-site/s4/C2Data-4115-Type1;241599.0000;DATA;1611606285.761839
/ndn/s11-site/s11/C2Data-2501-Type3;23828.0000;DATA;1611606286.070785
/ndn/s10-site/s10/C2Data-4841-Type1;216940.0000;DATA;1611606285.895802
/ndn/h5-site/h5/C2Data-606-Type1;72838.0000;DATA;1611606286.171802
/ndn/h5-site/h5/C2Data-305-Type3;74113.0000;DATA;1611606286.514754
/ndn/v8-site/v8/C2Data-3233-Type3;96466.0000;DATA;1611606287.133472
/ndn/d12-site/d12/C2Data-1647-Type3;190157.0000;DATA;1611606288.102778
/ndn/d3-site/d3/C2Data-2179-Type2;168670.0000;DATA;1611606288.656799
/ndn/v5-site/v5/C2Data-3050-Type3;278286.0000;DATA;1611606288.673803
/ndn/h3-site/h3/C2Data-183-Type3;237317.0000;DATA;1611606289.835747
/ndn/d1-site/d1/C2Data-1937-Type2;225796.0000;DATA;1611606290.729864
/ndn/h1-site/h1/C2Data-122-Type2;191119.0000;DATA;1611606291.228737
/ndn/s1-site/s1/C2Data-3752-Type1;47315.0000;DATA;1611606291.459794
/ndn/s8-site/s8/C2Data-4599-Type1;167043.0000;DATA;1611606293.204770
/ndn/d6-site/d6/C2Data-2542-Type1;163509.0000;DATA;1611606293.279768
/ndn/v4-site/v4/C2Data-2989-Type3;278390.0000;DATA;1611606293.772803
/ndn/v2-site/v2/C2Data-5688-Type2;170493.0000;DATA;1611606294.319830
/ndn/v6-site/v6/C2Data-6172-Type2;166715.0000;DATA;1611606294.436816
/ndn/v7-site/v7/C2Data-3172-Type3;239262.0000;DATA;1611606294.938773
/ndn/v1-site/v1/C2Data-5567-Type1;243432.0000;DATA;1611606295.007801
/ndn/d3-site/d3/C2Data-1098-Type3;175111.0000;DATA;1611606299.163785
/ndn/h6-site/h6/C2Data-366-Type3;123958.0000;DATA;1611606299.438791
/ndn/d2-site/d2/C2Data-1037-Type3;214296.0000;DATA;1611606299.691875
/ndn/d11-site/d11/C2Data-3148-Type1;219307.0000;DATA;1611606314.619837
/ndn/v7-site/v7/C2Data-6294-Type1;242433.0000;DATA;1611606315.122764
/ndn/v10-site/v10/C2Data-6657-Type1;163685.0000;DATA;1611606315.579832
/ndn/h10-site/h10/C2Data-1212-Type1;190032.0000;DATA;1611606316.066716
/ndn/d4-site/d4/C2Data-2301-Type2;218102.0000;DATA;1611606321.514761
/ndn/h14-site/h14/C2Data-1696-Type1;189763.0000;DATA;1611606322.868876
/ndn/v1-site/v1/C2Data-5568-Type1;264097.0000;DATA;1611606323.863824
/ndn/s4-site/s4/C2Data-4116-Type2;6000539.0000;TIMEOUT;1611606322.544894
/ndn/v12-site/v12/C2Data-3478-Type3;301341.0000;DATA;1611606339.586808
/ndn/v3-site/v3/C2Data-2929-Type3;121980.0000;DATA;1611606341.677837
/ndn/h8-site/h8/C2Data-489-Type3;117332.0000;DATA;1611606342.249931
/ndn/h3-site/h3/C2Data-184-Type3;242196.0000;DATA;1611606343.186762
/ndn/d7-site/d7/C2Data-2665-Type1;151152.0000;DATA;1611606345.357925
/ndn/h5-site/h5/C2Data-608-Type1;71354.0000;DATA;1611606345.581832
/ndn/d8-site/d8/C2Data-1404-Type3;223943.0000;DATA;1611606345.473796
/ndn/s1-site/s1/C2Data-1892-Type3;6000384.0000;TIMEOUT;1611606339.868582
/ndn/v10-site/v10/C2Data-6658-Type2;168136.0000;DATA;1611606345.697773
/ndn/v1-site/v1/C2Data-5569-Type1;258470.0000;DATA;1611606347.600927
/ndn/d5-site/d5/C2Data-1221-Type3;46650.0000;DATA;1611606348.621728
/ndn/d10-site/d10/C2Data-3028-Type1;24374.0000;DATA;1611606349.283742
/ndn/s0-site/s0/C2Data-3633-Type2;6000292.0000;TIMEOUT;1611606344.844776
/ndn/d3-site/d3/C2Data-2181-Type1;162446.0000;DATA;1611606350.785792
/ndn/d4-site/d4/C2Data-2302-Type2;213894.0000;DATA;1611606351.001277
/ndn/s4-site/s4/C2Data-2075-Type3;6000718.0000;TIMEOUT;1611606347.839754
/ndn/d14-site/d14/C2Data-725-Type4;197677.0000;DATA;1611606353.969038
/ndn/h6-site/h6/C2Data-150-Type4;71217.0000;DATA;1611606354.237839
/ndn/h2-site/h2/C2Data-123-Type3;245705.0000;DATA;1611606355.035726
/ndn/s11-site/s11/C2Data-2502-Type3;6000331.0000;TIMEOUT;1611606349.358847
/ndn/s7-site/s7/C2Data-4480-Type2;6000286.0000;TIMEOUT;1611606350.258915
/ndn/s13-site/s13/C2Data-5206-Type2;6000257.0000;TIMEOUT;1611606352.215731
/ndn/s10-site/s10/C2Data-4843-Type2;6000789.0000;TIMEOUT;1611606355.095851
/ndn/d0-site/d0/C2Data-916-Type3;191964.0000;DATA;1611606361.205844
/ndn/s5-site/s5/C2Data-2136-Type3;6000538.0000;TIMEOUT;1611606358.422924
/ndn/d6-site/d6/C2Data-525-Type4;186636.0000;DATA;1611606365.891720
/ndn/d3-site/d3/C2Data-450-Type4;178032.0000;DATA;1611606367.981818
/ndn/d2-site/d2/C2Data-425-Type4;225321.0000;DATA;1611606372.066845
/ndn/d0-site/d0/C2Data-1819-Type2;192497.0000;DATA;1611606375.777805
/ndn/h14-site/h14/C2Data-1698-Type2;187344.0000;DATA;1611606380.332885
/ndn/v12-site/v12/C2Data-1050-Type4;261617.0000;DATA;1611606381.082814
/ndn/d12-site/d12/C2Data-3271-Type1;191172.0000;DATA;1611606381.605774
/ndn/h6-site/h6/C2Data-730-Type2;71146.0000;DATA;1611606384.247803
/ndn/h4-site/h4/C2Data-488-Type2;24178.0000;DATA;1611606384.720750
/ndn/d4-site/d4/C2Data-2303-Type2;217359.0000;DATA;1611606384.763840
/ndn/h14-site/h14/C2Data-1698-Type1;185976.0000;DATA;1611606385.251756
/ndn/d8-site/d8/C2Data-575-Type4;259978.0000;DATA;1611606388.372806
/ndn/s8-site/s8/C2Data-4602-Type1;6000227.0000;TIMEOUT;1611606382.859757
/ndn/s10-site/s10/C2Data-4844-Type1;6000470.0000;TIMEOUT;1611606384.015851
/ndn/h0-site/h0/C2Data-0-Type4;95048.0000;DATA;1611606391.713929
/ndn/v5-site/v5/C2Data-875-Type4;371745.0000;DATA;1611606392.245808
/ndn/h14-site/h14/C2Data-350-Type4;189843.0000;DATA;1611606396.544272
/ndn/v14-site/v14/C2Data-1100-Type4;93863.0000;DATA;1611606399.012832
/ndn/v4-site/v4/C2Data-5934-Type2;277042.0000;DATA;1611606406.291913
/ndn/d9-site/d9/C2Data-2909-Type1;123220.0000;DATA;1611606406.709903
/ndn/v8-site/v8/C2Data-6418-Type1;97322.0000;DATA;1611606407.028803
/ndn/d2-site/d2/C2Data-1039-Type3;217496.0000;DATA;1611606407.470816
/ndn/h4-site/h4/C2Data-100-Type4;23737.0000;DATA;1611606408.765769
/ndn/v5-site/v5/C2Data-6055-Type1;281972.0000;DATA;1611606409.106966
/ndn/h5-site/h5/C2Data-610-Type2;70762.0000;DATA;1611606410.092724
/ndn/h10-site/h10/C2Data-1215-Type1;194905.0000;DATA;1611606410.599851
/ndn/h0-site/h0/C2Data-2-Type3;65847.0000;DATA;1611606413.320751
/ndn/h2-site/h2/C2Data-247-Type2;261500.0000;DATA;1611606413.520745
/ndn/v3-site/v3/C2Data-2930-Type3;117284.0000;DATA;1611606415.944802
/ndn/s3-site/s3/C2Data-3998-Type1;6000508.0000;TIMEOUT;1611606410.530792
/ndn/h11-site/h11/C2Data-673-Type3;214380.0000;DATA;1611606418.829316
/ndn/s12-site/s12/C2Data-5087-Type1;6002091.0000;TIMEOUT;1611606413.300731
/ndn/v14-site/v14/C2Data-3601-Type3;95757.0000;DATA;1611606420.541701
/ndn/v13-site/v13/C2Data-3540-Type3;164835.0000;DATA;1611606420.562776
/ndn/s7-site/s7/C2Data-4482-Type1;6001078.0000;TIMEOUT;1611606414.811893
/ndn/d12-site/d12/C2Data-1649-Type3;203808.0000;DATA;1611606420.888792
/ndn/s9-site/s9/C2Data-4724-Type2;6004211.0000;TIMEOUT;1611606415.808002
/ndn/s1-site/s1/C2Data-1893-Type3;6000373.0000;TIMEOUT;1611606417.474869
/ndn/s12-site/s12/C2Data-2564-Type3;6000309.0000;TIMEOUT;1611606419.852838
/ndn/h4-site/h4/C2Data-490-Type1;25179.0000;DATA;1611606435.604789
/ndn/v0-site/v0/C2Data-5451-Type1;182728.0000;DATA;1611606437.590782
/ndn/h9-site/h9/C2Data-1095-Type1;95857.0000;DATA;1611606439.282719
/ndn/v5-site/v5/C2Data-6056-Type2;301292.0000;DATA;1611606439.948723
/ndn/v4-site/v4/C2Data-5935-Type1;314050.0000;DATA;1611606439.941818
/ndn/h1-site/h1/C2Data-127-Type2;211061.0000;DATA;1611606441.097865
/ndn/v3-site/v3/C2Data-5814-Type2;119242.0000;DATA;1611606441.429811
/ndn/h8-site/h8/C2Data-974-Type2;121581.0000;DATA;1611606442.686781
/ndn/v8-site/v8/C2Data-6419-Type2;98084.0000;DATA;1611606442.742969
/ndn/v5-site/v5/C2Data-6056-Type1;306644.0000;DATA;1611606443.842781
/ndn/s1-site/s1/C2Data-3757-Type2;6000908.0000;TIMEOUT;1611606439.211800
/ndn/h10-site/h10/C2Data-1216-Type2;192409.0000;DATA;1611606445.534805
/ndn/s8-site/s8/C2Data-4604-Type1;6000535.0000;TIMEOUT;1611606441.268880
/ndn/s12-site/s12/C2Data-5088-Type2;6000522.0000;TIMEOUT;1611606445.540757
/ndn/h9-site/h9/C2Data-552-Type3;93024.0000;DATA;1611606461.244705
/ndn/h5-site/h5/C2Data-612-Type2;69838.0000;DATA;1611606464.618705
/ndn/d2-site/d2/C2Data-2064-Type2;211324.0000;DATA;1611606465.030986
/ndn/h1-site/h1/C2Data-128-Type1;193844.0000;DATA;1611606465.479752
/ndn/h2-site/h2/C2Data-125-Type3;171970.0000;DATA;1611606466.859798
/ndn/v2-site/v2/C2Data-2870-Type3;170375.0000;DATA;1611606468.116940
/ndn/v14-site/v14/C2Data-7146-Type2;94900.0000;DATA;1611606468.249120
