/ndn/h5-site/h5/C2Data-605-Type1;213102.0000;DATA;1611610325.912053
/ndn/d6-site/d6/C2Data-2541-Type2;125731.0000;DATA;1611610326.239081
/ndn/v10-site/v10/C2Data-6655-Type1;467.0000;NACK;1611610326.555211
/ndn/h8-site/h8/C2Data-968-Type1;205142.0000;DATA;1611610327.533060
/ndn/v9-site/v9/C2Data-6534-Type2;569.0000;NACK;1611610328.267072
/ndn/s10-site/s10/C2Data-4840-Type2;495.0000;NACK;1611610328.525144
/ndn/v8-site/v8/C2Data-6413-Type1;582.0000;NACK;1611610329.595039
/ndn/s11-site/s11/C2Data-4961-Type2;456.0000;NACK;1611610332.064029
/ndn/s4-site/s4/C2Data-4114-Type1;453.0000;NACK;1611610332.168083
/ndn/h4-site/h4/C2Data-484-Type2;23582.0000;DATA;1611610332.182077
/ndn/s1-site/s1/C2Data-3751-Type2;148913.0000;DATA;1611610333.138058
/ndn/h6-site/h6/C2Data-726-Type2;150502.0000;DATA;1611610333.556051
/ndn/v4-site/v4/C2Data-5929-Type1;662.0000;NACK;1611610335.048118
/ndn/s1-site/s1/C2Data-1891-Type3;254097.0000;DATA;1611610353.259112
/ndn/s6-site/s6/C2Data-4357-Type2;237744.0000;DATA;1611610355.907097
/ndn/v10-site/v10/C2Data-6656-Type1;376.0000;NACK;1611610356.439083
/ndn/h6-site/h6/C2Data-727-Type1;30176.0000;DATA;1611610356.979029
/ndn/h14-site/h14/C2Data-854-Type3;507.0000;NACK;1611610357.021048
/ndn/d2-site/d2/C2Data-2058-Type2;69436.0000;DATA;1611610357.684089
/ndn/d2-site/d2/C2Data-2058-Type1;73868.0000;DATA;1611610358.404122
/ndn/v0-site/v0/C2Data-5446-Type1;404.0000;NACK;1611610358.581132
/ndn/v12-site/v12/C2Data-6898-Type2;650.0000;NACK;1611610358.809045
/ndn/d11-site/d11/C2Data-3147-Type2;612.0000;DATA;1611610358.988064
/ndn/d4-site/d4/C2Data-2300-Type2;25346.0000;DATA;1611610359.415029
/ndn/v1-site/v1/C2Data-5567-Type2;472.0000;NACK;1611610360.760089
/ndn/s14-site/s14/C2Data-5325-Type2;46335.0000;DATA;1611610361.207122
/ndn/s11-site/s11/C2Data-4962-Type1;796.0000;NACK;1611610361.658146
/ndn/h12-site/h12/C2Data-732-Type3;92699.0000;DATA;1611610361.799112
/ndn/d1-site/d1/C2Data-1937-Type2;633.0000;DATA;1611610363.427077
/ndn/h2-site/h2/C2Data-122-Type3;93725.0000;DATA;1611610363.456182
/ndn/h3-site/h3/C2Data-364-Type2;936.0000;DATA;1611610364.786054
/ndn/v13-site/v13/C2Data-3538-Type3;46313.0000;DATA;1611610364.757068
/ndn/d11-site/d11/C2Data-3147-Type1;45989.0000;DATA;1611610365.267072
/ndn/h8-site/h8/C2Data-969-Type1;165215.0000;DATA;1611610365.448070
/ndn/d7-site/d7/C2Data-2663-Type1;133875.0000;DATA;1611610366.894108
/ndn/h9-site/h9/C2Data-549-Type3;23366.0000;DATA;1611610370.881057
/ndn/v7-site/v7/C2Data-6294-Type1;466.0000;NACK;1611610385.720042
/ndn/s6-site/s6/C2Data-4358-Type1;191775.0000;DATA;1611610385.698117
/ndn/h4-site/h4/C2Data-486-Type2;167684.0000;DATA;1611610386.269048
/ndn/s2-site/s2/C2Data-3874-Type1;47194.0000;DATA;1611610386.401023
/ndn/d8-site/d8/C2Data-2785-Type1;98275.0000;DATA;1611610387.424116
/ndn/h1-site/h1/C2Data-123-Type1;47383.0000;DATA;1611610387.961038
/ndn/h13-site/h13/C2Data-1575-Type2;72714.0000;DATA;1611610389.400061
/ndn/s2-site/s2/C2Data-3874-Type2;25901.0000;DATA;1611610389.544044
/ndn/h14-site/h14/C2Data-1696-Type2;579.0000;DATA;1611610389.766029
/ndn/d0-site/d0/C2Data-1817-Type2;48862.0000;DATA;1611610391.059105
/ndn/d7-site/d7/C2Data-2664-Type1;119668.0000;DATA;1611610391.328039
/ndn/h11-site/h11/C2Data-1333-Type2;23940.0000;DATA;1611610391.450027
/ndn/v3-site/v3/C2Data-5810-Type1;96167.0000;DATA;1611610393.407055
/ndn/d12-site/d12/C2Data-3269-Type1;121461.0000;DATA;1611610393.753090
/ndn/d9-site/d9/C2Data-2906-Type1;23960.0000;DATA;1611610394.087105
/ndn/v11-site/v11/C2Data-6778-Type2;24123.0000;DATA;1611610394.139063
/ndn/s12-site/s12/C2Data-5084-Type2;535.0000;NACK;1611610396.945089
/ndn/v14-site/v14/C2Data-3600-Type3;51926.0000;DATA;1611610411.672110
/ndn/h0-site/h0/C2Data-1-Type3;23533.0000;DATA;1611610415.055127
/ndn/d8-site/d8/C2Data-1404-Type3;124408.0000;DATA;1611610415.290029
/ndn/h9-site/h9/C2Data-1092-Type2;144539.0000;DATA;1611610415.950039
/ndn/s0-site/s0/C2Data-3633-Type2;192812.0000;DATA;1611610416.057020
/ndn/s4-site/s4/C2Data-2075-Type3;518.0000;DATA;1611610417.932050
/ndn/h5-site/h5/C2Data-608-Type2;129029.0000;DATA;1611610417.829298
/ndn/s8-site/s8/C2Data-4601-Type1;23893.0000;DATA;1611610417.951166
/ndn/h5-site/h5/C2Data-306-Type3;26509.0000;DATA;1611610418.521075
/ndn/s6-site/s6/C2Data-4359-Type2;151457.0000;DATA;1611610419.499064
/ndn/d6-site/d6/C2Data-2544-Type2;163986.0000;DATA;1611610420.575678
/ndn/d0-site/d0/C2Data-1818-Type2;24300.0000;DATA;1611610421.803079
/ndn/v11-site/v11/C2Data-6779-Type2;23712.0000;DATA;1611610421.804029
/ndn/v5-site/v5/C2Data-6053-Type2;46396.0000;DATA;1611610422.004580
/ndn/v14-site/v14/C2Data-7142-Type2;69786.0000;DATA;1611610422.278138
/ndn/v1-site/v1/C2Data-2807-Type3;71930.0000;DATA;1611610422.634087
/ndn/h12-site/h12/C2Data-733-Type3;645.0000;DATA;1611610422.726150
/ndn/d10-site/d10/C2Data-3028-Type1;119201.0000;DATA;1611610422.905066
/ndn/h2-site/h2/C2Data-123-Type3;27528.0000;DATA;1611610423.744031
/ndn/h14-site/h14/C2Data-1697-Type2;48481.0000;DATA;1611610424.144086
/ndn/v8-site/v8/C2Data-950-Type4;48500.0000;DATA;1611610424.526120
/ndn/v1-site/v1/C2Data-5569-Type1;201264.0000;DATA;1611610424.600569
/ndn/s5-site/s5/C2Data-4238-Type2;578.0000;DATA;1611610426.221034
/ndn/d7-site/d7/C2Data-2665-Type1;626.0000;DATA;1611610426.242075
/ndn/v12-site/v12/C2Data-1050-Type4;47970.0000;DATA;1611610426.703126
/ndn/v2-site/v2/C2Data-2868-Type3;23555.0000;DATA;1611610428.445039
/ndn/v11-site/v11/C2Data-3417-Type3;586.0000;DATA;1611610433.382049
/ndn/h1-site/h1/C2Data-25-Type4;99101.0000;DATA;1611610434.752315
/ndn/d9-site/d9/C2Data-600-Type4;55103.0000;DATA;1611610439.757375
/ndn/s13-site/s13/C2Data-5207-Type2;237806.0000;DATA;1611610445.556348
/ndn/h6-site/h6/C2Data-730-Type2;121821.0000;DATA;1611610448.563102
/ndn/d4-site/d4/C2Data-2303-Type2;48931.0000;DATA;1611610448.687062
/ndn/s3-site/s3/C2Data-3997-Type2;25347.0000;DATA;1611610448.823041
/ndn/h3-site/h3/C2Data-367-Type2;167851.0000;DATA;1611610448.954050
/ndn/h8-site/h8/C2Data-972-Type1;47350.0000;DATA;1611610449.386055
/ndn/s0-site/s0/C2Data-3634-Type1;23936.0000;DATA;1611610450.236031
/ndn/v7-site/v7/C2Data-925-Type4;49985.0000;DATA;1611610450.936078
/ndn/d11-site/d11/C2Data-3150-Type2;118282.0000;DATA;1611610454.384027
/ndn/s11-site/s11/C2Data-4965-Type1;125621.0000;DATA;1611610454.646062
/ndn/d2-site/d2/C2Data-2061-Type1;23720.0000;DATA;1611610455.553057
/ndn/d12-site/d12/C2Data-3271-Type1;650.0000;DATA;1611610456.146055
/ndn/h2-site/h2/C2Data-246-Type2;620.0000;DATA;1611610456.805987
/ndn/v14-site/v14/C2Data-1100-Type4;80559.0000;DATA;1611610460.851033
/ndn/d6-site/d6/C2Data-525-Type4;25324.0000;DATA;1611610463.110140
/ndn/h8-site/h8/C2Data-200-Type4;38594.0000;DATA;1611610466.110099
/ndn/s1-site/s1/C2Data-1893-Type3;229522.0000;DATA;1611610470.262031
/ndn/v0-site/v0/C2Data-2747-Type3;139555.0000;DATA;1611610471.360049
/ndn/v4-site/v4/C2Data-2991-Type3;26059.0000;DATA;1611610471.591031
/ndn/s13-site/s13/C2Data-2625-Type3;125488.0000;DATA;1611610471.504046
/ndn/h12-site/h12/C2Data-734-Type3;103216.0000;DATA;1611610472.885927
/ndn/h7-site/h7/C2Data-429-Type3;123622.0000;DATA;1611610473.359080
/ndn/v13-site/v13/C2Data-7023-Type1;47775.0000;DATA;1611610476.270060
/ndn/d12-site/d12/C2Data-675-Type4;615.0000;DATA;1611610476.654071
/ndn/h1-site/h1/C2Data-126-Type1;52533.0000;DATA;1611610476.785070
/ndn/v2-site/v2/C2Data-5692-Type2;166409.0000;DATA;1611610477.003118
/ndn/s14-site/s14/C2Data-5329-Type2;26610.0000;DATA;1611610479.641023
/ndn/h7-site/h7/C2Data-852-Type1;73169.0000;DATA;1611610480.337074
/ndn/s13-site/s13/C2Data-5208-Type1;71134.0000;DATA;1611610480.487070
/ndn/v14-site/v14/C2Data-7144-Type2;98280.0000;DATA;1611610480.521110
/ndn/h4-site/h4/C2Data-100-Type4;24994.0000;DATA;1611610480.827078
/ndn/h14-site/h14/C2Data-1699-Type1;48261.0000;DATA;1611610480.926091
/ndn/s5-site/s5/C2Data-2137-Type3;652.0000;DATA;1611610481.173029
/ndn/s0-site/s0/C2Data-3635-Type1;24550.0000;DATA;1611610481.457078
/ndn/s6-site/s6/C2Data-4361-Type1;190857.0000;DATA;1611610481.611069
/ndn/s1-site/s1/C2Data-3756-Type2;116088.0000;DATA;1611610481.940097
/ndn/s10-site/s10/C2Data-4845-Type2;642.0000;DATA;1611610482.095102
/ndn/v6-site/v6/C2Data-6176-Type1;50673.0000;DATA;1611610482.132124
/ndn/h1-site/h1/C2Data-126-Type2;48014.0000;DATA;1611610483.477179
/ndn/s10-site/s10/C2Data-2442-Type3;701.0000;DATA;1611610484.088069
/ndn/d13-site/d13/C2Data-3393-Type2;23655.0000;DATA;1611610484.412106
/ndn/h1-site/h1/C2Data-63-Type3;48133.0000;DATA;1611610486.520033
/ndn/v6-site/v6/C2Data-6176-Type2;45880.0000;DATA;1611610486.551035
/ndn/s2-site/s2/C2Data-1954-Type3;638.0000;DATA;1611610492.858072
/ndn/v3-site/v3/C2Data-5814-Type2;99194.0000;DATA;1611610506.256142
/ndn/v6-site/v6/C2Data-6177-Type2;23850.0000;DATA;1611610506.628129
/ndn/v7-site/v7/C2Data-6298-Type1;52489.0000;DATA;1611610509.032059
/ndn/v8-site/v8/C2Data-6419-Type1;86277.0000;DATA;1611610510.031103
/ndn/v2-site/v2/C2Data-5693-Type2;121899.0000;DATA;1611610510.854041
/ndn/h8-site/h8/C2Data-974-Type1;171405.0000;DATA;1611610510.830051
/ndn/v5-site/v5/C2Data-6056-Type2;120672.0000;DATA;1611610513.237048
/ndn/h5-site/h5/C2Data-611-Type1;124934.0000;DATA;1611610516.184055
/ndn/d4-site/d4/C2Data-1162-Type3;49724.0000;DATA;1611610530.024034
/ndn/h10-site/h10/C2Data-613-Type3;122232.0000;DATA;1611610532.712104
/ndn/v8-site/v8/C2Data-3236-Type3;49950.0000;DATA;1611610535.019040
/ndn/s10-site/s10/C2Data-2443-Type3;511.0000;DATA;1611610536.061083
/ndn/v10-site/v10/C2Data-6662-Type1;144461.0000;DATA;1611610536.233036
/ndn/d4-site/d4/C2Data-2306-Type1;48188.0000;DATA;1611610536.407057
/ndn/d3-site/d3/C2Data-2185-Type1;188646.0000;DATA;1611610536.734028
/ndn/s10-site/s10/C2Data-4847-Type2;74366.0000;DATA;1611610536.931096
/ndn/h6-site/h6/C2Data-733-Type2;168860.0000;DATA;1611610538.921045
/ndn/v0-site/v0/C2Data-5452-Type2;172148.0000;DATA;1611610540.534093
/ndn/v9-site/v9/C2Data-3297-Type3;117806.0000;DATA;1611610541.130043
