/ndn/h4-site/h4/C2Data-484-Type2;80116.0000;DATA;1612148039.438706
/ndn/v4-site/v4/C2Data-4114-Type1;107991.0000;DATA;1612148042.236659
/ndn/d1-site/d1/C2Data-1331-Type2;187951.0000;DATA;1612148043.255681
/ndn/s7-site/s7/C2Data-3267-Type1;149728.0000;DATA;1612148045.091886
/ndn/h0-site/h0/C2Data-0-Type2;195978.0000;DATA;1612148045.106813
/ndn/d7-site/d7/C2Data-2057-Type1;220537.0000;DATA;1612148046.005555
/ndn/v5-site/v5/C2Data-4235-Type1;97814.0000;DATA;1612148047.671153
/ndn/h7-site/h7/C2Data-847-Type2;48045.0000;DATA;1612148049.510150
/ndn/h8-site/h8/C2Data-488-Type3;65089.0000;DATA;1612148068.907549
/ndn/v9-site/v9/C2Data-2379-Type3;206678.0000;DATA;1612148070.801712
/ndn/v6-site/v6/C2Data-4357-Type2;240834.0000;DATA;1612148071.325004
/ndn/d1-site/d1/C2Data-671-Type3;203891.0000;DATA;1612148072.332742
/ndn/d0-site/d0/C2Data-1211-Type2;35558.0000;DATA;1612148072.988160
/ndn/s0-site/s0/C2Data-2421-Type2;142858.0000;DATA;1612148073.372758
/ndn/s6-site/s6/C2Data-3147-Type2;181152.0000;DATA;1612148074.282162
/ndn/s3-site/s3/C2Data-2784-Type2;47355.0000;DATA;1612148074.737551
/ndn/v3-site/v3/C2Data-3994-Type2;206173.0000;DATA;1612148075.547554
/ndn/h1-site/h1/C2Data-122-Type1;138102.0000;DATA;1612148076.064166
/ndn/h6-site/h6/C2Data-727-Type1;27433.0000;DATA;1612148076.733548
/ndn/s9-site/s9/C2Data-3510-Type2;73273.0000;DATA;1612148078.990561
/ndn/v7-site/v7/C2Data-4478-Type1;147275.0000;DATA;1612148079.044752
/ndn/s4-site/s4/C2Data-1464-Type3;235139.0000;DATA;1612148079.458562
/ndn/d8-site/d8/C2Data-2179-Type1;221421.0000;DATA;1612148079.566554
/ndn/v0-site/v0/C2Data-3631-Type1;102683.0000;DATA;1612148079.759994
/ndn/s7-site/s7/C2Data-3269-Type1;174248.0000;DATA;1612148102.481221
/ndn/s8-site/s8/C2Data-3390-Type1;163892.0000;DATA;1612148108.618581
/ndn/d2-site/d2/C2Data-733-Type3;187523.0000;DATA;1612148123.092163
/ndn/s2-site/s2/C2Data-1343-Type3;303495.0000;DATA;1612148124.477040
/ndn/s0-site/s0/C2Data-2423-Type2;168727.0000;DATA;1612148128.250641
/ndn/s5-site/s5/C2Data-3028-Type2;154398.0000;DATA;1612148128.757486
/ndn/v0-site/v0/C2Data-1831-Type3;100758.0000;DATA;1612148130.726157
/ndn/s2-site/s2/C2Data-2665-Type2;128821.0000;DATA;1612148131.412563
/ndn/h1-site/h1/C2Data-124-Type1;122610.0000;DATA;1612148132.501266
/ndn/d0-site/d0/C2Data-1213-Type2;26707.0000;DATA;1612148133.300736
/ndn/d3-site/d3/C2Data-1576-Type2;79877.0000;DATA;1612148133.351641
