/ndn/s2-site/s2/C2Data-2662-Type2;126281.0000;DATA;1612717026.710158
/ndn/d6-site/d6/C2Data-1936-Type2;217276.0000;DATA;1612717031.479644
/ndn/s5-site/s5/C2Data-3025-Type2;104234.0000;DATA;1612717031.624446
/ndn/s2-site/s2/C2Data-2662-Type1;102863.0000;DATA;1612717031.771679
/ndn/d2-site/d2/C2Data-1452-Type2;142468.0000;DATA;1612717032.364003
/ndn/s3-site/s3/C2Data-2783-Type2;199187.0000;DATA;1612717032.610967
/ndn/h2-site/h2/C2Data-242-Type2;76583.0000;DATA;1612717033.981205
/ndn/h7-site/h7/C2Data-847-Type2;170253.0000;DATA;1612717034.649041
/ndn/s5-site/s5/C2Data-3025-Type1;143539.0000;DATA;1612717035.929219
/ndn/s8-site/s8/C2Data-3388-Type1;62493.0000;DATA;1612717038.103293
/ndn/s8-site/s8/C2Data-1708-Type3;67920.0000;DATA;1612717050.444075
/ndn/s4-site/s4/C2Data-1464-Type3;48016.0000;DATA;1612717053.396452
/ndn/d4-site/d4/C2Data-854-Type3;176154.0000;DATA;1612717054.277024
/ndn/h8-site/h8/C2Data-488-Type3;210809.0000;DATA;1612717056.422111
/ndn/h3-site/h3/C2Data-364-Type2;99116.0000;DATA;1612717057.282054
/ndn/s0-site/s0/C2Data-2421-Type1;71940.0000;DATA;1612717057.620435
/ndn/v8-site/v8/C2Data-4599-Type1;121069.0000;DATA;1612717058.309313
/ndn/h2-site/h2/C2Data-243-Type1;74903.0000;DATA;1612717059.191042
/ndn/h0-site/h0/C2Data-0-Type3;139019.0000;DATA;1612717059.724445
/ndn/h9-site/h9/C2Data-549-Type3;51748.0000;DATA;1612717060.048707
/ndn/h0-site/h0/C2Data-1-Type1;101015.0000;DATA;1612717060.514115
/ndn/v4-site/v4/C2Data-2074-Type3;191820.0000;DATA;1612717061.479380
/ndn/d9-site/d9/C2Data-1159-Type3;123003.0000;DATA;1612717062.590086
/ndn/h5-site/h5/C2Data-305-Type3;149667.0000;DATA;1612717063.290682
/ndn/s8-site/s8/C2Data-3389-Type2;54743.0000;DATA;1612717064.567313
/ndn/v5-site/v5/C2Data-2135-Type3;169519.0000;DATA;1612717066.375466
/ndn/s5-site/s5/C2Data-3026-Type1;105255.0000;DATA;1612717066.941628
/ndn/d6-site/d6/C2Data-976-Type3;215123.0000;DATA;1612717066.923029
/ndn/s1-site/s1/C2Data-2542-Type2;124163.0000;DATA;1612717067.937626
/ndn/d5-site/d5/C2Data-1816-Type1;122366.0000;DATA;1612717068.003750
/ndn/d5-site/d5/C2Data-915-Type3;123386.0000;DATA;1612717068.192692
/ndn/h4-site/h4/C2Data-244-Type3;159573.0000;DATA;1612717070.322775
/ndn/v6-site/v6/C2Data-2196-Type3;104163.0000;DATA;1612717072.517482
/ndn/h4-site/h4/C2Data-486-Type1;211046.0000;DATA;1612717086.866170
/ndn/s6-site/s6/C2Data-3148-Type1;120542.0000;DATA;1612717087.340379
/ndn/d3-site/d3/C2Data-1575-Type2;157259.0000;DATA;1612717089.577698
/ndn/v3-site/v3/C2Data-3995-Type1;154909.0000;DATA;1612717089.600475
/ndn/s1-site/s1/C2Data-2543-Type2;138026.0000;DATA;1612717094.670189
/ndn/s4-site/s4/C2Data-2906-Type1;28073.0000;DATA;1612717095.455242
/ndn/h8-site/h8/C2Data-970-Type2;245272.0000;DATA;1612717095.679891
/ndn/v3-site/v3/C2Data-2014-Type3;159029.0000;DATA;1612717110.643488
/ndn/d8-site/d8/C2Data-1099-Type3;80270.0000;DATA;1612717118.847294
/ndn/d7-site/d7/C2Data-2060-Type1;27056.0000;DATA;1612717118.898053
/ndn/h5-site/h5/C2Data-608-Type1;155004.0000;DATA;1612717118.937147
/ndn/v9-site/v9/C2Data-4722-Type1;113262.0000;DATA;1612717119.517392
/ndn/h5-site/h5/C2Data-608-Type2;147220.0000;DATA;1612717119.845538
/ndn/v0-site/v0/C2Data-3633-Type2;173758.0000;DATA;1612717123.527022
/ndn/s7-site/s7/C2Data-1648-Type3;6000759.0000;TIMEOUT;1612717118.547523
/ndn/v1-site/v1/C2Data-525-Type4;145508.0000;DATA;1612717128.400451
/ndn/h0-site/h0/C2Data-1-Type3;120774.0000;DATA;1612717129.292696
/ndn/h4-site/h4/C2Data-100-Type4;234360.0000;DATA;1612717130.982724
/ndn/v7-site/v7/C2Data-675-Type4;192816.0000;DATA;1612717135.146517
/ndn/h3-site/h3/C2Data-75-Type4;191122.0000;DATA;1612717142.091036
/ndn/v3-site/v3/C2Data-575-Type4;295099.0000;DATA;1612717141.997705
/ndn/s2-site/s2/C2Data-2666-Type2;98415.0000;DATA;1612717148.333847
/ndn/d9-site/d9/C2Data-475-Type4;122078.0000;DATA;1612717149.529849
/ndn/d2-site/d2/C2Data-300-Type4;130165.0000;DATA;1612717152.791935
/ndn/h4-site/h4/C2Data-488-Type2;147962.0000;DATA;1612717154.239653
/ndn/h8-site/h8/C2Data-972-Type1;223992.0000;DATA;1612717154.374838
/ndn/d4-site/d4/C2Data-1698-Type2;194358.0000;DATA;1612717155.330468
/ndn/h0-site/h0/C2Data-4-Type2;117274.0000;DATA;1612717157.648783
/ndn/h7-site/h7/C2Data-175-Type4;175556.0000;DATA;1612717172.691174
/ndn/v0-site/v0/C2Data-1832-Type3;192171.0000;DATA;1612717176.646748
/ndn/v7-site/v7/C2Data-4482-Type1;151605.0000;DATA;1612717178.252069
/ndn/s6-site/s6/C2Data-3151-Type1;6002988.0000;TIMEOUT;1612717176.388001
/ndn/s5-site/s5/C2Data-3030-Type2;6004023.0000;TIMEOUT;1612717176.879418
/ndn/s3-site/s3/C2Data-2788-Type2;6000387.0000;TIMEOUT;1612717178.625946
/ndn/s7-site/s7/C2Data-3272-Type2;6000737.0000;TIMEOUT;1612717181.478146
/ndn/s8-site/s8/C2Data-3393-Type2;6000477.0000;TIMEOUT;1612717184.843269
/ndn/s1-site/s1/C2Data-1283-Type3;6007911.0000;TIMEOUT;1612717190.222474
/ndn/h1-site/h1/C2Data-127-Type1;157901.0000;DATA;1612717207.862454
/ndn/s0-site/s0/C2Data-2426-Type1;6001269.0000;TIMEOUT;1612717207.080537
/ndn/h5-site/h5/C2Data-611-Type2;152293.0000;DATA;1612717214.551893
/ndn/h9-site/h9/C2Data-1095-Type1;48566.0000;DATA;1612717215.718012
/ndn/s5-site/s5/C2Data-3031-Type2;6009521.0000;TIMEOUT;1612717214.656573
/ndn/v7-site/v7/C2Data-2260-Type3;164289.0000;DATA;1612717231.055037
/ndn/d7-site/d7/C2Data-1040-Type3;25711.0000;DATA;1612717234.445512
/ndn/s2-site/s2/C2Data-1345-Type3;6001695.0000;TIMEOUT;1612717230.629783
/ndn/d8-site/d8/C2Data-1101-Type3;90597.0000;DATA;1612717238.691913
/ndn/h5-site/h5/C2Data-612-Type1;158084.0000;DATA;1612717240.463079
/ndn/s0-site/s0/C2Data-1223-Type3;6001243.0000;TIMEOUT;1612717234.705295
/ndn/s3-site/s3/C2Data-1406-Type3;6007913.0000;TIMEOUT;1612717236.030705
/ndn/s7-site/s7/C2Data-3274-Type1;6000882.0000;TIMEOUT;1612717236.656734
/ndn/d3-site/d3/C2Data-1580-Type1;181105.0000;DATA;1612717242.701506
/ndn/h6-site/h6/C2Data-733-Type1;196699.0000;DATA;1612717243.083065
/ndn/s1-site/s1/C2Data-1284-Type3;6000821.0000;TIMEOUT;1612717240.080978
/ndn/v7-site/v7/C2Data-4484-Type1;150788.0000;DATA;1612717245.927700
/ndn/s5-site/s5/C2Data-1528-Type3;6002215.0000;TIMEOUT;1612717241.342467
/ndn/d9-site/d9/C2Data-1162-Type3;183055.0000;DATA;1612717251.100927
/ndn/s6-site/s6/C2Data-3153-Type2;6000756.0000;TIMEOUT;1612717245.341553
/ndn/d1-site/d1/C2Data-674-Type3;30021.0000;DATA;1612717254.061186
/ndn/h8-site/h8/C2Data-976-Type1;225324.0000;DATA;1612717266.643835
/ndn/h4-site/h4/C2Data-492-Type2;162850.0000;DATA;1612717267.844648
/ndn/h8-site/h8/C2Data-976-Type2;191583.0000;DATA;1612717270.514972
/ndn/h0-site/h0/C2Data-8-Type2;98990.0000;DATA;1612717270.610202
/ndn/d0-site/d0/C2Data-1218-Type2;194452.0000;DATA;1612717271.236116
/ndn/s9-site/s9/C2Data-3517-Type1;6000571.0000;TIMEOUT;1612717267.707395
/ndn/d6-site/d6/C2Data-1944-Type1;233894.0000;DATA;1612717273.949456
/ndn/v5-site/v5/C2Data-4243-Type1;208978.0000;DATA;1612717274.646098
/ndn/s3-site/s3/C2Data-2791-Type1;6000423.0000;TIMEOUT;1612717269.477340
/ndn/v3-site/v3/C2Data-4001-Type1;146999.0000;DATA;1612717278.251869
/ndn/d9-site/d9/C2Data-476-Type4;135376.0000;DATA;1612717292.412356
/ndn/d3-site/d3/C2Data-797-Type3;153280.0000;DATA;1612717295.460167
/ndn/s0-site/s0/C2Data-1224-Type3;6000849.0000;TIMEOUT;1612717290.593217
/ndn/d0-site/d0/C2Data-1219-Type2;188460.0000;DATA;1612717298.274915
/ndn/d6-site/d6/C2Data-1945-Type1;241908.0000;DATA;1612717298.620143
/ndn/d3-site/d3/C2Data-1582-Type1;147996.0000;DATA;1612717299.690385
/ndn/d2-site/d2/C2Data-736-Type3;124999.0000;DATA;1612717300.172055
/ndn/v6-site/v6/C2Data-2200-Type3;99483.0000;DATA;1612717304.555018
/ndn/v7-site/v7/C2Data-4486-Type1;148245.0000;DATA;1612717306.075016
/ndn/h0-site/h0/C2Data-9-Type1;99376.0000;DATA;1612717306.350124
/ndn/h2-site/h2/C2Data-251-Type1;73156.0000;DATA;1612717307.338288
/ndn/s6-site/s6/C2Data-3155-Type2;6000496.0000;TIMEOUT;1612717301.686471
/ndn/d9-site/d9/C2Data-1163-Type3;124720.0000;DATA;1612717309.895853
/ndn/s9-site/s9/C2Data-3518-Type1;6001612.0000;TIMEOUT;1612717304.859201
/ndn/v3-site/v3/C2Data-576-Type4;160630.0000;DATA;1612717310.730408
/ndn/s8-site/s8/C2Data-3397-Type1;6013195.0000;TIMEOUT;1612717305.362512
/ndn/h4-site/h4/C2Data-248-Type3;164056.0000;DATA;1612717312.461007
/ndn/v4-site/v4/C2Data-312-Type5;177571.0000;DATA;1612717313.548211
/ndn/s1-site/s1/C2Data-1285-Type3;6000806.0000;TIMEOUT;1612717307.709905
/ndn/v8-site/v8/C2Data-701-Type4;167116.0000;DATA;1612717317.561296
/ndn/h4-site/h4/C2Data-494-Type1;147628.0000;DATA;1612717327.286817
/ndn/d4-site/d4/C2Data-1704-Type2;171523.0000;DATA;1612717328.268542
/ndn/v7-site/v7/C2Data-4487-Type1;154588.0000;DATA;1612717330.459800
/ndn/d2-site/d2/C2Data-301-Type4;122381.0000;DATA;1612717331.971042
/ndn/h5-site/h5/C2Data-615-Type1;145764.0000;DATA;1612717333.749817
/ndn/h6-site/h6/C2Data-78-Type5;223377.0000;DATA;1612717334.031294
/ndn/h0-site/h0/C2Data-10-Type1;114255.0000;DATA;1612717335.975189
/ndn/v3-site/v3/C2Data-4003-Type1;158161.0000;DATA;1612717336.501316
/ndn/h7-site/h7/C2Data-432-Type3;175339.0000;DATA;1612717355.831068
/ndn/v9-site/v9/C2Data-2384-Type3;102122.0000;DATA;1612717355.989183
/ndn/d0-site/d0/C2Data-615-Type3;279794.0000;DATA;1612717356.131041
/ndn/d0-site/d0/C2Data-1221-Type2;209243.0000;DATA;1612717359.292594
/ndn/s5-site/s5/C2Data-1530-Type3;6001875.0000;TIMEOUT;1612717353.756885
/ndn/d1-site/d1/C2Data-1342-Type2;27544.0000;DATA;1612717361.632216
/ndn/d1-site/d1/C2Data-1342-Type1;24476.0000;DATA;1612717361.636713
/ndn/s1-site/s1/C2Data-2552-Type1;6001238.0000;TIMEOUT;1612717357.249036
/ndn/d0-site/d0/C2Data-1221-Type1;286401.0000;DATA;1612717363.195300
/ndn/h2-site/h2/C2Data-253-Type2;86749.0000;DATA;1612717365.059325
/ndn/h9-site/h9/C2Data-1100-Type2;48913.0000;DATA;1612717365.842404
/ndn/h0-site/h0/C2Data-11-Type2;107981.0000;DATA;1612717367.908380
/ndn/s5-site/s5/C2Data-3036-Type2;6000491.0000;TIMEOUT;1612717362.186054
/ndn/d2-site/d2/C2Data-737-Type3;141273.0000;DATA;1612717369.289400
/ndn/v1-site/v1/C2Data-1896-Type3;145827.0000;DATA;1612717369.720560
/ndn/s8-site/s8/C2Data-1713-Type3;6003703.0000;TIMEOUT;1612717366.805831
/ndn/s9-site/s9/C2Data-3520-Type1;6001134.0000;TIMEOUT;1612717366.940771
/ndn/d3-site/d3/C2Data-798-Type3;163170.0000;DATA;1612717374.230266
/ndn/s4-site/s4/C2Data-1469-Type3;6002013.0000;TIMEOUT;1612717374.159409
/ndn/s2-site/s2/C2Data-1347-Type3;6010192.0000;TIMEOUT;1612717374.284784
/ndn/d7-site/d7/C2Data-2069-Type1;25340.0000;DATA;1612717387.152031
/ndn/d8-site/d8/C2Data-2190-Type2;72611.0000;DATA;1612717387.192004
/ndn/v6-site/v6/C2Data-4368-Type1;106684.0000;DATA;1612717387.603277
/ndn/h6-site/h6/C2Data-738-Type1;333210.0000;DATA;1612717390.685023
/ndn/s9-site/s9/C2Data-3521-Type2;6000417.0000;TIMEOUT;1612717386.982598
/ndn/s6-site/s6/C2Data-3158-Type1;6000952.0000;TIMEOUT;1612717387.412214
/ndn/v1-site/v1/C2Data-3763-Type1;152635.0000;DATA;1612717395.894016
/ndn/v7-site/v7/C2Data-4489-Type2;175399.0000;DATA;1612717396.292207
/ndn/h2-site/h2/C2Data-254-Type1;84133.0000;DATA;1612717396.621568
/ndn/s8-site/s8/C2Data-3400-Type2;6003595.0000;TIMEOUT;1612717396.587542
/ndn/s0-site/s0/C2Data-2432-Type2;6004406.0000;TIMEOUT;1612717396.978727
/ndn/h5-site/h5/C2Data-311-Type3;152932.0000;DATA;1612717411.517326
/ndn/d3-site/d3/C2Data-799-Type3;166920.0000;DATA;1612717412.238757
/ndn/v9-site/v9/C2Data-2385-Type3;95574.0000;DATA;1612717413.769373
/ndn/d0-site/d0/C2Data-616-Type3;214470.0000;DATA;1612717415.959140
/ndn/d1-site/d1/C2Data-1344-Type2;27119.0000;DATA;1612717421.646115
/ndn/v1-site/v1/C2Data-1897-Type3;159959.0000;DATA;1612717422.429968
/ndn/h8-site/h8/C2Data-494-Type3;197380.0000;DATA;1612717422.976413
/ndn/h4-site/h4/C2Data-497-Type1;149895.0000;DATA;1612717423.939424
/ndn/d7-site/d7/C2Data-427-Type4;24528.0000;DATA;1612717424.749118
/ndn/s7-site/s7/C2Data-3280-Type2;6001119.0000;TIMEOUT;1612717419.300738
/ndn/d8-site/d8/C2Data-2191-Type2;91313.0000;DATA;1612717425.848644
/ndn/v0-site/v0/C2Data-502-Type4;172469.0000;DATA;1612717426.524474
/ndn/h6-site/h6/C2Data-152-Type4;220358.0000;DATA;1612717427.026461
/ndn/h2-site/h2/C2Data-128-Type3;78459.0000;DATA;1612717428.369022
/ndn/h7-site/h7/C2Data-433-Type3;212219.0000;DATA;1612717431.118753
/ndn/v1-site/v1/C2Data-527-Type4;177774.0000;DATA;1612717431.684467
/ndn/h6-site/h6/C2Data-372-Type3;211218.0000;DATA;1612717432.333543
/ndn/d1-site/d1/C2Data-677-Type3;41848.0000;DATA;1612717433.378466
/ndn/h3-site/h3/C2Data-189-Type3;75605.0000;DATA;1612717434.176969
/ndn/s0-site/s0/C2Data-1226-Type3;6011818.0000;TIMEOUT;1612717430.550491
/ndn/v3-site/v3/C2Data-577-Type4;173287.0000;DATA;1612717441.708220
/ndn/h9-site/h9/C2Data-1103-Type2;52679.0000;DATA;1612717447.815034
/ndn/h7-site/h7/C2Data-861-Type2;205558.0000;DATA;1612717448.791198
/ndn/v4-site/v4/C2Data-602-Type4;177603.0000;DATA;1612717449.698306
/ndn/h1-site/h1/C2Data-135-Type1;171642.0000;DATA;1612717450.156788
/ndn/d5-site/d5/C2Data-377-Type4;127210.0000;DATA;1612717451.596231
/ndn/d8-site/d8/C2Data-2192-Type1;82005.0000;DATA;1612717452.548729
/ndn/d1-site/d1/C2Data-277-Type4;26354.0000;DATA;1612717453.067679
/ndn/h5-site/h5/C2Data-619-Type1;151695.0000;DATA;1612717453.112432
/ndn/h9-site/h9/C2Data-1103-Type1;54965.0000;DATA;1612717455.564185
/ndn/h8-site/h8/C2Data-982-Type1;190925.0000;DATA;1612717456.729477
/ndn/s4-site/s4/C2Data-2918-Type2;6000619.0000;TIMEOUT;1612717452.340121
/ndn/s0-site/s0/C2Data-2434-Type2;6001157.0000;TIMEOUT;1612717457.783076
/ndn/d8-site/d8/C2Data-452-Type4;126413.0000;DATA;1612717469.700517
/ndn/s1-site/s1/C2Data-1288-Type3;6002984.0000;TIMEOUT;1612717471.973007
/ndn/s6-site/s6/C2Data-1593-Type3;6000545.0000;TIMEOUT;1612717473.038377
/ndn/h4-site/h4/C2Data-102-Type4;148591.0000;DATA;1612717480.182203
/ndn/d9-site/d9/C2Data-2314-Type2;123094.0000;DATA;1612717480.224260
/ndn/v4-site/v4/C2Data-4129-Type1;183207.0000;DATA;1612717482.333191
/ndn/d8-site/d8/C2Data-2193-Type2;73549.0000;DATA;1612717482.496850
/ndn/s6-site/s6/C2Data-3161-Type1;6002007.0000;TIMEOUT;1612717476.795939
/ndn/v6-site/v6/C2Data-4371-Type1;101638.0000;DATA;1612717484.477728
/ndn/v4-site/v4/C2Data-4129-Type2;174751.0000;DATA;1612717484.425495
/ndn/d1-site/d1/C2Data-1346-Type1;26264.0000;DATA;1612717485.409578
/ndn/h3-site/h3/C2Data-190-Type3;74220.0000;DATA;1612717486.003166
/ndn/d3-site/d3/C2Data-1588-Type2;159628.0000;DATA;1612717487.664126
/ndn/d0-site/d0/C2Data-617-Type3;222110.0000;DATA;1612717488.944917
/ndn/s1-site/s1/C2Data-2556-Type2;6001373.0000;TIMEOUT;1612717483.521896
/ndn/v6-site/v6/C2Data-2203-Type3;143287.0000;DATA;1612717490.154365
/ndn/v9-site/v9/C2Data-2386-Type3;123804.0000;DATA;1612717490.665734
/ndn/d8-site/d8/C2Data-1105-Type3;75689.0000;DATA;1612717491.472695
/ndn/h6-site/h6/C2Data-373-Type3;262031.0000;DATA;1612717492.265379
/ndn/v3-site/v3/C2Data-2020-Type3;172836.0000;DATA;1612717493.361665
/ndn/v8-site/v8/C2Data-196-Type6;248079.0000;DATA;1612717505.428567
/ndn/d7-site/d7/C2Data-2073-Type1;26138.0000;DATA;1612717510.307232
/ndn/h1-site/h1/C2Data-137-Type1;158315.0000;DATA;1612717511.972029
/ndn/d6-site/d6/C2Data-1952-Type2;231848.0000;DATA;1612717512.372799
/ndn/v9-site/v9/C2Data-4735-Type1;96015.0000;DATA;1612717513.595867
/ndn/v0-site/v0/C2Data-3646-Type2;180498.0000;DATA;1612717513.652007
/ndn/h5-site/h5/C2Data-621-Type2;145150.0000;DATA;1612717515.180092
/ndn/v3-site/v3/C2Data-4009-Type1;169336.0000;DATA;1612717515.567191
/ndn/v6-site/v6/C2Data-4372-Type1;102388.0000;DATA;1612717516.881603
/ndn/s8-site/s8/C2Data-3404-Type1;6002105.0000;TIMEOUT;1612717515.313122
/ndn/h1-site/h1/C2Data-7-Type6;185475.0000;DATA;1612717521.208142
/ndn/s3-site/s3/C2Data-2799-Type2;6003478.0000;TIMEOUT;1612717516.245783
/ndn/s1-site/s1/C2Data-2557-Type1;6000667.0000;TIMEOUT;1612717516.863336
/ndn/s5-site/s5/C2Data-3041-Type1;6001488.0000;TIMEOUT;1612717517.037062
/ndn/d3-site/d3/C2Data-1590-Type2;641464.0000;DATA;1612717538.547434
/ndn/d7-site/d7/C2Data-1045-Type3;24906.0000;DATA;1612717541.223930
/ndn/s2-site/s2/C2Data-1350-Type3;6001233.0000;TIMEOUT;1612717535.263020
/ndn/s0-site/s0/C2Data-1228-Type3;6000736.0000;TIMEOUT;1612717535.466373
/ndn/v3-site/v3/C2Data-4010-Type1;160037.0000;DATA;1612717544.260434
/ndn/s2-site/s2/C2Data-2679-Type2;6000749.0000;TIMEOUT;1612717539.942565
/ndn/s6-site/s6/C2Data-1594-Type3;6001087.0000;TIMEOUT;1612717540.038143
/ndn/d6-site/d6/C2Data-1953-Type1;223753.0000;DATA;1612717546.413319
/ndn/v8-site/v8/C2Data-4615-Type2;128138.0000;DATA;1612717546.840803
/ndn/v6-site/v6/C2Data-4373-Type2;98761.0000;DATA;1612717546.889608
/ndn/d3-site/d3/C2Data-801-Type3;144839.0000;DATA;1612717547.115995
/ndn/s9-site/s9/C2Data-3526-Type1;6001472.0000;TIMEOUT;1612717542.126602
/ndn/h1-site/h1/C2Data-69-Type3;171220.0000;DATA;1612717548.367992
/ndn/s8-site/s8/C2Data-3405-Type1;6000876.0000;TIMEOUT;1612717544.675055
/ndn/s4-site/s4/C2Data-1472-Type3;6002175.0000;TIMEOUT;1612717545.195598
/ndn/v7-site/v7/C2Data-189-Type6;197683.0000;DATA;1612717564.845445
/ndn/h1-site/h1/C2Data-139-Type2;163081.0000;DATA;1612717567.704992
/ndn/h2-site/h2/C2Data-260-Type2;74636.0000;DATA;1612717568.057508
/ndn/d8-site/d8/C2Data-2196-Type1;76878.0000;DATA;1612717568.418085
/ndn/v0-site/v0/C2Data-3648-Type2;179653.0000;DATA;1612717568.264849
/ndn/d8-site/d8/C2Data-2196-Type2;72495.0000;DATA;1612717570.647734
/ndn/v1-site/v1/C2Data-3769-Type2;163099.0000;DATA;1612717571.558636
/ndn/h2-site/h2/C2Data-260-Type1;82880.0000;DATA;1612717573.317925
/ndn/d8-site/d8/C2Data-235-Type5;83221.0000;DATA;1612717574.003602
/ndn/v6-site/v6/C2Data-653-Type4;121755.0000;DATA;1612717574.075979
/ndn/h0-site/h0/C2Data-1-Type5;97139.0000;DATA;1612717583.188065
/ndn/d9-site/d9/C2Data-478-Type4;136755.0000;DATA;1612717586.268771
/ndn/v7-site/v7/C2Data-352-Type5;619553.0000;DATA;1612717587.662049
/ndn/d1-site/d1/C2Data-680-Type3;25591.0000;DATA;1612717594.136777
/ndn/d2-site/d2/C2Data-741-Type3;123647.0000;DATA;1612717594.785628
/ndn/d3-site/d3/C2Data-170-Type5;170103.0000;DATA;1612717595.187795
/ndn/h6-site/h6/C2Data-745-Type2;212629.0000;DATA;1612717596.436505
/ndn/h5-site/h5/C2Data-624-Type1;167616.0000;DATA;1612717596.984088
/ndn/h9-site/h9/C2Data-1108-Type2;53533.0000;DATA;1612717597.125890
/ndn/d9-site/d9/C2Data-2318-Type2;125693.0000;DATA;1612717597.417540
/ndn/s0-site/s0/C2Data-1229-Type3;6002779.0000;TIMEOUT;1612717592.587325
/ndn/d9-site/d9/C2Data-133-Type6;143297.0000;DATA;1612717599.557615
